Namespace(batch_size=64, bias=None, data='../data', device=0, epochs=19, hidden_size=500, load_weights='./paper/lenet5/lenet5_e50_h500.pt', log_interval=100, lr=0.01, model='widelenet5', momentum=0.9, no_cuda=False, r=5, save_model=None, save_results=True, seed=1, sparsity=0.975, use_relu=False, wd=0.0005) 

Pruning a Wide LeNet5 network ...
Train Epoch: 1 [6336/60000 (11%)]	Loss: 2.301938
Train Epoch: 1 [12736/60000 (21%)]	Loss: 2.301590
Train Epoch: 1 [19136/60000 (32%)]	Loss: 2.301120
Train Epoch: 1 [25536/60000 (43%)]	Loss: 2.298983
Train Epoch: 1 [31936/60000 (53%)]	Loss: 2.299002
Train Epoch: 1 [38336/60000 (64%)]	Loss: 2.298904
Train Epoch: 1 [44736/60000 (75%)]	Loss: 2.297332
Train Epoch: 1 [51136/60000 (85%)]	Loss: 2.291933
Train Epoch: 1 [57536/60000 (96%)]	Loss: 2.291145

Test set: Average loss: 2.2948, Accuracy: 2090/10000 (21%)

Train Epoch: 2 [6336/60000 (11%)]	Loss: 2.293585
Train Epoch: 2 [12736/60000 (21%)]	Loss: 2.287187
Train Epoch: 2 [19136/60000 (32%)]	Loss: 2.290860
Train Epoch: 2 [25536/60000 (43%)]	Loss: 2.284438
Train Epoch: 2 [31936/60000 (53%)]	Loss: 2.288468
Train Epoch: 2 [38336/60000 (64%)]	Loss: 2.272791
Train Epoch: 2 [44736/60000 (75%)]	Loss: 2.277238
Train Epoch: 2 [51136/60000 (85%)]	Loss: 2.265789
Train Epoch: 2 [57536/60000 (96%)]	Loss: 2.257704

Test set: Average loss: 2.2694, Accuracy: 1971/10000 (20%)

Train Epoch: 3 [6336/60000 (11%)]	Loss: 2.250192
Train Epoch: 3 [12736/60000 (21%)]	Loss: 2.251830
Train Epoch: 3 [19136/60000 (32%)]	Loss: 2.248186
Train Epoch: 3 [25536/60000 (43%)]	Loss: 2.258109
Train Epoch: 3 [31936/60000 (53%)]	Loss: 2.221904
Train Epoch: 3 [38336/60000 (64%)]	Loss: 2.250171
Train Epoch: 3 [44736/60000 (75%)]	Loss: 2.223704
Train Epoch: 3 [51136/60000 (85%)]	Loss: 2.204278
Train Epoch: 3 [57536/60000 (96%)]	Loss: 2.189085

Test set: Average loss: 2.1898, Accuracy: 2910/10000 (29%)

Train Epoch: 4 [6336/60000 (11%)]	Loss: 2.154802
Train Epoch: 4 [12736/60000 (21%)]	Loss: 2.104924
Train Epoch: 4 [19136/60000 (32%)]	Loss: 2.163254
Train Epoch: 4 [25536/60000 (43%)]	Loss: 2.097213
Train Epoch: 4 [31936/60000 (53%)]	Loss: 2.115171
Train Epoch: 4 [38336/60000 (64%)]	Loss: 2.126412
Train Epoch: 4 [44736/60000 (75%)]	Loss: 2.096410
Train Epoch: 4 [51136/60000 (85%)]	Loss: 2.061706
Train Epoch: 4 [57536/60000 (96%)]	Loss: 1.999733

Test set: Average loss: 2.0394, Accuracy: 3450/10000 (34%)

Train Epoch: 5 [6336/60000 (11%)]	Loss: 2.013530
Train Epoch: 5 [12736/60000 (21%)]	Loss: 2.019256
Train Epoch: 5 [19136/60000 (32%)]	Loss: 2.063557
Train Epoch: 5 [25536/60000 (43%)]	Loss: 1.920824
Train Epoch: 5 [31936/60000 (53%)]	Loss: 1.961283
Train Epoch: 5 [38336/60000 (64%)]	Loss: 2.049082
Train Epoch: 5 [44736/60000 (75%)]	Loss: 2.009768
Train Epoch: 5 [51136/60000 (85%)]	Loss: 1.998909
Train Epoch: 5 [57536/60000 (96%)]	Loss: 2.003129

Test set: Average loss: 1.9004, Accuracy: 3854/10000 (39%)

Train Epoch: 6 [6336/60000 (11%)]	Loss: 1.868068
Train Epoch: 6 [12736/60000 (21%)]	Loss: 1.944523
Train Epoch: 6 [19136/60000 (32%)]	Loss: 1.874874
Train Epoch: 6 [25536/60000 (43%)]	Loss: 1.852881
Train Epoch: 6 [31936/60000 (53%)]	Loss: 1.801100
Train Epoch: 6 [38336/60000 (64%)]	Loss: 1.920054
Train Epoch: 6 [44736/60000 (75%)]	Loss: 1.874381
Train Epoch: 6 [51136/60000 (85%)]	Loss: 1.735491
Train Epoch: 6 [57536/60000 (96%)]	Loss: 1.777138

Test set: Average loss: 1.8076, Accuracy: 4529/10000 (45%)

Train Epoch: 7 [6336/60000 (11%)]	Loss: 1.797457
Train Epoch: 7 [12736/60000 (21%)]	Loss: 1.831742
Train Epoch: 7 [19136/60000 (32%)]	Loss: 1.891639
Train Epoch: 7 [25536/60000 (43%)]	Loss: 1.743656
Train Epoch: 7 [31936/60000 (53%)]	Loss: 1.744254
Train Epoch: 7 [38336/60000 (64%)]	Loss: 1.825699
Train Epoch: 7 [44736/60000 (75%)]	Loss: 1.871899
Train Epoch: 7 [51136/60000 (85%)]	Loss: 1.810882
Train Epoch: 7 [57536/60000 (96%)]	Loss: 1.805423

Test set: Average loss: 1.7583, Accuracy: 4578/10000 (46%)

Train Epoch: 8 [6336/60000 (11%)]	Loss: 1.724857
Train Epoch: 8 [12736/60000 (21%)]	Loss: 1.803685
Train Epoch: 8 [19136/60000 (32%)]	Loss: 1.682198
Train Epoch: 8 [25536/60000 (43%)]	Loss: 1.843114
Train Epoch: 8 [31936/60000 (53%)]	Loss: 1.632738
Train Epoch: 8 [38336/60000 (64%)]	Loss: 1.779531
Train Epoch: 8 [44736/60000 (75%)]	Loss: 1.837432
Train Epoch: 8 [51136/60000 (85%)]	Loss: 1.653504
Train Epoch: 8 [57536/60000 (96%)]	Loss: 1.636375

Test set: Average loss: 1.7228, Accuracy: 4854/10000 (49%)

Train Epoch: 9 [6336/60000 (11%)]	Loss: 1.762627
Train Epoch: 9 [12736/60000 (21%)]	Loss: 1.652489
Train Epoch: 9 [19136/60000 (32%)]	Loss: 1.768196
Train Epoch: 9 [25536/60000 (43%)]	Loss: 1.712040
Train Epoch: 9 [31936/60000 (53%)]	Loss: 1.736648
Train Epoch: 9 [38336/60000 (64%)]	Loss: 1.819428
Train Epoch: 9 [44736/60000 (75%)]	Loss: 1.760412
Train Epoch: 9 [51136/60000 (85%)]	Loss: 1.741445
Train Epoch: 9 [57536/60000 (96%)]	Loss: 1.826161

Test set: Average loss: 1.7001, Accuracy: 4871/10000 (49%)

Train Epoch: 10 [6336/60000 (11%)]	Loss: 1.704657
Train Epoch: 10 [12736/60000 (21%)]	Loss: 1.795890
Train Epoch: 10 [19136/60000 (32%)]	Loss: 1.685601
Train Epoch: 10 [25536/60000 (43%)]	Loss: 1.693006
Train Epoch: 10 [31936/60000 (53%)]	Loss: 1.659547
Train Epoch: 10 [38336/60000 (64%)]	Loss: 1.555341
Train Epoch: 10 [44736/60000 (75%)]	Loss: 1.610007
Train Epoch: 10 [51136/60000 (85%)]	Loss: 1.705952
Train Epoch: 10 [57536/60000 (96%)]	Loss: 1.747975

Test set: Average loss: 1.6820, Accuracy: 5001/10000 (50%)

Train Epoch: 11 [6336/60000 (11%)]	Loss: 1.596501
Train Epoch: 11 [12736/60000 (21%)]	Loss: 1.757961
Train Epoch: 11 [19136/60000 (32%)]	Loss: 1.618308
Train Epoch: 11 [25536/60000 (43%)]	Loss: 1.666621
Train Epoch: 11 [31936/60000 (53%)]	Loss: 1.778194
Train Epoch: 11 [38336/60000 (64%)]	Loss: 1.722845
Train Epoch: 11 [44736/60000 (75%)]	Loss: 1.753029
Train Epoch: 11 [51136/60000 (85%)]	Loss: 1.687878
Train Epoch: 11 [57536/60000 (96%)]	Loss: 1.716497

Test set: Average loss: 1.6712, Accuracy: 5122/10000 (51%)

Train Epoch: 12 [6336/60000 (11%)]	Loss: 1.760869
Train Epoch: 12 [12736/60000 (21%)]	Loss: 1.623076
Train Epoch: 12 [19136/60000 (32%)]	Loss: 1.773051
Train Epoch: 12 [25536/60000 (43%)]	Loss: 1.670578
Train Epoch: 12 [31936/60000 (53%)]	Loss: 1.574227
Train Epoch: 12 [38336/60000 (64%)]	Loss: 1.836242
Train Epoch: 12 [44736/60000 (75%)]	Loss: 1.668666
Train Epoch: 12 [51136/60000 (85%)]	Loss: 1.699532
Train Epoch: 12 [57536/60000 (96%)]	Loss: 1.775139

Test set: Average loss: 1.6637, Accuracy: 5191/10000 (52%)

Train Epoch: 13 [6336/60000 (11%)]	Loss: 1.704713
Train Epoch: 13 [12736/60000 (21%)]	Loss: 1.683297
Train Epoch: 13 [19136/60000 (32%)]	Loss: 1.687898
Train Epoch: 13 [25536/60000 (43%)]	Loss: 1.595520
Train Epoch: 13 [31936/60000 (53%)]	Loss: 1.658620
Train Epoch: 13 [38336/60000 (64%)]	Loss: 1.687990
Train Epoch: 13 [44736/60000 (75%)]	Loss: 1.742519
Train Epoch: 13 [51136/60000 (85%)]	Loss: 1.679097
Train Epoch: 13 [57536/60000 (96%)]	Loss: 1.738448

Test set: Average loss: 1.6541, Accuracy: 5273/10000 (53%)

Train Epoch: 14 [6336/60000 (11%)]	Loss: 1.645765
Train Epoch: 14 [12736/60000 (21%)]	Loss: 1.644846
Train Epoch: 14 [19136/60000 (32%)]	Loss: 1.599633
Train Epoch: 14 [25536/60000 (43%)]	Loss: 1.515240
Train Epoch: 14 [31936/60000 (53%)]	Loss: 1.678314
Train Epoch: 14 [38336/60000 (64%)]	Loss: 1.734364
Train Epoch: 14 [44736/60000 (75%)]	Loss: 1.522000
Train Epoch: 14 [51136/60000 (85%)]	Loss: 1.608807
Train Epoch: 14 [57536/60000 (96%)]	Loss: 1.646519

Test set: Average loss: 1.6483, Accuracy: 5270/10000 (53%)

Train Epoch: 15 [6336/60000 (11%)]	Loss: 1.728791
Train Epoch: 15 [12736/60000 (21%)]	Loss: 1.708503
Train Epoch: 15 [19136/60000 (32%)]	Loss: 1.714857
Train Epoch: 15 [25536/60000 (43%)]	Loss: 1.710944
Train Epoch: 15 [31936/60000 (53%)]	Loss: 1.603427
Train Epoch: 15 [38336/60000 (64%)]	Loss: 1.573968
Train Epoch: 15 [44736/60000 (75%)]	Loss: 1.557656
Train Epoch: 15 [51136/60000 (85%)]	Loss: 1.656832
Train Epoch: 15 [57536/60000 (96%)]	Loss: 1.677507

Test set: Average loss: 1.6436, Accuracy: 5329/10000 (53%)

Train Epoch: 16 [6336/60000 (11%)]	Loss: 1.700099
Train Epoch: 16 [12736/60000 (21%)]	Loss: 1.662919
Train Epoch: 16 [19136/60000 (32%)]	Loss: 1.678465
Train Epoch: 16 [25536/60000 (43%)]	Loss: 1.483924
Train Epoch: 16 [31936/60000 (53%)]	Loss: 1.711452
Train Epoch: 16 [38336/60000 (64%)]	Loss: 1.582654
Train Epoch: 16 [44736/60000 (75%)]	Loss: 1.641565
Train Epoch: 16 [51136/60000 (85%)]	Loss: 1.676140
Train Epoch: 16 [57536/60000 (96%)]	Loss: 1.659355

Test set: Average loss: 1.6421, Accuracy: 5322/10000 (53%)

Train Epoch: 17 [6336/60000 (11%)]	Loss: 1.699287
Train Epoch: 17 [12736/60000 (21%)]	Loss: 1.644976
Train Epoch: 17 [19136/60000 (32%)]	Loss: 1.583181
Train Epoch: 17 [25536/60000 (43%)]	Loss: 1.643244
Train Epoch: 17 [31936/60000 (53%)]	Loss: 1.730229
Train Epoch: 17 [38336/60000 (64%)]	Loss: 1.621316
Train Epoch: 17 [44736/60000 (75%)]	Loss: 1.719421
Train Epoch: 17 [51136/60000 (85%)]	Loss: 1.727423
Train Epoch: 17 [57536/60000 (96%)]	Loss: 1.640999

Test set: Average loss: 1.6403, Accuracy: 5348/10000 (53%)

Train Epoch: 18 [6336/60000 (11%)]	Loss: 1.599235
Train Epoch: 18 [12736/60000 (21%)]	Loss: 1.645974
Train Epoch: 18 [19136/60000 (32%)]	Loss: 1.565623
Train Epoch: 18 [25536/60000 (43%)]	Loss: 1.568759
Train Epoch: 18 [31936/60000 (53%)]	Loss: 1.640635
Train Epoch: 18 [38336/60000 (64%)]	Loss: 1.579561
Train Epoch: 18 [44736/60000 (75%)]	Loss: 1.632381
Train Epoch: 18 [51136/60000 (85%)]	Loss: 1.561495
Train Epoch: 18 [57536/60000 (96%)]	Loss: 1.657893

Test set: Average loss: 1.6395, Accuracy: 5290/10000 (53%)

Train Epoch: 19 [6336/60000 (11%)]	Loss: 1.537013
Train Epoch: 19 [12736/60000 (21%)]	Loss: 1.545375
Train Epoch: 19 [19136/60000 (32%)]	Loss: 1.629103
Train Epoch: 19 [25536/60000 (43%)]	Loss: 1.643538
Train Epoch: 19 [31936/60000 (53%)]	Loss: 1.610243
Train Epoch: 19 [38336/60000 (64%)]	Loss: 1.686875
Train Epoch: 19 [44736/60000 (75%)]	Loss: 1.659536
Train Epoch: 19 [51136/60000 (85%)]	Loss: 1.766818
Train Epoch: 19 [57536/60000 (96%)]	Loss: 1.552704

Test set: Average loss: 1.6407, Accuracy: 5371/10000 (54%)

Namespace(batch_size=64, bias=None, data='../data', device=0, epochs=19, hidden_size=500, load_weights='./paper/lenet5/lenet5_e50_h500.pt', log_interval=100, lr=0.01, model='widelenet5', momentum=0.9, no_cuda=False, r=5, save_model=None, save_results=True, seed=1, sparsity=0.975, use_relu=False, wd=0.0005)


Total time spent pruning/training: 2.02 minutes
Total number of parameters in model: 300414
Number of parameters in pruned model: 9997
