Namespace(batch_size=64, bias=None, data='../data', device=0, epochs=5, hidden_size=500, load_weights='./paper/lenet5/lenet5_e50_h500.pt', log_interval=100, lr=0.01, model='widelenet5', momentum=0.9, no_cuda=False, r=5, save_model=None, save_results=True, seed=1, sparsity=0.25, use_relu=False, wd=0.0005) 

Pruning a Wide LeNet5 network ...
Train Epoch: 1 [6336/60000 (11%)]	Loss: 1.854117
Train Epoch: 1 [12736/60000 (21%)]	Loss: 1.530310
Train Epoch: 1 [19136/60000 (32%)]	Loss: 1.308436
Train Epoch: 1 [25536/60000 (43%)]	Loss: 0.970808
Train Epoch: 1 [31936/60000 (53%)]	Loss: 0.943246
Train Epoch: 1 [38336/60000 (64%)]	Loss: 0.725946
Train Epoch: 1 [44736/60000 (75%)]	Loss: 0.710281
Train Epoch: 1 [51136/60000 (85%)]	Loss: 0.660992
Train Epoch: 1 [57536/60000 (96%)]	Loss: 0.573898

Test set: Average loss: 0.6596, Accuracy: 8594/10000 (86%)

Train Epoch: 2 [6336/60000 (11%)]	Loss: 0.606458
Train Epoch: 2 [12736/60000 (21%)]	Loss: 0.500232
Train Epoch: 2 [19136/60000 (32%)]	Loss: 0.586048
Train Epoch: 2 [25536/60000 (43%)]	Loss: 0.617060
Train Epoch: 2 [31936/60000 (53%)]	Loss: 0.558916
Train Epoch: 2 [38336/60000 (64%)]	Loss: 0.506942
Train Epoch: 2 [44736/60000 (75%)]	Loss: 0.608020
Train Epoch: 2 [51136/60000 (85%)]	Loss: 0.387790
Train Epoch: 2 [57536/60000 (96%)]	Loss: 0.406626

Test set: Average loss: 0.4545, Accuracy: 8989/10000 (90%)

Train Epoch: 3 [6336/60000 (11%)]	Loss: 0.363195
Train Epoch: 3 [12736/60000 (21%)]	Loss: 0.431125
Train Epoch: 3 [19136/60000 (32%)]	Loss: 0.405436
Train Epoch: 3 [25536/60000 (43%)]	Loss: 0.420374
Train Epoch: 3 [31936/60000 (53%)]	Loss: 0.254809
Train Epoch: 3 [38336/60000 (64%)]	Loss: 0.417172
Train Epoch: 3 [44736/60000 (75%)]	Loss: 0.382648
Train Epoch: 3 [51136/60000 (85%)]	Loss: 0.319210
Train Epoch: 3 [57536/60000 (96%)]	Loss: 0.433596

Test set: Average loss: 0.3897, Accuracy: 9124/10000 (91%)

Train Epoch: 4 [6336/60000 (11%)]	Loss: 0.479315
Train Epoch: 4 [12736/60000 (21%)]	Loss: 0.360516
Train Epoch: 4 [19136/60000 (32%)]	Loss: 0.388378
Train Epoch: 4 [25536/60000 (43%)]	Loss: 0.322989
Train Epoch: 4 [31936/60000 (53%)]	Loss: 0.476540
Train Epoch: 4 [38336/60000 (64%)]	Loss: 0.384958
Train Epoch: 4 [44736/60000 (75%)]	Loss: 0.350006
Train Epoch: 4 [51136/60000 (85%)]	Loss: 0.453208
Train Epoch: 4 [57536/60000 (96%)]	Loss: 0.321723

Test set: Average loss: 0.3667, Accuracy: 9136/10000 (91%)

Train Epoch: 5 [6336/60000 (11%)]	Loss: 0.260131
Train Epoch: 5 [12736/60000 (21%)]	Loss: 0.363900
Train Epoch: 5 [19136/60000 (32%)]	Loss: 0.397545
Train Epoch: 5 [25536/60000 (43%)]	Loss: 0.283446
Train Epoch: 5 [31936/60000 (53%)]	Loss: 0.338964
Train Epoch: 5 [38336/60000 (64%)]	Loss: 0.350535
Train Epoch: 5 [44736/60000 (75%)]	Loss: 0.341553
Train Epoch: 5 [51136/60000 (85%)]	Loss: 0.380677
Train Epoch: 5 [57536/60000 (96%)]	Loss: 0.300017

Test set: Average loss: 0.3587, Accuracy: 9150/10000 (92%)

Namespace(batch_size=64, bias=None, data='../data', device=0, epochs=5, hidden_size=500, load_weights='./paper/lenet5/lenet5_e50_h500.pt', log_interval=100, lr=0.01, model='widelenet5', momentum=0.9, no_cuda=False, r=5, save_model=None, save_results=True, seed=1, sparsity=0.25, use_relu=False, wd=0.0005)


Total time spent pruning/training: 0.61 minutes
Total number of parameters in model: 300414
Number of parameters in pruned model: 225948
