Namespace(batch_size=64, bias=None, data='../data', device=0, epochs=12, hidden_size=500, load_weights='./paper/lenet5/lenet5_e50_h500.pt', log_interval=100, lr=0.01, model='widelenet5', momentum=0.9, no_cuda=False, r=5, save_model=None, save_results=True, seed=1, sparsity=0.9, use_relu=False, wd=0.0005) 

Pruning a Wide LeNet5 network ...
Train Epoch: 1 [6336/60000 (11%)]	Loss: 2.291344
Train Epoch: 1 [12736/60000 (21%)]	Loss: 2.285773
Train Epoch: 1 [19136/60000 (32%)]	Loss: 2.274248
Train Epoch: 1 [25536/60000 (43%)]	Loss: 2.244282
Train Epoch: 1 [31936/60000 (53%)]	Loss: 2.238991
Train Epoch: 1 [38336/60000 (64%)]	Loss: 2.207306
Train Epoch: 1 [44736/60000 (75%)]	Loss: 2.171036
Train Epoch: 1 [51136/60000 (85%)]	Loss: 2.150077
Train Epoch: 1 [57536/60000 (96%)]	Loss: 2.069627

Test set: Average loss: 2.0883, Accuracy: 3540/10000 (35%)

Train Epoch: 2 [6336/60000 (11%)]	Loss: 2.033623
Train Epoch: 2 [12736/60000 (21%)]	Loss: 1.942608
Train Epoch: 2 [19136/60000 (32%)]	Loss: 1.915366
Train Epoch: 2 [25536/60000 (43%)]	Loss: 1.838059
Train Epoch: 2 [31936/60000 (53%)]	Loss: 1.858264
Train Epoch: 2 [38336/60000 (64%)]	Loss: 1.660058
Train Epoch: 2 [44736/60000 (75%)]	Loss: 1.722281
Train Epoch: 2 [51136/60000 (85%)]	Loss: 1.462300
Train Epoch: 2 [57536/60000 (96%)]	Loss: 1.392461

Test set: Average loss: 1.5388, Accuracy: 6259/10000 (63%)

Train Epoch: 3 [6336/60000 (11%)]	Loss: 1.485025
Train Epoch: 3 [12736/60000 (21%)]	Loss: 1.449629
Train Epoch: 3 [19136/60000 (32%)]	Loss: 1.437182
Train Epoch: 3 [25536/60000 (43%)]	Loss: 1.406961
Train Epoch: 3 [31936/60000 (53%)]	Loss: 1.217423
Train Epoch: 3 [38336/60000 (64%)]	Loss: 1.366565
Train Epoch: 3 [44736/60000 (75%)]	Loss: 1.264133
Train Epoch: 3 [51136/60000 (85%)]	Loss: 1.139921
Train Epoch: 3 [57536/60000 (96%)]	Loss: 1.213520

Test set: Average loss: 1.1793, Accuracy: 7325/10000 (73%)

Train Epoch: 4 [6336/60000 (11%)]	Loss: 1.184779
Train Epoch: 4 [12736/60000 (21%)]	Loss: 1.114129
Train Epoch: 4 [19136/60000 (32%)]	Loss: 1.158088
Train Epoch: 4 [25536/60000 (43%)]	Loss: 1.031215
Train Epoch: 4 [31936/60000 (53%)]	Loss: 1.135303
Train Epoch: 4 [38336/60000 (64%)]	Loss: 1.083011
Train Epoch: 4 [44736/60000 (75%)]	Loss: 1.003333
Train Epoch: 4 [51136/60000 (85%)]	Loss: 1.080208
Train Epoch: 4 [57536/60000 (96%)]	Loss: 1.007826

Test set: Average loss: 0.9853, Accuracy: 7801/10000 (78%)

Train Epoch: 5 [6336/60000 (11%)]	Loss: 0.879773
Train Epoch: 5 [12736/60000 (21%)]	Loss: 0.998766
Train Epoch: 5 [19136/60000 (32%)]	Loss: 1.025461
Train Epoch: 5 [25536/60000 (43%)]	Loss: 0.838270
Train Epoch: 5 [31936/60000 (53%)]	Loss: 0.892643
Train Epoch: 5 [38336/60000 (64%)]	Loss: 0.999955
Train Epoch: 5 [44736/60000 (75%)]	Loss: 0.940898
Train Epoch: 5 [51136/60000 (85%)]	Loss: 0.988057
Train Epoch: 5 [57536/60000 (96%)]	Loss: 0.848345

Test set: Average loss: 0.8733, Accuracy: 7983/10000 (80%)

Train Epoch: 6 [6336/60000 (11%)]	Loss: 0.821647
Train Epoch: 6 [12736/60000 (21%)]	Loss: 0.983404
Train Epoch: 6 [19136/60000 (32%)]	Loss: 0.884556
Train Epoch: 6 [25536/60000 (43%)]	Loss: 0.819526
Train Epoch: 6 [31936/60000 (53%)]	Loss: 0.715084
Train Epoch: 6 [38336/60000 (64%)]	Loss: 1.006722
Train Epoch: 6 [44736/60000 (75%)]	Loss: 0.778497
Train Epoch: 6 [51136/60000 (85%)]	Loss: 0.747295
Train Epoch: 6 [57536/60000 (96%)]	Loss: 0.806828

Test set: Average loss: 0.8024, Accuracy: 8151/10000 (82%)

Train Epoch: 7 [6336/60000 (11%)]	Loss: 0.778074
Train Epoch: 7 [12736/60000 (21%)]	Loss: 0.888799
Train Epoch: 7 [19136/60000 (32%)]	Loss: 0.859163
Train Epoch: 7 [25536/60000 (43%)]	Loss: 0.892995
Train Epoch: 7 [31936/60000 (53%)]	Loss: 0.756094
Train Epoch: 7 [38336/60000 (64%)]	Loss: 0.801741
Train Epoch: 7 [44736/60000 (75%)]	Loss: 0.848385
Train Epoch: 7 [51136/60000 (85%)]	Loss: 0.754255
Train Epoch: 7 [57536/60000 (96%)]	Loss: 0.799096

Test set: Average loss: 0.7543, Accuracy: 8321/10000 (83%)

Train Epoch: 8 [6336/60000 (11%)]	Loss: 0.726636
Train Epoch: 8 [12736/60000 (21%)]	Loss: 0.873943
Train Epoch: 8 [19136/60000 (32%)]	Loss: 0.679533
Train Epoch: 8 [25536/60000 (43%)]	Loss: 0.818920
Train Epoch: 8 [31936/60000 (53%)]	Loss: 0.672976
Train Epoch: 8 [38336/60000 (64%)]	Loss: 0.691872
Train Epoch: 8 [44736/60000 (75%)]	Loss: 0.933257
Train Epoch: 8 [51136/60000 (85%)]	Loss: 0.684207
Train Epoch: 8 [57536/60000 (96%)]	Loss: 0.700949

Test set: Average loss: 0.7268, Accuracy: 8378/10000 (84%)

Train Epoch: 9 [6336/60000 (11%)]	Loss: 0.826366
Train Epoch: 9 [12736/60000 (21%)]	Loss: 0.749337
Train Epoch: 9 [19136/60000 (32%)]	Loss: 0.786604
Train Epoch: 9 [25536/60000 (43%)]	Loss: 0.790031
Train Epoch: 9 [31936/60000 (53%)]	Loss: 0.693601
Train Epoch: 9 [38336/60000 (64%)]	Loss: 0.879665
Train Epoch: 9 [44736/60000 (75%)]	Loss: 0.679445
Train Epoch: 9 [51136/60000 (85%)]	Loss: 0.766276
Train Epoch: 9 [57536/60000 (96%)]	Loss: 0.896890

Test set: Average loss: 0.7094, Accuracy: 8426/10000 (84%)

Train Epoch: 10 [6336/60000 (11%)]	Loss: 0.772431
Train Epoch: 10 [12736/60000 (21%)]	Loss: 0.785801
Train Epoch: 10 [19136/60000 (32%)]	Loss: 0.734615
Train Epoch: 10 [25536/60000 (43%)]	Loss: 0.714030
Train Epoch: 10 [31936/60000 (53%)]	Loss: 0.777721
Train Epoch: 10 [38336/60000 (64%)]	Loss: 0.600497
Train Epoch: 10 [44736/60000 (75%)]	Loss: 0.549439
Train Epoch: 10 [51136/60000 (85%)]	Loss: 0.770683
Train Epoch: 10 [57536/60000 (96%)]	Loss: 0.731602

Test set: Average loss: 0.6998, Accuracy: 8463/10000 (85%)

Train Epoch: 11 [6336/60000 (11%)]	Loss: 0.669558
Train Epoch: 11 [12736/60000 (21%)]	Loss: 0.746651
Train Epoch: 11 [19136/60000 (32%)]	Loss: 0.729805
Train Epoch: 11 [25536/60000 (43%)]	Loss: 0.754636
Train Epoch: 11 [31936/60000 (53%)]	Loss: 0.773325
Train Epoch: 11 [38336/60000 (64%)]	Loss: 0.737782
Train Epoch: 11 [44736/60000 (75%)]	Loss: 0.809381
Train Epoch: 11 [51136/60000 (85%)]	Loss: 0.719702
Train Epoch: 11 [57536/60000 (96%)]	Loss: 0.717200

Test set: Average loss: 0.6983, Accuracy: 8401/10000 (84%)

Train Epoch: 12 [6336/60000 (11%)]	Loss: 0.786121
Train Epoch: 12 [12736/60000 (21%)]	Loss: 0.648240
Train Epoch: 12 [19136/60000 (32%)]	Loss: 0.700710
Train Epoch: 12 [25536/60000 (43%)]	Loss: 0.691250
Train Epoch: 12 [31936/60000 (53%)]	Loss: 0.641737
Train Epoch: 12 [38336/60000 (64%)]	Loss: 0.792504
Train Epoch: 12 [44736/60000 (75%)]	Loss: 0.680738
Train Epoch: 12 [51136/60000 (85%)]	Loss: 0.727585
Train Epoch: 12 [57536/60000 (96%)]	Loss: 0.801712

Test set: Average loss: 0.6954, Accuracy: 8423/10000 (84%)

Namespace(batch_size=64, bias=None, data='../data', device=0, epochs=12, hidden_size=500, load_weights='./paper/lenet5/lenet5_e50_h500.pt', log_interval=100, lr=0.01, model='widelenet5', momentum=0.9, no_cuda=False, r=5, save_model=None, save_results=True, seed=1, sparsity=0.9, use_relu=False, wd=0.0005)


Total time spent pruning/training: 1.29 minutes
Total number of parameters in model: 300414
Number of parameters in pruned model: 32337
