Namespace(batch_size=64, bias=None, data='../data', device=0, epochs=4, hidden_size=500, load_weights='./paper/lenet5/lenet5_e50_h500.pt', log_interval=100, lr=0.01, model='widelenet5', momentum=0.9, no_cuda=False, r=5, save_model=None, save_results=True, seed=1, sparsity=0.98, use_relu=False, wd=0.0005) 

Pruning a Wide LeNet5 network ...
Train Epoch: 1 [6336/60000 (11%)]	Loss: 2.302230
Train Epoch: 1 [12736/60000 (21%)]	Loss: 2.302355
Train Epoch: 1 [19136/60000 (32%)]	Loss: 2.301976
Train Epoch: 1 [25536/60000 (43%)]	Loss: 2.300707
Train Epoch: 1 [31936/60000 (53%)]	Loss: 2.300787
Train Epoch: 1 [38336/60000 (64%)]	Loss: 2.301117
Train Epoch: 1 [44736/60000 (75%)]	Loss: 2.299415
Train Epoch: 1 [51136/60000 (85%)]	Loss: 2.297118
Train Epoch: 1 [57536/60000 (96%)]	Loss: 2.296203

Test set: Average loss: 2.2982, Accuracy: 1971/10000 (20%)

Train Epoch: 2 [6336/60000 (11%)]	Loss: 2.297543
Train Epoch: 2 [12736/60000 (21%)]	Loss: 2.294001
Train Epoch: 2 [19136/60000 (32%)]	Loss: 2.296473
Train Epoch: 2 [25536/60000 (43%)]	Loss: 2.293746
Train Epoch: 2 [31936/60000 (53%)]	Loss: 2.295929
Train Epoch: 2 [38336/60000 (64%)]	Loss: 2.285966
Train Epoch: 2 [44736/60000 (75%)]	Loss: 2.290329
Train Epoch: 2 [51136/60000 (85%)]	Loss: 2.283347
Train Epoch: 2 [57536/60000 (96%)]	Loss: 2.279203

Test set: Average loss: 2.2872, Accuracy: 2017/10000 (20%)

Train Epoch: 3 [6336/60000 (11%)]	Loss: 2.279761
Train Epoch: 3 [12736/60000 (21%)]	Loss: 2.279260
Train Epoch: 3 [19136/60000 (32%)]	Loss: 2.282878
Train Epoch: 3 [25536/60000 (43%)]	Loss: 2.285883
Train Epoch: 3 [31936/60000 (53%)]	Loss: 2.274146
Train Epoch: 3 [38336/60000 (64%)]	Loss: 2.285921
Train Epoch: 3 [44736/60000 (75%)]	Loss: 2.280465
Train Epoch: 3 [51136/60000 (85%)]	Loss: 2.277823
Train Epoch: 3 [57536/60000 (96%)]	Loss: 2.272032

Test set: Average loss: 2.2713, Accuracy: 2145/10000 (21%)

Train Epoch: 4 [6336/60000 (11%)]	Loss: 2.262661
Train Epoch: 4 [12736/60000 (21%)]	Loss: 2.255343
Train Epoch: 4 [19136/60000 (32%)]	Loss: 2.276099
Train Epoch: 4 [25536/60000 (43%)]	Loss: 2.261907
Train Epoch: 4 [31936/60000 (53%)]	Loss: 2.270999
Train Epoch: 4 [38336/60000 (64%)]	Loss: 2.270956
Train Epoch: 4 [44736/60000 (75%)]	Loss: 2.272994
Train Epoch: 4 [51136/60000 (85%)]	Loss: 2.261414
Train Epoch: 4 [57536/60000 (96%)]	Loss: 2.251028

Test set: Average loss: 2.2648, Accuracy: 2179/10000 (22%)

Namespace(batch_size=64, bias=None, data='../data', device=0, epochs=4, hidden_size=500, load_weights='./paper/lenet5/lenet5_e50_h500.pt', log_interval=100, lr=0.01, model='widelenet5', momentum=0.9, no_cuda=False, r=5, save_model=None, save_results=True, seed=1, sparsity=0.98, use_relu=False, wd=0.0005)


Total time spent pruning/training: 0.48 minutes
Total number of parameters in model: 300414
Number of parameters in pruned model: 8508
