Namespace(batch_size=64, bias=None, data='../data', device=0, epochs=9, hidden_size=500, load_weights='./paper/lenet5/lenet5_e50_h500.pt', log_interval=100, lr=0.01, model='widelenet5', momentum=0.9, no_cuda=False, r=5, save_model=None, save_results=True, seed=1, sparsity=0.02, use_relu=False, wd=0.0005) 

Pruning a Wide LeNet5 network ...
Train Epoch: 1 [6336/60000 (11%)]	Loss: 1.929791
Train Epoch: 1 [12736/60000 (21%)]	Loss: 1.686202
Train Epoch: 1 [19136/60000 (32%)]	Loss: 1.429822
Train Epoch: 1 [25536/60000 (43%)]	Loss: 1.234510
Train Epoch: 1 [31936/60000 (53%)]	Loss: 1.212617
Train Epoch: 1 [38336/60000 (64%)]	Loss: 1.099264
Train Epoch: 1 [44736/60000 (75%)]	Loss: 1.142983
Train Epoch: 1 [51136/60000 (85%)]	Loss: 1.243952
Train Epoch: 1 [57536/60000 (96%)]	Loss: 1.275224

Test set: Average loss: 1.3239, Accuracy: 6756/10000 (68%)

Train Epoch: 2 [6336/60000 (11%)]	Loss: 1.454820
Train Epoch: 2 [12736/60000 (21%)]	Loss: 1.361074
Train Epoch: 2 [19136/60000 (32%)]	Loss: 1.405373
Train Epoch: 2 [25536/60000 (43%)]	Loss: 1.522485
Train Epoch: 2 [31936/60000 (53%)]	Loss: 1.556489
Train Epoch: 2 [38336/60000 (64%)]	Loss: 1.437158
Train Epoch: 2 [44736/60000 (75%)]	Loss: 1.601515
Train Epoch: 2 [51136/60000 (85%)]	Loss: 1.450635
Train Epoch: 2 [57536/60000 (96%)]	Loss: 1.416975

Test set: Average loss: 1.6180, Accuracy: 5812/10000 (58%)

Train Epoch: 3 [6336/60000 (11%)]	Loss: 1.697742
Train Epoch: 3 [12736/60000 (21%)]	Loss: 1.714129
Train Epoch: 3 [19136/60000 (32%)]	Loss: 1.623529
Train Epoch: 3 [25536/60000 (43%)]	Loss: 1.721508
Train Epoch: 3 [31936/60000 (53%)]	Loss: 1.551243
Train Epoch: 3 [38336/60000 (64%)]	Loss: 1.727023
Train Epoch: 3 [44736/60000 (75%)]	Loss: 1.722967
Train Epoch: 3 [51136/60000 (85%)]	Loss: 1.701849
Train Epoch: 3 [57536/60000 (96%)]	Loss: 1.797938

Test set: Average loss: 1.7329, Accuracy: 5689/10000 (57%)

Train Epoch: 4 [6336/60000 (11%)]	Loss: 1.687492
Train Epoch: 4 [12736/60000 (21%)]	Loss: 1.795003
Train Epoch: 4 [19136/60000 (32%)]	Loss: 1.808114
Train Epoch: 4 [25536/60000 (43%)]	Loss: 1.700783
Train Epoch: 4 [31936/60000 (53%)]	Loss: 1.879340
Train Epoch: 4 [38336/60000 (64%)]	Loss: 1.754232
Train Epoch: 4 [44736/60000 (75%)]	Loss: 1.807733
Train Epoch: 4 [51136/60000 (85%)]	Loss: 1.938878
Train Epoch: 4 [57536/60000 (96%)]	Loss: 1.826438

Test set: Average loss: 1.8212, Accuracy: 4834/10000 (48%)

Train Epoch: 5 [6336/60000 (11%)]	Loss: 1.774024
Train Epoch: 5 [12736/60000 (21%)]	Loss: 1.756907
Train Epoch: 5 [19136/60000 (32%)]	Loss: 1.790591
Train Epoch: 5 [25536/60000 (43%)]	Loss: 1.781662
Train Epoch: 5 [31936/60000 (53%)]	Loss: 1.753477
Train Epoch: 5 [38336/60000 (64%)]	Loss: 1.926348
Train Epoch: 5 [44736/60000 (75%)]	Loss: 1.918470
Train Epoch: 5 [51136/60000 (85%)]	Loss: 2.021843
Train Epoch: 5 [57536/60000 (96%)]	Loss: 1.887020

Test set: Average loss: 1.8865, Accuracy: 5073/10000 (51%)

Train Epoch: 6 [6336/60000 (11%)]	Loss: 1.862185
Train Epoch: 6 [12736/60000 (21%)]	Loss: 1.875574
Train Epoch: 6 [19136/60000 (32%)]	Loss: 1.967956
Train Epoch: 6 [25536/60000 (43%)]	Loss: 1.898036
Train Epoch: 6 [31936/60000 (53%)]	Loss: 1.828656
Train Epoch: 6 [38336/60000 (64%)]	Loss: 1.927514
Train Epoch: 6 [44736/60000 (75%)]	Loss: 1.841111
Train Epoch: 6 [51136/60000 (85%)]	Loss: 1.808996
Train Epoch: 6 [57536/60000 (96%)]	Loss: 1.755439

Test set: Average loss: 1.9631, Accuracy: 3052/10000 (31%)

Train Epoch: 7 [6336/60000 (11%)]	Loss: 1.931493
Train Epoch: 7 [12736/60000 (21%)]	Loss: 1.941464
Train Epoch: 7 [19136/60000 (32%)]	Loss: 1.961230
Train Epoch: 7 [25536/60000 (43%)]	Loss: 1.914264
Train Epoch: 7 [31936/60000 (53%)]	Loss: 1.938296
Train Epoch: 7 [38336/60000 (64%)]	Loss: 1.875065
Train Epoch: 7 [44736/60000 (75%)]	Loss: 1.988971
Train Epoch: 7 [51136/60000 (85%)]	Loss: 1.942509
Train Epoch: 7 [57536/60000 (96%)]	Loss: 1.889236

Test set: Average loss: 1.9056, Accuracy: 4813/10000 (48%)

Train Epoch: 8 [6336/60000 (11%)]	Loss: 1.800102
Train Epoch: 8 [12736/60000 (21%)]	Loss: 1.909949
Train Epoch: 8 [19136/60000 (32%)]	Loss: 1.849320
Train Epoch: 8 [25536/60000 (43%)]	Loss: 1.946493
Train Epoch: 8 [31936/60000 (53%)]	Loss: 1.884953
Train Epoch: 8 [38336/60000 (64%)]	Loss: 1.903247
Train Epoch: 8 [44736/60000 (75%)]	Loss: 1.998847
Train Epoch: 8 [51136/60000 (85%)]	Loss: 1.863056
Train Epoch: 8 [57536/60000 (96%)]	Loss: 1.867815

Test set: Average loss: 1.9114, Accuracy: 4650/10000 (46%)

Train Epoch: 9 [6336/60000 (11%)]	Loss: 1.955333
Train Epoch: 9 [12736/60000 (21%)]	Loss: 1.967214
Train Epoch: 9 [19136/60000 (32%)]	Loss: 1.867111
Train Epoch: 9 [25536/60000 (43%)]	Loss: 1.991152
Train Epoch: 9 [31936/60000 (53%)]	Loss: 1.958195
Train Epoch: 9 [38336/60000 (64%)]	Loss: 1.931792
Train Epoch: 9 [44736/60000 (75%)]	Loss: 1.942130
Train Epoch: 9 [51136/60000 (85%)]	Loss: 1.968332
Train Epoch: 9 [57536/60000 (96%)]	Loss: 2.011954

Test set: Average loss: 1.9151, Accuracy: 4577/10000 (46%)

Namespace(batch_size=64, bias=None, data='../data', device=0, epochs=9, hidden_size=500, load_weights='./paper/lenet5/lenet5_e50_h500.pt', log_interval=100, lr=0.01, model='widelenet5', momentum=0.9, no_cuda=False, r=5, save_model=None, save_results=True, seed=1, sparsity=0.02, use_relu=False, wd=0.0005)


Total time spent pruning/training: 0.96 minutes
Total number of parameters in model: 300414
Number of parameters in pruned model: 294457
