Namespace(batch_size=64, bias=None, data='../data', device=0, epochs=5, hidden_size=500, load_weights='./paper/lenet5/lenet5_e50_h500.pt', log_interval=100, lr=0.01, model='widelenet5', momentum=0.9, no_cuda=False, r=5, save_model=None, save_results=True, seed=1, sparsity=0.0, use_relu=False, wd=0.0005) 

Pruning a Wide LeNet5 network ...
Train Epoch: 1 [6336/60000 (11%)]	Loss: 2.651493
Train Epoch: 1 [12736/60000 (21%)]	Loss: 2.709628
Train Epoch: 1 [19136/60000 (32%)]	Loss: 2.770612
Train Epoch: 1 [25536/60000 (43%)]	Loss: 2.503069
Train Epoch: 1 [31936/60000 (53%)]	Loss: 2.549173
Train Epoch: 1 [38336/60000 (64%)]	Loss: 2.660678
Train Epoch: 1 [44736/60000 (75%)]	Loss: 2.518670
Train Epoch: 1 [51136/60000 (85%)]	Loss: 2.521644
Train Epoch: 1 [57536/60000 (96%)]	Loss: 2.475340

Test set: Average loss: 2.5660, Accuracy: 522/10000 (5%)

Train Epoch: 2 [6336/60000 (11%)]	Loss: 2.578017
Train Epoch: 2 [12736/60000 (21%)]	Loss: 2.603344
Train Epoch: 2 [19136/60000 (32%)]	Loss: 2.509268
Train Epoch: 2 [25536/60000 (43%)]	Loss: 2.553319
Train Epoch: 2 [31936/60000 (53%)]	Loss: 2.550737
Train Epoch: 2 [38336/60000 (64%)]	Loss: 2.481890
Train Epoch: 2 [44736/60000 (75%)]	Loss: 2.492646
Train Epoch: 2 [51136/60000 (85%)]	Loss: 2.600170
Train Epoch: 2 [57536/60000 (96%)]	Loss: 2.563170

Test set: Average loss: 2.5676, Accuracy: 522/10000 (5%)

Train Epoch: 3 [6336/60000 (11%)]	Loss: 2.516293
Train Epoch: 3 [12736/60000 (21%)]	Loss: 2.656331
Train Epoch: 3 [19136/60000 (32%)]	Loss: 2.547650
Train Epoch: 3 [25536/60000 (43%)]	Loss: 2.493379
Train Epoch: 3 [31936/60000 (53%)]	Loss: 2.571657
Train Epoch: 3 [38336/60000 (64%)]	Loss: 2.378604
Train Epoch: 3 [44736/60000 (75%)]	Loss: 2.607082
Train Epoch: 3 [51136/60000 (85%)]	Loss: 2.666678
Train Epoch: 3 [57536/60000 (96%)]	Loss: 2.623013

Test set: Average loss: 2.5662, Accuracy: 522/10000 (5%)

Train Epoch: 4 [6336/60000 (11%)]	Loss: 2.464039
Train Epoch: 4 [12736/60000 (21%)]	Loss: 2.640992
Train Epoch: 4 [19136/60000 (32%)]	Loss: 2.724400
Train Epoch: 4 [25536/60000 (43%)]	Loss: 2.471157
Train Epoch: 4 [31936/60000 (53%)]	Loss: 2.630058
Train Epoch: 4 [38336/60000 (64%)]	Loss: 2.365774
Train Epoch: 4 [44736/60000 (75%)]	Loss: 2.652460
Train Epoch: 4 [51136/60000 (85%)]	Loss: 2.634823
Train Epoch: 4 [57536/60000 (96%)]	Loss: 2.516562

Test set: Average loss: 2.5663, Accuracy: 522/10000 (5%)

Train Epoch: 5 [6336/60000 (11%)]	Loss: 2.492219
Train Epoch: 5 [12736/60000 (21%)]	Loss: 2.477589
Train Epoch: 5 [19136/60000 (32%)]	Loss: 2.434265
Train Epoch: 5 [25536/60000 (43%)]	Loss: 2.450638
Train Epoch: 5 [31936/60000 (53%)]	Loss: 2.465278
Train Epoch: 5 [38336/60000 (64%)]	Loss: 2.637436
Train Epoch: 5 [44736/60000 (75%)]	Loss: 2.662728
Train Epoch: 5 [51136/60000 (85%)]	Loss: 2.554158
Train Epoch: 5 [57536/60000 (96%)]	Loss: 2.629181

Test set: Average loss: 2.5654, Accuracy: 522/10000 (5%)

Namespace(batch_size=64, bias=None, data='../data', device=0, epochs=5, hidden_size=500, load_weights='./paper/lenet5/lenet5_e50_h500.pt', log_interval=100, lr=0.01, model='widelenet5', momentum=0.9, no_cuda=False, r=5, save_model=None, save_results=True, seed=1, sparsity=0.0, use_relu=False, wd=0.0005)


Total time spent pruning/training: 0.58 minutes
Total number of parameters in model: 300414
Number of parameters in pruned model: 300414
