Namespace(batch_size=64, bias=None, data='../data', device=0, epochs=5, hidden_size=500, load_weights='./paper/lenet5/lenet5_e50_h500.pt', log_interval=100, lr=0.01, model='widelenet5', momentum=0.9, no_cuda=False, r=5, save_model=None, save_results=True, seed=1, sparsity=0.99, use_relu=False, wd=0.0005) 

Pruning a Wide LeNet5 network ...
Train Epoch: 1 [6336/60000 (11%)]	Loss: 2.302672
Train Epoch: 1 [12736/60000 (21%)]	Loss: 2.302631
Train Epoch: 1 [19136/60000 (32%)]	Loss: 2.302143
Train Epoch: 1 [25536/60000 (43%)]	Loss: 2.301878
Train Epoch: 1 [31936/60000 (53%)]	Loss: 2.302043
Train Epoch: 1 [38336/60000 (64%)]	Loss: 2.302071
Train Epoch: 1 [44736/60000 (75%)]	Loss: 2.301524
Train Epoch: 1 [51136/60000 (85%)]	Loss: 2.301441
Train Epoch: 1 [57536/60000 (96%)]	Loss: 2.301168

Test set: Average loss: 2.3017, Accuracy: 1892/10000 (19%)

Train Epoch: 2 [6336/60000 (11%)]	Loss: 2.301672
Train Epoch: 2 [12736/60000 (21%)]	Loss: 2.301000
Train Epoch: 2 [19136/60000 (32%)]	Loss: 2.301770
Train Epoch: 2 [25536/60000 (43%)]	Loss: 2.300817
Train Epoch: 2 [31936/60000 (53%)]	Loss: 2.301491
Train Epoch: 2 [38336/60000 (64%)]	Loss: 2.299010
Train Epoch: 2 [44736/60000 (75%)]	Loss: 2.300172
Train Epoch: 2 [51136/60000 (85%)]	Loss: 2.299285
Train Epoch: 2 [57536/60000 (96%)]	Loss: 2.298519

Test set: Average loss: 2.3001, Accuracy: 1911/10000 (19%)

Train Epoch: 3 [6336/60000 (11%)]	Loss: 2.297791
Train Epoch: 3 [12736/60000 (21%)]	Loss: 2.297990
Train Epoch: 3 [19136/60000 (32%)]	Loss: 2.299007
Train Epoch: 3 [25536/60000 (43%)]	Loss: 2.300153
Train Epoch: 3 [31936/60000 (53%)]	Loss: 2.297954
Train Epoch: 3 [38336/60000 (64%)]	Loss: 2.299832
Train Epoch: 3 [44736/60000 (75%)]	Loss: 2.299476
Train Epoch: 3 [51136/60000 (85%)]	Loss: 2.298644
Train Epoch: 3 [57536/60000 (96%)]	Loss: 2.297619

Test set: Average loss: 2.2976, Accuracy: 1934/10000 (19%)

Train Epoch: 4 [6336/60000 (11%)]	Loss: 2.296677
Train Epoch: 4 [12736/60000 (21%)]	Loss: 2.295347
Train Epoch: 4 [19136/60000 (32%)]	Loss: 2.298609
Train Epoch: 4 [25536/60000 (43%)]	Loss: 2.295537
Train Epoch: 4 [31936/60000 (53%)]	Loss: 2.296650
Train Epoch: 4 [38336/60000 (64%)]	Loss: 2.297706
Train Epoch: 4 [44736/60000 (75%)]	Loss: 2.297875
Train Epoch: 4 [51136/60000 (85%)]	Loss: 2.294907
Train Epoch: 4 [57536/60000 (96%)]	Loss: 2.291831

Test set: Average loss: 2.2952, Accuracy: 1795/10000 (18%)

Train Epoch: 5 [6336/60000 (11%)]	Loss: 2.292062
Train Epoch: 5 [12736/60000 (21%)]	Loss: 2.296734
Train Epoch: 5 [19136/60000 (32%)]	Loss: 2.297598
Train Epoch: 5 [25536/60000 (43%)]	Loss: 2.292204
Train Epoch: 5 [31936/60000 (53%)]	Loss: 2.295319
Train Epoch: 5 [38336/60000 (64%)]	Loss: 2.298616
Train Epoch: 5 [44736/60000 (75%)]	Loss: 2.298997
Train Epoch: 5 [51136/60000 (85%)]	Loss: 2.295331
Train Epoch: 5 [57536/60000 (96%)]	Loss: 2.300244

Test set: Average loss: 2.2942, Accuracy: 1732/10000 (17%)

Namespace(batch_size=64, bias=None, data='../data', device=0, epochs=5, hidden_size=500, load_weights='./paper/lenet5/lenet5_e50_h500.pt', log_interval=100, lr=0.01, model='widelenet5', momentum=0.9, no_cuda=False, r=5, save_model=None, save_results=True, seed=1, sparsity=0.99, use_relu=False, wd=0.0005)


Total time spent pruning/training: 0.58 minutes
Total number of parameters in model: 300414
Number of parameters in pruned model: 5529
