Namespace(batch_size=64, bias=None, data='../data', device=0, epochs=100, hidden_size=500, load_weights='../base3/lenet5/lenet5_e100_h500.pt', log_interval=100, lr=0.01, milestones=[5, 7], model='prunelenet5', momentum=0.9, no_cuda=False, r=5, save_model=None, save_results=True, scheduler='cosine', seed=1, sparsity=0.025, use_relu=False, wd=0.0005) 

Training a Pruned LeNet5 network ...
Train Epoch: 1 [0/60000 (0%)]	Loss: 2.470471
Train Epoch: 1 [6400/60000 (11%)]	Loss: 1.819615
Train Epoch: 1 [12800/60000 (21%)]	Loss: 1.575451
Train Epoch: 1 [19200/60000 (32%)]	Loss: 1.409464
Train Epoch: 1 [25600/60000 (43%)]	Loss: 1.317156
Train Epoch: 1 [32000/60000 (53%)]	Loss: 1.271561
Train Epoch: 1 [38400/60000 (64%)]	Loss: 1.023555
Train Epoch: 1 [44800/60000 (75%)]	Loss: 1.131953
Train Epoch: 1 [51200/60000 (85%)]	Loss: 1.008184
Train Epoch: 1 [57600/60000 (96%)]	Loss: 1.012524

Test set: Average loss: 0.9932, Accuracy: 8052/10000 (81%)

Train Epoch: 2 [0/60000 (0%)]	Loss: 1.051797
Train Epoch: 2 [6400/60000 (11%)]	Loss: 1.032768
Train Epoch: 2 [12800/60000 (21%)]	Loss: 1.205238
Train Epoch: 2 [19200/60000 (32%)]	Loss: 1.123156
Train Epoch: 2 [25600/60000 (43%)]	Loss: 0.983915
Train Epoch: 2 [32000/60000 (53%)]	Loss: 1.203100
Train Epoch: 2 [38400/60000 (64%)]	Loss: 1.439083
Train Epoch: 2 [44800/60000 (75%)]	Loss: 1.236252
Train Epoch: 2 [51200/60000 (85%)]	Loss: 1.440844
Train Epoch: 2 [57600/60000 (96%)]	Loss: 1.362860

Test set: Average loss: 1.4579, Accuracy: 5650/10000 (56%)

Train Epoch: 3 [0/60000 (0%)]	Loss: 1.438772
Train Epoch: 3 [6400/60000 (11%)]	Loss: 1.293048
Train Epoch: 3 [12800/60000 (21%)]	Loss: 1.377444
Train Epoch: 3 [19200/60000 (32%)]	Loss: 1.436152
Train Epoch: 3 [25600/60000 (43%)]	Loss: 1.494825
Train Epoch: 3 [32000/60000 (53%)]	Loss: 1.579185
Train Epoch: 3 [38400/60000 (64%)]	Loss: 1.454300
Train Epoch: 3 [44800/60000 (75%)]	Loss: 1.411619
Train Epoch: 3 [51200/60000 (85%)]	Loss: 1.424695
Train Epoch: 3 [57600/60000 (96%)]	Loss: 1.459538

Test set: Average loss: 1.5225, Accuracy: 6395/10000 (64%)

Train Epoch: 4 [0/60000 (0%)]	Loss: 1.591402
Train Epoch: 4 [6400/60000 (11%)]	Loss: 1.596573
Train Epoch: 4 [12800/60000 (21%)]	Loss: 1.581404
Train Epoch: 4 [19200/60000 (32%)]	Loss: 1.514509
Train Epoch: 4 [25600/60000 (43%)]	Loss: 1.470913
Train Epoch: 4 [32000/60000 (53%)]	Loss: 1.666239
Train Epoch: 4 [38400/60000 (64%)]	Loss: 1.679907
Train Epoch: 4 [44800/60000 (75%)]	Loss: 1.510777
Train Epoch: 4 [51200/60000 (85%)]	Loss: 1.630791
Train Epoch: 4 [57600/60000 (96%)]	Loss: 1.567487

Test set: Average loss: 1.6652, Accuracy: 5323/10000 (53%)

Train Epoch: 5 [0/60000 (0%)]	Loss: 1.699495
Train Epoch: 5 [6400/60000 (11%)]	Loss: 1.583874
Train Epoch: 5 [12800/60000 (21%)]	Loss: 1.706175
Train Epoch: 5 [19200/60000 (32%)]	Loss: 1.720324
Train Epoch: 5 [25600/60000 (43%)]	Loss: 1.751987
Train Epoch: 5 [32000/60000 (53%)]	Loss: 1.658827
Train Epoch: 5 [38400/60000 (64%)]	Loss: 1.706480
Train Epoch: 5 [44800/60000 (75%)]	Loss: 1.739979
Train Epoch: 5 [51200/60000 (85%)]	Loss: 1.796762
Train Epoch: 5 [57600/60000 (96%)]	Loss: 1.604550

Test set: Average loss: 1.7291, Accuracy: 5837/10000 (58%)

Train Epoch: 6 [0/60000 (0%)]	Loss: 1.713983
Train Epoch: 6 [6400/60000 (11%)]	Loss: 1.895306
Train Epoch: 6 [12800/60000 (21%)]	Loss: 1.659701
Train Epoch: 6 [19200/60000 (32%)]	Loss: 1.786924
Train Epoch: 6 [25600/60000 (43%)]	Loss: 1.777632
Train Epoch: 6 [32000/60000 (53%)]	Loss: 1.863740
Train Epoch: 6 [38400/60000 (64%)]	Loss: 1.743558
Train Epoch: 6 [44800/60000 (75%)]	Loss: 1.874151
Train Epoch: 6 [51200/60000 (85%)]	Loss: 1.865588
Train Epoch: 6 [57600/60000 (96%)]	Loss: 1.888479

Test set: Average loss: 1.8588, Accuracy: 3676/10000 (37%)

Train Epoch: 7 [0/60000 (0%)]	Loss: 1.927680
Train Epoch: 7 [6400/60000 (11%)]	Loss: 1.876360
Train Epoch: 7 [12800/60000 (21%)]	Loss: 1.856351
Train Epoch: 7 [19200/60000 (32%)]	Loss: 1.853283
Train Epoch: 7 [25600/60000 (43%)]	Loss: 1.921484
Train Epoch: 7 [32000/60000 (53%)]	Loss: 1.812953
Train Epoch: 7 [38400/60000 (64%)]	Loss: 1.751382
Train Epoch: 7 [44800/60000 (75%)]	Loss: 1.783896
Train Epoch: 7 [51200/60000 (85%)]	Loss: 1.959402
Train Epoch: 7 [57600/60000 (96%)]	Loss: 1.933345

Test set: Average loss: 1.8495, Accuracy: 4963/10000 (50%)

Train Epoch: 8 [0/60000 (0%)]	Loss: 1.806275
Train Epoch: 8 [6400/60000 (11%)]	Loss: 1.983904
Train Epoch: 8 [12800/60000 (21%)]	Loss: 1.900531
Train Epoch: 8 [19200/60000 (32%)]	Loss: 2.011380
Train Epoch: 8 [25600/60000 (43%)]	Loss: 1.938603
Train Epoch: 8 [32000/60000 (53%)]	Loss: 1.899106
Train Epoch: 8 [38400/60000 (64%)]	Loss: 1.892145
Train Epoch: 8 [44800/60000 (75%)]	Loss: 1.941439
Train Epoch: 8 [51200/60000 (85%)]	Loss: 1.893133
Train Epoch: 8 [57600/60000 (96%)]	Loss: 2.000654

Test set: Average loss: 1.9167, Accuracy: 4700/10000 (47%)

Train Epoch: 9 [0/60000 (0%)]	Loss: 1.837215
Train Epoch: 9 [6400/60000 (11%)]	Loss: 1.871679
Train Epoch: 9 [12800/60000 (21%)]	Loss: 2.074835
Train Epoch: 9 [19200/60000 (32%)]	Loss: 1.868995
Train Epoch: 9 [25600/60000 (43%)]	Loss: 1.844797
Train Epoch: 9 [32000/60000 (53%)]	Loss: 1.988397
Train Epoch: 9 [38400/60000 (64%)]	Loss: 2.010115
Train Epoch: 9 [44800/60000 (75%)]	Loss: 1.948485
Train Epoch: 9 [51200/60000 (85%)]	Loss: 1.955523
Train Epoch: 9 [57600/60000 (96%)]	Loss: 1.957178

Test set: Average loss: 1.9469, Accuracy: 4517/10000 (45%)

Train Epoch: 10 [0/60000 (0%)]	Loss: 1.966013
Train Epoch: 10 [6400/60000 (11%)]	Loss: 1.999223
Train Epoch: 10 [12800/60000 (21%)]	Loss: 2.040982
Train Epoch: 10 [19200/60000 (32%)]	Loss: 1.977975
Train Epoch: 10 [25600/60000 (43%)]	Loss: 2.099859
Train Epoch: 10 [32000/60000 (53%)]	Loss: 1.959332
Train Epoch: 10 [38400/60000 (64%)]	Loss: 2.008375
Train Epoch: 10 [44800/60000 (75%)]	Loss: 2.092770
Train Epoch: 10 [51200/60000 (85%)]	Loss: 1.977500
Train Epoch: 10 [57600/60000 (96%)]	Loss: 1.996994

Test set: Average loss: 1.9984, Accuracy: 4175/10000 (42%)

Train Epoch: 11 [0/60000 (0%)]	Loss: 2.102096
Train Epoch: 11 [6400/60000 (11%)]	Loss: 1.936995
Train Epoch: 11 [12800/60000 (21%)]	Loss: 1.975366
Train Epoch: 11 [19200/60000 (32%)]	Loss: 1.988034
Train Epoch: 11 [25600/60000 (43%)]	Loss: 2.084916
Train Epoch: 11 [32000/60000 (53%)]	Loss: 1.991503
Train Epoch: 11 [38400/60000 (64%)]	Loss: 2.001974
Train Epoch: 11 [44800/60000 (75%)]	Loss: 1.997358
Train Epoch: 11 [51200/60000 (85%)]	Loss: 2.071405
Train Epoch: 11 [57600/60000 (96%)]	Loss: 2.011443

Test set: Average loss: 2.0152, Accuracy: 4217/10000 (42%)

Train Epoch: 12 [0/60000 (0%)]	Loss: 1.901560
Train Epoch: 12 [6400/60000 (11%)]	Loss: 2.116810
Train Epoch: 12 [12800/60000 (21%)]	Loss: 2.061603
Train Epoch: 12 [19200/60000 (32%)]	Loss: 2.023985
Train Epoch: 12 [25600/60000 (43%)]	Loss: 2.089998
Train Epoch: 12 [32000/60000 (53%)]	Loss: 2.039239
Train Epoch: 12 [38400/60000 (64%)]	Loss: 2.195363
Train Epoch: 12 [44800/60000 (75%)]	Loss: 2.009189
Train Epoch: 12 [51200/60000 (85%)]	Loss: 2.016083
Train Epoch: 12 [57600/60000 (96%)]	Loss: 2.096143

Test set: Average loss: 2.0449, Accuracy: 3835/10000 (38%)

Train Epoch: 13 [0/60000 (0%)]	Loss: 2.004341
Train Epoch: 13 [6400/60000 (11%)]	Loss: 2.039880
Train Epoch: 13 [12800/60000 (21%)]	Loss: 2.022892
Train Epoch: 13 [19200/60000 (32%)]	Loss: 2.102798
Train Epoch: 13 [25600/60000 (43%)]	Loss: 2.113355
Train Epoch: 13 [32000/60000 (53%)]	Loss: 2.114008
Train Epoch: 13 [38400/60000 (64%)]	Loss: 1.995786
Train Epoch: 13 [44800/60000 (75%)]	Loss: 2.040215
Train Epoch: 13 [51200/60000 (85%)]	Loss: 1.986089
Train Epoch: 13 [57600/60000 (96%)]	Loss: 2.161877

Test set: Average loss: 2.0933, Accuracy: 3479/10000 (35%)

Train Epoch: 14 [0/60000 (0%)]	Loss: 2.048650
Train Epoch: 14 [6400/60000 (11%)]	Loss: 2.066303
Train Epoch: 14 [12800/60000 (21%)]	Loss: 2.125386
Train Epoch: 14 [19200/60000 (32%)]	Loss: 2.105515
Train Epoch: 14 [25600/60000 (43%)]	Loss: 2.115794
Train Epoch: 14 [32000/60000 (53%)]	Loss: 2.187405
Train Epoch: 14 [38400/60000 (64%)]	Loss: 2.026417
Train Epoch: 14 [44800/60000 (75%)]	Loss: 2.082704
Train Epoch: 14 [51200/60000 (85%)]	Loss: 2.145376
Train Epoch: 14 [57600/60000 (96%)]	Loss: 2.045554

Test set: Average loss: 2.1051, Accuracy: 3104/10000 (31%)

Train Epoch: 15 [0/60000 (0%)]	Loss: 2.071833
Train Epoch: 15 [6400/60000 (11%)]	Loss: 1.953982
Train Epoch: 15 [12800/60000 (21%)]	Loss: 2.080951
Train Epoch: 15 [19200/60000 (32%)]	Loss: 2.088821
Train Epoch: 15 [25600/60000 (43%)]	Loss: 2.107449
Train Epoch: 15 [32000/60000 (53%)]	Loss: 2.165648
Train Epoch: 15 [38400/60000 (64%)]	Loss: 2.170821
Train Epoch: 15 [44800/60000 (75%)]	Loss: 2.069722
Train Epoch: 15 [51200/60000 (85%)]	Loss: 2.083025
Train Epoch: 15 [57600/60000 (96%)]	Loss: 2.039257

Test set: Average loss: 2.1159, Accuracy: 3681/10000 (37%)

Train Epoch: 16 [0/60000 (0%)]	Loss: 2.044904
Train Epoch: 16 [6400/60000 (11%)]	Loss: 2.195704
Train Epoch: 16 [12800/60000 (21%)]	Loss: 2.002546
Train Epoch: 16 [19200/60000 (32%)]	Loss: 2.096358
Train Epoch: 16 [25600/60000 (43%)]	Loss: 2.146972
Train Epoch: 16 [32000/60000 (53%)]	Loss: 2.100610
Train Epoch: 16 [38400/60000 (64%)]	Loss: 2.176917
Train Epoch: 16 [44800/60000 (75%)]	Loss: 2.192903
Train Epoch: 16 [51200/60000 (85%)]	Loss: 2.153001
Train Epoch: 16 [57600/60000 (96%)]	Loss: 2.090238

Test set: Average loss: 2.1279, Accuracy: 3528/10000 (35%)

Train Epoch: 17 [0/60000 (0%)]	Loss: 2.101124
Train Epoch: 17 [6400/60000 (11%)]	Loss: 2.156708
Train Epoch: 17 [12800/60000 (21%)]	Loss: 2.136202
Train Epoch: 17 [19200/60000 (32%)]	Loss: 2.178377
Train Epoch: 17 [25600/60000 (43%)]	Loss: 2.219459
Train Epoch: 17 [32000/60000 (53%)]	Loss: 2.128169
Train Epoch: 17 [38400/60000 (64%)]	Loss: 2.132137
Train Epoch: 17 [44800/60000 (75%)]	Loss: 2.109546
Train Epoch: 17 [51200/60000 (85%)]	Loss: 2.125340
Train Epoch: 17 [57600/60000 (96%)]	Loss: 2.094864

Test set: Average loss: 2.1504, Accuracy: 3307/10000 (33%)

Train Epoch: 18 [0/60000 (0%)]	Loss: 2.265436
Train Epoch: 18 [6400/60000 (11%)]	Loss: 2.191309
Train Epoch: 18 [12800/60000 (21%)]	Loss: 2.080210
Train Epoch: 18 [19200/60000 (32%)]	Loss: 2.100153
Train Epoch: 18 [25600/60000 (43%)]	Loss: 2.024391
Train Epoch: 18 [32000/60000 (53%)]	Loss: 2.107899
Train Epoch: 18 [38400/60000 (64%)]	Loss: 2.249064
Train Epoch: 18 [44800/60000 (75%)]	Loss: 2.174254
Train Epoch: 18 [51200/60000 (85%)]	Loss: 2.209001
Train Epoch: 18 [57600/60000 (96%)]	Loss: 2.221919

Test set: Average loss: 2.1476, Accuracy: 2679/10000 (27%)

Train Epoch: 19 [0/60000 (0%)]	Loss: 2.187784
Train Epoch: 19 [6400/60000 (11%)]	Loss: 2.143058
Train Epoch: 19 [12800/60000 (21%)]	Loss: 2.168010
Train Epoch: 19 [19200/60000 (32%)]	Loss: 2.173639
Train Epoch: 19 [25600/60000 (43%)]	Loss: 2.293926
Train Epoch: 19 [32000/60000 (53%)]	Loss: 2.099497
Train Epoch: 19 [38400/60000 (64%)]	Loss: 2.146976
Train Epoch: 19 [44800/60000 (75%)]	Loss: 2.246055
Train Epoch: 19 [51200/60000 (85%)]	Loss: 2.153401
Train Epoch: 19 [57600/60000 (96%)]	Loss: 2.131953

Test set: Average loss: 2.1722, Accuracy: 3106/10000 (31%)

Train Epoch: 20 [0/60000 (0%)]	Loss: 2.239737
Train Epoch: 20 [6400/60000 (11%)]	Loss: 2.167852
Train Epoch: 20 [12800/60000 (21%)]	Loss: 2.177605
Train Epoch: 20 [19200/60000 (32%)]	Loss: 2.134386
Train Epoch: 20 [25600/60000 (43%)]	Loss: 2.147756
Train Epoch: 20 [32000/60000 (53%)]	Loss: 2.191770
Train Epoch: 20 [38400/60000 (64%)]	Loss: 2.118872
Train Epoch: 20 [44800/60000 (75%)]	Loss: 2.262190
Train Epoch: 20 [51200/60000 (85%)]	Loss: 2.235615
Train Epoch: 20 [57600/60000 (96%)]	Loss: 2.252614

Test set: Average loss: 2.1872, Accuracy: 2436/10000 (24%)

Train Epoch: 21 [0/60000 (0%)]	Loss: 2.186821
Train Epoch: 21 [6400/60000 (11%)]	Loss: 2.128754
Train Epoch: 21 [12800/60000 (21%)]	Loss: 2.233780
Train Epoch: 21 [19200/60000 (32%)]	Loss: 2.164629
Train Epoch: 21 [25600/60000 (43%)]	Loss: 2.187382
Train Epoch: 21 [32000/60000 (53%)]	Loss: 2.218343
Train Epoch: 21 [38400/60000 (64%)]	Loss: 2.216998
Train Epoch: 21 [44800/60000 (75%)]	Loss: 2.180747
Train Epoch: 21 [51200/60000 (85%)]	Loss: 2.204306
Train Epoch: 21 [57600/60000 (96%)]	Loss: 2.260208

Test set: Average loss: 2.1861, Accuracy: 2517/10000 (25%)

Train Epoch: 22 [0/60000 (0%)]	Loss: 2.230254
Train Epoch: 22 [6400/60000 (11%)]	Loss: 2.257920
Train Epoch: 22 [12800/60000 (21%)]	Loss: 1.982276
Train Epoch: 22 [19200/60000 (32%)]	Loss: 2.152410
Train Epoch: 22 [25600/60000 (43%)]	Loss: 2.239947
Train Epoch: 22 [32000/60000 (53%)]	Loss: 2.183739
Train Epoch: 22 [38400/60000 (64%)]	Loss: 2.110544
Train Epoch: 22 [44800/60000 (75%)]	Loss: 2.301430
Train Epoch: 22 [51200/60000 (85%)]	Loss: 2.218462
Train Epoch: 22 [57600/60000 (96%)]	Loss: 2.220958

Test set: Average loss: 2.2065, Accuracy: 2746/10000 (27%)

Train Epoch: 23 [0/60000 (0%)]	Loss: 2.282346
Train Epoch: 23 [6400/60000 (11%)]	Loss: 2.204724
Train Epoch: 23 [12800/60000 (21%)]	Loss: 2.144997
Train Epoch: 23 [19200/60000 (32%)]	Loss: 2.134300
Train Epoch: 23 [25600/60000 (43%)]	Loss: 2.139206
Train Epoch: 23 [32000/60000 (53%)]	Loss: 2.205581
Train Epoch: 23 [38400/60000 (64%)]	Loss: 2.182596
Train Epoch: 23 [44800/60000 (75%)]	Loss: 2.225016
Train Epoch: 23 [51200/60000 (85%)]	Loss: 2.261832
Train Epoch: 23 [57600/60000 (96%)]	Loss: 2.205190

Test set: Average loss: 2.2159, Accuracy: 2737/10000 (27%)

Train Epoch: 24 [0/60000 (0%)]	Loss: 2.303511
Train Epoch: 24 [6400/60000 (11%)]	Loss: 2.196002
Train Epoch: 24 [12800/60000 (21%)]	Loss: 2.274267
Train Epoch: 24 [19200/60000 (32%)]	Loss: 2.232285
Train Epoch: 24 [25600/60000 (43%)]	Loss: 2.323246
Train Epoch: 24 [32000/60000 (53%)]	Loss: 2.179056
Train Epoch: 24 [38400/60000 (64%)]	Loss: 2.104766
Train Epoch: 24 [44800/60000 (75%)]	Loss: 2.220851
Train Epoch: 24 [51200/60000 (85%)]	Loss: 2.130291
Train Epoch: 24 [57600/60000 (96%)]	Loss: 2.214668

Test set: Average loss: 2.2228, Accuracy: 2277/10000 (23%)

Train Epoch: 25 [0/60000 (0%)]	Loss: 2.180984
Train Epoch: 25 [6400/60000 (11%)]	Loss: 2.262058
Train Epoch: 25 [12800/60000 (21%)]	Loss: 2.295415
Train Epoch: 25 [19200/60000 (32%)]	Loss: 2.168337
Train Epoch: 25 [25600/60000 (43%)]	Loss: 2.246475
Train Epoch: 25 [32000/60000 (53%)]	Loss: 2.214860
Train Epoch: 25 [38400/60000 (64%)]	Loss: 2.200054
Train Epoch: 25 [44800/60000 (75%)]	Loss: 2.256689
Train Epoch: 25 [51200/60000 (85%)]	Loss: 2.223522
Train Epoch: 25 [57600/60000 (96%)]	Loss: 2.118155

Test set: Average loss: 2.2185, Accuracy: 2259/10000 (23%)

Train Epoch: 26 [0/60000 (0%)]	Loss: 2.222890
Train Epoch: 26 [6400/60000 (11%)]	Loss: 2.190060
Train Epoch: 26 [12800/60000 (21%)]	Loss: 2.296347
Train Epoch: 26 [19200/60000 (32%)]	Loss: 2.214641
Train Epoch: 26 [25600/60000 (43%)]	Loss: 2.307457
Train Epoch: 26 [32000/60000 (53%)]	Loss: 2.302148
Train Epoch: 26 [38400/60000 (64%)]	Loss: 2.173164
Train Epoch: 26 [44800/60000 (75%)]	Loss: 2.167949
Train Epoch: 26 [51200/60000 (85%)]	Loss: 2.199651
Train Epoch: 26 [57600/60000 (96%)]	Loss: 2.294307

Test set: Average loss: 2.2274, Accuracy: 2248/10000 (22%)

Train Epoch: 27 [0/60000 (0%)]	Loss: 2.213933
Train Epoch: 27 [6400/60000 (11%)]	Loss: 2.320487
Train Epoch: 27 [12800/60000 (21%)]	Loss: 2.255308
Train Epoch: 27 [19200/60000 (32%)]	Loss: 2.181957
Train Epoch: 27 [25600/60000 (43%)]	Loss: 2.177650
Train Epoch: 27 [32000/60000 (53%)]	Loss: 2.264306
Train Epoch: 27 [38400/60000 (64%)]	Loss: 2.357494
Train Epoch: 27 [44800/60000 (75%)]	Loss: 2.321691
Train Epoch: 27 [51200/60000 (85%)]	Loss: 2.199911
Train Epoch: 27 [57600/60000 (96%)]	Loss: 2.173034

Test set: Average loss: 2.2467, Accuracy: 2326/10000 (23%)

Train Epoch: 28 [0/60000 (0%)]	Loss: 2.323694
Train Epoch: 28 [6400/60000 (11%)]	Loss: 2.341252
Train Epoch: 28 [12800/60000 (21%)]	Loss: 2.323538
Train Epoch: 28 [19200/60000 (32%)]	Loss: 2.353132
Train Epoch: 28 [25600/60000 (43%)]	Loss: 2.134326
Train Epoch: 28 [32000/60000 (53%)]	Loss: 2.248342
Train Epoch: 28 [38400/60000 (64%)]	Loss: 2.309854
Train Epoch: 28 [44800/60000 (75%)]	Loss: 2.254156
Train Epoch: 28 [51200/60000 (85%)]	Loss: 2.203780
Train Epoch: 28 [57600/60000 (96%)]	Loss: 2.230139

Test set: Average loss: 2.2511, Accuracy: 2252/10000 (23%)

Train Epoch: 29 [0/60000 (0%)]	Loss: 2.309011
Train Epoch: 29 [6400/60000 (11%)]	Loss: 2.250769
Train Epoch: 29 [12800/60000 (21%)]	Loss: 2.205506
Train Epoch: 29 [19200/60000 (32%)]	Loss: 2.278766
Train Epoch: 29 [25600/60000 (43%)]	Loss: 2.334677
Train Epoch: 29 [32000/60000 (53%)]	Loss: 2.264872
Train Epoch: 29 [38400/60000 (64%)]	Loss: 2.262805
Train Epoch: 29 [44800/60000 (75%)]	Loss: 2.241410
Train Epoch: 29 [51200/60000 (85%)]	Loss: 2.154503
Train Epoch: 29 [57600/60000 (96%)]	Loss: 2.249052

Test set: Average loss: 2.2434, Accuracy: 2056/10000 (21%)

Train Epoch: 30 [0/60000 (0%)]	Loss: 2.343953
Train Epoch: 30 [6400/60000 (11%)]	Loss: 2.184124
Train Epoch: 30 [12800/60000 (21%)]	Loss: 2.246888
Train Epoch: 30 [19200/60000 (32%)]	Loss: 2.247785
Train Epoch: 30 [25600/60000 (43%)]	Loss: 2.125354
Train Epoch: 30 [32000/60000 (53%)]	Loss: 2.272933
Train Epoch: 30 [38400/60000 (64%)]	Loss: 2.239770
Train Epoch: 30 [44800/60000 (75%)]	Loss: 2.260844
Train Epoch: 30 [51200/60000 (85%)]	Loss: 2.192251
Train Epoch: 30 [57600/60000 (96%)]	Loss: 2.261172

Test set: Average loss: 2.2519, Accuracy: 1915/10000 (19%)

Train Epoch: 31 [0/60000 (0%)]	Loss: 2.230714
Train Epoch: 31 [6400/60000 (11%)]	Loss: 2.203329
Train Epoch: 31 [12800/60000 (21%)]	Loss: 2.254455
Train Epoch: 31 [19200/60000 (32%)]	Loss: 2.180970
Train Epoch: 31 [25600/60000 (43%)]	Loss: 2.284307
Train Epoch: 31 [32000/60000 (53%)]	Loss: 2.191520
Train Epoch: 31 [38400/60000 (64%)]	Loss: 2.470215
Train Epoch: 31 [44800/60000 (75%)]	Loss: 2.222192
Train Epoch: 31 [51200/60000 (85%)]	Loss: 2.379776
Train Epoch: 31 [57600/60000 (96%)]	Loss: 2.315618

Test set: Average loss: 2.2602, Accuracy: 2093/10000 (21%)

Train Epoch: 32 [0/60000 (0%)]	Loss: 2.218266
Train Epoch: 32 [6400/60000 (11%)]	Loss: 2.280914
Train Epoch: 32 [12800/60000 (21%)]	Loss: 2.157810
Train Epoch: 32 [19200/60000 (32%)]	Loss: 2.188640
Train Epoch: 32 [25600/60000 (43%)]	Loss: 2.279922
Train Epoch: 32 [32000/60000 (53%)]	Loss: 2.360351
Train Epoch: 32 [38400/60000 (64%)]	Loss: 2.274986
Train Epoch: 32 [44800/60000 (75%)]	Loss: 2.213110
Train Epoch: 32 [51200/60000 (85%)]	Loss: 2.340142
Train Epoch: 32 [57600/60000 (96%)]	Loss: 2.252890

Test set: Average loss: 2.2575, Accuracy: 1640/10000 (16%)

Train Epoch: 33 [0/60000 (0%)]	Loss: 2.282930
Train Epoch: 33 [6400/60000 (11%)]	Loss: 2.298998
Train Epoch: 33 [12800/60000 (21%)]	Loss: 2.291068
Train Epoch: 33 [19200/60000 (32%)]	Loss: 2.322964
Train Epoch: 33 [25600/60000 (43%)]	Loss: 2.276952
Train Epoch: 33 [32000/60000 (53%)]	Loss: 2.370350
Train Epoch: 33 [38400/60000 (64%)]	Loss: 2.229659
Train Epoch: 33 [44800/60000 (75%)]	Loss: 2.244715
Train Epoch: 33 [51200/60000 (85%)]	Loss: 2.265028
Train Epoch: 33 [57600/60000 (96%)]	Loss: 2.261490

Test set: Average loss: 2.2684, Accuracy: 1687/10000 (17%)

Train Epoch: 34 [0/60000 (0%)]	Loss: 2.227963
Train Epoch: 34 [6400/60000 (11%)]	Loss: 2.289090
Train Epoch: 34 [12800/60000 (21%)]	Loss: 2.254300
Train Epoch: 34 [19200/60000 (32%)]	Loss: 2.270239
Train Epoch: 34 [25600/60000 (43%)]	Loss: 2.223638
Train Epoch: 34 [32000/60000 (53%)]	Loss: 2.230645
Train Epoch: 34 [38400/60000 (64%)]	Loss: 2.206023
Train Epoch: 34 [44800/60000 (75%)]	Loss: 2.303434
Train Epoch: 34 [51200/60000 (85%)]	Loss: 2.377567
Train Epoch: 34 [57600/60000 (96%)]	Loss: 2.269969

Test set: Average loss: 2.2666, Accuracy: 2014/10000 (20%)

Train Epoch: 35 [0/60000 (0%)]	Loss: 2.291677
Train Epoch: 35 [6400/60000 (11%)]	Loss: 2.269392
Train Epoch: 35 [12800/60000 (21%)]	Loss: 2.258839
Train Epoch: 35 [19200/60000 (32%)]	Loss: 2.235348
Train Epoch: 35 [25600/60000 (43%)]	Loss: 2.355322
Train Epoch: 35 [32000/60000 (53%)]	Loss: 2.287107
Train Epoch: 35 [38400/60000 (64%)]	Loss: 2.171321
Train Epoch: 35 [44800/60000 (75%)]	Loss: 2.257884
Train Epoch: 35 [51200/60000 (85%)]	Loss: 2.378177
Train Epoch: 35 [57600/60000 (96%)]	Loss: 2.231076

Test set: Average loss: 2.2815, Accuracy: 1604/10000 (16%)

Train Epoch: 36 [0/60000 (0%)]	Loss: 2.396347
Train Epoch: 36 [6400/60000 (11%)]	Loss: 2.311139
Train Epoch: 36 [12800/60000 (21%)]	Loss: 2.184640
Train Epoch: 36 [19200/60000 (32%)]	Loss: 2.364164
Train Epoch: 36 [25600/60000 (43%)]	Loss: 2.349805
Train Epoch: 36 [32000/60000 (53%)]	Loss: 2.467819
Train Epoch: 36 [38400/60000 (64%)]	Loss: 2.331224
Train Epoch: 36 [44800/60000 (75%)]	Loss: 2.183981
Train Epoch: 36 [51200/60000 (85%)]	Loss: 2.355131
Train Epoch: 36 [57600/60000 (96%)]	Loss: 2.385566

Test set: Average loss: 2.2917, Accuracy: 1542/10000 (15%)

Train Epoch: 37 [0/60000 (0%)]	Loss: 2.340058
Train Epoch: 37 [6400/60000 (11%)]	Loss: 2.405393
Train Epoch: 37 [12800/60000 (21%)]	Loss: 2.232866
Train Epoch: 37 [19200/60000 (32%)]	Loss: 2.462667
Train Epoch: 37 [25600/60000 (43%)]	Loss: 2.329279
Train Epoch: 37 [32000/60000 (53%)]	Loss: 2.264346
Train Epoch: 37 [38400/60000 (64%)]	Loss: 2.319341
Train Epoch: 37 [44800/60000 (75%)]	Loss: 2.290374
Train Epoch: 37 [51200/60000 (85%)]	Loss: 2.303030
Train Epoch: 37 [57600/60000 (96%)]	Loss: 2.349914

Test set: Average loss: 2.2956, Accuracy: 1744/10000 (17%)

Train Epoch: 38 [0/60000 (0%)]	Loss: 2.271259
Train Epoch: 38 [6400/60000 (11%)]	Loss: 2.329106
Train Epoch: 38 [12800/60000 (21%)]	Loss: 2.234841
Train Epoch: 38 [19200/60000 (32%)]	Loss: 2.224231
Train Epoch: 38 [25600/60000 (43%)]	Loss: 2.254667
Train Epoch: 38 [32000/60000 (53%)]	Loss: 2.149095
Train Epoch: 38 [38400/60000 (64%)]	Loss: 2.289588
Train Epoch: 38 [44800/60000 (75%)]	Loss: 2.308811
Train Epoch: 38 [51200/60000 (85%)]	Loss: 2.267637
Train Epoch: 38 [57600/60000 (96%)]	Loss: 2.305293

Test set: Average loss: 2.2837, Accuracy: 1485/10000 (15%)

Train Epoch: 39 [0/60000 (0%)]	Loss: 2.280320
Train Epoch: 39 [6400/60000 (11%)]	Loss: 2.227766
Train Epoch: 39 [12800/60000 (21%)]	Loss: 2.417915
Train Epoch: 39 [19200/60000 (32%)]	Loss: 2.350568
Train Epoch: 39 [25600/60000 (43%)]	Loss: 2.301999
Train Epoch: 39 [32000/60000 (53%)]	Loss: 2.237740
Train Epoch: 39 [38400/60000 (64%)]	Loss: 2.291464
Train Epoch: 39 [44800/60000 (75%)]	Loss: 2.297341
Train Epoch: 39 [51200/60000 (85%)]	Loss: 2.217422
Train Epoch: 39 [57600/60000 (96%)]	Loss: 2.326283

Test set: Average loss: 2.2986, Accuracy: 1479/10000 (15%)

Train Epoch: 40 [0/60000 (0%)]	Loss: 2.348381
Train Epoch: 40 [6400/60000 (11%)]	Loss: 2.353071
Train Epoch: 40 [12800/60000 (21%)]	Loss: 2.260491
Train Epoch: 40 [19200/60000 (32%)]	Loss: 2.176488
Train Epoch: 40 [25600/60000 (43%)]	Loss: 2.347772
Train Epoch: 40 [32000/60000 (53%)]	Loss: 2.180947
Train Epoch: 40 [38400/60000 (64%)]	Loss: 2.290797
Train Epoch: 40 [44800/60000 (75%)]	Loss: 2.292193
Train Epoch: 40 [51200/60000 (85%)]	Loss: 2.308615
Train Epoch: 40 [57600/60000 (96%)]	Loss: 2.396455

Test set: Average loss: 2.3129, Accuracy: 1644/10000 (16%)

Train Epoch: 41 [0/60000 (0%)]	Loss: 2.227298
Train Epoch: 41 [6400/60000 (11%)]	Loss: 2.316782
Train Epoch: 41 [12800/60000 (21%)]	Loss: 2.321155
Train Epoch: 41 [19200/60000 (32%)]	Loss: 2.321200
Train Epoch: 41 [25600/60000 (43%)]	Loss: 2.468356
Train Epoch: 41 [32000/60000 (53%)]	Loss: 2.295529
Train Epoch: 41 [38400/60000 (64%)]	Loss: 2.328628
Train Epoch: 41 [44800/60000 (75%)]	Loss: 2.261034
Train Epoch: 41 [51200/60000 (85%)]	Loss: 2.283151
Train Epoch: 41 [57600/60000 (96%)]	Loss: 2.390376

Test set: Average loss: 2.2945, Accuracy: 1384/10000 (14%)

Train Epoch: 42 [0/60000 (0%)]	Loss: 2.224096
Train Epoch: 42 [6400/60000 (11%)]	Loss: 2.271979
Train Epoch: 42 [12800/60000 (21%)]	Loss: 2.337056
Train Epoch: 42 [19200/60000 (32%)]	Loss: 2.279159
Train Epoch: 42 [25600/60000 (43%)]	Loss: 2.310860
Train Epoch: 42 [32000/60000 (53%)]	Loss: 2.211364
Train Epoch: 42 [38400/60000 (64%)]	Loss: 2.266241
Train Epoch: 42 [44800/60000 (75%)]	Loss: 2.390260
Train Epoch: 42 [51200/60000 (85%)]	Loss: 2.344757
Train Epoch: 42 [57600/60000 (96%)]	Loss: 2.170165

Test set: Average loss: 2.3074, Accuracy: 1295/10000 (13%)

Train Epoch: 43 [0/60000 (0%)]	Loss: 2.305323
Train Epoch: 43 [6400/60000 (11%)]	Loss: 2.268584
Train Epoch: 43 [12800/60000 (21%)]	Loss: 2.327428
Train Epoch: 43 [19200/60000 (32%)]	Loss: 2.198731
Train Epoch: 43 [25600/60000 (43%)]	Loss: 2.286032
Train Epoch: 43 [32000/60000 (53%)]	Loss: 2.292391
Train Epoch: 43 [38400/60000 (64%)]	Loss: 2.307499
Train Epoch: 43 [44800/60000 (75%)]	Loss: 2.237648
Train Epoch: 43 [51200/60000 (85%)]	Loss: 2.276242
Train Epoch: 43 [57600/60000 (96%)]	Loss: 2.280561

Test set: Average loss: 2.2966, Accuracy: 1319/10000 (13%)

Train Epoch: 44 [0/60000 (0%)]	Loss: 2.346163
Train Epoch: 44 [6400/60000 (11%)]	Loss: 2.178145
Train Epoch: 44 [12800/60000 (21%)]	Loss: 2.372069
Train Epoch: 44 [19200/60000 (32%)]	Loss: 2.363800
Train Epoch: 44 [25600/60000 (43%)]	Loss: 2.329983
Train Epoch: 44 [32000/60000 (53%)]	Loss: 2.299749
Train Epoch: 44 [38400/60000 (64%)]	Loss: 2.365279
Train Epoch: 44 [44800/60000 (75%)]	Loss: 2.383540
Train Epoch: 44 [51200/60000 (85%)]	Loss: 2.179362
Train Epoch: 44 [57600/60000 (96%)]	Loss: 2.252939

Test set: Average loss: 2.2982, Accuracy: 1144/10000 (11%)

Train Epoch: 45 [0/60000 (0%)]	Loss: 2.270554
Train Epoch: 45 [6400/60000 (11%)]	Loss: 2.361308
Train Epoch: 45 [12800/60000 (21%)]	Loss: 2.267764
Train Epoch: 45 [19200/60000 (32%)]	Loss: 2.243672
Train Epoch: 45 [25600/60000 (43%)]	Loss: 2.341125
Train Epoch: 45 [32000/60000 (53%)]	Loss: 2.386527
Train Epoch: 45 [38400/60000 (64%)]	Loss: 2.252054
Train Epoch: 45 [44800/60000 (75%)]	Loss: 2.267622
Train Epoch: 45 [51200/60000 (85%)]	Loss: 2.313145
Train Epoch: 45 [57600/60000 (96%)]	Loss: 2.384071

Test set: Average loss: 2.3148, Accuracy: 1477/10000 (15%)

Train Epoch: 46 [0/60000 (0%)]	Loss: 2.276645
Train Epoch: 46 [6400/60000 (11%)]	Loss: 2.345616
Train Epoch: 46 [12800/60000 (21%)]	Loss: 2.393640
Train Epoch: 46 [19200/60000 (32%)]	Loss: 2.345735
Train Epoch: 46 [25600/60000 (43%)]	Loss: 2.330163
Train Epoch: 46 [32000/60000 (53%)]	Loss: 2.341568
Train Epoch: 46 [38400/60000 (64%)]	Loss: 2.366111
Train Epoch: 46 [44800/60000 (75%)]	Loss: 2.399134
Train Epoch: 46 [51200/60000 (85%)]	Loss: 2.362108
Train Epoch: 46 [57600/60000 (96%)]	Loss: 2.300272

Test set: Average loss: 2.3278, Accuracy: 1421/10000 (14%)

Train Epoch: 47 [0/60000 (0%)]	Loss: 2.272483
Train Epoch: 47 [6400/60000 (11%)]	Loss: 2.312024
Train Epoch: 47 [12800/60000 (21%)]	Loss: 2.225927
Train Epoch: 47 [19200/60000 (32%)]	Loss: 2.376102
Train Epoch: 47 [25600/60000 (43%)]	Loss: 2.364543
Train Epoch: 47 [32000/60000 (53%)]	Loss: 2.368196
Train Epoch: 47 [38400/60000 (64%)]	Loss: 2.295140
Train Epoch: 47 [44800/60000 (75%)]	Loss: 2.322568
Train Epoch: 47 [51200/60000 (85%)]	Loss: 2.236960
Train Epoch: 47 [57600/60000 (96%)]	Loss: 2.326021

Test set: Average loss: 2.3220, Accuracy: 1257/10000 (13%)

Train Epoch: 48 [0/60000 (0%)]	Loss: 2.346865
Train Epoch: 48 [6400/60000 (11%)]	Loss: 2.281809
Train Epoch: 48 [12800/60000 (21%)]	Loss: 2.335933
Train Epoch: 48 [19200/60000 (32%)]	Loss: 2.257727
Train Epoch: 48 [25600/60000 (43%)]	Loss: 2.320417
Train Epoch: 48 [32000/60000 (53%)]	Loss: 2.270959
Train Epoch: 48 [38400/60000 (64%)]	Loss: 2.199721
Train Epoch: 48 [44800/60000 (75%)]	Loss: 2.172381
Train Epoch: 48 [51200/60000 (85%)]	Loss: 2.256748
Train Epoch: 48 [57600/60000 (96%)]	Loss: 2.335032

Test set: Average loss: 2.3226, Accuracy: 1109/10000 (11%)

Train Epoch: 49 [0/60000 (0%)]	Loss: 2.238527
Train Epoch: 49 [6400/60000 (11%)]	Loss: 2.261455
Train Epoch: 49 [12800/60000 (21%)]	Loss: 2.305100
Train Epoch: 49 [19200/60000 (32%)]	Loss: 2.326398
Train Epoch: 49 [25600/60000 (43%)]	Loss: 2.337453
Train Epoch: 49 [32000/60000 (53%)]	Loss: 2.313636
Train Epoch: 49 [38400/60000 (64%)]	Loss: 2.405891
Train Epoch: 49 [44800/60000 (75%)]	Loss: 2.235660
Train Epoch: 49 [51200/60000 (85%)]	Loss: 2.267143
Train Epoch: 49 [57600/60000 (96%)]	Loss: 2.270018

Test set: Average loss: 2.3314, Accuracy: 1217/10000 (12%)

Train Epoch: 50 [0/60000 (0%)]	Loss: 2.374538
Train Epoch: 50 [6400/60000 (11%)]	Loss: 2.311987
Train Epoch: 50 [12800/60000 (21%)]	Loss: 2.301192
Train Epoch: 50 [19200/60000 (32%)]	Loss: 2.207911
Train Epoch: 50 [25600/60000 (43%)]	Loss: 2.300540
Train Epoch: 50 [32000/60000 (53%)]	Loss: 2.420425
Train Epoch: 50 [38400/60000 (64%)]	Loss: 2.217071
Train Epoch: 50 [44800/60000 (75%)]	Loss: 2.365241
Train Epoch: 50 [51200/60000 (85%)]	Loss: 2.265369
Train Epoch: 50 [57600/60000 (96%)]	Loss: 2.424844

Test set: Average loss: 2.3296, Accuracy: 1154/10000 (12%)

Train Epoch: 51 [0/60000 (0%)]	Loss: 2.511255
Train Epoch: 51 [6400/60000 (11%)]	Loss: 2.342467
Train Epoch: 51 [12800/60000 (21%)]	Loss: 2.195702
Train Epoch: 51 [19200/60000 (32%)]	Loss: 2.302329
Train Epoch: 51 [25600/60000 (43%)]	Loss: 2.198577
Train Epoch: 51 [32000/60000 (53%)]	Loss: 2.291247
Train Epoch: 51 [38400/60000 (64%)]	Loss: 2.317884
Train Epoch: 51 [44800/60000 (75%)]	Loss: 2.311022
Train Epoch: 51 [51200/60000 (85%)]	Loss: 2.207070
Train Epoch: 51 [57600/60000 (96%)]	Loss: 2.267642

Test set: Average loss: 2.3345, Accuracy: 1224/10000 (12%)

Train Epoch: 52 [0/60000 (0%)]	Loss: 2.289804
Train Epoch: 52 [6400/60000 (11%)]	Loss: 2.203571
Train Epoch: 52 [12800/60000 (21%)]	Loss: 2.213957
Train Epoch: 52 [19200/60000 (32%)]	Loss: 2.344495
Train Epoch: 52 [25600/60000 (43%)]	Loss: 2.446393
Train Epoch: 52 [32000/60000 (53%)]	Loss: 2.156546
Train Epoch: 52 [38400/60000 (64%)]	Loss: 2.340080
Train Epoch: 52 [44800/60000 (75%)]	Loss: 2.344392
Train Epoch: 52 [51200/60000 (85%)]	Loss: 2.205151
Train Epoch: 52 [57600/60000 (96%)]	Loss: 2.299894

Test set: Average loss: 2.3353, Accuracy: 1175/10000 (12%)

Train Epoch: 53 [0/60000 (0%)]	Loss: 2.366689
Train Epoch: 53 [6400/60000 (11%)]	Loss: 2.195080
Train Epoch: 53 [12800/60000 (21%)]	Loss: 2.372761
Train Epoch: 53 [19200/60000 (32%)]	Loss: 2.248366
Train Epoch: 53 [25600/60000 (43%)]	Loss: 2.392176
Train Epoch: 53 [32000/60000 (53%)]	Loss: 2.285324
Train Epoch: 53 [38400/60000 (64%)]	Loss: 2.374961
Train Epoch: 53 [44800/60000 (75%)]	Loss: 2.288041
Train Epoch: 53 [51200/60000 (85%)]	Loss: 2.326399
Train Epoch: 53 [57600/60000 (96%)]	Loss: 2.286256

Test set: Average loss: 2.3282, Accuracy: 1402/10000 (14%)

Train Epoch: 54 [0/60000 (0%)]	Loss: 2.370613
Train Epoch: 54 [6400/60000 (11%)]	Loss: 2.390110
Train Epoch: 54 [12800/60000 (21%)]	Loss: 2.296046
Train Epoch: 54 [19200/60000 (32%)]	Loss: 2.358998
Train Epoch: 54 [25600/60000 (43%)]	Loss: 2.401014
Train Epoch: 54 [32000/60000 (53%)]	Loss: 2.385786
Train Epoch: 54 [38400/60000 (64%)]	Loss: 2.306774
Train Epoch: 54 [44800/60000 (75%)]	Loss: 2.356262
Train Epoch: 54 [51200/60000 (85%)]	Loss: 2.270630
Train Epoch: 54 [57600/60000 (96%)]	Loss: 2.302738

Test set: Average loss: 2.3358, Accuracy: 1209/10000 (12%)

Train Epoch: 55 [0/60000 (0%)]	Loss: 2.265779
Train Epoch: 55 [6400/60000 (11%)]	Loss: 2.328179
Train Epoch: 55 [12800/60000 (21%)]	Loss: 2.290545
Train Epoch: 55 [19200/60000 (32%)]	Loss: 2.318817
Train Epoch: 55 [25600/60000 (43%)]	Loss: 2.278219
Train Epoch: 55 [32000/60000 (53%)]	Loss: 2.357605
Train Epoch: 55 [38400/60000 (64%)]	Loss: 2.254609
Train Epoch: 55 [44800/60000 (75%)]	Loss: 2.281807
Train Epoch: 55 [51200/60000 (85%)]	Loss: 2.391083
Train Epoch: 55 [57600/60000 (96%)]	Loss: 2.278074

Test set: Average loss: 2.3383, Accuracy: 1157/10000 (12%)

Train Epoch: 56 [0/60000 (0%)]	Loss: 2.477931
Train Epoch: 56 [6400/60000 (11%)]	Loss: 2.379246
Train Epoch: 56 [12800/60000 (21%)]	Loss: 2.292921
Train Epoch: 56 [19200/60000 (32%)]	Loss: 2.391351
Train Epoch: 56 [25600/60000 (43%)]	Loss: 2.346332
Train Epoch: 56 [32000/60000 (53%)]	Loss: 2.329086
Train Epoch: 56 [38400/60000 (64%)]	Loss: 2.398392
Train Epoch: 56 [44800/60000 (75%)]	Loss: 2.293538
Train Epoch: 56 [51200/60000 (85%)]	Loss: 2.261215
Train Epoch: 56 [57600/60000 (96%)]	Loss: 2.294539

Test set: Average loss: 2.3447, Accuracy: 1191/10000 (12%)

Train Epoch: 57 [0/60000 (0%)]	Loss: 2.270365
Train Epoch: 57 [6400/60000 (11%)]	Loss: 2.257856
Train Epoch: 57 [12800/60000 (21%)]	Loss: 2.387503
Train Epoch: 57 [19200/60000 (32%)]	Loss: 2.330005
Train Epoch: 57 [25600/60000 (43%)]	Loss: 2.251833
Train Epoch: 57 [32000/60000 (53%)]	Loss: 2.301167
Train Epoch: 57 [38400/60000 (64%)]	Loss: 2.387022
Train Epoch: 57 [44800/60000 (75%)]	Loss: 2.212175
Train Epoch: 57 [51200/60000 (85%)]	Loss: 2.318954
Train Epoch: 57 [57600/60000 (96%)]	Loss: 2.308793

Test set: Average loss: 2.3381, Accuracy: 1255/10000 (13%)

Train Epoch: 58 [0/60000 (0%)]	Loss: 2.432483
Train Epoch: 58 [6400/60000 (11%)]	Loss: 2.333271
Train Epoch: 58 [12800/60000 (21%)]	Loss: 2.284598
Train Epoch: 58 [19200/60000 (32%)]	Loss: 2.415365
Train Epoch: 58 [25600/60000 (43%)]	Loss: 2.224358
Train Epoch: 58 [32000/60000 (53%)]	Loss: 2.371733
Train Epoch: 58 [38400/60000 (64%)]	Loss: 2.352616
Train Epoch: 58 [44800/60000 (75%)]	Loss: 2.367491
Train Epoch: 58 [51200/60000 (85%)]	Loss: 2.344074
Train Epoch: 58 [57600/60000 (96%)]	Loss: 2.334094

Test set: Average loss: 2.3323, Accuracy: 973/10000 (10%)

Train Epoch: 59 [0/60000 (0%)]	Loss: 2.249474
Train Epoch: 59 [6400/60000 (11%)]	Loss: 2.364558
Train Epoch: 59 [12800/60000 (21%)]	Loss: 2.297691
Train Epoch: 59 [19200/60000 (32%)]	Loss: 2.438056
Train Epoch: 59 [25600/60000 (43%)]	Loss: 2.371212
Train Epoch: 59 [32000/60000 (53%)]	Loss: 2.254555
Train Epoch: 59 [38400/60000 (64%)]	Loss: 2.260095
Train Epoch: 59 [44800/60000 (75%)]	Loss: 2.261356
Train Epoch: 59 [51200/60000 (85%)]	Loss: 2.396276
Train Epoch: 59 [57600/60000 (96%)]	Loss: 2.229620

Test set: Average loss: 2.3411, Accuracy: 1680/10000 (17%)

Train Epoch: 60 [0/60000 (0%)]	Loss: 2.311251
Train Epoch: 60 [6400/60000 (11%)]	Loss: 2.356389
Train Epoch: 60 [12800/60000 (21%)]	Loss: 2.540374
Train Epoch: 60 [19200/60000 (32%)]	Loss: 2.347264
Train Epoch: 60 [25600/60000 (43%)]	Loss: 2.299932
Train Epoch: 60 [32000/60000 (53%)]	Loss: 2.288096
Train Epoch: 60 [38400/60000 (64%)]	Loss: 2.279810
Train Epoch: 60 [44800/60000 (75%)]	Loss: 2.406157
Train Epoch: 60 [51200/60000 (85%)]	Loss: 2.375953
Train Epoch: 60 [57600/60000 (96%)]	Loss: 2.336248

Test set: Average loss: 2.3356, Accuracy: 1248/10000 (12%)

Train Epoch: 61 [0/60000 (0%)]	Loss: 2.459282
Train Epoch: 61 [6400/60000 (11%)]	Loss: 2.313101
Train Epoch: 61 [12800/60000 (21%)]	Loss: 2.312786
Train Epoch: 61 [19200/60000 (32%)]	Loss: 2.316095
Train Epoch: 61 [25600/60000 (43%)]	Loss: 2.386453
Train Epoch: 61 [32000/60000 (53%)]	Loss: 2.197067
Train Epoch: 61 [38400/60000 (64%)]	Loss: 2.279076
Train Epoch: 61 [44800/60000 (75%)]	Loss: 2.400921
Train Epoch: 61 [51200/60000 (85%)]	Loss: 2.363505
Train Epoch: 61 [57600/60000 (96%)]	Loss: 2.360686

Test set: Average loss: 2.3289, Accuracy: 1178/10000 (12%)

Train Epoch: 62 [0/60000 (0%)]	Loss: 2.193885
Train Epoch: 62 [6400/60000 (11%)]	Loss: 2.346697
Train Epoch: 62 [12800/60000 (21%)]	Loss: 2.280644
Train Epoch: 62 [19200/60000 (32%)]	Loss: 2.412376
Train Epoch: 62 [25600/60000 (43%)]	Loss: 2.310878
Train Epoch: 62 [32000/60000 (53%)]	Loss: 2.361238
Train Epoch: 62 [38400/60000 (64%)]	Loss: 2.227780
Train Epoch: 62 [44800/60000 (75%)]	Loss: 2.316414
Train Epoch: 62 [51200/60000 (85%)]	Loss: 2.494369
Train Epoch: 62 [57600/60000 (96%)]	Loss: 2.312229

Test set: Average loss: 2.3337, Accuracy: 1137/10000 (11%)

Train Epoch: 63 [0/60000 (0%)]	Loss: 2.358649
Train Epoch: 63 [6400/60000 (11%)]	Loss: 2.355362
Train Epoch: 63 [12800/60000 (21%)]	Loss: 2.355749
Train Epoch: 63 [19200/60000 (32%)]	Loss: 2.351478
Train Epoch: 63 [25600/60000 (43%)]	Loss: 2.436466
Train Epoch: 63 [32000/60000 (53%)]	Loss: 2.424027
Train Epoch: 63 [38400/60000 (64%)]	Loss: 2.314740
Train Epoch: 63 [44800/60000 (75%)]	Loss: 2.319531
Train Epoch: 63 [51200/60000 (85%)]	Loss: 2.232234
Train Epoch: 63 [57600/60000 (96%)]	Loss: 2.361452

Test set: Average loss: 2.3398, Accuracy: 1216/10000 (12%)

Train Epoch: 64 [0/60000 (0%)]	Loss: 2.332184
Train Epoch: 64 [6400/60000 (11%)]	Loss: 2.327958
Train Epoch: 64 [12800/60000 (21%)]	Loss: 2.344923
Train Epoch: 64 [19200/60000 (32%)]	Loss: 2.188500
Train Epoch: 64 [25600/60000 (43%)]	Loss: 2.113023
Train Epoch: 64 [32000/60000 (53%)]	Loss: 2.363468
Train Epoch: 64 [38400/60000 (64%)]	Loss: 2.274191
Train Epoch: 64 [44800/60000 (75%)]	Loss: 2.222729
Train Epoch: 64 [51200/60000 (85%)]	Loss: 2.262048
Train Epoch: 64 [57600/60000 (96%)]	Loss: 2.432805

Test set: Average loss: 2.3450, Accuracy: 1147/10000 (11%)

Train Epoch: 65 [0/60000 (0%)]	Loss: 2.361718
Train Epoch: 65 [6400/60000 (11%)]	Loss: 2.292322
Train Epoch: 65 [12800/60000 (21%)]	Loss: 2.266135
Train Epoch: 65 [19200/60000 (32%)]	Loss: 2.196358
Train Epoch: 65 [25600/60000 (43%)]	Loss: 2.391149
Train Epoch: 65 [32000/60000 (53%)]	Loss: 2.354444
Train Epoch: 65 [38400/60000 (64%)]	Loss: 2.343592
Train Epoch: 65 [44800/60000 (75%)]	Loss: 2.296417
Train Epoch: 65 [51200/60000 (85%)]	Loss: 2.418256
Train Epoch: 65 [57600/60000 (96%)]	Loss: 2.361761

Test set: Average loss: 2.3421, Accuracy: 1510/10000 (15%)

Train Epoch: 66 [0/60000 (0%)]	Loss: 2.320446
Train Epoch: 66 [6400/60000 (11%)]	Loss: 2.245625
Train Epoch: 66 [12800/60000 (21%)]	Loss: 2.265005
Train Epoch: 66 [19200/60000 (32%)]	Loss: 2.373257
Train Epoch: 66 [25600/60000 (43%)]	Loss: 2.349852
Train Epoch: 66 [32000/60000 (53%)]	Loss: 2.426018
Train Epoch: 66 [38400/60000 (64%)]	Loss: 2.280375
Train Epoch: 66 [44800/60000 (75%)]	Loss: 2.324283
Train Epoch: 66 [51200/60000 (85%)]	Loss: 2.327223
Train Epoch: 66 [57600/60000 (96%)]	Loss: 2.313429

Test set: Average loss: 2.3353, Accuracy: 1126/10000 (11%)

Train Epoch: 67 [0/60000 (0%)]	Loss: 2.311508
Train Epoch: 67 [6400/60000 (11%)]	Loss: 2.334931
Train Epoch: 67 [12800/60000 (21%)]	Loss: 2.244492
Train Epoch: 67 [19200/60000 (32%)]	Loss: 2.281186
Train Epoch: 67 [25600/60000 (43%)]	Loss: 2.473120
Train Epoch: 67 [32000/60000 (53%)]	Loss: 2.451555
Train Epoch: 67 [38400/60000 (64%)]	Loss: 2.395648
Train Epoch: 67 [44800/60000 (75%)]	Loss: 2.316737
Train Epoch: 67 [51200/60000 (85%)]	Loss: 2.276681
Train Epoch: 67 [57600/60000 (96%)]	Loss: 2.292533

Test set: Average loss: 2.3472, Accuracy: 1151/10000 (12%)

Train Epoch: 68 [0/60000 (0%)]	Loss: 2.288984
Train Epoch: 68 [6400/60000 (11%)]	Loss: 2.427245
Train Epoch: 68 [12800/60000 (21%)]	Loss: 2.260883
Train Epoch: 68 [19200/60000 (32%)]	Loss: 2.203592
Train Epoch: 68 [25600/60000 (43%)]	Loss: 2.395567
Train Epoch: 68 [32000/60000 (53%)]	Loss: 2.363483
Train Epoch: 68 [38400/60000 (64%)]	Loss: 2.427243
Train Epoch: 68 [44800/60000 (75%)]	Loss: 2.173182
Train Epoch: 68 [51200/60000 (85%)]	Loss: 2.348621
Train Epoch: 68 [57600/60000 (96%)]	Loss: 2.397207

Test set: Average loss: 2.3308, Accuracy: 1150/10000 (12%)

Train Epoch: 69 [0/60000 (0%)]	Loss: 2.361463
Train Epoch: 69 [6400/60000 (11%)]	Loss: 2.339559
Train Epoch: 69 [12800/60000 (21%)]	Loss: 2.333230
Train Epoch: 69 [19200/60000 (32%)]	Loss: 2.299249
Train Epoch: 69 [25600/60000 (43%)]	Loss: 2.289069
Train Epoch: 69 [32000/60000 (53%)]	Loss: 2.258396
Train Epoch: 69 [38400/60000 (64%)]	Loss: 2.425704
Train Epoch: 69 [44800/60000 (75%)]	Loss: 2.203249
Train Epoch: 69 [51200/60000 (85%)]	Loss: 2.407820
Train Epoch: 69 [57600/60000 (96%)]	Loss: 2.346584

Test set: Average loss: 2.3351, Accuracy: 1230/10000 (12%)

Train Epoch: 70 [0/60000 (0%)]	Loss: 2.565796
Train Epoch: 70 [6400/60000 (11%)]	Loss: 2.288752
Train Epoch: 70 [12800/60000 (21%)]	Loss: 2.494918
Train Epoch: 70 [19200/60000 (32%)]	Loss: 2.300834
Train Epoch: 70 [25600/60000 (43%)]	Loss: 2.374581
Train Epoch: 70 [32000/60000 (53%)]	Loss: 2.330001
Train Epoch: 70 [38400/60000 (64%)]	Loss: 2.377861
Train Epoch: 70 [44800/60000 (75%)]	Loss: 2.464610
Train Epoch: 70 [51200/60000 (85%)]	Loss: 2.323495
Train Epoch: 70 [57600/60000 (96%)]	Loss: 2.221959

Test set: Average loss: 2.3401, Accuracy: 993/10000 (10%)

Train Epoch: 71 [0/60000 (0%)]	Loss: 2.309695
Train Epoch: 71 [6400/60000 (11%)]	Loss: 2.332430
Train Epoch: 71 [12800/60000 (21%)]	Loss: 2.325953
Train Epoch: 71 [19200/60000 (32%)]	Loss: 2.492061
Train Epoch: 71 [25600/60000 (43%)]	Loss: 2.254978
Train Epoch: 71 [32000/60000 (53%)]	Loss: 2.458104
Train Epoch: 71 [38400/60000 (64%)]	Loss: 2.273914
Train Epoch: 71 [44800/60000 (75%)]	Loss: 2.299954
Train Epoch: 71 [51200/60000 (85%)]	Loss: 2.357805
Train Epoch: 71 [57600/60000 (96%)]	Loss: 2.321264

Test set: Average loss: 2.3476, Accuracy: 1182/10000 (12%)

Train Epoch: 72 [0/60000 (0%)]	Loss: 2.352292
Train Epoch: 72 [6400/60000 (11%)]	Loss: 2.322611
Train Epoch: 72 [12800/60000 (21%)]	Loss: 2.439925
Train Epoch: 72 [19200/60000 (32%)]	Loss: 2.373775
Train Epoch: 72 [25600/60000 (43%)]	Loss: 2.368318
Train Epoch: 72 [32000/60000 (53%)]	Loss: 2.435968
Train Epoch: 72 [38400/60000 (64%)]	Loss: 2.444605
Train Epoch: 72 [44800/60000 (75%)]	Loss: 2.326376
Train Epoch: 72 [51200/60000 (85%)]	Loss: 2.201042
Train Epoch: 72 [57600/60000 (96%)]	Loss: 2.395579

Test set: Average loss: 2.3442, Accuracy: 1169/10000 (12%)

Train Epoch: 73 [0/60000 (0%)]	Loss: 2.357024
Train Epoch: 73 [6400/60000 (11%)]	Loss: 2.404678
Train Epoch: 73 [12800/60000 (21%)]	Loss: 2.432307
Train Epoch: 73 [19200/60000 (32%)]	Loss: 2.285654
Train Epoch: 73 [25600/60000 (43%)]	Loss: 2.455538
Train Epoch: 73 [32000/60000 (53%)]	Loss: 2.296930
Train Epoch: 73 [38400/60000 (64%)]	Loss: 2.380075
Train Epoch: 73 [44800/60000 (75%)]	Loss: 2.395011
Train Epoch: 73 [51200/60000 (85%)]	Loss: 2.367036
Train Epoch: 73 [57600/60000 (96%)]	Loss: 2.412462

Test set: Average loss: 2.3432, Accuracy: 1111/10000 (11%)

Train Epoch: 74 [0/60000 (0%)]	Loss: 2.351475
Train Epoch: 74 [6400/60000 (11%)]	Loss: 2.273952
Train Epoch: 74 [12800/60000 (21%)]	Loss: 2.394240
Train Epoch: 74 [19200/60000 (32%)]	Loss: 2.418403
Train Epoch: 74 [25600/60000 (43%)]	Loss: 2.363454
Train Epoch: 74 [32000/60000 (53%)]	Loss: 2.342653
Train Epoch: 74 [38400/60000 (64%)]	Loss: 2.282713
Train Epoch: 74 [44800/60000 (75%)]	Loss: 2.391868
Train Epoch: 74 [51200/60000 (85%)]	Loss: 2.293659
Train Epoch: 74 [57600/60000 (96%)]	Loss: 2.341633

Test set: Average loss: 2.3443, Accuracy: 1217/10000 (12%)

Train Epoch: 75 [0/60000 (0%)]	Loss: 2.237329
Train Epoch: 75 [6400/60000 (11%)]	Loss: 2.305925
Train Epoch: 75 [12800/60000 (21%)]	Loss: 2.380315
Train Epoch: 75 [19200/60000 (32%)]	Loss: 2.412805
Train Epoch: 75 [25600/60000 (43%)]	Loss: 2.341701
Train Epoch: 75 [32000/60000 (53%)]	Loss: 2.302254
Train Epoch: 75 [38400/60000 (64%)]	Loss: 2.294300
Train Epoch: 75 [44800/60000 (75%)]	Loss: 2.395054
Train Epoch: 75 [51200/60000 (85%)]	Loss: 2.377462
Train Epoch: 75 [57600/60000 (96%)]	Loss: 2.411079

Test set: Average loss: 2.3493, Accuracy: 1128/10000 (11%)

Train Epoch: 76 [0/60000 (0%)]	Loss: 2.284737
Train Epoch: 76 [6400/60000 (11%)]	Loss: 2.297962
Train Epoch: 76 [12800/60000 (21%)]	Loss: 2.404186
Train Epoch: 76 [19200/60000 (32%)]	Loss: 2.277974
Train Epoch: 76 [25600/60000 (43%)]	Loss: 2.259001
Train Epoch: 76 [32000/60000 (53%)]	Loss: 2.293389
Train Epoch: 76 [38400/60000 (64%)]	Loss: 2.290572
Train Epoch: 76 [44800/60000 (75%)]	Loss: 2.318822
Train Epoch: 76 [51200/60000 (85%)]	Loss: 2.443127
Train Epoch: 76 [57600/60000 (96%)]	Loss: 2.289680

Test set: Average loss: 2.3679, Accuracy: 1125/10000 (11%)

Train Epoch: 77 [0/60000 (0%)]	Loss: 2.407188
Train Epoch: 77 [6400/60000 (11%)]	Loss: 2.367178
Train Epoch: 77 [12800/60000 (21%)]	Loss: 2.331477
Train Epoch: 77 [19200/60000 (32%)]	Loss: 2.215407
Train Epoch: 77 [25600/60000 (43%)]	Loss: 2.428390
Train Epoch: 77 [32000/60000 (53%)]	Loss: 2.403590
Train Epoch: 77 [38400/60000 (64%)]	Loss: 2.395549
Train Epoch: 77 [44800/60000 (75%)]	Loss: 2.265124
Train Epoch: 77 [51200/60000 (85%)]	Loss: 2.274608
Train Epoch: 77 [57600/60000 (96%)]	Loss: 2.312580

Test set: Average loss: 2.3479, Accuracy: 1102/10000 (11%)

Train Epoch: 78 [0/60000 (0%)]	Loss: 2.394069
Train Epoch: 78 [6400/60000 (11%)]	Loss: 2.308031
Train Epoch: 78 [12800/60000 (21%)]	Loss: 2.389013
Train Epoch: 78 [19200/60000 (32%)]	Loss: 2.358388
Train Epoch: 78 [25600/60000 (43%)]	Loss: 2.398288
Train Epoch: 78 [32000/60000 (53%)]	Loss: 2.336575
Train Epoch: 78 [38400/60000 (64%)]	Loss: 2.291789
Train Epoch: 78 [44800/60000 (75%)]	Loss: 2.278517
Train Epoch: 78 [51200/60000 (85%)]	Loss: 2.418865
Train Epoch: 78 [57600/60000 (96%)]	Loss: 2.364343

Test set: Average loss: 2.3494, Accuracy: 1036/10000 (10%)

Train Epoch: 79 [0/60000 (0%)]	Loss: 2.388316
Train Epoch: 79 [6400/60000 (11%)]	Loss: 2.306367
Train Epoch: 79 [12800/60000 (21%)]	Loss: 2.330400
Train Epoch: 79 [19200/60000 (32%)]	Loss: 2.357474
Train Epoch: 79 [25600/60000 (43%)]	Loss: 2.435852
Train Epoch: 79 [32000/60000 (53%)]	Loss: 2.292903
Train Epoch: 79 [38400/60000 (64%)]	Loss: 2.519610
Train Epoch: 79 [44800/60000 (75%)]	Loss: 2.423354
Train Epoch: 79 [51200/60000 (85%)]	Loss: 2.376613
Train Epoch: 79 [57600/60000 (96%)]	Loss: 2.228810

Test set: Average loss: 2.3490, Accuracy: 977/10000 (10%)

Train Epoch: 80 [0/60000 (0%)]	Loss: 2.339476
Train Epoch: 80 [6400/60000 (11%)]	Loss: 2.359069
Train Epoch: 80 [12800/60000 (21%)]	Loss: 2.430030
Train Epoch: 80 [19200/60000 (32%)]	Loss: 2.247011
Train Epoch: 80 [25600/60000 (43%)]	Loss: 2.295622
Train Epoch: 80 [32000/60000 (53%)]	Loss: 2.231658
Train Epoch: 80 [38400/60000 (64%)]	Loss: 2.411407
Train Epoch: 80 [44800/60000 (75%)]	Loss: 2.302346
Train Epoch: 80 [51200/60000 (85%)]	Loss: 2.299637
Train Epoch: 80 [57600/60000 (96%)]	Loss: 2.494762

Test set: Average loss: 2.3434, Accuracy: 1049/10000 (10%)

Train Epoch: 81 [0/60000 (0%)]	Loss: 2.370832
Train Epoch: 81 [6400/60000 (11%)]	Loss: 2.424935
Train Epoch: 81 [12800/60000 (21%)]	Loss: 2.318051
Train Epoch: 81 [19200/60000 (32%)]	Loss: 2.209890
Train Epoch: 81 [25600/60000 (43%)]	Loss: 2.442722
Train Epoch: 81 [32000/60000 (53%)]	Loss: 2.329589
Train Epoch: 81 [38400/60000 (64%)]	Loss: 2.320135
Train Epoch: 81 [44800/60000 (75%)]	Loss: 2.382661
Train Epoch: 81 [51200/60000 (85%)]	Loss: 2.335497
Train Epoch: 81 [57600/60000 (96%)]	Loss: 2.355248

Test set: Average loss: 2.3621, Accuracy: 1069/10000 (11%)

Train Epoch: 82 [0/60000 (0%)]	Loss: 2.394774
Train Epoch: 82 [6400/60000 (11%)]	Loss: 2.281502
Train Epoch: 82 [12800/60000 (21%)]	Loss: 2.441883
Train Epoch: 82 [19200/60000 (32%)]	Loss: 2.364227
Train Epoch: 82 [25600/60000 (43%)]	Loss: 2.370929
Train Epoch: 82 [32000/60000 (53%)]	Loss: 2.414762
Train Epoch: 82 [38400/60000 (64%)]	Loss: 2.453475
Train Epoch: 82 [44800/60000 (75%)]	Loss: 2.273767
Train Epoch: 82 [51200/60000 (85%)]	Loss: 2.380502
Train Epoch: 82 [57600/60000 (96%)]	Loss: 2.234741

Test set: Average loss: 2.3514, Accuracy: 1190/10000 (12%)

Train Epoch: 83 [0/60000 (0%)]	Loss: 2.396842
Train Epoch: 83 [6400/60000 (11%)]	Loss: 2.417231
Train Epoch: 83 [12800/60000 (21%)]	Loss: 2.485784
Train Epoch: 83 [19200/60000 (32%)]	Loss: 2.311832
Train Epoch: 83 [25600/60000 (43%)]	Loss: 2.352763
Train Epoch: 83 [32000/60000 (53%)]	Loss: 2.373144
Train Epoch: 83 [38400/60000 (64%)]	Loss: 2.257921
Train Epoch: 83 [44800/60000 (75%)]	Loss: 2.402825
Train Epoch: 83 [51200/60000 (85%)]	Loss: 2.476081
Train Epoch: 83 [57600/60000 (96%)]	Loss: 2.401478

Test set: Average loss: 2.3568, Accuracy: 1092/10000 (11%)

Train Epoch: 84 [0/60000 (0%)]	Loss: 2.363453
Train Epoch: 84 [6400/60000 (11%)]	Loss: 2.446454
Train Epoch: 84 [12800/60000 (21%)]	Loss: 2.362262
Train Epoch: 84 [19200/60000 (32%)]	Loss: 2.294660
Train Epoch: 84 [25600/60000 (43%)]	Loss: 2.334091
Train Epoch: 84 [32000/60000 (53%)]	Loss: 2.283595
Train Epoch: 84 [38400/60000 (64%)]	Loss: 2.409084
Train Epoch: 84 [44800/60000 (75%)]	Loss: 2.395458
Train Epoch: 84 [51200/60000 (85%)]	Loss: 2.376685
Train Epoch: 84 [57600/60000 (96%)]	Loss: 2.276312

Test set: Average loss: 2.3418, Accuracy: 1116/10000 (11%)

Train Epoch: 85 [0/60000 (0%)]	Loss: 2.384152
Train Epoch: 85 [6400/60000 (11%)]	Loss: 2.284038
Train Epoch: 85 [12800/60000 (21%)]	Loss: 2.395959
Train Epoch: 85 [19200/60000 (32%)]	Loss: 2.353845
Train Epoch: 85 [25600/60000 (43%)]	Loss: 2.354269
Train Epoch: 85 [32000/60000 (53%)]	Loss: 2.318040
Train Epoch: 85 [38400/60000 (64%)]	Loss: 2.428143
Train Epoch: 85 [44800/60000 (75%)]	Loss: 2.291790
Train Epoch: 85 [51200/60000 (85%)]	Loss: 2.322523
Train Epoch: 85 [57600/60000 (96%)]	Loss: 2.279659

Test set: Average loss: 2.3478, Accuracy: 1161/10000 (12%)

Train Epoch: 86 [0/60000 (0%)]	Loss: 2.487803
Train Epoch: 86 [6400/60000 (11%)]	Loss: 2.345246
Train Epoch: 86 [12800/60000 (21%)]	Loss: 2.351093
Train Epoch: 86 [19200/60000 (32%)]	Loss: 2.364633
Train Epoch: 86 [25600/60000 (43%)]	Loss: 2.325726
Train Epoch: 86 [32000/60000 (53%)]	Loss: 2.391039
Train Epoch: 86 [38400/60000 (64%)]	Loss: 2.325700
Train Epoch: 86 [44800/60000 (75%)]	Loss: 2.356305
Train Epoch: 86 [51200/60000 (85%)]	Loss: 2.404029
Train Epoch: 86 [57600/60000 (96%)]	Loss: 2.352353

Test set: Average loss: 2.3748, Accuracy: 1110/10000 (11%)

Train Epoch: 87 [0/60000 (0%)]	Loss: 2.366131
Train Epoch: 87 [6400/60000 (11%)]	Loss: 2.323346
Train Epoch: 87 [12800/60000 (21%)]	Loss: 2.410371
Train Epoch: 87 [19200/60000 (32%)]	Loss: 2.430994
Train Epoch: 87 [25600/60000 (43%)]	Loss: 2.293008
Train Epoch: 87 [32000/60000 (53%)]	Loss: 2.468100
Train Epoch: 87 [38400/60000 (64%)]	Loss: 2.146750
Train Epoch: 87 [44800/60000 (75%)]	Loss: 2.309343
Train Epoch: 87 [51200/60000 (85%)]	Loss: 2.367135
Train Epoch: 87 [57600/60000 (96%)]	Loss: 2.450482

Test set: Average loss: 2.3428, Accuracy: 1025/10000 (10%)

Train Epoch: 88 [0/60000 (0%)]	Loss: 2.305804
Train Epoch: 88 [6400/60000 (11%)]	Loss: 2.409375
Train Epoch: 88 [12800/60000 (21%)]	Loss: 2.251791
Train Epoch: 88 [19200/60000 (32%)]	Loss: 2.353715
Train Epoch: 88 [25600/60000 (43%)]	Loss: 2.431195
Train Epoch: 88 [32000/60000 (53%)]	Loss: 2.369473
Train Epoch: 88 [38400/60000 (64%)]	Loss: 2.362118
Train Epoch: 88 [44800/60000 (75%)]	Loss: 2.404059
Train Epoch: 88 [51200/60000 (85%)]	Loss: 2.283058
Train Epoch: 88 [57600/60000 (96%)]	Loss: 2.271927

Test set: Average loss: 2.3401, Accuracy: 1251/10000 (13%)

Train Epoch: 89 [0/60000 (0%)]	Loss: 2.327258
Train Epoch: 89 [6400/60000 (11%)]	Loss: 2.374707
Train Epoch: 89 [12800/60000 (21%)]	Loss: 2.324967
Train Epoch: 89 [19200/60000 (32%)]	Loss: 2.193330
Train Epoch: 89 [25600/60000 (43%)]	Loss: 2.263799
Train Epoch: 89 [32000/60000 (53%)]	Loss: 2.292839
Train Epoch: 89 [38400/60000 (64%)]	Loss: 2.415109
Train Epoch: 89 [44800/60000 (75%)]	Loss: 2.303235
Train Epoch: 89 [51200/60000 (85%)]	Loss: 2.380483
Train Epoch: 89 [57600/60000 (96%)]	Loss: 2.292938

Test set: Average loss: 2.3588, Accuracy: 1186/10000 (12%)

Train Epoch: 90 [0/60000 (0%)]	Loss: 2.349003
Train Epoch: 90 [6400/60000 (11%)]	Loss: 2.344273
Train Epoch: 90 [12800/60000 (21%)]	Loss: 2.283117
Train Epoch: 90 [19200/60000 (32%)]	Loss: 2.399938
Train Epoch: 90 [25600/60000 (43%)]	Loss: 2.346506
Train Epoch: 90 [32000/60000 (53%)]	Loss: 2.255763
Train Epoch: 90 [38400/60000 (64%)]	Loss: 2.401011
Train Epoch: 90 [44800/60000 (75%)]	Loss: 2.294450
Train Epoch: 90 [51200/60000 (85%)]	Loss: 2.338255
Train Epoch: 90 [57600/60000 (96%)]	Loss: 2.403069

Test set: Average loss: 2.3553, Accuracy: 1127/10000 (11%)

Train Epoch: 91 [0/60000 (0%)]	Loss: 2.378604
Train Epoch: 91 [6400/60000 (11%)]	Loss: 2.316475
Train Epoch: 91 [12800/60000 (21%)]	Loss: 2.262239
Train Epoch: 91 [19200/60000 (32%)]	Loss: 2.341526
Train Epoch: 91 [25600/60000 (43%)]	Loss: 2.370007
Train Epoch: 91 [32000/60000 (53%)]	Loss: 2.299233
Train Epoch: 91 [38400/60000 (64%)]	Loss: 2.389866
Train Epoch: 91 [44800/60000 (75%)]	Loss: 2.380361
Train Epoch: 91 [51200/60000 (85%)]	Loss: 2.321455
Train Epoch: 91 [57600/60000 (96%)]	Loss: 2.378272

Test set: Average loss: 2.3511, Accuracy: 1180/10000 (12%)

Train Epoch: 92 [0/60000 (0%)]	Loss: 2.280344
Train Epoch: 92 [6400/60000 (11%)]	Loss: 2.372203
Train Epoch: 92 [12800/60000 (21%)]	Loss: 2.348976
Train Epoch: 92 [19200/60000 (32%)]	Loss: 2.460612
Train Epoch: 92 [25600/60000 (43%)]	Loss: 2.413148
Train Epoch: 92 [32000/60000 (53%)]	Loss: 2.392915
Train Epoch: 92 [38400/60000 (64%)]	Loss: 2.345796
Train Epoch: 92 [44800/60000 (75%)]	Loss: 2.339153
Train Epoch: 92 [51200/60000 (85%)]	Loss: 2.236876
Train Epoch: 92 [57600/60000 (96%)]	Loss: 2.357978

Test set: Average loss: 2.3492, Accuracy: 1279/10000 (13%)

Train Epoch: 93 [0/60000 (0%)]	Loss: 2.349262
Train Epoch: 93 [6400/60000 (11%)]	Loss: 2.419134
Train Epoch: 93 [12800/60000 (21%)]	Loss: 2.379251
Train Epoch: 93 [19200/60000 (32%)]	Loss: 2.274483
Train Epoch: 93 [25600/60000 (43%)]	Loss: 2.326273
Train Epoch: 93 [32000/60000 (53%)]	Loss: 2.276445
Train Epoch: 93 [38400/60000 (64%)]	Loss: 2.374253
Train Epoch: 93 [44800/60000 (75%)]	Loss: 2.349747
Train Epoch: 93 [51200/60000 (85%)]	Loss: 2.383371
Train Epoch: 93 [57600/60000 (96%)]	Loss: 2.408910

Test set: Average loss: 2.3545, Accuracy: 1052/10000 (11%)

Train Epoch: 94 [0/60000 (0%)]	Loss: 2.319970
Train Epoch: 94 [6400/60000 (11%)]	Loss: 2.371360
Train Epoch: 94 [12800/60000 (21%)]	Loss: 2.297626
Train Epoch: 94 [19200/60000 (32%)]	Loss: 2.333092
Train Epoch: 94 [25600/60000 (43%)]	Loss: 2.211902
Train Epoch: 94 [32000/60000 (53%)]	Loss: 2.427291
Train Epoch: 94 [38400/60000 (64%)]	Loss: 2.292477
Train Epoch: 94 [44800/60000 (75%)]	Loss: 2.348042
Train Epoch: 94 [51200/60000 (85%)]	Loss: 2.211351
Train Epoch: 94 [57600/60000 (96%)]	Loss: 2.391805

Test set: Average loss: 2.3488, Accuracy: 1178/10000 (12%)

Train Epoch: 95 [0/60000 (0%)]	Loss: 2.390663
Train Epoch: 95 [6400/60000 (11%)]	Loss: 2.386314
Train Epoch: 95 [12800/60000 (21%)]	Loss: 2.386839
Train Epoch: 95 [19200/60000 (32%)]	Loss: 2.244153
Train Epoch: 95 [25600/60000 (43%)]	Loss: 2.480605
Train Epoch: 95 [32000/60000 (53%)]	Loss: 2.292550
Train Epoch: 95 [38400/60000 (64%)]	Loss: 2.404655
Train Epoch: 95 [44800/60000 (75%)]	Loss: 2.329296
Train Epoch: 95 [51200/60000 (85%)]	Loss: 2.252768
Train Epoch: 95 [57600/60000 (96%)]	Loss: 2.405714

Test set: Average loss: 2.3468, Accuracy: 1028/10000 (10%)

Train Epoch: 96 [0/60000 (0%)]	Loss: 2.260002
Train Epoch: 96 [6400/60000 (11%)]	Loss: 2.305774
Train Epoch: 96 [12800/60000 (21%)]	Loss: 2.348171
Train Epoch: 96 [19200/60000 (32%)]	Loss: 2.259570
Train Epoch: 96 [25600/60000 (43%)]	Loss: 2.300918
Train Epoch: 96 [32000/60000 (53%)]	Loss: 2.241388
Train Epoch: 96 [38400/60000 (64%)]	Loss: 2.390610
Train Epoch: 96 [44800/60000 (75%)]	Loss: 2.442554
Train Epoch: 96 [51200/60000 (85%)]	Loss: 2.305245
Train Epoch: 96 [57600/60000 (96%)]	Loss: 2.347307

Test set: Average loss: 2.3542, Accuracy: 1079/10000 (11%)

Train Epoch: 97 [0/60000 (0%)]	Loss: 2.294753
Train Epoch: 97 [6400/60000 (11%)]	Loss: 2.356709
Train Epoch: 97 [12800/60000 (21%)]	Loss: 2.415306
Train Epoch: 97 [19200/60000 (32%)]	Loss: 2.424841
Train Epoch: 97 [25600/60000 (43%)]	Loss: 2.343147
Train Epoch: 97 [32000/60000 (53%)]	Loss: 2.345731
Train Epoch: 97 [38400/60000 (64%)]	Loss: 2.390636
Train Epoch: 97 [44800/60000 (75%)]	Loss: 2.401033
Train Epoch: 97 [51200/60000 (85%)]	Loss: 2.416813
Train Epoch: 97 [57600/60000 (96%)]	Loss: 2.307050

Test set: Average loss: 2.3654, Accuracy: 1093/10000 (11%)

Train Epoch: 98 [0/60000 (0%)]	Loss: 2.393224
Train Epoch: 98 [6400/60000 (11%)]	Loss: 2.377757
Train Epoch: 98 [12800/60000 (21%)]	Loss: 2.352696
Train Epoch: 98 [19200/60000 (32%)]	Loss: 2.228172
Train Epoch: 98 [25600/60000 (43%)]	Loss: 2.317146
Train Epoch: 98 [32000/60000 (53%)]	Loss: 2.376560
Train Epoch: 98 [38400/60000 (64%)]	Loss: 2.332943
Train Epoch: 98 [44800/60000 (75%)]	Loss: 2.273395
Train Epoch: 98 [51200/60000 (85%)]	Loss: 2.337683
Train Epoch: 98 [57600/60000 (96%)]	Loss: 2.367649

Test set: Average loss: 2.3562, Accuracy: 1159/10000 (12%)

Train Epoch: 99 [0/60000 (0%)]	Loss: 2.312400
Train Epoch: 99 [6400/60000 (11%)]	Loss: 2.291758
Train Epoch: 99 [12800/60000 (21%)]	Loss: 2.389568
Train Epoch: 99 [19200/60000 (32%)]	Loss: 2.310491
Train Epoch: 99 [25600/60000 (43%)]	Loss: 2.359055
Train Epoch: 99 [32000/60000 (53%)]	Loss: 2.442953
Train Epoch: 99 [38400/60000 (64%)]	Loss: 2.357400
Train Epoch: 99 [44800/60000 (75%)]	Loss: 2.302199
Train Epoch: 99 [51200/60000 (85%)]	Loss: 2.238443
Train Epoch: 99 [57600/60000 (96%)]	Loss: 2.371491

Test set: Average loss: 2.3517, Accuracy: 1255/10000 (13%)

Train Epoch: 100 [0/60000 (0%)]	Loss: 2.493281
Train Epoch: 100 [6400/60000 (11%)]	Loss: 2.264667
Train Epoch: 100 [12800/60000 (21%)]	Loss: 2.309939
Train Epoch: 100 [19200/60000 (32%)]	Loss: 2.377484
Train Epoch: 100 [25600/60000 (43%)]	Loss: 2.416001
Train Epoch: 100 [32000/60000 (53%)]	Loss: 2.210515
Train Epoch: 100 [38400/60000 (64%)]	Loss: 2.326216
Train Epoch: 100 [44800/60000 (75%)]	Loss: 2.428655
Train Epoch: 100 [51200/60000 (85%)]	Loss: 2.233154
Train Epoch: 100 [57600/60000 (96%)]	Loss: 2.399039

Test set: Average loss: 2.3558, Accuracy: 1064/10000 (11%)

Namespace(batch_size=64, bias=None, data='../data', device=0, epochs=100, hidden_size=500, load_weights='../base3/lenet5/lenet5_e100_h500.pt', log_interval=100, lr=0.01, milestones=[5, 7], model='prunelenet5', momentum=0.9, no_cuda=False, r=5, save_model=None, save_results=True, scheduler='cosine', seed=1, sparsity=0.025, use_relu=False, wd=0.0005)


Total time spent pruning/training: 28.96 minutes
Total number of parameters in model: 300414
Number of parameters in pruned model: 292968
