Namespace(batch_size=64, bias=None, data='../data', device=0, epochs=100, hidden_size=500, load_weights='../base3/lenet5/lenet5_e100_h500.pt', log_interval=100, lr=0.01, milestones=[5, 7], model='prunelenet5', momentum=0.9, no_cuda=False, r=5, save_model=None, save_results=True, scheduler='cosine', seed=1, sparsity=0.5, use_relu=False, wd=0.0005) 

Training a Pruned LeNet5 network ...
Train Epoch: 1 [0/60000 (0%)]	Loss: 2.308547
Train Epoch: 1 [6400/60000 (11%)]	Loss: 2.021461
Train Epoch: 1 [12800/60000 (21%)]	Loss: 1.805320
Train Epoch: 1 [19200/60000 (32%)]	Loss: 1.543746
Train Epoch: 1 [25600/60000 (43%)]	Loss: 1.392341
Train Epoch: 1 [32000/60000 (53%)]	Loss: 1.238015
Train Epoch: 1 [38400/60000 (64%)]	Loss: 1.002402
Train Epoch: 1 [44800/60000 (75%)]	Loss: 0.979328
Train Epoch: 1 [51200/60000 (85%)]	Loss: 0.867382
Train Epoch: 1 [57600/60000 (96%)]	Loss: 0.793205

Test set: Average loss: 0.7608, Accuracy: 8368/10000 (84%)

Train Epoch: 2 [0/60000 (0%)]	Loss: 0.805207
Train Epoch: 2 [6400/60000 (11%)]	Loss: 0.721095
Train Epoch: 2 [12800/60000 (21%)]	Loss: 0.863212
Train Epoch: 2 [19200/60000 (32%)]	Loss: 0.648189
Train Epoch: 2 [25600/60000 (43%)]	Loss: 0.449193
Train Epoch: 2 [32000/60000 (53%)]	Loss: 0.591801
Train Epoch: 2 [38400/60000 (64%)]	Loss: 0.644174
Train Epoch: 2 [44800/60000 (75%)]	Loss: 0.552905
Train Epoch: 2 [51200/60000 (85%)]	Loss: 0.559874
Train Epoch: 2 [57600/60000 (96%)]	Loss: 0.490650

Test set: Average loss: 0.4835, Accuracy: 8913/10000 (89%)

Train Epoch: 3 [0/60000 (0%)]	Loss: 0.447218
Train Epoch: 3 [6400/60000 (11%)]	Loss: 0.411831
Train Epoch: 3 [12800/60000 (21%)]	Loss: 0.473531
Train Epoch: 3 [19200/60000 (32%)]	Loss: 0.479308
Train Epoch: 3 [25600/60000 (43%)]	Loss: 0.555325
Train Epoch: 3 [32000/60000 (53%)]	Loss: 0.378819
Train Epoch: 3 [38400/60000 (64%)]	Loss: 0.463444
Train Epoch: 3 [44800/60000 (75%)]	Loss: 0.347002
Train Epoch: 3 [51200/60000 (85%)]	Loss: 0.372025
Train Epoch: 3 [57600/60000 (96%)]	Loss: 0.390706

Test set: Average loss: 0.3846, Accuracy: 9113/10000 (91%)

Train Epoch: 4 [0/60000 (0%)]	Loss: 0.431840
Train Epoch: 4 [6400/60000 (11%)]	Loss: 0.374440
Train Epoch: 4 [12800/60000 (21%)]	Loss: 0.328486
Train Epoch: 4 [19200/60000 (32%)]	Loss: 0.380156
Train Epoch: 4 [25600/60000 (43%)]	Loss: 0.302752
Train Epoch: 4 [32000/60000 (53%)]	Loss: 0.422070
Train Epoch: 4 [38400/60000 (64%)]	Loss: 0.347244
Train Epoch: 4 [44800/60000 (75%)]	Loss: 0.241361
Train Epoch: 4 [51200/60000 (85%)]	Loss: 0.240005
Train Epoch: 4 [57600/60000 (96%)]	Loss: 0.376124

Test set: Average loss: 0.3290, Accuracy: 9198/10000 (92%)

Train Epoch: 5 [0/60000 (0%)]	Loss: 0.301465
Train Epoch: 5 [6400/60000 (11%)]	Loss: 0.223220
Train Epoch: 5 [12800/60000 (21%)]	Loss: 0.286538
Train Epoch: 5 [19200/60000 (32%)]	Loss: 0.293553
Train Epoch: 5 [25600/60000 (43%)]	Loss: 0.286207
Train Epoch: 5 [32000/60000 (53%)]	Loss: 0.191656
Train Epoch: 5 [38400/60000 (64%)]	Loss: 0.351382
Train Epoch: 5 [44800/60000 (75%)]	Loss: 0.259688
Train Epoch: 5 [51200/60000 (85%)]	Loss: 0.352424
Train Epoch: 5 [57600/60000 (96%)]	Loss: 0.257626

Test set: Average loss: 0.2916, Accuracy: 9281/10000 (93%)

Train Epoch: 6 [0/60000 (0%)]	Loss: 0.430024
Train Epoch: 6 [6400/60000 (11%)]	Loss: 0.320368
Train Epoch: 6 [12800/60000 (21%)]	Loss: 0.294878
Train Epoch: 6 [19200/60000 (32%)]	Loss: 0.467330
Train Epoch: 6 [25600/60000 (43%)]	Loss: 0.250319
Train Epoch: 6 [32000/60000 (53%)]	Loss: 0.293673
Train Epoch: 6 [38400/60000 (64%)]	Loss: 0.295063
Train Epoch: 6 [44800/60000 (75%)]	Loss: 0.356890
Train Epoch: 6 [51200/60000 (85%)]	Loss: 0.346265
Train Epoch: 6 [57600/60000 (96%)]	Loss: 0.272863

Test set: Average loss: 0.2657, Accuracy: 9345/10000 (93%)

Train Epoch: 7 [0/60000 (0%)]	Loss: 0.302766
Train Epoch: 7 [6400/60000 (11%)]	Loss: 0.230984
Train Epoch: 7 [12800/60000 (21%)]	Loss: 0.198589
Train Epoch: 7 [19200/60000 (32%)]	Loss: 0.181420
Train Epoch: 7 [25600/60000 (43%)]	Loss: 0.278957
Train Epoch: 7 [32000/60000 (53%)]	Loss: 0.272766
Train Epoch: 7 [38400/60000 (64%)]	Loss: 0.177393
Train Epoch: 7 [44800/60000 (75%)]	Loss: 0.271275
Train Epoch: 7 [51200/60000 (85%)]	Loss: 0.256801
Train Epoch: 7 [57600/60000 (96%)]	Loss: 0.312654

Test set: Average loss: 0.2449, Accuracy: 9384/10000 (94%)

Train Epoch: 8 [0/60000 (0%)]	Loss: 0.268460
Train Epoch: 8 [6400/60000 (11%)]	Loss: 0.340593
Train Epoch: 8 [12800/60000 (21%)]	Loss: 0.203661
Train Epoch: 8 [19200/60000 (32%)]	Loss: 0.360311
Train Epoch: 8 [25600/60000 (43%)]	Loss: 0.184601
Train Epoch: 8 [32000/60000 (53%)]	Loss: 0.208468
Train Epoch: 8 [38400/60000 (64%)]	Loss: 0.139394
Train Epoch: 8 [44800/60000 (75%)]	Loss: 0.298862
Train Epoch: 8 [51200/60000 (85%)]	Loss: 0.273312
Train Epoch: 8 [57600/60000 (96%)]	Loss: 0.258224

Test set: Average loss: 0.2285, Accuracy: 9432/10000 (94%)

Train Epoch: 9 [0/60000 (0%)]	Loss: 0.207655
Train Epoch: 9 [6400/60000 (11%)]	Loss: 0.286744
Train Epoch: 9 [12800/60000 (21%)]	Loss: 0.337702
Train Epoch: 9 [19200/60000 (32%)]	Loss: 0.210271
Train Epoch: 9 [25600/60000 (43%)]	Loss: 0.150826
Train Epoch: 9 [32000/60000 (53%)]	Loss: 0.498366
Train Epoch: 9 [38400/60000 (64%)]	Loss: 0.241138
Train Epoch: 9 [44800/60000 (75%)]	Loss: 0.241304
Train Epoch: 9 [51200/60000 (85%)]	Loss: 0.225075
Train Epoch: 9 [57600/60000 (96%)]	Loss: 0.208375

Test set: Average loss: 0.2176, Accuracy: 9455/10000 (95%)

Train Epoch: 10 [0/60000 (0%)]	Loss: 0.181288
Train Epoch: 10 [6400/60000 (11%)]	Loss: 0.227140
Train Epoch: 10 [12800/60000 (21%)]	Loss: 0.316809
Train Epoch: 10 [19200/60000 (32%)]	Loss: 0.370040
Train Epoch: 10 [25600/60000 (43%)]	Loss: 0.253124
Train Epoch: 10 [32000/60000 (53%)]	Loss: 0.153530
Train Epoch: 10 [38400/60000 (64%)]	Loss: 0.136804
Train Epoch: 10 [44800/60000 (75%)]	Loss: 0.290242
Train Epoch: 10 [51200/60000 (85%)]	Loss: 0.256819
Train Epoch: 10 [57600/60000 (96%)]	Loss: 0.174769

Test set: Average loss: 0.2047, Accuracy: 9486/10000 (95%)

Train Epoch: 11 [0/60000 (0%)]	Loss: 0.191646
Train Epoch: 11 [6400/60000 (11%)]	Loss: 0.150651
Train Epoch: 11 [12800/60000 (21%)]	Loss: 0.215948
Train Epoch: 11 [19200/60000 (32%)]	Loss: 0.207148
Train Epoch: 11 [25600/60000 (43%)]	Loss: 0.147949
Train Epoch: 11 [32000/60000 (53%)]	Loss: 0.276380
Train Epoch: 11 [38400/60000 (64%)]	Loss: 0.131024
Train Epoch: 11 [44800/60000 (75%)]	Loss: 0.150618
Train Epoch: 11 [51200/60000 (85%)]	Loss: 0.235656
Train Epoch: 11 [57600/60000 (96%)]	Loss: 0.324120

Test set: Average loss: 0.1956, Accuracy: 9498/10000 (95%)

Train Epoch: 12 [0/60000 (0%)]	Loss: 0.229773
Train Epoch: 12 [6400/60000 (11%)]	Loss: 0.251882
Train Epoch: 12 [12800/60000 (21%)]	Loss: 0.203040
Train Epoch: 12 [19200/60000 (32%)]	Loss: 0.318662
Train Epoch: 12 [25600/60000 (43%)]	Loss: 0.197531
Train Epoch: 12 [32000/60000 (53%)]	Loss: 0.211587
Train Epoch: 12 [38400/60000 (64%)]	Loss: 0.232299
Train Epoch: 12 [44800/60000 (75%)]	Loss: 0.207422
Train Epoch: 12 [51200/60000 (85%)]	Loss: 0.234795
Train Epoch: 12 [57600/60000 (96%)]	Loss: 0.211652

Test set: Average loss: 0.1879, Accuracy: 9517/10000 (95%)

Train Epoch: 13 [0/60000 (0%)]	Loss: 0.158487
Train Epoch: 13 [6400/60000 (11%)]	Loss: 0.172915
Train Epoch: 13 [12800/60000 (21%)]	Loss: 0.119943
Train Epoch: 13 [19200/60000 (32%)]	Loss: 0.166602
Train Epoch: 13 [25600/60000 (43%)]	Loss: 0.210477
Train Epoch: 13 [32000/60000 (53%)]	Loss: 0.218132
Train Epoch: 13 [38400/60000 (64%)]	Loss: 0.179056
Train Epoch: 13 [44800/60000 (75%)]	Loss: 0.295696
Train Epoch: 13 [51200/60000 (85%)]	Loss: 0.103423
Train Epoch: 13 [57600/60000 (96%)]	Loss: 0.231596

Test set: Average loss: 0.1813, Accuracy: 9539/10000 (95%)

Train Epoch: 14 [0/60000 (0%)]	Loss: 0.200755
Train Epoch: 14 [6400/60000 (11%)]	Loss: 0.122386
Train Epoch: 14 [12800/60000 (21%)]	Loss: 0.288713
Train Epoch: 14 [19200/60000 (32%)]	Loss: 0.236338
Train Epoch: 14 [25600/60000 (43%)]	Loss: 0.163533
Train Epoch: 14 [32000/60000 (53%)]	Loss: 0.259631
Train Epoch: 14 [38400/60000 (64%)]	Loss: 0.129980
Train Epoch: 14 [44800/60000 (75%)]	Loss: 0.215290
Train Epoch: 14 [51200/60000 (85%)]	Loss: 0.182013
Train Epoch: 14 [57600/60000 (96%)]	Loss: 0.157283

Test set: Average loss: 0.1745, Accuracy: 9549/10000 (95%)

Train Epoch: 15 [0/60000 (0%)]	Loss: 0.381608
Train Epoch: 15 [6400/60000 (11%)]	Loss: 0.154881
Train Epoch: 15 [12800/60000 (21%)]	Loss: 0.183375
Train Epoch: 15 [19200/60000 (32%)]	Loss: 0.351479
Train Epoch: 15 [25600/60000 (43%)]	Loss: 0.174944
Train Epoch: 15 [32000/60000 (53%)]	Loss: 0.157237
Train Epoch: 15 [38400/60000 (64%)]	Loss: 0.219638
Train Epoch: 15 [44800/60000 (75%)]	Loss: 0.137961
Train Epoch: 15 [51200/60000 (85%)]	Loss: 0.172781
Train Epoch: 15 [57600/60000 (96%)]	Loss: 0.215171

Test set: Average loss: 0.1678, Accuracy: 9555/10000 (96%)

Train Epoch: 16 [0/60000 (0%)]	Loss: 0.132370
Train Epoch: 16 [6400/60000 (11%)]	Loss: 0.391964
Train Epoch: 16 [12800/60000 (21%)]	Loss: 0.123215
Train Epoch: 16 [19200/60000 (32%)]	Loss: 0.105648
Train Epoch: 16 [25600/60000 (43%)]	Loss: 0.171764
Train Epoch: 16 [32000/60000 (53%)]	Loss: 0.116471
Train Epoch: 16 [38400/60000 (64%)]	Loss: 0.076376
Train Epoch: 16 [44800/60000 (75%)]	Loss: 0.168645
Train Epoch: 16 [51200/60000 (85%)]	Loss: 0.121552
Train Epoch: 16 [57600/60000 (96%)]	Loss: 0.305964

Test set: Average loss: 0.1669, Accuracy: 9562/10000 (96%)

Train Epoch: 17 [0/60000 (0%)]	Loss: 0.286605
Train Epoch: 17 [6400/60000 (11%)]	Loss: 0.227446
Train Epoch: 17 [12800/60000 (21%)]	Loss: 0.113947
Train Epoch: 17 [19200/60000 (32%)]	Loss: 0.151457
Train Epoch: 17 [25600/60000 (43%)]	Loss: 0.244637
Train Epoch: 17 [32000/60000 (53%)]	Loss: 0.098451
Train Epoch: 17 [38400/60000 (64%)]	Loss: 0.167230
Train Epoch: 17 [44800/60000 (75%)]	Loss: 0.124069
Train Epoch: 17 [51200/60000 (85%)]	Loss: 0.244414
Train Epoch: 17 [57600/60000 (96%)]	Loss: 0.279223

Test set: Average loss: 0.1624, Accuracy: 9559/10000 (96%)

Train Epoch: 18 [0/60000 (0%)]	Loss: 0.170863
Train Epoch: 18 [6400/60000 (11%)]	Loss: 0.160428
Train Epoch: 18 [12800/60000 (21%)]	Loss: 0.131310
Train Epoch: 18 [19200/60000 (32%)]	Loss: 0.150410
Train Epoch: 18 [25600/60000 (43%)]	Loss: 0.083602
Train Epoch: 18 [32000/60000 (53%)]	Loss: 0.227449
Train Epoch: 18 [38400/60000 (64%)]	Loss: 0.122317
Train Epoch: 18 [44800/60000 (75%)]	Loss: 0.199861
Train Epoch: 18 [51200/60000 (85%)]	Loss: 0.135944
Train Epoch: 18 [57600/60000 (96%)]	Loss: 0.162889

Test set: Average loss: 0.1572, Accuracy: 9582/10000 (96%)

Train Epoch: 19 [0/60000 (0%)]	Loss: 0.183691
Train Epoch: 19 [6400/60000 (11%)]	Loss: 0.129685
Train Epoch: 19 [12800/60000 (21%)]	Loss: 0.288500
Train Epoch: 19 [19200/60000 (32%)]	Loss: 0.182342
Train Epoch: 19 [25600/60000 (43%)]	Loss: 0.257410
Train Epoch: 19 [32000/60000 (53%)]	Loss: 0.119691
Train Epoch: 19 [38400/60000 (64%)]	Loss: 0.275127
Train Epoch: 19 [44800/60000 (75%)]	Loss: 0.190681
Train Epoch: 19 [51200/60000 (85%)]	Loss: 0.203436
Train Epoch: 19 [57600/60000 (96%)]	Loss: 0.117289

Test set: Average loss: 0.1531, Accuracy: 9591/10000 (96%)

Train Epoch: 20 [0/60000 (0%)]	Loss: 0.216001
Train Epoch: 20 [6400/60000 (11%)]	Loss: 0.168537
Train Epoch: 20 [12800/60000 (21%)]	Loss: 0.213887
Train Epoch: 20 [19200/60000 (32%)]	Loss: 0.103844
Train Epoch: 20 [25600/60000 (43%)]	Loss: 0.259115
Train Epoch: 20 [32000/60000 (53%)]	Loss: 0.205941
Train Epoch: 20 [38400/60000 (64%)]	Loss: 0.150542
Train Epoch: 20 [44800/60000 (75%)]	Loss: 0.169755
Train Epoch: 20 [51200/60000 (85%)]	Loss: 0.119764
Train Epoch: 20 [57600/60000 (96%)]	Loss: 0.150881

Test set: Average loss: 0.1501, Accuracy: 9598/10000 (96%)

Train Epoch: 21 [0/60000 (0%)]	Loss: 0.149589
Train Epoch: 21 [6400/60000 (11%)]	Loss: 0.164873
Train Epoch: 21 [12800/60000 (21%)]	Loss: 0.135376
Train Epoch: 21 [19200/60000 (32%)]	Loss: 0.195984
Train Epoch: 21 [25600/60000 (43%)]	Loss: 0.279427
Train Epoch: 21 [32000/60000 (53%)]	Loss: 0.173960
Train Epoch: 21 [38400/60000 (64%)]	Loss: 0.189442
Train Epoch: 21 [44800/60000 (75%)]	Loss: 0.104377
Train Epoch: 21 [51200/60000 (85%)]	Loss: 0.120079
Train Epoch: 21 [57600/60000 (96%)]	Loss: 0.216333

Test set: Average loss: 0.1458, Accuracy: 9604/10000 (96%)

Train Epoch: 22 [0/60000 (0%)]	Loss: 0.206475
Train Epoch: 22 [6400/60000 (11%)]	Loss: 0.213100
Train Epoch: 22 [12800/60000 (21%)]	Loss: 0.150073
Train Epoch: 22 [19200/60000 (32%)]	Loss: 0.213392
Train Epoch: 22 [25600/60000 (43%)]	Loss: 0.103846
Train Epoch: 22 [32000/60000 (53%)]	Loss: 0.246096
Train Epoch: 22 [38400/60000 (64%)]	Loss: 0.125509
Train Epoch: 22 [44800/60000 (75%)]	Loss: 0.125169
Train Epoch: 22 [51200/60000 (85%)]	Loss: 0.119236
Train Epoch: 22 [57600/60000 (96%)]	Loss: 0.192858

Test set: Average loss: 0.1476, Accuracy: 9599/10000 (96%)

Train Epoch: 23 [0/60000 (0%)]	Loss: 0.141251
Train Epoch: 23 [6400/60000 (11%)]	Loss: 0.076677
Train Epoch: 23 [12800/60000 (21%)]	Loss: 0.267441
Train Epoch: 23 [19200/60000 (32%)]	Loss: 0.108598
Train Epoch: 23 [25600/60000 (43%)]	Loss: 0.198942
Train Epoch: 23 [32000/60000 (53%)]	Loss: 0.183756
Train Epoch: 23 [38400/60000 (64%)]	Loss: 0.142457
Train Epoch: 23 [44800/60000 (75%)]	Loss: 0.203447
Train Epoch: 23 [51200/60000 (85%)]	Loss: 0.148371
Train Epoch: 23 [57600/60000 (96%)]	Loss: 0.235161

Test set: Average loss: 0.1417, Accuracy: 9616/10000 (96%)

Train Epoch: 24 [0/60000 (0%)]	Loss: 0.148701
Train Epoch: 24 [6400/60000 (11%)]	Loss: 0.211123
Train Epoch: 24 [12800/60000 (21%)]	Loss: 0.280986
Train Epoch: 24 [19200/60000 (32%)]	Loss: 0.184325
Train Epoch: 24 [25600/60000 (43%)]	Loss: 0.165568
Train Epoch: 24 [32000/60000 (53%)]	Loss: 0.129839
Train Epoch: 24 [38400/60000 (64%)]	Loss: 0.249742
Train Epoch: 24 [44800/60000 (75%)]	Loss: 0.063632
Train Epoch: 24 [51200/60000 (85%)]	Loss: 0.141319
Train Epoch: 24 [57600/60000 (96%)]	Loss: 0.129048

Test set: Average loss: 0.1371, Accuracy: 9628/10000 (96%)

Train Epoch: 25 [0/60000 (0%)]	Loss: 0.153624
Train Epoch: 25 [6400/60000 (11%)]	Loss: 0.158748
Train Epoch: 25 [12800/60000 (21%)]	Loss: 0.263880
Train Epoch: 25 [19200/60000 (32%)]	Loss: 0.180518
Train Epoch: 25 [25600/60000 (43%)]	Loss: 0.209726
Train Epoch: 25 [32000/60000 (53%)]	Loss: 0.205854
Train Epoch: 25 [38400/60000 (64%)]	Loss: 0.161499
Train Epoch: 25 [44800/60000 (75%)]	Loss: 0.184242
Train Epoch: 25 [51200/60000 (85%)]	Loss: 0.063323
Train Epoch: 25 [57600/60000 (96%)]	Loss: 0.128906

Test set: Average loss: 0.1394, Accuracy: 9623/10000 (96%)

Train Epoch: 26 [0/60000 (0%)]	Loss: 0.289901
Train Epoch: 26 [6400/60000 (11%)]	Loss: 0.111983
Train Epoch: 26 [12800/60000 (21%)]	Loss: 0.171442
Train Epoch: 26 [19200/60000 (32%)]	Loss: 0.066075
Train Epoch: 26 [25600/60000 (43%)]	Loss: 0.182654
Train Epoch: 26 [32000/60000 (53%)]	Loss: 0.198736
Train Epoch: 26 [38400/60000 (64%)]	Loss: 0.148984
Train Epoch: 26 [44800/60000 (75%)]	Loss: 0.100513
Train Epoch: 26 [51200/60000 (85%)]	Loss: 0.153819
Train Epoch: 26 [57600/60000 (96%)]	Loss: 0.101988

Test set: Average loss: 0.1322, Accuracy: 9645/10000 (96%)

Train Epoch: 27 [0/60000 (0%)]	Loss: 0.138812
Train Epoch: 27 [6400/60000 (11%)]	Loss: 0.082244
Train Epoch: 27 [12800/60000 (21%)]	Loss: 0.168684
Train Epoch: 27 [19200/60000 (32%)]	Loss: 0.119056
Train Epoch: 27 [25600/60000 (43%)]	Loss: 0.105718
Train Epoch: 27 [32000/60000 (53%)]	Loss: 0.142886
Train Epoch: 27 [38400/60000 (64%)]	Loss: 0.117519
Train Epoch: 27 [44800/60000 (75%)]	Loss: 0.125531
Train Epoch: 27 [51200/60000 (85%)]	Loss: 0.087939
Train Epoch: 27 [57600/60000 (96%)]	Loss: 0.193296

Test set: Average loss: 0.1327, Accuracy: 9639/10000 (96%)

Train Epoch: 28 [0/60000 (0%)]	Loss: 0.082851
Train Epoch: 28 [6400/60000 (11%)]	Loss: 0.150812
Train Epoch: 28 [12800/60000 (21%)]	Loss: 0.184000
Train Epoch: 28 [19200/60000 (32%)]	Loss: 0.165715
Train Epoch: 28 [25600/60000 (43%)]	Loss: 0.096462
Train Epoch: 28 [32000/60000 (53%)]	Loss: 0.194441
Train Epoch: 28 [38400/60000 (64%)]	Loss: 0.171425
Train Epoch: 28 [44800/60000 (75%)]	Loss: 0.106301
Train Epoch: 28 [51200/60000 (85%)]	Loss: 0.082490
Train Epoch: 28 [57600/60000 (96%)]	Loss: 0.206151

Test set: Average loss: 0.1308, Accuracy: 9639/10000 (96%)

Train Epoch: 29 [0/60000 (0%)]	Loss: 0.164060
Train Epoch: 29 [6400/60000 (11%)]	Loss: 0.180758
Train Epoch: 29 [12800/60000 (21%)]	Loss: 0.103604
Train Epoch: 29 [19200/60000 (32%)]	Loss: 0.245526
Train Epoch: 29 [25600/60000 (43%)]	Loss: 0.130751
Train Epoch: 29 [32000/60000 (53%)]	Loss: 0.134090
Train Epoch: 29 [38400/60000 (64%)]	Loss: 0.192856
Train Epoch: 29 [44800/60000 (75%)]	Loss: 0.265732
Train Epoch: 29 [51200/60000 (85%)]	Loss: 0.163549
Train Epoch: 29 [57600/60000 (96%)]	Loss: 0.105381

Test set: Average loss: 0.1310, Accuracy: 9647/10000 (96%)

Train Epoch: 30 [0/60000 (0%)]	Loss: 0.199911
Train Epoch: 30 [6400/60000 (11%)]	Loss: 0.088491
Train Epoch: 30 [12800/60000 (21%)]	Loss: 0.115213
Train Epoch: 30 [19200/60000 (32%)]	Loss: 0.107944
Train Epoch: 30 [25600/60000 (43%)]	Loss: 0.127888
Train Epoch: 30 [32000/60000 (53%)]	Loss: 0.161100
Train Epoch: 30 [38400/60000 (64%)]	Loss: 0.127453
Train Epoch: 30 [44800/60000 (75%)]	Loss: 0.175402
Train Epoch: 30 [51200/60000 (85%)]	Loss: 0.101783
Train Epoch: 30 [57600/60000 (96%)]	Loss: 0.116571

Test set: Average loss: 0.1341, Accuracy: 9636/10000 (96%)

Train Epoch: 31 [0/60000 (0%)]	Loss: 0.154317
Train Epoch: 31 [6400/60000 (11%)]	Loss: 0.149493
Train Epoch: 31 [12800/60000 (21%)]	Loss: 0.300187
Train Epoch: 31 [19200/60000 (32%)]	Loss: 0.137069
Train Epoch: 31 [25600/60000 (43%)]	Loss: 0.213989
Train Epoch: 31 [32000/60000 (53%)]	Loss: 0.255419
Train Epoch: 31 [38400/60000 (64%)]	Loss: 0.184582
Train Epoch: 31 [44800/60000 (75%)]	Loss: 0.102723
Train Epoch: 31 [51200/60000 (85%)]	Loss: 0.199202
Train Epoch: 31 [57600/60000 (96%)]	Loss: 0.126605

Test set: Average loss: 0.1244, Accuracy: 9662/10000 (97%)

Train Epoch: 32 [0/60000 (0%)]	Loss: 0.218048
Train Epoch: 32 [6400/60000 (11%)]	Loss: 0.198594
Train Epoch: 32 [12800/60000 (21%)]	Loss: 0.128979
Train Epoch: 32 [19200/60000 (32%)]	Loss: 0.046598
Train Epoch: 32 [25600/60000 (43%)]	Loss: 0.085844
Train Epoch: 32 [32000/60000 (53%)]	Loss: 0.095689
Train Epoch: 32 [38400/60000 (64%)]	Loss: 0.169808
Train Epoch: 32 [44800/60000 (75%)]	Loss: 0.149260
Train Epoch: 32 [51200/60000 (85%)]	Loss: 0.084817
Train Epoch: 32 [57600/60000 (96%)]	Loss: 0.097652

Test set: Average loss: 0.1249, Accuracy: 9677/10000 (97%)

Train Epoch: 33 [0/60000 (0%)]	Loss: 0.065472
Train Epoch: 33 [6400/60000 (11%)]	Loss: 0.097795
Train Epoch: 33 [12800/60000 (21%)]	Loss: 0.116621
Train Epoch: 33 [19200/60000 (32%)]	Loss: 0.078859
Train Epoch: 33 [25600/60000 (43%)]	Loss: 0.120214
Train Epoch: 33 [32000/60000 (53%)]	Loss: 0.137956
Train Epoch: 33 [38400/60000 (64%)]	Loss: 0.111233
Train Epoch: 33 [44800/60000 (75%)]	Loss: 0.158225
Train Epoch: 33 [51200/60000 (85%)]	Loss: 0.139112
Train Epoch: 33 [57600/60000 (96%)]	Loss: 0.184631

Test set: Average loss: 0.1220, Accuracy: 9672/10000 (97%)

Train Epoch: 34 [0/60000 (0%)]	Loss: 0.098377
Train Epoch: 34 [6400/60000 (11%)]	Loss: 0.091856
Train Epoch: 34 [12800/60000 (21%)]	Loss: 0.207854
Train Epoch: 34 [19200/60000 (32%)]	Loss: 0.111274
Train Epoch: 34 [25600/60000 (43%)]	Loss: 0.118982
Train Epoch: 34 [32000/60000 (53%)]	Loss: 0.118987
Train Epoch: 34 [38400/60000 (64%)]	Loss: 0.113536
Train Epoch: 34 [44800/60000 (75%)]	Loss: 0.055963
Train Epoch: 34 [51200/60000 (85%)]	Loss: 0.114769
Train Epoch: 34 [57600/60000 (96%)]	Loss: 0.149963

Test set: Average loss: 0.1263, Accuracy: 9657/10000 (97%)

Train Epoch: 35 [0/60000 (0%)]	Loss: 0.200260
Train Epoch: 35 [6400/60000 (11%)]	Loss: 0.105186
Train Epoch: 35 [12800/60000 (21%)]	Loss: 0.189819
Train Epoch: 35 [19200/60000 (32%)]	Loss: 0.097351
Train Epoch: 35 [25600/60000 (43%)]	Loss: 0.142867
Train Epoch: 35 [32000/60000 (53%)]	Loss: 0.175498
Train Epoch: 35 [38400/60000 (64%)]	Loss: 0.135889
Train Epoch: 35 [44800/60000 (75%)]	Loss: 0.055877
Train Epoch: 35 [51200/60000 (85%)]	Loss: 0.107328
Train Epoch: 35 [57600/60000 (96%)]	Loss: 0.134369

Test set: Average loss: 0.1208, Accuracy: 9673/10000 (97%)

Train Epoch: 36 [0/60000 (0%)]	Loss: 0.074829
Train Epoch: 36 [6400/60000 (11%)]	Loss: 0.126017
Train Epoch: 36 [12800/60000 (21%)]	Loss: 0.107063
Train Epoch: 36 [19200/60000 (32%)]	Loss: 0.121321
Train Epoch: 36 [25600/60000 (43%)]	Loss: 0.071537
Train Epoch: 36 [32000/60000 (53%)]	Loss: 0.155255
Train Epoch: 36 [38400/60000 (64%)]	Loss: 0.074724
Train Epoch: 36 [44800/60000 (75%)]	Loss: 0.151111
Train Epoch: 36 [51200/60000 (85%)]	Loss: 0.089638
Train Epoch: 36 [57600/60000 (96%)]	Loss: 0.082314

Test set: Average loss: 0.1179, Accuracy: 9694/10000 (97%)

Train Epoch: 37 [0/60000 (0%)]	Loss: 0.058802
Train Epoch: 37 [6400/60000 (11%)]	Loss: 0.070620
Train Epoch: 37 [12800/60000 (21%)]	Loss: 0.165310
Train Epoch: 37 [19200/60000 (32%)]	Loss: 0.096635
Train Epoch: 37 [25600/60000 (43%)]	Loss: 0.183554
Train Epoch: 37 [32000/60000 (53%)]	Loss: 0.113585
Train Epoch: 37 [38400/60000 (64%)]	Loss: 0.116720
Train Epoch: 37 [44800/60000 (75%)]	Loss: 0.088791
Train Epoch: 37 [51200/60000 (85%)]	Loss: 0.072555
Train Epoch: 37 [57600/60000 (96%)]	Loss: 0.179972

Test set: Average loss: 0.1174, Accuracy: 9696/10000 (97%)

Train Epoch: 38 [0/60000 (0%)]	Loss: 0.158612
Train Epoch: 38 [6400/60000 (11%)]	Loss: 0.053249
Train Epoch: 38 [12800/60000 (21%)]	Loss: 0.124088
Train Epoch: 38 [19200/60000 (32%)]	Loss: 0.052644
Train Epoch: 38 [25600/60000 (43%)]	Loss: 0.048048
Train Epoch: 38 [32000/60000 (53%)]	Loss: 0.150674
Train Epoch: 38 [38400/60000 (64%)]	Loss: 0.083286
Train Epoch: 38 [44800/60000 (75%)]	Loss: 0.086139
Train Epoch: 38 [51200/60000 (85%)]	Loss: 0.085907
Train Epoch: 38 [57600/60000 (96%)]	Loss: 0.127976

Test set: Average loss: 0.1177, Accuracy: 9685/10000 (97%)

Train Epoch: 39 [0/60000 (0%)]	Loss: 0.079011
Train Epoch: 39 [6400/60000 (11%)]	Loss: 0.080668
Train Epoch: 39 [12800/60000 (21%)]	Loss: 0.123307
Train Epoch: 39 [19200/60000 (32%)]	Loss: 0.116335
Train Epoch: 39 [25600/60000 (43%)]	Loss: 0.225864
Train Epoch: 39 [32000/60000 (53%)]	Loss: 0.126168
Train Epoch: 39 [38400/60000 (64%)]	Loss: 0.121238
Train Epoch: 39 [44800/60000 (75%)]	Loss: 0.165769
Train Epoch: 39 [51200/60000 (85%)]	Loss: 0.036648
Train Epoch: 39 [57600/60000 (96%)]	Loss: 0.107038

Test set: Average loss: 0.1157, Accuracy: 9694/10000 (97%)

Train Epoch: 40 [0/60000 (0%)]	Loss: 0.069063
Train Epoch: 40 [6400/60000 (11%)]	Loss: 0.044958
Train Epoch: 40 [12800/60000 (21%)]	Loss: 0.108326
Train Epoch: 40 [19200/60000 (32%)]	Loss: 0.115512
Train Epoch: 40 [25600/60000 (43%)]	Loss: 0.137620
Train Epoch: 40 [32000/60000 (53%)]	Loss: 0.262772
Train Epoch: 40 [38400/60000 (64%)]	Loss: 0.128308
Train Epoch: 40 [44800/60000 (75%)]	Loss: 0.056707
Train Epoch: 40 [51200/60000 (85%)]	Loss: 0.225254
Train Epoch: 40 [57600/60000 (96%)]	Loss: 0.371459

Test set: Average loss: 0.1153, Accuracy: 9701/10000 (97%)

Train Epoch: 41 [0/60000 (0%)]	Loss: 0.146941
Train Epoch: 41 [6400/60000 (11%)]	Loss: 0.165225
Train Epoch: 41 [12800/60000 (21%)]	Loss: 0.089271
Train Epoch: 41 [19200/60000 (32%)]	Loss: 0.157491
Train Epoch: 41 [25600/60000 (43%)]	Loss: 0.141631
Train Epoch: 41 [32000/60000 (53%)]	Loss: 0.106796
Train Epoch: 41 [38400/60000 (64%)]	Loss: 0.077376
Train Epoch: 41 [44800/60000 (75%)]	Loss: 0.105526
Train Epoch: 41 [51200/60000 (85%)]	Loss: 0.065134
Train Epoch: 41 [57600/60000 (96%)]	Loss: 0.233595

Test set: Average loss: 0.1138, Accuracy: 9701/10000 (97%)

Train Epoch: 42 [0/60000 (0%)]	Loss: 0.074683
Train Epoch: 42 [6400/60000 (11%)]	Loss: 0.111682
Train Epoch: 42 [12800/60000 (21%)]	Loss: 0.106901
Train Epoch: 42 [19200/60000 (32%)]	Loss: 0.061988
Train Epoch: 42 [25600/60000 (43%)]	Loss: 0.096494
Train Epoch: 42 [32000/60000 (53%)]	Loss: 0.103810
Train Epoch: 42 [38400/60000 (64%)]	Loss: 0.064324
Train Epoch: 42 [44800/60000 (75%)]	Loss: 0.127008
Train Epoch: 42 [51200/60000 (85%)]	Loss: 0.127174
Train Epoch: 42 [57600/60000 (96%)]	Loss: 0.150116

Test set: Average loss: 0.1143, Accuracy: 9691/10000 (97%)

Train Epoch: 43 [0/60000 (0%)]	Loss: 0.056254
Train Epoch: 43 [6400/60000 (11%)]	Loss: 0.073200
Train Epoch: 43 [12800/60000 (21%)]	Loss: 0.177858
Train Epoch: 43 [19200/60000 (32%)]	Loss: 0.139591
Train Epoch: 43 [25600/60000 (43%)]	Loss: 0.071325
Train Epoch: 43 [32000/60000 (53%)]	Loss: 0.052120
Train Epoch: 43 [38400/60000 (64%)]	Loss: 0.131699
Train Epoch: 43 [44800/60000 (75%)]	Loss: 0.157331
Train Epoch: 43 [51200/60000 (85%)]	Loss: 0.068675
Train Epoch: 43 [57600/60000 (96%)]	Loss: 0.112837

Test set: Average loss: 0.1152, Accuracy: 9694/10000 (97%)

Train Epoch: 44 [0/60000 (0%)]	Loss: 0.153346
Train Epoch: 44 [6400/60000 (11%)]	Loss: 0.059690
Train Epoch: 44 [12800/60000 (21%)]	Loss: 0.090781
Train Epoch: 44 [19200/60000 (32%)]	Loss: 0.171730
Train Epoch: 44 [25600/60000 (43%)]	Loss: 0.049194
Train Epoch: 44 [32000/60000 (53%)]	Loss: 0.108204
Train Epoch: 44 [38400/60000 (64%)]	Loss: 0.153529
Train Epoch: 44 [44800/60000 (75%)]	Loss: 0.220649
Train Epoch: 44 [51200/60000 (85%)]	Loss: 0.138693
Train Epoch: 44 [57600/60000 (96%)]	Loss: 0.117871

Test set: Average loss: 0.1114, Accuracy: 9696/10000 (97%)

Train Epoch: 45 [0/60000 (0%)]	Loss: 0.196045
Train Epoch: 45 [6400/60000 (11%)]	Loss: 0.069821
Train Epoch: 45 [12800/60000 (21%)]	Loss: 0.132455
Train Epoch: 45 [19200/60000 (32%)]	Loss: 0.195346
Train Epoch: 45 [25600/60000 (43%)]	Loss: 0.173653
Train Epoch: 45 [32000/60000 (53%)]	Loss: 0.196582
Train Epoch: 45 [38400/60000 (64%)]	Loss: 0.084649
Train Epoch: 45 [44800/60000 (75%)]	Loss: 0.058293
Train Epoch: 45 [51200/60000 (85%)]	Loss: 0.078125
Train Epoch: 45 [57600/60000 (96%)]	Loss: 0.127789

Test set: Average loss: 0.1102, Accuracy: 9705/10000 (97%)

Train Epoch: 46 [0/60000 (0%)]	Loss: 0.140085
Train Epoch: 46 [6400/60000 (11%)]	Loss: 0.098056
Train Epoch: 46 [12800/60000 (21%)]	Loss: 0.036485
Train Epoch: 46 [19200/60000 (32%)]	Loss: 0.141016
Train Epoch: 46 [25600/60000 (43%)]	Loss: 0.060184
Train Epoch: 46 [32000/60000 (53%)]	Loss: 0.296491
Train Epoch: 46 [38400/60000 (64%)]	Loss: 0.127049
Train Epoch: 46 [44800/60000 (75%)]	Loss: 0.057080
Train Epoch: 46 [51200/60000 (85%)]	Loss: 0.257822
Train Epoch: 46 [57600/60000 (96%)]	Loss: 0.068654

Test set: Average loss: 0.1099, Accuracy: 9702/10000 (97%)

Train Epoch: 47 [0/60000 (0%)]	Loss: 0.208304
Train Epoch: 47 [6400/60000 (11%)]	Loss: 0.051213
Train Epoch: 47 [12800/60000 (21%)]	Loss: 0.117080
Train Epoch: 47 [19200/60000 (32%)]	Loss: 0.143764
Train Epoch: 47 [25600/60000 (43%)]	Loss: 0.055430
Train Epoch: 47 [32000/60000 (53%)]	Loss: 0.100378
Train Epoch: 47 [38400/60000 (64%)]	Loss: 0.112327
Train Epoch: 47 [44800/60000 (75%)]	Loss: 0.061972
Train Epoch: 47 [51200/60000 (85%)]	Loss: 0.098976
Train Epoch: 47 [57600/60000 (96%)]	Loss: 0.066838

Test set: Average loss: 0.1131, Accuracy: 9690/10000 (97%)

Train Epoch: 48 [0/60000 (0%)]	Loss: 0.115439
Train Epoch: 48 [6400/60000 (11%)]	Loss: 0.117001
Train Epoch: 48 [12800/60000 (21%)]	Loss: 0.060402
Train Epoch: 48 [19200/60000 (32%)]	Loss: 0.106367
Train Epoch: 48 [25600/60000 (43%)]	Loss: 0.124586
Train Epoch: 48 [32000/60000 (53%)]	Loss: 0.092875
Train Epoch: 48 [38400/60000 (64%)]	Loss: 0.114258
Train Epoch: 48 [44800/60000 (75%)]	Loss: 0.189221
Train Epoch: 48 [51200/60000 (85%)]	Loss: 0.160118
Train Epoch: 48 [57600/60000 (96%)]	Loss: 0.041077

Test set: Average loss: 0.1084, Accuracy: 9715/10000 (97%)

Train Epoch: 49 [0/60000 (0%)]	Loss: 0.099155
Train Epoch: 49 [6400/60000 (11%)]	Loss: 0.077429
Train Epoch: 49 [12800/60000 (21%)]	Loss: 0.079983
Train Epoch: 49 [19200/60000 (32%)]	Loss: 0.131308
Train Epoch: 49 [25600/60000 (43%)]	Loss: 0.109811
Train Epoch: 49 [32000/60000 (53%)]	Loss: 0.096460
Train Epoch: 49 [38400/60000 (64%)]	Loss: 0.081581
Train Epoch: 49 [44800/60000 (75%)]	Loss: 0.106763
Train Epoch: 49 [51200/60000 (85%)]	Loss: 0.101845
Train Epoch: 49 [57600/60000 (96%)]	Loss: 0.085703

Test set: Average loss: 0.1085, Accuracy: 9712/10000 (97%)

Train Epoch: 50 [0/60000 (0%)]	Loss: 0.096706
Train Epoch: 50 [6400/60000 (11%)]	Loss: 0.109238
Train Epoch: 50 [12800/60000 (21%)]	Loss: 0.135702
Train Epoch: 50 [19200/60000 (32%)]	Loss: 0.117921
Train Epoch: 50 [25600/60000 (43%)]	Loss: 0.135338
Train Epoch: 50 [32000/60000 (53%)]	Loss: 0.081530
Train Epoch: 50 [38400/60000 (64%)]	Loss: 0.067978
Train Epoch: 50 [44800/60000 (75%)]	Loss: 0.077935
Train Epoch: 50 [51200/60000 (85%)]	Loss: 0.097619
Train Epoch: 50 [57600/60000 (96%)]	Loss: 0.093678

Test set: Average loss: 0.1091, Accuracy: 9711/10000 (97%)

Train Epoch: 51 [0/60000 (0%)]	Loss: 0.105015
Train Epoch: 51 [6400/60000 (11%)]	Loss: 0.153923
Train Epoch: 51 [12800/60000 (21%)]	Loss: 0.182996
Train Epoch: 51 [19200/60000 (32%)]	Loss: 0.088453
Train Epoch: 51 [25600/60000 (43%)]	Loss: 0.026109
Train Epoch: 51 [32000/60000 (53%)]	Loss: 0.061937
Train Epoch: 51 [38400/60000 (64%)]	Loss: 0.094083
Train Epoch: 51 [44800/60000 (75%)]	Loss: 0.091423
Train Epoch: 51 [51200/60000 (85%)]	Loss: 0.247258
Train Epoch: 51 [57600/60000 (96%)]	Loss: 0.074615

Test set: Average loss: 0.1076, Accuracy: 9713/10000 (97%)

Train Epoch: 52 [0/60000 (0%)]	Loss: 0.049114
Train Epoch: 52 [6400/60000 (11%)]	Loss: 0.123690
Train Epoch: 52 [12800/60000 (21%)]	Loss: 0.193651
Train Epoch: 52 [19200/60000 (32%)]	Loss: 0.086924
Train Epoch: 52 [25600/60000 (43%)]	Loss: 0.206307
Train Epoch: 52 [32000/60000 (53%)]	Loss: 0.067022
Train Epoch: 52 [38400/60000 (64%)]	Loss: 0.159311
Train Epoch: 52 [44800/60000 (75%)]	Loss: 0.084084
Train Epoch: 52 [51200/60000 (85%)]	Loss: 0.087713
Train Epoch: 52 [57600/60000 (96%)]	Loss: 0.097880

Test set: Average loss: 0.1079, Accuracy: 9719/10000 (97%)

Train Epoch: 53 [0/60000 (0%)]	Loss: 0.170228
Train Epoch: 53 [6400/60000 (11%)]	Loss: 0.021866
Train Epoch: 53 [12800/60000 (21%)]	Loss: 0.085278
Train Epoch: 53 [19200/60000 (32%)]	Loss: 0.154028
Train Epoch: 53 [25600/60000 (43%)]	Loss: 0.057194
Train Epoch: 53 [32000/60000 (53%)]	Loss: 0.034339
Train Epoch: 53 [38400/60000 (64%)]	Loss: 0.164730
Train Epoch: 53 [44800/60000 (75%)]	Loss: 0.080610
Train Epoch: 53 [51200/60000 (85%)]	Loss: 0.221605
Train Epoch: 53 [57600/60000 (96%)]	Loss: 0.091025

Test set: Average loss: 0.1061, Accuracy: 9719/10000 (97%)

Train Epoch: 54 [0/60000 (0%)]	Loss: 0.156427
Train Epoch: 54 [6400/60000 (11%)]	Loss: 0.201687
Train Epoch: 54 [12800/60000 (21%)]	Loss: 0.163082
Train Epoch: 54 [19200/60000 (32%)]	Loss: 0.153229
Train Epoch: 54 [25600/60000 (43%)]	Loss: 0.075785
Train Epoch: 54 [32000/60000 (53%)]	Loss: 0.075402
Train Epoch: 54 [38400/60000 (64%)]	Loss: 0.124110
Train Epoch: 54 [44800/60000 (75%)]	Loss: 0.244516
Train Epoch: 54 [51200/60000 (85%)]	Loss: 0.085193
Train Epoch: 54 [57600/60000 (96%)]	Loss: 0.096835

Test set: Average loss: 0.1052, Accuracy: 9722/10000 (97%)

Train Epoch: 55 [0/60000 (0%)]	Loss: 0.095766
Train Epoch: 55 [6400/60000 (11%)]	Loss: 0.108455
Train Epoch: 55 [12800/60000 (21%)]	Loss: 0.169114
Train Epoch: 55 [19200/60000 (32%)]	Loss: 0.118860
Train Epoch: 55 [25600/60000 (43%)]	Loss: 0.136741
Train Epoch: 55 [32000/60000 (53%)]	Loss: 0.083920
Train Epoch: 55 [38400/60000 (64%)]	Loss: 0.081207
Train Epoch: 55 [44800/60000 (75%)]	Loss: 0.193122
Train Epoch: 55 [51200/60000 (85%)]	Loss: 0.039802
Train Epoch: 55 [57600/60000 (96%)]	Loss: 0.148295

Test set: Average loss: 0.1049, Accuracy: 9720/10000 (97%)

Train Epoch: 56 [0/60000 (0%)]	Loss: 0.118436
Train Epoch: 56 [6400/60000 (11%)]	Loss: 0.035001
Train Epoch: 56 [12800/60000 (21%)]	Loss: 0.050601
Train Epoch: 56 [19200/60000 (32%)]	Loss: 0.081012
Train Epoch: 56 [25600/60000 (43%)]	Loss: 0.129541
Train Epoch: 56 [32000/60000 (53%)]	Loss: 0.196650
Train Epoch: 56 [38400/60000 (64%)]	Loss: 0.184570
Train Epoch: 56 [44800/60000 (75%)]	Loss: 0.155332
Train Epoch: 56 [51200/60000 (85%)]	Loss: 0.117037
Train Epoch: 56 [57600/60000 (96%)]	Loss: 0.124290

Test set: Average loss: 0.1055, Accuracy: 9725/10000 (97%)

Train Epoch: 57 [0/60000 (0%)]	Loss: 0.100366
Train Epoch: 57 [6400/60000 (11%)]	Loss: 0.074449
Train Epoch: 57 [12800/60000 (21%)]	Loss: 0.122245
Train Epoch: 57 [19200/60000 (32%)]	Loss: 0.031319
Train Epoch: 57 [25600/60000 (43%)]	Loss: 0.111259
Train Epoch: 57 [32000/60000 (53%)]	Loss: 0.128592
Train Epoch: 57 [38400/60000 (64%)]	Loss: 0.119789
Train Epoch: 57 [44800/60000 (75%)]	Loss: 0.125578
Train Epoch: 57 [51200/60000 (85%)]	Loss: 0.045371
Train Epoch: 57 [57600/60000 (96%)]	Loss: 0.133879

Test set: Average loss: 0.1069, Accuracy: 9724/10000 (97%)

Train Epoch: 58 [0/60000 (0%)]	Loss: 0.085745
Train Epoch: 58 [6400/60000 (11%)]	Loss: 0.104079
Train Epoch: 58 [12800/60000 (21%)]	Loss: 0.071249
Train Epoch: 58 [19200/60000 (32%)]	Loss: 0.121189
Train Epoch: 58 [25600/60000 (43%)]	Loss: 0.177929
Train Epoch: 58 [32000/60000 (53%)]	Loss: 0.182584
Train Epoch: 58 [38400/60000 (64%)]	Loss: 0.156325
Train Epoch: 58 [44800/60000 (75%)]	Loss: 0.082678
Train Epoch: 58 [51200/60000 (85%)]	Loss: 0.140491
Train Epoch: 58 [57600/60000 (96%)]	Loss: 0.117510

Test set: Average loss: 0.1042, Accuracy: 9722/10000 (97%)

Train Epoch: 59 [0/60000 (0%)]	Loss: 0.112045
Train Epoch: 59 [6400/60000 (11%)]	Loss: 0.065286
Train Epoch: 59 [12800/60000 (21%)]	Loss: 0.264881
Train Epoch: 59 [19200/60000 (32%)]	Loss: 0.074077
Train Epoch: 59 [25600/60000 (43%)]	Loss: 0.205954
Train Epoch: 59 [32000/60000 (53%)]	Loss: 0.090455
Train Epoch: 59 [38400/60000 (64%)]	Loss: 0.108059
Train Epoch: 59 [44800/60000 (75%)]	Loss: 0.117727
Train Epoch: 59 [51200/60000 (85%)]	Loss: 0.108060
Train Epoch: 59 [57600/60000 (96%)]	Loss: 0.145090

Test set: Average loss: 0.1069, Accuracy: 9720/10000 (97%)

Train Epoch: 60 [0/60000 (0%)]	Loss: 0.118389
Train Epoch: 60 [6400/60000 (11%)]	Loss: 0.106682
Train Epoch: 60 [12800/60000 (21%)]	Loss: 0.139833
Train Epoch: 60 [19200/60000 (32%)]	Loss: 0.050904
Train Epoch: 60 [25600/60000 (43%)]	Loss: 0.056869
Train Epoch: 60 [32000/60000 (53%)]	Loss: 0.112813
Train Epoch: 60 [38400/60000 (64%)]	Loss: 0.152679
Train Epoch: 60 [44800/60000 (75%)]	Loss: 0.189709
Train Epoch: 60 [51200/60000 (85%)]	Loss: 0.098652
Train Epoch: 60 [57600/60000 (96%)]	Loss: 0.166114

Test set: Average loss: 0.1043, Accuracy: 9724/10000 (97%)

Train Epoch: 61 [0/60000 (0%)]	Loss: 0.142334
Train Epoch: 61 [6400/60000 (11%)]	Loss: 0.041058
Train Epoch: 61 [12800/60000 (21%)]	Loss: 0.136199
Train Epoch: 61 [19200/60000 (32%)]	Loss: 0.116543
Train Epoch: 61 [25600/60000 (43%)]	Loss: 0.181443
Train Epoch: 61 [32000/60000 (53%)]	Loss: 0.143269
Train Epoch: 61 [38400/60000 (64%)]	Loss: 0.083128
Train Epoch: 61 [44800/60000 (75%)]	Loss: 0.087691
Train Epoch: 61 [51200/60000 (85%)]	Loss: 0.077675
Train Epoch: 61 [57600/60000 (96%)]	Loss: 0.211215

Test set: Average loss: 0.1029, Accuracy: 9722/10000 (97%)

Train Epoch: 62 [0/60000 (0%)]	Loss: 0.131238
Train Epoch: 62 [6400/60000 (11%)]	Loss: 0.083125
Train Epoch: 62 [12800/60000 (21%)]	Loss: 0.064178
Train Epoch: 62 [19200/60000 (32%)]	Loss: 0.091510
Train Epoch: 62 [25600/60000 (43%)]	Loss: 0.040463
Train Epoch: 62 [32000/60000 (53%)]	Loss: 0.155754
Train Epoch: 62 [38400/60000 (64%)]	Loss: 0.131076
Train Epoch: 62 [44800/60000 (75%)]	Loss: 0.088254
Train Epoch: 62 [51200/60000 (85%)]	Loss: 0.166980
Train Epoch: 62 [57600/60000 (96%)]	Loss: 0.134661

Test set: Average loss: 0.1038, Accuracy: 9727/10000 (97%)

Train Epoch: 63 [0/60000 (0%)]	Loss: 0.167043
Train Epoch: 63 [6400/60000 (11%)]	Loss: 0.080345
Train Epoch: 63 [12800/60000 (21%)]	Loss: 0.040972
Train Epoch: 63 [19200/60000 (32%)]	Loss: 0.092205
Train Epoch: 63 [25600/60000 (43%)]	Loss: 0.073933
Train Epoch: 63 [32000/60000 (53%)]	Loss: 0.096633
Train Epoch: 63 [38400/60000 (64%)]	Loss: 0.106425
Train Epoch: 63 [44800/60000 (75%)]	Loss: 0.097485
Train Epoch: 63 [51200/60000 (85%)]	Loss: 0.099336
Train Epoch: 63 [57600/60000 (96%)]	Loss: 0.098414

Test set: Average loss: 0.1019, Accuracy: 9730/10000 (97%)

Train Epoch: 64 [0/60000 (0%)]	Loss: 0.073687
Train Epoch: 64 [6400/60000 (11%)]	Loss: 0.044043
Train Epoch: 64 [12800/60000 (21%)]	Loss: 0.102171
Train Epoch: 64 [19200/60000 (32%)]	Loss: 0.209984
Train Epoch: 64 [25600/60000 (43%)]	Loss: 0.067511
Train Epoch: 64 [32000/60000 (53%)]	Loss: 0.040244
Train Epoch: 64 [38400/60000 (64%)]	Loss: 0.062465
Train Epoch: 64 [44800/60000 (75%)]	Loss: 0.137777
Train Epoch: 64 [51200/60000 (85%)]	Loss: 0.099978
Train Epoch: 64 [57600/60000 (96%)]	Loss: 0.092910

Test set: Average loss: 0.1029, Accuracy: 9725/10000 (97%)

Train Epoch: 65 [0/60000 (0%)]	Loss: 0.070504
Train Epoch: 65 [6400/60000 (11%)]	Loss: 0.053652
Train Epoch: 65 [12800/60000 (21%)]	Loss: 0.079178
Train Epoch: 65 [19200/60000 (32%)]	Loss: 0.056945
Train Epoch: 65 [25600/60000 (43%)]	Loss: 0.063265
Train Epoch: 65 [32000/60000 (53%)]	Loss: 0.076372
Train Epoch: 65 [38400/60000 (64%)]	Loss: 0.055099
Train Epoch: 65 [44800/60000 (75%)]	Loss: 0.093386
Train Epoch: 65 [51200/60000 (85%)]	Loss: 0.112025
Train Epoch: 65 [57600/60000 (96%)]	Loss: 0.254363

Test set: Average loss: 0.1012, Accuracy: 9743/10000 (97%)

Train Epoch: 66 [0/60000 (0%)]	Loss: 0.097581
Train Epoch: 66 [6400/60000 (11%)]	Loss: 0.124232
Train Epoch: 66 [12800/60000 (21%)]	Loss: 0.146437
Train Epoch: 66 [19200/60000 (32%)]	Loss: 0.106414
Train Epoch: 66 [25600/60000 (43%)]	Loss: 0.083259
Train Epoch: 66 [32000/60000 (53%)]	Loss: 0.058740
Train Epoch: 66 [38400/60000 (64%)]	Loss: 0.141545
Train Epoch: 66 [44800/60000 (75%)]	Loss: 0.060684
Train Epoch: 66 [51200/60000 (85%)]	Loss: 0.079241
Train Epoch: 66 [57600/60000 (96%)]	Loss: 0.049700

Test set: Average loss: 0.1010, Accuracy: 9734/10000 (97%)

Train Epoch: 67 [0/60000 (0%)]	Loss: 0.034011
Train Epoch: 67 [6400/60000 (11%)]	Loss: 0.154516
Train Epoch: 67 [12800/60000 (21%)]	Loss: 0.142163
Train Epoch: 67 [19200/60000 (32%)]	Loss: 0.070303
Train Epoch: 67 [25600/60000 (43%)]	Loss: 0.045715
Train Epoch: 67 [32000/60000 (53%)]	Loss: 0.082079
Train Epoch: 67 [38400/60000 (64%)]	Loss: 0.194045
Train Epoch: 67 [44800/60000 (75%)]	Loss: 0.096863
Train Epoch: 67 [51200/60000 (85%)]	Loss: 0.081458
Train Epoch: 67 [57600/60000 (96%)]	Loss: 0.101763

Test set: Average loss: 0.1002, Accuracy: 9734/10000 (97%)

Train Epoch: 68 [0/60000 (0%)]	Loss: 0.130579
Train Epoch: 68 [6400/60000 (11%)]	Loss: 0.051775
Train Epoch: 68 [12800/60000 (21%)]	Loss: 0.085777
Train Epoch: 68 [19200/60000 (32%)]	Loss: 0.203778
Train Epoch: 68 [25600/60000 (43%)]	Loss: 0.157159
Train Epoch: 68 [32000/60000 (53%)]	Loss: 0.131149
Train Epoch: 68 [38400/60000 (64%)]	Loss: 0.049768
Train Epoch: 68 [44800/60000 (75%)]	Loss: 0.172997
Train Epoch: 68 [51200/60000 (85%)]	Loss: 0.041871
Train Epoch: 68 [57600/60000 (96%)]	Loss: 0.073376

Test set: Average loss: 0.1046, Accuracy: 9732/10000 (97%)

Train Epoch: 69 [0/60000 (0%)]	Loss: 0.124141
Train Epoch: 69 [6400/60000 (11%)]	Loss: 0.101985
Train Epoch: 69 [12800/60000 (21%)]	Loss: 0.262456
Train Epoch: 69 [19200/60000 (32%)]	Loss: 0.065885
Train Epoch: 69 [25600/60000 (43%)]	Loss: 0.061057
Train Epoch: 69 [32000/60000 (53%)]	Loss: 0.081213
Train Epoch: 69 [38400/60000 (64%)]	Loss: 0.103882
Train Epoch: 69 [44800/60000 (75%)]	Loss: 0.081679
Train Epoch: 69 [51200/60000 (85%)]	Loss: 0.137708
Train Epoch: 69 [57600/60000 (96%)]	Loss: 0.083373

Test set: Average loss: 0.1016, Accuracy: 9732/10000 (97%)

Train Epoch: 70 [0/60000 (0%)]	Loss: 0.097640
Train Epoch: 70 [6400/60000 (11%)]	Loss: 0.035985
Train Epoch: 70 [12800/60000 (21%)]	Loss: 0.102024
Train Epoch: 70 [19200/60000 (32%)]	Loss: 0.089931
Train Epoch: 70 [25600/60000 (43%)]	Loss: 0.054432
Train Epoch: 70 [32000/60000 (53%)]	Loss: 0.037530
Train Epoch: 70 [38400/60000 (64%)]	Loss: 0.030896
Train Epoch: 70 [44800/60000 (75%)]	Loss: 0.144744
Train Epoch: 70 [51200/60000 (85%)]	Loss: 0.053725
Train Epoch: 70 [57600/60000 (96%)]	Loss: 0.064109

Test set: Average loss: 0.1007, Accuracy: 9735/10000 (97%)

Train Epoch: 71 [0/60000 (0%)]	Loss: 0.061900
Train Epoch: 71 [6400/60000 (11%)]	Loss: 0.120984
Train Epoch: 71 [12800/60000 (21%)]	Loss: 0.165256
Train Epoch: 71 [19200/60000 (32%)]	Loss: 0.150499
Train Epoch: 71 [25600/60000 (43%)]	Loss: 0.079325
Train Epoch: 71 [32000/60000 (53%)]	Loss: 0.080519
Train Epoch: 71 [38400/60000 (64%)]	Loss: 0.028730
Train Epoch: 71 [44800/60000 (75%)]	Loss: 0.037560
Train Epoch: 71 [51200/60000 (85%)]	Loss: 0.165714
Train Epoch: 71 [57600/60000 (96%)]	Loss: 0.132345

Test set: Average loss: 0.1006, Accuracy: 9731/10000 (97%)

Train Epoch: 72 [0/60000 (0%)]	Loss: 0.088014
Train Epoch: 72 [6400/60000 (11%)]	Loss: 0.117818
Train Epoch: 72 [12800/60000 (21%)]	Loss: 0.065967
Train Epoch: 72 [19200/60000 (32%)]	Loss: 0.121940
Train Epoch: 72 [25600/60000 (43%)]	Loss: 0.115919
Train Epoch: 72 [32000/60000 (53%)]	Loss: 0.076340
Train Epoch: 72 [38400/60000 (64%)]	Loss: 0.089271
Train Epoch: 72 [44800/60000 (75%)]	Loss: 0.080872
Train Epoch: 72 [51200/60000 (85%)]	Loss: 0.086011
Train Epoch: 72 [57600/60000 (96%)]	Loss: 0.163466

Test set: Average loss: 0.1016, Accuracy: 9735/10000 (97%)

Train Epoch: 73 [0/60000 (0%)]	Loss: 0.079226
Train Epoch: 73 [6400/60000 (11%)]	Loss: 0.150384
Train Epoch: 73 [12800/60000 (21%)]	Loss: 0.105546
Train Epoch: 73 [19200/60000 (32%)]	Loss: 0.178896
Train Epoch: 73 [25600/60000 (43%)]	Loss: 0.078514
Train Epoch: 73 [32000/60000 (53%)]	Loss: 0.081087
Train Epoch: 73 [38400/60000 (64%)]	Loss: 0.085144
Train Epoch: 73 [44800/60000 (75%)]	Loss: 0.096567
Train Epoch: 73 [51200/60000 (85%)]	Loss: 0.079078
Train Epoch: 73 [57600/60000 (96%)]	Loss: 0.070841

Test set: Average loss: 0.1010, Accuracy: 9728/10000 (97%)

Train Epoch: 74 [0/60000 (0%)]	Loss: 0.065942
Train Epoch: 74 [6400/60000 (11%)]	Loss: 0.113399
Train Epoch: 74 [12800/60000 (21%)]	Loss: 0.107896
Train Epoch: 74 [19200/60000 (32%)]	Loss: 0.059055
Train Epoch: 74 [25600/60000 (43%)]	Loss: 0.186242
Train Epoch: 74 [32000/60000 (53%)]	Loss: 0.080344
Train Epoch: 74 [38400/60000 (64%)]	Loss: 0.083528
Train Epoch: 74 [44800/60000 (75%)]	Loss: 0.061598
Train Epoch: 74 [51200/60000 (85%)]	Loss: 0.062336
Train Epoch: 74 [57600/60000 (96%)]	Loss: 0.142572

Test set: Average loss: 0.1011, Accuracy: 9734/10000 (97%)

Train Epoch: 75 [0/60000 (0%)]	Loss: 0.097856
Train Epoch: 75 [6400/60000 (11%)]	Loss: 0.284493
Train Epoch: 75 [12800/60000 (21%)]	Loss: 0.194979
Train Epoch: 75 [19200/60000 (32%)]	Loss: 0.058651
Train Epoch: 75 [25600/60000 (43%)]	Loss: 0.134449
Train Epoch: 75 [32000/60000 (53%)]	Loss: 0.171668
Train Epoch: 75 [38400/60000 (64%)]	Loss: 0.045376
Train Epoch: 75 [44800/60000 (75%)]	Loss: 0.197967
Train Epoch: 75 [51200/60000 (85%)]	Loss: 0.154762
Train Epoch: 75 [57600/60000 (96%)]	Loss: 0.095337

Test set: Average loss: 0.0991, Accuracy: 9734/10000 (97%)

Train Epoch: 76 [0/60000 (0%)]	Loss: 0.119845
Train Epoch: 76 [6400/60000 (11%)]	Loss: 0.104371
Train Epoch: 76 [12800/60000 (21%)]	Loss: 0.057673
Train Epoch: 76 [19200/60000 (32%)]	Loss: 0.080640
Train Epoch: 76 [25600/60000 (43%)]	Loss: 0.051099
Train Epoch: 76 [32000/60000 (53%)]	Loss: 0.060404
Train Epoch: 76 [38400/60000 (64%)]	Loss: 0.052277
Train Epoch: 76 [44800/60000 (75%)]	Loss: 0.078856
Train Epoch: 76 [51200/60000 (85%)]	Loss: 0.117967
Train Epoch: 76 [57600/60000 (96%)]	Loss: 0.187417

Test set: Average loss: 0.0988, Accuracy: 9735/10000 (97%)

Train Epoch: 77 [0/60000 (0%)]	Loss: 0.187191
Train Epoch: 77 [6400/60000 (11%)]	Loss: 0.098485
Train Epoch: 77 [12800/60000 (21%)]	Loss: 0.148099
Train Epoch: 77 [19200/60000 (32%)]	Loss: 0.095125
Train Epoch: 77 [25600/60000 (43%)]	Loss: 0.128577
Train Epoch: 77 [32000/60000 (53%)]	Loss: 0.047540
Train Epoch: 77 [38400/60000 (64%)]	Loss: 0.122606
Train Epoch: 77 [44800/60000 (75%)]	Loss: 0.147774
Train Epoch: 77 [51200/60000 (85%)]	Loss: 0.087068
Train Epoch: 77 [57600/60000 (96%)]	Loss: 0.062551

Test set: Average loss: 0.0989, Accuracy: 9728/10000 (97%)

Train Epoch: 78 [0/60000 (0%)]	Loss: 0.030729
Train Epoch: 78 [6400/60000 (11%)]	Loss: 0.070064
Train Epoch: 78 [12800/60000 (21%)]	Loss: 0.133841
Train Epoch: 78 [19200/60000 (32%)]	Loss: 0.101935
Train Epoch: 78 [25600/60000 (43%)]	Loss: 0.158891
Train Epoch: 78 [32000/60000 (53%)]	Loss: 0.046111
Train Epoch: 78 [38400/60000 (64%)]	Loss: 0.103830
Train Epoch: 78 [44800/60000 (75%)]	Loss: 0.158341
Train Epoch: 78 [51200/60000 (85%)]	Loss: 0.122890
Train Epoch: 78 [57600/60000 (96%)]	Loss: 0.040571

Test set: Average loss: 0.1008, Accuracy: 9732/10000 (97%)

Train Epoch: 79 [0/60000 (0%)]	Loss: 0.096364
Train Epoch: 79 [6400/60000 (11%)]	Loss: 0.078106
Train Epoch: 79 [12800/60000 (21%)]	Loss: 0.161563
Train Epoch: 79 [19200/60000 (32%)]	Loss: 0.059215
Train Epoch: 79 [25600/60000 (43%)]	Loss: 0.099543
Train Epoch: 79 [32000/60000 (53%)]	Loss: 0.139215
Train Epoch: 79 [38400/60000 (64%)]	Loss: 0.212889
Train Epoch: 79 [44800/60000 (75%)]	Loss: 0.031870
Train Epoch: 79 [51200/60000 (85%)]	Loss: 0.141687
Train Epoch: 79 [57600/60000 (96%)]	Loss: 0.164048

Test set: Average loss: 0.1002, Accuracy: 9740/10000 (97%)

Train Epoch: 80 [0/60000 (0%)]	Loss: 0.171300
Train Epoch: 80 [6400/60000 (11%)]	Loss: 0.048357
Train Epoch: 80 [12800/60000 (21%)]	Loss: 0.066530
Train Epoch: 80 [19200/60000 (32%)]	Loss: 0.045950
Train Epoch: 80 [25600/60000 (43%)]	Loss: 0.085061
Train Epoch: 80 [32000/60000 (53%)]	Loss: 0.108159
Train Epoch: 80 [38400/60000 (64%)]	Loss: 0.068531
Train Epoch: 80 [44800/60000 (75%)]	Loss: 0.065648
Train Epoch: 80 [51200/60000 (85%)]	Loss: 0.057620
Train Epoch: 80 [57600/60000 (96%)]	Loss: 0.044952

Test set: Average loss: 0.1002, Accuracy: 9729/10000 (97%)

Train Epoch: 81 [0/60000 (0%)]	Loss: 0.074723
Train Epoch: 81 [6400/60000 (11%)]	Loss: 0.090611
Train Epoch: 81 [12800/60000 (21%)]	Loss: 0.138799
Train Epoch: 81 [19200/60000 (32%)]	Loss: 0.090542
Train Epoch: 81 [25600/60000 (43%)]	Loss: 0.112607
Train Epoch: 81 [32000/60000 (53%)]	Loss: 0.077313
Train Epoch: 81 [38400/60000 (64%)]	Loss: 0.040768
Train Epoch: 81 [44800/60000 (75%)]	Loss: 0.086154
Train Epoch: 81 [51200/60000 (85%)]	Loss: 0.033929
Train Epoch: 81 [57600/60000 (96%)]	Loss: 0.071422

Test set: Average loss: 0.0999, Accuracy: 9729/10000 (97%)

Train Epoch: 82 [0/60000 (0%)]	Loss: 0.032965
Train Epoch: 82 [6400/60000 (11%)]	Loss: 0.106131
Train Epoch: 82 [12800/60000 (21%)]	Loss: 0.095027
Train Epoch: 82 [19200/60000 (32%)]	Loss: 0.131172
Train Epoch: 82 [25600/60000 (43%)]	Loss: 0.082632
Train Epoch: 82 [32000/60000 (53%)]	Loss: 0.157004
Train Epoch: 82 [38400/60000 (64%)]	Loss: 0.060198
Train Epoch: 82 [44800/60000 (75%)]	Loss: 0.234393
Train Epoch: 82 [51200/60000 (85%)]	Loss: 0.128164
Train Epoch: 82 [57600/60000 (96%)]	Loss: 0.049089

Test set: Average loss: 0.0992, Accuracy: 9735/10000 (97%)

Train Epoch: 83 [0/60000 (0%)]	Loss: 0.085276
Train Epoch: 83 [6400/60000 (11%)]	Loss: 0.073134
Train Epoch: 83 [12800/60000 (21%)]	Loss: 0.196019
Train Epoch: 83 [19200/60000 (32%)]	Loss: 0.113414
Train Epoch: 83 [25600/60000 (43%)]	Loss: 0.141520
Train Epoch: 83 [32000/60000 (53%)]	Loss: 0.147582
Train Epoch: 83 [38400/60000 (64%)]	Loss: 0.117876
Train Epoch: 83 [44800/60000 (75%)]	Loss: 0.156998
Train Epoch: 83 [51200/60000 (85%)]	Loss: 0.154151
Train Epoch: 83 [57600/60000 (96%)]	Loss: 0.122277

Test set: Average loss: 0.0988, Accuracy: 9724/10000 (97%)

Train Epoch: 84 [0/60000 (0%)]	Loss: 0.087289
Train Epoch: 84 [6400/60000 (11%)]	Loss: 0.051427
Train Epoch: 84 [12800/60000 (21%)]	Loss: 0.084543
Train Epoch: 84 [19200/60000 (32%)]	Loss: 0.065754
Train Epoch: 84 [25600/60000 (43%)]	Loss: 0.056185
Train Epoch: 84 [32000/60000 (53%)]	Loss: 0.097039
Train Epoch: 84 [38400/60000 (64%)]	Loss: 0.154829
Train Epoch: 84 [44800/60000 (75%)]	Loss: 0.226988
Train Epoch: 84 [51200/60000 (85%)]	Loss: 0.161724
Train Epoch: 84 [57600/60000 (96%)]	Loss: 0.103280

Test set: Average loss: 0.0981, Accuracy: 9736/10000 (97%)

Train Epoch: 85 [0/60000 (0%)]	Loss: 0.102609
Train Epoch: 85 [6400/60000 (11%)]	Loss: 0.100416
Train Epoch: 85 [12800/60000 (21%)]	Loss: 0.135539
Train Epoch: 85 [19200/60000 (32%)]	Loss: 0.136118
Train Epoch: 85 [25600/60000 (43%)]	Loss: 0.045626
Train Epoch: 85 [32000/60000 (53%)]	Loss: 0.121616
Train Epoch: 85 [38400/60000 (64%)]	Loss: 0.102898
Train Epoch: 85 [44800/60000 (75%)]	Loss: 0.121282
Train Epoch: 85 [51200/60000 (85%)]	Loss: 0.038700
Train Epoch: 85 [57600/60000 (96%)]	Loss: 0.081932

Test set: Average loss: 0.0990, Accuracy: 9739/10000 (97%)

Train Epoch: 86 [0/60000 (0%)]	Loss: 0.094521
Train Epoch: 86 [6400/60000 (11%)]	Loss: 0.168667
Train Epoch: 86 [12800/60000 (21%)]	Loss: 0.087839
Train Epoch: 86 [19200/60000 (32%)]	Loss: 0.148043
Train Epoch: 86 [25600/60000 (43%)]	Loss: 0.066348
Train Epoch: 86 [32000/60000 (53%)]	Loss: 0.074525
Train Epoch: 86 [38400/60000 (64%)]	Loss: 0.107891
Train Epoch: 86 [44800/60000 (75%)]	Loss: 0.090189
Train Epoch: 86 [51200/60000 (85%)]	Loss: 0.148544
Train Epoch: 86 [57600/60000 (96%)]	Loss: 0.126727

Test set: Average loss: 0.0992, Accuracy: 9737/10000 (97%)

Train Epoch: 87 [0/60000 (0%)]	Loss: 0.053617
Train Epoch: 87 [6400/60000 (11%)]	Loss: 0.107692
Train Epoch: 87 [12800/60000 (21%)]	Loss: 0.082531
Train Epoch: 87 [19200/60000 (32%)]	Loss: 0.064296
Train Epoch: 87 [25600/60000 (43%)]	Loss: 0.124790
Train Epoch: 87 [32000/60000 (53%)]	Loss: 0.075674
Train Epoch: 87 [38400/60000 (64%)]	Loss: 0.083683
Train Epoch: 87 [44800/60000 (75%)]	Loss: 0.098966
Train Epoch: 87 [51200/60000 (85%)]	Loss: 0.040218
Train Epoch: 87 [57600/60000 (96%)]	Loss: 0.090372

Test set: Average loss: 0.0986, Accuracy: 9742/10000 (97%)

Train Epoch: 88 [0/60000 (0%)]	Loss: 0.097294
Train Epoch: 88 [6400/60000 (11%)]	Loss: 0.108601
Train Epoch: 88 [12800/60000 (21%)]	Loss: 0.099396
Train Epoch: 88 [19200/60000 (32%)]	Loss: 0.232126
Train Epoch: 88 [25600/60000 (43%)]	Loss: 0.143938
Train Epoch: 88 [32000/60000 (53%)]	Loss: 0.096851
Train Epoch: 88 [38400/60000 (64%)]	Loss: 0.162075
Train Epoch: 88 [44800/60000 (75%)]	Loss: 0.097997
Train Epoch: 88 [51200/60000 (85%)]	Loss: 0.071209
Train Epoch: 88 [57600/60000 (96%)]	Loss: 0.036978

Test set: Average loss: 0.0986, Accuracy: 9733/10000 (97%)

Train Epoch: 89 [0/60000 (0%)]	Loss: 0.224372
Train Epoch: 89 [6400/60000 (11%)]	Loss: 0.120730
Train Epoch: 89 [12800/60000 (21%)]	Loss: 0.140009
Train Epoch: 89 [19200/60000 (32%)]	Loss: 0.179440
Train Epoch: 89 [25600/60000 (43%)]	Loss: 0.026744
Train Epoch: 89 [32000/60000 (53%)]	Loss: 0.111027
Train Epoch: 89 [38400/60000 (64%)]	Loss: 0.118440
Train Epoch: 89 [44800/60000 (75%)]	Loss: 0.124079
Train Epoch: 89 [51200/60000 (85%)]	Loss: 0.059397
Train Epoch: 89 [57600/60000 (96%)]	Loss: 0.027648

Test set: Average loss: 0.0986, Accuracy: 9739/10000 (97%)

Train Epoch: 90 [0/60000 (0%)]	Loss: 0.079962
Train Epoch: 90 [6400/60000 (11%)]	Loss: 0.140247
Train Epoch: 90 [12800/60000 (21%)]	Loss: 0.108942
Train Epoch: 90 [19200/60000 (32%)]	Loss: 0.116673
Train Epoch: 90 [25600/60000 (43%)]	Loss: 0.058680
Train Epoch: 90 [32000/60000 (53%)]	Loss: 0.146184
Train Epoch: 90 [38400/60000 (64%)]	Loss: 0.049285
Train Epoch: 90 [44800/60000 (75%)]	Loss: 0.209718
Train Epoch: 90 [51200/60000 (85%)]	Loss: 0.132216
Train Epoch: 90 [57600/60000 (96%)]	Loss: 0.027562

Test set: Average loss: 0.0986, Accuracy: 9738/10000 (97%)

Train Epoch: 91 [0/60000 (0%)]	Loss: 0.057471
Train Epoch: 91 [6400/60000 (11%)]	Loss: 0.050412
Train Epoch: 91 [12800/60000 (21%)]	Loss: 0.113489
Train Epoch: 91 [19200/60000 (32%)]	Loss: 0.034388
Train Epoch: 91 [25600/60000 (43%)]	Loss: 0.144135
Train Epoch: 91 [32000/60000 (53%)]	Loss: 0.100068
Train Epoch: 91 [38400/60000 (64%)]	Loss: 0.110446
Train Epoch: 91 [44800/60000 (75%)]	Loss: 0.122792
Train Epoch: 91 [51200/60000 (85%)]	Loss: 0.040624
Train Epoch: 91 [57600/60000 (96%)]	Loss: 0.138440

Test set: Average loss: 0.0976, Accuracy: 9738/10000 (97%)

Train Epoch: 92 [0/60000 (0%)]	Loss: 0.081991
Train Epoch: 92 [6400/60000 (11%)]	Loss: 0.071378
Train Epoch: 92 [12800/60000 (21%)]	Loss: 0.033350
Train Epoch: 92 [19200/60000 (32%)]	Loss: 0.035111
Train Epoch: 92 [25600/60000 (43%)]	Loss: 0.092491
Train Epoch: 92 [32000/60000 (53%)]	Loss: 0.059283
Train Epoch: 92 [38400/60000 (64%)]	Loss: 0.082399
Train Epoch: 92 [44800/60000 (75%)]	Loss: 0.086555
Train Epoch: 92 [51200/60000 (85%)]	Loss: 0.079127
Train Epoch: 92 [57600/60000 (96%)]	Loss: 0.089161

Test set: Average loss: 0.0975, Accuracy: 9732/10000 (97%)

Train Epoch: 93 [0/60000 (0%)]	Loss: 0.074337
Train Epoch: 93 [6400/60000 (11%)]	Loss: 0.049179
Train Epoch: 93 [12800/60000 (21%)]	Loss: 0.084217
Train Epoch: 93 [19200/60000 (32%)]	Loss: 0.082780
Train Epoch: 93 [25600/60000 (43%)]	Loss: 0.168825
Train Epoch: 93 [32000/60000 (53%)]	Loss: 0.151505
Train Epoch: 93 [38400/60000 (64%)]	Loss: 0.052554
Train Epoch: 93 [44800/60000 (75%)]	Loss: 0.140035
Train Epoch: 93 [51200/60000 (85%)]	Loss: 0.076937
Train Epoch: 93 [57600/60000 (96%)]	Loss: 0.030838

Test set: Average loss: 0.0992, Accuracy: 9733/10000 (97%)

Train Epoch: 94 [0/60000 (0%)]	Loss: 0.122512
Train Epoch: 94 [6400/60000 (11%)]	Loss: 0.056264
Train Epoch: 94 [12800/60000 (21%)]	Loss: 0.113644
Train Epoch: 94 [19200/60000 (32%)]	Loss: 0.172641
Train Epoch: 94 [25600/60000 (43%)]	Loss: 0.046304
Train Epoch: 94 [32000/60000 (53%)]	Loss: 0.138665
Train Epoch: 94 [38400/60000 (64%)]	Loss: 0.115935
Train Epoch: 94 [44800/60000 (75%)]	Loss: 0.135943
Train Epoch: 94 [51200/60000 (85%)]	Loss: 0.095195
Train Epoch: 94 [57600/60000 (96%)]	Loss: 0.065407

Test set: Average loss: 0.0992, Accuracy: 9730/10000 (97%)

Train Epoch: 95 [0/60000 (0%)]	Loss: 0.074499
Train Epoch: 95 [6400/60000 (11%)]	Loss: 0.113232
Train Epoch: 95 [12800/60000 (21%)]	Loss: 0.047305
Train Epoch: 95 [19200/60000 (32%)]	Loss: 0.075716
Train Epoch: 95 [25600/60000 (43%)]	Loss: 0.153510
Train Epoch: 95 [32000/60000 (53%)]	Loss: 0.041714
Train Epoch: 95 [38400/60000 (64%)]	Loss: 0.129229
Train Epoch: 95 [44800/60000 (75%)]	Loss: 0.066750
Train Epoch: 95 [51200/60000 (85%)]	Loss: 0.058064
Train Epoch: 95 [57600/60000 (96%)]	Loss: 0.071378

Test set: Average loss: 0.0976, Accuracy: 9734/10000 (97%)

Train Epoch: 96 [0/60000 (0%)]	Loss: 0.204362
Train Epoch: 96 [6400/60000 (11%)]	Loss: 0.100480
Train Epoch: 96 [12800/60000 (21%)]	Loss: 0.134349
Train Epoch: 96 [19200/60000 (32%)]	Loss: 0.163931
Train Epoch: 96 [25600/60000 (43%)]	Loss: 0.095185
Train Epoch: 96 [32000/60000 (53%)]	Loss: 0.129001
Train Epoch: 96 [38400/60000 (64%)]	Loss: 0.048745
Train Epoch: 96 [44800/60000 (75%)]	Loss: 0.041829
Train Epoch: 96 [51200/60000 (85%)]	Loss: 0.072081
Train Epoch: 96 [57600/60000 (96%)]	Loss: 0.160956

Test set: Average loss: 0.0976, Accuracy: 9742/10000 (97%)

Train Epoch: 97 [0/60000 (0%)]	Loss: 0.097871
Train Epoch: 97 [6400/60000 (11%)]	Loss: 0.092616
Train Epoch: 97 [12800/60000 (21%)]	Loss: 0.083395
Train Epoch: 97 [19200/60000 (32%)]	Loss: 0.133712
Train Epoch: 97 [25600/60000 (43%)]	Loss: 0.177944
Train Epoch: 97 [32000/60000 (53%)]	Loss: 0.069974
Train Epoch: 97 [38400/60000 (64%)]	Loss: 0.165449
Train Epoch: 97 [44800/60000 (75%)]	Loss: 0.105226
Train Epoch: 97 [51200/60000 (85%)]	Loss: 0.126194
Train Epoch: 97 [57600/60000 (96%)]	Loss: 0.108915

Test set: Average loss: 0.0974, Accuracy: 9740/10000 (97%)

Train Epoch: 98 [0/60000 (0%)]	Loss: 0.042568
Train Epoch: 98 [6400/60000 (11%)]	Loss: 0.093701
Train Epoch: 98 [12800/60000 (21%)]	Loss: 0.049436
Train Epoch: 98 [19200/60000 (32%)]	Loss: 0.050920
Train Epoch: 98 [25600/60000 (43%)]	Loss: 0.094607
Train Epoch: 98 [32000/60000 (53%)]	Loss: 0.075480
Train Epoch: 98 [38400/60000 (64%)]	Loss: 0.150729
Train Epoch: 98 [44800/60000 (75%)]	Loss: 0.099204
Train Epoch: 98 [51200/60000 (85%)]	Loss: 0.100136
Train Epoch: 98 [57600/60000 (96%)]	Loss: 0.046302

Test set: Average loss: 0.0971, Accuracy: 9743/10000 (97%)

Train Epoch: 99 [0/60000 (0%)]	Loss: 0.150110
Train Epoch: 99 [6400/60000 (11%)]	Loss: 0.067673
Train Epoch: 99 [12800/60000 (21%)]	Loss: 0.064523
Train Epoch: 99 [19200/60000 (32%)]	Loss: 0.058177
Train Epoch: 99 [25600/60000 (43%)]	Loss: 0.052772
Train Epoch: 99 [32000/60000 (53%)]	Loss: 0.138525
Train Epoch: 99 [38400/60000 (64%)]	Loss: 0.075238
Train Epoch: 99 [44800/60000 (75%)]	Loss: 0.181833
Train Epoch: 99 [51200/60000 (85%)]	Loss: 0.107872
Train Epoch: 99 [57600/60000 (96%)]	Loss: 0.058556

Test set: Average loss: 0.0973, Accuracy: 9746/10000 (97%)

Train Epoch: 100 [0/60000 (0%)]	Loss: 0.041924
Train Epoch: 100 [6400/60000 (11%)]	Loss: 0.166463
Train Epoch: 100 [12800/60000 (21%)]	Loss: 0.134345
Train Epoch: 100 [19200/60000 (32%)]	Loss: 0.112851
Train Epoch: 100 [25600/60000 (43%)]	Loss: 0.153665
Train Epoch: 100 [32000/60000 (53%)]	Loss: 0.077422
Train Epoch: 100 [38400/60000 (64%)]	Loss: 0.123356
Train Epoch: 100 [44800/60000 (75%)]	Loss: 0.079220
Train Epoch: 100 [51200/60000 (85%)]	Loss: 0.046202
Train Epoch: 100 [57600/60000 (96%)]	Loss: 0.169130

Test set: Average loss: 0.0969, Accuracy: 9739/10000 (97%)

Namespace(batch_size=64, bias=None, data='../data', device=0, epochs=100, hidden_size=500, load_weights='../base3/lenet5/lenet5_e100_h500.pt', log_interval=100, lr=0.01, milestones=[5, 7], model='prunelenet5', momentum=0.9, no_cuda=False, r=5, save_model=None, save_results=True, scheduler='cosine', seed=1, sparsity=0.5, use_relu=False, wd=0.0005)


Total time spent pruning/training: 31.05 minutes
Total number of parameters in model: 300414
Number of parameters in pruned model: 151482
