Namespace(batch_size=64, bias=None, data='../data', device=0, epochs=50, hidden_size=500, load_weights='../base2/lenet5/lenet5_e50_h500.pt', log_interval=100, lr=0.01, milestones=[5, 7], model='prunelenet5', momentum=0.9, no_cuda=False, r=5, save_model=None, save_results=True, scheduler='cosine', seed=1, sparsity=0.95, use_relu=False, wd=0.0005) 

Training a Pruned LeNet5 network ...
Train Epoch: 1 [0/60000 (0%)]	Loss: 2.300913
Train Epoch: 1 [6400/60000 (11%)]	Loss: 2.300381
Train Epoch: 1 [12800/60000 (21%)]	Loss: 2.294926
Train Epoch: 1 [19200/60000 (32%)]	Loss: 2.297722
Train Epoch: 1 [25600/60000 (43%)]	Loss: 2.293068
Train Epoch: 1 [32000/60000 (53%)]	Loss: 2.285191
Train Epoch: 1 [38400/60000 (64%)]	Loss: 2.281122
Train Epoch: 1 [44800/60000 (75%)]	Loss: 2.272467
Train Epoch: 1 [51200/60000 (85%)]	Loss: 2.262704
Train Epoch: 1 [57600/60000 (96%)]	Loss: 2.278211

Test set: Average loss: 2.2621, Accuracy: 3284/10000 (33%)

Train Epoch: 2 [0/60000 (0%)]	Loss: 2.269513
Train Epoch: 2 [6400/60000 (11%)]	Loss: 2.252339
Train Epoch: 2 [12800/60000 (21%)]	Loss: 2.257096
Train Epoch: 2 [19200/60000 (32%)]	Loss: 2.228727
Train Epoch: 2 [25600/60000 (43%)]	Loss: 2.200990
Train Epoch: 2 [32000/60000 (53%)]	Loss: 2.189543
Train Epoch: 2 [38400/60000 (64%)]	Loss: 2.214017
Train Epoch: 2 [44800/60000 (75%)]	Loss: 2.166859
Train Epoch: 2 [51200/60000 (85%)]	Loss: 2.149742
Train Epoch: 2 [57600/60000 (96%)]	Loss: 2.115103

Test set: Average loss: 2.0907, Accuracy: 3970/10000 (40%)

Train Epoch: 3 [0/60000 (0%)]	Loss: 2.088636
Train Epoch: 3 [6400/60000 (11%)]	Loss: 1.973658
Train Epoch: 3 [12800/60000 (21%)]	Loss: 1.982684
Train Epoch: 3 [19200/60000 (32%)]	Loss: 2.035165
Train Epoch: 3 [25600/60000 (43%)]	Loss: 1.954198
Train Epoch: 3 [32000/60000 (53%)]	Loss: 1.903900
Train Epoch: 3 [38400/60000 (64%)]	Loss: 1.903227
Train Epoch: 3 [44800/60000 (75%)]	Loss: 1.862726
Train Epoch: 3 [51200/60000 (85%)]	Loss: 1.823067
Train Epoch: 3 [57600/60000 (96%)]	Loss: 1.704940

Test set: Average loss: 1.7727, Accuracy: 5042/10000 (50%)

Train Epoch: 4 [0/60000 (0%)]	Loss: 1.785068
Train Epoch: 4 [6400/60000 (11%)]	Loss: 1.793020
Train Epoch: 4 [12800/60000 (21%)]	Loss: 1.772301
Train Epoch: 4 [19200/60000 (32%)]	Loss: 1.603914
Train Epoch: 4 [25600/60000 (43%)]	Loss: 1.592616
Train Epoch: 4 [32000/60000 (53%)]	Loss: 1.644518
Train Epoch: 4 [38400/60000 (64%)]	Loss: 1.632617
Train Epoch: 4 [44800/60000 (75%)]	Loss: 1.537497
Train Epoch: 4 [51200/60000 (85%)]	Loss: 1.519552
Train Epoch: 4 [57600/60000 (96%)]	Loss: 1.422382

Test set: Average loss: 1.5110, Accuracy: 6128/10000 (61%)

Train Epoch: 5 [0/60000 (0%)]	Loss: 1.524264
Train Epoch: 5 [6400/60000 (11%)]	Loss: 1.439877
Train Epoch: 5 [12800/60000 (21%)]	Loss: 1.500810
Train Epoch: 5 [19200/60000 (32%)]	Loss: 1.380095
Train Epoch: 5 [25600/60000 (43%)]	Loss: 1.407694
Train Epoch: 5 [32000/60000 (53%)]	Loss: 1.380171
Train Epoch: 5 [38400/60000 (64%)]	Loss: 1.480130
Train Epoch: 5 [44800/60000 (75%)]	Loss: 1.412244
Train Epoch: 5 [51200/60000 (85%)]	Loss: 1.354730
Train Epoch: 5 [57600/60000 (96%)]	Loss: 1.212275

Test set: Average loss: 1.3448, Accuracy: 6595/10000 (66%)

Train Epoch: 6 [0/60000 (0%)]	Loss: 1.327863
Train Epoch: 6 [6400/60000 (11%)]	Loss: 1.482656
Train Epoch: 6 [12800/60000 (21%)]	Loss: 1.198061
Train Epoch: 6 [19200/60000 (32%)]	Loss: 1.343519
Train Epoch: 6 [25600/60000 (43%)]	Loss: 1.340197
Train Epoch: 6 [32000/60000 (53%)]	Loss: 1.398851
Train Epoch: 6 [38400/60000 (64%)]	Loss: 1.199563
Train Epoch: 6 [44800/60000 (75%)]	Loss: 1.352190
Train Epoch: 6 [51200/60000 (85%)]	Loss: 1.319855
Train Epoch: 6 [57600/60000 (96%)]	Loss: 1.273284

Test set: Average loss: 1.2367, Accuracy: 6951/10000 (70%)

Train Epoch: 7 [0/60000 (0%)]	Loss: 1.300009
Train Epoch: 7 [6400/60000 (11%)]	Loss: 1.251785
Train Epoch: 7 [12800/60000 (21%)]	Loss: 1.210993
Train Epoch: 7 [19200/60000 (32%)]	Loss: 1.165290
Train Epoch: 7 [25600/60000 (43%)]	Loss: 1.255445
Train Epoch: 7 [32000/60000 (53%)]	Loss: 1.144269
Train Epoch: 7 [38400/60000 (64%)]	Loss: 1.086148
Train Epoch: 7 [44800/60000 (75%)]	Loss: 1.194163
Train Epoch: 7 [51200/60000 (85%)]	Loss: 1.239451
Train Epoch: 7 [57600/60000 (96%)]	Loss: 1.220365

Test set: Average loss: 1.1647, Accuracy: 7296/10000 (73%)

Train Epoch: 8 [0/60000 (0%)]	Loss: 1.090775
Train Epoch: 8 [6400/60000 (11%)]	Loss: 1.278103
Train Epoch: 8 [12800/60000 (21%)]	Loss: 1.090080
Train Epoch: 8 [19200/60000 (32%)]	Loss: 1.293699
Train Epoch: 8 [25600/60000 (43%)]	Loss: 1.083814
Train Epoch: 8 [32000/60000 (53%)]	Loss: 1.185260
Train Epoch: 8 [38400/60000 (64%)]	Loss: 1.094589
Train Epoch: 8 [44800/60000 (75%)]	Loss: 1.202669
Train Epoch: 8 [51200/60000 (85%)]	Loss: 1.247820
Train Epoch: 8 [57600/60000 (96%)]	Loss: 1.198462

Test set: Average loss: 1.1145, Accuracy: 7423/10000 (74%)

Train Epoch: 9 [0/60000 (0%)]	Loss: 1.139518
Train Epoch: 9 [6400/60000 (11%)]	Loss: 1.072916
Train Epoch: 9 [12800/60000 (21%)]	Loss: 1.205119
Train Epoch: 9 [19200/60000 (32%)]	Loss: 1.049052
Train Epoch: 9 [25600/60000 (43%)]	Loss: 1.008248
Train Epoch: 9 [32000/60000 (53%)]	Loss: 1.335310
Train Epoch: 9 [38400/60000 (64%)]	Loss: 1.111336
Train Epoch: 9 [44800/60000 (75%)]	Loss: 1.083673
Train Epoch: 9 [51200/60000 (85%)]	Loss: 1.156492
Train Epoch: 9 [57600/60000 (96%)]	Loss: 1.075402

Test set: Average loss: 1.0776, Accuracy: 7707/10000 (77%)

Train Epoch: 10 [0/60000 (0%)]	Loss: 1.097779
Train Epoch: 10 [6400/60000 (11%)]	Loss: 1.100780
Train Epoch: 10 [12800/60000 (21%)]	Loss: 1.074353
Train Epoch: 10 [19200/60000 (32%)]	Loss: 1.082502
Train Epoch: 10 [25600/60000 (43%)]	Loss: 1.167013
Train Epoch: 10 [32000/60000 (53%)]	Loss: 1.032340
Train Epoch: 10 [38400/60000 (64%)]	Loss: 1.030567
Train Epoch: 10 [44800/60000 (75%)]	Loss: 1.140721
Train Epoch: 10 [51200/60000 (85%)]	Loss: 1.060969
Train Epoch: 10 [57600/60000 (96%)]	Loss: 1.066319

Test set: Average loss: 1.0475, Accuracy: 7711/10000 (77%)

Train Epoch: 11 [0/60000 (0%)]	Loss: 1.105712
Train Epoch: 11 [6400/60000 (11%)]	Loss: 1.055451
Train Epoch: 11 [12800/60000 (21%)]	Loss: 1.060076
Train Epoch: 11 [19200/60000 (32%)]	Loss: 1.043991
Train Epoch: 11 [25600/60000 (43%)]	Loss: 1.024503
Train Epoch: 11 [32000/60000 (53%)]	Loss: 1.071992
Train Epoch: 11 [38400/60000 (64%)]	Loss: 1.067368
Train Epoch: 11 [44800/60000 (75%)]	Loss: 1.000235
Train Epoch: 11 [51200/60000 (85%)]	Loss: 1.086386
Train Epoch: 11 [57600/60000 (96%)]	Loss: 1.044940

Test set: Average loss: 1.0244, Accuracy: 7792/10000 (78%)

Train Epoch: 12 [0/60000 (0%)]	Loss: 0.942176
Train Epoch: 12 [6400/60000 (11%)]	Loss: 1.278356
Train Epoch: 12 [12800/60000 (21%)]	Loss: 1.098923
Train Epoch: 12 [19200/60000 (32%)]	Loss: 1.070033
Train Epoch: 12 [25600/60000 (43%)]	Loss: 1.015384
Train Epoch: 12 [32000/60000 (53%)]	Loss: 1.030466
Train Epoch: 12 [38400/60000 (64%)]	Loss: 1.121948
Train Epoch: 12 [44800/60000 (75%)]	Loss: 0.970455
Train Epoch: 12 [51200/60000 (85%)]	Loss: 0.984610
Train Epoch: 12 [57600/60000 (96%)]	Loss: 1.074612

Test set: Average loss: 1.0045, Accuracy: 7817/10000 (78%)

Train Epoch: 13 [0/60000 (0%)]	Loss: 0.967515
Train Epoch: 13 [6400/60000 (11%)]	Loss: 1.017800
Train Epoch: 13 [12800/60000 (21%)]	Loss: 0.990802
Train Epoch: 13 [19200/60000 (32%)]	Loss: 1.003360
Train Epoch: 13 [25600/60000 (43%)]	Loss: 1.025080
Train Epoch: 13 [32000/60000 (53%)]	Loss: 1.195264
Train Epoch: 13 [38400/60000 (64%)]	Loss: 1.007098
Train Epoch: 13 [44800/60000 (75%)]	Loss: 1.142443
Train Epoch: 13 [51200/60000 (85%)]	Loss: 0.914414
Train Epoch: 13 [57600/60000 (96%)]	Loss: 1.121408

Test set: Average loss: 0.9919, Accuracy: 7956/10000 (80%)

Train Epoch: 14 [0/60000 (0%)]	Loss: 1.007016
Train Epoch: 14 [6400/60000 (11%)]	Loss: 0.884152
Train Epoch: 14 [12800/60000 (21%)]	Loss: 1.071847
Train Epoch: 14 [19200/60000 (32%)]	Loss: 1.043154
Train Epoch: 14 [25600/60000 (43%)]	Loss: 1.004038
Train Epoch: 14 [32000/60000 (53%)]	Loss: 0.961064
Train Epoch: 14 [38400/60000 (64%)]	Loss: 1.039222
Train Epoch: 14 [44800/60000 (75%)]	Loss: 1.085998
Train Epoch: 14 [51200/60000 (85%)]	Loss: 0.965864
Train Epoch: 14 [57600/60000 (96%)]	Loss: 1.045201

Test set: Average loss: 0.9812, Accuracy: 7800/10000 (78%)

Train Epoch: 15 [0/60000 (0%)]	Loss: 1.044551
Train Epoch: 15 [6400/60000 (11%)]	Loss: 0.965946
Train Epoch: 15 [12800/60000 (21%)]	Loss: 0.954944
Train Epoch: 15 [19200/60000 (32%)]	Loss: 1.121464
Train Epoch: 15 [25600/60000 (43%)]	Loss: 0.914039
Train Epoch: 15 [32000/60000 (53%)]	Loss: 0.957810
Train Epoch: 15 [38400/60000 (64%)]	Loss: 1.037441
Train Epoch: 15 [44800/60000 (75%)]	Loss: 1.033548
Train Epoch: 15 [51200/60000 (85%)]	Loss: 0.910557
Train Epoch: 15 [57600/60000 (96%)]	Loss: 0.947115

Test set: Average loss: 0.9745, Accuracy: 7887/10000 (79%)

Train Epoch: 16 [0/60000 (0%)]	Loss: 1.017536
Train Epoch: 16 [6400/60000 (11%)]	Loss: 1.218486
Train Epoch: 16 [12800/60000 (21%)]	Loss: 0.925060
Train Epoch: 16 [19200/60000 (32%)]	Loss: 0.858832
Train Epoch: 16 [25600/60000 (43%)]	Loss: 0.979033
Train Epoch: 16 [32000/60000 (53%)]	Loss: 1.020375
Train Epoch: 16 [38400/60000 (64%)]	Loss: 0.854220
Train Epoch: 16 [44800/60000 (75%)]	Loss: 1.007050
Train Epoch: 16 [51200/60000 (85%)]	Loss: 1.076914
Train Epoch: 16 [57600/60000 (96%)]	Loss: 0.987730

Test set: Average loss: 0.9681, Accuracy: 7959/10000 (80%)

Train Epoch: 17 [0/60000 (0%)]	Loss: 0.995915
Train Epoch: 17 [6400/60000 (11%)]	Loss: 1.236902
Train Epoch: 17 [12800/60000 (21%)]	Loss: 0.986718
Train Epoch: 17 [19200/60000 (32%)]	Loss: 0.977051
Train Epoch: 17 [25600/60000 (43%)]	Loss: 1.012782
Train Epoch: 17 [32000/60000 (53%)]	Loss: 0.838136
Train Epoch: 17 [38400/60000 (64%)]	Loss: 1.033173
Train Epoch: 17 [44800/60000 (75%)]	Loss: 0.958650
Train Epoch: 17 [51200/60000 (85%)]	Loss: 0.933057
Train Epoch: 17 [57600/60000 (96%)]	Loss: 1.065452

Test set: Average loss: 0.9627, Accuracy: 8020/10000 (80%)

Train Epoch: 18 [0/60000 (0%)]	Loss: 0.985370
Train Epoch: 18 [6400/60000 (11%)]	Loss: 0.999552
Train Epoch: 18 [12800/60000 (21%)]	Loss: 0.974367
Train Epoch: 18 [19200/60000 (32%)]	Loss: 0.960831
Train Epoch: 18 [25600/60000 (43%)]	Loss: 0.795889
Train Epoch: 18 [32000/60000 (53%)]	Loss: 1.062034
Train Epoch: 18 [38400/60000 (64%)]	Loss: 1.048279
Train Epoch: 18 [44800/60000 (75%)]	Loss: 1.051427
Train Epoch: 18 [51200/60000 (85%)]	Loss: 0.985838
Train Epoch: 18 [57600/60000 (96%)]	Loss: 1.046107

Test set: Average loss: 0.9572, Accuracy: 8042/10000 (80%)

Train Epoch: 19 [0/60000 (0%)]	Loss: 0.986926
Train Epoch: 19 [6400/60000 (11%)]	Loss: 0.957236
Train Epoch: 19 [12800/60000 (21%)]	Loss: 1.005602
Train Epoch: 19 [19200/60000 (32%)]	Loss: 1.006028
Train Epoch: 19 [25600/60000 (43%)]	Loss: 1.110385
Train Epoch: 19 [32000/60000 (53%)]	Loss: 0.953554
Train Epoch: 19 [38400/60000 (64%)]	Loss: 1.092212
Train Epoch: 19 [44800/60000 (75%)]	Loss: 1.072934
Train Epoch: 19 [51200/60000 (85%)]	Loss: 1.064912
Train Epoch: 19 [57600/60000 (96%)]	Loss: 0.776244

Test set: Average loss: 0.9543, Accuracy: 8088/10000 (81%)

Train Epoch: 20 [0/60000 (0%)]	Loss: 1.039648
Train Epoch: 20 [6400/60000 (11%)]	Loss: 1.080623
Train Epoch: 20 [12800/60000 (21%)]	Loss: 1.074530
Train Epoch: 20 [19200/60000 (32%)]	Loss: 0.909424
Train Epoch: 20 [25600/60000 (43%)]	Loss: 1.052436
Train Epoch: 20 [32000/60000 (53%)]	Loss: 0.951254
Train Epoch: 20 [38400/60000 (64%)]	Loss: 0.880477
Train Epoch: 20 [44800/60000 (75%)]	Loss: 0.901234
Train Epoch: 20 [51200/60000 (85%)]	Loss: 1.010458
Train Epoch: 20 [57600/60000 (96%)]	Loss: 0.992329

Test set: Average loss: 0.9497, Accuracy: 8074/10000 (81%)

Train Epoch: 21 [0/60000 (0%)]	Loss: 1.015265
Train Epoch: 21 [6400/60000 (11%)]	Loss: 1.000707
Train Epoch: 21 [12800/60000 (21%)]	Loss: 0.918585
Train Epoch: 21 [19200/60000 (32%)]	Loss: 0.982399
Train Epoch: 21 [25600/60000 (43%)]	Loss: 1.088152
Train Epoch: 21 [32000/60000 (53%)]	Loss: 0.919544
Train Epoch: 21 [38400/60000 (64%)]	Loss: 0.952064
Train Epoch: 21 [44800/60000 (75%)]	Loss: 0.964636
Train Epoch: 21 [51200/60000 (85%)]	Loss: 1.000452
Train Epoch: 21 [57600/60000 (96%)]	Loss: 0.959000

Test set: Average loss: 0.9480, Accuracy: 8103/10000 (81%)

Train Epoch: 22 [0/60000 (0%)]	Loss: 1.037237
Train Epoch: 22 [6400/60000 (11%)]	Loss: 1.075305
Train Epoch: 22 [12800/60000 (21%)]	Loss: 0.883105
Train Epoch: 22 [19200/60000 (32%)]	Loss: 1.020247
Train Epoch: 22 [25600/60000 (43%)]	Loss: 1.006082
Train Epoch: 22 [32000/60000 (53%)]	Loss: 1.012896
Train Epoch: 22 [38400/60000 (64%)]	Loss: 0.899825
Train Epoch: 22 [44800/60000 (75%)]	Loss: 0.871916
Train Epoch: 22 [51200/60000 (85%)]	Loss: 0.942699
Train Epoch: 22 [57600/60000 (96%)]	Loss: 0.923835

Test set: Average loss: 0.9456, Accuracy: 8093/10000 (81%)

Train Epoch: 23 [0/60000 (0%)]	Loss: 0.961414
Train Epoch: 23 [6400/60000 (11%)]	Loss: 1.020662
Train Epoch: 23 [12800/60000 (21%)]	Loss: 1.063784
Train Epoch: 23 [19200/60000 (32%)]	Loss: 0.993354
Train Epoch: 23 [25600/60000 (43%)]	Loss: 1.049081
Train Epoch: 23 [32000/60000 (53%)]	Loss: 1.047364
Train Epoch: 23 [38400/60000 (64%)]	Loss: 1.067306
Train Epoch: 23 [44800/60000 (75%)]	Loss: 1.038459
Train Epoch: 23 [51200/60000 (85%)]	Loss: 0.861590
Train Epoch: 23 [57600/60000 (96%)]	Loss: 1.034246

Test set: Average loss: 0.9422, Accuracy: 8094/10000 (81%)

Train Epoch: 24 [0/60000 (0%)]	Loss: 1.003181
Train Epoch: 24 [6400/60000 (11%)]	Loss: 1.036659
Train Epoch: 24 [12800/60000 (21%)]	Loss: 1.016511
Train Epoch: 24 [19200/60000 (32%)]	Loss: 1.015480
Train Epoch: 24 [25600/60000 (43%)]	Loss: 1.079105
Train Epoch: 24 [32000/60000 (53%)]	Loss: 0.978881
Train Epoch: 24 [38400/60000 (64%)]	Loss: 1.075809
Train Epoch: 24 [44800/60000 (75%)]	Loss: 0.867975
Train Epoch: 24 [51200/60000 (85%)]	Loss: 1.046284
Train Epoch: 24 [57600/60000 (96%)]	Loss: 1.006100

Test set: Average loss: 0.9415, Accuracy: 8075/10000 (81%)

Train Epoch: 25 [0/60000 (0%)]	Loss: 1.053291
Train Epoch: 25 [6400/60000 (11%)]	Loss: 1.007683
Train Epoch: 25 [12800/60000 (21%)]	Loss: 1.085125
Train Epoch: 25 [19200/60000 (32%)]	Loss: 0.948503
Train Epoch: 25 [25600/60000 (43%)]	Loss: 0.952224
Train Epoch: 25 [32000/60000 (53%)]	Loss: 1.036797
Train Epoch: 25 [38400/60000 (64%)]	Loss: 0.968066
Train Epoch: 25 [44800/60000 (75%)]	Loss: 1.037363
Train Epoch: 25 [51200/60000 (85%)]	Loss: 0.973481
Train Epoch: 25 [57600/60000 (96%)]	Loss: 0.827573

Test set: Average loss: 0.9403, Accuracy: 8134/10000 (81%)

Train Epoch: 26 [0/60000 (0%)]	Loss: 0.934647
Train Epoch: 26 [6400/60000 (11%)]	Loss: 1.013388
Train Epoch: 26 [12800/60000 (21%)]	Loss: 1.046767
Train Epoch: 26 [19200/60000 (32%)]	Loss: 0.949894
Train Epoch: 26 [25600/60000 (43%)]	Loss: 1.107967
Train Epoch: 26 [32000/60000 (53%)]	Loss: 1.046245
Train Epoch: 26 [38400/60000 (64%)]	Loss: 0.933623
Train Epoch: 26 [44800/60000 (75%)]	Loss: 0.989406
Train Epoch: 26 [51200/60000 (85%)]	Loss: 0.983714
Train Epoch: 26 [57600/60000 (96%)]	Loss: 0.840851

Test set: Average loss: 0.9382, Accuracy: 8156/10000 (82%)

Train Epoch: 27 [0/60000 (0%)]	Loss: 0.996011
Train Epoch: 27 [6400/60000 (11%)]	Loss: 0.820647
Train Epoch: 27 [12800/60000 (21%)]	Loss: 0.991915
Train Epoch: 27 [19200/60000 (32%)]	Loss: 0.915271
Train Epoch: 27 [25600/60000 (43%)]	Loss: 0.948985
Train Epoch: 27 [32000/60000 (53%)]	Loss: 1.015325
Train Epoch: 27 [38400/60000 (64%)]	Loss: 1.021065
Train Epoch: 27 [44800/60000 (75%)]	Loss: 0.963279
Train Epoch: 27 [51200/60000 (85%)]	Loss: 0.816314
Train Epoch: 27 [57600/60000 (96%)]	Loss: 1.026173

Test set: Average loss: 0.9367, Accuracy: 8139/10000 (81%)

Train Epoch: 28 [0/60000 (0%)]	Loss: 0.915497
Train Epoch: 28 [6400/60000 (11%)]	Loss: 1.012125
Train Epoch: 28 [12800/60000 (21%)]	Loss: 1.136696
Train Epoch: 28 [19200/60000 (32%)]	Loss: 0.947520
Train Epoch: 28 [25600/60000 (43%)]	Loss: 0.837768
Train Epoch: 28 [32000/60000 (53%)]	Loss: 0.979110
Train Epoch: 28 [38400/60000 (64%)]	Loss: 1.123085
Train Epoch: 28 [44800/60000 (75%)]	Loss: 0.962519
Train Epoch: 28 [51200/60000 (85%)]	Loss: 0.914389
Train Epoch: 28 [57600/60000 (96%)]	Loss: 0.977983

Test set: Average loss: 0.9357, Accuracy: 8132/10000 (81%)

Train Epoch: 29 [0/60000 (0%)]	Loss: 0.908624
Train Epoch: 29 [6400/60000 (11%)]	Loss: 0.999592
Train Epoch: 29 [12800/60000 (21%)]	Loss: 0.940101
Train Epoch: 29 [19200/60000 (32%)]	Loss: 1.033093
Train Epoch: 29 [25600/60000 (43%)]	Loss: 0.949625
Train Epoch: 29 [32000/60000 (53%)]	Loss: 0.946571
Train Epoch: 29 [38400/60000 (64%)]	Loss: 1.032234
Train Epoch: 29 [44800/60000 (75%)]	Loss: 1.034739
Train Epoch: 29 [51200/60000 (85%)]	Loss: 1.092193
Train Epoch: 29 [57600/60000 (96%)]	Loss: 0.985309

Test set: Average loss: 0.9329, Accuracy: 8138/10000 (81%)

Train Epoch: 30 [0/60000 (0%)]	Loss: 1.011000
Train Epoch: 30 [6400/60000 (11%)]	Loss: 0.847884
Train Epoch: 30 [12800/60000 (21%)]	Loss: 0.929865
Train Epoch: 30 [19200/60000 (32%)]	Loss: 0.952039
Train Epoch: 30 [25600/60000 (43%)]	Loss: 0.910662
Train Epoch: 30 [32000/60000 (53%)]	Loss: 1.012960
Train Epoch: 30 [38400/60000 (64%)]	Loss: 0.948006
Train Epoch: 30 [44800/60000 (75%)]	Loss: 1.014024
Train Epoch: 30 [51200/60000 (85%)]	Loss: 0.890560
Train Epoch: 30 [57600/60000 (96%)]	Loss: 0.847443

Test set: Average loss: 0.9325, Accuracy: 8120/10000 (81%)

Train Epoch: 31 [0/60000 (0%)]	Loss: 0.965431
Train Epoch: 31 [6400/60000 (11%)]	Loss: 1.039058
Train Epoch: 31 [12800/60000 (21%)]	Loss: 1.061512
Train Epoch: 31 [19200/60000 (32%)]	Loss: 0.916994
Train Epoch: 31 [25600/60000 (43%)]	Loss: 1.003046
Train Epoch: 31 [32000/60000 (53%)]	Loss: 0.974751
Train Epoch: 31 [38400/60000 (64%)]	Loss: 1.035681
Train Epoch: 31 [44800/60000 (75%)]	Loss: 0.919607
Train Epoch: 31 [51200/60000 (85%)]	Loss: 0.957904
Train Epoch: 31 [57600/60000 (96%)]	Loss: 1.013634

Test set: Average loss: 0.9305, Accuracy: 8178/10000 (82%)

Train Epoch: 32 [0/60000 (0%)]	Loss: 1.007663
Train Epoch: 32 [6400/60000 (11%)]	Loss: 1.038313
Train Epoch: 32 [12800/60000 (21%)]	Loss: 0.955567
Train Epoch: 32 [19200/60000 (32%)]	Loss: 0.901130
Train Epoch: 32 [25600/60000 (43%)]	Loss: 0.906600
Train Epoch: 32 [32000/60000 (53%)]	Loss: 0.927048
Train Epoch: 32 [38400/60000 (64%)]	Loss: 0.910640
Train Epoch: 32 [44800/60000 (75%)]	Loss: 0.877802
Train Epoch: 32 [51200/60000 (85%)]	Loss: 0.919778
Train Epoch: 32 [57600/60000 (96%)]	Loss: 0.933409

Test set: Average loss: 0.9315, Accuracy: 8140/10000 (81%)

Train Epoch: 33 [0/60000 (0%)]	Loss: 0.897801
Train Epoch: 33 [6400/60000 (11%)]	Loss: 0.957980
Train Epoch: 33 [12800/60000 (21%)]	Loss: 0.926766
Train Epoch: 33 [19200/60000 (32%)]	Loss: 0.980478
Train Epoch: 33 [25600/60000 (43%)]	Loss: 1.046263
Train Epoch: 33 [32000/60000 (53%)]	Loss: 1.042998
Train Epoch: 33 [38400/60000 (64%)]	Loss: 0.960648
Train Epoch: 33 [44800/60000 (75%)]	Loss: 1.022899
Train Epoch: 33 [51200/60000 (85%)]	Loss: 0.876387
Train Epoch: 33 [57600/60000 (96%)]	Loss: 0.965933

Test set: Average loss: 0.9292, Accuracy: 8164/10000 (82%)

Train Epoch: 34 [0/60000 (0%)]	Loss: 0.952592
Train Epoch: 34 [6400/60000 (11%)]	Loss: 0.884466
Train Epoch: 34 [12800/60000 (21%)]	Loss: 0.976056
Train Epoch: 34 [19200/60000 (32%)]	Loss: 0.908511
Train Epoch: 34 [25600/60000 (43%)]	Loss: 0.853761
Train Epoch: 34 [32000/60000 (53%)]	Loss: 0.837193
Train Epoch: 34 [38400/60000 (64%)]	Loss: 0.892177
Train Epoch: 34 [44800/60000 (75%)]	Loss: 0.816731
Train Epoch: 34 [51200/60000 (85%)]	Loss: 1.007763
Train Epoch: 34 [57600/60000 (96%)]	Loss: 0.971197

Test set: Average loss: 0.9297, Accuracy: 8117/10000 (81%)

Train Epoch: 35 [0/60000 (0%)]	Loss: 0.965846
Train Epoch: 35 [6400/60000 (11%)]	Loss: 0.916675
Train Epoch: 35 [12800/60000 (21%)]	Loss: 0.988360
Train Epoch: 35 [19200/60000 (32%)]	Loss: 0.909737
Train Epoch: 35 [25600/60000 (43%)]	Loss: 0.897897
Train Epoch: 35 [32000/60000 (53%)]	Loss: 0.954357
Train Epoch: 35 [38400/60000 (64%)]	Loss: 0.974010
Train Epoch: 35 [44800/60000 (75%)]	Loss: 0.844643
Train Epoch: 35 [51200/60000 (85%)]	Loss: 0.950990
Train Epoch: 35 [57600/60000 (96%)]	Loss: 1.023429

Test set: Average loss: 0.9282, Accuracy: 8191/10000 (82%)

Train Epoch: 36 [0/60000 (0%)]	Loss: 0.927684
Train Epoch: 36 [6400/60000 (11%)]	Loss: 1.001978
Train Epoch: 36 [12800/60000 (21%)]	Loss: 0.895860
Train Epoch: 36 [19200/60000 (32%)]	Loss: 1.051714
Train Epoch: 36 [25600/60000 (43%)]	Loss: 1.020492
Train Epoch: 36 [32000/60000 (53%)]	Loss: 1.058799
Train Epoch: 36 [38400/60000 (64%)]	Loss: 0.921807
Train Epoch: 36 [44800/60000 (75%)]	Loss: 0.923543
Train Epoch: 36 [51200/60000 (85%)]	Loss: 0.995265
Train Epoch: 36 [57600/60000 (96%)]	Loss: 0.895728

Test set: Average loss: 0.9266, Accuracy: 8183/10000 (82%)

Train Epoch: 37 [0/60000 (0%)]	Loss: 0.859729
Train Epoch: 37 [6400/60000 (11%)]	Loss: 0.989808
Train Epoch: 37 [12800/60000 (21%)]	Loss: 0.898157
Train Epoch: 37 [19200/60000 (32%)]	Loss: 0.899396
Train Epoch: 37 [25600/60000 (43%)]	Loss: 1.009136
Train Epoch: 37 [32000/60000 (53%)]	Loss: 1.019424
Train Epoch: 37 [38400/60000 (64%)]	Loss: 0.932026
Train Epoch: 37 [44800/60000 (75%)]	Loss: 0.991087
Train Epoch: 37 [51200/60000 (85%)]	Loss: 0.952084
Train Epoch: 37 [57600/60000 (96%)]	Loss: 1.018439

Test set: Average loss: 0.9266, Accuracy: 8186/10000 (82%)

Train Epoch: 38 [0/60000 (0%)]	Loss: 0.931289
Train Epoch: 38 [6400/60000 (11%)]	Loss: 0.885747
Train Epoch: 38 [12800/60000 (21%)]	Loss: 0.889983
Train Epoch: 38 [19200/60000 (32%)]	Loss: 0.875682
Train Epoch: 38 [25600/60000 (43%)]	Loss: 0.816624
Train Epoch: 38 [32000/60000 (53%)]	Loss: 0.996652
Train Epoch: 38 [38400/60000 (64%)]	Loss: 0.892118
Train Epoch: 38 [44800/60000 (75%)]	Loss: 0.947076
Train Epoch: 38 [51200/60000 (85%)]	Loss: 0.878241
Train Epoch: 38 [57600/60000 (96%)]	Loss: 1.018066

Test set: Average loss: 0.9266, Accuracy: 8207/10000 (82%)

Train Epoch: 39 [0/60000 (0%)]	Loss: 0.957065
Train Epoch: 39 [6400/60000 (11%)]	Loss: 0.961417
Train Epoch: 39 [12800/60000 (21%)]	Loss: 0.927730
Train Epoch: 39 [19200/60000 (32%)]	Loss: 0.949619
Train Epoch: 39 [25600/60000 (43%)]	Loss: 1.047932
Train Epoch: 39 [32000/60000 (53%)]	Loss: 0.896007
Train Epoch: 39 [38400/60000 (64%)]	Loss: 0.961993
Train Epoch: 39 [44800/60000 (75%)]	Loss: 0.901982
Train Epoch: 39 [51200/60000 (85%)]	Loss: 0.837115
Train Epoch: 39 [57600/60000 (96%)]	Loss: 0.884805

Test set: Average loss: 0.9269, Accuracy: 8168/10000 (82%)

Train Epoch: 40 [0/60000 (0%)]	Loss: 0.937220
Train Epoch: 40 [6400/60000 (11%)]	Loss: 0.906248
Train Epoch: 40 [12800/60000 (21%)]	Loss: 0.901284
Train Epoch: 40 [19200/60000 (32%)]	Loss: 0.968383
Train Epoch: 40 [25600/60000 (43%)]	Loss: 0.919144
Train Epoch: 40 [32000/60000 (53%)]	Loss: 1.020379
Train Epoch: 40 [38400/60000 (64%)]	Loss: 0.956286
Train Epoch: 40 [44800/60000 (75%)]	Loss: 0.860524
Train Epoch: 40 [51200/60000 (85%)]	Loss: 1.102865
Train Epoch: 40 [57600/60000 (96%)]	Loss: 1.167306

Test set: Average loss: 0.9274, Accuracy: 8186/10000 (82%)

Train Epoch: 41 [0/60000 (0%)]	Loss: 0.995359
Train Epoch: 41 [6400/60000 (11%)]	Loss: 1.003040
Train Epoch: 41 [12800/60000 (21%)]	Loss: 0.898054
Train Epoch: 41 [19200/60000 (32%)]	Loss: 0.943223
Train Epoch: 41 [25600/60000 (43%)]	Loss: 1.012196
Train Epoch: 41 [32000/60000 (53%)]	Loss: 0.940258
Train Epoch: 41 [38400/60000 (64%)]	Loss: 0.895752
Train Epoch: 41 [44800/60000 (75%)]	Loss: 0.947390
Train Epoch: 41 [51200/60000 (85%)]	Loss: 0.796319
Train Epoch: 41 [57600/60000 (96%)]	Loss: 0.999416

Test set: Average loss: 0.9276, Accuracy: 8173/10000 (82%)

Train Epoch: 42 [0/60000 (0%)]	Loss: 0.906542
Train Epoch: 42 [6400/60000 (11%)]	Loss: 0.886253
Train Epoch: 42 [12800/60000 (21%)]	Loss: 1.015733
Train Epoch: 42 [19200/60000 (32%)]	Loss: 0.811745
Train Epoch: 42 [25600/60000 (43%)]	Loss: 0.942645
Train Epoch: 42 [32000/60000 (53%)]	Loss: 0.853813
Train Epoch: 42 [38400/60000 (64%)]	Loss: 0.979850
Train Epoch: 42 [44800/60000 (75%)]	Loss: 0.960286
Train Epoch: 42 [51200/60000 (85%)]	Loss: 0.978791
Train Epoch: 42 [57600/60000 (96%)]	Loss: 0.938390

Test set: Average loss: 0.9245, Accuracy: 8158/10000 (82%)

Train Epoch: 43 [0/60000 (0%)]	Loss: 1.031842
Train Epoch: 43 [6400/60000 (11%)]	Loss: 0.909440
Train Epoch: 43 [12800/60000 (21%)]	Loss: 0.971261
Train Epoch: 43 [19200/60000 (32%)]	Loss: 0.909242
Train Epoch: 43 [25600/60000 (43%)]	Loss: 0.893729
Train Epoch: 43 [32000/60000 (53%)]	Loss: 0.840650
Train Epoch: 43 [38400/60000 (64%)]	Loss: 1.044043
Train Epoch: 43 [44800/60000 (75%)]	Loss: 0.844033
Train Epoch: 43 [51200/60000 (85%)]	Loss: 0.929706
Train Epoch: 43 [57600/60000 (96%)]	Loss: 0.980084

Test set: Average loss: 0.9274, Accuracy: 8124/10000 (81%)

Train Epoch: 44 [0/60000 (0%)]	Loss: 0.898533
Train Epoch: 44 [6400/60000 (11%)]	Loss: 0.866319
Train Epoch: 44 [12800/60000 (21%)]	Loss: 0.991927
Train Epoch: 44 [19200/60000 (32%)]	Loss: 1.043259
Train Epoch: 44 [25600/60000 (43%)]	Loss: 0.899736
Train Epoch: 44 [32000/60000 (53%)]	Loss: 1.016720
Train Epoch: 44 [38400/60000 (64%)]	Loss: 0.895932
Train Epoch: 44 [44800/60000 (75%)]	Loss: 1.009546
Train Epoch: 44 [51200/60000 (85%)]	Loss: 0.862961
Train Epoch: 44 [57600/60000 (96%)]	Loss: 0.796486

Test set: Average loss: 0.9262, Accuracy: 8201/10000 (82%)

Train Epoch: 45 [0/60000 (0%)]	Loss: 1.018070
Train Epoch: 45 [6400/60000 (11%)]	Loss: 0.899691
Train Epoch: 45 [12800/60000 (21%)]	Loss: 0.829407
Train Epoch: 45 [19200/60000 (32%)]	Loss: 1.036354
Train Epoch: 45 [25600/60000 (43%)]	Loss: 0.898956
Train Epoch: 45 [32000/60000 (53%)]	Loss: 1.057835
Train Epoch: 45 [38400/60000 (64%)]	Loss: 0.941686
Train Epoch: 45 [44800/60000 (75%)]	Loss: 0.960844
Train Epoch: 45 [51200/60000 (85%)]	Loss: 0.969245
Train Epoch: 45 [57600/60000 (96%)]	Loss: 0.945333

Test set: Average loss: 0.9258, Accuracy: 8189/10000 (82%)

Train Epoch: 46 [0/60000 (0%)]	Loss: 0.986010
Train Epoch: 46 [6400/60000 (11%)]	Loss: 1.007364
Train Epoch: 46 [12800/60000 (21%)]	Loss: 0.890167
Train Epoch: 46 [19200/60000 (32%)]	Loss: 0.995406
Train Epoch: 46 [25600/60000 (43%)]	Loss: 0.901445
Train Epoch: 46 [32000/60000 (53%)]	Loss: 1.134412
Train Epoch: 46 [38400/60000 (64%)]	Loss: 0.831780
Train Epoch: 46 [44800/60000 (75%)]	Loss: 0.937257
Train Epoch: 46 [51200/60000 (85%)]	Loss: 1.027219
Train Epoch: 46 [57600/60000 (96%)]	Loss: 0.919032

Test set: Average loss: 0.9258, Accuracy: 8181/10000 (82%)

Train Epoch: 47 [0/60000 (0%)]	Loss: 0.984073
Train Epoch: 47 [6400/60000 (11%)]	Loss: 0.855181
Train Epoch: 47 [12800/60000 (21%)]	Loss: 0.989960
Train Epoch: 47 [19200/60000 (32%)]	Loss: 0.981626
Train Epoch: 47 [25600/60000 (43%)]	Loss: 0.784052
Train Epoch: 47 [32000/60000 (53%)]	Loss: 0.871203
Train Epoch: 47 [38400/60000 (64%)]	Loss: 0.918720
Train Epoch: 47 [44800/60000 (75%)]	Loss: 0.971192
Train Epoch: 47 [51200/60000 (85%)]	Loss: 0.941047
Train Epoch: 47 [57600/60000 (96%)]	Loss: 0.856304

Test set: Average loss: 0.9251, Accuracy: 8194/10000 (82%)

Train Epoch: 48 [0/60000 (0%)]	Loss: 0.993418
Train Epoch: 48 [6400/60000 (11%)]	Loss: 0.968141
Train Epoch: 48 [12800/60000 (21%)]	Loss: 0.934788
Train Epoch: 48 [19200/60000 (32%)]	Loss: 1.018188
Train Epoch: 48 [25600/60000 (43%)]	Loss: 1.059920
Train Epoch: 48 [32000/60000 (53%)]	Loss: 0.850525
Train Epoch: 48 [38400/60000 (64%)]	Loss: 0.848954
Train Epoch: 48 [44800/60000 (75%)]	Loss: 0.934074
Train Epoch: 48 [51200/60000 (85%)]	Loss: 0.974271
Train Epoch: 48 [57600/60000 (96%)]	Loss: 0.948938

Test set: Average loss: 0.9272, Accuracy: 8199/10000 (82%)

Train Epoch: 49 [0/60000 (0%)]	Loss: 0.914135
Train Epoch: 49 [6400/60000 (11%)]	Loss: 0.996155
Train Epoch: 49 [12800/60000 (21%)]	Loss: 0.883311
Train Epoch: 49 [19200/60000 (32%)]	Loss: 0.924138
Train Epoch: 49 [25600/60000 (43%)]	Loss: 1.007260
Train Epoch: 49 [32000/60000 (53%)]	Loss: 0.945108
Train Epoch: 49 [38400/60000 (64%)]	Loss: 0.973227
Train Epoch: 49 [44800/60000 (75%)]	Loss: 0.947235
Train Epoch: 49 [51200/60000 (85%)]	Loss: 0.895134
Train Epoch: 49 [57600/60000 (96%)]	Loss: 0.866749

Test set: Average loss: 0.9255, Accuracy: 8186/10000 (82%)

Train Epoch: 50 [0/60000 (0%)]	Loss: 0.948826
Train Epoch: 50 [6400/60000 (11%)]	Loss: 0.962021
Train Epoch: 50 [12800/60000 (21%)]	Loss: 1.034577
Train Epoch: 50 [19200/60000 (32%)]	Loss: 0.962766
Train Epoch: 50 [25600/60000 (43%)]	Loss: 1.057878
Train Epoch: 50 [32000/60000 (53%)]	Loss: 0.830507
Train Epoch: 50 [38400/60000 (64%)]	Loss: 0.985047
Train Epoch: 50 [44800/60000 (75%)]	Loss: 0.942668
Train Epoch: 50 [51200/60000 (85%)]	Loss: 0.897970
Train Epoch: 50 [57600/60000 (96%)]	Loss: 1.022759

Test set: Average loss: 0.9251, Accuracy: 8181/10000 (82%)

Namespace(batch_size=64, bias=None, data='../data', device=0, epochs=50, hidden_size=500, load_weights='../base2/lenet5/lenet5_e50_h500.pt', log_interval=100, lr=0.01, milestones=[5, 7], model='prunelenet5', momentum=0.9, no_cuda=False, r=5, save_model=None, save_results=True, scheduler='cosine', seed=1, sparsity=0.95, use_relu=False, wd=0.0005)


Total time spent pruning/training: 12.57 minutes
Total number of parameters in model: 300414
Number of parameters in pruned model: 17444
