Namespace(batch_size=64, bias=None, data='../data', device=1, epochs=30, hidden_size=500, load_weights='../base2/lenet5/lenet5_e50_h500.pt', log_interval=100, lr=0.01, milestones=[5, 7], model='prunelenet5', momentum=0.9, no_cuda=False, r=5, save_model=None, save_results=True, scheduler='cosine', seed=1, sparsity=0.98, use_relu=False, wd=0.0005) 

Training a Pruned LeNet5 network ...
Train Epoch: 1 [0/60000 (0%)]	Loss: 2.302651
Train Epoch: 1 [6400/60000 (11%)]	Loss: 2.302151
Train Epoch: 1 [12800/60000 (21%)]	Loss: 2.301861
Train Epoch: 1 [19200/60000 (32%)]	Loss: 2.302187
Train Epoch: 1 [25600/60000 (43%)]	Loss: 2.301205
Train Epoch: 1 [32000/60000 (53%)]	Loss: 2.300253
Train Epoch: 1 [38400/60000 (64%)]	Loss: 2.300217
Train Epoch: 1 [44800/60000 (75%)]	Loss: 2.298694
Train Epoch: 1 [51200/60000 (85%)]	Loss: 2.297171
Train Epoch: 1 [57600/60000 (96%)]	Loss: 2.300632

Test set: Average loss: 2.2982, Accuracy: 1971/10000 (20%)

Train Epoch: 2 [0/60000 (0%)]	Loss: 2.298654
Train Epoch: 2 [6400/60000 (11%)]	Loss: 2.298561
Train Epoch: 2 [12800/60000 (21%)]	Loss: 2.297619
Train Epoch: 2 [19200/60000 (32%)]	Loss: 2.294358
Train Epoch: 2 [25600/60000 (43%)]	Loss: 2.294358
Train Epoch: 2 [32000/60000 (53%)]	Loss: 2.289890
Train Epoch: 2 [38400/60000 (64%)]	Loss: 2.293790
Train Epoch: 2 [44800/60000 (75%)]	Loss: 2.289176
Train Epoch: 2 [51200/60000 (85%)]	Loss: 2.289958
Train Epoch: 2 [57600/60000 (96%)]	Loss: 2.290114

Test set: Average loss: 2.2839, Accuracy: 1977/10000 (20%)

Train Epoch: 3 [0/60000 (0%)]	Loss: 2.280737
Train Epoch: 3 [6400/60000 (11%)]	Loss: 2.276020
Train Epoch: 3 [12800/60000 (21%)]	Loss: 2.266222
Train Epoch: 3 [19200/60000 (32%)]	Loss: 2.280045
Train Epoch: 3 [25600/60000 (43%)]	Loss: 2.268810
Train Epoch: 3 [32000/60000 (53%)]	Loss: 2.261253
Train Epoch: 3 [38400/60000 (64%)]	Loss: 2.269220
Train Epoch: 3 [44800/60000 (75%)]	Loss: 2.251476
Train Epoch: 3 [51200/60000 (85%)]	Loss: 2.231585
Train Epoch: 3 [57600/60000 (96%)]	Loss: 2.210159

Test set: Average loss: 2.2285, Accuracy: 2131/10000 (21%)

Train Epoch: 4 [0/60000 (0%)]	Loss: 2.222705
Train Epoch: 4 [6400/60000 (11%)]	Loss: 2.232204
Train Epoch: 4 [12800/60000 (21%)]	Loss: 2.244535
Train Epoch: 4 [19200/60000 (32%)]	Loss: 2.153900
Train Epoch: 4 [25600/60000 (43%)]	Loss: 2.145995
Train Epoch: 4 [32000/60000 (53%)]	Loss: 2.169965
Train Epoch: 4 [38400/60000 (64%)]	Loss: 2.183395
Train Epoch: 4 [44800/60000 (75%)]	Loss: 2.158690
Train Epoch: 4 [51200/60000 (85%)]	Loss: 2.147823
Train Epoch: 4 [57600/60000 (96%)]	Loss: 2.061921

Test set: Average loss: 2.1225, Accuracy: 3083/10000 (31%)

Train Epoch: 5 [0/60000 (0%)]	Loss: 2.103199
Train Epoch: 5 [6400/60000 (11%)]	Loss: 2.082155
Train Epoch: 5 [12800/60000 (21%)]	Loss: 2.105893
Train Epoch: 5 [19200/60000 (32%)]	Loss: 2.052192
Train Epoch: 5 [25600/60000 (43%)]	Loss: 2.033912
Train Epoch: 5 [32000/60000 (53%)]	Loss: 2.065809
Train Epoch: 5 [38400/60000 (64%)]	Loss: 2.078055
Train Epoch: 5 [44800/60000 (75%)]	Loss: 2.045895
Train Epoch: 5 [51200/60000 (85%)]	Loss: 1.973863
Train Epoch: 5 [57600/60000 (96%)]	Loss: 1.969167

Test set: Average loss: 2.0033, Accuracy: 3696/10000 (37%)

Train Epoch: 6 [0/60000 (0%)]	Loss: 1.944752
Train Epoch: 6 [6400/60000 (11%)]	Loss: 2.114782
Train Epoch: 6 [12800/60000 (21%)]	Loss: 1.835653
Train Epoch: 6 [19200/60000 (32%)]	Loss: 1.962057
Train Epoch: 6 [25600/60000 (43%)]	Loss: 2.014681
Train Epoch: 6 [32000/60000 (53%)]	Loss: 2.009928
Train Epoch: 6 [38400/60000 (64%)]	Loss: 1.942348
Train Epoch: 6 [44800/60000 (75%)]	Loss: 1.976648
Train Epoch: 6 [51200/60000 (85%)]	Loss: 1.964105
Train Epoch: 6 [57600/60000 (96%)]	Loss: 1.971140

Test set: Average loss: 1.9288, Accuracy: 3809/10000 (38%)

Train Epoch: 7 [0/60000 (0%)]	Loss: 1.964740
Train Epoch: 7 [6400/60000 (11%)]	Loss: 1.967462
Train Epoch: 7 [12800/60000 (21%)]	Loss: 1.966443
Train Epoch: 7 [19200/60000 (32%)]	Loss: 1.930445
Train Epoch: 7 [25600/60000 (43%)]	Loss: 1.968158
Train Epoch: 7 [32000/60000 (53%)]	Loss: 1.825771
Train Epoch: 7 [38400/60000 (64%)]	Loss: 1.843054
Train Epoch: 7 [44800/60000 (75%)]	Loss: 1.866559
Train Epoch: 7 [51200/60000 (85%)]	Loss: 1.905066
Train Epoch: 7 [57600/60000 (96%)]	Loss: 1.963818

Test set: Average loss: 1.8806, Accuracy: 4304/10000 (43%)

Train Epoch: 8 [0/60000 (0%)]	Loss: 1.800939
Train Epoch: 8 [6400/60000 (11%)]	Loss: 1.950575
Train Epoch: 8 [12800/60000 (21%)]	Loss: 1.868894
Train Epoch: 8 [19200/60000 (32%)]	Loss: 1.986624
Train Epoch: 8 [25600/60000 (43%)]	Loss: 1.841249
Train Epoch: 8 [32000/60000 (53%)]	Loss: 1.855812
Train Epoch: 8 [38400/60000 (64%)]	Loss: 1.889184
Train Epoch: 8 [44800/60000 (75%)]	Loss: 1.943297
Train Epoch: 8 [51200/60000 (85%)]	Loss: 1.936186
Train Epoch: 8 [57600/60000 (96%)]	Loss: 1.926259

Test set: Average loss: 1.8482, Accuracy: 4276/10000 (43%)

Train Epoch: 9 [0/60000 (0%)]	Loss: 1.926995
Train Epoch: 9 [6400/60000 (11%)]	Loss: 1.800097
Train Epoch: 9 [12800/60000 (21%)]	Loss: 1.892122
Train Epoch: 9 [19200/60000 (32%)]	Loss: 1.789215
Train Epoch: 9 [25600/60000 (43%)]	Loss: 1.775470
Train Epoch: 9 [32000/60000 (53%)]	Loss: 1.979012
Train Epoch: 9 [38400/60000 (64%)]	Loss: 1.896211
Train Epoch: 9 [44800/60000 (75%)]	Loss: 1.897874
Train Epoch: 9 [51200/60000 (85%)]	Loss: 1.871870
Train Epoch: 9 [57600/60000 (96%)]	Loss: 1.908860

Test set: Average loss: 1.8270, Accuracy: 4339/10000 (43%)

Train Epoch: 10 [0/60000 (0%)]	Loss: 1.911525
Train Epoch: 10 [6400/60000 (11%)]	Loss: 1.845467
Train Epoch: 10 [12800/60000 (21%)]	Loss: 1.834852
Train Epoch: 10 [19200/60000 (32%)]	Loss: 1.809340
Train Epoch: 10 [25600/60000 (43%)]	Loss: 1.846966
Train Epoch: 10 [32000/60000 (53%)]	Loss: 1.768025
Train Epoch: 10 [38400/60000 (64%)]	Loss: 1.832412
Train Epoch: 10 [44800/60000 (75%)]	Loss: 1.834546
Train Epoch: 10 [51200/60000 (85%)]	Loss: 1.804343
Train Epoch: 10 [57600/60000 (96%)]	Loss: 1.810444

Test set: Average loss: 1.8114, Accuracy: 4221/10000 (42%)

Train Epoch: 11 [0/60000 (0%)]	Loss: 1.884995
Train Epoch: 11 [6400/60000 (11%)]	Loss: 1.788171
Train Epoch: 11 [12800/60000 (21%)]	Loss: 1.896909
Train Epoch: 11 [19200/60000 (32%)]	Loss: 1.917719
Train Epoch: 11 [25600/60000 (43%)]	Loss: 1.854958
Train Epoch: 11 [32000/60000 (53%)]	Loss: 1.820920
Train Epoch: 11 [38400/60000 (64%)]	Loss: 1.862382
Train Epoch: 11 [44800/60000 (75%)]	Loss: 1.858470
Train Epoch: 11 [51200/60000 (85%)]	Loss: 1.801647
Train Epoch: 11 [57600/60000 (96%)]	Loss: 1.761823

Test set: Average loss: 1.7964, Accuracy: 4367/10000 (44%)

Train Epoch: 12 [0/60000 (0%)]	Loss: 1.694427
Train Epoch: 12 [6400/60000 (11%)]	Loss: 1.961819
Train Epoch: 12 [12800/60000 (21%)]	Loss: 1.862856
Train Epoch: 12 [19200/60000 (32%)]	Loss: 1.845277
Train Epoch: 12 [25600/60000 (43%)]	Loss: 1.764041
Train Epoch: 12 [32000/60000 (53%)]	Loss: 1.777280
Train Epoch: 12 [38400/60000 (64%)]	Loss: 1.884943
Train Epoch: 12 [44800/60000 (75%)]	Loss: 1.721358
Train Epoch: 12 [51200/60000 (85%)]	Loss: 1.732643
Train Epoch: 12 [57600/60000 (96%)]	Loss: 1.792595

Test set: Average loss: 1.7866, Accuracy: 4431/10000 (44%)

Train Epoch: 13 [0/60000 (0%)]	Loss: 1.795072
Train Epoch: 13 [6400/60000 (11%)]	Loss: 1.715344
Train Epoch: 13 [12800/60000 (21%)]	Loss: 1.788120
Train Epoch: 13 [19200/60000 (32%)]	Loss: 1.779830
Train Epoch: 13 [25600/60000 (43%)]	Loss: 1.785261
Train Epoch: 13 [32000/60000 (53%)]	Loss: 1.876138
Train Epoch: 13 [38400/60000 (64%)]	Loss: 1.785413
Train Epoch: 13 [44800/60000 (75%)]	Loss: 1.856942
Train Epoch: 13 [51200/60000 (85%)]	Loss: 1.786772
Train Epoch: 13 [57600/60000 (96%)]	Loss: 1.923728

Test set: Average loss: 1.7779, Accuracy: 4433/10000 (44%)

Train Epoch: 14 [0/60000 (0%)]	Loss: 1.765262
Train Epoch: 14 [6400/60000 (11%)]	Loss: 1.717117
Train Epoch: 14 [12800/60000 (21%)]	Loss: 1.890226
Train Epoch: 14 [19200/60000 (32%)]	Loss: 1.829748
Train Epoch: 14 [25600/60000 (43%)]	Loss: 1.746305
Train Epoch: 14 [32000/60000 (53%)]	Loss: 1.804741
Train Epoch: 14 [38400/60000 (64%)]	Loss: 1.839299
Train Epoch: 14 [44800/60000 (75%)]	Loss: 1.839704
Train Epoch: 14 [51200/60000 (85%)]	Loss: 1.818010
Train Epoch: 14 [57600/60000 (96%)]	Loss: 1.765257

Test set: Average loss: 1.7719, Accuracy: 4384/10000 (44%)

Train Epoch: 15 [0/60000 (0%)]	Loss: 1.779971
Train Epoch: 15 [6400/60000 (11%)]	Loss: 1.794895
Train Epoch: 15 [12800/60000 (21%)]	Loss: 1.786232
Train Epoch: 15 [19200/60000 (32%)]	Loss: 1.763675
Train Epoch: 15 [25600/60000 (43%)]	Loss: 1.692940
Train Epoch: 15 [32000/60000 (53%)]	Loss: 1.712264
Train Epoch: 15 [38400/60000 (64%)]	Loss: 1.834884
Train Epoch: 15 [44800/60000 (75%)]	Loss: 1.803704
Train Epoch: 15 [51200/60000 (85%)]	Loss: 1.640047
Train Epoch: 15 [57600/60000 (96%)]	Loss: 1.728525

Test set: Average loss: 1.7667, Accuracy: 4509/10000 (45%)

Train Epoch: 16 [0/60000 (0%)]	Loss: 1.789575
Train Epoch: 16 [6400/60000 (11%)]	Loss: 1.884954
Train Epoch: 16 [12800/60000 (21%)]	Loss: 1.779101
Train Epoch: 16 [19200/60000 (32%)]	Loss: 1.689887
Train Epoch: 16 [25600/60000 (43%)]	Loss: 1.780365
Train Epoch: 16 [32000/60000 (53%)]	Loss: 1.793488
Train Epoch: 16 [38400/60000 (64%)]	Loss: 1.738050
Train Epoch: 16 [44800/60000 (75%)]	Loss: 1.733209
Train Epoch: 16 [51200/60000 (85%)]	Loss: 1.866660
Train Epoch: 16 [57600/60000 (96%)]	Loss: 1.785140

Test set: Average loss: 1.7618, Accuracy: 4568/10000 (46%)

Train Epoch: 17 [0/60000 (0%)]	Loss: 1.795414
Train Epoch: 17 [6400/60000 (11%)]	Loss: 1.931155
Train Epoch: 17 [12800/60000 (21%)]	Loss: 1.786555
Train Epoch: 17 [19200/60000 (32%)]	Loss: 1.723939
Train Epoch: 17 [25600/60000 (43%)]	Loss: 1.835747
Train Epoch: 17 [32000/60000 (53%)]	Loss: 1.692495
Train Epoch: 17 [38400/60000 (64%)]	Loss: 1.759268
Train Epoch: 17 [44800/60000 (75%)]	Loss: 1.712486
Train Epoch: 17 [51200/60000 (85%)]	Loss: 1.813060
Train Epoch: 17 [57600/60000 (96%)]	Loss: 1.859700

Test set: Average loss: 1.7591, Accuracy: 4574/10000 (46%)

Train Epoch: 18 [0/60000 (0%)]	Loss: 1.811095
Train Epoch: 18 [6400/60000 (11%)]	Loss: 1.830172
Train Epoch: 18 [12800/60000 (21%)]	Loss: 1.744119
Train Epoch: 18 [19200/60000 (32%)]	Loss: 1.703986
Train Epoch: 18 [25600/60000 (43%)]	Loss: 1.669977
Train Epoch: 18 [32000/60000 (53%)]	Loss: 1.825032
Train Epoch: 18 [38400/60000 (64%)]	Loss: 1.888108
Train Epoch: 18 [44800/60000 (75%)]	Loss: 1.754937
Train Epoch: 18 [51200/60000 (85%)]	Loss: 1.765339
Train Epoch: 18 [57600/60000 (96%)]	Loss: 1.854452

Test set: Average loss: 1.7538, Accuracy: 4585/10000 (46%)

Train Epoch: 19 [0/60000 (0%)]	Loss: 1.790039
Train Epoch: 19 [6400/60000 (11%)]	Loss: 1.738632
Train Epoch: 19 [12800/60000 (21%)]	Loss: 1.777825
Train Epoch: 19 [19200/60000 (32%)]	Loss: 1.788288
Train Epoch: 19 [25600/60000 (43%)]	Loss: 1.850315
Train Epoch: 19 [32000/60000 (53%)]	Loss: 1.678449
Train Epoch: 19 [38400/60000 (64%)]	Loss: 1.853473
Train Epoch: 19 [44800/60000 (75%)]	Loss: 1.881479
Train Epoch: 19 [51200/60000 (85%)]	Loss: 1.827346
Train Epoch: 19 [57600/60000 (96%)]	Loss: 1.652336

Test set: Average loss: 1.7518, Accuracy: 4629/10000 (46%)

Train Epoch: 20 [0/60000 (0%)]	Loss: 1.750359
Train Epoch: 20 [6400/60000 (11%)]	Loss: 1.857033
Train Epoch: 20 [12800/60000 (21%)]	Loss: 1.801127
Train Epoch: 20 [19200/60000 (32%)]	Loss: 1.699809
Train Epoch: 20 [25600/60000 (43%)]	Loss: 1.743298
Train Epoch: 20 [32000/60000 (53%)]	Loss: 1.745778
Train Epoch: 20 [38400/60000 (64%)]	Loss: 1.683760
Train Epoch: 20 [44800/60000 (75%)]	Loss: 1.763519
Train Epoch: 20 [51200/60000 (85%)]	Loss: 1.811999
Train Epoch: 20 [57600/60000 (96%)]	Loss: 1.798394

Test set: Average loss: 1.7500, Accuracy: 4746/10000 (47%)

Train Epoch: 21 [0/60000 (0%)]	Loss: 1.780754
Train Epoch: 21 [6400/60000 (11%)]	Loss: 1.729054
Train Epoch: 21 [12800/60000 (21%)]	Loss: 1.765754
Train Epoch: 21 [19200/60000 (32%)]	Loss: 1.745889
Train Epoch: 21 [25600/60000 (43%)]	Loss: 1.837594
Train Epoch: 21 [32000/60000 (53%)]	Loss: 1.743690
Train Epoch: 21 [38400/60000 (64%)]	Loss: 1.731097
Train Epoch: 21 [44800/60000 (75%)]	Loss: 1.797627
Train Epoch: 21 [51200/60000 (85%)]	Loss: 1.806638
Train Epoch: 21 [57600/60000 (96%)]	Loss: 1.718606

Test set: Average loss: 1.7482, Accuracy: 4715/10000 (47%)

Train Epoch: 22 [0/60000 (0%)]	Loss: 1.806757
Train Epoch: 22 [6400/60000 (11%)]	Loss: 1.838882
Train Epoch: 22 [12800/60000 (21%)]	Loss: 1.628109
Train Epoch: 22 [19200/60000 (32%)]	Loss: 1.831241
Train Epoch: 22 [25600/60000 (43%)]	Loss: 1.754709
Train Epoch: 22 [32000/60000 (53%)]	Loss: 1.771158
Train Epoch: 22 [38400/60000 (64%)]	Loss: 1.651600
Train Epoch: 22 [44800/60000 (75%)]	Loss: 1.724037
Train Epoch: 22 [51200/60000 (85%)]	Loss: 1.746205
Train Epoch: 22 [57600/60000 (96%)]	Loss: 1.669520

Test set: Average loss: 1.7470, Accuracy: 4767/10000 (48%)

Train Epoch: 23 [0/60000 (0%)]	Loss: 1.742190
Train Epoch: 23 [6400/60000 (11%)]	Loss: 1.911791
Train Epoch: 23 [12800/60000 (21%)]	Loss: 1.788748
Train Epoch: 23 [19200/60000 (32%)]	Loss: 1.768045
Train Epoch: 23 [25600/60000 (43%)]	Loss: 1.778535
Train Epoch: 23 [32000/60000 (53%)]	Loss: 1.834033
Train Epoch: 23 [38400/60000 (64%)]	Loss: 1.854128
Train Epoch: 23 [44800/60000 (75%)]	Loss: 1.843093
Train Epoch: 23 [51200/60000 (85%)]	Loss: 1.704114
Train Epoch: 23 [57600/60000 (96%)]	Loss: 1.860971

Test set: Average loss: 1.7459, Accuracy: 4724/10000 (47%)

Train Epoch: 24 [0/60000 (0%)]	Loss: 1.756473
Train Epoch: 24 [6400/60000 (11%)]	Loss: 1.752801
Train Epoch: 24 [12800/60000 (21%)]	Loss: 1.822294
Train Epoch: 24 [19200/60000 (32%)]	Loss: 1.876243
Train Epoch: 24 [25600/60000 (43%)]	Loss: 1.822553
Train Epoch: 24 [32000/60000 (53%)]	Loss: 1.782154
Train Epoch: 24 [38400/60000 (64%)]	Loss: 1.750307
Train Epoch: 24 [44800/60000 (75%)]	Loss: 1.748390
Train Epoch: 24 [51200/60000 (85%)]	Loss: 1.799361
Train Epoch: 24 [57600/60000 (96%)]	Loss: 1.793807

Test set: Average loss: 1.7459, Accuracy: 4767/10000 (48%)

Train Epoch: 25 [0/60000 (0%)]	Loss: 1.820628
Train Epoch: 25 [6400/60000 (11%)]	Loss: 1.802831
Train Epoch: 25 [12800/60000 (21%)]	Loss: 1.806769
Train Epoch: 25 [19200/60000 (32%)]	Loss: 1.644457
Train Epoch: 25 [25600/60000 (43%)]	Loss: 1.783148
Train Epoch: 25 [32000/60000 (53%)]	Loss: 1.751631
Train Epoch: 25 [38400/60000 (64%)]	Loss: 1.808451
Train Epoch: 25 [44800/60000 (75%)]	Loss: 1.801717
Train Epoch: 25 [51200/60000 (85%)]	Loss: 1.750859
Train Epoch: 25 [57600/60000 (96%)]	Loss: 1.701906

Test set: Average loss: 1.7450, Accuracy: 4796/10000 (48%)

Train Epoch: 26 [0/60000 (0%)]	Loss: 1.799883
Train Epoch: 26 [6400/60000 (11%)]	Loss: 1.824855
Train Epoch: 26 [12800/60000 (21%)]	Loss: 1.793361
Train Epoch: 26 [19200/60000 (32%)]	Loss: 1.676199
Train Epoch: 26 [25600/60000 (43%)]	Loss: 1.856539
Train Epoch: 26 [32000/60000 (53%)]	Loss: 1.770674
Train Epoch: 26 [38400/60000 (64%)]	Loss: 1.773391
Train Epoch: 26 [44800/60000 (75%)]	Loss: 1.709937
Train Epoch: 26 [51200/60000 (85%)]	Loss: 1.751619
Train Epoch: 26 [57600/60000 (96%)]	Loss: 1.647002

Test set: Average loss: 1.7447, Accuracy: 4772/10000 (48%)

Train Epoch: 27 [0/60000 (0%)]	Loss: 1.809383
Train Epoch: 27 [6400/60000 (11%)]	Loss: 1.781175
Train Epoch: 27 [12800/60000 (21%)]	Loss: 1.751626
Train Epoch: 27 [19200/60000 (32%)]	Loss: 1.684769
Train Epoch: 27 [25600/60000 (43%)]	Loss: 1.696118
Train Epoch: 27 [32000/60000 (53%)]	Loss: 1.782936
Train Epoch: 27 [38400/60000 (64%)]	Loss: 1.816636
Train Epoch: 27 [44800/60000 (75%)]	Loss: 1.827035
Train Epoch: 27 [51200/60000 (85%)]	Loss: 1.608825
Train Epoch: 27 [57600/60000 (96%)]	Loss: 1.829130

Test set: Average loss: 1.7452, Accuracy: 4769/10000 (48%)

Train Epoch: 28 [0/60000 (0%)]	Loss: 1.818037
Train Epoch: 28 [6400/60000 (11%)]	Loss: 1.811754
Train Epoch: 28 [12800/60000 (21%)]	Loss: 1.837397
Train Epoch: 28 [19200/60000 (32%)]	Loss: 1.819307
Train Epoch: 28 [25600/60000 (43%)]	Loss: 1.640274
Train Epoch: 28 [32000/60000 (53%)]	Loss: 1.811582
Train Epoch: 28 [38400/60000 (64%)]	Loss: 1.874532
Train Epoch: 28 [44800/60000 (75%)]	Loss: 1.763004
Train Epoch: 28 [51200/60000 (85%)]	Loss: 1.680063
Train Epoch: 28 [57600/60000 (96%)]	Loss: 1.672401

Test set: Average loss: 1.7451, Accuracy: 4734/10000 (47%)

Train Epoch: 29 [0/60000 (0%)]	Loss: 1.837354
Train Epoch: 29 [6400/60000 (11%)]	Loss: 1.834013
Train Epoch: 29 [12800/60000 (21%)]	Loss: 1.720944
Train Epoch: 29 [19200/60000 (32%)]	Loss: 1.828796
Train Epoch: 29 [25600/60000 (43%)]	Loss: 1.794129
Train Epoch: 29 [32000/60000 (53%)]	Loss: 1.776555
Train Epoch: 29 [38400/60000 (64%)]	Loss: 1.807263
Train Epoch: 29 [44800/60000 (75%)]	Loss: 1.855440
Train Epoch: 29 [51200/60000 (85%)]	Loss: 1.797964
Train Epoch: 29 [57600/60000 (96%)]	Loss: 1.772049

Test set: Average loss: 1.7436, Accuracy: 4759/10000 (48%)

Train Epoch: 30 [0/60000 (0%)]	Loss: 1.809668
Train Epoch: 30 [6400/60000 (11%)]	Loss: 1.705677
Train Epoch: 30 [12800/60000 (21%)]	Loss: 1.686634
Train Epoch: 30 [19200/60000 (32%)]	Loss: 1.724084
Train Epoch: 30 [25600/60000 (43%)]	Loss: 1.731091
Train Epoch: 30 [32000/60000 (53%)]	Loss: 1.860575
Train Epoch: 30 [38400/60000 (64%)]	Loss: 1.690598
Train Epoch: 30 [44800/60000 (75%)]	Loss: 1.809311
Train Epoch: 30 [51200/60000 (85%)]	Loss: 1.692822
Train Epoch: 30 [57600/60000 (96%)]	Loss: 1.687189

Test set: Average loss: 1.7440, Accuracy: 4730/10000 (47%)

Namespace(batch_size=64, bias=None, data='../data', device=1, epochs=30, hidden_size=500, load_weights='../base2/lenet5/lenet5_e50_h500.pt', log_interval=100, lr=0.01, milestones=[5, 7], model='prunelenet5', momentum=0.9, no_cuda=False, r=5, save_model=None, save_results=True, scheduler='cosine', seed=1, sparsity=0.98, use_relu=False, wd=0.0005)


Total time spent pruning/training: 3.35 minutes
Total number of parameters in model: 300414
Number of parameters in pruned model: 8508
