Namespace(batch_size=64, bias=None, data='../data', device=1, epochs=100, hidden_size=500, load_weights=None, log_interval=100, lr=0.01, model='lenet5', momentum=0.9, no_cuda=False, r=5, save_model=None, save_results=True, seed=1, sparsity=0.5, use_relu=False, wd=0.0005) 

Training a LeNet5 network ...
Train Epoch: 1 [6336/60000 (11%)]	Loss: 1.684696
Train Epoch: 1 [12736/60000 (21%)]	Loss: 0.819046
Train Epoch: 1 [19136/60000 (32%)]	Loss: 0.456013
Train Epoch: 1 [25536/60000 (43%)]	Loss: 0.296115
Train Epoch: 1 [31936/60000 (53%)]	Loss: 0.304187
Train Epoch: 1 [38336/60000 (64%)]	Loss: 0.514175
Train Epoch: 1 [44736/60000 (75%)]	Loss: 0.357549
Train Epoch: 1 [51136/60000 (85%)]	Loss: 0.127115
Train Epoch: 1 [57536/60000 (96%)]	Loss: 0.184004

Test set: Average loss: 0.1860, Accuracy: 9430/10000 (94%)

Train Epoch: 2 [6336/60000 (11%)]	Loss: 0.159475
Train Epoch: 2 [12736/60000 (21%)]	Loss: 0.193405
Train Epoch: 2 [19136/60000 (32%)]	Loss: 0.121211
Train Epoch: 2 [25536/60000 (43%)]	Loss: 0.171015
Train Epoch: 2 [31936/60000 (53%)]	Loss: 0.217217
Train Epoch: 2 [38336/60000 (64%)]	Loss: 0.095649
Train Epoch: 2 [44736/60000 (75%)]	Loss: 0.291159
Train Epoch: 2 [51136/60000 (85%)]	Loss: 0.200054
Train Epoch: 2 [57536/60000 (96%)]	Loss: 0.163495

Test set: Average loss: 0.1329, Accuracy: 9601/10000 (96%)

Train Epoch: 3 [6336/60000 (11%)]	Loss: 0.161913
Train Epoch: 3 [12736/60000 (21%)]	Loss: 0.145862
Train Epoch: 3 [19136/60000 (32%)]	Loss: 0.130786
Train Epoch: 3 [25536/60000 (43%)]	Loss: 0.221458
Train Epoch: 3 [31936/60000 (53%)]	Loss: 0.087798
Train Epoch: 3 [38336/60000 (64%)]	Loss: 0.083323
Train Epoch: 3 [44736/60000 (75%)]	Loss: 0.138061
Train Epoch: 3 [51136/60000 (85%)]	Loss: 0.249086
Train Epoch: 3 [57536/60000 (96%)]	Loss: 0.099723

Test set: Average loss: 0.1093, Accuracy: 9660/10000 (97%)

Train Epoch: 4 [6336/60000 (11%)]	Loss: 0.062248
Train Epoch: 4 [12736/60000 (21%)]	Loss: 0.071724
Train Epoch: 4 [19136/60000 (32%)]	Loss: 0.110249
Train Epoch: 4 [25536/60000 (43%)]	Loss: 0.101628
Train Epoch: 4 [31936/60000 (53%)]	Loss: 0.069684
Train Epoch: 4 [38336/60000 (64%)]	Loss: 0.217290
Train Epoch: 4 [44736/60000 (75%)]	Loss: 0.269767
Train Epoch: 4 [51136/60000 (85%)]	Loss: 0.050831
Train Epoch: 4 [57536/60000 (96%)]	Loss: 0.089056

Test set: Average loss: 0.1008, Accuracy: 9692/10000 (97%)

Train Epoch: 5 [6336/60000 (11%)]	Loss: 0.182290
Train Epoch: 5 [12736/60000 (21%)]	Loss: 0.044711
Train Epoch: 5 [19136/60000 (32%)]	Loss: 0.255487
Train Epoch: 5 [25536/60000 (43%)]	Loss: 0.075909
Train Epoch: 5 [31936/60000 (53%)]	Loss: 0.108487
Train Epoch: 5 [38336/60000 (64%)]	Loss: 0.051774
Train Epoch: 5 [44736/60000 (75%)]	Loss: 0.129722
Train Epoch: 5 [51136/60000 (85%)]	Loss: 0.057498
Train Epoch: 5 [57536/60000 (96%)]	Loss: 0.084583

Test set: Average loss: 0.0982, Accuracy: 9701/10000 (97%)

Train Epoch: 6 [6336/60000 (11%)]	Loss: 0.065622
Train Epoch: 6 [12736/60000 (21%)]	Loss: 0.048115
Train Epoch: 6 [19136/60000 (32%)]	Loss: 0.057884
Train Epoch: 6 [25536/60000 (43%)]	Loss: 0.099961
Train Epoch: 6 [31936/60000 (53%)]	Loss: 0.082286
Train Epoch: 6 [38336/60000 (64%)]	Loss: 0.070048
Train Epoch: 6 [44736/60000 (75%)]	Loss: 0.098029
Train Epoch: 6 [51136/60000 (85%)]	Loss: 0.125518
Train Epoch: 6 [57536/60000 (96%)]	Loss: 0.153879

Test set: Average loss: 0.0816, Accuracy: 9749/10000 (97%)

Train Epoch: 7 [6336/60000 (11%)]	Loss: 0.118816
Train Epoch: 7 [12736/60000 (21%)]	Loss: 0.099143
Train Epoch: 7 [19136/60000 (32%)]	Loss: 0.033273
Train Epoch: 7 [25536/60000 (43%)]	Loss: 0.126017
Train Epoch: 7 [31936/60000 (53%)]	Loss: 0.037467
Train Epoch: 7 [38336/60000 (64%)]	Loss: 0.128348
Train Epoch: 7 [44736/60000 (75%)]	Loss: 0.071175
Train Epoch: 7 [51136/60000 (85%)]	Loss: 0.108631
Train Epoch: 7 [57536/60000 (96%)]	Loss: 0.111000

Test set: Average loss: 0.0852, Accuracy: 9743/10000 (97%)

Train Epoch: 8 [6336/60000 (11%)]	Loss: 0.079434
Train Epoch: 8 [12736/60000 (21%)]	Loss: 0.044835
Train Epoch: 8 [19136/60000 (32%)]	Loss: 0.014056
Train Epoch: 8 [25536/60000 (43%)]	Loss: 0.025793
Train Epoch: 8 [31936/60000 (53%)]	Loss: 0.110388
Train Epoch: 8 [38336/60000 (64%)]	Loss: 0.126274
Train Epoch: 8 [44736/60000 (75%)]	Loss: 0.068163
Train Epoch: 8 [51136/60000 (85%)]	Loss: 0.047394
Train Epoch: 8 [57536/60000 (96%)]	Loss: 0.117045

Test set: Average loss: 0.0857, Accuracy: 9726/10000 (97%)

Train Epoch: 9 [6336/60000 (11%)]	Loss: 0.031581
Train Epoch: 9 [12736/60000 (21%)]	Loss: 0.069504
Train Epoch: 9 [19136/60000 (32%)]	Loss: 0.059099
Train Epoch: 9 [25536/60000 (43%)]	Loss: 0.085794
Train Epoch: 9 [31936/60000 (53%)]	Loss: 0.053292
Train Epoch: 9 [38336/60000 (64%)]	Loss: 0.121967
Train Epoch: 9 [44736/60000 (75%)]	Loss: 0.105728
Train Epoch: 9 [51136/60000 (85%)]	Loss: 0.082953
Train Epoch: 9 [57536/60000 (96%)]	Loss: 0.049915

Test set: Average loss: 0.0734, Accuracy: 9766/10000 (98%)

Train Epoch: 10 [6336/60000 (11%)]	Loss: 0.136494
Train Epoch: 10 [12736/60000 (21%)]	Loss: 0.032923
Train Epoch: 10 [19136/60000 (32%)]	Loss: 0.114634
Train Epoch: 10 [25536/60000 (43%)]	Loss: 0.039074
Train Epoch: 10 [31936/60000 (53%)]	Loss: 0.036858
Train Epoch: 10 [38336/60000 (64%)]	Loss: 0.072709
Train Epoch: 10 [44736/60000 (75%)]	Loss: 0.040356
Train Epoch: 10 [51136/60000 (85%)]	Loss: 0.046944
Train Epoch: 10 [57536/60000 (96%)]	Loss: 0.044278

Test set: Average loss: 0.0833, Accuracy: 9743/10000 (97%)

Train Epoch: 11 [6336/60000 (11%)]	Loss: 0.067342
Train Epoch: 11 [12736/60000 (21%)]	Loss: 0.005214
Train Epoch: 11 [19136/60000 (32%)]	Loss: 0.069209
Train Epoch: 11 [25536/60000 (43%)]	Loss: 0.078569
Train Epoch: 11 [31936/60000 (53%)]	Loss: 0.030448
Train Epoch: 11 [38336/60000 (64%)]	Loss: 0.033475
Train Epoch: 11 [44736/60000 (75%)]	Loss: 0.051766
Train Epoch: 11 [51136/60000 (85%)]	Loss: 0.051424
Train Epoch: 11 [57536/60000 (96%)]	Loss: 0.049896

Test set: Average loss: 0.0657, Accuracy: 9783/10000 (98%)

Train Epoch: 12 [6336/60000 (11%)]	Loss: 0.116213
Train Epoch: 12 [12736/60000 (21%)]	Loss: 0.114061
Train Epoch: 12 [19136/60000 (32%)]	Loss: 0.103556
Train Epoch: 12 [25536/60000 (43%)]	Loss: 0.090102
Train Epoch: 12 [31936/60000 (53%)]	Loss: 0.042333
Train Epoch: 12 [38336/60000 (64%)]	Loss: 0.090783
Train Epoch: 12 [44736/60000 (75%)]	Loss: 0.032797
Train Epoch: 12 [51136/60000 (85%)]	Loss: 0.047693
Train Epoch: 12 [57536/60000 (96%)]	Loss: 0.157364

Test set: Average loss: 0.0676, Accuracy: 9781/10000 (98%)

Train Epoch: 13 [6336/60000 (11%)]	Loss: 0.060854
Train Epoch: 13 [12736/60000 (21%)]	Loss: 0.086953
Train Epoch: 13 [19136/60000 (32%)]	Loss: 0.069981
Train Epoch: 13 [25536/60000 (43%)]	Loss: 0.042966
Train Epoch: 13 [31936/60000 (53%)]	Loss: 0.079809
Train Epoch: 13 [38336/60000 (64%)]	Loss: 0.018932
Train Epoch: 13 [44736/60000 (75%)]	Loss: 0.037606
Train Epoch: 13 [51136/60000 (85%)]	Loss: 0.145986
Train Epoch: 13 [57536/60000 (96%)]	Loss: 0.051295

Test set: Average loss: 0.0702, Accuracy: 9779/10000 (98%)

Train Epoch: 14 [6336/60000 (11%)]	Loss: 0.097639
Train Epoch: 14 [12736/60000 (21%)]	Loss: 0.087468
Train Epoch: 14 [19136/60000 (32%)]	Loss: 0.113456
Train Epoch: 14 [25536/60000 (43%)]	Loss: 0.045649
Train Epoch: 14 [31936/60000 (53%)]	Loss: 0.027127
Train Epoch: 14 [38336/60000 (64%)]	Loss: 0.046400
Train Epoch: 14 [44736/60000 (75%)]	Loss: 0.049820
Train Epoch: 14 [51136/60000 (85%)]	Loss: 0.045532
Train Epoch: 14 [57536/60000 (96%)]	Loss: 0.036497

Test set: Average loss: 0.0669, Accuracy: 9791/10000 (98%)

Train Epoch: 15 [6336/60000 (11%)]	Loss: 0.042408
Train Epoch: 15 [12736/60000 (21%)]	Loss: 0.010761
Train Epoch: 15 [19136/60000 (32%)]	Loss: 0.039990
Train Epoch: 15 [25536/60000 (43%)]	Loss: 0.059302
Train Epoch: 15 [31936/60000 (53%)]	Loss: 0.042824
Train Epoch: 15 [38336/60000 (64%)]	Loss: 0.099049
Train Epoch: 15 [44736/60000 (75%)]	Loss: 0.026610
Train Epoch: 15 [51136/60000 (85%)]	Loss: 0.054150
Train Epoch: 15 [57536/60000 (96%)]	Loss: 0.048810

Test set: Average loss: 0.0629, Accuracy: 9809/10000 (98%)

Train Epoch: 16 [6336/60000 (11%)]	Loss: 0.094520
Train Epoch: 16 [12736/60000 (21%)]	Loss: 0.044809
Train Epoch: 16 [19136/60000 (32%)]	Loss: 0.014988
Train Epoch: 16 [25536/60000 (43%)]	Loss: 0.098648
Train Epoch: 16 [31936/60000 (53%)]	Loss: 0.032030
Train Epoch: 16 [38336/60000 (64%)]	Loss: 0.045134
Train Epoch: 16 [44736/60000 (75%)]	Loss: 0.061185
Train Epoch: 16 [51136/60000 (85%)]	Loss: 0.084441
Train Epoch: 16 [57536/60000 (96%)]	Loss: 0.039899

Test set: Average loss: 0.0630, Accuracy: 9807/10000 (98%)

Train Epoch: 17 [6336/60000 (11%)]	Loss: 0.087058
Train Epoch: 17 [12736/60000 (21%)]	Loss: 0.041525
Train Epoch: 17 [19136/60000 (32%)]	Loss: 0.078103
Train Epoch: 17 [25536/60000 (43%)]	Loss: 0.022850
Train Epoch: 17 [31936/60000 (53%)]	Loss: 0.088392
Train Epoch: 17 [38336/60000 (64%)]	Loss: 0.035073
Train Epoch: 17 [44736/60000 (75%)]	Loss: 0.083694
Train Epoch: 17 [51136/60000 (85%)]	Loss: 0.024667
Train Epoch: 17 [57536/60000 (96%)]	Loss: 0.047944

Test set: Average loss: 0.0654, Accuracy: 9807/10000 (98%)

Train Epoch: 18 [6336/60000 (11%)]	Loss: 0.213235
Train Epoch: 18 [12736/60000 (21%)]	Loss: 0.072892
Train Epoch: 18 [19136/60000 (32%)]	Loss: 0.081482
Train Epoch: 18 [25536/60000 (43%)]	Loss: 0.046324
Train Epoch: 18 [31936/60000 (53%)]	Loss: 0.038445
Train Epoch: 18 [38336/60000 (64%)]	Loss: 0.032109
Train Epoch: 18 [44736/60000 (75%)]	Loss: 0.166807
Train Epoch: 18 [51136/60000 (85%)]	Loss: 0.022477
Train Epoch: 18 [57536/60000 (96%)]	Loss: 0.037498

Test set: Average loss: 0.0647, Accuracy: 9797/10000 (98%)

Train Epoch: 19 [6336/60000 (11%)]	Loss: 0.143120
Train Epoch: 19 [12736/60000 (21%)]	Loss: 0.075604
Train Epoch: 19 [19136/60000 (32%)]	Loss: 0.031299
Train Epoch: 19 [25536/60000 (43%)]	Loss: 0.061797
Train Epoch: 19 [31936/60000 (53%)]	Loss: 0.082863
Train Epoch: 19 [38336/60000 (64%)]	Loss: 0.050156
Train Epoch: 19 [44736/60000 (75%)]	Loss: 0.012199
Train Epoch: 19 [51136/60000 (85%)]	Loss: 0.029954
Train Epoch: 19 [57536/60000 (96%)]	Loss: 0.059023

Test set: Average loss: 0.0662, Accuracy: 9789/10000 (98%)

Train Epoch: 20 [6336/60000 (11%)]	Loss: 0.093248
Train Epoch: 20 [12736/60000 (21%)]	Loss: 0.088435
Train Epoch: 20 [19136/60000 (32%)]	Loss: 0.036225
Train Epoch: 20 [25536/60000 (43%)]	Loss: 0.102835
Train Epoch: 20 [31936/60000 (53%)]	Loss: 0.074324
Train Epoch: 20 [38336/60000 (64%)]	Loss: 0.044132
Train Epoch: 20 [44736/60000 (75%)]	Loss: 0.034614
Train Epoch: 20 [51136/60000 (85%)]	Loss: 0.071078
Train Epoch: 20 [57536/60000 (96%)]	Loss: 0.034215

Test set: Average loss: 0.0640, Accuracy: 9788/10000 (98%)

Train Epoch: 21 [6336/60000 (11%)]	Loss: 0.022921
Train Epoch: 21 [12736/60000 (21%)]	Loss: 0.049552
Train Epoch: 21 [19136/60000 (32%)]	Loss: 0.084256
Train Epoch: 21 [25536/60000 (43%)]	Loss: 0.042555
Train Epoch: 21 [31936/60000 (53%)]	Loss: 0.041179
Train Epoch: 21 [38336/60000 (64%)]	Loss: 0.013108
Train Epoch: 21 [44736/60000 (75%)]	Loss: 0.009033
Train Epoch: 21 [51136/60000 (85%)]	Loss: 0.064213
Train Epoch: 21 [57536/60000 (96%)]	Loss: 0.036380

Test set: Average loss: 0.0564, Accuracy: 9820/10000 (98%)

Train Epoch: 22 [6336/60000 (11%)]	Loss: 0.042706
Train Epoch: 22 [12736/60000 (21%)]	Loss: 0.062495
Train Epoch: 22 [19136/60000 (32%)]	Loss: 0.072360
Train Epoch: 22 [25536/60000 (43%)]	Loss: 0.026562
Train Epoch: 22 [31936/60000 (53%)]	Loss: 0.047348
Train Epoch: 22 [38336/60000 (64%)]	Loss: 0.104355
Train Epoch: 22 [44736/60000 (75%)]	Loss: 0.095078
Train Epoch: 22 [51136/60000 (85%)]	Loss: 0.037825
Train Epoch: 22 [57536/60000 (96%)]	Loss: 0.029815

Test set: Average loss: 0.0648, Accuracy: 9813/10000 (98%)

Train Epoch: 23 [6336/60000 (11%)]	Loss: 0.039815
Train Epoch: 23 [12736/60000 (21%)]	Loss: 0.064622
Train Epoch: 23 [19136/60000 (32%)]	Loss: 0.025577
Train Epoch: 23 [25536/60000 (43%)]	Loss: 0.020995
Train Epoch: 23 [31936/60000 (53%)]	Loss: 0.043838
Train Epoch: 23 [38336/60000 (64%)]	Loss: 0.038441
Train Epoch: 23 [44736/60000 (75%)]	Loss: 0.106708
Train Epoch: 23 [51136/60000 (85%)]	Loss: 0.008125
Train Epoch: 23 [57536/60000 (96%)]	Loss: 0.096978

Test set: Average loss: 0.0607, Accuracy: 9803/10000 (98%)

Train Epoch: 24 [6336/60000 (11%)]	Loss: 0.031413
Train Epoch: 24 [12736/60000 (21%)]	Loss: 0.028678
Train Epoch: 24 [19136/60000 (32%)]	Loss: 0.029209
Train Epoch: 24 [25536/60000 (43%)]	Loss: 0.050556
Train Epoch: 24 [31936/60000 (53%)]	Loss: 0.024136
Train Epoch: 24 [38336/60000 (64%)]	Loss: 0.066771
Train Epoch: 24 [44736/60000 (75%)]	Loss: 0.040529
Train Epoch: 24 [51136/60000 (85%)]	Loss: 0.045463
Train Epoch: 24 [57536/60000 (96%)]	Loss: 0.015396

Test set: Average loss: 0.0569, Accuracy: 9815/10000 (98%)

Train Epoch: 25 [6336/60000 (11%)]	Loss: 0.058960
Train Epoch: 25 [12736/60000 (21%)]	Loss: 0.113383
Train Epoch: 25 [19136/60000 (32%)]	Loss: 0.044913
Train Epoch: 25 [25536/60000 (43%)]	Loss: 0.024909
Train Epoch: 25 [31936/60000 (53%)]	Loss: 0.022356
Train Epoch: 25 [38336/60000 (64%)]	Loss: 0.116733
Train Epoch: 25 [44736/60000 (75%)]	Loss: 0.070039
Train Epoch: 25 [51136/60000 (85%)]	Loss: 0.018239
Train Epoch: 25 [57536/60000 (96%)]	Loss: 0.038509

Test set: Average loss: 0.0517, Accuracy: 9829/10000 (98%)

Train Epoch: 26 [6336/60000 (11%)]	Loss: 0.047186
Train Epoch: 26 [12736/60000 (21%)]	Loss: 0.037647
Train Epoch: 26 [19136/60000 (32%)]	Loss: 0.019620
Train Epoch: 26 [25536/60000 (43%)]	Loss: 0.088007
Train Epoch: 26 [31936/60000 (53%)]	Loss: 0.041249
Train Epoch: 26 [38336/60000 (64%)]	Loss: 0.024240
Train Epoch: 26 [44736/60000 (75%)]	Loss: 0.052782
Train Epoch: 26 [51136/60000 (85%)]	Loss: 0.007281
Train Epoch: 26 [57536/60000 (96%)]	Loss: 0.034840

Test set: Average loss: 0.0599, Accuracy: 9813/10000 (98%)

Train Epoch: 27 [6336/60000 (11%)]	Loss: 0.033181
Train Epoch: 27 [12736/60000 (21%)]	Loss: 0.014978
Train Epoch: 27 [19136/60000 (32%)]	Loss: 0.041275
Train Epoch: 27 [25536/60000 (43%)]	Loss: 0.005877
Train Epoch: 27 [31936/60000 (53%)]	Loss: 0.048182
Train Epoch: 27 [38336/60000 (64%)]	Loss: 0.041095
Train Epoch: 27 [44736/60000 (75%)]	Loss: 0.057301
Train Epoch: 27 [51136/60000 (85%)]	Loss: 0.044563
Train Epoch: 27 [57536/60000 (96%)]	Loss: 0.139401

Test set: Average loss: 0.0635, Accuracy: 9804/10000 (98%)

Train Epoch: 28 [6336/60000 (11%)]	Loss: 0.025750
Train Epoch: 28 [12736/60000 (21%)]	Loss: 0.017426
Train Epoch: 28 [19136/60000 (32%)]	Loss: 0.019527
Train Epoch: 28 [25536/60000 (43%)]	Loss: 0.026247
Train Epoch: 28 [31936/60000 (53%)]	Loss: 0.011908
Train Epoch: 28 [38336/60000 (64%)]	Loss: 0.049114
Train Epoch: 28 [44736/60000 (75%)]	Loss: 0.027499
Train Epoch: 28 [51136/60000 (85%)]	Loss: 0.018920
Train Epoch: 28 [57536/60000 (96%)]	Loss: 0.038772

Test set: Average loss: 0.0591, Accuracy: 9815/10000 (98%)

Train Epoch: 29 [6336/60000 (11%)]	Loss: 0.044233
Train Epoch: 29 [12736/60000 (21%)]	Loss: 0.010720
Train Epoch: 29 [19136/60000 (32%)]	Loss: 0.035587
Train Epoch: 29 [25536/60000 (43%)]	Loss: 0.022899
Train Epoch: 29 [31936/60000 (53%)]	Loss: 0.006692
Train Epoch: 29 [38336/60000 (64%)]	Loss: 0.021831
Train Epoch: 29 [44736/60000 (75%)]	Loss: 0.051994
Train Epoch: 29 [51136/60000 (85%)]	Loss: 0.017343
Train Epoch: 29 [57536/60000 (96%)]	Loss: 0.089364

Test set: Average loss: 0.0534, Accuracy: 9835/10000 (98%)

Train Epoch: 30 [6336/60000 (11%)]	Loss: 0.013531
Train Epoch: 30 [12736/60000 (21%)]	Loss: 0.109783
Train Epoch: 30 [19136/60000 (32%)]	Loss: 0.031068
Train Epoch: 30 [25536/60000 (43%)]	Loss: 0.009779
Train Epoch: 30 [31936/60000 (53%)]	Loss: 0.027948
Train Epoch: 30 [38336/60000 (64%)]	Loss: 0.117807
Train Epoch: 30 [44736/60000 (75%)]	Loss: 0.016720
Train Epoch: 30 [51136/60000 (85%)]	Loss: 0.033159
Train Epoch: 30 [57536/60000 (96%)]	Loss: 0.036921

Test set: Average loss: 0.0581, Accuracy: 9804/10000 (98%)

Train Epoch: 31 [6336/60000 (11%)]	Loss: 0.019822
Train Epoch: 31 [12736/60000 (21%)]	Loss: 0.036370
Train Epoch: 31 [19136/60000 (32%)]	Loss: 0.014466
Train Epoch: 31 [25536/60000 (43%)]	Loss: 0.021366
Train Epoch: 31 [31936/60000 (53%)]	Loss: 0.028976
Train Epoch: 31 [38336/60000 (64%)]	Loss: 0.010191
Train Epoch: 31 [44736/60000 (75%)]	Loss: 0.029892
Train Epoch: 31 [51136/60000 (85%)]	Loss: 0.048656
Train Epoch: 31 [57536/60000 (96%)]	Loss: 0.023674

Test set: Average loss: 0.0544, Accuracy: 9845/10000 (98%)

Train Epoch: 32 [6336/60000 (11%)]	Loss: 0.073882
Train Epoch: 32 [12736/60000 (21%)]	Loss: 0.010058
Train Epoch: 32 [19136/60000 (32%)]	Loss: 0.022215
Train Epoch: 32 [25536/60000 (43%)]	Loss: 0.013155
Train Epoch: 32 [31936/60000 (53%)]	Loss: 0.046265
Train Epoch: 32 [38336/60000 (64%)]	Loss: 0.107485
Train Epoch: 32 [44736/60000 (75%)]	Loss: 0.015039
Train Epoch: 32 [51136/60000 (85%)]	Loss: 0.129810
Train Epoch: 32 [57536/60000 (96%)]	Loss: 0.041231

Test set: Average loss: 0.0596, Accuracy: 9801/10000 (98%)

Train Epoch: 33 [6336/60000 (11%)]	Loss: 0.032837
Train Epoch: 33 [12736/60000 (21%)]	Loss: 0.032890
Train Epoch: 33 [19136/60000 (32%)]	Loss: 0.008920
Train Epoch: 33 [25536/60000 (43%)]	Loss: 0.008102
Train Epoch: 33 [31936/60000 (53%)]	Loss: 0.042817
Train Epoch: 33 [38336/60000 (64%)]	Loss: 0.021523
Train Epoch: 33 [44736/60000 (75%)]	Loss: 0.031338
Train Epoch: 33 [51136/60000 (85%)]	Loss: 0.031449
Train Epoch: 33 [57536/60000 (96%)]	Loss: 0.029912

Test set: Average loss: 0.0544, Accuracy: 9825/10000 (98%)

Train Epoch: 34 [6336/60000 (11%)]	Loss: 0.022495
Train Epoch: 34 [12736/60000 (21%)]	Loss: 0.011057
Train Epoch: 34 [19136/60000 (32%)]	Loss: 0.008544
Train Epoch: 34 [25536/60000 (43%)]	Loss: 0.005294
Train Epoch: 34 [31936/60000 (53%)]	Loss: 0.023623
Train Epoch: 34 [38336/60000 (64%)]	Loss: 0.011925
Train Epoch: 34 [44736/60000 (75%)]	Loss: 0.008609
Train Epoch: 34 [51136/60000 (85%)]	Loss: 0.026496
Train Epoch: 34 [57536/60000 (96%)]	Loss: 0.081241

Test set: Average loss: 0.0585, Accuracy: 9821/10000 (98%)

Train Epoch: 35 [6336/60000 (11%)]	Loss: 0.080235
Train Epoch: 35 [12736/60000 (21%)]	Loss: 0.066852
Train Epoch: 35 [19136/60000 (32%)]	Loss: 0.035162
Train Epoch: 35 [25536/60000 (43%)]	Loss: 0.026559
Train Epoch: 35 [31936/60000 (53%)]	Loss: 0.010257
Train Epoch: 35 [38336/60000 (64%)]	Loss: 0.025154
Train Epoch: 35 [44736/60000 (75%)]	Loss: 0.020127
Train Epoch: 35 [51136/60000 (85%)]	Loss: 0.012721
Train Epoch: 35 [57536/60000 (96%)]	Loss: 0.072722

Test set: Average loss: 0.0574, Accuracy: 9828/10000 (98%)

Train Epoch: 36 [6336/60000 (11%)]	Loss: 0.016855
Train Epoch: 36 [12736/60000 (21%)]	Loss: 0.021028
Train Epoch: 36 [19136/60000 (32%)]	Loss: 0.019898
Train Epoch: 36 [25536/60000 (43%)]	Loss: 0.015058
Train Epoch: 36 [31936/60000 (53%)]	Loss: 0.025596
Train Epoch: 36 [38336/60000 (64%)]	Loss: 0.096607
Train Epoch: 36 [44736/60000 (75%)]	Loss: 0.027364
Train Epoch: 36 [51136/60000 (85%)]	Loss: 0.054226
Train Epoch: 36 [57536/60000 (96%)]	Loss: 0.053251

Test set: Average loss: 0.0561, Accuracy: 9821/10000 (98%)

Train Epoch: 37 [6336/60000 (11%)]	Loss: 0.107756
Train Epoch: 37 [12736/60000 (21%)]	Loss: 0.026681
Train Epoch: 37 [19136/60000 (32%)]	Loss: 0.007377
Train Epoch: 37 [25536/60000 (43%)]	Loss: 0.051535
Train Epoch: 37 [31936/60000 (53%)]	Loss: 0.007875
Train Epoch: 37 [38336/60000 (64%)]	Loss: 0.024311
Train Epoch: 37 [44736/60000 (75%)]	Loss: 0.021453
Train Epoch: 37 [51136/60000 (85%)]	Loss: 0.017389
Train Epoch: 37 [57536/60000 (96%)]	Loss: 0.041161

Test set: Average loss: 0.0554, Accuracy: 9816/10000 (98%)

Train Epoch: 38 [6336/60000 (11%)]	Loss: 0.019087
Train Epoch: 38 [12736/60000 (21%)]	Loss: 0.011353
Train Epoch: 38 [19136/60000 (32%)]	Loss: 0.028987
Train Epoch: 38 [25536/60000 (43%)]	Loss: 0.036155
Train Epoch: 38 [31936/60000 (53%)]	Loss: 0.040213
Train Epoch: 38 [38336/60000 (64%)]	Loss: 0.030441
Train Epoch: 38 [44736/60000 (75%)]	Loss: 0.043034
Train Epoch: 38 [51136/60000 (85%)]	Loss: 0.024412
Train Epoch: 38 [57536/60000 (96%)]	Loss: 0.149933

Test set: Average loss: 0.0521, Accuracy: 9841/10000 (98%)

Train Epoch: 39 [6336/60000 (11%)]	Loss: 0.014959
Train Epoch: 39 [12736/60000 (21%)]	Loss: 0.040378
Train Epoch: 39 [19136/60000 (32%)]	Loss: 0.021486
Train Epoch: 39 [25536/60000 (43%)]	Loss: 0.027870
Train Epoch: 39 [31936/60000 (53%)]	Loss: 0.043594
Train Epoch: 39 [38336/60000 (64%)]	Loss: 0.024503
Train Epoch: 39 [44736/60000 (75%)]	Loss: 0.030835
Train Epoch: 39 [51136/60000 (85%)]	Loss: 0.047133
Train Epoch: 39 [57536/60000 (96%)]	Loss: 0.016674

Test set: Average loss: 0.0581, Accuracy: 9816/10000 (98%)

Train Epoch: 40 [6336/60000 (11%)]	Loss: 0.024145
Train Epoch: 40 [12736/60000 (21%)]	Loss: 0.018528
Train Epoch: 40 [19136/60000 (32%)]	Loss: 0.008954
Train Epoch: 40 [25536/60000 (43%)]	Loss: 0.007486
Train Epoch: 40 [31936/60000 (53%)]	Loss: 0.038177
Train Epoch: 40 [38336/60000 (64%)]	Loss: 0.025645
Train Epoch: 40 [44736/60000 (75%)]	Loss: 0.012820
Train Epoch: 40 [51136/60000 (85%)]	Loss: 0.024366
Train Epoch: 40 [57536/60000 (96%)]	Loss: 0.020711

Test set: Average loss: 0.0636, Accuracy: 9807/10000 (98%)

Train Epoch: 41 [6336/60000 (11%)]	Loss: 0.014859
Train Epoch: 41 [12736/60000 (21%)]	Loss: 0.045909
Train Epoch: 41 [19136/60000 (32%)]	Loss: 0.015571
Train Epoch: 41 [25536/60000 (43%)]	Loss: 0.018411
Train Epoch: 41 [31936/60000 (53%)]	Loss: 0.004933
Train Epoch: 41 [38336/60000 (64%)]	Loss: 0.040062
Train Epoch: 41 [44736/60000 (75%)]	Loss: 0.050113
Train Epoch: 41 [51136/60000 (85%)]	Loss: 0.023539
Train Epoch: 41 [57536/60000 (96%)]	Loss: 0.035210

Test set: Average loss: 0.0546, Accuracy: 9831/10000 (98%)

Train Epoch: 42 [6336/60000 (11%)]	Loss: 0.010625
Train Epoch: 42 [12736/60000 (21%)]	Loss: 0.010896
Train Epoch: 42 [19136/60000 (32%)]	Loss: 0.076706
Train Epoch: 42 [25536/60000 (43%)]	Loss: 0.027311
Train Epoch: 42 [31936/60000 (53%)]	Loss: 0.013451
Train Epoch: 42 [38336/60000 (64%)]	Loss: 0.017628
Train Epoch: 42 [44736/60000 (75%)]	Loss: 0.011898
Train Epoch: 42 [51136/60000 (85%)]	Loss: 0.073775
Train Epoch: 42 [57536/60000 (96%)]	Loss: 0.024920

Test set: Average loss: 0.0562, Accuracy: 9827/10000 (98%)

Train Epoch: 43 [6336/60000 (11%)]	Loss: 0.007834
Train Epoch: 43 [12736/60000 (21%)]	Loss: 0.027104
Train Epoch: 43 [19136/60000 (32%)]	Loss: 0.010074
Train Epoch: 43 [25536/60000 (43%)]	Loss: 0.107607
Train Epoch: 43 [31936/60000 (53%)]	Loss: 0.051844
Train Epoch: 43 [38336/60000 (64%)]	Loss: 0.060492
Train Epoch: 43 [44736/60000 (75%)]	Loss: 0.009862
Train Epoch: 43 [51136/60000 (85%)]	Loss: 0.020808
Train Epoch: 43 [57536/60000 (96%)]	Loss: 0.012157

Test set: Average loss: 0.0542, Accuracy: 9832/10000 (98%)

Train Epoch: 44 [6336/60000 (11%)]	Loss: 0.042326
Train Epoch: 44 [12736/60000 (21%)]	Loss: 0.025373
Train Epoch: 44 [19136/60000 (32%)]	Loss: 0.020332
Train Epoch: 44 [25536/60000 (43%)]	Loss: 0.019821
Train Epoch: 44 [31936/60000 (53%)]	Loss: 0.061330
Train Epoch: 44 [38336/60000 (64%)]	Loss: 0.022359
Train Epoch: 44 [44736/60000 (75%)]	Loss: 0.021377
Train Epoch: 44 [51136/60000 (85%)]	Loss: 0.035878
Train Epoch: 44 [57536/60000 (96%)]	Loss: 0.014207

Test set: Average loss: 0.0497, Accuracy: 9836/10000 (98%)

Train Epoch: 45 [6336/60000 (11%)]	Loss: 0.004157
Train Epoch: 45 [12736/60000 (21%)]	Loss: 0.017223
Train Epoch: 45 [19136/60000 (32%)]	Loss: 0.019846
Train Epoch: 45 [25536/60000 (43%)]	Loss: 0.015453
Train Epoch: 45 [31936/60000 (53%)]	Loss: 0.047029
Train Epoch: 45 [38336/60000 (64%)]	Loss: 0.014333
Train Epoch: 45 [44736/60000 (75%)]	Loss: 0.097139
Train Epoch: 45 [51136/60000 (85%)]	Loss: 0.009729
Train Epoch: 45 [57536/60000 (96%)]	Loss: 0.025599

Test set: Average loss: 0.0534, Accuracy: 9826/10000 (98%)

Train Epoch: 46 [6336/60000 (11%)]	Loss: 0.024652
Train Epoch: 46 [12736/60000 (21%)]	Loss: 0.010184
Train Epoch: 46 [19136/60000 (32%)]	Loss: 0.015139
Train Epoch: 46 [25536/60000 (43%)]	Loss: 0.018934
Train Epoch: 46 [31936/60000 (53%)]	Loss: 0.033555
Train Epoch: 46 [38336/60000 (64%)]	Loss: 0.017817
Train Epoch: 46 [44736/60000 (75%)]	Loss: 0.012068
Train Epoch: 46 [51136/60000 (85%)]	Loss: 0.007962
Train Epoch: 46 [57536/60000 (96%)]	Loss: 0.024532

Test set: Average loss: 0.0577, Accuracy: 9808/10000 (98%)

Train Epoch: 47 [6336/60000 (11%)]	Loss: 0.020942
Train Epoch: 47 [12736/60000 (21%)]	Loss: 0.027481
Train Epoch: 47 [19136/60000 (32%)]	Loss: 0.012966
Train Epoch: 47 [25536/60000 (43%)]	Loss: 0.002774
Train Epoch: 47 [31936/60000 (53%)]	Loss: 0.028128
Train Epoch: 47 [38336/60000 (64%)]	Loss: 0.053397
Train Epoch: 47 [44736/60000 (75%)]	Loss: 0.025777
Train Epoch: 47 [51136/60000 (85%)]	Loss: 0.016722
Train Epoch: 47 [57536/60000 (96%)]	Loss: 0.016427

Test set: Average loss: 0.0536, Accuracy: 9828/10000 (98%)

Train Epoch: 48 [6336/60000 (11%)]	Loss: 0.009325
Train Epoch: 48 [12736/60000 (21%)]	Loss: 0.017130
Train Epoch: 48 [19136/60000 (32%)]	Loss: 0.024534
Train Epoch: 48 [25536/60000 (43%)]	Loss: 0.020711
Train Epoch: 48 [31936/60000 (53%)]	Loss: 0.017540
Train Epoch: 48 [38336/60000 (64%)]	Loss: 0.063944
Train Epoch: 48 [44736/60000 (75%)]	Loss: 0.067129
Train Epoch: 48 [51136/60000 (85%)]	Loss: 0.017448
Train Epoch: 48 [57536/60000 (96%)]	Loss: 0.015813

Test set: Average loss: 0.0508, Accuracy: 9847/10000 (98%)

Train Epoch: 49 [6336/60000 (11%)]	Loss: 0.027478
Train Epoch: 49 [12736/60000 (21%)]	Loss: 0.009802
Train Epoch: 49 [19136/60000 (32%)]	Loss: 0.010877
Train Epoch: 49 [25536/60000 (43%)]	Loss: 0.009369
Train Epoch: 49 [31936/60000 (53%)]	Loss: 0.073372
Train Epoch: 49 [38336/60000 (64%)]	Loss: 0.023233
Train Epoch: 49 [44736/60000 (75%)]	Loss: 0.022316
Train Epoch: 49 [51136/60000 (85%)]	Loss: 0.031058
Train Epoch: 49 [57536/60000 (96%)]	Loss: 0.022390

Test set: Average loss: 0.0494, Accuracy: 9841/10000 (98%)

Train Epoch: 50 [6336/60000 (11%)]	Loss: 0.018869
Train Epoch: 50 [12736/60000 (21%)]	Loss: 0.091588
Train Epoch: 50 [19136/60000 (32%)]	Loss: 0.015962
Train Epoch: 50 [25536/60000 (43%)]	Loss: 0.010169
Train Epoch: 50 [31936/60000 (53%)]	Loss: 0.007877
Train Epoch: 50 [38336/60000 (64%)]	Loss: 0.033513
Train Epoch: 50 [44736/60000 (75%)]	Loss: 0.021615
Train Epoch: 50 [51136/60000 (85%)]	Loss: 0.048890
Train Epoch: 50 [57536/60000 (96%)]	Loss: 0.013588

Test set: Average loss: 0.0530, Accuracy: 9836/10000 (98%)

Train Epoch: 51 [6336/60000 (11%)]	Loss: 0.017791
Train Epoch: 51 [12736/60000 (21%)]	Loss: 0.018296
Train Epoch: 51 [19136/60000 (32%)]	Loss: 0.043308
Train Epoch: 51 [25536/60000 (43%)]	Loss: 0.013248
Train Epoch: 51 [31936/60000 (53%)]	Loss: 0.059587
Train Epoch: 51 [38336/60000 (64%)]	Loss: 0.016275
Train Epoch: 51 [44736/60000 (75%)]	Loss: 0.020135
Train Epoch: 51 [51136/60000 (85%)]	Loss: 0.031694
Train Epoch: 51 [57536/60000 (96%)]	Loss: 0.009330

Test set: Average loss: 0.0490, Accuracy: 9849/10000 (98%)

Train Epoch: 52 [6336/60000 (11%)]	Loss: 0.017749
Train Epoch: 52 [12736/60000 (21%)]	Loss: 0.016460
Train Epoch: 52 [19136/60000 (32%)]	Loss: 0.012591
Train Epoch: 52 [25536/60000 (43%)]	Loss: 0.010427
Train Epoch: 52 [31936/60000 (53%)]	Loss: 0.038298
Train Epoch: 52 [38336/60000 (64%)]	Loss: 0.015696
Train Epoch: 52 [44736/60000 (75%)]	Loss: 0.028672
Train Epoch: 52 [51136/60000 (85%)]	Loss: 0.022958
Train Epoch: 52 [57536/60000 (96%)]	Loss: 0.022492

Test set: Average loss: 0.0506, Accuracy: 9842/10000 (98%)

Train Epoch: 53 [6336/60000 (11%)]	Loss: 0.036345
Train Epoch: 53 [12736/60000 (21%)]	Loss: 0.074186
Train Epoch: 53 [19136/60000 (32%)]	Loss: 0.017799
Train Epoch: 53 [25536/60000 (43%)]	Loss: 0.018559
Train Epoch: 53 [31936/60000 (53%)]	Loss: 0.029238
Train Epoch: 53 [38336/60000 (64%)]	Loss: 0.004319
Train Epoch: 53 [44736/60000 (75%)]	Loss: 0.014839
Train Epoch: 53 [51136/60000 (85%)]	Loss: 0.036831
Train Epoch: 53 [57536/60000 (96%)]	Loss: 0.038578

Test set: Average loss: 0.0491, Accuracy: 9838/10000 (98%)

Train Epoch: 54 [6336/60000 (11%)]	Loss: 0.012480
Train Epoch: 54 [12736/60000 (21%)]	Loss: 0.015963
Train Epoch: 54 [19136/60000 (32%)]	Loss: 0.034197
Train Epoch: 54 [25536/60000 (43%)]	Loss: 0.019009
Train Epoch: 54 [31936/60000 (53%)]	Loss: 0.054437
Train Epoch: 54 [38336/60000 (64%)]	Loss: 0.028884
Train Epoch: 54 [44736/60000 (75%)]	Loss: 0.041698
Train Epoch: 54 [51136/60000 (85%)]	Loss: 0.008129
Train Epoch: 54 [57536/60000 (96%)]	Loss: 0.044906

Test set: Average loss: 0.0507, Accuracy: 9844/10000 (98%)

Train Epoch: 55 [6336/60000 (11%)]	Loss: 0.008897
Train Epoch: 55 [12736/60000 (21%)]	Loss: 0.009875
Train Epoch: 55 [19136/60000 (32%)]	Loss: 0.032762
Train Epoch: 55 [25536/60000 (43%)]	Loss: 0.033584
Train Epoch: 55 [31936/60000 (53%)]	Loss: 0.018903
Train Epoch: 55 [38336/60000 (64%)]	Loss: 0.028544
Train Epoch: 55 [44736/60000 (75%)]	Loss: 0.014898
Train Epoch: 55 [51136/60000 (85%)]	Loss: 0.040829
Train Epoch: 55 [57536/60000 (96%)]	Loss: 0.012147

Test set: Average loss: 0.0490, Accuracy: 9847/10000 (98%)

Train Epoch: 56 [6336/60000 (11%)]	Loss: 0.016088
Train Epoch: 56 [12736/60000 (21%)]	Loss: 0.054900
Train Epoch: 56 [19136/60000 (32%)]	Loss: 0.010422
Train Epoch: 56 [25536/60000 (43%)]	Loss: 0.007297
Train Epoch: 56 [31936/60000 (53%)]	Loss: 0.014056
Train Epoch: 56 [38336/60000 (64%)]	Loss: 0.010299
Train Epoch: 56 [44736/60000 (75%)]	Loss: 0.041915
Train Epoch: 56 [51136/60000 (85%)]	Loss: 0.010187
Train Epoch: 56 [57536/60000 (96%)]	Loss: 0.053038

Test set: Average loss: 0.0547, Accuracy: 9823/10000 (98%)

Train Epoch: 57 [6336/60000 (11%)]	Loss: 0.053067
Train Epoch: 57 [12736/60000 (21%)]	Loss: 0.013765
Train Epoch: 57 [19136/60000 (32%)]	Loss: 0.021459
Train Epoch: 57 [25536/60000 (43%)]	Loss: 0.025055
Train Epoch: 57 [31936/60000 (53%)]	Loss: 0.018268
Train Epoch: 57 [38336/60000 (64%)]	Loss: 0.033644
Train Epoch: 57 [44736/60000 (75%)]	Loss: 0.007932
Train Epoch: 57 [51136/60000 (85%)]	Loss: 0.017963
Train Epoch: 57 [57536/60000 (96%)]	Loss: 0.005660

Test set: Average loss: 0.0481, Accuracy: 9837/10000 (98%)

Train Epoch: 58 [6336/60000 (11%)]	Loss: 0.027394
Train Epoch: 58 [12736/60000 (21%)]	Loss: 0.017506
Train Epoch: 58 [19136/60000 (32%)]	Loss: 0.006190
Train Epoch: 58 [25536/60000 (43%)]	Loss: 0.023915
Train Epoch: 58 [31936/60000 (53%)]	Loss: 0.005319
Train Epoch: 58 [38336/60000 (64%)]	Loss: 0.045097
Train Epoch: 58 [44736/60000 (75%)]	Loss: 0.007990
Train Epoch: 58 [51136/60000 (85%)]	Loss: 0.008305
Train Epoch: 58 [57536/60000 (96%)]	Loss: 0.028754

Test set: Average loss: 0.0530, Accuracy: 9836/10000 (98%)

Train Epoch: 59 [6336/60000 (11%)]	Loss: 0.007944
Train Epoch: 59 [12736/60000 (21%)]	Loss: 0.016572
Train Epoch: 59 [19136/60000 (32%)]	Loss: 0.002893
Train Epoch: 59 [25536/60000 (43%)]	Loss: 0.027486
Train Epoch: 59 [31936/60000 (53%)]	Loss: 0.010653
Train Epoch: 59 [38336/60000 (64%)]	Loss: 0.055585
Train Epoch: 59 [44736/60000 (75%)]	Loss: 0.011663
Train Epoch: 59 [51136/60000 (85%)]	Loss: 0.012709
Train Epoch: 59 [57536/60000 (96%)]	Loss: 0.033284

Test set: Average loss: 0.0503, Accuracy: 9840/10000 (98%)

Train Epoch: 60 [6336/60000 (11%)]	Loss: 0.021271
Train Epoch: 60 [12736/60000 (21%)]	Loss: 0.010966
Train Epoch: 60 [19136/60000 (32%)]	Loss: 0.015349
Train Epoch: 60 [25536/60000 (43%)]	Loss: 0.008568
Train Epoch: 60 [31936/60000 (53%)]	Loss: 0.017303
Train Epoch: 60 [38336/60000 (64%)]	Loss: 0.011671
Train Epoch: 60 [44736/60000 (75%)]	Loss: 0.070914
Train Epoch: 60 [51136/60000 (85%)]	Loss: 0.018940
Train Epoch: 60 [57536/60000 (96%)]	Loss: 0.055246

Test set: Average loss: 0.0519, Accuracy: 9838/10000 (98%)

Train Epoch: 61 [6336/60000 (11%)]	Loss: 0.015372
Train Epoch: 61 [12736/60000 (21%)]	Loss: 0.021228
Train Epoch: 61 [19136/60000 (32%)]	Loss: 0.014775
Train Epoch: 61 [25536/60000 (43%)]	Loss: 0.032593
Train Epoch: 61 [31936/60000 (53%)]	Loss: 0.027450
Train Epoch: 61 [38336/60000 (64%)]	Loss: 0.016459
Train Epoch: 61 [44736/60000 (75%)]	Loss: 0.019018
Train Epoch: 61 [51136/60000 (85%)]	Loss: 0.016897
Train Epoch: 61 [57536/60000 (96%)]	Loss: 0.017828

Test set: Average loss: 0.0493, Accuracy: 9841/10000 (98%)

Train Epoch: 62 [6336/60000 (11%)]	Loss: 0.014297
Train Epoch: 62 [12736/60000 (21%)]	Loss: 0.024507
Train Epoch: 62 [19136/60000 (32%)]	Loss: 0.034930
Train Epoch: 62 [25536/60000 (43%)]	Loss: 0.006229
Train Epoch: 62 [31936/60000 (53%)]	Loss: 0.006604
Train Epoch: 62 [38336/60000 (64%)]	Loss: 0.024587
Train Epoch: 62 [44736/60000 (75%)]	Loss: 0.028633
Train Epoch: 62 [51136/60000 (85%)]	Loss: 0.007829
Train Epoch: 62 [57536/60000 (96%)]	Loss: 0.023260

Test set: Average loss: 0.0503, Accuracy: 9843/10000 (98%)

Train Epoch: 63 [6336/60000 (11%)]	Loss: 0.006343
Train Epoch: 63 [12736/60000 (21%)]	Loss: 0.033388
Train Epoch: 63 [19136/60000 (32%)]	Loss: 0.014366
Train Epoch: 63 [25536/60000 (43%)]	Loss: 0.012203
Train Epoch: 63 [31936/60000 (53%)]	Loss: 0.037862
Train Epoch: 63 [38336/60000 (64%)]	Loss: 0.016950
Train Epoch: 63 [44736/60000 (75%)]	Loss: 0.032041
Train Epoch: 63 [51136/60000 (85%)]	Loss: 0.003803
Train Epoch: 63 [57536/60000 (96%)]	Loss: 0.011197

Test set: Average loss: 0.0535, Accuracy: 9827/10000 (98%)

Train Epoch: 64 [6336/60000 (11%)]	Loss: 0.012030
Train Epoch: 64 [12736/60000 (21%)]	Loss: 0.008802
Train Epoch: 64 [19136/60000 (32%)]	Loss: 0.010699
Train Epoch: 64 [25536/60000 (43%)]	Loss: 0.038763
Train Epoch: 64 [31936/60000 (53%)]	Loss: 0.050271
Train Epoch: 64 [38336/60000 (64%)]	Loss: 0.012115
Train Epoch: 64 [44736/60000 (75%)]	Loss: 0.013870
Train Epoch: 64 [51136/60000 (85%)]	Loss: 0.021910
Train Epoch: 64 [57536/60000 (96%)]	Loss: 0.015577

Test set: Average loss: 0.0505, Accuracy: 9834/10000 (98%)

Train Epoch: 65 [6336/60000 (11%)]	Loss: 0.024514
Train Epoch: 65 [12736/60000 (21%)]	Loss: 0.004625
Train Epoch: 65 [19136/60000 (32%)]	Loss: 0.013831
Train Epoch: 65 [25536/60000 (43%)]	Loss: 0.014822
Train Epoch: 65 [31936/60000 (53%)]	Loss: 0.006172
Train Epoch: 65 [38336/60000 (64%)]	Loss: 0.025651
Train Epoch: 65 [44736/60000 (75%)]	Loss: 0.024022
Train Epoch: 65 [51136/60000 (85%)]	Loss: 0.016150
Train Epoch: 65 [57536/60000 (96%)]	Loss: 0.034067

Test set: Average loss: 0.0496, Accuracy: 9833/10000 (98%)

Train Epoch: 66 [6336/60000 (11%)]	Loss: 0.021374
Train Epoch: 66 [12736/60000 (21%)]	Loss: 0.035595
Train Epoch: 66 [19136/60000 (32%)]	Loss: 0.010416
Train Epoch: 66 [25536/60000 (43%)]	Loss: 0.049173
Train Epoch: 66 [31936/60000 (53%)]	Loss: 0.042248
Train Epoch: 66 [38336/60000 (64%)]	Loss: 0.011653
Train Epoch: 66 [44736/60000 (75%)]	Loss: 0.020232
Train Epoch: 66 [51136/60000 (85%)]	Loss: 0.036015
Train Epoch: 66 [57536/60000 (96%)]	Loss: 0.024035

Test set: Average loss: 0.0481, Accuracy: 9837/10000 (98%)

Train Epoch: 67 [6336/60000 (11%)]	Loss: 0.018290
Train Epoch: 67 [12736/60000 (21%)]	Loss: 0.008169
Train Epoch: 67 [19136/60000 (32%)]	Loss: 0.033603
Train Epoch: 67 [25536/60000 (43%)]	Loss: 0.050490
Train Epoch: 67 [31936/60000 (53%)]	Loss: 0.008855
Train Epoch: 67 [38336/60000 (64%)]	Loss: 0.032225
Train Epoch: 67 [44736/60000 (75%)]	Loss: 0.019580
Train Epoch: 67 [51136/60000 (85%)]	Loss: 0.028297
Train Epoch: 67 [57536/60000 (96%)]	Loss: 0.019252

Test set: Average loss: 0.0483, Accuracy: 9843/10000 (98%)

Train Epoch: 68 [6336/60000 (11%)]	Loss: 0.038257
Train Epoch: 68 [12736/60000 (21%)]	Loss: 0.010750
Train Epoch: 68 [19136/60000 (32%)]	Loss: 0.019935
Train Epoch: 68 [25536/60000 (43%)]	Loss: 0.016539
Train Epoch: 68 [31936/60000 (53%)]	Loss: 0.009659
Train Epoch: 68 [38336/60000 (64%)]	Loss: 0.014478
Train Epoch: 68 [44736/60000 (75%)]	Loss: 0.008546
Train Epoch: 68 [51136/60000 (85%)]	Loss: 0.026978
Train Epoch: 68 [57536/60000 (96%)]	Loss: 0.013606

Test set: Average loss: 0.0481, Accuracy: 9840/10000 (98%)

Train Epoch: 69 [6336/60000 (11%)]	Loss: 0.032604
Train Epoch: 69 [12736/60000 (21%)]	Loss: 0.016354
Train Epoch: 69 [19136/60000 (32%)]	Loss: 0.009844
Train Epoch: 69 [25536/60000 (43%)]	Loss: 0.039173
Train Epoch: 69 [31936/60000 (53%)]	Loss: 0.014690
Train Epoch: 69 [38336/60000 (64%)]	Loss: 0.010355
Train Epoch: 69 [44736/60000 (75%)]	Loss: 0.051022
Train Epoch: 69 [51136/60000 (85%)]	Loss: 0.014817
Train Epoch: 69 [57536/60000 (96%)]	Loss: 0.027188

Test set: Average loss: 0.0495, Accuracy: 9841/10000 (98%)

Train Epoch: 70 [6336/60000 (11%)]	Loss: 0.021575
Train Epoch: 70 [12736/60000 (21%)]	Loss: 0.012659
Train Epoch: 70 [19136/60000 (32%)]	Loss: 0.040222
Train Epoch: 70 [25536/60000 (43%)]	Loss: 0.024867
Train Epoch: 70 [31936/60000 (53%)]	Loss: 0.012264
Train Epoch: 70 [38336/60000 (64%)]	Loss: 0.006328
Train Epoch: 70 [44736/60000 (75%)]	Loss: 0.010449
Train Epoch: 70 [51136/60000 (85%)]	Loss: 0.018729
Train Epoch: 70 [57536/60000 (96%)]	Loss: 0.012668

Test set: Average loss: 0.0475, Accuracy: 9846/10000 (98%)

Train Epoch: 71 [6336/60000 (11%)]	Loss: 0.010876
Train Epoch: 71 [12736/60000 (21%)]	Loss: 0.023260
Train Epoch: 71 [19136/60000 (32%)]	Loss: 0.002193
Train Epoch: 71 [25536/60000 (43%)]	Loss: 0.023866
Train Epoch: 71 [31936/60000 (53%)]	Loss: 0.018188
Train Epoch: 71 [38336/60000 (64%)]	Loss: 0.023614
Train Epoch: 71 [44736/60000 (75%)]	Loss: 0.010007
Train Epoch: 71 [51136/60000 (85%)]	Loss: 0.031314
Train Epoch: 71 [57536/60000 (96%)]	Loss: 0.011111

Test set: Average loss: 0.0480, Accuracy: 9844/10000 (98%)

Train Epoch: 72 [6336/60000 (11%)]	Loss: 0.015603
Train Epoch: 72 [12736/60000 (21%)]	Loss: 0.027007
Train Epoch: 72 [19136/60000 (32%)]	Loss: 0.004382
Train Epoch: 72 [25536/60000 (43%)]	Loss: 0.011819
Train Epoch: 72 [31936/60000 (53%)]	Loss: 0.113729
Train Epoch: 72 [38336/60000 (64%)]	Loss: 0.032340
Train Epoch: 72 [44736/60000 (75%)]	Loss: 0.013640
Train Epoch: 72 [51136/60000 (85%)]	Loss: 0.028040
Train Epoch: 72 [57536/60000 (96%)]	Loss: 0.009873

Test set: Average loss: 0.0493, Accuracy: 9840/10000 (98%)

Train Epoch: 73 [6336/60000 (11%)]	Loss: 0.025526
Train Epoch: 73 [12736/60000 (21%)]	Loss: 0.011557
Train Epoch: 73 [19136/60000 (32%)]	Loss: 0.029394
Train Epoch: 73 [25536/60000 (43%)]	Loss: 0.023039
Train Epoch: 73 [31936/60000 (53%)]	Loss: 0.042051
Train Epoch: 73 [38336/60000 (64%)]	Loss: 0.034473
Train Epoch: 73 [44736/60000 (75%)]	Loss: 0.047025
Train Epoch: 73 [51136/60000 (85%)]	Loss: 0.014374
Train Epoch: 73 [57536/60000 (96%)]	Loss: 0.014013

Test set: Average loss: 0.0475, Accuracy: 9844/10000 (98%)

Train Epoch: 74 [6336/60000 (11%)]	Loss: 0.020451
Train Epoch: 74 [12736/60000 (21%)]	Loss: 0.029297
Train Epoch: 74 [19136/60000 (32%)]	Loss: 0.011342
Train Epoch: 74 [25536/60000 (43%)]	Loss: 0.014913
Train Epoch: 74 [31936/60000 (53%)]	Loss: 0.029387
Train Epoch: 74 [38336/60000 (64%)]	Loss: 0.018587
Train Epoch: 74 [44736/60000 (75%)]	Loss: 0.021934
Train Epoch: 74 [51136/60000 (85%)]	Loss: 0.018212
Train Epoch: 74 [57536/60000 (96%)]	Loss: 0.051474

Test set: Average loss: 0.0476, Accuracy: 9850/10000 (98%)

Train Epoch: 75 [6336/60000 (11%)]	Loss: 0.043786
Train Epoch: 75 [12736/60000 (21%)]	Loss: 0.023473
Train Epoch: 75 [19136/60000 (32%)]	Loss: 0.012105
Train Epoch: 75 [25536/60000 (43%)]	Loss: 0.025905
Train Epoch: 75 [31936/60000 (53%)]	Loss: 0.037927
Train Epoch: 75 [38336/60000 (64%)]	Loss: 0.015830
Train Epoch: 75 [44736/60000 (75%)]	Loss: 0.007381
Train Epoch: 75 [51136/60000 (85%)]	Loss: 0.050110
Train Epoch: 75 [57536/60000 (96%)]	Loss: 0.024213

Test set: Average loss: 0.0476, Accuracy: 9840/10000 (98%)

Train Epoch: 76 [6336/60000 (11%)]	Loss: 0.022571
Train Epoch: 76 [12736/60000 (21%)]	Loss: 0.028931
Train Epoch: 76 [19136/60000 (32%)]	Loss: 0.016021
Train Epoch: 76 [25536/60000 (43%)]	Loss: 0.017753
Train Epoch: 76 [31936/60000 (53%)]	Loss: 0.014279
Train Epoch: 76 [38336/60000 (64%)]	Loss: 0.027924
Train Epoch: 76 [44736/60000 (75%)]	Loss: 0.019548
Train Epoch: 76 [51136/60000 (85%)]	Loss: 0.009863
Train Epoch: 76 [57536/60000 (96%)]	Loss: 0.013088

Test set: Average loss: 0.0478, Accuracy: 9840/10000 (98%)

Train Epoch: 77 [6336/60000 (11%)]	Loss: 0.008849
Train Epoch: 77 [12736/60000 (21%)]	Loss: 0.018472
Train Epoch: 77 [19136/60000 (32%)]	Loss: 0.027277
Train Epoch: 77 [25536/60000 (43%)]	Loss: 0.026088
Train Epoch: 77 [31936/60000 (53%)]	Loss: 0.021216
Train Epoch: 77 [38336/60000 (64%)]	Loss: 0.014616
Train Epoch: 77 [44736/60000 (75%)]	Loss: 0.012710
Train Epoch: 77 [51136/60000 (85%)]	Loss: 0.010265
Train Epoch: 77 [57536/60000 (96%)]	Loss: 0.008507

Test set: Average loss: 0.0478, Accuracy: 9848/10000 (98%)

Train Epoch: 78 [6336/60000 (11%)]	Loss: 0.007794
Train Epoch: 78 [12736/60000 (21%)]	Loss: 0.008940
Train Epoch: 78 [19136/60000 (32%)]	Loss: 0.031946
Train Epoch: 78 [25536/60000 (43%)]	Loss: 0.018311
Train Epoch: 78 [31936/60000 (53%)]	Loss: 0.025338
Train Epoch: 78 [38336/60000 (64%)]	Loss: 0.018866
Train Epoch: 78 [44736/60000 (75%)]	Loss: 0.011051
Train Epoch: 78 [51136/60000 (85%)]	Loss: 0.020542
Train Epoch: 78 [57536/60000 (96%)]	Loss: 0.011180

Test set: Average loss: 0.0479, Accuracy: 9839/10000 (98%)

Train Epoch: 79 [6336/60000 (11%)]	Loss: 0.042251
Train Epoch: 79 [12736/60000 (21%)]	Loss: 0.013724
Train Epoch: 79 [19136/60000 (32%)]	Loss: 0.007224
Train Epoch: 79 [25536/60000 (43%)]	Loss: 0.015381
Train Epoch: 79 [31936/60000 (53%)]	Loss: 0.023048
Train Epoch: 79 [38336/60000 (64%)]	Loss: 0.013378
Train Epoch: 79 [44736/60000 (75%)]	Loss: 0.012053
Train Epoch: 79 [51136/60000 (85%)]	Loss: 0.006066
Train Epoch: 79 [57536/60000 (96%)]	Loss: 0.044503

Test set: Average loss: 0.0470, Accuracy: 9844/10000 (98%)

Train Epoch: 80 [6336/60000 (11%)]	Loss: 0.031532
Train Epoch: 80 [12736/60000 (21%)]	Loss: 0.014083
Train Epoch: 80 [19136/60000 (32%)]	Loss: 0.015301
Train Epoch: 80 [25536/60000 (43%)]	Loss: 0.011778
Train Epoch: 80 [31936/60000 (53%)]	Loss: 0.026980
Train Epoch: 80 [38336/60000 (64%)]	Loss: 0.033269
Train Epoch: 80 [44736/60000 (75%)]	Loss: 0.013598
Train Epoch: 80 [51136/60000 (85%)]	Loss: 0.025160
Train Epoch: 80 [57536/60000 (96%)]	Loss: 0.045665

Test set: Average loss: 0.0478, Accuracy: 9843/10000 (98%)

Train Epoch: 81 [6336/60000 (11%)]	Loss: 0.015137
Train Epoch: 81 [12736/60000 (21%)]	Loss: 0.026274
Train Epoch: 81 [19136/60000 (32%)]	Loss: 0.008265
Train Epoch: 81 [25536/60000 (43%)]	Loss: 0.019157
Train Epoch: 81 [31936/60000 (53%)]	Loss: 0.007395
Train Epoch: 81 [38336/60000 (64%)]	Loss: 0.007128
Train Epoch: 81 [44736/60000 (75%)]	Loss: 0.017612
Train Epoch: 81 [51136/60000 (85%)]	Loss: 0.010415
Train Epoch: 81 [57536/60000 (96%)]	Loss: 0.034567

Test set: Average loss: 0.0471, Accuracy: 9842/10000 (98%)

Train Epoch: 82 [6336/60000 (11%)]	Loss: 0.013841
Train Epoch: 82 [12736/60000 (21%)]	Loss: 0.020591
Train Epoch: 82 [19136/60000 (32%)]	Loss: 0.016184
Train Epoch: 82 [25536/60000 (43%)]	Loss: 0.011094
Train Epoch: 82 [31936/60000 (53%)]	Loss: 0.031415
Train Epoch: 82 [38336/60000 (64%)]	Loss: 0.075161
Train Epoch: 82 [44736/60000 (75%)]	Loss: 0.019664
Train Epoch: 82 [51136/60000 (85%)]	Loss: 0.009738
Train Epoch: 82 [57536/60000 (96%)]	Loss: 0.023186

Test set: Average loss: 0.0471, Accuracy: 9842/10000 (98%)

Train Epoch: 83 [6336/60000 (11%)]	Loss: 0.014982
Train Epoch: 83 [12736/60000 (21%)]	Loss: 0.007860
Train Epoch: 83 [19136/60000 (32%)]	Loss: 0.017525
Train Epoch: 83 [25536/60000 (43%)]	Loss: 0.010116
Train Epoch: 83 [31936/60000 (53%)]	Loss: 0.025318
Train Epoch: 83 [38336/60000 (64%)]	Loss: 0.011805
Train Epoch: 83 [44736/60000 (75%)]	Loss: 0.010561
Train Epoch: 83 [51136/60000 (85%)]	Loss: 0.019367
Train Epoch: 83 [57536/60000 (96%)]	Loss: 0.037975

Test set: Average loss: 0.0476, Accuracy: 9846/10000 (98%)

Train Epoch: 84 [6336/60000 (11%)]	Loss: 0.021819
Train Epoch: 84 [12736/60000 (21%)]	Loss: 0.014859
Train Epoch: 84 [19136/60000 (32%)]	Loss: 0.016227
Train Epoch: 84 [25536/60000 (43%)]	Loss: 0.012068
Train Epoch: 84 [31936/60000 (53%)]	Loss: 0.016410
Train Epoch: 84 [38336/60000 (64%)]	Loss: 0.014020
Train Epoch: 84 [44736/60000 (75%)]	Loss: 0.023236
Train Epoch: 84 [51136/60000 (85%)]	Loss: 0.028700
Train Epoch: 84 [57536/60000 (96%)]	Loss: 0.006000

Test set: Average loss: 0.0476, Accuracy: 9844/10000 (98%)

Train Epoch: 85 [6336/60000 (11%)]	Loss: 0.025093
Train Epoch: 85 [12736/60000 (21%)]	Loss: 0.014804
Train Epoch: 85 [19136/60000 (32%)]	Loss: 0.015781
Train Epoch: 85 [25536/60000 (43%)]	Loss: 0.046359
Train Epoch: 85 [31936/60000 (53%)]	Loss: 0.014190
Train Epoch: 85 [38336/60000 (64%)]	Loss: 0.025082
Train Epoch: 85 [44736/60000 (75%)]	Loss: 0.034270
Train Epoch: 85 [51136/60000 (85%)]	Loss: 0.008997
Train Epoch: 85 [57536/60000 (96%)]	Loss: 0.006148

Test set: Average loss: 0.0477, Accuracy: 9848/10000 (98%)

Train Epoch: 86 [6336/60000 (11%)]	Loss: 0.012247
Train Epoch: 86 [12736/60000 (21%)]	Loss: 0.039530
Train Epoch: 86 [19136/60000 (32%)]	Loss: 0.015073
Train Epoch: 86 [25536/60000 (43%)]	Loss: 0.020791
Train Epoch: 86 [31936/60000 (53%)]	Loss: 0.010433
Train Epoch: 86 [38336/60000 (64%)]	Loss: 0.026053
Train Epoch: 86 [44736/60000 (75%)]	Loss: 0.007072
Train Epoch: 86 [51136/60000 (85%)]	Loss: 0.029177
Train Epoch: 86 [57536/60000 (96%)]	Loss: 0.011058

Test set: Average loss: 0.0477, Accuracy: 9845/10000 (98%)

Train Epoch: 87 [6336/60000 (11%)]	Loss: 0.017315
Train Epoch: 87 [12736/60000 (21%)]	Loss: 0.011816
Train Epoch: 87 [19136/60000 (32%)]	Loss: 0.036384
Train Epoch: 87 [25536/60000 (43%)]	Loss: 0.014652
Train Epoch: 87 [31936/60000 (53%)]	Loss: 0.011609
Train Epoch: 87 [38336/60000 (64%)]	Loss: 0.025255
Train Epoch: 87 [44736/60000 (75%)]	Loss: 0.032808
Train Epoch: 87 [51136/60000 (85%)]	Loss: 0.010277
Train Epoch: 87 [57536/60000 (96%)]	Loss: 0.008371

Test set: Average loss: 0.0469, Accuracy: 9840/10000 (98%)

Train Epoch: 88 [6336/60000 (11%)]	Loss: 0.014197
Train Epoch: 88 [12736/60000 (21%)]	Loss: 0.020543
Train Epoch: 88 [19136/60000 (32%)]	Loss: 0.026428
Train Epoch: 88 [25536/60000 (43%)]	Loss: 0.004623
Train Epoch: 88 [31936/60000 (53%)]	Loss: 0.012272
Train Epoch: 88 [38336/60000 (64%)]	Loss: 0.017500
Train Epoch: 88 [44736/60000 (75%)]	Loss: 0.004588
Train Epoch: 88 [51136/60000 (85%)]	Loss: 0.010883
Train Epoch: 88 [57536/60000 (96%)]	Loss: 0.025708

Test set: Average loss: 0.0470, Accuracy: 9843/10000 (98%)

Train Epoch: 89 [6336/60000 (11%)]	Loss: 0.010235
Train Epoch: 89 [12736/60000 (21%)]	Loss: 0.010357
Train Epoch: 89 [19136/60000 (32%)]	Loss: 0.010866
Train Epoch: 89 [25536/60000 (43%)]	Loss: 0.019693
Train Epoch: 89 [31936/60000 (53%)]	Loss: 0.047148
Train Epoch: 89 [38336/60000 (64%)]	Loss: 0.023868
Train Epoch: 89 [44736/60000 (75%)]	Loss: 0.016341
Train Epoch: 89 [51136/60000 (85%)]	Loss: 0.029595
Train Epoch: 89 [57536/60000 (96%)]	Loss: 0.081339

Test set: Average loss: 0.0475, Accuracy: 9844/10000 (98%)

Train Epoch: 90 [6336/60000 (11%)]	Loss: 0.036059
Train Epoch: 90 [12736/60000 (21%)]	Loss: 0.035603
Train Epoch: 90 [19136/60000 (32%)]	Loss: 0.005061
Train Epoch: 90 [25536/60000 (43%)]	Loss: 0.011593
Train Epoch: 90 [31936/60000 (53%)]	Loss: 0.007687
Train Epoch: 90 [38336/60000 (64%)]	Loss: 0.020223
Train Epoch: 90 [44736/60000 (75%)]	Loss: 0.020792
Train Epoch: 90 [51136/60000 (85%)]	Loss: 0.020291
Train Epoch: 90 [57536/60000 (96%)]	Loss: 0.005178

Test set: Average loss: 0.0473, Accuracy: 9844/10000 (98%)

Train Epoch: 91 [6336/60000 (11%)]	Loss: 0.023950
Train Epoch: 91 [12736/60000 (21%)]	Loss: 0.008102
Train Epoch: 91 [19136/60000 (32%)]	Loss: 0.015829
Train Epoch: 91 [25536/60000 (43%)]	Loss: 0.020990
Train Epoch: 91 [31936/60000 (53%)]	Loss: 0.017055
Train Epoch: 91 [38336/60000 (64%)]	Loss: 0.005887
Train Epoch: 91 [44736/60000 (75%)]	Loss: 0.027917
Train Epoch: 91 [51136/60000 (85%)]	Loss: 0.022935
Train Epoch: 91 [57536/60000 (96%)]	Loss: 0.019492

Test set: Average loss: 0.0470, Accuracy: 9846/10000 (98%)

Train Epoch: 92 [6336/60000 (11%)]	Loss: 0.011446
Train Epoch: 92 [12736/60000 (21%)]	Loss: 0.010679
Train Epoch: 92 [19136/60000 (32%)]	Loss: 0.015275
Train Epoch: 92 [25536/60000 (43%)]	Loss: 0.016804
Train Epoch: 92 [31936/60000 (53%)]	Loss: 0.004610
Train Epoch: 92 [38336/60000 (64%)]	Loss: 0.011734
Train Epoch: 92 [44736/60000 (75%)]	Loss: 0.017816
Train Epoch: 92 [51136/60000 (85%)]	Loss: 0.012223
Train Epoch: 92 [57536/60000 (96%)]	Loss: 0.007321

Test set: Average loss: 0.0479, Accuracy: 9842/10000 (98%)

Train Epoch: 93 [6336/60000 (11%)]	Loss: 0.014922
Train Epoch: 93 [12736/60000 (21%)]	Loss: 0.024988
Train Epoch: 93 [19136/60000 (32%)]	Loss: 0.013863
Train Epoch: 93 [25536/60000 (43%)]	Loss: 0.011067
Train Epoch: 93 [31936/60000 (53%)]	Loss: 0.018513
Train Epoch: 93 [38336/60000 (64%)]	Loss: 0.016925
Train Epoch: 93 [44736/60000 (75%)]	Loss: 0.048066
Train Epoch: 93 [51136/60000 (85%)]	Loss: 0.011405
Train Epoch: 93 [57536/60000 (96%)]	Loss: 0.012968

Test set: Average loss: 0.0492, Accuracy: 9841/10000 (98%)

Train Epoch: 94 [6336/60000 (11%)]	Loss: 0.020769
Train Epoch: 94 [12736/60000 (21%)]	Loss: 0.034620
Train Epoch: 94 [19136/60000 (32%)]	Loss: 0.010239
Train Epoch: 94 [25536/60000 (43%)]	Loss: 0.011802
Train Epoch: 94 [31936/60000 (53%)]	Loss: 0.005572
Train Epoch: 94 [38336/60000 (64%)]	Loss: 0.019965
Train Epoch: 94 [44736/60000 (75%)]	Loss: 0.048586
Train Epoch: 94 [51136/60000 (85%)]	Loss: 0.018268
Train Epoch: 94 [57536/60000 (96%)]	Loss: 0.019019

Test set: Average loss: 0.0470, Accuracy: 9842/10000 (98%)

Train Epoch: 95 [6336/60000 (11%)]	Loss: 0.009704
Train Epoch: 95 [12736/60000 (21%)]	Loss: 0.072718
Train Epoch: 95 [19136/60000 (32%)]	Loss: 0.010055
Train Epoch: 95 [25536/60000 (43%)]	Loss: 0.005713
Train Epoch: 95 [31936/60000 (53%)]	Loss: 0.004806
Train Epoch: 95 [38336/60000 (64%)]	Loss: 0.026281
Train Epoch: 95 [44736/60000 (75%)]	Loss: 0.015008
Train Epoch: 95 [51136/60000 (85%)]	Loss: 0.006201
Train Epoch: 95 [57536/60000 (96%)]	Loss: 0.010966

Test set: Average loss: 0.0469, Accuracy: 9841/10000 (98%)

Train Epoch: 96 [6336/60000 (11%)]	Loss: 0.016759
Train Epoch: 96 [12736/60000 (21%)]	Loss: 0.024016
Train Epoch: 96 [19136/60000 (32%)]	Loss: 0.023767
Train Epoch: 96 [25536/60000 (43%)]	Loss: 0.008471
Train Epoch: 96 [31936/60000 (53%)]	Loss: 0.019945
Train Epoch: 96 [38336/60000 (64%)]	Loss: 0.009199
Train Epoch: 96 [44736/60000 (75%)]	Loss: 0.024425
Train Epoch: 96 [51136/60000 (85%)]	Loss: 0.029668
Train Epoch: 96 [57536/60000 (96%)]	Loss: 0.007111

Test set: Average loss: 0.0472, Accuracy: 9842/10000 (98%)

Train Epoch: 97 [6336/60000 (11%)]	Loss: 0.019140
Train Epoch: 97 [12736/60000 (21%)]	Loss: 0.011662
Train Epoch: 97 [19136/60000 (32%)]	Loss: 0.040542
Train Epoch: 97 [25536/60000 (43%)]	Loss: 0.071992
Train Epoch: 97 [31936/60000 (53%)]	Loss: 0.044910
Train Epoch: 97 [38336/60000 (64%)]	Loss: 0.017250
Train Epoch: 97 [44736/60000 (75%)]	Loss: 0.022282
Train Epoch: 97 [51136/60000 (85%)]	Loss: 0.018907
Train Epoch: 97 [57536/60000 (96%)]	Loss: 0.033429

Test set: Average loss: 0.0468, Accuracy: 9842/10000 (98%)

Train Epoch: 98 [6336/60000 (11%)]	Loss: 0.018432
Train Epoch: 98 [12736/60000 (21%)]	Loss: 0.022235
Train Epoch: 98 [19136/60000 (32%)]	Loss: 0.008486
Train Epoch: 98 [25536/60000 (43%)]	Loss: 0.023810
Train Epoch: 98 [31936/60000 (53%)]	Loss: 0.021353
Train Epoch: 98 [38336/60000 (64%)]	Loss: 0.004274
Train Epoch: 98 [44736/60000 (75%)]	Loss: 0.019931
Train Epoch: 98 [51136/60000 (85%)]	Loss: 0.027277
Train Epoch: 98 [57536/60000 (96%)]	Loss: 0.007386

Test set: Average loss: 0.0471, Accuracy: 9842/10000 (98%)

Train Epoch: 99 [6336/60000 (11%)]	Loss: 0.012936
Train Epoch: 99 [12736/60000 (21%)]	Loss: 0.015451
Train Epoch: 99 [19136/60000 (32%)]	Loss: 0.023387
Train Epoch: 99 [25536/60000 (43%)]	Loss: 0.010712
Train Epoch: 99 [31936/60000 (53%)]	Loss: 0.007958
Train Epoch: 99 [38336/60000 (64%)]	Loss: 0.029611
Train Epoch: 99 [44736/60000 (75%)]	Loss: 0.024523
Train Epoch: 99 [51136/60000 (85%)]	Loss: 0.010518
Train Epoch: 99 [57536/60000 (96%)]	Loss: 0.027469

Test set: Average loss: 0.0469, Accuracy: 9842/10000 (98%)

Train Epoch: 100 [6336/60000 (11%)]	Loss: 0.040963
Train Epoch: 100 [12736/60000 (21%)]	Loss: 0.005919
Train Epoch: 100 [19136/60000 (32%)]	Loss: 0.036886
Train Epoch: 100 [25536/60000 (43%)]	Loss: 0.024679
Train Epoch: 100 [31936/60000 (53%)]	Loss: 0.009764
Train Epoch: 100 [38336/60000 (64%)]	Loss: 0.017448
Train Epoch: 100 [44736/60000 (75%)]	Loss: 0.012953
Train Epoch: 100 [51136/60000 (85%)]	Loss: 0.010265
Train Epoch: 100 [57536/60000 (96%)]	Loss: 0.020459

Test set: Average loss: 0.0468, Accuracy: 9842/10000 (98%)

Namespace(batch_size=64, bias=None, data='../data', device=1, epochs=100, hidden_size=500, load_weights=None, log_interval=100, lr=0.01, model='lenet5', momentum=0.9, no_cuda=False, r=5, save_model=None, save_results=True, seed=1, sparsity=0.5, use_relu=False, wd=0.0005)


Total time spent pruning/training: 16.72 minutes
Total number of parameters in model: 61470
