Namespace(batch_size=64, bias=None, data='../data', device=1, epochs=150, hidden_size=500, load_weights=None, log_interval=100, lr=0.01, model='lenet5', momentum=0.9, no_cuda=False, r=5, save_model=None, save_results=True, seed=1, sparsity=0.5, use_relu=False, wd=0.0005) 

Training a LeNet5 network ...
Train Epoch: 1 [6336/60000 (11%)]	Loss: 1.684696
Train Epoch: 1 [12736/60000 (21%)]	Loss: 0.819046
Train Epoch: 1 [19136/60000 (32%)]	Loss: 0.456013
Train Epoch: 1 [25536/60000 (43%)]	Loss: 0.296115
Train Epoch: 1 [31936/60000 (53%)]	Loss: 0.304187
Train Epoch: 1 [38336/60000 (64%)]	Loss: 0.514175
Train Epoch: 1 [44736/60000 (75%)]	Loss: 0.357549
Train Epoch: 1 [51136/60000 (85%)]	Loss: 0.127115
Train Epoch: 1 [57536/60000 (96%)]	Loss: 0.184004

Test set: Average loss: 0.1860, Accuracy: 9430/10000 (94%)

Train Epoch: 2 [6336/60000 (11%)]	Loss: 0.159433
Train Epoch: 2 [12736/60000 (21%)]	Loss: 0.193614
Train Epoch: 2 [19136/60000 (32%)]	Loss: 0.122514
Train Epoch: 2 [25536/60000 (43%)]	Loss: 0.171166
Train Epoch: 2 [31936/60000 (53%)]	Loss: 0.218518
Train Epoch: 2 [38336/60000 (64%)]	Loss: 0.097434
Train Epoch: 2 [44736/60000 (75%)]	Loss: 0.290841
Train Epoch: 2 [51136/60000 (85%)]	Loss: 0.201752
Train Epoch: 2 [57536/60000 (96%)]	Loss: 0.166248

Test set: Average loss: 0.1329, Accuracy: 9598/10000 (96%)

Train Epoch: 3 [6336/60000 (11%)]	Loss: 0.161659
Train Epoch: 3 [12736/60000 (21%)]	Loss: 0.145326
Train Epoch: 3 [19136/60000 (32%)]	Loss: 0.128885
Train Epoch: 3 [25536/60000 (43%)]	Loss: 0.226526
Train Epoch: 3 [31936/60000 (53%)]	Loss: 0.086607
Train Epoch: 3 [38336/60000 (64%)]	Loss: 0.083919
Train Epoch: 3 [44736/60000 (75%)]	Loss: 0.133633
Train Epoch: 3 [51136/60000 (85%)]	Loss: 0.246848
Train Epoch: 3 [57536/60000 (96%)]	Loss: 0.099397

Test set: Average loss: 0.1087, Accuracy: 9661/10000 (97%)

Train Epoch: 4 [6336/60000 (11%)]	Loss: 0.063138
Train Epoch: 4 [12736/60000 (21%)]	Loss: 0.072124
Train Epoch: 4 [19136/60000 (32%)]	Loss: 0.108458
Train Epoch: 4 [25536/60000 (43%)]	Loss: 0.099479
Train Epoch: 4 [31936/60000 (53%)]	Loss: 0.068247
Train Epoch: 4 [38336/60000 (64%)]	Loss: 0.220106
Train Epoch: 4 [44736/60000 (75%)]	Loss: 0.266949
Train Epoch: 4 [51136/60000 (85%)]	Loss: 0.049688
Train Epoch: 4 [57536/60000 (96%)]	Loss: 0.091718

Test set: Average loss: 0.1008, Accuracy: 9690/10000 (97%)

Train Epoch: 5 [6336/60000 (11%)]	Loss: 0.174036
Train Epoch: 5 [12736/60000 (21%)]	Loss: 0.044899
Train Epoch: 5 [19136/60000 (32%)]	Loss: 0.251014
Train Epoch: 5 [25536/60000 (43%)]	Loss: 0.075397
Train Epoch: 5 [31936/60000 (53%)]	Loss: 0.106008
Train Epoch: 5 [38336/60000 (64%)]	Loss: 0.051880
Train Epoch: 5 [44736/60000 (75%)]	Loss: 0.133499
Train Epoch: 5 [51136/60000 (85%)]	Loss: 0.051794
Train Epoch: 5 [57536/60000 (96%)]	Loss: 0.083717

Test set: Average loss: 0.0968, Accuracy: 9704/10000 (97%)

Train Epoch: 6 [6336/60000 (11%)]	Loss: 0.063351
Train Epoch: 6 [12736/60000 (21%)]	Loss: 0.048579
Train Epoch: 6 [19136/60000 (32%)]	Loss: 0.060830
Train Epoch: 6 [25536/60000 (43%)]	Loss: 0.099632
Train Epoch: 6 [31936/60000 (53%)]	Loss: 0.082902
Train Epoch: 6 [38336/60000 (64%)]	Loss: 0.065469
Train Epoch: 6 [44736/60000 (75%)]	Loss: 0.098808
Train Epoch: 6 [51136/60000 (85%)]	Loss: 0.124752
Train Epoch: 6 [57536/60000 (96%)]	Loss: 0.152481

Test set: Average loss: 0.0805, Accuracy: 9759/10000 (98%)

Train Epoch: 7 [6336/60000 (11%)]	Loss: 0.118033
Train Epoch: 7 [12736/60000 (21%)]	Loss: 0.099488
Train Epoch: 7 [19136/60000 (32%)]	Loss: 0.032227
Train Epoch: 7 [25536/60000 (43%)]	Loss: 0.131944
Train Epoch: 7 [31936/60000 (53%)]	Loss: 0.041773
Train Epoch: 7 [38336/60000 (64%)]	Loss: 0.124896
Train Epoch: 7 [44736/60000 (75%)]	Loss: 0.067454
Train Epoch: 7 [51136/60000 (85%)]	Loss: 0.111507
Train Epoch: 7 [57536/60000 (96%)]	Loss: 0.110546

Test set: Average loss: 0.0844, Accuracy: 9740/10000 (97%)

Train Epoch: 8 [6336/60000 (11%)]	Loss: 0.076500
Train Epoch: 8 [12736/60000 (21%)]	Loss: 0.044845
Train Epoch: 8 [19136/60000 (32%)]	Loss: 0.013397
Train Epoch: 8 [25536/60000 (43%)]	Loss: 0.026320
Train Epoch: 8 [31936/60000 (53%)]	Loss: 0.116409
Train Epoch: 8 [38336/60000 (64%)]	Loss: 0.132167
Train Epoch: 8 [44736/60000 (75%)]	Loss: 0.068713
Train Epoch: 8 [51136/60000 (85%)]	Loss: 0.047865
Train Epoch: 8 [57536/60000 (96%)]	Loss: 0.118055

Test set: Average loss: 0.0875, Accuracy: 9718/10000 (97%)

Train Epoch: 9 [6336/60000 (11%)]	Loss: 0.032220
Train Epoch: 9 [12736/60000 (21%)]	Loss: 0.069478
Train Epoch: 9 [19136/60000 (32%)]	Loss: 0.058206
Train Epoch: 9 [25536/60000 (43%)]	Loss: 0.080554
Train Epoch: 9 [31936/60000 (53%)]	Loss: 0.053352
Train Epoch: 9 [38336/60000 (64%)]	Loss: 0.125436
Train Epoch: 9 [44736/60000 (75%)]	Loss: 0.099910
Train Epoch: 9 [51136/60000 (85%)]	Loss: 0.079347
Train Epoch: 9 [57536/60000 (96%)]	Loss: 0.051091

Test set: Average loss: 0.0734, Accuracy: 9769/10000 (98%)

Train Epoch: 10 [6336/60000 (11%)]	Loss: 0.132718
Train Epoch: 10 [12736/60000 (21%)]	Loss: 0.031672
Train Epoch: 10 [19136/60000 (32%)]	Loss: 0.117039
Train Epoch: 10 [25536/60000 (43%)]	Loss: 0.037373
Train Epoch: 10 [31936/60000 (53%)]	Loss: 0.034616
Train Epoch: 10 [38336/60000 (64%)]	Loss: 0.071435
Train Epoch: 10 [44736/60000 (75%)]	Loss: 0.038335
Train Epoch: 10 [51136/60000 (85%)]	Loss: 0.048571
Train Epoch: 10 [57536/60000 (96%)]	Loss: 0.042152

Test set: Average loss: 0.0820, Accuracy: 9749/10000 (97%)

Train Epoch: 11 [6336/60000 (11%)]	Loss: 0.063532
Train Epoch: 11 [12736/60000 (21%)]	Loss: 0.005174
Train Epoch: 11 [19136/60000 (32%)]	Loss: 0.070262
Train Epoch: 11 [25536/60000 (43%)]	Loss: 0.080597
Train Epoch: 11 [31936/60000 (53%)]	Loss: 0.032272
Train Epoch: 11 [38336/60000 (64%)]	Loss: 0.035945
Train Epoch: 11 [44736/60000 (75%)]	Loss: 0.055075
Train Epoch: 11 [51136/60000 (85%)]	Loss: 0.054423
Train Epoch: 11 [57536/60000 (96%)]	Loss: 0.049728

Test set: Average loss: 0.0653, Accuracy: 9786/10000 (98%)

Train Epoch: 12 [6336/60000 (11%)]	Loss: 0.116640
Train Epoch: 12 [12736/60000 (21%)]	Loss: 0.107940
Train Epoch: 12 [19136/60000 (32%)]	Loss: 0.109416
Train Epoch: 12 [25536/60000 (43%)]	Loss: 0.088568
Train Epoch: 12 [31936/60000 (53%)]	Loss: 0.039601
Train Epoch: 12 [38336/60000 (64%)]	Loss: 0.089164
Train Epoch: 12 [44736/60000 (75%)]	Loss: 0.036410
Train Epoch: 12 [51136/60000 (85%)]	Loss: 0.052217
Train Epoch: 12 [57536/60000 (96%)]	Loss: 0.151160

Test set: Average loss: 0.0672, Accuracy: 9785/10000 (98%)

Train Epoch: 13 [6336/60000 (11%)]	Loss: 0.061880
Train Epoch: 13 [12736/60000 (21%)]	Loss: 0.084481
Train Epoch: 13 [19136/60000 (32%)]	Loss: 0.069940
Train Epoch: 13 [25536/60000 (43%)]	Loss: 0.045775
Train Epoch: 13 [31936/60000 (53%)]	Loss: 0.087478
Train Epoch: 13 [38336/60000 (64%)]	Loss: 0.018704
Train Epoch: 13 [44736/60000 (75%)]	Loss: 0.042010
Train Epoch: 13 [51136/60000 (85%)]	Loss: 0.146838
Train Epoch: 13 [57536/60000 (96%)]	Loss: 0.047292

Test set: Average loss: 0.0679, Accuracy: 9781/10000 (98%)

Train Epoch: 14 [6336/60000 (11%)]	Loss: 0.098996
Train Epoch: 14 [12736/60000 (21%)]	Loss: 0.083880
Train Epoch: 14 [19136/60000 (32%)]	Loss: 0.115894
Train Epoch: 14 [25536/60000 (43%)]	Loss: 0.043255
Train Epoch: 14 [31936/60000 (53%)]	Loss: 0.026149
Train Epoch: 14 [38336/60000 (64%)]	Loss: 0.047589
Train Epoch: 14 [44736/60000 (75%)]	Loss: 0.050170
Train Epoch: 14 [51136/60000 (85%)]	Loss: 0.044683
Train Epoch: 14 [57536/60000 (96%)]	Loss: 0.031371

Test set: Average loss: 0.0663, Accuracy: 9788/10000 (98%)

Train Epoch: 15 [6336/60000 (11%)]	Loss: 0.052904
Train Epoch: 15 [12736/60000 (21%)]	Loss: 0.010487
Train Epoch: 15 [19136/60000 (32%)]	Loss: 0.040975
Train Epoch: 15 [25536/60000 (43%)]	Loss: 0.061967
Train Epoch: 15 [31936/60000 (53%)]	Loss: 0.041744
Train Epoch: 15 [38336/60000 (64%)]	Loss: 0.103874
Train Epoch: 15 [44736/60000 (75%)]	Loss: 0.023635
Train Epoch: 15 [51136/60000 (85%)]	Loss: 0.057213
Train Epoch: 15 [57536/60000 (96%)]	Loss: 0.049725

Test set: Average loss: 0.0631, Accuracy: 9808/10000 (98%)

Train Epoch: 16 [6336/60000 (11%)]	Loss: 0.095509
Train Epoch: 16 [12736/60000 (21%)]	Loss: 0.045205
Train Epoch: 16 [19136/60000 (32%)]	Loss: 0.017137
Train Epoch: 16 [25536/60000 (43%)]	Loss: 0.096688
Train Epoch: 16 [31936/60000 (53%)]	Loss: 0.029784
Train Epoch: 16 [38336/60000 (64%)]	Loss: 0.042181
Train Epoch: 16 [44736/60000 (75%)]	Loss: 0.059051
Train Epoch: 16 [51136/60000 (85%)]	Loss: 0.084045
Train Epoch: 16 [57536/60000 (96%)]	Loss: 0.043439

Test set: Average loss: 0.0635, Accuracy: 9805/10000 (98%)

Train Epoch: 17 [6336/60000 (11%)]	Loss: 0.087268
Train Epoch: 17 [12736/60000 (21%)]	Loss: 0.037663
Train Epoch: 17 [19136/60000 (32%)]	Loss: 0.073564
Train Epoch: 17 [25536/60000 (43%)]	Loss: 0.026234
Train Epoch: 17 [31936/60000 (53%)]	Loss: 0.091912
Train Epoch: 17 [38336/60000 (64%)]	Loss: 0.038306
Train Epoch: 17 [44736/60000 (75%)]	Loss: 0.087494
Train Epoch: 17 [51136/60000 (85%)]	Loss: 0.023198
Train Epoch: 17 [57536/60000 (96%)]	Loss: 0.049447

Test set: Average loss: 0.0666, Accuracy: 9801/10000 (98%)

Train Epoch: 18 [6336/60000 (11%)]	Loss: 0.220786
Train Epoch: 18 [12736/60000 (21%)]	Loss: 0.086971
Train Epoch: 18 [19136/60000 (32%)]	Loss: 0.087267
Train Epoch: 18 [25536/60000 (43%)]	Loss: 0.045320
Train Epoch: 18 [31936/60000 (53%)]	Loss: 0.037323
Train Epoch: 18 [38336/60000 (64%)]	Loss: 0.029598
Train Epoch: 18 [44736/60000 (75%)]	Loss: 0.174124
Train Epoch: 18 [51136/60000 (85%)]	Loss: 0.022089
Train Epoch: 18 [57536/60000 (96%)]	Loss: 0.041222

Test set: Average loss: 0.0639, Accuracy: 9798/10000 (98%)

Train Epoch: 19 [6336/60000 (11%)]	Loss: 0.141143
Train Epoch: 19 [12736/60000 (21%)]	Loss: 0.069346
Train Epoch: 19 [19136/60000 (32%)]	Loss: 0.033143
Train Epoch: 19 [25536/60000 (43%)]	Loss: 0.063075
Train Epoch: 19 [31936/60000 (53%)]	Loss: 0.087099
Train Epoch: 19 [38336/60000 (64%)]	Loss: 0.050110
Train Epoch: 19 [44736/60000 (75%)]	Loss: 0.011452
Train Epoch: 19 [51136/60000 (85%)]	Loss: 0.031605
Train Epoch: 19 [57536/60000 (96%)]	Loss: 0.052107

Test set: Average loss: 0.0662, Accuracy: 9787/10000 (98%)

Train Epoch: 20 [6336/60000 (11%)]	Loss: 0.088596
Train Epoch: 20 [12736/60000 (21%)]	Loss: 0.084169
Train Epoch: 20 [19136/60000 (32%)]	Loss: 0.036354
Train Epoch: 20 [25536/60000 (43%)]	Loss: 0.107530
Train Epoch: 20 [31936/60000 (53%)]	Loss: 0.072844
Train Epoch: 20 [38336/60000 (64%)]	Loss: 0.047953
Train Epoch: 20 [44736/60000 (75%)]	Loss: 0.038168
Train Epoch: 20 [51136/60000 (85%)]	Loss: 0.063403
Train Epoch: 20 [57536/60000 (96%)]	Loss: 0.037871

Test set: Average loss: 0.0642, Accuracy: 9790/10000 (98%)

Train Epoch: 21 [6336/60000 (11%)]	Loss: 0.019376
Train Epoch: 21 [12736/60000 (21%)]	Loss: 0.050494
Train Epoch: 21 [19136/60000 (32%)]	Loss: 0.088491
Train Epoch: 21 [25536/60000 (43%)]	Loss: 0.046364
Train Epoch: 21 [31936/60000 (53%)]	Loss: 0.035977
Train Epoch: 21 [38336/60000 (64%)]	Loss: 0.012345
Train Epoch: 21 [44736/60000 (75%)]	Loss: 0.007213
Train Epoch: 21 [51136/60000 (85%)]	Loss: 0.066510
Train Epoch: 21 [57536/60000 (96%)]	Loss: 0.038883

Test set: Average loss: 0.0572, Accuracy: 9824/10000 (98%)

Train Epoch: 22 [6336/60000 (11%)]	Loss: 0.043611
Train Epoch: 22 [12736/60000 (21%)]	Loss: 0.061468
Train Epoch: 22 [19136/60000 (32%)]	Loss: 0.072169
Train Epoch: 22 [25536/60000 (43%)]	Loss: 0.028499
Train Epoch: 22 [31936/60000 (53%)]	Loss: 0.048304
Train Epoch: 22 [38336/60000 (64%)]	Loss: 0.100461
Train Epoch: 22 [44736/60000 (75%)]	Loss: 0.089975
Train Epoch: 22 [51136/60000 (85%)]	Loss: 0.037073
Train Epoch: 22 [57536/60000 (96%)]	Loss: 0.031801

Test set: Average loss: 0.0652, Accuracy: 9805/10000 (98%)

Train Epoch: 23 [6336/60000 (11%)]	Loss: 0.036196
Train Epoch: 23 [12736/60000 (21%)]	Loss: 0.072379
Train Epoch: 23 [19136/60000 (32%)]	Loss: 0.027582
Train Epoch: 23 [25536/60000 (43%)]	Loss: 0.020173
Train Epoch: 23 [31936/60000 (53%)]	Loss: 0.051743
Train Epoch: 23 [38336/60000 (64%)]	Loss: 0.040133
Train Epoch: 23 [44736/60000 (75%)]	Loss: 0.102386
Train Epoch: 23 [51136/60000 (85%)]	Loss: 0.008423
Train Epoch: 23 [57536/60000 (96%)]	Loss: 0.097893

Test set: Average loss: 0.0589, Accuracy: 9813/10000 (98%)

Train Epoch: 24 [6336/60000 (11%)]	Loss: 0.028603
Train Epoch: 24 [12736/60000 (21%)]	Loss: 0.028383
Train Epoch: 24 [19136/60000 (32%)]	Loss: 0.026899
Train Epoch: 24 [25536/60000 (43%)]	Loss: 0.050937
Train Epoch: 24 [31936/60000 (53%)]	Loss: 0.022483
Train Epoch: 24 [38336/60000 (64%)]	Loss: 0.070369
Train Epoch: 24 [44736/60000 (75%)]	Loss: 0.037942
Train Epoch: 24 [51136/60000 (85%)]	Loss: 0.049282
Train Epoch: 24 [57536/60000 (96%)]	Loss: 0.015725

Test set: Average loss: 0.0555, Accuracy: 9820/10000 (98%)

Train Epoch: 25 [6336/60000 (11%)]	Loss: 0.056632
Train Epoch: 25 [12736/60000 (21%)]	Loss: 0.114601
Train Epoch: 25 [19136/60000 (32%)]	Loss: 0.047992
Train Epoch: 25 [25536/60000 (43%)]	Loss: 0.025804
Train Epoch: 25 [31936/60000 (53%)]	Loss: 0.020073
Train Epoch: 25 [38336/60000 (64%)]	Loss: 0.123256
Train Epoch: 25 [44736/60000 (75%)]	Loss: 0.070608
Train Epoch: 25 [51136/60000 (85%)]	Loss: 0.015089
Train Epoch: 25 [57536/60000 (96%)]	Loss: 0.040727

Test set: Average loss: 0.0516, Accuracy: 9823/10000 (98%)

Train Epoch: 26 [6336/60000 (11%)]	Loss: 0.039043
Train Epoch: 26 [12736/60000 (21%)]	Loss: 0.033649
Train Epoch: 26 [19136/60000 (32%)]	Loss: 0.019965
Train Epoch: 26 [25536/60000 (43%)]	Loss: 0.086527
Train Epoch: 26 [31936/60000 (53%)]	Loss: 0.039965
Train Epoch: 26 [38336/60000 (64%)]	Loss: 0.023200
Train Epoch: 26 [44736/60000 (75%)]	Loss: 0.052133
Train Epoch: 26 [51136/60000 (85%)]	Loss: 0.006533
Train Epoch: 26 [57536/60000 (96%)]	Loss: 0.036969

Test set: Average loss: 0.0605, Accuracy: 9812/10000 (98%)

Train Epoch: 27 [6336/60000 (11%)]	Loss: 0.030769
Train Epoch: 27 [12736/60000 (21%)]	Loss: 0.015875
Train Epoch: 27 [19136/60000 (32%)]	Loss: 0.038695
Train Epoch: 27 [25536/60000 (43%)]	Loss: 0.005583
Train Epoch: 27 [31936/60000 (53%)]	Loss: 0.047066
Train Epoch: 27 [38336/60000 (64%)]	Loss: 0.038023
Train Epoch: 27 [44736/60000 (75%)]	Loss: 0.051277
Train Epoch: 27 [51136/60000 (85%)]	Loss: 0.049189
Train Epoch: 27 [57536/60000 (96%)]	Loss: 0.134502

Test set: Average loss: 0.0636, Accuracy: 9801/10000 (98%)

Train Epoch: 28 [6336/60000 (11%)]	Loss: 0.027533
Train Epoch: 28 [12736/60000 (21%)]	Loss: 0.017506
Train Epoch: 28 [19136/60000 (32%)]	Loss: 0.020995
Train Epoch: 28 [25536/60000 (43%)]	Loss: 0.030622
Train Epoch: 28 [31936/60000 (53%)]	Loss: 0.011858
Train Epoch: 28 [38336/60000 (64%)]	Loss: 0.040210
Train Epoch: 28 [44736/60000 (75%)]	Loss: 0.030762
Train Epoch: 28 [51136/60000 (85%)]	Loss: 0.017743
Train Epoch: 28 [57536/60000 (96%)]	Loss: 0.036286

Test set: Average loss: 0.0606, Accuracy: 9817/10000 (98%)

Train Epoch: 29 [6336/60000 (11%)]	Loss: 0.047648
Train Epoch: 29 [12736/60000 (21%)]	Loss: 0.011290
Train Epoch: 29 [19136/60000 (32%)]	Loss: 0.037680
Train Epoch: 29 [25536/60000 (43%)]	Loss: 0.023706
Train Epoch: 29 [31936/60000 (53%)]	Loss: 0.007011
Train Epoch: 29 [38336/60000 (64%)]	Loss: 0.023427
Train Epoch: 29 [44736/60000 (75%)]	Loss: 0.052439
Train Epoch: 29 [51136/60000 (85%)]	Loss: 0.016663
Train Epoch: 29 [57536/60000 (96%)]	Loss: 0.090368

Test set: Average loss: 0.0538, Accuracy: 9835/10000 (98%)

Train Epoch: 30 [6336/60000 (11%)]	Loss: 0.016278
Train Epoch: 30 [12736/60000 (21%)]	Loss: 0.106314
Train Epoch: 30 [19136/60000 (32%)]	Loss: 0.039132
Train Epoch: 30 [25536/60000 (43%)]	Loss: 0.011165
Train Epoch: 30 [31936/60000 (53%)]	Loss: 0.030361
Train Epoch: 30 [38336/60000 (64%)]	Loss: 0.110538
Train Epoch: 30 [44736/60000 (75%)]	Loss: 0.016284
Train Epoch: 30 [51136/60000 (85%)]	Loss: 0.035290
Train Epoch: 30 [57536/60000 (96%)]	Loss: 0.033516

Test set: Average loss: 0.0574, Accuracy: 9805/10000 (98%)

Train Epoch: 31 [6336/60000 (11%)]	Loss: 0.021173
Train Epoch: 31 [12736/60000 (21%)]	Loss: 0.036655
Train Epoch: 31 [19136/60000 (32%)]	Loss: 0.016526
Train Epoch: 31 [25536/60000 (43%)]	Loss: 0.020716
Train Epoch: 31 [31936/60000 (53%)]	Loss: 0.035408
Train Epoch: 31 [38336/60000 (64%)]	Loss: 0.009192
Train Epoch: 31 [44736/60000 (75%)]	Loss: 0.028364
Train Epoch: 31 [51136/60000 (85%)]	Loss: 0.048997
Train Epoch: 31 [57536/60000 (96%)]	Loss: 0.022805

Test set: Average loss: 0.0567, Accuracy: 9827/10000 (98%)

Train Epoch: 32 [6336/60000 (11%)]	Loss: 0.068412
Train Epoch: 32 [12736/60000 (21%)]	Loss: 0.010374
Train Epoch: 32 [19136/60000 (32%)]	Loss: 0.025103
Train Epoch: 32 [25536/60000 (43%)]	Loss: 0.012504
Train Epoch: 32 [31936/60000 (53%)]	Loss: 0.052718
Train Epoch: 32 [38336/60000 (64%)]	Loss: 0.106398
Train Epoch: 32 [44736/60000 (75%)]	Loss: 0.014528
Train Epoch: 32 [51136/60000 (85%)]	Loss: 0.138252
Train Epoch: 32 [57536/60000 (96%)]	Loss: 0.037283

Test set: Average loss: 0.0591, Accuracy: 9808/10000 (98%)

Train Epoch: 33 [6336/60000 (11%)]	Loss: 0.027602
Train Epoch: 33 [12736/60000 (21%)]	Loss: 0.030138
Train Epoch: 33 [19136/60000 (32%)]	Loss: 0.008290
Train Epoch: 33 [25536/60000 (43%)]	Loss: 0.006873
Train Epoch: 33 [31936/60000 (53%)]	Loss: 0.040561
Train Epoch: 33 [38336/60000 (64%)]	Loss: 0.021568
Train Epoch: 33 [44736/60000 (75%)]	Loss: 0.025348
Train Epoch: 33 [51136/60000 (85%)]	Loss: 0.035990
Train Epoch: 33 [57536/60000 (96%)]	Loss: 0.042309

Test set: Average loss: 0.0547, Accuracy: 9820/10000 (98%)

Train Epoch: 34 [6336/60000 (11%)]	Loss: 0.022892
Train Epoch: 34 [12736/60000 (21%)]	Loss: 0.013946
Train Epoch: 34 [19136/60000 (32%)]	Loss: 0.008357
Train Epoch: 34 [25536/60000 (43%)]	Loss: 0.006490
Train Epoch: 34 [31936/60000 (53%)]	Loss: 0.016675
Train Epoch: 34 [38336/60000 (64%)]	Loss: 0.015159
Train Epoch: 34 [44736/60000 (75%)]	Loss: 0.008407
Train Epoch: 34 [51136/60000 (85%)]	Loss: 0.027379
Train Epoch: 34 [57536/60000 (96%)]	Loss: 0.086127

Test set: Average loss: 0.0581, Accuracy: 9822/10000 (98%)

Train Epoch: 35 [6336/60000 (11%)]	Loss: 0.076603
Train Epoch: 35 [12736/60000 (21%)]	Loss: 0.056604
Train Epoch: 35 [19136/60000 (32%)]	Loss: 0.035305
Train Epoch: 35 [25536/60000 (43%)]	Loss: 0.021676
Train Epoch: 35 [31936/60000 (53%)]	Loss: 0.011061
Train Epoch: 35 [38336/60000 (64%)]	Loss: 0.023602
Train Epoch: 35 [44736/60000 (75%)]	Loss: 0.018744
Train Epoch: 35 [51136/60000 (85%)]	Loss: 0.012042
Train Epoch: 35 [57536/60000 (96%)]	Loss: 0.069598

Test set: Average loss: 0.0584, Accuracy: 9824/10000 (98%)

Train Epoch: 36 [6336/60000 (11%)]	Loss: 0.017907
Train Epoch: 36 [12736/60000 (21%)]	Loss: 0.023555
Train Epoch: 36 [19136/60000 (32%)]	Loss: 0.020940
Train Epoch: 36 [25536/60000 (43%)]	Loss: 0.011632
Train Epoch: 36 [31936/60000 (53%)]	Loss: 0.028334
Train Epoch: 36 [38336/60000 (64%)]	Loss: 0.087331
Train Epoch: 36 [44736/60000 (75%)]	Loss: 0.032913
Train Epoch: 36 [51136/60000 (85%)]	Loss: 0.060301
Train Epoch: 36 [57536/60000 (96%)]	Loss: 0.059221

Test set: Average loss: 0.0558, Accuracy: 9821/10000 (98%)

Train Epoch: 37 [6336/60000 (11%)]	Loss: 0.098560
Train Epoch: 37 [12736/60000 (21%)]	Loss: 0.027645
Train Epoch: 37 [19136/60000 (32%)]	Loss: 0.007067
Train Epoch: 37 [25536/60000 (43%)]	Loss: 0.053212
Train Epoch: 37 [31936/60000 (53%)]	Loss: 0.008332
Train Epoch: 37 [38336/60000 (64%)]	Loss: 0.031935
Train Epoch: 37 [44736/60000 (75%)]	Loss: 0.020336
Train Epoch: 37 [51136/60000 (85%)]	Loss: 0.015426
Train Epoch: 37 [57536/60000 (96%)]	Loss: 0.041591

Test set: Average loss: 0.0548, Accuracy: 9820/10000 (98%)

Train Epoch: 38 [6336/60000 (11%)]	Loss: 0.020167
Train Epoch: 38 [12736/60000 (21%)]	Loss: 0.012532
Train Epoch: 38 [19136/60000 (32%)]	Loss: 0.030718
Train Epoch: 38 [25536/60000 (43%)]	Loss: 0.043965
Train Epoch: 38 [31936/60000 (53%)]	Loss: 0.043846
Train Epoch: 38 [38336/60000 (64%)]	Loss: 0.028134
Train Epoch: 38 [44736/60000 (75%)]	Loss: 0.048187
Train Epoch: 38 [51136/60000 (85%)]	Loss: 0.025397
Train Epoch: 38 [57536/60000 (96%)]	Loss: 0.179052

Test set: Average loss: 0.0548, Accuracy: 9835/10000 (98%)

Train Epoch: 39 [6336/60000 (11%)]	Loss: 0.016475
Train Epoch: 39 [12736/60000 (21%)]	Loss: 0.040216
Train Epoch: 39 [19136/60000 (32%)]	Loss: 0.021658
Train Epoch: 39 [25536/60000 (43%)]	Loss: 0.029214
Train Epoch: 39 [31936/60000 (53%)]	Loss: 0.051692
Train Epoch: 39 [38336/60000 (64%)]	Loss: 0.027969
Train Epoch: 39 [44736/60000 (75%)]	Loss: 0.032025
Train Epoch: 39 [51136/60000 (85%)]	Loss: 0.051498
Train Epoch: 39 [57536/60000 (96%)]	Loss: 0.020236

Test set: Average loss: 0.0606, Accuracy: 9814/10000 (98%)

Train Epoch: 40 [6336/60000 (11%)]	Loss: 0.022146
Train Epoch: 40 [12736/60000 (21%)]	Loss: 0.017921
Train Epoch: 40 [19136/60000 (32%)]	Loss: 0.008471
Train Epoch: 40 [25536/60000 (43%)]	Loss: 0.008818
Train Epoch: 40 [31936/60000 (53%)]	Loss: 0.047105
Train Epoch: 40 [38336/60000 (64%)]	Loss: 0.032360
Train Epoch: 40 [44736/60000 (75%)]	Loss: 0.009409
Train Epoch: 40 [51136/60000 (85%)]	Loss: 0.024067
Train Epoch: 40 [57536/60000 (96%)]	Loss: 0.022893

Test set: Average loss: 0.0703, Accuracy: 9778/10000 (98%)

Train Epoch: 41 [6336/60000 (11%)]	Loss: 0.012918
Train Epoch: 41 [12736/60000 (21%)]	Loss: 0.045947
Train Epoch: 41 [19136/60000 (32%)]	Loss: 0.020270
Train Epoch: 41 [25536/60000 (43%)]	Loss: 0.018153
Train Epoch: 41 [31936/60000 (53%)]	Loss: 0.005471
Train Epoch: 41 [38336/60000 (64%)]	Loss: 0.043728
Train Epoch: 41 [44736/60000 (75%)]	Loss: 0.060298
Train Epoch: 41 [51136/60000 (85%)]	Loss: 0.020129
Train Epoch: 41 [57536/60000 (96%)]	Loss: 0.040579

Test set: Average loss: 0.0585, Accuracy: 9813/10000 (98%)

Train Epoch: 42 [6336/60000 (11%)]	Loss: 0.012944
Train Epoch: 42 [12736/60000 (21%)]	Loss: 0.015341
Train Epoch: 42 [19136/60000 (32%)]	Loss: 0.071002
Train Epoch: 42 [25536/60000 (43%)]	Loss: 0.028083
Train Epoch: 42 [31936/60000 (53%)]	Loss: 0.013861
Train Epoch: 42 [38336/60000 (64%)]	Loss: 0.019254
Train Epoch: 42 [44736/60000 (75%)]	Loss: 0.010596
Train Epoch: 42 [51136/60000 (85%)]	Loss: 0.074129
Train Epoch: 42 [57536/60000 (96%)]	Loss: 0.021915

Test set: Average loss: 0.0637, Accuracy: 9801/10000 (98%)

Train Epoch: 43 [6336/60000 (11%)]	Loss: 0.006996
Train Epoch: 43 [12736/60000 (21%)]	Loss: 0.028123
Train Epoch: 43 [19136/60000 (32%)]	Loss: 0.010238
Train Epoch: 43 [25536/60000 (43%)]	Loss: 0.110203
Train Epoch: 43 [31936/60000 (53%)]	Loss: 0.064789
Train Epoch: 43 [38336/60000 (64%)]	Loss: 0.056329
Train Epoch: 43 [44736/60000 (75%)]	Loss: 0.013320
Train Epoch: 43 [51136/60000 (85%)]	Loss: 0.028725
Train Epoch: 43 [57536/60000 (96%)]	Loss: 0.011985

Test set: Average loss: 0.0551, Accuracy: 9817/10000 (98%)

Train Epoch: 44 [6336/60000 (11%)]	Loss: 0.043568
Train Epoch: 44 [12736/60000 (21%)]	Loss: 0.022651
Train Epoch: 44 [19136/60000 (32%)]	Loss: 0.025706
Train Epoch: 44 [25536/60000 (43%)]	Loss: 0.020426
Train Epoch: 44 [31936/60000 (53%)]	Loss: 0.067092
Train Epoch: 44 [38336/60000 (64%)]	Loss: 0.033595
Train Epoch: 44 [44736/60000 (75%)]	Loss: 0.021671
Train Epoch: 44 [51136/60000 (85%)]	Loss: 0.041804
Train Epoch: 44 [57536/60000 (96%)]	Loss: 0.015432

Test set: Average loss: 0.0502, Accuracy: 9825/10000 (98%)

Train Epoch: 45 [6336/60000 (11%)]	Loss: 0.004267
Train Epoch: 45 [12736/60000 (21%)]	Loss: 0.016289
Train Epoch: 45 [19136/60000 (32%)]	Loss: 0.017035
Train Epoch: 45 [25536/60000 (43%)]	Loss: 0.015202
Train Epoch: 45 [31936/60000 (53%)]	Loss: 0.051429
Train Epoch: 45 [38336/60000 (64%)]	Loss: 0.014816
Train Epoch: 45 [44736/60000 (75%)]	Loss: 0.112169
Train Epoch: 45 [51136/60000 (85%)]	Loss: 0.008551
Train Epoch: 45 [57536/60000 (96%)]	Loss: 0.023368

Test set: Average loss: 0.0561, Accuracy: 9818/10000 (98%)

Train Epoch: 46 [6336/60000 (11%)]	Loss: 0.027555
Train Epoch: 46 [12736/60000 (21%)]	Loss: 0.009031
Train Epoch: 46 [19136/60000 (32%)]	Loss: 0.014928
Train Epoch: 46 [25536/60000 (43%)]	Loss: 0.019389
Train Epoch: 46 [31936/60000 (53%)]	Loss: 0.027537
Train Epoch: 46 [38336/60000 (64%)]	Loss: 0.014152
Train Epoch: 46 [44736/60000 (75%)]	Loss: 0.013363
Train Epoch: 46 [51136/60000 (85%)]	Loss: 0.007931
Train Epoch: 46 [57536/60000 (96%)]	Loss: 0.028870

Test set: Average loss: 0.0578, Accuracy: 9809/10000 (98%)

Train Epoch: 47 [6336/60000 (11%)]	Loss: 0.023443
Train Epoch: 47 [12736/60000 (21%)]	Loss: 0.023734
Train Epoch: 47 [19136/60000 (32%)]	Loss: 0.011479
Train Epoch: 47 [25536/60000 (43%)]	Loss: 0.002312
Train Epoch: 47 [31936/60000 (53%)]	Loss: 0.031975
Train Epoch: 47 [38336/60000 (64%)]	Loss: 0.042747
Train Epoch: 47 [44736/60000 (75%)]	Loss: 0.036603
Train Epoch: 47 [51136/60000 (85%)]	Loss: 0.013618
Train Epoch: 47 [57536/60000 (96%)]	Loss: 0.010482

Test set: Average loss: 0.0515, Accuracy: 9829/10000 (98%)

Train Epoch: 48 [6336/60000 (11%)]	Loss: 0.008611
Train Epoch: 48 [12736/60000 (21%)]	Loss: 0.014960
Train Epoch: 48 [19136/60000 (32%)]	Loss: 0.018212
Train Epoch: 48 [25536/60000 (43%)]	Loss: 0.021688
Train Epoch: 48 [31936/60000 (53%)]	Loss: 0.014975
Train Epoch: 48 [38336/60000 (64%)]	Loss: 0.062709
Train Epoch: 48 [44736/60000 (75%)]	Loss: 0.064567
Train Epoch: 48 [51136/60000 (85%)]	Loss: 0.025890
Train Epoch: 48 [57536/60000 (96%)]	Loss: 0.026668

Test set: Average loss: 0.0538, Accuracy: 9828/10000 (98%)

Train Epoch: 49 [6336/60000 (11%)]	Loss: 0.022824
Train Epoch: 49 [12736/60000 (21%)]	Loss: 0.011467
Train Epoch: 49 [19136/60000 (32%)]	Loss: 0.011492
Train Epoch: 49 [25536/60000 (43%)]	Loss: 0.008573
Train Epoch: 49 [31936/60000 (53%)]	Loss: 0.076961
Train Epoch: 49 [38336/60000 (64%)]	Loss: 0.018281
Train Epoch: 49 [44736/60000 (75%)]	Loss: 0.020267
Train Epoch: 49 [51136/60000 (85%)]	Loss: 0.020288
Train Epoch: 49 [57536/60000 (96%)]	Loss: 0.022438

Test set: Average loss: 0.0485, Accuracy: 9848/10000 (98%)

Train Epoch: 50 [6336/60000 (11%)]	Loss: 0.020402
Train Epoch: 50 [12736/60000 (21%)]	Loss: 0.105799
Train Epoch: 50 [19136/60000 (32%)]	Loss: 0.012804
Train Epoch: 50 [25536/60000 (43%)]	Loss: 0.012458
Train Epoch: 50 [31936/60000 (53%)]	Loss: 0.007859
Train Epoch: 50 [38336/60000 (64%)]	Loss: 0.025915
Train Epoch: 50 [44736/60000 (75%)]	Loss: 0.021959
Train Epoch: 50 [51136/60000 (85%)]	Loss: 0.058384
Train Epoch: 50 [57536/60000 (96%)]	Loss: 0.011354

Test set: Average loss: 0.0616, Accuracy: 9803/10000 (98%)

Train Epoch: 51 [6336/60000 (11%)]	Loss: 0.017952
Train Epoch: 51 [12736/60000 (21%)]	Loss: 0.017865
Train Epoch: 51 [19136/60000 (32%)]	Loss: 0.052321
Train Epoch: 51 [25536/60000 (43%)]	Loss: 0.014000
Train Epoch: 51 [31936/60000 (53%)]	Loss: 0.071866
Train Epoch: 51 [38336/60000 (64%)]	Loss: 0.015475
Train Epoch: 51 [44736/60000 (75%)]	Loss: 0.020565
Train Epoch: 51 [51136/60000 (85%)]	Loss: 0.047867
Train Epoch: 51 [57536/60000 (96%)]	Loss: 0.010023

Test set: Average loss: 0.0484, Accuracy: 9848/10000 (98%)

Train Epoch: 52 [6336/60000 (11%)]	Loss: 0.020951
Train Epoch: 52 [12736/60000 (21%)]	Loss: 0.017768
Train Epoch: 52 [19136/60000 (32%)]	Loss: 0.012191
Train Epoch: 52 [25536/60000 (43%)]	Loss: 0.009318
Train Epoch: 52 [31936/60000 (53%)]	Loss: 0.036527
Train Epoch: 52 [38336/60000 (64%)]	Loss: 0.014138
Train Epoch: 52 [44736/60000 (75%)]	Loss: 0.039060
Train Epoch: 52 [51136/60000 (85%)]	Loss: 0.027421
Train Epoch: 52 [57536/60000 (96%)]	Loss: 0.026531

Test set: Average loss: 0.0519, Accuracy: 9839/10000 (98%)

Train Epoch: 53 [6336/60000 (11%)]	Loss: 0.036182
Train Epoch: 53 [12736/60000 (21%)]	Loss: 0.079187
Train Epoch: 53 [19136/60000 (32%)]	Loss: 0.019702
Train Epoch: 53 [25536/60000 (43%)]	Loss: 0.027477
Train Epoch: 53 [31936/60000 (53%)]	Loss: 0.039291
Train Epoch: 53 [38336/60000 (64%)]	Loss: 0.004127
Train Epoch: 53 [44736/60000 (75%)]	Loss: 0.014524
Train Epoch: 53 [51136/60000 (85%)]	Loss: 0.038596
Train Epoch: 53 [57536/60000 (96%)]	Loss: 0.052729

Test set: Average loss: 0.0483, Accuracy: 9843/10000 (98%)

Train Epoch: 54 [6336/60000 (11%)]	Loss: 0.014253
Train Epoch: 54 [12736/60000 (21%)]	Loss: 0.020323
Train Epoch: 54 [19136/60000 (32%)]	Loss: 0.045423
Train Epoch: 54 [25536/60000 (43%)]	Loss: 0.018257
Train Epoch: 54 [31936/60000 (53%)]	Loss: 0.061519
Train Epoch: 54 [38336/60000 (64%)]	Loss: 0.027824
Train Epoch: 54 [44736/60000 (75%)]	Loss: 0.051486
Train Epoch: 54 [51136/60000 (85%)]	Loss: 0.007955
Train Epoch: 54 [57536/60000 (96%)]	Loss: 0.051607

Test set: Average loss: 0.0496, Accuracy: 9852/10000 (99%)

Train Epoch: 55 [6336/60000 (11%)]	Loss: 0.009845
Train Epoch: 55 [12736/60000 (21%)]	Loss: 0.008646
Train Epoch: 55 [19136/60000 (32%)]	Loss: 0.035693
Train Epoch: 55 [25536/60000 (43%)]	Loss: 0.038319
Train Epoch: 55 [31936/60000 (53%)]	Loss: 0.024631
Train Epoch: 55 [38336/60000 (64%)]	Loss: 0.024158
Train Epoch: 55 [44736/60000 (75%)]	Loss: 0.018353
Train Epoch: 55 [51136/60000 (85%)]	Loss: 0.051369
Train Epoch: 55 [57536/60000 (96%)]	Loss: 0.015618

Test set: Average loss: 0.0528, Accuracy: 9832/10000 (98%)

Train Epoch: 56 [6336/60000 (11%)]	Loss: 0.020366
Train Epoch: 56 [12736/60000 (21%)]	Loss: 0.037093
Train Epoch: 56 [19136/60000 (32%)]	Loss: 0.009531
Train Epoch: 56 [25536/60000 (43%)]	Loss: 0.009188
Train Epoch: 56 [31936/60000 (53%)]	Loss: 0.017653
Train Epoch: 56 [38336/60000 (64%)]	Loss: 0.009418
Train Epoch: 56 [44736/60000 (75%)]	Loss: 0.053016
Train Epoch: 56 [51136/60000 (85%)]	Loss: 0.010467
Train Epoch: 56 [57536/60000 (96%)]	Loss: 0.061486

Test set: Average loss: 0.0583, Accuracy: 9807/10000 (98%)

Train Epoch: 57 [6336/60000 (11%)]	Loss: 0.036778
Train Epoch: 57 [12736/60000 (21%)]	Loss: 0.014941
Train Epoch: 57 [19136/60000 (32%)]	Loss: 0.024031
Train Epoch: 57 [25536/60000 (43%)]	Loss: 0.042587
Train Epoch: 57 [31936/60000 (53%)]	Loss: 0.015756
Train Epoch: 57 [38336/60000 (64%)]	Loss: 0.043408
Train Epoch: 57 [44736/60000 (75%)]	Loss: 0.015151
Train Epoch: 57 [51136/60000 (85%)]	Loss: 0.013758
Train Epoch: 57 [57536/60000 (96%)]	Loss: 0.006273

Test set: Average loss: 0.0485, Accuracy: 9836/10000 (98%)

Train Epoch: 58 [6336/60000 (11%)]	Loss: 0.030132
Train Epoch: 58 [12736/60000 (21%)]	Loss: 0.024213
Train Epoch: 58 [19136/60000 (32%)]	Loss: 0.005458
Train Epoch: 58 [25536/60000 (43%)]	Loss: 0.031550
Train Epoch: 58 [31936/60000 (53%)]	Loss: 0.005165
Train Epoch: 58 [38336/60000 (64%)]	Loss: 0.056283
Train Epoch: 58 [44736/60000 (75%)]	Loss: 0.010787
Train Epoch: 58 [51136/60000 (85%)]	Loss: 0.010886
Train Epoch: 58 [57536/60000 (96%)]	Loss: 0.028977

Test set: Average loss: 0.0603, Accuracy: 9810/10000 (98%)

Train Epoch: 59 [6336/60000 (11%)]	Loss: 0.009604
Train Epoch: 59 [12736/60000 (21%)]	Loss: 0.016386
Train Epoch: 59 [19136/60000 (32%)]	Loss: 0.002825
Train Epoch: 59 [25536/60000 (43%)]	Loss: 0.034436
Train Epoch: 59 [31936/60000 (53%)]	Loss: 0.011912
Train Epoch: 59 [38336/60000 (64%)]	Loss: 0.049432
Train Epoch: 59 [44736/60000 (75%)]	Loss: 0.014998
Train Epoch: 59 [51136/60000 (85%)]	Loss: 0.024069
Train Epoch: 59 [57536/60000 (96%)]	Loss: 0.043213

Test set: Average loss: 0.0549, Accuracy: 9830/10000 (98%)

Train Epoch: 60 [6336/60000 (11%)]	Loss: 0.020088
Train Epoch: 60 [12736/60000 (21%)]	Loss: 0.012477
Train Epoch: 60 [19136/60000 (32%)]	Loss: 0.015336
Train Epoch: 60 [25536/60000 (43%)]	Loss: 0.009392
Train Epoch: 60 [31936/60000 (53%)]	Loss: 0.021405
Train Epoch: 60 [38336/60000 (64%)]	Loss: 0.016107
Train Epoch: 60 [44736/60000 (75%)]	Loss: 0.084674
Train Epoch: 60 [51136/60000 (85%)]	Loss: 0.025567
Train Epoch: 60 [57536/60000 (96%)]	Loss: 0.074323

Test set: Average loss: 0.0512, Accuracy: 9838/10000 (98%)

Train Epoch: 61 [6336/60000 (11%)]	Loss: 0.019180
Train Epoch: 61 [12736/60000 (21%)]	Loss: 0.023658
Train Epoch: 61 [19136/60000 (32%)]	Loss: 0.015549
Train Epoch: 61 [25536/60000 (43%)]	Loss: 0.041552
Train Epoch: 61 [31936/60000 (53%)]	Loss: 0.036489
Train Epoch: 61 [38336/60000 (64%)]	Loss: 0.019350
Train Epoch: 61 [44736/60000 (75%)]	Loss: 0.017864
Train Epoch: 61 [51136/60000 (85%)]	Loss: 0.016645
Train Epoch: 61 [57536/60000 (96%)]	Loss: 0.014709

Test set: Average loss: 0.0490, Accuracy: 9847/10000 (98%)

Train Epoch: 62 [6336/60000 (11%)]	Loss: 0.015365
Train Epoch: 62 [12736/60000 (21%)]	Loss: 0.037017
Train Epoch: 62 [19136/60000 (32%)]	Loss: 0.055602
Train Epoch: 62 [25536/60000 (43%)]	Loss: 0.005864
Train Epoch: 62 [31936/60000 (53%)]	Loss: 0.006691
Train Epoch: 62 [38336/60000 (64%)]	Loss: 0.030913
Train Epoch: 62 [44736/60000 (75%)]	Loss: 0.037567
Train Epoch: 62 [51136/60000 (85%)]	Loss: 0.006864
Train Epoch: 62 [57536/60000 (96%)]	Loss: 0.027361

Test set: Average loss: 0.0546, Accuracy: 9816/10000 (98%)

Train Epoch: 63 [6336/60000 (11%)]	Loss: 0.006633
Train Epoch: 63 [12736/60000 (21%)]	Loss: 0.029385
Train Epoch: 63 [19136/60000 (32%)]	Loss: 0.019496
Train Epoch: 63 [25536/60000 (43%)]	Loss: 0.015456
Train Epoch: 63 [31936/60000 (53%)]	Loss: 0.051684
Train Epoch: 63 [38336/60000 (64%)]	Loss: 0.019590
Train Epoch: 63 [44736/60000 (75%)]	Loss: 0.022710
Train Epoch: 63 [51136/60000 (85%)]	Loss: 0.003987
Train Epoch: 63 [57536/60000 (96%)]	Loss: 0.008990

Test set: Average loss: 0.0547, Accuracy: 9817/10000 (98%)

Train Epoch: 64 [6336/60000 (11%)]	Loss: 0.013239
Train Epoch: 64 [12736/60000 (21%)]	Loss: 0.009259
Train Epoch: 64 [19136/60000 (32%)]	Loss: 0.010794
Train Epoch: 64 [25536/60000 (43%)]	Loss: 0.028446
Train Epoch: 64 [31936/60000 (53%)]	Loss: 0.071376
Train Epoch: 64 [38336/60000 (64%)]	Loss: 0.014406
Train Epoch: 64 [44736/60000 (75%)]	Loss: 0.011472
Train Epoch: 64 [51136/60000 (85%)]	Loss: 0.023198
Train Epoch: 64 [57536/60000 (96%)]	Loss: 0.016912

Test set: Average loss: 0.0483, Accuracy: 9838/10000 (98%)

Train Epoch: 65 [6336/60000 (11%)]	Loss: 0.019618
Train Epoch: 65 [12736/60000 (21%)]	Loss: 0.004742
Train Epoch: 65 [19136/60000 (32%)]	Loss: 0.018360
Train Epoch: 65 [25536/60000 (43%)]	Loss: 0.017574
Train Epoch: 65 [31936/60000 (53%)]	Loss: 0.006801
Train Epoch: 65 [38336/60000 (64%)]	Loss: 0.028896
Train Epoch: 65 [44736/60000 (75%)]	Loss: 0.028724
Train Epoch: 65 [51136/60000 (85%)]	Loss: 0.019318
Train Epoch: 65 [57536/60000 (96%)]	Loss: 0.035113

Test set: Average loss: 0.0512, Accuracy: 9831/10000 (98%)

Train Epoch: 66 [6336/60000 (11%)]	Loss: 0.025803
Train Epoch: 66 [12736/60000 (21%)]	Loss: 0.043698
Train Epoch: 66 [19136/60000 (32%)]	Loss: 0.009970
Train Epoch: 66 [25536/60000 (43%)]	Loss: 0.052991
Train Epoch: 66 [31936/60000 (53%)]	Loss: 0.048186
Train Epoch: 66 [38336/60000 (64%)]	Loss: 0.015381
Train Epoch: 66 [44736/60000 (75%)]	Loss: 0.023770
Train Epoch: 66 [51136/60000 (85%)]	Loss: 0.032396
Train Epoch: 66 [57536/60000 (96%)]	Loss: 0.026652

Test set: Average loss: 0.0487, Accuracy: 9841/10000 (98%)

Train Epoch: 67 [6336/60000 (11%)]	Loss: 0.019141
Train Epoch: 67 [12736/60000 (21%)]	Loss: 0.006185
Train Epoch: 67 [19136/60000 (32%)]	Loss: 0.031538
Train Epoch: 67 [25536/60000 (43%)]	Loss: 0.064002
Train Epoch: 67 [31936/60000 (53%)]	Loss: 0.010845
Train Epoch: 67 [38336/60000 (64%)]	Loss: 0.030712
Train Epoch: 67 [44736/60000 (75%)]	Loss: 0.018579
Train Epoch: 67 [51136/60000 (85%)]	Loss: 0.030534
Train Epoch: 67 [57536/60000 (96%)]	Loss: 0.017872

Test set: Average loss: 0.0513, Accuracy: 9832/10000 (98%)

Train Epoch: 68 [6336/60000 (11%)]	Loss: 0.037006
Train Epoch: 68 [12736/60000 (21%)]	Loss: 0.010540
Train Epoch: 68 [19136/60000 (32%)]	Loss: 0.019786
Train Epoch: 68 [25536/60000 (43%)]	Loss: 0.015929
Train Epoch: 68 [31936/60000 (53%)]	Loss: 0.012317
Train Epoch: 68 [38336/60000 (64%)]	Loss: 0.016343
Train Epoch: 68 [44736/60000 (75%)]	Loss: 0.008135
Train Epoch: 68 [51136/60000 (85%)]	Loss: 0.021957
Train Epoch: 68 [57536/60000 (96%)]	Loss: 0.010300

Test set: Average loss: 0.0490, Accuracy: 9841/10000 (98%)

Train Epoch: 69 [6336/60000 (11%)]	Loss: 0.035595
Train Epoch: 69 [12736/60000 (21%)]	Loss: 0.017840
Train Epoch: 69 [19136/60000 (32%)]	Loss: 0.008787
Train Epoch: 69 [25536/60000 (43%)]	Loss: 0.047615
Train Epoch: 69 [31936/60000 (53%)]	Loss: 0.015823
Train Epoch: 69 [38336/60000 (64%)]	Loss: 0.007260
Train Epoch: 69 [44736/60000 (75%)]	Loss: 0.046995
Train Epoch: 69 [51136/60000 (85%)]	Loss: 0.012087
Train Epoch: 69 [57536/60000 (96%)]	Loss: 0.029613

Test set: Average loss: 0.0553, Accuracy: 9823/10000 (98%)

Train Epoch: 70 [6336/60000 (11%)]	Loss: 0.021657
Train Epoch: 70 [12736/60000 (21%)]	Loss: 0.013073
Train Epoch: 70 [19136/60000 (32%)]	Loss: 0.039947
Train Epoch: 70 [25536/60000 (43%)]	Loss: 0.026729
Train Epoch: 70 [31936/60000 (53%)]	Loss: 0.021431
Train Epoch: 70 [38336/60000 (64%)]	Loss: 0.007109
Train Epoch: 70 [44736/60000 (75%)]	Loss: 0.004436
Train Epoch: 70 [51136/60000 (85%)]	Loss: 0.012062
Train Epoch: 70 [57536/60000 (96%)]	Loss: 0.012200

Test set: Average loss: 0.0505, Accuracy: 9839/10000 (98%)

Train Epoch: 71 [6336/60000 (11%)]	Loss: 0.008664
Train Epoch: 71 [12736/60000 (21%)]	Loss: 0.026236
Train Epoch: 71 [19136/60000 (32%)]	Loss: 0.001967
Train Epoch: 71 [25536/60000 (43%)]	Loss: 0.024892
Train Epoch: 71 [31936/60000 (53%)]	Loss: 0.016091
Train Epoch: 71 [38336/60000 (64%)]	Loss: 0.020699
Train Epoch: 71 [44736/60000 (75%)]	Loss: 0.005730
Train Epoch: 71 [51136/60000 (85%)]	Loss: 0.034530
Train Epoch: 71 [57536/60000 (96%)]	Loss: 0.016678

Test set: Average loss: 0.0473, Accuracy: 9847/10000 (98%)

Train Epoch: 72 [6336/60000 (11%)]	Loss: 0.027269
Train Epoch: 72 [12736/60000 (21%)]	Loss: 0.032874
Train Epoch: 72 [19136/60000 (32%)]	Loss: 0.005754
Train Epoch: 72 [25536/60000 (43%)]	Loss: 0.010682
Train Epoch: 72 [31936/60000 (53%)]	Loss: 0.116844
Train Epoch: 72 [38336/60000 (64%)]	Loss: 0.036894
Train Epoch: 72 [44736/60000 (75%)]	Loss: 0.013820
Train Epoch: 72 [51136/60000 (85%)]	Loss: 0.027868
Train Epoch: 72 [57536/60000 (96%)]	Loss: 0.009773

Test set: Average loss: 0.0525, Accuracy: 9837/10000 (98%)

Train Epoch: 73 [6336/60000 (11%)]	Loss: 0.027082
Train Epoch: 73 [12736/60000 (21%)]	Loss: 0.011918
Train Epoch: 73 [19136/60000 (32%)]	Loss: 0.029294
Train Epoch: 73 [25536/60000 (43%)]	Loss: 0.026498
Train Epoch: 73 [31936/60000 (53%)]	Loss: 0.054027
Train Epoch: 73 [38336/60000 (64%)]	Loss: 0.042173
Train Epoch: 73 [44736/60000 (75%)]	Loss: 0.062680
Train Epoch: 73 [51136/60000 (85%)]	Loss: 0.018340
Train Epoch: 73 [57536/60000 (96%)]	Loss: 0.016635

Test set: Average loss: 0.0498, Accuracy: 9845/10000 (98%)

Train Epoch: 74 [6336/60000 (11%)]	Loss: 0.022454
Train Epoch: 74 [12736/60000 (21%)]	Loss: 0.031421
Train Epoch: 74 [19136/60000 (32%)]	Loss: 0.010101
Train Epoch: 74 [25536/60000 (43%)]	Loss: 0.014484
Train Epoch: 74 [31936/60000 (53%)]	Loss: 0.027650
Train Epoch: 74 [38336/60000 (64%)]	Loss: 0.019653
Train Epoch: 74 [44736/60000 (75%)]	Loss: 0.026056
Train Epoch: 74 [51136/60000 (85%)]	Loss: 0.018024
Train Epoch: 74 [57536/60000 (96%)]	Loss: 0.048896

Test set: Average loss: 0.0470, Accuracy: 9845/10000 (98%)

Train Epoch: 75 [6336/60000 (11%)]	Loss: 0.047800
Train Epoch: 75 [12736/60000 (21%)]	Loss: 0.032136
Train Epoch: 75 [19136/60000 (32%)]	Loss: 0.012926
Train Epoch: 75 [25536/60000 (43%)]	Loss: 0.034771
Train Epoch: 75 [31936/60000 (53%)]	Loss: 0.045461
Train Epoch: 75 [38336/60000 (64%)]	Loss: 0.020034
Train Epoch: 75 [44736/60000 (75%)]	Loss: 0.006828
Train Epoch: 75 [51136/60000 (85%)]	Loss: 0.043366
Train Epoch: 75 [57536/60000 (96%)]	Loss: 0.022086

Test set: Average loss: 0.0481, Accuracy: 9839/10000 (98%)

Train Epoch: 76 [6336/60000 (11%)]	Loss: 0.021477
Train Epoch: 76 [12736/60000 (21%)]	Loss: 0.035794
Train Epoch: 76 [19136/60000 (32%)]	Loss: 0.016736
Train Epoch: 76 [25536/60000 (43%)]	Loss: 0.017074
Train Epoch: 76 [31936/60000 (53%)]	Loss: 0.013345
Train Epoch: 76 [38336/60000 (64%)]	Loss: 0.020302
Train Epoch: 76 [44736/60000 (75%)]	Loss: 0.011139
Train Epoch: 76 [51136/60000 (85%)]	Loss: 0.011225
Train Epoch: 76 [57536/60000 (96%)]	Loss: 0.023478

Test set: Average loss: 0.0467, Accuracy: 9845/10000 (98%)

Train Epoch: 77 [6336/60000 (11%)]	Loss: 0.010435
Train Epoch: 77 [12736/60000 (21%)]	Loss: 0.023230
Train Epoch: 77 [19136/60000 (32%)]	Loss: 0.032079
Train Epoch: 77 [25536/60000 (43%)]	Loss: 0.034038
Train Epoch: 77 [31936/60000 (53%)]	Loss: 0.030401
Train Epoch: 77 [38336/60000 (64%)]	Loss: 0.014964
Train Epoch: 77 [44736/60000 (75%)]	Loss: 0.015311
Train Epoch: 77 [51136/60000 (85%)]	Loss: 0.009524
Train Epoch: 77 [57536/60000 (96%)]	Loss: 0.014736

Test set: Average loss: 0.0473, Accuracy: 9838/10000 (98%)

Train Epoch: 78 [6336/60000 (11%)]	Loss: 0.007420
Train Epoch: 78 [12736/60000 (21%)]	Loss: 0.011837
Train Epoch: 78 [19136/60000 (32%)]	Loss: 0.026045
Train Epoch: 78 [25536/60000 (43%)]	Loss: 0.019212
Train Epoch: 78 [31936/60000 (53%)]	Loss: 0.025669
Train Epoch: 78 [38336/60000 (64%)]	Loss: 0.023228
Train Epoch: 78 [44736/60000 (75%)]	Loss: 0.012860
Train Epoch: 78 [51136/60000 (85%)]	Loss: 0.016822
Train Epoch: 78 [57536/60000 (96%)]	Loss: 0.008332

Test set: Average loss: 0.0484, Accuracy: 9844/10000 (98%)

Train Epoch: 79 [6336/60000 (11%)]	Loss: 0.048424
Train Epoch: 79 [12736/60000 (21%)]	Loss: 0.018862
Train Epoch: 79 [19136/60000 (32%)]	Loss: 0.006665
Train Epoch: 79 [25536/60000 (43%)]	Loss: 0.013858
Train Epoch: 79 [31936/60000 (53%)]	Loss: 0.032968
Train Epoch: 79 [38336/60000 (64%)]	Loss: 0.015367
Train Epoch: 79 [44736/60000 (75%)]	Loss: 0.017932
Train Epoch: 79 [51136/60000 (85%)]	Loss: 0.011224
Train Epoch: 79 [57536/60000 (96%)]	Loss: 0.050787

Test set: Average loss: 0.0479, Accuracy: 9845/10000 (98%)

Train Epoch: 80 [6336/60000 (11%)]	Loss: 0.029833
Train Epoch: 80 [12736/60000 (21%)]	Loss: 0.017149
Train Epoch: 80 [19136/60000 (32%)]	Loss: 0.012565
Train Epoch: 80 [25536/60000 (43%)]	Loss: 0.014843
Train Epoch: 80 [31936/60000 (53%)]	Loss: 0.029689
Train Epoch: 80 [38336/60000 (64%)]	Loss: 0.039648
Train Epoch: 80 [44736/60000 (75%)]	Loss: 0.018000
Train Epoch: 80 [51136/60000 (85%)]	Loss: 0.023613
Train Epoch: 80 [57536/60000 (96%)]	Loss: 0.046274

Test set: Average loss: 0.0489, Accuracy: 9835/10000 (98%)

Train Epoch: 81 [6336/60000 (11%)]	Loss: 0.013382
Train Epoch: 81 [12736/60000 (21%)]	Loss: 0.036155
Train Epoch: 81 [19136/60000 (32%)]	Loss: 0.009644
Train Epoch: 81 [25536/60000 (43%)]	Loss: 0.015894
Train Epoch: 81 [31936/60000 (53%)]	Loss: 0.006779
Train Epoch: 81 [38336/60000 (64%)]	Loss: 0.007056
Train Epoch: 81 [44736/60000 (75%)]	Loss: 0.023081
Train Epoch: 81 [51136/60000 (85%)]	Loss: 0.009733
Train Epoch: 81 [57536/60000 (96%)]	Loss: 0.049500

Test set: Average loss: 0.0477, Accuracy: 9846/10000 (98%)

Train Epoch: 82 [6336/60000 (11%)]	Loss: 0.014679
Train Epoch: 82 [12736/60000 (21%)]	Loss: 0.023802
Train Epoch: 82 [19136/60000 (32%)]	Loss: 0.018416
Train Epoch: 82 [25536/60000 (43%)]	Loss: 0.010203
Train Epoch: 82 [31936/60000 (53%)]	Loss: 0.028004
Train Epoch: 82 [38336/60000 (64%)]	Loss: 0.076659
Train Epoch: 82 [44736/60000 (75%)]	Loss: 0.027977
Train Epoch: 82 [51136/60000 (85%)]	Loss: 0.007720
Train Epoch: 82 [57536/60000 (96%)]	Loss: 0.027452

Test set: Average loss: 0.0470, Accuracy: 9855/10000 (99%)

Train Epoch: 83 [6336/60000 (11%)]	Loss: 0.013997
Train Epoch: 83 [12736/60000 (21%)]	Loss: 0.008565
Train Epoch: 83 [19136/60000 (32%)]	Loss: 0.020731
Train Epoch: 83 [25536/60000 (43%)]	Loss: 0.011729
Train Epoch: 83 [31936/60000 (53%)]	Loss: 0.030283
Train Epoch: 83 [38336/60000 (64%)]	Loss: 0.027467
Train Epoch: 83 [44736/60000 (75%)]	Loss: 0.013770
Train Epoch: 83 [51136/60000 (85%)]	Loss: 0.023740
Train Epoch: 83 [57536/60000 (96%)]	Loss: 0.039048

Test set: Average loss: 0.0485, Accuracy: 9842/10000 (98%)

Train Epoch: 84 [6336/60000 (11%)]	Loss: 0.021042
Train Epoch: 84 [12736/60000 (21%)]	Loss: 0.011430
Train Epoch: 84 [19136/60000 (32%)]	Loss: 0.012475
Train Epoch: 84 [25536/60000 (43%)]	Loss: 0.012801
Train Epoch: 84 [31936/60000 (53%)]	Loss: 0.023520
Train Epoch: 84 [38336/60000 (64%)]	Loss: 0.015674
Train Epoch: 84 [44736/60000 (75%)]	Loss: 0.021540
Train Epoch: 84 [51136/60000 (85%)]	Loss: 0.021135
Train Epoch: 84 [57536/60000 (96%)]	Loss: 0.006561

Test set: Average loss: 0.0490, Accuracy: 9844/10000 (98%)

Train Epoch: 85 [6336/60000 (11%)]	Loss: 0.033494
Train Epoch: 85 [12736/60000 (21%)]	Loss: 0.018291
Train Epoch: 85 [19136/60000 (32%)]	Loss: 0.018483
Train Epoch: 85 [25536/60000 (43%)]	Loss: 0.061841
Train Epoch: 85 [31936/60000 (53%)]	Loss: 0.017165
Train Epoch: 85 [38336/60000 (64%)]	Loss: 0.030338
Train Epoch: 85 [44736/60000 (75%)]	Loss: 0.028408
Train Epoch: 85 [51136/60000 (85%)]	Loss: 0.016355
Train Epoch: 85 [57536/60000 (96%)]	Loss: 0.008446

Test set: Average loss: 0.0474, Accuracy: 9847/10000 (98%)

Train Epoch: 86 [6336/60000 (11%)]	Loss: 0.007057
Train Epoch: 86 [12736/60000 (21%)]	Loss: 0.046468
Train Epoch: 86 [19136/60000 (32%)]	Loss: 0.014154
Train Epoch: 86 [25536/60000 (43%)]	Loss: 0.027877
Train Epoch: 86 [31936/60000 (53%)]	Loss: 0.012077
Train Epoch: 86 [38336/60000 (64%)]	Loss: 0.027772
Train Epoch: 86 [44736/60000 (75%)]	Loss: 0.006850
Train Epoch: 86 [51136/60000 (85%)]	Loss: 0.040678
Train Epoch: 86 [57536/60000 (96%)]	Loss: 0.015887

Test set: Average loss: 0.0511, Accuracy: 9837/10000 (98%)

Train Epoch: 87 [6336/60000 (11%)]	Loss: 0.014528
Train Epoch: 87 [12736/60000 (21%)]	Loss: 0.015577
Train Epoch: 87 [19136/60000 (32%)]	Loss: 0.042594
Train Epoch: 87 [25536/60000 (43%)]	Loss: 0.010628
Train Epoch: 87 [31936/60000 (53%)]	Loss: 0.012989
Train Epoch: 87 [38336/60000 (64%)]	Loss: 0.025735
Train Epoch: 87 [44736/60000 (75%)]	Loss: 0.048666
Train Epoch: 87 [51136/60000 (85%)]	Loss: 0.009533
Train Epoch: 87 [57536/60000 (96%)]	Loss: 0.008112

Test set: Average loss: 0.0477, Accuracy: 9848/10000 (98%)

Train Epoch: 88 [6336/60000 (11%)]	Loss: 0.016630
Train Epoch: 88 [12736/60000 (21%)]	Loss: 0.026167
Train Epoch: 88 [19136/60000 (32%)]	Loss: 0.029823
Train Epoch: 88 [25536/60000 (43%)]	Loss: 0.004937
Train Epoch: 88 [31936/60000 (53%)]	Loss: 0.015642
Train Epoch: 88 [38336/60000 (64%)]	Loss: 0.017007
Train Epoch: 88 [44736/60000 (75%)]	Loss: 0.005778
Train Epoch: 88 [51136/60000 (85%)]	Loss: 0.013925
Train Epoch: 88 [57536/60000 (96%)]	Loss: 0.039160

Test set: Average loss: 0.0474, Accuracy: 9842/10000 (98%)

Train Epoch: 89 [6336/60000 (11%)]	Loss: 0.009926
Train Epoch: 89 [12736/60000 (21%)]	Loss: 0.015003
Train Epoch: 89 [19136/60000 (32%)]	Loss: 0.017537
Train Epoch: 89 [25536/60000 (43%)]	Loss: 0.021172
Train Epoch: 89 [31936/60000 (53%)]	Loss: 0.060512
Train Epoch: 89 [38336/60000 (64%)]	Loss: 0.025698
Train Epoch: 89 [44736/60000 (75%)]	Loss: 0.021859
Train Epoch: 89 [51136/60000 (85%)]	Loss: 0.032764
Train Epoch: 89 [57536/60000 (96%)]	Loss: 0.073889

Test set: Average loss: 0.0487, Accuracy: 9844/10000 (98%)

Train Epoch: 90 [6336/60000 (11%)]	Loss: 0.051384
Train Epoch: 90 [12736/60000 (21%)]	Loss: 0.039988
Train Epoch: 90 [19136/60000 (32%)]	Loss: 0.004821
Train Epoch: 90 [25536/60000 (43%)]	Loss: 0.011760
Train Epoch: 90 [31936/60000 (53%)]	Loss: 0.006857
Train Epoch: 90 [38336/60000 (64%)]	Loss: 0.024106
Train Epoch: 90 [44736/60000 (75%)]	Loss: 0.024364
Train Epoch: 90 [51136/60000 (85%)]	Loss: 0.018560
Train Epoch: 90 [57536/60000 (96%)]	Loss: 0.009650

Test set: Average loss: 0.0461, Accuracy: 9846/10000 (98%)

Train Epoch: 91 [6336/60000 (11%)]	Loss: 0.029444
Train Epoch: 91 [12736/60000 (21%)]	Loss: 0.009684
Train Epoch: 91 [19136/60000 (32%)]	Loss: 0.018881
Train Epoch: 91 [25536/60000 (43%)]	Loss: 0.019272
Train Epoch: 91 [31936/60000 (53%)]	Loss: 0.018913
Train Epoch: 91 [38336/60000 (64%)]	Loss: 0.005674
Train Epoch: 91 [44736/60000 (75%)]	Loss: 0.024865
Train Epoch: 91 [51136/60000 (85%)]	Loss: 0.020045
Train Epoch: 91 [57536/60000 (96%)]	Loss: 0.021045

Test set: Average loss: 0.0466, Accuracy: 9847/10000 (98%)

Train Epoch: 92 [6336/60000 (11%)]	Loss: 0.008762
Train Epoch: 92 [12736/60000 (21%)]	Loss: 0.010898
Train Epoch: 92 [19136/60000 (32%)]	Loss: 0.019663
Train Epoch: 92 [25536/60000 (43%)]	Loss: 0.016979
Train Epoch: 92 [31936/60000 (53%)]	Loss: 0.004086
Train Epoch: 92 [38336/60000 (64%)]	Loss: 0.011284
Train Epoch: 92 [44736/60000 (75%)]	Loss: 0.015563
Train Epoch: 92 [51136/60000 (85%)]	Loss: 0.014978
Train Epoch: 92 [57536/60000 (96%)]	Loss: 0.007100

Test set: Average loss: 0.0505, Accuracy: 9835/10000 (98%)

Train Epoch: 93 [6336/60000 (11%)]	Loss: 0.014924
Train Epoch: 93 [12736/60000 (21%)]	Loss: 0.021087
Train Epoch: 93 [19136/60000 (32%)]	Loss: 0.015530
Train Epoch: 93 [25536/60000 (43%)]	Loss: 0.011968
Train Epoch: 93 [31936/60000 (53%)]	Loss: 0.017576
Train Epoch: 93 [38336/60000 (64%)]	Loss: 0.021503
Train Epoch: 93 [44736/60000 (75%)]	Loss: 0.041100
Train Epoch: 93 [51136/60000 (85%)]	Loss: 0.008918
Train Epoch: 93 [57536/60000 (96%)]	Loss: 0.024368

Test set: Average loss: 0.0486, Accuracy: 9845/10000 (98%)

Train Epoch: 94 [6336/60000 (11%)]	Loss: 0.022831
Train Epoch: 94 [12736/60000 (21%)]	Loss: 0.025524
Train Epoch: 94 [19136/60000 (32%)]	Loss: 0.011928
Train Epoch: 94 [25536/60000 (43%)]	Loss: 0.013734
Train Epoch: 94 [31936/60000 (53%)]	Loss: 0.004819
Train Epoch: 94 [38336/60000 (64%)]	Loss: 0.026308
Train Epoch: 94 [44736/60000 (75%)]	Loss: 0.052708
Train Epoch: 94 [51136/60000 (85%)]	Loss: 0.020073
Train Epoch: 94 [57536/60000 (96%)]	Loss: 0.019411

Test set: Average loss: 0.0495, Accuracy: 9838/10000 (98%)

Train Epoch: 95 [6336/60000 (11%)]	Loss: 0.012553
Train Epoch: 95 [12736/60000 (21%)]	Loss: 0.082341
Train Epoch: 95 [19136/60000 (32%)]	Loss: 0.010387
Train Epoch: 95 [25536/60000 (43%)]	Loss: 0.005934
Train Epoch: 95 [31936/60000 (53%)]	Loss: 0.004777
Train Epoch: 95 [38336/60000 (64%)]	Loss: 0.025036
Train Epoch: 95 [44736/60000 (75%)]	Loss: 0.018067
Train Epoch: 95 [51136/60000 (85%)]	Loss: 0.006327
Train Epoch: 95 [57536/60000 (96%)]	Loss: 0.012979

Test set: Average loss: 0.0454, Accuracy: 9847/10000 (98%)

Train Epoch: 96 [6336/60000 (11%)]	Loss: 0.014160
Train Epoch: 96 [12736/60000 (21%)]	Loss: 0.026882
Train Epoch: 96 [19136/60000 (32%)]	Loss: 0.038503
Train Epoch: 96 [25536/60000 (43%)]	Loss: 0.011593
Train Epoch: 96 [31936/60000 (53%)]	Loss: 0.022512
Train Epoch: 96 [38336/60000 (64%)]	Loss: 0.010188
Train Epoch: 96 [44736/60000 (75%)]	Loss: 0.024904
Train Epoch: 96 [51136/60000 (85%)]	Loss: 0.042017
Train Epoch: 96 [57536/60000 (96%)]	Loss: 0.005043

Test set: Average loss: 0.0461, Accuracy: 9851/10000 (99%)

Train Epoch: 97 [6336/60000 (11%)]	Loss: 0.016535
Train Epoch: 97 [12736/60000 (21%)]	Loss: 0.012596
Train Epoch: 97 [19136/60000 (32%)]	Loss: 0.038886
Train Epoch: 97 [25536/60000 (43%)]	Loss: 0.080148
Train Epoch: 97 [31936/60000 (53%)]	Loss: 0.048125
Train Epoch: 97 [38336/60000 (64%)]	Loss: 0.017326
Train Epoch: 97 [44736/60000 (75%)]	Loss: 0.031520
Train Epoch: 97 [51136/60000 (85%)]	Loss: 0.027321
Train Epoch: 97 [57536/60000 (96%)]	Loss: 0.042651

Test set: Average loss: 0.0463, Accuracy: 9841/10000 (98%)

Train Epoch: 98 [6336/60000 (11%)]	Loss: 0.014439
Train Epoch: 98 [12736/60000 (21%)]	Loss: 0.022473
Train Epoch: 98 [19136/60000 (32%)]	Loss: 0.007613
Train Epoch: 98 [25536/60000 (43%)]	Loss: 0.032375
Train Epoch: 98 [31936/60000 (53%)]	Loss: 0.030657
Train Epoch: 98 [38336/60000 (64%)]	Loss: 0.005030
Train Epoch: 98 [44736/60000 (75%)]	Loss: 0.025762
Train Epoch: 98 [51136/60000 (85%)]	Loss: 0.032745
Train Epoch: 98 [57536/60000 (96%)]	Loss: 0.007130

Test set: Average loss: 0.0491, Accuracy: 9843/10000 (98%)

Train Epoch: 99 [6336/60000 (11%)]	Loss: 0.011609
Train Epoch: 99 [12736/60000 (21%)]	Loss: 0.016887
Train Epoch: 99 [19136/60000 (32%)]	Loss: 0.019377
Train Epoch: 99 [25536/60000 (43%)]	Loss: 0.010914
Train Epoch: 99 [31936/60000 (53%)]	Loss: 0.008871
Train Epoch: 99 [38336/60000 (64%)]	Loss: 0.030480
Train Epoch: 99 [44736/60000 (75%)]	Loss: 0.028059
Train Epoch: 99 [51136/60000 (85%)]	Loss: 0.009384
Train Epoch: 99 [57536/60000 (96%)]	Loss: 0.038757

Test set: Average loss: 0.0459, Accuracy: 9843/10000 (98%)

Train Epoch: 100 [6336/60000 (11%)]	Loss: 0.040261
Train Epoch: 100 [12736/60000 (21%)]	Loss: 0.005719
Train Epoch: 100 [19136/60000 (32%)]	Loss: 0.032240
Train Epoch: 100 [25536/60000 (43%)]	Loss: 0.020090
Train Epoch: 100 [31936/60000 (53%)]	Loss: 0.009699
Train Epoch: 100 [38336/60000 (64%)]	Loss: 0.017495
Train Epoch: 100 [44736/60000 (75%)]	Loss: 0.011030
Train Epoch: 100 [51136/60000 (85%)]	Loss: 0.010444
Train Epoch: 100 [57536/60000 (96%)]	Loss: 0.022912

Test set: Average loss: 0.0474, Accuracy: 9839/10000 (98%)

Train Epoch: 101 [6336/60000 (11%)]	Loss: 0.011745
Train Epoch: 101 [12736/60000 (21%)]	Loss: 0.010113
Train Epoch: 101 [19136/60000 (32%)]	Loss: 0.022081
Train Epoch: 101 [25536/60000 (43%)]	Loss: 0.018780
Train Epoch: 101 [31936/60000 (53%)]	Loss: 0.009615
Train Epoch: 101 [38336/60000 (64%)]	Loss: 0.012219
Train Epoch: 101 [44736/60000 (75%)]	Loss: 0.009767
Train Epoch: 101 [51136/60000 (85%)]	Loss: 0.007164
Train Epoch: 101 [57536/60000 (96%)]	Loss: 0.011853

Test set: Average loss: 0.0464, Accuracy: 9838/10000 (98%)

Train Epoch: 102 [6336/60000 (11%)]	Loss: 0.016815
Train Epoch: 102 [12736/60000 (21%)]	Loss: 0.009627
Train Epoch: 102 [19136/60000 (32%)]	Loss: 0.016647
Train Epoch: 102 [25536/60000 (43%)]	Loss: 0.020988
Train Epoch: 102 [31936/60000 (53%)]	Loss: 0.020903
Train Epoch: 102 [38336/60000 (64%)]	Loss: 0.010077
Train Epoch: 102 [44736/60000 (75%)]	Loss: 0.024797
Train Epoch: 102 [51136/60000 (85%)]	Loss: 0.010657
Train Epoch: 102 [57536/60000 (96%)]	Loss: 0.008728

Test set: Average loss: 0.0477, Accuracy: 9845/10000 (98%)

Train Epoch: 103 [6336/60000 (11%)]	Loss: 0.023673
Train Epoch: 103 [12736/60000 (21%)]	Loss: 0.023237
Train Epoch: 103 [19136/60000 (32%)]	Loss: 0.022224
Train Epoch: 103 [25536/60000 (43%)]	Loss: 0.007012
Train Epoch: 103 [31936/60000 (53%)]	Loss: 0.027739
Train Epoch: 103 [38336/60000 (64%)]	Loss: 0.002632
Train Epoch: 103 [44736/60000 (75%)]	Loss: 0.014857
Train Epoch: 103 [51136/60000 (85%)]	Loss: 0.012788
Train Epoch: 103 [57536/60000 (96%)]	Loss: 0.011159

Test set: Average loss: 0.0456, Accuracy: 9842/10000 (98%)

Train Epoch: 104 [6336/60000 (11%)]	Loss: 0.014847
Train Epoch: 104 [12736/60000 (21%)]	Loss: 0.028828
Train Epoch: 104 [19136/60000 (32%)]	Loss: 0.013463
Train Epoch: 104 [25536/60000 (43%)]	Loss: 0.022817
Train Epoch: 104 [31936/60000 (53%)]	Loss: 0.014736
Train Epoch: 104 [38336/60000 (64%)]	Loss: 0.008610
Train Epoch: 104 [44736/60000 (75%)]	Loss: 0.020755
Train Epoch: 104 [51136/60000 (85%)]	Loss: 0.035784
Train Epoch: 104 [57536/60000 (96%)]	Loss: 0.013967

Test set: Average loss: 0.0463, Accuracy: 9840/10000 (98%)

Train Epoch: 105 [6336/60000 (11%)]	Loss: 0.011350
Train Epoch: 105 [12736/60000 (21%)]	Loss: 0.027240
Train Epoch: 105 [19136/60000 (32%)]	Loss: 0.028681
Train Epoch: 105 [25536/60000 (43%)]	Loss: 0.021263
Train Epoch: 105 [31936/60000 (53%)]	Loss: 0.018374
Train Epoch: 105 [38336/60000 (64%)]	Loss: 0.014565
Train Epoch: 105 [44736/60000 (75%)]	Loss: 0.021117
Train Epoch: 105 [51136/60000 (85%)]	Loss: 0.016605
Train Epoch: 105 [57536/60000 (96%)]	Loss: 0.017677

Test set: Average loss: 0.0465, Accuracy: 9845/10000 (98%)

Train Epoch: 106 [6336/60000 (11%)]	Loss: 0.038376
Train Epoch: 106 [12736/60000 (21%)]	Loss: 0.012656
Train Epoch: 106 [19136/60000 (32%)]	Loss: 0.008911
Train Epoch: 106 [25536/60000 (43%)]	Loss: 0.009490
Train Epoch: 106 [31936/60000 (53%)]	Loss: 0.007972
Train Epoch: 106 [38336/60000 (64%)]	Loss: 0.014154
Train Epoch: 106 [44736/60000 (75%)]	Loss: 0.016451
Train Epoch: 106 [51136/60000 (85%)]	Loss: 0.016773
Train Epoch: 106 [57536/60000 (96%)]	Loss: 0.008115

Test set: Average loss: 0.0462, Accuracy: 9846/10000 (98%)

Train Epoch: 107 [6336/60000 (11%)]	Loss: 0.008506
Train Epoch: 107 [12736/60000 (21%)]	Loss: 0.030053
Train Epoch: 107 [19136/60000 (32%)]	Loss: 0.016783
Train Epoch: 107 [25536/60000 (43%)]	Loss: 0.007852
Train Epoch: 107 [31936/60000 (53%)]	Loss: 0.021460
Train Epoch: 107 [38336/60000 (64%)]	Loss: 0.024249
Train Epoch: 107 [44736/60000 (75%)]	Loss: 0.005370
Train Epoch: 107 [51136/60000 (85%)]	Loss: 0.031630
Train Epoch: 107 [57536/60000 (96%)]	Loss: 0.015810

Test set: Average loss: 0.0491, Accuracy: 9841/10000 (98%)

Train Epoch: 108 [6336/60000 (11%)]	Loss: 0.017836
Train Epoch: 108 [12736/60000 (21%)]	Loss: 0.054857
Train Epoch: 108 [19136/60000 (32%)]	Loss: 0.035065
Train Epoch: 108 [25536/60000 (43%)]	Loss: 0.007822
Train Epoch: 108 [31936/60000 (53%)]	Loss: 0.013851
Train Epoch: 108 [38336/60000 (64%)]	Loss: 0.035118
Train Epoch: 108 [44736/60000 (75%)]	Loss: 0.034347
Train Epoch: 108 [51136/60000 (85%)]	Loss: 0.020921
Train Epoch: 108 [57536/60000 (96%)]	Loss: 0.006299

Test set: Average loss: 0.0458, Accuracy: 9846/10000 (98%)

Train Epoch: 109 [6336/60000 (11%)]	Loss: 0.026998
Train Epoch: 109 [12736/60000 (21%)]	Loss: 0.037949
Train Epoch: 109 [19136/60000 (32%)]	Loss: 0.025787
Train Epoch: 109 [25536/60000 (43%)]	Loss: 0.003347
Train Epoch: 109 [31936/60000 (53%)]	Loss: 0.062836
Train Epoch: 109 [38336/60000 (64%)]	Loss: 0.040193
Train Epoch: 109 [44736/60000 (75%)]	Loss: 0.008931
Train Epoch: 109 [51136/60000 (85%)]	Loss: 0.015399
Train Epoch: 109 [57536/60000 (96%)]	Loss: 0.007404

Test set: Average loss: 0.0469, Accuracy: 9836/10000 (98%)

Train Epoch: 110 [6336/60000 (11%)]	Loss: 0.017938
Train Epoch: 110 [12736/60000 (21%)]	Loss: 0.029041
Train Epoch: 110 [19136/60000 (32%)]	Loss: 0.026912
Train Epoch: 110 [25536/60000 (43%)]	Loss: 0.014601
Train Epoch: 110 [31936/60000 (53%)]	Loss: 0.030026
Train Epoch: 110 [38336/60000 (64%)]	Loss: 0.002219
Train Epoch: 110 [44736/60000 (75%)]	Loss: 0.020905
Train Epoch: 110 [51136/60000 (85%)]	Loss: 0.009921
Train Epoch: 110 [57536/60000 (96%)]	Loss: 0.011777

Test set: Average loss: 0.0455, Accuracy: 9843/10000 (98%)

Train Epoch: 111 [6336/60000 (11%)]	Loss: 0.011958
Train Epoch: 111 [12736/60000 (21%)]	Loss: 0.012962
Train Epoch: 111 [19136/60000 (32%)]	Loss: 0.010332
Train Epoch: 111 [25536/60000 (43%)]	Loss: 0.016575
Train Epoch: 111 [31936/60000 (53%)]	Loss: 0.024132
Train Epoch: 111 [38336/60000 (64%)]	Loss: 0.020752
Train Epoch: 111 [44736/60000 (75%)]	Loss: 0.038638
Train Epoch: 111 [51136/60000 (85%)]	Loss: 0.013300
Train Epoch: 111 [57536/60000 (96%)]	Loss: 0.020588

Test set: Average loss: 0.0466, Accuracy: 9843/10000 (98%)

Train Epoch: 112 [6336/60000 (11%)]	Loss: 0.016173
Train Epoch: 112 [12736/60000 (21%)]	Loss: 0.015092
Train Epoch: 112 [19136/60000 (32%)]	Loss: 0.015528
Train Epoch: 112 [25536/60000 (43%)]	Loss: 0.032980
Train Epoch: 112 [31936/60000 (53%)]	Loss: 0.012222
Train Epoch: 112 [38336/60000 (64%)]	Loss: 0.022494
Train Epoch: 112 [44736/60000 (75%)]	Loss: 0.007474
Train Epoch: 112 [51136/60000 (85%)]	Loss: 0.007839
Train Epoch: 112 [57536/60000 (96%)]	Loss: 0.027124

Test set: Average loss: 0.0473, Accuracy: 9847/10000 (98%)

Train Epoch: 113 [6336/60000 (11%)]	Loss: 0.012623
Train Epoch: 113 [12736/60000 (21%)]	Loss: 0.022257
Train Epoch: 113 [19136/60000 (32%)]	Loss: 0.004837
Train Epoch: 113 [25536/60000 (43%)]	Loss: 0.011159
Train Epoch: 113 [31936/60000 (53%)]	Loss: 0.010491
Train Epoch: 113 [38336/60000 (64%)]	Loss: 0.036670
Train Epoch: 113 [44736/60000 (75%)]	Loss: 0.023454
Train Epoch: 113 [51136/60000 (85%)]	Loss: 0.018043
Train Epoch: 113 [57536/60000 (96%)]	Loss: 0.014387

Test set: Average loss: 0.0456, Accuracy: 9845/10000 (98%)

Train Epoch: 114 [6336/60000 (11%)]	Loss: 0.011441
Train Epoch: 114 [12736/60000 (21%)]	Loss: 0.054356
Train Epoch: 114 [19136/60000 (32%)]	Loss: 0.009451
Train Epoch: 114 [25536/60000 (43%)]	Loss: 0.012195
Train Epoch: 114 [31936/60000 (53%)]	Loss: 0.053907
Train Epoch: 114 [38336/60000 (64%)]	Loss: 0.017677
Train Epoch: 114 [44736/60000 (75%)]	Loss: 0.012602
Train Epoch: 114 [51136/60000 (85%)]	Loss: 0.008011
Train Epoch: 114 [57536/60000 (96%)]	Loss: 0.007817

Test set: Average loss: 0.0464, Accuracy: 9840/10000 (98%)

Train Epoch: 115 [6336/60000 (11%)]	Loss: 0.007218
Train Epoch: 115 [12736/60000 (21%)]	Loss: 0.022326
Train Epoch: 115 [19136/60000 (32%)]	Loss: 0.029841
Train Epoch: 115 [25536/60000 (43%)]	Loss: 0.017069
Train Epoch: 115 [31936/60000 (53%)]	Loss: 0.008083
Train Epoch: 115 [38336/60000 (64%)]	Loss: 0.003985
Train Epoch: 115 [44736/60000 (75%)]	Loss: 0.008855
Train Epoch: 115 [51136/60000 (85%)]	Loss: 0.043901
Train Epoch: 115 [57536/60000 (96%)]	Loss: 0.015000

Test set: Average loss: 0.0455, Accuracy: 9843/10000 (98%)

Train Epoch: 116 [6336/60000 (11%)]	Loss: 0.009547
Train Epoch: 116 [12736/60000 (21%)]	Loss: 0.020502
Train Epoch: 116 [19136/60000 (32%)]	Loss: 0.014097
Train Epoch: 116 [25536/60000 (43%)]	Loss: 0.023706
Train Epoch: 116 [31936/60000 (53%)]	Loss: 0.014247
Train Epoch: 116 [38336/60000 (64%)]	Loss: 0.007032
Train Epoch: 116 [44736/60000 (75%)]	Loss: 0.004276
Train Epoch: 116 [51136/60000 (85%)]	Loss: 0.004063
Train Epoch: 116 [57536/60000 (96%)]	Loss: 0.012874

Test set: Average loss: 0.0460, Accuracy: 9841/10000 (98%)

Train Epoch: 117 [6336/60000 (11%)]	Loss: 0.010753
Train Epoch: 117 [12736/60000 (21%)]	Loss: 0.007134
Train Epoch: 117 [19136/60000 (32%)]	Loss: 0.016524
Train Epoch: 117 [25536/60000 (43%)]	Loss: 0.011028
Train Epoch: 117 [31936/60000 (53%)]	Loss: 0.018120
Train Epoch: 117 [38336/60000 (64%)]	Loss: 0.007450
Train Epoch: 117 [44736/60000 (75%)]	Loss: 0.015367
Train Epoch: 117 [51136/60000 (85%)]	Loss: 0.038656
Train Epoch: 117 [57536/60000 (96%)]	Loss: 0.029803

Test set: Average loss: 0.0453, Accuracy: 9844/10000 (98%)

Train Epoch: 118 [6336/60000 (11%)]	Loss: 0.022020
Train Epoch: 118 [12736/60000 (21%)]	Loss: 0.009200
Train Epoch: 118 [19136/60000 (32%)]	Loss: 0.007444
Train Epoch: 118 [25536/60000 (43%)]	Loss: 0.006509
Train Epoch: 118 [31936/60000 (53%)]	Loss: 0.005108
Train Epoch: 118 [38336/60000 (64%)]	Loss: 0.012897
Train Epoch: 118 [44736/60000 (75%)]	Loss: 0.034779
Train Epoch: 118 [51136/60000 (85%)]	Loss: 0.008431
Train Epoch: 118 [57536/60000 (96%)]	Loss: 0.025577

Test set: Average loss: 0.0461, Accuracy: 9844/10000 (98%)

Train Epoch: 119 [6336/60000 (11%)]	Loss: 0.035156
Train Epoch: 119 [12736/60000 (21%)]	Loss: 0.011903
Train Epoch: 119 [19136/60000 (32%)]	Loss: 0.010593
Train Epoch: 119 [25536/60000 (43%)]	Loss: 0.016325
Train Epoch: 119 [31936/60000 (53%)]	Loss: 0.016562
Train Epoch: 119 [38336/60000 (64%)]	Loss: 0.015600
Train Epoch: 119 [44736/60000 (75%)]	Loss: 0.007884
Train Epoch: 119 [51136/60000 (85%)]	Loss: 0.022451
Train Epoch: 119 [57536/60000 (96%)]	Loss: 0.017837

Test set: Average loss: 0.0455, Accuracy: 9839/10000 (98%)

Train Epoch: 120 [6336/60000 (11%)]	Loss: 0.012930
Train Epoch: 120 [12736/60000 (21%)]	Loss: 0.020340
Train Epoch: 120 [19136/60000 (32%)]	Loss: 0.007525
Train Epoch: 120 [25536/60000 (43%)]	Loss: 0.007717
Train Epoch: 120 [31936/60000 (53%)]	Loss: 0.033087
Train Epoch: 120 [38336/60000 (64%)]	Loss: 0.006479
Train Epoch: 120 [44736/60000 (75%)]	Loss: 0.022267
Train Epoch: 120 [51136/60000 (85%)]	Loss: 0.026955
Train Epoch: 120 [57536/60000 (96%)]	Loss: 0.005441

Test set: Average loss: 0.0457, Accuracy: 9838/10000 (98%)

Train Epoch: 121 [6336/60000 (11%)]	Loss: 0.008105
Train Epoch: 121 [12736/60000 (21%)]	Loss: 0.025037
Train Epoch: 121 [19136/60000 (32%)]	Loss: 0.027654
Train Epoch: 121 [25536/60000 (43%)]	Loss: 0.008977
Train Epoch: 121 [31936/60000 (53%)]	Loss: 0.008508
Train Epoch: 121 [38336/60000 (64%)]	Loss: 0.012598
Train Epoch: 121 [44736/60000 (75%)]	Loss: 0.009923
Train Epoch: 121 [51136/60000 (85%)]	Loss: 0.015989
Train Epoch: 121 [57536/60000 (96%)]	Loss: 0.025265

Test set: Average loss: 0.0459, Accuracy: 9842/10000 (98%)

Train Epoch: 122 [6336/60000 (11%)]	Loss: 0.033411
Train Epoch: 122 [12736/60000 (21%)]	Loss: 0.008395
Train Epoch: 122 [19136/60000 (32%)]	Loss: 0.035690
Train Epoch: 122 [25536/60000 (43%)]	Loss: 0.030535
Train Epoch: 122 [31936/60000 (53%)]	Loss: 0.011866
Train Epoch: 122 [38336/60000 (64%)]	Loss: 0.024787
Train Epoch: 122 [44736/60000 (75%)]	Loss: 0.018463
Train Epoch: 122 [51136/60000 (85%)]	Loss: 0.008393
Train Epoch: 122 [57536/60000 (96%)]	Loss: 0.033191

Test set: Average loss: 0.0460, Accuracy: 9842/10000 (98%)

Train Epoch: 123 [6336/60000 (11%)]	Loss: 0.007615
Train Epoch: 123 [12736/60000 (21%)]	Loss: 0.024408
Train Epoch: 123 [19136/60000 (32%)]	Loss: 0.016680
Train Epoch: 123 [25536/60000 (43%)]	Loss: 0.020080
Train Epoch: 123 [31936/60000 (53%)]	Loss: 0.005033
Train Epoch: 123 [38336/60000 (64%)]	Loss: 0.002245
Train Epoch: 123 [44736/60000 (75%)]	Loss: 0.033746
Train Epoch: 123 [51136/60000 (85%)]	Loss: 0.022475
Train Epoch: 123 [57536/60000 (96%)]	Loss: 0.016971

Test set: Average loss: 0.0459, Accuracy: 9844/10000 (98%)

Train Epoch: 124 [6336/60000 (11%)]	Loss: 0.017860
Train Epoch: 124 [12736/60000 (21%)]	Loss: 0.010904
Train Epoch: 124 [19136/60000 (32%)]	Loss: 0.018282
Train Epoch: 124 [25536/60000 (43%)]	Loss: 0.031072
Train Epoch: 124 [31936/60000 (53%)]	Loss: 0.014220
Train Epoch: 124 [38336/60000 (64%)]	Loss: 0.016984
Train Epoch: 124 [44736/60000 (75%)]	Loss: 0.010716
Train Epoch: 124 [51136/60000 (85%)]	Loss: 0.018475
Train Epoch: 124 [57536/60000 (96%)]	Loss: 0.019698

Test set: Average loss: 0.0454, Accuracy: 9839/10000 (98%)

Train Epoch: 125 [6336/60000 (11%)]	Loss: 0.015276
Train Epoch: 125 [12736/60000 (21%)]	Loss: 0.025458
Train Epoch: 125 [19136/60000 (32%)]	Loss: 0.015590
Train Epoch: 125 [25536/60000 (43%)]	Loss: 0.008418
Train Epoch: 125 [31936/60000 (53%)]	Loss: 0.008460
Train Epoch: 125 [38336/60000 (64%)]	Loss: 0.015426
Train Epoch: 125 [44736/60000 (75%)]	Loss: 0.016495
Train Epoch: 125 [51136/60000 (85%)]	Loss: 0.028950
Train Epoch: 125 [57536/60000 (96%)]	Loss: 0.006678

Test set: Average loss: 0.0463, Accuracy: 9841/10000 (98%)

Train Epoch: 126 [6336/60000 (11%)]	Loss: 0.006333
Train Epoch: 126 [12736/60000 (21%)]	Loss: 0.023562
Train Epoch: 126 [19136/60000 (32%)]	Loss: 0.018312
Train Epoch: 126 [25536/60000 (43%)]	Loss: 0.034798
Train Epoch: 126 [31936/60000 (53%)]	Loss: 0.018718
Train Epoch: 126 [38336/60000 (64%)]	Loss: 0.069723
Train Epoch: 126 [44736/60000 (75%)]	Loss: 0.011107
Train Epoch: 126 [51136/60000 (85%)]	Loss: 0.008973
Train Epoch: 126 [57536/60000 (96%)]	Loss: 0.014005

Test set: Average loss: 0.0456, Accuracy: 9845/10000 (98%)

Train Epoch: 127 [6336/60000 (11%)]	Loss: 0.012306
Train Epoch: 127 [12736/60000 (21%)]	Loss: 0.013739
Train Epoch: 127 [19136/60000 (32%)]	Loss: 0.017301
Train Epoch: 127 [25536/60000 (43%)]	Loss: 0.012411
Train Epoch: 127 [31936/60000 (53%)]	Loss: 0.012060
Train Epoch: 127 [38336/60000 (64%)]	Loss: 0.010729
Train Epoch: 127 [44736/60000 (75%)]	Loss: 0.017528
Train Epoch: 127 [51136/60000 (85%)]	Loss: 0.011633
Train Epoch: 127 [57536/60000 (96%)]	Loss: 0.019577

Test set: Average loss: 0.0458, Accuracy: 9840/10000 (98%)

Train Epoch: 128 [6336/60000 (11%)]	Loss: 0.013963
Train Epoch: 128 [12736/60000 (21%)]	Loss: 0.008318
Train Epoch: 128 [19136/60000 (32%)]	Loss: 0.004182
Train Epoch: 128 [25536/60000 (43%)]	Loss: 0.018545
Train Epoch: 128 [31936/60000 (53%)]	Loss: 0.031268
Train Epoch: 128 [38336/60000 (64%)]	Loss: 0.008748
Train Epoch: 128 [44736/60000 (75%)]	Loss: 0.026117
Train Epoch: 128 [51136/60000 (85%)]	Loss: 0.019266
Train Epoch: 128 [57536/60000 (96%)]	Loss: 0.006208

Test set: Average loss: 0.0454, Accuracy: 9845/10000 (98%)

Train Epoch: 129 [6336/60000 (11%)]	Loss: 0.013768
Train Epoch: 129 [12736/60000 (21%)]	Loss: 0.010220
Train Epoch: 129 [19136/60000 (32%)]	Loss: 0.044457
Train Epoch: 129 [25536/60000 (43%)]	Loss: 0.026140
Train Epoch: 129 [31936/60000 (53%)]	Loss: 0.008217
Train Epoch: 129 [38336/60000 (64%)]	Loss: 0.005527
Train Epoch: 129 [44736/60000 (75%)]	Loss: 0.020447
Train Epoch: 129 [51136/60000 (85%)]	Loss: 0.020823
Train Epoch: 129 [57536/60000 (96%)]	Loss: 0.045561

Test set: Average loss: 0.0457, Accuracy: 9847/10000 (98%)

Train Epoch: 130 [6336/60000 (11%)]	Loss: 0.008641
Train Epoch: 130 [12736/60000 (21%)]	Loss: 0.011776
Train Epoch: 130 [19136/60000 (32%)]	Loss: 0.021036
Train Epoch: 130 [25536/60000 (43%)]	Loss: 0.003289
Train Epoch: 130 [31936/60000 (53%)]	Loss: 0.018668
Train Epoch: 130 [38336/60000 (64%)]	Loss: 0.027721
Train Epoch: 130 [44736/60000 (75%)]	Loss: 0.014469
Train Epoch: 130 [51136/60000 (85%)]	Loss: 0.006023
Train Epoch: 130 [57536/60000 (96%)]	Loss: 0.011728

Test set: Average loss: 0.0453, Accuracy: 9842/10000 (98%)

Train Epoch: 131 [6336/60000 (11%)]	Loss: 0.010115
Train Epoch: 131 [12736/60000 (21%)]	Loss: 0.004017
Train Epoch: 131 [19136/60000 (32%)]	Loss: 0.025374
Train Epoch: 131 [25536/60000 (43%)]	Loss: 0.014780
Train Epoch: 131 [31936/60000 (53%)]	Loss: 0.052356
Train Epoch: 131 [38336/60000 (64%)]	Loss: 0.005745
Train Epoch: 131 [44736/60000 (75%)]	Loss: 0.012424
Train Epoch: 131 [51136/60000 (85%)]	Loss: 0.013665
Train Epoch: 131 [57536/60000 (96%)]	Loss: 0.016859

Test set: Average loss: 0.0456, Accuracy: 9842/10000 (98%)

Train Epoch: 132 [6336/60000 (11%)]	Loss: 0.011273
Train Epoch: 132 [12736/60000 (21%)]	Loss: 0.008839
Train Epoch: 132 [19136/60000 (32%)]	Loss: 0.006845
Train Epoch: 132 [25536/60000 (43%)]	Loss: 0.016288
Train Epoch: 132 [31936/60000 (53%)]	Loss: 0.013467
Train Epoch: 132 [38336/60000 (64%)]	Loss: 0.040809
Train Epoch: 132 [44736/60000 (75%)]	Loss: 0.032038
Train Epoch: 132 [51136/60000 (85%)]	Loss: 0.022638
Train Epoch: 132 [57536/60000 (96%)]	Loss: 0.029544

Test set: Average loss: 0.0458, Accuracy: 9844/10000 (98%)

Train Epoch: 133 [6336/60000 (11%)]	Loss: 0.023666
Train Epoch: 133 [12736/60000 (21%)]	Loss: 0.010432
Train Epoch: 133 [19136/60000 (32%)]	Loss: 0.039673
Train Epoch: 133 [25536/60000 (43%)]	Loss: 0.016266
Train Epoch: 133 [31936/60000 (53%)]	Loss: 0.009141
Train Epoch: 133 [38336/60000 (64%)]	Loss: 0.010074
Train Epoch: 133 [44736/60000 (75%)]	Loss: 0.073956
Train Epoch: 133 [51136/60000 (85%)]	Loss: 0.012238
Train Epoch: 133 [57536/60000 (96%)]	Loss: 0.013144

Test set: Average loss: 0.0452, Accuracy: 9842/10000 (98%)

Train Epoch: 134 [6336/60000 (11%)]	Loss: 0.013263
Train Epoch: 134 [12736/60000 (21%)]	Loss: 0.009989
Train Epoch: 134 [19136/60000 (32%)]	Loss: 0.041419
Train Epoch: 134 [25536/60000 (43%)]	Loss: 0.006447
Train Epoch: 134 [31936/60000 (53%)]	Loss: 0.007578
Train Epoch: 134 [38336/60000 (64%)]	Loss: 0.009771
Train Epoch: 134 [44736/60000 (75%)]	Loss: 0.013537
Train Epoch: 134 [51136/60000 (85%)]	Loss: 0.005288
Train Epoch: 134 [57536/60000 (96%)]	Loss: 0.009769

Test set: Average loss: 0.0454, Accuracy: 9843/10000 (98%)

Train Epoch: 135 [6336/60000 (11%)]	Loss: 0.021241
Train Epoch: 135 [12736/60000 (21%)]	Loss: 0.020987
Train Epoch: 135 [19136/60000 (32%)]	Loss: 0.009971
Train Epoch: 135 [25536/60000 (43%)]	Loss: 0.028040
Train Epoch: 135 [31936/60000 (53%)]	Loss: 0.012938
Train Epoch: 135 [38336/60000 (64%)]	Loss: 0.009378
Train Epoch: 135 [44736/60000 (75%)]	Loss: 0.014473
Train Epoch: 135 [51136/60000 (85%)]	Loss: 0.008899
Train Epoch: 135 [57536/60000 (96%)]	Loss: 0.013238

Test set: Average loss: 0.0454, Accuracy: 9842/10000 (98%)

Train Epoch: 136 [6336/60000 (11%)]	Loss: 0.009125
Train Epoch: 136 [12736/60000 (21%)]	Loss: 0.017065
Train Epoch: 136 [19136/60000 (32%)]	Loss: 0.014720
Train Epoch: 136 [25536/60000 (43%)]	Loss: 0.023385
Train Epoch: 136 [31936/60000 (53%)]	Loss: 0.016559
Train Epoch: 136 [38336/60000 (64%)]	Loss: 0.010663
Train Epoch: 136 [44736/60000 (75%)]	Loss: 0.004107
Train Epoch: 136 [51136/60000 (85%)]	Loss: 0.016417
Train Epoch: 136 [57536/60000 (96%)]	Loss: 0.024258

Test set: Average loss: 0.0453, Accuracy: 9842/10000 (98%)

Train Epoch: 137 [6336/60000 (11%)]	Loss: 0.015698
Train Epoch: 137 [12736/60000 (21%)]	Loss: 0.020061
Train Epoch: 137 [19136/60000 (32%)]	Loss: 0.021177
Train Epoch: 137 [25536/60000 (43%)]	Loss: 0.004495
Train Epoch: 137 [31936/60000 (53%)]	Loss: 0.015418
Train Epoch: 137 [38336/60000 (64%)]	Loss: 0.007986
Train Epoch: 137 [44736/60000 (75%)]	Loss: 0.035819
Train Epoch: 137 [51136/60000 (85%)]	Loss: 0.017323
Train Epoch: 137 [57536/60000 (96%)]	Loss: 0.007760

Test set: Average loss: 0.0454, Accuracy: 9844/10000 (98%)

Train Epoch: 138 [6336/60000 (11%)]	Loss: 0.009745
Train Epoch: 138 [12736/60000 (21%)]	Loss: 0.013729
Train Epoch: 138 [19136/60000 (32%)]	Loss: 0.031237
Train Epoch: 138 [25536/60000 (43%)]	Loss: 0.024644
Train Epoch: 138 [31936/60000 (53%)]	Loss: 0.026233
Train Epoch: 138 [38336/60000 (64%)]	Loss: 0.008265
Train Epoch: 138 [44736/60000 (75%)]	Loss: 0.015968
Train Epoch: 138 [51136/60000 (85%)]	Loss: 0.008666
Train Epoch: 138 [57536/60000 (96%)]	Loss: 0.008979

Test set: Average loss: 0.0458, Accuracy: 9844/10000 (98%)

Train Epoch: 139 [6336/60000 (11%)]	Loss: 0.013138
Train Epoch: 139 [12736/60000 (21%)]	Loss: 0.016657
Train Epoch: 139 [19136/60000 (32%)]	Loss: 0.006517
Train Epoch: 139 [25536/60000 (43%)]	Loss: 0.023674
Train Epoch: 139 [31936/60000 (53%)]	Loss: 0.024485
Train Epoch: 139 [38336/60000 (64%)]	Loss: 0.009061
Train Epoch: 139 [44736/60000 (75%)]	Loss: 0.016296
Train Epoch: 139 [51136/60000 (85%)]	Loss: 0.023676
Train Epoch: 139 [57536/60000 (96%)]	Loss: 0.008752

Test set: Average loss: 0.0454, Accuracy: 9844/10000 (98%)

Train Epoch: 140 [6336/60000 (11%)]	Loss: 0.017442
Train Epoch: 140 [12736/60000 (21%)]	Loss: 0.013740
Train Epoch: 140 [19136/60000 (32%)]	Loss: 0.015589
Train Epoch: 140 [25536/60000 (43%)]	Loss: 0.022466
Train Epoch: 140 [31936/60000 (53%)]	Loss: 0.013407
Train Epoch: 140 [38336/60000 (64%)]	Loss: 0.016552
Train Epoch: 140 [44736/60000 (75%)]	Loss: 0.009409
Train Epoch: 140 [51136/60000 (85%)]	Loss: 0.012189
Train Epoch: 140 [57536/60000 (96%)]	Loss: 0.033748

Test set: Average loss: 0.0454, Accuracy: 9842/10000 (98%)

Train Epoch: 141 [6336/60000 (11%)]	Loss: 0.014035
Train Epoch: 141 [12736/60000 (21%)]	Loss: 0.029333
Train Epoch: 141 [19136/60000 (32%)]	Loss: 0.017798
Train Epoch: 141 [25536/60000 (43%)]	Loss: 0.051040
Train Epoch: 141 [31936/60000 (53%)]	Loss: 0.006764
Train Epoch: 141 [38336/60000 (64%)]	Loss: 0.004377
Train Epoch: 141 [44736/60000 (75%)]	Loss: 0.027922
Train Epoch: 141 [51136/60000 (85%)]	Loss: 0.021800
Train Epoch: 141 [57536/60000 (96%)]	Loss: 0.006764

Test set: Average loss: 0.0452, Accuracy: 9845/10000 (98%)

Train Epoch: 142 [6336/60000 (11%)]	Loss: 0.015258
Train Epoch: 142 [12736/60000 (21%)]	Loss: 0.017243
Train Epoch: 142 [19136/60000 (32%)]	Loss: 0.009323
Train Epoch: 142 [25536/60000 (43%)]	Loss: 0.019761
Train Epoch: 142 [31936/60000 (53%)]	Loss: 0.036516
Train Epoch: 142 [38336/60000 (64%)]	Loss: 0.008473
Train Epoch: 142 [44736/60000 (75%)]	Loss: 0.032846
Train Epoch: 142 [51136/60000 (85%)]	Loss: 0.018776
Train Epoch: 142 [57536/60000 (96%)]	Loss: 0.008235

Test set: Average loss: 0.0451, Accuracy: 9846/10000 (98%)

Train Epoch: 143 [6336/60000 (11%)]	Loss: 0.015549
Train Epoch: 143 [12736/60000 (21%)]	Loss: 0.006676
Train Epoch: 143 [19136/60000 (32%)]	Loss: 0.028342
Train Epoch: 143 [25536/60000 (43%)]	Loss: 0.011079
Train Epoch: 143 [31936/60000 (53%)]	Loss: 0.004408
Train Epoch: 143 [38336/60000 (64%)]	Loss: 0.005804
Train Epoch: 143 [44736/60000 (75%)]	Loss: 0.014823
Train Epoch: 143 [51136/60000 (85%)]	Loss: 0.016689
Train Epoch: 143 [57536/60000 (96%)]	Loss: 0.028769

Test set: Average loss: 0.0451, Accuracy: 9845/10000 (98%)

Train Epoch: 144 [6336/60000 (11%)]	Loss: 0.025507
Train Epoch: 144 [12736/60000 (21%)]	Loss: 0.005064
Train Epoch: 144 [19136/60000 (32%)]	Loss: 0.025825
Train Epoch: 144 [25536/60000 (43%)]	Loss: 0.005246
Train Epoch: 144 [31936/60000 (53%)]	Loss: 0.026919
Train Epoch: 144 [38336/60000 (64%)]	Loss: 0.014494
Train Epoch: 144 [44736/60000 (75%)]	Loss: 0.004772
Train Epoch: 144 [51136/60000 (85%)]	Loss: 0.006893
Train Epoch: 144 [57536/60000 (96%)]	Loss: 0.005039

Test set: Average loss: 0.0452, Accuracy: 9844/10000 (98%)

Train Epoch: 145 [6336/60000 (11%)]	Loss: 0.011689
Train Epoch: 145 [12736/60000 (21%)]	Loss: 0.016053
Train Epoch: 145 [19136/60000 (32%)]	Loss: 0.018111
Train Epoch: 145 [25536/60000 (43%)]	Loss: 0.007626
Train Epoch: 145 [31936/60000 (53%)]	Loss: 0.008955
Train Epoch: 145 [38336/60000 (64%)]	Loss: 0.007720
Train Epoch: 145 [44736/60000 (75%)]	Loss: 0.016470
Train Epoch: 145 [51136/60000 (85%)]	Loss: 0.019216
Train Epoch: 145 [57536/60000 (96%)]	Loss: 0.036235

Test set: Average loss: 0.0455, Accuracy: 9846/10000 (98%)

Train Epoch: 146 [6336/60000 (11%)]	Loss: 0.034055
Train Epoch: 146 [12736/60000 (21%)]	Loss: 0.020470
Train Epoch: 146 [19136/60000 (32%)]	Loss: 0.087257
Train Epoch: 146 [25536/60000 (43%)]	Loss: 0.021122
Train Epoch: 146 [31936/60000 (53%)]	Loss: 0.046055
Train Epoch: 146 [38336/60000 (64%)]	Loss: 0.018757
Train Epoch: 146 [44736/60000 (75%)]	Loss: 0.011915
Train Epoch: 146 [51136/60000 (85%)]	Loss: 0.012747
Train Epoch: 146 [57536/60000 (96%)]	Loss: 0.008226

Test set: Average loss: 0.0452, Accuracy: 9843/10000 (98%)

Train Epoch: 147 [6336/60000 (11%)]	Loss: 0.023490
Train Epoch: 147 [12736/60000 (21%)]	Loss: 0.027444
Train Epoch: 147 [19136/60000 (32%)]	Loss: 0.006089
Train Epoch: 147 [25536/60000 (43%)]	Loss: 0.007298
Train Epoch: 147 [31936/60000 (53%)]	Loss: 0.017176
Train Epoch: 147 [38336/60000 (64%)]	Loss: 0.022838
Train Epoch: 147 [44736/60000 (75%)]	Loss: 0.030820
Train Epoch: 147 [51136/60000 (85%)]	Loss: 0.015104
Train Epoch: 147 [57536/60000 (96%)]	Loss: 0.011765

Test set: Average loss: 0.0456, Accuracy: 9844/10000 (98%)

Train Epoch: 148 [6336/60000 (11%)]	Loss: 0.012107
Train Epoch: 148 [12736/60000 (21%)]	Loss: 0.015056
Train Epoch: 148 [19136/60000 (32%)]	Loss: 0.021554
Train Epoch: 148 [25536/60000 (43%)]	Loss: 0.028633
Train Epoch: 148 [31936/60000 (53%)]	Loss: 0.014838
Train Epoch: 148 [38336/60000 (64%)]	Loss: 0.020109
Train Epoch: 148 [44736/60000 (75%)]	Loss: 0.015760
Train Epoch: 148 [51136/60000 (85%)]	Loss: 0.009670
Train Epoch: 148 [57536/60000 (96%)]	Loss: 0.006815

Test set: Average loss: 0.0451, Accuracy: 9843/10000 (98%)

Train Epoch: 149 [6336/60000 (11%)]	Loss: 0.017505
Train Epoch: 149 [12736/60000 (21%)]	Loss: 0.023754
Train Epoch: 149 [19136/60000 (32%)]	Loss: 0.003668
Train Epoch: 149 [25536/60000 (43%)]	Loss: 0.003597
Train Epoch: 149 [31936/60000 (53%)]	Loss: 0.005367
Train Epoch: 149 [38336/60000 (64%)]	Loss: 0.003460
Train Epoch: 149 [44736/60000 (75%)]	Loss: 0.011148
Train Epoch: 149 [51136/60000 (85%)]	Loss: 0.012153
Train Epoch: 149 [57536/60000 (96%)]	Loss: 0.010174

Test set: Average loss: 0.0451, Accuracy: 9843/10000 (98%)

Train Epoch: 150 [6336/60000 (11%)]	Loss: 0.011990
Train Epoch: 150 [12736/60000 (21%)]	Loss: 0.005689
Train Epoch: 150 [19136/60000 (32%)]	Loss: 0.016509
Train Epoch: 150 [25536/60000 (43%)]	Loss: 0.029347
Train Epoch: 150 [31936/60000 (53%)]	Loss: 0.019149
Train Epoch: 150 [38336/60000 (64%)]	Loss: 0.010052
Train Epoch: 150 [44736/60000 (75%)]	Loss: 0.030345
Train Epoch: 150 [51136/60000 (85%)]	Loss: 0.014046
Train Epoch: 150 [57536/60000 (96%)]	Loss: 0.033143

Test set: Average loss: 0.0455, Accuracy: 9843/10000 (98%)

Namespace(batch_size=64, bias=None, data='../data', device=1, epochs=150, hidden_size=500, load_weights=None, log_interval=100, lr=0.01, model='lenet5', momentum=0.9, no_cuda=False, r=5, save_model=None, save_results=True, seed=1, sparsity=0.5, use_relu=False, wd=0.0005)


Total time spent pruning/training: 24.83 minutes
Total number of parameters in model: 61470
