Namespace(batch_size=64, bias=None, data='../data', device=1, epochs=13, hidden_size=500, load_weights=None, log_interval=100, lr=0.1, model='widefc2', momentum=0.9, no_cuda=False, r=5, save_model=None, save_results=True, seed=1, sparsity=0.75, use_relu=False, wd=0.0005) 

Pruning a Wide Two-Layer Fully Connected network ...
Train Epoch: 1 [6336/60000 (11%)]	Loss: 0.459534
Train Epoch: 1 [12736/60000 (21%)]	Loss: 0.404926
Train Epoch: 1 [19136/60000 (32%)]	Loss: 0.302269
Train Epoch: 1 [25536/60000 (43%)]	Loss: 0.323539
Train Epoch: 1 [31936/60000 (53%)]	Loss: 0.278083
Train Epoch: 1 [38336/60000 (64%)]	Loss: 0.173084
Train Epoch: 1 [44736/60000 (75%)]	Loss: 0.316158
Train Epoch: 1 [51136/60000 (85%)]	Loss: 0.315274
Train Epoch: 1 [57536/60000 (96%)]	Loss: 0.173689

Test set: Average loss: 0.1899, Accuracy: 9467/10000 (95%)

Train Epoch: 2 [6336/60000 (11%)]	Loss: 0.232665
Train Epoch: 2 [12736/60000 (21%)]	Loss: 0.112913
Train Epoch: 2 [19136/60000 (32%)]	Loss: 0.149688
Train Epoch: 2 [25536/60000 (43%)]	Loss: 0.223088
Train Epoch: 2 [31936/60000 (53%)]	Loss: 0.235498
Train Epoch: 2 [38336/60000 (64%)]	Loss: 0.108450
Train Epoch: 2 [44736/60000 (75%)]	Loss: 0.163496
Train Epoch: 2 [51136/60000 (85%)]	Loss: 0.116205
Train Epoch: 2 [57536/60000 (96%)]	Loss: 0.089445

Test set: Average loss: 0.1490, Accuracy: 9582/10000 (96%)

Train Epoch: 3 [6336/60000 (11%)]	Loss: 0.138798
Train Epoch: 3 [12736/60000 (21%)]	Loss: 0.056179
Train Epoch: 3 [19136/60000 (32%)]	Loss: 0.071799
Train Epoch: 3 [25536/60000 (43%)]	Loss: 0.097453
Train Epoch: 3 [31936/60000 (53%)]	Loss: 0.195565
Train Epoch: 3 [38336/60000 (64%)]	Loss: 0.078354
Train Epoch: 3 [44736/60000 (75%)]	Loss: 0.129925
Train Epoch: 3 [51136/60000 (85%)]	Loss: 0.303059
Train Epoch: 3 [57536/60000 (96%)]	Loss: 0.082615

Test set: Average loss: 0.1212, Accuracy: 9639/10000 (96%)

Train Epoch: 4 [6336/60000 (11%)]	Loss: 0.105490
Train Epoch: 4 [12736/60000 (21%)]	Loss: 0.197209
Train Epoch: 4 [19136/60000 (32%)]	Loss: 0.093573
Train Epoch: 4 [25536/60000 (43%)]	Loss: 0.117496
Train Epoch: 4 [31936/60000 (53%)]	Loss: 0.128774
Train Epoch: 4 [38336/60000 (64%)]	Loss: 0.130393
Train Epoch: 4 [44736/60000 (75%)]	Loss: 0.134751
Train Epoch: 4 [51136/60000 (85%)]	Loss: 0.108482
Train Epoch: 4 [57536/60000 (96%)]	Loss: 0.069757

Test set: Average loss: 0.1250, Accuracy: 9625/10000 (96%)

Train Epoch: 5 [6336/60000 (11%)]	Loss: 0.037544
Train Epoch: 5 [12736/60000 (21%)]	Loss: 0.029738
Train Epoch: 5 [19136/60000 (32%)]	Loss: 0.045760
Train Epoch: 5 [25536/60000 (43%)]	Loss: 0.134449
Train Epoch: 5 [31936/60000 (53%)]	Loss: 0.138610
Train Epoch: 5 [38336/60000 (64%)]	Loss: 0.133496
Train Epoch: 5 [44736/60000 (75%)]	Loss: 0.064188
Train Epoch: 5 [51136/60000 (85%)]	Loss: 0.032951
Train Epoch: 5 [57536/60000 (96%)]	Loss: 0.055616

Test set: Average loss: 0.1111, Accuracy: 9683/10000 (97%)

Train Epoch: 6 [6336/60000 (11%)]	Loss: 0.135614
Train Epoch: 6 [12736/60000 (21%)]	Loss: 0.058274
Train Epoch: 6 [19136/60000 (32%)]	Loss: 0.079399
Train Epoch: 6 [25536/60000 (43%)]	Loss: 0.120251
Train Epoch: 6 [31936/60000 (53%)]	Loss: 0.051259
Train Epoch: 6 [38336/60000 (64%)]	Loss: 0.102265
Train Epoch: 6 [44736/60000 (75%)]	Loss: 0.051130
Train Epoch: 6 [51136/60000 (85%)]	Loss: 0.117749
Train Epoch: 6 [57536/60000 (96%)]	Loss: 0.045424

Test set: Average loss: 0.1003, Accuracy: 9712/10000 (97%)

Train Epoch: 7 [6336/60000 (11%)]	Loss: 0.030257
Train Epoch: 7 [12736/60000 (21%)]	Loss: 0.063557
Train Epoch: 7 [19136/60000 (32%)]	Loss: 0.090177
Train Epoch: 7 [25536/60000 (43%)]	Loss: 0.057523
Train Epoch: 7 [31936/60000 (53%)]	Loss: 0.121196
Train Epoch: 7 [38336/60000 (64%)]	Loss: 0.122757
Train Epoch: 7 [44736/60000 (75%)]	Loss: 0.128836
Train Epoch: 7 [51136/60000 (85%)]	Loss: 0.025213
Train Epoch: 7 [57536/60000 (96%)]	Loss: 0.047799

Test set: Average loss: 0.0941, Accuracy: 9729/10000 (97%)

Train Epoch: 8 [6336/60000 (11%)]	Loss: 0.097491
Train Epoch: 8 [12736/60000 (21%)]	Loss: 0.064948
Train Epoch: 8 [19136/60000 (32%)]	Loss: 0.042853
Train Epoch: 8 [25536/60000 (43%)]	Loss: 0.112259
Train Epoch: 8 [31936/60000 (53%)]	Loss: 0.173062
Train Epoch: 8 [38336/60000 (64%)]	Loss: 0.075832
Train Epoch: 8 [44736/60000 (75%)]	Loss: 0.070441
Train Epoch: 8 [51136/60000 (85%)]	Loss: 0.037326
Train Epoch: 8 [57536/60000 (96%)]	Loss: 0.135139

Test set: Average loss: 0.0904, Accuracy: 9732/10000 (97%)

Train Epoch: 9 [6336/60000 (11%)]	Loss: 0.064269
Train Epoch: 9 [12736/60000 (21%)]	Loss: 0.024098
Train Epoch: 9 [19136/60000 (32%)]	Loss: 0.029961
Train Epoch: 9 [25536/60000 (43%)]	Loss: 0.037763
Train Epoch: 9 [31936/60000 (53%)]	Loss: 0.039851
Train Epoch: 9 [38336/60000 (64%)]	Loss: 0.026930
Train Epoch: 9 [44736/60000 (75%)]	Loss: 0.050973
Train Epoch: 9 [51136/60000 (85%)]	Loss: 0.061301
Train Epoch: 9 [57536/60000 (96%)]	Loss: 0.126902

Test set: Average loss: 0.0836, Accuracy: 9760/10000 (98%)

Train Epoch: 10 [6336/60000 (11%)]	Loss: 0.084877
Train Epoch: 10 [12736/60000 (21%)]	Loss: 0.035549
Train Epoch: 10 [19136/60000 (32%)]	Loss: 0.049365
Train Epoch: 10 [25536/60000 (43%)]	Loss: 0.042680
Train Epoch: 10 [31936/60000 (53%)]	Loss: 0.096059
Train Epoch: 10 [38336/60000 (64%)]	Loss: 0.028507
Train Epoch: 10 [44736/60000 (75%)]	Loss: 0.056361
Train Epoch: 10 [51136/60000 (85%)]	Loss: 0.027127
Train Epoch: 10 [57536/60000 (96%)]	Loss: 0.054910

Test set: Average loss: 0.0831, Accuracy: 9758/10000 (98%)

Train Epoch: 11 [6336/60000 (11%)]	Loss: 0.042021
Train Epoch: 11 [12736/60000 (21%)]	Loss: 0.014015
Train Epoch: 11 [19136/60000 (32%)]	Loss: 0.030642
Train Epoch: 11 [25536/60000 (43%)]	Loss: 0.026310
Train Epoch: 11 [31936/60000 (53%)]	Loss: 0.049552
Train Epoch: 11 [38336/60000 (64%)]	Loss: 0.061292
Train Epoch: 11 [44736/60000 (75%)]	Loss: 0.039026
Train Epoch: 11 [51136/60000 (85%)]	Loss: 0.018040
Train Epoch: 11 [57536/60000 (96%)]	Loss: 0.032342

Test set: Average loss: 0.0783, Accuracy: 9773/10000 (98%)

Train Epoch: 12 [6336/60000 (11%)]	Loss: 0.030547
Train Epoch: 12 [12736/60000 (21%)]	Loss: 0.041532
Train Epoch: 12 [19136/60000 (32%)]	Loss: 0.054923
Train Epoch: 12 [25536/60000 (43%)]	Loss: 0.018473
Train Epoch: 12 [31936/60000 (53%)]	Loss: 0.032619
Train Epoch: 12 [38336/60000 (64%)]	Loss: 0.082529
Train Epoch: 12 [44736/60000 (75%)]	Loss: 0.026222
Train Epoch: 12 [51136/60000 (85%)]	Loss: 0.066151
Train Epoch: 12 [57536/60000 (96%)]	Loss: 0.072059

Test set: Average loss: 0.0781, Accuracy: 9777/10000 (98%)

Train Epoch: 13 [6336/60000 (11%)]	Loss: 0.068941
Train Epoch: 13 [12736/60000 (21%)]	Loss: 0.022351
Train Epoch: 13 [19136/60000 (32%)]	Loss: 0.050947
Train Epoch: 13 [25536/60000 (43%)]	Loss: 0.070169
Train Epoch: 13 [31936/60000 (53%)]	Loss: 0.038684
Train Epoch: 13 [38336/60000 (64%)]	Loss: 0.106659
Train Epoch: 13 [44736/60000 (75%)]	Loss: 0.027960
Train Epoch: 13 [51136/60000 (85%)]	Loss: 0.077751
Train Epoch: 13 [57536/60000 (96%)]	Loss: 0.091049

Test set: Average loss: 0.0772, Accuracy: 9771/10000 (98%)

Namespace(batch_size=64, bias=None, data='../data', device=1, epochs=13, hidden_size=500, load_weights=None, log_interval=100, lr=0.1, model='widefc2', momentum=0.9, no_cuda=False, r=5, save_model=None, save_results=True, seed=1, sparsity=0.75, use_relu=False, wd=0.0005)


Total time spent pruning/training: 1.38 minutes
Total number of parameters in model: 1991352
Number of parameters in pruned model: 497838
