Namespace(batch_size=64, bias=None, data='../data', device=1, epochs=17, hidden_size=500, load_weights=None, log_interval=100, lr=0.1, model='widefc2', momentum=0.9, no_cuda=False, r=5, save_model=None, save_results=True, seed=1, sparsity=0.99, use_relu=False, wd=0.0005) 

Pruning a Wide Two-Layer Fully Connected network ...
Train Epoch: 1 [6336/60000 (11%)]	Loss: 1.317138
Train Epoch: 1 [12736/60000 (21%)]	Loss: 1.091027
Train Epoch: 1 [19136/60000 (32%)]	Loss: 0.899554
Train Epoch: 1 [25536/60000 (43%)]	Loss: 0.847896
Train Epoch: 1 [31936/60000 (53%)]	Loss: 0.702438
Train Epoch: 1 [38336/60000 (64%)]	Loss: 0.735262
Train Epoch: 1 [44736/60000 (75%)]	Loss: 0.798211
Train Epoch: 1 [51136/60000 (85%)]	Loss: 0.783741
Train Epoch: 1 [57536/60000 (96%)]	Loss: 0.797000

Test set: Average loss: 0.7062, Accuracy: 8653/10000 (87%)

Train Epoch: 2 [6336/60000 (11%)]	Loss: 0.744978
Train Epoch: 2 [12736/60000 (21%)]	Loss: 0.652085
Train Epoch: 2 [19136/60000 (32%)]	Loss: 0.741342
Train Epoch: 2 [25536/60000 (43%)]	Loss: 0.771716
Train Epoch: 2 [31936/60000 (53%)]	Loss: 0.739681
Train Epoch: 2 [38336/60000 (64%)]	Loss: 0.611349
Train Epoch: 2 [44736/60000 (75%)]	Loss: 0.716466
Train Epoch: 2 [51136/60000 (85%)]	Loss: 0.643811
Train Epoch: 2 [57536/60000 (96%)]	Loss: 0.740595

Test set: Average loss: 0.6798, Accuracy: 8744/10000 (87%)

Train Epoch: 3 [6336/60000 (11%)]	Loss: 0.620916
Train Epoch: 3 [12736/60000 (21%)]	Loss: 0.591509
Train Epoch: 3 [19136/60000 (32%)]	Loss: 0.551232
Train Epoch: 3 [25536/60000 (43%)]	Loss: 0.703537
Train Epoch: 3 [31936/60000 (53%)]	Loss: 0.628497
Train Epoch: 3 [38336/60000 (64%)]	Loss: 0.707874
Train Epoch: 3 [44736/60000 (75%)]	Loss: 0.731320
Train Epoch: 3 [51136/60000 (85%)]	Loss: 0.698091
Train Epoch: 3 [57536/60000 (96%)]	Loss: 0.720235

Test set: Average loss: 0.6735, Accuracy: 8748/10000 (87%)

Train Epoch: 4 [6336/60000 (11%)]	Loss: 0.796758
Train Epoch: 4 [12736/60000 (21%)]	Loss: 0.713154
Train Epoch: 4 [19136/60000 (32%)]	Loss: 0.733981
Train Epoch: 4 [25536/60000 (43%)]	Loss: 0.716051
Train Epoch: 4 [31936/60000 (53%)]	Loss: 0.668819
Train Epoch: 4 [38336/60000 (64%)]	Loss: 0.687535
Train Epoch: 4 [44736/60000 (75%)]	Loss: 0.652515
Train Epoch: 4 [51136/60000 (85%)]	Loss: 0.682852
Train Epoch: 4 [57536/60000 (96%)]	Loss: 0.702727

Test set: Average loss: 0.6705, Accuracy: 8762/10000 (88%)

Train Epoch: 5 [6336/60000 (11%)]	Loss: 0.575106
Train Epoch: 5 [12736/60000 (21%)]	Loss: 0.625824
Train Epoch: 5 [19136/60000 (32%)]	Loss: 0.713330
Train Epoch: 5 [25536/60000 (43%)]	Loss: 0.736352
Train Epoch: 5 [31936/60000 (53%)]	Loss: 0.679621
Train Epoch: 5 [38336/60000 (64%)]	Loss: 0.812907
Train Epoch: 5 [44736/60000 (75%)]	Loss: 0.618729
Train Epoch: 5 [51136/60000 (85%)]	Loss: 0.641531
Train Epoch: 5 [57536/60000 (96%)]	Loss: 0.671403

Test set: Average loss: 0.6704, Accuracy: 8774/10000 (88%)

Train Epoch: 6 [6336/60000 (11%)]	Loss: 0.740674
Train Epoch: 6 [12736/60000 (21%)]	Loss: 0.782198
Train Epoch: 6 [19136/60000 (32%)]	Loss: 0.782475
Train Epoch: 6 [25536/60000 (43%)]	Loss: 0.663473
Train Epoch: 6 [31936/60000 (53%)]	Loss: 0.699787
Train Epoch: 6 [38336/60000 (64%)]	Loss: 0.586094
Train Epoch: 6 [44736/60000 (75%)]	Loss: 0.620086
Train Epoch: 6 [51136/60000 (85%)]	Loss: 0.720254
Train Epoch: 6 [57536/60000 (96%)]	Loss: 0.668856

Test set: Average loss: 0.6714, Accuracy: 8778/10000 (88%)

Train Epoch: 7 [6336/60000 (11%)]	Loss: 0.576243
Train Epoch: 7 [12736/60000 (21%)]	Loss: 0.640587
Train Epoch: 7 [19136/60000 (32%)]	Loss: 0.716264
Train Epoch: 7 [25536/60000 (43%)]	Loss: 0.629089
Train Epoch: 7 [31936/60000 (53%)]	Loss: 0.638062
Train Epoch: 7 [38336/60000 (64%)]	Loss: 0.760656
Train Epoch: 7 [44736/60000 (75%)]	Loss: 0.730911
Train Epoch: 7 [51136/60000 (85%)]	Loss: 0.677050
Train Epoch: 7 [57536/60000 (96%)]	Loss: 0.771652

Test set: Average loss: 0.6706, Accuracy: 8783/10000 (88%)

Train Epoch: 8 [6336/60000 (11%)]	Loss: 0.951037
Train Epoch: 8 [12736/60000 (21%)]	Loss: 0.720848
Train Epoch: 8 [19136/60000 (32%)]	Loss: 0.579537
Train Epoch: 8 [25536/60000 (43%)]	Loss: 0.734867
Train Epoch: 8 [31936/60000 (53%)]	Loss: 0.790457
Train Epoch: 8 [38336/60000 (64%)]	Loss: 0.606980
Train Epoch: 8 [44736/60000 (75%)]	Loss: 0.637427
Train Epoch: 8 [51136/60000 (85%)]	Loss: 0.642337
Train Epoch: 8 [57536/60000 (96%)]	Loss: 0.709552

Test set: Average loss: 0.6679, Accuracy: 8788/10000 (88%)

Train Epoch: 9 [6336/60000 (11%)]	Loss: 0.590745
Train Epoch: 9 [12736/60000 (21%)]	Loss: 0.639239
Train Epoch: 9 [19136/60000 (32%)]	Loss: 0.609119
Train Epoch: 9 [25536/60000 (43%)]	Loss: 0.582979
Train Epoch: 9 [31936/60000 (53%)]	Loss: 0.678576
Train Epoch: 9 [38336/60000 (64%)]	Loss: 0.668865
Train Epoch: 9 [44736/60000 (75%)]	Loss: 0.710371
Train Epoch: 9 [51136/60000 (85%)]	Loss: 0.760723
Train Epoch: 9 [57536/60000 (96%)]	Loss: 0.753280

Test set: Average loss: 0.6680, Accuracy: 8772/10000 (88%)

Train Epoch: 10 [6336/60000 (11%)]	Loss: 0.763986
Train Epoch: 10 [12736/60000 (21%)]	Loss: 0.669982
Train Epoch: 10 [19136/60000 (32%)]	Loss: 0.660610
Train Epoch: 10 [25536/60000 (43%)]	Loss: 0.619759
Train Epoch: 10 [31936/60000 (53%)]	Loss: 0.762288
Train Epoch: 10 [38336/60000 (64%)]	Loss: 0.619864
Train Epoch: 10 [44736/60000 (75%)]	Loss: 0.781995
Train Epoch: 10 [51136/60000 (85%)]	Loss: 0.704385
Train Epoch: 10 [57536/60000 (96%)]	Loss: 0.798120

Test set: Average loss: 0.6683, Accuracy: 8789/10000 (88%)

Train Epoch: 11 [6336/60000 (11%)]	Loss: 0.773335
Train Epoch: 11 [12736/60000 (21%)]	Loss: 0.575533
Train Epoch: 11 [19136/60000 (32%)]	Loss: 0.543852
Train Epoch: 11 [25536/60000 (43%)]	Loss: 0.665425
Train Epoch: 11 [31936/60000 (53%)]	Loss: 0.813115
Train Epoch: 11 [38336/60000 (64%)]	Loss: 0.660849
Train Epoch: 11 [44736/60000 (75%)]	Loss: 0.589720
Train Epoch: 11 [51136/60000 (85%)]	Loss: 0.757732
Train Epoch: 11 [57536/60000 (96%)]	Loss: 0.605931

Test set: Average loss: 0.6687, Accuracy: 8762/10000 (88%)

Train Epoch: 12 [6336/60000 (11%)]	Loss: 0.661848
Train Epoch: 12 [12736/60000 (21%)]	Loss: 0.713357
Train Epoch: 12 [19136/60000 (32%)]	Loss: 0.683115
Train Epoch: 12 [25536/60000 (43%)]	Loss: 0.605713
Train Epoch: 12 [31936/60000 (53%)]	Loss: 0.656644
Train Epoch: 12 [38336/60000 (64%)]	Loss: 0.763146
Train Epoch: 12 [44736/60000 (75%)]	Loss: 0.662665
Train Epoch: 12 [51136/60000 (85%)]	Loss: 0.732843
Train Epoch: 12 [57536/60000 (96%)]	Loss: 0.755633

Test set: Average loss: 0.6698, Accuracy: 8759/10000 (88%)

Train Epoch: 13 [6336/60000 (11%)]	Loss: 0.684058
Train Epoch: 13 [12736/60000 (21%)]	Loss: 0.616448
Train Epoch: 13 [19136/60000 (32%)]	Loss: 0.677943
Train Epoch: 13 [25536/60000 (43%)]	Loss: 0.686360
Train Epoch: 13 [31936/60000 (53%)]	Loss: 0.722029
Train Epoch: 13 [38336/60000 (64%)]	Loss: 0.818353
Train Epoch: 13 [44736/60000 (75%)]	Loss: 0.600896
Train Epoch: 13 [51136/60000 (85%)]	Loss: 0.672023
Train Epoch: 13 [57536/60000 (96%)]	Loss: 0.721762

Test set: Average loss: 0.6683, Accuracy: 8769/10000 (88%)

Train Epoch: 14 [6336/60000 (11%)]	Loss: 0.710901
Train Epoch: 14 [12736/60000 (21%)]	Loss: 0.751375
Train Epoch: 14 [19136/60000 (32%)]	Loss: 0.730186
Train Epoch: 14 [25536/60000 (43%)]	Loss: 0.719218
Train Epoch: 14 [31936/60000 (53%)]	Loss: 0.758709
Train Epoch: 14 [38336/60000 (64%)]	Loss: 0.720870
Train Epoch: 14 [44736/60000 (75%)]	Loss: 0.646711
Train Epoch: 14 [51136/60000 (85%)]	Loss: 0.694667
Train Epoch: 14 [57536/60000 (96%)]	Loss: 0.713475

Test set: Average loss: 0.6686, Accuracy: 8775/10000 (88%)

Train Epoch: 15 [6336/60000 (11%)]	Loss: 0.753504
Train Epoch: 15 [12736/60000 (21%)]	Loss: 0.740239
Train Epoch: 15 [19136/60000 (32%)]	Loss: 0.776163
Train Epoch: 15 [25536/60000 (43%)]	Loss: 0.580666
Train Epoch: 15 [31936/60000 (53%)]	Loss: 0.668800
Train Epoch: 15 [38336/60000 (64%)]	Loss: 0.731353
Train Epoch: 15 [44736/60000 (75%)]	Loss: 0.696046
Train Epoch: 15 [51136/60000 (85%)]	Loss: 0.726752
Train Epoch: 15 [57536/60000 (96%)]	Loss: 0.746522

Test set: Average loss: 0.6702, Accuracy: 8777/10000 (88%)

Train Epoch: 16 [6336/60000 (11%)]	Loss: 0.753680
Train Epoch: 16 [12736/60000 (21%)]	Loss: 0.757309
Train Epoch: 16 [19136/60000 (32%)]	Loss: 0.711332
Train Epoch: 16 [25536/60000 (43%)]	Loss: 0.683430
Train Epoch: 16 [31936/60000 (53%)]	Loss: 0.644362
Train Epoch: 16 [38336/60000 (64%)]	Loss: 0.607794
Train Epoch: 16 [44736/60000 (75%)]	Loss: 0.614251
Train Epoch: 16 [51136/60000 (85%)]	Loss: 0.724527
Train Epoch: 16 [57536/60000 (96%)]	Loss: 0.681051

Test set: Average loss: 0.6691, Accuracy: 8780/10000 (88%)

Train Epoch: 17 [6336/60000 (11%)]	Loss: 0.753195
Train Epoch: 17 [12736/60000 (21%)]	Loss: 0.578165
Train Epoch: 17 [19136/60000 (32%)]	Loss: 0.573774
Train Epoch: 17 [25536/60000 (43%)]	Loss: 0.552014
Train Epoch: 17 [31936/60000 (53%)]	Loss: 0.772472
Train Epoch: 17 [38336/60000 (64%)]	Loss: 0.678410
Train Epoch: 17 [44736/60000 (75%)]	Loss: 0.717350
Train Epoch: 17 [51136/60000 (85%)]	Loss: 0.752352
Train Epoch: 17 [57536/60000 (96%)]	Loss: 0.650848

Test set: Average loss: 0.6691, Accuracy: 8773/10000 (88%)

Namespace(batch_size=64, bias=None, data='../data', device=1, epochs=17, hidden_size=500, load_weights=None, log_interval=100, lr=0.1, model='widefc2', momentum=0.9, no_cuda=False, r=5, save_model=None, save_results=True, seed=1, sparsity=0.99, use_relu=False, wd=0.0005)


Total time spent pruning/training: 1.78 minutes
Total number of parameters in model: 1991352
Number of parameters in pruned model: 19913
