Namespace(batch_size=64, bias=None, data='../data', device=1, epochs=17, hidden_size=500, load_weights=None, log_interval=100, lr=0.1, model='widefc2', momentum=0.9, no_cuda=False, r=5, save_model=None, save_results=True, seed=1, sparsity=0.95, use_relu=False, wd=0.0005) 

Pruning a Wide Two-Layer Fully Connected network ...
Train Epoch: 1 [6336/60000 (11%)]	Loss: 0.675023
Train Epoch: 1 [12736/60000 (21%)]	Loss: 0.556639
Train Epoch: 1 [19136/60000 (32%)]	Loss: 0.438839
Train Epoch: 1 [25536/60000 (43%)]	Loss: 0.459859
Train Epoch: 1 [31936/60000 (53%)]	Loss: 0.406084
Train Epoch: 1 [38336/60000 (64%)]	Loss: 0.311373
Train Epoch: 1 [44736/60000 (75%)]	Loss: 0.412441
Train Epoch: 1 [51136/60000 (85%)]	Loss: 0.399826
Train Epoch: 1 [57536/60000 (96%)]	Loss: 0.326061

Test set: Average loss: 0.3124, Accuracy: 9192/10000 (92%)

Train Epoch: 2 [6336/60000 (11%)]	Loss: 0.355358
Train Epoch: 2 [12736/60000 (21%)]	Loss: 0.223166
Train Epoch: 2 [19136/60000 (32%)]	Loss: 0.300229
Train Epoch: 2 [25536/60000 (43%)]	Loss: 0.390227
Train Epoch: 2 [31936/60000 (53%)]	Loss: 0.403163
Train Epoch: 2 [38336/60000 (64%)]	Loss: 0.188051
Train Epoch: 2 [44736/60000 (75%)]	Loss: 0.218631
Train Epoch: 2 [51136/60000 (85%)]	Loss: 0.204569
Train Epoch: 2 [57536/60000 (96%)]	Loss: 0.234207

Test set: Average loss: 0.2673, Accuracy: 9260/10000 (93%)

Train Epoch: 3 [6336/60000 (11%)]	Loss: 0.213388
Train Epoch: 3 [12736/60000 (21%)]	Loss: 0.146802
Train Epoch: 3 [19136/60000 (32%)]	Loss: 0.192834
Train Epoch: 3 [25536/60000 (43%)]	Loss: 0.235193
Train Epoch: 3 [31936/60000 (53%)]	Loss: 0.288158
Train Epoch: 3 [38336/60000 (64%)]	Loss: 0.161473
Train Epoch: 3 [44736/60000 (75%)]	Loss: 0.264820
Train Epoch: 3 [51136/60000 (85%)]	Loss: 0.429221
Train Epoch: 3 [57536/60000 (96%)]	Loss: 0.157000

Test set: Average loss: 0.2383, Accuracy: 9347/10000 (93%)

Train Epoch: 4 [6336/60000 (11%)]	Loss: 0.284745
Train Epoch: 4 [12736/60000 (21%)]	Loss: 0.301422
Train Epoch: 4 [19136/60000 (32%)]	Loss: 0.290827
Train Epoch: 4 [25536/60000 (43%)]	Loss: 0.251349
Train Epoch: 4 [31936/60000 (53%)]	Loss: 0.270385
Train Epoch: 4 [38336/60000 (64%)]	Loss: 0.262114
Train Epoch: 4 [44736/60000 (75%)]	Loss: 0.208998
Train Epoch: 4 [51136/60000 (85%)]	Loss: 0.215738
Train Epoch: 4 [57536/60000 (96%)]	Loss: 0.209307

Test set: Average loss: 0.2222, Accuracy: 9386/10000 (94%)

Train Epoch: 5 [6336/60000 (11%)]	Loss: 0.118535
Train Epoch: 5 [12736/60000 (21%)]	Loss: 0.121971
Train Epoch: 5 [19136/60000 (32%)]	Loss: 0.149199
Train Epoch: 5 [25536/60000 (43%)]	Loss: 0.229304
Train Epoch: 5 [31936/60000 (53%)]	Loss: 0.249785
Train Epoch: 5 [38336/60000 (64%)]	Loss: 0.410091
Train Epoch: 5 [44736/60000 (75%)]	Loss: 0.194533
Train Epoch: 5 [51136/60000 (85%)]	Loss: 0.144694
Train Epoch: 5 [57536/60000 (96%)]	Loss: 0.167712

Test set: Average loss: 0.2100, Accuracy: 9437/10000 (94%)

Train Epoch: 6 [6336/60000 (11%)]	Loss: 0.242263
Train Epoch: 6 [12736/60000 (21%)]	Loss: 0.194191
Train Epoch: 6 [19136/60000 (32%)]	Loss: 0.212458
Train Epoch: 6 [25536/60000 (43%)]	Loss: 0.251315
Train Epoch: 6 [31936/60000 (53%)]	Loss: 0.207191
Train Epoch: 6 [38336/60000 (64%)]	Loss: 0.191145
Train Epoch: 6 [44736/60000 (75%)]	Loss: 0.150749
Train Epoch: 6 [51136/60000 (85%)]	Loss: 0.216157
Train Epoch: 6 [57536/60000 (96%)]	Loss: 0.164035

Test set: Average loss: 0.2067, Accuracy: 9416/10000 (94%)

Train Epoch: 7 [6336/60000 (11%)]	Loss: 0.132115
Train Epoch: 7 [12736/60000 (21%)]	Loss: 0.141166
Train Epoch: 7 [19136/60000 (32%)]	Loss: 0.237575
Train Epoch: 7 [25536/60000 (43%)]	Loss: 0.142912
Train Epoch: 7 [31936/60000 (53%)]	Loss: 0.276842
Train Epoch: 7 [38336/60000 (64%)]	Loss: 0.209101
Train Epoch: 7 [44736/60000 (75%)]	Loss: 0.220761
Train Epoch: 7 [51136/60000 (85%)]	Loss: 0.132836
Train Epoch: 7 [57536/60000 (96%)]	Loss: 0.202426

Test set: Average loss: 0.1936, Accuracy: 9474/10000 (95%)

Train Epoch: 8 [6336/60000 (11%)]	Loss: 0.383450
Train Epoch: 8 [12736/60000 (21%)]	Loss: 0.190120
Train Epoch: 8 [19136/60000 (32%)]	Loss: 0.123699
Train Epoch: 8 [25536/60000 (43%)]	Loss: 0.246510
Train Epoch: 8 [31936/60000 (53%)]	Loss: 0.280592
Train Epoch: 8 [38336/60000 (64%)]	Loss: 0.131099
Train Epoch: 8 [44736/60000 (75%)]	Loss: 0.158564
Train Epoch: 8 [51136/60000 (85%)]	Loss: 0.178003
Train Epoch: 8 [57536/60000 (96%)]	Loss: 0.271895

Test set: Average loss: 0.1920, Accuracy: 9459/10000 (95%)

Train Epoch: 9 [6336/60000 (11%)]	Loss: 0.152072
Train Epoch: 9 [12736/60000 (21%)]	Loss: 0.128172
Train Epoch: 9 [19136/60000 (32%)]	Loss: 0.146215
Train Epoch: 9 [25536/60000 (43%)]	Loss: 0.116685
Train Epoch: 9 [31936/60000 (53%)]	Loss: 0.188037
Train Epoch: 9 [38336/60000 (64%)]	Loss: 0.147744
Train Epoch: 9 [44736/60000 (75%)]	Loss: 0.183482
Train Epoch: 9 [51136/60000 (85%)]	Loss: 0.256359
Train Epoch: 9 [57536/60000 (96%)]	Loss: 0.331045

Test set: Average loss: 0.1909, Accuracy: 9468/10000 (95%)

Train Epoch: 10 [6336/60000 (11%)]	Loss: 0.180523
Train Epoch: 10 [12736/60000 (21%)]	Loss: 0.161188
Train Epoch: 10 [19136/60000 (32%)]	Loss: 0.141626
Train Epoch: 10 [25536/60000 (43%)]	Loss: 0.164952
Train Epoch: 10 [31936/60000 (53%)]	Loss: 0.259291
Train Epoch: 10 [38336/60000 (64%)]	Loss: 0.124086
Train Epoch: 10 [44736/60000 (75%)]	Loss: 0.251935
Train Epoch: 10 [51136/60000 (85%)]	Loss: 0.110681
Train Epoch: 10 [57536/60000 (96%)]	Loss: 0.216814

Test set: Average loss: 0.1861, Accuracy: 9500/10000 (95%)

Train Epoch: 11 [6336/60000 (11%)]	Loss: 0.154990
Train Epoch: 11 [12736/60000 (21%)]	Loss: 0.099347
Train Epoch: 11 [19136/60000 (32%)]	Loss: 0.105780
Train Epoch: 11 [25536/60000 (43%)]	Loss: 0.140340
Train Epoch: 11 [31936/60000 (53%)]	Loss: 0.204993
Train Epoch: 11 [38336/60000 (64%)]	Loss: 0.183062
Train Epoch: 11 [44736/60000 (75%)]	Loss: 0.108449
Train Epoch: 11 [51136/60000 (85%)]	Loss: 0.110516
Train Epoch: 11 [57536/60000 (96%)]	Loss: 0.149133

Test set: Average loss: 0.1848, Accuracy: 9512/10000 (95%)

Train Epoch: 12 [6336/60000 (11%)]	Loss: 0.147076
Train Epoch: 12 [12736/60000 (21%)]	Loss: 0.173056
Train Epoch: 12 [19136/60000 (32%)]	Loss: 0.238390
Train Epoch: 12 [25536/60000 (43%)]	Loss: 0.102760
Train Epoch: 12 [31936/60000 (53%)]	Loss: 0.188398
Train Epoch: 12 [38336/60000 (64%)]	Loss: 0.244993
Train Epoch: 12 [44736/60000 (75%)]	Loss: 0.140109
Train Epoch: 12 [51136/60000 (85%)]	Loss: 0.215978
Train Epoch: 12 [57536/60000 (96%)]	Loss: 0.224162

Test set: Average loss: 0.1825, Accuracy: 9530/10000 (95%)

Train Epoch: 13 [6336/60000 (11%)]	Loss: 0.215061
Train Epoch: 13 [12736/60000 (21%)]	Loss: 0.112133
Train Epoch: 13 [19136/60000 (32%)]	Loss: 0.172904
Train Epoch: 13 [25536/60000 (43%)]	Loss: 0.219707
Train Epoch: 13 [31936/60000 (53%)]	Loss: 0.201892
Train Epoch: 13 [38336/60000 (64%)]	Loss: 0.372165
Train Epoch: 13 [44736/60000 (75%)]	Loss: 0.098824
Train Epoch: 13 [51136/60000 (85%)]	Loss: 0.258484
Train Epoch: 13 [57536/60000 (96%)]	Loss: 0.233274

Test set: Average loss: 0.1841, Accuracy: 9512/10000 (95%)

Train Epoch: 14 [6336/60000 (11%)]	Loss: 0.224926
Train Epoch: 14 [12736/60000 (21%)]	Loss: 0.192425
Train Epoch: 14 [19136/60000 (32%)]	Loss: 0.181130
Train Epoch: 14 [25536/60000 (43%)]	Loss: 0.185908
Train Epoch: 14 [31936/60000 (53%)]	Loss: 0.214503
Train Epoch: 14 [38336/60000 (64%)]	Loss: 0.146825
Train Epoch: 14 [44736/60000 (75%)]	Loss: 0.138061
Train Epoch: 14 [51136/60000 (85%)]	Loss: 0.181451
Train Epoch: 14 [57536/60000 (96%)]	Loss: 0.200232

Test set: Average loss: 0.1820, Accuracy: 9522/10000 (95%)

Train Epoch: 15 [6336/60000 (11%)]	Loss: 0.220109
Train Epoch: 15 [12736/60000 (21%)]	Loss: 0.144197
Train Epoch: 15 [19136/60000 (32%)]	Loss: 0.206129
Train Epoch: 15 [25536/60000 (43%)]	Loss: 0.134735
Train Epoch: 15 [31936/60000 (53%)]	Loss: 0.332710
Train Epoch: 15 [38336/60000 (64%)]	Loss: 0.235131
Train Epoch: 15 [44736/60000 (75%)]	Loss: 0.127471
Train Epoch: 15 [51136/60000 (85%)]	Loss: 0.161515
Train Epoch: 15 [57536/60000 (96%)]	Loss: 0.203253

Test set: Average loss: 0.1831, Accuracy: 9535/10000 (95%)

Train Epoch: 16 [6336/60000 (11%)]	Loss: 0.198212
Train Epoch: 16 [12736/60000 (21%)]	Loss: 0.258792
Train Epoch: 16 [19136/60000 (32%)]	Loss: 0.116581
Train Epoch: 16 [25536/60000 (43%)]	Loss: 0.175676
Train Epoch: 16 [31936/60000 (53%)]	Loss: 0.170516
Train Epoch: 16 [38336/60000 (64%)]	Loss: 0.127413
Train Epoch: 16 [44736/60000 (75%)]	Loss: 0.098455
Train Epoch: 16 [51136/60000 (85%)]	Loss: 0.207101
Train Epoch: 16 [57536/60000 (96%)]	Loss: 0.218492

Test set: Average loss: 0.1798, Accuracy: 9536/10000 (95%)

Train Epoch: 17 [6336/60000 (11%)]	Loss: 0.206559
Train Epoch: 17 [12736/60000 (21%)]	Loss: 0.147222
Train Epoch: 17 [19136/60000 (32%)]	Loss: 0.086246
Train Epoch: 17 [25536/60000 (43%)]	Loss: 0.089301
Train Epoch: 17 [31936/60000 (53%)]	Loss: 0.205230
Train Epoch: 17 [38336/60000 (64%)]	Loss: 0.226542
Train Epoch: 17 [44736/60000 (75%)]	Loss: 0.182030
Train Epoch: 17 [51136/60000 (85%)]	Loss: 0.180255
Train Epoch: 17 [57536/60000 (96%)]	Loss: 0.129601

Test set: Average loss: 0.1814, Accuracy: 9529/10000 (95%)

Namespace(batch_size=64, bias=None, data='../data', device=1, epochs=17, hidden_size=500, load_weights=None, log_interval=100, lr=0.1, model='widefc2', momentum=0.9, no_cuda=False, r=5, save_model=None, save_results=True, seed=1, sparsity=0.95, use_relu=False, wd=0.0005)


Total time spent pruning/training: 1.79 minutes
Total number of parameters in model: 1991352
Number of parameters in pruned model: 99567
