Namespace(batch_size=64, bias=None, data='../data', device=1, epochs=20, hidden_size=500, load_weights=None, log_interval=100, lr=0.1, model='widefc2', momentum=0.9, no_cuda=False, r=5, save_model=None, save_results=True, seed=1, sparsity=0.99, use_relu=False, wd=0.0005) 

Pruning a Wide Two-Layer Fully Connected network ...
Train Epoch: 1 [6336/60000 (11%)]	Loss: 1.317138
Train Epoch: 1 [12736/60000 (21%)]	Loss: 1.091027
Train Epoch: 1 [19136/60000 (32%)]	Loss: 0.899554
Train Epoch: 1 [25536/60000 (43%)]	Loss: 0.847896
Train Epoch: 1 [31936/60000 (53%)]	Loss: 0.702438
Train Epoch: 1 [38336/60000 (64%)]	Loss: 0.735262
Train Epoch: 1 [44736/60000 (75%)]	Loss: 0.798211
Train Epoch: 1 [51136/60000 (85%)]	Loss: 0.783741
Train Epoch: 1 [57536/60000 (96%)]	Loss: 0.797000

Test set: Average loss: 0.7062, Accuracy: 8653/10000 (87%)

Train Epoch: 2 [6336/60000 (11%)]	Loss: 0.744872
Train Epoch: 2 [12736/60000 (21%)]	Loss: 0.651792
Train Epoch: 2 [19136/60000 (32%)]	Loss: 0.741029
Train Epoch: 2 [25536/60000 (43%)]	Loss: 0.772026
Train Epoch: 2 [31936/60000 (53%)]	Loss: 0.739677
Train Epoch: 2 [38336/60000 (64%)]	Loss: 0.611049
Train Epoch: 2 [44736/60000 (75%)]	Loss: 0.715606
Train Epoch: 2 [51136/60000 (85%)]	Loss: 0.643492
Train Epoch: 2 [57536/60000 (96%)]	Loss: 0.741195

Test set: Average loss: 0.6797, Accuracy: 8742/10000 (87%)

Train Epoch: 3 [6336/60000 (11%)]	Loss: 0.619603
Train Epoch: 3 [12736/60000 (21%)]	Loss: 0.593319
Train Epoch: 3 [19136/60000 (32%)]	Loss: 0.552455
Train Epoch: 3 [25536/60000 (43%)]	Loss: 0.702858
Train Epoch: 3 [31936/60000 (53%)]	Loss: 0.632750
Train Epoch: 3 [38336/60000 (64%)]	Loss: 0.707692
Train Epoch: 3 [44736/60000 (75%)]	Loss: 0.729573
Train Epoch: 3 [51136/60000 (85%)]	Loss: 0.701260
Train Epoch: 3 [57536/60000 (96%)]	Loss: 0.717341

Test set: Average loss: 0.6735, Accuracy: 8752/10000 (88%)

Train Epoch: 4 [6336/60000 (11%)]	Loss: 0.796021
Train Epoch: 4 [12736/60000 (21%)]	Loss: 0.713068
Train Epoch: 4 [19136/60000 (32%)]	Loss: 0.735584
Train Epoch: 4 [25536/60000 (43%)]	Loss: 0.714541
Train Epoch: 4 [31936/60000 (53%)]	Loss: 0.668476
Train Epoch: 4 [38336/60000 (64%)]	Loss: 0.687261
Train Epoch: 4 [44736/60000 (75%)]	Loss: 0.652536
Train Epoch: 4 [51136/60000 (85%)]	Loss: 0.683071
Train Epoch: 4 [57536/60000 (96%)]	Loss: 0.702068

Test set: Average loss: 0.6705, Accuracy: 8768/10000 (88%)

Train Epoch: 5 [6336/60000 (11%)]	Loss: 0.574948
Train Epoch: 5 [12736/60000 (21%)]	Loss: 0.625675
Train Epoch: 5 [19136/60000 (32%)]	Loss: 0.713037
Train Epoch: 5 [25536/60000 (43%)]	Loss: 0.736881
Train Epoch: 5 [31936/60000 (53%)]	Loss: 0.679443
Train Epoch: 5 [38336/60000 (64%)]	Loss: 0.814075
Train Epoch: 5 [44736/60000 (75%)]	Loss: 0.616557
Train Epoch: 5 [51136/60000 (85%)]	Loss: 0.640508
Train Epoch: 5 [57536/60000 (96%)]	Loss: 0.671705

Test set: Average loss: 0.6705, Accuracy: 8764/10000 (88%)

Train Epoch: 6 [6336/60000 (11%)]	Loss: 0.740815
Train Epoch: 6 [12736/60000 (21%)]	Loss: 0.781950
Train Epoch: 6 [19136/60000 (32%)]	Loss: 0.781547
Train Epoch: 6 [25536/60000 (43%)]	Loss: 0.663474
Train Epoch: 6 [31936/60000 (53%)]	Loss: 0.699991
Train Epoch: 6 [38336/60000 (64%)]	Loss: 0.584784
Train Epoch: 6 [44736/60000 (75%)]	Loss: 0.621880
Train Epoch: 6 [51136/60000 (85%)]	Loss: 0.720410
Train Epoch: 6 [57536/60000 (96%)]	Loss: 0.668160

Test set: Average loss: 0.6716, Accuracy: 8773/10000 (88%)

Train Epoch: 7 [6336/60000 (11%)]	Loss: 0.575834
Train Epoch: 7 [12736/60000 (21%)]	Loss: 0.641178
Train Epoch: 7 [19136/60000 (32%)]	Loss: 0.715264
Train Epoch: 7 [25536/60000 (43%)]	Loss: 0.630099
Train Epoch: 7 [31936/60000 (53%)]	Loss: 0.637687
Train Epoch: 7 [38336/60000 (64%)]	Loss: 0.761730
Train Epoch: 7 [44736/60000 (75%)]	Loss: 0.730704
Train Epoch: 7 [51136/60000 (85%)]	Loss: 0.677357
Train Epoch: 7 [57536/60000 (96%)]	Loss: 0.771677

Test set: Average loss: 0.6711, Accuracy: 8774/10000 (88%)

Train Epoch: 8 [6336/60000 (11%)]	Loss: 0.949629
Train Epoch: 8 [12736/60000 (21%)]	Loss: 0.720935
Train Epoch: 8 [19136/60000 (32%)]	Loss: 0.581014
Train Epoch: 8 [25536/60000 (43%)]	Loss: 0.734540
Train Epoch: 8 [31936/60000 (53%)]	Loss: 0.790740
Train Epoch: 8 [38336/60000 (64%)]	Loss: 0.606726
Train Epoch: 8 [44736/60000 (75%)]	Loss: 0.637338
Train Epoch: 8 [51136/60000 (85%)]	Loss: 0.640410
Train Epoch: 8 [57536/60000 (96%)]	Loss: 0.709298

Test set: Average loss: 0.6677, Accuracy: 8784/10000 (88%)

Train Epoch: 9 [6336/60000 (11%)]	Loss: 0.592545
Train Epoch: 9 [12736/60000 (21%)]	Loss: 0.640877
Train Epoch: 9 [19136/60000 (32%)]	Loss: 0.609719
Train Epoch: 9 [25536/60000 (43%)]	Loss: 0.584028
Train Epoch: 9 [31936/60000 (53%)]	Loss: 0.679215
Train Epoch: 9 [38336/60000 (64%)]	Loss: 0.669602
Train Epoch: 9 [44736/60000 (75%)]	Loss: 0.712744
Train Epoch: 9 [51136/60000 (85%)]	Loss: 0.761222
Train Epoch: 9 [57536/60000 (96%)]	Loss: 0.754049

Test set: Average loss: 0.6681, Accuracy: 8771/10000 (88%)

Train Epoch: 10 [6336/60000 (11%)]	Loss: 0.764141
Train Epoch: 10 [12736/60000 (21%)]	Loss: 0.669320
Train Epoch: 10 [19136/60000 (32%)]	Loss: 0.659368
Train Epoch: 10 [25536/60000 (43%)]	Loss: 0.617896
Train Epoch: 10 [31936/60000 (53%)]	Loss: 0.759765
Train Epoch: 10 [38336/60000 (64%)]	Loss: 0.620719
Train Epoch: 10 [44736/60000 (75%)]	Loss: 0.779231
Train Epoch: 10 [51136/60000 (85%)]	Loss: 0.705548
Train Epoch: 10 [57536/60000 (96%)]	Loss: 0.797930

Test set: Average loss: 0.6682, Accuracy: 8783/10000 (88%)

Train Epoch: 11 [6336/60000 (11%)]	Loss: 0.773660
Train Epoch: 11 [12736/60000 (21%)]	Loss: 0.577346
Train Epoch: 11 [19136/60000 (32%)]	Loss: 0.544428
Train Epoch: 11 [25536/60000 (43%)]	Loss: 0.667334
Train Epoch: 11 [31936/60000 (53%)]	Loss: 0.813919
Train Epoch: 11 [38336/60000 (64%)]	Loss: 0.659790
Train Epoch: 11 [44736/60000 (75%)]	Loss: 0.589981
Train Epoch: 11 [51136/60000 (85%)]	Loss: 0.758171
Train Epoch: 11 [57536/60000 (96%)]	Loss: 0.604477

Test set: Average loss: 0.6687, Accuracy: 8763/10000 (88%)

Train Epoch: 12 [6336/60000 (11%)]	Loss: 0.660453
Train Epoch: 12 [12736/60000 (21%)]	Loss: 0.712798
Train Epoch: 12 [19136/60000 (32%)]	Loss: 0.682607
Train Epoch: 12 [25536/60000 (43%)]	Loss: 0.606538
Train Epoch: 12 [31936/60000 (53%)]	Loss: 0.657821
Train Epoch: 12 [38336/60000 (64%)]	Loss: 0.764264
Train Epoch: 12 [44736/60000 (75%)]	Loss: 0.662168
Train Epoch: 12 [51136/60000 (85%)]	Loss: 0.732816
Train Epoch: 12 [57536/60000 (96%)]	Loss: 0.755132

Test set: Average loss: 0.6698, Accuracy: 8767/10000 (88%)

Train Epoch: 13 [6336/60000 (11%)]	Loss: 0.684813
Train Epoch: 13 [12736/60000 (21%)]	Loss: 0.615680
Train Epoch: 13 [19136/60000 (32%)]	Loss: 0.677733
Train Epoch: 13 [25536/60000 (43%)]	Loss: 0.685292
Train Epoch: 13 [31936/60000 (53%)]	Loss: 0.722505
Train Epoch: 13 [38336/60000 (64%)]	Loss: 0.820597
Train Epoch: 13 [44736/60000 (75%)]	Loss: 0.601508
Train Epoch: 13 [51136/60000 (85%)]	Loss: 0.673052
Train Epoch: 13 [57536/60000 (96%)]	Loss: 0.723114

Test set: Average loss: 0.6686, Accuracy: 8779/10000 (88%)

Train Epoch: 14 [6336/60000 (11%)]	Loss: 0.710773
Train Epoch: 14 [12736/60000 (21%)]	Loss: 0.750877
Train Epoch: 14 [19136/60000 (32%)]	Loss: 0.729265
Train Epoch: 14 [25536/60000 (43%)]	Loss: 0.718986
Train Epoch: 14 [31936/60000 (53%)]	Loss: 0.758181
Train Epoch: 14 [38336/60000 (64%)]	Loss: 0.720504
Train Epoch: 14 [44736/60000 (75%)]	Loss: 0.648182
Train Epoch: 14 [51136/60000 (85%)]	Loss: 0.695705
Train Epoch: 14 [57536/60000 (96%)]	Loss: 0.713228

Test set: Average loss: 0.6688, Accuracy: 8781/10000 (88%)

Train Epoch: 15 [6336/60000 (11%)]	Loss: 0.752957
Train Epoch: 15 [12736/60000 (21%)]	Loss: 0.738991
Train Epoch: 15 [19136/60000 (32%)]	Loss: 0.776161
Train Epoch: 15 [25536/60000 (43%)]	Loss: 0.582811
Train Epoch: 15 [31936/60000 (53%)]	Loss: 0.672554
Train Epoch: 15 [38336/60000 (64%)]	Loss: 0.732812
Train Epoch: 15 [44736/60000 (75%)]	Loss: 0.695110
Train Epoch: 15 [51136/60000 (85%)]	Loss: 0.726948
Train Epoch: 15 [57536/60000 (96%)]	Loss: 0.743894

Test set: Average loss: 0.6704, Accuracy: 8776/10000 (88%)

Train Epoch: 16 [6336/60000 (11%)]	Loss: 0.753551
Train Epoch: 16 [12736/60000 (21%)]	Loss: 0.759797
Train Epoch: 16 [19136/60000 (32%)]	Loss: 0.710360
Train Epoch: 16 [25536/60000 (43%)]	Loss: 0.683463
Train Epoch: 16 [31936/60000 (53%)]	Loss: 0.644244
Train Epoch: 16 [38336/60000 (64%)]	Loss: 0.607954
Train Epoch: 16 [44736/60000 (75%)]	Loss: 0.612218
Train Epoch: 16 [51136/60000 (85%)]	Loss: 0.725660
Train Epoch: 16 [57536/60000 (96%)]	Loss: 0.682627

Test set: Average loss: 0.6692, Accuracy: 8778/10000 (88%)

Train Epoch: 17 [6336/60000 (11%)]	Loss: 0.758573
Train Epoch: 17 [12736/60000 (21%)]	Loss: 0.579218
Train Epoch: 17 [19136/60000 (32%)]	Loss: 0.574164
Train Epoch: 17 [25536/60000 (43%)]	Loss: 0.553511
Train Epoch: 17 [31936/60000 (53%)]	Loss: 0.770906
Train Epoch: 17 [38336/60000 (64%)]	Loss: 0.675040
Train Epoch: 17 [44736/60000 (75%)]	Loss: 0.719727
Train Epoch: 17 [51136/60000 (85%)]	Loss: 0.752124
Train Epoch: 17 [57536/60000 (96%)]	Loss: 0.651883

Test set: Average loss: 0.6693, Accuracy: 8782/10000 (88%)

Train Epoch: 18 [6336/60000 (11%)]	Loss: 0.672230
Train Epoch: 18 [12736/60000 (21%)]	Loss: 0.609888
Train Epoch: 18 [19136/60000 (32%)]	Loss: 0.705839
Train Epoch: 18 [25536/60000 (43%)]	Loss: 0.607401
Train Epoch: 18 [31936/60000 (53%)]	Loss: 0.577955
Train Epoch: 18 [38336/60000 (64%)]	Loss: 0.634986
Train Epoch: 18 [44736/60000 (75%)]	Loss: 0.811557
Train Epoch: 18 [51136/60000 (85%)]	Loss: 0.580510
Train Epoch: 18 [57536/60000 (96%)]	Loss: 0.624899

Test set: Average loss: 0.6686, Accuracy: 8771/10000 (88%)

Train Epoch: 19 [6336/60000 (11%)]	Loss: 0.612616
Train Epoch: 19 [12736/60000 (21%)]	Loss: 0.621741
Train Epoch: 19 [19136/60000 (32%)]	Loss: 0.625713
Train Epoch: 19 [25536/60000 (43%)]	Loss: 0.575877
Train Epoch: 19 [31936/60000 (53%)]	Loss: 0.608845
Train Epoch: 19 [38336/60000 (64%)]	Loss: 0.681076
Train Epoch: 19 [44736/60000 (75%)]	Loss: 0.633143
Train Epoch: 19 [51136/60000 (85%)]	Loss: 0.693036
Train Epoch: 19 [57536/60000 (96%)]	Loss: 0.616391

Test set: Average loss: 0.6684, Accuracy: 8764/10000 (88%)

Train Epoch: 20 [6336/60000 (11%)]	Loss: 0.633449
Train Epoch: 20 [12736/60000 (21%)]	Loss: 0.731647
Train Epoch: 20 [19136/60000 (32%)]	Loss: 0.620540
Train Epoch: 20 [25536/60000 (43%)]	Loss: 0.846330
Train Epoch: 20 [31936/60000 (53%)]	Loss: 0.683176
Train Epoch: 20 [38336/60000 (64%)]	Loss: 0.864938
Train Epoch: 20 [44736/60000 (75%)]	Loss: 0.716145
Train Epoch: 20 [51136/60000 (85%)]	Loss: 0.599835
Train Epoch: 20 [57536/60000 (96%)]	Loss: 0.671517

Test set: Average loss: 0.6682, Accuracy: 8758/10000 (88%)

Namespace(batch_size=64, bias=None, data='../data', device=1, epochs=20, hidden_size=500, load_weights=None, log_interval=100, lr=0.1, model='widefc2', momentum=0.9, no_cuda=False, r=5, save_model=None, save_results=True, seed=1, sparsity=0.99, use_relu=False, wd=0.0005)


Total time spent pruning/training: 2.14 minutes
Total number of parameters in model: 1991352
Number of parameters in pruned model: 19913
