Namespace(batch_size=64, bias=None, data='../data', device=1, epochs=30, hidden_size=500, load_weights=None, log_interval=100, lr=0.1, milestones=[5, 7], model='prunefc2', momentum=0.9, no_cuda=False, r=5, save_model=None, save_results=True, scheduler='cosine', seed=1, sparsity=0.25, use_relu=False, wd=0.0005) 

Pruning a Two-Layer Fully Connected network ...
Train Epoch: 1 [0/60000 (0%)]	Loss: 2.421455
Train Epoch: 1 [6400/60000 (11%)]	Loss: 0.338798
Train Epoch: 1 [12800/60000 (21%)]	Loss: 0.217730
Train Epoch: 1 [19200/60000 (32%)]	Loss: 0.259600
Train Epoch: 1 [25600/60000 (43%)]	Loss: 0.205572
Train Epoch: 1 [32000/60000 (53%)]	Loss: 0.219483
Train Epoch: 1 [38400/60000 (64%)]	Loss: 0.135281
Train Epoch: 1 [44800/60000 (75%)]	Loss: 0.136222
Train Epoch: 1 [51200/60000 (85%)]	Loss: 0.145206
Train Epoch: 1 [57600/60000 (96%)]	Loss: 0.129554

Test set: Average loss: 0.1634, Accuracy: 9536/10000 (95%)

Train Epoch: 2 [0/60000 (0%)]	Loss: 0.097550
Train Epoch: 2 [6400/60000 (11%)]	Loss: 0.162538
Train Epoch: 2 [12800/60000 (21%)]	Loss: 0.144208
Train Epoch: 2 [19200/60000 (32%)]	Loss: 0.082644
Train Epoch: 2 [25600/60000 (43%)]	Loss: 0.143285
Train Epoch: 2 [32000/60000 (53%)]	Loss: 0.162492
Train Epoch: 2 [38400/60000 (64%)]	Loss: 0.127377
Train Epoch: 2 [44800/60000 (75%)]	Loss: 0.120291
Train Epoch: 2 [51200/60000 (85%)]	Loss: 0.173335
Train Epoch: 2 [57600/60000 (96%)]	Loss: 0.078776

Test set: Average loss: 0.1285, Accuracy: 9620/10000 (96%)

Train Epoch: 3 [0/60000 (0%)]	Loss: 0.177794
Train Epoch: 3 [6400/60000 (11%)]	Loss: 0.135499
Train Epoch: 3 [12800/60000 (21%)]	Loss: 0.130974
Train Epoch: 3 [19200/60000 (32%)]	Loss: 0.047820
Train Epoch: 3 [25600/60000 (43%)]	Loss: 0.114406
Train Epoch: 3 [32000/60000 (53%)]	Loss: 0.070965
Train Epoch: 3 [38400/60000 (64%)]	Loss: 0.156170
Train Epoch: 3 [44800/60000 (75%)]	Loss: 0.088560
Train Epoch: 3 [51200/60000 (85%)]	Loss: 0.202036
Train Epoch: 3 [57600/60000 (96%)]	Loss: 0.048653

Test set: Average loss: 0.1148, Accuracy: 9647/10000 (96%)

Train Epoch: 4 [0/60000 (0%)]	Loss: 0.033231
Train Epoch: 4 [6400/60000 (11%)]	Loss: 0.073007
Train Epoch: 4 [12800/60000 (21%)]	Loss: 0.052904
Train Epoch: 4 [19200/60000 (32%)]	Loss: 0.131403
Train Epoch: 4 [25600/60000 (43%)]	Loss: 0.064954
Train Epoch: 4 [32000/60000 (53%)]	Loss: 0.133551
Train Epoch: 4 [38400/60000 (64%)]	Loss: 0.235755
Train Epoch: 4 [44800/60000 (75%)]	Loss: 0.032064
Train Epoch: 4 [51200/60000 (85%)]	Loss: 0.110458
Train Epoch: 4 [57600/60000 (96%)]	Loss: 0.094151

Test set: Average loss: 0.1212, Accuracy: 9629/10000 (96%)

Train Epoch: 5 [0/60000 (0%)]	Loss: 0.057146
Train Epoch: 5 [6400/60000 (11%)]	Loss: 0.112924
Train Epoch: 5 [12800/60000 (21%)]	Loss: 0.077045
Train Epoch: 5 [19200/60000 (32%)]	Loss: 0.164737
Train Epoch: 5 [25600/60000 (43%)]	Loss: 0.069824
Train Epoch: 5 [32000/60000 (53%)]	Loss: 0.051034
Train Epoch: 5 [38400/60000 (64%)]	Loss: 0.078449
Train Epoch: 5 [44800/60000 (75%)]	Loss: 0.073466
Train Epoch: 5 [51200/60000 (85%)]	Loss: 0.092552
Train Epoch: 5 [57600/60000 (96%)]	Loss: 0.049101

Test set: Average loss: 0.1340, Accuracy: 9585/10000 (96%)

Train Epoch: 6 [0/60000 (0%)]	Loss: 0.049628
Train Epoch: 6 [6400/60000 (11%)]	Loss: 0.235098
Train Epoch: 6 [12800/60000 (21%)]	Loss: 0.043695
Train Epoch: 6 [19200/60000 (32%)]	Loss: 0.120479
Train Epoch: 6 [25600/60000 (43%)]	Loss: 0.133856
Train Epoch: 6 [32000/60000 (53%)]	Loss: 0.072510
Train Epoch: 6 [38400/60000 (64%)]	Loss: 0.122472
Train Epoch: 6 [44800/60000 (75%)]	Loss: 0.076093
Train Epoch: 6 [51200/60000 (85%)]	Loss: 0.095544
Train Epoch: 6 [57600/60000 (96%)]	Loss: 0.143014

Test set: Average loss: 0.1465, Accuracy: 9545/10000 (95%)

Train Epoch: 7 [0/60000 (0%)]	Loss: 0.118945
Train Epoch: 7 [6400/60000 (11%)]	Loss: 0.088747
Train Epoch: 7 [12800/60000 (21%)]	Loss: 0.085670
Train Epoch: 7 [19200/60000 (32%)]	Loss: 0.239313
Train Epoch: 7 [25600/60000 (43%)]	Loss: 0.168976
Train Epoch: 7 [32000/60000 (53%)]	Loss: 0.159677
Train Epoch: 7 [38400/60000 (64%)]	Loss: 0.115086
Train Epoch: 7 [44800/60000 (75%)]	Loss: 0.127243
Train Epoch: 7 [51200/60000 (85%)]	Loss: 0.096533
Train Epoch: 7 [57600/60000 (96%)]	Loss: 0.058455

Test set: Average loss: 0.1462, Accuracy: 9547/10000 (95%)

Train Epoch: 8 [0/60000 (0%)]	Loss: 0.187444
Train Epoch: 8 [6400/60000 (11%)]	Loss: 0.099090
Train Epoch: 8 [12800/60000 (21%)]	Loss: 0.180930
Train Epoch: 8 [19200/60000 (32%)]	Loss: 0.099953
Train Epoch: 8 [25600/60000 (43%)]	Loss: 0.099653
Train Epoch: 8 [32000/60000 (53%)]	Loss: 0.226221
Train Epoch: 8 [38400/60000 (64%)]	Loss: 0.045261
Train Epoch: 8 [44800/60000 (75%)]	Loss: 0.119355
Train Epoch: 8 [51200/60000 (85%)]	Loss: 0.178233
Train Epoch: 8 [57600/60000 (96%)]	Loss: 0.159154

Test set: Average loss: 0.1792, Accuracy: 9445/10000 (94%)

Train Epoch: 9 [0/60000 (0%)]	Loss: 0.178382
Train Epoch: 9 [6400/60000 (11%)]	Loss: 0.270749
Train Epoch: 9 [12800/60000 (21%)]	Loss: 0.176133
Train Epoch: 9 [19200/60000 (32%)]	Loss: 0.051734
Train Epoch: 9 [25600/60000 (43%)]	Loss: 0.247667
Train Epoch: 9 [32000/60000 (53%)]	Loss: 0.166920
Train Epoch: 9 [38400/60000 (64%)]	Loss: 0.268814
Train Epoch: 9 [44800/60000 (75%)]	Loss: 0.031879
Train Epoch: 9 [51200/60000 (85%)]	Loss: 0.251842
Train Epoch: 9 [57600/60000 (96%)]	Loss: 0.129196

Test set: Average loss: 0.2930, Accuracy: 9090/10000 (91%)

Train Epoch: 10 [0/60000 (0%)]	Loss: 0.190350
Train Epoch: 10 [6400/60000 (11%)]	Loss: 0.181430
Train Epoch: 10 [12800/60000 (21%)]	Loss: 0.157743
Train Epoch: 10 [19200/60000 (32%)]	Loss: 0.101507
Train Epoch: 10 [25600/60000 (43%)]	Loss: 0.174798
Train Epoch: 10 [32000/60000 (53%)]	Loss: 0.486324
Train Epoch: 10 [38400/60000 (64%)]	Loss: 0.263725
Train Epoch: 10 [44800/60000 (75%)]	Loss: 0.184183
Train Epoch: 10 [51200/60000 (85%)]	Loss: 0.151573
Train Epoch: 10 [57600/60000 (96%)]	Loss: 0.209541

Test set: Average loss: 0.2454, Accuracy: 9214/10000 (92%)

Train Epoch: 11 [0/60000 (0%)]	Loss: 0.262660
Train Epoch: 11 [6400/60000 (11%)]	Loss: 0.176143
Train Epoch: 11 [12800/60000 (21%)]	Loss: 0.539393
Train Epoch: 11 [19200/60000 (32%)]	Loss: 0.130796
Train Epoch: 11 [25600/60000 (43%)]	Loss: 0.155075
Train Epoch: 11 [32000/60000 (53%)]	Loss: 0.262587
Train Epoch: 11 [38400/60000 (64%)]	Loss: 0.339630
Train Epoch: 11 [44800/60000 (75%)]	Loss: 0.393500
Train Epoch: 11 [51200/60000 (85%)]	Loss: 0.210807
Train Epoch: 11 [57600/60000 (96%)]	Loss: 0.294495

Test set: Average loss: 0.2870, Accuracy: 9095/10000 (91%)

Train Epoch: 12 [0/60000 (0%)]	Loss: 0.249834
Train Epoch: 12 [6400/60000 (11%)]	Loss: 0.044416
Train Epoch: 12 [12800/60000 (21%)]	Loss: 0.294027
Train Epoch: 12 [19200/60000 (32%)]	Loss: 0.358419
Train Epoch: 12 [25600/60000 (43%)]	Loss: 0.116997
Train Epoch: 12 [32000/60000 (53%)]	Loss: 0.283825
Train Epoch: 12 [38400/60000 (64%)]	Loss: 0.160978
Train Epoch: 12 [44800/60000 (75%)]	Loss: 0.241037
Train Epoch: 12 [51200/60000 (85%)]	Loss: 0.311981
Train Epoch: 12 [57600/60000 (96%)]	Loss: 0.305148

Test set: Average loss: 0.2825, Accuracy: 9088/10000 (91%)

Train Epoch: 13 [0/60000 (0%)]	Loss: 0.233645
Train Epoch: 13 [6400/60000 (11%)]	Loss: 0.531830
Train Epoch: 13 [12800/60000 (21%)]	Loss: 0.217625
Train Epoch: 13 [19200/60000 (32%)]	Loss: 0.452025
Train Epoch: 13 [25600/60000 (43%)]	Loss: 0.139843
Train Epoch: 13 [32000/60000 (53%)]	Loss: 0.227061
Train Epoch: 13 [38400/60000 (64%)]	Loss: 0.215554
Train Epoch: 13 [44800/60000 (75%)]	Loss: 0.413569
Train Epoch: 13 [51200/60000 (85%)]	Loss: 0.243140
Train Epoch: 13 [57600/60000 (96%)]	Loss: 0.394098

Test set: Average loss: 0.2457, Accuracy: 9257/10000 (93%)

Train Epoch: 14 [0/60000 (0%)]	Loss: 0.240615
Train Epoch: 14 [6400/60000 (11%)]	Loss: 0.116813
Train Epoch: 14 [12800/60000 (21%)]	Loss: 0.242119
Train Epoch: 14 [19200/60000 (32%)]	Loss: 0.251321
Train Epoch: 14 [25600/60000 (43%)]	Loss: 0.556752
Train Epoch: 14 [32000/60000 (53%)]	Loss: 0.348138
Train Epoch: 14 [38400/60000 (64%)]	Loss: 0.200067
Train Epoch: 14 [44800/60000 (75%)]	Loss: 0.145717
Train Epoch: 14 [51200/60000 (85%)]	Loss: 0.309326
Train Epoch: 14 [57600/60000 (96%)]	Loss: 0.355542

Test set: Average loss: 0.2808, Accuracy: 9148/10000 (91%)

Train Epoch: 15 [0/60000 (0%)]	Loss: 0.346297
Train Epoch: 15 [6400/60000 (11%)]	Loss: 0.638347
Train Epoch: 15 [12800/60000 (21%)]	Loss: 0.329664
Train Epoch: 15 [19200/60000 (32%)]	Loss: 0.421670
Train Epoch: 15 [25600/60000 (43%)]	Loss: 0.133455
Train Epoch: 15 [32000/60000 (53%)]	Loss: 0.141558
Train Epoch: 15 [38400/60000 (64%)]	Loss: 0.178439
Train Epoch: 15 [44800/60000 (75%)]	Loss: 0.302263
Train Epoch: 15 [51200/60000 (85%)]	Loss: 0.253630
Train Epoch: 15 [57600/60000 (96%)]	Loss: 0.343130

Test set: Average loss: 0.3248, Accuracy: 8918/10000 (89%)

Train Epoch: 16 [0/60000 (0%)]	Loss: 0.448900
Train Epoch: 16 [6400/60000 (11%)]	Loss: 0.187987
Train Epoch: 16 [12800/60000 (21%)]	Loss: 0.254525
Train Epoch: 16 [19200/60000 (32%)]	Loss: 0.193016
Train Epoch: 16 [25600/60000 (43%)]	Loss: 0.119719
Train Epoch: 16 [32000/60000 (53%)]	Loss: 0.582042
Train Epoch: 16 [38400/60000 (64%)]	Loss: 0.228656
Train Epoch: 16 [44800/60000 (75%)]	Loss: 0.414831
Train Epoch: 16 [51200/60000 (85%)]	Loss: 0.455301
Train Epoch: 16 [57600/60000 (96%)]	Loss: 0.344995

Test set: Average loss: 0.3101, Accuracy: 9064/10000 (91%)

Train Epoch: 17 [0/60000 (0%)]	Loss: 0.274576
Train Epoch: 17 [6400/60000 (11%)]	Loss: 0.544211
Train Epoch: 17 [12800/60000 (21%)]	Loss: 0.231753
Train Epoch: 17 [19200/60000 (32%)]	Loss: 0.455439
Train Epoch: 17 [25600/60000 (43%)]	Loss: 0.487130
Train Epoch: 17 [32000/60000 (53%)]	Loss: 0.322871
Train Epoch: 17 [38400/60000 (64%)]	Loss: 0.442594
Train Epoch: 17 [44800/60000 (75%)]	Loss: 0.230285
Train Epoch: 17 [51200/60000 (85%)]	Loss: 0.237058
Train Epoch: 17 [57600/60000 (96%)]	Loss: 0.155540

Test set: Average loss: 0.3934, Accuracy: 8706/10000 (87%)

Train Epoch: 18 [0/60000 (0%)]	Loss: 0.543964
Train Epoch: 18 [6400/60000 (11%)]	Loss: 0.310294
Train Epoch: 18 [12800/60000 (21%)]	Loss: 0.348099
Train Epoch: 18 [19200/60000 (32%)]	Loss: 0.356195
Train Epoch: 18 [25600/60000 (43%)]	Loss: 0.352043
Train Epoch: 18 [32000/60000 (53%)]	Loss: 0.209482
Train Epoch: 18 [38400/60000 (64%)]	Loss: 0.216082
Train Epoch: 18 [44800/60000 (75%)]	Loss: 0.421488
Train Epoch: 18 [51200/60000 (85%)]	Loss: 0.268356
Train Epoch: 18 [57600/60000 (96%)]	Loss: 0.113854

Test set: Average loss: 0.3159, Accuracy: 9013/10000 (90%)

Train Epoch: 19 [0/60000 (0%)]	Loss: 0.272876
Train Epoch: 19 [6400/60000 (11%)]	Loss: 0.251937
Train Epoch: 19 [12800/60000 (21%)]	Loss: 0.308056
Train Epoch: 19 [19200/60000 (32%)]	Loss: 0.413387
Train Epoch: 19 [25600/60000 (43%)]	Loss: 0.246193
Train Epoch: 19 [32000/60000 (53%)]	Loss: 0.401446
Train Epoch: 19 [38400/60000 (64%)]	Loss: 0.362282
Train Epoch: 19 [44800/60000 (75%)]	Loss: 0.278850
Train Epoch: 19 [51200/60000 (85%)]	Loss: 0.382539
Train Epoch: 19 [57600/60000 (96%)]	Loss: 0.379216

Test set: Average loss: 0.2777, Accuracy: 9168/10000 (92%)

Train Epoch: 20 [0/60000 (0%)]	Loss: 0.263327
Train Epoch: 20 [6400/60000 (11%)]	Loss: 0.256788
Train Epoch: 20 [12800/60000 (21%)]	Loss: 0.668167
Train Epoch: 20 [19200/60000 (32%)]	Loss: 0.297894
Train Epoch: 20 [25600/60000 (43%)]	Loss: 0.483814
Train Epoch: 20 [32000/60000 (53%)]	Loss: 0.269313
Train Epoch: 20 [38400/60000 (64%)]	Loss: 0.384386
Train Epoch: 20 [44800/60000 (75%)]	Loss: 0.189496
Train Epoch: 20 [51200/60000 (85%)]	Loss: 0.244155
Train Epoch: 20 [57600/60000 (96%)]	Loss: 0.396321

Test set: Average loss: 0.3248, Accuracy: 8925/10000 (89%)

Train Epoch: 21 [0/60000 (0%)]	Loss: 0.258960
Train Epoch: 21 [6400/60000 (11%)]	Loss: 0.375660
Train Epoch: 21 [12800/60000 (21%)]	Loss: 0.491865
Train Epoch: 21 [19200/60000 (32%)]	Loss: 0.319652
Train Epoch: 21 [25600/60000 (43%)]	Loss: 0.233112
Train Epoch: 21 [32000/60000 (53%)]	Loss: 0.371182
Train Epoch: 21 [38400/60000 (64%)]	Loss: 0.204792
Train Epoch: 21 [44800/60000 (75%)]	Loss: 0.275984
Train Epoch: 21 [51200/60000 (85%)]	Loss: 0.293179
Train Epoch: 21 [57600/60000 (96%)]	Loss: 0.296808

Test set: Average loss: 0.2672, Accuracy: 9184/10000 (92%)

Train Epoch: 22 [0/60000 (0%)]	Loss: 0.217657
Train Epoch: 22 [6400/60000 (11%)]	Loss: 0.403359
Train Epoch: 22 [12800/60000 (21%)]	Loss: 0.450034
Train Epoch: 22 [19200/60000 (32%)]	Loss: 0.232415
Train Epoch: 22 [25600/60000 (43%)]	Loss: 0.287305
Train Epoch: 22 [32000/60000 (53%)]	Loss: 0.261659
Train Epoch: 22 [38400/60000 (64%)]	Loss: 0.465130
Train Epoch: 22 [44800/60000 (75%)]	Loss: 0.344641
Train Epoch: 22 [51200/60000 (85%)]	Loss: 0.336869
Train Epoch: 22 [57600/60000 (96%)]	Loss: 0.140367

Test set: Average loss: 0.2662, Accuracy: 9191/10000 (92%)

Train Epoch: 23 [0/60000 (0%)]	Loss: 0.281377
Train Epoch: 23 [6400/60000 (11%)]	Loss: 0.359219
Train Epoch: 23 [12800/60000 (21%)]	Loss: 0.338684
Train Epoch: 23 [19200/60000 (32%)]	Loss: 0.111003
Train Epoch: 23 [25600/60000 (43%)]	Loss: 0.229656
Train Epoch: 23 [32000/60000 (53%)]	Loss: 0.256256
Train Epoch: 23 [38400/60000 (64%)]	Loss: 0.108467
Train Epoch: 23 [44800/60000 (75%)]	Loss: 0.232228
Train Epoch: 23 [51200/60000 (85%)]	Loss: 0.410373
Train Epoch: 23 [57600/60000 (96%)]	Loss: 0.337461

Test set: Average loss: 0.3595, Accuracy: 8827/10000 (88%)

Train Epoch: 24 [0/60000 (0%)]	Loss: 0.238333
Train Epoch: 24 [6400/60000 (11%)]	Loss: 0.215332
Train Epoch: 24 [12800/60000 (21%)]	Loss: 0.137539
Train Epoch: 24 [19200/60000 (32%)]	Loss: 0.127511
Train Epoch: 24 [25600/60000 (43%)]	Loss: 0.154420
Train Epoch: 24 [32000/60000 (53%)]	Loss: 0.264719
Train Epoch: 24 [38400/60000 (64%)]	Loss: 0.261341
Train Epoch: 24 [44800/60000 (75%)]	Loss: 0.249723
Train Epoch: 24 [51200/60000 (85%)]	Loss: 0.116200
Train Epoch: 24 [57600/60000 (96%)]	Loss: 0.211667

Test set: Average loss: 0.2287, Accuracy: 9331/10000 (93%)

Train Epoch: 25 [0/60000 (0%)]	Loss: 0.225322
Train Epoch: 25 [6400/60000 (11%)]	Loss: 0.529016
Train Epoch: 25 [12800/60000 (21%)]	Loss: 0.097637
Train Epoch: 25 [19200/60000 (32%)]	Loss: 0.113567
Train Epoch: 25 [25600/60000 (43%)]	Loss: 0.260827
Train Epoch: 25 [32000/60000 (53%)]	Loss: 0.148631
Train Epoch: 25 [38400/60000 (64%)]	Loss: 0.301261
Train Epoch: 25 [44800/60000 (75%)]	Loss: 0.098012
Train Epoch: 25 [51200/60000 (85%)]	Loss: 0.074744
Train Epoch: 25 [57600/60000 (96%)]	Loss: 0.099712

Test set: Average loss: 0.2212, Accuracy: 9293/10000 (93%)

Train Epoch: 26 [0/60000 (0%)]	Loss: 0.396155
Train Epoch: 26 [6400/60000 (11%)]	Loss: 0.139581
Train Epoch: 26 [12800/60000 (21%)]	Loss: 0.151096
Train Epoch: 26 [19200/60000 (32%)]	Loss: 0.139391
Train Epoch: 26 [25600/60000 (43%)]	Loss: 0.100081
Train Epoch: 26 [32000/60000 (53%)]	Loss: 0.174740
Train Epoch: 26 [38400/60000 (64%)]	Loss: 0.099034
Train Epoch: 26 [44800/60000 (75%)]	Loss: 0.072499
Train Epoch: 26 [51200/60000 (85%)]	Loss: 0.101977
Train Epoch: 26 [57600/60000 (96%)]	Loss: 0.247737

Test set: Average loss: 0.2205, Accuracy: 9336/10000 (93%)

Train Epoch: 27 [0/60000 (0%)]	Loss: 0.173894
Train Epoch: 27 [6400/60000 (11%)]	Loss: 0.171892
Train Epoch: 27 [12800/60000 (21%)]	Loss: 0.229617
Train Epoch: 27 [19200/60000 (32%)]	Loss: 0.270368
Train Epoch: 27 [25600/60000 (43%)]	Loss: 0.092321
Train Epoch: 27 [32000/60000 (53%)]	Loss: 0.166164
Train Epoch: 27 [38400/60000 (64%)]	Loss: 0.107916
Train Epoch: 27 [44800/60000 (75%)]	Loss: 0.256872
Train Epoch: 27 [51200/60000 (85%)]	Loss: 0.084043
Train Epoch: 27 [57600/60000 (96%)]	Loss: 0.153462

Test set: Average loss: 0.1554, Accuracy: 9545/10000 (95%)

Train Epoch: 28 [0/60000 (0%)]	Loss: 0.165752
Train Epoch: 28 [6400/60000 (11%)]	Loss: 0.073069
Train Epoch: 28 [12800/60000 (21%)]	Loss: 0.066473
Train Epoch: 28 [19200/60000 (32%)]	Loss: 0.076514
Train Epoch: 28 [25600/60000 (43%)]	Loss: 0.058305
Train Epoch: 28 [32000/60000 (53%)]	Loss: 0.101386
Train Epoch: 28 [38400/60000 (64%)]	Loss: 0.222838
Train Epoch: 28 [44800/60000 (75%)]	Loss: 0.133210
Train Epoch: 28 [51200/60000 (85%)]	Loss: 0.089648
Train Epoch: 28 [57600/60000 (96%)]	Loss: 0.098545

Test set: Average loss: 0.1315, Accuracy: 9610/10000 (96%)

Train Epoch: 29 [0/60000 (0%)]	Loss: 0.141602
Train Epoch: 29 [6400/60000 (11%)]	Loss: 0.167735
Train Epoch: 29 [12800/60000 (21%)]	Loss: 0.055302
Train Epoch: 29 [19200/60000 (32%)]	Loss: 0.031469
Train Epoch: 29 [25600/60000 (43%)]	Loss: 0.177573
Train Epoch: 29 [32000/60000 (53%)]	Loss: 0.138911
Train Epoch: 29 [38400/60000 (64%)]	Loss: 0.051844
Train Epoch: 29 [44800/60000 (75%)]	Loss: 0.083999
Train Epoch: 29 [51200/60000 (85%)]	Loss: 0.070546
Train Epoch: 29 [57600/60000 (96%)]	Loss: 0.079896

Test set: Average loss: 0.0934, Accuracy: 9725/10000 (97%)

Train Epoch: 30 [0/60000 (0%)]	Loss: 0.029862
Train Epoch: 30 [6400/60000 (11%)]	Loss: 0.049648
Train Epoch: 30 [12800/60000 (21%)]	Loss: 0.055605
Train Epoch: 30 [19200/60000 (32%)]	Loss: 0.050701
Train Epoch: 30 [25600/60000 (43%)]	Loss: 0.130248
Train Epoch: 30 [32000/60000 (53%)]	Loss: 0.054121
Train Epoch: 30 [38400/60000 (64%)]	Loss: 0.044650
Train Epoch: 30 [44800/60000 (75%)]	Loss: 0.052348
Train Epoch: 30 [51200/60000 (85%)]	Loss: 0.056519
Train Epoch: 30 [57600/60000 (96%)]	Loss: 0.050983

Test set: Average loss: 0.0790, Accuracy: 9763/10000 (98%)

Namespace(batch_size=64, bias=None, data='../data', device=1, epochs=30, hidden_size=500, load_weights=None, log_interval=100, lr=0.1, milestones=[5, 7], model='prunefc2', momentum=0.9, no_cuda=False, r=5, save_model=None, save_results=True, scheduler='cosine', seed=1, sparsity=0.25, use_relu=False, wd=0.0005)


Total time spent pruning/training: 3.24 minutes
Total number of parameters in model: 1991352
Number of parameters in pruned model: 1493514
