Namespace(batch_size=64, bias=None, data='../data', device=1, epochs=2, hidden_size=500, load_weights=None, log_interval=100, lr=0.1, model='widefc2', momentum=0.9, no_cuda=False, r=5, save_model=None, save_results=True, seed=1, sparsity=0.75, use_relu=False, wd=0.0005) 

Pruning a Wide Two-Layer Fully Connected network ...
Train Epoch: 1 [6336/60000 (11%)]	Loss: 0.459534
Train Epoch: 1 [12736/60000 (21%)]	Loss: 0.404926
Train Epoch: 1 [19136/60000 (32%)]	Loss: 0.302269
Train Epoch: 1 [25536/60000 (43%)]	Loss: 0.323539
Train Epoch: 1 [31936/60000 (53%)]	Loss: 0.278083
Train Epoch: 1 [38336/60000 (64%)]	Loss: 0.173084
Train Epoch: 1 [44736/60000 (75%)]	Loss: 0.316158
Train Epoch: 1 [51136/60000 (85%)]	Loss: 0.315274
Train Epoch: 1 [57536/60000 (96%)]	Loss: 0.173689

Test set: Average loss: 0.1899, Accuracy: 9467/10000 (95%)

Train Epoch: 2 [6336/60000 (11%)]	Loss: 0.219228
Train Epoch: 2 [12736/60000 (21%)]	Loss: 0.116148
Train Epoch: 2 [19136/60000 (32%)]	Loss: 0.149356
Train Epoch: 2 [25536/60000 (43%)]	Loss: 0.231358
Train Epoch: 2 [31936/60000 (53%)]	Loss: 0.233770
Train Epoch: 2 [38336/60000 (64%)]	Loss: 0.098950
Train Epoch: 2 [44736/60000 (75%)]	Loss: 0.146781
Train Epoch: 2 [51136/60000 (85%)]	Loss: 0.123244
Train Epoch: 2 [57536/60000 (96%)]	Loss: 0.100566

Test set: Average loss: 0.1596, Accuracy: 9562/10000 (96%)

Namespace(batch_size=64, bias=None, data='../data', device=1, epochs=2, hidden_size=500, load_weights=None, log_interval=100, lr=0.1, model='widefc2', momentum=0.9, no_cuda=False, r=5, save_model=None, save_results=True, seed=1, sparsity=0.75, use_relu=False, wd=0.0005)


Total time spent pruning/training: 0.21 minutes
Total number of parameters in model: 1991352
Number of parameters in pruned model: 497838
