Namespace(batch_size=64, bias=None, data='../data', device=1, epochs=4, hidden_size=500, load_weights=None, log_interval=100, lr=0.1, model='widefc2', momentum=0.9, no_cuda=False, r=5, save_model=None, save_results=True, seed=1, sparsity=0.5, use_relu=False, wd=0.0005) 

Pruning a Wide Two-Layer Fully Connected network ...
Train Epoch: 1 [6336/60000 (11%)]	Loss: 0.407745
Train Epoch: 1 [12736/60000 (21%)]	Loss: 0.351249
Train Epoch: 1 [19136/60000 (32%)]	Loss: 0.274962
Train Epoch: 1 [25536/60000 (43%)]	Loss: 0.288066
Train Epoch: 1 [31936/60000 (53%)]	Loss: 0.233345
Train Epoch: 1 [38336/60000 (64%)]	Loss: 0.135031
Train Epoch: 1 [44736/60000 (75%)]	Loss: 0.314829
Train Epoch: 1 [51136/60000 (85%)]	Loss: 0.300489
Train Epoch: 1 [57536/60000 (96%)]	Loss: 0.148695

Test set: Average loss: 0.1637, Accuracy: 9531/10000 (95%)

Train Epoch: 2 [6336/60000 (11%)]	Loss: 0.183898
Train Epoch: 2 [12736/60000 (21%)]	Loss: 0.107642
Train Epoch: 2 [19136/60000 (32%)]	Loss: 0.117511
Train Epoch: 2 [25536/60000 (43%)]	Loss: 0.185068
Train Epoch: 2 [31936/60000 (53%)]	Loss: 0.183474
Train Epoch: 2 [38336/60000 (64%)]	Loss: 0.100874
Train Epoch: 2 [44736/60000 (75%)]	Loss: 0.146908
Train Epoch: 2 [51136/60000 (85%)]	Loss: 0.103810
Train Epoch: 2 [57536/60000 (96%)]	Loss: 0.062607

Test set: Average loss: 0.1274, Accuracy: 9642/10000 (96%)

Train Epoch: 3 [6336/60000 (11%)]	Loss: 0.099999
Train Epoch: 3 [12736/60000 (21%)]	Loss: 0.057503
Train Epoch: 3 [19136/60000 (32%)]	Loss: 0.054998
Train Epoch: 3 [25536/60000 (43%)]	Loss: 0.074787
Train Epoch: 3 [31936/60000 (53%)]	Loss: 0.185210
Train Epoch: 3 [38336/60000 (64%)]	Loss: 0.058300
Train Epoch: 3 [44736/60000 (75%)]	Loss: 0.092422
Train Epoch: 3 [51136/60000 (85%)]	Loss: 0.267863
Train Epoch: 3 [57536/60000 (96%)]	Loss: 0.054078

Test set: Average loss: 0.1094, Accuracy: 9689/10000 (97%)

Train Epoch: 4 [6336/60000 (11%)]	Loss: 0.092437
Train Epoch: 4 [12736/60000 (21%)]	Loss: 0.131996
Train Epoch: 4 [19136/60000 (32%)]	Loss: 0.070731
Train Epoch: 4 [25536/60000 (43%)]	Loss: 0.093727
Train Epoch: 4 [31936/60000 (53%)]	Loss: 0.093846
Train Epoch: 4 [38336/60000 (64%)]	Loss: 0.089123
Train Epoch: 4 [44736/60000 (75%)]	Loss: 0.105335
Train Epoch: 4 [51136/60000 (85%)]	Loss: 0.082631
Train Epoch: 4 [57536/60000 (96%)]	Loss: 0.061985

Test set: Average loss: 0.1015, Accuracy: 9713/10000 (97%)

Namespace(batch_size=64, bias=None, data='../data', device=1, epochs=4, hidden_size=500, load_weights=None, log_interval=100, lr=0.1, model='widefc2', momentum=0.9, no_cuda=False, r=5, save_model=None, save_results=True, seed=1, sparsity=0.5, use_relu=False, wd=0.0005)


Total time spent pruning/training: 0.42 minutes
Total number of parameters in model: 1991352
Number of parameters in pruned model: 995676
