Namespace(batch_size=64, bias=None, data='../data', device=1, epochs=12, hidden_size=500, load_weights=None, log_interval=100, lr=0.1, model='widefc2', momentum=0.9, no_cuda=False, r=5, save_model=None, save_results=True, seed=1, sparsity=0.99, use_relu=False, wd=0.0005) 

Pruning a Wide Two-Layer Fully Connected network ...
Train Epoch: 1 [6336/60000 (11%)]	Loss: 1.317138
Train Epoch: 1 [12736/60000 (21%)]	Loss: 1.091027
Train Epoch: 1 [19136/60000 (32%)]	Loss: 0.899554
Train Epoch: 1 [25536/60000 (43%)]	Loss: 0.847896
Train Epoch: 1 [31936/60000 (53%)]	Loss: 0.702438
Train Epoch: 1 [38336/60000 (64%)]	Loss: 0.735262
Train Epoch: 1 [44736/60000 (75%)]	Loss: 0.798211
Train Epoch: 1 [51136/60000 (85%)]	Loss: 0.783741
Train Epoch: 1 [57536/60000 (96%)]	Loss: 0.797000

Test set: Average loss: 0.7062, Accuracy: 8653/10000 (87%)

Train Epoch: 2 [6336/60000 (11%)]	Loss: 0.744855
Train Epoch: 2 [12736/60000 (21%)]	Loss: 0.652768
Train Epoch: 2 [19136/60000 (32%)]	Loss: 0.742120
Train Epoch: 2 [25536/60000 (43%)]	Loss: 0.771505
Train Epoch: 2 [31936/60000 (53%)]	Loss: 0.740213
Train Epoch: 2 [38336/60000 (64%)]	Loss: 0.610010
Train Epoch: 2 [44736/60000 (75%)]	Loss: 0.715398
Train Epoch: 2 [51136/60000 (85%)]	Loss: 0.643728
Train Epoch: 2 [57536/60000 (96%)]	Loss: 0.741574

Test set: Average loss: 0.6800, Accuracy: 8741/10000 (87%)

Train Epoch: 3 [6336/60000 (11%)]	Loss: 0.621301
Train Epoch: 3 [12736/60000 (21%)]	Loss: 0.599115
Train Epoch: 3 [19136/60000 (32%)]	Loss: 0.551729
Train Epoch: 3 [25536/60000 (43%)]	Loss: 0.702960
Train Epoch: 3 [31936/60000 (53%)]	Loss: 0.630615
Train Epoch: 3 [38336/60000 (64%)]	Loss: 0.709785
Train Epoch: 3 [44736/60000 (75%)]	Loss: 0.731694
Train Epoch: 3 [51136/60000 (85%)]	Loss: 0.698442
Train Epoch: 3 [57536/60000 (96%)]	Loss: 0.717914

Test set: Average loss: 0.6737, Accuracy: 8752/10000 (88%)

Train Epoch: 4 [6336/60000 (11%)]	Loss: 0.795703
Train Epoch: 4 [12736/60000 (21%)]	Loss: 0.711963
Train Epoch: 4 [19136/60000 (32%)]	Loss: 0.735705
Train Epoch: 4 [25536/60000 (43%)]	Loss: 0.715571
Train Epoch: 4 [31936/60000 (53%)]	Loss: 0.669108
Train Epoch: 4 [38336/60000 (64%)]	Loss: 0.687347
Train Epoch: 4 [44736/60000 (75%)]	Loss: 0.650076
Train Epoch: 4 [51136/60000 (85%)]	Loss: 0.684779
Train Epoch: 4 [57536/60000 (96%)]	Loss: 0.703004

Test set: Average loss: 0.6707, Accuracy: 8761/10000 (88%)

Train Epoch: 5 [6336/60000 (11%)]	Loss: 0.575962
Train Epoch: 5 [12736/60000 (21%)]	Loss: 0.625814
Train Epoch: 5 [19136/60000 (32%)]	Loss: 0.713874
Train Epoch: 5 [25536/60000 (43%)]	Loss: 0.737516
Train Epoch: 5 [31936/60000 (53%)]	Loss: 0.679914
Train Epoch: 5 [38336/60000 (64%)]	Loss: 0.813089
Train Epoch: 5 [44736/60000 (75%)]	Loss: 0.617934
Train Epoch: 5 [51136/60000 (85%)]	Loss: 0.640347
Train Epoch: 5 [57536/60000 (96%)]	Loss: 0.670819

Test set: Average loss: 0.6706, Accuracy: 8773/10000 (88%)

Train Epoch: 6 [6336/60000 (11%)]	Loss: 0.740923
Train Epoch: 6 [12736/60000 (21%)]	Loss: 0.783611
Train Epoch: 6 [19136/60000 (32%)]	Loss: 0.781777
Train Epoch: 6 [25536/60000 (43%)]	Loss: 0.663260
Train Epoch: 6 [31936/60000 (53%)]	Loss: 0.701136
Train Epoch: 6 [38336/60000 (64%)]	Loss: 0.584519
Train Epoch: 6 [44736/60000 (75%)]	Loss: 0.623139
Train Epoch: 6 [51136/60000 (85%)]	Loss: 0.721117
Train Epoch: 6 [57536/60000 (96%)]	Loss: 0.667817

Test set: Average loss: 0.6710, Accuracy: 8772/10000 (88%)

Train Epoch: 7 [6336/60000 (11%)]	Loss: 0.575879
Train Epoch: 7 [12736/60000 (21%)]	Loss: 0.641875
Train Epoch: 7 [19136/60000 (32%)]	Loss: 0.714963
Train Epoch: 7 [25536/60000 (43%)]	Loss: 0.628677
Train Epoch: 7 [31936/60000 (53%)]	Loss: 0.640333
Train Epoch: 7 [38336/60000 (64%)]	Loss: 0.762438
Train Epoch: 7 [44736/60000 (75%)]	Loss: 0.732915
Train Epoch: 7 [51136/60000 (85%)]	Loss: 0.676309
Train Epoch: 7 [57536/60000 (96%)]	Loss: 0.772803

Test set: Average loss: 0.6715, Accuracy: 8762/10000 (88%)

Train Epoch: 8 [6336/60000 (11%)]	Loss: 0.951614
Train Epoch: 8 [12736/60000 (21%)]	Loss: 0.723199
Train Epoch: 8 [19136/60000 (32%)]	Loss: 0.581876
Train Epoch: 8 [25536/60000 (43%)]	Loss: 0.735753
Train Epoch: 8 [31936/60000 (53%)]	Loss: 0.790974
Train Epoch: 8 [38336/60000 (64%)]	Loss: 0.607698
Train Epoch: 8 [44736/60000 (75%)]	Loss: 0.638588
Train Epoch: 8 [51136/60000 (85%)]	Loss: 0.644641
Train Epoch: 8 [57536/60000 (96%)]	Loss: 0.711101

Test set: Average loss: 0.6680, Accuracy: 8781/10000 (88%)

Train Epoch: 9 [6336/60000 (11%)]	Loss: 0.591091
Train Epoch: 9 [12736/60000 (21%)]	Loss: 0.640015
Train Epoch: 9 [19136/60000 (32%)]	Loss: 0.609798
Train Epoch: 9 [25536/60000 (43%)]	Loss: 0.581941
Train Epoch: 9 [31936/60000 (53%)]	Loss: 0.680923
Train Epoch: 9 [38336/60000 (64%)]	Loss: 0.671608
Train Epoch: 9 [44736/60000 (75%)]	Loss: 0.710134
Train Epoch: 9 [51136/60000 (85%)]	Loss: 0.760768
Train Epoch: 9 [57536/60000 (96%)]	Loss: 0.751322

Test set: Average loss: 0.6680, Accuracy: 8774/10000 (88%)

Train Epoch: 10 [6336/60000 (11%)]	Loss: 0.762071
Train Epoch: 10 [12736/60000 (21%)]	Loss: 0.671106
Train Epoch: 10 [19136/60000 (32%)]	Loss: 0.662058
Train Epoch: 10 [25536/60000 (43%)]	Loss: 0.616979
Train Epoch: 10 [31936/60000 (53%)]	Loss: 0.762889
Train Epoch: 10 [38336/60000 (64%)]	Loss: 0.620652
Train Epoch: 10 [44736/60000 (75%)]	Loss: 0.782058
Train Epoch: 10 [51136/60000 (85%)]	Loss: 0.706785
Train Epoch: 10 [57536/60000 (96%)]	Loss: 0.796292

Test set: Average loss: 0.6685, Accuracy: 8772/10000 (88%)

Train Epoch: 11 [6336/60000 (11%)]	Loss: 0.771398
Train Epoch: 11 [12736/60000 (21%)]	Loss: 0.573809
Train Epoch: 11 [19136/60000 (32%)]	Loss: 0.545566
Train Epoch: 11 [25536/60000 (43%)]	Loss: 0.665614
Train Epoch: 11 [31936/60000 (53%)]	Loss: 0.812014
Train Epoch: 11 [38336/60000 (64%)]	Loss: 0.663922
Train Epoch: 11 [44736/60000 (75%)]	Loss: 0.586632
Train Epoch: 11 [51136/60000 (85%)]	Loss: 0.756377
Train Epoch: 11 [57536/60000 (96%)]	Loss: 0.607173

Test set: Average loss: 0.6680, Accuracy: 8764/10000 (88%)

Train Epoch: 12 [6336/60000 (11%)]	Loss: 0.664094
Train Epoch: 12 [12736/60000 (21%)]	Loss: 0.710258
Train Epoch: 12 [19136/60000 (32%)]	Loss: 0.679457
Train Epoch: 12 [25536/60000 (43%)]	Loss: 0.605546
Train Epoch: 12 [31936/60000 (53%)]	Loss: 0.657316
Train Epoch: 12 [38336/60000 (64%)]	Loss: 0.763316
Train Epoch: 12 [44736/60000 (75%)]	Loss: 0.660805
Train Epoch: 12 [51136/60000 (85%)]	Loss: 0.735179
Train Epoch: 12 [57536/60000 (96%)]	Loss: 0.754403

Test set: Average loss: 0.6694, Accuracy: 8764/10000 (88%)

Namespace(batch_size=64, bias=None, data='../data', device=1, epochs=12, hidden_size=500, load_weights=None, log_interval=100, lr=0.1, model='widefc2', momentum=0.9, no_cuda=False, r=5, save_model=None, save_results=True, seed=1, sparsity=0.99, use_relu=False, wd=0.0005)


Total time spent pruning/training: 1.28 minutes
Total number of parameters in model: 1991352
Number of parameters in pruned model: 19913
