Namespace(batch_size=64, bias=None, data='../data', device=1, epochs=5, hidden_size=500, load_weights=None, log_interval=100, lr=0.1, model='widefc2', momentum=0.9, no_cuda=False, r=5, save_model=None, save_results=True, seed=1, sparsity=0.98, use_relu=False, wd=0.0005) 

Pruning a Wide Two-Layer Fully Connected network ...
Train Epoch: 1 [6336/60000 (11%)]	Loss: 0.976493
Train Epoch: 1 [12736/60000 (21%)]	Loss: 0.779079
Train Epoch: 1 [19136/60000 (32%)]	Loss: 0.632973
Train Epoch: 1 [25536/60000 (43%)]	Loss: 0.596070
Train Epoch: 1 [31936/60000 (53%)]	Loss: 0.507519
Train Epoch: 1 [38336/60000 (64%)]	Loss: 0.468656
Train Epoch: 1 [44736/60000 (75%)]	Loss: 0.522956
Train Epoch: 1 [51136/60000 (85%)]	Loss: 0.524211
Train Epoch: 1 [57536/60000 (96%)]	Loss: 0.491059

Test set: Average loss: 0.4384, Accuracy: 8946/10000 (89%)

Train Epoch: 2 [6336/60000 (11%)]	Loss: 0.474714
Train Epoch: 2 [12736/60000 (21%)]	Loss: 0.369208
Train Epoch: 2 [19136/60000 (32%)]	Loss: 0.446875
Train Epoch: 2 [25536/60000 (43%)]	Loss: 0.502202
Train Epoch: 2 [31936/60000 (53%)]	Loss: 0.485580
Train Epoch: 2 [38336/60000 (64%)]	Loss: 0.316920
Train Epoch: 2 [44736/60000 (75%)]	Loss: 0.375569
Train Epoch: 2 [51136/60000 (85%)]	Loss: 0.329030
Train Epoch: 2 [57536/60000 (96%)]	Loss: 0.418725

Test set: Average loss: 0.3949, Accuracy: 9038/10000 (90%)

Train Epoch: 3 [6336/60000 (11%)]	Loss: 0.315495
Train Epoch: 3 [12736/60000 (21%)]	Loss: 0.257401
Train Epoch: 3 [19136/60000 (32%)]	Loss: 0.289965
Train Epoch: 3 [25536/60000 (43%)]	Loss: 0.393041
Train Epoch: 3 [31936/60000 (53%)]	Loss: 0.388151
Train Epoch: 3 [38336/60000 (64%)]	Loss: 0.341171
Train Epoch: 3 [44736/60000 (75%)]	Loss: 0.406457
Train Epoch: 3 [51136/60000 (85%)]	Loss: 0.508030
Train Epoch: 3 [57536/60000 (96%)]	Loss: 0.349731

Test set: Average loss: 0.3828, Accuracy: 9083/10000 (91%)

Train Epoch: 4 [6336/60000 (11%)]	Loss: 0.478029
Train Epoch: 4 [12736/60000 (21%)]	Loss: 0.447188
Train Epoch: 4 [19136/60000 (32%)]	Loss: 0.482825
Train Epoch: 4 [25536/60000 (43%)]	Loss: 0.434106
Train Epoch: 4 [31936/60000 (53%)]	Loss: 0.422480
Train Epoch: 4 [38336/60000 (64%)]	Loss: 0.407400
Train Epoch: 4 [44736/60000 (75%)]	Loss: 0.360897
Train Epoch: 4 [51136/60000 (85%)]	Loss: 0.367165
Train Epoch: 4 [57536/60000 (96%)]	Loss: 0.371413

Test set: Average loss: 0.3791, Accuracy: 9066/10000 (91%)

Train Epoch: 5 [6336/60000 (11%)]	Loss: 0.268191
Train Epoch: 5 [12736/60000 (21%)]	Loss: 0.309870
Train Epoch: 5 [19136/60000 (32%)]	Loss: 0.388414
Train Epoch: 5 [25536/60000 (43%)]	Loss: 0.400502
Train Epoch: 5 [31936/60000 (53%)]	Loss: 0.394580
Train Epoch: 5 [38336/60000 (64%)]	Loss: 0.570326
Train Epoch: 5 [44736/60000 (75%)]	Loss: 0.340441
Train Epoch: 5 [51136/60000 (85%)]	Loss: 0.345213
Train Epoch: 5 [57536/60000 (96%)]	Loss: 0.350978

Test set: Average loss: 0.3770, Accuracy: 9075/10000 (91%)

Namespace(batch_size=64, bias=None, data='../data', device=1, epochs=5, hidden_size=500, load_weights=None, log_interval=100, lr=0.1, model='widefc2', momentum=0.9, no_cuda=False, r=5, save_model=None, save_results=True, seed=1, sparsity=0.98, use_relu=False, wd=0.0005)


Total time spent pruning/training: 0.53 minutes
Total number of parameters in model: 1991352
Number of parameters in pruned model: 39827
