Namespace(batch_size=64, bias=None, data='../data', device=1, epochs=6, hidden_size=500, load_weights=None, log_interval=100, lr=0.1, model='widefc2', momentum=0.9, no_cuda=False, r=5, save_model=None, save_results=True, seed=1, sparsity=0.02, use_relu=False, wd=0.0005) 

Pruning a Wide Two-Layer Fully Connected network ...
Train Epoch: 1 [6336/60000 (11%)]	Loss: 0.436037
Train Epoch: 1 [12736/60000 (21%)]	Loss: 0.454252
Train Epoch: 1 [19136/60000 (32%)]	Loss: 0.342930
Train Epoch: 1 [25536/60000 (43%)]	Loss: 0.439145
Train Epoch: 1 [31936/60000 (53%)]	Loss: 0.410088
Train Epoch: 1 [38336/60000 (64%)]	Loss: 0.350460
Train Epoch: 1 [44736/60000 (75%)]	Loss: 0.460197
Train Epoch: 1 [51136/60000 (85%)]	Loss: 0.588626
Train Epoch: 1 [57536/60000 (96%)]	Loss: 0.498986

Test set: Average loss: 0.6032, Accuracy: 8047/10000 (80%)

Train Epoch: 2 [6336/60000 (11%)]	Loss: 0.525156
Train Epoch: 2 [12736/60000 (21%)]	Loss: 0.521736
Train Epoch: 2 [19136/60000 (32%)]	Loss: 0.629098
Train Epoch: 2 [25536/60000 (43%)]	Loss: 0.911819
Train Epoch: 2 [31936/60000 (53%)]	Loss: 0.786700
Train Epoch: 2 [38336/60000 (64%)]	Loss: 0.810774
Train Epoch: 2 [44736/60000 (75%)]	Loss: 0.786736
Train Epoch: 2 [51136/60000 (85%)]	Loss: 0.929645
Train Epoch: 2 [57536/60000 (96%)]	Loss: 0.838350

Test set: Average loss: 0.9448, Accuracy: 7128/10000 (71%)

Train Epoch: 3 [6336/60000 (11%)]	Loss: 0.933588
Train Epoch: 3 [12736/60000 (21%)]	Loss: 1.016930
Train Epoch: 3 [19136/60000 (32%)]	Loss: 0.895843
Train Epoch: 3 [25536/60000 (43%)]	Loss: 1.234444
Train Epoch: 3 [31936/60000 (53%)]	Loss: 1.140040
Train Epoch: 3 [38336/60000 (64%)]	Loss: 1.108047
Train Epoch: 3 [44736/60000 (75%)]	Loss: 1.223936
Train Epoch: 3 [51136/60000 (85%)]	Loss: 1.365541
Train Epoch: 3 [57536/60000 (96%)]	Loss: 1.370195

Test set: Average loss: 1.3892, Accuracy: 5507/10000 (55%)

Train Epoch: 4 [6336/60000 (11%)]	Loss: 1.471154
Train Epoch: 4 [12736/60000 (21%)]	Loss: 1.378825
Train Epoch: 4 [19136/60000 (32%)]	Loss: 1.306122
Train Epoch: 4 [25536/60000 (43%)]	Loss: 1.329924
Train Epoch: 4 [31936/60000 (53%)]	Loss: 1.460226
Train Epoch: 4 [38336/60000 (64%)]	Loss: 1.478661
Train Epoch: 4 [44736/60000 (75%)]	Loss: 1.584321
Train Epoch: 4 [51136/60000 (85%)]	Loss: 1.494633
Train Epoch: 4 [57536/60000 (96%)]	Loss: 1.743435

Test set: Average loss: 1.5857, Accuracy: 4800/10000 (48%)

Train Epoch: 5 [6336/60000 (11%)]	Loss: 1.535878
Train Epoch: 5 [12736/60000 (21%)]	Loss: 1.632365
Train Epoch: 5 [19136/60000 (32%)]	Loss: 1.564242
Train Epoch: 5 [25536/60000 (43%)]	Loss: 1.755441
Train Epoch: 5 [31936/60000 (53%)]	Loss: 1.553911
Train Epoch: 5 [38336/60000 (64%)]	Loss: 1.773913
Train Epoch: 5 [44736/60000 (75%)]	Loss: 1.647336
Train Epoch: 5 [51136/60000 (85%)]	Loss: 1.433961
Train Epoch: 5 [57536/60000 (96%)]	Loss: 1.661736

Test set: Average loss: 1.6273, Accuracy: 4874/10000 (49%)

Train Epoch: 6 [6336/60000 (11%)]	Loss: 1.651196
Train Epoch: 6 [12736/60000 (21%)]	Loss: 1.686725
Train Epoch: 6 [19136/60000 (32%)]	Loss: 1.537034
Train Epoch: 6 [25536/60000 (43%)]	Loss: 1.590332
Train Epoch: 6 [31936/60000 (53%)]	Loss: 1.616400
Train Epoch: 6 [38336/60000 (64%)]	Loss: 1.617156
Train Epoch: 6 [44736/60000 (75%)]	Loss: 1.538686
Train Epoch: 6 [51136/60000 (85%)]	Loss: 1.636663
Train Epoch: 6 [57536/60000 (96%)]	Loss: 1.623949

Test set: Average loss: 1.6804, Accuracy: 4568/10000 (46%)

Namespace(batch_size=64, bias=None, data='../data', device=1, epochs=6, hidden_size=500, load_weights=None, log_interval=100, lr=0.1, model='widefc2', momentum=0.9, no_cuda=False, r=5, save_model=None, save_results=True, seed=1, sparsity=0.02, use_relu=False, wd=0.0005)


Total time spent pruning/training: 0.63 minutes
Total number of parameters in model: 1991352
Number of parameters in pruned model: 1951524
