Namespace(batch_size=64, bias=None, data='../data', device=1, epochs=16, hidden_size=500, load_weights=None, log_interval=100, lr=0.1, model='widefc2', momentum=0.9, no_cuda=False, r=5, save_model=None, save_results=True, seed=1, sparsity=0.1, use_relu=False, wd=0.0005) 

Pruning a Wide Two-Layer Fully Connected network ...
Train Epoch: 1 [6336/60000 (11%)]	Loss: 0.399839
Train Epoch: 1 [12736/60000 (21%)]	Loss: 0.369362
Train Epoch: 1 [19136/60000 (32%)]	Loss: 0.231173
Train Epoch: 1 [25536/60000 (43%)]	Loss: 0.264321
Train Epoch: 1 [31936/60000 (53%)]	Loss: 0.245795
Train Epoch: 1 [38336/60000 (64%)]	Loss: 0.130815
Train Epoch: 1 [44736/60000 (75%)]	Loss: 0.256024
Train Epoch: 1 [51136/60000 (85%)]	Loss: 0.294216
Train Epoch: 1 [57536/60000 (96%)]	Loss: 0.168441

Test set: Average loss: 0.1750, Accuracy: 9494/10000 (95%)

Train Epoch: 2 [6336/60000 (11%)]	Loss: 0.224945
Train Epoch: 2 [12736/60000 (21%)]	Loss: 0.127141
Train Epoch: 2 [19136/60000 (32%)]	Loss: 0.111983
Train Epoch: 2 [25536/60000 (43%)]	Loss: 0.234407
Train Epoch: 2 [31936/60000 (53%)]	Loss: 0.193696
Train Epoch: 2 [38336/60000 (64%)]	Loss: 0.139991
Train Epoch: 2 [44736/60000 (75%)]	Loss: 0.134056
Train Epoch: 2 [51136/60000 (85%)]	Loss: 0.101076
Train Epoch: 2 [57536/60000 (96%)]	Loss: 0.063929

Test set: Average loss: 0.1419, Accuracy: 9584/10000 (96%)

Train Epoch: 3 [6336/60000 (11%)]	Loss: 0.139791
Train Epoch: 3 [12736/60000 (21%)]	Loss: 0.065428
Train Epoch: 3 [19136/60000 (32%)]	Loss: 0.063573
Train Epoch: 3 [25536/60000 (43%)]	Loss: 0.112742
Train Epoch: 3 [31936/60000 (53%)]	Loss: 0.196279
Train Epoch: 3 [38336/60000 (64%)]	Loss: 0.078064
Train Epoch: 3 [44736/60000 (75%)]	Loss: 0.189548
Train Epoch: 3 [51136/60000 (85%)]	Loss: 0.336072
Train Epoch: 3 [57536/60000 (96%)]	Loss: 0.053239

Test set: Average loss: 0.1594, Accuracy: 9495/10000 (95%)

Train Epoch: 4 [6336/60000 (11%)]	Loss: 0.097033
Train Epoch: 4 [12736/60000 (21%)]	Loss: 0.292292
Train Epoch: 4 [19136/60000 (32%)]	Loss: 0.125320
Train Epoch: 4 [25536/60000 (43%)]	Loss: 0.096145
Train Epoch: 4 [31936/60000 (53%)]	Loss: 0.151192
Train Epoch: 4 [38336/60000 (64%)]	Loss: 0.151920
Train Epoch: 4 [44736/60000 (75%)]	Loss: 0.130402
Train Epoch: 4 [51136/60000 (85%)]	Loss: 0.084339
Train Epoch: 4 [57536/60000 (96%)]	Loss: 0.116194

Test set: Average loss: 0.1948, Accuracy: 9352/10000 (94%)

Train Epoch: 5 [6336/60000 (11%)]	Loss: 0.077718
Train Epoch: 5 [12736/60000 (21%)]	Loss: 0.047513
Train Epoch: 5 [19136/60000 (32%)]	Loss: 0.095398
Train Epoch: 5 [25536/60000 (43%)]	Loss: 0.185335
Train Epoch: 5 [31936/60000 (53%)]	Loss: 0.224241
Train Epoch: 5 [38336/60000 (64%)]	Loss: 0.195436
Train Epoch: 5 [44736/60000 (75%)]	Loss: 0.158161
Train Epoch: 5 [51136/60000 (85%)]	Loss: 0.080653
Train Epoch: 5 [57536/60000 (96%)]	Loss: 0.094272

Test set: Average loss: 0.1685, Accuracy: 9483/10000 (95%)

Train Epoch: 6 [6336/60000 (11%)]	Loss: 0.262601
Train Epoch: 6 [12736/60000 (21%)]	Loss: 0.066989
Train Epoch: 6 [19136/60000 (32%)]	Loss: 0.157608
Train Epoch: 6 [25536/60000 (43%)]	Loss: 0.267802
Train Epoch: 6 [31936/60000 (53%)]	Loss: 0.163419
Train Epoch: 6 [38336/60000 (64%)]	Loss: 0.322111
Train Epoch: 6 [44736/60000 (75%)]	Loss: 0.173605
Train Epoch: 6 [51136/60000 (85%)]	Loss: 0.203350
Train Epoch: 6 [57536/60000 (96%)]	Loss: 0.122404

Test set: Average loss: 0.1710, Accuracy: 9496/10000 (95%)

Train Epoch: 7 [6336/60000 (11%)]	Loss: 0.148231
Train Epoch: 7 [12736/60000 (21%)]	Loss: 0.135530
Train Epoch: 7 [19136/60000 (32%)]	Loss: 0.273902
Train Epoch: 7 [25536/60000 (43%)]	Loss: 0.216972
Train Epoch: 7 [31936/60000 (53%)]	Loss: 0.190132
Train Epoch: 7 [38336/60000 (64%)]	Loss: 0.376002
Train Epoch: 7 [44736/60000 (75%)]	Loss: 0.240658
Train Epoch: 7 [51136/60000 (85%)]	Loss: 0.160056
Train Epoch: 7 [57536/60000 (96%)]	Loss: 0.198557

Test set: Average loss: 0.2020, Accuracy: 9386/10000 (94%)

Train Epoch: 8 [6336/60000 (11%)]	Loss: 0.366312
Train Epoch: 8 [12736/60000 (21%)]	Loss: 0.255334
Train Epoch: 8 [19136/60000 (32%)]	Loss: 0.235712
Train Epoch: 8 [25536/60000 (43%)]	Loss: 0.193275
Train Epoch: 8 [31936/60000 (53%)]	Loss: 0.318211
Train Epoch: 8 [38336/60000 (64%)]	Loss: 0.167589
Train Epoch: 8 [44736/60000 (75%)]	Loss: 0.206695
Train Epoch: 8 [51136/60000 (85%)]	Loss: 0.257936
Train Epoch: 8 [57536/60000 (96%)]	Loss: 0.340183

Test set: Average loss: 0.3148, Accuracy: 9009/10000 (90%)

Train Epoch: 9 [6336/60000 (11%)]	Loss: 0.215787
Train Epoch: 9 [12736/60000 (21%)]	Loss: 0.186892
Train Epoch: 9 [19136/60000 (32%)]	Loss: 0.200555
Train Epoch: 9 [25536/60000 (43%)]	Loss: 0.144411
Train Epoch: 9 [31936/60000 (53%)]	Loss: 0.240952
Train Epoch: 9 [38336/60000 (64%)]	Loss: 0.278954
Train Epoch: 9 [44736/60000 (75%)]	Loss: 0.231503
Train Epoch: 9 [51136/60000 (85%)]	Loss: 0.419320
Train Epoch: 9 [57536/60000 (96%)]	Loss: 0.443124

Test set: Average loss: 0.3080, Accuracy: 9020/10000 (90%)

Train Epoch: 10 [6336/60000 (11%)]	Loss: 0.303315
Train Epoch: 10 [12736/60000 (21%)]	Loss: 0.268525
Train Epoch: 10 [19136/60000 (32%)]	Loss: 0.262189
Train Epoch: 10 [25536/60000 (43%)]	Loss: 0.311750
Train Epoch: 10 [31936/60000 (53%)]	Loss: 0.418948
Train Epoch: 10 [38336/60000 (64%)]	Loss: 0.193901
Train Epoch: 10 [44736/60000 (75%)]	Loss: 0.436770
Train Epoch: 10 [51136/60000 (85%)]	Loss: 0.234560
Train Epoch: 10 [57536/60000 (96%)]	Loss: 0.346549

Test set: Average loss: 0.4164, Accuracy: 8639/10000 (86%)

Train Epoch: 11 [6336/60000 (11%)]	Loss: 0.279699
Train Epoch: 11 [12736/60000 (21%)]	Loss: 0.148244
Train Epoch: 11 [19136/60000 (32%)]	Loss: 0.217307
Train Epoch: 11 [25536/60000 (43%)]	Loss: 0.199015
Train Epoch: 11 [31936/60000 (53%)]	Loss: 0.628304
Train Epoch: 11 [38336/60000 (64%)]	Loss: 0.232220
Train Epoch: 11 [44736/60000 (75%)]	Loss: 0.235717
Train Epoch: 11 [51136/60000 (85%)]	Loss: 0.265072
Train Epoch: 11 [57536/60000 (96%)]	Loss: 0.332631

Test set: Average loss: 0.3446, Accuracy: 8933/10000 (89%)

Train Epoch: 12 [6336/60000 (11%)]	Loss: 0.301809
Train Epoch: 12 [12736/60000 (21%)]	Loss: 0.329534
Train Epoch: 12 [19136/60000 (32%)]	Loss: 0.382214
Train Epoch: 12 [25536/60000 (43%)]	Loss: 0.207195
Train Epoch: 12 [31936/60000 (53%)]	Loss: 0.231709
Train Epoch: 12 [38336/60000 (64%)]	Loss: 0.384892
Train Epoch: 12 [44736/60000 (75%)]	Loss: 0.217513
Train Epoch: 12 [51136/60000 (85%)]	Loss: 0.396986
Train Epoch: 12 [57536/60000 (96%)]	Loss: 0.374063

Test set: Average loss: 0.3620, Accuracy: 8887/10000 (89%)

Train Epoch: 13 [6336/60000 (11%)]	Loss: 0.491446
Train Epoch: 13 [12736/60000 (21%)]	Loss: 0.251015
Train Epoch: 13 [19136/60000 (32%)]	Loss: 0.229890
Train Epoch: 13 [25536/60000 (43%)]	Loss: 0.322215
Train Epoch: 13 [31936/60000 (53%)]	Loss: 0.416330
Train Epoch: 13 [38336/60000 (64%)]	Loss: 0.483210
Train Epoch: 13 [44736/60000 (75%)]	Loss: 0.202323
Train Epoch: 13 [51136/60000 (85%)]	Loss: 0.361144
Train Epoch: 13 [57536/60000 (96%)]	Loss: 0.349755

Test set: Average loss: 0.3403, Accuracy: 8964/10000 (90%)

Train Epoch: 14 [6336/60000 (11%)]	Loss: 0.382990
Train Epoch: 14 [12736/60000 (21%)]	Loss: 0.280659
Train Epoch: 14 [19136/60000 (32%)]	Loss: 0.305003
Train Epoch: 14 [25536/60000 (43%)]	Loss: 0.358350
Train Epoch: 14 [31936/60000 (53%)]	Loss: 0.381392
Train Epoch: 14 [38336/60000 (64%)]	Loss: 0.281950
Train Epoch: 14 [44736/60000 (75%)]	Loss: 0.258592
Train Epoch: 14 [51136/60000 (85%)]	Loss: 0.307274
Train Epoch: 14 [57536/60000 (96%)]	Loss: 0.473214

Test set: Average loss: 0.3659, Accuracy: 8877/10000 (89%)

Train Epoch: 15 [6336/60000 (11%)]	Loss: 0.313575
Train Epoch: 15 [12736/60000 (21%)]	Loss: 0.371482
Train Epoch: 15 [19136/60000 (32%)]	Loss: 0.411556
Train Epoch: 15 [25536/60000 (43%)]	Loss: 0.274702
Train Epoch: 15 [31936/60000 (53%)]	Loss: 0.498500
Train Epoch: 15 [38336/60000 (64%)]	Loss: 0.568358
Train Epoch: 15 [44736/60000 (75%)]	Loss: 0.351710
Train Epoch: 15 [51136/60000 (85%)]	Loss: 0.281619
Train Epoch: 15 [57536/60000 (96%)]	Loss: 0.352224

Test set: Average loss: 0.3621, Accuracy: 8902/10000 (89%)

Train Epoch: 16 [6336/60000 (11%)]	Loss: 0.224624
Train Epoch: 16 [12736/60000 (21%)]	Loss: 0.401348
Train Epoch: 16 [19136/60000 (32%)]	Loss: 0.152738
Train Epoch: 16 [25536/60000 (43%)]	Loss: 0.280880
Train Epoch: 16 [31936/60000 (53%)]	Loss: 0.276733
Train Epoch: 16 [38336/60000 (64%)]	Loss: 0.241425
Train Epoch: 16 [44736/60000 (75%)]	Loss: 0.183925
Train Epoch: 16 [51136/60000 (85%)]	Loss: 0.338657
Train Epoch: 16 [57536/60000 (96%)]	Loss: 0.362292

Test set: Average loss: 0.3467, Accuracy: 8970/10000 (90%)

Namespace(batch_size=64, bias=None, data='../data', device=1, epochs=16, hidden_size=500, load_weights=None, log_interval=100, lr=0.1, model='widefc2', momentum=0.9, no_cuda=False, r=5, save_model=None, save_results=True, seed=1, sparsity=0.1, use_relu=False, wd=0.0005)


Total time spent pruning/training: 1.69 minutes
Total number of parameters in model: 1991352
Number of parameters in pruned model: 1792216
