Namespace(batch_size=64, bias=None, data='../data', device=1, epochs=14, hidden_size=500, load_weights=None, log_interval=100, lr=0.1, model='widefc2', momentum=0.9, no_cuda=False, r=5, save_model=None, save_results=True, seed=1, sparsity=0.99, use_relu=False, wd=0.0005) 

Pruning a Wide Two-Layer Fully Connected network ...
Train Epoch: 1 [6336/60000 (11%)]	Loss: 1.317138
Train Epoch: 1 [12736/60000 (21%)]	Loss: 1.091027
Train Epoch: 1 [19136/60000 (32%)]	Loss: 0.899554
Train Epoch: 1 [25536/60000 (43%)]	Loss: 0.847896
Train Epoch: 1 [31936/60000 (53%)]	Loss: 0.702438
Train Epoch: 1 [38336/60000 (64%)]	Loss: 0.735262
Train Epoch: 1 [44736/60000 (75%)]	Loss: 0.798211
Train Epoch: 1 [51136/60000 (85%)]	Loss: 0.783741
Train Epoch: 1 [57536/60000 (96%)]	Loss: 0.797000

Test set: Average loss: 0.7062, Accuracy: 8653/10000 (87%)

Train Epoch: 2 [6336/60000 (11%)]	Loss: 0.744960
Train Epoch: 2 [12736/60000 (21%)]	Loss: 0.652690
Train Epoch: 2 [19136/60000 (32%)]	Loss: 0.741466
Train Epoch: 2 [25536/60000 (43%)]	Loss: 0.771911
Train Epoch: 2 [31936/60000 (53%)]	Loss: 0.739718
Train Epoch: 2 [38336/60000 (64%)]	Loss: 0.610799
Train Epoch: 2 [44736/60000 (75%)]	Loss: 0.715971
Train Epoch: 2 [51136/60000 (85%)]	Loss: 0.643874
Train Epoch: 2 [57536/60000 (96%)]	Loss: 0.740763

Test set: Average loss: 0.6800, Accuracy: 8735/10000 (87%)

Train Epoch: 3 [6336/60000 (11%)]	Loss: 0.620912
Train Epoch: 3 [12736/60000 (21%)]	Loss: 0.591773
Train Epoch: 3 [19136/60000 (32%)]	Loss: 0.552509
Train Epoch: 3 [25536/60000 (43%)]	Loss: 0.703667
Train Epoch: 3 [31936/60000 (53%)]	Loss: 0.631928
Train Epoch: 3 [38336/60000 (64%)]	Loss: 0.709235
Train Epoch: 3 [44736/60000 (75%)]	Loss: 0.730658
Train Epoch: 3 [51136/60000 (85%)]	Loss: 0.700070
Train Epoch: 3 [57536/60000 (96%)]	Loss: 0.718719

Test set: Average loss: 0.6739, Accuracy: 8743/10000 (87%)

Train Epoch: 4 [6336/60000 (11%)]	Loss: 0.796724
Train Epoch: 4 [12736/60000 (21%)]	Loss: 0.712833
Train Epoch: 4 [19136/60000 (32%)]	Loss: 0.735783
Train Epoch: 4 [25536/60000 (43%)]	Loss: 0.713975
Train Epoch: 4 [31936/60000 (53%)]	Loss: 0.668615
Train Epoch: 4 [38336/60000 (64%)]	Loss: 0.688632
Train Epoch: 4 [44736/60000 (75%)]	Loss: 0.651195
Train Epoch: 4 [51136/60000 (85%)]	Loss: 0.683006
Train Epoch: 4 [57536/60000 (96%)]	Loss: 0.701420

Test set: Average loss: 0.6705, Accuracy: 8760/10000 (88%)

Train Epoch: 5 [6336/60000 (11%)]	Loss: 0.576201
Train Epoch: 5 [12736/60000 (21%)]	Loss: 0.625842
Train Epoch: 5 [19136/60000 (32%)]	Loss: 0.713090
Train Epoch: 5 [25536/60000 (43%)]	Loss: 0.737078
Train Epoch: 5 [31936/60000 (53%)]	Loss: 0.679079
Train Epoch: 5 [38336/60000 (64%)]	Loss: 0.813278
Train Epoch: 5 [44736/60000 (75%)]	Loss: 0.617905
Train Epoch: 5 [51136/60000 (85%)]	Loss: 0.641522
Train Epoch: 5 [57536/60000 (96%)]	Loss: 0.671266

Test set: Average loss: 0.6707, Accuracy: 8774/10000 (88%)

Train Epoch: 6 [6336/60000 (11%)]	Loss: 0.740772
Train Epoch: 6 [12736/60000 (21%)]	Loss: 0.783687
Train Epoch: 6 [19136/60000 (32%)]	Loss: 0.782207
Train Epoch: 6 [25536/60000 (43%)]	Loss: 0.664225
Train Epoch: 6 [31936/60000 (53%)]	Loss: 0.701360
Train Epoch: 6 [38336/60000 (64%)]	Loss: 0.583039
Train Epoch: 6 [44736/60000 (75%)]	Loss: 0.622977
Train Epoch: 6 [51136/60000 (85%)]	Loss: 0.720612
Train Epoch: 6 [57536/60000 (96%)]	Loss: 0.668372

Test set: Average loss: 0.6711, Accuracy: 8775/10000 (88%)

Train Epoch: 7 [6336/60000 (11%)]	Loss: 0.576510
Train Epoch: 7 [12736/60000 (21%)]	Loss: 0.641169
Train Epoch: 7 [19136/60000 (32%)]	Loss: 0.715146
Train Epoch: 7 [25536/60000 (43%)]	Loss: 0.628952
Train Epoch: 7 [31936/60000 (53%)]	Loss: 0.637719
Train Epoch: 7 [38336/60000 (64%)]	Loss: 0.761904
Train Epoch: 7 [44736/60000 (75%)]	Loss: 0.732855
Train Epoch: 7 [51136/60000 (85%)]	Loss: 0.677040
Train Epoch: 7 [57536/60000 (96%)]	Loss: 0.773889

Test set: Average loss: 0.6711, Accuracy: 8779/10000 (88%)

Train Epoch: 8 [6336/60000 (11%)]	Loss: 0.949085
Train Epoch: 8 [12736/60000 (21%)]	Loss: 0.723131
Train Epoch: 8 [19136/60000 (32%)]	Loss: 0.580950
Train Epoch: 8 [25536/60000 (43%)]	Loss: 0.735364
Train Epoch: 8 [31936/60000 (53%)]	Loss: 0.790976
Train Epoch: 8 [38336/60000 (64%)]	Loss: 0.606967
Train Epoch: 8 [44736/60000 (75%)]	Loss: 0.638695
Train Epoch: 8 [51136/60000 (85%)]	Loss: 0.643162
Train Epoch: 8 [57536/60000 (96%)]	Loss: 0.709537

Test set: Average loss: 0.6680, Accuracy: 8785/10000 (88%)

Train Epoch: 9 [6336/60000 (11%)]	Loss: 0.591757
Train Epoch: 9 [12736/60000 (21%)]	Loss: 0.639902
Train Epoch: 9 [19136/60000 (32%)]	Loss: 0.608768
Train Epoch: 9 [25536/60000 (43%)]	Loss: 0.584163
Train Epoch: 9 [31936/60000 (53%)]	Loss: 0.678523
Train Epoch: 9 [38336/60000 (64%)]	Loss: 0.672836
Train Epoch: 9 [44736/60000 (75%)]	Loss: 0.710861
Train Epoch: 9 [51136/60000 (85%)]	Loss: 0.761943
Train Epoch: 9 [57536/60000 (96%)]	Loss: 0.751364

Test set: Average loss: 0.6679, Accuracy: 8772/10000 (88%)

Train Epoch: 10 [6336/60000 (11%)]	Loss: 0.761624
Train Epoch: 10 [12736/60000 (21%)]	Loss: 0.670477
Train Epoch: 10 [19136/60000 (32%)]	Loss: 0.660498
Train Epoch: 10 [25536/60000 (43%)]	Loss: 0.618571
Train Epoch: 10 [31936/60000 (53%)]	Loss: 0.762466
Train Epoch: 10 [38336/60000 (64%)]	Loss: 0.620621
Train Epoch: 10 [44736/60000 (75%)]	Loss: 0.780175
Train Epoch: 10 [51136/60000 (85%)]	Loss: 0.704176
Train Epoch: 10 [57536/60000 (96%)]	Loss: 0.797434

Test set: Average loss: 0.6685, Accuracy: 8779/10000 (88%)

Train Epoch: 11 [6336/60000 (11%)]	Loss: 0.771715
Train Epoch: 11 [12736/60000 (21%)]	Loss: 0.574655
Train Epoch: 11 [19136/60000 (32%)]	Loss: 0.545261
Train Epoch: 11 [25536/60000 (43%)]	Loss: 0.665304
Train Epoch: 11 [31936/60000 (53%)]	Loss: 0.812089
Train Epoch: 11 [38336/60000 (64%)]	Loss: 0.663562
Train Epoch: 11 [44736/60000 (75%)]	Loss: 0.588660
Train Epoch: 11 [51136/60000 (85%)]	Loss: 0.756850
Train Epoch: 11 [57536/60000 (96%)]	Loss: 0.605979

Test set: Average loss: 0.6682, Accuracy: 8768/10000 (88%)

Train Epoch: 12 [6336/60000 (11%)]	Loss: 0.661400
Train Epoch: 12 [12736/60000 (21%)]	Loss: 0.712284
Train Epoch: 12 [19136/60000 (32%)]	Loss: 0.681503
Train Epoch: 12 [25536/60000 (43%)]	Loss: 0.605262
Train Epoch: 12 [31936/60000 (53%)]	Loss: 0.657271
Train Epoch: 12 [38336/60000 (64%)]	Loss: 0.765340
Train Epoch: 12 [44736/60000 (75%)]	Loss: 0.662973
Train Epoch: 12 [51136/60000 (85%)]	Loss: 0.733482
Train Epoch: 12 [57536/60000 (96%)]	Loss: 0.754921

Test set: Average loss: 0.6695, Accuracy: 8767/10000 (88%)

Train Epoch: 13 [6336/60000 (11%)]	Loss: 0.683973
Train Epoch: 13 [12736/60000 (21%)]	Loss: 0.614680
Train Epoch: 13 [19136/60000 (32%)]	Loss: 0.676541
Train Epoch: 13 [25536/60000 (43%)]	Loss: 0.686131
Train Epoch: 13 [31936/60000 (53%)]	Loss: 0.721159
Train Epoch: 13 [38336/60000 (64%)]	Loss: 0.817290
Train Epoch: 13 [44736/60000 (75%)]	Loss: 0.601613
Train Epoch: 13 [51136/60000 (85%)]	Loss: 0.673936
Train Epoch: 13 [57536/60000 (96%)]	Loss: 0.721705

Test set: Average loss: 0.6680, Accuracy: 8771/10000 (88%)

Train Epoch: 14 [6336/60000 (11%)]	Loss: 0.712397
Train Epoch: 14 [12736/60000 (21%)]	Loss: 0.750820
Train Epoch: 14 [19136/60000 (32%)]	Loss: 0.726755
Train Epoch: 14 [25536/60000 (43%)]	Loss: 0.720462
Train Epoch: 14 [31936/60000 (53%)]	Loss: 0.754817
Train Epoch: 14 [38336/60000 (64%)]	Loss: 0.719928
Train Epoch: 14 [44736/60000 (75%)]	Loss: 0.645548
Train Epoch: 14 [51136/60000 (85%)]	Loss: 0.693060
Train Epoch: 14 [57536/60000 (96%)]	Loss: 0.713140

Test set: Average loss: 0.6684, Accuracy: 8774/10000 (88%)

Namespace(batch_size=64, bias=None, data='../data', device=1, epochs=14, hidden_size=500, load_weights=None, log_interval=100, lr=0.1, model='widefc2', momentum=0.9, no_cuda=False, r=5, save_model=None, save_results=True, seed=1, sparsity=0.99, use_relu=False, wd=0.0005)


Total time spent pruning/training: 1.48 minutes
Total number of parameters in model: 1991352
Number of parameters in pruned model: 19913
