Namespace(batch_size=64, bias=None, data='../data', device=1, epochs=11, hidden_size=500, load_weights=None, log_interval=100, lr=0.1, model='widefc2', momentum=0.9, no_cuda=False, r=5, save_model=None, save_results=True, seed=1, sparsity=0.95, use_relu=False, wd=0.0005) 

Pruning a Wide Two-Layer Fully Connected network ...
Train Epoch: 1 [6336/60000 (11%)]	Loss: 0.675023
Train Epoch: 1 [12736/60000 (21%)]	Loss: 0.556639
Train Epoch: 1 [19136/60000 (32%)]	Loss: 0.438839
Train Epoch: 1 [25536/60000 (43%)]	Loss: 0.459859
Train Epoch: 1 [31936/60000 (53%)]	Loss: 0.406084
Train Epoch: 1 [38336/60000 (64%)]	Loss: 0.311373
Train Epoch: 1 [44736/60000 (75%)]	Loss: 0.412441
Train Epoch: 1 [51136/60000 (85%)]	Loss: 0.399826
Train Epoch: 1 [57536/60000 (96%)]	Loss: 0.326061

Test set: Average loss: 0.3124, Accuracy: 9192/10000 (92%)

Train Epoch: 2 [6336/60000 (11%)]	Loss: 0.356145
Train Epoch: 2 [12736/60000 (21%)]	Loss: 0.223367
Train Epoch: 2 [19136/60000 (32%)]	Loss: 0.301217
Train Epoch: 2 [25536/60000 (43%)]	Loss: 0.390209
Train Epoch: 2 [31936/60000 (53%)]	Loss: 0.403834
Train Epoch: 2 [38336/60000 (64%)]	Loss: 0.188172
Train Epoch: 2 [44736/60000 (75%)]	Loss: 0.218408
Train Epoch: 2 [51136/60000 (85%)]	Loss: 0.207520
Train Epoch: 2 [57536/60000 (96%)]	Loss: 0.231235

Test set: Average loss: 0.2685, Accuracy: 9260/10000 (93%)

Train Epoch: 3 [6336/60000 (11%)]	Loss: 0.215388
Train Epoch: 3 [12736/60000 (21%)]	Loss: 0.146724
Train Epoch: 3 [19136/60000 (32%)]	Loss: 0.194885
Train Epoch: 3 [25536/60000 (43%)]	Loss: 0.236292
Train Epoch: 3 [31936/60000 (53%)]	Loss: 0.288964
Train Epoch: 3 [38336/60000 (64%)]	Loss: 0.159132
Train Epoch: 3 [44736/60000 (75%)]	Loss: 0.264961
Train Epoch: 3 [51136/60000 (85%)]	Loss: 0.437140
Train Epoch: 3 [57536/60000 (96%)]	Loss: 0.151620

Test set: Average loss: 0.2390, Accuracy: 9355/10000 (94%)

Train Epoch: 4 [6336/60000 (11%)]	Loss: 0.281054
Train Epoch: 4 [12736/60000 (21%)]	Loss: 0.303110
Train Epoch: 4 [19136/60000 (32%)]	Loss: 0.288774
Train Epoch: 4 [25536/60000 (43%)]	Loss: 0.255475
Train Epoch: 4 [31936/60000 (53%)]	Loss: 0.271214
Train Epoch: 4 [38336/60000 (64%)]	Loss: 0.265256
Train Epoch: 4 [44736/60000 (75%)]	Loss: 0.210524
Train Epoch: 4 [51136/60000 (85%)]	Loss: 0.214591
Train Epoch: 4 [57536/60000 (96%)]	Loss: 0.213518

Test set: Average loss: 0.2252, Accuracy: 9383/10000 (94%)

Train Epoch: 5 [6336/60000 (11%)]	Loss: 0.119117
Train Epoch: 5 [12736/60000 (21%)]	Loss: 0.127566
Train Epoch: 5 [19136/60000 (32%)]	Loss: 0.149826
Train Epoch: 5 [25536/60000 (43%)]	Loss: 0.225820
Train Epoch: 5 [31936/60000 (53%)]	Loss: 0.252201
Train Epoch: 5 [38336/60000 (64%)]	Loss: 0.417984
Train Epoch: 5 [44736/60000 (75%)]	Loss: 0.205253
Train Epoch: 5 [51136/60000 (85%)]	Loss: 0.152637
Train Epoch: 5 [57536/60000 (96%)]	Loss: 0.173095

Test set: Average loss: 0.2129, Accuracy: 9418/10000 (94%)

Train Epoch: 6 [6336/60000 (11%)]	Loss: 0.245075
Train Epoch: 6 [12736/60000 (21%)]	Loss: 0.197793
Train Epoch: 6 [19136/60000 (32%)]	Loss: 0.211595
Train Epoch: 6 [25536/60000 (43%)]	Loss: 0.252545
Train Epoch: 6 [31936/60000 (53%)]	Loss: 0.213304
Train Epoch: 6 [38336/60000 (64%)]	Loss: 0.193738
Train Epoch: 6 [44736/60000 (75%)]	Loss: 0.150337
Train Epoch: 6 [51136/60000 (85%)]	Loss: 0.221891
Train Epoch: 6 [57536/60000 (96%)]	Loss: 0.160990

Test set: Average loss: 0.2082, Accuracy: 9425/10000 (94%)

Train Epoch: 7 [6336/60000 (11%)]	Loss: 0.125444
Train Epoch: 7 [12736/60000 (21%)]	Loss: 0.144000
Train Epoch: 7 [19136/60000 (32%)]	Loss: 0.242007
Train Epoch: 7 [25536/60000 (43%)]	Loss: 0.134838
Train Epoch: 7 [31936/60000 (53%)]	Loss: 0.269998
Train Epoch: 7 [38336/60000 (64%)]	Loss: 0.195529
Train Epoch: 7 [44736/60000 (75%)]	Loss: 0.212564
Train Epoch: 7 [51136/60000 (85%)]	Loss: 0.140793
Train Epoch: 7 [57536/60000 (96%)]	Loss: 0.209532

Test set: Average loss: 0.1966, Accuracy: 9460/10000 (95%)

Train Epoch: 8 [6336/60000 (11%)]	Loss: 0.408884
Train Epoch: 8 [12736/60000 (21%)]	Loss: 0.194340
Train Epoch: 8 [19136/60000 (32%)]	Loss: 0.129163
Train Epoch: 8 [25536/60000 (43%)]	Loss: 0.227277
Train Epoch: 8 [31936/60000 (53%)]	Loss: 0.274719
Train Epoch: 8 [38336/60000 (64%)]	Loss: 0.122251
Train Epoch: 8 [44736/60000 (75%)]	Loss: 0.157453
Train Epoch: 8 [51136/60000 (85%)]	Loss: 0.159768
Train Epoch: 8 [57536/60000 (96%)]	Loss: 0.269950

Test set: Average loss: 0.1929, Accuracy: 9472/10000 (95%)

Train Epoch: 9 [6336/60000 (11%)]	Loss: 0.153376
Train Epoch: 9 [12736/60000 (21%)]	Loss: 0.128274
Train Epoch: 9 [19136/60000 (32%)]	Loss: 0.136348
Train Epoch: 9 [25536/60000 (43%)]	Loss: 0.124589
Train Epoch: 9 [31936/60000 (53%)]	Loss: 0.193033
Train Epoch: 9 [38336/60000 (64%)]	Loss: 0.144505
Train Epoch: 9 [44736/60000 (75%)]	Loss: 0.180185
Train Epoch: 9 [51136/60000 (85%)]	Loss: 0.245348
Train Epoch: 9 [57536/60000 (96%)]	Loss: 0.340612

Test set: Average loss: 0.1911, Accuracy: 9464/10000 (95%)

Train Epoch: 10 [6336/60000 (11%)]	Loss: 0.158266
Train Epoch: 10 [12736/60000 (21%)]	Loss: 0.166427
Train Epoch: 10 [19136/60000 (32%)]	Loss: 0.145696
Train Epoch: 10 [25536/60000 (43%)]	Loss: 0.157610
Train Epoch: 10 [31936/60000 (53%)]	Loss: 0.254663
Train Epoch: 10 [38336/60000 (64%)]	Loss: 0.115719
Train Epoch: 10 [44736/60000 (75%)]	Loss: 0.241279
Train Epoch: 10 [51136/60000 (85%)]	Loss: 0.113172
Train Epoch: 10 [57536/60000 (96%)]	Loss: 0.197271

Test set: Average loss: 0.1891, Accuracy: 9487/10000 (95%)

Train Epoch: 11 [6336/60000 (11%)]	Loss: 0.167225
Train Epoch: 11 [12736/60000 (21%)]	Loss: 0.106863
Train Epoch: 11 [19136/60000 (32%)]	Loss: 0.112452
Train Epoch: 11 [25536/60000 (43%)]	Loss: 0.136664
Train Epoch: 11 [31936/60000 (53%)]	Loss: 0.209513
Train Epoch: 11 [38336/60000 (64%)]	Loss: 0.176308
Train Epoch: 11 [44736/60000 (75%)]	Loss: 0.110779
Train Epoch: 11 [51136/60000 (85%)]	Loss: 0.101024
Train Epoch: 11 [57536/60000 (96%)]	Loss: 0.145675

Test set: Average loss: 0.1889, Accuracy: 9487/10000 (95%)

Namespace(batch_size=64, bias=None, data='../data', device=1, epochs=11, hidden_size=500, load_weights=None, log_interval=100, lr=0.1, model='widefc2', momentum=0.9, no_cuda=False, r=5, save_model=None, save_results=True, seed=1, sparsity=0.95, use_relu=False, wd=0.0005)


Total time spent pruning/training: 1.16 minutes
Total number of parameters in model: 1991352
Number of parameters in pruned model: 99567
