Namespace(batch_size=64, bias=None, data='../data', device=1, epochs=11, hidden_size=500, load_weights=None, log_interval=100, lr=0.1, model='widefc2', momentum=0.9, no_cuda=False, r=5, save_model=None, save_results=True, seed=1, sparsity=0.1, use_relu=False, wd=0.0005) 

Pruning a Wide Two-Layer Fully Connected network ...
Train Epoch: 1 [6336/60000 (11%)]	Loss: 0.399839
Train Epoch: 1 [12736/60000 (21%)]	Loss: 0.369362
Train Epoch: 1 [19136/60000 (32%)]	Loss: 0.231173
Train Epoch: 1 [25536/60000 (43%)]	Loss: 0.264321
Train Epoch: 1 [31936/60000 (53%)]	Loss: 0.245795
Train Epoch: 1 [38336/60000 (64%)]	Loss: 0.130815
Train Epoch: 1 [44736/60000 (75%)]	Loss: 0.256024
Train Epoch: 1 [51136/60000 (85%)]	Loss: 0.294216
Train Epoch: 1 [57536/60000 (96%)]	Loss: 0.168441

Test set: Average loss: 0.1750, Accuracy: 9494/10000 (95%)

Train Epoch: 2 [6336/60000 (11%)]	Loss: 0.217309
Train Epoch: 2 [12736/60000 (21%)]	Loss: 0.126701
Train Epoch: 2 [19136/60000 (32%)]	Loss: 0.114503
Train Epoch: 2 [25536/60000 (43%)]	Loss: 0.218760
Train Epoch: 2 [31936/60000 (53%)]	Loss: 0.199265
Train Epoch: 2 [38336/60000 (64%)]	Loss: 0.151631
Train Epoch: 2 [44736/60000 (75%)]	Loss: 0.141150
Train Epoch: 2 [51136/60000 (85%)]	Loss: 0.092492
Train Epoch: 2 [57536/60000 (96%)]	Loss: 0.068187

Test set: Average loss: 0.1427, Accuracy: 9581/10000 (96%)

Train Epoch: 3 [6336/60000 (11%)]	Loss: 0.141680
Train Epoch: 3 [12736/60000 (21%)]	Loss: 0.063875
Train Epoch: 3 [19136/60000 (32%)]	Loss: 0.061069
Train Epoch: 3 [25536/60000 (43%)]	Loss: 0.112083
Train Epoch: 3 [31936/60000 (53%)]	Loss: 0.206017
Train Epoch: 3 [38336/60000 (64%)]	Loss: 0.087136
Train Epoch: 3 [44736/60000 (75%)]	Loss: 0.179066
Train Epoch: 3 [51136/60000 (85%)]	Loss: 0.348168
Train Epoch: 3 [57536/60000 (96%)]	Loss: 0.057247

Test set: Average loss: 0.1491, Accuracy: 9534/10000 (95%)

Train Epoch: 4 [6336/60000 (11%)]	Loss: 0.102715
Train Epoch: 4 [12736/60000 (21%)]	Loss: 0.272243
Train Epoch: 4 [19136/60000 (32%)]	Loss: 0.123177
Train Epoch: 4 [25536/60000 (43%)]	Loss: 0.099814
Train Epoch: 4 [31936/60000 (53%)]	Loss: 0.147863
Train Epoch: 4 [38336/60000 (64%)]	Loss: 0.144912
Train Epoch: 4 [44736/60000 (75%)]	Loss: 0.128309
Train Epoch: 4 [51136/60000 (85%)]	Loss: 0.095279
Train Epoch: 4 [57536/60000 (96%)]	Loss: 0.114913

Test set: Average loss: 0.1806, Accuracy: 9420/10000 (94%)

Train Epoch: 5 [6336/60000 (11%)]	Loss: 0.049850
Train Epoch: 5 [12736/60000 (21%)]	Loss: 0.027454
Train Epoch: 5 [19136/60000 (32%)]	Loss: 0.075743
Train Epoch: 5 [25536/60000 (43%)]	Loss: 0.184139
Train Epoch: 5 [31936/60000 (53%)]	Loss: 0.206752
Train Epoch: 5 [38336/60000 (64%)]	Loss: 0.149073
Train Epoch: 5 [44736/60000 (75%)]	Loss: 0.136965
Train Epoch: 5 [51136/60000 (85%)]	Loss: 0.065747
Train Epoch: 5 [57536/60000 (96%)]	Loss: 0.082686

Test set: Average loss: 0.1582, Accuracy: 9500/10000 (95%)

Train Epoch: 6 [6336/60000 (11%)]	Loss: 0.210157
Train Epoch: 6 [12736/60000 (21%)]	Loss: 0.068779
Train Epoch: 6 [19136/60000 (32%)]	Loss: 0.118862
Train Epoch: 6 [25536/60000 (43%)]	Loss: 0.173108
Train Epoch: 6 [31936/60000 (53%)]	Loss: 0.087036
Train Epoch: 6 [38336/60000 (64%)]	Loss: 0.245553
Train Epoch: 6 [44736/60000 (75%)]	Loss: 0.174266
Train Epoch: 6 [51136/60000 (85%)]	Loss: 0.212725
Train Epoch: 6 [57536/60000 (96%)]	Loss: 0.095978

Test set: Average loss: 0.1754, Accuracy: 9463/10000 (95%)

Train Epoch: 7 [6336/60000 (11%)]	Loss: 0.074567
Train Epoch: 7 [12736/60000 (21%)]	Loss: 0.080323
Train Epoch: 7 [19136/60000 (32%)]	Loss: 0.200661
Train Epoch: 7 [25536/60000 (43%)]	Loss: 0.152023
Train Epoch: 7 [31936/60000 (53%)]	Loss: 0.199647
Train Epoch: 7 [38336/60000 (64%)]	Loss: 0.210180
Train Epoch: 7 [44736/60000 (75%)]	Loss: 0.201373
Train Epoch: 7 [51136/60000 (85%)]	Loss: 0.067390
Train Epoch: 7 [57536/60000 (96%)]	Loss: 0.135227

Test set: Average loss: 0.1596, Accuracy: 9507/10000 (95%)

Train Epoch: 8 [6336/60000 (11%)]	Loss: 0.280494
Train Epoch: 8 [12736/60000 (21%)]	Loss: 0.160680
Train Epoch: 8 [19136/60000 (32%)]	Loss: 0.063333
Train Epoch: 8 [25536/60000 (43%)]	Loss: 0.195278
Train Epoch: 8 [31936/60000 (53%)]	Loss: 0.234879
Train Epoch: 8 [38336/60000 (64%)]	Loss: 0.110398
Train Epoch: 8 [44736/60000 (75%)]	Loss: 0.123903
Train Epoch: 8 [51136/60000 (85%)]	Loss: 0.113388
Train Epoch: 8 [57536/60000 (96%)]	Loss: 0.237220

Test set: Average loss: 0.1739, Accuracy: 9448/10000 (94%)

Train Epoch: 9 [6336/60000 (11%)]	Loss: 0.144316
Train Epoch: 9 [12736/60000 (21%)]	Loss: 0.108306
Train Epoch: 9 [19136/60000 (32%)]	Loss: 0.079450
Train Epoch: 9 [25536/60000 (43%)]	Loss: 0.078307
Train Epoch: 9 [31936/60000 (53%)]	Loss: 0.113583
Train Epoch: 9 [38336/60000 (64%)]	Loss: 0.065421
Train Epoch: 9 [44736/60000 (75%)]	Loss: 0.105068
Train Epoch: 9 [51136/60000 (85%)]	Loss: 0.166480
Train Epoch: 9 [57536/60000 (96%)]	Loss: 0.231944

Test set: Average loss: 0.1608, Accuracy: 9480/10000 (95%)

Train Epoch: 10 [6336/60000 (11%)]	Loss: 0.157266
Train Epoch: 10 [12736/60000 (21%)]	Loss: 0.090895
Train Epoch: 10 [19136/60000 (32%)]	Loss: 0.078905
Train Epoch: 10 [25536/60000 (43%)]	Loss: 0.101252
Train Epoch: 10 [31936/60000 (53%)]	Loss: 0.253295
Train Epoch: 10 [38336/60000 (64%)]	Loss: 0.071475
Train Epoch: 10 [44736/60000 (75%)]	Loss: 0.081613
Train Epoch: 10 [51136/60000 (85%)]	Loss: 0.039154
Train Epoch: 10 [57536/60000 (96%)]	Loss: 0.080210

Test set: Average loss: 0.1286, Accuracy: 9579/10000 (96%)

Train Epoch: 11 [6336/60000 (11%)]	Loss: 0.048170
Train Epoch: 11 [12736/60000 (21%)]	Loss: 0.021320
Train Epoch: 11 [19136/60000 (32%)]	Loss: 0.029753
Train Epoch: 11 [25536/60000 (43%)]	Loss: 0.035681
Train Epoch: 11 [31936/60000 (53%)]	Loss: 0.085479
Train Epoch: 11 [38336/60000 (64%)]	Loss: 0.079419
Train Epoch: 11 [44736/60000 (75%)]	Loss: 0.046901
Train Epoch: 11 [51136/60000 (85%)]	Loss: 0.032745
Train Epoch: 11 [57536/60000 (96%)]	Loss: 0.032858

Test set: Average loss: 0.0810, Accuracy: 9760/10000 (98%)

Namespace(batch_size=64, bias=None, data='../data', device=1, epochs=11, hidden_size=500, load_weights=None, log_interval=100, lr=0.1, model='widefc2', momentum=0.9, no_cuda=False, r=5, save_model=None, save_results=True, seed=1, sparsity=0.1, use_relu=False, wd=0.0005)


Total time spent pruning/training: 1.18 minutes
Total number of parameters in model: 1991352
Number of parameters in pruned model: 1792216
