Namespace(batch_size=64, bias=None, data='../data', device=0, epochs=10, hidden_size=500, load_weights='./paper/lenet5/lenet5_e50_h500.pt', log_interval=100, lr=0.01, model='redlenet5', momentum=0.9, no_cuda=False, r=5, save_model=None, save_results=True, seed=1, sparsity=0.25, use_relu=False, wd=0.0005) 

Training a RedLeNet5 network ...
Train Epoch: 1 [6336/60000 (11%)]	Loss: 1.056318
Train Epoch: 1 [12736/60000 (21%)]	Loss: 0.685629
Train Epoch: 1 [19136/60000 (32%)]	Loss: 0.394015
Train Epoch: 1 [25536/60000 (43%)]	Loss: 0.240289
Train Epoch: 1 [31936/60000 (53%)]	Loss: 0.418858
Train Epoch: 1 [38336/60000 (64%)]	Loss: 0.448060
Train Epoch: 1 [44736/60000 (75%)]	Loss: 0.229406
Train Epoch: 1 [51136/60000 (85%)]	Loss: 0.296065
Train Epoch: 1 [57536/60000 (96%)]	Loss: 0.469141

Test set: Average loss: 0.2803, Accuracy: 9091/10000 (91%)

Train Epoch: 2 [6336/60000 (11%)]	Loss: 0.231444
Train Epoch: 2 [12736/60000 (21%)]	Loss: 0.209939
Train Epoch: 2 [19136/60000 (32%)]	Loss: 0.230958
Train Epoch: 2 [25536/60000 (43%)]	Loss: 0.342155
Train Epoch: 2 [31936/60000 (53%)]	Loss: 0.674003
Train Epoch: 2 [38336/60000 (64%)]	Loss: 0.466067
Train Epoch: 2 [44736/60000 (75%)]	Loss: 0.123761
Train Epoch: 2 [51136/60000 (85%)]	Loss: 0.291711
Train Epoch: 2 [57536/60000 (96%)]	Loss: 0.330615

Test set: Average loss: 0.2608, Accuracy: 9206/10000 (92%)

Train Epoch: 3 [6336/60000 (11%)]	Loss: 0.286348
Train Epoch: 3 [12736/60000 (21%)]	Loss: 0.289211
Train Epoch: 3 [19136/60000 (32%)]	Loss: 0.214503
Train Epoch: 3 [25536/60000 (43%)]	Loss: 0.099849
Train Epoch: 3 [31936/60000 (53%)]	Loss: 0.192357
Train Epoch: 3 [38336/60000 (64%)]	Loss: 0.214734
Train Epoch: 3 [44736/60000 (75%)]	Loss: 0.114728
Train Epoch: 3 [51136/60000 (85%)]	Loss: 0.088934
Train Epoch: 3 [57536/60000 (96%)]	Loss: 0.256071

Test set: Average loss: 0.1681, Accuracy: 9459/10000 (95%)

Train Epoch: 4 [6336/60000 (11%)]	Loss: 0.183597
Train Epoch: 4 [12736/60000 (21%)]	Loss: 0.190713
Train Epoch: 4 [19136/60000 (32%)]	Loss: 0.254220
Train Epoch: 4 [25536/60000 (43%)]	Loss: 0.325838
Train Epoch: 4 [31936/60000 (53%)]	Loss: 0.275898
Train Epoch: 4 [38336/60000 (64%)]	Loss: 0.225036
Train Epoch: 4 [44736/60000 (75%)]	Loss: 0.203723
Train Epoch: 4 [51136/60000 (85%)]	Loss: 0.147552
Train Epoch: 4 [57536/60000 (96%)]	Loss: 0.496171

Test set: Average loss: 0.1750, Accuracy: 9436/10000 (94%)

Train Epoch: 5 [6336/60000 (11%)]	Loss: 0.105837
Train Epoch: 5 [12736/60000 (21%)]	Loss: 0.163115
Train Epoch: 5 [19136/60000 (32%)]	Loss: 0.170462
Train Epoch: 5 [25536/60000 (43%)]	Loss: 0.126361
Train Epoch: 5 [31936/60000 (53%)]	Loss: 0.196536
Train Epoch: 5 [38336/60000 (64%)]	Loss: 0.154556
Train Epoch: 5 [44736/60000 (75%)]	Loss: 0.158289
Train Epoch: 5 [51136/60000 (85%)]	Loss: 0.116245
Train Epoch: 5 [57536/60000 (96%)]	Loss: 0.152297

Test set: Average loss: 0.1548, Accuracy: 9511/10000 (95%)

Train Epoch: 6 [6336/60000 (11%)]	Loss: 0.254330
Train Epoch: 6 [12736/60000 (21%)]	Loss: 0.080797
Train Epoch: 6 [19136/60000 (32%)]	Loss: 0.219832
Train Epoch: 6 [25536/60000 (43%)]	Loss: 0.133983
Train Epoch: 6 [31936/60000 (53%)]	Loss: 0.141456
Train Epoch: 6 [38336/60000 (64%)]	Loss: 0.209652
Train Epoch: 6 [44736/60000 (75%)]	Loss: 0.067061
Train Epoch: 6 [51136/60000 (85%)]	Loss: 0.111242
Train Epoch: 6 [57536/60000 (96%)]	Loss: 0.160382

Test set: Average loss: 0.1618, Accuracy: 9471/10000 (95%)

Train Epoch: 7 [6336/60000 (11%)]	Loss: 0.157456
Train Epoch: 7 [12736/60000 (21%)]	Loss: 0.153225
Train Epoch: 7 [19136/60000 (32%)]	Loss: 0.286579
Train Epoch: 7 [25536/60000 (43%)]	Loss: 0.196045
Train Epoch: 7 [31936/60000 (53%)]	Loss: 0.115711
Train Epoch: 7 [38336/60000 (64%)]	Loss: 0.027694
Train Epoch: 7 [44736/60000 (75%)]	Loss: 0.130317
Train Epoch: 7 [51136/60000 (85%)]	Loss: 0.124477
Train Epoch: 7 [57536/60000 (96%)]	Loss: 0.192261

Test set: Average loss: 0.1316, Accuracy: 9570/10000 (96%)

Train Epoch: 8 [6336/60000 (11%)]	Loss: 0.058723
Train Epoch: 8 [12736/60000 (21%)]	Loss: 0.248597
Train Epoch: 8 [19136/60000 (32%)]	Loss: 0.347097
Train Epoch: 8 [25536/60000 (43%)]	Loss: 0.144041
Train Epoch: 8 [31936/60000 (53%)]	Loss: 0.033619
Train Epoch: 8 [38336/60000 (64%)]	Loss: 0.145048
Train Epoch: 8 [44736/60000 (75%)]	Loss: 0.071081
Train Epoch: 8 [51136/60000 (85%)]	Loss: 0.164596
Train Epoch: 8 [57536/60000 (96%)]	Loss: 0.143644

Test set: Average loss: 0.1324, Accuracy: 9596/10000 (96%)

Train Epoch: 9 [6336/60000 (11%)]	Loss: 0.057646
Train Epoch: 9 [12736/60000 (21%)]	Loss: 0.057871
Train Epoch: 9 [19136/60000 (32%)]	Loss: 0.098125
Train Epoch: 9 [25536/60000 (43%)]	Loss: 0.073783
Train Epoch: 9 [31936/60000 (53%)]	Loss: 0.038466
Train Epoch: 9 [38336/60000 (64%)]	Loss: 0.075699
Train Epoch: 9 [44736/60000 (75%)]	Loss: 0.199168
Train Epoch: 9 [51136/60000 (85%)]	Loss: 0.136146
Train Epoch: 9 [57536/60000 (96%)]	Loss: 0.102929

Test set: Average loss: 0.1292, Accuracy: 9604/10000 (96%)

Train Epoch: 10 [6336/60000 (11%)]	Loss: 0.059145
Train Epoch: 10 [12736/60000 (21%)]	Loss: 0.145411
Train Epoch: 10 [19136/60000 (32%)]	Loss: 0.066858
Train Epoch: 10 [25536/60000 (43%)]	Loss: 0.085154
Train Epoch: 10 [31936/60000 (53%)]	Loss: 0.169137
Train Epoch: 10 [38336/60000 (64%)]	Loss: 0.100168
Train Epoch: 10 [44736/60000 (75%)]	Loss: 0.073656
Train Epoch: 10 [51136/60000 (85%)]	Loss: 0.096395
Train Epoch: 10 [57536/60000 (96%)]	Loss: 0.179479

Test set: Average loss: 0.1210, Accuracy: 9619/10000 (96%)

Namespace(batch_size=64, bias=None, data='../data', device=0, epochs=10, hidden_size=500, load_weights='./paper/lenet5/lenet5_e50_h500.pt', log_interval=100, lr=0.01, model='redlenet5', momentum=0.9, no_cuda=False, r=5, save_model=None, save_results=True, seed=1, sparsity=0.25, use_relu=False, wd=0.0005)


Total time spent pruning/training: 1.08 minutes
Total number of parameters in model: 300170
Number of parameters in pruned model: 225765
