Namespace(batch_size=64, bias=None, data='../data', device=0, epochs=16, hidden_size=500, load_weights='./paper/lenet5/lenet5_e50_h500.pt', log_interval=100, lr=0.01, model='redlenet5', momentum=0.9, no_cuda=False, r=5, save_model=None, save_results=True, seed=1, sparsity=0.5, use_relu=False, wd=0.0005) 

Training a RedLeNet5 network ...
Train Epoch: 1 [6336/60000 (11%)]	Loss: 0.808892
Train Epoch: 1 [12736/60000 (21%)]	Loss: 0.667127
Train Epoch: 1 [19136/60000 (32%)]	Loss: 0.301484
Train Epoch: 1 [25536/60000 (43%)]	Loss: 0.275722
Train Epoch: 1 [31936/60000 (53%)]	Loss: 0.547520
Train Epoch: 1 [38336/60000 (64%)]	Loss: 0.478064
Train Epoch: 1 [44736/60000 (75%)]	Loss: 0.255593
Train Epoch: 1 [51136/60000 (85%)]	Loss: 0.337418
Train Epoch: 1 [57536/60000 (96%)]	Loss: 0.228134

Test set: Average loss: 0.2878, Accuracy: 9127/10000 (91%)

Train Epoch: 2 [6336/60000 (11%)]	Loss: 0.358482
Train Epoch: 2 [12736/60000 (21%)]	Loss: 0.230146
Train Epoch: 2 [19136/60000 (32%)]	Loss: 0.276205
Train Epoch: 2 [25536/60000 (43%)]	Loss: 0.356580
Train Epoch: 2 [31936/60000 (53%)]	Loss: 0.358112
Train Epoch: 2 [38336/60000 (64%)]	Loss: 0.435448
Train Epoch: 2 [44736/60000 (75%)]	Loss: 0.121792
Train Epoch: 2 [51136/60000 (85%)]	Loss: 0.365276
Train Epoch: 2 [57536/60000 (96%)]	Loss: 0.278899

Test set: Average loss: 0.2168, Accuracy: 9294/10000 (93%)

Train Epoch: 3 [6336/60000 (11%)]	Loss: 0.261980
Train Epoch: 3 [12736/60000 (21%)]	Loss: 0.237221
Train Epoch: 3 [19136/60000 (32%)]	Loss: 0.196799
Train Epoch: 3 [25536/60000 (43%)]	Loss: 0.083495
Train Epoch: 3 [31936/60000 (53%)]	Loss: 0.221558
Train Epoch: 3 [38336/60000 (64%)]	Loss: 0.230054
Train Epoch: 3 [44736/60000 (75%)]	Loss: 0.074399
Train Epoch: 3 [51136/60000 (85%)]	Loss: 0.086199
Train Epoch: 3 [57536/60000 (96%)]	Loss: 0.167703

Test set: Average loss: 0.2112, Accuracy: 9335/10000 (93%)

Train Epoch: 4 [6336/60000 (11%)]	Loss: 0.259538
Train Epoch: 4 [12736/60000 (21%)]	Loss: 0.122646
Train Epoch: 4 [19136/60000 (32%)]	Loss: 0.318048
Train Epoch: 4 [25536/60000 (43%)]	Loss: 0.287263
Train Epoch: 4 [31936/60000 (53%)]	Loss: 0.203398
Train Epoch: 4 [38336/60000 (64%)]	Loss: 0.200829
Train Epoch: 4 [44736/60000 (75%)]	Loss: 0.236249
Train Epoch: 4 [51136/60000 (85%)]	Loss: 0.191854
Train Epoch: 4 [57536/60000 (96%)]	Loss: 0.459845

Test set: Average loss: 0.1699, Accuracy: 9485/10000 (95%)

Train Epoch: 5 [6336/60000 (11%)]	Loss: 0.181437
Train Epoch: 5 [12736/60000 (21%)]	Loss: 0.319382
Train Epoch: 5 [19136/60000 (32%)]	Loss: 0.144525
Train Epoch: 5 [25536/60000 (43%)]	Loss: 0.170615
Train Epoch: 5 [31936/60000 (53%)]	Loss: 0.211606
Train Epoch: 5 [38336/60000 (64%)]	Loss: 0.165007
Train Epoch: 5 [44736/60000 (75%)]	Loss: 0.085940
Train Epoch: 5 [51136/60000 (85%)]	Loss: 0.082837
Train Epoch: 5 [57536/60000 (96%)]	Loss: 0.115253

Test set: Average loss: 0.1617, Accuracy: 9482/10000 (95%)

Train Epoch: 6 [6336/60000 (11%)]	Loss: 0.126553
Train Epoch: 6 [12736/60000 (21%)]	Loss: 0.098526
Train Epoch: 6 [19136/60000 (32%)]	Loss: 0.158734
Train Epoch: 6 [25536/60000 (43%)]	Loss: 0.158964
Train Epoch: 6 [31936/60000 (53%)]	Loss: 0.185699
Train Epoch: 6 [38336/60000 (64%)]	Loss: 0.182077
Train Epoch: 6 [44736/60000 (75%)]	Loss: 0.142928
Train Epoch: 6 [51136/60000 (85%)]	Loss: 0.123365
Train Epoch: 6 [57536/60000 (96%)]	Loss: 0.328564

Test set: Average loss: 0.1421, Accuracy: 9574/10000 (96%)

Train Epoch: 7 [6336/60000 (11%)]	Loss: 0.204579
Train Epoch: 7 [12736/60000 (21%)]	Loss: 0.054456
Train Epoch: 7 [19136/60000 (32%)]	Loss: 0.198881
Train Epoch: 7 [25536/60000 (43%)]	Loss: 0.097518
Train Epoch: 7 [31936/60000 (53%)]	Loss: 0.143588
Train Epoch: 7 [38336/60000 (64%)]	Loss: 0.021069
Train Epoch: 7 [44736/60000 (75%)]	Loss: 0.102751
Train Epoch: 7 [51136/60000 (85%)]	Loss: 0.141366
Train Epoch: 7 [57536/60000 (96%)]	Loss: 0.236621

Test set: Average loss: 0.1368, Accuracy: 9591/10000 (96%)

Train Epoch: 8 [6336/60000 (11%)]	Loss: 0.134731
Train Epoch: 8 [12736/60000 (21%)]	Loss: 0.253144
Train Epoch: 8 [19136/60000 (32%)]	Loss: 0.289809
Train Epoch: 8 [25536/60000 (43%)]	Loss: 0.086226
Train Epoch: 8 [31936/60000 (53%)]	Loss: 0.047053
Train Epoch: 8 [38336/60000 (64%)]	Loss: 0.119789
Train Epoch: 8 [44736/60000 (75%)]	Loss: 0.065677
Train Epoch: 8 [51136/60000 (85%)]	Loss: 0.130317
Train Epoch: 8 [57536/60000 (96%)]	Loss: 0.161892

Test set: Average loss: 0.1384, Accuracy: 9557/10000 (96%)

Train Epoch: 9 [6336/60000 (11%)]	Loss: 0.079288
Train Epoch: 9 [12736/60000 (21%)]	Loss: 0.099953
Train Epoch: 9 [19136/60000 (32%)]	Loss: 0.090479
Train Epoch: 9 [25536/60000 (43%)]	Loss: 0.102441
Train Epoch: 9 [31936/60000 (53%)]	Loss: 0.031365
Train Epoch: 9 [38336/60000 (64%)]	Loss: 0.096368
Train Epoch: 9 [44736/60000 (75%)]	Loss: 0.302921
Train Epoch: 9 [51136/60000 (85%)]	Loss: 0.240699
Train Epoch: 9 [57536/60000 (96%)]	Loss: 0.107799

Test set: Average loss: 0.1354, Accuracy: 9579/10000 (96%)

Train Epoch: 10 [6336/60000 (11%)]	Loss: 0.046629
Train Epoch: 10 [12736/60000 (21%)]	Loss: 0.191018
Train Epoch: 10 [19136/60000 (32%)]	Loss: 0.134177
Train Epoch: 10 [25536/60000 (43%)]	Loss: 0.077028
Train Epoch: 10 [31936/60000 (53%)]	Loss: 0.076996
Train Epoch: 10 [38336/60000 (64%)]	Loss: 0.104932
Train Epoch: 10 [44736/60000 (75%)]	Loss: 0.110785
Train Epoch: 10 [51136/60000 (85%)]	Loss: 0.113608
Train Epoch: 10 [57536/60000 (96%)]	Loss: 0.102458

Test set: Average loss: 0.1531, Accuracy: 9520/10000 (95%)

Train Epoch: 11 [6336/60000 (11%)]	Loss: 0.050926
Train Epoch: 11 [12736/60000 (21%)]	Loss: 0.092987
Train Epoch: 11 [19136/60000 (32%)]	Loss: 0.170274
Train Epoch: 11 [25536/60000 (43%)]	Loss: 0.075576
Train Epoch: 11 [31936/60000 (53%)]	Loss: 0.057379
Train Epoch: 11 [38336/60000 (64%)]	Loss: 0.138968
Train Epoch: 11 [44736/60000 (75%)]	Loss: 0.058368
Train Epoch: 11 [51136/60000 (85%)]	Loss: 0.109657
Train Epoch: 11 [57536/60000 (96%)]	Loss: 0.165774

Test set: Average loss: 0.1175, Accuracy: 9630/10000 (96%)

Train Epoch: 12 [6336/60000 (11%)]	Loss: 0.102712
Train Epoch: 12 [12736/60000 (21%)]	Loss: 0.163440
Train Epoch: 12 [19136/60000 (32%)]	Loss: 0.179879
Train Epoch: 12 [25536/60000 (43%)]	Loss: 0.099449
Train Epoch: 12 [31936/60000 (53%)]	Loss: 0.068388
Train Epoch: 12 [38336/60000 (64%)]	Loss: 0.062275
Train Epoch: 12 [44736/60000 (75%)]	Loss: 0.081968
Train Epoch: 12 [51136/60000 (85%)]	Loss: 0.125283
Train Epoch: 12 [57536/60000 (96%)]	Loss: 0.053253

Test set: Average loss: 0.1089, Accuracy: 9670/10000 (97%)

Train Epoch: 13 [6336/60000 (11%)]	Loss: 0.111210
Train Epoch: 13 [12736/60000 (21%)]	Loss: 0.053317
Train Epoch: 13 [19136/60000 (32%)]	Loss: 0.059957
Train Epoch: 13 [25536/60000 (43%)]	Loss: 0.087618
Train Epoch: 13 [31936/60000 (53%)]	Loss: 0.221327
Train Epoch: 13 [38336/60000 (64%)]	Loss: 0.056764
Train Epoch: 13 [44736/60000 (75%)]	Loss: 0.176937
Train Epoch: 13 [51136/60000 (85%)]	Loss: 0.181882
Train Epoch: 13 [57536/60000 (96%)]	Loss: 0.095637

Test set: Average loss: 0.1240, Accuracy: 9592/10000 (96%)

Train Epoch: 14 [6336/60000 (11%)]	Loss: 0.096371
Train Epoch: 14 [12736/60000 (21%)]	Loss: 0.054748
Train Epoch: 14 [19136/60000 (32%)]	Loss: 0.117321
Train Epoch: 14 [25536/60000 (43%)]	Loss: 0.081349
Train Epoch: 14 [31936/60000 (53%)]	Loss: 0.179264
Train Epoch: 14 [38336/60000 (64%)]	Loss: 0.154782
Train Epoch: 14 [44736/60000 (75%)]	Loss: 0.026595
Train Epoch: 14 [51136/60000 (85%)]	Loss: 0.127753
Train Epoch: 14 [57536/60000 (96%)]	Loss: 0.149983

Test set: Average loss: 0.1103, Accuracy: 9649/10000 (96%)

Train Epoch: 15 [6336/60000 (11%)]	Loss: 0.076634
Train Epoch: 15 [12736/60000 (21%)]	Loss: 0.079208
Train Epoch: 15 [19136/60000 (32%)]	Loss: 0.072155
Train Epoch: 15 [25536/60000 (43%)]	Loss: 0.183714
Train Epoch: 15 [31936/60000 (53%)]	Loss: 0.162131
Train Epoch: 15 [38336/60000 (64%)]	Loss: 0.114576
Train Epoch: 15 [44736/60000 (75%)]	Loss: 0.173430
Train Epoch: 15 [51136/60000 (85%)]	Loss: 0.152223
Train Epoch: 15 [57536/60000 (96%)]	Loss: 0.034179

Test set: Average loss: 0.1086, Accuracy: 9662/10000 (97%)

Train Epoch: 16 [6336/60000 (11%)]	Loss: 0.187851
Train Epoch: 16 [12736/60000 (21%)]	Loss: 0.115646
Train Epoch: 16 [19136/60000 (32%)]	Loss: 0.170412
Train Epoch: 16 [25536/60000 (43%)]	Loss: 0.072995
Train Epoch: 16 [31936/60000 (53%)]	Loss: 0.079350
Train Epoch: 16 [38336/60000 (64%)]	Loss: 0.104744
Train Epoch: 16 [44736/60000 (75%)]	Loss: 0.076945
Train Epoch: 16 [51136/60000 (85%)]	Loss: 0.097880
Train Epoch: 16 [57536/60000 (96%)]	Loss: 0.117037

Test set: Average loss: 0.1093, Accuracy: 9666/10000 (97%)

Namespace(batch_size=64, bias=None, data='../data', device=0, epochs=16, hidden_size=500, load_weights='./paper/lenet5/lenet5_e50_h500.pt', log_interval=100, lr=0.01, model='redlenet5', momentum=0.9, no_cuda=False, r=5, save_model=None, save_results=True, seed=1, sparsity=0.5, use_relu=False, wd=0.0005)


Total time spent pruning/training: 1.77 minutes
Total number of parameters in model: 300170
Number of parameters in pruned model: 151360
