Namespace(batch_size=64, bias=None, data='../data', device=0, epochs=16, hidden_size=500, load_weights='./paper/lenet5/lenet5_e50_h500.pt', log_interval=100, lr=0.01, model='redlenet5', momentum=0.9, no_cuda=False, r=5, save_model=None, save_results=True, seed=1, sparsity=0.1, use_relu=True, wd=0.0005) 

Training a RedLeNet5 network ...
Train Epoch: 1 [6336/60000 (11%)]	Loss: 1.186467
Train Epoch: 1 [12736/60000 (21%)]	Loss: 0.967764
Train Epoch: 1 [19136/60000 (32%)]	Loss: 0.472087
Train Epoch: 1 [25536/60000 (43%)]	Loss: 0.512141
Train Epoch: 1 [31936/60000 (53%)]	Loss: 0.611271
Train Epoch: 1 [38336/60000 (64%)]	Loss: 0.665722
Train Epoch: 1 [44736/60000 (75%)]	Loss: 0.427091
Train Epoch: 1 [51136/60000 (85%)]	Loss: 0.373887
Train Epoch: 1 [57536/60000 (96%)]	Loss: 0.407097

Test set: Average loss: 0.3480, Accuracy: 8962/10000 (90%)

Train Epoch: 2 [6336/60000 (11%)]	Loss: 0.460694
Train Epoch: 2 [12736/60000 (21%)]	Loss: 0.244650
Train Epoch: 2 [19136/60000 (32%)]	Loss: 0.293050
Train Epoch: 2 [25536/60000 (43%)]	Loss: 0.356863
Train Epoch: 2 [31936/60000 (53%)]	Loss: 0.618656
Train Epoch: 2 [38336/60000 (64%)]	Loss: 0.456935
Train Epoch: 2 [44736/60000 (75%)]	Loss: 0.250391
Train Epoch: 2 [51136/60000 (85%)]	Loss: 0.445378
Train Epoch: 2 [57536/60000 (96%)]	Loss: 0.313973

Test set: Average loss: 0.2893, Accuracy: 9124/10000 (91%)

Train Epoch: 3 [6336/60000 (11%)]	Loss: 0.396900
Train Epoch: 3 [12736/60000 (21%)]	Loss: 0.296729
Train Epoch: 3 [19136/60000 (32%)]	Loss: 0.207039
Train Epoch: 3 [25536/60000 (43%)]	Loss: 0.131828
Train Epoch: 3 [31936/60000 (53%)]	Loss: 0.299521
Train Epoch: 3 [38336/60000 (64%)]	Loss: 0.255155
Train Epoch: 3 [44736/60000 (75%)]	Loss: 0.216622
Train Epoch: 3 [51136/60000 (85%)]	Loss: 0.210274
Train Epoch: 3 [57536/60000 (96%)]	Loss: 0.273029

Test set: Average loss: 0.2555, Accuracy: 9211/10000 (92%)

Train Epoch: 4 [6336/60000 (11%)]	Loss: 0.460648
Train Epoch: 4 [12736/60000 (21%)]	Loss: 0.188521
Train Epoch: 4 [19136/60000 (32%)]	Loss: 0.421260
Train Epoch: 4 [25536/60000 (43%)]	Loss: 0.276990
Train Epoch: 4 [31936/60000 (53%)]	Loss: 0.208365
Train Epoch: 4 [38336/60000 (64%)]	Loss: 0.263876
Train Epoch: 4 [44736/60000 (75%)]	Loss: 0.211512
Train Epoch: 4 [51136/60000 (85%)]	Loss: 0.204999
Train Epoch: 4 [57536/60000 (96%)]	Loss: 0.342029

Test set: Average loss: 0.2158, Accuracy: 9358/10000 (94%)

Train Epoch: 5 [6336/60000 (11%)]	Loss: 0.169091
Train Epoch: 5 [12736/60000 (21%)]	Loss: 0.239952
Train Epoch: 5 [19136/60000 (32%)]	Loss: 0.207245
Train Epoch: 5 [25536/60000 (43%)]	Loss: 0.197646
Train Epoch: 5 [31936/60000 (53%)]	Loss: 0.215606
Train Epoch: 5 [38336/60000 (64%)]	Loss: 0.145413
Train Epoch: 5 [44736/60000 (75%)]	Loss: 0.202146
Train Epoch: 5 [51136/60000 (85%)]	Loss: 0.144460
Train Epoch: 5 [57536/60000 (96%)]	Loss: 0.253318

Test set: Average loss: 0.1991, Accuracy: 9398/10000 (94%)

Train Epoch: 6 [6336/60000 (11%)]	Loss: 0.253878
Train Epoch: 6 [12736/60000 (21%)]	Loss: 0.139361
Train Epoch: 6 [19136/60000 (32%)]	Loss: 0.221715
Train Epoch: 6 [25536/60000 (43%)]	Loss: 0.243566
Train Epoch: 6 [31936/60000 (53%)]	Loss: 0.245093
Train Epoch: 6 [38336/60000 (64%)]	Loss: 0.301802
Train Epoch: 6 [44736/60000 (75%)]	Loss: 0.124221
Train Epoch: 6 [51136/60000 (85%)]	Loss: 0.198554
Train Epoch: 6 [57536/60000 (96%)]	Loss: 0.216885

Test set: Average loss: 0.1909, Accuracy: 9412/10000 (94%)

Train Epoch: 7 [6336/60000 (11%)]	Loss: 0.285794
Train Epoch: 7 [12736/60000 (21%)]	Loss: 0.114333
Train Epoch: 7 [19136/60000 (32%)]	Loss: 0.303457
Train Epoch: 7 [25536/60000 (43%)]	Loss: 0.163955
Train Epoch: 7 [31936/60000 (53%)]	Loss: 0.191595
Train Epoch: 7 [38336/60000 (64%)]	Loss: 0.053460
Train Epoch: 7 [44736/60000 (75%)]	Loss: 0.204584
Train Epoch: 7 [51136/60000 (85%)]	Loss: 0.209498
Train Epoch: 7 [57536/60000 (96%)]	Loss: 0.126472

Test set: Average loss: 0.1782, Accuracy: 9449/10000 (94%)

Train Epoch: 8 [6336/60000 (11%)]	Loss: 0.178775
Train Epoch: 8 [12736/60000 (21%)]	Loss: 0.379910
Train Epoch: 8 [19136/60000 (32%)]	Loss: 0.300583
Train Epoch: 8 [25536/60000 (43%)]	Loss: 0.158632
Train Epoch: 8 [31936/60000 (53%)]	Loss: 0.080413
Train Epoch: 8 [38336/60000 (64%)]	Loss: 0.204611
Train Epoch: 8 [44736/60000 (75%)]	Loss: 0.072979
Train Epoch: 8 [51136/60000 (85%)]	Loss: 0.175720
Train Epoch: 8 [57536/60000 (96%)]	Loss: 0.174474

Test set: Average loss: 0.1830, Accuracy: 9447/10000 (94%)

Train Epoch: 9 [6336/60000 (11%)]	Loss: 0.224589
Train Epoch: 9 [12736/60000 (21%)]	Loss: 0.177484
Train Epoch: 9 [19136/60000 (32%)]	Loss: 0.252105
Train Epoch: 9 [25536/60000 (43%)]	Loss: 0.112949
Train Epoch: 9 [31936/60000 (53%)]	Loss: 0.094899
Train Epoch: 9 [38336/60000 (64%)]	Loss: 0.096333
Train Epoch: 9 [44736/60000 (75%)]	Loss: 0.291374
Train Epoch: 9 [51136/60000 (85%)]	Loss: 0.217289
Train Epoch: 9 [57536/60000 (96%)]	Loss: 0.156196

Test set: Average loss: 0.1631, Accuracy: 9512/10000 (95%)

Train Epoch: 10 [6336/60000 (11%)]	Loss: 0.048372
Train Epoch: 10 [12736/60000 (21%)]	Loss: 0.258385
Train Epoch: 10 [19136/60000 (32%)]	Loss: 0.208646
Train Epoch: 10 [25536/60000 (43%)]	Loss: 0.189673
Train Epoch: 10 [31936/60000 (53%)]	Loss: 0.259652
Train Epoch: 10 [38336/60000 (64%)]	Loss: 0.201218
Train Epoch: 10 [44736/60000 (75%)]	Loss: 0.246931
Train Epoch: 10 [51136/60000 (85%)]	Loss: 0.149721
Train Epoch: 10 [57536/60000 (96%)]	Loss: 0.112674

Test set: Average loss: 0.1958, Accuracy: 9395/10000 (94%)

Train Epoch: 11 [6336/60000 (11%)]	Loss: 0.044756
Train Epoch: 11 [12736/60000 (21%)]	Loss: 0.102011
Train Epoch: 11 [19136/60000 (32%)]	Loss: 0.295181
Train Epoch: 11 [25536/60000 (43%)]	Loss: 0.093468
Train Epoch: 11 [31936/60000 (53%)]	Loss: 0.093527
Train Epoch: 11 [38336/60000 (64%)]	Loss: 0.158215
Train Epoch: 11 [44736/60000 (75%)]	Loss: 0.105758
Train Epoch: 11 [51136/60000 (85%)]	Loss: 0.127026
Train Epoch: 11 [57536/60000 (96%)]	Loss: 0.301780

Test set: Average loss: 0.1565, Accuracy: 9529/10000 (95%)

Train Epoch: 12 [6336/60000 (11%)]	Loss: 0.118620
Train Epoch: 12 [12736/60000 (21%)]	Loss: 0.147397
Train Epoch: 12 [19136/60000 (32%)]	Loss: 0.209893
Train Epoch: 12 [25536/60000 (43%)]	Loss: 0.159440
Train Epoch: 12 [31936/60000 (53%)]	Loss: 0.092902
Train Epoch: 12 [38336/60000 (64%)]	Loss: 0.118588
Train Epoch: 12 [44736/60000 (75%)]	Loss: 0.234494
Train Epoch: 12 [51136/60000 (85%)]	Loss: 0.136381
Train Epoch: 12 [57536/60000 (96%)]	Loss: 0.139438

Test set: Average loss: 0.1533, Accuracy: 9539/10000 (95%)

Train Epoch: 13 [6336/60000 (11%)]	Loss: 0.102157
Train Epoch: 13 [12736/60000 (21%)]	Loss: 0.120889
Train Epoch: 13 [19136/60000 (32%)]	Loss: 0.130475
Train Epoch: 13 [25536/60000 (43%)]	Loss: 0.163261
Train Epoch: 13 [31936/60000 (53%)]	Loss: 0.332193
Train Epoch: 13 [38336/60000 (64%)]	Loss: 0.052094
Train Epoch: 13 [44736/60000 (75%)]	Loss: 0.189597
Train Epoch: 13 [51136/60000 (85%)]	Loss: 0.210395
Train Epoch: 13 [57536/60000 (96%)]	Loss: 0.169702

Test set: Average loss: 0.1431, Accuracy: 9578/10000 (96%)

Train Epoch: 14 [6336/60000 (11%)]	Loss: 0.098187
Train Epoch: 14 [12736/60000 (21%)]	Loss: 0.036679
Train Epoch: 14 [19136/60000 (32%)]	Loss: 0.148879
Train Epoch: 14 [25536/60000 (43%)]	Loss: 0.092470
Train Epoch: 14 [31936/60000 (53%)]	Loss: 0.217971
Train Epoch: 14 [38336/60000 (64%)]	Loss: 0.138810
Train Epoch: 14 [44736/60000 (75%)]	Loss: 0.050868
Train Epoch: 14 [51136/60000 (85%)]	Loss: 0.130861
Train Epoch: 14 [57536/60000 (96%)]	Loss: 0.160975

Test set: Average loss: 0.1503, Accuracy: 9544/10000 (95%)

Train Epoch: 15 [6336/60000 (11%)]	Loss: 0.119224
Train Epoch: 15 [12736/60000 (21%)]	Loss: 0.143494
Train Epoch: 15 [19136/60000 (32%)]	Loss: 0.099285
Train Epoch: 15 [25536/60000 (43%)]	Loss: 0.299669
Train Epoch: 15 [31936/60000 (53%)]	Loss: 0.188780
Train Epoch: 15 [38336/60000 (64%)]	Loss: 0.129834
Train Epoch: 15 [44736/60000 (75%)]	Loss: 0.155389
Train Epoch: 15 [51136/60000 (85%)]	Loss: 0.197113
Train Epoch: 15 [57536/60000 (96%)]	Loss: 0.096604

Test set: Average loss: 0.1381, Accuracy: 9600/10000 (96%)

Train Epoch: 16 [6336/60000 (11%)]	Loss: 0.304306
Train Epoch: 16 [12736/60000 (21%)]	Loss: 0.154639
Train Epoch: 16 [19136/60000 (32%)]	Loss: 0.139416
Train Epoch: 16 [25536/60000 (43%)]	Loss: 0.126652
Train Epoch: 16 [31936/60000 (53%)]	Loss: 0.157278
Train Epoch: 16 [38336/60000 (64%)]	Loss: 0.208218
Train Epoch: 16 [44736/60000 (75%)]	Loss: 0.109934
Train Epoch: 16 [51136/60000 (85%)]	Loss: 0.124769
Train Epoch: 16 [57536/60000 (96%)]	Loss: 0.119017

Test set: Average loss: 0.1421, Accuracy: 9597/10000 (96%)

Namespace(batch_size=64, bias=None, data='../data', device=0, epochs=16, hidden_size=500, load_weights='./paper/lenet5/lenet5_e50_h500.pt', log_interval=100, lr=0.01, model='redlenet5', momentum=0.9, no_cuda=False, r=5, save_model=None, save_results=True, seed=1, sparsity=0.1, use_relu=True, wd=0.0005)


Total time spent pruning/training: 1.78 minutes
Total number of parameters in model: 300170
Number of parameters in pruned model: 270408
