Namespace(batch_size=64, bias=None, data='../data', device=0, epochs=14, hidden_size=500, load_weights='./paper/lenet5/lenet5_e50_h500.pt', log_interval=100, lr=0.01, model='redlenet5', momentum=0.9, no_cuda=False, r=5, save_model=None, save_results=True, seed=1, sparsity=0.02, use_relu=True, wd=0.0005) 

Training a RedLeNet5 network ...
Train Epoch: 1 [6336/60000 (11%)]	Loss: 1.321551
Train Epoch: 1 [12736/60000 (21%)]	Loss: 1.169610
Train Epoch: 1 [19136/60000 (32%)]	Loss: 0.637318
Train Epoch: 1 [25536/60000 (43%)]	Loss: 0.712404
Train Epoch: 1 [31936/60000 (53%)]	Loss: 0.864735
Train Epoch: 1 [38336/60000 (64%)]	Loss: 0.819310
Train Epoch: 1 [44736/60000 (75%)]	Loss: 0.776016
Train Epoch: 1 [51136/60000 (85%)]	Loss: 0.740030
Train Epoch: 1 [57536/60000 (96%)]	Loss: 0.868175

Test set: Average loss: 0.6299, Accuracy: 7892/10000 (79%)

Train Epoch: 2 [6336/60000 (11%)]	Loss: 0.567534
Train Epoch: 2 [12736/60000 (21%)]	Loss: 0.534422
Train Epoch: 2 [19136/60000 (32%)]	Loss: 0.685133
Train Epoch: 2 [25536/60000 (43%)]	Loss: 0.538824
Train Epoch: 2 [31936/60000 (53%)]	Loss: 0.795725
Train Epoch: 2 [38336/60000 (64%)]	Loss: 0.830242
Train Epoch: 2 [44736/60000 (75%)]	Loss: 0.586080
Train Epoch: 2 [51136/60000 (85%)]	Loss: 0.543865
Train Epoch: 2 [57536/60000 (96%)]	Loss: 0.733867

Test set: Average loss: 0.5351, Accuracy: 8491/10000 (85%)

Train Epoch: 3 [6336/60000 (11%)]	Loss: 0.945327
Train Epoch: 3 [12736/60000 (21%)]	Loss: 0.555068
Train Epoch: 3 [19136/60000 (32%)]	Loss: 0.638936
Train Epoch: 3 [25536/60000 (43%)]	Loss: 0.461674
Train Epoch: 3 [31936/60000 (53%)]	Loss: 0.582581
Train Epoch: 3 [38336/60000 (64%)]	Loss: 0.547417
Train Epoch: 3 [44736/60000 (75%)]	Loss: 0.629451
Train Epoch: 3 [51136/60000 (85%)]	Loss: 0.593251
Train Epoch: 3 [57536/60000 (96%)]	Loss: 0.660317

Test set: Average loss: 0.6525, Accuracy: 7875/10000 (79%)

Train Epoch: 4 [6336/60000 (11%)]	Loss: 0.839899
Train Epoch: 4 [12736/60000 (21%)]	Loss: 0.637756
Train Epoch: 4 [19136/60000 (32%)]	Loss: 0.762347
Train Epoch: 4 [25536/60000 (43%)]	Loss: 0.755881
Train Epoch: 4 [31936/60000 (53%)]	Loss: 0.677811
Train Epoch: 4 [38336/60000 (64%)]	Loss: 0.568451
Train Epoch: 4 [44736/60000 (75%)]	Loss: 0.648907
Train Epoch: 4 [51136/60000 (85%)]	Loss: 0.593817
Train Epoch: 4 [57536/60000 (96%)]	Loss: 1.209292

Test set: Average loss: 0.7700, Accuracy: 7428/10000 (74%)

Train Epoch: 5 [6336/60000 (11%)]	Loss: 1.086813
Train Epoch: 5 [12736/60000 (21%)]	Loss: 0.763816
Train Epoch: 5 [19136/60000 (32%)]	Loss: 0.655246
Train Epoch: 5 [25536/60000 (43%)]	Loss: 0.798016
Train Epoch: 5 [31936/60000 (53%)]	Loss: 0.958376
Train Epoch: 5 [38336/60000 (64%)]	Loss: 0.765965
Train Epoch: 5 [44736/60000 (75%)]	Loss: 0.800443
Train Epoch: 5 [51136/60000 (85%)]	Loss: 1.078457
Train Epoch: 5 [57536/60000 (96%)]	Loss: 0.817815

Test set: Average loss: 0.8373, Accuracy: 7191/10000 (72%)

Train Epoch: 6 [6336/60000 (11%)]	Loss: 0.835805
Train Epoch: 6 [12736/60000 (21%)]	Loss: 1.046789
Train Epoch: 6 [19136/60000 (32%)]	Loss: 0.760678
Train Epoch: 6 [25536/60000 (43%)]	Loss: 1.073604
Train Epoch: 6 [31936/60000 (53%)]	Loss: 1.084699
Train Epoch: 6 [38336/60000 (64%)]	Loss: 0.902507
Train Epoch: 6 [44736/60000 (75%)]	Loss: 0.809784
Train Epoch: 6 [51136/60000 (85%)]	Loss: 1.069602
Train Epoch: 6 [57536/60000 (96%)]	Loss: 1.002327

Test set: Average loss: 1.5324, Accuracy: 5777/10000 (58%)

Train Epoch: 7 [6336/60000 (11%)]	Loss: 0.901196
Train Epoch: 7 [12736/60000 (21%)]	Loss: 1.183371
Train Epoch: 7 [19136/60000 (32%)]	Loss: 1.410082
Train Epoch: 7 [25536/60000 (43%)]	Loss: 1.376380
Train Epoch: 7 [31936/60000 (53%)]	Loss: 1.186045
Train Epoch: 7 [38336/60000 (64%)]	Loss: 1.490439
Train Epoch: 7 [44736/60000 (75%)]	Loss: 1.172899
Train Epoch: 7 [51136/60000 (85%)]	Loss: 1.316624
Train Epoch: 7 [57536/60000 (96%)]	Loss: 1.323203

Test set: Average loss: 1.6091, Accuracy: 5233/10000 (52%)

Train Epoch: 8 [6336/60000 (11%)]	Loss: 0.942990
Train Epoch: 8 [12736/60000 (21%)]	Loss: 1.175631
Train Epoch: 8 [19136/60000 (32%)]	Loss: 0.842212
Train Epoch: 8 [25536/60000 (43%)]	Loss: 1.316631
Train Epoch: 8 [31936/60000 (53%)]	Loss: 1.333219
Train Epoch: 8 [38336/60000 (64%)]	Loss: 1.012904
Train Epoch: 8 [44736/60000 (75%)]	Loss: 1.166235
Train Epoch: 8 [51136/60000 (85%)]	Loss: 1.349876
Train Epoch: 8 [57536/60000 (96%)]	Loss: 1.074943

Test set: Average loss: 1.5296, Accuracy: 5065/10000 (51%)

Train Epoch: 9 [6336/60000 (11%)]	Loss: 0.986820
Train Epoch: 9 [12736/60000 (21%)]	Loss: 1.232345
Train Epoch: 9 [19136/60000 (32%)]	Loss: 1.145729
Train Epoch: 9 [25536/60000 (43%)]	Loss: 1.041985
Train Epoch: 9 [31936/60000 (53%)]	Loss: 1.162804
Train Epoch: 9 [38336/60000 (64%)]	Loss: 1.046386
Train Epoch: 9 [44736/60000 (75%)]	Loss: 1.526634
Train Epoch: 9 [51136/60000 (85%)]	Loss: 1.292999
Train Epoch: 9 [57536/60000 (96%)]	Loss: 1.382794

Test set: Average loss: 1.1894, Accuracy: 6121/10000 (61%)

Train Epoch: 10 [6336/60000 (11%)]	Loss: 1.536107
Train Epoch: 10 [12736/60000 (21%)]	Loss: 1.300757
Train Epoch: 10 [19136/60000 (32%)]	Loss: 1.557683
Train Epoch: 10 [25536/60000 (43%)]	Loss: 1.472804
Train Epoch: 10 [31936/60000 (53%)]	Loss: 1.523220
Train Epoch: 10 [38336/60000 (64%)]	Loss: 1.358813
Train Epoch: 10 [44736/60000 (75%)]	Loss: 1.584729
Train Epoch: 10 [51136/60000 (85%)]	Loss: 1.168291
Train Epoch: 10 [57536/60000 (96%)]	Loss: 1.161183

Test set: Average loss: 1.5498, Accuracy: 4933/10000 (49%)

Train Epoch: 11 [6336/60000 (11%)]	Loss: 0.951499
Train Epoch: 11 [12736/60000 (21%)]	Loss: 1.429701
Train Epoch: 11 [19136/60000 (32%)]	Loss: 1.310892
Train Epoch: 11 [25536/60000 (43%)]	Loss: 1.086403
Train Epoch: 11 [31936/60000 (53%)]	Loss: 1.336244
Train Epoch: 11 [38336/60000 (64%)]	Loss: 1.264847
Train Epoch: 11 [44736/60000 (75%)]	Loss: 1.425307
Train Epoch: 11 [51136/60000 (85%)]	Loss: 1.932574
Train Epoch: 11 [57536/60000 (96%)]	Loss: 1.333947

Test set: Average loss: 1.5186, Accuracy: 5170/10000 (52%)

Train Epoch: 12 [6336/60000 (11%)]	Loss: 1.552333
Train Epoch: 12 [12736/60000 (21%)]	Loss: 1.107440
Train Epoch: 12 [19136/60000 (32%)]	Loss: 1.527602
Train Epoch: 12 [25536/60000 (43%)]	Loss: 1.961795
Train Epoch: 12 [31936/60000 (53%)]	Loss: 1.485532
Train Epoch: 12 [38336/60000 (64%)]	Loss: 1.195011
Train Epoch: 12 [44736/60000 (75%)]	Loss: 1.429424
Train Epoch: 12 [51136/60000 (85%)]	Loss: 1.063465
Train Epoch: 12 [57536/60000 (96%)]	Loss: 1.454489

Test set: Average loss: 1.8912, Accuracy: 4414/10000 (44%)

Train Epoch: 13 [6336/60000 (11%)]	Loss: 1.374564
Train Epoch: 13 [12736/60000 (21%)]	Loss: 1.650186
Train Epoch: 13 [19136/60000 (32%)]	Loss: 1.606690
Train Epoch: 13 [25536/60000 (43%)]	Loss: 1.742677
Train Epoch: 13 [31936/60000 (53%)]	Loss: 1.447214
Train Epoch: 13 [38336/60000 (64%)]	Loss: 1.182336
Train Epoch: 13 [44736/60000 (75%)]	Loss: 1.776985
Train Epoch: 13 [51136/60000 (85%)]	Loss: 1.610302
Train Epoch: 13 [57536/60000 (96%)]	Loss: 1.497810

Test set: Average loss: 1.3923, Accuracy: 5464/10000 (55%)

Train Epoch: 14 [6336/60000 (11%)]	Loss: 1.217531
Train Epoch: 14 [12736/60000 (21%)]	Loss: 1.423197
Train Epoch: 14 [19136/60000 (32%)]	Loss: 1.809970
Train Epoch: 14 [25536/60000 (43%)]	Loss: 1.233715
Train Epoch: 14 [31936/60000 (53%)]	Loss: 1.408804
Train Epoch: 14 [38336/60000 (64%)]	Loss: 1.104337
Train Epoch: 14 [44736/60000 (75%)]	Loss: 1.302607
Train Epoch: 14 [51136/60000 (85%)]	Loss: 1.426352
Train Epoch: 14 [57536/60000 (96%)]	Loss: 1.703479

Test set: Average loss: 1.3582, Accuracy: 5606/10000 (56%)

Namespace(batch_size=64, bias=None, data='../data', device=0, epochs=14, hidden_size=500, load_weights='./paper/lenet5/lenet5_e50_h500.pt', log_interval=100, lr=0.01, model='redlenet5', momentum=0.9, no_cuda=False, r=5, save_model=None, save_results=True, seed=1, sparsity=0.02, use_relu=True, wd=0.0005)


Total time spent pruning/training: 1.51 minutes
Total number of parameters in model: 300170
Number of parameters in pruned model: 294218
