Namespace(batch_size=64, bias=None, data='../data', device=0, epochs=5, hidden_size=500, load_weights='./paper/lenet5/lenet5_e50_h500.pt', log_interval=100, lr=0.01, model='redlenet5', momentum=0.9, no_cuda=False, r=5, save_model=None, save_results=True, seed=1, sparsity=0.5, use_relu=False, wd=0.0005) 

Training a RedLeNet5 network ...
Train Epoch: 1 [6336/60000 (11%)]	Loss: 0.808892
Train Epoch: 1 [12736/60000 (21%)]	Loss: 0.667127
Train Epoch: 1 [19136/60000 (32%)]	Loss: 0.301484
Train Epoch: 1 [25536/60000 (43%)]	Loss: 0.275722
Train Epoch: 1 [31936/60000 (53%)]	Loss: 0.547520
Train Epoch: 1 [38336/60000 (64%)]	Loss: 0.478064
Train Epoch: 1 [44736/60000 (75%)]	Loss: 0.255593
Train Epoch: 1 [51136/60000 (85%)]	Loss: 0.337418
Train Epoch: 1 [57536/60000 (96%)]	Loss: 0.228134

Test set: Average loss: 0.2878, Accuracy: 9127/10000 (91%)

Train Epoch: 2 [6336/60000 (11%)]	Loss: 0.279832
Train Epoch: 2 [12736/60000 (21%)]	Loss: 0.232014
Train Epoch: 2 [19136/60000 (32%)]	Loss: 0.278430
Train Epoch: 2 [25536/60000 (43%)]	Loss: 0.196783
Train Epoch: 2 [31936/60000 (53%)]	Loss: 0.388916
Train Epoch: 2 [38336/60000 (64%)]	Loss: 0.496166
Train Epoch: 2 [44736/60000 (75%)]	Loss: 0.123364
Train Epoch: 2 [51136/60000 (85%)]	Loss: 0.281990
Train Epoch: 2 [57536/60000 (96%)]	Loss: 0.451104

Test set: Average loss: 0.2092, Accuracy: 9370/10000 (94%)

Train Epoch: 3 [6336/60000 (11%)]	Loss: 0.243708
Train Epoch: 3 [12736/60000 (21%)]	Loss: 0.203798
Train Epoch: 3 [19136/60000 (32%)]	Loss: 0.176770
Train Epoch: 3 [25536/60000 (43%)]	Loss: 0.078139
Train Epoch: 3 [31936/60000 (53%)]	Loss: 0.298584
Train Epoch: 3 [38336/60000 (64%)]	Loss: 0.169657
Train Epoch: 3 [44736/60000 (75%)]	Loss: 0.154937
Train Epoch: 3 [51136/60000 (85%)]	Loss: 0.107938
Train Epoch: 3 [57536/60000 (96%)]	Loss: 0.196230

Test set: Average loss: 0.1780, Accuracy: 9468/10000 (95%)

Train Epoch: 4 [6336/60000 (11%)]	Loss: 0.219428
Train Epoch: 4 [12736/60000 (21%)]	Loss: 0.161251
Train Epoch: 4 [19136/60000 (32%)]	Loss: 0.277463
Train Epoch: 4 [25536/60000 (43%)]	Loss: 0.295546
Train Epoch: 4 [31936/60000 (53%)]	Loss: 0.140278
Train Epoch: 4 [38336/60000 (64%)]	Loss: 0.203544
Train Epoch: 4 [44736/60000 (75%)]	Loss: 0.174290
Train Epoch: 4 [51136/60000 (85%)]	Loss: 0.157436
Train Epoch: 4 [57536/60000 (96%)]	Loss: 0.409052

Test set: Average loss: 0.1877, Accuracy: 9404/10000 (94%)

Train Epoch: 5 [6336/60000 (11%)]	Loss: 0.094663
Train Epoch: 5 [12736/60000 (21%)]	Loss: 0.277995
Train Epoch: 5 [19136/60000 (32%)]	Loss: 0.119780
Train Epoch: 5 [25536/60000 (43%)]	Loss: 0.225489
Train Epoch: 5 [31936/60000 (53%)]	Loss: 0.205495
Train Epoch: 5 [38336/60000 (64%)]	Loss: 0.088604
Train Epoch: 5 [44736/60000 (75%)]	Loss: 0.138185
Train Epoch: 5 [51136/60000 (85%)]	Loss: 0.090112
Train Epoch: 5 [57536/60000 (96%)]	Loss: 0.192977

Test set: Average loss: 0.1505, Accuracy: 9545/10000 (95%)

Namespace(batch_size=64, bias=None, data='../data', device=0, epochs=5, hidden_size=500, load_weights='./paper/lenet5/lenet5_e50_h500.pt', log_interval=100, lr=0.01, model='redlenet5', momentum=0.9, no_cuda=False, r=5, save_model=None, save_results=True, seed=1, sparsity=0.5, use_relu=False, wd=0.0005)


Total time spent pruning/training: 0.64 minutes
Total number of parameters in model: 300170
Number of parameters in pruned model: 151360
