Namespace(batch_size=64, bias=None, data='../data', device=0, epochs=9, hidden_size=500, load_weights='./paper/lenet5/lenet5_e50_h500.pt', log_interval=100, lr=0.01, model='redlenet5', momentum=0.9, no_cuda=False, r=5, save_model=None, save_results=True, seed=1, sparsity=0.05, use_relu=False, wd=0.0005) 

Training a RedLeNet5 network ...
Train Epoch: 1 [6336/60000 (11%)]	Loss: 0.717540
Train Epoch: 1 [12736/60000 (21%)]	Loss: 0.876394
Train Epoch: 1 [19136/60000 (32%)]	Loss: 0.276962
Train Epoch: 1 [25536/60000 (43%)]	Loss: 0.636609
Train Epoch: 1 [31936/60000 (53%)]	Loss: 0.487225
Train Epoch: 1 [38336/60000 (64%)]	Loss: 0.421520
Train Epoch: 1 [44736/60000 (75%)]	Loss: 0.696223
Train Epoch: 1 [51136/60000 (85%)]	Loss: 0.425990
Train Epoch: 1 [57536/60000 (96%)]	Loss: 0.485505

Test set: Average loss: 0.3849, Accuracy: 8755/10000 (88%)

Train Epoch: 2 [6336/60000 (11%)]	Loss: 0.325416
Train Epoch: 2 [12736/60000 (21%)]	Loss: 0.161529
Train Epoch: 2 [19136/60000 (32%)]	Loss: 0.388794
Train Epoch: 2 [25536/60000 (43%)]	Loss: 0.399631
Train Epoch: 2 [31936/60000 (53%)]	Loss: 0.650829
Train Epoch: 2 [38336/60000 (64%)]	Loss: 0.726969
Train Epoch: 2 [44736/60000 (75%)]	Loss: 0.209702
Train Epoch: 2 [51136/60000 (85%)]	Loss: 0.356907
Train Epoch: 2 [57536/60000 (96%)]	Loss: 0.396798

Test set: Average loss: 0.3930, Accuracy: 8775/10000 (88%)

Train Epoch: 3 [6336/60000 (11%)]	Loss: 0.375315
Train Epoch: 3 [12736/60000 (21%)]	Loss: 0.382479
Train Epoch: 3 [19136/60000 (32%)]	Loss: 0.258795
Train Epoch: 3 [25536/60000 (43%)]	Loss: 0.271580
Train Epoch: 3 [31936/60000 (53%)]	Loss: 0.208942
Train Epoch: 3 [38336/60000 (64%)]	Loss: 0.307272
Train Epoch: 3 [44736/60000 (75%)]	Loss: 0.342827
Train Epoch: 3 [51136/60000 (85%)]	Loss: 0.179575
Train Epoch: 3 [57536/60000 (96%)]	Loss: 0.287311

Test set: Average loss: 0.3051, Accuracy: 9018/10000 (90%)

Train Epoch: 4 [6336/60000 (11%)]	Loss: 0.662019
Train Epoch: 4 [12736/60000 (21%)]	Loss: 0.304538
Train Epoch: 4 [19136/60000 (32%)]	Loss: 0.255034
Train Epoch: 4 [25536/60000 (43%)]	Loss: 0.400137
Train Epoch: 4 [31936/60000 (53%)]	Loss: 0.367115
Train Epoch: 4 [38336/60000 (64%)]	Loss: 0.233903
Train Epoch: 4 [44736/60000 (75%)]	Loss: 0.330842
Train Epoch: 4 [51136/60000 (85%)]	Loss: 0.148731
Train Epoch: 4 [57536/60000 (96%)]	Loss: 0.428709

Test set: Average loss: 0.2826, Accuracy: 9120/10000 (91%)

Train Epoch: 5 [6336/60000 (11%)]	Loss: 0.199731
Train Epoch: 5 [12736/60000 (21%)]	Loss: 0.259945
Train Epoch: 5 [19136/60000 (32%)]	Loss: 0.224508
Train Epoch: 5 [25536/60000 (43%)]	Loss: 0.232360
Train Epoch: 5 [31936/60000 (53%)]	Loss: 0.361568
Train Epoch: 5 [38336/60000 (64%)]	Loss: 0.154116
Train Epoch: 5 [44736/60000 (75%)]	Loss: 0.331671
Train Epoch: 5 [51136/60000 (85%)]	Loss: 0.336768
Train Epoch: 5 [57536/60000 (96%)]	Loss: 0.369568

Test set: Average loss: 0.2722, Accuracy: 9177/10000 (92%)

Train Epoch: 6 [6336/60000 (11%)]	Loss: 0.171392
Train Epoch: 6 [12736/60000 (21%)]	Loss: 0.207393
Train Epoch: 6 [19136/60000 (32%)]	Loss: 0.203210
Train Epoch: 6 [25536/60000 (43%)]	Loss: 0.243674
Train Epoch: 6 [31936/60000 (53%)]	Loss: 0.233319
Train Epoch: 6 [38336/60000 (64%)]	Loss: 0.368584
Train Epoch: 6 [44736/60000 (75%)]	Loss: 0.081869
Train Epoch: 6 [51136/60000 (85%)]	Loss: 0.133586
Train Epoch: 6 [57536/60000 (96%)]	Loss: 0.207460

Test set: Average loss: 0.2297, Accuracy: 9277/10000 (93%)

Train Epoch: 7 [6336/60000 (11%)]	Loss: 0.209710
Train Epoch: 7 [12736/60000 (21%)]	Loss: 0.245646
Train Epoch: 7 [19136/60000 (32%)]	Loss: 0.173224
Train Epoch: 7 [25536/60000 (43%)]	Loss: 0.251896
Train Epoch: 7 [31936/60000 (53%)]	Loss: 0.226635
Train Epoch: 7 [38336/60000 (64%)]	Loss: 0.129806
Train Epoch: 7 [44736/60000 (75%)]	Loss: 0.121426
Train Epoch: 7 [51136/60000 (85%)]	Loss: 0.205555
Train Epoch: 7 [57536/60000 (96%)]	Loss: 0.175372

Test set: Average loss: 0.1599, Accuracy: 9479/10000 (95%)

Train Epoch: 8 [6336/60000 (11%)]	Loss: 0.142600
Train Epoch: 8 [12736/60000 (21%)]	Loss: 0.493315
Train Epoch: 8 [19136/60000 (32%)]	Loss: 0.282451
Train Epoch: 8 [25536/60000 (43%)]	Loss: 0.212975
Train Epoch: 8 [31936/60000 (53%)]	Loss: 0.094067
Train Epoch: 8 [38336/60000 (64%)]	Loss: 0.179129
Train Epoch: 8 [44736/60000 (75%)]	Loss: 0.036823
Train Epoch: 8 [51136/60000 (85%)]	Loss: 0.167911
Train Epoch: 8 [57536/60000 (96%)]	Loss: 0.184263

Test set: Average loss: 0.1759, Accuracy: 9441/10000 (94%)

Train Epoch: 9 [6336/60000 (11%)]	Loss: 0.181307
Train Epoch: 9 [12736/60000 (21%)]	Loss: 0.155863
Train Epoch: 9 [19136/60000 (32%)]	Loss: 0.131457
Train Epoch: 9 [25536/60000 (43%)]	Loss: 0.076377
Train Epoch: 9 [31936/60000 (53%)]	Loss: 0.062732
Train Epoch: 9 [38336/60000 (64%)]	Loss: 0.091604
Train Epoch: 9 [44736/60000 (75%)]	Loss: 0.287703
Train Epoch: 9 [51136/60000 (85%)]	Loss: 0.275789
Train Epoch: 9 [57536/60000 (96%)]	Loss: 0.116413

Test set: Average loss: 0.1542, Accuracy: 9518/10000 (95%)

Namespace(batch_size=64, bias=None, data='../data', device=0, epochs=9, hidden_size=500, load_weights='./paper/lenet5/lenet5_e50_h500.pt', log_interval=100, lr=0.01, model='redlenet5', momentum=0.9, no_cuda=False, r=5, save_model=None, save_results=True, seed=1, sparsity=0.05, use_relu=False, wd=0.0005)


Total time spent pruning/training: 0.96 minutes
Total number of parameters in model: 300170
Number of parameters in pruned model: 285289
