Namespace(batch_size=64, bias=None, data='../data', device=0, epochs=2, hidden_size=500, load_weights='./paper/lenet5/lenet5_e50_h500.pt', log_interval=100, lr=0.01, model='redlenet5', momentum=0.9, no_cuda=False, r=5, save_model=None, save_results=True, seed=1, sparsity=0.25, use_relu=False, wd=0.0005) 

Training a RedLeNet5 network ...
Train Epoch: 1 [6336/60000 (11%)]	Loss: 1.056318
Train Epoch: 1 [12736/60000 (21%)]	Loss: 0.685629
Train Epoch: 1 [19136/60000 (32%)]	Loss: 0.394015
Train Epoch: 1 [25536/60000 (43%)]	Loss: 0.240289
Train Epoch: 1 [31936/60000 (53%)]	Loss: 0.418858
Train Epoch: 1 [38336/60000 (64%)]	Loss: 0.448060
Train Epoch: 1 [44736/60000 (75%)]	Loss: 0.229406
Train Epoch: 1 [51136/60000 (85%)]	Loss: 0.296065
Train Epoch: 1 [57536/60000 (96%)]	Loss: 0.469141

Test set: Average loss: 0.2803, Accuracy: 9091/10000 (91%)

Train Epoch: 2 [6336/60000 (11%)]	Loss: 0.221036
Train Epoch: 2 [12736/60000 (21%)]	Loss: 0.171169
Train Epoch: 2 [19136/60000 (32%)]	Loss: 0.190672
Train Epoch: 2 [25536/60000 (43%)]	Loss: 0.268143
Train Epoch: 2 [31936/60000 (53%)]	Loss: 0.472140
Train Epoch: 2 [38336/60000 (64%)]	Loss: 0.461137
Train Epoch: 2 [44736/60000 (75%)]	Loss: 0.128166
Train Epoch: 2 [51136/60000 (85%)]	Loss: 0.324312
Train Epoch: 2 [57536/60000 (96%)]	Loss: 0.268643

Test set: Average loss: 0.2580, Accuracy: 9166/10000 (92%)

Namespace(batch_size=64, bias=None, data='../data', device=0, epochs=2, hidden_size=500, load_weights='./paper/lenet5/lenet5_e50_h500.pt', log_interval=100, lr=0.01, model='redlenet5', momentum=0.9, no_cuda=False, r=5, save_model=None, save_results=True, seed=1, sparsity=0.25, use_relu=False, wd=0.0005)


Total time spent pruning/training: 0.25 minutes
Total number of parameters in model: 300170
Number of parameters in pruned model: 225765
