Namespace(batch_size=64, bias=None, data='../data', device=0, epochs=5, hidden_size=500, load_weights='./paper/lenet5/lenet5_e50_h500.pt', log_interval=100, lr=0.01, model='redlenet5', momentum=0.9, no_cuda=False, r=5, save_model=None, save_results=True, seed=1, sparsity=0.025, use_relu=True, wd=0.0005) 

Training a RedLeNet5 network ...
Train Epoch: 1 [6336/60000 (11%)]	Loss: 1.121334
Train Epoch: 1 [12736/60000 (21%)]	Loss: 1.106087
Train Epoch: 1 [19136/60000 (32%)]	Loss: 0.776698
Train Epoch: 1 [25536/60000 (43%)]	Loss: 0.472237
Train Epoch: 1 [31936/60000 (53%)]	Loss: 0.802008
Train Epoch: 1 [38336/60000 (64%)]	Loss: 0.781766
Train Epoch: 1 [44736/60000 (75%)]	Loss: 0.677500
Train Epoch: 1 [51136/60000 (85%)]	Loss: 0.612609
Train Epoch: 1 [57536/60000 (96%)]	Loss: 0.618207

Test set: Average loss: 0.5544, Accuracy: 8327/10000 (83%)

Train Epoch: 2 [6336/60000 (11%)]	Loss: 0.434533
Train Epoch: 2 [12736/60000 (21%)]	Loss: 0.478424
Train Epoch: 2 [19136/60000 (32%)]	Loss: 0.492103
Train Epoch: 2 [25536/60000 (43%)]	Loss: 0.619981
Train Epoch: 2 [31936/60000 (53%)]	Loss: 0.640591
Train Epoch: 2 [38336/60000 (64%)]	Loss: 0.827214
Train Epoch: 2 [44736/60000 (75%)]	Loss: 0.482785
Train Epoch: 2 [51136/60000 (85%)]	Loss: 0.621249
Train Epoch: 2 [57536/60000 (96%)]	Loss: 0.542650

Test set: Average loss: 0.4389, Accuracy: 8714/10000 (87%)

Train Epoch: 3 [6336/60000 (11%)]	Loss: 0.532126
Train Epoch: 3 [12736/60000 (21%)]	Loss: 0.438325
Train Epoch: 3 [19136/60000 (32%)]	Loss: 0.347135
Train Epoch: 3 [25536/60000 (43%)]	Loss: 0.268931
Train Epoch: 3 [31936/60000 (53%)]	Loss: 0.385649
Train Epoch: 3 [38336/60000 (64%)]	Loss: 0.307551
Train Epoch: 3 [44736/60000 (75%)]	Loss: 0.384027
Train Epoch: 3 [51136/60000 (85%)]	Loss: 0.392489
Train Epoch: 3 [57536/60000 (96%)]	Loss: 0.431159

Test set: Average loss: 0.3751, Accuracy: 8832/10000 (88%)

Train Epoch: 4 [6336/60000 (11%)]	Loss: 0.468645
Train Epoch: 4 [12736/60000 (21%)]	Loss: 0.355068
Train Epoch: 4 [19136/60000 (32%)]	Loss: 0.480859
Train Epoch: 4 [25536/60000 (43%)]	Loss: 0.354170
Train Epoch: 4 [31936/60000 (53%)]	Loss: 0.443524
Train Epoch: 4 [38336/60000 (64%)]	Loss: 0.415011
Train Epoch: 4 [44736/60000 (75%)]	Loss: 0.479962
Train Epoch: 4 [51136/60000 (85%)]	Loss: 0.306412
Train Epoch: 4 [57536/60000 (96%)]	Loss: 0.411816

Test set: Average loss: 0.3269, Accuracy: 8991/10000 (90%)

Train Epoch: 5 [6336/60000 (11%)]	Loss: 0.182470
Train Epoch: 5 [12736/60000 (21%)]	Loss: 0.313913
Train Epoch: 5 [19136/60000 (32%)]	Loss: 0.222059
Train Epoch: 5 [25536/60000 (43%)]	Loss: 0.213620
Train Epoch: 5 [31936/60000 (53%)]	Loss: 0.252693
Train Epoch: 5 [38336/60000 (64%)]	Loss: 0.189561
Train Epoch: 5 [44736/60000 (75%)]	Loss: 0.291435
Train Epoch: 5 [51136/60000 (85%)]	Loss: 0.197136
Train Epoch: 5 [57536/60000 (96%)]	Loss: 0.174699

Test set: Average loss: 0.2374, Accuracy: 9290/10000 (93%)

Namespace(batch_size=64, bias=None, data='../data', device=0, epochs=5, hidden_size=500, load_weights='./paper/lenet5/lenet5_e50_h500.pt', log_interval=100, lr=0.01, model='redlenet5', momentum=0.9, no_cuda=False, r=5, save_model=None, save_results=True, seed=1, sparsity=0.025, use_relu=True, wd=0.0005)


Total time spent pruning/training: 0.61 minutes
Total number of parameters in model: 300170
Number of parameters in pruned model: 292730
