Namespace(batch_size=64, bias=None, data='../data', device=0, epochs=17, hidden_size=500, load_weights='./paper/lenet5/lenet5_e50_h500.pt', log_interval=100, lr=0.01, model='redlenet5', momentum=0.9, no_cuda=False, r=5, save_model=None, save_results=True, seed=1, sparsity=0.95, use_relu=False, wd=0.0005) 

Training a RedLeNet5 network ...
Train Epoch: 1 [6336/60000 (11%)]	Loss: 2.302802
Train Epoch: 1 [12736/60000 (21%)]	Loss: 2.302557
Train Epoch: 1 [19136/60000 (32%)]	Loss: 2.302423
Train Epoch: 1 [25536/60000 (43%)]	Loss: 2.302541
Train Epoch: 1 [31936/60000 (53%)]	Loss: 2.302331
Train Epoch: 1 [38336/60000 (64%)]	Loss: 2.302153
Train Epoch: 1 [44736/60000 (75%)]	Loss: 2.302072
Train Epoch: 1 [51136/60000 (85%)]	Loss: 2.301841
Train Epoch: 1 [57536/60000 (96%)]	Loss: 2.302134

Test set: Average loss: 2.3018, Accuracy: 1288/10000 (13%)

Train Epoch: 2 [6336/60000 (11%)]	Loss: 2.301819
Train Epoch: 2 [12736/60000 (21%)]	Loss: 2.302068
Train Epoch: 2 [19136/60000 (32%)]	Loss: 2.301053
Train Epoch: 2 [25536/60000 (43%)]	Loss: 2.299750
Train Epoch: 2 [31936/60000 (53%)]	Loss: 2.299914
Train Epoch: 2 [38336/60000 (64%)]	Loss: 2.299333
Train Epoch: 2 [44736/60000 (75%)]	Loss: 2.298334
Train Epoch: 2 [51136/60000 (85%)]	Loss: 2.298002
Train Epoch: 2 [57536/60000 (96%)]	Loss: 2.299857

Test set: Average loss: 2.2989, Accuracy: 1508/10000 (15%)

Train Epoch: 3 [6336/60000 (11%)]	Loss: 2.299460
Train Epoch: 3 [12736/60000 (21%)]	Loss: 2.297998
Train Epoch: 3 [19136/60000 (32%)]	Loss: 2.298278
Train Epoch: 3 [25536/60000 (43%)]	Loss: 2.296310
Train Epoch: 3 [31936/60000 (53%)]	Loss: 2.297770
Train Epoch: 3 [38336/60000 (64%)]	Loss: 2.295820
Train Epoch: 3 [44736/60000 (75%)]	Loss: 2.292502
Train Epoch: 3 [51136/60000 (85%)]	Loss: 2.290833
Train Epoch: 3 [57536/60000 (96%)]	Loss: 2.294965

Test set: Average loss: 2.2935, Accuracy: 882/10000 (9%)

Train Epoch: 4 [6336/60000 (11%)]	Loss: 2.290785
Train Epoch: 4 [12736/60000 (21%)]	Loss: 2.298730
Train Epoch: 4 [19136/60000 (32%)]	Loss: 2.298260
Train Epoch: 4 [25536/60000 (43%)]	Loss: 2.295758
Train Epoch: 4 [31936/60000 (53%)]	Loss: 2.294858
Train Epoch: 4 [38336/60000 (64%)]	Loss: 2.299925
Train Epoch: 4 [44736/60000 (75%)]	Loss: 2.295649
Train Epoch: 4 [51136/60000 (85%)]	Loss: 2.290656
Train Epoch: 4 [57536/60000 (96%)]	Loss: 2.294389

Test set: Average loss: 2.2920, Accuracy: 889/10000 (9%)

Train Epoch: 5 [6336/60000 (11%)]	Loss: 2.285226
Train Epoch: 5 [12736/60000 (21%)]	Loss: 2.295380
Train Epoch: 5 [19136/60000 (32%)]	Loss: 2.288302
Train Epoch: 5 [25536/60000 (43%)]	Loss: 2.295022
Train Epoch: 5 [31936/60000 (53%)]	Loss: 2.291526
Train Epoch: 5 [38336/60000 (64%)]	Loss: 2.291158
Train Epoch: 5 [44736/60000 (75%)]	Loss: 2.289761
Train Epoch: 5 [51136/60000 (85%)]	Loss: 2.293727
Train Epoch: 5 [57536/60000 (96%)]	Loss: 2.293776

Test set: Average loss: 2.2899, Accuracy: 883/10000 (9%)

Train Epoch: 6 [6336/60000 (11%)]	Loss: 2.289178
Train Epoch: 6 [12736/60000 (21%)]	Loss: 2.287240
Train Epoch: 6 [19136/60000 (32%)]	Loss: 2.283443
Train Epoch: 6 [25536/60000 (43%)]	Loss: 2.291150
Train Epoch: 6 [31936/60000 (53%)]	Loss: 2.285465
Train Epoch: 6 [38336/60000 (64%)]	Loss: 2.287700
Train Epoch: 6 [44736/60000 (75%)]	Loss: 2.285797
Train Epoch: 6 [51136/60000 (85%)]	Loss: 2.289796
Train Epoch: 6 [57536/60000 (96%)]	Loss: 2.283700

Test set: Average loss: 2.2852, Accuracy: 870/10000 (9%)

Train Epoch: 7 [6336/60000 (11%)]	Loss: 2.285694
Train Epoch: 7 [12736/60000 (21%)]	Loss: 2.286266
Train Epoch: 7 [19136/60000 (32%)]	Loss: 2.280331
Train Epoch: 7 [25536/60000 (43%)]	Loss: 2.277513
Train Epoch: 7 [31936/60000 (53%)]	Loss: 2.283064
Train Epoch: 7 [38336/60000 (64%)]	Loss: 2.283382
Train Epoch: 7 [44736/60000 (75%)]	Loss: 2.296047
Train Epoch: 7 [51136/60000 (85%)]	Loss: 2.281112
Train Epoch: 7 [57536/60000 (96%)]	Loss: 2.281983

Test set: Average loss: 2.2827, Accuracy: 896/10000 (9%)

Train Epoch: 8 [6336/60000 (11%)]	Loss: 2.281483
Train Epoch: 8 [12736/60000 (21%)]	Loss: 2.272267
Train Epoch: 8 [19136/60000 (32%)]	Loss: 2.279678
Train Epoch: 8 [25536/60000 (43%)]	Loss: 2.286913
Train Epoch: 8 [31936/60000 (53%)]	Loss: 2.273826
Train Epoch: 8 [38336/60000 (64%)]	Loss: 2.287479
Train Epoch: 8 [44736/60000 (75%)]	Loss: 2.281349
Train Epoch: 8 [51136/60000 (85%)]	Loss: 2.277134
Train Epoch: 8 [57536/60000 (96%)]	Loss: 2.280679

Test set: Average loss: 2.2791, Accuracy: 894/10000 (9%)

Train Epoch: 9 [6336/60000 (11%)]	Loss: 2.282058
Train Epoch: 9 [12736/60000 (21%)]	Loss: 2.278983
Train Epoch: 9 [19136/60000 (32%)]	Loss: 2.282104
Train Epoch: 9 [25536/60000 (43%)]	Loss: 2.294706
Train Epoch: 9 [31936/60000 (53%)]	Loss: 2.270615
Train Epoch: 9 [38336/60000 (64%)]	Loss: 2.279270
Train Epoch: 9 [44736/60000 (75%)]	Loss: 2.279915
Train Epoch: 9 [51136/60000 (85%)]	Loss: 2.280819
Train Epoch: 9 [57536/60000 (96%)]	Loss: 2.279634

Test set: Average loss: 2.2745, Accuracy: 1617/10000 (16%)

Train Epoch: 10 [6336/60000 (11%)]	Loss: 2.263398
Train Epoch: 10 [12736/60000 (21%)]	Loss: 2.283073
Train Epoch: 10 [19136/60000 (32%)]	Loss: 2.272471
Train Epoch: 10 [25536/60000 (43%)]	Loss: 2.285079
Train Epoch: 10 [31936/60000 (53%)]	Loss: 2.289626
Train Epoch: 10 [38336/60000 (64%)]	Loss: 2.276007
Train Epoch: 10 [44736/60000 (75%)]	Loss: 2.259169
Train Epoch: 10 [51136/60000 (85%)]	Loss: 2.272709
Train Epoch: 10 [57536/60000 (96%)]	Loss: 2.264533

Test set: Average loss: 2.2732, Accuracy: 1529/10000 (15%)

Train Epoch: 11 [6336/60000 (11%)]	Loss: 2.262183
Train Epoch: 11 [12736/60000 (21%)]	Loss: 2.280457
Train Epoch: 11 [19136/60000 (32%)]	Loss: 2.275706
Train Epoch: 11 [25536/60000 (43%)]	Loss: 2.255571
Train Epoch: 11 [31936/60000 (53%)]	Loss: 2.268024
Train Epoch: 11 [38336/60000 (64%)]	Loss: 2.261723
Train Epoch: 11 [44736/60000 (75%)]	Loss: 2.235735
Train Epoch: 11 [51136/60000 (85%)]	Loss: 2.272011
Train Epoch: 11 [57536/60000 (96%)]	Loss: 2.259562

Test set: Average loss: 2.2674, Accuracy: 1291/10000 (13%)

Train Epoch: 12 [6336/60000 (11%)]	Loss: 2.266868
Train Epoch: 12 [12736/60000 (21%)]	Loss: 2.287458
Train Epoch: 12 [19136/60000 (32%)]	Loss: 2.273707
Train Epoch: 12 [25536/60000 (43%)]	Loss: 2.257677
Train Epoch: 12 [31936/60000 (53%)]	Loss: 2.266044
Train Epoch: 12 [38336/60000 (64%)]	Loss: 2.270164
Train Epoch: 12 [44736/60000 (75%)]	Loss: 2.254394
Train Epoch: 12 [51136/60000 (85%)]	Loss: 2.267904
Train Epoch: 12 [57536/60000 (96%)]	Loss: 2.261927

Test set: Average loss: 2.2626, Accuracy: 1293/10000 (13%)

Train Epoch: 13 [6336/60000 (11%)]	Loss: 2.275356
Train Epoch: 13 [12736/60000 (21%)]	Loss: 2.261573
Train Epoch: 13 [19136/60000 (32%)]	Loss: 2.254757
Train Epoch: 13 [25536/60000 (43%)]	Loss: 2.262070
Train Epoch: 13 [31936/60000 (53%)]	Loss: 2.272217
Train Epoch: 13 [38336/60000 (64%)]	Loss: 2.249876
Train Epoch: 13 [44736/60000 (75%)]	Loss: 2.268072
Train Epoch: 13 [51136/60000 (85%)]	Loss: 2.272543
Train Epoch: 13 [57536/60000 (96%)]	Loss: 2.249257

Test set: Average loss: 2.2598, Accuracy: 1367/10000 (14%)

Train Epoch: 14 [6336/60000 (11%)]	Loss: 2.249266
Train Epoch: 14 [12736/60000 (21%)]	Loss: 2.263702
Train Epoch: 14 [19136/60000 (32%)]	Loss: 2.241061
Train Epoch: 14 [25536/60000 (43%)]	Loss: 2.271837
Train Epoch: 14 [31936/60000 (53%)]	Loss: 2.270495
Train Epoch: 14 [38336/60000 (64%)]	Loss: 2.248599
Train Epoch: 14 [44736/60000 (75%)]	Loss: 2.271643
Train Epoch: 14 [51136/60000 (85%)]	Loss: 2.249425
Train Epoch: 14 [57536/60000 (96%)]	Loss: 2.284694

Test set: Average loss: 2.2585, Accuracy: 1256/10000 (13%)

Train Epoch: 15 [6336/60000 (11%)]	Loss: 2.254416
Train Epoch: 15 [12736/60000 (21%)]	Loss: 2.254010
Train Epoch: 15 [19136/60000 (32%)]	Loss: 2.260399
Train Epoch: 15 [25536/60000 (43%)]	Loss: 2.251114
Train Epoch: 15 [31936/60000 (53%)]	Loss: 2.265581
Train Epoch: 15 [38336/60000 (64%)]	Loss: 2.259006
Train Epoch: 15 [44736/60000 (75%)]	Loss: 2.263949
Train Epoch: 15 [51136/60000 (85%)]	Loss: 2.262748
Train Epoch: 15 [57536/60000 (96%)]	Loss: 2.244399

Test set: Average loss: 2.2581, Accuracy: 1329/10000 (13%)

Train Epoch: 16 [6336/60000 (11%)]	Loss: 2.256458
Train Epoch: 16 [12736/60000 (21%)]	Loss: 2.271982
Train Epoch: 16 [19136/60000 (32%)]	Loss: 2.251497
Train Epoch: 16 [25536/60000 (43%)]	Loss: 2.253777
Train Epoch: 16 [31936/60000 (53%)]	Loss: 2.265224
Train Epoch: 16 [38336/60000 (64%)]	Loss: 2.251592
Train Epoch: 16 [44736/60000 (75%)]	Loss: 2.232041
Train Epoch: 16 [51136/60000 (85%)]	Loss: 2.280701
Train Epoch: 16 [57536/60000 (96%)]	Loss: 2.278213

Test set: Average loss: 2.2575, Accuracy: 1348/10000 (13%)

Train Epoch: 17 [6336/60000 (11%)]	Loss: 2.269201
Train Epoch: 17 [12736/60000 (21%)]	Loss: 2.270791
Train Epoch: 17 [19136/60000 (32%)]	Loss: 2.243766
Train Epoch: 17 [25536/60000 (43%)]	Loss: 2.269065
Train Epoch: 17 [31936/60000 (53%)]	Loss: 2.265613
Train Epoch: 17 [38336/60000 (64%)]	Loss: 2.264274
Train Epoch: 17 [44736/60000 (75%)]	Loss: 2.245525
Train Epoch: 17 [51136/60000 (85%)]	Loss: 2.249642
Train Epoch: 17 [57536/60000 (96%)]	Loss: 2.249742

Test set: Average loss: 2.2577, Accuracy: 1348/10000 (13%)

Namespace(batch_size=64, bias=None, data='../data', device=0, epochs=17, hidden_size=500, load_weights='./paper/lenet5/lenet5_e50_h500.pt', log_interval=100, lr=0.01, model='redlenet5', momentum=0.9, no_cuda=False, r=5, save_model=None, save_results=True, seed=1, sparsity=0.95, use_relu=False, wd=0.0005)


Total time spent pruning/training: 1.87 minutes
Total number of parameters in model: 300170
Number of parameters in pruned model: 17431
