Namespace(batch_size=64, bias=None, data='../data', device=0, epochs=50, hidden_size=500, load_weights='../base2/lenet5/lenet5_e50_h500.pt', log_interval=100, lr=0.01, milestones=[5, 7], model='redlenet5', momentum=0.9, no_cuda=False, r=5, save_model=None, save_results=True, scheduler='cosine', seed=1, sparsity=0.05, use_relu=False, wd=0.0005) 

Training a RedLeNet5 network ...
Train Epoch: 1 [0/60000 (0%)]	Loss: 13.922844
Train Epoch: 1 [6400/60000 (11%)]	Loss: 0.832226
Train Epoch: 1 [12800/60000 (21%)]	Loss: 0.566511
Train Epoch: 1 [19200/60000 (32%)]	Loss: 0.687438
Train Epoch: 1 [25600/60000 (43%)]	Loss: 0.363900
Train Epoch: 1 [32000/60000 (53%)]	Loss: 0.434786
Train Epoch: 1 [38400/60000 (64%)]	Loss: 0.493302
Train Epoch: 1 [44800/60000 (75%)]	Loss: 0.496796
Train Epoch: 1 [51200/60000 (85%)]	Loss: 0.773324
Train Epoch: 1 [57600/60000 (96%)]	Loss: 0.343426

Test set: Average loss: 0.4631, Accuracy: 8496/10000 (85%)

Train Epoch: 2 [0/60000 (0%)]	Loss: 0.397228
Train Epoch: 2 [6400/60000 (11%)]	Loss: 0.278852
Train Epoch: 2 [12800/60000 (21%)]	Loss: 0.338883
Train Epoch: 2 [19200/60000 (32%)]	Loss: 0.498748
Train Epoch: 2 [25600/60000 (43%)]	Loss: 0.376096
Train Epoch: 2 [32000/60000 (53%)]	Loss: 0.443857
Train Epoch: 2 [38400/60000 (64%)]	Loss: 0.249923
Train Epoch: 2 [44800/60000 (75%)]	Loss: 0.417869
Train Epoch: 2 [51200/60000 (85%)]	Loss: 0.303707
Train Epoch: 2 [57600/60000 (96%)]	Loss: 0.273025

Test set: Average loss: 0.3894, Accuracy: 8772/10000 (88%)

Train Epoch: 3 [0/60000 (0%)]	Loss: 0.377032
Train Epoch: 3 [6400/60000 (11%)]	Loss: 0.283593
Train Epoch: 3 [12800/60000 (21%)]	Loss: 0.413428
Train Epoch: 3 [19200/60000 (32%)]	Loss: 0.260696
Train Epoch: 3 [25600/60000 (43%)]	Loss: 0.350154
Train Epoch: 3 [32000/60000 (53%)]	Loss: 0.318857
Train Epoch: 3 [38400/60000 (64%)]	Loss: 0.536899
Train Epoch: 3 [44800/60000 (75%)]	Loss: 0.327710
Train Epoch: 3 [51200/60000 (85%)]	Loss: 0.215201
Train Epoch: 3 [57600/60000 (96%)]	Loss: 0.333619

Test set: Average loss: 0.3060, Accuracy: 9095/10000 (91%)

Train Epoch: 4 [0/60000 (0%)]	Loss: 0.212622
Train Epoch: 4 [6400/60000 (11%)]	Loss: 0.264659
Train Epoch: 4 [12800/60000 (21%)]	Loss: 0.340262
Train Epoch: 4 [19200/60000 (32%)]	Loss: 0.410593
Train Epoch: 4 [25600/60000 (43%)]	Loss: 0.363009
Train Epoch: 4 [32000/60000 (53%)]	Loss: 0.238000
Train Epoch: 4 [38400/60000 (64%)]	Loss: 0.355058
Train Epoch: 4 [44800/60000 (75%)]	Loss: 0.090543
Train Epoch: 4 [51200/60000 (85%)]	Loss: 0.364205
Train Epoch: 4 [57600/60000 (96%)]	Loss: 0.262938

Test set: Average loss: 0.3092, Accuracy: 8991/10000 (90%)

Train Epoch: 5 [0/60000 (0%)]	Loss: 0.390037
Train Epoch: 5 [6400/60000 (11%)]	Loss: 0.348935
Train Epoch: 5 [12800/60000 (21%)]	Loss: 0.201802
Train Epoch: 5 [19200/60000 (32%)]	Loss: 0.495710
Train Epoch: 5 [25600/60000 (43%)]	Loss: 0.283326
Train Epoch: 5 [32000/60000 (53%)]	Loss: 0.368751
Train Epoch: 5 [38400/60000 (64%)]	Loss: 0.203333
Train Epoch: 5 [44800/60000 (75%)]	Loss: 0.307000
Train Epoch: 5 [51200/60000 (85%)]	Loss: 0.373088
Train Epoch: 5 [57600/60000 (96%)]	Loss: 0.336280

Test set: Average loss: 0.4829, Accuracy: 8493/10000 (85%)

Train Epoch: 6 [0/60000 (0%)]	Loss: 0.358979
Train Epoch: 6 [6400/60000 (11%)]	Loss: 0.614550
Train Epoch: 6 [12800/60000 (21%)]	Loss: 0.232057
Train Epoch: 6 [19200/60000 (32%)]	Loss: 0.294887
Train Epoch: 6 [25600/60000 (43%)]	Loss: 0.202042
Train Epoch: 6 [32000/60000 (53%)]	Loss: 0.311164
Train Epoch: 6 [38400/60000 (64%)]	Loss: 0.359797
Train Epoch: 6 [44800/60000 (75%)]	Loss: 0.486181
Train Epoch: 6 [51200/60000 (85%)]	Loss: 0.300397
Train Epoch: 6 [57600/60000 (96%)]	Loss: 0.458120

Test set: Average loss: 0.3038, Accuracy: 9051/10000 (91%)

Train Epoch: 7 [0/60000 (0%)]	Loss: 0.318417
Train Epoch: 7 [6400/60000 (11%)]	Loss: 0.458536
Train Epoch: 7 [12800/60000 (21%)]	Loss: 0.188210
Train Epoch: 7 [19200/60000 (32%)]	Loss: 0.440015
Train Epoch: 7 [25600/60000 (43%)]	Loss: 0.365987
Train Epoch: 7 [32000/60000 (53%)]	Loss: 0.415783
Train Epoch: 7 [38400/60000 (64%)]	Loss: 0.325639
Train Epoch: 7 [44800/60000 (75%)]	Loss: 0.347166
Train Epoch: 7 [51200/60000 (85%)]	Loss: 0.546118
Train Epoch: 7 [57600/60000 (96%)]	Loss: 0.453378

Test set: Average loss: 0.4279, Accuracy: 8653/10000 (87%)

Train Epoch: 8 [0/60000 (0%)]	Loss: 0.488412
Train Epoch: 8 [6400/60000 (11%)]	Loss: 0.485942
Train Epoch: 8 [12800/60000 (21%)]	Loss: 0.247236
Train Epoch: 8 [19200/60000 (32%)]	Loss: 0.406565
Train Epoch: 8 [25600/60000 (43%)]	Loss: 0.839798
Train Epoch: 8 [32000/60000 (53%)]	Loss: 0.722808
Train Epoch: 8 [38400/60000 (64%)]	Loss: 0.374619
Train Epoch: 8 [44800/60000 (75%)]	Loss: 0.650967
Train Epoch: 8 [51200/60000 (85%)]	Loss: 0.485820
Train Epoch: 8 [57600/60000 (96%)]	Loss: 0.190186

Test set: Average loss: 0.8246, Accuracy: 7603/10000 (76%)

Train Epoch: 9 [0/60000 (0%)]	Loss: 0.687802
Train Epoch: 9 [6400/60000 (11%)]	Loss: 0.403436
Train Epoch: 9 [12800/60000 (21%)]	Loss: 0.544043
Train Epoch: 9 [19200/60000 (32%)]	Loss: 0.575621
Train Epoch: 9 [25600/60000 (43%)]	Loss: 0.499610
Train Epoch: 9 [32000/60000 (53%)]	Loss: 0.454118
Train Epoch: 9 [38400/60000 (64%)]	Loss: 0.622447
Train Epoch: 9 [44800/60000 (75%)]	Loss: 1.167024
Train Epoch: 9 [51200/60000 (85%)]	Loss: 0.612468
Train Epoch: 9 [57600/60000 (96%)]	Loss: 0.583477

Test set: Average loss: 0.6570, Accuracy: 7801/10000 (78%)

Train Epoch: 10 [0/60000 (0%)]	Loss: 0.888346
Train Epoch: 10 [6400/60000 (11%)]	Loss: 0.795536
Train Epoch: 10 [12800/60000 (21%)]	Loss: 0.930365
Train Epoch: 10 [19200/60000 (32%)]	Loss: 0.435654
Train Epoch: 10 [25600/60000 (43%)]	Loss: 0.617912
Train Epoch: 10 [32000/60000 (53%)]	Loss: 0.471252
Train Epoch: 10 [38400/60000 (64%)]	Loss: 0.863708
Train Epoch: 10 [44800/60000 (75%)]	Loss: 0.727904
Train Epoch: 10 [51200/60000 (85%)]	Loss: 0.498171
Train Epoch: 10 [57600/60000 (96%)]	Loss: 0.642630

Test set: Average loss: 0.8203, Accuracy: 7379/10000 (74%)

Train Epoch: 11 [0/60000 (0%)]	Loss: 0.685205
Train Epoch: 11 [6400/60000 (11%)]	Loss: 0.609909
Train Epoch: 11 [12800/60000 (21%)]	Loss: 0.864052
Train Epoch: 11 [19200/60000 (32%)]	Loss: 0.733227
Train Epoch: 11 [25600/60000 (43%)]	Loss: 0.637980
Train Epoch: 11 [32000/60000 (53%)]	Loss: 0.843417
Train Epoch: 11 [38400/60000 (64%)]	Loss: 0.616277
Train Epoch: 11 [44800/60000 (75%)]	Loss: 0.464161
Train Epoch: 11 [51200/60000 (85%)]	Loss: 0.431061
Train Epoch: 11 [57600/60000 (96%)]	Loss: 0.831789

Test set: Average loss: 0.7668, Accuracy: 7680/10000 (77%)

Train Epoch: 12 [0/60000 (0%)]	Loss: 0.976824
Train Epoch: 12 [6400/60000 (11%)]	Loss: 0.519465
Train Epoch: 12 [12800/60000 (21%)]	Loss: 0.456096
Train Epoch: 12 [19200/60000 (32%)]	Loss: 0.826978
Train Epoch: 12 [25600/60000 (43%)]	Loss: 1.019889
Train Epoch: 12 [32000/60000 (53%)]	Loss: 0.716764
Train Epoch: 12 [38400/60000 (64%)]	Loss: 1.131533
Train Epoch: 12 [44800/60000 (75%)]	Loss: 0.678548
Train Epoch: 12 [51200/60000 (85%)]	Loss: 0.402356
Train Epoch: 12 [57600/60000 (96%)]	Loss: 0.922663

Test set: Average loss: 0.7044, Accuracy: 7878/10000 (79%)

Train Epoch: 13 [0/60000 (0%)]	Loss: 0.512406
Train Epoch: 13 [6400/60000 (11%)]	Loss: 0.570589
Train Epoch: 13 [12800/60000 (21%)]	Loss: 0.527624
Train Epoch: 13 [19200/60000 (32%)]	Loss: 0.794207
Train Epoch: 13 [25600/60000 (43%)]	Loss: 0.822373
Train Epoch: 13 [32000/60000 (53%)]	Loss: 1.096704
Train Epoch: 13 [38400/60000 (64%)]	Loss: 0.622339
Train Epoch: 13 [44800/60000 (75%)]	Loss: 0.581582
Train Epoch: 13 [51200/60000 (85%)]	Loss: 1.042897
Train Epoch: 13 [57600/60000 (96%)]	Loss: 0.835342

Test set: Average loss: 0.8744, Accuracy: 7517/10000 (75%)

Train Epoch: 14 [0/60000 (0%)]	Loss: 0.808773
Train Epoch: 14 [6400/60000 (11%)]	Loss: 0.904876
Train Epoch: 14 [12800/60000 (21%)]	Loss: 0.641853
Train Epoch: 14 [19200/60000 (32%)]	Loss: 0.870835
Train Epoch: 14 [25600/60000 (43%)]	Loss: 1.045696
Train Epoch: 14 [32000/60000 (53%)]	Loss: 0.751363
Train Epoch: 14 [38400/60000 (64%)]	Loss: 1.010706
Train Epoch: 14 [44800/60000 (75%)]	Loss: 0.876144
Train Epoch: 14 [51200/60000 (85%)]	Loss: 0.875655
Train Epoch: 14 [57600/60000 (96%)]	Loss: 0.771242

Test set: Average loss: 0.7013, Accuracy: 7932/10000 (79%)

Train Epoch: 15 [0/60000 (0%)]	Loss: 0.560257
Train Epoch: 15 [6400/60000 (11%)]	Loss: 1.715188
Train Epoch: 15 [12800/60000 (21%)]	Loss: 1.170778
Train Epoch: 15 [19200/60000 (32%)]	Loss: 0.703327
Train Epoch: 15 [25600/60000 (43%)]	Loss: 0.813446
Train Epoch: 15 [32000/60000 (53%)]	Loss: 1.371939
Train Epoch: 15 [38400/60000 (64%)]	Loss: 1.075186
Train Epoch: 15 [44800/60000 (75%)]	Loss: 0.590074
Train Epoch: 15 [51200/60000 (85%)]	Loss: 0.977853
Train Epoch: 15 [57600/60000 (96%)]	Loss: 0.687854

Test set: Average loss: 1.2118, Accuracy: 6434/10000 (64%)

Train Epoch: 16 [0/60000 (0%)]	Loss: 1.421360
Train Epoch: 16 [6400/60000 (11%)]	Loss: 0.967773
Train Epoch: 16 [12800/60000 (21%)]	Loss: 1.464185
Train Epoch: 16 [19200/60000 (32%)]	Loss: 0.638630
Train Epoch: 16 [25600/60000 (43%)]	Loss: 0.801375
Train Epoch: 16 [32000/60000 (53%)]	Loss: 1.210297
Train Epoch: 16 [38400/60000 (64%)]	Loss: 1.307227
Train Epoch: 16 [44800/60000 (75%)]	Loss: 1.644652
Train Epoch: 16 [51200/60000 (85%)]	Loss: 2.090493
Train Epoch: 16 [57600/60000 (96%)]	Loss: 1.029063

Test set: Average loss: 1.0290, Accuracy: 6983/10000 (70%)

Train Epoch: 17 [0/60000 (0%)]	Loss: 0.870499
Train Epoch: 17 [6400/60000 (11%)]	Loss: 0.863325
Train Epoch: 17 [12800/60000 (21%)]	Loss: 1.184897
Train Epoch: 17 [19200/60000 (32%)]	Loss: 1.329683
Train Epoch: 17 [25600/60000 (43%)]	Loss: 2.171395
Train Epoch: 17 [32000/60000 (53%)]	Loss: 0.560450
Train Epoch: 17 [38400/60000 (64%)]	Loss: 1.060775
Train Epoch: 17 [44800/60000 (75%)]	Loss: 1.117687
Train Epoch: 17 [51200/60000 (85%)]	Loss: 0.699728
Train Epoch: 17 [57600/60000 (96%)]	Loss: 1.657958

Test set: Average loss: 1.3653, Accuracy: 5971/10000 (60%)

Train Epoch: 18 [0/60000 (0%)]	Loss: 1.368526
Train Epoch: 18 [6400/60000 (11%)]	Loss: 2.164940
Train Epoch: 18 [12800/60000 (21%)]	Loss: 1.530284
Train Epoch: 18 [19200/60000 (32%)]	Loss: 1.222265
Train Epoch: 18 [25600/60000 (43%)]	Loss: 1.122119
Train Epoch: 18 [32000/60000 (53%)]	Loss: 0.683925
Train Epoch: 18 [38400/60000 (64%)]	Loss: 1.634650
Train Epoch: 18 [44800/60000 (75%)]	Loss: 1.263149
Train Epoch: 18 [51200/60000 (85%)]	Loss: 1.292734
Train Epoch: 18 [57600/60000 (96%)]	Loss: 2.076097

Test set: Average loss: 1.4533, Accuracy: 5930/10000 (59%)

Train Epoch: 19 [0/60000 (0%)]	Loss: 1.599828
Train Epoch: 19 [6400/60000 (11%)]	Loss: 2.226025
Train Epoch: 19 [12800/60000 (21%)]	Loss: 1.926704
Train Epoch: 19 [19200/60000 (32%)]	Loss: 1.764635
Train Epoch: 19 [25600/60000 (43%)]	Loss: 1.143215
Train Epoch: 19 [32000/60000 (53%)]	Loss: 1.837994
Train Epoch: 19 [38400/60000 (64%)]	Loss: 1.739515
Train Epoch: 19 [44800/60000 (75%)]	Loss: 1.441120
Train Epoch: 19 [51200/60000 (85%)]	Loss: 1.571052
Train Epoch: 19 [57600/60000 (96%)]	Loss: 2.362035

Test set: Average loss: 1.5787, Accuracy: 5533/10000 (55%)

Train Epoch: 20 [0/60000 (0%)]	Loss: 1.729366
Train Epoch: 20 [6400/60000 (11%)]	Loss: 1.670132
Train Epoch: 20 [12800/60000 (21%)]	Loss: 1.345284
Train Epoch: 20 [19200/60000 (32%)]	Loss: 1.812350
Train Epoch: 20 [25600/60000 (43%)]	Loss: 2.367195
Train Epoch: 20 [32000/60000 (53%)]	Loss: 1.042829
Train Epoch: 20 [38400/60000 (64%)]	Loss: 1.621994
Train Epoch: 20 [44800/60000 (75%)]	Loss: 1.296076
Train Epoch: 20 [51200/60000 (85%)]	Loss: 1.200848
Train Epoch: 20 [57600/60000 (96%)]	Loss: 1.746984

Test set: Average loss: 1.4632, Accuracy: 6177/10000 (62%)

Train Epoch: 21 [0/60000 (0%)]	Loss: 1.343800
Train Epoch: 21 [6400/60000 (11%)]	Loss: 1.571943
Train Epoch: 21 [12800/60000 (21%)]	Loss: 3.141153
Train Epoch: 21 [19200/60000 (32%)]	Loss: 1.583099
Train Epoch: 21 [25600/60000 (43%)]	Loss: 1.011534
Train Epoch: 21 [32000/60000 (53%)]	Loss: 2.309258
Train Epoch: 21 [38400/60000 (64%)]	Loss: 2.907427
Train Epoch: 21 [44800/60000 (75%)]	Loss: 2.057540
Train Epoch: 21 [51200/60000 (85%)]	Loss: 2.088487
Train Epoch: 21 [57600/60000 (96%)]	Loss: 1.696888

Test set: Average loss: 1.8774, Accuracy: 5525/10000 (55%)

Train Epoch: 22 [0/60000 (0%)]	Loss: 1.791265
Train Epoch: 22 [6400/60000 (11%)]	Loss: 2.286844
Train Epoch: 22 [12800/60000 (21%)]	Loss: 0.980680
Train Epoch: 22 [19200/60000 (32%)]	Loss: 1.611749
Train Epoch: 22 [25600/60000 (43%)]	Loss: 1.486980
Train Epoch: 22 [32000/60000 (53%)]	Loss: 2.413121
Train Epoch: 22 [38400/60000 (64%)]	Loss: 2.136485
Train Epoch: 22 [44800/60000 (75%)]	Loss: 3.028914
Train Epoch: 22 [51200/60000 (85%)]	Loss: 1.859627
Train Epoch: 22 [57600/60000 (96%)]	Loss: 2.011420

Test set: Average loss: 3.4733, Accuracy: 4381/10000 (44%)

Train Epoch: 23 [0/60000 (0%)]	Loss: 3.506241
Train Epoch: 23 [6400/60000 (11%)]	Loss: 1.884802
Train Epoch: 23 [12800/60000 (21%)]	Loss: 1.940149
Train Epoch: 23 [19200/60000 (32%)]	Loss: 1.052313
Train Epoch: 23 [25600/60000 (43%)]	Loss: 2.705241
Train Epoch: 23 [32000/60000 (53%)]	Loss: 1.466228
Train Epoch: 23 [38400/60000 (64%)]	Loss: 2.361796
Train Epoch: 23 [44800/60000 (75%)]	Loss: 2.427143
Train Epoch: 23 [51200/60000 (85%)]	Loss: 1.721325
Train Epoch: 23 [57600/60000 (96%)]	Loss: 1.870437

Test set: Average loss: 4.4084, Accuracy: 3687/10000 (37%)

Train Epoch: 24 [0/60000 (0%)]	Loss: 4.194934
Train Epoch: 24 [6400/60000 (11%)]	Loss: 2.177962
Train Epoch: 24 [12800/60000 (21%)]	Loss: 1.737175
Train Epoch: 24 [19200/60000 (32%)]	Loss: 2.103671
Train Epoch: 24 [25600/60000 (43%)]	Loss: 2.523902
Train Epoch: 24 [32000/60000 (53%)]	Loss: 2.462182
Train Epoch: 24 [38400/60000 (64%)]	Loss: 1.789427
Train Epoch: 24 [44800/60000 (75%)]	Loss: 4.071558
Train Epoch: 24 [51200/60000 (85%)]	Loss: 1.554299
Train Epoch: 24 [57600/60000 (96%)]	Loss: 3.360824

Test set: Average loss: 3.2886, Accuracy: 4503/10000 (45%)

Train Epoch: 25 [0/60000 (0%)]	Loss: 4.158727
Train Epoch: 25 [6400/60000 (11%)]	Loss: 3.060139
Train Epoch: 25 [12800/60000 (21%)]	Loss: 2.809849
Train Epoch: 25 [19200/60000 (32%)]	Loss: 1.568482
Train Epoch: 25 [25600/60000 (43%)]	Loss: 2.331859
Train Epoch: 25 [32000/60000 (53%)]	Loss: 2.485271
Train Epoch: 25 [38400/60000 (64%)]	Loss: 3.017397
Train Epoch: 25 [44800/60000 (75%)]	Loss: 2.367421
Train Epoch: 25 [51200/60000 (85%)]	Loss: 3.257458
Train Epoch: 25 [57600/60000 (96%)]	Loss: 4.262316

Test set: Average loss: 3.8685, Accuracy: 3967/10000 (40%)

Train Epoch: 26 [0/60000 (0%)]	Loss: 3.701021
Train Epoch: 26 [6400/60000 (11%)]	Loss: 2.662225
Train Epoch: 26 [12800/60000 (21%)]	Loss: 3.622435
Train Epoch: 26 [19200/60000 (32%)]	Loss: 2.501588
Train Epoch: 26 [25600/60000 (43%)]	Loss: 1.863373
Train Epoch: 26 [32000/60000 (53%)]	Loss: 2.217047
Train Epoch: 26 [38400/60000 (64%)]	Loss: 2.824716
Train Epoch: 26 [44800/60000 (75%)]	Loss: 2.920153
Train Epoch: 26 [51200/60000 (85%)]	Loss: 3.314062
Train Epoch: 26 [57600/60000 (96%)]	Loss: 3.404180

Test set: Average loss: 2.7872, Accuracy: 4694/10000 (47%)

Train Epoch: 27 [0/60000 (0%)]	Loss: 3.451678
Train Epoch: 27 [6400/60000 (11%)]	Loss: 2.231527
Train Epoch: 27 [12800/60000 (21%)]	Loss: 2.968439
Train Epoch: 27 [19200/60000 (32%)]	Loss: 1.903790
Train Epoch: 27 [25600/60000 (43%)]	Loss: 2.325001
Train Epoch: 27 [32000/60000 (53%)]	Loss: 3.020991
Train Epoch: 27 [38400/60000 (64%)]	Loss: 1.853687
Train Epoch: 27 [44800/60000 (75%)]	Loss: 3.756540
Train Epoch: 27 [51200/60000 (85%)]	Loss: 3.054000
Train Epoch: 27 [57600/60000 (96%)]	Loss: 2.710596

Test set: Average loss: 2.5049, Accuracy: 5060/10000 (51%)

Train Epoch: 28 [0/60000 (0%)]	Loss: 3.014841
Train Epoch: 28 [6400/60000 (11%)]	Loss: 3.164859
Train Epoch: 28 [12800/60000 (21%)]	Loss: 3.375965
Train Epoch: 28 [19200/60000 (32%)]	Loss: 2.640905
Train Epoch: 28 [25600/60000 (43%)]	Loss: 2.902287
Train Epoch: 28 [32000/60000 (53%)]	Loss: 2.176299
Train Epoch: 28 [38400/60000 (64%)]	Loss: 1.999122
Train Epoch: 28 [44800/60000 (75%)]	Loss: 3.909186
Train Epoch: 28 [51200/60000 (85%)]	Loss: 2.287626
Train Epoch: 28 [57600/60000 (96%)]	Loss: 3.445628

Test set: Average loss: 2.6852, Accuracy: 4852/10000 (49%)

Train Epoch: 29 [0/60000 (0%)]	Loss: 2.872175
Train Epoch: 29 [6400/60000 (11%)]	Loss: 2.902855
Train Epoch: 29 [12800/60000 (21%)]	Loss: 2.684202
Train Epoch: 29 [19200/60000 (32%)]	Loss: 3.398046
Train Epoch: 29 [25600/60000 (43%)]	Loss: 2.111388
Train Epoch: 29 [32000/60000 (53%)]	Loss: 2.981450
Train Epoch: 29 [38400/60000 (64%)]	Loss: 2.765851
Train Epoch: 29 [44800/60000 (75%)]	Loss: 2.781158
Train Epoch: 29 [51200/60000 (85%)]	Loss: 2.971581
Train Epoch: 29 [57600/60000 (96%)]	Loss: 2.875824

Test set: Average loss: 3.6070, Accuracy: 4026/10000 (40%)

Train Epoch: 30 [0/60000 (0%)]	Loss: 4.631030
Train Epoch: 30 [6400/60000 (11%)]	Loss: 2.461463
Train Epoch: 30 [12800/60000 (21%)]	Loss: 3.781721
Train Epoch: 30 [19200/60000 (32%)]	Loss: 2.505254
Train Epoch: 30 [25600/60000 (43%)]	Loss: 3.755093
Train Epoch: 30 [32000/60000 (53%)]	Loss: 4.771410
Train Epoch: 30 [38400/60000 (64%)]	Loss: 5.378223
Train Epoch: 30 [44800/60000 (75%)]	Loss: 3.594683
Train Epoch: 30 [51200/60000 (85%)]	Loss: 3.282046
Train Epoch: 30 [57600/60000 (96%)]	Loss: 3.403611

Test set: Average loss: 3.3090, Accuracy: 4613/10000 (46%)

Train Epoch: 31 [0/60000 (0%)]	Loss: 3.200483
Train Epoch: 31 [6400/60000 (11%)]	Loss: 3.096069
Train Epoch: 31 [12800/60000 (21%)]	Loss: 3.195297
Train Epoch: 31 [19200/60000 (32%)]	Loss: 3.018543
Train Epoch: 31 [25600/60000 (43%)]	Loss: 3.872888
Train Epoch: 31 [32000/60000 (53%)]	Loss: 2.550409
Train Epoch: 31 [38400/60000 (64%)]	Loss: 2.300670
Train Epoch: 31 [44800/60000 (75%)]	Loss: 4.133609
Train Epoch: 31 [51200/60000 (85%)]	Loss: 5.082391
Train Epoch: 31 [57600/60000 (96%)]	Loss: 2.569158

Test set: Average loss: 4.2610, Accuracy: 3660/10000 (37%)

Train Epoch: 32 [0/60000 (0%)]	Loss: 3.589432
Train Epoch: 32 [6400/60000 (11%)]	Loss: 3.127938
Train Epoch: 32 [12800/60000 (21%)]	Loss: 2.764584
Train Epoch: 32 [19200/60000 (32%)]	Loss: 1.970283
Train Epoch: 32 [25600/60000 (43%)]	Loss: 2.187854
Train Epoch: 32 [32000/60000 (53%)]	Loss: 6.418263
Train Epoch: 32 [38400/60000 (64%)]	Loss: 3.216937
Train Epoch: 32 [44800/60000 (75%)]	Loss: 4.040206
Train Epoch: 32 [51200/60000 (85%)]	Loss: 2.960574
Train Epoch: 32 [57600/60000 (96%)]	Loss: 6.581336

Test set: Average loss: 3.4077, Accuracy: 4008/10000 (40%)

Train Epoch: 33 [0/60000 (0%)]	Loss: 3.488676
Train Epoch: 33 [6400/60000 (11%)]	Loss: 3.113197
Train Epoch: 33 [12800/60000 (21%)]	Loss: 3.381099
Train Epoch: 33 [19200/60000 (32%)]	Loss: 2.113747
Train Epoch: 33 [25600/60000 (43%)]	Loss: 4.093764
Train Epoch: 33 [32000/60000 (53%)]	Loss: 3.020117
Train Epoch: 33 [38400/60000 (64%)]	Loss: 3.646121
Train Epoch: 33 [44800/60000 (75%)]	Loss: 2.684303
Train Epoch: 33 [51200/60000 (85%)]	Loss: 2.814130
Train Epoch: 33 [57600/60000 (96%)]	Loss: 4.146361

Test set: Average loss: 5.4585, Accuracy: 3393/10000 (34%)

Train Epoch: 34 [0/60000 (0%)]	Loss: 8.005107
Train Epoch: 34 [6400/60000 (11%)]	Loss: 3.742242
Train Epoch: 34 [12800/60000 (21%)]	Loss: 3.997048
Train Epoch: 34 [19200/60000 (32%)]	Loss: 2.600481
Train Epoch: 34 [25600/60000 (43%)]	Loss: 3.081489
Train Epoch: 34 [32000/60000 (53%)]	Loss: 3.802703
Train Epoch: 34 [38400/60000 (64%)]	Loss: 3.766311
Train Epoch: 34 [44800/60000 (75%)]	Loss: 3.315434
Train Epoch: 34 [51200/60000 (85%)]	Loss: 2.451406
Train Epoch: 34 [57600/60000 (96%)]	Loss: 3.811850

Test set: Average loss: 3.1534, Accuracy: 4244/10000 (42%)

Train Epoch: 35 [0/60000 (0%)]	Loss: 2.915918
Train Epoch: 35 [6400/60000 (11%)]	Loss: 3.786022
Train Epoch: 35 [12800/60000 (21%)]	Loss: 3.202904
Train Epoch: 35 [19200/60000 (32%)]	Loss: 5.524795
Train Epoch: 35 [25600/60000 (43%)]	Loss: 4.012505
Train Epoch: 35 [32000/60000 (53%)]	Loss: 3.695642
Train Epoch: 35 [38400/60000 (64%)]	Loss: 3.821338
Train Epoch: 35 [44800/60000 (75%)]	Loss: 3.658532
Train Epoch: 35 [51200/60000 (85%)]	Loss: 3.303461
Train Epoch: 35 [57600/60000 (96%)]	Loss: 4.079078

Test set: Average loss: 3.9931, Accuracy: 4015/10000 (40%)

Train Epoch: 36 [0/60000 (0%)]	Loss: 5.859309
Train Epoch: 36 [6400/60000 (11%)]	Loss: 3.491064
Train Epoch: 36 [12800/60000 (21%)]	Loss: 2.864661
Train Epoch: 36 [19200/60000 (32%)]	Loss: 2.139262
Train Epoch: 36 [25600/60000 (43%)]	Loss: 4.909644
Train Epoch: 36 [32000/60000 (53%)]	Loss: 6.426987
Train Epoch: 36 [38400/60000 (64%)]	Loss: 3.554607
Train Epoch: 36 [44800/60000 (75%)]	Loss: 4.095785
Train Epoch: 36 [51200/60000 (85%)]	Loss: 3.203753
Train Epoch: 36 [57600/60000 (96%)]	Loss: 3.243952

Test set: Average loss: 3.4958, Accuracy: 4351/10000 (44%)

Train Epoch: 37 [0/60000 (0%)]	Loss: 3.703308
Train Epoch: 37 [6400/60000 (11%)]	Loss: 3.963835
Train Epoch: 37 [12800/60000 (21%)]	Loss: 3.173470
Train Epoch: 37 [19200/60000 (32%)]	Loss: 4.483950
Train Epoch: 37 [25600/60000 (43%)]	Loss: 3.862467
Train Epoch: 37 [32000/60000 (53%)]	Loss: 2.968172
Train Epoch: 37 [38400/60000 (64%)]	Loss: 5.317546
Train Epoch: 37 [44800/60000 (75%)]	Loss: 3.406419
Train Epoch: 37 [51200/60000 (85%)]	Loss: 3.819459
Train Epoch: 37 [57600/60000 (96%)]	Loss: 4.677184

Test set: Average loss: 4.1233, Accuracy: 3758/10000 (38%)

Train Epoch: 38 [0/60000 (0%)]	Loss: 4.612920
Train Epoch: 38 [6400/60000 (11%)]	Loss: 6.043091
Train Epoch: 38 [12800/60000 (21%)]	Loss: 3.994378
Train Epoch: 38 [19200/60000 (32%)]	Loss: 3.642172
Train Epoch: 38 [25600/60000 (43%)]	Loss: 3.511027
Train Epoch: 38 [32000/60000 (53%)]	Loss: 4.236552
Train Epoch: 38 [38400/60000 (64%)]	Loss: 3.533718
Train Epoch: 38 [44800/60000 (75%)]	Loss: 4.776731
Train Epoch: 38 [51200/60000 (85%)]	Loss: 4.998884
Train Epoch: 38 [57600/60000 (96%)]	Loss: 3.809012

Test set: Average loss: 3.8803, Accuracy: 4244/10000 (42%)

Train Epoch: 39 [0/60000 (0%)]	Loss: 3.786905
Train Epoch: 39 [6400/60000 (11%)]	Loss: 3.435633
Train Epoch: 39 [12800/60000 (21%)]	Loss: 4.041177
Train Epoch: 39 [19200/60000 (32%)]	Loss: 3.310474
Train Epoch: 39 [25600/60000 (43%)]	Loss: 5.981391
Train Epoch: 39 [32000/60000 (53%)]	Loss: 3.173592
Train Epoch: 39 [38400/60000 (64%)]	Loss: 5.236593
Train Epoch: 39 [44800/60000 (75%)]	Loss: 2.754810
Train Epoch: 39 [51200/60000 (85%)]	Loss: 3.148847
Train Epoch: 39 [57600/60000 (96%)]	Loss: 4.098997

Test set: Average loss: 3.9484, Accuracy: 3802/10000 (38%)

Train Epoch: 40 [0/60000 (0%)]	Loss: 3.850050
Train Epoch: 40 [6400/60000 (11%)]	Loss: 4.003210
Train Epoch: 40 [12800/60000 (21%)]	Loss: 3.529584
Train Epoch: 40 [19200/60000 (32%)]	Loss: 3.789806
Train Epoch: 40 [25600/60000 (43%)]	Loss: 4.755404
Train Epoch: 40 [32000/60000 (53%)]	Loss: 3.670579
Train Epoch: 40 [38400/60000 (64%)]	Loss: 3.547798
Train Epoch: 40 [44800/60000 (75%)]	Loss: 2.767159
Train Epoch: 40 [51200/60000 (85%)]	Loss: 2.897734
Train Epoch: 40 [57600/60000 (96%)]	Loss: 3.334595

Test set: Average loss: 3.9090, Accuracy: 4072/10000 (41%)

Train Epoch: 41 [0/60000 (0%)]	Loss: 4.198359
Train Epoch: 41 [6400/60000 (11%)]	Loss: 3.627396
Train Epoch: 41 [12800/60000 (21%)]	Loss: 4.053067
Train Epoch: 41 [19200/60000 (32%)]	Loss: 3.993371
Train Epoch: 41 [25600/60000 (43%)]	Loss: 3.121950
Train Epoch: 41 [32000/60000 (53%)]	Loss: 3.471401
Train Epoch: 41 [38400/60000 (64%)]	Loss: 3.290687
Train Epoch: 41 [44800/60000 (75%)]	Loss: 3.858145
Train Epoch: 41 [51200/60000 (85%)]	Loss: 3.638649
Train Epoch: 41 [57600/60000 (96%)]	Loss: 4.920886

Test set: Average loss: 4.2522, Accuracy: 3829/10000 (38%)

Train Epoch: 42 [0/60000 (0%)]	Loss: 3.684448
Train Epoch: 42 [6400/60000 (11%)]	Loss: 5.712099
Train Epoch: 42 [12800/60000 (21%)]	Loss: 4.201616
Train Epoch: 42 [19200/60000 (32%)]	Loss: 4.469340
Train Epoch: 42 [25600/60000 (43%)]	Loss: 4.586807
Train Epoch: 42 [32000/60000 (53%)]	Loss: 3.876794
Train Epoch: 42 [38400/60000 (64%)]	Loss: 4.273156
Train Epoch: 42 [44800/60000 (75%)]	Loss: 4.537947
Train Epoch: 42 [51200/60000 (85%)]	Loss: 4.792313
Train Epoch: 42 [57600/60000 (96%)]	Loss: 4.885226

Test set: Average loss: 4.6330, Accuracy: 3583/10000 (36%)

Train Epoch: 43 [0/60000 (0%)]	Loss: 5.468309
Train Epoch: 43 [6400/60000 (11%)]	Loss: 2.475000
Train Epoch: 43 [12800/60000 (21%)]	Loss: 4.173606
Train Epoch: 43 [19200/60000 (32%)]	Loss: 6.901956
Train Epoch: 43 [25600/60000 (43%)]	Loss: 3.714782
Train Epoch: 43 [32000/60000 (53%)]	Loss: 2.931868
Train Epoch: 43 [38400/60000 (64%)]	Loss: 3.730077
Train Epoch: 43 [44800/60000 (75%)]	Loss: 5.099069
Train Epoch: 43 [51200/60000 (85%)]	Loss: 4.799007
Train Epoch: 43 [57600/60000 (96%)]	Loss: 4.483195

Test set: Average loss: 4.4598, Accuracy: 3632/10000 (36%)

Train Epoch: 44 [0/60000 (0%)]	Loss: 4.568513
Train Epoch: 44 [6400/60000 (11%)]	Loss: 3.067586
Train Epoch: 44 [12800/60000 (21%)]	Loss: 3.103989
Train Epoch: 44 [19200/60000 (32%)]	Loss: 4.245972
Train Epoch: 44 [25600/60000 (43%)]	Loss: 4.477447
Train Epoch: 44 [32000/60000 (53%)]	Loss: 4.120622
Train Epoch: 44 [38400/60000 (64%)]	Loss: 4.736402
Train Epoch: 44 [44800/60000 (75%)]	Loss: 3.966984
Train Epoch: 44 [51200/60000 (85%)]	Loss: 4.436212
Train Epoch: 44 [57600/60000 (96%)]	Loss: 4.731186

Test set: Average loss: 4.0870, Accuracy: 3782/10000 (38%)

Train Epoch: 45 [0/60000 (0%)]	Loss: 5.607627
Train Epoch: 45 [6400/60000 (11%)]	Loss: 3.675187
Train Epoch: 45 [12800/60000 (21%)]	Loss: 3.023552
Train Epoch: 45 [19200/60000 (32%)]	Loss: 5.140877
Train Epoch: 45 [25600/60000 (43%)]	Loss: 3.583785
Train Epoch: 45 [32000/60000 (53%)]	Loss: 3.141148
Train Epoch: 45 [38400/60000 (64%)]	Loss: 3.312631
Train Epoch: 45 [44800/60000 (75%)]	Loss: 3.475654
Train Epoch: 45 [51200/60000 (85%)]	Loss: 4.782124
Train Epoch: 45 [57600/60000 (96%)]	Loss: 3.272799

Test set: Average loss: 3.4495, Accuracy: 3876/10000 (39%)

Train Epoch: 46 [0/60000 (0%)]	Loss: 4.270256
Train Epoch: 46 [6400/60000 (11%)]	Loss: 4.486457
Train Epoch: 46 [12800/60000 (21%)]	Loss: 2.413311
Train Epoch: 46 [19200/60000 (32%)]	Loss: 4.724721
Train Epoch: 46 [25600/60000 (43%)]	Loss: 3.457114
Train Epoch: 46 [32000/60000 (53%)]	Loss: 4.221163
Train Epoch: 46 [38400/60000 (64%)]	Loss: 3.577616
Train Epoch: 46 [44800/60000 (75%)]	Loss: 6.054835
Train Epoch: 46 [51200/60000 (85%)]	Loss: 2.913786
Train Epoch: 46 [57600/60000 (96%)]	Loss: 4.716927

Test set: Average loss: 4.4795, Accuracy: 3382/10000 (34%)

Train Epoch: 47 [0/60000 (0%)]	Loss: 4.619321
Train Epoch: 47 [6400/60000 (11%)]	Loss: 3.731529
Train Epoch: 47 [12800/60000 (21%)]	Loss: 4.252321
Train Epoch: 47 [19200/60000 (32%)]	Loss: 4.448674
Train Epoch: 47 [25600/60000 (43%)]	Loss: 2.231542
Train Epoch: 47 [32000/60000 (53%)]	Loss: 4.222870
Train Epoch: 47 [38400/60000 (64%)]	Loss: 4.108067
Train Epoch: 47 [44800/60000 (75%)]	Loss: 4.995461
Train Epoch: 47 [51200/60000 (85%)]	Loss: 4.228354
Train Epoch: 47 [57600/60000 (96%)]	Loss: 4.381104

Test set: Average loss: 3.6665, Accuracy: 3577/10000 (36%)

Train Epoch: 48 [0/60000 (0%)]	Loss: 3.744511
Train Epoch: 48 [6400/60000 (11%)]	Loss: 3.011902
Train Epoch: 48 [12800/60000 (21%)]	Loss: 4.169121
Train Epoch: 48 [19200/60000 (32%)]	Loss: 4.630560
Train Epoch: 48 [25600/60000 (43%)]	Loss: 3.745521
Train Epoch: 48 [32000/60000 (53%)]	Loss: 5.112983
Train Epoch: 48 [38400/60000 (64%)]	Loss: 3.785819
Train Epoch: 48 [44800/60000 (75%)]	Loss: 5.481730
Train Epoch: 48 [51200/60000 (85%)]	Loss: 5.175766
Train Epoch: 48 [57600/60000 (96%)]	Loss: 4.883731

Test set: Average loss: 4.1581, Accuracy: 3659/10000 (37%)

Train Epoch: 49 [0/60000 (0%)]	Loss: 4.257973
Train Epoch: 49 [6400/60000 (11%)]	Loss: 3.632406
Train Epoch: 49 [12800/60000 (21%)]	Loss: 3.781084
Train Epoch: 49 [19200/60000 (32%)]	Loss: 4.337106
Train Epoch: 49 [25600/60000 (43%)]	Loss: 5.612663
Train Epoch: 49 [32000/60000 (53%)]	Loss: 4.102119
Train Epoch: 49 [38400/60000 (64%)]	Loss: 4.521561
Train Epoch: 49 [44800/60000 (75%)]	Loss: 4.326875
Train Epoch: 49 [51200/60000 (85%)]	Loss: 3.690395
Train Epoch: 49 [57600/60000 (96%)]	Loss: 4.985577

Test set: Average loss: 4.3644, Accuracy: 3720/10000 (37%)

Train Epoch: 50 [0/60000 (0%)]	Loss: 4.765106
Train Epoch: 50 [6400/60000 (11%)]	Loss: 3.886001
Train Epoch: 50 [12800/60000 (21%)]	Loss: 4.143222
Train Epoch: 50 [19200/60000 (32%)]	Loss: 5.659978
Train Epoch: 50 [25600/60000 (43%)]	Loss: 4.585970
Train Epoch: 50 [32000/60000 (53%)]	Loss: 5.307279
Train Epoch: 50 [38400/60000 (64%)]	Loss: 3.608441
Train Epoch: 50 [44800/60000 (75%)]	Loss: 6.667019
Train Epoch: 50 [51200/60000 (85%)]	Loss: 3.068590
Train Epoch: 50 [57600/60000 (96%)]	Loss: 3.702988

Test set: Average loss: 3.9734, Accuracy: 3816/10000 (38%)

Namespace(batch_size=64, bias=None, data='../data', device=0, epochs=50, hidden_size=500, load_weights='../base2/lenet5/lenet5_e50_h500.pt', log_interval=100, lr=0.01, milestones=[5, 7], model='redlenet5', momentum=0.9, no_cuda=False, r=5, save_model=None, save_results=True, scheduler='cosine', seed=1, sparsity=0.05, use_relu=False, wd=0.0005)


Total time spent pruning/training: 15.91 minutes
Total number of parameters in model: 300170
Number of parameters in pruned model: 285289
