Namespace(batch_size=64, bias=None, data='../data', device=0, epochs=100, hidden_size=500, load_weights='../base3/lenet5/lenet5_e100_h500.pt', log_interval=100, lr=0.01, milestones=[5, 7], model='redlenet5', momentum=0.9, no_cuda=False, r=5, save_model=None, save_results=True, scheduler='cosine', seed=1, sparsity=0.98, use_relu=False, wd=0.0005) 

Training a RedLeNet5 network ...
Train Epoch: 1 [0/60000 (0%)]	Loss: 2.302585
Train Epoch: 1 [6400/60000 (11%)]	Loss: 2.302585
Train Epoch: 1 [12800/60000 (21%)]	Loss: 2.302585
Train Epoch: 1 [19200/60000 (32%)]	Loss: 2.302585
Train Epoch: 1 [25600/60000 (43%)]	Loss: 2.302585
Train Epoch: 1 [32000/60000 (53%)]	Loss: 2.302585
Train Epoch: 1 [38400/60000 (64%)]	Loss: 2.302585
Train Epoch: 1 [44800/60000 (75%)]	Loss: 2.302585
Train Epoch: 1 [51200/60000 (85%)]	Loss: 2.302585
Train Epoch: 1 [57600/60000 (96%)]	Loss: 2.302585

Test set: Average loss: 2.3026, Accuracy: 1028/10000 (10%)

Train Epoch: 2 [0/60000 (0%)]	Loss: 2.302585
Train Epoch: 2 [6400/60000 (11%)]	Loss: 2.302585
Train Epoch: 2 [12800/60000 (21%)]	Loss: 2.302585
Train Epoch: 2 [19200/60000 (32%)]	Loss: 2.302585
Train Epoch: 2 [25600/60000 (43%)]	Loss: 2.302585
Train Epoch: 2 [32000/60000 (53%)]	Loss: 2.302585
Train Epoch: 2 [38400/60000 (64%)]	Loss: 2.302585
Train Epoch: 2 [44800/60000 (75%)]	Loss: 2.302585
Train Epoch: 2 [51200/60000 (85%)]	Loss: 2.302585
Train Epoch: 2 [57600/60000 (96%)]	Loss: 2.302585

Test set: Average loss: 2.3026, Accuracy: 1028/10000 (10%)

Train Epoch: 3 [0/60000 (0%)]	Loss: 2.302585
Train Epoch: 3 [6400/60000 (11%)]	Loss: 2.302585
Train Epoch: 3 [12800/60000 (21%)]	Loss: 2.302585
Train Epoch: 3 [19200/60000 (32%)]	Loss: 2.302585
Train Epoch: 3 [25600/60000 (43%)]	Loss: 2.302585
Train Epoch: 3 [32000/60000 (53%)]	Loss: 2.302585
Train Epoch: 3 [38400/60000 (64%)]	Loss: 2.302585
Train Epoch: 3 [44800/60000 (75%)]	Loss: 2.302585
Train Epoch: 3 [51200/60000 (85%)]	Loss: 2.302585
Train Epoch: 3 [57600/60000 (96%)]	Loss: 2.302585

Test set: Average loss: 2.3026, Accuracy: 1028/10000 (10%)

Train Epoch: 4 [0/60000 (0%)]	Loss: 2.302585
Train Epoch: 4 [6400/60000 (11%)]	Loss: 2.302585
Train Epoch: 4 [12800/60000 (21%)]	Loss: 2.302585
Train Epoch: 4 [19200/60000 (32%)]	Loss: 2.302585
Train Epoch: 4 [25600/60000 (43%)]	Loss: 2.302585
Train Epoch: 4 [32000/60000 (53%)]	Loss: 2.302585
Train Epoch: 4 [38400/60000 (64%)]	Loss: 2.302585
Train Epoch: 4 [44800/60000 (75%)]	Loss: 2.302585
Train Epoch: 4 [51200/60000 (85%)]	Loss: 2.302585
Train Epoch: 4 [57600/60000 (96%)]	Loss: 2.302585

Test set: Average loss: 2.3026, Accuracy: 1028/10000 (10%)

Train Epoch: 5 [0/60000 (0%)]	Loss: 2.302585
Train Epoch: 5 [6400/60000 (11%)]	Loss: 2.302585
Train Epoch: 5 [12800/60000 (21%)]	Loss: 2.302585
Train Epoch: 5 [19200/60000 (32%)]	Loss: 2.302585
Train Epoch: 5 [25600/60000 (43%)]	Loss: 2.302585
Train Epoch: 5 [32000/60000 (53%)]	Loss: 2.302585
Train Epoch: 5 [38400/60000 (64%)]	Loss: 2.302585
Train Epoch: 5 [44800/60000 (75%)]	Loss: 2.302585
Train Epoch: 5 [51200/60000 (85%)]	Loss: 2.302585
Train Epoch: 5 [57600/60000 (96%)]	Loss: 2.302585

Test set: Average loss: 2.3026, Accuracy: 1028/10000 (10%)

Train Epoch: 6 [0/60000 (0%)]	Loss: 2.302585
Train Epoch: 6 [6400/60000 (11%)]	Loss: 2.302585
Train Epoch: 6 [12800/60000 (21%)]	Loss: 2.302585
Train Epoch: 6 [19200/60000 (32%)]	Loss: 2.302585
Train Epoch: 6 [25600/60000 (43%)]	Loss: 2.302585
Train Epoch: 6 [32000/60000 (53%)]	Loss: 2.302585
Train Epoch: 6 [38400/60000 (64%)]	Loss: 2.302585
Train Epoch: 6 [44800/60000 (75%)]	Loss: 2.302585
Train Epoch: 6 [51200/60000 (85%)]	Loss: 2.302585
Train Epoch: 6 [57600/60000 (96%)]	Loss: 2.302585

Test set: Average loss: 2.3026, Accuracy: 1028/10000 (10%)

Train Epoch: 7 [0/60000 (0%)]	Loss: 2.302585
Train Epoch: 7 [6400/60000 (11%)]	Loss: 2.302585
Train Epoch: 7 [12800/60000 (21%)]	Loss: 2.302585
Train Epoch: 7 [19200/60000 (32%)]	Loss: 2.302585
Train Epoch: 7 [25600/60000 (43%)]	Loss: 2.302585
Train Epoch: 7 [32000/60000 (53%)]	Loss: 2.302585
Train Epoch: 7 [38400/60000 (64%)]	Loss: 2.302585
Train Epoch: 7 [44800/60000 (75%)]	Loss: 2.302585
Train Epoch: 7 [51200/60000 (85%)]	Loss: 2.302585
Train Epoch: 7 [57600/60000 (96%)]	Loss: 2.302585

Test set: Average loss: 2.3026, Accuracy: 1028/10000 (10%)

Train Epoch: 8 [0/60000 (0%)]	Loss: 2.302585
Train Epoch: 8 [6400/60000 (11%)]	Loss: 2.302585
Train Epoch: 8 [12800/60000 (21%)]	Loss: 2.302585
Train Epoch: 8 [19200/60000 (32%)]	Loss: 2.302585
Train Epoch: 8 [25600/60000 (43%)]	Loss: 2.302585
Train Epoch: 8 [32000/60000 (53%)]	Loss: 2.302585
Train Epoch: 8 [38400/60000 (64%)]	Loss: 2.302585
Train Epoch: 8 [44800/60000 (75%)]	Loss: 2.302585
Train Epoch: 8 [51200/60000 (85%)]	Loss: 2.302585
Train Epoch: 8 [57600/60000 (96%)]	Loss: 2.302585

Test set: Average loss: 2.3026, Accuracy: 1028/10000 (10%)

Train Epoch: 9 [0/60000 (0%)]	Loss: 2.302585
Train Epoch: 9 [6400/60000 (11%)]	Loss: 2.302585
Train Epoch: 9 [12800/60000 (21%)]	Loss: 2.302585
Train Epoch: 9 [19200/60000 (32%)]	Loss: 2.302585
Train Epoch: 9 [25600/60000 (43%)]	Loss: 2.302585
Train Epoch: 9 [32000/60000 (53%)]	Loss: 2.302585
Train Epoch: 9 [38400/60000 (64%)]	Loss: 2.302585
Train Epoch: 9 [44800/60000 (75%)]	Loss: 2.302585
Train Epoch: 9 [51200/60000 (85%)]	Loss: 2.302585
Train Epoch: 9 [57600/60000 (96%)]	Loss: 2.302585

Test set: Average loss: 2.3026, Accuracy: 1028/10000 (10%)

Train Epoch: 10 [0/60000 (0%)]	Loss: 2.302585
Train Epoch: 10 [6400/60000 (11%)]	Loss: 2.302585
Train Epoch: 10 [12800/60000 (21%)]	Loss: 2.302585
Train Epoch: 10 [19200/60000 (32%)]	Loss: 2.302585
Train Epoch: 10 [25600/60000 (43%)]	Loss: 2.302585
Train Epoch: 10 [32000/60000 (53%)]	Loss: 2.302585
Train Epoch: 10 [38400/60000 (64%)]	Loss: 2.302585
Train Epoch: 10 [44800/60000 (75%)]	Loss: 2.302585
Train Epoch: 10 [51200/60000 (85%)]	Loss: 2.302585
Train Epoch: 10 [57600/60000 (96%)]	Loss: 2.302585

Test set: Average loss: 2.3026, Accuracy: 1028/10000 (10%)

Train Epoch: 11 [0/60000 (0%)]	Loss: 2.302585
Train Epoch: 11 [6400/60000 (11%)]	Loss: 2.302585
Train Epoch: 11 [12800/60000 (21%)]	Loss: 2.302585
Train Epoch: 11 [19200/60000 (32%)]	Loss: 2.302585
Train Epoch: 11 [25600/60000 (43%)]	Loss: 2.302585
Train Epoch: 11 [32000/60000 (53%)]	Loss: 2.302585
Train Epoch: 11 [38400/60000 (64%)]	Loss: 2.302585
Train Epoch: 11 [44800/60000 (75%)]	Loss: 2.302585
Train Epoch: 11 [51200/60000 (85%)]	Loss: 2.302585
Train Epoch: 11 [57600/60000 (96%)]	Loss: 2.302585

Test set: Average loss: 2.3026, Accuracy: 1028/10000 (10%)

Train Epoch: 12 [0/60000 (0%)]	Loss: 2.302585
Train Epoch: 12 [6400/60000 (11%)]	Loss: 2.302585
Train Epoch: 12 [12800/60000 (21%)]	Loss: 2.302585
Train Epoch: 12 [19200/60000 (32%)]	Loss: 2.302585
Train Epoch: 12 [25600/60000 (43%)]	Loss: 2.302585
Train Epoch: 12 [32000/60000 (53%)]	Loss: 2.302585
Train Epoch: 12 [38400/60000 (64%)]	Loss: 2.302585
Train Epoch: 12 [44800/60000 (75%)]	Loss: 2.302585
Train Epoch: 12 [51200/60000 (85%)]	Loss: 2.302585
Train Epoch: 12 [57600/60000 (96%)]	Loss: 2.302585

Test set: Average loss: 2.3026, Accuracy: 1028/10000 (10%)

Train Epoch: 13 [0/60000 (0%)]	Loss: 2.302585
Train Epoch: 13 [6400/60000 (11%)]	Loss: 2.302585
Train Epoch: 13 [12800/60000 (21%)]	Loss: 2.302585
Train Epoch: 13 [19200/60000 (32%)]	Loss: 2.302585
Train Epoch: 13 [25600/60000 (43%)]	Loss: 2.302585
Train Epoch: 13 [32000/60000 (53%)]	Loss: 2.302585
Train Epoch: 13 [38400/60000 (64%)]	Loss: 2.302585
Train Epoch: 13 [44800/60000 (75%)]	Loss: 2.302585
Train Epoch: 13 [51200/60000 (85%)]	Loss: 2.302585
Train Epoch: 13 [57600/60000 (96%)]	Loss: 2.302585

Test set: Average loss: 2.3026, Accuracy: 1028/10000 (10%)

Train Epoch: 14 [0/60000 (0%)]	Loss: 2.302585
Train Epoch: 14 [6400/60000 (11%)]	Loss: 2.302585
Train Epoch: 14 [12800/60000 (21%)]	Loss: 2.302585
Train Epoch: 14 [19200/60000 (32%)]	Loss: 2.302585
Train Epoch: 14 [25600/60000 (43%)]	Loss: 2.302585
Train Epoch: 14 [32000/60000 (53%)]	Loss: 2.302585
Train Epoch: 14 [38400/60000 (64%)]	Loss: 2.302585
Train Epoch: 14 [44800/60000 (75%)]	Loss: 2.302585
Train Epoch: 14 [51200/60000 (85%)]	Loss: 2.302585
Train Epoch: 14 [57600/60000 (96%)]	Loss: 2.302585

Test set: Average loss: 2.3026, Accuracy: 1028/10000 (10%)

Train Epoch: 15 [0/60000 (0%)]	Loss: 2.302585
Train Epoch: 15 [6400/60000 (11%)]	Loss: 2.302585
Train Epoch: 15 [12800/60000 (21%)]	Loss: 2.302585
Train Epoch: 15 [19200/60000 (32%)]	Loss: 2.302585
Train Epoch: 15 [25600/60000 (43%)]	Loss: 2.302585
Train Epoch: 15 [32000/60000 (53%)]	Loss: 2.302585
Train Epoch: 15 [38400/60000 (64%)]	Loss: 2.302585
Train Epoch: 15 [44800/60000 (75%)]	Loss: 2.302585
Train Epoch: 15 [51200/60000 (85%)]	Loss: 2.302585
Train Epoch: 15 [57600/60000 (96%)]	Loss: 2.302585

Test set: Average loss: 2.3026, Accuracy: 1028/10000 (10%)

Train Epoch: 16 [0/60000 (0%)]	Loss: 2.302585
Train Epoch: 16 [6400/60000 (11%)]	Loss: 2.302585
Train Epoch: 16 [12800/60000 (21%)]	Loss: 2.302585
Train Epoch: 16 [19200/60000 (32%)]	Loss: 2.302585
Train Epoch: 16 [25600/60000 (43%)]	Loss: 2.302585
Train Epoch: 16 [32000/60000 (53%)]	Loss: 2.302585
Train Epoch: 16 [38400/60000 (64%)]	Loss: 2.302585
Train Epoch: 16 [44800/60000 (75%)]	Loss: 2.302585
Train Epoch: 16 [51200/60000 (85%)]	Loss: 2.302585
Train Epoch: 16 [57600/60000 (96%)]	Loss: 2.302585

Test set: Average loss: 2.3026, Accuracy: 1028/10000 (10%)

Train Epoch: 17 [0/60000 (0%)]	Loss: 2.302585
Train Epoch: 17 [6400/60000 (11%)]	Loss: 2.302585
Train Epoch: 17 [12800/60000 (21%)]	Loss: 2.302585
Train Epoch: 17 [19200/60000 (32%)]	Loss: 2.302585
Train Epoch: 17 [25600/60000 (43%)]	Loss: 2.302585
Train Epoch: 17 [32000/60000 (53%)]	Loss: 2.302585
Train Epoch: 17 [38400/60000 (64%)]	Loss: 2.302585
Train Epoch: 17 [44800/60000 (75%)]	Loss: 2.302585
Train Epoch: 17 [51200/60000 (85%)]	Loss: 2.302585
Train Epoch: 17 [57600/60000 (96%)]	Loss: 2.302585

Test set: Average loss: 2.3026, Accuracy: 1028/10000 (10%)

Train Epoch: 18 [0/60000 (0%)]	Loss: 2.302585
Train Epoch: 18 [6400/60000 (11%)]	Loss: 2.302585
Train Epoch: 18 [12800/60000 (21%)]	Loss: 2.302585
Train Epoch: 18 [19200/60000 (32%)]	Loss: 2.302585
Train Epoch: 18 [25600/60000 (43%)]	Loss: 2.302585
Train Epoch: 18 [32000/60000 (53%)]	Loss: 2.302585
Train Epoch: 18 [38400/60000 (64%)]	Loss: 2.302585
Train Epoch: 18 [44800/60000 (75%)]	Loss: 2.302585
Train Epoch: 18 [51200/60000 (85%)]	Loss: 2.302585
Train Epoch: 18 [57600/60000 (96%)]	Loss: 2.302585

Test set: Average loss: 2.3026, Accuracy: 1028/10000 (10%)

Train Epoch: 19 [0/60000 (0%)]	Loss: 2.302585
Train Epoch: 19 [6400/60000 (11%)]	Loss: 2.302585
Train Epoch: 19 [12800/60000 (21%)]	Loss: 2.302585
Train Epoch: 19 [19200/60000 (32%)]	Loss: 2.302585
Train Epoch: 19 [25600/60000 (43%)]	Loss: 2.302585
Train Epoch: 19 [32000/60000 (53%)]	Loss: 2.302585
Train Epoch: 19 [38400/60000 (64%)]	Loss: 2.302585
Train Epoch: 19 [44800/60000 (75%)]	Loss: 2.302585
Train Epoch: 19 [51200/60000 (85%)]	Loss: 2.302585
Train Epoch: 19 [57600/60000 (96%)]	Loss: 2.302585

Test set: Average loss: 2.3026, Accuracy: 1028/10000 (10%)

Train Epoch: 20 [0/60000 (0%)]	Loss: 2.302585
Train Epoch: 20 [6400/60000 (11%)]	Loss: 2.302585
Train Epoch: 20 [12800/60000 (21%)]	Loss: 2.302585
Train Epoch: 20 [19200/60000 (32%)]	Loss: 2.302585
Train Epoch: 20 [25600/60000 (43%)]	Loss: 2.302585
Train Epoch: 20 [32000/60000 (53%)]	Loss: 2.302585
Train Epoch: 20 [38400/60000 (64%)]	Loss: 2.302585
Train Epoch: 20 [44800/60000 (75%)]	Loss: 2.302585
Train Epoch: 20 [51200/60000 (85%)]	Loss: 2.302585
Train Epoch: 20 [57600/60000 (96%)]	Loss: 2.302585

Test set: Average loss: 2.3026, Accuracy: 1028/10000 (10%)

Train Epoch: 21 [0/60000 (0%)]	Loss: 2.302585
Train Epoch: 21 [6400/60000 (11%)]	Loss: 2.302585
Train Epoch: 21 [12800/60000 (21%)]	Loss: 2.302585
Train Epoch: 21 [19200/60000 (32%)]	Loss: 2.302585
Train Epoch: 21 [25600/60000 (43%)]	Loss: 2.302585
Train Epoch: 21 [32000/60000 (53%)]	Loss: 2.302585
Train Epoch: 21 [38400/60000 (64%)]	Loss: 2.302585
Train Epoch: 21 [44800/60000 (75%)]	Loss: 2.302585
Train Epoch: 21 [51200/60000 (85%)]	Loss: 2.302585
Train Epoch: 21 [57600/60000 (96%)]	Loss: 2.302585

Test set: Average loss: 2.3026, Accuracy: 1028/10000 (10%)

Train Epoch: 22 [0/60000 (0%)]	Loss: 2.302585
Train Epoch: 22 [6400/60000 (11%)]	Loss: 2.302585
Train Epoch: 22 [12800/60000 (21%)]	Loss: 2.302585
Train Epoch: 22 [19200/60000 (32%)]	Loss: 2.302585
Train Epoch: 22 [25600/60000 (43%)]	Loss: 2.302585
Train Epoch: 22 [32000/60000 (53%)]	Loss: 2.302585
Train Epoch: 22 [38400/60000 (64%)]	Loss: 2.302585
Train Epoch: 22 [44800/60000 (75%)]	Loss: 2.302585
Train Epoch: 22 [51200/60000 (85%)]	Loss: 2.302585
Train Epoch: 22 [57600/60000 (96%)]	Loss: 2.302585

Test set: Average loss: 2.3026, Accuracy: 1028/10000 (10%)

Train Epoch: 23 [0/60000 (0%)]	Loss: 2.302585
Train Epoch: 23 [6400/60000 (11%)]	Loss: 2.302585
Train Epoch: 23 [12800/60000 (21%)]	Loss: 2.302585
Train Epoch: 23 [19200/60000 (32%)]	Loss: 2.302585
Train Epoch: 23 [25600/60000 (43%)]	Loss: 2.302585
Train Epoch: 23 [32000/60000 (53%)]	Loss: 2.302585
Train Epoch: 23 [38400/60000 (64%)]	Loss: 2.302585
Train Epoch: 23 [44800/60000 (75%)]	Loss: 2.302585
Train Epoch: 23 [51200/60000 (85%)]	Loss: 2.302585
Train Epoch: 23 [57600/60000 (96%)]	Loss: 2.302585

Test set: Average loss: 2.3026, Accuracy: 1028/10000 (10%)

Train Epoch: 24 [0/60000 (0%)]	Loss: 2.302585
Train Epoch: 24 [6400/60000 (11%)]	Loss: 2.302585
Train Epoch: 24 [12800/60000 (21%)]	Loss: 2.302585
Train Epoch: 24 [19200/60000 (32%)]	Loss: 2.302585
Train Epoch: 24 [25600/60000 (43%)]	Loss: 2.302585
Train Epoch: 24 [32000/60000 (53%)]	Loss: 2.302585
Train Epoch: 24 [38400/60000 (64%)]	Loss: 2.302585
Train Epoch: 24 [44800/60000 (75%)]	Loss: 2.302585
Train Epoch: 24 [51200/60000 (85%)]	Loss: 2.302585
Train Epoch: 24 [57600/60000 (96%)]	Loss: 2.302585

Test set: Average loss: 2.3026, Accuracy: 1028/10000 (10%)

Train Epoch: 25 [0/60000 (0%)]	Loss: 2.302585
Train Epoch: 25 [6400/60000 (11%)]	Loss: 2.302585
Train Epoch: 25 [12800/60000 (21%)]	Loss: 2.302585
Train Epoch: 25 [19200/60000 (32%)]	Loss: 2.302585
Train Epoch: 25 [25600/60000 (43%)]	Loss: 2.302585
Train Epoch: 25 [32000/60000 (53%)]	Loss: 2.302585
Train Epoch: 25 [38400/60000 (64%)]	Loss: 2.302585
Train Epoch: 25 [44800/60000 (75%)]	Loss: 2.302585
Train Epoch: 25 [51200/60000 (85%)]	Loss: 2.302585
Train Epoch: 25 [57600/60000 (96%)]	Loss: 2.302585

Test set: Average loss: 2.3026, Accuracy: 1028/10000 (10%)

Train Epoch: 26 [0/60000 (0%)]	Loss: 2.302585
Train Epoch: 26 [6400/60000 (11%)]	Loss: 2.302585
Train Epoch: 26 [12800/60000 (21%)]	Loss: 2.302585
Train Epoch: 26 [19200/60000 (32%)]	Loss: 2.302585
Train Epoch: 26 [25600/60000 (43%)]	Loss: 2.302585
Train Epoch: 26 [32000/60000 (53%)]	Loss: 2.302585
Train Epoch: 26 [38400/60000 (64%)]	Loss: 2.302585
Train Epoch: 26 [44800/60000 (75%)]	Loss: 2.302585
Train Epoch: 26 [51200/60000 (85%)]	Loss: 2.302585
Train Epoch: 26 [57600/60000 (96%)]	Loss: 2.302585

Test set: Average loss: 2.3026, Accuracy: 1028/10000 (10%)

Train Epoch: 27 [0/60000 (0%)]	Loss: 2.302585
Train Epoch: 27 [6400/60000 (11%)]	Loss: 2.302585
Train Epoch: 27 [12800/60000 (21%)]	Loss: 2.302585
Train Epoch: 27 [19200/60000 (32%)]	Loss: 2.302585
Train Epoch: 27 [25600/60000 (43%)]	Loss: 2.302585
Train Epoch: 27 [32000/60000 (53%)]	Loss: 2.302585
Train Epoch: 27 [38400/60000 (64%)]	Loss: 2.302585
Train Epoch: 27 [44800/60000 (75%)]	Loss: 2.302585
Train Epoch: 27 [51200/60000 (85%)]	Loss: 2.302585
Train Epoch: 27 [57600/60000 (96%)]	Loss: 2.302585

Test set: Average loss: 2.3026, Accuracy: 1028/10000 (10%)

Train Epoch: 28 [0/60000 (0%)]	Loss: 2.302585
Train Epoch: 28 [6400/60000 (11%)]	Loss: 2.302585
Train Epoch: 28 [12800/60000 (21%)]	Loss: 2.302585
Train Epoch: 28 [19200/60000 (32%)]	Loss: 2.302585
Train Epoch: 28 [25600/60000 (43%)]	Loss: 2.302585
Train Epoch: 28 [32000/60000 (53%)]	Loss: 2.302585
Train Epoch: 28 [38400/60000 (64%)]	Loss: 2.302585
Train Epoch: 28 [44800/60000 (75%)]	Loss: 2.302585
Train Epoch: 28 [51200/60000 (85%)]	Loss: 2.302585
Train Epoch: 28 [57600/60000 (96%)]	Loss: 2.302585

Test set: Average loss: 2.3026, Accuracy: 1028/10000 (10%)

Train Epoch: 29 [0/60000 (0%)]	Loss: 2.302585
Train Epoch: 29 [6400/60000 (11%)]	Loss: 2.302585
Train Epoch: 29 [12800/60000 (21%)]	Loss: 2.302585
Train Epoch: 29 [19200/60000 (32%)]	Loss: 2.302585
Train Epoch: 29 [25600/60000 (43%)]	Loss: 2.302585
Train Epoch: 29 [32000/60000 (53%)]	Loss: 2.302585
Train Epoch: 29 [38400/60000 (64%)]	Loss: 2.302585
Train Epoch: 29 [44800/60000 (75%)]	Loss: 2.302585
Train Epoch: 29 [51200/60000 (85%)]	Loss: 2.302585
Train Epoch: 29 [57600/60000 (96%)]	Loss: 2.302585

Test set: Average loss: 2.3026, Accuracy: 1028/10000 (10%)

Train Epoch: 30 [0/60000 (0%)]	Loss: 2.302585
Train Epoch: 30 [6400/60000 (11%)]	Loss: 2.302585
Train Epoch: 30 [12800/60000 (21%)]	Loss: 2.302585
Train Epoch: 30 [19200/60000 (32%)]	Loss: 2.302585
Train Epoch: 30 [25600/60000 (43%)]	Loss: 2.302585
Train Epoch: 30 [32000/60000 (53%)]	Loss: 2.302585
Train Epoch: 30 [38400/60000 (64%)]	Loss: 2.302585
Train Epoch: 30 [44800/60000 (75%)]	Loss: 2.302585
Train Epoch: 30 [51200/60000 (85%)]	Loss: 2.302585
Train Epoch: 30 [57600/60000 (96%)]	Loss: 2.302585

Test set: Average loss: 2.3026, Accuracy: 1028/10000 (10%)

Train Epoch: 31 [0/60000 (0%)]	Loss: 2.302585
Train Epoch: 31 [6400/60000 (11%)]	Loss: 2.302585
Train Epoch: 31 [12800/60000 (21%)]	Loss: 2.302585
Train Epoch: 31 [19200/60000 (32%)]	Loss: 2.302585
Train Epoch: 31 [25600/60000 (43%)]	Loss: 2.302585
Train Epoch: 31 [32000/60000 (53%)]	Loss: 2.302585
Train Epoch: 31 [38400/60000 (64%)]	Loss: 2.302585
Train Epoch: 31 [44800/60000 (75%)]	Loss: 2.302585
Train Epoch: 31 [51200/60000 (85%)]	Loss: 2.302585
Train Epoch: 31 [57600/60000 (96%)]	Loss: 2.302585

Test set: Average loss: 2.3026, Accuracy: 1028/10000 (10%)

Train Epoch: 32 [0/60000 (0%)]	Loss: 2.302585
Train Epoch: 32 [6400/60000 (11%)]	Loss: 2.302585
Train Epoch: 32 [12800/60000 (21%)]	Loss: 2.302585
Train Epoch: 32 [19200/60000 (32%)]	Loss: 2.302585
Train Epoch: 32 [25600/60000 (43%)]	Loss: 2.302585
Train Epoch: 32 [32000/60000 (53%)]	Loss: 2.302585
Train Epoch: 32 [38400/60000 (64%)]	Loss: 2.302585
Train Epoch: 32 [44800/60000 (75%)]	Loss: 2.302585
Train Epoch: 32 [51200/60000 (85%)]	Loss: 2.302585
Train Epoch: 32 [57600/60000 (96%)]	Loss: 2.302585

Test set: Average loss: 2.3026, Accuracy: 1028/10000 (10%)

Train Epoch: 33 [0/60000 (0%)]	Loss: 2.302585
Train Epoch: 33 [6400/60000 (11%)]	Loss: 2.302585
Train Epoch: 33 [12800/60000 (21%)]	Loss: 2.302585
Train Epoch: 33 [19200/60000 (32%)]	Loss: 2.302585
Train Epoch: 33 [25600/60000 (43%)]	Loss: 2.302585
Train Epoch: 33 [32000/60000 (53%)]	Loss: 2.302585
Train Epoch: 33 [38400/60000 (64%)]	Loss: 2.302585
Train Epoch: 33 [44800/60000 (75%)]	Loss: 2.302585
Train Epoch: 33 [51200/60000 (85%)]	Loss: 2.302585
Train Epoch: 33 [57600/60000 (96%)]	Loss: 2.302585

Test set: Average loss: 2.3026, Accuracy: 1028/10000 (10%)

Train Epoch: 34 [0/60000 (0%)]	Loss: 2.302585
Train Epoch: 34 [6400/60000 (11%)]	Loss: 2.302585
Train Epoch: 34 [12800/60000 (21%)]	Loss: 2.302585
Train Epoch: 34 [19200/60000 (32%)]	Loss: 2.302585
Train Epoch: 34 [25600/60000 (43%)]	Loss: 2.302585
Train Epoch: 34 [32000/60000 (53%)]	Loss: 2.302585
Train Epoch: 34 [38400/60000 (64%)]	Loss: 2.302585
Train Epoch: 34 [44800/60000 (75%)]	Loss: 2.302585
Train Epoch: 34 [51200/60000 (85%)]	Loss: 2.302585
Train Epoch: 34 [57600/60000 (96%)]	Loss: 2.302585

Test set: Average loss: 2.3026, Accuracy: 1028/10000 (10%)

Train Epoch: 35 [0/60000 (0%)]	Loss: 2.302585
Train Epoch: 35 [6400/60000 (11%)]	Loss: 2.302585
Train Epoch: 35 [12800/60000 (21%)]	Loss: 2.302585
Train Epoch: 35 [19200/60000 (32%)]	Loss: 2.302585
Train Epoch: 35 [25600/60000 (43%)]	Loss: 2.302585
Train Epoch: 35 [32000/60000 (53%)]	Loss: 2.302585
Train Epoch: 35 [38400/60000 (64%)]	Loss: 2.302585
Train Epoch: 35 [44800/60000 (75%)]	Loss: 2.302585
Train Epoch: 35 [51200/60000 (85%)]	Loss: 2.302585
Train Epoch: 35 [57600/60000 (96%)]	Loss: 2.302585

Test set: Average loss: 2.3026, Accuracy: 1028/10000 (10%)

Train Epoch: 36 [0/60000 (0%)]	Loss: 2.302585
Train Epoch: 36 [6400/60000 (11%)]	Loss: 2.302585
Train Epoch: 36 [12800/60000 (21%)]	Loss: 2.302585
Train Epoch: 36 [19200/60000 (32%)]	Loss: 2.302585
Train Epoch: 36 [25600/60000 (43%)]	Loss: 2.302585
Train Epoch: 36 [32000/60000 (53%)]	Loss: 2.302585
Train Epoch: 36 [38400/60000 (64%)]	Loss: 2.302585
Train Epoch: 36 [44800/60000 (75%)]	Loss: 2.302585
Train Epoch: 36 [51200/60000 (85%)]	Loss: 2.302585
Train Epoch: 36 [57600/60000 (96%)]	Loss: 2.302585

Test set: Average loss: 2.3026, Accuracy: 1028/10000 (10%)

Train Epoch: 37 [0/60000 (0%)]	Loss: 2.302585
Train Epoch: 37 [6400/60000 (11%)]	Loss: 2.302585
Train Epoch: 37 [12800/60000 (21%)]	Loss: 2.302585
Train Epoch: 37 [19200/60000 (32%)]	Loss: 2.302585
Train Epoch: 37 [25600/60000 (43%)]	Loss: 2.302585
Train Epoch: 37 [32000/60000 (53%)]	Loss: 2.302585
Train Epoch: 37 [38400/60000 (64%)]	Loss: 2.302585
Train Epoch: 37 [44800/60000 (75%)]	Loss: 2.302585
Train Epoch: 37 [51200/60000 (85%)]	Loss: 2.302585
Train Epoch: 37 [57600/60000 (96%)]	Loss: 2.302585

Test set: Average loss: 2.3026, Accuracy: 1028/10000 (10%)

Train Epoch: 38 [0/60000 (0%)]	Loss: 2.302585
Train Epoch: 38 [6400/60000 (11%)]	Loss: 2.302585
Train Epoch: 38 [12800/60000 (21%)]	Loss: 2.302585
Train Epoch: 38 [19200/60000 (32%)]	Loss: 2.302585
Train Epoch: 38 [25600/60000 (43%)]	Loss: 2.302585
Train Epoch: 38 [32000/60000 (53%)]	Loss: 2.302585
Train Epoch: 38 [38400/60000 (64%)]	Loss: 2.302585
Train Epoch: 38 [44800/60000 (75%)]	Loss: 2.302585
Train Epoch: 38 [51200/60000 (85%)]	Loss: 2.302585
Train Epoch: 38 [57600/60000 (96%)]	Loss: 2.302585

Test set: Average loss: 2.3026, Accuracy: 1028/10000 (10%)

Train Epoch: 39 [0/60000 (0%)]	Loss: 2.302585
Train Epoch: 39 [6400/60000 (11%)]	Loss: 2.302585
Train Epoch: 39 [12800/60000 (21%)]	Loss: 2.302585
Train Epoch: 39 [19200/60000 (32%)]	Loss: 2.302585
Train Epoch: 39 [25600/60000 (43%)]	Loss: 2.302585
Train Epoch: 39 [32000/60000 (53%)]	Loss: 2.302585
Train Epoch: 39 [38400/60000 (64%)]	Loss: 2.302585
Train Epoch: 39 [44800/60000 (75%)]	Loss: 2.302585
Train Epoch: 39 [51200/60000 (85%)]	Loss: 2.302585
Train Epoch: 39 [57600/60000 (96%)]	Loss: 2.302585

Test set: Average loss: 2.3026, Accuracy: 1028/10000 (10%)

Train Epoch: 40 [0/60000 (0%)]	Loss: 2.302585
Train Epoch: 40 [6400/60000 (11%)]	Loss: 2.302585
Train Epoch: 40 [12800/60000 (21%)]	Loss: 2.302585
Train Epoch: 40 [19200/60000 (32%)]	Loss: 2.302585
Train Epoch: 40 [25600/60000 (43%)]	Loss: 2.302585
Train Epoch: 40 [32000/60000 (53%)]	Loss: 2.302585
Train Epoch: 40 [38400/60000 (64%)]	Loss: 2.302585
Train Epoch: 40 [44800/60000 (75%)]	Loss: 2.302585
Train Epoch: 40 [51200/60000 (85%)]	Loss: 2.302585
Train Epoch: 40 [57600/60000 (96%)]	Loss: 2.302585

Test set: Average loss: 2.3026, Accuracy: 1028/10000 (10%)

Train Epoch: 41 [0/60000 (0%)]	Loss: 2.302585
Train Epoch: 41 [6400/60000 (11%)]	Loss: 2.302585
Train Epoch: 41 [12800/60000 (21%)]	Loss: 2.302585
Train Epoch: 41 [19200/60000 (32%)]	Loss: 2.302585
Train Epoch: 41 [25600/60000 (43%)]	Loss: 2.302585
Train Epoch: 41 [32000/60000 (53%)]	Loss: 2.302585
Train Epoch: 41 [38400/60000 (64%)]	Loss: 2.302585
Train Epoch: 41 [44800/60000 (75%)]	Loss: 2.302585
Train Epoch: 41 [51200/60000 (85%)]	Loss: 2.302585
Train Epoch: 41 [57600/60000 (96%)]	Loss: 2.302585

Test set: Average loss: 2.3026, Accuracy: 1028/10000 (10%)

Train Epoch: 42 [0/60000 (0%)]	Loss: 2.302585
Train Epoch: 42 [6400/60000 (11%)]	Loss: 2.302585
Train Epoch: 42 [12800/60000 (21%)]	Loss: 2.302585
Train Epoch: 42 [19200/60000 (32%)]	Loss: 2.302585
Train Epoch: 42 [25600/60000 (43%)]	Loss: 2.302585
Train Epoch: 42 [32000/60000 (53%)]	Loss: 2.302585
Train Epoch: 42 [38400/60000 (64%)]	Loss: 2.302585
Train Epoch: 42 [44800/60000 (75%)]	Loss: 2.302585
Train Epoch: 42 [51200/60000 (85%)]	Loss: 2.302585
Train Epoch: 42 [57600/60000 (96%)]	Loss: 2.302585

Test set: Average loss: 2.3026, Accuracy: 1028/10000 (10%)

Train Epoch: 43 [0/60000 (0%)]	Loss: 2.302585
Train Epoch: 43 [6400/60000 (11%)]	Loss: 2.302585
Train Epoch: 43 [12800/60000 (21%)]	Loss: 2.302585
Train Epoch: 43 [19200/60000 (32%)]	Loss: 2.302585
Train Epoch: 43 [25600/60000 (43%)]	Loss: 2.302585
Train Epoch: 43 [32000/60000 (53%)]	Loss: 2.302585
Train Epoch: 43 [38400/60000 (64%)]	Loss: 2.302585
Train Epoch: 43 [44800/60000 (75%)]	Loss: 2.302585
Train Epoch: 43 [51200/60000 (85%)]	Loss: 2.302585
Train Epoch: 43 [57600/60000 (96%)]	Loss: 2.302585

Test set: Average loss: 2.3026, Accuracy: 1028/10000 (10%)

Train Epoch: 44 [0/60000 (0%)]	Loss: 2.302585
Train Epoch: 44 [6400/60000 (11%)]	Loss: 2.302585
Train Epoch: 44 [12800/60000 (21%)]	Loss: 2.302585
Train Epoch: 44 [19200/60000 (32%)]	Loss: 2.302585
Train Epoch: 44 [25600/60000 (43%)]	Loss: 2.302585
Train Epoch: 44 [32000/60000 (53%)]	Loss: 2.302585
Train Epoch: 44 [38400/60000 (64%)]	Loss: 2.302585
Train Epoch: 44 [44800/60000 (75%)]	Loss: 2.302585
Train Epoch: 44 [51200/60000 (85%)]	Loss: 2.302585
Train Epoch: 44 [57600/60000 (96%)]	Loss: 2.302585

Test set: Average loss: 2.3026, Accuracy: 1028/10000 (10%)

Train Epoch: 45 [0/60000 (0%)]	Loss: 2.302585
Train Epoch: 45 [6400/60000 (11%)]	Loss: 2.302585
Train Epoch: 45 [12800/60000 (21%)]	Loss: 2.302585
Train Epoch: 45 [19200/60000 (32%)]	Loss: 2.302585
Train Epoch: 45 [25600/60000 (43%)]	Loss: 2.302585
Train Epoch: 45 [32000/60000 (53%)]	Loss: 2.302581
Train Epoch: 45 [38400/60000 (64%)]	Loss: 2.302579
Train Epoch: 45 [44800/60000 (75%)]	Loss: 2.302580
Train Epoch: 45 [51200/60000 (85%)]	Loss: 2.302581
Train Epoch: 45 [57600/60000 (96%)]	Loss: 2.302577

Test set: Average loss: 2.3026, Accuracy: 1028/10000 (10%)

Train Epoch: 46 [0/60000 (0%)]	Loss: 2.302580
Train Epoch: 46 [6400/60000 (11%)]	Loss: 2.302578
Train Epoch: 46 [12800/60000 (21%)]	Loss: 2.302577
Train Epoch: 46 [19200/60000 (32%)]	Loss: 2.302577
Train Epoch: 46 [25600/60000 (43%)]	Loss: 2.302584
Train Epoch: 46 [32000/60000 (53%)]	Loss: 2.302585
Train Epoch: 46 [38400/60000 (64%)]	Loss: 2.302583
Train Epoch: 46 [44800/60000 (75%)]	Loss: 2.302582
Train Epoch: 46 [51200/60000 (85%)]	Loss: 2.302581
Train Epoch: 46 [57600/60000 (96%)]	Loss: 2.302582

Test set: Average loss: 2.3026, Accuracy: 1028/10000 (10%)

Train Epoch: 47 [0/60000 (0%)]	Loss: 2.302582
Train Epoch: 47 [6400/60000 (11%)]	Loss: 2.302567
Train Epoch: 47 [12800/60000 (21%)]	Loss: 2.302570
Train Epoch: 47 [19200/60000 (32%)]	Loss: 2.302573
Train Epoch: 47 [25600/60000 (43%)]	Loss: 2.302570
Train Epoch: 47 [32000/60000 (53%)]	Loss: 2.302575
Train Epoch: 47 [38400/60000 (64%)]	Loss: 2.302577
Train Epoch: 47 [44800/60000 (75%)]	Loss: 2.302574
Train Epoch: 47 [51200/60000 (85%)]	Loss: 2.302561
Train Epoch: 47 [57600/60000 (96%)]	Loss: 2.302571

Test set: Average loss: 2.3026, Accuracy: 1028/10000 (10%)

Train Epoch: 48 [0/60000 (0%)]	Loss: 2.302567
Train Epoch: 48 [6400/60000 (11%)]	Loss: 2.302565
Train Epoch: 48 [12800/60000 (21%)]	Loss: 2.302581
Train Epoch: 48 [19200/60000 (32%)]	Loss: 2.302571
Train Epoch: 48 [25600/60000 (43%)]	Loss: 2.302522
Train Epoch: 48 [32000/60000 (53%)]	Loss: 2.302570
Train Epoch: 48 [38400/60000 (64%)]	Loss: 2.302545
Train Epoch: 48 [44800/60000 (75%)]	Loss: 2.302566
Train Epoch: 48 [51200/60000 (85%)]	Loss: 2.302566
Train Epoch: 48 [57600/60000 (96%)]	Loss: 2.302577

Test set: Average loss: 2.3025, Accuracy: 1028/10000 (10%)

Train Epoch: 49 [0/60000 (0%)]	Loss: 2.302495
Train Epoch: 49 [6400/60000 (11%)]	Loss: 2.302473
Train Epoch: 49 [12800/60000 (21%)]	Loss: 2.302571
Train Epoch: 49 [19200/60000 (32%)]	Loss: 2.302530
Train Epoch: 49 [25600/60000 (43%)]	Loss: 2.302508
Train Epoch: 49 [32000/60000 (53%)]	Loss: 2.302545
Train Epoch: 49 [38400/60000 (64%)]	Loss: 2.302490
Train Epoch: 49 [44800/60000 (75%)]	Loss: 2.302608
Train Epoch: 49 [51200/60000 (85%)]	Loss: 2.302566
Train Epoch: 49 [57600/60000 (96%)]	Loss: 2.302530

Test set: Average loss: 2.3025, Accuracy: 1028/10000 (10%)

Train Epoch: 50 [0/60000 (0%)]	Loss: 2.302541
Train Epoch: 50 [6400/60000 (11%)]	Loss: 2.302548
Train Epoch: 50 [12800/60000 (21%)]	Loss: 2.302510
Train Epoch: 50 [19200/60000 (32%)]	Loss: 2.302585
Train Epoch: 50 [25600/60000 (43%)]	Loss: 2.302547
Train Epoch: 50 [32000/60000 (53%)]	Loss: 2.302511
Train Epoch: 50 [38400/60000 (64%)]	Loss: 2.302488
Train Epoch: 50 [44800/60000 (75%)]	Loss: 2.302456
Train Epoch: 50 [51200/60000 (85%)]	Loss: 2.302506
Train Epoch: 50 [57600/60000 (96%)]	Loss: 2.302501

Test set: Average loss: 2.3025, Accuracy: 1028/10000 (10%)

Train Epoch: 51 [0/60000 (0%)]	Loss: 2.302570
Train Epoch: 51 [6400/60000 (11%)]	Loss: 2.302574
Train Epoch: 51 [12800/60000 (21%)]	Loss: 2.302524
Train Epoch: 51 [19200/60000 (32%)]	Loss: 2.302524
Train Epoch: 51 [25600/60000 (43%)]	Loss: 2.302538
Train Epoch: 51 [32000/60000 (53%)]	Loss: 2.302528
Train Epoch: 51 [38400/60000 (64%)]	Loss: 2.302521
Train Epoch: 51 [44800/60000 (75%)]	Loss: 2.302553
Train Epoch: 51 [51200/60000 (85%)]	Loss: 2.302567
Train Epoch: 51 [57600/60000 (96%)]	Loss: 2.302507

Test set: Average loss: 2.3025, Accuracy: 1028/10000 (10%)

Train Epoch: 52 [0/60000 (0%)]	Loss: 2.302500
Train Epoch: 52 [6400/60000 (11%)]	Loss: 2.302553
Train Epoch: 52 [12800/60000 (21%)]	Loss: 2.302558
Train Epoch: 52 [19200/60000 (32%)]	Loss: 2.302456
Train Epoch: 52 [25600/60000 (43%)]	Loss: 2.302477
Train Epoch: 52 [32000/60000 (53%)]	Loss: 2.302475
Train Epoch: 52 [38400/60000 (64%)]	Loss: 2.302540
Train Epoch: 52 [44800/60000 (75%)]	Loss: 2.302518
Train Epoch: 52 [51200/60000 (85%)]	Loss: 2.302518
Train Epoch: 52 [57600/60000 (96%)]	Loss: 2.302584

Test set: Average loss: 2.3025, Accuracy: 1028/10000 (10%)

Train Epoch: 53 [0/60000 (0%)]	Loss: 2.302554
Train Epoch: 53 [6400/60000 (11%)]	Loss: 2.302514
Train Epoch: 53 [12800/60000 (21%)]	Loss: 2.302526
Train Epoch: 53 [19200/60000 (32%)]	Loss: 2.302516
Train Epoch: 53 [25600/60000 (43%)]	Loss: 2.302586
Train Epoch: 53 [32000/60000 (53%)]	Loss: 2.302485
Train Epoch: 53 [38400/60000 (64%)]	Loss: 2.302523
Train Epoch: 53 [44800/60000 (75%)]	Loss: 2.302565
Train Epoch: 53 [51200/60000 (85%)]	Loss: 2.302507
Train Epoch: 53 [57600/60000 (96%)]	Loss: 2.302458

Test set: Average loss: 2.3024, Accuracy: 1028/10000 (10%)

Train Epoch: 54 [0/60000 (0%)]	Loss: 2.302441
Train Epoch: 54 [6400/60000 (11%)]	Loss: 2.302477
Train Epoch: 54 [12800/60000 (21%)]	Loss: 2.302485
Train Epoch: 54 [19200/60000 (32%)]	Loss: 2.302384
Train Epoch: 54 [25600/60000 (43%)]	Loss: 2.302533
Train Epoch: 54 [32000/60000 (53%)]	Loss: 2.302460
Train Epoch: 54 [38400/60000 (64%)]	Loss: 2.302438
Train Epoch: 54 [44800/60000 (75%)]	Loss: 2.302482
Train Epoch: 54 [51200/60000 (85%)]	Loss: 2.302406
Train Epoch: 54 [57600/60000 (96%)]	Loss: 2.302463

Test set: Average loss: 2.3024, Accuracy: 1028/10000 (10%)

Train Epoch: 55 [0/60000 (0%)]	Loss: 2.302432
Train Epoch: 55 [6400/60000 (11%)]	Loss: 2.302448
Train Epoch: 55 [12800/60000 (21%)]	Loss: 2.302443
Train Epoch: 55 [19200/60000 (32%)]	Loss: 2.302459
Train Epoch: 55 [25600/60000 (43%)]	Loss: 2.302485
Train Epoch: 55 [32000/60000 (53%)]	Loss: 2.302322
Train Epoch: 55 [38400/60000 (64%)]	Loss: 2.302411
Train Epoch: 55 [44800/60000 (75%)]	Loss: 2.302398
Train Epoch: 55 [51200/60000 (85%)]	Loss: 2.302287
Train Epoch: 55 [57600/60000 (96%)]	Loss: 2.302335

Test set: Average loss: 2.3024, Accuracy: 989/10000 (10%)

Train Epoch: 56 [0/60000 (0%)]	Loss: 2.302269
Train Epoch: 56 [6400/60000 (11%)]	Loss: 2.302290
Train Epoch: 56 [12800/60000 (21%)]	Loss: 2.302311
Train Epoch: 56 [19200/60000 (32%)]	Loss: 2.302432
Train Epoch: 56 [25600/60000 (43%)]	Loss: 2.302451
Train Epoch: 56 [32000/60000 (53%)]	Loss: 2.302393
Train Epoch: 56 [38400/60000 (64%)]	Loss: 2.302381
Train Epoch: 56 [44800/60000 (75%)]	Loss: 2.302309
Train Epoch: 56 [51200/60000 (85%)]	Loss: 2.302506
Train Epoch: 56 [57600/60000 (96%)]	Loss: 2.302315

Test set: Average loss: 2.3024, Accuracy: 986/10000 (10%)

Train Epoch: 57 [0/60000 (0%)]	Loss: 2.302338
Train Epoch: 57 [6400/60000 (11%)]	Loss: 2.302427
Train Epoch: 57 [12800/60000 (21%)]	Loss: 2.302453
Train Epoch: 57 [19200/60000 (32%)]	Loss: 2.302427
Train Epoch: 57 [25600/60000 (43%)]	Loss: 2.302478
Train Epoch: 57 [32000/60000 (53%)]	Loss: 2.302490
Train Epoch: 57 [38400/60000 (64%)]	Loss: 2.302383
Train Epoch: 57 [44800/60000 (75%)]	Loss: 2.302468
Train Epoch: 57 [51200/60000 (85%)]	Loss: 2.302430
Train Epoch: 57 [57600/60000 (96%)]	Loss: 2.302411

Test set: Average loss: 2.3024, Accuracy: 993/10000 (10%)

Train Epoch: 58 [0/60000 (0%)]	Loss: 2.302356
Train Epoch: 58 [6400/60000 (11%)]	Loss: 2.302448
Train Epoch: 58 [12800/60000 (21%)]	Loss: 2.302430
Train Epoch: 58 [19200/60000 (32%)]	Loss: 2.302484
Train Epoch: 58 [25600/60000 (43%)]	Loss: 2.302345
Train Epoch: 58 [32000/60000 (53%)]	Loss: 2.302398
Train Epoch: 58 [38400/60000 (64%)]	Loss: 2.302429
Train Epoch: 58 [44800/60000 (75%)]	Loss: 2.302468
Train Epoch: 58 [51200/60000 (85%)]	Loss: 2.302322
Train Epoch: 58 [57600/60000 (96%)]	Loss: 2.302308

Test set: Average loss: 2.3023, Accuracy: 994/10000 (10%)

Train Epoch: 59 [0/60000 (0%)]	Loss: 2.302399
Train Epoch: 59 [6400/60000 (11%)]	Loss: 2.302236
Train Epoch: 59 [12800/60000 (21%)]	Loss: 2.302360
Train Epoch: 59 [19200/60000 (32%)]	Loss: 2.302337
Train Epoch: 59 [25600/60000 (43%)]	Loss: 2.302338
Train Epoch: 59 [32000/60000 (53%)]	Loss: 2.302398
Train Epoch: 59 [38400/60000 (64%)]	Loss: 2.302373
Train Epoch: 59 [44800/60000 (75%)]	Loss: 2.302297
Train Epoch: 59 [51200/60000 (85%)]	Loss: 2.302380
Train Epoch: 59 [57600/60000 (96%)]	Loss: 2.302361

Test set: Average loss: 2.3024, Accuracy: 987/10000 (10%)

Train Epoch: 60 [0/60000 (0%)]	Loss: 2.302329
Train Epoch: 60 [6400/60000 (11%)]	Loss: 2.302377
Train Epoch: 60 [12800/60000 (21%)]	Loss: 2.302346
Train Epoch: 60 [19200/60000 (32%)]	Loss: 2.302377
Train Epoch: 60 [25600/60000 (43%)]	Loss: 2.302449
Train Epoch: 60 [32000/60000 (53%)]	Loss: 2.302275
Train Epoch: 60 [38400/60000 (64%)]	Loss: 2.302384
Train Epoch: 60 [44800/60000 (75%)]	Loss: 2.302436
Train Epoch: 60 [51200/60000 (85%)]	Loss: 2.302434
Train Epoch: 60 [57600/60000 (96%)]	Loss: 2.302385

Test set: Average loss: 2.3023, Accuracy: 990/10000 (10%)

Train Epoch: 61 [0/60000 (0%)]	Loss: 2.302360
Train Epoch: 61 [6400/60000 (11%)]	Loss: 2.302283
Train Epoch: 61 [12800/60000 (21%)]	Loss: 2.302298
Train Epoch: 61 [19200/60000 (32%)]	Loss: 2.302363
Train Epoch: 61 [25600/60000 (43%)]	Loss: 2.302253
Train Epoch: 61 [32000/60000 (53%)]	Loss: 2.302338
Train Epoch: 61 [38400/60000 (64%)]	Loss: 2.302448
Train Epoch: 61 [44800/60000 (75%)]	Loss: 2.302363
Train Epoch: 61 [51200/60000 (85%)]	Loss: 2.302246
Train Epoch: 61 [57600/60000 (96%)]	Loss: 2.302422

Test set: Average loss: 2.3023, Accuracy: 982/10000 (10%)

Train Epoch: 62 [0/60000 (0%)]	Loss: 2.302223
Train Epoch: 62 [6400/60000 (11%)]	Loss: 2.302326
Train Epoch: 62 [12800/60000 (21%)]	Loss: 2.302338
Train Epoch: 62 [19200/60000 (32%)]	Loss: 2.302303
Train Epoch: 62 [25600/60000 (43%)]	Loss: 2.302258
Train Epoch: 62 [32000/60000 (53%)]	Loss: 2.302331
Train Epoch: 62 [38400/60000 (64%)]	Loss: 2.302470
Train Epoch: 62 [44800/60000 (75%)]	Loss: 2.302302
Train Epoch: 62 [51200/60000 (85%)]	Loss: 2.302408
Train Epoch: 62 [57600/60000 (96%)]	Loss: 2.302277

Test set: Average loss: 2.3023, Accuracy: 982/10000 (10%)

Train Epoch: 63 [0/60000 (0%)]	Loss: 2.302229
Train Epoch: 63 [6400/60000 (11%)]	Loss: 2.302363
Train Epoch: 63 [12800/60000 (21%)]	Loss: 2.302519
Train Epoch: 63 [19200/60000 (32%)]	Loss: 2.302299
Train Epoch: 63 [25600/60000 (43%)]	Loss: 2.302417
Train Epoch: 63 [32000/60000 (53%)]	Loss: 2.302514
Train Epoch: 63 [38400/60000 (64%)]	Loss: 2.302301
Train Epoch: 63 [44800/60000 (75%)]	Loss: 2.302424
Train Epoch: 63 [51200/60000 (85%)]	Loss: 2.302443
Train Epoch: 63 [57600/60000 (96%)]	Loss: 2.302334

Test set: Average loss: 2.3023, Accuracy: 982/10000 (10%)

Train Epoch: 64 [0/60000 (0%)]	Loss: 2.302374
Train Epoch: 64 [6400/60000 (11%)]	Loss: 2.302374
Train Epoch: 64 [12800/60000 (21%)]	Loss: 2.302402
Train Epoch: 64 [19200/60000 (32%)]	Loss: 2.302391
Train Epoch: 64 [25600/60000 (43%)]	Loss: 2.302344
Train Epoch: 64 [32000/60000 (53%)]	Loss: 2.302361
Train Epoch: 64 [38400/60000 (64%)]	Loss: 2.302438
Train Epoch: 64 [44800/60000 (75%)]	Loss: 2.302369
Train Epoch: 64 [51200/60000 (85%)]	Loss: 2.302341
Train Epoch: 64 [57600/60000 (96%)]	Loss: 2.302322

Test set: Average loss: 2.3023, Accuracy: 982/10000 (10%)

Train Epoch: 65 [0/60000 (0%)]	Loss: 2.302304
Train Epoch: 65 [6400/60000 (11%)]	Loss: 2.302398
Train Epoch: 65 [12800/60000 (21%)]	Loss: 2.302436
Train Epoch: 65 [19200/60000 (32%)]	Loss: 2.302387
Train Epoch: 65 [25600/60000 (43%)]	Loss: 2.302280
Train Epoch: 65 [32000/60000 (53%)]	Loss: 2.302377
Train Epoch: 65 [38400/60000 (64%)]	Loss: 2.302437
Train Epoch: 65 [44800/60000 (75%)]	Loss: 2.302236
Train Epoch: 65 [51200/60000 (85%)]	Loss: 2.302232
Train Epoch: 65 [57600/60000 (96%)]	Loss: 2.302192

Test set: Average loss: 2.3023, Accuracy: 982/10000 (10%)

Train Epoch: 66 [0/60000 (0%)]	Loss: 2.302413
Train Epoch: 66 [6400/60000 (11%)]	Loss: 2.302299
Train Epoch: 66 [12800/60000 (21%)]	Loss: 2.302215
Train Epoch: 66 [19200/60000 (32%)]	Loss: 2.302254
Train Epoch: 66 [25600/60000 (43%)]	Loss: 2.302184
Train Epoch: 66 [32000/60000 (53%)]	Loss: 2.302291
Train Epoch: 66 [38400/60000 (64%)]	Loss: 2.302479
Train Epoch: 66 [44800/60000 (75%)]	Loss: 2.302369
Train Epoch: 66 [51200/60000 (85%)]	Loss: 2.302262
Train Epoch: 66 [57600/60000 (96%)]	Loss: 2.302272

Test set: Average loss: 2.3023, Accuracy: 982/10000 (10%)

Train Epoch: 67 [0/60000 (0%)]	Loss: 2.302459
Train Epoch: 67 [6400/60000 (11%)]	Loss: 2.302310
Train Epoch: 67 [12800/60000 (21%)]	Loss: 2.302286
Train Epoch: 67 [19200/60000 (32%)]	Loss: 2.302323
Train Epoch: 67 [25600/60000 (43%)]	Loss: 2.302498
Train Epoch: 67 [32000/60000 (53%)]	Loss: 2.302621
Train Epoch: 67 [38400/60000 (64%)]	Loss: 2.302365
Train Epoch: 67 [44800/60000 (75%)]	Loss: 2.302340
Train Epoch: 67 [51200/60000 (85%)]	Loss: 2.302399
Train Epoch: 67 [57600/60000 (96%)]	Loss: 2.302306

Test set: Average loss: 2.3023, Accuracy: 982/10000 (10%)

Train Epoch: 68 [0/60000 (0%)]	Loss: 2.302327
Train Epoch: 68 [6400/60000 (11%)]	Loss: 2.302236
Train Epoch: 68 [12800/60000 (21%)]	Loss: 2.302045
Train Epoch: 68 [19200/60000 (32%)]	Loss: 2.302320
Train Epoch: 68 [25600/60000 (43%)]	Loss: 2.302320
Train Epoch: 68 [32000/60000 (53%)]	Loss: 2.302423
Train Epoch: 68 [38400/60000 (64%)]	Loss: 2.302489
Train Epoch: 68 [44800/60000 (75%)]	Loss: 2.302378
Train Epoch: 68 [51200/60000 (85%)]	Loss: 2.302310
Train Epoch: 68 [57600/60000 (96%)]	Loss: 2.302357

Test set: Average loss: 2.3023, Accuracy: 982/10000 (10%)

Train Epoch: 69 [0/60000 (0%)]	Loss: 2.302311
Train Epoch: 69 [6400/60000 (11%)]	Loss: 2.302437
Train Epoch: 69 [12800/60000 (21%)]	Loss: 2.302395
Train Epoch: 69 [19200/60000 (32%)]	Loss: 2.302399
Train Epoch: 69 [25600/60000 (43%)]	Loss: 2.302258
Train Epoch: 69 [32000/60000 (53%)]	Loss: 2.302402
Train Epoch: 69 [38400/60000 (64%)]	Loss: 2.302240
Train Epoch: 69 [44800/60000 (75%)]	Loss: 2.302283
Train Epoch: 69 [51200/60000 (85%)]	Loss: 2.302518
Train Epoch: 69 [57600/60000 (96%)]	Loss: 2.302384

Test set: Average loss: 2.3023, Accuracy: 982/10000 (10%)

Train Epoch: 70 [0/60000 (0%)]	Loss: 2.302411
Train Epoch: 70 [6400/60000 (11%)]	Loss: 2.302329
Train Epoch: 70 [12800/60000 (21%)]	Loss: 2.302286
Train Epoch: 70 [19200/60000 (32%)]	Loss: 2.302425
Train Epoch: 70 [25600/60000 (43%)]	Loss: 2.302218
Train Epoch: 70 [32000/60000 (53%)]	Loss: 2.302576
Train Epoch: 70 [38400/60000 (64%)]	Loss: 2.302537
Train Epoch: 70 [44800/60000 (75%)]	Loss: 2.302155
Train Epoch: 70 [51200/60000 (85%)]	Loss: 2.302275
Train Epoch: 70 [57600/60000 (96%)]	Loss: 2.302335

Test set: Average loss: 2.3021, Accuracy: 982/10000 (10%)

Train Epoch: 71 [0/60000 (0%)]	Loss: 2.302127
Train Epoch: 71 [6400/60000 (11%)]	Loss: 2.302451
Train Epoch: 71 [12800/60000 (21%)]	Loss: 2.302523
Train Epoch: 71 [19200/60000 (32%)]	Loss: 2.302250
Train Epoch: 71 [25600/60000 (43%)]	Loss: 2.301638
Train Epoch: 71 [32000/60000 (53%)]	Loss: 2.301826
Train Epoch: 71 [38400/60000 (64%)]	Loss: 2.302021
Train Epoch: 71 [44800/60000 (75%)]	Loss: 2.301823
Train Epoch: 71 [51200/60000 (85%)]	Loss: 2.301848
Train Epoch: 71 [57600/60000 (96%)]	Loss: 2.301970

Test set: Average loss: 2.3020, Accuracy: 982/10000 (10%)

Train Epoch: 72 [0/60000 (0%)]	Loss: 2.302231
Train Epoch: 72 [6400/60000 (11%)]	Loss: 2.302501
Train Epoch: 72 [12800/60000 (21%)]	Loss: 2.301679
Train Epoch: 72 [19200/60000 (32%)]	Loss: 2.302418
Train Epoch: 72 [25600/60000 (43%)]	Loss: 2.301999
Train Epoch: 72 [32000/60000 (53%)]	Loss: 2.301677
Train Epoch: 72 [38400/60000 (64%)]	Loss: 2.301553
Train Epoch: 72 [44800/60000 (75%)]	Loss: 2.301929
Train Epoch: 72 [51200/60000 (85%)]	Loss: 2.301781
Train Epoch: 72 [57600/60000 (96%)]	Loss: 2.301558

Test set: Average loss: 2.3017, Accuracy: 982/10000 (10%)

Train Epoch: 73 [0/60000 (0%)]	Loss: 2.302416
Train Epoch: 73 [6400/60000 (11%)]	Loss: 2.301741
Train Epoch: 73 [12800/60000 (21%)]	Loss: 2.301130
Train Epoch: 73 [19200/60000 (32%)]	Loss: 2.300823
Train Epoch: 73 [25600/60000 (43%)]	Loss: 2.301711
Train Epoch: 73 [32000/60000 (53%)]	Loss: 2.301479
Train Epoch: 73 [38400/60000 (64%)]	Loss: 2.301344
Train Epoch: 73 [44800/60000 (75%)]	Loss: 2.301967
Train Epoch: 73 [51200/60000 (85%)]	Loss: 2.301919
Train Epoch: 73 [57600/60000 (96%)]	Loss: 2.301818

Test set: Average loss: 2.3017, Accuracy: 982/10000 (10%)

Train Epoch: 74 [0/60000 (0%)]	Loss: 2.302238
Train Epoch: 74 [6400/60000 (11%)]	Loss: 2.301966
Train Epoch: 74 [12800/60000 (21%)]	Loss: 2.301226
Train Epoch: 74 [19200/60000 (32%)]	Loss: 2.301484
Train Epoch: 74 [25600/60000 (43%)]	Loss: 2.301981
Train Epoch: 74 [32000/60000 (53%)]	Loss: 2.301799
Train Epoch: 74 [38400/60000 (64%)]	Loss: 2.301689
Train Epoch: 74 [44800/60000 (75%)]	Loss: 2.301602
Train Epoch: 74 [51200/60000 (85%)]	Loss: 2.301465
Train Epoch: 74 [57600/60000 (96%)]	Loss: 2.301367

Test set: Average loss: 2.3017, Accuracy: 982/10000 (10%)

Train Epoch: 75 [0/60000 (0%)]	Loss: 2.302364
Train Epoch: 75 [6400/60000 (11%)]	Loss: 2.301449
Train Epoch: 75 [12800/60000 (21%)]	Loss: 2.301974
Train Epoch: 75 [19200/60000 (32%)]	Loss: 2.301908
Train Epoch: 75 [25600/60000 (43%)]	Loss: 2.301439
Train Epoch: 75 [32000/60000 (53%)]	Loss: 2.301471
Train Epoch: 75 [38400/60000 (64%)]	Loss: 2.301564
Train Epoch: 75 [44800/60000 (75%)]	Loss: 2.301716
Train Epoch: 75 [51200/60000 (85%)]	Loss: 2.302298
Train Epoch: 75 [57600/60000 (96%)]	Loss: 2.301491

Test set: Average loss: 2.3016, Accuracy: 982/10000 (10%)

Train Epoch: 76 [0/60000 (0%)]	Loss: 2.302301
Train Epoch: 76 [6400/60000 (11%)]	Loss: 2.301148
Train Epoch: 76 [12800/60000 (21%)]	Loss: 2.301480
Train Epoch: 76 [19200/60000 (32%)]	Loss: 2.300867
Train Epoch: 76 [25600/60000 (43%)]	Loss: 2.300588
Train Epoch: 76 [32000/60000 (53%)]	Loss: 2.300965
Train Epoch: 76 [38400/60000 (64%)]	Loss: 2.301504
Train Epoch: 76 [44800/60000 (75%)]	Loss: 2.301696
Train Epoch: 76 [51200/60000 (85%)]	Loss: 2.301929
Train Epoch: 76 [57600/60000 (96%)]	Loss: 2.302084

Test set: Average loss: 2.3016, Accuracy: 982/10000 (10%)

Train Epoch: 77 [0/60000 (0%)]	Loss: 2.301362
Train Epoch: 77 [6400/60000 (11%)]	Loss: 2.300851
Train Epoch: 77 [12800/60000 (21%)]	Loss: 2.301438
Train Epoch: 77 [19200/60000 (32%)]	Loss: 2.300560
Train Epoch: 77 [25600/60000 (43%)]	Loss: 2.301489
Train Epoch: 77 [32000/60000 (53%)]	Loss: 2.301074
Train Epoch: 77 [38400/60000 (64%)]	Loss: 2.301889
Train Epoch: 77 [44800/60000 (75%)]	Loss: 2.302329
Train Epoch: 77 [51200/60000 (85%)]	Loss: 2.301243
Train Epoch: 77 [57600/60000 (96%)]	Loss: 2.301328

Test set: Average loss: 2.3016, Accuracy: 982/10000 (10%)

Train Epoch: 78 [0/60000 (0%)]	Loss: 2.301699
Train Epoch: 78 [6400/60000 (11%)]	Loss: 2.300991
Train Epoch: 78 [12800/60000 (21%)]	Loss: 2.301702
Train Epoch: 78 [19200/60000 (32%)]	Loss: 2.301914
Train Epoch: 78 [25600/60000 (43%)]	Loss: 2.301371
Train Epoch: 78 [32000/60000 (53%)]	Loss: 2.300079
Train Epoch: 78 [38400/60000 (64%)]	Loss: 2.300896
Train Epoch: 78 [44800/60000 (75%)]	Loss: 2.301032
Train Epoch: 78 [51200/60000 (85%)]	Loss: 2.301291
Train Epoch: 78 [57600/60000 (96%)]	Loss: 2.300496

Test set: Average loss: 2.3010, Accuracy: 1009/10000 (10%)

Train Epoch: 79 [0/60000 (0%)]	Loss: 2.300428
Train Epoch: 79 [6400/60000 (11%)]	Loss: 2.301310
Train Epoch: 79 [12800/60000 (21%)]	Loss: 2.300287
Train Epoch: 79 [19200/60000 (32%)]	Loss: 2.300279
Train Epoch: 79 [25600/60000 (43%)]	Loss: 2.301028
Train Epoch: 79 [32000/60000 (53%)]	Loss: 2.299744
Train Epoch: 79 [38400/60000 (64%)]	Loss: 2.300368
Train Epoch: 79 [44800/60000 (75%)]	Loss: 2.299261
Train Epoch: 79 [51200/60000 (85%)]	Loss: 2.301080
Train Epoch: 79 [57600/60000 (96%)]	Loss: 2.301597

Test set: Average loss: 2.3009, Accuracy: 1010/10000 (10%)

Train Epoch: 80 [0/60000 (0%)]	Loss: 2.299755
Train Epoch: 80 [6400/60000 (11%)]	Loss: 2.302483
Train Epoch: 80 [12800/60000 (21%)]	Loss: 2.301351
Train Epoch: 80 [19200/60000 (32%)]	Loss: 2.300619
Train Epoch: 80 [25600/60000 (43%)]	Loss: 2.301329
Train Epoch: 80 [32000/60000 (53%)]	Loss: 2.302125
Train Epoch: 80 [38400/60000 (64%)]	Loss: 2.301773
Train Epoch: 80 [44800/60000 (75%)]	Loss: 2.301620
Train Epoch: 80 [51200/60000 (85%)]	Loss: 2.300021
Train Epoch: 80 [57600/60000 (96%)]	Loss: 2.300422

Test set: Average loss: 2.3008, Accuracy: 1010/10000 (10%)

Train Epoch: 81 [0/60000 (0%)]	Loss: 2.301760
Train Epoch: 81 [6400/60000 (11%)]	Loss: 2.301744
Train Epoch: 81 [12800/60000 (21%)]	Loss: 2.300583
Train Epoch: 81 [19200/60000 (32%)]	Loss: 2.300184
Train Epoch: 81 [25600/60000 (43%)]	Loss: 2.302129
Train Epoch: 81 [32000/60000 (53%)]	Loss: 2.300660
Train Epoch: 81 [38400/60000 (64%)]	Loss: 2.300969
Train Epoch: 81 [44800/60000 (75%)]	Loss: 2.301869
Train Epoch: 81 [51200/60000 (85%)]	Loss: 2.302374
Train Epoch: 81 [57600/60000 (96%)]	Loss: 2.299702

Test set: Average loss: 2.3007, Accuracy: 1010/10000 (10%)

Train Epoch: 82 [0/60000 (0%)]	Loss: 2.300717
Train Epoch: 82 [6400/60000 (11%)]	Loss: 2.300421
Train Epoch: 82 [12800/60000 (21%)]	Loss: 2.300628
Train Epoch: 82 [19200/60000 (32%)]	Loss: 2.301333
Train Epoch: 82 [25600/60000 (43%)]	Loss: 2.299779
Train Epoch: 82 [32000/60000 (53%)]	Loss: 2.299280
Train Epoch: 82 [38400/60000 (64%)]	Loss: 2.300382
Train Epoch: 82 [44800/60000 (75%)]	Loss: 2.300928
Train Epoch: 82 [51200/60000 (85%)]	Loss: 2.300351
Train Epoch: 82 [57600/60000 (96%)]	Loss: 2.300648

Test set: Average loss: 2.3007, Accuracy: 1010/10000 (10%)

Train Epoch: 83 [0/60000 (0%)]	Loss: 2.301596
Train Epoch: 83 [6400/60000 (11%)]	Loss: 2.302860
Train Epoch: 83 [12800/60000 (21%)]	Loss: 2.301448
Train Epoch: 83 [19200/60000 (32%)]	Loss: 2.300155
Train Epoch: 83 [25600/60000 (43%)]	Loss: 2.300665
Train Epoch: 83 [32000/60000 (53%)]	Loss: 2.298953
Train Epoch: 83 [38400/60000 (64%)]	Loss: 2.302014
Train Epoch: 83 [44800/60000 (75%)]	Loss: 2.301264
Train Epoch: 83 [51200/60000 (85%)]	Loss: 2.301388
Train Epoch: 83 [57600/60000 (96%)]	Loss: 2.301211

Test set: Average loss: 2.3007, Accuracy: 1010/10000 (10%)

Train Epoch: 84 [0/60000 (0%)]	Loss: 2.298812
Train Epoch: 84 [6400/60000 (11%)]	Loss: 2.300637
Train Epoch: 84 [12800/60000 (21%)]	Loss: 2.300180
Train Epoch: 84 [19200/60000 (32%)]	Loss: 2.301831
Train Epoch: 84 [25600/60000 (43%)]	Loss: 2.299952
Train Epoch: 84 [32000/60000 (53%)]	Loss: 2.299812
Train Epoch: 84 [38400/60000 (64%)]	Loss: 2.301509
Train Epoch: 84 [44800/60000 (75%)]	Loss: 2.299184
Train Epoch: 84 [51200/60000 (85%)]	Loss: 2.299122
Train Epoch: 84 [57600/60000 (96%)]	Loss: 2.300296

Test set: Average loss: 2.3007, Accuracy: 1010/10000 (10%)

Train Epoch: 85 [0/60000 (0%)]	Loss: 2.301552
Train Epoch: 85 [6400/60000 (11%)]	Loss: 2.300562
Train Epoch: 85 [12800/60000 (21%)]	Loss: 2.299560
Train Epoch: 85 [19200/60000 (32%)]	Loss: 2.301222
Train Epoch: 85 [25600/60000 (43%)]	Loss: 2.298838
Train Epoch: 85 [32000/60000 (53%)]	Loss: 2.302276
Train Epoch: 85 [38400/60000 (64%)]	Loss: 2.300083
Train Epoch: 85 [44800/60000 (75%)]	Loss: 2.300987
Train Epoch: 85 [51200/60000 (85%)]	Loss: 2.298451
Train Epoch: 85 [57600/60000 (96%)]	Loss: 2.299996

Test set: Average loss: 2.3007, Accuracy: 1010/10000 (10%)

Train Epoch: 86 [0/60000 (0%)]	Loss: 2.301811
Train Epoch: 86 [6400/60000 (11%)]	Loss: 2.301190
Train Epoch: 86 [12800/60000 (21%)]	Loss: 2.299531
Train Epoch: 86 [19200/60000 (32%)]	Loss: 2.300261
Train Epoch: 86 [25600/60000 (43%)]	Loss: 2.302035
Train Epoch: 86 [32000/60000 (53%)]	Loss: 2.302880
Train Epoch: 86 [38400/60000 (64%)]	Loss: 2.302071
Train Epoch: 86 [44800/60000 (75%)]	Loss: 2.300012
Train Epoch: 86 [51200/60000 (85%)]	Loss: 2.299530
Train Epoch: 86 [57600/60000 (96%)]	Loss: 2.301012

Test set: Average loss: 2.3007, Accuracy: 1010/10000 (10%)

Train Epoch: 87 [0/60000 (0%)]	Loss: 2.300662
Train Epoch: 87 [6400/60000 (11%)]	Loss: 2.301472
Train Epoch: 87 [12800/60000 (21%)]	Loss: 2.300654
Train Epoch: 87 [19200/60000 (32%)]	Loss: 2.300584
Train Epoch: 87 [25600/60000 (43%)]	Loss: 2.300924
Train Epoch: 87 [32000/60000 (53%)]	Loss: 2.302001
Train Epoch: 87 [38400/60000 (64%)]	Loss: 2.300727
Train Epoch: 87 [44800/60000 (75%)]	Loss: 2.302301
Train Epoch: 87 [51200/60000 (85%)]	Loss: 2.302018
Train Epoch: 87 [57600/60000 (96%)]	Loss: 2.299172

Test set: Average loss: 2.3007, Accuracy: 1010/10000 (10%)

Train Epoch: 88 [0/60000 (0%)]	Loss: 2.298131
Train Epoch: 88 [6400/60000 (11%)]	Loss: 2.299675
Train Epoch: 88 [12800/60000 (21%)]	Loss: 2.301235
Train Epoch: 88 [19200/60000 (32%)]	Loss: 2.300526
Train Epoch: 88 [25600/60000 (43%)]	Loss: 2.301390
Train Epoch: 88 [32000/60000 (53%)]	Loss: 2.299623
Train Epoch: 88 [38400/60000 (64%)]	Loss: 2.301564
Train Epoch: 88 [44800/60000 (75%)]	Loss: 2.300423
Train Epoch: 88 [51200/60000 (85%)]	Loss: 2.300942
Train Epoch: 88 [57600/60000 (96%)]	Loss: 2.300151

Test set: Average loss: 2.3007, Accuracy: 1010/10000 (10%)

Train Epoch: 89 [0/60000 (0%)]	Loss: 2.302266
Train Epoch: 89 [6400/60000 (11%)]	Loss: 2.301372
Train Epoch: 89 [12800/60000 (21%)]	Loss: 2.300438
Train Epoch: 89 [19200/60000 (32%)]	Loss: 2.299031
Train Epoch: 89 [25600/60000 (43%)]	Loss: 2.299495
Train Epoch: 89 [32000/60000 (53%)]	Loss: 2.301877
Train Epoch: 89 [38400/60000 (64%)]	Loss: 2.301677
Train Epoch: 89 [44800/60000 (75%)]	Loss: 2.301171
Train Epoch: 89 [51200/60000 (85%)]	Loss: 2.302014
Train Epoch: 89 [57600/60000 (96%)]	Loss: 2.300387

Test set: Average loss: 2.3006, Accuracy: 1012/10000 (10%)

Train Epoch: 90 [0/60000 (0%)]	Loss: 2.301551
Train Epoch: 90 [6400/60000 (11%)]	Loss: 2.298943
Train Epoch: 90 [12800/60000 (21%)]	Loss: 2.301360
Train Epoch: 90 [19200/60000 (32%)]	Loss: 2.302783
Train Epoch: 90 [25600/60000 (43%)]	Loss: 2.300198
Train Epoch: 90 [32000/60000 (53%)]	Loss: 2.301502
Train Epoch: 90 [38400/60000 (64%)]	Loss: 2.300329
Train Epoch: 90 [44800/60000 (75%)]	Loss: 2.300166
Train Epoch: 90 [51200/60000 (85%)]	Loss: 2.301249
Train Epoch: 90 [57600/60000 (96%)]	Loss: 2.299604

Test set: Average loss: 2.3006, Accuracy: 1012/10000 (10%)

Train Epoch: 91 [0/60000 (0%)]	Loss: 2.300981
Train Epoch: 91 [6400/60000 (11%)]	Loss: 2.300879
Train Epoch: 91 [12800/60000 (21%)]	Loss: 2.301072
Train Epoch: 91 [19200/60000 (32%)]	Loss: 2.301442
Train Epoch: 91 [25600/60000 (43%)]	Loss: 2.299358
Train Epoch: 91 [32000/60000 (53%)]	Loss: 2.300878
Train Epoch: 91 [38400/60000 (64%)]	Loss: 2.300915
Train Epoch: 91 [44800/60000 (75%)]	Loss: 2.300930
Train Epoch: 91 [51200/60000 (85%)]	Loss: 2.299894
Train Epoch: 91 [57600/60000 (96%)]	Loss: 2.300328

Test set: Average loss: 2.3006, Accuracy: 1012/10000 (10%)

Train Epoch: 92 [0/60000 (0%)]	Loss: 2.301510
Train Epoch: 92 [6400/60000 (11%)]	Loss: 2.301136
Train Epoch: 92 [12800/60000 (21%)]	Loss: 2.299955
Train Epoch: 92 [19200/60000 (32%)]	Loss: 2.302330
Train Epoch: 92 [25600/60000 (43%)]	Loss: 2.301438
Train Epoch: 92 [32000/60000 (53%)]	Loss: 2.301884
Train Epoch: 92 [38400/60000 (64%)]	Loss: 2.300937
Train Epoch: 92 [44800/60000 (75%)]	Loss: 2.299988
Train Epoch: 92 [51200/60000 (85%)]	Loss: 2.301144
Train Epoch: 92 [57600/60000 (96%)]	Loss: 2.301334

Test set: Average loss: 2.3006, Accuracy: 1012/10000 (10%)

Train Epoch: 93 [0/60000 (0%)]	Loss: 2.302222
Train Epoch: 93 [6400/60000 (11%)]	Loss: 2.301527
Train Epoch: 93 [12800/60000 (21%)]	Loss: 2.299676
Train Epoch: 93 [19200/60000 (32%)]	Loss: 2.300216
Train Epoch: 93 [25600/60000 (43%)]	Loss: 2.301085
Train Epoch: 93 [32000/60000 (53%)]	Loss: 2.299925
Train Epoch: 93 [38400/60000 (64%)]	Loss: 2.300620
Train Epoch: 93 [44800/60000 (75%)]	Loss: 2.299539
Train Epoch: 93 [51200/60000 (85%)]	Loss: 2.299326
Train Epoch: 93 [57600/60000 (96%)]	Loss: 2.300290

Test set: Average loss: 2.3006, Accuracy: 1012/10000 (10%)

Train Epoch: 94 [0/60000 (0%)]	Loss: 2.300126
Train Epoch: 94 [6400/60000 (11%)]	Loss: 2.300541
Train Epoch: 94 [12800/60000 (21%)]	Loss: 2.300993
Train Epoch: 94 [19200/60000 (32%)]	Loss: 2.300182
Train Epoch: 94 [25600/60000 (43%)]	Loss: 2.300739
Train Epoch: 94 [32000/60000 (53%)]	Loss: 2.299601
Train Epoch: 94 [38400/60000 (64%)]	Loss: 2.301050
Train Epoch: 94 [44800/60000 (75%)]	Loss: 2.301481
Train Epoch: 94 [51200/60000 (85%)]	Loss: 2.301980
Train Epoch: 94 [57600/60000 (96%)]	Loss: 2.302245

Test set: Average loss: 2.3006, Accuracy: 1012/10000 (10%)

Train Epoch: 95 [0/60000 (0%)]	Loss: 2.300774
Train Epoch: 95 [6400/60000 (11%)]	Loss: 2.300340
Train Epoch: 95 [12800/60000 (21%)]	Loss: 2.299498
Train Epoch: 95 [19200/60000 (32%)]	Loss: 2.300060
Train Epoch: 95 [25600/60000 (43%)]	Loss: 2.299908
Train Epoch: 95 [32000/60000 (53%)]	Loss: 2.300925
Train Epoch: 95 [38400/60000 (64%)]	Loss: 2.300731
Train Epoch: 95 [44800/60000 (75%)]	Loss: 2.301642
Train Epoch: 95 [51200/60000 (85%)]	Loss: 2.299975
Train Epoch: 95 [57600/60000 (96%)]	Loss: 2.300016

Test set: Average loss: 2.3006, Accuracy: 1012/10000 (10%)

Train Epoch: 96 [0/60000 (0%)]	Loss: 2.301195
Train Epoch: 96 [6400/60000 (11%)]	Loss: 2.300255
Train Epoch: 96 [12800/60000 (21%)]	Loss: 2.299348
Train Epoch: 96 [19200/60000 (32%)]	Loss: 2.299644
Train Epoch: 96 [25600/60000 (43%)]	Loss: 2.301299
Train Epoch: 96 [32000/60000 (53%)]	Loss: 2.301405
Train Epoch: 96 [38400/60000 (64%)]	Loss: 2.300918
Train Epoch: 96 [44800/60000 (75%)]	Loss: 2.301110
Train Epoch: 96 [51200/60000 (85%)]	Loss: 2.298522
Train Epoch: 96 [57600/60000 (96%)]	Loss: 2.301124

Test set: Average loss: 2.3006, Accuracy: 1012/10000 (10%)

Train Epoch: 97 [0/60000 (0%)]	Loss: 2.302106
Train Epoch: 97 [6400/60000 (11%)]	Loss: 2.301193
Train Epoch: 97 [12800/60000 (21%)]	Loss: 2.300770
Train Epoch: 97 [19200/60000 (32%)]	Loss: 2.300776
Train Epoch: 97 [25600/60000 (43%)]	Loss: 2.300041
Train Epoch: 97 [32000/60000 (53%)]	Loss: 2.299423
Train Epoch: 97 [38400/60000 (64%)]	Loss: 2.299630
Train Epoch: 97 [44800/60000 (75%)]	Loss: 2.301329
Train Epoch: 97 [51200/60000 (85%)]	Loss: 2.300786
Train Epoch: 97 [57600/60000 (96%)]	Loss: 2.298281

Test set: Average loss: 2.3006, Accuracy: 1012/10000 (10%)

Train Epoch: 98 [0/60000 (0%)]	Loss: 2.300559
Train Epoch: 98 [6400/60000 (11%)]	Loss: 2.300788
Train Epoch: 98 [12800/60000 (21%)]	Loss: 2.301838
Train Epoch: 98 [19200/60000 (32%)]	Loss: 2.302097
Train Epoch: 98 [25600/60000 (43%)]	Loss: 2.300322
Train Epoch: 98 [32000/60000 (53%)]	Loss: 2.303267
Train Epoch: 98 [38400/60000 (64%)]	Loss: 2.300171
Train Epoch: 98 [44800/60000 (75%)]	Loss: 2.301217
Train Epoch: 98 [51200/60000 (85%)]	Loss: 2.300608
Train Epoch: 98 [57600/60000 (96%)]	Loss: 2.299742

Test set: Average loss: 2.3006, Accuracy: 1014/10000 (10%)

Train Epoch: 99 [0/60000 (0%)]	Loss: 2.301791
Train Epoch: 99 [6400/60000 (11%)]	Loss: 2.301242
Train Epoch: 99 [12800/60000 (21%)]	Loss: 2.299648
Train Epoch: 99 [19200/60000 (32%)]	Loss: 2.301779
Train Epoch: 99 [25600/60000 (43%)]	Loss: 2.300045
Train Epoch: 99 [32000/60000 (53%)]	Loss: 2.301615
Train Epoch: 99 [38400/60000 (64%)]	Loss: 2.300621
Train Epoch: 99 [44800/60000 (75%)]	Loss: 2.301699
Train Epoch: 99 [51200/60000 (85%)]	Loss: 2.300728
Train Epoch: 99 [57600/60000 (96%)]	Loss: 2.298875

Test set: Average loss: 2.3006, Accuracy: 1014/10000 (10%)

Train Epoch: 100 [0/60000 (0%)]	Loss: 2.300476
Train Epoch: 100 [6400/60000 (11%)]	Loss: 2.301282
Train Epoch: 100 [12800/60000 (21%)]	Loss: 2.299770
Train Epoch: 100 [19200/60000 (32%)]	Loss: 2.301606
Train Epoch: 100 [25600/60000 (43%)]	Loss: 2.301226
Train Epoch: 100 [32000/60000 (53%)]	Loss: 2.300957
Train Epoch: 100 [38400/60000 (64%)]	Loss: 2.300453
Train Epoch: 100 [44800/60000 (75%)]	Loss: 2.300757
Train Epoch: 100 [51200/60000 (85%)]	Loss: 2.301111
Train Epoch: 100 [57600/60000 (96%)]	Loss: 2.301625

Test set: Average loss: 2.3006, Accuracy: 1014/10000 (10%)

Namespace(batch_size=64, bias=None, data='../data', device=0, epochs=100, hidden_size=500, load_weights='../base3/lenet5/lenet5_e100_h500.pt', log_interval=100, lr=0.01, milestones=[5, 7], model='redlenet5', momentum=0.9, no_cuda=False, r=5, save_model=None, save_results=True, scheduler='cosine', seed=1, sparsity=0.98, use_relu=False, wd=0.0005)


Total time spent pruning/training: 26.39 minutes
Total number of parameters in model: 300170
Number of parameters in pruned model: 8503
