Namespace(batch_size=64, bias=None, data='../data', device=0, epochs=9, hidden_size=500, load_weights='./paper/lenet5/lenet5_e50_h500.pt', log_interval=100, lr=0.01, model='redlenet5', momentum=0.9, no_cuda=False, r=5, save_model=None, save_results=True, seed=1, sparsity=0.025, use_relu=True, wd=0.0005) 

Training a RedLeNet5 network ...
Train Epoch: 1 [6336/60000 (11%)]	Loss: 1.121334
Train Epoch: 1 [12736/60000 (21%)]	Loss: 1.106087
Train Epoch: 1 [19136/60000 (32%)]	Loss: 0.776698
Train Epoch: 1 [25536/60000 (43%)]	Loss: 0.472237
Train Epoch: 1 [31936/60000 (53%)]	Loss: 0.802008
Train Epoch: 1 [38336/60000 (64%)]	Loss: 0.781766
Train Epoch: 1 [44736/60000 (75%)]	Loss: 0.677500
Train Epoch: 1 [51136/60000 (85%)]	Loss: 0.612609
Train Epoch: 1 [57536/60000 (96%)]	Loss: 0.618207

Test set: Average loss: 0.5544, Accuracy: 8327/10000 (83%)

Train Epoch: 2 [6336/60000 (11%)]	Loss: 0.573102
Train Epoch: 2 [12736/60000 (21%)]	Loss: 0.543454
Train Epoch: 2 [19136/60000 (32%)]	Loss: 0.408036
Train Epoch: 2 [25536/60000 (43%)]	Loss: 0.703030
Train Epoch: 2 [31936/60000 (53%)]	Loss: 0.742398
Train Epoch: 2 [38336/60000 (64%)]	Loss: 0.722128
Train Epoch: 2 [44736/60000 (75%)]	Loss: 0.482190
Train Epoch: 2 [51136/60000 (85%)]	Loss: 0.544635
Train Epoch: 2 [57536/60000 (96%)]	Loss: 0.624500

Test set: Average loss: 0.4631, Accuracy: 8623/10000 (86%)

Train Epoch: 3 [6336/60000 (11%)]	Loss: 0.490755
Train Epoch: 3 [12736/60000 (21%)]	Loss: 0.493102
Train Epoch: 3 [19136/60000 (32%)]	Loss: 0.430311
Train Epoch: 3 [25536/60000 (43%)]	Loss: 0.397756
Train Epoch: 3 [31936/60000 (53%)]	Loss: 0.484573
Train Epoch: 3 [38336/60000 (64%)]	Loss: 0.450352
Train Epoch: 3 [44736/60000 (75%)]	Loss: 0.517904
Train Epoch: 3 [51136/60000 (85%)]	Loss: 0.563809
Train Epoch: 3 [57536/60000 (96%)]	Loss: 0.485016

Test set: Average loss: 0.3821, Accuracy: 8864/10000 (89%)

Train Epoch: 4 [6336/60000 (11%)]	Loss: 0.686824
Train Epoch: 4 [12736/60000 (21%)]	Loss: 0.418824
Train Epoch: 4 [19136/60000 (32%)]	Loss: 0.658564
Train Epoch: 4 [25536/60000 (43%)]	Loss: 0.600155
Train Epoch: 4 [31936/60000 (53%)]	Loss: 0.398479
Train Epoch: 4 [38336/60000 (64%)]	Loss: 0.640066
Train Epoch: 4 [44736/60000 (75%)]	Loss: 0.462754
Train Epoch: 4 [51136/60000 (85%)]	Loss: 0.296376
Train Epoch: 4 [57536/60000 (96%)]	Loss: 0.560141

Test set: Average loss: 0.5115, Accuracy: 8317/10000 (83%)

Train Epoch: 5 [6336/60000 (11%)]	Loss: 0.290264
Train Epoch: 5 [12736/60000 (21%)]	Loss: 0.385681
Train Epoch: 5 [19136/60000 (32%)]	Loss: 0.385895
Train Epoch: 5 [25536/60000 (43%)]	Loss: 0.375063
Train Epoch: 5 [31936/60000 (53%)]	Loss: 0.715508
Train Epoch: 5 [38336/60000 (64%)]	Loss: 0.453053
Train Epoch: 5 [44736/60000 (75%)]	Loss: 0.656472
Train Epoch: 5 [51136/60000 (85%)]	Loss: 0.454117
Train Epoch: 5 [57536/60000 (96%)]	Loss: 0.617181

Test set: Average loss: 0.5145, Accuracy: 8288/10000 (83%)

Train Epoch: 6 [6336/60000 (11%)]	Loss: 0.292776
Train Epoch: 6 [12736/60000 (21%)]	Loss: 0.337576
Train Epoch: 6 [19136/60000 (32%)]	Loss: 0.312694
Train Epoch: 6 [25536/60000 (43%)]	Loss: 0.425614
Train Epoch: 6 [31936/60000 (53%)]	Loss: 0.416731
Train Epoch: 6 [38336/60000 (64%)]	Loss: 0.622248
Train Epoch: 6 [44736/60000 (75%)]	Loss: 0.445722
Train Epoch: 6 [51136/60000 (85%)]	Loss: 0.520981
Train Epoch: 6 [57536/60000 (96%)]	Loss: 0.399379

Test set: Average loss: 0.6169, Accuracy: 7906/10000 (79%)

Train Epoch: 7 [6336/60000 (11%)]	Loss: 0.479433
Train Epoch: 7 [12736/60000 (21%)]	Loss: 0.487421
Train Epoch: 7 [19136/60000 (32%)]	Loss: 0.593213
Train Epoch: 7 [25536/60000 (43%)]	Loss: 0.300214
Train Epoch: 7 [31936/60000 (53%)]	Loss: 0.587687
Train Epoch: 7 [38336/60000 (64%)]	Loss: 0.222911
Train Epoch: 7 [44736/60000 (75%)]	Loss: 0.506944
Train Epoch: 7 [51136/60000 (85%)]	Loss: 0.571830
Train Epoch: 7 [57536/60000 (96%)]	Loss: 0.304179

Test set: Average loss: 0.3928, Accuracy: 8749/10000 (87%)

Train Epoch: 8 [6336/60000 (11%)]	Loss: 0.252149
Train Epoch: 8 [12736/60000 (21%)]	Loss: 0.561721
Train Epoch: 8 [19136/60000 (32%)]	Loss: 0.384457
Train Epoch: 8 [25536/60000 (43%)]	Loss: 0.346125
Train Epoch: 8 [31936/60000 (53%)]	Loss: 0.196963
Train Epoch: 8 [38336/60000 (64%)]	Loss: 0.330293
Train Epoch: 8 [44736/60000 (75%)]	Loss: 0.204522
Train Epoch: 8 [51136/60000 (85%)]	Loss: 0.289802
Train Epoch: 8 [57536/60000 (96%)]	Loss: 0.191733

Test set: Average loss: 0.3727, Accuracy: 8846/10000 (88%)

Train Epoch: 9 [6336/60000 (11%)]	Loss: 0.333624
Train Epoch: 9 [12736/60000 (21%)]	Loss: 0.382853
Train Epoch: 9 [19136/60000 (32%)]	Loss: 0.407886
Train Epoch: 9 [25536/60000 (43%)]	Loss: 0.220710
Train Epoch: 9 [31936/60000 (53%)]	Loss: 0.098514
Train Epoch: 9 [38336/60000 (64%)]	Loss: 0.203008
Train Epoch: 9 [44736/60000 (75%)]	Loss: 0.374356
Train Epoch: 9 [51136/60000 (85%)]	Loss: 0.371624
Train Epoch: 9 [57536/60000 (96%)]	Loss: 0.323328

Test set: Average loss: 0.2520, Accuracy: 9242/10000 (92%)

Namespace(batch_size=64, bias=None, data='../data', device=0, epochs=9, hidden_size=500, load_weights='./paper/lenet5/lenet5_e50_h500.pt', log_interval=100, lr=0.01, model='redlenet5', momentum=0.9, no_cuda=False, r=5, save_model=None, save_results=True, seed=1, sparsity=0.025, use_relu=True, wd=0.0005)


Total time spent pruning/training: 0.98 minutes
Total number of parameters in model: 300170
Number of parameters in pruned model: 292730
