Namespace(batch_size=64, bias=None, data='../data', device=0, epochs=18, hidden_size=500, load_weights='./paper/lenet5/lenet5_e50_h500.pt', log_interval=100, lr=0.01, model='redlenet5', momentum=0.9, no_cuda=False, r=5, save_model=None, save_results=True, seed=1, sparsity=0.05, use_relu=True, wd=0.0005) 

Training a RedLeNet5 network ...
Train Epoch: 1 [6336/60000 (11%)]	Loss: 1.028424
Train Epoch: 1 [12736/60000 (21%)]	Loss: 1.083251
Train Epoch: 1 [19136/60000 (32%)]	Loss: 0.579357
Train Epoch: 1 [25536/60000 (43%)]	Loss: 0.564039
Train Epoch: 1 [31936/60000 (53%)]	Loss: 0.724923
Train Epoch: 1 [38336/60000 (64%)]	Loss: 0.709330
Train Epoch: 1 [44736/60000 (75%)]	Loss: 0.448144
Train Epoch: 1 [51136/60000 (85%)]	Loss: 0.427508
Train Epoch: 1 [57536/60000 (96%)]	Loss: 0.446449

Test set: Average loss: 0.4540, Accuracy: 8621/10000 (86%)

Train Epoch: 2 [6336/60000 (11%)]	Loss: 0.368821
Train Epoch: 2 [12736/60000 (21%)]	Loss: 0.287470
Train Epoch: 2 [19136/60000 (32%)]	Loss: 0.401600
Train Epoch: 2 [25536/60000 (43%)]	Loss: 0.552366
Train Epoch: 2 [31936/60000 (53%)]	Loss: 0.496373
Train Epoch: 2 [38336/60000 (64%)]	Loss: 0.506977
Train Epoch: 2 [44736/60000 (75%)]	Loss: 0.208056
Train Epoch: 2 [51136/60000 (85%)]	Loss: 0.589544
Train Epoch: 2 [57536/60000 (96%)]	Loss: 0.396287

Test set: Average loss: 0.3130, Accuracy: 9039/10000 (90%)

Train Epoch: 3 [6336/60000 (11%)]	Loss: 0.474331
Train Epoch: 3 [12736/60000 (21%)]	Loss: 0.439990
Train Epoch: 3 [19136/60000 (32%)]	Loss: 0.319663
Train Epoch: 3 [25536/60000 (43%)]	Loss: 0.241925
Train Epoch: 3 [31936/60000 (53%)]	Loss: 0.277166
Train Epoch: 3 [38336/60000 (64%)]	Loss: 0.301791
Train Epoch: 3 [44736/60000 (75%)]	Loss: 0.281841
Train Epoch: 3 [51136/60000 (85%)]	Loss: 0.270311
Train Epoch: 3 [57536/60000 (96%)]	Loss: 0.227575

Test set: Average loss: 0.3420, Accuracy: 8908/10000 (89%)

Train Epoch: 4 [6336/60000 (11%)]	Loss: 0.460994
Train Epoch: 4 [12736/60000 (21%)]	Loss: 0.321519
Train Epoch: 4 [19136/60000 (32%)]	Loss: 0.344185
Train Epoch: 4 [25536/60000 (43%)]	Loss: 0.369808
Train Epoch: 4 [31936/60000 (53%)]	Loss: 0.256997
Train Epoch: 4 [38336/60000 (64%)]	Loss: 0.326909
Train Epoch: 4 [44736/60000 (75%)]	Loss: 0.344504
Train Epoch: 4 [51136/60000 (85%)]	Loss: 0.298860
Train Epoch: 4 [57536/60000 (96%)]	Loss: 0.326356

Test set: Average loss: 0.2557, Accuracy: 9227/10000 (92%)

Train Epoch: 5 [6336/60000 (11%)]	Loss: 0.266710
Train Epoch: 5 [12736/60000 (21%)]	Loss: 0.240006
Train Epoch: 5 [19136/60000 (32%)]	Loss: 0.326068
Train Epoch: 5 [25536/60000 (43%)]	Loss: 0.231223
Train Epoch: 5 [31936/60000 (53%)]	Loss: 0.367583
Train Epoch: 5 [38336/60000 (64%)]	Loss: 0.186452
Train Epoch: 5 [44736/60000 (75%)]	Loss: 0.319353
Train Epoch: 5 [51136/60000 (85%)]	Loss: 0.194170
Train Epoch: 5 [57536/60000 (96%)]	Loss: 0.255969

Test set: Average loss: 0.2352, Accuracy: 9290/10000 (93%)

Train Epoch: 6 [6336/60000 (11%)]	Loss: 0.237393
Train Epoch: 6 [12736/60000 (21%)]	Loss: 0.224843
Train Epoch: 6 [19136/60000 (32%)]	Loss: 0.251853
Train Epoch: 6 [25536/60000 (43%)]	Loss: 0.369075
Train Epoch: 6 [31936/60000 (53%)]	Loss: 0.245907
Train Epoch: 6 [38336/60000 (64%)]	Loss: 0.433580
Train Epoch: 6 [44736/60000 (75%)]	Loss: 0.193290
Train Epoch: 6 [51136/60000 (85%)]	Loss: 0.311904
Train Epoch: 6 [57536/60000 (96%)]	Loss: 0.308275

Test set: Average loss: 0.2432, Accuracy: 9302/10000 (93%)

Train Epoch: 7 [6336/60000 (11%)]	Loss: 0.333431
Train Epoch: 7 [12736/60000 (21%)]	Loss: 0.203509
Train Epoch: 7 [19136/60000 (32%)]	Loss: 0.324749
Train Epoch: 7 [25536/60000 (43%)]	Loss: 0.222152
Train Epoch: 7 [31936/60000 (53%)]	Loss: 0.290867
Train Epoch: 7 [38336/60000 (64%)]	Loss: 0.115002
Train Epoch: 7 [44736/60000 (75%)]	Loss: 0.398700
Train Epoch: 7 [51136/60000 (85%)]	Loss: 0.307663
Train Epoch: 7 [57536/60000 (96%)]	Loss: 0.163853

Test set: Average loss: 0.2570, Accuracy: 9226/10000 (92%)

Train Epoch: 8 [6336/60000 (11%)]	Loss: 0.169526
Train Epoch: 8 [12736/60000 (21%)]	Loss: 0.387774
Train Epoch: 8 [19136/60000 (32%)]	Loss: 0.298148
Train Epoch: 8 [25536/60000 (43%)]	Loss: 0.219580
Train Epoch: 8 [31936/60000 (53%)]	Loss: 0.131823
Train Epoch: 8 [38336/60000 (64%)]	Loss: 0.281645
Train Epoch: 8 [44736/60000 (75%)]	Loss: 0.124581
Train Epoch: 8 [51136/60000 (85%)]	Loss: 0.259679
Train Epoch: 8 [57536/60000 (96%)]	Loss: 0.199423

Test set: Average loss: 0.2577, Accuracy: 9202/10000 (92%)

Train Epoch: 9 [6336/60000 (11%)]	Loss: 0.288425
Train Epoch: 9 [12736/60000 (21%)]	Loss: 0.250948
Train Epoch: 9 [19136/60000 (32%)]	Loss: 0.278093
Train Epoch: 9 [25536/60000 (43%)]	Loss: 0.171371
Train Epoch: 9 [31936/60000 (53%)]	Loss: 0.075023
Train Epoch: 9 [38336/60000 (64%)]	Loss: 0.086090
Train Epoch: 9 [44736/60000 (75%)]	Loss: 0.421301
Train Epoch: 9 [51136/60000 (85%)]	Loss: 0.320550
Train Epoch: 9 [57536/60000 (96%)]	Loss: 0.270292

Test set: Average loss: 0.2047, Accuracy: 9415/10000 (94%)

Train Epoch: 10 [6336/60000 (11%)]	Loss: 0.171439
Train Epoch: 10 [12736/60000 (21%)]	Loss: 0.289556
Train Epoch: 10 [19136/60000 (32%)]	Loss: 0.143763
Train Epoch: 10 [25536/60000 (43%)]	Loss: 0.188728
Train Epoch: 10 [31936/60000 (53%)]	Loss: 0.260142
Train Epoch: 10 [38336/60000 (64%)]	Loss: 0.239529
Train Epoch: 10 [44736/60000 (75%)]	Loss: 0.168350
Train Epoch: 10 [51136/60000 (85%)]	Loss: 0.244208
Train Epoch: 10 [57536/60000 (96%)]	Loss: 0.141053

Test set: Average loss: 0.1906, Accuracy: 9447/10000 (94%)

Train Epoch: 11 [6336/60000 (11%)]	Loss: 0.087139
Train Epoch: 11 [12736/60000 (21%)]	Loss: 0.192563
Train Epoch: 11 [19136/60000 (32%)]	Loss: 0.228289
Train Epoch: 11 [25536/60000 (43%)]	Loss: 0.112137
Train Epoch: 11 [31936/60000 (53%)]	Loss: 0.164758
Train Epoch: 11 [38336/60000 (64%)]	Loss: 0.183578
Train Epoch: 11 [44736/60000 (75%)]	Loss: 0.147749
Train Epoch: 11 [51136/60000 (85%)]	Loss: 0.100677
Train Epoch: 11 [57536/60000 (96%)]	Loss: 0.288895

Test set: Average loss: 0.1822, Accuracy: 9448/10000 (94%)

Train Epoch: 12 [6336/60000 (11%)]	Loss: 0.203805
Train Epoch: 12 [12736/60000 (21%)]	Loss: 0.217127
Train Epoch: 12 [19136/60000 (32%)]	Loss: 0.237163
Train Epoch: 12 [25536/60000 (43%)]	Loss: 0.187713
Train Epoch: 12 [31936/60000 (53%)]	Loss: 0.210307
Train Epoch: 12 [38336/60000 (64%)]	Loss: 0.174208
Train Epoch: 12 [44736/60000 (75%)]	Loss: 0.238298
Train Epoch: 12 [51136/60000 (85%)]	Loss: 0.170723
Train Epoch: 12 [57536/60000 (96%)]	Loss: 0.152070

Test set: Average loss: 0.1789, Accuracy: 9482/10000 (95%)

Train Epoch: 13 [6336/60000 (11%)]	Loss: 0.249846
Train Epoch: 13 [12736/60000 (21%)]	Loss: 0.145412
Train Epoch: 13 [19136/60000 (32%)]	Loss: 0.161809
Train Epoch: 13 [25536/60000 (43%)]	Loss: 0.106748
Train Epoch: 13 [31936/60000 (53%)]	Loss: 0.368791
Train Epoch: 13 [38336/60000 (64%)]	Loss: 0.050408
Train Epoch: 13 [44736/60000 (75%)]	Loss: 0.220972
Train Epoch: 13 [51136/60000 (85%)]	Loss: 0.308761
Train Epoch: 13 [57536/60000 (96%)]	Loss: 0.242333

Test set: Average loss: 0.1758, Accuracy: 9478/10000 (95%)

Train Epoch: 14 [6336/60000 (11%)]	Loss: 0.137793
Train Epoch: 14 [12736/60000 (21%)]	Loss: 0.074702
Train Epoch: 14 [19136/60000 (32%)]	Loss: 0.248400
Train Epoch: 14 [25536/60000 (43%)]	Loss: 0.123105
Train Epoch: 14 [31936/60000 (53%)]	Loss: 0.289907
Train Epoch: 14 [38336/60000 (64%)]	Loss: 0.182951
Train Epoch: 14 [44736/60000 (75%)]	Loss: 0.033362
Train Epoch: 14 [51136/60000 (85%)]	Loss: 0.181757
Train Epoch: 14 [57536/60000 (96%)]	Loss: 0.170353

Test set: Average loss: 0.1620, Accuracy: 9527/10000 (95%)

Train Epoch: 15 [6336/60000 (11%)]	Loss: 0.185336
Train Epoch: 15 [12736/60000 (21%)]	Loss: 0.165037
Train Epoch: 15 [19136/60000 (32%)]	Loss: 0.112737
Train Epoch: 15 [25536/60000 (43%)]	Loss: 0.266015
Train Epoch: 15 [31936/60000 (53%)]	Loss: 0.181308
Train Epoch: 15 [38336/60000 (64%)]	Loss: 0.225432
Train Epoch: 15 [44736/60000 (75%)]	Loss: 0.128359
Train Epoch: 15 [51136/60000 (85%)]	Loss: 0.190546
Train Epoch: 15 [57536/60000 (96%)]	Loss: 0.069956

Test set: Average loss: 0.1562, Accuracy: 9524/10000 (95%)

Train Epoch: 16 [6336/60000 (11%)]	Loss: 0.274716
Train Epoch: 16 [12736/60000 (21%)]	Loss: 0.182688
Train Epoch: 16 [19136/60000 (32%)]	Loss: 0.110395
Train Epoch: 16 [25536/60000 (43%)]	Loss: 0.168968
Train Epoch: 16 [31936/60000 (53%)]	Loss: 0.278325
Train Epoch: 16 [38336/60000 (64%)]	Loss: 0.174185
Train Epoch: 16 [44736/60000 (75%)]	Loss: 0.131089
Train Epoch: 16 [51136/60000 (85%)]	Loss: 0.166167
Train Epoch: 16 [57536/60000 (96%)]	Loss: 0.126162

Test set: Average loss: 0.1601, Accuracy: 9526/10000 (95%)

Train Epoch: 17 [6336/60000 (11%)]	Loss: 0.268485
Train Epoch: 17 [12736/60000 (21%)]	Loss: 0.218890
Train Epoch: 17 [19136/60000 (32%)]	Loss: 0.076261
Train Epoch: 17 [25536/60000 (43%)]	Loss: 0.118316
Train Epoch: 17 [31936/60000 (53%)]	Loss: 0.121946
Train Epoch: 17 [38336/60000 (64%)]	Loss: 0.116667
Train Epoch: 17 [44736/60000 (75%)]	Loss: 0.226498
Train Epoch: 17 [51136/60000 (85%)]	Loss: 0.066178
Train Epoch: 17 [57536/60000 (96%)]	Loss: 0.210622

Test set: Average loss: 0.1595, Accuracy: 9544/10000 (95%)

Train Epoch: 18 [6336/60000 (11%)]	Loss: 0.059206
Train Epoch: 18 [12736/60000 (21%)]	Loss: 0.117158
Train Epoch: 18 [19136/60000 (32%)]	Loss: 0.104839
Train Epoch: 18 [25536/60000 (43%)]	Loss: 0.084899
Train Epoch: 18 [31936/60000 (53%)]	Loss: 0.163084
Train Epoch: 18 [38336/60000 (64%)]	Loss: 0.176188
Train Epoch: 18 [44736/60000 (75%)]	Loss: 0.193141
Train Epoch: 18 [51136/60000 (85%)]	Loss: 0.084301
Train Epoch: 18 [57536/60000 (96%)]	Loss: 0.208003

Test set: Average loss: 0.1426, Accuracy: 9595/10000 (96%)

Namespace(batch_size=64, bias=None, data='../data', device=0, epochs=18, hidden_size=500, load_weights='./paper/lenet5/lenet5_e50_h500.pt', log_interval=100, lr=0.01, model='redlenet5', momentum=0.9, no_cuda=False, r=5, save_model=None, save_results=True, seed=1, sparsity=0.05, use_relu=True, wd=0.0005)


Total time spent pruning/training: 1.95 minutes
Total number of parameters in model: 300170
Number of parameters in pruned model: 285289
