Namespace(batch_size=64, bias=None, data='../data', device=0, epochs=125, hidden_size=500, load_weights='./paper/lenet5/lenet5_e50_h500.pt', log_interval=100, lr=0.01, model='redlenet5', momentum=0.9, no_cuda=False, r=5, save_model=None, save_results=True, seed=1, sparsity=0.05, use_relu=True, wd=0.0005) 

Training a RedLeNet5 network ...
Train Epoch: 1 [6336/60000 (11%)]	Loss: 1.028424
Train Epoch: 1 [12736/60000 (21%)]	Loss: 1.083251
Train Epoch: 1 [19136/60000 (32%)]	Loss: 0.579357
Train Epoch: 1 [25536/60000 (43%)]	Loss: 0.564039
Train Epoch: 1 [31936/60000 (53%)]	Loss: 0.724923
Train Epoch: 1 [38336/60000 (64%)]	Loss: 0.709330
Train Epoch: 1 [44736/60000 (75%)]	Loss: 0.448144
Train Epoch: 1 [51136/60000 (85%)]	Loss: 0.427508
Train Epoch: 1 [57536/60000 (96%)]	Loss: 0.446449

Test set: Average loss: 0.4540, Accuracy: 8621/10000 (86%)

Train Epoch: 2 [6336/60000 (11%)]	Loss: 0.406313
Train Epoch: 2 [12736/60000 (21%)]	Loss: 0.293909
Train Epoch: 2 [19136/60000 (32%)]	Loss: 0.361563
Train Epoch: 2 [25536/60000 (43%)]	Loss: 0.505842
Train Epoch: 2 [31936/60000 (53%)]	Loss: 0.523752
Train Epoch: 2 [38336/60000 (64%)]	Loss: 0.578614
Train Epoch: 2 [44736/60000 (75%)]	Loss: 0.267694
Train Epoch: 2 [51136/60000 (85%)]	Loss: 0.414308
Train Epoch: 2 [57536/60000 (96%)]	Loss: 0.326774

Test set: Average loss: 0.3540, Accuracy: 8943/10000 (89%)

Train Epoch: 3 [6336/60000 (11%)]	Loss: 0.433840
Train Epoch: 3 [12736/60000 (21%)]	Loss: 0.359890
Train Epoch: 3 [19136/60000 (32%)]	Loss: 0.329108
Train Epoch: 3 [25536/60000 (43%)]	Loss: 0.353651
Train Epoch: 3 [31936/60000 (53%)]	Loss: 0.366035
Train Epoch: 3 [38336/60000 (64%)]	Loss: 0.297978
Train Epoch: 3 [44736/60000 (75%)]	Loss: 0.245924
Train Epoch: 3 [51136/60000 (85%)]	Loss: 0.199434
Train Epoch: 3 [57536/60000 (96%)]	Loss: 0.232641

Test set: Average loss: 0.3462, Accuracy: 8885/10000 (89%)

Train Epoch: 4 [6336/60000 (11%)]	Loss: 0.540121
Train Epoch: 4 [12736/60000 (21%)]	Loss: 0.392497
Train Epoch: 4 [19136/60000 (32%)]	Loss: 0.438546
Train Epoch: 4 [25536/60000 (43%)]	Loss: 0.323965
Train Epoch: 4 [31936/60000 (53%)]	Loss: 0.299872
Train Epoch: 4 [38336/60000 (64%)]	Loss: 0.355231
Train Epoch: 4 [44736/60000 (75%)]	Loss: 0.436851
Train Epoch: 4 [51136/60000 (85%)]	Loss: 0.248609
Train Epoch: 4 [57536/60000 (96%)]	Loss: 0.359842

Test set: Average loss: 0.2543, Accuracy: 9187/10000 (92%)

Train Epoch: 5 [6336/60000 (11%)]	Loss: 0.304129
Train Epoch: 5 [12736/60000 (21%)]	Loss: 0.295928
Train Epoch: 5 [19136/60000 (32%)]	Loss: 0.228932
Train Epoch: 5 [25536/60000 (43%)]	Loss: 0.298238
Train Epoch: 5 [31936/60000 (53%)]	Loss: 0.339644
Train Epoch: 5 [38336/60000 (64%)]	Loss: 0.186142
Train Epoch: 5 [44736/60000 (75%)]	Loss: 0.277228
Train Epoch: 5 [51136/60000 (85%)]	Loss: 0.208265
Train Epoch: 5 [57536/60000 (96%)]	Loss: 0.285603

Test set: Average loss: 0.3689, Accuracy: 8820/10000 (88%)

Train Epoch: 6 [6336/60000 (11%)]	Loss: 0.157251
Train Epoch: 6 [12736/60000 (21%)]	Loss: 0.206499
Train Epoch: 6 [19136/60000 (32%)]	Loss: 0.197208
Train Epoch: 6 [25536/60000 (43%)]	Loss: 0.391846
Train Epoch: 6 [31936/60000 (53%)]	Loss: 0.210369
Train Epoch: 6 [38336/60000 (64%)]	Loss: 0.472480
Train Epoch: 6 [44736/60000 (75%)]	Loss: 0.242952
Train Epoch: 6 [51136/60000 (85%)]	Loss: 0.327104
Train Epoch: 6 [57536/60000 (96%)]	Loss: 0.255540

Test set: Average loss: 0.2406, Accuracy: 9316/10000 (93%)

Train Epoch: 7 [6336/60000 (11%)]	Loss: 0.404015
Train Epoch: 7 [12736/60000 (21%)]	Loss: 0.253355
Train Epoch: 7 [19136/60000 (32%)]	Loss: 0.427109
Train Epoch: 7 [25536/60000 (43%)]	Loss: 0.205765
Train Epoch: 7 [31936/60000 (53%)]	Loss: 0.413211
Train Epoch: 7 [38336/60000 (64%)]	Loss: 0.136186
Train Epoch: 7 [44736/60000 (75%)]	Loss: 0.276486
Train Epoch: 7 [51136/60000 (85%)]	Loss: 0.310240
Train Epoch: 7 [57536/60000 (96%)]	Loss: 0.185925

Test set: Average loss: 0.2776, Accuracy: 9141/10000 (91%)

Train Epoch: 8 [6336/60000 (11%)]	Loss: 0.141205
Train Epoch: 8 [12736/60000 (21%)]	Loss: 0.342061
Train Epoch: 8 [19136/60000 (32%)]	Loss: 0.310411
Train Epoch: 8 [25536/60000 (43%)]	Loss: 0.217895
Train Epoch: 8 [31936/60000 (53%)]	Loss: 0.103646
Train Epoch: 8 [38336/60000 (64%)]	Loss: 0.258896
Train Epoch: 8 [44736/60000 (75%)]	Loss: 0.179493
Train Epoch: 8 [51136/60000 (85%)]	Loss: 0.324008
Train Epoch: 8 [57536/60000 (96%)]	Loss: 0.209303

Test set: Average loss: 0.2771, Accuracy: 9098/10000 (91%)

Train Epoch: 9 [6336/60000 (11%)]	Loss: 0.322779
Train Epoch: 9 [12736/60000 (21%)]	Loss: 0.221703
Train Epoch: 9 [19136/60000 (32%)]	Loss: 0.329448
Train Epoch: 9 [25536/60000 (43%)]	Loss: 0.199954
Train Epoch: 9 [31936/60000 (53%)]	Loss: 0.081572
Train Epoch: 9 [38336/60000 (64%)]	Loss: 0.203443
Train Epoch: 9 [44736/60000 (75%)]	Loss: 0.542727
Train Epoch: 9 [51136/60000 (85%)]	Loss: 0.383809
Train Epoch: 9 [57536/60000 (96%)]	Loss: 0.386174

Test set: Average loss: 0.2288, Accuracy: 9328/10000 (93%)

Train Epoch: 10 [6336/60000 (11%)]	Loss: 0.184618
Train Epoch: 10 [12736/60000 (21%)]	Loss: 0.439539
Train Epoch: 10 [19136/60000 (32%)]	Loss: 0.208085
Train Epoch: 10 [25536/60000 (43%)]	Loss: 0.151764
Train Epoch: 10 [31936/60000 (53%)]	Loss: 0.277563
Train Epoch: 10 [38336/60000 (64%)]	Loss: 0.321843
Train Epoch: 10 [44736/60000 (75%)]	Loss: 0.249905
Train Epoch: 10 [51136/60000 (85%)]	Loss: 0.257489
Train Epoch: 10 [57536/60000 (96%)]	Loss: 0.256449

Test set: Average loss: 0.2223, Accuracy: 9348/10000 (93%)

Train Epoch: 11 [6336/60000 (11%)]	Loss: 0.085621
Train Epoch: 11 [12736/60000 (21%)]	Loss: 0.250628
Train Epoch: 11 [19136/60000 (32%)]	Loss: 0.235067
Train Epoch: 11 [25536/60000 (43%)]	Loss: 0.172400
Train Epoch: 11 [31936/60000 (53%)]	Loss: 0.188165
Train Epoch: 11 [38336/60000 (64%)]	Loss: 0.172963
Train Epoch: 11 [44736/60000 (75%)]	Loss: 0.188581
Train Epoch: 11 [51136/60000 (85%)]	Loss: 0.140446
Train Epoch: 11 [57536/60000 (96%)]	Loss: 0.368459

Test set: Average loss: 0.2275, Accuracy: 9336/10000 (93%)

Train Epoch: 12 [6336/60000 (11%)]	Loss: 0.268225
Train Epoch: 12 [12736/60000 (21%)]	Loss: 0.351746
Train Epoch: 12 [19136/60000 (32%)]	Loss: 0.489270
Train Epoch: 12 [25536/60000 (43%)]	Loss: 0.196605
Train Epoch: 12 [31936/60000 (53%)]	Loss: 0.244677
Train Epoch: 12 [38336/60000 (64%)]	Loss: 0.233281
Train Epoch: 12 [44736/60000 (75%)]	Loss: 0.409711
Train Epoch: 12 [51136/60000 (85%)]	Loss: 0.311316
Train Epoch: 12 [57536/60000 (96%)]	Loss: 0.253872

Test set: Average loss: 0.2690, Accuracy: 9193/10000 (92%)

Train Epoch: 13 [6336/60000 (11%)]	Loss: 0.316436
Train Epoch: 13 [12736/60000 (21%)]	Loss: 0.387183
Train Epoch: 13 [19136/60000 (32%)]	Loss: 0.248925
Train Epoch: 13 [25536/60000 (43%)]	Loss: 0.297164
Train Epoch: 13 [31936/60000 (53%)]	Loss: 0.632388
Train Epoch: 13 [38336/60000 (64%)]	Loss: 0.249012
Train Epoch: 13 [44736/60000 (75%)]	Loss: 0.347370
Train Epoch: 13 [51136/60000 (85%)]	Loss: 0.406150
Train Epoch: 13 [57536/60000 (96%)]	Loss: 0.430563

Test set: Average loss: 0.3062, Accuracy: 9069/10000 (91%)

Train Epoch: 14 [6336/60000 (11%)]	Loss: 0.326608
Train Epoch: 14 [12736/60000 (21%)]	Loss: 0.154894
Train Epoch: 14 [19136/60000 (32%)]	Loss: 0.329840
Train Epoch: 14 [25536/60000 (43%)]	Loss: 0.560636
Train Epoch: 14 [31936/60000 (53%)]	Loss: 0.460658
Train Epoch: 14 [38336/60000 (64%)]	Loss: 0.254341
Train Epoch: 14 [44736/60000 (75%)]	Loss: 0.180093
Train Epoch: 14 [51136/60000 (85%)]	Loss: 0.167809
Train Epoch: 14 [57536/60000 (96%)]	Loss: 0.395277

Test set: Average loss: 0.3448, Accuracy: 8859/10000 (89%)

Train Epoch: 15 [6336/60000 (11%)]	Loss: 0.265302
Train Epoch: 15 [12736/60000 (21%)]	Loss: 0.545404
Train Epoch: 15 [19136/60000 (32%)]	Loss: 0.292234
Train Epoch: 15 [25536/60000 (43%)]	Loss: 0.402238
Train Epoch: 15 [31936/60000 (53%)]	Loss: 0.309356
Train Epoch: 15 [38336/60000 (64%)]	Loss: 0.324614
Train Epoch: 15 [44736/60000 (75%)]	Loss: 0.374414
Train Epoch: 15 [51136/60000 (85%)]	Loss: 0.477820
Train Epoch: 15 [57536/60000 (96%)]	Loss: 0.444040

Test set: Average loss: 0.2722, Accuracy: 9153/10000 (92%)

Train Epoch: 16 [6336/60000 (11%)]	Loss: 0.358307
Train Epoch: 16 [12736/60000 (21%)]	Loss: 0.506228
Train Epoch: 16 [19136/60000 (32%)]	Loss: 0.338953
Train Epoch: 16 [25536/60000 (43%)]	Loss: 0.257006
Train Epoch: 16 [31936/60000 (53%)]	Loss: 0.415535
Train Epoch: 16 [38336/60000 (64%)]	Loss: 0.458290
Train Epoch: 16 [44736/60000 (75%)]	Loss: 0.243438
Train Epoch: 16 [51136/60000 (85%)]	Loss: 0.587493
Train Epoch: 16 [57536/60000 (96%)]	Loss: 0.229736

Test set: Average loss: 0.3927, Accuracy: 8684/10000 (87%)

Train Epoch: 17 [6336/60000 (11%)]	Loss: 0.636494
Train Epoch: 17 [12736/60000 (21%)]	Loss: 0.493293
Train Epoch: 17 [19136/60000 (32%)]	Loss: 0.518051
Train Epoch: 17 [25536/60000 (43%)]	Loss: 0.362397
Train Epoch: 17 [31936/60000 (53%)]	Loss: 0.250547
Train Epoch: 17 [38336/60000 (64%)]	Loss: 0.252349
Train Epoch: 17 [44736/60000 (75%)]	Loss: 0.385175
Train Epoch: 17 [51136/60000 (85%)]	Loss: 0.138595
Train Epoch: 17 [57536/60000 (96%)]	Loss: 0.323523

Test set: Average loss: 0.3504, Accuracy: 8912/10000 (89%)

Train Epoch: 18 [6336/60000 (11%)]	Loss: 0.230534
Train Epoch: 18 [12736/60000 (21%)]	Loss: 0.358087
Train Epoch: 18 [19136/60000 (32%)]	Loss: 0.368331
Train Epoch: 18 [25536/60000 (43%)]	Loss: 0.370338
Train Epoch: 18 [31936/60000 (53%)]	Loss: 0.383187
Train Epoch: 18 [38336/60000 (64%)]	Loss: 0.529217
Train Epoch: 18 [44736/60000 (75%)]	Loss: 0.425411
Train Epoch: 18 [51136/60000 (85%)]	Loss: 0.240326
Train Epoch: 18 [57536/60000 (96%)]	Loss: 0.454254

Test set: Average loss: 0.4809, Accuracy: 8322/10000 (83%)

Train Epoch: 19 [6336/60000 (11%)]	Loss: 0.265834
Train Epoch: 19 [12736/60000 (21%)]	Loss: 0.428291
Train Epoch: 19 [19136/60000 (32%)]	Loss: 0.273961
Train Epoch: 19 [25536/60000 (43%)]	Loss: 0.481072
Train Epoch: 19 [31936/60000 (53%)]	Loss: 0.587159
Train Epoch: 19 [38336/60000 (64%)]	Loss: 0.365484
Train Epoch: 19 [44736/60000 (75%)]	Loss: 0.360389
Train Epoch: 19 [51136/60000 (85%)]	Loss: 0.361734
Train Epoch: 19 [57536/60000 (96%)]	Loss: 0.482012

Test set: Average loss: 0.3368, Accuracy: 8983/10000 (90%)

Train Epoch: 20 [6336/60000 (11%)]	Loss: 0.249981
Train Epoch: 20 [12736/60000 (21%)]	Loss: 0.461676
Train Epoch: 20 [19136/60000 (32%)]	Loss: 0.381744
Train Epoch: 20 [25536/60000 (43%)]	Loss: 0.500534
Train Epoch: 20 [31936/60000 (53%)]	Loss: 0.393919
Train Epoch: 20 [38336/60000 (64%)]	Loss: 0.304782
Train Epoch: 20 [44736/60000 (75%)]	Loss: 0.363069
Train Epoch: 20 [51136/60000 (85%)]	Loss: 0.410208
Train Epoch: 20 [57536/60000 (96%)]	Loss: 0.845866

Test set: Average loss: 0.4671, Accuracy: 8410/10000 (84%)

Train Epoch: 21 [6336/60000 (11%)]	Loss: 0.520071
Train Epoch: 21 [12736/60000 (21%)]	Loss: 0.241602
Train Epoch: 21 [19136/60000 (32%)]	Loss: 0.320792
Train Epoch: 21 [25536/60000 (43%)]	Loss: 0.497847
Train Epoch: 21 [31936/60000 (53%)]	Loss: 0.373668
Train Epoch: 21 [38336/60000 (64%)]	Loss: 0.215567
Train Epoch: 21 [44736/60000 (75%)]	Loss: 0.593999
Train Epoch: 21 [51136/60000 (85%)]	Loss: 0.523189
Train Epoch: 21 [57536/60000 (96%)]	Loss: 0.352432

Test set: Average loss: 0.3956, Accuracy: 8739/10000 (87%)

Train Epoch: 22 [6336/60000 (11%)]	Loss: 0.427679
Train Epoch: 22 [12736/60000 (21%)]	Loss: 0.400586
Train Epoch: 22 [19136/60000 (32%)]	Loss: 0.635020
Train Epoch: 22 [25536/60000 (43%)]	Loss: 0.359765
Train Epoch: 22 [31936/60000 (53%)]	Loss: 0.438192
Train Epoch: 22 [38336/60000 (64%)]	Loss: 0.578501
Train Epoch: 22 [44736/60000 (75%)]	Loss: 0.161957
Train Epoch: 22 [51136/60000 (85%)]	Loss: 0.238781
Train Epoch: 22 [57536/60000 (96%)]	Loss: 0.387079

Test set: Average loss: 0.4980, Accuracy: 8383/10000 (84%)

Train Epoch: 23 [6336/60000 (11%)]	Loss: 0.307082
Train Epoch: 23 [12736/60000 (21%)]	Loss: 0.431280
Train Epoch: 23 [19136/60000 (32%)]	Loss: 0.315468
Train Epoch: 23 [25536/60000 (43%)]	Loss: 0.408775
Train Epoch: 23 [31936/60000 (53%)]	Loss: 0.480586
Train Epoch: 23 [38336/60000 (64%)]	Loss: 0.533729
Train Epoch: 23 [44736/60000 (75%)]	Loss: 0.340146
Train Epoch: 23 [51136/60000 (85%)]	Loss: 0.451015
Train Epoch: 23 [57536/60000 (96%)]	Loss: 0.506812

Test set: Average loss: 0.4347, Accuracy: 8723/10000 (87%)

Train Epoch: 24 [6336/60000 (11%)]	Loss: 0.626320
Train Epoch: 24 [12736/60000 (21%)]	Loss: 0.742844
Train Epoch: 24 [19136/60000 (32%)]	Loss: 0.319451
Train Epoch: 24 [25536/60000 (43%)]	Loss: 0.503636
Train Epoch: 24 [31936/60000 (53%)]	Loss: 0.310616
Train Epoch: 24 [38336/60000 (64%)]	Loss: 0.400684
Train Epoch: 24 [44736/60000 (75%)]	Loss: 0.812009
Train Epoch: 24 [51136/60000 (85%)]	Loss: 0.384063
Train Epoch: 24 [57536/60000 (96%)]	Loss: 0.350493

Test set: Average loss: 0.5730, Accuracy: 8098/10000 (81%)

Train Epoch: 25 [6336/60000 (11%)]	Loss: 0.523108
Train Epoch: 25 [12736/60000 (21%)]	Loss: 0.392615
Train Epoch: 25 [19136/60000 (32%)]	Loss: 0.401989
Train Epoch: 25 [25536/60000 (43%)]	Loss: 0.478098
Train Epoch: 25 [31936/60000 (53%)]	Loss: 0.454585
Train Epoch: 25 [38336/60000 (64%)]	Loss: 0.467349
Train Epoch: 25 [44736/60000 (75%)]	Loss: 0.774180
Train Epoch: 25 [51136/60000 (85%)]	Loss: 0.445069
Train Epoch: 25 [57536/60000 (96%)]	Loss: 0.626072

Test set: Average loss: 0.5412, Accuracy: 8187/10000 (82%)

Train Epoch: 26 [6336/60000 (11%)]	Loss: 0.361273
Train Epoch: 26 [12736/60000 (21%)]	Loss: 0.484261
Train Epoch: 26 [19136/60000 (32%)]	Loss: 0.553618
Train Epoch: 26 [25536/60000 (43%)]	Loss: 0.381251
Train Epoch: 26 [31936/60000 (53%)]	Loss: 0.429266
Train Epoch: 26 [38336/60000 (64%)]	Loss: 0.507558
Train Epoch: 26 [44736/60000 (75%)]	Loss: 0.657855
Train Epoch: 26 [51136/60000 (85%)]	Loss: 0.549365
Train Epoch: 26 [57536/60000 (96%)]	Loss: 0.610883

Test set: Average loss: 0.4698, Accuracy: 8491/10000 (85%)

Train Epoch: 27 [6336/60000 (11%)]	Loss: 0.560616
Train Epoch: 27 [12736/60000 (21%)]	Loss: 0.431818
Train Epoch: 27 [19136/60000 (32%)]	Loss: 0.604331
Train Epoch: 27 [25536/60000 (43%)]	Loss: 0.414374
Train Epoch: 27 [31936/60000 (53%)]	Loss: 0.425132
Train Epoch: 27 [38336/60000 (64%)]	Loss: 0.741439
Train Epoch: 27 [44736/60000 (75%)]	Loss: 0.377236
Train Epoch: 27 [51136/60000 (85%)]	Loss: 0.894005
Train Epoch: 27 [57536/60000 (96%)]	Loss: 0.747693

Test set: Average loss: 0.7296, Accuracy: 7696/10000 (77%)

Train Epoch: 28 [6336/60000 (11%)]	Loss: 0.780550
Train Epoch: 28 [12736/60000 (21%)]	Loss: 0.420178
Train Epoch: 28 [19136/60000 (32%)]	Loss: 0.882267
Train Epoch: 28 [25536/60000 (43%)]	Loss: 0.373468
Train Epoch: 28 [31936/60000 (53%)]	Loss: 0.556603
Train Epoch: 28 [38336/60000 (64%)]	Loss: 0.414276
Train Epoch: 28 [44736/60000 (75%)]	Loss: 0.807569
Train Epoch: 28 [51136/60000 (85%)]	Loss: 0.579140
Train Epoch: 28 [57536/60000 (96%)]	Loss: 1.144711

Test set: Average loss: 0.5927, Accuracy: 8284/10000 (83%)

Train Epoch: 29 [6336/60000 (11%)]	Loss: 0.716429
Train Epoch: 29 [12736/60000 (21%)]	Loss: 0.708175
Train Epoch: 29 [19136/60000 (32%)]	Loss: 0.577759
Train Epoch: 29 [25536/60000 (43%)]	Loss: 0.773657
Train Epoch: 29 [31936/60000 (53%)]	Loss: 0.836717
Train Epoch: 29 [38336/60000 (64%)]	Loss: 0.580602
Train Epoch: 29 [44736/60000 (75%)]	Loss: 0.539634
Train Epoch: 29 [51136/60000 (85%)]	Loss: 0.632757
Train Epoch: 29 [57536/60000 (96%)]	Loss: 0.447201

Test set: Average loss: 0.5370, Accuracy: 8282/10000 (83%)

Train Epoch: 30 [6336/60000 (11%)]	Loss: 0.518571
Train Epoch: 30 [12736/60000 (21%)]	Loss: 0.680409
Train Epoch: 30 [19136/60000 (32%)]	Loss: 0.631742
Train Epoch: 30 [25536/60000 (43%)]	Loss: 0.485407
Train Epoch: 30 [31936/60000 (53%)]	Loss: 0.610769
Train Epoch: 30 [38336/60000 (64%)]	Loss: 0.770762
Train Epoch: 30 [44736/60000 (75%)]	Loss: 0.465270
Train Epoch: 30 [51136/60000 (85%)]	Loss: 0.983902
Train Epoch: 30 [57536/60000 (96%)]	Loss: 0.552573

Test set: Average loss: 0.5392, Accuracy: 8318/10000 (83%)

Train Epoch: 31 [6336/60000 (11%)]	Loss: 0.792730
Train Epoch: 31 [12736/60000 (21%)]	Loss: 0.538605
Train Epoch: 31 [19136/60000 (32%)]	Loss: 0.631590
Train Epoch: 31 [25536/60000 (43%)]	Loss: 0.749692
Train Epoch: 31 [31936/60000 (53%)]	Loss: 0.769346
Train Epoch: 31 [38336/60000 (64%)]	Loss: 0.772572
Train Epoch: 31 [44736/60000 (75%)]	Loss: 0.490072
Train Epoch: 31 [51136/60000 (85%)]	Loss: 0.630665
Train Epoch: 31 [57536/60000 (96%)]	Loss: 0.791042

Test set: Average loss: 0.6497, Accuracy: 7952/10000 (80%)

Train Epoch: 32 [6336/60000 (11%)]	Loss: 0.630169
Train Epoch: 32 [12736/60000 (21%)]	Loss: 0.705085
Train Epoch: 32 [19136/60000 (32%)]	Loss: 0.643310
Train Epoch: 32 [25536/60000 (43%)]	Loss: 0.452508
Train Epoch: 32 [31936/60000 (53%)]	Loss: 0.833774
Train Epoch: 32 [38336/60000 (64%)]	Loss: 0.679671
Train Epoch: 32 [44736/60000 (75%)]	Loss: 0.732484
Train Epoch: 32 [51136/60000 (85%)]	Loss: 1.253138
Train Epoch: 32 [57536/60000 (96%)]	Loss: 0.435379

Test set: Average loss: 0.5921, Accuracy: 8202/10000 (82%)

Train Epoch: 33 [6336/60000 (11%)]	Loss: 0.565645
Train Epoch: 33 [12736/60000 (21%)]	Loss: 0.644139
Train Epoch: 33 [19136/60000 (32%)]	Loss: 0.530168
Train Epoch: 33 [25536/60000 (43%)]	Loss: 0.821789
Train Epoch: 33 [31936/60000 (53%)]	Loss: 0.654850
Train Epoch: 33 [38336/60000 (64%)]	Loss: 0.521808
Train Epoch: 33 [44736/60000 (75%)]	Loss: 0.608832
Train Epoch: 33 [51136/60000 (85%)]	Loss: 0.674356
Train Epoch: 33 [57536/60000 (96%)]	Loss: 0.787202

Test set: Average loss: 0.9056, Accuracy: 6764/10000 (68%)

Train Epoch: 34 [6336/60000 (11%)]	Loss: 0.716870
Train Epoch: 34 [12736/60000 (21%)]	Loss: 0.639295
Train Epoch: 34 [19136/60000 (32%)]	Loss: 0.743570
Train Epoch: 34 [25536/60000 (43%)]	Loss: 0.719085
Train Epoch: 34 [31936/60000 (53%)]	Loss: 0.701247
Train Epoch: 34 [38336/60000 (64%)]	Loss: 1.081128
Train Epoch: 34 [44736/60000 (75%)]	Loss: 0.753570
Train Epoch: 34 [51136/60000 (85%)]	Loss: 0.619430
Train Epoch: 34 [57536/60000 (96%)]	Loss: 0.942611

Test set: Average loss: 0.7081, Accuracy: 7810/10000 (78%)

Train Epoch: 35 [6336/60000 (11%)]	Loss: 0.478467
Train Epoch: 35 [12736/60000 (21%)]	Loss: 0.653314
Train Epoch: 35 [19136/60000 (32%)]	Loss: 0.517165
Train Epoch: 35 [25536/60000 (43%)]	Loss: 0.962107
Train Epoch: 35 [31936/60000 (53%)]	Loss: 1.113858
Train Epoch: 35 [38336/60000 (64%)]	Loss: 1.000149
Train Epoch: 35 [44736/60000 (75%)]	Loss: 0.732983
Train Epoch: 35 [51136/60000 (85%)]	Loss: 0.525446
Train Epoch: 35 [57536/60000 (96%)]	Loss: 0.628743

Test set: Average loss: 0.6711, Accuracy: 7926/10000 (79%)

Train Epoch: 36 [6336/60000 (11%)]	Loss: 0.504495
Train Epoch: 36 [12736/60000 (21%)]	Loss: 0.585758
Train Epoch: 36 [19136/60000 (32%)]	Loss: 0.888604
Train Epoch: 36 [25536/60000 (43%)]	Loss: 0.791754
Train Epoch: 36 [31936/60000 (53%)]	Loss: 1.062070
Train Epoch: 36 [38336/60000 (64%)]	Loss: 0.896616
Train Epoch: 36 [44736/60000 (75%)]	Loss: 0.649709
Train Epoch: 36 [51136/60000 (85%)]	Loss: 0.570525
Train Epoch: 36 [57536/60000 (96%)]	Loss: 0.700730

Test set: Average loss: 0.8758, Accuracy: 7002/10000 (70%)

Train Epoch: 37 [6336/60000 (11%)]	Loss: 0.996849
Train Epoch: 37 [12736/60000 (21%)]	Loss: 0.763219
Train Epoch: 37 [19136/60000 (32%)]	Loss: 0.701203
Train Epoch: 37 [25536/60000 (43%)]	Loss: 0.928116
Train Epoch: 37 [31936/60000 (53%)]	Loss: 0.904457
Train Epoch: 37 [38336/60000 (64%)]	Loss: 0.519315
Train Epoch: 37 [44736/60000 (75%)]	Loss: 0.879053
Train Epoch: 37 [51136/60000 (85%)]	Loss: 0.705065
Train Epoch: 37 [57536/60000 (96%)]	Loss: 0.540589

Test set: Average loss: 0.8667, Accuracy: 7161/10000 (72%)

Train Epoch: 38 [6336/60000 (11%)]	Loss: 0.498592
Train Epoch: 38 [12736/60000 (21%)]	Loss: 0.809248
Train Epoch: 38 [19136/60000 (32%)]	Loss: 0.634153
Train Epoch: 38 [25536/60000 (43%)]	Loss: 0.569623
Train Epoch: 38 [31936/60000 (53%)]	Loss: 0.828819
Train Epoch: 38 [38336/60000 (64%)]	Loss: 0.645369
Train Epoch: 38 [44736/60000 (75%)]	Loss: 0.978604
Train Epoch: 38 [51136/60000 (85%)]	Loss: 0.988958
Train Epoch: 38 [57536/60000 (96%)]	Loss: 0.830850

Test set: Average loss: 0.8899, Accuracy: 7023/10000 (70%)

Train Epoch: 39 [6336/60000 (11%)]	Loss: 0.921868
Train Epoch: 39 [12736/60000 (21%)]	Loss: 0.662363
Train Epoch: 39 [19136/60000 (32%)]	Loss: 0.867435
Train Epoch: 39 [25536/60000 (43%)]	Loss: 0.837602
Train Epoch: 39 [31936/60000 (53%)]	Loss: 1.196439
Train Epoch: 39 [38336/60000 (64%)]	Loss: 0.788420
Train Epoch: 39 [44736/60000 (75%)]	Loss: 0.954622
Train Epoch: 39 [51136/60000 (85%)]	Loss: 0.837879
Train Epoch: 39 [57536/60000 (96%)]	Loss: 0.691464

Test set: Average loss: 0.9103, Accuracy: 7067/10000 (71%)

Train Epoch: 40 [6336/60000 (11%)]	Loss: 0.734548
Train Epoch: 40 [12736/60000 (21%)]	Loss: 1.273547
Train Epoch: 40 [19136/60000 (32%)]	Loss: 0.873787
Train Epoch: 40 [25536/60000 (43%)]	Loss: 0.934770
Train Epoch: 40 [31936/60000 (53%)]	Loss: 1.032737
Train Epoch: 40 [38336/60000 (64%)]	Loss: 1.097016
Train Epoch: 40 [44736/60000 (75%)]	Loss: 0.845528
Train Epoch: 40 [51136/60000 (85%)]	Loss: 0.783815
Train Epoch: 40 [57536/60000 (96%)]	Loss: 0.888246

Test set: Average loss: 0.7672, Accuracy: 7625/10000 (76%)

Train Epoch: 41 [6336/60000 (11%)]	Loss: 0.801148
Train Epoch: 41 [12736/60000 (21%)]	Loss: 0.883858
Train Epoch: 41 [19136/60000 (32%)]	Loss: 0.781221
Train Epoch: 41 [25536/60000 (43%)]	Loss: 0.994245
Train Epoch: 41 [31936/60000 (53%)]	Loss: 1.058258
Train Epoch: 41 [38336/60000 (64%)]	Loss: 0.942440
Train Epoch: 41 [44736/60000 (75%)]	Loss: 0.936345
Train Epoch: 41 [51136/60000 (85%)]	Loss: 1.090659
Train Epoch: 41 [57536/60000 (96%)]	Loss: 1.094836

Test set: Average loss: 1.4512, Accuracy: 5753/10000 (58%)

Train Epoch: 42 [6336/60000 (11%)]	Loss: 0.912711
Train Epoch: 42 [12736/60000 (21%)]	Loss: 0.946937
Train Epoch: 42 [19136/60000 (32%)]	Loss: 0.944331
Train Epoch: 42 [25536/60000 (43%)]	Loss: 0.814851
Train Epoch: 42 [31936/60000 (53%)]	Loss: 0.855939
Train Epoch: 42 [38336/60000 (64%)]	Loss: 0.873720
Train Epoch: 42 [44736/60000 (75%)]	Loss: 1.200165
Train Epoch: 42 [51136/60000 (85%)]	Loss: 0.946557
Train Epoch: 42 [57536/60000 (96%)]	Loss: 0.979838

Test set: Average loss: 1.0229, Accuracy: 6408/10000 (64%)

Train Epoch: 43 [6336/60000 (11%)]	Loss: 0.716428
Train Epoch: 43 [12736/60000 (21%)]	Loss: 1.248115
Train Epoch: 43 [19136/60000 (32%)]	Loss: 0.824370
Train Epoch: 43 [25536/60000 (43%)]	Loss: 0.964945
Train Epoch: 43 [31936/60000 (53%)]	Loss: 1.175838
Train Epoch: 43 [38336/60000 (64%)]	Loss: 1.031660
Train Epoch: 43 [44736/60000 (75%)]	Loss: 0.957144
Train Epoch: 43 [51136/60000 (85%)]	Loss: 1.058397
Train Epoch: 43 [57536/60000 (96%)]	Loss: 0.882239

Test set: Average loss: 1.2309, Accuracy: 5943/10000 (59%)

Train Epoch: 44 [6336/60000 (11%)]	Loss: 0.739112
Train Epoch: 44 [12736/60000 (21%)]	Loss: 0.787324
Train Epoch: 44 [19136/60000 (32%)]	Loss: 0.739157
Train Epoch: 44 [25536/60000 (43%)]	Loss: 1.205694
Train Epoch: 44 [31936/60000 (53%)]	Loss: 1.379137
Train Epoch: 44 [38336/60000 (64%)]	Loss: 0.984569
Train Epoch: 44 [44736/60000 (75%)]	Loss: 1.224958
Train Epoch: 44 [51136/60000 (85%)]	Loss: 1.331079
Train Epoch: 44 [57536/60000 (96%)]	Loss: 0.984620

Test set: Average loss: 1.2985, Accuracy: 5705/10000 (57%)

Train Epoch: 45 [6336/60000 (11%)]	Loss: 0.975333
Train Epoch: 45 [12736/60000 (21%)]	Loss: 1.308216
Train Epoch: 45 [19136/60000 (32%)]	Loss: 1.055334
Train Epoch: 45 [25536/60000 (43%)]	Loss: 1.080465
Train Epoch: 45 [31936/60000 (53%)]	Loss: 1.135288
Train Epoch: 45 [38336/60000 (64%)]	Loss: 0.923883
Train Epoch: 45 [44736/60000 (75%)]	Loss: 0.747289
Train Epoch: 45 [51136/60000 (85%)]	Loss: 1.037568
Train Epoch: 45 [57536/60000 (96%)]	Loss: 1.048508

Test set: Average loss: 1.1665, Accuracy: 6210/10000 (62%)

Train Epoch: 46 [6336/60000 (11%)]	Loss: 0.819464
Train Epoch: 46 [12736/60000 (21%)]	Loss: 1.164919
Train Epoch: 46 [19136/60000 (32%)]	Loss: 0.878993
Train Epoch: 46 [25536/60000 (43%)]	Loss: 1.373742
Train Epoch: 46 [31936/60000 (53%)]	Loss: 1.061675
Train Epoch: 46 [38336/60000 (64%)]	Loss: 0.884266
Train Epoch: 46 [44736/60000 (75%)]	Loss: 0.953268
Train Epoch: 46 [51136/60000 (85%)]	Loss: 1.151932
Train Epoch: 46 [57536/60000 (96%)]	Loss: 1.381926

Test set: Average loss: 1.2559, Accuracy: 5764/10000 (58%)

Train Epoch: 47 [6336/60000 (11%)]	Loss: 1.080542
Train Epoch: 47 [12736/60000 (21%)]	Loss: 1.017195
Train Epoch: 47 [19136/60000 (32%)]	Loss: 0.822876
Train Epoch: 47 [25536/60000 (43%)]	Loss: 1.046592
Train Epoch: 47 [31936/60000 (53%)]	Loss: 1.076324
Train Epoch: 47 [38336/60000 (64%)]	Loss: 0.906485
Train Epoch: 47 [44736/60000 (75%)]	Loss: 1.259768
Train Epoch: 47 [51136/60000 (85%)]	Loss: 1.005779
Train Epoch: 47 [57536/60000 (96%)]	Loss: 1.026531

Test set: Average loss: 0.9754, Accuracy: 6873/10000 (69%)

Train Epoch: 48 [6336/60000 (11%)]	Loss: 0.805362
Train Epoch: 48 [12736/60000 (21%)]	Loss: 1.280315
Train Epoch: 48 [19136/60000 (32%)]	Loss: 0.867935
Train Epoch: 48 [25536/60000 (43%)]	Loss: 1.042746
Train Epoch: 48 [31936/60000 (53%)]	Loss: 1.425279
Train Epoch: 48 [38336/60000 (64%)]	Loss: 1.401342
Train Epoch: 48 [44736/60000 (75%)]	Loss: 1.229317
Train Epoch: 48 [51136/60000 (85%)]	Loss: 1.311463
Train Epoch: 48 [57536/60000 (96%)]	Loss: 1.140300

Test set: Average loss: 1.2708, Accuracy: 5892/10000 (59%)

Train Epoch: 49 [6336/60000 (11%)]	Loss: 1.065611
Train Epoch: 49 [12736/60000 (21%)]	Loss: 0.998150
Train Epoch: 49 [19136/60000 (32%)]	Loss: 0.982355
Train Epoch: 49 [25536/60000 (43%)]	Loss: 1.212854
Train Epoch: 49 [31936/60000 (53%)]	Loss: 0.892901
Train Epoch: 49 [38336/60000 (64%)]	Loss: 1.207833
Train Epoch: 49 [44736/60000 (75%)]	Loss: 1.074419
Train Epoch: 49 [51136/60000 (85%)]	Loss: 1.038464
Train Epoch: 49 [57536/60000 (96%)]	Loss: 1.204252

Test set: Average loss: 1.2205, Accuracy: 5979/10000 (60%)

Train Epoch: 50 [6336/60000 (11%)]	Loss: 1.036463
Train Epoch: 50 [12736/60000 (21%)]	Loss: 1.182597
Train Epoch: 50 [19136/60000 (32%)]	Loss: 1.219246
Train Epoch: 50 [25536/60000 (43%)]	Loss: 1.228065
Train Epoch: 50 [31936/60000 (53%)]	Loss: 1.347651
Train Epoch: 50 [38336/60000 (64%)]	Loss: 1.413197
Train Epoch: 50 [44736/60000 (75%)]	Loss: 1.050133
Train Epoch: 50 [51136/60000 (85%)]	Loss: 1.371627
Train Epoch: 50 [57536/60000 (96%)]	Loss: 0.890894

Test set: Average loss: 1.2537, Accuracy: 6131/10000 (61%)

Train Epoch: 51 [6336/60000 (11%)]	Loss: 1.460409
Train Epoch: 51 [12736/60000 (21%)]	Loss: 0.996589
Train Epoch: 51 [19136/60000 (32%)]	Loss: 1.315610
Train Epoch: 51 [25536/60000 (43%)]	Loss: 1.406699
Train Epoch: 51 [31936/60000 (53%)]	Loss: 1.155625
Train Epoch: 51 [38336/60000 (64%)]	Loss: 1.257124
Train Epoch: 51 [44736/60000 (75%)]	Loss: 1.296017
Train Epoch: 51 [51136/60000 (85%)]	Loss: 1.239248
Train Epoch: 51 [57536/60000 (96%)]	Loss: 1.131380

Test set: Average loss: 1.1949, Accuracy: 6139/10000 (61%)

Train Epoch: 52 [6336/60000 (11%)]	Loss: 1.062228
Train Epoch: 52 [12736/60000 (21%)]	Loss: 1.115510
Train Epoch: 52 [19136/60000 (32%)]	Loss: 1.286079
Train Epoch: 52 [25536/60000 (43%)]	Loss: 1.288940
Train Epoch: 52 [31936/60000 (53%)]	Loss: 1.258394
Train Epoch: 52 [38336/60000 (64%)]	Loss: 1.353828
Train Epoch: 52 [44736/60000 (75%)]	Loss: 1.462040
Train Epoch: 52 [51136/60000 (85%)]	Loss: 1.330398
Train Epoch: 52 [57536/60000 (96%)]	Loss: 1.194542

Test set: Average loss: 1.2351, Accuracy: 6002/10000 (60%)

Train Epoch: 53 [6336/60000 (11%)]	Loss: 1.098839
Train Epoch: 53 [12736/60000 (21%)]	Loss: 1.423783
Train Epoch: 53 [19136/60000 (32%)]	Loss: 1.522660
Train Epoch: 53 [25536/60000 (43%)]	Loss: 1.365434
Train Epoch: 53 [31936/60000 (53%)]	Loss: 1.251368
Train Epoch: 53 [38336/60000 (64%)]	Loss: 1.132015
Train Epoch: 53 [44736/60000 (75%)]	Loss: 1.162548
Train Epoch: 53 [51136/60000 (85%)]	Loss: 1.144484
Train Epoch: 53 [57536/60000 (96%)]	Loss: 1.158820

Test set: Average loss: 1.4096, Accuracy: 5282/10000 (53%)

Train Epoch: 54 [6336/60000 (11%)]	Loss: 1.207897
Train Epoch: 54 [12736/60000 (21%)]	Loss: 0.931035
Train Epoch: 54 [19136/60000 (32%)]	Loss: 0.958923
Train Epoch: 54 [25536/60000 (43%)]	Loss: 1.525688
Train Epoch: 54 [31936/60000 (53%)]	Loss: 1.755189
Train Epoch: 54 [38336/60000 (64%)]	Loss: 1.189744
Train Epoch: 54 [44736/60000 (75%)]	Loss: 1.700614
Train Epoch: 54 [51136/60000 (85%)]	Loss: 1.556477
Train Epoch: 54 [57536/60000 (96%)]	Loss: 1.220466

Test set: Average loss: 1.5098, Accuracy: 5209/10000 (52%)

Train Epoch: 55 [6336/60000 (11%)]	Loss: 1.215720
Train Epoch: 55 [12736/60000 (21%)]	Loss: 1.537726
Train Epoch: 55 [19136/60000 (32%)]	Loss: 1.423448
Train Epoch: 55 [25536/60000 (43%)]	Loss: 1.317060
Train Epoch: 55 [31936/60000 (53%)]	Loss: 1.163513
Train Epoch: 55 [38336/60000 (64%)]	Loss: 1.576548
Train Epoch: 55 [44736/60000 (75%)]	Loss: 1.455554
Train Epoch: 55 [51136/60000 (85%)]	Loss: 1.220067
Train Epoch: 55 [57536/60000 (96%)]	Loss: 1.177702

Test set: Average loss: 1.3584, Accuracy: 5708/10000 (57%)

Train Epoch: 56 [6336/60000 (11%)]	Loss: 1.161849
Train Epoch: 56 [12736/60000 (21%)]	Loss: 1.341766
Train Epoch: 56 [19136/60000 (32%)]	Loss: 1.158952
Train Epoch: 56 [25536/60000 (43%)]	Loss: 1.217802
Train Epoch: 56 [31936/60000 (53%)]	Loss: 1.234533
Train Epoch: 56 [38336/60000 (64%)]	Loss: 1.339813
Train Epoch: 56 [44736/60000 (75%)]	Loss: 1.370904
Train Epoch: 56 [51136/60000 (85%)]	Loss: 1.287034
Train Epoch: 56 [57536/60000 (96%)]	Loss: 1.621518

Test set: Average loss: 1.3615, Accuracy: 5493/10000 (55%)

Train Epoch: 57 [6336/60000 (11%)]	Loss: 1.029313
Train Epoch: 57 [12736/60000 (21%)]	Loss: 1.592768
Train Epoch: 57 [19136/60000 (32%)]	Loss: 1.400141
Train Epoch: 57 [25536/60000 (43%)]	Loss: 1.535131
Train Epoch: 57 [31936/60000 (53%)]	Loss: 1.240723
Train Epoch: 57 [38336/60000 (64%)]	Loss: 1.381762
Train Epoch: 57 [44736/60000 (75%)]	Loss: 1.237414
Train Epoch: 57 [51136/60000 (85%)]	Loss: 1.334985
Train Epoch: 57 [57536/60000 (96%)]	Loss: 1.350251

Test set: Average loss: 1.5349, Accuracy: 5154/10000 (52%)

Train Epoch: 58 [6336/60000 (11%)]	Loss: 1.163178
Train Epoch: 58 [12736/60000 (21%)]	Loss: 1.286577
Train Epoch: 58 [19136/60000 (32%)]	Loss: 1.245748
Train Epoch: 58 [25536/60000 (43%)]	Loss: 1.160245
Train Epoch: 58 [31936/60000 (53%)]	Loss: 1.160435
Train Epoch: 58 [38336/60000 (64%)]	Loss: 1.203727
Train Epoch: 58 [44736/60000 (75%)]	Loss: 1.277223
Train Epoch: 58 [51136/60000 (85%)]	Loss: 1.400781
Train Epoch: 58 [57536/60000 (96%)]	Loss: 1.898864

Test set: Average loss: 1.4848, Accuracy: 5200/10000 (52%)

Train Epoch: 59 [6336/60000 (11%)]	Loss: 1.817944
Train Epoch: 59 [12736/60000 (21%)]	Loss: 1.513693
Train Epoch: 59 [19136/60000 (32%)]	Loss: 1.329307
Train Epoch: 59 [25536/60000 (43%)]	Loss: 1.664983
Train Epoch: 59 [31936/60000 (53%)]	Loss: 1.397749
Train Epoch: 59 [38336/60000 (64%)]	Loss: 1.374513
Train Epoch: 59 [44736/60000 (75%)]	Loss: 1.310908
Train Epoch: 59 [51136/60000 (85%)]	Loss: 1.157491
Train Epoch: 59 [57536/60000 (96%)]	Loss: 1.387966

Test set: Average loss: 1.5014, Accuracy: 5324/10000 (53%)

Train Epoch: 60 [6336/60000 (11%)]	Loss: 1.515622
Train Epoch: 60 [12736/60000 (21%)]	Loss: 1.442444
Train Epoch: 60 [19136/60000 (32%)]	Loss: 1.275304
Train Epoch: 60 [25536/60000 (43%)]	Loss: 1.261080
Train Epoch: 60 [31936/60000 (53%)]	Loss: 1.326709
Train Epoch: 60 [38336/60000 (64%)]	Loss: 1.531677
Train Epoch: 60 [44736/60000 (75%)]	Loss: 1.685987
Train Epoch: 60 [51136/60000 (85%)]	Loss: 1.952568
Train Epoch: 60 [57536/60000 (96%)]	Loss: 1.482985

Test set: Average loss: 1.5482, Accuracy: 4697/10000 (47%)

Train Epoch: 61 [6336/60000 (11%)]	Loss: 1.293561
Train Epoch: 61 [12736/60000 (21%)]	Loss: 1.473250
Train Epoch: 61 [19136/60000 (32%)]	Loss: 1.463789
Train Epoch: 61 [25536/60000 (43%)]	Loss: 1.206004
Train Epoch: 61 [31936/60000 (53%)]	Loss: 2.055616
Train Epoch: 61 [38336/60000 (64%)]	Loss: 1.328407
Train Epoch: 61 [44736/60000 (75%)]	Loss: 1.548333
Train Epoch: 61 [51136/60000 (85%)]	Loss: 1.756997
Train Epoch: 61 [57536/60000 (96%)]	Loss: 1.791861

Test set: Average loss: 1.5498, Accuracy: 4888/10000 (49%)

Train Epoch: 62 [6336/60000 (11%)]	Loss: 1.612004
Train Epoch: 62 [12736/60000 (21%)]	Loss: 1.450005
Train Epoch: 62 [19136/60000 (32%)]	Loss: 2.156737
Train Epoch: 62 [25536/60000 (43%)]	Loss: 1.554943
Train Epoch: 62 [31936/60000 (53%)]	Loss: 1.557920
Train Epoch: 62 [38336/60000 (64%)]	Loss: 2.143410
Train Epoch: 62 [44736/60000 (75%)]	Loss: 1.596197
Train Epoch: 62 [51136/60000 (85%)]	Loss: 0.983190
Train Epoch: 62 [57536/60000 (96%)]	Loss: 2.073843

Test set: Average loss: 1.4664, Accuracy: 5261/10000 (53%)

Train Epoch: 63 [6336/60000 (11%)]	Loss: 1.262293
Train Epoch: 63 [12736/60000 (21%)]	Loss: 1.643574
Train Epoch: 63 [19136/60000 (32%)]	Loss: 1.568123
Train Epoch: 63 [25536/60000 (43%)]	Loss: 1.601999
Train Epoch: 63 [31936/60000 (53%)]	Loss: 1.556735
Train Epoch: 63 [38336/60000 (64%)]	Loss: 1.810556
Train Epoch: 63 [44736/60000 (75%)]	Loss: 1.839224
Train Epoch: 63 [51136/60000 (85%)]	Loss: 1.813698
Train Epoch: 63 [57536/60000 (96%)]	Loss: 1.641440

Test set: Average loss: 1.8185, Accuracy: 4036/10000 (40%)

Train Epoch: 64 [6336/60000 (11%)]	Loss: 1.989313
Train Epoch: 64 [12736/60000 (21%)]	Loss: 1.555499
Train Epoch: 64 [19136/60000 (32%)]	Loss: 1.907242
Train Epoch: 64 [25536/60000 (43%)]	Loss: 1.420915
Train Epoch: 64 [31936/60000 (53%)]	Loss: 2.158212
Train Epoch: 64 [38336/60000 (64%)]	Loss: 1.953569
Train Epoch: 64 [44736/60000 (75%)]	Loss: 1.637335
Train Epoch: 64 [51136/60000 (85%)]	Loss: 1.352862
Train Epoch: 64 [57536/60000 (96%)]	Loss: 2.008947

Test set: Average loss: 1.6631, Accuracy: 4768/10000 (48%)

Train Epoch: 65 [6336/60000 (11%)]	Loss: 1.332408
Train Epoch: 65 [12736/60000 (21%)]	Loss: 1.595132
Train Epoch: 65 [19136/60000 (32%)]	Loss: 1.539950
Train Epoch: 65 [25536/60000 (43%)]	Loss: 1.489736
Train Epoch: 65 [31936/60000 (53%)]	Loss: 2.233955
Train Epoch: 65 [38336/60000 (64%)]	Loss: 1.796753
Train Epoch: 65 [44736/60000 (75%)]	Loss: 1.687138
Train Epoch: 65 [51136/60000 (85%)]	Loss: 1.604371
Train Epoch: 65 [57536/60000 (96%)]	Loss: 2.112562

Test set: Average loss: 1.5703, Accuracy: 5020/10000 (50%)

Train Epoch: 66 [6336/60000 (11%)]	Loss: 1.804650
Train Epoch: 66 [12736/60000 (21%)]	Loss: 1.926605
Train Epoch: 66 [19136/60000 (32%)]	Loss: 1.538102
Train Epoch: 66 [25536/60000 (43%)]	Loss: 1.659400
Train Epoch: 66 [31936/60000 (53%)]	Loss: 1.692725
Train Epoch: 66 [38336/60000 (64%)]	Loss: 1.481401
Train Epoch: 66 [44736/60000 (75%)]	Loss: 1.517922
Train Epoch: 66 [51136/60000 (85%)]	Loss: 1.638048
Train Epoch: 66 [57536/60000 (96%)]	Loss: 1.989707

Test set: Average loss: 1.7927, Accuracy: 4632/10000 (46%)

Train Epoch: 67 [6336/60000 (11%)]	Loss: 1.645686
Train Epoch: 67 [12736/60000 (21%)]	Loss: 1.699539
Train Epoch: 67 [19136/60000 (32%)]	Loss: 1.988153
Train Epoch: 67 [25536/60000 (43%)]	Loss: 1.971508
Train Epoch: 67 [31936/60000 (53%)]	Loss: 1.331262
Train Epoch: 67 [38336/60000 (64%)]	Loss: 1.843037
Train Epoch: 67 [44736/60000 (75%)]	Loss: 1.457743
Train Epoch: 67 [51136/60000 (85%)]	Loss: 1.801717
Train Epoch: 67 [57536/60000 (96%)]	Loss: 1.783734

Test set: Average loss: 1.7690, Accuracy: 4627/10000 (46%)

Train Epoch: 68 [6336/60000 (11%)]	Loss: 1.897233
Train Epoch: 68 [12736/60000 (21%)]	Loss: 1.504516
Train Epoch: 68 [19136/60000 (32%)]	Loss: 1.386519
Train Epoch: 68 [25536/60000 (43%)]	Loss: 1.763138
Train Epoch: 68 [31936/60000 (53%)]	Loss: 1.576527
Train Epoch: 68 [38336/60000 (64%)]	Loss: 1.494481
Train Epoch: 68 [44736/60000 (75%)]	Loss: 1.588304
Train Epoch: 68 [51136/60000 (85%)]	Loss: 1.622494
Train Epoch: 68 [57536/60000 (96%)]	Loss: 1.711461

Test set: Average loss: 1.6523, Accuracy: 4663/10000 (47%)

Train Epoch: 69 [6336/60000 (11%)]	Loss: 1.686331
Train Epoch: 69 [12736/60000 (21%)]	Loss: 1.273917
Train Epoch: 69 [19136/60000 (32%)]	Loss: 1.581564
Train Epoch: 69 [25536/60000 (43%)]	Loss: 1.667024
Train Epoch: 69 [31936/60000 (53%)]	Loss: 1.980812
Train Epoch: 69 [38336/60000 (64%)]	Loss: 1.542961
Train Epoch: 69 [44736/60000 (75%)]	Loss: 1.784472
Train Epoch: 69 [51136/60000 (85%)]	Loss: 1.771780
Train Epoch: 69 [57536/60000 (96%)]	Loss: 2.246378

Test set: Average loss: 2.0545, Accuracy: 3592/10000 (36%)

Train Epoch: 70 [6336/60000 (11%)]	Loss: 1.413466
Train Epoch: 70 [12736/60000 (21%)]	Loss: 1.779390
Train Epoch: 70 [19136/60000 (32%)]	Loss: 1.943789
Train Epoch: 70 [25536/60000 (43%)]	Loss: 2.175987
Train Epoch: 70 [31936/60000 (53%)]	Loss: 2.222717
Train Epoch: 70 [38336/60000 (64%)]	Loss: 2.195141
Train Epoch: 70 [44736/60000 (75%)]	Loss: 1.513692
Train Epoch: 70 [51136/60000 (85%)]	Loss: 2.183755
Train Epoch: 70 [57536/60000 (96%)]	Loss: 1.632369

Test set: Average loss: 1.7416, Accuracy: 4369/10000 (44%)

Train Epoch: 71 [6336/60000 (11%)]	Loss: 1.964269
Train Epoch: 71 [12736/60000 (21%)]	Loss: 1.821623
Train Epoch: 71 [19136/60000 (32%)]	Loss: 2.036006
Train Epoch: 71 [25536/60000 (43%)]	Loss: 1.660265
Train Epoch: 71 [31936/60000 (53%)]	Loss: 2.277835
Train Epoch: 71 [38336/60000 (64%)]	Loss: 1.802611
Train Epoch: 71 [44736/60000 (75%)]	Loss: 1.796101
Train Epoch: 71 [51136/60000 (85%)]	Loss: 2.045894
Train Epoch: 71 [57536/60000 (96%)]	Loss: 1.893496

Test set: Average loss: 1.8759, Accuracy: 4278/10000 (43%)

Train Epoch: 72 [6336/60000 (11%)]	Loss: 2.296002
Train Epoch: 72 [12736/60000 (21%)]	Loss: 1.549455
Train Epoch: 72 [19136/60000 (32%)]	Loss: 1.949529
Train Epoch: 72 [25536/60000 (43%)]	Loss: 2.029702
Train Epoch: 72 [31936/60000 (53%)]	Loss: 1.728469
Train Epoch: 72 [38336/60000 (64%)]	Loss: 1.645370
Train Epoch: 72 [44736/60000 (75%)]	Loss: 1.551557
Train Epoch: 72 [51136/60000 (85%)]	Loss: 1.949857
Train Epoch: 72 [57536/60000 (96%)]	Loss: 1.904084

Test set: Average loss: 2.0263, Accuracy: 4155/10000 (42%)

Train Epoch: 73 [6336/60000 (11%)]	Loss: 1.777409
Train Epoch: 73 [12736/60000 (21%)]	Loss: 1.857442
Train Epoch: 73 [19136/60000 (32%)]	Loss: 1.647158
Train Epoch: 73 [25536/60000 (43%)]	Loss: 2.088863
Train Epoch: 73 [31936/60000 (53%)]	Loss: 1.598852
Train Epoch: 73 [38336/60000 (64%)]	Loss: 1.565213
Train Epoch: 73 [44736/60000 (75%)]	Loss: 1.717694
Train Epoch: 73 [51136/60000 (85%)]	Loss: 1.756949
Train Epoch: 73 [57536/60000 (96%)]	Loss: 1.745914

Test set: Average loss: 2.0036, Accuracy: 4321/10000 (43%)

Train Epoch: 74 [6336/60000 (11%)]	Loss: 1.760991
Train Epoch: 74 [12736/60000 (21%)]	Loss: 1.810473
Train Epoch: 74 [19136/60000 (32%)]	Loss: 1.678650
Train Epoch: 74 [25536/60000 (43%)]	Loss: 1.688286
Train Epoch: 74 [31936/60000 (53%)]	Loss: 1.790809
Train Epoch: 74 [38336/60000 (64%)]	Loss: 1.831436
Train Epoch: 74 [44736/60000 (75%)]	Loss: 2.141323
Train Epoch: 74 [51136/60000 (85%)]	Loss: 1.582126
Train Epoch: 74 [57536/60000 (96%)]	Loss: 2.131073

Test set: Average loss: 2.0334, Accuracy: 4149/10000 (41%)

Train Epoch: 75 [6336/60000 (11%)]	Loss: 1.812816
Train Epoch: 75 [12736/60000 (21%)]	Loss: 2.076418
Train Epoch: 75 [19136/60000 (32%)]	Loss: 1.543200
Train Epoch: 75 [25536/60000 (43%)]	Loss: 2.002951
Train Epoch: 75 [31936/60000 (53%)]	Loss: 2.017973
Train Epoch: 75 [38336/60000 (64%)]	Loss: 1.756664
Train Epoch: 75 [44736/60000 (75%)]	Loss: 2.002231
Train Epoch: 75 [51136/60000 (85%)]	Loss: 1.828567
Train Epoch: 75 [57536/60000 (96%)]	Loss: 2.339200

Test set: Average loss: 1.9986, Accuracy: 3857/10000 (39%)

Train Epoch: 76 [6336/60000 (11%)]	Loss: 2.009400
Train Epoch: 76 [12736/60000 (21%)]	Loss: 1.610571
Train Epoch: 76 [19136/60000 (32%)]	Loss: 2.217180
Train Epoch: 76 [25536/60000 (43%)]	Loss: 2.024509
Train Epoch: 76 [31936/60000 (53%)]	Loss: 2.096297
Train Epoch: 76 [38336/60000 (64%)]	Loss: 1.613447
Train Epoch: 76 [44736/60000 (75%)]	Loss: 1.956025
Train Epoch: 76 [51136/60000 (85%)]	Loss: 1.942581
Train Epoch: 76 [57536/60000 (96%)]	Loss: 2.027541

Test set: Average loss: 1.9060, Accuracy: 4024/10000 (40%)

Train Epoch: 77 [6336/60000 (11%)]	Loss: 1.949287
Train Epoch: 77 [12736/60000 (21%)]	Loss: 1.690817
Train Epoch: 77 [19136/60000 (32%)]	Loss: 2.254433
Train Epoch: 77 [25536/60000 (43%)]	Loss: 1.769099
Train Epoch: 77 [31936/60000 (53%)]	Loss: 2.047546
Train Epoch: 77 [38336/60000 (64%)]	Loss: 1.904430
Train Epoch: 77 [44736/60000 (75%)]	Loss: 2.246553
Train Epoch: 77 [51136/60000 (85%)]	Loss: 2.142189
Train Epoch: 77 [57536/60000 (96%)]	Loss: 1.758327

Test set: Average loss: 2.2466, Accuracy: 3758/10000 (38%)

Train Epoch: 78 [6336/60000 (11%)]	Loss: 2.103392
Train Epoch: 78 [12736/60000 (21%)]	Loss: 2.050078
Train Epoch: 78 [19136/60000 (32%)]	Loss: 2.036315
Train Epoch: 78 [25536/60000 (43%)]	Loss: 1.882031
Train Epoch: 78 [31936/60000 (53%)]	Loss: 1.970169
Train Epoch: 78 [38336/60000 (64%)]	Loss: 1.909859
Train Epoch: 78 [44736/60000 (75%)]	Loss: 2.019696
Train Epoch: 78 [51136/60000 (85%)]	Loss: 1.822230
Train Epoch: 78 [57536/60000 (96%)]	Loss: 1.628015

Test set: Average loss: 2.2819, Accuracy: 3275/10000 (33%)

Train Epoch: 79 [6336/60000 (11%)]	Loss: 1.975592
Train Epoch: 79 [12736/60000 (21%)]	Loss: 1.839741
Train Epoch: 79 [19136/60000 (32%)]	Loss: 2.282400
Train Epoch: 79 [25536/60000 (43%)]	Loss: 2.132351
Train Epoch: 79 [31936/60000 (53%)]	Loss: 2.027695
Train Epoch: 79 [38336/60000 (64%)]	Loss: 1.852059
Train Epoch: 79 [44736/60000 (75%)]	Loss: 2.189484
Train Epoch: 79 [51136/60000 (85%)]	Loss: 2.033336
Train Epoch: 79 [57536/60000 (96%)]	Loss: 1.948696

Test set: Average loss: 2.1933, Accuracy: 3494/10000 (35%)

Train Epoch: 80 [6336/60000 (11%)]	Loss: 2.355759
Train Epoch: 80 [12736/60000 (21%)]	Loss: 2.419819
Train Epoch: 80 [19136/60000 (32%)]	Loss: 2.353624
Train Epoch: 80 [25536/60000 (43%)]	Loss: 2.112436
Train Epoch: 80 [31936/60000 (53%)]	Loss: 1.793097
Train Epoch: 80 [38336/60000 (64%)]	Loss: 1.680233
Train Epoch: 80 [44736/60000 (75%)]	Loss: 1.823367
Train Epoch: 80 [51136/60000 (85%)]	Loss: 2.502881
Train Epoch: 80 [57536/60000 (96%)]	Loss: 1.865832

Test set: Average loss: 2.1407, Accuracy: 3570/10000 (36%)

Train Epoch: 81 [6336/60000 (11%)]	Loss: 1.841954
Train Epoch: 81 [12736/60000 (21%)]	Loss: 1.957510
Train Epoch: 81 [19136/60000 (32%)]	Loss: 2.176805
Train Epoch: 81 [25536/60000 (43%)]	Loss: 1.837927
Train Epoch: 81 [31936/60000 (53%)]	Loss: 2.158717
Train Epoch: 81 [38336/60000 (64%)]	Loss: 1.635639
Train Epoch: 81 [44736/60000 (75%)]	Loss: 1.915899
Train Epoch: 81 [51136/60000 (85%)]	Loss: 2.081933
Train Epoch: 81 [57536/60000 (96%)]	Loss: 1.990539

Test set: Average loss: 2.1739, Accuracy: 3813/10000 (38%)

Train Epoch: 82 [6336/60000 (11%)]	Loss: 1.904444
Train Epoch: 82 [12736/60000 (21%)]	Loss: 2.365885
Train Epoch: 82 [19136/60000 (32%)]	Loss: 2.102714
Train Epoch: 82 [25536/60000 (43%)]	Loss: 1.967760
Train Epoch: 82 [31936/60000 (53%)]	Loss: 2.064468
Train Epoch: 82 [38336/60000 (64%)]	Loss: 1.740264
Train Epoch: 82 [44736/60000 (75%)]	Loss: 2.140822
Train Epoch: 82 [51136/60000 (85%)]	Loss: 2.477200
Train Epoch: 82 [57536/60000 (96%)]	Loss: 2.150757

Test set: Average loss: 1.9954, Accuracy: 3865/10000 (39%)

Train Epoch: 83 [6336/60000 (11%)]	Loss: 1.958090
Train Epoch: 83 [12736/60000 (21%)]	Loss: 2.353397
Train Epoch: 83 [19136/60000 (32%)]	Loss: 2.109223
Train Epoch: 83 [25536/60000 (43%)]	Loss: 2.014386
Train Epoch: 83 [31936/60000 (53%)]	Loss: 2.417377
Train Epoch: 83 [38336/60000 (64%)]	Loss: 2.107554
Train Epoch: 83 [44736/60000 (75%)]	Loss: 2.093683
Train Epoch: 83 [51136/60000 (85%)]	Loss: 1.812473
Train Epoch: 83 [57536/60000 (96%)]	Loss: 2.558952

Test set: Average loss: 2.0889, Accuracy: 3831/10000 (38%)

Train Epoch: 84 [6336/60000 (11%)]	Loss: 2.203506
Train Epoch: 84 [12736/60000 (21%)]	Loss: 1.809443
Train Epoch: 84 [19136/60000 (32%)]	Loss: 2.147818
Train Epoch: 84 [25536/60000 (43%)]	Loss: 2.159536
Train Epoch: 84 [31936/60000 (53%)]	Loss: 1.731535
Train Epoch: 84 [38336/60000 (64%)]	Loss: 2.044717
Train Epoch: 84 [44736/60000 (75%)]	Loss: 1.894787
Train Epoch: 84 [51136/60000 (85%)]	Loss: 2.167799
Train Epoch: 84 [57536/60000 (96%)]	Loss: 2.252881

Test set: Average loss: 2.2150, Accuracy: 3689/10000 (37%)

Train Epoch: 85 [6336/60000 (11%)]	Loss: 2.528925
Train Epoch: 85 [12736/60000 (21%)]	Loss: 2.256604
Train Epoch: 85 [19136/60000 (32%)]	Loss: 1.916592
Train Epoch: 85 [25536/60000 (43%)]	Loss: 2.595562
Train Epoch: 85 [31936/60000 (53%)]	Loss: 2.126186
Train Epoch: 85 [38336/60000 (64%)]	Loss: 2.209789
Train Epoch: 85 [44736/60000 (75%)]	Loss: 1.830010
Train Epoch: 85 [51136/60000 (85%)]	Loss: 1.905185
Train Epoch: 85 [57536/60000 (96%)]	Loss: 2.132662

Test set: Average loss: 2.1681, Accuracy: 3565/10000 (36%)

Train Epoch: 86 [6336/60000 (11%)]	Loss: 1.726166
Train Epoch: 86 [12736/60000 (21%)]	Loss: 2.588310
Train Epoch: 86 [19136/60000 (32%)]	Loss: 2.247374
Train Epoch: 86 [25536/60000 (43%)]	Loss: 1.727927
Train Epoch: 86 [31936/60000 (53%)]	Loss: 2.095285
Train Epoch: 86 [38336/60000 (64%)]	Loss: 2.068619
Train Epoch: 86 [44736/60000 (75%)]	Loss: 2.299438
Train Epoch: 86 [51136/60000 (85%)]	Loss: 1.875933
Train Epoch: 86 [57536/60000 (96%)]	Loss: 2.291877

Test set: Average loss: 2.1202, Accuracy: 3944/10000 (39%)

Train Epoch: 87 [6336/60000 (11%)]	Loss: 2.180551
Train Epoch: 87 [12736/60000 (21%)]	Loss: 2.313453
Train Epoch: 87 [19136/60000 (32%)]	Loss: 1.756547
Train Epoch: 87 [25536/60000 (43%)]	Loss: 2.008612
Train Epoch: 87 [31936/60000 (53%)]	Loss: 1.937697
Train Epoch: 87 [38336/60000 (64%)]	Loss: 2.004491
Train Epoch: 87 [44736/60000 (75%)]	Loss: 2.452107
Train Epoch: 87 [51136/60000 (85%)]	Loss: 1.988507
Train Epoch: 87 [57536/60000 (96%)]	Loss: 2.458586

Test set: Average loss: 2.5132, Accuracy: 3130/10000 (31%)

Train Epoch: 88 [6336/60000 (11%)]	Loss: 1.847654
Train Epoch: 88 [12736/60000 (21%)]	Loss: 2.027148
Train Epoch: 88 [19136/60000 (32%)]	Loss: 2.280138
Train Epoch: 88 [25536/60000 (43%)]	Loss: 1.923127
Train Epoch: 88 [31936/60000 (53%)]	Loss: 2.330389
Train Epoch: 88 [38336/60000 (64%)]	Loss: 2.161832
Train Epoch: 88 [44736/60000 (75%)]	Loss: 2.224163
Train Epoch: 88 [51136/60000 (85%)]	Loss: 2.166271
Train Epoch: 88 [57536/60000 (96%)]	Loss: 1.738716

Test set: Average loss: 1.9561, Accuracy: 3912/10000 (39%)

Train Epoch: 89 [6336/60000 (11%)]	Loss: 2.135247
Train Epoch: 89 [12736/60000 (21%)]	Loss: 1.870579
Train Epoch: 89 [19136/60000 (32%)]	Loss: 2.203226
Train Epoch: 89 [25536/60000 (43%)]	Loss: 1.757457
Train Epoch: 89 [31936/60000 (53%)]	Loss: 1.930943
Train Epoch: 89 [38336/60000 (64%)]	Loss: 2.209411
Train Epoch: 89 [44736/60000 (75%)]	Loss: 2.044179
Train Epoch: 89 [51136/60000 (85%)]	Loss: 1.778975
Train Epoch: 89 [57536/60000 (96%)]	Loss: 2.089969

Test set: Average loss: 2.1520, Accuracy: 3767/10000 (38%)

Train Epoch: 90 [6336/60000 (11%)]	Loss: 2.316633
Train Epoch: 90 [12736/60000 (21%)]	Loss: 2.059272
Train Epoch: 90 [19136/60000 (32%)]	Loss: 1.885145
Train Epoch: 90 [25536/60000 (43%)]	Loss: 2.147306
Train Epoch: 90 [31936/60000 (53%)]	Loss: 2.138512
Train Epoch: 90 [38336/60000 (64%)]	Loss: 2.162928
Train Epoch: 90 [44736/60000 (75%)]	Loss: 2.355915
Train Epoch: 90 [51136/60000 (85%)]	Loss: 2.044841
Train Epoch: 90 [57536/60000 (96%)]	Loss: 3.002635

Test set: Average loss: 2.4583, Accuracy: 3264/10000 (33%)

Train Epoch: 91 [6336/60000 (11%)]	Loss: 1.805043
Train Epoch: 91 [12736/60000 (21%)]	Loss: 2.005828
Train Epoch: 91 [19136/60000 (32%)]	Loss: 2.276759
Train Epoch: 91 [25536/60000 (43%)]	Loss: 1.794597
Train Epoch: 91 [31936/60000 (53%)]	Loss: 1.959571
Train Epoch: 91 [38336/60000 (64%)]	Loss: 2.405280
Train Epoch: 91 [44736/60000 (75%)]	Loss: 1.740234
Train Epoch: 91 [51136/60000 (85%)]	Loss: 1.856686
Train Epoch: 91 [57536/60000 (96%)]	Loss: 2.544898

Test set: Average loss: 2.2392, Accuracy: 3587/10000 (36%)

Train Epoch: 92 [6336/60000 (11%)]	Loss: 2.470284
Train Epoch: 92 [12736/60000 (21%)]	Loss: 2.071514
Train Epoch: 92 [19136/60000 (32%)]	Loss: 1.863617
Train Epoch: 92 [25536/60000 (43%)]	Loss: 2.951866
Train Epoch: 92 [31936/60000 (53%)]	Loss: 1.850533
Train Epoch: 92 [38336/60000 (64%)]	Loss: 2.420039
Train Epoch: 92 [44736/60000 (75%)]	Loss: 2.171751
Train Epoch: 92 [51136/60000 (85%)]	Loss: 2.563618
Train Epoch: 92 [57536/60000 (96%)]	Loss: 1.840317

Test set: Average loss: 2.2518, Accuracy: 3704/10000 (37%)

Train Epoch: 93 [6336/60000 (11%)]	Loss: 2.569316
Train Epoch: 93 [12736/60000 (21%)]	Loss: 2.330760
Train Epoch: 93 [19136/60000 (32%)]	Loss: 2.518461
Train Epoch: 93 [25536/60000 (43%)]	Loss: 2.276931
Train Epoch: 93 [31936/60000 (53%)]	Loss: 2.211326
Train Epoch: 93 [38336/60000 (64%)]	Loss: 2.332534
Train Epoch: 93 [44736/60000 (75%)]	Loss: 2.022658
Train Epoch: 93 [51136/60000 (85%)]	Loss: 2.460906
Train Epoch: 93 [57536/60000 (96%)]	Loss: 1.824470

Test set: Average loss: 2.2313, Accuracy: 3894/10000 (39%)

Train Epoch: 94 [6336/60000 (11%)]	Loss: 1.977321
Train Epoch: 94 [12736/60000 (21%)]	Loss: 2.434931
Train Epoch: 94 [19136/60000 (32%)]	Loss: 2.195053
Train Epoch: 94 [25536/60000 (43%)]	Loss: 2.024617
Train Epoch: 94 [31936/60000 (53%)]	Loss: 2.493207
Train Epoch: 94 [38336/60000 (64%)]	Loss: 2.275628
Train Epoch: 94 [44736/60000 (75%)]	Loss: 1.975144
Train Epoch: 94 [51136/60000 (85%)]	Loss: 2.784126
Train Epoch: 94 [57536/60000 (96%)]	Loss: 2.091271

Test set: Average loss: 2.3906, Accuracy: 3525/10000 (35%)

Train Epoch: 95 [6336/60000 (11%)]	Loss: 2.249462
Train Epoch: 95 [12736/60000 (21%)]	Loss: 2.495805
Train Epoch: 95 [19136/60000 (32%)]	Loss: 2.506821
Train Epoch: 95 [25536/60000 (43%)]	Loss: 2.052006
Train Epoch: 95 [31936/60000 (53%)]	Loss: 1.860984
Train Epoch: 95 [38336/60000 (64%)]	Loss: 2.521570
Train Epoch: 95 [44736/60000 (75%)]	Loss: 2.067997
Train Epoch: 95 [51136/60000 (85%)]	Loss: 2.686906
Train Epoch: 95 [57536/60000 (96%)]	Loss: 1.895011

Test set: Average loss: 2.1451, Accuracy: 3786/10000 (38%)

Train Epoch: 96 [6336/60000 (11%)]	Loss: 2.082821
Train Epoch: 96 [12736/60000 (21%)]	Loss: 2.275378
Train Epoch: 96 [19136/60000 (32%)]	Loss: 2.188588
Train Epoch: 96 [25536/60000 (43%)]	Loss: 1.675620
Train Epoch: 96 [31936/60000 (53%)]	Loss: 2.065453
Train Epoch: 96 [38336/60000 (64%)]	Loss: 2.842859
Train Epoch: 96 [44736/60000 (75%)]	Loss: 2.397374
Train Epoch: 96 [51136/60000 (85%)]	Loss: 2.017825
Train Epoch: 96 [57536/60000 (96%)]	Loss: 2.179238

Test set: Average loss: 2.0704, Accuracy: 3551/10000 (36%)

Train Epoch: 97 [6336/60000 (11%)]	Loss: 2.072649
Train Epoch: 97 [12736/60000 (21%)]	Loss: 2.461104
Train Epoch: 97 [19136/60000 (32%)]	Loss: 2.119503
Train Epoch: 97 [25536/60000 (43%)]	Loss: 1.999041
Train Epoch: 97 [31936/60000 (53%)]	Loss: 1.806064
Train Epoch: 97 [38336/60000 (64%)]	Loss: 1.833801
Train Epoch: 97 [44736/60000 (75%)]	Loss: 2.774462
Train Epoch: 97 [51136/60000 (85%)]	Loss: 1.882539
Train Epoch: 97 [57536/60000 (96%)]	Loss: 2.418782

Test set: Average loss: 2.3458, Accuracy: 3638/10000 (36%)

Train Epoch: 98 [6336/60000 (11%)]	Loss: 2.269720
Train Epoch: 98 [12736/60000 (21%)]	Loss: 2.373353
Train Epoch: 98 [19136/60000 (32%)]	Loss: 2.196458
Train Epoch: 98 [25536/60000 (43%)]	Loss: 2.321218
Train Epoch: 98 [31936/60000 (53%)]	Loss: 2.261492
Train Epoch: 98 [38336/60000 (64%)]	Loss: 1.761041
Train Epoch: 98 [44736/60000 (75%)]	Loss: 2.389373
Train Epoch: 98 [51136/60000 (85%)]	Loss: 2.611721
Train Epoch: 98 [57536/60000 (96%)]	Loss: 1.827549

Test set: Average loss: 2.3959, Accuracy: 3443/10000 (34%)

Train Epoch: 99 [6336/60000 (11%)]	Loss: 2.671609
Train Epoch: 99 [12736/60000 (21%)]	Loss: 2.800837
Train Epoch: 99 [19136/60000 (32%)]	Loss: 2.203705
Train Epoch: 99 [25536/60000 (43%)]	Loss: 2.200160
Train Epoch: 99 [31936/60000 (53%)]	Loss: 2.426863
Train Epoch: 99 [38336/60000 (64%)]	Loss: 2.250140
Train Epoch: 99 [44736/60000 (75%)]	Loss: 1.963472
Train Epoch: 99 [51136/60000 (85%)]	Loss: 2.200728
Train Epoch: 99 [57536/60000 (96%)]	Loss: 2.170519

Test set: Average loss: 2.2366, Accuracy: 3637/10000 (36%)

Train Epoch: 100 [6336/60000 (11%)]	Loss: 1.837590
Train Epoch: 100 [12736/60000 (21%)]	Loss: 2.247131
Train Epoch: 100 [19136/60000 (32%)]	Loss: 2.018848
Train Epoch: 100 [25536/60000 (43%)]	Loss: 2.383790
Train Epoch: 100 [31936/60000 (53%)]	Loss: 2.112232
Train Epoch: 100 [38336/60000 (64%)]	Loss: 2.231050
Train Epoch: 100 [44736/60000 (75%)]	Loss: 2.377953
Train Epoch: 100 [51136/60000 (85%)]	Loss: 2.025362
Train Epoch: 100 [57536/60000 (96%)]	Loss: 2.215271

Test set: Average loss: 2.1227, Accuracy: 3633/10000 (36%)

Train Epoch: 101 [6336/60000 (11%)]	Loss: 2.181273
Train Epoch: 101 [12736/60000 (21%)]	Loss: 2.199558
Train Epoch: 101 [19136/60000 (32%)]	Loss: 2.337451
Train Epoch: 101 [25536/60000 (43%)]	Loss: 2.227317
Train Epoch: 101 [31936/60000 (53%)]	Loss: 2.329520
Train Epoch: 101 [38336/60000 (64%)]	Loss: 2.812598
Train Epoch: 101 [44736/60000 (75%)]	Loss: 2.040527
Train Epoch: 101 [51136/60000 (85%)]	Loss: 2.280962
Train Epoch: 101 [57536/60000 (96%)]	Loss: 2.792250

Test set: Average loss: 2.4718, Accuracy: 3253/10000 (33%)

Train Epoch: 102 [6336/60000 (11%)]	Loss: 2.637024
Train Epoch: 102 [12736/60000 (21%)]	Loss: 2.235692
Train Epoch: 102 [19136/60000 (32%)]	Loss: 2.286482
Train Epoch: 102 [25536/60000 (43%)]	Loss: 2.266324
Train Epoch: 102 [31936/60000 (53%)]	Loss: 2.580999
Train Epoch: 102 [38336/60000 (64%)]	Loss: 2.561207
Train Epoch: 102 [44736/60000 (75%)]	Loss: 2.156439
Train Epoch: 102 [51136/60000 (85%)]	Loss: 2.279571
Train Epoch: 102 [57536/60000 (96%)]	Loss: 2.111267

Test set: Average loss: 2.4524, Accuracy: 3356/10000 (34%)

Train Epoch: 103 [6336/60000 (11%)]	Loss: 2.036104
Train Epoch: 103 [12736/60000 (21%)]	Loss: 2.093226
Train Epoch: 103 [19136/60000 (32%)]	Loss: 2.148149
Train Epoch: 103 [25536/60000 (43%)]	Loss: 2.055964
Train Epoch: 103 [31936/60000 (53%)]	Loss: 1.839823
Train Epoch: 103 [38336/60000 (64%)]	Loss: 2.510012
Train Epoch: 103 [44736/60000 (75%)]	Loss: 2.335003
Train Epoch: 103 [51136/60000 (85%)]	Loss: 2.239371
Train Epoch: 103 [57536/60000 (96%)]	Loss: 2.150828

Test set: Average loss: 2.2449, Accuracy: 3978/10000 (40%)

Train Epoch: 104 [6336/60000 (11%)]	Loss: 2.160081
Train Epoch: 104 [12736/60000 (21%)]	Loss: 2.135972
Train Epoch: 104 [19136/60000 (32%)]	Loss: 2.901625
Train Epoch: 104 [25536/60000 (43%)]	Loss: 2.903711
Train Epoch: 104 [31936/60000 (53%)]	Loss: 2.062146
Train Epoch: 104 [38336/60000 (64%)]	Loss: 2.457885
Train Epoch: 104 [44736/60000 (75%)]	Loss: 2.666081
Train Epoch: 104 [51136/60000 (85%)]	Loss: 2.058645
Train Epoch: 104 [57536/60000 (96%)]	Loss: 2.233899

Test set: Average loss: 2.1034, Accuracy: 3757/10000 (38%)

Train Epoch: 105 [6336/60000 (11%)]	Loss: 2.031794
Train Epoch: 105 [12736/60000 (21%)]	Loss: 2.334321
Train Epoch: 105 [19136/60000 (32%)]	Loss: 2.085446
Train Epoch: 105 [25536/60000 (43%)]	Loss: 2.572903
Train Epoch: 105 [31936/60000 (53%)]	Loss: 1.612835
Train Epoch: 105 [38336/60000 (64%)]	Loss: 2.238664
Train Epoch: 105 [44736/60000 (75%)]	Loss: 1.893415
Train Epoch: 105 [51136/60000 (85%)]	Loss: 2.168540
Train Epoch: 105 [57536/60000 (96%)]	Loss: 1.957570

Test set: Average loss: 2.3073, Accuracy: 3537/10000 (35%)

Train Epoch: 106 [6336/60000 (11%)]	Loss: 2.296000
Train Epoch: 106 [12736/60000 (21%)]	Loss: 2.550028
Train Epoch: 106 [19136/60000 (32%)]	Loss: 2.445114
Train Epoch: 106 [25536/60000 (43%)]	Loss: 1.647538
Train Epoch: 106 [31936/60000 (53%)]	Loss: 2.727884
Train Epoch: 106 [38336/60000 (64%)]	Loss: 2.228321
Train Epoch: 106 [44736/60000 (75%)]	Loss: 2.487001
Train Epoch: 106 [51136/60000 (85%)]	Loss: 1.866878
Train Epoch: 106 [57536/60000 (96%)]	Loss: 2.394382

Test set: Average loss: 2.5400, Accuracy: 3007/10000 (30%)

Train Epoch: 107 [6336/60000 (11%)]	Loss: 2.246541
Train Epoch: 107 [12736/60000 (21%)]	Loss: 2.185190
Train Epoch: 107 [19136/60000 (32%)]	Loss: 2.082024
Train Epoch: 107 [25536/60000 (43%)]	Loss: 2.256103
Train Epoch: 107 [31936/60000 (53%)]	Loss: 1.877227
Train Epoch: 107 [38336/60000 (64%)]	Loss: 2.153465
Train Epoch: 107 [44736/60000 (75%)]	Loss: 2.227599
Train Epoch: 107 [51136/60000 (85%)]	Loss: 2.480739
Train Epoch: 107 [57536/60000 (96%)]	Loss: 2.571179

Test set: Average loss: 2.5504, Accuracy: 3004/10000 (30%)

Train Epoch: 108 [6336/60000 (11%)]	Loss: 2.221336
Train Epoch: 108 [12736/60000 (21%)]	Loss: 2.202132
Train Epoch: 108 [19136/60000 (32%)]	Loss: 2.212085
Train Epoch: 108 [25536/60000 (43%)]	Loss: 2.772143
Train Epoch: 108 [31936/60000 (53%)]	Loss: 1.937729
Train Epoch: 108 [38336/60000 (64%)]	Loss: 2.235717
Train Epoch: 108 [44736/60000 (75%)]	Loss: 2.149125
Train Epoch: 108 [51136/60000 (85%)]	Loss: 2.195879
Train Epoch: 108 [57536/60000 (96%)]	Loss: 2.179413

Test set: Average loss: 2.1405, Accuracy: 3873/10000 (39%)

Train Epoch: 109 [6336/60000 (11%)]	Loss: 2.461909
Train Epoch: 109 [12736/60000 (21%)]	Loss: 2.607549
Train Epoch: 109 [19136/60000 (32%)]	Loss: 2.371778
Train Epoch: 109 [25536/60000 (43%)]	Loss: 2.400826
Train Epoch: 109 [31936/60000 (53%)]	Loss: 1.923784
Train Epoch: 109 [38336/60000 (64%)]	Loss: 2.184332
Train Epoch: 109 [44736/60000 (75%)]	Loss: 2.070075
Train Epoch: 109 [51136/60000 (85%)]	Loss: 2.614910
Train Epoch: 109 [57536/60000 (96%)]	Loss: 2.191976

Test set: Average loss: 2.2506, Accuracy: 3727/10000 (37%)

Train Epoch: 110 [6336/60000 (11%)]	Loss: 2.376754
Train Epoch: 110 [12736/60000 (21%)]	Loss: 2.311100
Train Epoch: 110 [19136/60000 (32%)]	Loss: 2.333919
Train Epoch: 110 [25536/60000 (43%)]	Loss: 2.058602
Train Epoch: 110 [31936/60000 (53%)]	Loss: 2.375875
Train Epoch: 110 [38336/60000 (64%)]	Loss: 1.775142
Train Epoch: 110 [44736/60000 (75%)]	Loss: 1.997894
Train Epoch: 110 [51136/60000 (85%)]	Loss: 2.048618
Train Epoch: 110 [57536/60000 (96%)]	Loss: 1.872417

Test set: Average loss: 2.2407, Accuracy: 3482/10000 (35%)

Train Epoch: 111 [6336/60000 (11%)]	Loss: 2.517460
Train Epoch: 111 [12736/60000 (21%)]	Loss: 2.103541
Train Epoch: 111 [19136/60000 (32%)]	Loss: 2.332565
Train Epoch: 111 [25536/60000 (43%)]	Loss: 2.279145
Train Epoch: 111 [31936/60000 (53%)]	Loss: 1.886589
Train Epoch: 111 [38336/60000 (64%)]	Loss: 2.213471
Train Epoch: 111 [44736/60000 (75%)]	Loss: 1.923029
Train Epoch: 111 [51136/60000 (85%)]	Loss: 2.375372
Train Epoch: 111 [57536/60000 (96%)]	Loss: 2.033212

Test set: Average loss: 2.1220, Accuracy: 4113/10000 (41%)

Train Epoch: 112 [6336/60000 (11%)]	Loss: 2.314855
Train Epoch: 112 [12736/60000 (21%)]	Loss: 2.273474
Train Epoch: 112 [19136/60000 (32%)]	Loss: 1.916825
Train Epoch: 112 [25536/60000 (43%)]	Loss: 2.364169
Train Epoch: 112 [31936/60000 (53%)]	Loss: 2.230162
Train Epoch: 112 [38336/60000 (64%)]	Loss: 1.924547
Train Epoch: 112 [44736/60000 (75%)]	Loss: 2.016432
Train Epoch: 112 [51136/60000 (85%)]	Loss: 2.097613
Train Epoch: 112 [57536/60000 (96%)]	Loss: 2.316615

Test set: Average loss: 2.0936, Accuracy: 3840/10000 (38%)

Train Epoch: 113 [6336/60000 (11%)]	Loss: 1.886377
Train Epoch: 113 [12736/60000 (21%)]	Loss: 1.996179
Train Epoch: 113 [19136/60000 (32%)]	Loss: 2.099070
Train Epoch: 113 [25536/60000 (43%)]	Loss: 1.763637
Train Epoch: 113 [31936/60000 (53%)]	Loss: 2.114181
Train Epoch: 113 [38336/60000 (64%)]	Loss: 2.422903
Train Epoch: 113 [44736/60000 (75%)]	Loss: 2.250764
Train Epoch: 113 [51136/60000 (85%)]	Loss: 1.665971
Train Epoch: 113 [57536/60000 (96%)]	Loss: 1.840705

Test set: Average loss: 2.3246, Accuracy: 3515/10000 (35%)

Train Epoch: 114 [6336/60000 (11%)]	Loss: 2.291113
Train Epoch: 114 [12736/60000 (21%)]	Loss: 1.941905
Train Epoch: 114 [19136/60000 (32%)]	Loss: 2.028280
Train Epoch: 114 [25536/60000 (43%)]	Loss: 2.129193
Train Epoch: 114 [31936/60000 (53%)]	Loss: 2.307203
Train Epoch: 114 [38336/60000 (64%)]	Loss: 2.480007
Train Epoch: 114 [44736/60000 (75%)]	Loss: 2.091189
Train Epoch: 114 [51136/60000 (85%)]	Loss: 2.040986
Train Epoch: 114 [57536/60000 (96%)]	Loss: 2.533446

Test set: Average loss: 2.1842, Accuracy: 3622/10000 (36%)

Train Epoch: 115 [6336/60000 (11%)]	Loss: 1.749063
Train Epoch: 115 [12736/60000 (21%)]	Loss: 1.845172
Train Epoch: 115 [19136/60000 (32%)]	Loss: 1.863435
Train Epoch: 115 [25536/60000 (43%)]	Loss: 2.213735
Train Epoch: 115 [31936/60000 (53%)]	Loss: 1.920538
Train Epoch: 115 [38336/60000 (64%)]	Loss: 2.026387
Train Epoch: 115 [44736/60000 (75%)]	Loss: 1.925049
Train Epoch: 115 [51136/60000 (85%)]	Loss: 2.178301
Train Epoch: 115 [57536/60000 (96%)]	Loss: 2.001533

Test set: Average loss: 2.0226, Accuracy: 3909/10000 (39%)

Train Epoch: 116 [6336/60000 (11%)]	Loss: 2.179105
Train Epoch: 116 [12736/60000 (21%)]	Loss: 2.330580
Train Epoch: 116 [19136/60000 (32%)]	Loss: 2.223315
Train Epoch: 116 [25536/60000 (43%)]	Loss: 2.545711
Train Epoch: 116 [31936/60000 (53%)]	Loss: 2.528987
Train Epoch: 116 [38336/60000 (64%)]	Loss: 2.264139
Train Epoch: 116 [44736/60000 (75%)]	Loss: 1.890104
Train Epoch: 116 [51136/60000 (85%)]	Loss: 1.992295
Train Epoch: 116 [57536/60000 (96%)]	Loss: 2.274743

Test set: Average loss: 2.3815, Accuracy: 2789/10000 (28%)

Train Epoch: 117 [6336/60000 (11%)]	Loss: 2.093349
Train Epoch: 117 [12736/60000 (21%)]	Loss: 2.313264
Train Epoch: 117 [19136/60000 (32%)]	Loss: 1.967124
Train Epoch: 117 [25536/60000 (43%)]	Loss: 2.072295
Train Epoch: 117 [31936/60000 (53%)]	Loss: 1.876467
Train Epoch: 117 [38336/60000 (64%)]	Loss: 2.020712
Train Epoch: 117 [44736/60000 (75%)]	Loss: 2.117705
Train Epoch: 117 [51136/60000 (85%)]	Loss: 2.170344
Train Epoch: 117 [57536/60000 (96%)]	Loss: 2.458142

Test set: Average loss: 2.5254, Accuracy: 2992/10000 (30%)

Train Epoch: 118 [6336/60000 (11%)]	Loss: 1.948671
Train Epoch: 118 [12736/60000 (21%)]	Loss: 2.136822
Train Epoch: 118 [19136/60000 (32%)]	Loss: 2.325488
Train Epoch: 118 [25536/60000 (43%)]	Loss: 1.829659
Train Epoch: 118 [31936/60000 (53%)]	Loss: 2.063166
Train Epoch: 118 [38336/60000 (64%)]	Loss: 2.112079
Train Epoch: 118 [44736/60000 (75%)]	Loss: 2.228918
Train Epoch: 118 [51136/60000 (85%)]	Loss: 2.363780
Train Epoch: 118 [57536/60000 (96%)]	Loss: 2.057276

Test set: Average loss: 1.8323, Accuracy: 4218/10000 (42%)

Train Epoch: 119 [6336/60000 (11%)]	Loss: 1.808933
Train Epoch: 119 [12736/60000 (21%)]	Loss: 1.993530
Train Epoch: 119 [19136/60000 (32%)]	Loss: 2.227023
Train Epoch: 119 [25536/60000 (43%)]	Loss: 1.762001
Train Epoch: 119 [31936/60000 (53%)]	Loss: 1.515799
Train Epoch: 119 [38336/60000 (64%)]	Loss: 1.988404
Train Epoch: 119 [44736/60000 (75%)]	Loss: 1.712303
Train Epoch: 119 [51136/60000 (85%)]	Loss: 1.771950
Train Epoch: 119 [57536/60000 (96%)]	Loss: 1.905961

Test set: Average loss: 2.0221, Accuracy: 4333/10000 (43%)

Train Epoch: 120 [6336/60000 (11%)]	Loss: 2.232012
Train Epoch: 120 [12736/60000 (21%)]	Loss: 1.937367
Train Epoch: 120 [19136/60000 (32%)]	Loss: 2.479492
Train Epoch: 120 [25536/60000 (43%)]	Loss: 1.580522
Train Epoch: 120 [31936/60000 (53%)]	Loss: 1.662003
Train Epoch: 120 [38336/60000 (64%)]	Loss: 1.661502
Train Epoch: 120 [44736/60000 (75%)]	Loss: 2.110256
Train Epoch: 120 [51136/60000 (85%)]	Loss: 1.876804
Train Epoch: 120 [57536/60000 (96%)]	Loss: 1.755227

Test set: Average loss: 2.1032, Accuracy: 3687/10000 (37%)

Train Epoch: 121 [6336/60000 (11%)]	Loss: 2.005708
Train Epoch: 121 [12736/60000 (21%)]	Loss: 2.004699
Train Epoch: 121 [19136/60000 (32%)]	Loss: 1.871776
Train Epoch: 121 [25536/60000 (43%)]	Loss: 1.735353
Train Epoch: 121 [31936/60000 (53%)]	Loss: 1.774824
Train Epoch: 121 [38336/60000 (64%)]	Loss: 1.792040
Train Epoch: 121 [44736/60000 (75%)]	Loss: 1.399424
Train Epoch: 121 [51136/60000 (85%)]	Loss: 1.475801
Train Epoch: 121 [57536/60000 (96%)]	Loss: 1.833115

Test set: Average loss: 2.2294, Accuracy: 3362/10000 (34%)

Train Epoch: 122 [6336/60000 (11%)]	Loss: 1.532567
Train Epoch: 122 [12736/60000 (21%)]	Loss: 1.781813
Train Epoch: 122 [19136/60000 (32%)]	Loss: 1.817396
Train Epoch: 122 [25536/60000 (43%)]	Loss: 1.882719
Train Epoch: 122 [31936/60000 (53%)]	Loss: 1.591414
Train Epoch: 122 [38336/60000 (64%)]	Loss: 1.725331
Train Epoch: 122 [44736/60000 (75%)]	Loss: 1.689295
Train Epoch: 122 [51136/60000 (85%)]	Loss: 1.212086
Train Epoch: 122 [57536/60000 (96%)]	Loss: 1.724772

Test set: Average loss: 1.8346, Accuracy: 3977/10000 (40%)

Train Epoch: 123 [6336/60000 (11%)]	Loss: 1.804218
Train Epoch: 123 [12736/60000 (21%)]	Loss: 1.565977
Train Epoch: 123 [19136/60000 (32%)]	Loss: 1.367293
Train Epoch: 123 [25536/60000 (43%)]	Loss: 1.331795
Train Epoch: 123 [31936/60000 (53%)]	Loss: 2.133369
Train Epoch: 123 [38336/60000 (64%)]	Loss: 1.543997
Train Epoch: 123 [44736/60000 (75%)]	Loss: 1.631747
Train Epoch: 123 [51136/60000 (85%)]	Loss: 1.362006
Train Epoch: 123 [57536/60000 (96%)]	Loss: 1.960196

Test set: Average loss: 1.4824, Accuracy: 5150/10000 (52%)

Train Epoch: 124 [6336/60000 (11%)]	Loss: 1.533982
Train Epoch: 124 [12736/60000 (21%)]	Loss: 1.306048
Train Epoch: 124 [19136/60000 (32%)]	Loss: 1.382278
Train Epoch: 124 [25536/60000 (43%)]	Loss: 1.423467
Train Epoch: 124 [31936/60000 (53%)]	Loss: 1.538149
Train Epoch: 124 [38336/60000 (64%)]	Loss: 1.688538
Train Epoch: 124 [44736/60000 (75%)]	Loss: 1.543633
Train Epoch: 124 [51136/60000 (85%)]	Loss: 1.654157
Train Epoch: 124 [57536/60000 (96%)]	Loss: 1.431120

Test set: Average loss: 1.5194, Accuracy: 4907/10000 (49%)

Train Epoch: 125 [6336/60000 (11%)]	Loss: 1.088690
Train Epoch: 125 [12736/60000 (21%)]	Loss: 1.230388
Train Epoch: 125 [19136/60000 (32%)]	Loss: 0.997793
Train Epoch: 125 [25536/60000 (43%)]	Loss: 1.327050
Train Epoch: 125 [31936/60000 (53%)]	Loss: 1.124954
Train Epoch: 125 [38336/60000 (64%)]	Loss: 1.102226
Train Epoch: 125 [44736/60000 (75%)]	Loss: 1.130307
Train Epoch: 125 [51136/60000 (85%)]	Loss: 1.540604
Train Epoch: 125 [57536/60000 (96%)]	Loss: 1.474306

Test set: Average loss: 1.4295, Accuracy: 5069/10000 (51%)

Namespace(batch_size=64, bias=None, data='../data', device=0, epochs=125, hidden_size=500, load_weights='./paper/lenet5/lenet5_e50_h500.pt', log_interval=100, lr=0.01, model='redlenet5', momentum=0.9, no_cuda=False, r=5, save_model=None, save_results=True, seed=1, sparsity=0.05, use_relu=True, wd=0.0005)


Total time spent pruning/training: 28.99 minutes
Total number of parameters in model: 300170
Number of parameters in pruned model: 285289
