Namespace(batch_size=64, bias=None, data='../data', device=1, epochs=30, hidden_size=500, load_weights='../base2/lenet5/lenet5_e50_h500.pt', log_interval=100, lr=0.01, milestones=[5, 7], model='redlenet5', momentum=0.9, no_cuda=False, r=5, save_model=None, save_results=True, scheduler='cosine', seed=1, sparsity=0.02, use_relu=False, wd=0.0005) 

Training a RedLeNet5 network ...
Train Epoch: 1 [0/60000 (0%)]	Loss: 17.932898
Train Epoch: 1 [6400/60000 (11%)]	Loss: 1.331384
Train Epoch: 1 [12800/60000 (21%)]	Loss: 0.939870
Train Epoch: 1 [19200/60000 (32%)]	Loss: 1.423393
Train Epoch: 1 [25600/60000 (43%)]	Loss: 0.828805
Train Epoch: 1 [32000/60000 (53%)]	Loss: 1.222650
Train Epoch: 1 [38400/60000 (64%)]	Loss: 1.199541
Train Epoch: 1 [44800/60000 (75%)]	Loss: 1.019846
Train Epoch: 1 [51200/60000 (85%)]	Loss: 2.020004
Train Epoch: 1 [57600/60000 (96%)]	Loss: 1.493422

Test set: Average loss: 1.8664, Accuracy: 5650/10000 (56%)

Train Epoch: 2 [0/60000 (0%)]	Loss: 1.968943
Train Epoch: 2 [6400/60000 (11%)]	Loss: 2.210006
Train Epoch: 2 [12800/60000 (21%)]	Loss: 2.533616
Train Epoch: 2 [19200/60000 (32%)]	Loss: 2.999045
Train Epoch: 2 [25600/60000 (43%)]	Loss: 2.891644
Train Epoch: 2 [32000/60000 (53%)]	Loss: 2.363628
Train Epoch: 2 [38400/60000 (64%)]	Loss: 2.280396
Train Epoch: 2 [44800/60000 (75%)]	Loss: 2.324647
Train Epoch: 2 [51200/60000 (85%)]	Loss: 4.035518
Train Epoch: 2 [57600/60000 (96%)]	Loss: 2.995063

Test set: Average loss: 4.0273, Accuracy: 4252/10000 (43%)

Train Epoch: 3 [0/60000 (0%)]	Loss: 4.548684
Train Epoch: 3 [6400/60000 (11%)]	Loss: 2.826192
Train Epoch: 3 [12800/60000 (21%)]	Loss: 5.308302
Train Epoch: 3 [19200/60000 (32%)]	Loss: 4.146796
Train Epoch: 3 [25600/60000 (43%)]	Loss: 4.816474
Train Epoch: 3 [32000/60000 (53%)]	Loss: 4.988709
Train Epoch: 3 [38400/60000 (64%)]	Loss: 4.342071
Train Epoch: 3 [44800/60000 (75%)]	Loss: 3.720807
Train Epoch: 3 [51200/60000 (85%)]	Loss: 3.664971
Train Epoch: 3 [57600/60000 (96%)]	Loss: 4.215095

Test set: Average loss: 6.2720, Accuracy: 2436/10000 (24%)

Train Epoch: 4 [0/60000 (0%)]	Loss: 6.058692
Train Epoch: 4 [6400/60000 (11%)]	Loss: 5.253057
Train Epoch: 4 [12800/60000 (21%)]	Loss: 6.963282
Train Epoch: 4 [19200/60000 (32%)]	Loss: 6.154424
Train Epoch: 4 [25600/60000 (43%)]	Loss: 6.017499
Train Epoch: 4 [32000/60000 (53%)]	Loss: 6.133493
Train Epoch: 4 [38400/60000 (64%)]	Loss: 8.347364
Train Epoch: 4 [44800/60000 (75%)]	Loss: 5.148350
Train Epoch: 4 [51200/60000 (85%)]	Loss: 6.261879
Train Epoch: 4 [57600/60000 (96%)]	Loss: 7.243438

Test set: Average loss: 6.8637, Accuracy: 2220/10000 (22%)

Train Epoch: 5 [0/60000 (0%)]	Loss: 6.552209
Train Epoch: 5 [6400/60000 (11%)]	Loss: 5.994953
Train Epoch: 5 [12800/60000 (21%)]	Loss: 6.885861
Train Epoch: 5 [19200/60000 (32%)]	Loss: 8.267626
Train Epoch: 5 [25600/60000 (43%)]	Loss: 7.340494
Train Epoch: 5 [32000/60000 (53%)]	Loss: 8.322598
Train Epoch: 5 [38400/60000 (64%)]	Loss: 7.268550
Train Epoch: 5 [44800/60000 (75%)]	Loss: 7.392105
Train Epoch: 5 [51200/60000 (85%)]	Loss: 8.148547
Train Epoch: 5 [57600/60000 (96%)]	Loss: 8.097363

Test set: Average loss: 8.3950, Accuracy: 1769/10000 (18%)

Train Epoch: 6 [0/60000 (0%)]	Loss: 8.453755
Train Epoch: 6 [6400/60000 (11%)]	Loss: 8.273519
Train Epoch: 6 [12800/60000 (21%)]	Loss: 8.449912
Train Epoch: 6 [19200/60000 (32%)]	Loss: 5.747748
Train Epoch: 6 [25600/60000 (43%)]	Loss: 8.765214
Train Epoch: 6 [32000/60000 (53%)]	Loss: 7.898981
Train Epoch: 6 [38400/60000 (64%)]	Loss: 7.732084
Train Epoch: 6 [44800/60000 (75%)]	Loss: 7.618929
Train Epoch: 6 [51200/60000 (85%)]	Loss: 9.368496
Train Epoch: 6 [57600/60000 (96%)]	Loss: 8.618846

Test set: Average loss: 8.4317, Accuracy: 1654/10000 (17%)

Train Epoch: 7 [0/60000 (0%)]	Loss: 8.467715
Train Epoch: 7 [6400/60000 (11%)]	Loss: 8.586697
Train Epoch: 7 [12800/60000 (21%)]	Loss: 9.919549
Train Epoch: 7 [19200/60000 (32%)]	Loss: 9.369474
Train Epoch: 7 [25600/60000 (43%)]	Loss: 7.969050
Train Epoch: 7 [32000/60000 (53%)]	Loss: 9.813118
Train Epoch: 7 [38400/60000 (64%)]	Loss: 9.865417
Train Epoch: 7 [44800/60000 (75%)]	Loss: 10.036895
Train Epoch: 7 [51200/60000 (85%)]	Loss: 10.328938
Train Epoch: 7 [57600/60000 (96%)]	Loss: 11.285254

Test set: Average loss: 8.6659, Accuracy: 1833/10000 (18%)

Train Epoch: 8 [0/60000 (0%)]	Loss: 7.193410
Train Epoch: 8 [6400/60000 (11%)]	Loss: 9.675872
Train Epoch: 8 [12800/60000 (21%)]	Loss: 9.222721
Train Epoch: 8 [19200/60000 (32%)]	Loss: 9.075402
Train Epoch: 8 [25600/60000 (43%)]	Loss: 10.751052
Train Epoch: 8 [32000/60000 (53%)]	Loss: 8.923844
Train Epoch: 8 [38400/60000 (64%)]	Loss: 7.865001
Train Epoch: 8 [44800/60000 (75%)]	Loss: 11.864474
Train Epoch: 8 [51200/60000 (85%)]	Loss: 8.592725
Train Epoch: 8 [57600/60000 (96%)]	Loss: 9.251194

Test set: Average loss: 10.3204, Accuracy: 1318/10000 (13%)

Train Epoch: 9 [0/60000 (0%)]	Loss: 9.616560
Train Epoch: 9 [6400/60000 (11%)]	Loss: 10.912311
Train Epoch: 9 [12800/60000 (21%)]	Loss: 8.449479
Train Epoch: 9 [19200/60000 (32%)]	Loss: 9.653379
Train Epoch: 9 [25600/60000 (43%)]	Loss: 9.372595
Train Epoch: 9 [32000/60000 (53%)]	Loss: 10.516990
Train Epoch: 9 [38400/60000 (64%)]	Loss: 8.860589
Train Epoch: 9 [44800/60000 (75%)]	Loss: 9.443493
Train Epoch: 9 [51200/60000 (85%)]	Loss: 9.001469
Train Epoch: 9 [57600/60000 (96%)]	Loss: 8.923262

Test set: Average loss: 10.0129, Accuracy: 1468/10000 (15%)

Train Epoch: 10 [0/60000 (0%)]	Loss: 9.424777
Train Epoch: 10 [6400/60000 (11%)]	Loss: 9.458704
Train Epoch: 10 [12800/60000 (21%)]	Loss: 9.946941
Train Epoch: 10 [19200/60000 (32%)]	Loss: 11.789903
Train Epoch: 10 [25600/60000 (43%)]	Loss: 10.847112
Train Epoch: 10 [32000/60000 (53%)]	Loss: 9.681282
Train Epoch: 10 [38400/60000 (64%)]	Loss: 7.751020
Train Epoch: 10 [44800/60000 (75%)]	Loss: 8.699485
Train Epoch: 10 [51200/60000 (85%)]	Loss: 9.777380
Train Epoch: 10 [57600/60000 (96%)]	Loss: 10.227339

Test set: Average loss: 10.7266, Accuracy: 1418/10000 (14%)

Train Epoch: 11 [0/60000 (0%)]	Loss: 9.697774
Train Epoch: 11 [6400/60000 (11%)]	Loss: 11.283613
Train Epoch: 11 [12800/60000 (21%)]	Loss: 8.290109
Train Epoch: 11 [19200/60000 (32%)]	Loss: 12.053516
Train Epoch: 11 [25600/60000 (43%)]	Loss: 8.189018
Train Epoch: 11 [32000/60000 (53%)]	Loss: 10.449038
Train Epoch: 11 [38400/60000 (64%)]	Loss: 9.355061
Train Epoch: 11 [44800/60000 (75%)]	Loss: 9.703497
Train Epoch: 11 [51200/60000 (85%)]	Loss: 9.463272
Train Epoch: 11 [57600/60000 (96%)]	Loss: 11.156054

Test set: Average loss: 11.0344, Accuracy: 1297/10000 (13%)

Train Epoch: 12 [0/60000 (0%)]	Loss: 10.925413
Train Epoch: 12 [6400/60000 (11%)]	Loss: 10.879575
Train Epoch: 12 [12800/60000 (21%)]	Loss: 9.488608
Train Epoch: 12 [19200/60000 (32%)]	Loss: 10.152407
Train Epoch: 12 [25600/60000 (43%)]	Loss: 10.880015
Train Epoch: 12 [32000/60000 (53%)]	Loss: 9.915782
Train Epoch: 12 [38400/60000 (64%)]	Loss: 11.107693
Train Epoch: 12 [44800/60000 (75%)]	Loss: 12.329654
Train Epoch: 12 [51200/60000 (85%)]	Loss: 9.756175
Train Epoch: 12 [57600/60000 (96%)]	Loss: 8.858109

Test set: Average loss: 11.2660, Accuracy: 1359/10000 (14%)

Train Epoch: 13 [0/60000 (0%)]	Loss: 9.494370
Train Epoch: 13 [6400/60000 (11%)]	Loss: 10.859166
Train Epoch: 13 [12800/60000 (21%)]	Loss: 10.029247
Train Epoch: 13 [19200/60000 (32%)]	Loss: 9.084752
Train Epoch: 13 [25600/60000 (43%)]	Loss: 9.558867
Train Epoch: 13 [32000/60000 (53%)]	Loss: 8.493025
Train Epoch: 13 [38400/60000 (64%)]	Loss: 11.063699
Train Epoch: 13 [44800/60000 (75%)]	Loss: 9.137065
Train Epoch: 13 [51200/60000 (85%)]	Loss: 11.811151
Train Epoch: 13 [57600/60000 (96%)]	Loss: 10.659107

Test set: Average loss: 10.4916, Accuracy: 1364/10000 (14%)

Train Epoch: 14 [0/60000 (0%)]	Loss: 11.416872
Train Epoch: 14 [6400/60000 (11%)]	Loss: 10.213984
Train Epoch: 14 [12800/60000 (21%)]	Loss: 10.362402
Train Epoch: 14 [19200/60000 (32%)]	Loss: 10.730332
Train Epoch: 14 [25600/60000 (43%)]	Loss: 9.764767
Train Epoch: 14 [32000/60000 (53%)]	Loss: 9.457455
Train Epoch: 14 [38400/60000 (64%)]	Loss: 13.806299
Train Epoch: 14 [44800/60000 (75%)]	Loss: 9.922648
Train Epoch: 14 [51200/60000 (85%)]	Loss: 11.447713
Train Epoch: 14 [57600/60000 (96%)]	Loss: 10.395514

Test set: Average loss: 11.4482, Accuracy: 1141/10000 (11%)

Train Epoch: 15 [0/60000 (0%)]	Loss: 11.620239
Train Epoch: 15 [6400/60000 (11%)]	Loss: 10.586688
Train Epoch: 15 [12800/60000 (21%)]	Loss: 11.259982
Train Epoch: 15 [19200/60000 (32%)]	Loss: 10.593554
Train Epoch: 15 [25600/60000 (43%)]	Loss: 12.156341
Train Epoch: 15 [32000/60000 (53%)]	Loss: 10.027200
Train Epoch: 15 [38400/60000 (64%)]	Loss: 9.576847
Train Epoch: 15 [44800/60000 (75%)]	Loss: 11.799780
Train Epoch: 15 [51200/60000 (85%)]	Loss: 10.398593
Train Epoch: 15 [57600/60000 (96%)]	Loss: 12.377576

Test set: Average loss: 11.0664, Accuracy: 1292/10000 (13%)

Train Epoch: 16 [0/60000 (0%)]	Loss: 9.011374
Train Epoch: 16 [6400/60000 (11%)]	Loss: 13.556354
Train Epoch: 16 [12800/60000 (21%)]	Loss: 11.369725
Train Epoch: 16 [19200/60000 (32%)]	Loss: 11.503339
Train Epoch: 16 [25600/60000 (43%)]	Loss: 10.044801
Train Epoch: 16 [32000/60000 (53%)]	Loss: 9.705401
Train Epoch: 16 [38400/60000 (64%)]	Loss: 11.069355
Train Epoch: 16 [44800/60000 (75%)]	Loss: 12.645275
Train Epoch: 16 [51200/60000 (85%)]	Loss: 9.752329
Train Epoch: 16 [57600/60000 (96%)]	Loss: 11.700043

Test set: Average loss: 11.0360, Accuracy: 1248/10000 (12%)

Train Epoch: 17 [0/60000 (0%)]	Loss: 10.802649
Train Epoch: 17 [6400/60000 (11%)]	Loss: 12.043468
Train Epoch: 17 [12800/60000 (21%)]	Loss: 10.156212
Train Epoch: 17 [19200/60000 (32%)]	Loss: 10.134023
Train Epoch: 17 [25600/60000 (43%)]	Loss: 11.599429
Train Epoch: 17 [32000/60000 (53%)]	Loss: 10.426435
Train Epoch: 17 [38400/60000 (64%)]	Loss: 10.357315
Train Epoch: 17 [44800/60000 (75%)]	Loss: 9.049989
Train Epoch: 17 [51200/60000 (85%)]	Loss: 11.817401
Train Epoch: 17 [57600/60000 (96%)]	Loss: 9.701830

Test set: Average loss: 11.0992, Accuracy: 1353/10000 (14%)

Train Epoch: 18 [0/60000 (0%)]	Loss: 10.552832
Train Epoch: 18 [6400/60000 (11%)]	Loss: 11.547488
Train Epoch: 18 [12800/60000 (21%)]	Loss: 10.560076
Train Epoch: 18 [19200/60000 (32%)]	Loss: 10.542496
Train Epoch: 18 [25600/60000 (43%)]	Loss: 10.538331
Train Epoch: 18 [32000/60000 (53%)]	Loss: 9.522379
Train Epoch: 18 [38400/60000 (64%)]	Loss: 13.579359
Train Epoch: 18 [44800/60000 (75%)]	Loss: 12.223474
Train Epoch: 18 [51200/60000 (85%)]	Loss: 9.371570
Train Epoch: 18 [57600/60000 (96%)]	Loss: 11.709830

Test set: Average loss: 11.5158, Accuracy: 1107/10000 (11%)

Train Epoch: 19 [0/60000 (0%)]	Loss: 11.386945
Train Epoch: 19 [6400/60000 (11%)]	Loss: 11.054476
Train Epoch: 19 [12800/60000 (21%)]	Loss: 11.084576
Train Epoch: 19 [19200/60000 (32%)]	Loss: 11.601430
Train Epoch: 19 [25600/60000 (43%)]	Loss: 10.495440
Train Epoch: 19 [32000/60000 (53%)]	Loss: 12.213625
Train Epoch: 19 [38400/60000 (64%)]	Loss: 9.990465
Train Epoch: 19 [44800/60000 (75%)]	Loss: 12.129038
Train Epoch: 19 [51200/60000 (85%)]	Loss: 9.013567
Train Epoch: 19 [57600/60000 (96%)]	Loss: 11.921993

Test set: Average loss: 11.1395, Accuracy: 1256/10000 (13%)

Train Epoch: 20 [0/60000 (0%)]	Loss: 11.691690
Train Epoch: 20 [6400/60000 (11%)]	Loss: 10.683135
Train Epoch: 20 [12800/60000 (21%)]	Loss: 10.870741
Train Epoch: 20 [19200/60000 (32%)]	Loss: 10.659520
Train Epoch: 20 [25600/60000 (43%)]	Loss: 11.121107
Train Epoch: 20 [32000/60000 (53%)]	Loss: 8.819488
Train Epoch: 20 [38400/60000 (64%)]	Loss: 11.542379
Train Epoch: 20 [44800/60000 (75%)]	Loss: 10.086468
Train Epoch: 20 [51200/60000 (85%)]	Loss: 9.745541
Train Epoch: 20 [57600/60000 (96%)]	Loss: 11.551295

Test set: Average loss: 11.7567, Accuracy: 1098/10000 (11%)

Train Epoch: 21 [0/60000 (0%)]	Loss: 11.097504
Train Epoch: 21 [6400/60000 (11%)]	Loss: 11.752189
Train Epoch: 21 [12800/60000 (21%)]	Loss: 12.829081
Train Epoch: 21 [19200/60000 (32%)]	Loss: 9.641202
Train Epoch: 21 [25600/60000 (43%)]	Loss: 11.156805
Train Epoch: 21 [32000/60000 (53%)]	Loss: 12.074733
Train Epoch: 21 [38400/60000 (64%)]	Loss: 10.835403
Train Epoch: 21 [44800/60000 (75%)]	Loss: 9.673862
Train Epoch: 21 [51200/60000 (85%)]	Loss: 11.133394
Train Epoch: 21 [57600/60000 (96%)]	Loss: 10.353545

Test set: Average loss: 10.4656, Accuracy: 1356/10000 (14%)

Train Epoch: 22 [0/60000 (0%)]	Loss: 9.647359
Train Epoch: 22 [6400/60000 (11%)]	Loss: 10.980090
Train Epoch: 22 [12800/60000 (21%)]	Loss: 9.263388
Train Epoch: 22 [19200/60000 (32%)]	Loss: 10.971072
Train Epoch: 22 [25600/60000 (43%)]	Loss: 11.798943
Train Epoch: 22 [32000/60000 (53%)]	Loss: 10.793772
Train Epoch: 22 [38400/60000 (64%)]	Loss: 10.750925
Train Epoch: 22 [44800/60000 (75%)]	Loss: 13.066452
Train Epoch: 22 [51200/60000 (85%)]	Loss: 11.380797
Train Epoch: 22 [57600/60000 (96%)]	Loss: 10.101151

Test set: Average loss: 11.2796, Accuracy: 1200/10000 (12%)

Train Epoch: 23 [0/60000 (0%)]	Loss: 11.891831
Train Epoch: 23 [6400/60000 (11%)]	Loss: 10.629618
Train Epoch: 23 [12800/60000 (21%)]	Loss: 10.935439
Train Epoch: 23 [19200/60000 (32%)]	Loss: 10.608834
Train Epoch: 23 [25600/60000 (43%)]	Loss: 10.801701
Train Epoch: 23 [32000/60000 (53%)]	Loss: 11.516015
Train Epoch: 23 [38400/60000 (64%)]	Loss: 11.334911
Train Epoch: 23 [44800/60000 (75%)]	Loss: 13.058724
Train Epoch: 23 [51200/60000 (85%)]	Loss: 10.495474
Train Epoch: 23 [57600/60000 (96%)]	Loss: 12.065966

Test set: Average loss: 11.3740, Accuracy: 1158/10000 (12%)

Train Epoch: 24 [0/60000 (0%)]	Loss: 12.514011
Train Epoch: 24 [6400/60000 (11%)]	Loss: 12.304739
Train Epoch: 24 [12800/60000 (21%)]	Loss: 12.647385
Train Epoch: 24 [19200/60000 (32%)]	Loss: 13.301399
Train Epoch: 24 [25600/60000 (43%)]	Loss: 11.283594
Train Epoch: 24 [32000/60000 (53%)]	Loss: 9.245261
Train Epoch: 24 [38400/60000 (64%)]	Loss: 12.584027
Train Epoch: 24 [44800/60000 (75%)]	Loss: 13.674597
Train Epoch: 24 [51200/60000 (85%)]	Loss: 10.901332
Train Epoch: 24 [57600/60000 (96%)]	Loss: 8.793278

Test set: Average loss: 11.4022, Accuracy: 1289/10000 (13%)

Train Epoch: 25 [0/60000 (0%)]	Loss: 14.397128
Train Epoch: 25 [6400/60000 (11%)]	Loss: 11.371948
Train Epoch: 25 [12800/60000 (21%)]	Loss: 11.314587
Train Epoch: 25 [19200/60000 (32%)]	Loss: 10.795173
Train Epoch: 25 [25600/60000 (43%)]	Loss: 11.381945
Train Epoch: 25 [32000/60000 (53%)]	Loss: 10.672828
Train Epoch: 25 [38400/60000 (64%)]	Loss: 8.707953
Train Epoch: 25 [44800/60000 (75%)]	Loss: 9.164220
Train Epoch: 25 [51200/60000 (85%)]	Loss: 10.391351
Train Epoch: 25 [57600/60000 (96%)]	Loss: 10.726571

Test set: Average loss: 11.6402, Accuracy: 1214/10000 (12%)

Train Epoch: 26 [0/60000 (0%)]	Loss: 12.424729
Train Epoch: 26 [6400/60000 (11%)]	Loss: 9.816198
Train Epoch: 26 [12800/60000 (21%)]	Loss: 11.696039
Train Epoch: 26 [19200/60000 (32%)]	Loss: 14.149333
Train Epoch: 26 [25600/60000 (43%)]	Loss: 9.645922
Train Epoch: 26 [32000/60000 (53%)]	Loss: 10.727804
Train Epoch: 26 [38400/60000 (64%)]	Loss: 10.455586
Train Epoch: 26 [44800/60000 (75%)]	Loss: 11.648642
Train Epoch: 26 [51200/60000 (85%)]	Loss: 12.829300
Train Epoch: 26 [57600/60000 (96%)]	Loss: 13.292694

Test set: Average loss: 11.7863, Accuracy: 1216/10000 (12%)

Train Epoch: 27 [0/60000 (0%)]	Loss: 12.164918
Train Epoch: 27 [6400/60000 (11%)]	Loss: 11.575473
Train Epoch: 27 [12800/60000 (21%)]	Loss: 10.882548
Train Epoch: 27 [19200/60000 (32%)]	Loss: 12.048657
Train Epoch: 27 [25600/60000 (43%)]	Loss: 11.747904
Train Epoch: 27 [32000/60000 (53%)]	Loss: 12.881861
Train Epoch: 27 [38400/60000 (64%)]	Loss: 10.118460
Train Epoch: 27 [44800/60000 (75%)]	Loss: 14.269646
Train Epoch: 27 [51200/60000 (85%)]	Loss: 10.939669
Train Epoch: 27 [57600/60000 (96%)]	Loss: 10.521935

Test set: Average loss: 12.2336, Accuracy: 1244/10000 (12%)

Train Epoch: 28 [0/60000 (0%)]	Loss: 12.827408
Train Epoch: 28 [6400/60000 (11%)]	Loss: 11.165376
Train Epoch: 28 [12800/60000 (21%)]	Loss: 12.493685
Train Epoch: 28 [19200/60000 (32%)]	Loss: 8.638634
Train Epoch: 28 [25600/60000 (43%)]	Loss: 12.717194
Train Epoch: 28 [32000/60000 (53%)]	Loss: 10.659504
Train Epoch: 28 [38400/60000 (64%)]	Loss: 11.546472
Train Epoch: 28 [44800/60000 (75%)]	Loss: 13.451614
Train Epoch: 28 [51200/60000 (85%)]	Loss: 10.008641
Train Epoch: 28 [57600/60000 (96%)]	Loss: 11.975777

Test set: Average loss: 11.5308, Accuracy: 1209/10000 (12%)

Train Epoch: 29 [0/60000 (0%)]	Loss: 11.456248
Train Epoch: 29 [6400/60000 (11%)]	Loss: 11.634851
Train Epoch: 29 [12800/60000 (21%)]	Loss: 10.831079
Train Epoch: 29 [19200/60000 (32%)]	Loss: 10.757071
Train Epoch: 29 [25600/60000 (43%)]	Loss: 9.442968
Train Epoch: 29 [32000/60000 (53%)]	Loss: 11.155617
Train Epoch: 29 [38400/60000 (64%)]	Loss: 10.599502
Train Epoch: 29 [44800/60000 (75%)]	Loss: 10.669998
Train Epoch: 29 [51200/60000 (85%)]	Loss: 11.044703
Train Epoch: 29 [57600/60000 (96%)]	Loss: 12.337495

Test set: Average loss: 11.8149, Accuracy: 1195/10000 (12%)

Train Epoch: 30 [0/60000 (0%)]	Loss: 10.541447
Train Epoch: 30 [6400/60000 (11%)]	Loss: 10.798966
Train Epoch: 30 [12800/60000 (21%)]	Loss: 9.402872
Train Epoch: 30 [19200/60000 (32%)]	Loss: 11.441700
Train Epoch: 30 [25600/60000 (43%)]	Loss: 10.258015
Train Epoch: 30 [32000/60000 (53%)]	Loss: 13.089756
Train Epoch: 30 [38400/60000 (64%)]	Loss: 13.582671
Train Epoch: 30 [44800/60000 (75%)]	Loss: 11.505467
Train Epoch: 30 [51200/60000 (85%)]	Loss: 13.660828
Train Epoch: 30 [57600/60000 (96%)]	Loss: 12.667591

Test set: Average loss: 11.9313, Accuracy: 1105/10000 (11%)

Namespace(batch_size=64, bias=None, data='../data', device=1, epochs=30, hidden_size=500, load_weights='../base2/lenet5/lenet5_e50_h500.pt', log_interval=100, lr=0.01, milestones=[5, 7], model='redlenet5', momentum=0.9, no_cuda=False, r=5, save_model=None, save_results=True, scheduler='cosine', seed=1, sparsity=0.02, use_relu=False, wd=0.0005)


Total time spent pruning/training: 3.49 minutes
Total number of parameters in model: 300170
Number of parameters in pruned model: 294218
