Namespace(batch_size=64, bias=None, data='../data', device=1, epochs=30, hidden_size=500, load_weights='../base2/lenet5/lenet5_e50_h500.pt', log_interval=100, lr=0.01, milestones=[5, 7], model='redlenet5', momentum=0.9, no_cuda=False, r=5, save_model=None, save_results=True, scheduler='cosine', seed=1, sparsity=0.025, use_relu=True, wd=0.0005) 

Training a RedLeNet5 network ...
Train Epoch: 1 [0/60000 (0%)]	Loss: 8.266586
Train Epoch: 1 [6400/60000 (11%)]	Loss: 1.137584
Train Epoch: 1 [12800/60000 (21%)]	Loss: 0.803853
Train Epoch: 1 [19200/60000 (32%)]	Loss: 0.752735
Train Epoch: 1 [25600/60000 (43%)]	Loss: 0.656006
Train Epoch: 1 [32000/60000 (53%)]	Loss: 0.747120
Train Epoch: 1 [38400/60000 (64%)]	Loss: 0.598952
Train Epoch: 1 [44800/60000 (75%)]	Loss: 0.698244
Train Epoch: 1 [51200/60000 (85%)]	Loss: 0.959896
Train Epoch: 1 [57600/60000 (96%)]	Loss: 0.590104

Test set: Average loss: 0.5544, Accuracy: 8327/10000 (83%)

Train Epoch: 2 [0/60000 (0%)]	Loss: 0.545275
Train Epoch: 2 [6400/60000 (11%)]	Loss: 0.485521
Train Epoch: 2 [12800/60000 (21%)]	Loss: 0.521770
Train Epoch: 2 [19200/60000 (32%)]	Loss: 0.485045
Train Epoch: 2 [25600/60000 (43%)]	Loss: 0.506631
Train Epoch: 2 [32000/60000 (53%)]	Loss: 0.552403
Train Epoch: 2 [38400/60000 (64%)]	Loss: 0.595764
Train Epoch: 2 [44800/60000 (75%)]	Loss: 0.621244
Train Epoch: 2 [51200/60000 (85%)]	Loss: 0.495319
Train Epoch: 2 [57600/60000 (96%)]	Loss: 0.335337

Test set: Average loss: 0.5275, Accuracy: 8331/10000 (83%)

Train Epoch: 3 [0/60000 (0%)]	Loss: 0.570719
Train Epoch: 3 [6400/60000 (11%)]	Loss: 0.372258
Train Epoch: 3 [12800/60000 (21%)]	Loss: 0.517058
Train Epoch: 3 [19200/60000 (32%)]	Loss: 0.340976
Train Epoch: 3 [25600/60000 (43%)]	Loss: 0.351939
Train Epoch: 3 [32000/60000 (53%)]	Loss: 0.592650
Train Epoch: 3 [38400/60000 (64%)]	Loss: 0.543621
Train Epoch: 3 [44800/60000 (75%)]	Loss: 0.591299
Train Epoch: 3 [51200/60000 (85%)]	Loss: 0.288449
Train Epoch: 3 [57600/60000 (96%)]	Loss: 0.329886

Test set: Average loss: 0.5038, Accuracy: 8404/10000 (84%)

Train Epoch: 4 [0/60000 (0%)]	Loss: 0.512601
Train Epoch: 4 [6400/60000 (11%)]	Loss: 0.361520
Train Epoch: 4 [12800/60000 (21%)]	Loss: 0.364599
Train Epoch: 4 [19200/60000 (32%)]	Loss: 0.528424
Train Epoch: 4 [25600/60000 (43%)]	Loss: 0.431263
Train Epoch: 4 [32000/60000 (53%)]	Loss: 0.466082
Train Epoch: 4 [38400/60000 (64%)]	Loss: 0.461012
Train Epoch: 4 [44800/60000 (75%)]	Loss: 0.365321
Train Epoch: 4 [51200/60000 (85%)]	Loss: 0.610175
Train Epoch: 4 [57600/60000 (96%)]	Loss: 0.393124

Test set: Average loss: 0.5585, Accuracy: 8211/10000 (82%)

Train Epoch: 5 [0/60000 (0%)]	Loss: 0.528212
Train Epoch: 5 [6400/60000 (11%)]	Loss: 0.573723
Train Epoch: 5 [12800/60000 (21%)]	Loss: 0.509489
Train Epoch: 5 [19200/60000 (32%)]	Loss: 0.722673
Train Epoch: 5 [25600/60000 (43%)]	Loss: 0.396551
Train Epoch: 5 [32000/60000 (53%)]	Loss: 0.714561
Train Epoch: 5 [38400/60000 (64%)]	Loss: 0.457658
Train Epoch: 5 [44800/60000 (75%)]	Loss: 0.438605
Train Epoch: 5 [51200/60000 (85%)]	Loss: 0.454273
Train Epoch: 5 [57600/60000 (96%)]	Loss: 0.412408

Test set: Average loss: 0.6518, Accuracy: 7809/10000 (78%)

Train Epoch: 6 [0/60000 (0%)]	Loss: 0.591910
Train Epoch: 6 [6400/60000 (11%)]	Loss: 0.643123
Train Epoch: 6 [12800/60000 (21%)]	Loss: 0.666518
Train Epoch: 6 [19200/60000 (32%)]	Loss: 0.691649
Train Epoch: 6 [25600/60000 (43%)]	Loss: 0.761765
Train Epoch: 6 [32000/60000 (53%)]	Loss: 0.599724
Train Epoch: 6 [38400/60000 (64%)]	Loss: 0.601522
Train Epoch: 6 [44800/60000 (75%)]	Loss: 0.661556
Train Epoch: 6 [51200/60000 (85%)]	Loss: 0.610374
Train Epoch: 6 [57600/60000 (96%)]	Loss: 0.801823

Test set: Average loss: 0.6554, Accuracy: 7904/10000 (79%)

Train Epoch: 7 [0/60000 (0%)]	Loss: 0.642974
Train Epoch: 7 [6400/60000 (11%)]	Loss: 0.755807
Train Epoch: 7 [12800/60000 (21%)]	Loss: 0.510092
Train Epoch: 7 [19200/60000 (32%)]	Loss: 0.556879
Train Epoch: 7 [25600/60000 (43%)]	Loss: 0.584428
Train Epoch: 7 [32000/60000 (53%)]	Loss: 0.413392
Train Epoch: 7 [38400/60000 (64%)]	Loss: 0.776517
Train Epoch: 7 [44800/60000 (75%)]	Loss: 0.627095
Train Epoch: 7 [51200/60000 (85%)]	Loss: 0.709632
Train Epoch: 7 [57600/60000 (96%)]	Loss: 0.574672

Test set: Average loss: 1.2346, Accuracy: 6301/10000 (63%)

Train Epoch: 8 [0/60000 (0%)]	Loss: 1.333456
Train Epoch: 8 [6400/60000 (11%)]	Loss: 0.631396
Train Epoch: 8 [12800/60000 (21%)]	Loss: 0.730296
Train Epoch: 8 [19200/60000 (32%)]	Loss: 0.576720
Train Epoch: 8 [25600/60000 (43%)]	Loss: 0.656439
Train Epoch: 8 [32000/60000 (53%)]	Loss: 0.924889
Train Epoch: 8 [38400/60000 (64%)]	Loss: 0.901776
Train Epoch: 8 [44800/60000 (75%)]	Loss: 0.782112
Train Epoch: 8 [51200/60000 (85%)]	Loss: 0.553728
Train Epoch: 8 [57600/60000 (96%)]	Loss: 0.448964

Test set: Average loss: 1.1778, Accuracy: 6006/10000 (60%)

Train Epoch: 9 [0/60000 (0%)]	Loss: 1.188537
Train Epoch: 9 [6400/60000 (11%)]	Loss: 0.548130
Train Epoch: 9 [12800/60000 (21%)]	Loss: 0.679452
Train Epoch: 9 [19200/60000 (32%)]	Loss: 0.786489
Train Epoch: 9 [25600/60000 (43%)]	Loss: 0.928463
Train Epoch: 9 [32000/60000 (53%)]	Loss: 0.835473
Train Epoch: 9 [38400/60000 (64%)]	Loss: 0.766689
Train Epoch: 9 [44800/60000 (75%)]	Loss: 0.913000
Train Epoch: 9 [51200/60000 (85%)]	Loss: 0.788907
Train Epoch: 9 [57600/60000 (96%)]	Loss: 0.767237

Test set: Average loss: 0.9539, Accuracy: 6910/10000 (69%)

Train Epoch: 10 [0/60000 (0%)]	Loss: 0.867053
Train Epoch: 10 [6400/60000 (11%)]	Loss: 0.652974
Train Epoch: 10 [12800/60000 (21%)]	Loss: 0.884223
Train Epoch: 10 [19200/60000 (32%)]	Loss: 0.918965
Train Epoch: 10 [25600/60000 (43%)]	Loss: 1.048898
Train Epoch: 10 [32000/60000 (53%)]	Loss: 0.778138
Train Epoch: 10 [38400/60000 (64%)]	Loss: 0.886218
Train Epoch: 10 [44800/60000 (75%)]	Loss: 0.700116
Train Epoch: 10 [51200/60000 (85%)]	Loss: 1.107642
Train Epoch: 10 [57600/60000 (96%)]	Loss: 0.870800

Test set: Average loss: 1.0069, Accuracy: 6812/10000 (68%)

Train Epoch: 11 [0/60000 (0%)]	Loss: 0.910122
Train Epoch: 11 [6400/60000 (11%)]	Loss: 0.757700
Train Epoch: 11 [12800/60000 (21%)]	Loss: 0.773929
Train Epoch: 11 [19200/60000 (32%)]	Loss: 0.929405
Train Epoch: 11 [25600/60000 (43%)]	Loss: 0.842824
Train Epoch: 11 [32000/60000 (53%)]	Loss: 0.868538
Train Epoch: 11 [38400/60000 (64%)]	Loss: 0.908472
Train Epoch: 11 [44800/60000 (75%)]	Loss: 0.892277
Train Epoch: 11 [51200/60000 (85%)]	Loss: 0.924934
Train Epoch: 11 [57600/60000 (96%)]	Loss: 1.079846

Test set: Average loss: 1.0139, Accuracy: 6597/10000 (66%)

Train Epoch: 12 [0/60000 (0%)]	Loss: 1.496132
Train Epoch: 12 [6400/60000 (11%)]	Loss: 1.465142
Train Epoch: 12 [12800/60000 (21%)]	Loss: 0.848897
Train Epoch: 12 [19200/60000 (32%)]	Loss: 1.182803
Train Epoch: 12 [25600/60000 (43%)]	Loss: 1.528489
Train Epoch: 12 [32000/60000 (53%)]	Loss: 1.397772
Train Epoch: 12 [38400/60000 (64%)]	Loss: 1.080048
Train Epoch: 12 [44800/60000 (75%)]	Loss: 0.990847
Train Epoch: 12 [51200/60000 (85%)]	Loss: 0.732490
Train Epoch: 12 [57600/60000 (96%)]	Loss: 0.946899

Test set: Average loss: 1.5399, Accuracy: 5109/10000 (51%)

Train Epoch: 13 [0/60000 (0%)]	Loss: 1.653100
Train Epoch: 13 [6400/60000 (11%)]	Loss: 1.885929
Train Epoch: 13 [12800/60000 (21%)]	Loss: 0.893065
Train Epoch: 13 [19200/60000 (32%)]	Loss: 1.352119
Train Epoch: 13 [25600/60000 (43%)]	Loss: 1.249030
Train Epoch: 13 [32000/60000 (53%)]	Loss: 1.426751
Train Epoch: 13 [38400/60000 (64%)]	Loss: 0.821254
Train Epoch: 13 [44800/60000 (75%)]	Loss: 1.796597
Train Epoch: 13 [51200/60000 (85%)]	Loss: 1.764523
Train Epoch: 13 [57600/60000 (96%)]	Loss: 1.412676

Test set: Average loss: 1.2716, Accuracy: 5910/10000 (59%)

Train Epoch: 14 [0/60000 (0%)]	Loss: 1.424875
Train Epoch: 14 [6400/60000 (11%)]	Loss: 1.214424
Train Epoch: 14 [12800/60000 (21%)]	Loss: 1.218312
Train Epoch: 14 [19200/60000 (32%)]	Loss: 1.093787
Train Epoch: 14 [25600/60000 (43%)]	Loss: 1.396141
Train Epoch: 14 [32000/60000 (53%)]	Loss: 1.358352
Train Epoch: 14 [38400/60000 (64%)]	Loss: 1.013453
Train Epoch: 14 [44800/60000 (75%)]	Loss: 1.070946
Train Epoch: 14 [51200/60000 (85%)]	Loss: 1.392694
Train Epoch: 14 [57600/60000 (96%)]	Loss: 1.113202

Test set: Average loss: 1.6374, Accuracy: 4841/10000 (48%)

Train Epoch: 15 [0/60000 (0%)]	Loss: 1.565660
Train Epoch: 15 [6400/60000 (11%)]	Loss: 1.269579
Train Epoch: 15 [12800/60000 (21%)]	Loss: 1.237186
Train Epoch: 15 [19200/60000 (32%)]	Loss: 1.240189
Train Epoch: 15 [25600/60000 (43%)]	Loss: 1.713277
Train Epoch: 15 [32000/60000 (53%)]	Loss: 1.334072
Train Epoch: 15 [38400/60000 (64%)]	Loss: 1.341407
Train Epoch: 15 [44800/60000 (75%)]	Loss: 1.356062
Train Epoch: 15 [51200/60000 (85%)]	Loss: 1.741196
Train Epoch: 15 [57600/60000 (96%)]	Loss: 1.158725

Test set: Average loss: 1.5624, Accuracy: 4904/10000 (49%)

Train Epoch: 16 [0/60000 (0%)]	Loss: 1.519029
Train Epoch: 16 [6400/60000 (11%)]	Loss: 1.360743
Train Epoch: 16 [12800/60000 (21%)]	Loss: 1.499263
Train Epoch: 16 [19200/60000 (32%)]	Loss: 1.504701
Train Epoch: 16 [25600/60000 (43%)]	Loss: 1.406137
Train Epoch: 16 [32000/60000 (53%)]	Loss: 1.362451
Train Epoch: 16 [38400/60000 (64%)]	Loss: 1.689369
Train Epoch: 16 [44800/60000 (75%)]	Loss: 1.283627
Train Epoch: 16 [51200/60000 (85%)]	Loss: 1.797218
Train Epoch: 16 [57600/60000 (96%)]	Loss: 1.796234

Test set: Average loss: 1.4958, Accuracy: 5348/10000 (53%)

Train Epoch: 17 [0/60000 (0%)]	Loss: 1.662454
Train Epoch: 17 [6400/60000 (11%)]	Loss: 1.567849
Train Epoch: 17 [12800/60000 (21%)]	Loss: 1.376281
Train Epoch: 17 [19200/60000 (32%)]	Loss: 1.409485
Train Epoch: 17 [25600/60000 (43%)]	Loss: 1.457026
Train Epoch: 17 [32000/60000 (53%)]	Loss: 1.637361
Train Epoch: 17 [38400/60000 (64%)]	Loss: 1.575317
Train Epoch: 17 [44800/60000 (75%)]	Loss: 1.360955
Train Epoch: 17 [51200/60000 (85%)]	Loss: 1.743485
Train Epoch: 17 [57600/60000 (96%)]	Loss: 1.765830

Test set: Average loss: 1.7077, Accuracy: 4602/10000 (46%)

Train Epoch: 18 [0/60000 (0%)]	Loss: 2.274900
Train Epoch: 18 [6400/60000 (11%)]	Loss: 1.385645
Train Epoch: 18 [12800/60000 (21%)]	Loss: 1.684670
Train Epoch: 18 [19200/60000 (32%)]	Loss: 1.635118
Train Epoch: 18 [25600/60000 (43%)]	Loss: 1.566105
Train Epoch: 18 [32000/60000 (53%)]	Loss: 1.561152
Train Epoch: 18 [38400/60000 (64%)]	Loss: 2.323750
Train Epoch: 18 [44800/60000 (75%)]	Loss: 1.756385
Train Epoch: 18 [51200/60000 (85%)]	Loss: 1.674999
Train Epoch: 18 [57600/60000 (96%)]	Loss: 1.791020

Test set: Average loss: 1.7037, Accuracy: 4600/10000 (46%)

Train Epoch: 19 [0/60000 (0%)]	Loss: 1.852918
Train Epoch: 19 [6400/60000 (11%)]	Loss: 1.739743
Train Epoch: 19 [12800/60000 (21%)]	Loss: 1.657356
Train Epoch: 19 [19200/60000 (32%)]	Loss: 1.684594
Train Epoch: 19 [25600/60000 (43%)]	Loss: 1.862439
Train Epoch: 19 [32000/60000 (53%)]	Loss: 1.828641
Train Epoch: 19 [38400/60000 (64%)]	Loss: 1.963434
Train Epoch: 19 [44800/60000 (75%)]	Loss: 1.975404
Train Epoch: 19 [51200/60000 (85%)]	Loss: 1.771703
Train Epoch: 19 [57600/60000 (96%)]	Loss: 1.507613

Test set: Average loss: 2.1375, Accuracy: 3501/10000 (35%)

Train Epoch: 20 [0/60000 (0%)]	Loss: 1.818277
Train Epoch: 20 [6400/60000 (11%)]	Loss: 1.770751
Train Epoch: 20 [12800/60000 (21%)]	Loss: 1.863100
Train Epoch: 20 [19200/60000 (32%)]	Loss: 2.077904
Train Epoch: 20 [25600/60000 (43%)]	Loss: 2.189001
Train Epoch: 20 [32000/60000 (53%)]	Loss: 1.807853
Train Epoch: 20 [38400/60000 (64%)]	Loss: 1.778802
Train Epoch: 20 [44800/60000 (75%)]	Loss: 2.242598
Train Epoch: 20 [51200/60000 (85%)]	Loss: 2.048671
Train Epoch: 20 [57600/60000 (96%)]	Loss: 2.187580

Test set: Average loss: 1.9206, Accuracy: 3980/10000 (40%)

Train Epoch: 21 [0/60000 (0%)]	Loss: 2.145149
Train Epoch: 21 [6400/60000 (11%)]	Loss: 1.552979
Train Epoch: 21 [12800/60000 (21%)]	Loss: 2.053460
Train Epoch: 21 [19200/60000 (32%)]	Loss: 1.598780
Train Epoch: 21 [25600/60000 (43%)]	Loss: 2.061911
Train Epoch: 21 [32000/60000 (53%)]	Loss: 1.531294
Train Epoch: 21 [38400/60000 (64%)]	Loss: 2.105124
Train Epoch: 21 [44800/60000 (75%)]	Loss: 1.753501
Train Epoch: 21 [51200/60000 (85%)]	Loss: 2.076551
Train Epoch: 21 [57600/60000 (96%)]	Loss: 2.383313

Test set: Average loss: 1.7878, Accuracy: 4455/10000 (45%)

Train Epoch: 22 [0/60000 (0%)]	Loss: 1.625088
Train Epoch: 22 [6400/60000 (11%)]	Loss: 1.677105
Train Epoch: 22 [12800/60000 (21%)]	Loss: 1.874347
Train Epoch: 22 [19200/60000 (32%)]	Loss: 2.026177
Train Epoch: 22 [25600/60000 (43%)]	Loss: 1.570935
Train Epoch: 22 [32000/60000 (53%)]	Loss: 2.002902
Train Epoch: 22 [38400/60000 (64%)]	Loss: 1.923228
Train Epoch: 22 [44800/60000 (75%)]	Loss: 1.555857
Train Epoch: 22 [51200/60000 (85%)]	Loss: 1.886380
Train Epoch: 22 [57600/60000 (96%)]	Loss: 1.802247

Test set: Average loss: 1.9096, Accuracy: 3991/10000 (40%)

Train Epoch: 23 [0/60000 (0%)]	Loss: 2.145365
Train Epoch: 23 [6400/60000 (11%)]	Loss: 1.829244
Train Epoch: 23 [12800/60000 (21%)]	Loss: 1.948248
Train Epoch: 23 [19200/60000 (32%)]	Loss: 1.565376
Train Epoch: 23 [25600/60000 (43%)]	Loss: 2.202635
Train Epoch: 23 [32000/60000 (53%)]	Loss: 2.070589
Train Epoch: 23 [38400/60000 (64%)]	Loss: 2.254519
Train Epoch: 23 [44800/60000 (75%)]	Loss: 1.821296
Train Epoch: 23 [51200/60000 (85%)]	Loss: 1.733522
Train Epoch: 23 [57600/60000 (96%)]	Loss: 1.821705

Test set: Average loss: 1.9188, Accuracy: 3893/10000 (39%)

Train Epoch: 24 [0/60000 (0%)]	Loss: 1.707482
Train Epoch: 24 [6400/60000 (11%)]	Loss: 1.620941
Train Epoch: 24 [12800/60000 (21%)]	Loss: 1.794130
Train Epoch: 24 [19200/60000 (32%)]	Loss: 2.044240
Train Epoch: 24 [25600/60000 (43%)]	Loss: 1.640301
Train Epoch: 24 [32000/60000 (53%)]	Loss: 2.111726
Train Epoch: 24 [38400/60000 (64%)]	Loss: 1.858553
Train Epoch: 24 [44800/60000 (75%)]	Loss: 2.051886
Train Epoch: 24 [51200/60000 (85%)]	Loss: 1.865307
Train Epoch: 24 [57600/60000 (96%)]	Loss: 2.007439

Test set: Average loss: 2.3238, Accuracy: 3356/10000 (34%)

Train Epoch: 25 [0/60000 (0%)]	Loss: 1.702545
Train Epoch: 25 [6400/60000 (11%)]	Loss: 1.907122
Train Epoch: 25 [12800/60000 (21%)]	Loss: 1.893280
Train Epoch: 25 [19200/60000 (32%)]	Loss: 1.957280
Train Epoch: 25 [25600/60000 (43%)]	Loss: 2.015198
Train Epoch: 25 [32000/60000 (53%)]	Loss: 1.968750
Train Epoch: 25 [38400/60000 (64%)]	Loss: 1.807819
Train Epoch: 25 [44800/60000 (75%)]	Loss: 2.004932
Train Epoch: 25 [51200/60000 (85%)]	Loss: 1.830963
Train Epoch: 25 [57600/60000 (96%)]	Loss: 1.776972

Test set: Average loss: 2.2866, Accuracy: 3287/10000 (33%)

Train Epoch: 26 [0/60000 (0%)]	Loss: 2.199025
Train Epoch: 26 [6400/60000 (11%)]	Loss: 1.936492
Train Epoch: 26 [12800/60000 (21%)]	Loss: 2.160415
Train Epoch: 26 [19200/60000 (32%)]	Loss: 1.857838
Train Epoch: 26 [25600/60000 (43%)]	Loss: 1.971883
Train Epoch: 26 [32000/60000 (53%)]	Loss: 2.081766
Train Epoch: 26 [38400/60000 (64%)]	Loss: 1.953022
Train Epoch: 26 [44800/60000 (75%)]	Loss: 2.226151
Train Epoch: 26 [51200/60000 (85%)]	Loss: 1.671938
Train Epoch: 26 [57600/60000 (96%)]	Loss: 1.768932

Test set: Average loss: 2.0118, Accuracy: 3747/10000 (37%)

Train Epoch: 27 [0/60000 (0%)]	Loss: 2.302346
Train Epoch: 27 [6400/60000 (11%)]	Loss: 2.161317
Train Epoch: 27 [12800/60000 (21%)]	Loss: 1.796618
Train Epoch: 27 [19200/60000 (32%)]	Loss: 2.073753
Train Epoch: 27 [25600/60000 (43%)]	Loss: 1.970158
Train Epoch: 27 [32000/60000 (53%)]	Loss: 1.645709
Train Epoch: 27 [38400/60000 (64%)]	Loss: 1.729736
Train Epoch: 27 [44800/60000 (75%)]	Loss: 2.239707
Train Epoch: 27 [51200/60000 (85%)]	Loss: 2.219057
Train Epoch: 27 [57600/60000 (96%)]	Loss: 1.962976

Test set: Average loss: 2.0628, Accuracy: 3974/10000 (40%)

Train Epoch: 28 [0/60000 (0%)]	Loss: 2.082493
Train Epoch: 28 [6400/60000 (11%)]	Loss: 2.061111
Train Epoch: 28 [12800/60000 (21%)]	Loss: 2.068235
Train Epoch: 28 [19200/60000 (32%)]	Loss: 2.221770
Train Epoch: 28 [25600/60000 (43%)]	Loss: 2.003175
Train Epoch: 28 [32000/60000 (53%)]	Loss: 1.931544
Train Epoch: 28 [38400/60000 (64%)]	Loss: 2.631273
Train Epoch: 28 [44800/60000 (75%)]	Loss: 2.435945
Train Epoch: 28 [51200/60000 (85%)]	Loss: 2.128540
Train Epoch: 28 [57600/60000 (96%)]	Loss: 2.219985

Test set: Average loss: 2.3695, Accuracy: 3198/10000 (32%)

Train Epoch: 29 [0/60000 (0%)]	Loss: 1.985778
Train Epoch: 29 [6400/60000 (11%)]	Loss: 2.384570
Train Epoch: 29 [12800/60000 (21%)]	Loss: 2.072858
Train Epoch: 29 [19200/60000 (32%)]	Loss: 2.288123
Train Epoch: 29 [25600/60000 (43%)]	Loss: 1.868412
Train Epoch: 29 [32000/60000 (53%)]	Loss: 2.220944
Train Epoch: 29 [38400/60000 (64%)]	Loss: 2.338225
Train Epoch: 29 [44800/60000 (75%)]	Loss: 2.113293
Train Epoch: 29 [51200/60000 (85%)]	Loss: 2.031892
Train Epoch: 29 [57600/60000 (96%)]	Loss: 2.154910

Test set: Average loss: 2.2153, Accuracy: 3536/10000 (35%)

Train Epoch: 30 [0/60000 (0%)]	Loss: 2.128975
Train Epoch: 30 [6400/60000 (11%)]	Loss: 2.226599
Train Epoch: 30 [12800/60000 (21%)]	Loss: 1.745926
Train Epoch: 30 [19200/60000 (32%)]	Loss: 2.389750
Train Epoch: 30 [25600/60000 (43%)]	Loss: 2.297549
Train Epoch: 30 [32000/60000 (53%)]	Loss: 2.056796
Train Epoch: 30 [38400/60000 (64%)]	Loss: 2.095481
Train Epoch: 30 [44800/60000 (75%)]	Loss: 1.888596
Train Epoch: 30 [51200/60000 (85%)]	Loss: 2.077462
Train Epoch: 30 [57600/60000 (96%)]	Loss: 2.112034

Test set: Average loss: 2.2780, Accuracy: 3230/10000 (32%)

Namespace(batch_size=64, bias=None, data='../data', device=1, epochs=30, hidden_size=500, load_weights='../base2/lenet5/lenet5_e50_h500.pt', log_interval=100, lr=0.01, milestones=[5, 7], model='redlenet5', momentum=0.9, no_cuda=False, r=5, save_model=None, save_results=True, scheduler='cosine', seed=1, sparsity=0.025, use_relu=True, wd=0.0005)


Total time spent pruning/training: 3.44 minutes
Total number of parameters in model: 300170
Number of parameters in pruned model: 292730
