Namespace(batch_size=64, bias=None, data='../data', device=0, epochs=16, hidden_size=500, load_weights='./paper/lenet5/lenet5_e50_h500.pt', log_interval=100, lr=0.01, model='redlenet5', momentum=0.9, no_cuda=False, r=5, save_model=None, save_results=True, seed=1, sparsity=0.9, use_relu=True, wd=0.0005) 

Training a RedLeNet5 network ...
Train Epoch: 1 [6336/60000 (11%)]	Loss: 2.302731
Train Epoch: 1 [12736/60000 (21%)]	Loss: 2.302595
Train Epoch: 1 [19136/60000 (32%)]	Loss: 2.302692
Train Epoch: 1 [25536/60000 (43%)]	Loss: 2.302631
Train Epoch: 1 [31936/60000 (53%)]	Loss: 2.303065
Train Epoch: 1 [38336/60000 (64%)]	Loss: 2.303061
Train Epoch: 1 [44736/60000 (75%)]	Loss: 2.302755
Train Epoch: 1 [51136/60000 (85%)]	Loss: 2.302637
Train Epoch: 1 [57536/60000 (96%)]	Loss: 2.302173

Test set: Average loss: 2.3024, Accuracy: 1027/10000 (10%)

Train Epoch: 2 [6336/60000 (11%)]	Loss: 2.302538
Train Epoch: 2 [12736/60000 (21%)]	Loss: 2.302485
Train Epoch: 2 [19136/60000 (32%)]	Loss: 2.302259
Train Epoch: 2 [25536/60000 (43%)]	Loss: 2.302102
Train Epoch: 2 [31936/60000 (53%)]	Loss: 2.302543
Train Epoch: 2 [38336/60000 (64%)]	Loss: 2.302426
Train Epoch: 2 [44736/60000 (75%)]	Loss: 2.302331
Train Epoch: 2 [51136/60000 (85%)]	Loss: 2.302364
Train Epoch: 2 [57536/60000 (96%)]	Loss: 2.302217

Test set: Average loss: 2.3025, Accuracy: 1071/10000 (11%)

Train Epoch: 3 [6336/60000 (11%)]	Loss: 2.302206
Train Epoch: 3 [12736/60000 (21%)]	Loss: 2.302085
Train Epoch: 3 [19136/60000 (32%)]	Loss: 2.301575
Train Epoch: 3 [25536/60000 (43%)]	Loss: 2.301597
Train Epoch: 3 [31936/60000 (53%)]	Loss: 2.301667
Train Epoch: 3 [38336/60000 (64%)]	Loss: 2.301524
Train Epoch: 3 [44736/60000 (75%)]	Loss: 2.302237
Train Epoch: 3 [51136/60000 (85%)]	Loss: 2.301688
Train Epoch: 3 [57536/60000 (96%)]	Loss: 2.304081

Test set: Average loss: 2.3015, Accuracy: 1062/10000 (11%)

Train Epoch: 4 [6336/60000 (11%)]	Loss: 2.301828
Train Epoch: 4 [12736/60000 (21%)]	Loss: 2.301403
Train Epoch: 4 [19136/60000 (32%)]	Loss: 2.301188
Train Epoch: 4 [25536/60000 (43%)]	Loss: 2.301100
Train Epoch: 4 [31936/60000 (53%)]	Loss: 2.303119
Train Epoch: 4 [38336/60000 (64%)]	Loss: 2.301566
Train Epoch: 4 [44736/60000 (75%)]	Loss: 2.301281
Train Epoch: 4 [51136/60000 (85%)]	Loss: 2.301006
Train Epoch: 4 [57536/60000 (96%)]	Loss: 2.300575

Test set: Average loss: 2.3009, Accuracy: 1021/10000 (10%)

Train Epoch: 5 [6336/60000 (11%)]	Loss: 2.299798
Train Epoch: 5 [12736/60000 (21%)]	Loss: 2.300939
Train Epoch: 5 [19136/60000 (32%)]	Loss: 2.298829
Train Epoch: 5 [25536/60000 (43%)]	Loss: 2.299299
Train Epoch: 5 [31936/60000 (53%)]	Loss: 2.300188
Train Epoch: 5 [38336/60000 (64%)]	Loss: 2.300708
Train Epoch: 5 [44736/60000 (75%)]	Loss: 2.297710
Train Epoch: 5 [51136/60000 (85%)]	Loss: 2.299899
Train Epoch: 5 [57536/60000 (96%)]	Loss: 2.298444

Test set: Average loss: 2.2984, Accuracy: 1120/10000 (11%)

Train Epoch: 6 [6336/60000 (11%)]	Loss: 2.296258
Train Epoch: 6 [12736/60000 (21%)]	Loss: 2.298638
Train Epoch: 6 [19136/60000 (32%)]	Loss: 2.298414
Train Epoch: 6 [25536/60000 (43%)]	Loss: 2.297059
Train Epoch: 6 [31936/60000 (53%)]	Loss: 2.294464
Train Epoch: 6 [38336/60000 (64%)]	Loss: 2.295604
Train Epoch: 6 [44736/60000 (75%)]	Loss: 2.295949
Train Epoch: 6 [51136/60000 (85%)]	Loss: 2.296680
Train Epoch: 6 [57536/60000 (96%)]	Loss: 2.297005

Test set: Average loss: 2.2966, Accuracy: 1264/10000 (13%)

Train Epoch: 7 [6336/60000 (11%)]	Loss: 2.299823
Train Epoch: 7 [12736/60000 (21%)]	Loss: 2.297209
Train Epoch: 7 [19136/60000 (32%)]	Loss: 2.297925
Train Epoch: 7 [25536/60000 (43%)]	Loss: 2.295675
Train Epoch: 7 [31936/60000 (53%)]	Loss: 2.295673
Train Epoch: 7 [38336/60000 (64%)]	Loss: 2.293247
Train Epoch: 7 [44736/60000 (75%)]	Loss: 2.293392
Train Epoch: 7 [51136/60000 (85%)]	Loss: 2.296606
Train Epoch: 7 [57536/60000 (96%)]	Loss: 2.293628

Test set: Average loss: 2.2945, Accuracy: 1324/10000 (13%)

Train Epoch: 8 [6336/60000 (11%)]	Loss: 2.291251
Train Epoch: 8 [12736/60000 (21%)]	Loss: 2.291089
Train Epoch: 8 [19136/60000 (32%)]	Loss: 2.292634
Train Epoch: 8 [25536/60000 (43%)]	Loss: 2.297925
Train Epoch: 8 [31936/60000 (53%)]	Loss: 2.290968
Train Epoch: 8 [38336/60000 (64%)]	Loss: 2.298458
Train Epoch: 8 [44736/60000 (75%)]	Loss: 2.290471
Train Epoch: 8 [51136/60000 (85%)]	Loss: 2.291745
Train Epoch: 8 [57536/60000 (96%)]	Loss: 2.294357

Test set: Average loss: 2.2915, Accuracy: 1304/10000 (13%)

Train Epoch: 9 [6336/60000 (11%)]	Loss: 2.293974
Train Epoch: 9 [12736/60000 (21%)]	Loss: 2.289865
Train Epoch: 9 [19136/60000 (32%)]	Loss: 2.298351
Train Epoch: 9 [25536/60000 (43%)]	Loss: 2.294959
Train Epoch: 9 [31936/60000 (53%)]	Loss: 2.286762
Train Epoch: 9 [38336/60000 (64%)]	Loss: 2.283412
Train Epoch: 9 [44736/60000 (75%)]	Loss: 2.287720
Train Epoch: 9 [51136/60000 (85%)]	Loss: 2.292302
Train Epoch: 9 [57536/60000 (96%)]	Loss: 2.285027

Test set: Average loss: 2.2895, Accuracy: 1270/10000 (13%)

Train Epoch: 10 [6336/60000 (11%)]	Loss: 2.297219
Train Epoch: 10 [12736/60000 (21%)]	Loss: 2.284728
Train Epoch: 10 [19136/60000 (32%)]	Loss: 2.292913
Train Epoch: 10 [25536/60000 (43%)]	Loss: 2.284818
Train Epoch: 10 [31936/60000 (53%)]	Loss: 2.286809
Train Epoch: 10 [38336/60000 (64%)]	Loss: 2.284811
Train Epoch: 10 [44736/60000 (75%)]	Loss: 2.292393
Train Epoch: 10 [51136/60000 (85%)]	Loss: 2.291953
Train Epoch: 10 [57536/60000 (96%)]	Loss: 2.298429

Test set: Average loss: 2.2889, Accuracy: 1197/10000 (12%)

Train Epoch: 11 [6336/60000 (11%)]	Loss: 2.272366
Train Epoch: 11 [12736/60000 (21%)]	Loss: 2.288479
Train Epoch: 11 [19136/60000 (32%)]	Loss: 2.284541
Train Epoch: 11 [25536/60000 (43%)]	Loss: 2.285509
Train Epoch: 11 [31936/60000 (53%)]	Loss: 2.283235
Train Epoch: 11 [38336/60000 (64%)]	Loss: 2.280792
Train Epoch: 11 [44736/60000 (75%)]	Loss: 2.297318
Train Epoch: 11 [51136/60000 (85%)]	Loss: 2.292590
Train Epoch: 11 [57536/60000 (96%)]	Loss: 2.296892

Test set: Average loss: 2.2884, Accuracy: 1268/10000 (13%)

Train Epoch: 12 [6336/60000 (11%)]	Loss: 2.286041
Train Epoch: 12 [12736/60000 (21%)]	Loss: 2.292827
Train Epoch: 12 [19136/60000 (32%)]	Loss: 2.290537
Train Epoch: 12 [25536/60000 (43%)]	Loss: 2.274456
Train Epoch: 12 [31936/60000 (53%)]	Loss: 2.290082
Train Epoch: 12 [38336/60000 (64%)]	Loss: 2.300719
Train Epoch: 12 [44736/60000 (75%)]	Loss: 2.292880
Train Epoch: 12 [51136/60000 (85%)]	Loss: 2.290953
Train Epoch: 12 [57536/60000 (96%)]	Loss: 2.287388

Test set: Average loss: 2.2874, Accuracy: 1182/10000 (12%)

Train Epoch: 13 [6336/60000 (11%)]	Loss: 2.288668
Train Epoch: 13 [12736/60000 (21%)]	Loss: 2.297275
Train Epoch: 13 [19136/60000 (32%)]	Loss: 2.298772
Train Epoch: 13 [25536/60000 (43%)]	Loss: 2.282954
Train Epoch: 13 [31936/60000 (53%)]	Loss: 2.300969
Train Epoch: 13 [38336/60000 (64%)]	Loss: 2.284429
Train Epoch: 13 [44736/60000 (75%)]	Loss: 2.291593
Train Epoch: 13 [51136/60000 (85%)]	Loss: 2.291550
Train Epoch: 13 [57536/60000 (96%)]	Loss: 2.288992

Test set: Average loss: 2.2874, Accuracy: 1211/10000 (12%)

Train Epoch: 14 [6336/60000 (11%)]	Loss: 2.289777
Train Epoch: 14 [12736/60000 (21%)]	Loss: 2.285661
Train Epoch: 14 [19136/60000 (32%)]	Loss: 2.291162
Train Epoch: 14 [25536/60000 (43%)]	Loss: 2.283908
Train Epoch: 14 [31936/60000 (53%)]	Loss: 2.281443
Train Epoch: 14 [38336/60000 (64%)]	Loss: 2.271846
Train Epoch: 14 [44736/60000 (75%)]	Loss: 2.287115
Train Epoch: 14 [51136/60000 (85%)]	Loss: 2.287717
Train Epoch: 14 [57536/60000 (96%)]	Loss: 2.284186

Test set: Average loss: 2.2872, Accuracy: 1214/10000 (12%)

Train Epoch: 15 [6336/60000 (11%)]	Loss: 2.285414
Train Epoch: 15 [12736/60000 (21%)]	Loss: 2.275406
Train Epoch: 15 [19136/60000 (32%)]	Loss: 2.283730
Train Epoch: 15 [25536/60000 (43%)]	Loss: 2.290059
Train Epoch: 15 [31936/60000 (53%)]	Loss: 2.279020
Train Epoch: 15 [38336/60000 (64%)]	Loss: 2.295425
Train Epoch: 15 [44736/60000 (75%)]	Loss: 2.288395
Train Epoch: 15 [51136/60000 (85%)]	Loss: 2.288294
Train Epoch: 15 [57536/60000 (96%)]	Loss: 2.284847

Test set: Average loss: 2.2873, Accuracy: 1187/10000 (12%)

Train Epoch: 16 [6336/60000 (11%)]	Loss: 2.290194
Train Epoch: 16 [12736/60000 (21%)]	Loss: 2.286614
Train Epoch: 16 [19136/60000 (32%)]	Loss: 2.278274
Train Epoch: 16 [25536/60000 (43%)]	Loss: 2.281854
Train Epoch: 16 [31936/60000 (53%)]	Loss: 2.290378
Train Epoch: 16 [38336/60000 (64%)]	Loss: 2.281632
Train Epoch: 16 [44736/60000 (75%)]	Loss: 2.287698
Train Epoch: 16 [51136/60000 (85%)]	Loss: 2.280547
Train Epoch: 16 [57536/60000 (96%)]	Loss: 2.284075

Test set: Average loss: 2.2873, Accuracy: 1185/10000 (12%)

Namespace(batch_size=64, bias=None, data='../data', device=0, epochs=16, hidden_size=500, load_weights='./paper/lenet5/lenet5_e50_h500.pt', log_interval=100, lr=0.01, model='redlenet5', momentum=0.9, no_cuda=False, r=5, save_model=None, save_results=True, seed=1, sparsity=0.9, use_relu=True, wd=0.0005)


Total time spent pruning/training: 1.76 minutes
Total number of parameters in model: 300170
Number of parameters in pruned model: 32312
