Namespace(batch_size=64, bias=None, data='../data', device=0, epochs=8, hidden_size=500, load_weights='./paper/lenet5/lenet5_e50_h500.pt', log_interval=100, lr=0.01, model='redlenet5', momentum=0.9, no_cuda=False, r=5, save_model=None, save_results=True, seed=1, sparsity=0.025, use_relu=False, wd=0.0005) 

Training a RedLeNet5 network ...
Train Epoch: 1 [6336/60000 (11%)]	Loss: 0.989872
Train Epoch: 1 [12736/60000 (21%)]	Loss: 1.321030
Train Epoch: 1 [19136/60000 (32%)]	Loss: 0.402905
Train Epoch: 1 [25536/60000 (43%)]	Loss: 0.442956
Train Epoch: 1 [31936/60000 (53%)]	Loss: 0.775225
Train Epoch: 1 [38336/60000 (64%)]	Loss: 0.762251
Train Epoch: 1 [44736/60000 (75%)]	Loss: 0.573199
Train Epoch: 1 [51136/60000 (85%)]	Loss: 0.682401
Train Epoch: 1 [57536/60000 (96%)]	Loss: 1.307486

Test set: Average loss: 0.8221, Accuracy: 7502/10000 (75%)

Train Epoch: 2 [6336/60000 (11%)]	Loss: 1.299990
Train Epoch: 2 [12736/60000 (21%)]	Loss: 0.702985
Train Epoch: 2 [19136/60000 (32%)]	Loss: 0.544577
Train Epoch: 2 [25536/60000 (43%)]	Loss: 1.122909
Train Epoch: 2 [31936/60000 (53%)]	Loss: 1.540231
Train Epoch: 2 [38336/60000 (64%)]	Loss: 2.421024
Train Epoch: 2 [44736/60000 (75%)]	Loss: 0.616510
Train Epoch: 2 [51136/60000 (85%)]	Loss: 0.906335
Train Epoch: 2 [57536/60000 (96%)]	Loss: 1.042700

Test set: Average loss: 1.3029, Accuracy: 6121/10000 (61%)

Train Epoch: 3 [6336/60000 (11%)]	Loss: 2.065767
Train Epoch: 3 [12736/60000 (21%)]	Loss: 1.319368
Train Epoch: 3 [19136/60000 (32%)]	Loss: 1.723736
Train Epoch: 3 [25536/60000 (43%)]	Loss: 1.615280
Train Epoch: 3 [31936/60000 (53%)]	Loss: 1.669526
Train Epoch: 3 [38336/60000 (64%)]	Loss: 1.848151
Train Epoch: 3 [44736/60000 (75%)]	Loss: 1.788070
Train Epoch: 3 [51136/60000 (85%)]	Loss: 1.819836
Train Epoch: 3 [57536/60000 (96%)]	Loss: 1.921482

Test set: Average loss: 2.2742, Accuracy: 5122/10000 (51%)

Train Epoch: 4 [6336/60000 (11%)]	Loss: 2.812477
Train Epoch: 4 [12736/60000 (21%)]	Loss: 2.393060
Train Epoch: 4 [19136/60000 (32%)]	Loss: 1.509688
Train Epoch: 4 [25536/60000 (43%)]	Loss: 2.314680
Train Epoch: 4 [31936/60000 (53%)]	Loss: 2.363753
Train Epoch: 4 [38336/60000 (64%)]	Loss: 3.693491
Train Epoch: 4 [44736/60000 (75%)]	Loss: 2.275806
Train Epoch: 4 [51136/60000 (85%)]	Loss: 1.690616
Train Epoch: 4 [57536/60000 (96%)]	Loss: 3.515471

Test set: Average loss: 2.5312, Accuracy: 4992/10000 (50%)

Train Epoch: 5 [6336/60000 (11%)]	Loss: 2.461473
Train Epoch: 5 [12736/60000 (21%)]	Loss: 2.821000
Train Epoch: 5 [19136/60000 (32%)]	Loss: 3.184634
Train Epoch: 5 [25536/60000 (43%)]	Loss: 3.626299
Train Epoch: 5 [31936/60000 (53%)]	Loss: 2.724306
Train Epoch: 5 [38336/60000 (64%)]	Loss: 3.143629
Train Epoch: 5 [44736/60000 (75%)]	Loss: 2.980615
Train Epoch: 5 [51136/60000 (85%)]	Loss: 3.369542
Train Epoch: 5 [57536/60000 (96%)]	Loss: 3.318359

Test set: Average loss: 3.4806, Accuracy: 4037/10000 (40%)

Train Epoch: 6 [6336/60000 (11%)]	Loss: 2.520982
Train Epoch: 6 [12736/60000 (21%)]	Loss: 2.437768
Train Epoch: 6 [19136/60000 (32%)]	Loss: 3.556186
Train Epoch: 6 [25536/60000 (43%)]	Loss: 3.612508
Train Epoch: 6 [31936/60000 (53%)]	Loss: 3.032583
Train Epoch: 6 [38336/60000 (64%)]	Loss: 3.406847
Train Epoch: 6 [44736/60000 (75%)]	Loss: 4.730068
Train Epoch: 6 [51136/60000 (85%)]	Loss: 4.510564
Train Epoch: 6 [57536/60000 (96%)]	Loss: 5.175569

Test set: Average loss: 4.2768, Accuracy: 3862/10000 (39%)

Train Epoch: 7 [6336/60000 (11%)]	Loss: 3.587213
Train Epoch: 7 [12736/60000 (21%)]	Loss: 3.590069
Train Epoch: 7 [19136/60000 (32%)]	Loss: 4.319430
Train Epoch: 7 [25536/60000 (43%)]	Loss: 3.482307
Train Epoch: 7 [31936/60000 (53%)]	Loss: 3.883739
Train Epoch: 7 [38336/60000 (64%)]	Loss: 4.588089
Train Epoch: 7 [44736/60000 (75%)]	Loss: 5.483098
Train Epoch: 7 [51136/60000 (85%)]	Loss: 4.070118
Train Epoch: 7 [57536/60000 (96%)]	Loss: 5.428149

Test set: Average loss: 4.3464, Accuracy: 3271/10000 (33%)

Train Epoch: 8 [6336/60000 (11%)]	Loss: 4.167325
Train Epoch: 8 [12736/60000 (21%)]	Loss: 2.749113
Train Epoch: 8 [19136/60000 (32%)]	Loss: 2.402722
Train Epoch: 8 [25536/60000 (43%)]	Loss: 3.438796
Train Epoch: 8 [31936/60000 (53%)]	Loss: 4.301329
Train Epoch: 8 [38336/60000 (64%)]	Loss: 4.619721
Train Epoch: 8 [44736/60000 (75%)]	Loss: 2.839410
Train Epoch: 8 [51136/60000 (85%)]	Loss: 4.258540
Train Epoch: 8 [57536/60000 (96%)]	Loss: 3.212907

Test set: Average loss: 4.7293, Accuracy: 3572/10000 (36%)

Namespace(batch_size=64, bias=None, data='../data', device=0, epochs=8, hidden_size=500, load_weights='./paper/lenet5/lenet5_e50_h500.pt', log_interval=100, lr=0.01, model='redlenet5', momentum=0.9, no_cuda=False, r=5, save_model=None, save_results=True, seed=1, sparsity=0.025, use_relu=False, wd=0.0005)


Total time spent pruning/training: 0.89 minutes
Total number of parameters in model: 300170
Number of parameters in pruned model: 292730
