Namespace(batch_size=64, bias=None, data='../data', device=0, epochs=10, hidden_size=500, load_weights='./paper/lenet5/lenet5_e50_h500.pt', log_interval=100, lr=0.01, model='redlenet5', momentum=0.9, no_cuda=False, r=5, save_model=None, save_results=True, seed=1, sparsity=0.5, use_relu=True, wd=0.0005) 

Training a RedLeNet5 network ...
Train Epoch: 1 [6336/60000 (11%)]	Loss: 1.928482
Train Epoch: 1 [12736/60000 (21%)]	Loss: 1.544259
Train Epoch: 1 [19136/60000 (32%)]	Loss: 0.911311
Train Epoch: 1 [25536/60000 (43%)]	Loss: 0.696201
Train Epoch: 1 [31936/60000 (53%)]	Loss: 0.851145
Train Epoch: 1 [38336/60000 (64%)]	Loss: 0.988208
Train Epoch: 1 [44736/60000 (75%)]	Loss: 0.712000
Train Epoch: 1 [51136/60000 (85%)]	Loss: 0.769431
Train Epoch: 1 [57536/60000 (96%)]	Loss: 0.587024

Test set: Average loss: 0.5910, Accuracy: 8313/10000 (83%)

Train Epoch: 2 [6336/60000 (11%)]	Loss: 0.569669
Train Epoch: 2 [12736/60000 (21%)]	Loss: 0.451024
Train Epoch: 2 [19136/60000 (32%)]	Loss: 0.504832
Train Epoch: 2 [25536/60000 (43%)]	Loss: 0.507976
Train Epoch: 2 [31936/60000 (53%)]	Loss: 0.557318
Train Epoch: 2 [38336/60000 (64%)]	Loss: 0.715195
Train Epoch: 2 [44736/60000 (75%)]	Loss: 0.288152
Train Epoch: 2 [51136/60000 (85%)]	Loss: 0.447705
Train Epoch: 2 [57536/60000 (96%)]	Loss: 0.460432

Test set: Average loss: 0.4657, Accuracy: 8723/10000 (87%)

Train Epoch: 3 [6336/60000 (11%)]	Loss: 0.520528
Train Epoch: 3 [12736/60000 (21%)]	Loss: 0.473631
Train Epoch: 3 [19136/60000 (32%)]	Loss: 0.459406
Train Epoch: 3 [25536/60000 (43%)]	Loss: 0.301056
Train Epoch: 3 [31936/60000 (53%)]	Loss: 0.542565
Train Epoch: 3 [38336/60000 (64%)]	Loss: 0.437861
Train Epoch: 3 [44736/60000 (75%)]	Loss: 0.355574
Train Epoch: 3 [51136/60000 (85%)]	Loss: 0.385964
Train Epoch: 3 [57536/60000 (96%)]	Loss: 0.454295

Test set: Average loss: 0.3848, Accuracy: 8957/10000 (90%)

Train Epoch: 4 [6336/60000 (11%)]	Loss: 0.551888
Train Epoch: 4 [12736/60000 (21%)]	Loss: 0.415117
Train Epoch: 4 [19136/60000 (32%)]	Loss: 0.439537
Train Epoch: 4 [25536/60000 (43%)]	Loss: 0.409112
Train Epoch: 4 [31936/60000 (53%)]	Loss: 0.394649
Train Epoch: 4 [38336/60000 (64%)]	Loss: 0.460910
Train Epoch: 4 [44736/60000 (75%)]	Loss: 0.314016
Train Epoch: 4 [51136/60000 (85%)]	Loss: 0.383166
Train Epoch: 4 [57536/60000 (96%)]	Loss: 0.445409

Test set: Average loss: 0.3554, Accuracy: 9079/10000 (91%)

Train Epoch: 5 [6336/60000 (11%)]	Loss: 0.309013
Train Epoch: 5 [12736/60000 (21%)]	Loss: 0.437803
Train Epoch: 5 [19136/60000 (32%)]	Loss: 0.343643
Train Epoch: 5 [25536/60000 (43%)]	Loss: 0.435074
Train Epoch: 5 [31936/60000 (53%)]	Loss: 0.495700
Train Epoch: 5 [38336/60000 (64%)]	Loss: 0.216177
Train Epoch: 5 [44736/60000 (75%)]	Loss: 0.385491
Train Epoch: 5 [51136/60000 (85%)]	Loss: 0.282643
Train Epoch: 5 [57536/60000 (96%)]	Loss: 0.435907

Test set: Average loss: 0.3477, Accuracy: 9067/10000 (91%)

Train Epoch: 6 [6336/60000 (11%)]	Loss: 0.354477
Train Epoch: 6 [12736/60000 (21%)]	Loss: 0.285834
Train Epoch: 6 [19136/60000 (32%)]	Loss: 0.373467
Train Epoch: 6 [25536/60000 (43%)]	Loss: 0.331142
Train Epoch: 6 [31936/60000 (53%)]	Loss: 0.370685
Train Epoch: 6 [38336/60000 (64%)]	Loss: 0.372864
Train Epoch: 6 [44736/60000 (75%)]	Loss: 0.278139
Train Epoch: 6 [51136/60000 (85%)]	Loss: 0.415791
Train Epoch: 6 [57536/60000 (96%)]	Loss: 0.417558

Test set: Average loss: 0.3821, Accuracy: 8865/10000 (89%)

Train Epoch: 7 [6336/60000 (11%)]	Loss: 0.370439
Train Epoch: 7 [12736/60000 (21%)]	Loss: 0.362994
Train Epoch: 7 [19136/60000 (32%)]	Loss: 0.500307
Train Epoch: 7 [25536/60000 (43%)]	Loss: 0.306044
Train Epoch: 7 [31936/60000 (53%)]	Loss: 0.410258
Train Epoch: 7 [38336/60000 (64%)]	Loss: 0.260708
Train Epoch: 7 [44736/60000 (75%)]	Loss: 0.349734
Train Epoch: 7 [51136/60000 (85%)]	Loss: 0.353798
Train Epoch: 7 [57536/60000 (96%)]	Loss: 0.245138

Test set: Average loss: 0.3188, Accuracy: 9165/10000 (92%)

Train Epoch: 8 [6336/60000 (11%)]	Loss: 0.311220
Train Epoch: 8 [12736/60000 (21%)]	Loss: 0.578005
Train Epoch: 8 [19136/60000 (32%)]	Loss: 0.412390
Train Epoch: 8 [25536/60000 (43%)]	Loss: 0.358409
Train Epoch: 8 [31936/60000 (53%)]	Loss: 0.183155
Train Epoch: 8 [38336/60000 (64%)]	Loss: 0.341308
Train Epoch: 8 [44736/60000 (75%)]	Loss: 0.253387
Train Epoch: 8 [51136/60000 (85%)]	Loss: 0.358150
Train Epoch: 8 [57536/60000 (96%)]	Loss: 0.343119

Test set: Average loss: 0.3486, Accuracy: 9045/10000 (90%)

Train Epoch: 9 [6336/60000 (11%)]	Loss: 0.340452
Train Epoch: 9 [12736/60000 (21%)]	Loss: 0.322103
Train Epoch: 9 [19136/60000 (32%)]	Loss: 0.469333
Train Epoch: 9 [25536/60000 (43%)]	Loss: 0.236202
Train Epoch: 9 [31936/60000 (53%)]	Loss: 0.216371
Train Epoch: 9 [38336/60000 (64%)]	Loss: 0.241632
Train Epoch: 9 [44736/60000 (75%)]	Loss: 0.479356
Train Epoch: 9 [51136/60000 (85%)]	Loss: 0.482047
Train Epoch: 9 [57536/60000 (96%)]	Loss: 0.373987

Test set: Average loss: 0.3089, Accuracy: 9194/10000 (92%)

Train Epoch: 10 [6336/60000 (11%)]	Loss: 0.178313
Train Epoch: 10 [12736/60000 (21%)]	Loss: 0.385468
Train Epoch: 10 [19136/60000 (32%)]	Loss: 0.266212
Train Epoch: 10 [25536/60000 (43%)]	Loss: 0.376285
Train Epoch: 10 [31936/60000 (53%)]	Loss: 0.448567
Train Epoch: 10 [38336/60000 (64%)]	Loss: 0.346474
Train Epoch: 10 [44736/60000 (75%)]	Loss: 0.369248
Train Epoch: 10 [51136/60000 (85%)]	Loss: 0.219005
Train Epoch: 10 [57536/60000 (96%)]	Loss: 0.250776

Test set: Average loss: 0.3177, Accuracy: 9147/10000 (91%)

Namespace(batch_size=64, bias=None, data='../data', device=0, epochs=10, hidden_size=500, load_weights='./paper/lenet5/lenet5_e50_h500.pt', log_interval=100, lr=0.01, model='redlenet5', momentum=0.9, no_cuda=False, r=5, save_model=None, save_results=True, seed=1, sparsity=0.5, use_relu=True, wd=0.0005)


Total time spent pruning/training: 1.08 minutes
Total number of parameters in model: 300170
Number of parameters in pruned model: 151360
