Namespace(batch_size=64, bias=None, data='../data', device=0, epochs=10, hidden_size=500, load_weights='./paper/lenet5/lenet5_e50_h500.pt', log_interval=100, lr=0.01, model='redlenet5', momentum=0.9, no_cuda=False, r=5, save_model=None, save_results=True, seed=1, sparsity=0.02, use_relu=False, wd=0.0005) 

Training a RedLeNet5 network ...
Train Epoch: 1 [6336/60000 (11%)]	Loss: 1.589047
Train Epoch: 1 [12736/60000 (21%)]	Loss: 1.203286
Train Epoch: 1 [19136/60000 (32%)]	Loss: 0.767450
Train Epoch: 1 [25536/60000 (43%)]	Loss: 0.981925
Train Epoch: 1 [31936/60000 (53%)]	Loss: 1.849517
Train Epoch: 1 [38336/60000 (64%)]	Loss: 1.697098
Train Epoch: 1 [44736/60000 (75%)]	Loss: 1.336214
Train Epoch: 1 [51136/60000 (85%)]	Loss: 1.568365
Train Epoch: 1 [57536/60000 (96%)]	Loss: 1.212293

Test set: Average loss: 1.8664, Accuracy: 5650/10000 (56%)

Train Epoch: 2 [6336/60000 (11%)]	Loss: 2.103114
Train Epoch: 2 [12736/60000 (21%)]	Loss: 2.382498
Train Epoch: 2 [19136/60000 (32%)]	Loss: 2.561604
Train Epoch: 2 [25536/60000 (43%)]	Loss: 3.701868
Train Epoch: 2 [31936/60000 (53%)]	Loss: 2.504922
Train Epoch: 2 [38336/60000 (64%)]	Loss: 3.202541
Train Epoch: 2 [44736/60000 (75%)]	Loss: 2.697891
Train Epoch: 2 [51136/60000 (85%)]	Loss: 2.254865
Train Epoch: 2 [57536/60000 (96%)]	Loss: 2.385983

Test set: Average loss: 3.8627, Accuracy: 4154/10000 (42%)

Train Epoch: 3 [6336/60000 (11%)]	Loss: 4.324847
Train Epoch: 3 [12736/60000 (21%)]	Loss: 4.306023
Train Epoch: 3 [19136/60000 (32%)]	Loss: 4.027714
Train Epoch: 3 [25536/60000 (43%)]	Loss: 6.238188
Train Epoch: 3 [31936/60000 (53%)]	Loss: 4.739245
Train Epoch: 3 [38336/60000 (64%)]	Loss: 4.343446
Train Epoch: 3 [44736/60000 (75%)]	Loss: 4.786539
Train Epoch: 3 [51136/60000 (85%)]	Loss: 5.163291
Train Epoch: 3 [57536/60000 (96%)]	Loss: 4.431753

Test set: Average loss: 4.8952, Accuracy: 2653/10000 (27%)

Train Epoch: 4 [6336/60000 (11%)]	Loss: 5.301569
Train Epoch: 4 [12736/60000 (21%)]	Loss: 5.816393
Train Epoch: 4 [19136/60000 (32%)]	Loss: 5.698584
Train Epoch: 4 [25536/60000 (43%)]	Loss: 5.826939
Train Epoch: 4 [31936/60000 (53%)]	Loss: 5.566360
Train Epoch: 4 [38336/60000 (64%)]	Loss: 5.091727
Train Epoch: 4 [44736/60000 (75%)]	Loss: 5.811768
Train Epoch: 4 [51136/60000 (85%)]	Loss: 4.948579
Train Epoch: 4 [57536/60000 (96%)]	Loss: 6.077657

Test set: Average loss: 6.5861, Accuracy: 2142/10000 (21%)

Train Epoch: 5 [6336/60000 (11%)]	Loss: 6.020279
Train Epoch: 5 [12736/60000 (21%)]	Loss: 6.794915
Train Epoch: 5 [19136/60000 (32%)]	Loss: 6.886272
Train Epoch: 5 [25536/60000 (43%)]	Loss: 6.498215
Train Epoch: 5 [31936/60000 (53%)]	Loss: 6.689888
Train Epoch: 5 [38336/60000 (64%)]	Loss: 8.322739
Train Epoch: 5 [44736/60000 (75%)]	Loss: 7.069573
Train Epoch: 5 [51136/60000 (85%)]	Loss: 7.239460
Train Epoch: 5 [57536/60000 (96%)]	Loss: 7.228217

Test set: Average loss: 7.1894, Accuracy: 2322/10000 (23%)

Train Epoch: 6 [6336/60000 (11%)]	Loss: 8.388298
Train Epoch: 6 [12736/60000 (21%)]	Loss: 6.995262
Train Epoch: 6 [19136/60000 (32%)]	Loss: 8.162726
Train Epoch: 6 [25536/60000 (43%)]	Loss: 7.960541
Train Epoch: 6 [31936/60000 (53%)]	Loss: 6.269226
Train Epoch: 6 [38336/60000 (64%)]	Loss: 8.472508
Train Epoch: 6 [44736/60000 (75%)]	Loss: 8.294881
Train Epoch: 6 [51136/60000 (85%)]	Loss: 8.324012
Train Epoch: 6 [57536/60000 (96%)]	Loss: 7.539437

Test set: Average loss: 7.3929, Accuracy: 1804/10000 (18%)

Train Epoch: 7 [6336/60000 (11%)]	Loss: 7.874323
Train Epoch: 7 [12736/60000 (21%)]	Loss: 8.086820
Train Epoch: 7 [19136/60000 (32%)]	Loss: 8.367598
Train Epoch: 7 [25536/60000 (43%)]	Loss: 7.185306
Train Epoch: 7 [31936/60000 (53%)]	Loss: 7.444265
Train Epoch: 7 [38336/60000 (64%)]	Loss: 8.427155
Train Epoch: 7 [44736/60000 (75%)]	Loss: 9.182343
Train Epoch: 7 [51136/60000 (85%)]	Loss: 8.929370
Train Epoch: 7 [57536/60000 (96%)]	Loss: 8.553151

Test set: Average loss: 7.9864, Accuracy: 1733/10000 (17%)

Train Epoch: 8 [6336/60000 (11%)]	Loss: 7.560401
Train Epoch: 8 [12736/60000 (21%)]	Loss: 6.947194
Train Epoch: 8 [19136/60000 (32%)]	Loss: 7.365270
Train Epoch: 8 [25536/60000 (43%)]	Loss: 8.193781
Train Epoch: 8 [31936/60000 (53%)]	Loss: 7.150045
Train Epoch: 8 [38336/60000 (64%)]	Loss: 8.068241
Train Epoch: 8 [44736/60000 (75%)]	Loss: 7.630031
Train Epoch: 8 [51136/60000 (85%)]	Loss: 7.066705
Train Epoch: 8 [57536/60000 (96%)]	Loss: 8.055638

Test set: Average loss: 8.3768, Accuracy: 1615/10000 (16%)

Train Epoch: 9 [6336/60000 (11%)]	Loss: 8.875241
Train Epoch: 9 [12736/60000 (21%)]	Loss: 9.100048
Train Epoch: 9 [19136/60000 (32%)]	Loss: 7.443148
Train Epoch: 9 [25536/60000 (43%)]	Loss: 10.779203
Train Epoch: 9 [31936/60000 (53%)]	Loss: 8.491280
Train Epoch: 9 [38336/60000 (64%)]	Loss: 9.467972
Train Epoch: 9 [44736/60000 (75%)]	Loss: 7.974193
Train Epoch: 9 [51136/60000 (85%)]	Loss: 8.177661
Train Epoch: 9 [57536/60000 (96%)]	Loss: 8.333292

Test set: Average loss: 8.4784, Accuracy: 1643/10000 (16%)

Train Epoch: 10 [6336/60000 (11%)]	Loss: 7.171440
Train Epoch: 10 [12736/60000 (21%)]	Loss: 7.818521
Train Epoch: 10 [19136/60000 (32%)]	Loss: 8.219252
Train Epoch: 10 [25536/60000 (43%)]	Loss: 9.255403
Train Epoch: 10 [31936/60000 (53%)]	Loss: 9.111897
Train Epoch: 10 [38336/60000 (64%)]	Loss: 9.304563
Train Epoch: 10 [44736/60000 (75%)]	Loss: 7.043093
Train Epoch: 10 [51136/60000 (85%)]	Loss: 8.643888
Train Epoch: 10 [57536/60000 (96%)]	Loss: 7.722434

Test set: Average loss: 8.4304, Accuracy: 1720/10000 (17%)

Namespace(batch_size=64, bias=None, data='../data', device=0, epochs=10, hidden_size=500, load_weights='./paper/lenet5/lenet5_e50_h500.pt', log_interval=100, lr=0.01, model='redlenet5', momentum=0.9, no_cuda=False, r=5, save_model=None, save_results=True, seed=1, sparsity=0.02, use_relu=False, wd=0.0005)


Total time spent pruning/training: 1.07 minutes
Total number of parameters in model: 300170
Number of parameters in pruned model: 294218
