Namespace(batch_size=64, bias=None, data='../data', device=0, epochs=7, hidden_size=500, load_weights='./paper/lenet5/lenet5_e50_h500.pt', log_interval=100, lr=0.01, model='redlenet5', momentum=0.9, no_cuda=False, r=5, save_model=None, save_results=True, seed=1, sparsity=0.95, use_relu=True, wd=0.0005) 

Training a RedLeNet5 network ...
Train Epoch: 1 [6336/60000 (11%)]	Loss: 2.302585
Train Epoch: 1 [12736/60000 (21%)]	Loss: 2.302583
Train Epoch: 1 [19136/60000 (32%)]	Loss: 2.302583
Train Epoch: 1 [25536/60000 (43%)]	Loss: 2.302585
Train Epoch: 1 [31936/60000 (53%)]	Loss: 2.302584
Train Epoch: 1 [38336/60000 (64%)]	Loss: 2.302583
Train Epoch: 1 [44736/60000 (75%)]	Loss: 2.302584
Train Epoch: 1 [51136/60000 (85%)]	Loss: 2.302587
Train Epoch: 1 [57536/60000 (96%)]	Loss: 2.302584

Test set: Average loss: 2.3026, Accuracy: 1169/10000 (12%)

Train Epoch: 2 [6336/60000 (11%)]	Loss: 2.302585
Train Epoch: 2 [12736/60000 (21%)]	Loss: 2.302584
Train Epoch: 2 [19136/60000 (32%)]	Loss: 2.302584
Train Epoch: 2 [25536/60000 (43%)]	Loss: 2.302583
Train Epoch: 2 [31936/60000 (53%)]	Loss: 2.302586
Train Epoch: 2 [38336/60000 (64%)]	Loss: 2.302583
Train Epoch: 2 [44736/60000 (75%)]	Loss: 2.302584
Train Epoch: 2 [51136/60000 (85%)]	Loss: 2.302584
Train Epoch: 2 [57536/60000 (96%)]	Loss: 2.302583

Test set: Average loss: 2.3026, Accuracy: 1169/10000 (12%)

Train Epoch: 3 [6336/60000 (11%)]	Loss: 2.302584
Train Epoch: 3 [12736/60000 (21%)]	Loss: 2.302584
Train Epoch: 3 [19136/60000 (32%)]	Loss: 2.302585
Train Epoch: 3 [25536/60000 (43%)]	Loss: 2.302584
Train Epoch: 3 [31936/60000 (53%)]	Loss: 2.302584
Train Epoch: 3 [38336/60000 (64%)]	Loss: 2.302585
Train Epoch: 3 [44736/60000 (75%)]	Loss: 2.302584
Train Epoch: 3 [51136/60000 (85%)]	Loss: 2.302585
Train Epoch: 3 [57536/60000 (96%)]	Loss: 2.302585

Test set: Average loss: 2.3026, Accuracy: 1169/10000 (12%)

Train Epoch: 4 [6336/60000 (11%)]	Loss: 2.302584
Train Epoch: 4 [12736/60000 (21%)]	Loss: 2.302584
Train Epoch: 4 [19136/60000 (32%)]	Loss: 2.302584
Train Epoch: 4 [25536/60000 (43%)]	Loss: 2.302585
Train Epoch: 4 [31936/60000 (53%)]	Loss: 2.302585
Train Epoch: 4 [38336/60000 (64%)]	Loss: 2.302583
Train Epoch: 4 [44736/60000 (75%)]	Loss: 2.302584
Train Epoch: 4 [51136/60000 (85%)]	Loss: 2.302584
Train Epoch: 4 [57536/60000 (96%)]	Loss: 2.302584

Test set: Average loss: 2.3026, Accuracy: 1169/10000 (12%)

Train Epoch: 5 [6336/60000 (11%)]	Loss: 2.302585
Train Epoch: 5 [12736/60000 (21%)]	Loss: 2.302587
Train Epoch: 5 [19136/60000 (32%)]	Loss: 2.302585
Train Epoch: 5 [25536/60000 (43%)]	Loss: 2.302584
Train Epoch: 5 [31936/60000 (53%)]	Loss: 2.302584
Train Epoch: 5 [38336/60000 (64%)]	Loss: 2.302584
Train Epoch: 5 [44736/60000 (75%)]	Loss: 2.302584
Train Epoch: 5 [51136/60000 (85%)]	Loss: 2.302585
Train Epoch: 5 [57536/60000 (96%)]	Loss: 2.302583

Test set: Average loss: 2.3026, Accuracy: 1169/10000 (12%)

Train Epoch: 6 [6336/60000 (11%)]	Loss: 2.302584
Train Epoch: 6 [12736/60000 (21%)]	Loss: 2.302584
Train Epoch: 6 [19136/60000 (32%)]	Loss: 2.302584
Train Epoch: 6 [25536/60000 (43%)]	Loss: 2.302583
Train Epoch: 6 [31936/60000 (53%)]	Loss: 2.302585
Train Epoch: 6 [38336/60000 (64%)]	Loss: 2.302585
Train Epoch: 6 [44736/60000 (75%)]	Loss: 2.302584
Train Epoch: 6 [51136/60000 (85%)]	Loss: 2.302584
Train Epoch: 6 [57536/60000 (96%)]	Loss: 2.302585

Test set: Average loss: 2.3026, Accuracy: 1169/10000 (12%)

Train Epoch: 7 [6336/60000 (11%)]	Loss: 2.302585
Train Epoch: 7 [12736/60000 (21%)]	Loss: 2.302584
Train Epoch: 7 [19136/60000 (32%)]	Loss: 2.302584
Train Epoch: 7 [25536/60000 (43%)]	Loss: 2.302585
Train Epoch: 7 [31936/60000 (53%)]	Loss: 2.302584
Train Epoch: 7 [38336/60000 (64%)]	Loss: 2.302584
Train Epoch: 7 [44736/60000 (75%)]	Loss: 2.302583
Train Epoch: 7 [51136/60000 (85%)]	Loss: 2.302583
Train Epoch: 7 [57536/60000 (96%)]	Loss: 2.302585

Test set: Average loss: 2.3026, Accuracy: 1169/10000 (12%)

Namespace(batch_size=64, bias=None, data='../data', device=0, epochs=7, hidden_size=500, load_weights='./paper/lenet5/lenet5_e50_h500.pt', log_interval=100, lr=0.01, model='redlenet5', momentum=0.9, no_cuda=False, r=5, save_model=None, save_results=True, seed=1, sparsity=0.95, use_relu=True, wd=0.0005)


Total time spent pruning/training: 0.76 minutes
Total number of parameters in model: 300170
Number of parameters in pruned model: 17431
