Namespace(batch_size=64, bias=None, data='../data', device=0, epochs=7, hidden_size=500, load_weights='./paper/lenet5/lenet5_e50_h500.pt', log_interval=100, lr=0.01, model='redlenet5', momentum=0.9, no_cuda=False, r=5, save_model=None, save_results=True, seed=1, sparsity=0.05, use_relu=True, wd=0.0005) 

Training a RedLeNet5 network ...
Train Epoch: 1 [6336/60000 (11%)]	Loss: 1.028424
Train Epoch: 1 [12736/60000 (21%)]	Loss: 1.083251
Train Epoch: 1 [19136/60000 (32%)]	Loss: 0.579357
Train Epoch: 1 [25536/60000 (43%)]	Loss: 0.564039
Train Epoch: 1 [31936/60000 (53%)]	Loss: 0.724923
Train Epoch: 1 [38336/60000 (64%)]	Loss: 0.709330
Train Epoch: 1 [44736/60000 (75%)]	Loss: 0.448144
Train Epoch: 1 [51136/60000 (85%)]	Loss: 0.427508
Train Epoch: 1 [57536/60000 (96%)]	Loss: 0.446449

Test set: Average loss: 0.4540, Accuracy: 8621/10000 (86%)

Train Epoch: 2 [6336/60000 (11%)]	Loss: 0.472309
Train Epoch: 2 [12736/60000 (21%)]	Loss: 0.357139
Train Epoch: 2 [19136/60000 (32%)]	Loss: 0.437103
Train Epoch: 2 [25536/60000 (43%)]	Loss: 0.558226
Train Epoch: 2 [31936/60000 (53%)]	Loss: 0.550257
Train Epoch: 2 [38336/60000 (64%)]	Loss: 0.513405
Train Epoch: 2 [44736/60000 (75%)]	Loss: 0.198085
Train Epoch: 2 [51136/60000 (85%)]	Loss: 0.396552
Train Epoch: 2 [57536/60000 (96%)]	Loss: 0.323318

Test set: Average loss: 0.3316, Accuracy: 9007/10000 (90%)

Train Epoch: 3 [6336/60000 (11%)]	Loss: 0.440344
Train Epoch: 3 [12736/60000 (21%)]	Loss: 0.442155
Train Epoch: 3 [19136/60000 (32%)]	Loss: 0.364656
Train Epoch: 3 [25536/60000 (43%)]	Loss: 0.128060
Train Epoch: 3 [31936/60000 (53%)]	Loss: 0.386871
Train Epoch: 3 [38336/60000 (64%)]	Loss: 0.298887
Train Epoch: 3 [44736/60000 (75%)]	Loss: 0.291538
Train Epoch: 3 [51136/60000 (85%)]	Loss: 0.227541
Train Epoch: 3 [57536/60000 (96%)]	Loss: 0.208011

Test set: Average loss: 0.2752, Accuracy: 9129/10000 (91%)

Train Epoch: 4 [6336/60000 (11%)]	Loss: 0.390714
Train Epoch: 4 [12736/60000 (21%)]	Loss: 0.219254
Train Epoch: 4 [19136/60000 (32%)]	Loss: 0.401834
Train Epoch: 4 [25536/60000 (43%)]	Loss: 0.269988
Train Epoch: 4 [31936/60000 (53%)]	Loss: 0.284262
Train Epoch: 4 [38336/60000 (64%)]	Loss: 0.325448
Train Epoch: 4 [44736/60000 (75%)]	Loss: 0.400015
Train Epoch: 4 [51136/60000 (85%)]	Loss: 0.264323
Train Epoch: 4 [57536/60000 (96%)]	Loss: 0.337438

Test set: Average loss: 0.2295, Accuracy: 9305/10000 (93%)

Train Epoch: 5 [6336/60000 (11%)]	Loss: 0.193564
Train Epoch: 5 [12736/60000 (21%)]	Loss: 0.252054
Train Epoch: 5 [19136/60000 (32%)]	Loss: 0.169102
Train Epoch: 5 [25536/60000 (43%)]	Loss: 0.253426
Train Epoch: 5 [31936/60000 (53%)]	Loss: 0.205248
Train Epoch: 5 [38336/60000 (64%)]	Loss: 0.183502
Train Epoch: 5 [44736/60000 (75%)]	Loss: 0.211418
Train Epoch: 5 [51136/60000 (85%)]	Loss: 0.184785
Train Epoch: 5 [57536/60000 (96%)]	Loss: 0.249384

Test set: Average loss: 0.2627, Accuracy: 9166/10000 (92%)

Train Epoch: 6 [6336/60000 (11%)]	Loss: 0.213930
Train Epoch: 6 [12736/60000 (21%)]	Loss: 0.137288
Train Epoch: 6 [19136/60000 (32%)]	Loss: 0.240003
Train Epoch: 6 [25536/60000 (43%)]	Loss: 0.341725
Train Epoch: 6 [31936/60000 (53%)]	Loss: 0.226809
Train Epoch: 6 [38336/60000 (64%)]	Loss: 0.308387
Train Epoch: 6 [44736/60000 (75%)]	Loss: 0.169015
Train Epoch: 6 [51136/60000 (85%)]	Loss: 0.228065
Train Epoch: 6 [57536/60000 (96%)]	Loss: 0.237017

Test set: Average loss: 0.2190, Accuracy: 9325/10000 (93%)

Train Epoch: 7 [6336/60000 (11%)]	Loss: 0.290182
Train Epoch: 7 [12736/60000 (21%)]	Loss: 0.198734
Train Epoch: 7 [19136/60000 (32%)]	Loss: 0.358526
Train Epoch: 7 [25536/60000 (43%)]	Loss: 0.220956
Train Epoch: 7 [31936/60000 (53%)]	Loss: 0.244833
Train Epoch: 7 [38336/60000 (64%)]	Loss: 0.051471
Train Epoch: 7 [44736/60000 (75%)]	Loss: 0.182534
Train Epoch: 7 [51136/60000 (85%)]	Loss: 0.212430
Train Epoch: 7 [57536/60000 (96%)]	Loss: 0.178225

Test set: Average loss: 0.1901, Accuracy: 9442/10000 (94%)

Namespace(batch_size=64, bias=None, data='../data', device=0, epochs=7, hidden_size=500, load_weights='./paper/lenet5/lenet5_e50_h500.pt', log_interval=100, lr=0.01, model='redlenet5', momentum=0.9, no_cuda=False, r=5, save_model=None, save_results=True, seed=1, sparsity=0.05, use_relu=True, wd=0.0005)


Total time spent pruning/training: 0.76 minutes
Total number of parameters in model: 300170
Number of parameters in pruned model: 285289
