Namespace(batch_size=64, bias=None, data='../data', device=0, epochs=19, hidden_size=500, load_weights='./paper/lenet5/lenet5_e50_h500.pt', log_interval=100, lr=0.01, model='redlenet5', momentum=0.9, no_cuda=False, r=5, save_model=None, save_results=True, seed=1, sparsity=0.95, use_relu=False, wd=0.0005) 

Training a RedLeNet5 network ...
Train Epoch: 1 [6336/60000 (11%)]	Loss: 2.302802
Train Epoch: 1 [12736/60000 (21%)]	Loss: 2.302557
Train Epoch: 1 [19136/60000 (32%)]	Loss: 2.302423
Train Epoch: 1 [25536/60000 (43%)]	Loss: 2.302541
Train Epoch: 1 [31936/60000 (53%)]	Loss: 2.302331
Train Epoch: 1 [38336/60000 (64%)]	Loss: 2.302153
Train Epoch: 1 [44736/60000 (75%)]	Loss: 2.302072
Train Epoch: 1 [51136/60000 (85%)]	Loss: 2.301841
Train Epoch: 1 [57536/60000 (96%)]	Loss: 2.302134

Test set: Average loss: 2.3018, Accuracy: 1288/10000 (13%)

Train Epoch: 2 [6336/60000 (11%)]	Loss: 2.301819
Train Epoch: 2 [12736/60000 (21%)]	Loss: 2.302068
Train Epoch: 2 [19136/60000 (32%)]	Loss: 2.301053
Train Epoch: 2 [25536/60000 (43%)]	Loss: 2.299679
Train Epoch: 2 [31936/60000 (53%)]	Loss: 2.299914
Train Epoch: 2 [38336/60000 (64%)]	Loss: 2.299408
Train Epoch: 2 [44736/60000 (75%)]	Loss: 2.298571
Train Epoch: 2 [51136/60000 (85%)]	Loss: 2.298003
Train Epoch: 2 [57536/60000 (96%)]	Loss: 2.299838

Test set: Average loss: 2.2989, Accuracy: 1508/10000 (15%)

Train Epoch: 3 [6336/60000 (11%)]	Loss: 2.299460
Train Epoch: 3 [12736/60000 (21%)]	Loss: 2.297998
Train Epoch: 3 [19136/60000 (32%)]	Loss: 2.298267
Train Epoch: 3 [25536/60000 (43%)]	Loss: 2.296972
Train Epoch: 3 [31936/60000 (53%)]	Loss: 2.297428
Train Epoch: 3 [38336/60000 (64%)]	Loss: 2.296155
Train Epoch: 3 [44736/60000 (75%)]	Loss: 2.292467
Train Epoch: 3 [51136/60000 (85%)]	Loss: 2.290849
Train Epoch: 3 [57536/60000 (96%)]	Loss: 2.294698

Test set: Average loss: 2.2935, Accuracy: 882/10000 (9%)

Train Epoch: 4 [6336/60000 (11%)]	Loss: 2.290785
Train Epoch: 4 [12736/60000 (21%)]	Loss: 2.298730
Train Epoch: 4 [19136/60000 (32%)]	Loss: 2.297595
Train Epoch: 4 [25536/60000 (43%)]	Loss: 2.295883
Train Epoch: 4 [31936/60000 (53%)]	Loss: 2.294896
Train Epoch: 4 [38336/60000 (64%)]	Loss: 2.299918
Train Epoch: 4 [44736/60000 (75%)]	Loss: 2.295649
Train Epoch: 4 [51136/60000 (85%)]	Loss: 2.290656
Train Epoch: 4 [57536/60000 (96%)]	Loss: 2.294389

Test set: Average loss: 2.2920, Accuracy: 889/10000 (9%)

Train Epoch: 5 [6336/60000 (11%)]	Loss: 2.285239
Train Epoch: 5 [12736/60000 (21%)]	Loss: 2.295370
Train Epoch: 5 [19136/60000 (32%)]	Loss: 2.288307
Train Epoch: 5 [25536/60000 (43%)]	Loss: 2.295004
Train Epoch: 5 [31936/60000 (53%)]	Loss: 2.291526
Train Epoch: 5 [38336/60000 (64%)]	Loss: 2.291140
Train Epoch: 5 [44736/60000 (75%)]	Loss: 2.289761
Train Epoch: 5 [51136/60000 (85%)]	Loss: 2.293659
Train Epoch: 5 [57536/60000 (96%)]	Loss: 2.293003

Test set: Average loss: 2.2893, Accuracy: 883/10000 (9%)

Train Epoch: 6 [6336/60000 (11%)]	Loss: 2.287503
Train Epoch: 6 [12736/60000 (21%)]	Loss: 2.286175
Train Epoch: 6 [19136/60000 (32%)]	Loss: 2.283473
Train Epoch: 6 [25536/60000 (43%)]	Loss: 2.289932
Train Epoch: 6 [31936/60000 (53%)]	Loss: 2.285095
Train Epoch: 6 [38336/60000 (64%)]	Loss: 2.288748
Train Epoch: 6 [44736/60000 (75%)]	Loss: 2.286096
Train Epoch: 6 [51136/60000 (85%)]	Loss: 2.289796
Train Epoch: 6 [57536/60000 (96%)]	Loss: 2.283471

Test set: Average loss: 2.2850, Accuracy: 861/10000 (9%)

Train Epoch: 7 [6336/60000 (11%)]	Loss: 2.285081
Train Epoch: 7 [12736/60000 (21%)]	Loss: 2.284542
Train Epoch: 7 [19136/60000 (32%)]	Loss: 2.280962
Train Epoch: 7 [25536/60000 (43%)]	Loss: 2.276835
Train Epoch: 7 [31936/60000 (53%)]	Loss: 2.283087
Train Epoch: 7 [38336/60000 (64%)]	Loss: 2.283048
Train Epoch: 7 [44736/60000 (75%)]	Loss: 2.294812
Train Epoch: 7 [51136/60000 (85%)]	Loss: 2.279070
Train Epoch: 7 [57536/60000 (96%)]	Loss: 2.280643

Test set: Average loss: 2.2816, Accuracy: 896/10000 (9%)

Train Epoch: 8 [6336/60000 (11%)]	Loss: 2.280352
Train Epoch: 8 [12736/60000 (21%)]	Loss: 2.271234
Train Epoch: 8 [19136/60000 (32%)]	Loss: 2.278138
Train Epoch: 8 [25536/60000 (43%)]	Loss: 2.284931
Train Epoch: 8 [31936/60000 (53%)]	Loss: 2.273412
Train Epoch: 8 [38336/60000 (64%)]	Loss: 2.287057
Train Epoch: 8 [44736/60000 (75%)]	Loss: 2.280138
Train Epoch: 8 [51136/60000 (85%)]	Loss: 2.276533
Train Epoch: 8 [57536/60000 (96%)]	Loss: 2.275995

Test set: Average loss: 2.2764, Accuracy: 904/10000 (9%)

Train Epoch: 9 [6336/60000 (11%)]	Loss: 2.280653
Train Epoch: 9 [12736/60000 (21%)]	Loss: 2.278252
Train Epoch: 9 [19136/60000 (32%)]	Loss: 2.281998
Train Epoch: 9 [25536/60000 (43%)]	Loss: 2.290596
Train Epoch: 9 [31936/60000 (53%)]	Loss: 2.269712
Train Epoch: 9 [38336/60000 (64%)]	Loss: 2.276242
Train Epoch: 9 [44736/60000 (75%)]	Loss: 2.273826
Train Epoch: 9 [51136/60000 (85%)]	Loss: 2.281577
Train Epoch: 9 [57536/60000 (96%)]	Loss: 2.273572

Test set: Average loss: 2.2697, Accuracy: 1171/10000 (12%)

Train Epoch: 10 [6336/60000 (11%)]	Loss: 2.253375
Train Epoch: 10 [12736/60000 (21%)]	Loss: 2.283263
Train Epoch: 10 [19136/60000 (32%)]	Loss: 2.260532
Train Epoch: 10 [25536/60000 (43%)]	Loss: 2.282504
Train Epoch: 10 [31936/60000 (53%)]	Loss: 2.291003
Train Epoch: 10 [38336/60000 (64%)]	Loss: 2.271643
Train Epoch: 10 [44736/60000 (75%)]	Loss: 2.253191
Train Epoch: 10 [51136/60000 (85%)]	Loss: 2.265698
Train Epoch: 10 [57536/60000 (96%)]	Loss: 2.263386

Test set: Average loss: 2.2655, Accuracy: 1131/10000 (11%)

Train Epoch: 11 [6336/60000 (11%)]	Loss: 2.259405
Train Epoch: 11 [12736/60000 (21%)]	Loss: 2.275387
Train Epoch: 11 [19136/60000 (32%)]	Loss: 2.270556
Train Epoch: 11 [25536/60000 (43%)]	Loss: 2.251212
Train Epoch: 11 [31936/60000 (53%)]	Loss: 2.264945
Train Epoch: 11 [38336/60000 (64%)]	Loss: 2.260955
Train Epoch: 11 [44736/60000 (75%)]	Loss: 2.234558
Train Epoch: 11 [51136/60000 (85%)]	Loss: 2.270221
Train Epoch: 11 [57536/60000 (96%)]	Loss: 2.261101

Test set: Average loss: 2.2601, Accuracy: 1461/10000 (15%)

Train Epoch: 12 [6336/60000 (11%)]	Loss: 2.261835
Train Epoch: 12 [12736/60000 (21%)]	Loss: 2.278534
Train Epoch: 12 [19136/60000 (32%)]	Loss: 2.270082
Train Epoch: 12 [25536/60000 (43%)]	Loss: 2.266534
Train Epoch: 12 [31936/60000 (53%)]	Loss: 2.261953
Train Epoch: 12 [38336/60000 (64%)]	Loss: 2.263640
Train Epoch: 12 [44736/60000 (75%)]	Loss: 2.250606
Train Epoch: 12 [51136/60000 (85%)]	Loss: 2.262358
Train Epoch: 12 [57536/60000 (96%)]	Loss: 2.255338

Test set: Average loss: 2.2566, Accuracy: 1583/10000 (16%)

Train Epoch: 13 [6336/60000 (11%)]	Loss: 2.271220
Train Epoch: 13 [12736/60000 (21%)]	Loss: 2.255218
Train Epoch: 13 [19136/60000 (32%)]	Loss: 2.249647
Train Epoch: 13 [25536/60000 (43%)]	Loss: 2.254851
Train Epoch: 13 [31936/60000 (53%)]	Loss: 2.267290
Train Epoch: 13 [38336/60000 (64%)]	Loss: 2.243402
Train Epoch: 13 [44736/60000 (75%)]	Loss: 2.264095
Train Epoch: 13 [51136/60000 (85%)]	Loss: 2.267819
Train Epoch: 13 [57536/60000 (96%)]	Loss: 2.241655

Test set: Average loss: 2.2540, Accuracy: 1758/10000 (18%)

Train Epoch: 14 [6336/60000 (11%)]	Loss: 2.242520
Train Epoch: 14 [12736/60000 (21%)]	Loss: 2.256462
Train Epoch: 14 [19136/60000 (32%)]	Loss: 2.232958
Train Epoch: 14 [25536/60000 (43%)]	Loss: 2.267093
Train Epoch: 14 [31936/60000 (53%)]	Loss: 2.265253
Train Epoch: 14 [38336/60000 (64%)]	Loss: 2.243798
Train Epoch: 14 [44736/60000 (75%)]	Loss: 2.269252
Train Epoch: 14 [51136/60000 (85%)]	Loss: 2.241891
Train Epoch: 14 [57536/60000 (96%)]	Loss: 2.285907

Test set: Average loss: 2.2522, Accuracy: 1878/10000 (19%)

Train Epoch: 15 [6336/60000 (11%)]	Loss: 2.248168
Train Epoch: 15 [12736/60000 (21%)]	Loss: 2.248876
Train Epoch: 15 [19136/60000 (32%)]	Loss: 2.251992
Train Epoch: 15 [25536/60000 (43%)]	Loss: 2.247286
Train Epoch: 15 [31936/60000 (53%)]	Loss: 2.261444
Train Epoch: 15 [38336/60000 (64%)]	Loss: 2.254211
Train Epoch: 15 [44736/60000 (75%)]	Loss: 2.263237
Train Epoch: 15 [51136/60000 (85%)]	Loss: 2.257850
Train Epoch: 15 [57536/60000 (96%)]	Loss: 2.238930

Test set: Average loss: 2.2495, Accuracy: 1843/10000 (18%)

Train Epoch: 16 [6336/60000 (11%)]	Loss: 2.244927
Train Epoch: 16 [12736/60000 (21%)]	Loss: 2.266266
Train Epoch: 16 [19136/60000 (32%)]	Loss: 2.242981
Train Epoch: 16 [25536/60000 (43%)]	Loss: 2.241629
Train Epoch: 16 [31936/60000 (53%)]	Loss: 2.258083
Train Epoch: 16 [38336/60000 (64%)]	Loss: 2.239248
Train Epoch: 16 [44736/60000 (75%)]	Loss: 2.210443
Train Epoch: 16 [51136/60000 (85%)]	Loss: 2.278038
Train Epoch: 16 [57536/60000 (96%)]	Loss: 2.271379

Test set: Average loss: 2.2480, Accuracy: 1828/10000 (18%)

Train Epoch: 17 [6336/60000 (11%)]	Loss: 2.257088
Train Epoch: 17 [12736/60000 (21%)]	Loss: 2.262585
Train Epoch: 17 [19136/60000 (32%)]	Loss: 2.227686
Train Epoch: 17 [25536/60000 (43%)]	Loss: 2.262390
Train Epoch: 17 [31936/60000 (53%)]	Loss: 2.257930
Train Epoch: 17 [38336/60000 (64%)]	Loss: 2.251290
Train Epoch: 17 [44736/60000 (75%)]	Loss: 2.230828
Train Epoch: 17 [51136/60000 (85%)]	Loss: 2.243737
Train Epoch: 17 [57536/60000 (96%)]	Loss: 2.239769

Test set: Average loss: 2.2460, Accuracy: 1878/10000 (19%)

Train Epoch: 18 [6336/60000 (11%)]	Loss: 2.251917
Train Epoch: 18 [12736/60000 (21%)]	Loss: 2.245663
Train Epoch: 18 [19136/60000 (32%)]	Loss: 2.253624
Train Epoch: 18 [25536/60000 (43%)]	Loss: 2.242843
Train Epoch: 18 [31936/60000 (53%)]	Loss: 2.235545
Train Epoch: 18 [38336/60000 (64%)]	Loss: 2.240174
Train Epoch: 18 [44736/60000 (75%)]	Loss: 2.258399
Train Epoch: 18 [51136/60000 (85%)]	Loss: 2.272085
Train Epoch: 18 [57536/60000 (96%)]	Loss: 2.215618

Test set: Average loss: 2.2449, Accuracy: 1868/10000 (19%)

Train Epoch: 19 [6336/60000 (11%)]	Loss: 2.226800
Train Epoch: 19 [12736/60000 (21%)]	Loss: 2.230634
Train Epoch: 19 [19136/60000 (32%)]	Loss: 2.227873
Train Epoch: 19 [25536/60000 (43%)]	Loss: 2.249784
Train Epoch: 19 [31936/60000 (53%)]	Loss: 2.266169
Train Epoch: 19 [38336/60000 (64%)]	Loss: 2.232397
Train Epoch: 19 [44736/60000 (75%)]	Loss: 2.234816
Train Epoch: 19 [51136/60000 (85%)]	Loss: 2.233880
Train Epoch: 19 [57536/60000 (96%)]	Loss: 2.271205

Test set: Average loss: 2.2449, Accuracy: 1868/10000 (19%)

Namespace(batch_size=64, bias=None, data='../data', device=0, epochs=19, hidden_size=500, load_weights='./paper/lenet5/lenet5_e50_h500.pt', log_interval=100, lr=0.01, model='redlenet5', momentum=0.9, no_cuda=False, r=5, save_model=None, save_results=True, seed=1, sparsity=0.95, use_relu=False, wd=0.0005)


Total time spent pruning/training: 2.05 minutes
Total number of parameters in model: 300170
Number of parameters in pruned model: 17431
