Namespace(batch_size=64, bias=None, data='../data', device=0, epochs=13, hidden_size=500, load_weights='./paper/lenet5/lenet5_e50_h500.pt', log_interval=100, lr=0.01, model='redlenet5', momentum=0.9, no_cuda=False, r=5, save_model=None, save_results=True, seed=1, sparsity=0.95, use_relu=False, wd=0.0005) 

Training a RedLeNet5 network ...
Train Epoch: 1 [6336/60000 (11%)]	Loss: 2.302802
Train Epoch: 1 [12736/60000 (21%)]	Loss: 2.302557
Train Epoch: 1 [19136/60000 (32%)]	Loss: 2.302423
Train Epoch: 1 [25536/60000 (43%)]	Loss: 2.302541
Train Epoch: 1 [31936/60000 (53%)]	Loss: 2.302331
Train Epoch: 1 [38336/60000 (64%)]	Loss: 2.302153
Train Epoch: 1 [44736/60000 (75%)]	Loss: 2.302072
Train Epoch: 1 [51136/60000 (85%)]	Loss: 2.301841
Train Epoch: 1 [57536/60000 (96%)]	Loss: 2.302134

Test set: Average loss: 2.3018, Accuracy: 1288/10000 (13%)

Train Epoch: 2 [6336/60000 (11%)]	Loss: 2.301819
Train Epoch: 2 [12736/60000 (21%)]	Loss: 2.302068
Train Epoch: 2 [19136/60000 (32%)]	Loss: 2.301053
Train Epoch: 2 [25536/60000 (43%)]	Loss: 2.299750
Train Epoch: 2 [31936/60000 (53%)]	Loss: 2.299914
Train Epoch: 2 [38336/60000 (64%)]	Loss: 2.299408
Train Epoch: 2 [44736/60000 (75%)]	Loss: 2.298571
Train Epoch: 2 [51136/60000 (85%)]	Loss: 2.298003
Train Epoch: 2 [57536/60000 (96%)]	Loss: 2.299838

Test set: Average loss: 2.2989, Accuracy: 1508/10000 (15%)

Train Epoch: 3 [6336/60000 (11%)]	Loss: 2.299383
Train Epoch: 3 [12736/60000 (21%)]	Loss: 2.297739
Train Epoch: 3 [19136/60000 (32%)]	Loss: 2.298299
Train Epoch: 3 [25536/60000 (43%)]	Loss: 2.296999
Train Epoch: 3 [31936/60000 (53%)]	Loss: 2.297770
Train Epoch: 3 [38336/60000 (64%)]	Loss: 2.295785
Train Epoch: 3 [44736/60000 (75%)]	Loss: 2.293418
Train Epoch: 3 [51136/60000 (85%)]	Loss: 2.290562
Train Epoch: 3 [57536/60000 (96%)]	Loss: 2.294698

Test set: Average loss: 2.2935, Accuracy: 882/10000 (9%)

Train Epoch: 4 [6336/60000 (11%)]	Loss: 2.290785
Train Epoch: 4 [12736/60000 (21%)]	Loss: 2.298645
Train Epoch: 4 [19136/60000 (32%)]	Loss: 2.297595
Train Epoch: 4 [25536/60000 (43%)]	Loss: 2.296003
Train Epoch: 4 [31936/60000 (53%)]	Loss: 2.294858
Train Epoch: 4 [38336/60000 (64%)]	Loss: 2.299918
Train Epoch: 4 [44736/60000 (75%)]	Loss: 2.295750
Train Epoch: 4 [51136/60000 (85%)]	Loss: 2.291450
Train Epoch: 4 [57536/60000 (96%)]	Loss: 2.294389

Test set: Average loss: 2.2920, Accuracy: 889/10000 (9%)

Train Epoch: 5 [6336/60000 (11%)]	Loss: 2.285661
Train Epoch: 5 [12736/60000 (21%)]	Loss: 2.295667
Train Epoch: 5 [19136/60000 (32%)]	Loss: 2.288287
Train Epoch: 5 [25536/60000 (43%)]	Loss: 2.295062
Train Epoch: 5 [31936/60000 (53%)]	Loss: 2.291522
Train Epoch: 5 [38336/60000 (64%)]	Loss: 2.292181
Train Epoch: 5 [44736/60000 (75%)]	Loss: 2.291085
Train Epoch: 5 [51136/60000 (85%)]	Loss: 2.294325
Train Epoch: 5 [57536/60000 (96%)]	Loss: 2.293433

Test set: Average loss: 2.2898, Accuracy: 883/10000 (9%)

Train Epoch: 6 [6336/60000 (11%)]	Loss: 2.290054
Train Epoch: 6 [12736/60000 (21%)]	Loss: 2.288479
Train Epoch: 6 [19136/60000 (32%)]	Loss: 2.284076
Train Epoch: 6 [25536/60000 (43%)]	Loss: 2.291518
Train Epoch: 6 [31936/60000 (53%)]	Loss: 2.287388
Train Epoch: 6 [38336/60000 (64%)]	Loss: 2.288415
Train Epoch: 6 [44736/60000 (75%)]	Loss: 2.286863
Train Epoch: 6 [51136/60000 (85%)]	Loss: 2.290366
Train Epoch: 6 [57536/60000 (96%)]	Loss: 2.284686

Test set: Average loss: 2.2858, Accuracy: 886/10000 (9%)

Train Epoch: 7 [6336/60000 (11%)]	Loss: 2.286524
Train Epoch: 7 [12736/60000 (21%)]	Loss: 2.286089
Train Epoch: 7 [19136/60000 (32%)]	Loss: 2.281555
Train Epoch: 7 [25536/60000 (43%)]	Loss: 2.278230
Train Epoch: 7 [31936/60000 (53%)]	Loss: 2.285404
Train Epoch: 7 [38336/60000 (64%)]	Loss: 2.284742
Train Epoch: 7 [44736/60000 (75%)]	Loss: 2.296679
Train Epoch: 7 [51136/60000 (85%)]	Loss: 2.281648
Train Epoch: 7 [57536/60000 (96%)]	Loss: 2.282990

Test set: Average loss: 2.2842, Accuracy: 896/10000 (9%)

Train Epoch: 8 [6336/60000 (11%)]	Loss: 2.281586
Train Epoch: 8 [12736/60000 (21%)]	Loss: 2.275103
Train Epoch: 8 [19136/60000 (32%)]	Loss: 2.279985
Train Epoch: 8 [25536/60000 (43%)]	Loss: 2.287291
Train Epoch: 8 [31936/60000 (53%)]	Loss: 2.277289
Train Epoch: 8 [38336/60000 (64%)]	Loss: 2.289736
Train Epoch: 8 [44736/60000 (75%)]	Loss: 2.283197
Train Epoch: 8 [51136/60000 (85%)]	Loss: 2.278386
Train Epoch: 8 [57536/60000 (96%)]	Loss: 2.282205

Test set: Average loss: 2.2820, Accuracy: 894/10000 (9%)

Train Epoch: 9 [6336/60000 (11%)]	Loss: 2.285609
Train Epoch: 9 [12736/60000 (21%)]	Loss: 2.285260
Train Epoch: 9 [19136/60000 (32%)]	Loss: 2.287161
Train Epoch: 9 [25536/60000 (43%)]	Loss: 2.298291
Train Epoch: 9 [31936/60000 (53%)]	Loss: 2.276272
Train Epoch: 9 [38336/60000 (64%)]	Loss: 2.283773
Train Epoch: 9 [44736/60000 (75%)]	Loss: 2.283599
Train Epoch: 9 [51136/60000 (85%)]	Loss: 2.284150
Train Epoch: 9 [57536/60000 (96%)]	Loss: 2.282459

Test set: Average loss: 2.2804, Accuracy: 894/10000 (9%)

Train Epoch: 10 [6336/60000 (11%)]	Loss: 2.276313
Train Epoch: 10 [12736/60000 (21%)]	Loss: 2.286434
Train Epoch: 10 [19136/60000 (32%)]	Loss: 2.282435
Train Epoch: 10 [25536/60000 (43%)]	Loss: 2.287644
Train Epoch: 10 [31936/60000 (53%)]	Loss: 2.291243
Train Epoch: 10 [38336/60000 (64%)]	Loss: 2.280993
Train Epoch: 10 [44736/60000 (75%)]	Loss: 2.271741
Train Epoch: 10 [51136/60000 (85%)]	Loss: 2.276962
Train Epoch: 10 [57536/60000 (96%)]	Loss: 2.281816

Test set: Average loss: 2.2786, Accuracy: 906/10000 (9%)

Train Epoch: 11 [6336/60000 (11%)]	Loss: 2.269631
Train Epoch: 11 [12736/60000 (21%)]	Loss: 2.286536
Train Epoch: 11 [19136/60000 (32%)]	Loss: 2.275673
Train Epoch: 11 [25536/60000 (43%)]	Loss: 2.271891
Train Epoch: 11 [31936/60000 (53%)]	Loss: 2.282123
Train Epoch: 11 [38336/60000 (64%)]	Loss: 2.282742
Train Epoch: 11 [44736/60000 (75%)]	Loss: 2.270842
Train Epoch: 11 [51136/60000 (85%)]	Loss: 2.282103
Train Epoch: 11 [57536/60000 (96%)]	Loss: 2.277874

Test set: Average loss: 2.2793, Accuracy: 916/10000 (9%)

Train Epoch: 12 [6336/60000 (11%)]	Loss: 2.278224
Train Epoch: 12 [12736/60000 (21%)]	Loss: 2.289336
Train Epoch: 12 [19136/60000 (32%)]	Loss: 2.284265
Train Epoch: 12 [25536/60000 (43%)]	Loss: 2.273828
Train Epoch: 12 [31936/60000 (53%)]	Loss: 2.277274
Train Epoch: 12 [38336/60000 (64%)]	Loss: 2.284437
Train Epoch: 12 [44736/60000 (75%)]	Loss: 2.269163
Train Epoch: 12 [51136/60000 (85%)]	Loss: 2.287508
Train Epoch: 12 [57536/60000 (96%)]	Loss: 2.275239

Test set: Average loss: 2.2766, Accuracy: 905/10000 (9%)

Train Epoch: 13 [6336/60000 (11%)]	Loss: 2.282446
Train Epoch: 13 [12736/60000 (21%)]	Loss: 2.274969
Train Epoch: 13 [19136/60000 (32%)]	Loss: 2.266577
Train Epoch: 13 [25536/60000 (43%)]	Loss: 2.281927
Train Epoch: 13 [31936/60000 (53%)]	Loss: 2.285902
Train Epoch: 13 [38336/60000 (64%)]	Loss: 2.266229
Train Epoch: 13 [44736/60000 (75%)]	Loss: 2.278147
Train Epoch: 13 [51136/60000 (85%)]	Loss: 2.278038
Train Epoch: 13 [57536/60000 (96%)]	Loss: 2.264401

Test set: Average loss: 2.2767, Accuracy: 907/10000 (9%)

Namespace(batch_size=64, bias=None, data='../data', device=0, epochs=13, hidden_size=500, load_weights='./paper/lenet5/lenet5_e50_h500.pt', log_interval=100, lr=0.01, model='redlenet5', momentum=0.9, no_cuda=False, r=5, save_model=None, save_results=True, seed=1, sparsity=0.95, use_relu=False, wd=0.0005)


Total time spent pruning/training: 1.45 minutes
Total number of parameters in model: 300170
Number of parameters in pruned model: 17431
