Namespace(batch_size=64, bias=None, data='../data', device=0, epochs=17, hidden_size=500, load_weights='./paper/lenet5/lenet5_e50_h500.pt', log_interval=100, lr=0.01, model='redlenet5', momentum=0.9, no_cuda=False, r=5, save_model=None, save_results=True, seed=1, sparsity=0.01, use_relu=False, wd=0.0005) 

Training a RedLeNet5 network ...
Train Epoch: 1 [6336/60000 (11%)]	Loss: 4.156812
Train Epoch: 1 [12736/60000 (21%)]	Loss: 4.586422
Train Epoch: 1 [19136/60000 (32%)]	Loss: 4.444942
Train Epoch: 1 [25536/60000 (43%)]	Loss: 5.341404
Train Epoch: 1 [31936/60000 (53%)]	Loss: 6.626477
Train Epoch: 1 [38336/60000 (64%)]	Loss: 8.990753
Train Epoch: 1 [44736/60000 (75%)]	Loss: 7.816439
Train Epoch: 1 [51136/60000 (85%)]	Loss: 6.833918
Train Epoch: 1 [57536/60000 (96%)]	Loss: 6.980796

Test set: Average loss: 8.4094, Accuracy: 1536/10000 (15%)

Train Epoch: 2 [6336/60000 (11%)]	Loss: 8.267757
Train Epoch: 2 [12736/60000 (21%)]	Loss: 9.782004
Train Epoch: 2 [19136/60000 (32%)]	Loss: 8.125462
Train Epoch: 2 [25536/60000 (43%)]	Loss: 8.868918
Train Epoch: 2 [31936/60000 (53%)]	Loss: 9.895030
Train Epoch: 2 [38336/60000 (64%)]	Loss: 9.839255
Train Epoch: 2 [44736/60000 (75%)]	Loss: 11.148527
Train Epoch: 2 [51136/60000 (85%)]	Loss: 10.362249
Train Epoch: 2 [57536/60000 (96%)]	Loss: 10.572587

Test set: Average loss: 11.5543, Accuracy: 1165/10000 (12%)

Train Epoch: 3 [6336/60000 (11%)]	Loss: 11.056805
Train Epoch: 3 [12736/60000 (21%)]	Loss: 12.818495
Train Epoch: 3 [19136/60000 (32%)]	Loss: 9.623988
Train Epoch: 3 [25536/60000 (43%)]	Loss: 11.415163
Train Epoch: 3 [31936/60000 (53%)]	Loss: 11.469194
Train Epoch: 3 [38336/60000 (64%)]	Loss: 12.117368
Train Epoch: 3 [44736/60000 (75%)]	Loss: 10.105350
Train Epoch: 3 [51136/60000 (85%)]	Loss: 11.279272
Train Epoch: 3 [57536/60000 (96%)]	Loss: 10.633382

Test set: Average loss: 12.1515, Accuracy: 991/10000 (10%)

Train Epoch: 4 [6336/60000 (11%)]	Loss: 12.330301
Train Epoch: 4 [12736/60000 (21%)]	Loss: 14.405420
Train Epoch: 4 [19136/60000 (32%)]	Loss: 11.028029
Train Epoch: 4 [25536/60000 (43%)]	Loss: 10.428814
Train Epoch: 4 [31936/60000 (53%)]	Loss: 13.551312
Train Epoch: 4 [38336/60000 (64%)]	Loss: 11.034828
Train Epoch: 4 [44736/60000 (75%)]	Loss: 13.065729
Train Epoch: 4 [51136/60000 (85%)]	Loss: 10.233748
Train Epoch: 4 [57536/60000 (96%)]	Loss: 11.607491

Test set: Average loss: 12.3877, Accuracy: 1060/10000 (11%)

Train Epoch: 5 [6336/60000 (11%)]	Loss: 11.590991
Train Epoch: 5 [12736/60000 (21%)]	Loss: 10.721641
Train Epoch: 5 [19136/60000 (32%)]	Loss: 11.884521
Train Epoch: 5 [25536/60000 (43%)]	Loss: 12.700689
Train Epoch: 5 [31936/60000 (53%)]	Loss: 12.901578
Train Epoch: 5 [38336/60000 (64%)]	Loss: 14.086794
Train Epoch: 5 [44736/60000 (75%)]	Loss: 13.274646
Train Epoch: 5 [51136/60000 (85%)]	Loss: 12.758676
Train Epoch: 5 [57536/60000 (96%)]	Loss: 14.015452

Test set: Average loss: 13.0229, Accuracy: 1007/10000 (10%)

Train Epoch: 6 [6336/60000 (11%)]	Loss: 13.939679
Train Epoch: 6 [12736/60000 (21%)]	Loss: 13.134046
Train Epoch: 6 [19136/60000 (32%)]	Loss: 13.068666
Train Epoch: 6 [25536/60000 (43%)]	Loss: 13.504245
Train Epoch: 6 [31936/60000 (53%)]	Loss: 11.559381
Train Epoch: 6 [38336/60000 (64%)]	Loss: 12.620998
Train Epoch: 6 [44736/60000 (75%)]	Loss: 12.824297
Train Epoch: 6 [51136/60000 (85%)]	Loss: 14.347954
Train Epoch: 6 [57536/60000 (96%)]	Loss: 11.347353

Test set: Average loss: 12.8997, Accuracy: 991/10000 (10%)

Train Epoch: 7 [6336/60000 (11%)]	Loss: 12.840415
Train Epoch: 7 [12736/60000 (21%)]	Loss: 12.567451
Train Epoch: 7 [19136/60000 (32%)]	Loss: 12.773129
Train Epoch: 7 [25536/60000 (43%)]	Loss: 10.945283
Train Epoch: 7 [31936/60000 (53%)]	Loss: 11.912664
Train Epoch: 7 [38336/60000 (64%)]	Loss: 12.693083
Train Epoch: 7 [44736/60000 (75%)]	Loss: 13.867819
Train Epoch: 7 [51136/60000 (85%)]	Loss: 14.507856
Train Epoch: 7 [57536/60000 (96%)]	Loss: 14.216206

Test set: Average loss: 13.3702, Accuracy: 1039/10000 (10%)

Train Epoch: 8 [6336/60000 (11%)]	Loss: 12.108564
Train Epoch: 8 [12736/60000 (21%)]	Loss: 11.218847
Train Epoch: 8 [19136/60000 (32%)]	Loss: 11.154376
Train Epoch: 8 [25536/60000 (43%)]	Loss: 12.822992
Train Epoch: 8 [31936/60000 (53%)]	Loss: 11.025867
Train Epoch: 8 [38336/60000 (64%)]	Loss: 13.335117
Train Epoch: 8 [44736/60000 (75%)]	Loss: 13.899079
Train Epoch: 8 [51136/60000 (85%)]	Loss: 11.585599
Train Epoch: 8 [57536/60000 (96%)]	Loss: 13.928620

Test set: Average loss: 13.0892, Accuracy: 835/10000 (8%)

Train Epoch: 9 [6336/60000 (11%)]	Loss: 13.312778
Train Epoch: 9 [12736/60000 (21%)]	Loss: 14.113317
Train Epoch: 9 [19136/60000 (32%)]	Loss: 12.515509
Train Epoch: 9 [25536/60000 (43%)]	Loss: 17.097258
Train Epoch: 9 [31936/60000 (53%)]	Loss: 12.481317
Train Epoch: 9 [38336/60000 (64%)]	Loss: 14.266076
Train Epoch: 9 [44736/60000 (75%)]	Loss: 13.675865
Train Epoch: 9 [51136/60000 (85%)]	Loss: 12.243348
Train Epoch: 9 [57536/60000 (96%)]	Loss: 12.598680

Test set: Average loss: 13.7031, Accuracy: 1007/10000 (10%)

Train Epoch: 10 [6336/60000 (11%)]	Loss: 13.771958
Train Epoch: 10 [12736/60000 (21%)]	Loss: 12.913345
Train Epoch: 10 [19136/60000 (32%)]	Loss: 13.504765
Train Epoch: 10 [25536/60000 (43%)]	Loss: 15.530084
Train Epoch: 10 [31936/60000 (53%)]	Loss: 14.497398
Train Epoch: 10 [38336/60000 (64%)]	Loss: 14.132962
Train Epoch: 10 [44736/60000 (75%)]	Loss: 11.351185
Train Epoch: 10 [51136/60000 (85%)]	Loss: 12.968483
Train Epoch: 10 [57536/60000 (96%)]	Loss: 12.480742

Test set: Average loss: 13.7497, Accuracy: 1038/10000 (10%)

Train Epoch: 11 [6336/60000 (11%)]	Loss: 14.289511
Train Epoch: 11 [12736/60000 (21%)]	Loss: 13.126622
Train Epoch: 11 [19136/60000 (32%)]	Loss: 11.388015
Train Epoch: 11 [25536/60000 (43%)]	Loss: 10.917319
Train Epoch: 11 [31936/60000 (53%)]	Loss: 14.366474
Train Epoch: 11 [38336/60000 (64%)]	Loss: 13.452427
Train Epoch: 11 [44736/60000 (75%)]	Loss: 14.692838
Train Epoch: 11 [51136/60000 (85%)]	Loss: 12.929498
Train Epoch: 11 [57536/60000 (96%)]	Loss: 12.066446

Test set: Average loss: 13.7202, Accuracy: 1041/10000 (10%)

Train Epoch: 12 [6336/60000 (11%)]	Loss: 13.808614
Train Epoch: 12 [12736/60000 (21%)]	Loss: 11.033495
Train Epoch: 12 [19136/60000 (32%)]	Loss: 12.555663
Train Epoch: 12 [25536/60000 (43%)]	Loss: 11.831890
Train Epoch: 12 [31936/60000 (53%)]	Loss: 12.175609
Train Epoch: 12 [38336/60000 (64%)]	Loss: 12.857037
Train Epoch: 12 [44736/60000 (75%)]	Loss: 11.222967
Train Epoch: 12 [51136/60000 (85%)]	Loss: 12.726566
Train Epoch: 12 [57536/60000 (96%)]	Loss: 15.691543

Test set: Average loss: 13.4845, Accuracy: 1055/10000 (11%)

Train Epoch: 13 [6336/60000 (11%)]	Loss: 13.832058
Train Epoch: 13 [12736/60000 (21%)]	Loss: 13.847308
Train Epoch: 13 [19136/60000 (32%)]	Loss: 11.785262
Train Epoch: 13 [25536/60000 (43%)]	Loss: 15.364888
Train Epoch: 13 [31936/60000 (53%)]	Loss: 13.468164
Train Epoch: 13 [38336/60000 (64%)]	Loss: 12.317838
Train Epoch: 13 [44736/60000 (75%)]	Loss: 13.105746
Train Epoch: 13 [51136/60000 (85%)]	Loss: 12.424303
Train Epoch: 13 [57536/60000 (96%)]	Loss: 12.163385

Test set: Average loss: 13.5516, Accuracy: 1027/10000 (10%)

Train Epoch: 14 [6336/60000 (11%)]	Loss: 13.598467
Train Epoch: 14 [12736/60000 (21%)]	Loss: 12.637513
Train Epoch: 14 [19136/60000 (32%)]	Loss: 15.087159
Train Epoch: 14 [25536/60000 (43%)]	Loss: 14.652499
Train Epoch: 14 [31936/60000 (53%)]	Loss: 14.160768
Train Epoch: 14 [38336/60000 (64%)]	Loss: 13.857562
Train Epoch: 14 [44736/60000 (75%)]	Loss: 13.379421
Train Epoch: 14 [51136/60000 (85%)]	Loss: 13.360634
Train Epoch: 14 [57536/60000 (96%)]	Loss: 14.625103

Test set: Average loss: 13.8168, Accuracy: 967/10000 (10%)

Train Epoch: 15 [6336/60000 (11%)]	Loss: 12.946922
Train Epoch: 15 [12736/60000 (21%)]	Loss: 14.638519
Train Epoch: 15 [19136/60000 (32%)]	Loss: 13.516687
Train Epoch: 15 [25536/60000 (43%)]	Loss: 16.411057
Train Epoch: 15 [31936/60000 (53%)]	Loss: 13.571828
Train Epoch: 15 [38336/60000 (64%)]	Loss: 13.483201
Train Epoch: 15 [44736/60000 (75%)]	Loss: 16.070459
Train Epoch: 15 [51136/60000 (85%)]	Loss: 12.129725
Train Epoch: 15 [57536/60000 (96%)]	Loss: 13.051764

Test set: Average loss: 13.4747, Accuracy: 1052/10000 (11%)

Train Epoch: 16 [6336/60000 (11%)]	Loss: 15.244799
Train Epoch: 16 [12736/60000 (21%)]	Loss: 13.539215
Train Epoch: 16 [19136/60000 (32%)]	Loss: 15.904028
Train Epoch: 16 [25536/60000 (43%)]	Loss: 13.795077
Train Epoch: 16 [31936/60000 (53%)]	Loss: 15.727895
Train Epoch: 16 [38336/60000 (64%)]	Loss: 13.860286
Train Epoch: 16 [44736/60000 (75%)]	Loss: 11.204589
Train Epoch: 16 [51136/60000 (85%)]	Loss: 14.583309
Train Epoch: 16 [57536/60000 (96%)]	Loss: 12.700186

Test set: Average loss: 14.0731, Accuracy: 988/10000 (10%)

Train Epoch: 17 [6336/60000 (11%)]	Loss: 12.278393
Train Epoch: 17 [12736/60000 (21%)]	Loss: 14.409758
Train Epoch: 17 [19136/60000 (32%)]	Loss: 12.154569
Train Epoch: 17 [25536/60000 (43%)]	Loss: 10.841740
Train Epoch: 17 [31936/60000 (53%)]	Loss: 10.628956
Train Epoch: 17 [38336/60000 (64%)]	Loss: 13.033721
Train Epoch: 17 [44736/60000 (75%)]	Loss: 13.277714
Train Epoch: 17 [51136/60000 (85%)]	Loss: 12.966322
Train Epoch: 17 [57536/60000 (96%)]	Loss: 12.357352

Test set: Average loss: 13.4695, Accuracy: 989/10000 (10%)

Namespace(batch_size=64, bias=None, data='../data', device=0, epochs=17, hidden_size=500, load_weights='./paper/lenet5/lenet5_e50_h500.pt', log_interval=100, lr=0.01, model='redlenet5', momentum=0.9, no_cuda=False, r=5, save_model=None, save_results=True, seed=1, sparsity=0.01, use_relu=False, wd=0.0005)


Total time spent pruning/training: 1.86 minutes
Total number of parameters in model: 300170
Number of parameters in pruned model: 297194
