Namespace(batch_size=64, bias=None, data='../data', device=0, epochs=4, hidden_size=500, load_weights='./paper/lenet5/lenet5_e50_h500.pt', log_interval=100, lr=0.01, model='redlenet5', momentum=0.9, no_cuda=False, r=5, save_model=None, save_results=True, seed=1, sparsity=0.05, use_relu=False, wd=0.0005) 

Training a RedLeNet5 network ...
Train Epoch: 1 [6336/60000 (11%)]	Loss: 0.717540
Train Epoch: 1 [12736/60000 (21%)]	Loss: 0.876394
Train Epoch: 1 [19136/60000 (32%)]	Loss: 0.276962
Train Epoch: 1 [25536/60000 (43%)]	Loss: 0.636609
Train Epoch: 1 [31936/60000 (53%)]	Loss: 0.487225
Train Epoch: 1 [38336/60000 (64%)]	Loss: 0.421520
Train Epoch: 1 [44736/60000 (75%)]	Loss: 0.696223
Train Epoch: 1 [51136/60000 (85%)]	Loss: 0.425990
Train Epoch: 1 [57536/60000 (96%)]	Loss: 0.485505

Test set: Average loss: 0.3849, Accuracy: 8755/10000 (88%)

Train Epoch: 2 [6336/60000 (11%)]	Loss: 0.358982
Train Epoch: 2 [12736/60000 (21%)]	Loss: 0.195507
Train Epoch: 2 [19136/60000 (32%)]	Loss: 0.400952
Train Epoch: 2 [25536/60000 (43%)]	Loss: 0.404511
Train Epoch: 2 [31936/60000 (53%)]	Loss: 0.842323
Train Epoch: 2 [38336/60000 (64%)]	Loss: 0.587603
Train Epoch: 2 [44736/60000 (75%)]	Loss: 0.231797
Train Epoch: 2 [51136/60000 (85%)]	Loss: 0.323622
Train Epoch: 2 [57536/60000 (96%)]	Loss: 0.398080

Test set: Average loss: 0.3188, Accuracy: 9035/10000 (90%)

Train Epoch: 3 [6336/60000 (11%)]	Loss: 0.440069
Train Epoch: 3 [12736/60000 (21%)]	Loss: 0.405330
Train Epoch: 3 [19136/60000 (32%)]	Loss: 0.227127
Train Epoch: 3 [25536/60000 (43%)]	Loss: 0.175117
Train Epoch: 3 [31936/60000 (53%)]	Loss: 0.241610
Train Epoch: 3 [38336/60000 (64%)]	Loss: 0.403280
Train Epoch: 3 [44736/60000 (75%)]	Loss: 0.174907
Train Epoch: 3 [51136/60000 (85%)]	Loss: 0.230661
Train Epoch: 3 [57536/60000 (96%)]	Loss: 0.265744

Test set: Average loss: 0.2776, Accuracy: 9203/10000 (92%)

Train Epoch: 4 [6336/60000 (11%)]	Loss: 0.306828
Train Epoch: 4 [12736/60000 (21%)]	Loss: 0.214502
Train Epoch: 4 [19136/60000 (32%)]	Loss: 0.253630
Train Epoch: 4 [25536/60000 (43%)]	Loss: 0.287763
Train Epoch: 4 [31936/60000 (53%)]	Loss: 0.209462
Train Epoch: 4 [38336/60000 (64%)]	Loss: 0.246923
Train Epoch: 4 [44736/60000 (75%)]	Loss: 0.352821
Train Epoch: 4 [51136/60000 (85%)]	Loss: 0.157615
Train Epoch: 4 [57536/60000 (96%)]	Loss: 0.351405

Test set: Average loss: 0.2044, Accuracy: 9371/10000 (94%)

Namespace(batch_size=64, bias=None, data='../data', device=0, epochs=4, hidden_size=500, load_weights='./paper/lenet5/lenet5_e50_h500.pt', log_interval=100, lr=0.01, model='redlenet5', momentum=0.9, no_cuda=False, r=5, save_model=None, save_results=True, seed=1, sparsity=0.05, use_relu=False, wd=0.0005)


Total time spent pruning/training: 0.50 minutes
Total number of parameters in model: 300170
Number of parameters in pruned model: 285289
