Namespace(batch_size=64, bias=None, data='../data', device=0, epochs=15, hidden_size=500, load_weights='./paper/lenet5/lenet5_e50_h500.pt', log_interval=100, lr=0.01, model='redlenet5', momentum=0.9, no_cuda=False, r=5, save_model=None, save_results=True, seed=1, sparsity=0.1, use_relu=True, wd=0.0005) 

Training a RedLeNet5 network ...
Train Epoch: 1 [6336/60000 (11%)]	Loss: 1.186467
Train Epoch: 1 [12736/60000 (21%)]	Loss: 0.967764
Train Epoch: 1 [19136/60000 (32%)]	Loss: 0.472087
Train Epoch: 1 [25536/60000 (43%)]	Loss: 0.512141
Train Epoch: 1 [31936/60000 (53%)]	Loss: 0.611271
Train Epoch: 1 [38336/60000 (64%)]	Loss: 0.665722
Train Epoch: 1 [44736/60000 (75%)]	Loss: 0.427091
Train Epoch: 1 [51136/60000 (85%)]	Loss: 0.373887
Train Epoch: 1 [57536/60000 (96%)]	Loss: 0.407097

Test set: Average loss: 0.3480, Accuracy: 8962/10000 (90%)

Train Epoch: 2 [6336/60000 (11%)]	Loss: 0.440283
Train Epoch: 2 [12736/60000 (21%)]	Loss: 0.199575
Train Epoch: 2 [19136/60000 (32%)]	Loss: 0.342218
Train Epoch: 2 [25536/60000 (43%)]	Loss: 0.360956
Train Epoch: 2 [31936/60000 (53%)]	Loss: 0.650394
Train Epoch: 2 [38336/60000 (64%)]	Loss: 0.410931
Train Epoch: 2 [44736/60000 (75%)]	Loss: 0.240199
Train Epoch: 2 [51136/60000 (85%)]	Loss: 0.408953
Train Epoch: 2 [57536/60000 (96%)]	Loss: 0.295243

Test set: Average loss: 0.2951, Accuracy: 9088/10000 (91%)

Train Epoch: 3 [6336/60000 (11%)]	Loss: 0.350831
Train Epoch: 3 [12736/60000 (21%)]	Loss: 0.319766
Train Epoch: 3 [19136/60000 (32%)]	Loss: 0.341459
Train Epoch: 3 [25536/60000 (43%)]	Loss: 0.163494
Train Epoch: 3 [31936/60000 (53%)]	Loss: 0.256419
Train Epoch: 3 [38336/60000 (64%)]	Loss: 0.259082
Train Epoch: 3 [44736/60000 (75%)]	Loss: 0.172278
Train Epoch: 3 [51136/60000 (85%)]	Loss: 0.184104
Train Epoch: 3 [57536/60000 (96%)]	Loss: 0.336062

Test set: Average loss: 0.2396, Accuracy: 9269/10000 (93%)

Train Epoch: 4 [6336/60000 (11%)]	Loss: 0.472580
Train Epoch: 4 [12736/60000 (21%)]	Loss: 0.170161
Train Epoch: 4 [19136/60000 (32%)]	Loss: 0.365678
Train Epoch: 4 [25536/60000 (43%)]	Loss: 0.402522
Train Epoch: 4 [31936/60000 (53%)]	Loss: 0.205013
Train Epoch: 4 [38336/60000 (64%)]	Loss: 0.276552
Train Epoch: 4 [44736/60000 (75%)]	Loss: 0.243882
Train Epoch: 4 [51136/60000 (85%)]	Loss: 0.195542
Train Epoch: 4 [57536/60000 (96%)]	Loss: 0.330360

Test set: Average loss: 0.2299, Accuracy: 9299/10000 (93%)

Train Epoch: 5 [6336/60000 (11%)]	Loss: 0.148922
Train Epoch: 5 [12736/60000 (21%)]	Loss: 0.301647
Train Epoch: 5 [19136/60000 (32%)]	Loss: 0.205194
Train Epoch: 5 [25536/60000 (43%)]	Loss: 0.194168
Train Epoch: 5 [31936/60000 (53%)]	Loss: 0.177428
Train Epoch: 5 [38336/60000 (64%)]	Loss: 0.130308
Train Epoch: 5 [44736/60000 (75%)]	Loss: 0.199254
Train Epoch: 5 [51136/60000 (85%)]	Loss: 0.183885
Train Epoch: 5 [57536/60000 (96%)]	Loss: 0.268331

Test set: Average loss: 0.2256, Accuracy: 9304/10000 (93%)

Train Epoch: 6 [6336/60000 (11%)]	Loss: 0.250724
Train Epoch: 6 [12736/60000 (21%)]	Loss: 0.140073
Train Epoch: 6 [19136/60000 (32%)]	Loss: 0.188145
Train Epoch: 6 [25536/60000 (43%)]	Loss: 0.293152
Train Epoch: 6 [31936/60000 (53%)]	Loss: 0.205585
Train Epoch: 6 [38336/60000 (64%)]	Loss: 0.221995
Train Epoch: 6 [44736/60000 (75%)]	Loss: 0.135885
Train Epoch: 6 [51136/60000 (85%)]	Loss: 0.189837
Train Epoch: 6 [57536/60000 (96%)]	Loss: 0.268814

Test set: Average loss: 0.1882, Accuracy: 9434/10000 (94%)

Train Epoch: 7 [6336/60000 (11%)]	Loss: 0.285753
Train Epoch: 7 [12736/60000 (21%)]	Loss: 0.111803
Train Epoch: 7 [19136/60000 (32%)]	Loss: 0.265617
Train Epoch: 7 [25536/60000 (43%)]	Loss: 0.147528
Train Epoch: 7 [31936/60000 (53%)]	Loss: 0.207915
Train Epoch: 7 [38336/60000 (64%)]	Loss: 0.058691
Train Epoch: 7 [44736/60000 (75%)]	Loss: 0.193464
Train Epoch: 7 [51136/60000 (85%)]	Loss: 0.250150
Train Epoch: 7 [57536/60000 (96%)]	Loss: 0.146115

Test set: Average loss: 0.1815, Accuracy: 9448/10000 (94%)

Train Epoch: 8 [6336/60000 (11%)]	Loss: 0.147607
Train Epoch: 8 [12736/60000 (21%)]	Loss: 0.318439
Train Epoch: 8 [19136/60000 (32%)]	Loss: 0.341563
Train Epoch: 8 [25536/60000 (43%)]	Loss: 0.148463
Train Epoch: 8 [31936/60000 (53%)]	Loss: 0.072833
Train Epoch: 8 [38336/60000 (64%)]	Loss: 0.249962
Train Epoch: 8 [44736/60000 (75%)]	Loss: 0.075774
Train Epoch: 8 [51136/60000 (85%)]	Loss: 0.203420
Train Epoch: 8 [57536/60000 (96%)]	Loss: 0.163454

Test set: Average loss: 0.1975, Accuracy: 9388/10000 (94%)

Train Epoch: 9 [6336/60000 (11%)]	Loss: 0.193354
Train Epoch: 9 [12736/60000 (21%)]	Loss: 0.149753
Train Epoch: 9 [19136/60000 (32%)]	Loss: 0.198757
Train Epoch: 9 [25536/60000 (43%)]	Loss: 0.130763
Train Epoch: 9 [31936/60000 (53%)]	Loss: 0.061252
Train Epoch: 9 [38336/60000 (64%)]	Loss: 0.106579
Train Epoch: 9 [44736/60000 (75%)]	Loss: 0.311007
Train Epoch: 9 [51136/60000 (85%)]	Loss: 0.311979
Train Epoch: 9 [57536/60000 (96%)]	Loss: 0.159255

Test set: Average loss: 0.1615, Accuracy: 9525/10000 (95%)

Train Epoch: 10 [6336/60000 (11%)]	Loss: 0.073382
Train Epoch: 10 [12736/60000 (21%)]	Loss: 0.268245
Train Epoch: 10 [19136/60000 (32%)]	Loss: 0.232147
Train Epoch: 10 [25536/60000 (43%)]	Loss: 0.136911
Train Epoch: 10 [31936/60000 (53%)]	Loss: 0.263143
Train Epoch: 10 [38336/60000 (64%)]	Loss: 0.166906
Train Epoch: 10 [44736/60000 (75%)]	Loss: 0.205526
Train Epoch: 10 [51136/60000 (85%)]	Loss: 0.171785
Train Epoch: 10 [57536/60000 (96%)]	Loss: 0.096435

Test set: Average loss: 0.1792, Accuracy: 9441/10000 (94%)

Train Epoch: 11 [6336/60000 (11%)]	Loss: 0.065126
Train Epoch: 11 [12736/60000 (21%)]	Loss: 0.092411
Train Epoch: 11 [19136/60000 (32%)]	Loss: 0.250903
Train Epoch: 11 [25536/60000 (43%)]	Loss: 0.105413
Train Epoch: 11 [31936/60000 (53%)]	Loss: 0.158762
Train Epoch: 11 [38336/60000 (64%)]	Loss: 0.132784
Train Epoch: 11 [44736/60000 (75%)]	Loss: 0.093571
Train Epoch: 11 [51136/60000 (85%)]	Loss: 0.135561
Train Epoch: 11 [57536/60000 (96%)]	Loss: 0.290164

Test set: Average loss: 0.1614, Accuracy: 9520/10000 (95%)

Train Epoch: 12 [6336/60000 (11%)]	Loss: 0.097268
Train Epoch: 12 [12736/60000 (21%)]	Loss: 0.135226
Train Epoch: 12 [19136/60000 (32%)]	Loss: 0.240247
Train Epoch: 12 [25536/60000 (43%)]	Loss: 0.207581
Train Epoch: 12 [31936/60000 (53%)]	Loss: 0.093367
Train Epoch: 12 [38336/60000 (64%)]	Loss: 0.163212
Train Epoch: 12 [44736/60000 (75%)]	Loss: 0.225348
Train Epoch: 12 [51136/60000 (85%)]	Loss: 0.128833
Train Epoch: 12 [57536/60000 (96%)]	Loss: 0.158422

Test set: Average loss: 0.1501, Accuracy: 9549/10000 (95%)

Train Epoch: 13 [6336/60000 (11%)]	Loss: 0.105449
Train Epoch: 13 [12736/60000 (21%)]	Loss: 0.111237
Train Epoch: 13 [19136/60000 (32%)]	Loss: 0.156066
Train Epoch: 13 [25536/60000 (43%)]	Loss: 0.164183
Train Epoch: 13 [31936/60000 (53%)]	Loss: 0.334368
Train Epoch: 13 [38336/60000 (64%)]	Loss: 0.060059
Train Epoch: 13 [44736/60000 (75%)]	Loss: 0.177708
Train Epoch: 13 [51136/60000 (85%)]	Loss: 0.223003
Train Epoch: 13 [57536/60000 (96%)]	Loss: 0.168219

Test set: Average loss: 0.1560, Accuracy: 9532/10000 (95%)

Train Epoch: 14 [6336/60000 (11%)]	Loss: 0.087529
Train Epoch: 14 [12736/60000 (21%)]	Loss: 0.060322
Train Epoch: 14 [19136/60000 (32%)]	Loss: 0.217191
Train Epoch: 14 [25536/60000 (43%)]	Loss: 0.154910
Train Epoch: 14 [31936/60000 (53%)]	Loss: 0.246047
Train Epoch: 14 [38336/60000 (64%)]	Loss: 0.142638
Train Epoch: 14 [44736/60000 (75%)]	Loss: 0.046768
Train Epoch: 14 [51136/60000 (85%)]	Loss: 0.175920
Train Epoch: 14 [57536/60000 (96%)]	Loss: 0.155195

Test set: Average loss: 0.1456, Accuracy: 9560/10000 (96%)

Train Epoch: 15 [6336/60000 (11%)]	Loss: 0.109266
Train Epoch: 15 [12736/60000 (21%)]	Loss: 0.171212
Train Epoch: 15 [19136/60000 (32%)]	Loss: 0.100823
Train Epoch: 15 [25536/60000 (43%)]	Loss: 0.285789
Train Epoch: 15 [31936/60000 (53%)]	Loss: 0.209059
Train Epoch: 15 [38336/60000 (64%)]	Loss: 0.175190
Train Epoch: 15 [44736/60000 (75%)]	Loss: 0.111724
Train Epoch: 15 [51136/60000 (85%)]	Loss: 0.193702
Train Epoch: 15 [57536/60000 (96%)]	Loss: 0.086455

Test set: Average loss: 0.1435, Accuracy: 9580/10000 (96%)

Namespace(batch_size=64, bias=None, data='../data', device=0, epochs=15, hidden_size=500, load_weights='./paper/lenet5/lenet5_e50_h500.pt', log_interval=100, lr=0.01, model='redlenet5', momentum=0.9, no_cuda=False, r=5, save_model=None, save_results=True, seed=1, sparsity=0.1, use_relu=True, wd=0.0005)


Total time spent pruning/training: 1.68 minutes
Total number of parameters in model: 300170
Number of parameters in pruned model: 270408
