Namespace(batch_size=64, bias=None, data='../data', device=0, epochs=6, hidden_size=500, load_weights='./paper/lenet5/lenet5_e50_h500.pt', log_interval=100, lr=0.01, model='widelenet5', momentum=0.9, no_cuda=False, r=5, save_model=None, save_results=True, seed=1, sparsity=0.1, use_relu=False, wd=0.0005) 

Pruning a Wide LeNet5 network ...
Train Epoch: 1 [6336/60000 (11%)]	Loss: 1.772954
Train Epoch: 1 [12736/60000 (21%)]	Loss: 1.453424
Train Epoch: 1 [19136/60000 (32%)]	Loss: 1.231643
Train Epoch: 1 [25536/60000 (43%)]	Loss: 0.976652
Train Epoch: 1 [31936/60000 (53%)]	Loss: 0.934958
Train Epoch: 1 [38336/60000 (64%)]	Loss: 0.726931
Train Epoch: 1 [44736/60000 (75%)]	Loss: 0.742867
Train Epoch: 1 [51136/60000 (85%)]	Loss: 0.683650
Train Epoch: 1 [57536/60000 (96%)]	Loss: 0.590871

Test set: Average loss: 0.6860, Accuracy: 8604/10000 (86%)

Train Epoch: 2 [6336/60000 (11%)]	Loss: 0.619520
Train Epoch: 2 [12736/60000 (21%)]	Loss: 0.533335
Train Epoch: 2 [19136/60000 (32%)]	Loss: 0.612757
Train Epoch: 2 [25536/60000 (43%)]	Loss: 0.629083
Train Epoch: 2 [31936/60000 (53%)]	Loss: 0.607431
Train Epoch: 2 [38336/60000 (64%)]	Loss: 0.520891
Train Epoch: 2 [44736/60000 (75%)]	Loss: 0.649792
Train Epoch: 2 [51136/60000 (85%)]	Loss: 0.414232
Train Epoch: 2 [57536/60000 (96%)]	Loss: 0.446391

Test set: Average loss: 0.4816, Accuracy: 8948/10000 (89%)

Train Epoch: 3 [6336/60000 (11%)]	Loss: 0.407569
Train Epoch: 3 [12736/60000 (21%)]	Loss: 0.468960
Train Epoch: 3 [19136/60000 (32%)]	Loss: 0.421358
Train Epoch: 3 [25536/60000 (43%)]	Loss: 0.446511
Train Epoch: 3 [31936/60000 (53%)]	Loss: 0.290201
Train Epoch: 3 [38336/60000 (64%)]	Loss: 0.437989
Train Epoch: 3 [44736/60000 (75%)]	Loss: 0.397307
Train Epoch: 3 [51136/60000 (85%)]	Loss: 0.342267
Train Epoch: 3 [57536/60000 (96%)]	Loss: 0.516363

Test set: Average loss: 0.4164, Accuracy: 9059/10000 (91%)

Train Epoch: 4 [6336/60000 (11%)]	Loss: 0.488304
Train Epoch: 4 [12736/60000 (21%)]	Loss: 0.386612
Train Epoch: 4 [19136/60000 (32%)]	Loss: 0.407729
Train Epoch: 4 [25536/60000 (43%)]	Loss: 0.331418
Train Epoch: 4 [31936/60000 (53%)]	Loss: 0.523015
Train Epoch: 4 [38336/60000 (64%)]	Loss: 0.393376
Train Epoch: 4 [44736/60000 (75%)]	Loss: 0.379435
Train Epoch: 4 [51136/60000 (85%)]	Loss: 0.472537
Train Epoch: 4 [57536/60000 (96%)]	Loss: 0.329510

Test set: Average loss: 0.3854, Accuracy: 9096/10000 (91%)

Train Epoch: 5 [6336/60000 (11%)]	Loss: 0.285941
Train Epoch: 5 [12736/60000 (21%)]	Loss: 0.366082
Train Epoch: 5 [19136/60000 (32%)]	Loss: 0.408753
Train Epoch: 5 [25536/60000 (43%)]	Loss: 0.286387
Train Epoch: 5 [31936/60000 (53%)]	Loss: 0.357158
Train Epoch: 5 [38336/60000 (64%)]	Loss: 0.347732
Train Epoch: 5 [44736/60000 (75%)]	Loss: 0.371930
Train Epoch: 5 [51136/60000 (85%)]	Loss: 0.400012
Train Epoch: 5 [57536/60000 (96%)]	Loss: 0.317539

Test set: Average loss: 0.3614, Accuracy: 9154/10000 (92%)

Train Epoch: 6 [6336/60000 (11%)]	Loss: 0.310692
Train Epoch: 6 [12736/60000 (21%)]	Loss: 0.433433
Train Epoch: 6 [19136/60000 (32%)]	Loss: 0.352492
Train Epoch: 6 [25536/60000 (43%)]	Loss: 0.388079
Train Epoch: 6 [31936/60000 (53%)]	Loss: 0.284912
Train Epoch: 6 [38336/60000 (64%)]	Loss: 0.510391
Train Epoch: 6 [44736/60000 (75%)]	Loss: 0.355460
Train Epoch: 6 [51136/60000 (85%)]	Loss: 0.339514
Train Epoch: 6 [57536/60000 (96%)]	Loss: 0.361714

Test set: Average loss: 0.3598, Accuracy: 9155/10000 (92%)

Namespace(batch_size=64, bias=None, data='../data', device=0, epochs=6, hidden_size=500, load_weights='./paper/lenet5/lenet5_e50_h500.pt', log_interval=100, lr=0.01, model='widelenet5', momentum=0.9, no_cuda=False, r=5, save_model=None, save_results=True, seed=1, sparsity=0.1, use_relu=False, wd=0.0005)


Total time spent pruning/training: 0.71 minutes
Total number of parameters in model: 300414
Number of parameters in pruned model: 270628
