Namespace(batch_size=64, bias=None, data='../data', device=0, epochs=20, hidden_size=500, load_weights='./paper/lenet5/lenet5_e50_h500.pt', log_interval=100, lr=0.01, model='widelenet5', momentum=0.9, no_cuda=False, r=5, save_model=None, save_results=True, seed=1, sparsity=0.75, use_relu=False, wd=0.0005) 

Pruning a Wide LeNet5 network ...
Train Epoch: 1 [6336/60000 (11%)]	Loss: 2.233687
Train Epoch: 1 [12736/60000 (21%)]	Loss: 2.172473
Train Epoch: 1 [19136/60000 (32%)]	Loss: 2.082763
Train Epoch: 1 [25536/60000 (43%)]	Loss: 1.847952
Train Epoch: 1 [31936/60000 (53%)]	Loss: 1.775533
Train Epoch: 1 [38336/60000 (64%)]	Loss: 1.576134
Train Epoch: 1 [44736/60000 (75%)]	Loss: 1.470195
Train Epoch: 1 [51136/60000 (85%)]	Loss: 1.322995
Train Epoch: 1 [57536/60000 (96%)]	Loss: 1.205847

Test set: Average loss: 1.2601, Accuracy: 7217/10000 (72%)

Train Epoch: 2 [6336/60000 (11%)]	Loss: 1.172491
Train Epoch: 2 [12736/60000 (21%)]	Loss: 1.019040
Train Epoch: 2 [19136/60000 (32%)]	Loss: 1.069178
Train Epoch: 2 [25536/60000 (43%)]	Loss: 1.039035
Train Epoch: 2 [31936/60000 (53%)]	Loss: 0.987124
Train Epoch: 2 [38336/60000 (64%)]	Loss: 0.853647
Train Epoch: 2 [44736/60000 (75%)]	Loss: 1.000989
Train Epoch: 2 [51136/60000 (85%)]	Loss: 0.706216
Train Epoch: 2 [57536/60000 (96%)]	Loss: 0.651010

Test set: Average loss: 0.7659, Accuracy: 8285/10000 (83%)

Train Epoch: 3 [6336/60000 (11%)]	Loss: 0.635032
Train Epoch: 3 [12736/60000 (21%)]	Loss: 0.703770
Train Epoch: 3 [19136/60000 (32%)]	Loss: 0.695373
Train Epoch: 3 [25536/60000 (43%)]	Loss: 0.682038
Train Epoch: 3 [31936/60000 (53%)]	Loss: 0.483588
Train Epoch: 3 [38336/60000 (64%)]	Loss: 0.632012
Train Epoch: 3 [44736/60000 (75%)]	Loss: 0.613801
Train Epoch: 3 [51136/60000 (85%)]	Loss: 0.475707
Train Epoch: 3 [57536/60000 (96%)]	Loss: 0.620315

Test set: Average loss: 0.5810, Accuracy: 8688/10000 (87%)

Train Epoch: 4 [6336/60000 (11%)]	Loss: 0.656755
Train Epoch: 4 [12736/60000 (21%)]	Loss: 0.553667
Train Epoch: 4 [19136/60000 (32%)]	Loss: 0.581190
Train Epoch: 4 [25536/60000 (43%)]	Loss: 0.477365
Train Epoch: 4 [31936/60000 (53%)]	Loss: 0.631211
Train Epoch: 4 [38336/60000 (64%)]	Loss: 0.515171
Train Epoch: 4 [44736/60000 (75%)]	Loss: 0.481716
Train Epoch: 4 [51136/60000 (85%)]	Loss: 0.586610
Train Epoch: 4 [57536/60000 (96%)]	Loss: 0.471288

Test set: Average loss: 0.4882, Accuracy: 8900/10000 (89%)

Train Epoch: 5 [6336/60000 (11%)]	Loss: 0.372150
Train Epoch: 5 [12736/60000 (21%)]	Loss: 0.473844
Train Epoch: 5 [19136/60000 (32%)]	Loss: 0.515135
Train Epoch: 5 [25536/60000 (43%)]	Loss: 0.335958
Train Epoch: 5 [31936/60000 (53%)]	Loss: 0.427598
Train Epoch: 5 [38336/60000 (64%)]	Loss: 0.460273
Train Epoch: 5 [44736/60000 (75%)]	Loss: 0.417529
Train Epoch: 5 [51136/60000 (85%)]	Loss: 0.460915
Train Epoch: 5 [57536/60000 (96%)]	Loss: 0.376040

Test set: Average loss: 0.4273, Accuracy: 9017/10000 (90%)

Train Epoch: 6 [6336/60000 (11%)]	Loss: 0.367801
Train Epoch: 6 [12736/60000 (21%)]	Loss: 0.499812
Train Epoch: 6 [19136/60000 (32%)]	Loss: 0.398550
Train Epoch: 6 [25536/60000 (43%)]	Loss: 0.429421
Train Epoch: 6 [31936/60000 (53%)]	Loss: 0.305839
Train Epoch: 6 [38336/60000 (64%)]	Loss: 0.603483
Train Epoch: 6 [44736/60000 (75%)]	Loss: 0.381764
Train Epoch: 6 [51136/60000 (85%)]	Loss: 0.356126
Train Epoch: 6 [57536/60000 (96%)]	Loss: 0.387614

Test set: Average loss: 0.3905, Accuracy: 9072/10000 (91%)

Train Epoch: 7 [6336/60000 (11%)]	Loss: 0.340205
Train Epoch: 7 [12736/60000 (21%)]	Loss: 0.505462
Train Epoch: 7 [19136/60000 (32%)]	Loss: 0.359429
Train Epoch: 7 [25536/60000 (43%)]	Loss: 0.582553
Train Epoch: 7 [31936/60000 (53%)]	Loss: 0.352216
Train Epoch: 7 [38336/60000 (64%)]	Loss: 0.323556
Train Epoch: 7 [44736/60000 (75%)]	Loss: 0.453141
Train Epoch: 7 [51136/60000 (85%)]	Loss: 0.297124
Train Epoch: 7 [57536/60000 (96%)]	Loss: 0.376737

Test set: Average loss: 0.3606, Accuracy: 9146/10000 (91%)

Train Epoch: 8 [6336/60000 (11%)]	Loss: 0.328329
Train Epoch: 8 [12736/60000 (21%)]	Loss: 0.437454
Train Epoch: 8 [19136/60000 (32%)]	Loss: 0.344649
Train Epoch: 8 [25536/60000 (43%)]	Loss: 0.408226
Train Epoch: 8 [31936/60000 (53%)]	Loss: 0.293137
Train Epoch: 8 [38336/60000 (64%)]	Loss: 0.339404
Train Epoch: 8 [44736/60000 (75%)]	Loss: 0.497315
Train Epoch: 8 [51136/60000 (85%)]	Loss: 0.372624
Train Epoch: 8 [57536/60000 (96%)]	Loss: 0.291014

Test set: Average loss: 0.3377, Accuracy: 9199/10000 (92%)

Train Epoch: 9 [6336/60000 (11%)]	Loss: 0.406689
Train Epoch: 9 [12736/60000 (21%)]	Loss: 0.408884
Train Epoch: 9 [19136/60000 (32%)]	Loss: 0.392975
Train Epoch: 9 [25536/60000 (43%)]	Loss: 0.407920
Train Epoch: 9 [31936/60000 (53%)]	Loss: 0.253251
Train Epoch: 9 [38336/60000 (64%)]	Loss: 0.451896
Train Epoch: 9 [44736/60000 (75%)]	Loss: 0.283115
Train Epoch: 9 [51136/60000 (85%)]	Loss: 0.338660
Train Epoch: 9 [57536/60000 (96%)]	Loss: 0.430045

Test set: Average loss: 0.3233, Accuracy: 9240/10000 (92%)

Train Epoch: 10 [6336/60000 (11%)]	Loss: 0.408725
Train Epoch: 10 [12736/60000 (21%)]	Loss: 0.342983
Train Epoch: 10 [19136/60000 (32%)]	Loss: 0.342998
Train Epoch: 10 [25536/60000 (43%)]	Loss: 0.327494
Train Epoch: 10 [31936/60000 (53%)]	Loss: 0.397387
Train Epoch: 10 [38336/60000 (64%)]	Loss: 0.282984
Train Epoch: 10 [44736/60000 (75%)]	Loss: 0.213975
Train Epoch: 10 [51136/60000 (85%)]	Loss: 0.309634
Train Epoch: 10 [57536/60000 (96%)]	Loss: 0.344713

Test set: Average loss: 0.3105, Accuracy: 9247/10000 (92%)

Train Epoch: 11 [6336/60000 (11%)]	Loss: 0.289439
Train Epoch: 11 [12736/60000 (21%)]	Loss: 0.294976
Train Epoch: 11 [19136/60000 (32%)]	Loss: 0.327364
Train Epoch: 11 [25536/60000 (43%)]	Loss: 0.371222
Train Epoch: 11 [31936/60000 (53%)]	Loss: 0.326307
Train Epoch: 11 [38336/60000 (64%)]	Loss: 0.282712
Train Epoch: 11 [44736/60000 (75%)]	Loss: 0.424249
Train Epoch: 11 [51136/60000 (85%)]	Loss: 0.360854
Train Epoch: 11 [57536/60000 (96%)]	Loss: 0.303122

Test set: Average loss: 0.3009, Accuracy: 9282/10000 (93%)

Train Epoch: 12 [6336/60000 (11%)]	Loss: 0.317823
Train Epoch: 12 [12736/60000 (21%)]	Loss: 0.244949
Train Epoch: 12 [19136/60000 (32%)]	Loss: 0.267194
Train Epoch: 12 [25536/60000 (43%)]	Loss: 0.261915
Train Epoch: 12 [31936/60000 (53%)]	Loss: 0.289748
Train Epoch: 12 [38336/60000 (64%)]	Loss: 0.345662
Train Epoch: 12 [44736/60000 (75%)]	Loss: 0.316523
Train Epoch: 12 [51136/60000 (85%)]	Loss: 0.333012
Train Epoch: 12 [57536/60000 (96%)]	Loss: 0.356509

Test set: Average loss: 0.2937, Accuracy: 9279/10000 (93%)

Train Epoch: 13 [6336/60000 (11%)]	Loss: 0.356569
Train Epoch: 13 [12736/60000 (21%)]	Loss: 0.263975
Train Epoch: 13 [19136/60000 (32%)]	Loss: 0.187121
Train Epoch: 13 [25536/60000 (43%)]	Loss: 0.210078
Train Epoch: 13 [31936/60000 (53%)]	Loss: 0.275561
Train Epoch: 13 [38336/60000 (64%)]	Loss: 0.311596
Train Epoch: 13 [44736/60000 (75%)]	Loss: 0.382758
Train Epoch: 13 [51136/60000 (85%)]	Loss: 0.227402
Train Epoch: 13 [57536/60000 (96%)]	Loss: 0.300444

Test set: Average loss: 0.2892, Accuracy: 9307/10000 (93%)

Train Epoch: 14 [6336/60000 (11%)]	Loss: 0.280788
Train Epoch: 14 [12736/60000 (21%)]	Loss: 0.389852
Train Epoch: 14 [19136/60000 (32%)]	Loss: 0.325646
Train Epoch: 14 [25536/60000 (43%)]	Loss: 0.327804
Train Epoch: 14 [31936/60000 (53%)]	Loss: 0.401449
Train Epoch: 14 [38336/60000 (64%)]	Loss: 0.299529
Train Epoch: 14 [44736/60000 (75%)]	Loss: 0.169146
Train Epoch: 14 [51136/60000 (85%)]	Loss: 0.316539
Train Epoch: 14 [57536/60000 (96%)]	Loss: 0.351792

Test set: Average loss: 0.2828, Accuracy: 9307/10000 (93%)

Train Epoch: 15 [6336/60000 (11%)]	Loss: 0.321590
Train Epoch: 15 [12736/60000 (21%)]	Loss: 0.260993
Train Epoch: 15 [19136/60000 (32%)]	Loss: 0.290988
Train Epoch: 15 [25536/60000 (43%)]	Loss: 0.319777
Train Epoch: 15 [31936/60000 (53%)]	Loss: 0.222975
Train Epoch: 15 [38336/60000 (64%)]	Loss: 0.325947
Train Epoch: 15 [44736/60000 (75%)]	Loss: 0.262594
Train Epoch: 15 [51136/60000 (85%)]	Loss: 0.252194
Train Epoch: 15 [57536/60000 (96%)]	Loss: 0.434420

Test set: Average loss: 0.2796, Accuracy: 9312/10000 (93%)

Train Epoch: 16 [6336/60000 (11%)]	Loss: 0.334238
Train Epoch: 16 [12736/60000 (21%)]	Loss: 0.288732
Train Epoch: 16 [19136/60000 (32%)]	Loss: 0.383039
Train Epoch: 16 [25536/60000 (43%)]	Loss: 0.146119
Train Epoch: 16 [31936/60000 (53%)]	Loss: 0.425518
Train Epoch: 16 [38336/60000 (64%)]	Loss: 0.187175
Train Epoch: 16 [44736/60000 (75%)]	Loss: 0.197389
Train Epoch: 16 [51136/60000 (85%)]	Loss: 0.242924
Train Epoch: 16 [57536/60000 (96%)]	Loss: 0.202357

Test set: Average loss: 0.2788, Accuracy: 9318/10000 (93%)

Train Epoch: 17 [6336/60000 (11%)]	Loss: 0.277769
Train Epoch: 17 [12736/60000 (21%)]	Loss: 0.261693
Train Epoch: 17 [19136/60000 (32%)]	Loss: 0.330135
Train Epoch: 17 [25536/60000 (43%)]	Loss: 0.189282
Train Epoch: 17 [31936/60000 (53%)]	Loss: 0.265473
Train Epoch: 17 [38336/60000 (64%)]	Loss: 0.314481
Train Epoch: 17 [44736/60000 (75%)]	Loss: 0.232075
Train Epoch: 17 [51136/60000 (85%)]	Loss: 0.458636
Train Epoch: 17 [57536/60000 (96%)]	Loss: 0.201619

Test set: Average loss: 0.2765, Accuracy: 9322/10000 (93%)

Train Epoch: 18 [6336/60000 (11%)]	Loss: 0.249998
Train Epoch: 18 [12736/60000 (21%)]	Loss: 0.342634
Train Epoch: 18 [19136/60000 (32%)]	Loss: 0.204601
Train Epoch: 18 [25536/60000 (43%)]	Loss: 0.236608
Train Epoch: 18 [31936/60000 (53%)]	Loss: 0.271821
Train Epoch: 18 [38336/60000 (64%)]	Loss: 0.251226
Train Epoch: 18 [44736/60000 (75%)]	Loss: 0.343583
Train Epoch: 18 [51136/60000 (85%)]	Loss: 0.245233
Train Epoch: 18 [57536/60000 (96%)]	Loss: 0.276128

Test set: Average loss: 0.2756, Accuracy: 9321/10000 (93%)

Train Epoch: 19 [6336/60000 (11%)]	Loss: 0.163549
Train Epoch: 19 [12736/60000 (21%)]	Loss: 0.287715
Train Epoch: 19 [19136/60000 (32%)]	Loss: 0.284609
Train Epoch: 19 [25536/60000 (43%)]	Loss: 0.243296
Train Epoch: 19 [31936/60000 (53%)]	Loss: 0.247835
Train Epoch: 19 [38336/60000 (64%)]	Loss: 0.409771
Train Epoch: 19 [44736/60000 (75%)]	Loss: 0.321642
Train Epoch: 19 [51136/60000 (85%)]	Loss: 0.324807
Train Epoch: 19 [57536/60000 (96%)]	Loss: 0.245548

Test set: Average loss: 0.2750, Accuracy: 9327/10000 (93%)

Train Epoch: 20 [6336/60000 (11%)]	Loss: 0.391266
Train Epoch: 20 [12736/60000 (21%)]	Loss: 0.278797
Train Epoch: 20 [19136/60000 (32%)]	Loss: 0.350680
Train Epoch: 20 [25536/60000 (43%)]	Loss: 0.378398
Train Epoch: 20 [31936/60000 (53%)]	Loss: 0.245519
Train Epoch: 20 [38336/60000 (64%)]	Loss: 0.314166
Train Epoch: 20 [44736/60000 (75%)]	Loss: 0.298590
Train Epoch: 20 [51136/60000 (85%)]	Loss: 0.438520
Train Epoch: 20 [57536/60000 (96%)]	Loss: 0.187002

Test set: Average loss: 0.2749, Accuracy: 9337/10000 (93%)

Namespace(batch_size=64, bias=None, data='../data', device=0, epochs=20, hidden_size=500, load_weights='./paper/lenet5/lenet5_e50_h500.pt', log_interval=100, lr=0.01, model='widelenet5', momentum=0.9, no_cuda=False, r=5, save_model=None, save_results=True, seed=1, sparsity=0.75, use_relu=False, wd=0.0005)


Total time spent pruning/training: 2.15 minutes
Total number of parameters in model: 300414
Number of parameters in pruned model: 77016
