Namespace(batch_size=64, bias=None, data='../data', device=0, epochs=17, hidden_size=500, load_weights='./paper/lenet5/lenet5_e50_h500.pt', log_interval=100, lr=0.01, model='widelenet5', momentum=0.9, no_cuda=False, r=5, save_model=None, save_results=True, seed=1, sparsity=0.01, use_relu=False, wd=0.0005) 

Pruning a Wide LeNet5 network ...
Train Epoch: 1 [6336/60000 (11%)]	Loss: 2.010781
Train Epoch: 1 [12736/60000 (21%)]	Loss: 1.832156
Train Epoch: 1 [19136/60000 (32%)]	Loss: 1.755229
Train Epoch: 1 [25536/60000 (43%)]	Loss: 1.777992
Train Epoch: 1 [31936/60000 (53%)]	Loss: 1.848336
Train Epoch: 1 [38336/60000 (64%)]	Loss: 1.913699
Train Epoch: 1 [44736/60000 (75%)]	Loss: 1.866158
Train Epoch: 1 [51136/60000 (85%)]	Loss: 1.922926
Train Epoch: 1 [57536/60000 (96%)]	Loss: 1.941242

Test set: Average loss: 1.9726, Accuracy: 4485/10000 (45%)

Train Epoch: 2 [6336/60000 (11%)]	Loss: 2.010577
Train Epoch: 2 [12736/60000 (21%)]	Loss: 2.022351
Train Epoch: 2 [19136/60000 (32%)]	Loss: 1.977226
Train Epoch: 2 [25536/60000 (43%)]	Loss: 2.097112
Train Epoch: 2 [31936/60000 (53%)]	Loss: 2.107722
Train Epoch: 2 [38336/60000 (64%)]	Loss: 1.987262
Train Epoch: 2 [44736/60000 (75%)]	Loss: 2.069631
Train Epoch: 2 [51136/60000 (85%)]	Loss: 2.031303
Train Epoch: 2 [57536/60000 (96%)]	Loss: 1.989037

Test set: Average loss: 2.0960, Accuracy: 3543/10000 (35%)

Train Epoch: 3 [6336/60000 (11%)]	Loss: 2.139098
Train Epoch: 3 [12736/60000 (21%)]	Loss: 2.211610
Train Epoch: 3 [19136/60000 (32%)]	Loss: 2.116807
Train Epoch: 3 [25536/60000 (43%)]	Loss: 2.127073
Train Epoch: 3 [31936/60000 (53%)]	Loss: 2.099439
Train Epoch: 3 [38336/60000 (64%)]	Loss: 2.077041
Train Epoch: 3 [44736/60000 (75%)]	Loss: 2.184640
Train Epoch: 3 [51136/60000 (85%)]	Loss: 2.186317
Train Epoch: 3 [57536/60000 (96%)]	Loss: 2.203689

Test set: Average loss: 2.1639, Accuracy: 2933/10000 (29%)

Train Epoch: 4 [6336/60000 (11%)]	Loss: 2.100507
Train Epoch: 4 [12736/60000 (21%)]	Loss: 2.209985
Train Epoch: 4 [19136/60000 (32%)]	Loss: 2.282426
Train Epoch: 4 [25536/60000 (43%)]	Loss: 2.118212
Train Epoch: 4 [31936/60000 (53%)]	Loss: 2.245116
Train Epoch: 4 [38336/60000 (64%)]	Loss: 2.089710
Train Epoch: 4 [44736/60000 (75%)]	Loss: 2.229044
Train Epoch: 4 [51136/60000 (85%)]	Loss: 2.294264
Train Epoch: 4 [57536/60000 (96%)]	Loss: 2.176749

Test set: Average loss: 2.2162, Accuracy: 2487/10000 (25%)

Train Epoch: 5 [6336/60000 (11%)]	Loss: 2.178313
Train Epoch: 5 [12736/60000 (21%)]	Loss: 2.152211
Train Epoch: 5 [19136/60000 (32%)]	Loss: 2.158435
Train Epoch: 5 [25536/60000 (43%)]	Loss: 2.112076
Train Epoch: 5 [31936/60000 (53%)]	Loss: 2.139351
Train Epoch: 5 [38336/60000 (64%)]	Loss: 2.291289
Train Epoch: 5 [44736/60000 (75%)]	Loss: 2.322364
Train Epoch: 5 [51136/60000 (85%)]	Loss: 2.295706
Train Epoch: 5 [57536/60000 (96%)]	Loss: 2.280511

Test set: Average loss: 2.2506, Accuracy: 2106/10000 (21%)

Train Epoch: 6 [6336/60000 (11%)]	Loss: 2.232659
Train Epoch: 6 [12736/60000 (21%)]	Loss: 2.237173
Train Epoch: 6 [19136/60000 (32%)]	Loss: 2.299521
Train Epoch: 6 [25536/60000 (43%)]	Loss: 2.263804
Train Epoch: 6 [31936/60000 (53%)]	Loss: 2.225198
Train Epoch: 6 [38336/60000 (64%)]	Loss: 2.226434
Train Epoch: 6 [44736/60000 (75%)]	Loss: 2.185059
Train Epoch: 6 [51136/60000 (85%)]	Loss: 2.230192
Train Epoch: 6 [57536/60000 (96%)]	Loss: 2.164073

Test set: Average loss: 2.2854, Accuracy: 1393/10000 (14%)

Train Epoch: 7 [6336/60000 (11%)]	Loss: 2.316326
Train Epoch: 7 [12736/60000 (21%)]	Loss: 2.269135
Train Epoch: 7 [19136/60000 (32%)]	Loss: 2.279278
Train Epoch: 7 [25536/60000 (43%)]	Loss: 2.264661
Train Epoch: 7 [31936/60000 (53%)]	Loss: 2.311988
Train Epoch: 7 [38336/60000 (64%)]	Loss: 2.265037
Train Epoch: 7 [44736/60000 (75%)]	Loss: 2.352248
Train Epoch: 7 [51136/60000 (85%)]	Loss: 2.305646
Train Epoch: 7 [57536/60000 (96%)]	Loss: 2.216276

Test set: Average loss: 2.2710, Accuracy: 1473/10000 (15%)

Train Epoch: 8 [6336/60000 (11%)]	Loss: 2.166652
Train Epoch: 8 [12736/60000 (21%)]	Loss: 2.279225
Train Epoch: 8 [19136/60000 (32%)]	Loss: 2.213594
Train Epoch: 8 [25536/60000 (43%)]	Loss: 2.295165
Train Epoch: 8 [31936/60000 (53%)]	Loss: 2.255712
Train Epoch: 8 [38336/60000 (64%)]	Loss: 2.307280
Train Epoch: 8 [44736/60000 (75%)]	Loss: 2.331513
Train Epoch: 8 [51136/60000 (85%)]	Loss: 2.276893
Train Epoch: 8 [57536/60000 (96%)]	Loss: 2.208781

Test set: Average loss: 2.2980, Accuracy: 1570/10000 (16%)

Train Epoch: 9 [6336/60000 (11%)]	Loss: 2.306761
Train Epoch: 9 [12736/60000 (21%)]	Loss: 2.251280
Train Epoch: 9 [19136/60000 (32%)]	Loss: 2.208400
Train Epoch: 9 [25536/60000 (43%)]	Loss: 2.386833
Train Epoch: 9 [31936/60000 (53%)]	Loss: 2.364847
Train Epoch: 9 [38336/60000 (64%)]	Loss: 2.259858
Train Epoch: 9 [44736/60000 (75%)]	Loss: 2.344431
Train Epoch: 9 [51136/60000 (85%)]	Loss: 2.337892
Train Epoch: 9 [57536/60000 (96%)]	Loss: 2.363403

Test set: Average loss: 2.3012, Accuracy: 1263/10000 (13%)

Train Epoch: 10 [6336/60000 (11%)]	Loss: 2.324827
Train Epoch: 10 [12736/60000 (21%)]	Loss: 2.271199
Train Epoch: 10 [19136/60000 (32%)]	Loss: 2.263073
Train Epoch: 10 [25536/60000 (43%)]	Loss: 2.329192
Train Epoch: 10 [31936/60000 (53%)]	Loss: 2.357876
Train Epoch: 10 [38336/60000 (64%)]	Loss: 2.338858
Train Epoch: 10 [44736/60000 (75%)]	Loss: 2.288960
Train Epoch: 10 [51136/60000 (85%)]	Loss: 2.331145
Train Epoch: 10 [57536/60000 (96%)]	Loss: 2.359105

Test set: Average loss: 2.3190, Accuracy: 1586/10000 (16%)

Train Epoch: 11 [6336/60000 (11%)]	Loss: 2.250071
Train Epoch: 11 [12736/60000 (21%)]	Loss: 2.407370
Train Epoch: 11 [19136/60000 (32%)]	Loss: 2.345424
Train Epoch: 11 [25536/60000 (43%)]	Loss: 2.354255
Train Epoch: 11 [31936/60000 (53%)]	Loss: 2.302193
Train Epoch: 11 [38336/60000 (64%)]	Loss: 2.361542
Train Epoch: 11 [44736/60000 (75%)]	Loss: 2.263318
Train Epoch: 11 [51136/60000 (85%)]	Loss: 2.337335
Train Epoch: 11 [57536/60000 (96%)]	Loss: 2.300175

Test set: Average loss: 2.3149, Accuracy: 1307/10000 (13%)

Train Epoch: 12 [6336/60000 (11%)]	Loss: 2.265189
Train Epoch: 12 [12736/60000 (21%)]	Loss: 2.346897
Train Epoch: 12 [19136/60000 (32%)]	Loss: 2.327629
Train Epoch: 12 [25536/60000 (43%)]	Loss: 2.329487
Train Epoch: 12 [31936/60000 (53%)]	Loss: 2.411141
Train Epoch: 12 [38336/60000 (64%)]	Loss: 2.306558
Train Epoch: 12 [44736/60000 (75%)]	Loss: 2.353126
Train Epoch: 12 [51136/60000 (85%)]	Loss: 2.343102
Train Epoch: 12 [57536/60000 (96%)]	Loss: 2.324203

Test set: Average loss: 2.3229, Accuracy: 1138/10000 (11%)

Train Epoch: 13 [6336/60000 (11%)]	Loss: 2.391014
Train Epoch: 13 [12736/60000 (21%)]	Loss: 2.292970
Train Epoch: 13 [19136/60000 (32%)]	Loss: 2.214897
Train Epoch: 13 [25536/60000 (43%)]	Loss: 2.235133
Train Epoch: 13 [31936/60000 (53%)]	Loss: 2.408589
Train Epoch: 13 [38336/60000 (64%)]	Loss: 2.257153
Train Epoch: 13 [44736/60000 (75%)]	Loss: 2.323249
Train Epoch: 13 [51136/60000 (85%)]	Loss: 2.313427
Train Epoch: 13 [57536/60000 (96%)]	Loss: 2.408304

Test set: Average loss: 2.3336, Accuracy: 1231/10000 (12%)

Train Epoch: 14 [6336/60000 (11%)]	Loss: 2.323879
Train Epoch: 14 [12736/60000 (21%)]	Loss: 2.265646
Train Epoch: 14 [19136/60000 (32%)]	Loss: 2.278490
Train Epoch: 14 [25536/60000 (43%)]	Loss: 2.255020
Train Epoch: 14 [31936/60000 (53%)]	Loss: 2.267422
Train Epoch: 14 [38336/60000 (64%)]	Loss: 2.327990
Train Epoch: 14 [44736/60000 (75%)]	Loss: 2.308544
Train Epoch: 14 [51136/60000 (85%)]	Loss: 2.271998
Train Epoch: 14 [57536/60000 (96%)]	Loss: 2.224608

Test set: Average loss: 2.3419, Accuracy: 1251/10000 (13%)

Train Epoch: 15 [6336/60000 (11%)]	Loss: 2.230367
Train Epoch: 15 [12736/60000 (21%)]	Loss: 2.432499
Train Epoch: 15 [19136/60000 (32%)]	Loss: 2.342602
Train Epoch: 15 [25536/60000 (43%)]	Loss: 2.269719
Train Epoch: 15 [31936/60000 (53%)]	Loss: 2.396907
Train Epoch: 15 [38336/60000 (64%)]	Loss: 2.282541
Train Epoch: 15 [44736/60000 (75%)]	Loss: 2.386419
Train Epoch: 15 [51136/60000 (85%)]	Loss: 2.369482
Train Epoch: 15 [57536/60000 (96%)]	Loss: 2.232010

Test set: Average loss: 2.3320, Accuracy: 1155/10000 (12%)

Train Epoch: 16 [6336/60000 (11%)]	Loss: 2.431310
Train Epoch: 16 [12736/60000 (21%)]	Loss: 2.402703
Train Epoch: 16 [19136/60000 (32%)]	Loss: 2.379220
Train Epoch: 16 [25536/60000 (43%)]	Loss: 2.356574
Train Epoch: 16 [31936/60000 (53%)]	Loss: 2.376704
Train Epoch: 16 [38336/60000 (64%)]	Loss: 2.337737
Train Epoch: 16 [44736/60000 (75%)]	Loss: 2.332572
Train Epoch: 16 [51136/60000 (85%)]	Loss: 2.342983
Train Epoch: 16 [57536/60000 (96%)]	Loss: 2.387251

Test set: Average loss: 2.3428, Accuracy: 1273/10000 (13%)

Train Epoch: 17 [6336/60000 (11%)]	Loss: 2.404940
Train Epoch: 17 [12736/60000 (21%)]	Loss: 2.307761
Train Epoch: 17 [19136/60000 (32%)]	Loss: 2.342595
Train Epoch: 17 [25536/60000 (43%)]	Loss: 2.193474
Train Epoch: 17 [31936/60000 (53%)]	Loss: 2.391736
Train Epoch: 17 [38336/60000 (64%)]	Loss: 2.362511
Train Epoch: 17 [44736/60000 (75%)]	Loss: 2.360064
Train Epoch: 17 [51136/60000 (85%)]	Loss: 2.282518
Train Epoch: 17 [57536/60000 (96%)]	Loss: 2.296502

Test set: Average loss: 2.3400, Accuracy: 1058/10000 (11%)

Namespace(batch_size=64, bias=None, data='../data', device=0, epochs=17, hidden_size=500, load_weights='./paper/lenet5/lenet5_e50_h500.pt', log_interval=100, lr=0.01, model='widelenet5', momentum=0.9, no_cuda=False, r=5, save_model=None, save_results=True, seed=1, sparsity=0.01, use_relu=False, wd=0.0005)


Total time spent pruning/training: 1.83 minutes
Total number of parameters in model: 300414
Number of parameters in pruned model: 297436
