Namespace(batch_size=64, bias=None, data='../data', device=0, epochs=6, hidden_size=500, load_weights='./paper/lenet5/lenet5_e50_h500.pt', log_interval=100, lr=0.01, model='widelenet5', momentum=0.9, no_cuda=False, r=5, save_model=None, save_results=True, seed=1, sparsity=0.95, use_relu=False, wd=0.0005) 

Pruning a Wide LeNet5 network ...
Train Epoch: 1 [6336/60000 (11%)]	Loss: 2.298577
Train Epoch: 1 [12736/60000 (21%)]	Loss: 2.299106
Train Epoch: 1 [19136/60000 (32%)]	Loss: 2.298120
Train Epoch: 1 [25536/60000 (43%)]	Loss: 2.288540
Train Epoch: 1 [31936/60000 (53%)]	Loss: 2.285546
Train Epoch: 1 [38336/60000 (64%)]	Loss: 2.280891
Train Epoch: 1 [44736/60000 (75%)]	Loss: 2.271248
Train Epoch: 1 [51136/60000 (85%)]	Loss: 2.263660
Train Epoch: 1 [57536/60000 (96%)]	Loss: 2.253363

Test set: Average loss: 2.2621, Accuracy: 3350/10000 (34%)

Train Epoch: 2 [6336/60000 (11%)]	Loss: 2.257250
Train Epoch: 2 [12736/60000 (21%)]	Loss: 2.238133
Train Epoch: 2 [19136/60000 (32%)]	Loss: 2.236630
Train Epoch: 2 [25536/60000 (43%)]	Loss: 2.222313
Train Epoch: 2 [31936/60000 (53%)]	Loss: 2.220567
Train Epoch: 2 [38336/60000 (64%)]	Loss: 2.159229
Train Epoch: 2 [44736/60000 (75%)]	Loss: 2.176628
Train Epoch: 2 [51136/60000 (85%)]	Loss: 2.105905
Train Epoch: 2 [57536/60000 (96%)]	Loss: 2.059793

Test set: Average loss: 2.1158, Accuracy: 3892/10000 (39%)

Train Epoch: 3 [6336/60000 (11%)]	Loss: 2.064081
Train Epoch: 3 [12736/60000 (21%)]	Loss: 2.053899
Train Epoch: 3 [19136/60000 (32%)]	Loss: 2.032224
Train Epoch: 3 [25536/60000 (43%)]	Loss: 2.047673
Train Epoch: 3 [31936/60000 (53%)]	Loss: 1.936059
Train Epoch: 3 [38336/60000 (64%)]	Loss: 2.016625
Train Epoch: 3 [44736/60000 (75%)]	Loss: 1.944776
Train Epoch: 3 [51136/60000 (85%)]	Loss: 1.898761
Train Epoch: 3 [57536/60000 (96%)]	Loss: 1.854714

Test set: Average loss: 1.8693, Accuracy: 4641/10000 (46%)

Train Epoch: 4 [6336/60000 (11%)]	Loss: 1.823051
Train Epoch: 4 [12736/60000 (21%)]	Loss: 1.782654
Train Epoch: 4 [19136/60000 (32%)]	Loss: 1.856134
Train Epoch: 4 [25536/60000 (43%)]	Loss: 1.757541
Train Epoch: 4 [31936/60000 (53%)]	Loss: 1.802376
Train Epoch: 4 [38336/60000 (64%)]	Loss: 1.804513
Train Epoch: 4 [44736/60000 (75%)]	Loss: 1.754203
Train Epoch: 4 [51136/60000 (85%)]	Loss: 1.750920
Train Epoch: 4 [57536/60000 (96%)]	Loss: 1.703485

Test set: Average loss: 1.7211, Accuracy: 5261/10000 (53%)

Train Epoch: 5 [6336/60000 (11%)]	Loss: 1.686147
Train Epoch: 5 [12736/60000 (21%)]	Loss: 1.696328
Train Epoch: 5 [19136/60000 (32%)]	Loss: 1.775338
Train Epoch: 5 [25536/60000 (43%)]	Loss: 1.606818
Train Epoch: 5 [31936/60000 (53%)]	Loss: 1.649549
Train Epoch: 5 [38336/60000 (64%)]	Loss: 1.794152
Train Epoch: 5 [44736/60000 (75%)]	Loss: 1.755889
Train Epoch: 5 [51136/60000 (85%)]	Loss: 1.734159
Train Epoch: 5 [57536/60000 (96%)]	Loss: 1.739031

Test set: Average loss: 1.6561, Accuracy: 5580/10000 (56%)

Train Epoch: 6 [6336/60000 (11%)]	Loss: 1.622032
Train Epoch: 6 [12736/60000 (21%)]	Loss: 1.714516
Train Epoch: 6 [19136/60000 (32%)]	Loss: 1.662777
Train Epoch: 6 [25536/60000 (43%)]	Loss: 1.614609
Train Epoch: 6 [31936/60000 (53%)]	Loss: 1.601900
Train Epoch: 6 [38336/60000 (64%)]	Loss: 1.740896
Train Epoch: 6 [44736/60000 (75%)]	Loss: 1.643486
Train Epoch: 6 [51136/60000 (85%)]	Loss: 1.537486
Train Epoch: 6 [57536/60000 (96%)]	Loss: 1.604601

Test set: Average loss: 1.6366, Accuracy: 5612/10000 (56%)

Namespace(batch_size=64, bias=None, data='../data', device=0, epochs=6, hidden_size=500, load_weights='./paper/lenet5/lenet5_e50_h500.pt', log_interval=100, lr=0.01, model='widelenet5', momentum=0.9, no_cuda=False, r=5, save_model=None, save_results=True, seed=1, sparsity=0.95, use_relu=False, wd=0.0005)


Total time spent pruning/training: 0.65 minutes
Total number of parameters in model: 300414
Number of parameters in pruned model: 17444
