Namespace(batch_size=64, bias=None, data='../data', device=0, epochs=2, hidden_size=500, load_weights='./paper/lenet5/lenet5_e50_h500.pt', log_interval=100, lr=0.01, model='widelenet5', momentum=0.9, no_cuda=False, r=5, save_model=None, save_results=True, seed=1, sparsity=0.02, use_relu=False, wd=0.0005) 

Pruning a Wide LeNet5 network ...
Train Epoch: 1 [6336/60000 (11%)]	Loss: 1.929791
Train Epoch: 1 [12736/60000 (21%)]	Loss: 1.686202
Train Epoch: 1 [19136/60000 (32%)]	Loss: 1.429822
Train Epoch: 1 [25536/60000 (43%)]	Loss: 1.234510
Train Epoch: 1 [31936/60000 (53%)]	Loss: 1.212617
Train Epoch: 1 [38336/60000 (64%)]	Loss: 1.099264
Train Epoch: 1 [44736/60000 (75%)]	Loss: 1.142983
Train Epoch: 1 [51136/60000 (85%)]	Loss: 1.243952
Train Epoch: 1 [57536/60000 (96%)]	Loss: 1.275224

Test set: Average loss: 1.3239, Accuracy: 6756/10000 (68%)

Train Epoch: 2 [6336/60000 (11%)]	Loss: 1.386346
Train Epoch: 2 [12736/60000 (21%)]	Loss: 1.294834
Train Epoch: 2 [19136/60000 (32%)]	Loss: 1.382831
Train Epoch: 2 [25536/60000 (43%)]	Loss: 1.457926
Train Epoch: 2 [31936/60000 (53%)]	Loss: 1.474739
Train Epoch: 2 [38336/60000 (64%)]	Loss: 1.315938
Train Epoch: 2 [44736/60000 (75%)]	Loss: 1.524395
Train Epoch: 2 [51136/60000 (85%)]	Loss: 1.396183
Train Epoch: 2 [57536/60000 (96%)]	Loss: 1.302067

Test set: Average loss: 1.4938, Accuracy: 6234/10000 (62%)

Namespace(batch_size=64, bias=None, data='../data', device=0, epochs=2, hidden_size=500, load_weights='./paper/lenet5/lenet5_e50_h500.pt', log_interval=100, lr=0.01, model='widelenet5', momentum=0.9, no_cuda=False, r=5, save_model=None, save_results=True, seed=1, sparsity=0.02, use_relu=False, wd=0.0005)


Total time spent pruning/training: 0.23 minutes
Total number of parameters in model: 300414
Number of parameters in pruned model: 294457
