Namespace(batch_size=64, bias=None, data='../data', device=0, epochs=7, hidden_size=500, load_weights='./paper/lenet5/lenet5_e50_h500.pt', log_interval=100, lr=0.01, model='widelenet5', momentum=0.9, no_cuda=False, r=5, save_model=None, save_results=True, seed=1, sparsity=0.25, use_relu=False, wd=0.0005) 

Pruning a Wide LeNet5 network ...
Train Epoch: 1 [6336/60000 (11%)]	Loss: 1.854117
Train Epoch: 1 [12736/60000 (21%)]	Loss: 1.530310
Train Epoch: 1 [19136/60000 (32%)]	Loss: 1.308436
Train Epoch: 1 [25536/60000 (43%)]	Loss: 0.970808
Train Epoch: 1 [31936/60000 (53%)]	Loss: 0.943246
Train Epoch: 1 [38336/60000 (64%)]	Loss: 0.725946
Train Epoch: 1 [44736/60000 (75%)]	Loss: 0.710281
Train Epoch: 1 [51136/60000 (85%)]	Loss: 0.660992
Train Epoch: 1 [57536/60000 (96%)]	Loss: 0.573898

Test set: Average loss: 0.6596, Accuracy: 8594/10000 (86%)

Train Epoch: 2 [6336/60000 (11%)]	Loss: 0.604461
Train Epoch: 2 [12736/60000 (21%)]	Loss: 0.498466
Train Epoch: 2 [19136/60000 (32%)]	Loss: 0.584489
Train Epoch: 2 [25536/60000 (43%)]	Loss: 0.610714
Train Epoch: 2 [31936/60000 (53%)]	Loss: 0.554311
Train Epoch: 2 [38336/60000 (64%)]	Loss: 0.500188
Train Epoch: 2 [44736/60000 (75%)]	Loss: 0.602044
Train Epoch: 2 [51136/60000 (85%)]	Loss: 0.384240
Train Epoch: 2 [57536/60000 (96%)]	Loss: 0.403285

Test set: Average loss: 0.4491, Accuracy: 8983/10000 (90%)

Train Epoch: 3 [6336/60000 (11%)]	Loss: 0.357963
Train Epoch: 3 [12736/60000 (21%)]	Loss: 0.420191
Train Epoch: 3 [19136/60000 (32%)]	Loss: 0.392088
Train Epoch: 3 [25536/60000 (43%)]	Loss: 0.402419
Train Epoch: 3 [31936/60000 (53%)]	Loss: 0.247129
Train Epoch: 3 [38336/60000 (64%)]	Loss: 0.399960
Train Epoch: 3 [44736/60000 (75%)]	Loss: 0.368012
Train Epoch: 3 [51136/60000 (85%)]	Loss: 0.306062
Train Epoch: 3 [57536/60000 (96%)]	Loss: 0.422477

Test set: Average loss: 0.3763, Accuracy: 9144/10000 (91%)

Train Epoch: 4 [6336/60000 (11%)]	Loss: 0.459115
Train Epoch: 4 [12736/60000 (21%)]	Loss: 0.341804
Train Epoch: 4 [19136/60000 (32%)]	Loss: 0.369079
Train Epoch: 4 [25536/60000 (43%)]	Loss: 0.306868
Train Epoch: 4 [31936/60000 (53%)]	Loss: 0.450197
Train Epoch: 4 [38336/60000 (64%)]	Loss: 0.342730
Train Epoch: 4 [44736/60000 (75%)]	Loss: 0.325614
Train Epoch: 4 [51136/60000 (85%)]	Loss: 0.424594
Train Epoch: 4 [57536/60000 (96%)]	Loss: 0.298147

Test set: Average loss: 0.3407, Accuracy: 9161/10000 (92%)

Train Epoch: 5 [6336/60000 (11%)]	Loss: 0.235004
Train Epoch: 5 [12736/60000 (21%)]	Loss: 0.335496
Train Epoch: 5 [19136/60000 (32%)]	Loss: 0.370601
Train Epoch: 5 [25536/60000 (43%)]	Loss: 0.252769
Train Epoch: 5 [31936/60000 (53%)]	Loss: 0.315360
Train Epoch: 5 [38336/60000 (64%)]	Loss: 0.312639
Train Epoch: 5 [44736/60000 (75%)]	Loss: 0.301557
Train Epoch: 5 [51136/60000 (85%)]	Loss: 0.328343
Train Epoch: 5 [57536/60000 (96%)]	Loss: 0.263683

Test set: Average loss: 0.3199, Accuracy: 9221/10000 (92%)

Train Epoch: 6 [6336/60000 (11%)]	Loss: 0.274747
Train Epoch: 6 [12736/60000 (21%)]	Loss: 0.391180
Train Epoch: 6 [19136/60000 (32%)]	Loss: 0.290178
Train Epoch: 6 [25536/60000 (43%)]	Loss: 0.349664
Train Epoch: 6 [31936/60000 (53%)]	Loss: 0.229835
Train Epoch: 6 [38336/60000 (64%)]	Loss: 0.459014
Train Epoch: 6 [44736/60000 (75%)]	Loss: 0.311888
Train Epoch: 6 [51136/60000 (85%)]	Loss: 0.283847
Train Epoch: 6 [57536/60000 (96%)]	Loss: 0.312976

Test set: Average loss: 0.3119, Accuracy: 9249/10000 (92%)

Train Epoch: 7 [6336/60000 (11%)]	Loss: 0.267798
Train Epoch: 7 [12736/60000 (21%)]	Loss: 0.421634
Train Epoch: 7 [19136/60000 (32%)]	Loss: 0.292282
Train Epoch: 7 [25536/60000 (43%)]	Loss: 0.513241
Train Epoch: 7 [31936/60000 (53%)]	Loss: 0.297499
Train Epoch: 7 [38336/60000 (64%)]	Loss: 0.249126
Train Epoch: 7 [44736/60000 (75%)]	Loss: 0.389601
Train Epoch: 7 [51136/60000 (85%)]	Loss: 0.251671
Train Epoch: 7 [57536/60000 (96%)]	Loss: 0.338840

Test set: Average loss: 0.3092, Accuracy: 9232/10000 (92%)

Namespace(batch_size=64, bias=None, data='../data', device=0, epochs=7, hidden_size=500, load_weights='./paper/lenet5/lenet5_e50_h500.pt', log_interval=100, lr=0.01, model='widelenet5', momentum=0.9, no_cuda=False, r=5, save_model=None, save_results=True, seed=1, sparsity=0.25, use_relu=False, wd=0.0005)


Total time spent pruning/training: 0.75 minutes
Total number of parameters in model: 300414
Number of parameters in pruned model: 225948
