Namespace(batch_size=64, bias=None, data='../data', device=0, epochs=100, hidden_size=500, load_weights='../base3/lenet5/lenet5_e100_h500.pt', log_interval=100, lr=0.01, milestones=[5, 7], model='prunelenet5', momentum=0.9, no_cuda=False, r=5, save_model=None, save_results=True, scheduler='cosine', seed=1, sparsity=0.02, use_relu=False, wd=0.0005) 

Training a Pruned LeNet5 network ...
Train Epoch: 1 [0/60000 (0%)]	Loss: 2.475353
Train Epoch: 1 [6400/60000 (11%)]	Loss: 1.849833
Train Epoch: 1 [12800/60000 (21%)]	Loss: 1.605852
Train Epoch: 1 [19200/60000 (32%)]	Loss: 1.427491
Train Epoch: 1 [25600/60000 (43%)]	Loss: 1.341848
Train Epoch: 1 [32000/60000 (53%)]	Loss: 1.343174
Train Epoch: 1 [38400/60000 (64%)]	Loss: 1.139086
Train Epoch: 1 [44800/60000 (75%)]	Loss: 1.356399
Train Epoch: 1 [51200/60000 (85%)]	Loss: 1.231070
Train Epoch: 1 [57600/60000 (96%)]	Loss: 1.380977

Test set: Average loss: 1.3226, Accuracy: 6842/10000 (68%)

Train Epoch: 2 [0/60000 (0%)]	Loss: 1.405806
Train Epoch: 2 [6400/60000 (11%)]	Loss: 1.367106
Train Epoch: 2 [12800/60000 (21%)]	Loss: 1.551416
Train Epoch: 2 [19200/60000 (32%)]	Loss: 1.416846
Train Epoch: 2 [25600/60000 (43%)]	Loss: 1.345305
Train Epoch: 2 [32000/60000 (53%)]	Loss: 1.510319
Train Epoch: 2 [38400/60000 (64%)]	Loss: 1.685530
Train Epoch: 2 [44800/60000 (75%)]	Loss: 1.552362
Train Epoch: 2 [51200/60000 (85%)]	Loss: 1.690568
Train Epoch: 2 [57600/60000 (96%)]	Loss: 1.653921

Test set: Average loss: 1.6049, Accuracy: 5742/10000 (57%)

Train Epoch: 3 [0/60000 (0%)]	Loss: 1.575714
Train Epoch: 3 [6400/60000 (11%)]	Loss: 1.554643
Train Epoch: 3 [12800/60000 (21%)]	Loss: 1.640962
Train Epoch: 3 [19200/60000 (32%)]	Loss: 1.689081
Train Epoch: 3 [25600/60000 (43%)]	Loss: 1.726637
Train Epoch: 3 [32000/60000 (53%)]	Loss: 1.762144
Train Epoch: 3 [38400/60000 (64%)]	Loss: 1.716067
Train Epoch: 3 [44800/60000 (75%)]	Loss: 1.665565
Train Epoch: 3 [51200/60000 (85%)]	Loss: 1.711677
Train Epoch: 3 [57600/60000 (96%)]	Loss: 1.778941

Test set: Average loss: 1.7549, Accuracy: 5766/10000 (58%)

Train Epoch: 4 [0/60000 (0%)]	Loss: 1.791622
Train Epoch: 4 [6400/60000 (11%)]	Loss: 1.814418
Train Epoch: 4 [12800/60000 (21%)]	Loss: 1.783665
Train Epoch: 4 [19200/60000 (32%)]	Loss: 1.768743
Train Epoch: 4 [25600/60000 (43%)]	Loss: 1.684541
Train Epoch: 4 [32000/60000 (53%)]	Loss: 1.836037
Train Epoch: 4 [38400/60000 (64%)]	Loss: 1.892725
Train Epoch: 4 [44800/60000 (75%)]	Loss: 1.751321
Train Epoch: 4 [51200/60000 (85%)]	Loss: 1.914464
Train Epoch: 4 [57600/60000 (96%)]	Loss: 1.817733

Test set: Average loss: 1.8545, Accuracy: 5008/10000 (50%)

Train Epoch: 5 [0/60000 (0%)]	Loss: 1.876537
Train Epoch: 5 [6400/60000 (11%)]	Loss: 1.766087
Train Epoch: 5 [12800/60000 (21%)]	Loss: 1.959952
Train Epoch: 5 [19200/60000 (32%)]	Loss: 1.918145
Train Epoch: 5 [25600/60000 (43%)]	Loss: 1.941293
Train Epoch: 5 [32000/60000 (53%)]	Loss: 1.893052
Train Epoch: 5 [38400/60000 (64%)]	Loss: 1.886350
Train Epoch: 5 [44800/60000 (75%)]	Loss: 1.877543
Train Epoch: 5 [51200/60000 (85%)]	Loss: 1.994579
Train Epoch: 5 [57600/60000 (96%)]	Loss: 1.788039

Test set: Average loss: 1.9346, Accuracy: 5017/10000 (50%)

Train Epoch: 6 [0/60000 (0%)]	Loss: 1.940067
Train Epoch: 6 [6400/60000 (11%)]	Loss: 2.051317
Train Epoch: 6 [12800/60000 (21%)]	Loss: 1.918556
Train Epoch: 6 [19200/60000 (32%)]	Loss: 1.969776
Train Epoch: 6 [25600/60000 (43%)]	Loss: 1.955931
Train Epoch: 6 [32000/60000 (53%)]	Loss: 2.012206
Train Epoch: 6 [38400/60000 (64%)]	Loss: 1.936213
Train Epoch: 6 [44800/60000 (75%)]	Loss: 2.014806
Train Epoch: 6 [51200/60000 (85%)]	Loss: 2.016484
Train Epoch: 6 [57600/60000 (96%)]	Loss: 2.042179

Test set: Average loss: 1.9865, Accuracy: 3728/10000 (37%)

Train Epoch: 7 [0/60000 (0%)]	Loss: 2.052548
Train Epoch: 7 [6400/60000 (11%)]	Loss: 2.015054
Train Epoch: 7 [12800/60000 (21%)]	Loss: 2.025617
Train Epoch: 7 [19200/60000 (32%)]	Loss: 1.981004
Train Epoch: 7 [25600/60000 (43%)]	Loss: 2.040825
Train Epoch: 7 [32000/60000 (53%)]	Loss: 1.977152
Train Epoch: 7 [38400/60000 (64%)]	Loss: 1.903489
Train Epoch: 7 [44800/60000 (75%)]	Loss: 1.964275
Train Epoch: 7 [51200/60000 (85%)]	Loss: 2.092561
Train Epoch: 7 [57600/60000 (96%)]	Loss: 2.089818

Test set: Average loss: 2.0244, Accuracy: 4088/10000 (41%)

Train Epoch: 8 [0/60000 (0%)]	Loss: 1.963271
Train Epoch: 8 [6400/60000 (11%)]	Loss: 2.116002
Train Epoch: 8 [12800/60000 (21%)]	Loss: 2.067567
Train Epoch: 8 [19200/60000 (32%)]	Loss: 2.159979
Train Epoch: 8 [25600/60000 (43%)]	Loss: 2.099230
Train Epoch: 8 [32000/60000 (53%)]	Loss: 2.034261
Train Epoch: 8 [38400/60000 (64%)]	Loss: 1.985478
Train Epoch: 8 [44800/60000 (75%)]	Loss: 2.048309
Train Epoch: 8 [51200/60000 (85%)]	Loss: 2.038033
Train Epoch: 8 [57600/60000 (96%)]	Loss: 2.146762

Test set: Average loss: 2.0594, Accuracy: 3890/10000 (39%)

Train Epoch: 9 [0/60000 (0%)]	Loss: 1.993279
Train Epoch: 9 [6400/60000 (11%)]	Loss: 2.073987
Train Epoch: 9 [12800/60000 (21%)]	Loss: 2.176202
Train Epoch: 9 [19200/60000 (32%)]	Loss: 2.025516
Train Epoch: 9 [25600/60000 (43%)]	Loss: 2.018481
Train Epoch: 9 [32000/60000 (53%)]	Loss: 2.103655
Train Epoch: 9 [38400/60000 (64%)]	Loss: 2.158995
Train Epoch: 9 [44800/60000 (75%)]	Loss: 2.070794
Train Epoch: 9 [51200/60000 (85%)]	Loss: 2.076135
Train Epoch: 9 [57600/60000 (96%)]	Loss: 2.120156

Test set: Average loss: 2.0803, Accuracy: 3579/10000 (36%)

Train Epoch: 10 [0/60000 (0%)]	Loss: 2.094358
Train Epoch: 10 [6400/60000 (11%)]	Loss: 2.157950
Train Epoch: 10 [12800/60000 (21%)]	Loss: 2.182848
Train Epoch: 10 [19200/60000 (32%)]	Loss: 2.076507
Train Epoch: 10 [25600/60000 (43%)]	Loss: 2.233751
Train Epoch: 10 [32000/60000 (53%)]	Loss: 2.054366
Train Epoch: 10 [38400/60000 (64%)]	Loss: 2.163911
Train Epoch: 10 [44800/60000 (75%)]	Loss: 2.210608
Train Epoch: 10 [51200/60000 (85%)]	Loss: 2.075012
Train Epoch: 10 [57600/60000 (96%)]	Loss: 2.078938

Test set: Average loss: 2.1148, Accuracy: 3515/10000 (35%)

Train Epoch: 11 [0/60000 (0%)]	Loss: 2.195640
Train Epoch: 11 [6400/60000 (11%)]	Loss: 2.055867
Train Epoch: 11 [12800/60000 (21%)]	Loss: 2.104596
Train Epoch: 11 [19200/60000 (32%)]	Loss: 2.097111
Train Epoch: 11 [25600/60000 (43%)]	Loss: 2.200758
Train Epoch: 11 [32000/60000 (53%)]	Loss: 2.102009
Train Epoch: 11 [38400/60000 (64%)]	Loss: 2.127057
Train Epoch: 11 [44800/60000 (75%)]	Loss: 2.087966
Train Epoch: 11 [51200/60000 (85%)]	Loss: 2.164206
Train Epoch: 11 [57600/60000 (96%)]	Loss: 2.131922

Test set: Average loss: 2.1297, Accuracy: 3442/10000 (34%)

Train Epoch: 12 [0/60000 (0%)]	Loss: 2.028849
Train Epoch: 12 [6400/60000 (11%)]	Loss: 2.186582
Train Epoch: 12 [12800/60000 (21%)]	Loss: 2.189146
Train Epoch: 12 [19200/60000 (32%)]	Loss: 2.127686
Train Epoch: 12 [25600/60000 (43%)]	Loss: 2.228024
Train Epoch: 12 [32000/60000 (53%)]	Loss: 2.139283
Train Epoch: 12 [38400/60000 (64%)]	Loss: 2.302231
Train Epoch: 12 [44800/60000 (75%)]	Loss: 2.122698
Train Epoch: 12 [51200/60000 (85%)]	Loss: 2.163238
Train Epoch: 12 [57600/60000 (96%)]	Loss: 2.185681

Test set: Average loss: 2.1544, Accuracy: 2758/10000 (28%)

Train Epoch: 13 [0/60000 (0%)]	Loss: 2.094234
Train Epoch: 13 [6400/60000 (11%)]	Loss: 2.185829
Train Epoch: 13 [12800/60000 (21%)]	Loss: 2.136236
Train Epoch: 13 [19200/60000 (32%)]	Loss: 2.236073
Train Epoch: 13 [25600/60000 (43%)]	Loss: 2.213058
Train Epoch: 13 [32000/60000 (53%)]	Loss: 2.189980
Train Epoch: 13 [38400/60000 (64%)]	Loss: 2.088115
Train Epoch: 13 [44800/60000 (75%)]	Loss: 2.121822
Train Epoch: 13 [51200/60000 (85%)]	Loss: 2.099916
Train Epoch: 13 [57600/60000 (96%)]	Loss: 2.249013

Test set: Average loss: 2.1705, Accuracy: 2661/10000 (27%)

Train Epoch: 14 [0/60000 (0%)]	Loss: 2.129736
Train Epoch: 14 [6400/60000 (11%)]	Loss: 2.165483
Train Epoch: 14 [12800/60000 (21%)]	Loss: 2.246951
Train Epoch: 14 [19200/60000 (32%)]	Loss: 2.197580
Train Epoch: 14 [25600/60000 (43%)]	Loss: 2.222963
Train Epoch: 14 [32000/60000 (53%)]	Loss: 2.310333
Train Epoch: 14 [38400/60000 (64%)]	Loss: 2.120020
Train Epoch: 14 [44800/60000 (75%)]	Loss: 2.198269
Train Epoch: 14 [51200/60000 (85%)]	Loss: 2.239968
Train Epoch: 14 [57600/60000 (96%)]	Loss: 2.151743

Test set: Average loss: 2.2003, Accuracy: 2235/10000 (22%)

Train Epoch: 15 [0/60000 (0%)]	Loss: 2.177082
Train Epoch: 15 [6400/60000 (11%)]	Loss: 2.023378
Train Epoch: 15 [12800/60000 (21%)]	Loss: 2.193430
Train Epoch: 15 [19200/60000 (32%)]	Loss: 2.184361
Train Epoch: 15 [25600/60000 (43%)]	Loss: 2.198511
Train Epoch: 15 [32000/60000 (53%)]	Loss: 2.269617
Train Epoch: 15 [38400/60000 (64%)]	Loss: 2.209238
Train Epoch: 15 [44800/60000 (75%)]	Loss: 2.130465
Train Epoch: 15 [51200/60000 (85%)]	Loss: 2.181948
Train Epoch: 15 [57600/60000 (96%)]	Loss: 2.138643

Test set: Average loss: 2.1964, Accuracy: 2637/10000 (26%)

Train Epoch: 16 [0/60000 (0%)]	Loss: 2.127494
Train Epoch: 16 [6400/60000 (11%)]	Loss: 2.279597
Train Epoch: 16 [12800/60000 (21%)]	Loss: 2.104629
Train Epoch: 16 [19200/60000 (32%)]	Loss: 2.153503
Train Epoch: 16 [25600/60000 (43%)]	Loss: 2.238917
Train Epoch: 16 [32000/60000 (53%)]	Loss: 2.187810
Train Epoch: 16 [38400/60000 (64%)]	Loss: 2.260286
Train Epoch: 16 [44800/60000 (75%)]	Loss: 2.281079
Train Epoch: 16 [51200/60000 (85%)]	Loss: 2.217110
Train Epoch: 16 [57600/60000 (96%)]	Loss: 2.192575

Test set: Average loss: 2.2312, Accuracy: 2581/10000 (26%)

Train Epoch: 17 [0/60000 (0%)]	Loss: 2.187348
Train Epoch: 17 [6400/60000 (11%)]	Loss: 2.210711
Train Epoch: 17 [12800/60000 (21%)]	Loss: 2.208963
Train Epoch: 17 [19200/60000 (32%)]	Loss: 2.267496
Train Epoch: 17 [25600/60000 (43%)]	Loss: 2.325437
Train Epoch: 17 [32000/60000 (53%)]	Loss: 2.231394
Train Epoch: 17 [38400/60000 (64%)]	Loss: 2.221193
Train Epoch: 17 [44800/60000 (75%)]	Loss: 2.214431
Train Epoch: 17 [51200/60000 (85%)]	Loss: 2.201313
Train Epoch: 17 [57600/60000 (96%)]	Loss: 2.181604

Test set: Average loss: 2.2220, Accuracy: 2565/10000 (26%)

Train Epoch: 18 [0/60000 (0%)]	Loss: 2.350063
Train Epoch: 18 [6400/60000 (11%)]	Loss: 2.300605
Train Epoch: 18 [12800/60000 (21%)]	Loss: 2.144504
Train Epoch: 18 [19200/60000 (32%)]	Loss: 2.198543
Train Epoch: 18 [25600/60000 (43%)]	Loss: 2.148225
Train Epoch: 18 [32000/60000 (53%)]	Loss: 2.189356
Train Epoch: 18 [38400/60000 (64%)]	Loss: 2.333573
Train Epoch: 18 [44800/60000 (75%)]	Loss: 2.255838
Train Epoch: 18 [51200/60000 (85%)]	Loss: 2.287284
Train Epoch: 18 [57600/60000 (96%)]	Loss: 2.287107

Test set: Average loss: 2.2439, Accuracy: 1640/10000 (16%)

Train Epoch: 19 [0/60000 (0%)]	Loss: 2.289609
Train Epoch: 19 [6400/60000 (11%)]	Loss: 2.245359
Train Epoch: 19 [12800/60000 (21%)]	Loss: 2.239734
Train Epoch: 19 [19200/60000 (32%)]	Loss: 2.243861
Train Epoch: 19 [25600/60000 (43%)]	Loss: 2.369408
Train Epoch: 19 [32000/60000 (53%)]	Loss: 2.176393
Train Epoch: 19 [38400/60000 (64%)]	Loss: 2.202502
Train Epoch: 19 [44800/60000 (75%)]	Loss: 2.326859
Train Epoch: 19 [51200/60000 (85%)]	Loss: 2.249199
Train Epoch: 19 [57600/60000 (96%)]	Loss: 2.241219

Test set: Average loss: 2.2432, Accuracy: 2158/10000 (22%)

Train Epoch: 20 [0/60000 (0%)]	Loss: 2.315685
Train Epoch: 20 [6400/60000 (11%)]	Loss: 2.224278
Train Epoch: 20 [12800/60000 (21%)]	Loss: 2.257166
Train Epoch: 20 [19200/60000 (32%)]	Loss: 2.188281
Train Epoch: 20 [25600/60000 (43%)]	Loss: 2.239001
Train Epoch: 20 [32000/60000 (53%)]	Loss: 2.254639
Train Epoch: 20 [38400/60000 (64%)]	Loss: 2.200366
Train Epoch: 20 [44800/60000 (75%)]	Loss: 2.359400
Train Epoch: 20 [51200/60000 (85%)]	Loss: 2.268594
Train Epoch: 20 [57600/60000 (96%)]	Loss: 2.335280

Test set: Average loss: 2.2628, Accuracy: 1685/10000 (17%)

Train Epoch: 21 [0/60000 (0%)]	Loss: 2.284432
Train Epoch: 21 [6400/60000 (11%)]	Loss: 2.201974
Train Epoch: 21 [12800/60000 (21%)]	Loss: 2.289636
Train Epoch: 21 [19200/60000 (32%)]	Loss: 2.238624
Train Epoch: 21 [25600/60000 (43%)]	Loss: 2.272803
Train Epoch: 21 [32000/60000 (53%)]	Loss: 2.308772
Train Epoch: 21 [38400/60000 (64%)]	Loss: 2.297866
Train Epoch: 21 [44800/60000 (75%)]	Loss: 2.242582
Train Epoch: 21 [51200/60000 (85%)]	Loss: 2.266310
Train Epoch: 21 [57600/60000 (96%)]	Loss: 2.346135

Test set: Average loss: 2.2578, Accuracy: 1787/10000 (18%)

Train Epoch: 22 [0/60000 (0%)]	Loss: 2.288862
Train Epoch: 22 [6400/60000 (11%)]	Loss: 2.330539
Train Epoch: 22 [12800/60000 (21%)]	Loss: 2.054111
Train Epoch: 22 [19200/60000 (32%)]	Loss: 2.229406
Train Epoch: 22 [25600/60000 (43%)]	Loss: 2.325222
Train Epoch: 22 [32000/60000 (53%)]	Loss: 2.258236
Train Epoch: 22 [38400/60000 (64%)]	Loss: 2.180682
Train Epoch: 22 [44800/60000 (75%)]	Loss: 2.409086
Train Epoch: 22 [51200/60000 (85%)]	Loss: 2.269797
Train Epoch: 22 [57600/60000 (96%)]	Loss: 2.304738

Test set: Average loss: 2.2753, Accuracy: 2051/10000 (21%)

Train Epoch: 23 [0/60000 (0%)]	Loss: 2.341087
Train Epoch: 23 [6400/60000 (11%)]	Loss: 2.259749
Train Epoch: 23 [12800/60000 (21%)]	Loss: 2.200763
Train Epoch: 23 [19200/60000 (32%)]	Loss: 2.199761
Train Epoch: 23 [25600/60000 (43%)]	Loss: 2.203575
Train Epoch: 23 [32000/60000 (53%)]	Loss: 2.289245
Train Epoch: 23 [38400/60000 (64%)]	Loss: 2.262362
Train Epoch: 23 [44800/60000 (75%)]	Loss: 2.294560
Train Epoch: 23 [51200/60000 (85%)]	Loss: 2.336404
Train Epoch: 23 [57600/60000 (96%)]	Loss: 2.274789

Test set: Average loss: 2.2818, Accuracy: 1943/10000 (19%)

Train Epoch: 24 [0/60000 (0%)]	Loss: 2.382231
Train Epoch: 24 [6400/60000 (11%)]	Loss: 2.271240
Train Epoch: 24 [12800/60000 (21%)]	Loss: 2.352580
Train Epoch: 24 [19200/60000 (32%)]	Loss: 2.294473
Train Epoch: 24 [25600/60000 (43%)]	Loss: 2.375061
Train Epoch: 24 [32000/60000 (53%)]	Loss: 2.235952
Train Epoch: 24 [38400/60000 (64%)]	Loss: 2.185151
Train Epoch: 24 [44800/60000 (75%)]	Loss: 2.255080
Train Epoch: 24 [51200/60000 (85%)]	Loss: 2.194824
Train Epoch: 24 [57600/60000 (96%)]	Loss: 2.284095

Test set: Average loss: 2.2784, Accuracy: 1554/10000 (16%)

Train Epoch: 25 [0/60000 (0%)]	Loss: 2.238900
Train Epoch: 25 [6400/60000 (11%)]	Loss: 2.331565
Train Epoch: 25 [12800/60000 (21%)]	Loss: 2.394655
Train Epoch: 25 [19200/60000 (32%)]	Loss: 2.228579
Train Epoch: 25 [25600/60000 (43%)]	Loss: 2.320390
Train Epoch: 25 [32000/60000 (53%)]	Loss: 2.284527
Train Epoch: 25 [38400/60000 (64%)]	Loss: 2.252547
Train Epoch: 25 [44800/60000 (75%)]	Loss: 2.366821
Train Epoch: 25 [51200/60000 (85%)]	Loss: 2.299627
Train Epoch: 25 [57600/60000 (96%)]	Loss: 2.171843

Test set: Average loss: 2.2916, Accuracy: 1423/10000 (14%)

Train Epoch: 26 [0/60000 (0%)]	Loss: 2.273217
Train Epoch: 26 [6400/60000 (11%)]	Loss: 2.292205
Train Epoch: 26 [12800/60000 (21%)]	Loss: 2.384935
Train Epoch: 26 [19200/60000 (32%)]	Loss: 2.292197
Train Epoch: 26 [25600/60000 (43%)]	Loss: 2.366319
Train Epoch: 26 [32000/60000 (53%)]	Loss: 2.350746
Train Epoch: 26 [38400/60000 (64%)]	Loss: 2.211391
Train Epoch: 26 [44800/60000 (75%)]	Loss: 2.240595
Train Epoch: 26 [51200/60000 (85%)]	Loss: 2.288188
Train Epoch: 26 [57600/60000 (96%)]	Loss: 2.387048

Test set: Average loss: 2.3057, Accuracy: 1518/10000 (15%)

Train Epoch: 27 [0/60000 (0%)]	Loss: 2.295411
Train Epoch: 27 [6400/60000 (11%)]	Loss: 2.387555
Train Epoch: 27 [12800/60000 (21%)]	Loss: 2.310468
Train Epoch: 27 [19200/60000 (32%)]	Loss: 2.236373
Train Epoch: 27 [25600/60000 (43%)]	Loss: 2.242888
Train Epoch: 27 [32000/60000 (53%)]	Loss: 2.308553
Train Epoch: 27 [38400/60000 (64%)]	Loss: 2.412787
Train Epoch: 27 [44800/60000 (75%)]	Loss: 2.413062
Train Epoch: 27 [51200/60000 (85%)]	Loss: 2.258749
Train Epoch: 27 [57600/60000 (96%)]	Loss: 2.235267

Test set: Average loss: 2.3119, Accuracy: 1516/10000 (15%)

Train Epoch: 28 [0/60000 (0%)]	Loss: 2.385817
Train Epoch: 28 [6400/60000 (11%)]	Loss: 2.408067
Train Epoch: 28 [12800/60000 (21%)]	Loss: 2.381006
Train Epoch: 28 [19200/60000 (32%)]	Loss: 2.409243
Train Epoch: 28 [25600/60000 (43%)]	Loss: 2.212528
Train Epoch: 28 [32000/60000 (53%)]	Loss: 2.322433
Train Epoch: 28 [38400/60000 (64%)]	Loss: 2.340570
Train Epoch: 28 [44800/60000 (75%)]	Loss: 2.319640
Train Epoch: 28 [51200/60000 (85%)]	Loss: 2.285646
Train Epoch: 28 [57600/60000 (96%)]	Loss: 2.308642

Test set: Average loss: 2.3260, Accuracy: 1260/10000 (13%)

Train Epoch: 29 [0/60000 (0%)]	Loss: 2.393263
Train Epoch: 29 [6400/60000 (11%)]	Loss: 2.332136
Train Epoch: 29 [12800/60000 (21%)]	Loss: 2.266997
Train Epoch: 29 [19200/60000 (32%)]	Loss: 2.323639
Train Epoch: 29 [25600/60000 (43%)]	Loss: 2.373522
Train Epoch: 29 [32000/60000 (53%)]	Loss: 2.322289
Train Epoch: 29 [38400/60000 (64%)]	Loss: 2.339211
Train Epoch: 29 [44800/60000 (75%)]	Loss: 2.283055
Train Epoch: 29 [51200/60000 (85%)]	Loss: 2.219337
Train Epoch: 29 [57600/60000 (96%)]	Loss: 2.308342

Test set: Average loss: 2.3118, Accuracy: 1460/10000 (15%)

Train Epoch: 30 [0/60000 (0%)]	Loss: 2.422099
Train Epoch: 30 [6400/60000 (11%)]	Loss: 2.278533
Train Epoch: 30 [12800/60000 (21%)]	Loss: 2.305947
Train Epoch: 30 [19200/60000 (32%)]	Loss: 2.326808
Train Epoch: 30 [25600/60000 (43%)]	Loss: 2.200046
Train Epoch: 30 [32000/60000 (53%)]	Loss: 2.320039
Train Epoch: 30 [38400/60000 (64%)]	Loss: 2.299394
Train Epoch: 30 [44800/60000 (75%)]	Loss: 2.338087
Train Epoch: 30 [51200/60000 (85%)]	Loss: 2.257976
Train Epoch: 30 [57600/60000 (96%)]	Loss: 2.332603

Test set: Average loss: 2.3221, Accuracy: 1292/10000 (13%)

Train Epoch: 31 [0/60000 (0%)]	Loss: 2.297806
Train Epoch: 31 [6400/60000 (11%)]	Loss: 2.269706
Train Epoch: 31 [12800/60000 (21%)]	Loss: 2.308598
Train Epoch: 31 [19200/60000 (32%)]	Loss: 2.245373
Train Epoch: 31 [25600/60000 (43%)]	Loss: 2.347941
Train Epoch: 31 [32000/60000 (53%)]	Loss: 2.240619
Train Epoch: 31 [38400/60000 (64%)]	Loss: 2.531651
Train Epoch: 31 [44800/60000 (75%)]	Loss: 2.275520
Train Epoch: 31 [51200/60000 (85%)]	Loss: 2.440299
Train Epoch: 31 [57600/60000 (96%)]	Loss: 2.367718

Test set: Average loss: 2.3236, Accuracy: 1117/10000 (11%)

Train Epoch: 32 [0/60000 (0%)]	Loss: 2.283407
Train Epoch: 32 [6400/60000 (11%)]	Loss: 2.320596
Train Epoch: 32 [12800/60000 (21%)]	Loss: 2.246581
Train Epoch: 32 [19200/60000 (32%)]	Loss: 2.258034
Train Epoch: 32 [25600/60000 (43%)]	Loss: 2.331766
Train Epoch: 32 [32000/60000 (53%)]	Loss: 2.411906
Train Epoch: 32 [38400/60000 (64%)]	Loss: 2.334196
Train Epoch: 32 [44800/60000 (75%)]	Loss: 2.279242
Train Epoch: 32 [51200/60000 (85%)]	Loss: 2.418968
Train Epoch: 32 [57600/60000 (96%)]	Loss: 2.304478

Test set: Average loss: 2.3270, Accuracy: 1153/10000 (12%)

Train Epoch: 33 [0/60000 (0%)]	Loss: 2.345460
Train Epoch: 33 [6400/60000 (11%)]	Loss: 2.331819
Train Epoch: 33 [12800/60000 (21%)]	Loss: 2.344228
Train Epoch: 33 [19200/60000 (32%)]	Loss: 2.393287
Train Epoch: 33 [25600/60000 (43%)]	Loss: 2.334922
Train Epoch: 33 [32000/60000 (53%)]	Loss: 2.425657
Train Epoch: 33 [38400/60000 (64%)]	Loss: 2.287745
Train Epoch: 33 [44800/60000 (75%)]	Loss: 2.279398
Train Epoch: 33 [51200/60000 (85%)]	Loss: 2.316947
Train Epoch: 33 [57600/60000 (96%)]	Loss: 2.325357

Test set: Average loss: 2.3363, Accuracy: 1328/10000 (13%)

Train Epoch: 34 [0/60000 (0%)]	Loss: 2.297791
Train Epoch: 34 [6400/60000 (11%)]	Loss: 2.344784
Train Epoch: 34 [12800/60000 (21%)]	Loss: 2.286861
Train Epoch: 34 [19200/60000 (32%)]	Loss: 2.329436
Train Epoch: 34 [25600/60000 (43%)]	Loss: 2.283539
Train Epoch: 34 [32000/60000 (53%)]	Loss: 2.314742
Train Epoch: 34 [38400/60000 (64%)]	Loss: 2.277430
Train Epoch: 34 [44800/60000 (75%)]	Loss: 2.369030
Train Epoch: 34 [51200/60000 (85%)]	Loss: 2.452704
Train Epoch: 34 [57600/60000 (96%)]	Loss: 2.328581

Test set: Average loss: 2.3347, Accuracy: 1297/10000 (13%)

Train Epoch: 35 [0/60000 (0%)]	Loss: 2.366940
Train Epoch: 35 [6400/60000 (11%)]	Loss: 2.335781
Train Epoch: 35 [12800/60000 (21%)]	Loss: 2.331958
Train Epoch: 35 [19200/60000 (32%)]	Loss: 2.304441
Train Epoch: 35 [25600/60000 (43%)]	Loss: 2.408073
Train Epoch: 35 [32000/60000 (53%)]	Loss: 2.363289
Train Epoch: 35 [38400/60000 (64%)]	Loss: 2.231520
Train Epoch: 35 [44800/60000 (75%)]	Loss: 2.326020
Train Epoch: 35 [51200/60000 (85%)]	Loss: 2.438022
Train Epoch: 35 [57600/60000 (96%)]	Loss: 2.295742

Test set: Average loss: 2.3461, Accuracy: 1124/10000 (11%)

Train Epoch: 36 [0/60000 (0%)]	Loss: 2.464364
Train Epoch: 36 [6400/60000 (11%)]	Loss: 2.363656
Train Epoch: 36 [12800/60000 (21%)]	Loss: 2.247563
Train Epoch: 36 [19200/60000 (32%)]	Loss: 2.413279
Train Epoch: 36 [25600/60000 (43%)]	Loss: 2.419513
Train Epoch: 36 [32000/60000 (53%)]	Loss: 2.534790
Train Epoch: 36 [38400/60000 (64%)]	Loss: 2.404129
Train Epoch: 36 [44800/60000 (75%)]	Loss: 2.275783
Train Epoch: 36 [51200/60000 (85%)]	Loss: 2.414180
Train Epoch: 36 [57600/60000 (96%)]	Loss: 2.439398

Test set: Average loss: 2.3432, Accuracy: 1133/10000 (11%)

Train Epoch: 37 [0/60000 (0%)]	Loss: 2.392640
Train Epoch: 37 [6400/60000 (11%)]	Loss: 2.471891
Train Epoch: 37 [12800/60000 (21%)]	Loss: 2.275293
Train Epoch: 37 [19200/60000 (32%)]	Loss: 2.531347
Train Epoch: 37 [25600/60000 (43%)]	Loss: 2.364838
Train Epoch: 37 [32000/60000 (53%)]	Loss: 2.320006
Train Epoch: 37 [38400/60000 (64%)]	Loss: 2.386686
Train Epoch: 37 [44800/60000 (75%)]	Loss: 2.346701
Train Epoch: 37 [51200/60000 (85%)]	Loss: 2.350710
Train Epoch: 37 [57600/60000 (96%)]	Loss: 2.403865

Test set: Average loss: 2.3486, Accuracy: 1426/10000 (14%)

Train Epoch: 38 [0/60000 (0%)]	Loss: 2.332555
Train Epoch: 38 [6400/60000 (11%)]	Loss: 2.380868
Train Epoch: 38 [12800/60000 (21%)]	Loss: 2.290698
Train Epoch: 38 [19200/60000 (32%)]	Loss: 2.297058
Train Epoch: 38 [25600/60000 (43%)]	Loss: 2.308043
Train Epoch: 38 [32000/60000 (53%)]	Loss: 2.188316
Train Epoch: 38 [38400/60000 (64%)]	Loss: 2.346962
Train Epoch: 38 [44800/60000 (75%)]	Loss: 2.373150
Train Epoch: 38 [51200/60000 (85%)]	Loss: 2.310607
Train Epoch: 38 [57600/60000 (96%)]	Loss: 2.332661

Test set: Average loss: 2.3503, Accuracy: 1101/10000 (11%)

Train Epoch: 39 [0/60000 (0%)]	Loss: 2.336412
Train Epoch: 39 [6400/60000 (11%)]	Loss: 2.289907
Train Epoch: 39 [12800/60000 (21%)]	Loss: 2.475898
Train Epoch: 39 [19200/60000 (32%)]	Loss: 2.407311
Train Epoch: 39 [25600/60000 (43%)]	Loss: 2.391322
Train Epoch: 39 [32000/60000 (53%)]	Loss: 2.351658
Train Epoch: 39 [38400/60000 (64%)]	Loss: 2.351984
Train Epoch: 39 [44800/60000 (75%)]	Loss: 2.351212
Train Epoch: 39 [51200/60000 (85%)]	Loss: 2.283767
Train Epoch: 39 [57600/60000 (96%)]	Loss: 2.385637

Test set: Average loss: 2.3508, Accuracy: 1249/10000 (12%)

Train Epoch: 40 [0/60000 (0%)]	Loss: 2.406997
Train Epoch: 40 [6400/60000 (11%)]	Loss: 2.396736
Train Epoch: 40 [12800/60000 (21%)]	Loss: 2.334476
Train Epoch: 40 [19200/60000 (32%)]	Loss: 2.248194
Train Epoch: 40 [25600/60000 (43%)]	Loss: 2.412695
Train Epoch: 40 [32000/60000 (53%)]	Loss: 2.243444
Train Epoch: 40 [38400/60000 (64%)]	Loss: 2.326114
Train Epoch: 40 [44800/60000 (75%)]	Loss: 2.361414
Train Epoch: 40 [51200/60000 (85%)]	Loss: 2.350341
Train Epoch: 40 [57600/60000 (96%)]	Loss: 2.432146

Test set: Average loss: 2.3634, Accuracy: 1139/10000 (11%)

Train Epoch: 41 [0/60000 (0%)]	Loss: 2.273052
Train Epoch: 41 [6400/60000 (11%)]	Loss: 2.363947
Train Epoch: 41 [12800/60000 (21%)]	Loss: 2.409122
Train Epoch: 41 [19200/60000 (32%)]	Loss: 2.370768
Train Epoch: 41 [25600/60000 (43%)]	Loss: 2.512709
Train Epoch: 41 [32000/60000 (53%)]	Loss: 2.343626
Train Epoch: 41 [38400/60000 (64%)]	Loss: 2.385364
Train Epoch: 41 [44800/60000 (75%)]	Loss: 2.293305
Train Epoch: 41 [51200/60000 (85%)]	Loss: 2.346277
Train Epoch: 41 [57600/60000 (96%)]	Loss: 2.438882

Test set: Average loss: 2.3654, Accuracy: 1075/10000 (11%)

Train Epoch: 42 [0/60000 (0%)]	Loss: 2.287396
Train Epoch: 42 [6400/60000 (11%)]	Loss: 2.307183
Train Epoch: 42 [12800/60000 (21%)]	Loss: 2.406382
Train Epoch: 42 [19200/60000 (32%)]	Loss: 2.338992
Train Epoch: 42 [25600/60000 (43%)]	Loss: 2.363296
Train Epoch: 42 [32000/60000 (53%)]	Loss: 2.275141
Train Epoch: 42 [38400/60000 (64%)]	Loss: 2.301681
Train Epoch: 42 [44800/60000 (75%)]	Loss: 2.442888
Train Epoch: 42 [51200/60000 (85%)]	Loss: 2.409631
Train Epoch: 42 [57600/60000 (96%)]	Loss: 2.230732

Test set: Average loss: 2.3686, Accuracy: 1060/10000 (11%)

Train Epoch: 43 [0/60000 (0%)]	Loss: 2.360995
Train Epoch: 43 [6400/60000 (11%)]	Loss: 2.319409
Train Epoch: 43 [12800/60000 (21%)]	Loss: 2.373571
Train Epoch: 43 [19200/60000 (32%)]	Loss: 2.262582
Train Epoch: 43 [25600/60000 (43%)]	Loss: 2.350554
Train Epoch: 43 [32000/60000 (53%)]	Loss: 2.344583
Train Epoch: 43 [38400/60000 (64%)]	Loss: 2.357538
Train Epoch: 43 [44800/60000 (75%)]	Loss: 2.284655
Train Epoch: 43 [51200/60000 (85%)]	Loss: 2.328745
Train Epoch: 43 [57600/60000 (96%)]	Loss: 2.336219

Test set: Average loss: 2.3630, Accuracy: 1066/10000 (11%)

Train Epoch: 44 [0/60000 (0%)]	Loss: 2.420151
Train Epoch: 44 [6400/60000 (11%)]	Loss: 2.226472
Train Epoch: 44 [12800/60000 (21%)]	Loss: 2.412179
Train Epoch: 44 [19200/60000 (32%)]	Loss: 2.412379
Train Epoch: 44 [25600/60000 (43%)]	Loss: 2.385620
Train Epoch: 44 [32000/60000 (53%)]	Loss: 2.354046
Train Epoch: 44 [38400/60000 (64%)]	Loss: 2.411455
Train Epoch: 44 [44800/60000 (75%)]	Loss: 2.443310
Train Epoch: 44 [51200/60000 (85%)]	Loss: 2.240048
Train Epoch: 44 [57600/60000 (96%)]	Loss: 2.327581

Test set: Average loss: 2.3536, Accuracy: 1060/10000 (11%)

Train Epoch: 45 [0/60000 (0%)]	Loss: 2.315103
Train Epoch: 45 [6400/60000 (11%)]	Loss: 2.425071
Train Epoch: 45 [12800/60000 (21%)]	Loss: 2.323906
Train Epoch: 45 [19200/60000 (32%)]	Loss: 2.281314
Train Epoch: 45 [25600/60000 (43%)]	Loss: 2.403573
Train Epoch: 45 [32000/60000 (53%)]	Loss: 2.446664
Train Epoch: 45 [38400/60000 (64%)]	Loss: 2.294233
Train Epoch: 45 [44800/60000 (75%)]	Loss: 2.315235
Train Epoch: 45 [51200/60000 (85%)]	Loss: 2.364688
Train Epoch: 45 [57600/60000 (96%)]	Loss: 2.438115

Test set: Average loss: 2.3564, Accuracy: 1072/10000 (11%)

Train Epoch: 46 [0/60000 (0%)]	Loss: 2.323081
Train Epoch: 46 [6400/60000 (11%)]	Loss: 2.403752
Train Epoch: 46 [12800/60000 (21%)]	Loss: 2.455895
Train Epoch: 46 [19200/60000 (32%)]	Loss: 2.414860
Train Epoch: 46 [25600/60000 (43%)]	Loss: 2.397258
Train Epoch: 46 [32000/60000 (53%)]	Loss: 2.398322
Train Epoch: 46 [38400/60000 (64%)]	Loss: 2.470045
Train Epoch: 46 [44800/60000 (75%)]	Loss: 2.439725
Train Epoch: 46 [51200/60000 (85%)]	Loss: 2.411579
Train Epoch: 46 [57600/60000 (96%)]	Loss: 2.360050

Test set: Average loss: 2.3799, Accuracy: 1105/10000 (11%)

Train Epoch: 47 [0/60000 (0%)]	Loss: 2.313781
Train Epoch: 47 [6400/60000 (11%)]	Loss: 2.381818
Train Epoch: 47 [12800/60000 (21%)]	Loss: 2.302473
Train Epoch: 47 [19200/60000 (32%)]	Loss: 2.438359
Train Epoch: 47 [25600/60000 (43%)]	Loss: 2.393884
Train Epoch: 47 [32000/60000 (53%)]	Loss: 2.451273
Train Epoch: 47 [38400/60000 (64%)]	Loss: 2.352010
Train Epoch: 47 [44800/60000 (75%)]	Loss: 2.376734
Train Epoch: 47 [51200/60000 (85%)]	Loss: 2.295404
Train Epoch: 47 [57600/60000 (96%)]	Loss: 2.400784

Test set: Average loss: 2.3764, Accuracy: 959/10000 (10%)

Train Epoch: 48 [0/60000 (0%)]	Loss: 2.405058
Train Epoch: 48 [6400/60000 (11%)]	Loss: 2.324209
Train Epoch: 48 [12800/60000 (21%)]	Loss: 2.417866
Train Epoch: 48 [19200/60000 (32%)]	Loss: 2.312635
Train Epoch: 48 [25600/60000 (43%)]	Loss: 2.396051
Train Epoch: 48 [32000/60000 (53%)]	Loss: 2.333072
Train Epoch: 48 [38400/60000 (64%)]	Loss: 2.240560
Train Epoch: 48 [44800/60000 (75%)]	Loss: 2.208500
Train Epoch: 48 [51200/60000 (85%)]	Loss: 2.310812
Train Epoch: 48 [57600/60000 (96%)]	Loss: 2.390567

Test set: Average loss: 2.3831, Accuracy: 949/10000 (9%)

Train Epoch: 49 [0/60000 (0%)]	Loss: 2.288501
Train Epoch: 49 [6400/60000 (11%)]	Loss: 2.319262
Train Epoch: 49 [12800/60000 (21%)]	Loss: 2.367050
Train Epoch: 49 [19200/60000 (32%)]	Loss: 2.387103
Train Epoch: 49 [25600/60000 (43%)]	Loss: 2.405179
Train Epoch: 49 [32000/60000 (53%)]	Loss: 2.379555
Train Epoch: 49 [38400/60000 (64%)]	Loss: 2.452758
Train Epoch: 49 [44800/60000 (75%)]	Loss: 2.292171
Train Epoch: 49 [51200/60000 (85%)]	Loss: 2.315480
Train Epoch: 49 [57600/60000 (96%)]	Loss: 2.296027

Test set: Average loss: 2.3706, Accuracy: 1017/10000 (10%)

Train Epoch: 50 [0/60000 (0%)]	Loss: 2.415314
Train Epoch: 50 [6400/60000 (11%)]	Loss: 2.377865
Train Epoch: 50 [12800/60000 (21%)]	Loss: 2.359593
Train Epoch: 50 [19200/60000 (32%)]	Loss: 2.266922
Train Epoch: 50 [25600/60000 (43%)]	Loss: 2.343730
Train Epoch: 50 [32000/60000 (53%)]	Loss: 2.465336
Train Epoch: 50 [38400/60000 (64%)]	Loss: 2.279788
Train Epoch: 50 [44800/60000 (75%)]	Loss: 2.407494
Train Epoch: 50 [51200/60000 (85%)]	Loss: 2.312465
Train Epoch: 50 [57600/60000 (96%)]	Loss: 2.494024

Test set: Average loss: 2.3828, Accuracy: 882/10000 (9%)

Train Epoch: 51 [0/60000 (0%)]	Loss: 2.540567
Train Epoch: 51 [6400/60000 (11%)]	Loss: 2.394631
Train Epoch: 51 [12800/60000 (21%)]	Loss: 2.238766
Train Epoch: 51 [19200/60000 (32%)]	Loss: 2.356448
Train Epoch: 51 [25600/60000 (43%)]	Loss: 2.245874
Train Epoch: 51 [32000/60000 (53%)]	Loss: 2.331020
Train Epoch: 51 [38400/60000 (64%)]	Loss: 2.360434
Train Epoch: 51 [44800/60000 (75%)]	Loss: 2.361606
Train Epoch: 51 [51200/60000 (85%)]	Loss: 2.244153
Train Epoch: 51 [57600/60000 (96%)]	Loss: 2.314225

Test set: Average loss: 2.3693, Accuracy: 988/10000 (10%)

Train Epoch: 52 [0/60000 (0%)]	Loss: 2.318583
Train Epoch: 52 [6400/60000 (11%)]	Loss: 2.241331
Train Epoch: 52 [12800/60000 (21%)]	Loss: 2.250011
Train Epoch: 52 [19200/60000 (32%)]	Loss: 2.400889
Train Epoch: 52 [25600/60000 (43%)]	Loss: 2.505172
Train Epoch: 52 [32000/60000 (53%)]	Loss: 2.191357
Train Epoch: 52 [38400/60000 (64%)]	Loss: 2.388990
Train Epoch: 52 [44800/60000 (75%)]	Loss: 2.391764
Train Epoch: 52 [51200/60000 (85%)]	Loss: 2.251524
Train Epoch: 52 [57600/60000 (96%)]	Loss: 2.336149

Test set: Average loss: 2.3772, Accuracy: 1029/10000 (10%)

Train Epoch: 53 [0/60000 (0%)]	Loss: 2.409680
Train Epoch: 53 [6400/60000 (11%)]	Loss: 2.239155
Train Epoch: 53 [12800/60000 (21%)]	Loss: 2.427688
Train Epoch: 53 [19200/60000 (32%)]	Loss: 2.313549
Train Epoch: 53 [25600/60000 (43%)]	Loss: 2.442382
Train Epoch: 53 [32000/60000 (53%)]	Loss: 2.340866
Train Epoch: 53 [38400/60000 (64%)]	Loss: 2.436715
Train Epoch: 53 [44800/60000 (75%)]	Loss: 2.320342
Train Epoch: 53 [51200/60000 (85%)]	Loss: 2.406097
Train Epoch: 53 [57600/60000 (96%)]	Loss: 2.346877

Test set: Average loss: 2.3880, Accuracy: 1041/10000 (10%)

Train Epoch: 54 [0/60000 (0%)]	Loss: 2.429766
Train Epoch: 54 [6400/60000 (11%)]	Loss: 2.427983
Train Epoch: 54 [12800/60000 (21%)]	Loss: 2.349091
Train Epoch: 54 [19200/60000 (32%)]	Loss: 2.408599
Train Epoch: 54 [25600/60000 (43%)]	Loss: 2.444378
Train Epoch: 54 [32000/60000 (53%)]	Loss: 2.406655
Train Epoch: 54 [38400/60000 (64%)]	Loss: 2.347017
Train Epoch: 54 [44800/60000 (75%)]	Loss: 2.413584
Train Epoch: 54 [51200/60000 (85%)]	Loss: 2.311082
Train Epoch: 54 [57600/60000 (96%)]	Loss: 2.347814

Test set: Average loss: 2.3841, Accuracy: 1018/10000 (10%)

Train Epoch: 55 [0/60000 (0%)]	Loss: 2.322463
Train Epoch: 55 [6400/60000 (11%)]	Loss: 2.375747
Train Epoch: 55 [12800/60000 (21%)]	Loss: 2.348432
Train Epoch: 55 [19200/60000 (32%)]	Loss: 2.374756
Train Epoch: 55 [25600/60000 (43%)]	Loss: 2.324327
Train Epoch: 55 [32000/60000 (53%)]	Loss: 2.400713
Train Epoch: 55 [38400/60000 (64%)]	Loss: 2.288608
Train Epoch: 55 [44800/60000 (75%)]	Loss: 2.331103
Train Epoch: 55 [51200/60000 (85%)]	Loss: 2.447087
Train Epoch: 55 [57600/60000 (96%)]	Loss: 2.328696

Test set: Average loss: 2.3690, Accuracy: 1069/10000 (11%)

Train Epoch: 56 [0/60000 (0%)]	Loss: 2.514484
Train Epoch: 56 [6400/60000 (11%)]	Loss: 2.424897
Train Epoch: 56 [12800/60000 (21%)]	Loss: 2.350661
Train Epoch: 56 [19200/60000 (32%)]	Loss: 2.447216
Train Epoch: 56 [25600/60000 (43%)]	Loss: 2.406928
Train Epoch: 56 [32000/60000 (53%)]	Loss: 2.370005
Train Epoch: 56 [38400/60000 (64%)]	Loss: 2.458134
Train Epoch: 56 [44800/60000 (75%)]	Loss: 2.336466
Train Epoch: 56 [51200/60000 (85%)]	Loss: 2.297010
Train Epoch: 56 [57600/60000 (96%)]	Loss: 2.340854

Test set: Average loss: 2.3897, Accuracy: 921/10000 (9%)

Train Epoch: 57 [0/60000 (0%)]	Loss: 2.307193
Train Epoch: 57 [6400/60000 (11%)]	Loss: 2.316153
Train Epoch: 57 [12800/60000 (21%)]	Loss: 2.426478
Train Epoch: 57 [19200/60000 (32%)]	Loss: 2.372650
Train Epoch: 57 [25600/60000 (43%)]	Loss: 2.294613
Train Epoch: 57 [32000/60000 (53%)]	Loss: 2.364964
Train Epoch: 57 [38400/60000 (64%)]	Loss: 2.430896
Train Epoch: 57 [44800/60000 (75%)]	Loss: 2.286687
Train Epoch: 57 [51200/60000 (85%)]	Loss: 2.376599
Train Epoch: 57 [57600/60000 (96%)]	Loss: 2.368130

Test set: Average loss: 2.3756, Accuracy: 1013/10000 (10%)

Train Epoch: 58 [0/60000 (0%)]	Loss: 2.457952
Train Epoch: 58 [6400/60000 (11%)]	Loss: 2.378353
Train Epoch: 58 [12800/60000 (21%)]	Loss: 2.327228
Train Epoch: 58 [19200/60000 (32%)]	Loss: 2.439168
Train Epoch: 58 [25600/60000 (43%)]	Loss: 2.266512
Train Epoch: 58 [32000/60000 (53%)]	Loss: 2.428394
Train Epoch: 58 [38400/60000 (64%)]	Loss: 2.404099
Train Epoch: 58 [44800/60000 (75%)]	Loss: 2.409654
Train Epoch: 58 [51200/60000 (85%)]	Loss: 2.392464
Train Epoch: 58 [57600/60000 (96%)]	Loss: 2.399473

Test set: Average loss: 2.3746, Accuracy: 846/10000 (8%)

Train Epoch: 59 [0/60000 (0%)]	Loss: 2.279601
Train Epoch: 59 [6400/60000 (11%)]	Loss: 2.403114
Train Epoch: 59 [12800/60000 (21%)]	Loss: 2.345868
Train Epoch: 59 [19200/60000 (32%)]	Loss: 2.482178
Train Epoch: 59 [25600/60000 (43%)]	Loss: 2.443443
Train Epoch: 59 [32000/60000 (53%)]	Loss: 2.309089
Train Epoch: 59 [38400/60000 (64%)]	Loss: 2.306721
Train Epoch: 59 [44800/60000 (75%)]	Loss: 2.329898
Train Epoch: 59 [51200/60000 (85%)]	Loss: 2.442196
Train Epoch: 59 [57600/60000 (96%)]	Loss: 2.271743

Test set: Average loss: 2.3916, Accuracy: 1071/10000 (11%)

Train Epoch: 60 [0/60000 (0%)]	Loss: 2.355826
Train Epoch: 60 [6400/60000 (11%)]	Loss: 2.396054
Train Epoch: 60 [12800/60000 (21%)]	Loss: 2.594605
Train Epoch: 60 [19200/60000 (32%)]	Loss: 2.387264
Train Epoch: 60 [25600/60000 (43%)]	Loss: 2.362978
Train Epoch: 60 [32000/60000 (53%)]	Loss: 2.313847
Train Epoch: 60 [38400/60000 (64%)]	Loss: 2.328661
Train Epoch: 60 [44800/60000 (75%)]	Loss: 2.470243
Train Epoch: 60 [51200/60000 (85%)]	Loss: 2.432814
Train Epoch: 60 [57600/60000 (96%)]	Loss: 2.409982

Test set: Average loss: 2.3844, Accuracy: 970/10000 (10%)

Train Epoch: 61 [0/60000 (0%)]	Loss: 2.519499
Train Epoch: 61 [6400/60000 (11%)]	Loss: 2.361360
Train Epoch: 61 [12800/60000 (21%)]	Loss: 2.357562
Train Epoch: 61 [19200/60000 (32%)]	Loss: 2.373964
Train Epoch: 61 [25600/60000 (43%)]	Loss: 2.439046
Train Epoch: 61 [32000/60000 (53%)]	Loss: 2.244870
Train Epoch: 61 [38400/60000 (64%)]	Loss: 2.295722
Train Epoch: 61 [44800/60000 (75%)]	Loss: 2.446219
Train Epoch: 61 [51200/60000 (85%)]	Loss: 2.436443
Train Epoch: 61 [57600/60000 (96%)]	Loss: 2.408402

Test set: Average loss: 2.3867, Accuracy: 908/10000 (9%)

Train Epoch: 62 [0/60000 (0%)]	Loss: 2.241559
Train Epoch: 62 [6400/60000 (11%)]	Loss: 2.417755
Train Epoch: 62 [12800/60000 (21%)]	Loss: 2.327720
Train Epoch: 62 [19200/60000 (32%)]	Loss: 2.472882
Train Epoch: 62 [25600/60000 (43%)]	Loss: 2.360573
Train Epoch: 62 [32000/60000 (53%)]	Loss: 2.393400
Train Epoch: 62 [38400/60000 (64%)]	Loss: 2.257310
Train Epoch: 62 [44800/60000 (75%)]	Loss: 2.377618
Train Epoch: 62 [51200/60000 (85%)]	Loss: 2.539894
Train Epoch: 62 [57600/60000 (96%)]	Loss: 2.376871

Test set: Average loss: 2.3853, Accuracy: 992/10000 (10%)

Train Epoch: 63 [0/60000 (0%)]	Loss: 2.415827
Train Epoch: 63 [6400/60000 (11%)]	Loss: 2.401839
Train Epoch: 63 [12800/60000 (21%)]	Loss: 2.392937
Train Epoch: 63 [19200/60000 (32%)]	Loss: 2.405742
Train Epoch: 63 [25600/60000 (43%)]	Loss: 2.472624
Train Epoch: 63 [32000/60000 (53%)]	Loss: 2.500799
Train Epoch: 63 [38400/60000 (64%)]	Loss: 2.350707
Train Epoch: 63 [44800/60000 (75%)]	Loss: 2.381379
Train Epoch: 63 [51200/60000 (85%)]	Loss: 2.264911
Train Epoch: 63 [57600/60000 (96%)]	Loss: 2.412046

Test set: Average loss: 2.3958, Accuracy: 1053/10000 (11%)

Train Epoch: 64 [0/60000 (0%)]	Loss: 2.379519
Train Epoch: 64 [6400/60000 (11%)]	Loss: 2.376501
Train Epoch: 64 [12800/60000 (21%)]	Loss: 2.407333
Train Epoch: 64 [19200/60000 (32%)]	Loss: 2.220078
Train Epoch: 64 [25600/60000 (43%)]	Loss: 2.161018
Train Epoch: 64 [32000/60000 (53%)]	Loss: 2.410727
Train Epoch: 64 [38400/60000 (64%)]	Loss: 2.324305
Train Epoch: 64 [44800/60000 (75%)]	Loss: 2.266914
Train Epoch: 64 [51200/60000 (85%)]	Loss: 2.307526
Train Epoch: 64 [57600/60000 (96%)]	Loss: 2.480064

Test set: Average loss: 2.3866, Accuracy: 1066/10000 (11%)

Train Epoch: 65 [0/60000 (0%)]	Loss: 2.418816
Train Epoch: 65 [6400/60000 (11%)]	Loss: 2.345597
Train Epoch: 65 [12800/60000 (21%)]	Loss: 2.312369
Train Epoch: 65 [19200/60000 (32%)]	Loss: 2.255645
Train Epoch: 65 [25600/60000 (43%)]	Loss: 2.431429
Train Epoch: 65 [32000/60000 (53%)]	Loss: 2.398042
Train Epoch: 65 [38400/60000 (64%)]	Loss: 2.378615
Train Epoch: 65 [44800/60000 (75%)]	Loss: 2.350404
Train Epoch: 65 [51200/60000 (85%)]	Loss: 2.499969
Train Epoch: 65 [57600/60000 (96%)]	Loss: 2.398067

Test set: Average loss: 2.3878, Accuracy: 1064/10000 (11%)

Train Epoch: 66 [0/60000 (0%)]	Loss: 2.358938
Train Epoch: 66 [6400/60000 (11%)]	Loss: 2.275727
Train Epoch: 66 [12800/60000 (21%)]	Loss: 2.299235
Train Epoch: 66 [19200/60000 (32%)]	Loss: 2.422548
Train Epoch: 66 [25600/60000 (43%)]	Loss: 2.409563
Train Epoch: 66 [32000/60000 (53%)]	Loss: 2.469581
Train Epoch: 66 [38400/60000 (64%)]	Loss: 2.329363
Train Epoch: 66 [44800/60000 (75%)]	Loss: 2.366916
Train Epoch: 66 [51200/60000 (85%)]	Loss: 2.385210
Train Epoch: 66 [57600/60000 (96%)]	Loss: 2.365861

Test set: Average loss: 2.3919, Accuracy: 1044/10000 (10%)

Train Epoch: 67 [0/60000 (0%)]	Loss: 2.358219
Train Epoch: 67 [6400/60000 (11%)]	Loss: 2.385980
Train Epoch: 67 [12800/60000 (21%)]	Loss: 2.276115
Train Epoch: 67 [19200/60000 (32%)]	Loss: 2.328016
Train Epoch: 67 [25600/60000 (43%)]	Loss: 2.522817
Train Epoch: 67 [32000/60000 (53%)]	Loss: 2.495456
Train Epoch: 67 [38400/60000 (64%)]	Loss: 2.448534
Train Epoch: 67 [44800/60000 (75%)]	Loss: 2.374183
Train Epoch: 67 [51200/60000 (85%)]	Loss: 2.329700
Train Epoch: 67 [57600/60000 (96%)]	Loss: 2.329664

Test set: Average loss: 2.3846, Accuracy: 1047/10000 (10%)

Train Epoch: 68 [0/60000 (0%)]	Loss: 2.321080
Train Epoch: 68 [6400/60000 (11%)]	Loss: 2.472319
Train Epoch: 68 [12800/60000 (21%)]	Loss: 2.298665
Train Epoch: 68 [19200/60000 (32%)]	Loss: 2.232810
Train Epoch: 68 [25600/60000 (43%)]	Loss: 2.447748
Train Epoch: 68 [32000/60000 (53%)]	Loss: 2.420434
Train Epoch: 68 [38400/60000 (64%)]	Loss: 2.465884
Train Epoch: 68 [44800/60000 (75%)]	Loss: 2.229341
Train Epoch: 68 [51200/60000 (85%)]	Loss: 2.407190
Train Epoch: 68 [57600/60000 (96%)]	Loss: 2.438438

Test set: Average loss: 2.3838, Accuracy: 938/10000 (9%)

Train Epoch: 69 [0/60000 (0%)]	Loss: 2.420679
Train Epoch: 69 [6400/60000 (11%)]	Loss: 2.418428
Train Epoch: 69 [12800/60000 (21%)]	Loss: 2.361558
Train Epoch: 69 [19200/60000 (32%)]	Loss: 2.347934
Train Epoch: 69 [25600/60000 (43%)]	Loss: 2.354341
Train Epoch: 69 [32000/60000 (53%)]	Loss: 2.314651
Train Epoch: 69 [38400/60000 (64%)]	Loss: 2.469821
Train Epoch: 69 [44800/60000 (75%)]	Loss: 2.254686
Train Epoch: 69 [51200/60000 (85%)]	Loss: 2.442537
Train Epoch: 69 [57600/60000 (96%)]	Loss: 2.398263

Test set: Average loss: 2.4016, Accuracy: 929/10000 (9%)

Train Epoch: 70 [0/60000 (0%)]	Loss: 2.657528
Train Epoch: 70 [6400/60000 (11%)]	Loss: 2.341621
Train Epoch: 70 [12800/60000 (21%)]	Loss: 2.577755
Train Epoch: 70 [19200/60000 (32%)]	Loss: 2.339816
Train Epoch: 70 [25600/60000 (43%)]	Loss: 2.459320
Train Epoch: 70 [32000/60000 (53%)]	Loss: 2.378453
Train Epoch: 70 [38400/60000 (64%)]	Loss: 2.432668
Train Epoch: 70 [44800/60000 (75%)]	Loss: 2.507785
Train Epoch: 70 [51200/60000 (85%)]	Loss: 2.383286
Train Epoch: 70 [57600/60000 (96%)]	Loss: 2.275152

Test set: Average loss: 2.3840, Accuracy: 847/10000 (8%)

Train Epoch: 71 [0/60000 (0%)]	Loss: 2.354150
Train Epoch: 71 [6400/60000 (11%)]	Loss: 2.377869
Train Epoch: 71 [12800/60000 (21%)]	Loss: 2.352695
Train Epoch: 71 [19200/60000 (32%)]	Loss: 2.519233
Train Epoch: 71 [25600/60000 (43%)]	Loss: 2.293841
Train Epoch: 71 [32000/60000 (53%)]	Loss: 2.475861
Train Epoch: 71 [38400/60000 (64%)]	Loss: 2.334224
Train Epoch: 71 [44800/60000 (75%)]	Loss: 2.351559
Train Epoch: 71 [51200/60000 (85%)]	Loss: 2.409177
Train Epoch: 71 [57600/60000 (96%)]	Loss: 2.359796

Test set: Average loss: 2.3876, Accuracy: 969/10000 (10%)

Train Epoch: 72 [0/60000 (0%)]	Loss: 2.396040
Train Epoch: 72 [6400/60000 (11%)]	Loss: 2.358503
Train Epoch: 72 [12800/60000 (21%)]	Loss: 2.476093
Train Epoch: 72 [19200/60000 (32%)]	Loss: 2.430973
Train Epoch: 72 [25600/60000 (43%)]	Loss: 2.408020
Train Epoch: 72 [32000/60000 (53%)]	Loss: 2.497887
Train Epoch: 72 [38400/60000 (64%)]	Loss: 2.517435
Train Epoch: 72 [44800/60000 (75%)]	Loss: 2.377045
Train Epoch: 72 [51200/60000 (85%)]	Loss: 2.241535
Train Epoch: 72 [57600/60000 (96%)]	Loss: 2.448386

Test set: Average loss: 2.3879, Accuracy: 970/10000 (10%)

Train Epoch: 73 [0/60000 (0%)]	Loss: 2.428548
Train Epoch: 73 [6400/60000 (11%)]	Loss: 2.471538
Train Epoch: 73 [12800/60000 (21%)]	Loss: 2.483302
Train Epoch: 73 [19200/60000 (32%)]	Loss: 2.322039
Train Epoch: 73 [25600/60000 (43%)]	Loss: 2.507308
Train Epoch: 73 [32000/60000 (53%)]	Loss: 2.329671
Train Epoch: 73 [38400/60000 (64%)]	Loss: 2.433019
Train Epoch: 73 [44800/60000 (75%)]	Loss: 2.445055
Train Epoch: 73 [51200/60000 (85%)]	Loss: 2.433768
Train Epoch: 73 [57600/60000 (96%)]	Loss: 2.463193

Test set: Average loss: 2.3824, Accuracy: 1313/10000 (13%)

Train Epoch: 74 [0/60000 (0%)]	Loss: 2.381924
Train Epoch: 74 [6400/60000 (11%)]	Loss: 2.312654
Train Epoch: 74 [12800/60000 (21%)]	Loss: 2.448285
Train Epoch: 74 [19200/60000 (32%)]	Loss: 2.477832
Train Epoch: 74 [25600/60000 (43%)]	Loss: 2.399397
Train Epoch: 74 [32000/60000 (53%)]	Loss: 2.389092
Train Epoch: 74 [38400/60000 (64%)]	Loss: 2.336588
Train Epoch: 74 [44800/60000 (75%)]	Loss: 2.454428
Train Epoch: 74 [51200/60000 (85%)]	Loss: 2.331147
Train Epoch: 74 [57600/60000 (96%)]	Loss: 2.380258

Test set: Average loss: 2.3957, Accuracy: 1089/10000 (11%)

Train Epoch: 75 [0/60000 (0%)]	Loss: 2.287401
Train Epoch: 75 [6400/60000 (11%)]	Loss: 2.347510
Train Epoch: 75 [12800/60000 (21%)]	Loss: 2.410676
Train Epoch: 75 [19200/60000 (32%)]	Loss: 2.471391
Train Epoch: 75 [25600/60000 (43%)]	Loss: 2.385715
Train Epoch: 75 [32000/60000 (53%)]	Loss: 2.343320
Train Epoch: 75 [38400/60000 (64%)]	Loss: 2.325712
Train Epoch: 75 [44800/60000 (75%)]	Loss: 2.416717
Train Epoch: 75 [51200/60000 (85%)]	Loss: 2.429950
Train Epoch: 75 [57600/60000 (96%)]	Loss: 2.459670

Test set: Average loss: 2.4105, Accuracy: 903/10000 (9%)

Train Epoch: 76 [0/60000 (0%)]	Loss: 2.341866
Train Epoch: 76 [6400/60000 (11%)]	Loss: 2.344576
Train Epoch: 76 [12800/60000 (21%)]	Loss: 2.476007
Train Epoch: 76 [19200/60000 (32%)]	Loss: 2.321013
Train Epoch: 76 [25600/60000 (43%)]	Loss: 2.321138
Train Epoch: 76 [32000/60000 (53%)]	Loss: 2.332527
Train Epoch: 76 [38400/60000 (64%)]	Loss: 2.333254
Train Epoch: 76 [44800/60000 (75%)]	Loss: 2.386317
Train Epoch: 76 [51200/60000 (85%)]	Loss: 2.481621
Train Epoch: 76 [57600/60000 (96%)]	Loss: 2.340167

Test set: Average loss: 2.3937, Accuracy: 941/10000 (9%)

Train Epoch: 77 [0/60000 (0%)]	Loss: 2.434353
Train Epoch: 77 [6400/60000 (11%)]	Loss: 2.410377
Train Epoch: 77 [12800/60000 (21%)]	Loss: 2.375127
Train Epoch: 77 [19200/60000 (32%)]	Loss: 2.261093
Train Epoch: 77 [25600/60000 (43%)]	Loss: 2.487175
Train Epoch: 77 [32000/60000 (53%)]	Loss: 2.452462
Train Epoch: 77 [38400/60000 (64%)]	Loss: 2.441817
Train Epoch: 77 [44800/60000 (75%)]	Loss: 2.297584
Train Epoch: 77 [51200/60000 (85%)]	Loss: 2.318302
Train Epoch: 77 [57600/60000 (96%)]	Loss: 2.353409

Test set: Average loss: 2.4031, Accuracy: 916/10000 (9%)

Train Epoch: 78 [0/60000 (0%)]	Loss: 2.458352
Train Epoch: 78 [6400/60000 (11%)]	Loss: 2.356582
Train Epoch: 78 [12800/60000 (21%)]	Loss: 2.431809
Train Epoch: 78 [19200/60000 (32%)]	Loss: 2.404669
Train Epoch: 78 [25600/60000 (43%)]	Loss: 2.452580
Train Epoch: 78 [32000/60000 (53%)]	Loss: 2.375486
Train Epoch: 78 [38400/60000 (64%)]	Loss: 2.328466
Train Epoch: 78 [44800/60000 (75%)]	Loss: 2.318656
Train Epoch: 78 [51200/60000 (85%)]	Loss: 2.486772
Train Epoch: 78 [57600/60000 (96%)]	Loss: 2.415699

Test set: Average loss: 2.3828, Accuracy: 954/10000 (10%)

Train Epoch: 79 [0/60000 (0%)]	Loss: 2.418897
Train Epoch: 79 [6400/60000 (11%)]	Loss: 2.335705
Train Epoch: 79 [12800/60000 (21%)]	Loss: 2.388878
Train Epoch: 79 [19200/60000 (32%)]	Loss: 2.393558
Train Epoch: 79 [25600/60000 (43%)]	Loss: 2.487652
Train Epoch: 79 [32000/60000 (53%)]	Loss: 2.338284
Train Epoch: 79 [38400/60000 (64%)]	Loss: 2.560752
Train Epoch: 79 [44800/60000 (75%)]	Loss: 2.468077
Train Epoch: 79 [51200/60000 (85%)]	Loss: 2.436406
Train Epoch: 79 [57600/60000 (96%)]	Loss: 2.264529

Test set: Average loss: 2.3989, Accuracy: 859/10000 (9%)

Train Epoch: 80 [0/60000 (0%)]	Loss: 2.380667
Train Epoch: 80 [6400/60000 (11%)]	Loss: 2.404454
Train Epoch: 80 [12800/60000 (21%)]	Loss: 2.503460
Train Epoch: 80 [19200/60000 (32%)]	Loss: 2.286917
Train Epoch: 80 [25600/60000 (43%)]	Loss: 2.338236
Train Epoch: 80 [32000/60000 (53%)]	Loss: 2.280290
Train Epoch: 80 [38400/60000 (64%)]	Loss: 2.455060
Train Epoch: 80 [44800/60000 (75%)]	Loss: 2.373520
Train Epoch: 80 [51200/60000 (85%)]	Loss: 2.351467
Train Epoch: 80 [57600/60000 (96%)]	Loss: 2.547700

Test set: Average loss: 2.4022, Accuracy: 814/10000 (8%)

Train Epoch: 81 [0/60000 (0%)]	Loss: 2.433672
Train Epoch: 81 [6400/60000 (11%)]	Loss: 2.482368
Train Epoch: 81 [12800/60000 (21%)]	Loss: 2.346671
Train Epoch: 81 [19200/60000 (32%)]	Loss: 2.249305
Train Epoch: 81 [25600/60000 (43%)]	Loss: 2.487334
Train Epoch: 81 [32000/60000 (53%)]	Loss: 2.371540
Train Epoch: 81 [38400/60000 (64%)]	Loss: 2.376590
Train Epoch: 81 [44800/60000 (75%)]	Loss: 2.415324
Train Epoch: 81 [51200/60000 (85%)]	Loss: 2.396775
Train Epoch: 81 [57600/60000 (96%)]	Loss: 2.407583

Test set: Average loss: 2.4010, Accuracy: 1014/10000 (10%)

Train Epoch: 82 [0/60000 (0%)]	Loss: 2.437556
Train Epoch: 82 [6400/60000 (11%)]	Loss: 2.327184
Train Epoch: 82 [12800/60000 (21%)]	Loss: 2.475507
Train Epoch: 82 [19200/60000 (32%)]	Loss: 2.393602
Train Epoch: 82 [25600/60000 (43%)]	Loss: 2.415179
Train Epoch: 82 [32000/60000 (53%)]	Loss: 2.442516
Train Epoch: 82 [38400/60000 (64%)]	Loss: 2.514747
Train Epoch: 82 [44800/60000 (75%)]	Loss: 2.313188
Train Epoch: 82 [51200/60000 (85%)]	Loss: 2.389808
Train Epoch: 82 [57600/60000 (96%)]	Loss: 2.271987

Test set: Average loss: 2.3943, Accuracy: 878/10000 (9%)

Train Epoch: 83 [0/60000 (0%)]	Loss: 2.434495
Train Epoch: 83 [6400/60000 (11%)]	Loss: 2.483788
Train Epoch: 83 [12800/60000 (21%)]	Loss: 2.539664
Train Epoch: 83 [19200/60000 (32%)]	Loss: 2.351490
Train Epoch: 83 [25600/60000 (43%)]	Loss: 2.387854
Train Epoch: 83 [32000/60000 (53%)]	Loss: 2.409857
Train Epoch: 83 [38400/60000 (64%)]	Loss: 2.282077
Train Epoch: 83 [44800/60000 (75%)]	Loss: 2.436051
Train Epoch: 83 [51200/60000 (85%)]	Loss: 2.535508
Train Epoch: 83 [57600/60000 (96%)]	Loss: 2.427532

Test set: Average loss: 2.4071, Accuracy: 820/10000 (8%)

Train Epoch: 84 [0/60000 (0%)]	Loss: 2.413168
Train Epoch: 84 [6400/60000 (11%)]	Loss: 2.493584
Train Epoch: 84 [12800/60000 (21%)]	Loss: 2.405203
Train Epoch: 84 [19200/60000 (32%)]	Loss: 2.344226
Train Epoch: 84 [25600/60000 (43%)]	Loss: 2.369876
Train Epoch: 84 [32000/60000 (53%)]	Loss: 2.330134
Train Epoch: 84 [38400/60000 (64%)]	Loss: 2.448205
Train Epoch: 84 [44800/60000 (75%)]	Loss: 2.413735
Train Epoch: 84 [51200/60000 (85%)]	Loss: 2.416410
Train Epoch: 84 [57600/60000 (96%)]	Loss: 2.321021

Test set: Average loss: 2.3895, Accuracy: 874/10000 (9%)

Train Epoch: 85 [0/60000 (0%)]	Loss: 2.436492
Train Epoch: 85 [6400/60000 (11%)]	Loss: 2.321798
Train Epoch: 85 [12800/60000 (21%)]	Loss: 2.440853
Train Epoch: 85 [19200/60000 (32%)]	Loss: 2.418092
Train Epoch: 85 [25600/60000 (43%)]	Loss: 2.396634
Train Epoch: 85 [32000/60000 (53%)]	Loss: 2.342651
Train Epoch: 85 [38400/60000 (64%)]	Loss: 2.483480
Train Epoch: 85 [44800/60000 (75%)]	Loss: 2.351241
Train Epoch: 85 [51200/60000 (85%)]	Loss: 2.356199
Train Epoch: 85 [57600/60000 (96%)]	Loss: 2.309356

Test set: Average loss: 2.3978, Accuracy: 943/10000 (9%)

Train Epoch: 86 [0/60000 (0%)]	Loss: 2.537512
Train Epoch: 86 [6400/60000 (11%)]	Loss: 2.372337
Train Epoch: 86 [12800/60000 (21%)]	Loss: 2.420511
Train Epoch: 86 [19200/60000 (32%)]	Loss: 2.423743
Train Epoch: 86 [25600/60000 (43%)]	Loss: 2.373151
Train Epoch: 86 [32000/60000 (53%)]	Loss: 2.431427
Train Epoch: 86 [38400/60000 (64%)]	Loss: 2.358552
Train Epoch: 86 [44800/60000 (75%)]	Loss: 2.408042
Train Epoch: 86 [51200/60000 (85%)]	Loss: 2.432817
Train Epoch: 86 [57600/60000 (96%)]	Loss: 2.415510

Test set: Average loss: 2.4040, Accuracy: 924/10000 (9%)

Train Epoch: 87 [0/60000 (0%)]	Loss: 2.399138
Train Epoch: 87 [6400/60000 (11%)]	Loss: 2.377818
Train Epoch: 87 [12800/60000 (21%)]	Loss: 2.476027
Train Epoch: 87 [19200/60000 (32%)]	Loss: 2.505110
Train Epoch: 87 [25600/60000 (43%)]	Loss: 2.338972
Train Epoch: 87 [32000/60000 (53%)]	Loss: 2.507373
Train Epoch: 87 [38400/60000 (64%)]	Loss: 2.206782
Train Epoch: 87 [44800/60000 (75%)]	Loss: 2.351220
Train Epoch: 87 [51200/60000 (85%)]	Loss: 2.407839
Train Epoch: 87 [57600/60000 (96%)]	Loss: 2.469450

Test set: Average loss: 2.4053, Accuracy: 787/10000 (8%)

Train Epoch: 88 [0/60000 (0%)]	Loss: 2.368151
Train Epoch: 88 [6400/60000 (11%)]	Loss: 2.438724
Train Epoch: 88 [12800/60000 (21%)]	Loss: 2.274445
Train Epoch: 88 [19200/60000 (32%)]	Loss: 2.411528
Train Epoch: 88 [25600/60000 (43%)]	Loss: 2.467977
Train Epoch: 88 [32000/60000 (53%)]	Loss: 2.401049
Train Epoch: 88 [38400/60000 (64%)]	Loss: 2.405315
Train Epoch: 88 [44800/60000 (75%)]	Loss: 2.467084
Train Epoch: 88 [51200/60000 (85%)]	Loss: 2.337272
Train Epoch: 88 [57600/60000 (96%)]	Loss: 2.318217

Test set: Average loss: 2.3916, Accuracy: 955/10000 (10%)

Train Epoch: 89 [0/60000 (0%)]	Loss: 2.379199
Train Epoch: 89 [6400/60000 (11%)]	Loss: 2.413133
Train Epoch: 89 [12800/60000 (21%)]	Loss: 2.360090
Train Epoch: 89 [19200/60000 (32%)]	Loss: 2.254239
Train Epoch: 89 [25600/60000 (43%)]	Loss: 2.325064
Train Epoch: 89 [32000/60000 (53%)]	Loss: 2.323408
Train Epoch: 89 [38400/60000 (64%)]	Loss: 2.450691
Train Epoch: 89 [44800/60000 (75%)]	Loss: 2.334332
Train Epoch: 89 [51200/60000 (85%)]	Loss: 2.441968
Train Epoch: 89 [57600/60000 (96%)]	Loss: 2.346570

Test set: Average loss: 2.3975, Accuracy: 948/10000 (9%)

Train Epoch: 90 [0/60000 (0%)]	Loss: 2.389427
Train Epoch: 90 [6400/60000 (11%)]	Loss: 2.389950
Train Epoch: 90 [12800/60000 (21%)]	Loss: 2.317903
Train Epoch: 90 [19200/60000 (32%)]	Loss: 2.442702
Train Epoch: 90 [25600/60000 (43%)]	Loss: 2.378337
Train Epoch: 90 [32000/60000 (53%)]	Loss: 2.284333
Train Epoch: 90 [38400/60000 (64%)]	Loss: 2.467618
Train Epoch: 90 [44800/60000 (75%)]	Loss: 2.342794
Train Epoch: 90 [51200/60000 (85%)]	Loss: 2.386394
Train Epoch: 90 [57600/60000 (96%)]	Loss: 2.466855

Test set: Average loss: 2.4120, Accuracy: 899/10000 (9%)

Train Epoch: 91 [0/60000 (0%)]	Loss: 2.442905
Train Epoch: 91 [6400/60000 (11%)]	Loss: 2.366132
Train Epoch: 91 [12800/60000 (21%)]	Loss: 2.309352
Train Epoch: 91 [19200/60000 (32%)]	Loss: 2.395197
Train Epoch: 91 [25600/60000 (43%)]	Loss: 2.412205
Train Epoch: 91 [32000/60000 (53%)]	Loss: 2.351862
Train Epoch: 91 [38400/60000 (64%)]	Loss: 2.451887
Train Epoch: 91 [44800/60000 (75%)]	Loss: 2.413198
Train Epoch: 91 [51200/60000 (85%)]	Loss: 2.365321
Train Epoch: 91 [57600/60000 (96%)]	Loss: 2.430995

Test set: Average loss: 2.3936, Accuracy: 953/10000 (10%)

Train Epoch: 92 [0/60000 (0%)]	Loss: 2.316358
Train Epoch: 92 [6400/60000 (11%)]	Loss: 2.425342
Train Epoch: 92 [12800/60000 (21%)]	Loss: 2.401245
Train Epoch: 92 [19200/60000 (32%)]	Loss: 2.497435
Train Epoch: 92 [25600/60000 (43%)]	Loss: 2.451617
Train Epoch: 92 [32000/60000 (53%)]	Loss: 2.447485
Train Epoch: 92 [38400/60000 (64%)]	Loss: 2.388760
Train Epoch: 92 [44800/60000 (75%)]	Loss: 2.388344
Train Epoch: 92 [51200/60000 (85%)]	Loss: 2.284558
Train Epoch: 92 [57600/60000 (96%)]	Loss: 2.400839

Test set: Average loss: 2.4014, Accuracy: 944/10000 (9%)

Train Epoch: 93 [0/60000 (0%)]	Loss: 2.411211
Train Epoch: 93 [6400/60000 (11%)]	Loss: 2.478672
Train Epoch: 93 [12800/60000 (21%)]	Loss: 2.427505
Train Epoch: 93 [19200/60000 (32%)]	Loss: 2.323875
Train Epoch: 93 [25600/60000 (43%)]	Loss: 2.383817
Train Epoch: 93 [32000/60000 (53%)]	Loss: 2.314872
Train Epoch: 93 [38400/60000 (64%)]	Loss: 2.417296
Train Epoch: 93 [44800/60000 (75%)]	Loss: 2.356393
Train Epoch: 93 [51200/60000 (85%)]	Loss: 2.428760
Train Epoch: 93 [57600/60000 (96%)]	Loss: 2.458481

Test set: Average loss: 2.4030, Accuracy: 766/10000 (8%)

Train Epoch: 94 [0/60000 (0%)]	Loss: 2.360322
Train Epoch: 94 [6400/60000 (11%)]	Loss: 2.444877
Train Epoch: 94 [12800/60000 (21%)]	Loss: 2.330747
Train Epoch: 94 [19200/60000 (32%)]	Loss: 2.388382
Train Epoch: 94 [25600/60000 (43%)]	Loss: 2.242720
Train Epoch: 94 [32000/60000 (53%)]	Loss: 2.479632
Train Epoch: 94 [38400/60000 (64%)]	Loss: 2.330572
Train Epoch: 94 [44800/60000 (75%)]	Loss: 2.394327
Train Epoch: 94 [51200/60000 (85%)]	Loss: 2.251386
Train Epoch: 94 [57600/60000 (96%)]	Loss: 2.444745

Test set: Average loss: 2.3937, Accuracy: 960/10000 (10%)

Train Epoch: 95 [0/60000 (0%)]	Loss: 2.442075
Train Epoch: 95 [6400/60000 (11%)]	Loss: 2.420355
Train Epoch: 95 [12800/60000 (21%)]	Loss: 2.434602
Train Epoch: 95 [19200/60000 (32%)]	Loss: 2.284896
Train Epoch: 95 [25600/60000 (43%)]	Loss: 2.517334
Train Epoch: 95 [32000/60000 (53%)]	Loss: 2.350817
Train Epoch: 95 [38400/60000 (64%)]	Loss: 2.449100
Train Epoch: 95 [44800/60000 (75%)]	Loss: 2.373598
Train Epoch: 95 [51200/60000 (85%)]	Loss: 2.297878
Train Epoch: 95 [57600/60000 (96%)]	Loss: 2.464837

Test set: Average loss: 2.3934, Accuracy: 945/10000 (9%)

Train Epoch: 96 [0/60000 (0%)]	Loss: 2.307905
Train Epoch: 96 [6400/60000 (11%)]	Loss: 2.361839
Train Epoch: 96 [12800/60000 (21%)]	Loss: 2.405769
Train Epoch: 96 [19200/60000 (32%)]	Loss: 2.321027
Train Epoch: 96 [25600/60000 (43%)]	Loss: 2.350395
Train Epoch: 96 [32000/60000 (53%)]	Loss: 2.275101
Train Epoch: 96 [38400/60000 (64%)]	Loss: 2.426442
Train Epoch: 96 [44800/60000 (75%)]	Loss: 2.488358
Train Epoch: 96 [51200/60000 (85%)]	Loss: 2.359993
Train Epoch: 96 [57600/60000 (96%)]	Loss: 2.378948

Test set: Average loss: 2.4107, Accuracy: 910/10000 (9%)

Train Epoch: 97 [0/60000 (0%)]	Loss: 2.353375
Train Epoch: 97 [6400/60000 (11%)]	Loss: 2.413368
Train Epoch: 97 [12800/60000 (21%)]	Loss: 2.456785
Train Epoch: 97 [19200/60000 (32%)]	Loss: 2.464783
Train Epoch: 97 [25600/60000 (43%)]	Loss: 2.386181
Train Epoch: 97 [32000/60000 (53%)]	Loss: 2.391601
Train Epoch: 97 [38400/60000 (64%)]	Loss: 2.432277
Train Epoch: 97 [44800/60000 (75%)]	Loss: 2.468086
Train Epoch: 97 [51200/60000 (85%)]	Loss: 2.465092
Train Epoch: 97 [57600/60000 (96%)]	Loss: 2.352437

Test set: Average loss: 2.3974, Accuracy: 990/10000 (10%)

Train Epoch: 98 [0/60000 (0%)]	Loss: 2.421690
Train Epoch: 98 [6400/60000 (11%)]	Loss: 2.404242
Train Epoch: 98 [12800/60000 (21%)]	Loss: 2.415103
Train Epoch: 98 [19200/60000 (32%)]	Loss: 2.244325
Train Epoch: 98 [25600/60000 (43%)]	Loss: 2.352997
Train Epoch: 98 [32000/60000 (53%)]	Loss: 2.423973
Train Epoch: 98 [38400/60000 (64%)]	Loss: 2.384900
Train Epoch: 98 [44800/60000 (75%)]	Loss: 2.323790
Train Epoch: 98 [51200/60000 (85%)]	Loss: 2.374799
Train Epoch: 98 [57600/60000 (96%)]	Loss: 2.419370

Test set: Average loss: 2.3866, Accuracy: 878/10000 (9%)

Train Epoch: 99 [0/60000 (0%)]	Loss: 2.337382
Train Epoch: 99 [6400/60000 (11%)]	Loss: 2.329101
Train Epoch: 99 [12800/60000 (21%)]	Loss: 2.433895
Train Epoch: 99 [19200/60000 (32%)]	Loss: 2.352823
Train Epoch: 99 [25600/60000 (43%)]	Loss: 2.415659
Train Epoch: 99 [32000/60000 (53%)]	Loss: 2.513279
Train Epoch: 99 [38400/60000 (64%)]	Loss: 2.411538
Train Epoch: 99 [44800/60000 (75%)]	Loss: 2.338394
Train Epoch: 99 [51200/60000 (85%)]	Loss: 2.304090
Train Epoch: 99 [57600/60000 (96%)]	Loss: 2.406397

Test set: Average loss: 2.4057, Accuracy: 881/10000 (9%)

Train Epoch: 100 [0/60000 (0%)]	Loss: 2.557066
Train Epoch: 100 [6400/60000 (11%)]	Loss: 2.321909
Train Epoch: 100 [12800/60000 (21%)]	Loss: 2.350147
Train Epoch: 100 [19200/60000 (32%)]	Loss: 2.423275
Train Epoch: 100 [25600/60000 (43%)]	Loss: 2.450615
Train Epoch: 100 [32000/60000 (53%)]	Loss: 2.240684
Train Epoch: 100 [38400/60000 (64%)]	Loss: 2.380558
Train Epoch: 100 [44800/60000 (75%)]	Loss: 2.459706
Train Epoch: 100 [51200/60000 (85%)]	Loss: 2.277720
Train Epoch: 100 [57600/60000 (96%)]	Loss: 2.435432

Test set: Average loss: 2.4074, Accuracy: 889/10000 (9%)

Namespace(batch_size=64, bias=None, data='../data', device=0, epochs=100, hidden_size=500, load_weights='../base3/lenet5/lenet5_e100_h500.pt', log_interval=100, lr=0.01, milestones=[5, 7], model='prunelenet5', momentum=0.9, no_cuda=False, r=5, save_model=None, save_results=True, scheduler='cosine', seed=1, sparsity=0.02, use_relu=False, wd=0.0005)


Total time spent pruning/training: 29.51 minutes
Total number of parameters in model: 300414
Number of parameters in pruned model: 294457
