Namespace(batch_size=64, bias=None, data='../data', device=0, epochs=100, hidden_size=500, load_weights='../base3/lenet5/lenet5_e100_h500.pt', log_interval=100, lr=0.01, milestones=[5, 7], model='prunelenet5', momentum=0.9, no_cuda=False, r=5, save_model=None, save_results=True, scheduler='cosine', seed=1, sparsity=0.05, use_relu=False, wd=0.0005) 

Training a Pruned LeNet5 network ...
Train Epoch: 1 [0/60000 (0%)]	Loss: 2.445510
Train Epoch: 1 [6400/60000 (11%)]	Loss: 1.757903
Train Epoch: 1 [12800/60000 (21%)]	Loss: 1.489185
Train Epoch: 1 [19200/60000 (32%)]	Loss: 1.289912
Train Epoch: 1 [25600/60000 (43%)]	Loss: 1.227498
Train Epoch: 1 [32000/60000 (53%)]	Loss: 1.171425
Train Epoch: 1 [38400/60000 (64%)]	Loss: 0.951703
Train Epoch: 1 [44800/60000 (75%)]	Loss: 0.975839
Train Epoch: 1 [51200/60000 (85%)]	Loss: 0.934806
Train Epoch: 1 [57600/60000 (96%)]	Loss: 0.799848

Test set: Average loss: 0.7548, Accuracy: 8509/10000 (85%)

Train Epoch: 2 [0/60000 (0%)]	Loss: 0.826658
Train Epoch: 2 [6400/60000 (11%)]	Loss: 0.692597
Train Epoch: 2 [12800/60000 (21%)]	Loss: 0.853811
Train Epoch: 2 [19200/60000 (32%)]	Loss: 0.634066
Train Epoch: 2 [25600/60000 (43%)]	Loss: 0.496787
Train Epoch: 2 [32000/60000 (53%)]	Loss: 0.647042
Train Epoch: 2 [38400/60000 (64%)]	Loss: 0.653955
Train Epoch: 2 [44800/60000 (75%)]	Loss: 0.584942
Train Epoch: 2 [51200/60000 (85%)]	Loss: 0.583616
Train Epoch: 2 [57600/60000 (96%)]	Loss: 0.538275

Test set: Average loss: 0.5230, Accuracy: 8853/10000 (89%)

Train Epoch: 3 [0/60000 (0%)]	Loss: 0.488580
Train Epoch: 3 [6400/60000 (11%)]	Loss: 0.466348
Train Epoch: 3 [12800/60000 (21%)]	Loss: 0.493110
Train Epoch: 3 [19200/60000 (32%)]	Loss: 0.519534
Train Epoch: 3 [25600/60000 (43%)]	Loss: 0.602367
Train Epoch: 3 [32000/60000 (53%)]	Loss: 0.469786
Train Epoch: 3 [38400/60000 (64%)]	Loss: 0.506906
Train Epoch: 3 [44800/60000 (75%)]	Loss: 0.442217
Train Epoch: 3 [51200/60000 (85%)]	Loss: 0.474030
Train Epoch: 3 [57600/60000 (96%)]	Loss: 0.462920

Test set: Average loss: 0.4703, Accuracy: 8910/10000 (89%)

Train Epoch: 4 [0/60000 (0%)]	Loss: 0.523182
Train Epoch: 4 [6400/60000 (11%)]	Loss: 0.491799
Train Epoch: 4 [12800/60000 (21%)]	Loss: 0.432518
Train Epoch: 4 [19200/60000 (32%)]	Loss: 0.456968
Train Epoch: 4 [25600/60000 (43%)]	Loss: 0.429059
Train Epoch: 4 [32000/60000 (53%)]	Loss: 0.646658
Train Epoch: 4 [38400/60000 (64%)]	Loss: 0.663301
Train Epoch: 4 [44800/60000 (75%)]	Loss: 0.374087
Train Epoch: 4 [51200/60000 (85%)]	Loss: 0.594481
Train Epoch: 4 [57600/60000 (96%)]	Loss: 0.502780

Test set: Average loss: 0.5787, Accuracy: 8328/10000 (83%)

Train Epoch: 5 [0/60000 (0%)]	Loss: 0.604475
Train Epoch: 5 [6400/60000 (11%)]	Loss: 0.414991
Train Epoch: 5 [12800/60000 (21%)]	Loss: 0.589547
Train Epoch: 5 [19200/60000 (32%)]	Loss: 0.544075
Train Epoch: 5 [25600/60000 (43%)]	Loss: 0.530691
Train Epoch: 5 [32000/60000 (53%)]	Loss: 0.640995
Train Epoch: 5 [38400/60000 (64%)]	Loss: 0.692698
Train Epoch: 5 [44800/60000 (75%)]	Loss: 0.638794
Train Epoch: 5 [51200/60000 (85%)]	Loss: 0.680037
Train Epoch: 5 [57600/60000 (96%)]	Loss: 0.519235

Test set: Average loss: 0.7642, Accuracy: 7550/10000 (76%)

Train Epoch: 6 [0/60000 (0%)]	Loss: 0.751642
Train Epoch: 6 [6400/60000 (11%)]	Loss: 0.774197
Train Epoch: 6 [12800/60000 (21%)]	Loss: 0.688950
Train Epoch: 6 [19200/60000 (32%)]	Loss: 0.909320
Train Epoch: 6 [25600/60000 (43%)]	Loss: 0.717543
Train Epoch: 6 [32000/60000 (53%)]	Loss: 0.854778
Train Epoch: 6 [38400/60000 (64%)]	Loss: 0.706779
Train Epoch: 6 [44800/60000 (75%)]	Loss: 0.888665
Train Epoch: 6 [51200/60000 (85%)]	Loss: 0.803523
Train Epoch: 6 [57600/60000 (96%)]	Loss: 0.814977

Test set: Average loss: 0.9488, Accuracy: 6769/10000 (68%)

Train Epoch: 7 [0/60000 (0%)]	Loss: 0.954532
Train Epoch: 7 [6400/60000 (11%)]	Loss: 0.771513
Train Epoch: 7 [12800/60000 (21%)]	Loss: 0.919803
Train Epoch: 7 [19200/60000 (32%)]	Loss: 0.881570
Train Epoch: 7 [25600/60000 (43%)]	Loss: 0.889165
Train Epoch: 7 [32000/60000 (53%)]	Loss: 0.888379
Train Epoch: 7 [38400/60000 (64%)]	Loss: 0.670695
Train Epoch: 7 [44800/60000 (75%)]	Loss: 0.808215
Train Epoch: 7 [51200/60000 (85%)]	Loss: 0.999812
Train Epoch: 7 [57600/60000 (96%)]	Loss: 1.083632

Test set: Average loss: 1.1299, Accuracy: 5993/10000 (60%)

Train Epoch: 8 [0/60000 (0%)]	Loss: 1.062588
Train Epoch: 8 [6400/60000 (11%)]	Loss: 1.043020
Train Epoch: 8 [12800/60000 (21%)]	Loss: 0.826468
Train Epoch: 8 [19200/60000 (32%)]	Loss: 1.107414
Train Epoch: 8 [25600/60000 (43%)]	Loss: 0.862957
Train Epoch: 8 [32000/60000 (53%)]	Loss: 0.973216
Train Epoch: 8 [38400/60000 (64%)]	Loss: 0.863247
Train Epoch: 8 [44800/60000 (75%)]	Loss: 1.062300
Train Epoch: 8 [51200/60000 (85%)]	Loss: 1.093788
Train Epoch: 8 [57600/60000 (96%)]	Loss: 1.118008

Test set: Average loss: 1.0534, Accuracy: 6743/10000 (67%)

Train Epoch: 9 [0/60000 (0%)]	Loss: 1.080604
Train Epoch: 9 [6400/60000 (11%)]	Loss: 0.932705
Train Epoch: 9 [12800/60000 (21%)]	Loss: 1.268108
Train Epoch: 9 [19200/60000 (32%)]	Loss: 0.932737
Train Epoch: 9 [25600/60000 (43%)]	Loss: 0.997183
Train Epoch: 9 [32000/60000 (53%)]	Loss: 1.334499
Train Epoch: 9 [38400/60000 (64%)]	Loss: 1.230568
Train Epoch: 9 [44800/60000 (75%)]	Loss: 1.021942
Train Epoch: 9 [51200/60000 (85%)]	Loss: 1.216978
Train Epoch: 9 [57600/60000 (96%)]	Loss: 1.155523

Test set: Average loss: 1.2634, Accuracy: 6233/10000 (62%)

Train Epoch: 10 [0/60000 (0%)]	Loss: 1.180320
Train Epoch: 10 [6400/60000 (11%)]	Loss: 1.079743
Train Epoch: 10 [12800/60000 (21%)]	Loss: 1.230868
Train Epoch: 10 [19200/60000 (32%)]	Loss: 1.130237
Train Epoch: 10 [25600/60000 (43%)]	Loss: 1.384863
Train Epoch: 10 [32000/60000 (53%)]	Loss: 1.019673
Train Epoch: 10 [38400/60000 (64%)]	Loss: 1.244345
Train Epoch: 10 [44800/60000 (75%)]	Loss: 1.201983
Train Epoch: 10 [51200/60000 (85%)]	Loss: 1.085634
Train Epoch: 10 [57600/60000 (96%)]	Loss: 1.233104

Test set: Average loss: 1.2802, Accuracy: 6061/10000 (61%)

Train Epoch: 11 [0/60000 (0%)]	Loss: 1.385178
Train Epoch: 11 [6400/60000 (11%)]	Loss: 1.187141
Train Epoch: 11 [12800/60000 (21%)]	Loss: 1.195429
Train Epoch: 11 [19200/60000 (32%)]	Loss: 1.290839
Train Epoch: 11 [25600/60000 (43%)]	Loss: 1.248052
Train Epoch: 11 [32000/60000 (53%)]	Loss: 1.269830
Train Epoch: 11 [38400/60000 (64%)]	Loss: 1.331682
Train Epoch: 11 [44800/60000 (75%)]	Loss: 1.296368
Train Epoch: 11 [51200/60000 (85%)]	Loss: 1.310160
Train Epoch: 11 [57600/60000 (96%)]	Loss: 1.282374

Test set: Average loss: 1.3346, Accuracy: 5661/10000 (57%)

Train Epoch: 12 [0/60000 (0%)]	Loss: 1.149065
Train Epoch: 12 [6400/60000 (11%)]	Loss: 1.565593
Train Epoch: 12 [12800/60000 (21%)]	Loss: 1.285762
Train Epoch: 12 [19200/60000 (32%)]	Loss: 1.295724
Train Epoch: 12 [25600/60000 (43%)]	Loss: 1.310070
Train Epoch: 12 [32000/60000 (53%)]	Loss: 1.389762
Train Epoch: 12 [38400/60000 (64%)]	Loss: 1.418835
Train Epoch: 12 [44800/60000 (75%)]	Loss: 1.285871
Train Epoch: 12 [51200/60000 (85%)]	Loss: 1.258475
Train Epoch: 12 [57600/60000 (96%)]	Loss: 1.471894

Test set: Average loss: 1.3556, Accuracy: 7242/10000 (72%)

Train Epoch: 13 [0/60000 (0%)]	Loss: 1.296436
Train Epoch: 13 [6400/60000 (11%)]	Loss: 1.310927
Train Epoch: 13 [12800/60000 (21%)]	Loss: 1.324570
Train Epoch: 13 [19200/60000 (32%)]	Loss: 1.507990
Train Epoch: 13 [25600/60000 (43%)]	Loss: 1.388016
Train Epoch: 13 [32000/60000 (53%)]	Loss: 1.551741
Train Epoch: 13 [38400/60000 (64%)]	Loss: 1.338650
Train Epoch: 13 [44800/60000 (75%)]	Loss: 1.411659
Train Epoch: 13 [51200/60000 (85%)]	Loss: 1.244999
Train Epoch: 13 [57600/60000 (96%)]	Loss: 1.430884

Test set: Average loss: 1.5451, Accuracy: 4965/10000 (50%)

Train Epoch: 14 [0/60000 (0%)]	Loss: 1.569084
Train Epoch: 14 [6400/60000 (11%)]	Loss: 1.283241
Train Epoch: 14 [12800/60000 (21%)]	Loss: 1.491333
Train Epoch: 14 [19200/60000 (32%)]	Loss: 1.542355
Train Epoch: 14 [25600/60000 (43%)]	Loss: 1.423364
Train Epoch: 14 [32000/60000 (53%)]	Loss: 1.423346
Train Epoch: 14 [38400/60000 (64%)]	Loss: 1.501666
Train Epoch: 14 [44800/60000 (75%)]	Loss: 1.500493
Train Epoch: 14 [51200/60000 (85%)]	Loss: 1.471845
Train Epoch: 14 [57600/60000 (96%)]	Loss: 1.450884

Test set: Average loss: 1.5236, Accuracy: 5882/10000 (59%)

Train Epoch: 15 [0/60000 (0%)]	Loss: 1.523764
Train Epoch: 15 [6400/60000 (11%)]	Loss: 1.339827
Train Epoch: 15 [12800/60000 (21%)]	Loss: 1.442210
Train Epoch: 15 [19200/60000 (32%)]	Loss: 1.572426
Train Epoch: 15 [25600/60000 (43%)]	Loss: 1.501929
Train Epoch: 15 [32000/60000 (53%)]	Loss: 1.494812
Train Epoch: 15 [38400/60000 (64%)]	Loss: 1.718588
Train Epoch: 15 [44800/60000 (75%)]	Loss: 1.443171
Train Epoch: 15 [51200/60000 (85%)]	Loss: 1.475855
Train Epoch: 15 [57600/60000 (96%)]	Loss: 1.417989

Test set: Average loss: 1.5794, Accuracy: 5413/10000 (54%)

Train Epoch: 16 [0/60000 (0%)]	Loss: 1.492032
Train Epoch: 16 [6400/60000 (11%)]	Loss: 1.756030
Train Epoch: 16 [12800/60000 (21%)]	Loss: 1.416341
Train Epoch: 16 [19200/60000 (32%)]	Loss: 1.392264
Train Epoch: 16 [25600/60000 (43%)]	Loss: 1.525388
Train Epoch: 16 [32000/60000 (53%)]	Loss: 1.557779
Train Epoch: 16 [38400/60000 (64%)]	Loss: 1.517031
Train Epoch: 16 [44800/60000 (75%)]	Loss: 1.587355
Train Epoch: 16 [51200/60000 (85%)]	Loss: 1.611007
Train Epoch: 16 [57600/60000 (96%)]	Loss: 1.508372

Test set: Average loss: 1.5935, Accuracy: 5104/10000 (51%)

Train Epoch: 17 [0/60000 (0%)]	Loss: 1.562139
Train Epoch: 17 [6400/60000 (11%)]	Loss: 1.698681
Train Epoch: 17 [12800/60000 (21%)]	Loss: 1.612490
Train Epoch: 17 [19200/60000 (32%)]	Loss: 1.583346
Train Epoch: 17 [25600/60000 (43%)]	Loss: 1.633989
Train Epoch: 17 [32000/60000 (53%)]	Loss: 1.542971
Train Epoch: 17 [38400/60000 (64%)]	Loss: 1.606476
Train Epoch: 17 [44800/60000 (75%)]	Loss: 1.543531
Train Epoch: 17 [51200/60000 (85%)]	Loss: 1.578297
Train Epoch: 17 [57600/60000 (96%)]	Loss: 1.572371

Test set: Average loss: 1.6558, Accuracy: 4801/10000 (48%)

Train Epoch: 18 [0/60000 (0%)]	Loss: 1.780631
Train Epoch: 18 [6400/60000 (11%)]	Loss: 1.736455
Train Epoch: 18 [12800/60000 (21%)]	Loss: 1.575876
Train Epoch: 18 [19200/60000 (32%)]	Loss: 1.601980
Train Epoch: 18 [25600/60000 (43%)]	Loss: 1.421993
Train Epoch: 18 [32000/60000 (53%)]	Loss: 1.694021
Train Epoch: 18 [38400/60000 (64%)]	Loss: 1.726543
Train Epoch: 18 [44800/60000 (75%)]	Loss: 1.659964
Train Epoch: 18 [51200/60000 (85%)]	Loss: 1.735524
Train Epoch: 18 [57600/60000 (96%)]	Loss: 1.677499

Test set: Average loss: 1.6317, Accuracy: 5870/10000 (59%)

Train Epoch: 19 [0/60000 (0%)]	Loss: 1.669373
Train Epoch: 19 [6400/60000 (11%)]	Loss: 1.621633
Train Epoch: 19 [12800/60000 (21%)]	Loss: 1.693461
Train Epoch: 19 [19200/60000 (32%)]	Loss: 1.681879
Train Epoch: 19 [25600/60000 (43%)]	Loss: 1.796043
Train Epoch: 19 [32000/60000 (53%)]	Loss: 1.571758
Train Epoch: 19 [38400/60000 (64%)]	Loss: 1.721487
Train Epoch: 19 [44800/60000 (75%)]	Loss: 1.760854
Train Epoch: 19 [51200/60000 (85%)]	Loss: 1.707261
Train Epoch: 19 [57600/60000 (96%)]	Loss: 1.489964

Test set: Average loss: 1.7062, Accuracy: 4938/10000 (49%)

Train Epoch: 20 [0/60000 (0%)]	Loss: 1.823475
Train Epoch: 20 [6400/60000 (11%)]	Loss: 1.770047
Train Epoch: 20 [12800/60000 (21%)]	Loss: 1.764689
Train Epoch: 20 [19200/60000 (32%)]	Loss: 1.621060
Train Epoch: 20 [25600/60000 (43%)]	Loss: 1.706697
Train Epoch: 20 [32000/60000 (53%)]	Loss: 1.686766
Train Epoch: 20 [38400/60000 (64%)]	Loss: 1.644752
Train Epoch: 20 [44800/60000 (75%)]	Loss: 1.728661
Train Epoch: 20 [51200/60000 (85%)]	Loss: 1.730141
Train Epoch: 20 [57600/60000 (96%)]	Loss: 1.762174

Test set: Average loss: 1.7126, Accuracy: 5387/10000 (54%)

Train Epoch: 21 [0/60000 (0%)]	Loss: 1.720520
Train Epoch: 21 [6400/60000 (11%)]	Loss: 1.652652
Train Epoch: 21 [12800/60000 (21%)]	Loss: 1.739790
Train Epoch: 21 [19200/60000 (32%)]	Loss: 1.733471
Train Epoch: 21 [25600/60000 (43%)]	Loss: 1.771079
Train Epoch: 21 [32000/60000 (53%)]	Loss: 1.720451
Train Epoch: 21 [38400/60000 (64%)]	Loss: 1.748249
Train Epoch: 21 [44800/60000 (75%)]	Loss: 1.660394
Train Epoch: 21 [51200/60000 (85%)]	Loss: 1.757961
Train Epoch: 21 [57600/60000 (96%)]	Loss: 1.787463

Test set: Average loss: 1.7363, Accuracy: 5944/10000 (59%)

Train Epoch: 22 [0/60000 (0%)]	Loss: 1.823679
Train Epoch: 22 [6400/60000 (11%)]	Loss: 1.807137
Train Epoch: 22 [12800/60000 (21%)]	Loss: 1.530819
Train Epoch: 22 [19200/60000 (32%)]	Loss: 1.724561
Train Epoch: 22 [25600/60000 (43%)]	Loss: 1.833779
Train Epoch: 22 [32000/60000 (53%)]	Loss: 1.730501
Train Epoch: 22 [38400/60000 (64%)]	Loss: 1.647334
Train Epoch: 22 [44800/60000 (75%)]	Loss: 1.779433
Train Epoch: 22 [51200/60000 (85%)]	Loss: 1.801817
Train Epoch: 22 [57600/60000 (96%)]	Loss: 1.778187

Test set: Average loss: 1.7527, Accuracy: 5081/10000 (51%)

Train Epoch: 23 [0/60000 (0%)]	Loss: 1.816274
Train Epoch: 23 [6400/60000 (11%)]	Loss: 1.885361
Train Epoch: 23 [12800/60000 (21%)]	Loss: 1.738019
Train Epoch: 23 [19200/60000 (32%)]	Loss: 1.718329
Train Epoch: 23 [25600/60000 (43%)]	Loss: 1.747264
Train Epoch: 23 [32000/60000 (53%)]	Loss: 1.811667
Train Epoch: 23 [38400/60000 (64%)]	Loss: 1.810611
Train Epoch: 23 [44800/60000 (75%)]	Loss: 1.818213
Train Epoch: 23 [51200/60000 (85%)]	Loss: 1.741259
Train Epoch: 23 [57600/60000 (96%)]	Loss: 1.840081

Test set: Average loss: 1.7773, Accuracy: 4783/10000 (48%)

Train Epoch: 24 [0/60000 (0%)]	Loss: 1.855354
Train Epoch: 24 [6400/60000 (11%)]	Loss: 1.788565
Train Epoch: 24 [12800/60000 (21%)]	Loss: 1.845505
Train Epoch: 24 [19200/60000 (32%)]	Loss: 1.855406
Train Epoch: 24 [25600/60000 (43%)]	Loss: 1.847057
Train Epoch: 24 [32000/60000 (53%)]	Loss: 1.781291
Train Epoch: 24 [38400/60000 (64%)]	Loss: 1.756143
Train Epoch: 24 [44800/60000 (75%)]	Loss: 1.749327
Train Epoch: 24 [51200/60000 (85%)]	Loss: 1.752605
Train Epoch: 24 [57600/60000 (96%)]	Loss: 1.766928

Test set: Average loss: 1.7925, Accuracy: 5152/10000 (52%)

Train Epoch: 25 [0/60000 (0%)]	Loss: 1.851159
Train Epoch: 25 [6400/60000 (11%)]	Loss: 1.849564
Train Epoch: 25 [12800/60000 (21%)]	Loss: 1.872591
Train Epoch: 25 [19200/60000 (32%)]	Loss: 1.756304
Train Epoch: 25 [25600/60000 (43%)]	Loss: 1.806838
Train Epoch: 25 [32000/60000 (53%)]	Loss: 1.835151
Train Epoch: 25 [38400/60000 (64%)]	Loss: 1.795804
Train Epoch: 25 [44800/60000 (75%)]	Loss: 1.878461
Train Epoch: 25 [51200/60000 (85%)]	Loss: 1.811412
Train Epoch: 25 [57600/60000 (96%)]	Loss: 1.684454

Test set: Average loss: 1.7841, Accuracy: 5344/10000 (53%)

Train Epoch: 26 [0/60000 (0%)]	Loss: 1.810082
Train Epoch: 26 [6400/60000 (11%)]	Loss: 1.803025
Train Epoch: 26 [12800/60000 (21%)]	Loss: 1.876662
Train Epoch: 26 [19200/60000 (32%)]	Loss: 1.743199
Train Epoch: 26 [25600/60000 (43%)]	Loss: 1.963465
Train Epoch: 26 [32000/60000 (53%)]	Loss: 1.916997
Train Epoch: 26 [38400/60000 (64%)]	Loss: 1.793115
Train Epoch: 26 [44800/60000 (75%)]	Loss: 1.766152
Train Epoch: 26 [51200/60000 (85%)]	Loss: 1.770803
Train Epoch: 26 [57600/60000 (96%)]	Loss: 1.872319

Test set: Average loss: 1.8038, Accuracy: 5555/10000 (56%)

Train Epoch: 27 [0/60000 (0%)]	Loss: 1.784944
Train Epoch: 27 [6400/60000 (11%)]	Loss: 1.887300
Train Epoch: 27 [12800/60000 (21%)]	Loss: 1.846869
Train Epoch: 27 [19200/60000 (32%)]	Loss: 1.763974
Train Epoch: 27 [25600/60000 (43%)]	Loss: 1.802071
Train Epoch: 27 [32000/60000 (53%)]	Loss: 1.910249
Train Epoch: 27 [38400/60000 (64%)]	Loss: 1.953660
Train Epoch: 27 [44800/60000 (75%)]	Loss: 1.918440
Train Epoch: 27 [51200/60000 (85%)]	Loss: 1.794229
Train Epoch: 27 [57600/60000 (96%)]	Loss: 1.830829

Test set: Average loss: 1.8635, Accuracy: 4512/10000 (45%)

Train Epoch: 28 [0/60000 (0%)]	Loss: 1.975095
Train Epoch: 28 [6400/60000 (11%)]	Loss: 1.939256
Train Epoch: 28 [12800/60000 (21%)]	Loss: 1.952605
Train Epoch: 28 [19200/60000 (32%)]	Loss: 1.899590
Train Epoch: 28 [25600/60000 (43%)]	Loss: 1.729940
Train Epoch: 28 [32000/60000 (53%)]	Loss: 1.921894
Train Epoch: 28 [38400/60000 (64%)]	Loss: 1.955452
Train Epoch: 28 [44800/60000 (75%)]	Loss: 1.919237
Train Epoch: 28 [51200/60000 (85%)]	Loss: 1.781302
Train Epoch: 28 [57600/60000 (96%)]	Loss: 1.839382

Test set: Average loss: 1.8973, Accuracy: 5008/10000 (50%)

Train Epoch: 29 [0/60000 (0%)]	Loss: 1.955455
Train Epoch: 29 [6400/60000 (11%)]	Loss: 1.870418
Train Epoch: 29 [12800/60000 (21%)]	Loss: 1.899717
Train Epoch: 29 [19200/60000 (32%)]	Loss: 1.911573
Train Epoch: 29 [25600/60000 (43%)]	Loss: 1.912758
Train Epoch: 29 [32000/60000 (53%)]	Loss: 1.915545
Train Epoch: 29 [38400/60000 (64%)]	Loss: 1.931211
Train Epoch: 29 [44800/60000 (75%)]	Loss: 1.927271
Train Epoch: 29 [51200/60000 (85%)]	Loss: 1.826678
Train Epoch: 29 [57600/60000 (96%)]	Loss: 1.903455

Test set: Average loss: 1.8655, Accuracy: 4940/10000 (49%)

Train Epoch: 30 [0/60000 (0%)]	Loss: 1.943811
Train Epoch: 30 [6400/60000 (11%)]	Loss: 1.767043
Train Epoch: 30 [12800/60000 (21%)]	Loss: 1.863810
Train Epoch: 30 [19200/60000 (32%)]	Loss: 1.902029
Train Epoch: 30 [25600/60000 (43%)]	Loss: 1.772919
Train Epoch: 30 [32000/60000 (53%)]	Loss: 1.929875
Train Epoch: 30 [38400/60000 (64%)]	Loss: 1.860348
Train Epoch: 30 [44800/60000 (75%)]	Loss: 1.928846
Train Epoch: 30 [51200/60000 (85%)]	Loss: 1.857491
Train Epoch: 30 [57600/60000 (96%)]	Loss: 1.806357

Test set: Average loss: 1.9342, Accuracy: 3713/10000 (37%)

Train Epoch: 31 [0/60000 (0%)]	Loss: 1.916983
Train Epoch: 31 [6400/60000 (11%)]	Loss: 1.903360
Train Epoch: 31 [12800/60000 (21%)]	Loss: 1.921072
Train Epoch: 31 [19200/60000 (32%)]	Loss: 1.795851
Train Epoch: 31 [25600/60000 (43%)]	Loss: 1.909030
Train Epoch: 31 [32000/60000 (53%)]	Loss: 1.838135
Train Epoch: 31 [38400/60000 (64%)]	Loss: 2.114349
Train Epoch: 31 [44800/60000 (75%)]	Loss: 1.891226
Train Epoch: 31 [51200/60000 (85%)]	Loss: 1.990137
Train Epoch: 31 [57600/60000 (96%)]	Loss: 1.964023

Test set: Average loss: 1.9286, Accuracy: 3914/10000 (39%)

Train Epoch: 32 [0/60000 (0%)]	Loss: 1.937888
Train Epoch: 32 [6400/60000 (11%)]	Loss: 1.963087
Train Epoch: 32 [12800/60000 (21%)]	Loss: 1.801673
Train Epoch: 32 [19200/60000 (32%)]	Loss: 1.849925
Train Epoch: 32 [25600/60000 (43%)]	Loss: 1.922375
Train Epoch: 32 [32000/60000 (53%)]	Loss: 2.025215
Train Epoch: 32 [38400/60000 (64%)]	Loss: 1.937636
Train Epoch: 32 [44800/60000 (75%)]	Loss: 1.879798
Train Epoch: 32 [51200/60000 (85%)]	Loss: 1.911865
Train Epoch: 32 [57600/60000 (96%)]	Loss: 1.862951

Test set: Average loss: 1.9078, Accuracy: 4667/10000 (47%)

Train Epoch: 33 [0/60000 (0%)]	Loss: 1.927186
Train Epoch: 33 [6400/60000 (11%)]	Loss: 1.915878
Train Epoch: 33 [12800/60000 (21%)]	Loss: 1.919787
Train Epoch: 33 [19200/60000 (32%)]	Loss: 1.966385
Train Epoch: 33 [25600/60000 (43%)]	Loss: 1.938228
Train Epoch: 33 [32000/60000 (53%)]	Loss: 2.056920
Train Epoch: 33 [38400/60000 (64%)]	Loss: 1.889387
Train Epoch: 33 [44800/60000 (75%)]	Loss: 1.941383
Train Epoch: 33 [51200/60000 (85%)]	Loss: 1.887599
Train Epoch: 33 [57600/60000 (96%)]	Loss: 1.894613

Test set: Average loss: 1.9400, Accuracy: 4015/10000 (40%)

Train Epoch: 34 [0/60000 (0%)]	Loss: 1.910751
Train Epoch: 34 [6400/60000 (11%)]	Loss: 1.903178
Train Epoch: 34 [12800/60000 (21%)]	Loss: 1.923495
Train Epoch: 34 [19200/60000 (32%)]	Loss: 1.885914
Train Epoch: 34 [25600/60000 (43%)]	Loss: 1.867675
Train Epoch: 34 [32000/60000 (53%)]	Loss: 1.854782
Train Epoch: 34 [38400/60000 (64%)]	Loss: 1.859316
Train Epoch: 34 [44800/60000 (75%)]	Loss: 1.918669
Train Epoch: 34 [51200/60000 (85%)]	Loss: 2.064226
Train Epoch: 34 [57600/60000 (96%)]	Loss: 1.917894

Test set: Average loss: 1.9286, Accuracy: 4797/10000 (48%)

Train Epoch: 35 [0/60000 (0%)]	Loss: 1.990328
Train Epoch: 35 [6400/60000 (11%)]	Loss: 1.965794
Train Epoch: 35 [12800/60000 (21%)]	Loss: 1.911766
Train Epoch: 35 [19200/60000 (32%)]	Loss: 1.885896
Train Epoch: 35 [25600/60000 (43%)]	Loss: 1.983021
Train Epoch: 35 [32000/60000 (53%)]	Loss: 1.917671
Train Epoch: 35 [38400/60000 (64%)]	Loss: 1.885364
Train Epoch: 35 [44800/60000 (75%)]	Loss: 1.940626
Train Epoch: 35 [51200/60000 (85%)]	Loss: 2.061402
Train Epoch: 35 [57600/60000 (96%)]	Loss: 1.995180

Test set: Average loss: 1.9402, Accuracy: 4690/10000 (47%)

Train Epoch: 36 [0/60000 (0%)]	Loss: 1.983466
Train Epoch: 36 [6400/60000 (11%)]	Loss: 1.920902
Train Epoch: 36 [12800/60000 (21%)]	Loss: 1.857648
Train Epoch: 36 [19200/60000 (32%)]	Loss: 2.061371
Train Epoch: 36 [25600/60000 (43%)]	Loss: 2.016406
Train Epoch: 36 [32000/60000 (53%)]	Loss: 2.079356
Train Epoch: 36 [38400/60000 (64%)]	Loss: 2.015397
Train Epoch: 36 [44800/60000 (75%)]	Loss: 1.857911
Train Epoch: 36 [51200/60000 (85%)]	Loss: 2.029154
Train Epoch: 36 [57600/60000 (96%)]	Loss: 2.038779

Test set: Average loss: 1.9449, Accuracy: 4146/10000 (41%)

Train Epoch: 37 [0/60000 (0%)]	Loss: 1.998091
Train Epoch: 37 [6400/60000 (11%)]	Loss: 2.120953
Train Epoch: 37 [12800/60000 (21%)]	Loss: 1.858090
Train Epoch: 37 [19200/60000 (32%)]	Loss: 2.098649
Train Epoch: 37 [25600/60000 (43%)]	Loss: 2.002874
Train Epoch: 37 [32000/60000 (53%)]	Loss: 1.986165
Train Epoch: 37 [38400/60000 (64%)]	Loss: 1.978076
Train Epoch: 37 [44800/60000 (75%)]	Loss: 1.982613
Train Epoch: 37 [51200/60000 (85%)]	Loss: 1.939944
Train Epoch: 37 [57600/60000 (96%)]	Loss: 2.025291

Test set: Average loss: 1.9779, Accuracy: 4357/10000 (44%)

Train Epoch: 38 [0/60000 (0%)]	Loss: 1.969812
Train Epoch: 38 [6400/60000 (11%)]	Loss: 1.963673
Train Epoch: 38 [12800/60000 (21%)]	Loss: 1.913680
Train Epoch: 38 [19200/60000 (32%)]	Loss: 1.875592
Train Epoch: 38 [25600/60000 (43%)]	Loss: 1.901433
Train Epoch: 38 [32000/60000 (53%)]	Loss: 1.886165
Train Epoch: 38 [38400/60000 (64%)]	Loss: 1.921901
Train Epoch: 38 [44800/60000 (75%)]	Loss: 2.027588
Train Epoch: 38 [51200/60000 (85%)]	Loss: 1.955243
Train Epoch: 38 [57600/60000 (96%)]	Loss: 2.027397

Test set: Average loss: 1.9536, Accuracy: 4486/10000 (45%)

Train Epoch: 39 [0/60000 (0%)]	Loss: 2.016840
Train Epoch: 39 [6400/60000 (11%)]	Loss: 1.927810
Train Epoch: 39 [12800/60000 (21%)]	Loss: 2.063587
Train Epoch: 39 [19200/60000 (32%)]	Loss: 2.024570
Train Epoch: 39 [25600/60000 (43%)]	Loss: 1.991208
Train Epoch: 39 [32000/60000 (53%)]	Loss: 1.929650
Train Epoch: 39 [38400/60000 (64%)]	Loss: 1.949078
Train Epoch: 39 [44800/60000 (75%)]	Loss: 2.013065
Train Epoch: 39 [51200/60000 (85%)]	Loss: 1.917376
Train Epoch: 39 [57600/60000 (96%)]	Loss: 1.993038

Test set: Average loss: 1.9950, Accuracy: 3604/10000 (36%)

Train Epoch: 40 [0/60000 (0%)]	Loss: 2.026504
Train Epoch: 40 [6400/60000 (11%)]	Loss: 2.030740
Train Epoch: 40 [12800/60000 (21%)]	Loss: 1.960806
Train Epoch: 40 [19200/60000 (32%)]	Loss: 1.892999
Train Epoch: 40 [25600/60000 (43%)]	Loss: 2.034659
Train Epoch: 40 [32000/60000 (53%)]	Loss: 1.929127
Train Epoch: 40 [38400/60000 (64%)]	Loss: 1.982754
Train Epoch: 40 [44800/60000 (75%)]	Loss: 1.951224
Train Epoch: 40 [51200/60000 (85%)]	Loss: 1.991304
Train Epoch: 40 [57600/60000 (96%)]	Loss: 2.112063

Test set: Average loss: 2.0042, Accuracy: 3960/10000 (40%)

Train Epoch: 41 [0/60000 (0%)]	Loss: 1.943292
Train Epoch: 41 [6400/60000 (11%)]	Loss: 2.011542
Train Epoch: 41 [12800/60000 (21%)]	Loss: 1.943217
Train Epoch: 41 [19200/60000 (32%)]	Loss: 1.978416
Train Epoch: 41 [25600/60000 (43%)]	Loss: 2.153805
Train Epoch: 41 [32000/60000 (53%)]	Loss: 1.971327
Train Epoch: 41 [38400/60000 (64%)]	Loss: 1.994724
Train Epoch: 41 [44800/60000 (75%)]	Loss: 1.938306
Train Epoch: 41 [51200/60000 (85%)]	Loss: 1.895013
Train Epoch: 41 [57600/60000 (96%)]	Loss: 2.070090

Test set: Average loss: 1.9989, Accuracy: 4301/10000 (43%)

Train Epoch: 42 [0/60000 (0%)]	Loss: 1.958964
Train Epoch: 42 [6400/60000 (11%)]	Loss: 1.988160
Train Epoch: 42 [12800/60000 (21%)]	Loss: 2.032077
Train Epoch: 42 [19200/60000 (32%)]	Loss: 1.952639
Train Epoch: 42 [25600/60000 (43%)]	Loss: 1.959172
Train Epoch: 42 [32000/60000 (53%)]	Loss: 1.909583
Train Epoch: 42 [38400/60000 (64%)]	Loss: 1.951695
Train Epoch: 42 [44800/60000 (75%)]	Loss: 2.094376
Train Epoch: 42 [51200/60000 (85%)]	Loss: 2.057273
Train Epoch: 42 [57600/60000 (96%)]	Loss: 1.922337

Test set: Average loss: 2.0131, Accuracy: 4290/10000 (43%)

Train Epoch: 43 [0/60000 (0%)]	Loss: 2.045116
Train Epoch: 43 [6400/60000 (11%)]	Loss: 1.978038
Train Epoch: 43 [12800/60000 (21%)]	Loss: 2.001451
Train Epoch: 43 [19200/60000 (32%)]	Loss: 1.938193
Train Epoch: 43 [25600/60000 (43%)]	Loss: 1.974738
Train Epoch: 43 [32000/60000 (53%)]	Loss: 1.930201
Train Epoch: 43 [38400/60000 (64%)]	Loss: 2.093083
Train Epoch: 43 [44800/60000 (75%)]	Loss: 1.917492
Train Epoch: 43 [51200/60000 (85%)]	Loss: 1.951396
Train Epoch: 43 [57600/60000 (96%)]	Loss: 1.971240

Test set: Average loss: 1.9745, Accuracy: 4345/10000 (43%)

Train Epoch: 44 [0/60000 (0%)]	Loss: 2.060526
Train Epoch: 44 [6400/60000 (11%)]	Loss: 1.904024
Train Epoch: 44 [12800/60000 (21%)]	Loss: 2.051631
Train Epoch: 44 [19200/60000 (32%)]	Loss: 2.010852
Train Epoch: 44 [25600/60000 (43%)]	Loss: 1.978975
Train Epoch: 44 [32000/60000 (53%)]	Loss: 2.040102
Train Epoch: 44 [38400/60000 (64%)]	Loss: 2.046099
Train Epoch: 44 [44800/60000 (75%)]	Loss: 2.081658
Train Epoch: 44 [51200/60000 (85%)]	Loss: 1.857560
Train Epoch: 44 [57600/60000 (96%)]	Loss: 1.933818

Test set: Average loss: 1.9978, Accuracy: 4538/10000 (45%)

Train Epoch: 45 [0/60000 (0%)]	Loss: 2.003196
Train Epoch: 45 [6400/60000 (11%)]	Loss: 2.031142
Train Epoch: 45 [12800/60000 (21%)]	Loss: 1.948470
Train Epoch: 45 [19200/60000 (32%)]	Loss: 1.967572
Train Epoch: 45 [25600/60000 (43%)]	Loss: 2.026703
Train Epoch: 45 [32000/60000 (53%)]	Loss: 2.109686
Train Epoch: 45 [38400/60000 (64%)]	Loss: 1.993253
Train Epoch: 45 [44800/60000 (75%)]	Loss: 1.972043
Train Epoch: 45 [51200/60000 (85%)]	Loss: 2.055296
Train Epoch: 45 [57600/60000 (96%)]	Loss: 2.040640

Test set: Average loss: 2.0032, Accuracy: 4203/10000 (42%)

Train Epoch: 46 [0/60000 (0%)]	Loss: 2.003068
Train Epoch: 46 [6400/60000 (11%)]	Loss: 2.053194
Train Epoch: 46 [12800/60000 (21%)]	Loss: 2.048056
Train Epoch: 46 [19200/60000 (32%)]	Loss: 2.066242
Train Epoch: 46 [25600/60000 (43%)]	Loss: 2.024158
Train Epoch: 46 [32000/60000 (53%)]	Loss: 2.083808
Train Epoch: 46 [38400/60000 (64%)]	Loss: 2.061357
Train Epoch: 46 [44800/60000 (75%)]	Loss: 2.057874
Train Epoch: 46 [51200/60000 (85%)]	Loss: 2.096739
Train Epoch: 46 [57600/60000 (96%)]	Loss: 1.989403

Test set: Average loss: 2.0406, Accuracy: 3752/10000 (38%)

Train Epoch: 47 [0/60000 (0%)]	Loss: 2.017623
Train Epoch: 47 [6400/60000 (11%)]	Loss: 1.964329
Train Epoch: 47 [12800/60000 (21%)]	Loss: 1.935480
Train Epoch: 47 [19200/60000 (32%)]	Loss: 2.101508
Train Epoch: 47 [25600/60000 (43%)]	Loss: 2.017384
Train Epoch: 47 [32000/60000 (53%)]	Loss: 2.073221
Train Epoch: 47 [38400/60000 (64%)]	Loss: 1.999214
Train Epoch: 47 [44800/60000 (75%)]	Loss: 2.052618
Train Epoch: 47 [51200/60000 (85%)]	Loss: 1.949296
Train Epoch: 47 [57600/60000 (96%)]	Loss: 2.054935

Test set: Average loss: 1.9987, Accuracy: 4066/10000 (41%)

Train Epoch: 48 [0/60000 (0%)]	Loss: 2.068554
Train Epoch: 48 [6400/60000 (11%)]	Loss: 2.059784
Train Epoch: 48 [12800/60000 (21%)]	Loss: 2.000089
Train Epoch: 48 [19200/60000 (32%)]	Loss: 2.042596
Train Epoch: 48 [25600/60000 (43%)]	Loss: 2.061493
Train Epoch: 48 [32000/60000 (53%)]	Loss: 1.991254
Train Epoch: 48 [38400/60000 (64%)]	Loss: 1.905187
Train Epoch: 48 [44800/60000 (75%)]	Loss: 1.884439
Train Epoch: 48 [51200/60000 (85%)]	Loss: 1.979031
Train Epoch: 48 [57600/60000 (96%)]	Loss: 1.976090

Test set: Average loss: 2.0411, Accuracy: 3699/10000 (37%)

Train Epoch: 49 [0/60000 (0%)]	Loss: 1.942433
Train Epoch: 49 [6400/60000 (11%)]	Loss: 1.974455
Train Epoch: 49 [12800/60000 (21%)]	Loss: 1.980831
Train Epoch: 49 [19200/60000 (32%)]	Loss: 2.019290
Train Epoch: 49 [25600/60000 (43%)]	Loss: 2.078433
Train Epoch: 49 [32000/60000 (53%)]	Loss: 2.047121
Train Epoch: 49 [38400/60000 (64%)]	Loss: 2.070613
Train Epoch: 49 [44800/60000 (75%)]	Loss: 1.957140
Train Epoch: 49 [51200/60000 (85%)]	Loss: 1.998406
Train Epoch: 49 [57600/60000 (96%)]	Loss: 2.013850

Test set: Average loss: 2.0288, Accuracy: 3948/10000 (39%)

Train Epoch: 50 [0/60000 (0%)]	Loss: 2.041984
Train Epoch: 50 [6400/60000 (11%)]	Loss: 2.021036
Train Epoch: 50 [12800/60000 (21%)]	Loss: 2.082656
Train Epoch: 50 [19200/60000 (32%)]	Loss: 1.968567
Train Epoch: 50 [25600/60000 (43%)]	Loss: 2.042675
Train Epoch: 50 [32000/60000 (53%)]	Loss: 2.082180
Train Epoch: 50 [38400/60000 (64%)]	Loss: 1.971590
Train Epoch: 50 [44800/60000 (75%)]	Loss: 2.071053
Train Epoch: 50 [51200/60000 (85%)]	Loss: 1.964987
Train Epoch: 50 [57600/60000 (96%)]	Loss: 2.101781

Test set: Average loss: 2.0587, Accuracy: 3373/10000 (34%)

Train Epoch: 51 [0/60000 (0%)]	Loss: 2.266728
Train Epoch: 51 [6400/60000 (11%)]	Loss: 2.034202
Train Epoch: 51 [12800/60000 (21%)]	Loss: 1.932408
Train Epoch: 51 [19200/60000 (32%)]	Loss: 2.016451
Train Epoch: 51 [25600/60000 (43%)]	Loss: 1.927965
Train Epoch: 51 [32000/60000 (53%)]	Loss: 2.024088
Train Epoch: 51 [38400/60000 (64%)]	Loss: 2.036917
Train Epoch: 51 [44800/60000 (75%)]	Loss: 2.036378
Train Epoch: 51 [51200/60000 (85%)]	Loss: 1.938204
Train Epoch: 51 [57600/60000 (96%)]	Loss: 2.018286

Test set: Average loss: 2.0499, Accuracy: 3985/10000 (40%)

Train Epoch: 52 [0/60000 (0%)]	Loss: 2.015173
Train Epoch: 52 [6400/60000 (11%)]	Loss: 1.930080
Train Epoch: 52 [12800/60000 (21%)]	Loss: 1.931243
Train Epoch: 52 [19200/60000 (32%)]	Loss: 2.045678
Train Epoch: 52 [25600/60000 (43%)]	Loss: 2.206964
Train Epoch: 52 [32000/60000 (53%)]	Loss: 1.888590
Train Epoch: 52 [38400/60000 (64%)]	Loss: 2.030123
Train Epoch: 52 [44800/60000 (75%)]	Loss: 1.999377
Train Epoch: 52 [51200/60000 (85%)]	Loss: 1.941581
Train Epoch: 52 [57600/60000 (96%)]	Loss: 2.067250

Test set: Average loss: 2.0493, Accuracy: 3780/10000 (38%)

Train Epoch: 53 [0/60000 (0%)]	Loss: 2.098304
Train Epoch: 53 [6400/60000 (11%)]	Loss: 1.888141
Train Epoch: 53 [12800/60000 (21%)]	Loss: 2.056201
Train Epoch: 53 [19200/60000 (32%)]	Loss: 1.989495
Train Epoch: 53 [25600/60000 (43%)]	Loss: 2.051930
Train Epoch: 53 [32000/60000 (53%)]	Loss: 1.995129
Train Epoch: 53 [38400/60000 (64%)]	Loss: 2.042473
Train Epoch: 53 [44800/60000 (75%)]	Loss: 1.983247
Train Epoch: 53 [51200/60000 (85%)]	Loss: 2.020618
Train Epoch: 53 [57600/60000 (96%)]	Loss: 1.974942

Test set: Average loss: 2.0500, Accuracy: 3936/10000 (39%)

Train Epoch: 54 [0/60000 (0%)]	Loss: 2.098323
Train Epoch: 54 [6400/60000 (11%)]	Loss: 2.108311
Train Epoch: 54 [12800/60000 (21%)]	Loss: 2.017102
Train Epoch: 54 [19200/60000 (32%)]	Loss: 2.084436
Train Epoch: 54 [25600/60000 (43%)]	Loss: 2.071946
Train Epoch: 54 [32000/60000 (53%)]	Loss: 2.098168
Train Epoch: 54 [38400/60000 (64%)]	Loss: 2.030422
Train Epoch: 54 [44800/60000 (75%)]	Loss: 2.112492
Train Epoch: 54 [51200/60000 (85%)]	Loss: 2.011543
Train Epoch: 54 [57600/60000 (96%)]	Loss: 2.049943

Test set: Average loss: 2.0374, Accuracy: 4244/10000 (42%)

Train Epoch: 55 [0/60000 (0%)]	Loss: 1.947301
Train Epoch: 55 [6400/60000 (11%)]	Loss: 2.111981
Train Epoch: 55 [12800/60000 (21%)]	Loss: 2.008995
Train Epoch: 55 [19200/60000 (32%)]	Loss: 2.047213
Train Epoch: 55 [25600/60000 (43%)]	Loss: 1.944336
Train Epoch: 55 [32000/60000 (53%)]	Loss: 2.085220
Train Epoch: 55 [38400/60000 (64%)]	Loss: 2.024598
Train Epoch: 55 [44800/60000 (75%)]	Loss: 1.971300
Train Epoch: 55 [51200/60000 (85%)]	Loss: 2.062369
Train Epoch: 55 [57600/60000 (96%)]	Loss: 2.029830

Test set: Average loss: 2.0557, Accuracy: 3404/10000 (34%)

Train Epoch: 56 [0/60000 (0%)]	Loss: 2.206131
Train Epoch: 56 [6400/60000 (11%)]	Loss: 2.110509
Train Epoch: 56 [12800/60000 (21%)]	Loss: 2.035043
Train Epoch: 56 [19200/60000 (32%)]	Loss: 2.082093
Train Epoch: 56 [25600/60000 (43%)]	Loss: 2.078696
Train Epoch: 56 [32000/60000 (53%)]	Loss: 2.038713
Train Epoch: 56 [38400/60000 (64%)]	Loss: 2.137737
Train Epoch: 56 [44800/60000 (75%)]	Loss: 2.039485
Train Epoch: 56 [51200/60000 (85%)]	Loss: 2.032950
Train Epoch: 56 [57600/60000 (96%)]	Loss: 2.044094

Test set: Average loss: 2.0601, Accuracy: 3709/10000 (37%)

Train Epoch: 57 [0/60000 (0%)]	Loss: 1.965543
Train Epoch: 57 [6400/60000 (11%)]	Loss: 1.978908
Train Epoch: 57 [12800/60000 (21%)]	Loss: 2.111090
Train Epoch: 57 [19200/60000 (32%)]	Loss: 2.036872
Train Epoch: 57 [25600/60000 (43%)]	Loss: 1.966488
Train Epoch: 57 [32000/60000 (53%)]	Loss: 2.071751
Train Epoch: 57 [38400/60000 (64%)]	Loss: 2.116217
Train Epoch: 57 [44800/60000 (75%)]	Loss: 1.872920
Train Epoch: 57 [51200/60000 (85%)]	Loss: 2.031535
Train Epoch: 57 [57600/60000 (96%)]	Loss: 2.030127

Test set: Average loss: 2.0635, Accuracy: 4189/10000 (42%)

Train Epoch: 58 [0/60000 (0%)]	Loss: 2.184225
Train Epoch: 58 [6400/60000 (11%)]	Loss: 2.091748
Train Epoch: 58 [12800/60000 (21%)]	Loss: 1.971273
Train Epoch: 58 [19200/60000 (32%)]	Loss: 2.134902
Train Epoch: 58 [25600/60000 (43%)]	Loss: 1.980602
Train Epoch: 58 [32000/60000 (53%)]	Loss: 2.065141
Train Epoch: 58 [38400/60000 (64%)]	Loss: 2.070394
Train Epoch: 58 [44800/60000 (75%)]	Loss: 2.068184
Train Epoch: 58 [51200/60000 (85%)]	Loss: 2.053652
Train Epoch: 58 [57600/60000 (96%)]	Loss: 2.071191

Test set: Average loss: 2.0544, Accuracy: 3782/10000 (38%)

Train Epoch: 59 [0/60000 (0%)]	Loss: 2.011733
Train Epoch: 59 [6400/60000 (11%)]	Loss: 2.032216
Train Epoch: 59 [12800/60000 (21%)]	Loss: 2.019709
Train Epoch: 59 [19200/60000 (32%)]	Loss: 2.133532
Train Epoch: 59 [25600/60000 (43%)]	Loss: 2.048190
Train Epoch: 59 [32000/60000 (53%)]	Loss: 2.061656
Train Epoch: 59 [38400/60000 (64%)]	Loss: 1.968053
Train Epoch: 59 [44800/60000 (75%)]	Loss: 1.957570
Train Epoch: 59 [51200/60000 (85%)]	Loss: 2.144600
Train Epoch: 59 [57600/60000 (96%)]	Loss: 1.966509

Test set: Average loss: 2.0914, Accuracy: 3273/10000 (33%)

Train Epoch: 60 [0/60000 (0%)]	Loss: 2.095892
Train Epoch: 60 [6400/60000 (11%)]	Loss: 2.020284
Train Epoch: 60 [12800/60000 (21%)]	Loss: 2.221110
Train Epoch: 60 [19200/60000 (32%)]	Loss: 2.102158
Train Epoch: 60 [25600/60000 (43%)]	Loss: 2.061535
Train Epoch: 60 [32000/60000 (53%)]	Loss: 2.006915
Train Epoch: 60 [38400/60000 (64%)]	Loss: 2.014706
Train Epoch: 60 [44800/60000 (75%)]	Loss: 2.133481
Train Epoch: 60 [51200/60000 (85%)]	Loss: 2.078888
Train Epoch: 60 [57600/60000 (96%)]	Loss: 2.056641

Test set: Average loss: 2.0568, Accuracy: 4054/10000 (41%)

Train Epoch: 61 [0/60000 (0%)]	Loss: 2.174371
Train Epoch: 61 [6400/60000 (11%)]	Loss: 2.009262
Train Epoch: 61 [12800/60000 (21%)]	Loss: 2.025231
Train Epoch: 61 [19200/60000 (32%)]	Loss: 2.035357
Train Epoch: 61 [25600/60000 (43%)]	Loss: 2.143964
Train Epoch: 61 [32000/60000 (53%)]	Loss: 1.992540
Train Epoch: 61 [38400/60000 (64%)]	Loss: 2.007258
Train Epoch: 61 [44800/60000 (75%)]	Loss: 2.110930
Train Epoch: 61 [51200/60000 (85%)]	Loss: 2.074802
Train Epoch: 61 [57600/60000 (96%)]	Loss: 2.076332

Test set: Average loss: 2.0586, Accuracy: 3984/10000 (40%)

Train Epoch: 62 [0/60000 (0%)]	Loss: 1.972350
Train Epoch: 62 [6400/60000 (11%)]	Loss: 2.061072
Train Epoch: 62 [12800/60000 (21%)]	Loss: 1.981418
Train Epoch: 62 [19200/60000 (32%)]	Loss: 2.078054
Train Epoch: 62 [25600/60000 (43%)]	Loss: 2.026908
Train Epoch: 62 [32000/60000 (53%)]	Loss: 2.114206
Train Epoch: 62 [38400/60000 (64%)]	Loss: 1.987485
Train Epoch: 62 [44800/60000 (75%)]	Loss: 2.041952
Train Epoch: 62 [51200/60000 (85%)]	Loss: 2.155740
Train Epoch: 62 [57600/60000 (96%)]	Loss: 2.064964

Test set: Average loss: 2.0539, Accuracy: 3742/10000 (37%)

Train Epoch: 63 [0/60000 (0%)]	Loss: 2.049825
Train Epoch: 63 [6400/60000 (11%)]	Loss: 2.084468
Train Epoch: 63 [12800/60000 (21%)]	Loss: 2.031006
Train Epoch: 63 [19200/60000 (32%)]	Loss: 2.055352
Train Epoch: 63 [25600/60000 (43%)]	Loss: 2.120197
Train Epoch: 63 [32000/60000 (53%)]	Loss: 2.142264
Train Epoch: 63 [38400/60000 (64%)]	Loss: 2.068592
Train Epoch: 63 [44800/60000 (75%)]	Loss: 2.059103
Train Epoch: 63 [51200/60000 (85%)]	Loss: 2.032981
Train Epoch: 63 [57600/60000 (96%)]	Loss: 2.094968

Test set: Average loss: 2.0894, Accuracy: 2821/10000 (28%)

Train Epoch: 64 [0/60000 (0%)]	Loss: 2.131023
Train Epoch: 64 [6400/60000 (11%)]	Loss: 2.070641
Train Epoch: 64 [12800/60000 (21%)]	Loss: 2.082240
Train Epoch: 64 [19200/60000 (32%)]	Loss: 2.004097
Train Epoch: 64 [25600/60000 (43%)]	Loss: 1.894564
Train Epoch: 64 [32000/60000 (53%)]	Loss: 2.098081
Train Epoch: 64 [38400/60000 (64%)]	Loss: 2.010058
Train Epoch: 64 [44800/60000 (75%)]	Loss: 1.966830
Train Epoch: 64 [51200/60000 (85%)]	Loss: 2.022929
Train Epoch: 64 [57600/60000 (96%)]	Loss: 2.157947

Test set: Average loss: 2.0555, Accuracy: 4197/10000 (42%)

Train Epoch: 65 [0/60000 (0%)]	Loss: 2.050615
Train Epoch: 65 [6400/60000 (11%)]	Loss: 2.042539
Train Epoch: 65 [12800/60000 (21%)]	Loss: 2.044541
Train Epoch: 65 [19200/60000 (32%)]	Loss: 1.899840
Train Epoch: 65 [25600/60000 (43%)]	Loss: 2.126477
Train Epoch: 65 [32000/60000 (53%)]	Loss: 2.088668
Train Epoch: 65 [38400/60000 (64%)]	Loss: 2.077540
Train Epoch: 65 [44800/60000 (75%)]	Loss: 2.021206
Train Epoch: 65 [51200/60000 (85%)]	Loss: 2.103623
Train Epoch: 65 [57600/60000 (96%)]	Loss: 2.104780

Test set: Average loss: 2.0787, Accuracy: 3552/10000 (36%)

Train Epoch: 66 [0/60000 (0%)]	Loss: 2.067161
Train Epoch: 66 [6400/60000 (11%)]	Loss: 2.028577
Train Epoch: 66 [12800/60000 (21%)]	Loss: 2.035286
Train Epoch: 66 [19200/60000 (32%)]	Loss: 2.158208
Train Epoch: 66 [25600/60000 (43%)]	Loss: 2.072488
Train Epoch: 66 [32000/60000 (53%)]	Loss: 2.118325
Train Epoch: 66 [38400/60000 (64%)]	Loss: 2.012323
Train Epoch: 66 [44800/60000 (75%)]	Loss: 2.038528
Train Epoch: 66 [51200/60000 (85%)]	Loss: 2.046182
Train Epoch: 66 [57600/60000 (96%)]	Loss: 2.005620

Test set: Average loss: 2.0592, Accuracy: 3569/10000 (36%)

Train Epoch: 67 [0/60000 (0%)]	Loss: 2.090123
Train Epoch: 67 [6400/60000 (11%)]	Loss: 2.087055
Train Epoch: 67 [12800/60000 (21%)]	Loss: 2.028341
Train Epoch: 67 [19200/60000 (32%)]	Loss: 2.025801
Train Epoch: 67 [25600/60000 (43%)]	Loss: 2.180018
Train Epoch: 67 [32000/60000 (53%)]	Loss: 2.203205
Train Epoch: 67 [38400/60000 (64%)]	Loss: 2.169299
Train Epoch: 67 [44800/60000 (75%)]	Loss: 2.073807
Train Epoch: 67 [51200/60000 (85%)]	Loss: 2.045560
Train Epoch: 67 [57600/60000 (96%)]	Loss: 2.075015

Test set: Average loss: 2.0853, Accuracy: 3625/10000 (36%)

Train Epoch: 68 [0/60000 (0%)]	Loss: 2.060819
Train Epoch: 68 [6400/60000 (11%)]	Loss: 2.124776
Train Epoch: 68 [12800/60000 (21%)]	Loss: 2.043307
Train Epoch: 68 [19200/60000 (32%)]	Loss: 1.965098
Train Epoch: 68 [25600/60000 (43%)]	Loss: 2.132316
Train Epoch: 68 [32000/60000 (53%)]	Loss: 2.094921
Train Epoch: 68 [38400/60000 (64%)]	Loss: 2.112767
Train Epoch: 68 [44800/60000 (75%)]	Loss: 1.933998
Train Epoch: 68 [51200/60000 (85%)]	Loss: 2.098420
Train Epoch: 68 [57600/60000 (96%)]	Loss: 2.098031

Test set: Average loss: 2.0582, Accuracy: 3687/10000 (37%)

Train Epoch: 69 [0/60000 (0%)]	Loss: 2.102616
Train Epoch: 69 [6400/60000 (11%)]	Loss: 2.049324
Train Epoch: 69 [12800/60000 (21%)]	Loss: 2.079756
Train Epoch: 69 [19200/60000 (32%)]	Loss: 2.030380
Train Epoch: 69 [25600/60000 (43%)]	Loss: 2.009596
Train Epoch: 69 [32000/60000 (53%)]	Loss: 1.988057
Train Epoch: 69 [38400/60000 (64%)]	Loss: 2.136941
Train Epoch: 69 [44800/60000 (75%)]	Loss: 1.957350
Train Epoch: 69 [51200/60000 (85%)]	Loss: 2.104012
Train Epoch: 69 [57600/60000 (96%)]	Loss: 2.088856

Test set: Average loss: 2.0759, Accuracy: 3935/10000 (39%)

Train Epoch: 70 [0/60000 (0%)]	Loss: 2.239047
Train Epoch: 70 [6400/60000 (11%)]	Loss: 2.016316
Train Epoch: 70 [12800/60000 (21%)]	Loss: 2.215334
Train Epoch: 70 [19200/60000 (32%)]	Loss: 2.043347
Train Epoch: 70 [25600/60000 (43%)]	Loss: 2.033100
Train Epoch: 70 [32000/60000 (53%)]	Loss: 2.057426
Train Epoch: 70 [38400/60000 (64%)]	Loss: 2.108945
Train Epoch: 70 [44800/60000 (75%)]	Loss: 2.190828
Train Epoch: 70 [51200/60000 (85%)]	Loss: 2.025515
Train Epoch: 70 [57600/60000 (96%)]	Loss: 1.976103

Test set: Average loss: 2.0766, Accuracy: 3646/10000 (36%)

Train Epoch: 71 [0/60000 (0%)]	Loss: 2.056709
Train Epoch: 71 [6400/60000 (11%)]	Loss: 2.087627
Train Epoch: 71 [12800/60000 (21%)]	Loss: 2.074770
Train Epoch: 71 [19200/60000 (32%)]	Loss: 2.178654
Train Epoch: 71 [25600/60000 (43%)]	Loss: 1.957897
Train Epoch: 71 [32000/60000 (53%)]	Loss: 2.159206
Train Epoch: 71 [38400/60000 (64%)]	Loss: 2.007562
Train Epoch: 71 [44800/60000 (75%)]	Loss: 2.065133
Train Epoch: 71 [51200/60000 (85%)]	Loss: 2.097853
Train Epoch: 71 [57600/60000 (96%)]	Loss: 2.049121

Test set: Average loss: 2.0892, Accuracy: 3497/10000 (35%)

Train Epoch: 72 [0/60000 (0%)]	Loss: 2.095147
Train Epoch: 72 [6400/60000 (11%)]	Loss: 2.071625
Train Epoch: 72 [12800/60000 (21%)]	Loss: 2.161833
Train Epoch: 72 [19200/60000 (32%)]	Loss: 2.153725
Train Epoch: 72 [25600/60000 (43%)]	Loss: 2.067347
Train Epoch: 72 [32000/60000 (53%)]	Loss: 2.107004
Train Epoch: 72 [38400/60000 (64%)]	Loss: 2.147519
Train Epoch: 72 [44800/60000 (75%)]	Loss: 2.076698
Train Epoch: 72 [51200/60000 (85%)]	Loss: 2.000683
Train Epoch: 72 [57600/60000 (96%)]	Loss: 2.117420

Test set: Average loss: 2.0754, Accuracy: 3533/10000 (35%)

Train Epoch: 73 [0/60000 (0%)]	Loss: 2.071575
Train Epoch: 73 [6400/60000 (11%)]	Loss: 2.126601
Train Epoch: 73 [12800/60000 (21%)]	Loss: 2.139811
Train Epoch: 73 [19200/60000 (32%)]	Loss: 2.006515
Train Epoch: 73 [25600/60000 (43%)]	Loss: 2.135068
Train Epoch: 73 [32000/60000 (53%)]	Loss: 2.038961
Train Epoch: 73 [38400/60000 (64%)]	Loss: 2.083461
Train Epoch: 73 [44800/60000 (75%)]	Loss: 2.125481
Train Epoch: 73 [51200/60000 (85%)]	Loss: 2.090404
Train Epoch: 73 [57600/60000 (96%)]	Loss: 2.114363

Test set: Average loss: 2.0855, Accuracy: 3557/10000 (36%)

Train Epoch: 74 [0/60000 (0%)]	Loss: 2.117858
Train Epoch: 74 [6400/60000 (11%)]	Loss: 2.013242
Train Epoch: 74 [12800/60000 (21%)]	Loss: 2.137223
Train Epoch: 74 [19200/60000 (32%)]	Loss: 2.153915
Train Epoch: 74 [25600/60000 (43%)]	Loss: 2.110919
Train Epoch: 74 [32000/60000 (53%)]	Loss: 2.146798
Train Epoch: 74 [38400/60000 (64%)]	Loss: 2.023540
Train Epoch: 74 [44800/60000 (75%)]	Loss: 2.082726
Train Epoch: 74 [51200/60000 (85%)]	Loss: 2.046522
Train Epoch: 74 [57600/60000 (96%)]	Loss: 2.110097

Test set: Average loss: 2.0804, Accuracy: 3620/10000 (36%)

Train Epoch: 75 [0/60000 (0%)]	Loss: 1.985399
Train Epoch: 75 [6400/60000 (11%)]	Loss: 2.054942
Train Epoch: 75 [12800/60000 (21%)]	Loss: 2.175341
Train Epoch: 75 [19200/60000 (32%)]	Loss: 2.093465
Train Epoch: 75 [25600/60000 (43%)]	Loss: 2.100277
Train Epoch: 75 [32000/60000 (53%)]	Loss: 2.081359
Train Epoch: 75 [38400/60000 (64%)]	Loss: 1.985267
Train Epoch: 75 [44800/60000 (75%)]	Loss: 2.066989
Train Epoch: 75 [51200/60000 (85%)]	Loss: 2.089420
Train Epoch: 75 [57600/60000 (96%)]	Loss: 2.165320

Test set: Average loss: 2.0992, Accuracy: 3712/10000 (37%)

Train Epoch: 76 [0/60000 (0%)]	Loss: 2.087734
Train Epoch: 76 [6400/60000 (11%)]	Loss: 2.029101
Train Epoch: 76 [12800/60000 (21%)]	Loss: 2.093225
Train Epoch: 76 [19200/60000 (32%)]	Loss: 2.015493
Train Epoch: 76 [25600/60000 (43%)]	Loss: 1.971297
Train Epoch: 76 [32000/60000 (53%)]	Loss: 2.044840
Train Epoch: 76 [38400/60000 (64%)]	Loss: 2.024351
Train Epoch: 76 [44800/60000 (75%)]	Loss: 2.040477
Train Epoch: 76 [51200/60000 (85%)]	Loss: 2.171168
Train Epoch: 76 [57600/60000 (96%)]	Loss: 2.051121

Test set: Average loss: 2.1108, Accuracy: 3174/10000 (32%)

Train Epoch: 77 [0/60000 (0%)]	Loss: 2.148078
Train Epoch: 77 [6400/60000 (11%)]	Loss: 2.107229
Train Epoch: 77 [12800/60000 (21%)]	Loss: 2.066903
Train Epoch: 77 [19200/60000 (32%)]	Loss: 1.999409
Train Epoch: 77 [25600/60000 (43%)]	Loss: 2.149271
Train Epoch: 77 [32000/60000 (53%)]	Loss: 2.103894
Train Epoch: 77 [38400/60000 (64%)]	Loss: 2.130319
Train Epoch: 77 [44800/60000 (75%)]	Loss: 1.987613
Train Epoch: 77 [51200/60000 (85%)]	Loss: 1.962376
Train Epoch: 77 [57600/60000 (96%)]	Loss: 2.064801

Test set: Average loss: 2.0943, Accuracy: 3881/10000 (39%)

Train Epoch: 78 [0/60000 (0%)]	Loss: 2.132592
Train Epoch: 78 [6400/60000 (11%)]	Loss: 2.039197
Train Epoch: 78 [12800/60000 (21%)]	Loss: 2.092192
Train Epoch: 78 [19200/60000 (32%)]	Loss: 2.119158
Train Epoch: 78 [25600/60000 (43%)]	Loss: 2.153119
Train Epoch: 78 [32000/60000 (53%)]	Loss: 2.090991
Train Epoch: 78 [38400/60000 (64%)]	Loss: 2.038457
Train Epoch: 78 [44800/60000 (75%)]	Loss: 2.065757
Train Epoch: 78 [51200/60000 (85%)]	Loss: 2.143981
Train Epoch: 78 [57600/60000 (96%)]	Loss: 2.078002

Test set: Average loss: 2.0757, Accuracy: 3767/10000 (38%)

Train Epoch: 79 [0/60000 (0%)]	Loss: 2.111460
Train Epoch: 79 [6400/60000 (11%)]	Loss: 2.081909
Train Epoch: 79 [12800/60000 (21%)]	Loss: 2.086635
Train Epoch: 79 [19200/60000 (32%)]	Loss: 2.115495
Train Epoch: 79 [25600/60000 (43%)]	Loss: 2.122432
Train Epoch: 79 [32000/60000 (53%)]	Loss: 2.044578
Train Epoch: 79 [38400/60000 (64%)]	Loss: 2.264490
Train Epoch: 79 [44800/60000 (75%)]	Loss: 2.125419
Train Epoch: 79 [51200/60000 (85%)]	Loss: 2.083182
Train Epoch: 79 [57600/60000 (96%)]	Loss: 2.028390

Test set: Average loss: 2.0778, Accuracy: 3860/10000 (39%)

Train Epoch: 80 [0/60000 (0%)]	Loss: 2.081409
Train Epoch: 80 [6400/60000 (11%)]	Loss: 2.085503
Train Epoch: 80 [12800/60000 (21%)]	Loss: 2.156816
Train Epoch: 80 [19200/60000 (32%)]	Loss: 1.995411
Train Epoch: 80 [25600/60000 (43%)]	Loss: 2.044081
Train Epoch: 80 [32000/60000 (53%)]	Loss: 1.994809
Train Epoch: 80 [38400/60000 (64%)]	Loss: 2.101644
Train Epoch: 80 [44800/60000 (75%)]	Loss: 2.094342
Train Epoch: 80 [51200/60000 (85%)]	Loss: 2.025829
Train Epoch: 80 [57600/60000 (96%)]	Loss: 2.191936

Test set: Average loss: 2.0819, Accuracy: 3434/10000 (34%)

Train Epoch: 81 [0/60000 (0%)]	Loss: 2.095021
Train Epoch: 81 [6400/60000 (11%)]	Loss: 2.181821
Train Epoch: 81 [12800/60000 (21%)]	Loss: 2.091673
Train Epoch: 81 [19200/60000 (32%)]	Loss: 2.018067
Train Epoch: 81 [25600/60000 (43%)]	Loss: 2.160938
Train Epoch: 81 [32000/60000 (53%)]	Loss: 2.027192
Train Epoch: 81 [38400/60000 (64%)]	Loss: 1.993436
Train Epoch: 81 [44800/60000 (75%)]	Loss: 2.117798
Train Epoch: 81 [51200/60000 (85%)]	Loss: 2.031369
Train Epoch: 81 [57600/60000 (96%)]	Loss: 2.089674

Test set: Average loss: 2.1135, Accuracy: 2967/10000 (30%)

Train Epoch: 82 [0/60000 (0%)]	Loss: 2.127333
Train Epoch: 82 [6400/60000 (11%)]	Loss: 2.008776
Train Epoch: 82 [12800/60000 (21%)]	Loss: 2.192885
Train Epoch: 82 [19200/60000 (32%)]	Loss: 2.129056
Train Epoch: 82 [25600/60000 (43%)]	Loss: 2.100509
Train Epoch: 82 [32000/60000 (53%)]	Loss: 2.134793
Train Epoch: 82 [38400/60000 (64%)]	Loss: 2.175265
Train Epoch: 82 [44800/60000 (75%)]	Loss: 2.010911
Train Epoch: 82 [51200/60000 (85%)]	Loss: 2.179245
Train Epoch: 82 [57600/60000 (96%)]	Loss: 2.043361

Test set: Average loss: 2.0889, Accuracy: 3621/10000 (36%)

Train Epoch: 83 [0/60000 (0%)]	Loss: 2.160755
Train Epoch: 83 [6400/60000 (11%)]	Loss: 2.110101
Train Epoch: 83 [12800/60000 (21%)]	Loss: 2.213540
Train Epoch: 83 [19200/60000 (32%)]	Loss: 2.047199
Train Epoch: 83 [25600/60000 (43%)]	Loss: 2.138412
Train Epoch: 83 [32000/60000 (53%)]	Loss: 2.120942
Train Epoch: 83 [38400/60000 (64%)]	Loss: 1.991680
Train Epoch: 83 [44800/60000 (75%)]	Loss: 2.201180
Train Epoch: 83 [51200/60000 (85%)]	Loss: 2.173543
Train Epoch: 83 [57600/60000 (96%)]	Loss: 2.166979

Test set: Average loss: 2.0825, Accuracy: 2959/10000 (30%)

Train Epoch: 84 [0/60000 (0%)]	Loss: 2.089668
Train Epoch: 84 [6400/60000 (11%)]	Loss: 2.143420
Train Epoch: 84 [12800/60000 (21%)]	Loss: 2.126923
Train Epoch: 84 [19200/60000 (32%)]	Loss: 2.039932
Train Epoch: 84 [25600/60000 (43%)]	Loss: 2.102051
Train Epoch: 84 [32000/60000 (53%)]	Loss: 2.075679
Train Epoch: 84 [38400/60000 (64%)]	Loss: 2.119888
Train Epoch: 84 [44800/60000 (75%)]	Loss: 2.135449
Train Epoch: 84 [51200/60000 (85%)]	Loss: 2.113876
Train Epoch: 84 [57600/60000 (96%)]	Loss: 2.038587

Test set: Average loss: 2.0693, Accuracy: 3886/10000 (39%)

Train Epoch: 85 [0/60000 (0%)]	Loss: 2.045798
Train Epoch: 85 [6400/60000 (11%)]	Loss: 2.013402
Train Epoch: 85 [12800/60000 (21%)]	Loss: 2.120131
Train Epoch: 85 [19200/60000 (32%)]	Loss: 2.082958
Train Epoch: 85 [25600/60000 (43%)]	Loss: 2.068393
Train Epoch: 85 [32000/60000 (53%)]	Loss: 2.085091
Train Epoch: 85 [38400/60000 (64%)]	Loss: 2.134750
Train Epoch: 85 [44800/60000 (75%)]	Loss: 2.082239
Train Epoch: 85 [51200/60000 (85%)]	Loss: 2.039094
Train Epoch: 85 [57600/60000 (96%)]	Loss: 2.081770

Test set: Average loss: 2.0906, Accuracy: 3431/10000 (34%)

Train Epoch: 86 [0/60000 (0%)]	Loss: 2.213595
Train Epoch: 86 [6400/60000 (11%)]	Loss: 2.113324
Train Epoch: 86 [12800/60000 (21%)]	Loss: 2.091424
Train Epoch: 86 [19200/60000 (32%)]	Loss: 2.133297
Train Epoch: 86 [25600/60000 (43%)]	Loss: 2.112197
Train Epoch: 86 [32000/60000 (53%)]	Loss: 2.147662
Train Epoch: 86 [38400/60000 (64%)]	Loss: 2.083907
Train Epoch: 86 [44800/60000 (75%)]	Loss: 2.077577
Train Epoch: 86 [51200/60000 (85%)]	Loss: 2.194225
Train Epoch: 86 [57600/60000 (96%)]	Loss: 2.128054

Test set: Average loss: 2.0995, Accuracy: 3761/10000 (38%)

Train Epoch: 87 [0/60000 (0%)]	Loss: 2.114287
Train Epoch: 87 [6400/60000 (11%)]	Loss: 2.083177
Train Epoch: 87 [12800/60000 (21%)]	Loss: 2.145544
Train Epoch: 87 [19200/60000 (32%)]	Loss: 2.131680
Train Epoch: 87 [25600/60000 (43%)]	Loss: 2.018893
Train Epoch: 87 [32000/60000 (53%)]	Loss: 2.223617
Train Epoch: 87 [38400/60000 (64%)]	Loss: 1.957623
Train Epoch: 87 [44800/60000 (75%)]	Loss: 2.065912
Train Epoch: 87 [51200/60000 (85%)]	Loss: 2.039482
Train Epoch: 87 [57600/60000 (96%)]	Loss: 2.099215

Test set: Average loss: 2.0939, Accuracy: 3171/10000 (32%)

Train Epoch: 88 [0/60000 (0%)]	Loss: 2.041392
Train Epoch: 88 [6400/60000 (11%)]	Loss: 2.043306
Train Epoch: 88 [12800/60000 (21%)]	Loss: 2.054593
Train Epoch: 88 [19200/60000 (32%)]	Loss: 2.108450
Train Epoch: 88 [25600/60000 (43%)]	Loss: 2.143931
Train Epoch: 88 [32000/60000 (53%)]	Loss: 2.135264
Train Epoch: 88 [38400/60000 (64%)]	Loss: 2.164301
Train Epoch: 88 [44800/60000 (75%)]	Loss: 2.156313
Train Epoch: 88 [51200/60000 (85%)]	Loss: 2.034171
Train Epoch: 88 [57600/60000 (96%)]	Loss: 2.017485

Test set: Average loss: 2.0692, Accuracy: 3974/10000 (40%)

Train Epoch: 89 [0/60000 (0%)]	Loss: 2.081022
Train Epoch: 89 [6400/60000 (11%)]	Loss: 2.117314
Train Epoch: 89 [12800/60000 (21%)]	Loss: 2.081741
Train Epoch: 89 [19200/60000 (32%)]	Loss: 1.963324
Train Epoch: 89 [25600/60000 (43%)]	Loss: 2.016726
Train Epoch: 89 [32000/60000 (53%)]	Loss: 2.028222
Train Epoch: 89 [38400/60000 (64%)]	Loss: 2.107970
Train Epoch: 89 [44800/60000 (75%)]	Loss: 2.098949
Train Epoch: 89 [51200/60000 (85%)]	Loss: 2.105767
Train Epoch: 89 [57600/60000 (96%)]	Loss: 2.029107

Test set: Average loss: 2.1109, Accuracy: 3482/10000 (35%)

Train Epoch: 90 [0/60000 (0%)]	Loss: 2.057673
Train Epoch: 90 [6400/60000 (11%)]	Loss: 2.105309
Train Epoch: 90 [12800/60000 (21%)]	Loss: 2.031452
Train Epoch: 90 [19200/60000 (32%)]	Loss: 2.138399
Train Epoch: 90 [25600/60000 (43%)]	Loss: 2.077778
Train Epoch: 90 [32000/60000 (53%)]	Loss: 2.053458
Train Epoch: 90 [38400/60000 (64%)]	Loss: 2.120826
Train Epoch: 90 [44800/60000 (75%)]	Loss: 2.057070
Train Epoch: 90 [51200/60000 (85%)]	Loss: 2.115992
Train Epoch: 90 [57600/60000 (96%)]	Loss: 2.101944

Test set: Average loss: 2.1079, Accuracy: 3137/10000 (31%)

Train Epoch: 91 [0/60000 (0%)]	Loss: 2.101866
Train Epoch: 91 [6400/60000 (11%)]	Loss: 2.092810
Train Epoch: 91 [12800/60000 (21%)]	Loss: 1.997445
Train Epoch: 91 [19200/60000 (32%)]	Loss: 2.053978
Train Epoch: 91 [25600/60000 (43%)]	Loss: 2.152728
Train Epoch: 91 [32000/60000 (53%)]	Loss: 2.038747
Train Epoch: 91 [38400/60000 (64%)]	Loss: 2.094705
Train Epoch: 91 [44800/60000 (75%)]	Loss: 2.149591
Train Epoch: 91 [51200/60000 (85%)]	Loss: 2.001277
Train Epoch: 91 [57600/60000 (96%)]	Loss: 2.080425

Test set: Average loss: 2.0940, Accuracy: 3648/10000 (36%)

Train Epoch: 92 [0/60000 (0%)]	Loss: 2.082269
Train Epoch: 92 [6400/60000 (11%)]	Loss: 2.089935
Train Epoch: 92 [12800/60000 (21%)]	Loss: 2.093939
Train Epoch: 92 [19200/60000 (32%)]	Loss: 2.174889
Train Epoch: 92 [25600/60000 (43%)]	Loss: 2.171933
Train Epoch: 92 [32000/60000 (53%)]	Loss: 2.153355
Train Epoch: 92 [38400/60000 (64%)]	Loss: 2.105509
Train Epoch: 92 [44800/60000 (75%)]	Loss: 2.085308
Train Epoch: 92 [51200/60000 (85%)]	Loss: 1.983676
Train Epoch: 92 [57600/60000 (96%)]	Loss: 2.110426

Test set: Average loss: 2.0818, Accuracy: 3959/10000 (40%)

Train Epoch: 93 [0/60000 (0%)]	Loss: 2.077125
Train Epoch: 93 [6400/60000 (11%)]	Loss: 2.145965
Train Epoch: 93 [12800/60000 (21%)]	Loss: 2.074406
Train Epoch: 93 [19200/60000 (32%)]	Loss: 2.036354
Train Epoch: 93 [25600/60000 (43%)]	Loss: 2.065356
Train Epoch: 93 [32000/60000 (53%)]	Loss: 2.080717
Train Epoch: 93 [38400/60000 (64%)]	Loss: 2.085332
Train Epoch: 93 [44800/60000 (75%)]	Loss: 2.129139
Train Epoch: 93 [51200/60000 (85%)]	Loss: 2.110836
Train Epoch: 93 [57600/60000 (96%)]	Loss: 2.127408

Test set: Average loss: 2.0880, Accuracy: 3815/10000 (38%)

Train Epoch: 94 [0/60000 (0%)]	Loss: 2.059003
Train Epoch: 94 [6400/60000 (11%)]	Loss: 2.148308
Train Epoch: 94 [12800/60000 (21%)]	Loss: 2.052236
Train Epoch: 94 [19200/60000 (32%)]	Loss: 2.136034
Train Epoch: 94 [25600/60000 (43%)]	Loss: 1.982332
Train Epoch: 94 [32000/60000 (53%)]	Loss: 2.139857
Train Epoch: 94 [38400/60000 (64%)]	Loss: 2.021935
Train Epoch: 94 [44800/60000 (75%)]	Loss: 2.077375
Train Epoch: 94 [51200/60000 (85%)]	Loss: 1.996543
Train Epoch: 94 [57600/60000 (96%)]	Loss: 2.016124

Test set: Average loss: 2.1200, Accuracy: 2828/10000 (28%)

Train Epoch: 95 [0/60000 (0%)]	Loss: 2.159535
Train Epoch: 95 [6400/60000 (11%)]	Loss: 2.131305
Train Epoch: 95 [12800/60000 (21%)]	Loss: 2.125230
Train Epoch: 95 [19200/60000 (32%)]	Loss: 1.996708
Train Epoch: 95 [25600/60000 (43%)]	Loss: 2.188560
Train Epoch: 95 [32000/60000 (53%)]	Loss: 2.048252
Train Epoch: 95 [38400/60000 (64%)]	Loss: 2.176125
Train Epoch: 95 [44800/60000 (75%)]	Loss: 2.077566
Train Epoch: 95 [51200/60000 (85%)]	Loss: 1.998252
Train Epoch: 95 [57600/60000 (96%)]	Loss: 2.147908

Test set: Average loss: 2.0949, Accuracy: 3387/10000 (34%)

Train Epoch: 96 [0/60000 (0%)]	Loss: 2.042797
Train Epoch: 96 [6400/60000 (11%)]	Loss: 2.062050
Train Epoch: 96 [12800/60000 (21%)]	Loss: 2.140055
Train Epoch: 96 [19200/60000 (32%)]	Loss: 2.028610
Train Epoch: 96 [25600/60000 (43%)]	Loss: 2.016281
Train Epoch: 96 [32000/60000 (53%)]	Loss: 1.979536
Train Epoch: 96 [38400/60000 (64%)]	Loss: 2.184091
Train Epoch: 96 [44800/60000 (75%)]	Loss: 2.164608
Train Epoch: 96 [51200/60000 (85%)]	Loss: 2.050359
Train Epoch: 96 [57600/60000 (96%)]	Loss: 2.089466

Test set: Average loss: 2.1079, Accuracy: 2925/10000 (29%)

Train Epoch: 97 [0/60000 (0%)]	Loss: 2.093682
Train Epoch: 97 [6400/60000 (11%)]	Loss: 2.052541
Train Epoch: 97 [12800/60000 (21%)]	Loss: 2.117163
Train Epoch: 97 [19200/60000 (32%)]	Loss: 2.169490
Train Epoch: 97 [25600/60000 (43%)]	Loss: 2.067352
Train Epoch: 97 [32000/60000 (53%)]	Loss: 2.094686
Train Epoch: 97 [38400/60000 (64%)]	Loss: 2.153308
Train Epoch: 97 [44800/60000 (75%)]	Loss: 2.116585
Train Epoch: 97 [51200/60000 (85%)]	Loss: 2.128891
Train Epoch: 97 [57600/60000 (96%)]	Loss: 2.099251

Test set: Average loss: 2.0818, Accuracy: 3478/10000 (35%)

Train Epoch: 98 [0/60000 (0%)]	Loss: 2.105832
Train Epoch: 98 [6400/60000 (11%)]	Loss: 2.131201
Train Epoch: 98 [12800/60000 (21%)]	Loss: 2.061385
Train Epoch: 98 [19200/60000 (32%)]	Loss: 1.989843
Train Epoch: 98 [25600/60000 (43%)]	Loss: 2.079557
Train Epoch: 98 [32000/60000 (53%)]	Loss: 2.129835
Train Epoch: 98 [38400/60000 (64%)]	Loss: 2.063518
Train Epoch: 98 [44800/60000 (75%)]	Loss: 2.017738
Train Epoch: 98 [51200/60000 (85%)]	Loss: 2.087427
Train Epoch: 98 [57600/60000 (96%)]	Loss: 2.092842

Test set: Average loss: 2.0873, Accuracy: 3941/10000 (39%)

Train Epoch: 99 [0/60000 (0%)]	Loss: 2.072479
Train Epoch: 99 [6400/60000 (11%)]	Loss: 2.081654
Train Epoch: 99 [12800/60000 (21%)]	Loss: 2.081695
Train Epoch: 99 [19200/60000 (32%)]	Loss: 2.052201
Train Epoch: 99 [25600/60000 (43%)]	Loss: 2.083698
Train Epoch: 99 [32000/60000 (53%)]	Loss: 2.205537
Train Epoch: 99 [38400/60000 (64%)]	Loss: 2.055901
Train Epoch: 99 [44800/60000 (75%)]	Loss: 2.047231
Train Epoch: 99 [51200/60000 (85%)]	Loss: 1.988257
Train Epoch: 99 [57600/60000 (96%)]	Loss: 2.081886

Test set: Average loss: 2.0777, Accuracy: 3701/10000 (37%)

Train Epoch: 100 [0/60000 (0%)]	Loss: 2.173014
Train Epoch: 100 [6400/60000 (11%)]	Loss: 1.991320
Train Epoch: 100 [12800/60000 (21%)]	Loss: 2.025072
Train Epoch: 100 [19200/60000 (32%)]	Loss: 2.093019
Train Epoch: 100 [25600/60000 (43%)]	Loss: 2.155326
Train Epoch: 100 [32000/60000 (53%)]	Loss: 1.973891
Train Epoch: 100 [38400/60000 (64%)]	Loss: 2.105512
Train Epoch: 100 [44800/60000 (75%)]	Loss: 2.109946
Train Epoch: 100 [51200/60000 (85%)]	Loss: 2.006575
Train Epoch: 100 [57600/60000 (96%)]	Loss: 2.081862

Test set: Average loss: 2.1058, Accuracy: 3467/10000 (35%)

Namespace(batch_size=64, bias=None, data='../data', device=0, epochs=100, hidden_size=500, load_weights='../base3/lenet5/lenet5_e100_h500.pt', log_interval=100, lr=0.01, milestones=[5, 7], model='prunelenet5', momentum=0.9, no_cuda=False, r=5, save_model=None, save_results=True, scheduler='cosine', seed=1, sparsity=0.05, use_relu=False, wd=0.0005)


Total time spent pruning/training: 31.22 minutes
Total number of parameters in model: 300414
Number of parameters in pruned model: 285521
