Namespace(batch_size=64, bias=None, data='../data', device=0, epochs=50, hidden_size=500, load_weights='../base2/lenet5/lenet5_e50_h500.pt', log_interval=100, lr=0.01, milestones=[5, 7], model='prunelenet5', momentum=0.9, no_cuda=False, r=5, save_model=None, save_results=True, scheduler='cosine', seed=1, sparsity=0.01, use_relu=False, wd=0.0005) 

Training a Pruned LeNet5 network ...
Train Epoch: 1 [0/60000 (0%)]	Loss: 2.490979
Train Epoch: 1 [6400/60000 (11%)]	Loss: 1.956876
Train Epoch: 1 [12800/60000 (21%)]	Loss: 1.749592
Train Epoch: 1 [19200/60000 (32%)]	Loss: 1.783150
Train Epoch: 1 [25600/60000 (43%)]	Loss: 1.880466
Train Epoch: 1 [32000/60000 (53%)]	Loss: 1.973858
Train Epoch: 1 [38400/60000 (64%)]	Loss: 1.841921
Train Epoch: 1 [44800/60000 (75%)]	Loss: 2.039615
Train Epoch: 1 [51200/60000 (85%)]	Loss: 1.886193
Train Epoch: 1 [57600/60000 (96%)]	Loss: 1.965155

Test set: Average loss: 1.9964, Accuracy: 4004/10000 (40%)

Train Epoch: 2 [0/60000 (0%)]	Loss: 2.045013
Train Epoch: 2 [6400/60000 (11%)]	Loss: 1.982464
Train Epoch: 2 [12800/60000 (21%)]	Loss: 2.129414
Train Epoch: 2 [19200/60000 (32%)]	Loss: 1.994833
Train Epoch: 2 [25600/60000 (43%)]	Loss: 2.036731
Train Epoch: 2 [32000/60000 (53%)]	Loss: 2.074730
Train Epoch: 2 [38400/60000 (64%)]	Loss: 2.058148
Train Epoch: 2 [44800/60000 (75%)]	Loss: 2.052664
Train Epoch: 2 [51200/60000 (85%)]	Loss: 2.171675
Train Epoch: 2 [57600/60000 (96%)]	Loss: 2.095703

Test set: Average loss: 2.0968, Accuracy: 3451/10000 (35%)

Train Epoch: 3 [0/60000 (0%)]	Loss: 2.109559
Train Epoch: 3 [6400/60000 (11%)]	Loss: 2.016501
Train Epoch: 3 [12800/60000 (21%)]	Loss: 2.176740
Train Epoch: 3 [19200/60000 (32%)]	Loss: 2.140025
Train Epoch: 3 [25600/60000 (43%)]	Loss: 2.135713
Train Epoch: 3 [32000/60000 (53%)]	Loss: 2.229855
Train Epoch: 3 [38400/60000 (64%)]	Loss: 2.124301
Train Epoch: 3 [44800/60000 (75%)]	Loss: 2.072013
Train Epoch: 3 [51200/60000 (85%)]	Loss: 2.192793
Train Epoch: 3 [57600/60000 (96%)]	Loss: 2.182058

Test set: Average loss: 2.1632, Accuracy: 2859/10000 (29%)

Train Epoch: 4 [0/60000 (0%)]	Loss: 2.159789
Train Epoch: 4 [6400/60000 (11%)]	Loss: 2.204798
Train Epoch: 4 [12800/60000 (21%)]	Loss: 2.151907
Train Epoch: 4 [19200/60000 (32%)]	Loss: 2.203278
Train Epoch: 4 [25600/60000 (43%)]	Loss: 2.137814
Train Epoch: 4 [32000/60000 (53%)]	Loss: 2.097293
Train Epoch: 4 [38400/60000 (64%)]	Loss: 2.215990
Train Epoch: 4 [44800/60000 (75%)]	Loss: 2.151427
Train Epoch: 4 [51200/60000 (85%)]	Loss: 2.332741
Train Epoch: 4 [57600/60000 (96%)]	Loss: 2.211039

Test set: Average loss: 2.2232, Accuracy: 2328/10000 (23%)

Train Epoch: 5 [0/60000 (0%)]	Loss: 2.225608
Train Epoch: 5 [6400/60000 (11%)]	Loss: 2.097326
Train Epoch: 5 [12800/60000 (21%)]	Loss: 2.333507
Train Epoch: 5 [19200/60000 (32%)]	Loss: 2.266674
Train Epoch: 5 [25600/60000 (43%)]	Loss: 2.288301
Train Epoch: 5 [32000/60000 (53%)]	Loss: 2.266394
Train Epoch: 5 [38400/60000 (64%)]	Loss: 2.267128
Train Epoch: 5 [44800/60000 (75%)]	Loss: 2.215985
Train Epoch: 5 [51200/60000 (85%)]	Loss: 2.284480
Train Epoch: 5 [57600/60000 (96%)]	Loss: 2.133967

Test set: Average loss: 2.2492, Accuracy: 1961/10000 (20%)

Train Epoch: 6 [0/60000 (0%)]	Loss: 2.291146
Train Epoch: 6 [6400/60000 (11%)]	Loss: 2.351986
Train Epoch: 6 [12800/60000 (21%)]	Loss: 2.249048
Train Epoch: 6 [19200/60000 (32%)]	Loss: 2.239980
Train Epoch: 6 [25600/60000 (43%)]	Loss: 2.261261
Train Epoch: 6 [32000/60000 (53%)]	Loss: 2.244858
Train Epoch: 6 [38400/60000 (64%)]	Loss: 2.263177
Train Epoch: 6 [44800/60000 (75%)]	Loss: 2.308524
Train Epoch: 6 [51200/60000 (85%)]	Loss: 2.345792
Train Epoch: 6 [57600/60000 (96%)]	Loss: 2.358422

Test set: Average loss: 2.2738, Accuracy: 1423/10000 (14%)

Train Epoch: 7 [0/60000 (0%)]	Loss: 2.306608
Train Epoch: 7 [6400/60000 (11%)]	Loss: 2.281030
Train Epoch: 7 [12800/60000 (21%)]	Loss: 2.338288
Train Epoch: 7 [19200/60000 (32%)]	Loss: 2.236619
Train Epoch: 7 [25600/60000 (43%)]	Loss: 2.289592
Train Epoch: 7 [32000/60000 (53%)]	Loss: 2.272938
Train Epoch: 7 [38400/60000 (64%)]	Loss: 2.225933
Train Epoch: 7 [44800/60000 (75%)]	Loss: 2.229315
Train Epoch: 7 [51200/60000 (85%)]	Loss: 2.354562
Train Epoch: 7 [57600/60000 (96%)]	Loss: 2.348486

Test set: Average loss: 2.2972, Accuracy: 1189/10000 (12%)

Train Epoch: 8 [0/60000 (0%)]	Loss: 2.256574
Train Epoch: 8 [6400/60000 (11%)]	Loss: 2.363225
Train Epoch: 8 [12800/60000 (21%)]	Loss: 2.355915
Train Epoch: 8 [19200/60000 (32%)]	Loss: 2.429739
Train Epoch: 8 [25600/60000 (43%)]	Loss: 2.459632
Train Epoch: 8 [32000/60000 (53%)]	Loss: 2.306242
Train Epoch: 8 [38400/60000 (64%)]	Loss: 2.264565
Train Epoch: 8 [44800/60000 (75%)]	Loss: 2.300308
Train Epoch: 8 [51200/60000 (85%)]	Loss: 2.267703
Train Epoch: 8 [57600/60000 (96%)]	Loss: 2.370711

Test set: Average loss: 2.3070, Accuracy: 1264/10000 (13%)

Train Epoch: 9 [0/60000 (0%)]	Loss: 2.220975
Train Epoch: 9 [6400/60000 (11%)]	Loss: 2.400986
Train Epoch: 9 [12800/60000 (21%)]	Loss: 2.427906
Train Epoch: 9 [19200/60000 (32%)]	Loss: 2.284847
Train Epoch: 9 [25600/60000 (43%)]	Loss: 2.241473
Train Epoch: 9 [32000/60000 (53%)]	Loss: 2.327083
Train Epoch: 9 [38400/60000 (64%)]	Loss: 2.380465
Train Epoch: 9 [44800/60000 (75%)]	Loss: 2.299892
Train Epoch: 9 [51200/60000 (85%)]	Loss: 2.255355
Train Epoch: 9 [57600/60000 (96%)]	Loss: 2.365903

Test set: Average loss: 2.3186, Accuracy: 1158/10000 (12%)

Train Epoch: 10 [0/60000 (0%)]	Loss: 2.342952
Train Epoch: 10 [6400/60000 (11%)]	Loss: 2.399021
Train Epoch: 10 [12800/60000 (21%)]	Loss: 2.431824
Train Epoch: 10 [19200/60000 (32%)]	Loss: 2.368168
Train Epoch: 10 [25600/60000 (43%)]	Loss: 2.481162
Train Epoch: 10 [32000/60000 (53%)]	Loss: 2.338758
Train Epoch: 10 [38400/60000 (64%)]	Loss: 2.397692
Train Epoch: 10 [44800/60000 (75%)]	Loss: 2.428468
Train Epoch: 10 [51200/60000 (85%)]	Loss: 2.301451
Train Epoch: 10 [57600/60000 (96%)]	Loss: 2.302591

Test set: Average loss: 2.3422, Accuracy: 1372/10000 (14%)

Train Epoch: 11 [0/60000 (0%)]	Loss: 2.401987
Train Epoch: 11 [6400/60000 (11%)]	Loss: 2.257416
Train Epoch: 11 [12800/60000 (21%)]	Loss: 2.319245
Train Epoch: 11 [19200/60000 (32%)]	Loss: 2.309816
Train Epoch: 11 [25600/60000 (43%)]	Loss: 2.419036
Train Epoch: 11 [32000/60000 (53%)]	Loss: 2.322157
Train Epoch: 11 [38400/60000 (64%)]	Loss: 2.318230
Train Epoch: 11 [44800/60000 (75%)]	Loss: 2.287320
Train Epoch: 11 [51200/60000 (85%)]	Loss: 2.335426
Train Epoch: 11 [57600/60000 (96%)]	Loss: 2.345785

Test set: Average loss: 2.3457, Accuracy: 1102/10000 (11%)

Train Epoch: 12 [0/60000 (0%)]	Loss: 2.266080
Train Epoch: 12 [6400/60000 (11%)]	Loss: 2.347404
Train Epoch: 12 [12800/60000 (21%)]	Loss: 2.387510
Train Epoch: 12 [19200/60000 (32%)]	Loss: 2.330745
Train Epoch: 12 [25600/60000 (43%)]	Loss: 2.430825
Train Epoch: 12 [32000/60000 (53%)]	Loss: 2.361021
Train Epoch: 12 [38400/60000 (64%)]	Loss: 2.457744
Train Epoch: 12 [44800/60000 (75%)]	Loss: 2.369149
Train Epoch: 12 [51200/60000 (85%)]	Loss: 2.367664
Train Epoch: 12 [57600/60000 (96%)]	Loss: 2.363228

Test set: Average loss: 2.3620, Accuracy: 1037/10000 (10%)

Train Epoch: 13 [0/60000 (0%)]	Loss: 2.291714
Train Epoch: 13 [6400/60000 (11%)]	Loss: 2.377293
Train Epoch: 13 [12800/60000 (21%)]	Loss: 2.316414
Train Epoch: 13 [19200/60000 (32%)]	Loss: 2.443314
Train Epoch: 13 [25600/60000 (43%)]	Loss: 2.445648
Train Epoch: 13 [32000/60000 (53%)]	Loss: 2.374702
Train Epoch: 13 [38400/60000 (64%)]	Loss: 2.287756
Train Epoch: 13 [44800/60000 (75%)]	Loss: 2.301825
Train Epoch: 13 [51200/60000 (85%)]	Loss: 2.277393
Train Epoch: 13 [57600/60000 (96%)]	Loss: 2.424753

Test set: Average loss: 2.3701, Accuracy: 1022/10000 (10%)

Train Epoch: 14 [0/60000 (0%)]	Loss: 2.309224
Train Epoch: 14 [6400/60000 (11%)]	Loss: 2.408177
Train Epoch: 14 [12800/60000 (21%)]	Loss: 2.401350
Train Epoch: 14 [19200/60000 (32%)]	Loss: 2.350959
Train Epoch: 14 [25600/60000 (43%)]	Loss: 2.417514
Train Epoch: 14 [32000/60000 (53%)]	Loss: 2.533476
Train Epoch: 14 [38400/60000 (64%)]	Loss: 2.272065
Train Epoch: 14 [44800/60000 (75%)]	Loss: 2.338573
Train Epoch: 14 [51200/60000 (85%)]	Loss: 2.436558
Train Epoch: 14 [57600/60000 (96%)]	Loss: 2.329705

Test set: Average loss: 2.3766, Accuracy: 1041/10000 (10%)

Train Epoch: 15 [0/60000 (0%)]	Loss: 2.360402
Train Epoch: 15 [6400/60000 (11%)]	Loss: 2.174114
Train Epoch: 15 [12800/60000 (21%)]	Loss: 2.397426
Train Epoch: 15 [19200/60000 (32%)]	Loss: 2.338828
Train Epoch: 15 [25600/60000 (43%)]	Loss: 2.393656
Train Epoch: 15 [32000/60000 (53%)]	Loss: 2.489796
Train Epoch: 15 [38400/60000 (64%)]	Loss: 2.436680
Train Epoch: 15 [44800/60000 (75%)]	Loss: 2.313799
Train Epoch: 15 [51200/60000 (85%)]	Loss: 2.363308
Train Epoch: 15 [57600/60000 (96%)]	Loss: 2.275905

Test set: Average loss: 2.3902, Accuracy: 957/10000 (10%)

Train Epoch: 16 [0/60000 (0%)]	Loss: 2.303581
Train Epoch: 16 [6400/60000 (11%)]	Loss: 2.429280
Train Epoch: 16 [12800/60000 (21%)]	Loss: 2.266093
Train Epoch: 16 [19200/60000 (32%)]	Loss: 2.359572
Train Epoch: 16 [25600/60000 (43%)]	Loss: 2.409823
Train Epoch: 16 [32000/60000 (53%)]	Loss: 2.330206
Train Epoch: 16 [38400/60000 (64%)]	Loss: 2.434062
Train Epoch: 16 [44800/60000 (75%)]	Loss: 2.478116
Train Epoch: 16 [51200/60000 (85%)]	Loss: 2.371418
Train Epoch: 16 [57600/60000 (96%)]	Loss: 2.370376

Test set: Average loss: 2.3884, Accuracy: 998/10000 (10%)

Train Epoch: 17 [0/60000 (0%)]	Loss: 2.347140
Train Epoch: 17 [6400/60000 (11%)]	Loss: 2.334623
Train Epoch: 17 [12800/60000 (21%)]	Loss: 2.361334
Train Epoch: 17 [19200/60000 (32%)]	Loss: 2.472914
Train Epoch: 17 [25600/60000 (43%)]	Loss: 2.527632
Train Epoch: 17 [32000/60000 (53%)]	Loss: 2.427162
Train Epoch: 17 [38400/60000 (64%)]	Loss: 2.417249
Train Epoch: 17 [44800/60000 (75%)]	Loss: 2.372020
Train Epoch: 17 [51200/60000 (85%)]	Loss: 2.402803
Train Epoch: 17 [57600/60000 (96%)]	Loss: 2.325267

Test set: Average loss: 2.3976, Accuracy: 781/10000 (8%)

Train Epoch: 18 [0/60000 (0%)]	Loss: 2.529759
Train Epoch: 18 [6400/60000 (11%)]	Loss: 2.424232
Train Epoch: 18 [12800/60000 (21%)]	Loss: 2.309676
Train Epoch: 18 [19200/60000 (32%)]	Loss: 2.353402
Train Epoch: 18 [25600/60000 (43%)]	Loss: 2.340690
Train Epoch: 18 [32000/60000 (53%)]	Loss: 2.312809
Train Epoch: 18 [38400/60000 (64%)]	Loss: 2.516954
Train Epoch: 18 [44800/60000 (75%)]	Loss: 2.427455
Train Epoch: 18 [51200/60000 (85%)]	Loss: 2.469840
Train Epoch: 18 [57600/60000 (96%)]	Loss: 2.435239

Test set: Average loss: 2.4052, Accuracy: 900/10000 (9%)

Train Epoch: 19 [0/60000 (0%)]	Loss: 2.445113
Train Epoch: 19 [6400/60000 (11%)]	Loss: 2.434511
Train Epoch: 19 [12800/60000 (21%)]	Loss: 2.395236
Train Epoch: 19 [19200/60000 (32%)]	Loss: 2.368208
Train Epoch: 19 [25600/60000 (43%)]	Loss: 2.538133
Train Epoch: 19 [32000/60000 (53%)]	Loss: 2.362804
Train Epoch: 19 [38400/60000 (64%)]	Loss: 2.335558
Train Epoch: 19 [44800/60000 (75%)]	Loss: 2.440691
Train Epoch: 19 [51200/60000 (85%)]	Loss: 2.421620
Train Epoch: 19 [57600/60000 (96%)]	Loss: 2.439303

Test set: Average loss: 2.3967, Accuracy: 779/10000 (8%)

Train Epoch: 20 [0/60000 (0%)]	Loss: 2.466379
Train Epoch: 20 [6400/60000 (11%)]	Loss: 2.351921
Train Epoch: 20 [12800/60000 (21%)]	Loss: 2.387712
Train Epoch: 20 [19200/60000 (32%)]	Loss: 2.379014
Train Epoch: 20 [25600/60000 (43%)]	Loss: 2.364644
Train Epoch: 20 [32000/60000 (53%)]	Loss: 2.416189
Train Epoch: 20 [38400/60000 (64%)]	Loss: 2.350064
Train Epoch: 20 [44800/60000 (75%)]	Loss: 2.501523
Train Epoch: 20 [51200/60000 (85%)]	Loss: 2.410629
Train Epoch: 20 [57600/60000 (96%)]	Loss: 2.489763

Test set: Average loss: 2.4083, Accuracy: 795/10000 (8%)

Train Epoch: 21 [0/60000 (0%)]	Loss: 2.420566
Train Epoch: 21 [6400/60000 (11%)]	Loss: 2.350889
Train Epoch: 21 [12800/60000 (21%)]	Loss: 2.410113
Train Epoch: 21 [19200/60000 (32%)]	Loss: 2.390290
Train Epoch: 21 [25600/60000 (43%)]	Loss: 2.405313
Train Epoch: 21 [32000/60000 (53%)]	Loss: 2.461533
Train Epoch: 21 [38400/60000 (64%)]	Loss: 2.428886
Train Epoch: 21 [44800/60000 (75%)]	Loss: 2.391347
Train Epoch: 21 [51200/60000 (85%)]	Loss: 2.387113
Train Epoch: 21 [57600/60000 (96%)]	Loss: 2.501539

Test set: Average loss: 2.4069, Accuracy: 907/10000 (9%)

Train Epoch: 22 [0/60000 (0%)]	Loss: 2.427407
Train Epoch: 22 [6400/60000 (11%)]	Loss: 2.447482
Train Epoch: 22 [12800/60000 (21%)]	Loss: 2.195603
Train Epoch: 22 [19200/60000 (32%)]	Loss: 2.343612
Train Epoch: 22 [25600/60000 (43%)]	Loss: 2.435717
Train Epoch: 22 [32000/60000 (53%)]	Loss: 2.412410
Train Epoch: 22 [38400/60000 (64%)]	Loss: 2.359016
Train Epoch: 22 [44800/60000 (75%)]	Loss: 2.544228
Train Epoch: 22 [51200/60000 (85%)]	Loss: 2.416597
Train Epoch: 22 [57600/60000 (96%)]	Loss: 2.430174

Test set: Average loss: 2.4090, Accuracy: 943/10000 (9%)

Train Epoch: 23 [0/60000 (0%)]	Loss: 2.468269
Train Epoch: 23 [6400/60000 (11%)]	Loss: 2.381062
Train Epoch: 23 [12800/60000 (21%)]	Loss: 2.309772
Train Epoch: 23 [19200/60000 (32%)]	Loss: 2.332602
Train Epoch: 23 [25600/60000 (43%)]	Loss: 2.316896
Train Epoch: 23 [32000/60000 (53%)]	Loss: 2.410110
Train Epoch: 23 [38400/60000 (64%)]	Loss: 2.383456
Train Epoch: 23 [44800/60000 (75%)]	Loss: 2.426372
Train Epoch: 23 [51200/60000 (85%)]	Loss: 2.509008
Train Epoch: 23 [57600/60000 (96%)]	Loss: 2.397258

Test set: Average loss: 2.4166, Accuracy: 844/10000 (8%)

Train Epoch: 24 [0/60000 (0%)]	Loss: 2.517477
Train Epoch: 24 [6400/60000 (11%)]	Loss: 2.428720
Train Epoch: 24 [12800/60000 (21%)]	Loss: 2.463372
Train Epoch: 24 [19200/60000 (32%)]	Loss: 2.382868
Train Epoch: 24 [25600/60000 (43%)]	Loss: 2.519696
Train Epoch: 24 [32000/60000 (53%)]	Loss: 2.354479
Train Epoch: 24 [38400/60000 (64%)]	Loss: 2.295606
Train Epoch: 24 [44800/60000 (75%)]	Loss: 2.375954
Train Epoch: 24 [51200/60000 (85%)]	Loss: 2.336548
Train Epoch: 24 [57600/60000 (96%)]	Loss: 2.424261

Test set: Average loss: 2.4189, Accuracy: 855/10000 (9%)

Train Epoch: 25 [0/60000 (0%)]	Loss: 2.352424
Train Epoch: 25 [6400/60000 (11%)]	Loss: 2.452776
Train Epoch: 25 [12800/60000 (21%)]	Loss: 2.549861
Train Epoch: 25 [19200/60000 (32%)]	Loss: 2.363676
Train Epoch: 25 [25600/60000 (43%)]	Loss: 2.471221
Train Epoch: 25 [32000/60000 (53%)]	Loss: 2.426579
Train Epoch: 25 [38400/60000 (64%)]	Loss: 2.372273
Train Epoch: 25 [44800/60000 (75%)]	Loss: 2.478409
Train Epoch: 25 [51200/60000 (85%)]	Loss: 2.404372
Train Epoch: 25 [57600/60000 (96%)]	Loss: 2.298368

Test set: Average loss: 2.4121, Accuracy: 890/10000 (9%)

Train Epoch: 26 [0/60000 (0%)]	Loss: 2.385114
Train Epoch: 26 [6400/60000 (11%)]	Loss: 2.373845
Train Epoch: 26 [12800/60000 (21%)]	Loss: 2.491201
Train Epoch: 26 [19200/60000 (32%)]	Loss: 2.414488
Train Epoch: 26 [25600/60000 (43%)]	Loss: 2.466196
Train Epoch: 26 [32000/60000 (53%)]	Loss: 2.477608
Train Epoch: 26 [38400/60000 (64%)]	Loss: 2.315222
Train Epoch: 26 [44800/60000 (75%)]	Loss: 2.340157
Train Epoch: 26 [51200/60000 (85%)]	Loss: 2.400328
Train Epoch: 26 [57600/60000 (96%)]	Loss: 2.503451

Test set: Average loss: 2.4259, Accuracy: 803/10000 (8%)

Train Epoch: 27 [0/60000 (0%)]	Loss: 2.415082
Train Epoch: 27 [6400/60000 (11%)]	Loss: 2.530454
Train Epoch: 27 [12800/60000 (21%)]	Loss: 2.444246
Train Epoch: 27 [19200/60000 (32%)]	Loss: 2.333689
Train Epoch: 27 [25600/60000 (43%)]	Loss: 2.384235
Train Epoch: 27 [32000/60000 (53%)]	Loss: 2.438556
Train Epoch: 27 [38400/60000 (64%)]	Loss: 2.532515
Train Epoch: 27 [44800/60000 (75%)]	Loss: 2.527631
Train Epoch: 27 [51200/60000 (85%)]	Loss: 2.360878
Train Epoch: 27 [57600/60000 (96%)]	Loss: 2.324768

Test set: Average loss: 2.4361, Accuracy: 915/10000 (9%)

Train Epoch: 28 [0/60000 (0%)]	Loss: 2.503326
Train Epoch: 28 [6400/60000 (11%)]	Loss: 2.532575
Train Epoch: 28 [12800/60000 (21%)]	Loss: 2.475210
Train Epoch: 28 [19200/60000 (32%)]	Loss: 2.546856
Train Epoch: 28 [25600/60000 (43%)]	Loss: 2.331717
Train Epoch: 28 [32000/60000 (53%)]	Loss: 2.446716
Train Epoch: 28 [38400/60000 (64%)]	Loss: 2.465930
Train Epoch: 28 [44800/60000 (75%)]	Loss: 2.409474
Train Epoch: 28 [51200/60000 (85%)]	Loss: 2.389159
Train Epoch: 28 [57600/60000 (96%)]	Loss: 2.428773

Test set: Average loss: 2.4251, Accuracy: 764/10000 (8%)

Train Epoch: 29 [0/60000 (0%)]	Loss: 2.486158
Train Epoch: 29 [6400/60000 (11%)]	Loss: 2.444469
Train Epoch: 29 [12800/60000 (21%)]	Loss: 2.349682
Train Epoch: 29 [19200/60000 (32%)]	Loss: 2.429448
Train Epoch: 29 [25600/60000 (43%)]	Loss: 2.523658
Train Epoch: 29 [32000/60000 (53%)]	Loss: 2.431268
Train Epoch: 29 [38400/60000 (64%)]	Loss: 2.445820
Train Epoch: 29 [44800/60000 (75%)]	Loss: 2.385020
Train Epoch: 29 [51200/60000 (85%)]	Loss: 2.317794
Train Epoch: 29 [57600/60000 (96%)]	Loss: 2.414771

Test set: Average loss: 2.4281, Accuracy: 939/10000 (9%)

Train Epoch: 30 [0/60000 (0%)]	Loss: 2.549826
Train Epoch: 30 [6400/60000 (11%)]	Loss: 2.388893
Train Epoch: 30 [12800/60000 (21%)]	Loss: 2.402750
Train Epoch: 30 [19200/60000 (32%)]	Loss: 2.439703
Train Epoch: 30 [25600/60000 (43%)]	Loss: 2.293664
Train Epoch: 30 [32000/60000 (53%)]	Loss: 2.404392
Train Epoch: 30 [38400/60000 (64%)]	Loss: 2.414072
Train Epoch: 30 [44800/60000 (75%)]	Loss: 2.437576
Train Epoch: 30 [51200/60000 (85%)]	Loss: 2.359626
Train Epoch: 30 [57600/60000 (96%)]	Loss: 2.477895

Test set: Average loss: 2.4343, Accuracy: 953/10000 (10%)

Train Epoch: 31 [0/60000 (0%)]	Loss: 2.410349
Train Epoch: 31 [6400/60000 (11%)]	Loss: 2.361109
Train Epoch: 31 [12800/60000 (21%)]	Loss: 2.425557
Train Epoch: 31 [19200/60000 (32%)]	Loss: 2.382474
Train Epoch: 31 [25600/60000 (43%)]	Loss: 2.443379
Train Epoch: 31 [32000/60000 (53%)]	Loss: 2.348160
Train Epoch: 31 [38400/60000 (64%)]	Loss: 2.619240
Train Epoch: 31 [44800/60000 (75%)]	Loss: 2.370260
Train Epoch: 31 [51200/60000 (85%)]	Loss: 2.552686
Train Epoch: 31 [57600/60000 (96%)]	Loss: 2.479509

Test set: Average loss: 2.4308, Accuracy: 724/10000 (7%)

Train Epoch: 32 [0/60000 (0%)]	Loss: 2.385094
Train Epoch: 32 [6400/60000 (11%)]	Loss: 2.422096
Train Epoch: 32 [12800/60000 (21%)]	Loss: 2.335196
Train Epoch: 32 [19200/60000 (32%)]	Loss: 2.352327
Train Epoch: 32 [25600/60000 (43%)]	Loss: 2.448834
Train Epoch: 32 [32000/60000 (53%)]	Loss: 2.522596
Train Epoch: 32 [38400/60000 (64%)]	Loss: 2.442728
Train Epoch: 32 [44800/60000 (75%)]	Loss: 2.364055
Train Epoch: 32 [51200/60000 (85%)]	Loss: 2.546931
Train Epoch: 32 [57600/60000 (96%)]	Loss: 2.423432

Test set: Average loss: 2.4225, Accuracy: 787/10000 (8%)

Train Epoch: 33 [0/60000 (0%)]	Loss: 2.438262
Train Epoch: 33 [6400/60000 (11%)]	Loss: 2.451807
Train Epoch: 33 [12800/60000 (21%)]	Loss: 2.442765
Train Epoch: 33 [19200/60000 (32%)]	Loss: 2.484680
Train Epoch: 33 [25600/60000 (43%)]	Loss: 2.439434
Train Epoch: 33 [32000/60000 (53%)]	Loss: 2.511562
Train Epoch: 33 [38400/60000 (64%)]	Loss: 2.385115
Train Epoch: 33 [44800/60000 (75%)]	Loss: 2.377114
Train Epoch: 33 [51200/60000 (85%)]	Loss: 2.420664
Train Epoch: 33 [57600/60000 (96%)]	Loss: 2.422162

Test set: Average loss: 2.4330, Accuracy: 872/10000 (9%)

Train Epoch: 34 [0/60000 (0%)]	Loss: 2.392437
Train Epoch: 34 [6400/60000 (11%)]	Loss: 2.438052
Train Epoch: 34 [12800/60000 (21%)]	Loss: 2.376039
Train Epoch: 34 [19200/60000 (32%)]	Loss: 2.447131
Train Epoch: 34 [25600/60000 (43%)]	Loss: 2.388689
Train Epoch: 34 [32000/60000 (53%)]	Loss: 2.424500
Train Epoch: 34 [38400/60000 (64%)]	Loss: 2.375839
Train Epoch: 34 [44800/60000 (75%)]	Loss: 2.493317
Train Epoch: 34 [51200/60000 (85%)]	Loss: 2.544030
Train Epoch: 34 [57600/60000 (96%)]	Loss: 2.418535

Test set: Average loss: 2.4282, Accuracy: 835/10000 (8%)

Train Epoch: 35 [0/60000 (0%)]	Loss: 2.451686
Train Epoch: 35 [6400/60000 (11%)]	Loss: 2.414865
Train Epoch: 35 [12800/60000 (21%)]	Loss: 2.446771
Train Epoch: 35 [19200/60000 (32%)]	Loss: 2.411850
Train Epoch: 35 [25600/60000 (43%)]	Loss: 2.521724
Train Epoch: 35 [32000/60000 (53%)]	Loss: 2.444571
Train Epoch: 35 [38400/60000 (64%)]	Loss: 2.300867
Train Epoch: 35 [44800/60000 (75%)]	Loss: 2.433207
Train Epoch: 35 [51200/60000 (85%)]	Loss: 2.508375
Train Epoch: 35 [57600/60000 (96%)]	Loss: 2.370936

Test set: Average loss: 2.4352, Accuracy: 764/10000 (8%)

Train Epoch: 36 [0/60000 (0%)]	Loss: 2.569527
Train Epoch: 36 [6400/60000 (11%)]	Loss: 2.478325
Train Epoch: 36 [12800/60000 (21%)]	Loss: 2.346845
Train Epoch: 36 [19200/60000 (32%)]	Loss: 2.505145
Train Epoch: 36 [25600/60000 (43%)]	Loss: 2.505790
Train Epoch: 36 [32000/60000 (53%)]	Loss: 2.645281
Train Epoch: 36 [38400/60000 (64%)]	Loss: 2.487299
Train Epoch: 36 [44800/60000 (75%)]	Loss: 2.351087
Train Epoch: 36 [51200/60000 (85%)]	Loss: 2.520669
Train Epoch: 36 [57600/60000 (96%)]	Loss: 2.524896

Test set: Average loss: 2.4367, Accuracy: 785/10000 (8%)

Train Epoch: 37 [0/60000 (0%)]	Loss: 2.476019
Train Epoch: 37 [6400/60000 (11%)]	Loss: 2.558921
Train Epoch: 37 [12800/60000 (21%)]	Loss: 2.363087
Train Epoch: 37 [19200/60000 (32%)]	Loss: 2.630340
Train Epoch: 37 [25600/60000 (43%)]	Loss: 2.464383
Train Epoch: 37 [32000/60000 (53%)]	Loss: 2.397836
Train Epoch: 37 [38400/60000 (64%)]	Loss: 2.485801
Train Epoch: 37 [44800/60000 (75%)]	Loss: 2.442390
Train Epoch: 37 [51200/60000 (85%)]	Loss: 2.460496
Train Epoch: 37 [57600/60000 (96%)]	Loss: 2.485883

Test set: Average loss: 2.4450, Accuracy: 852/10000 (9%)

Train Epoch: 38 [0/60000 (0%)]	Loss: 2.439308
Train Epoch: 38 [6400/60000 (11%)]	Loss: 2.479510
Train Epoch: 38 [12800/60000 (21%)]	Loss: 2.388172
Train Epoch: 38 [19200/60000 (32%)]	Loss: 2.376593
Train Epoch: 38 [25600/60000 (43%)]	Loss: 2.393535
Train Epoch: 38 [32000/60000 (53%)]	Loss: 2.246840
Train Epoch: 38 [38400/60000 (64%)]	Loss: 2.440198
Train Epoch: 38 [44800/60000 (75%)]	Loss: 2.466947
Train Epoch: 38 [51200/60000 (85%)]	Loss: 2.391023
Train Epoch: 38 [57600/60000 (96%)]	Loss: 2.406946

Test set: Average loss: 2.4380, Accuracy: 740/10000 (7%)

Train Epoch: 39 [0/60000 (0%)]	Loss: 2.405056
Train Epoch: 39 [6400/60000 (11%)]	Loss: 2.375390
Train Epoch: 39 [12800/60000 (21%)]	Loss: 2.593779
Train Epoch: 39 [19200/60000 (32%)]	Loss: 2.489131
Train Epoch: 39 [25600/60000 (43%)]	Loss: 2.473375
Train Epoch: 39 [32000/60000 (53%)]	Loss: 2.413870
Train Epoch: 39 [38400/60000 (64%)]	Loss: 2.427569
Train Epoch: 39 [44800/60000 (75%)]	Loss: 2.439620
Train Epoch: 39 [51200/60000 (85%)]	Loss: 2.365429
Train Epoch: 39 [57600/60000 (96%)]	Loss: 2.466029

Test set: Average loss: 2.4389, Accuracy: 868/10000 (9%)

Train Epoch: 40 [0/60000 (0%)]	Loss: 2.495787
Train Epoch: 40 [6400/60000 (11%)]	Loss: 2.470874
Train Epoch: 40 [12800/60000 (21%)]	Loss: 2.394672
Train Epoch: 40 [19200/60000 (32%)]	Loss: 2.303296
Train Epoch: 40 [25600/60000 (43%)]	Loss: 2.497020
Train Epoch: 40 [32000/60000 (53%)]	Loss: 2.306952
Train Epoch: 40 [38400/60000 (64%)]	Loss: 2.401982
Train Epoch: 40 [44800/60000 (75%)]	Loss: 2.435154
Train Epoch: 40 [51200/60000 (85%)]	Loss: 2.414625
Train Epoch: 40 [57600/60000 (96%)]	Loss: 2.538159

Test set: Average loss: 2.4381, Accuracy: 846/10000 (8%)

Train Epoch: 41 [0/60000 (0%)]	Loss: 2.346004
Train Epoch: 41 [6400/60000 (11%)]	Loss: 2.448899
Train Epoch: 41 [12800/60000 (21%)]	Loss: 2.494034
Train Epoch: 41 [19200/60000 (32%)]	Loss: 2.460642
Train Epoch: 41 [25600/60000 (43%)]	Loss: 2.582451
Train Epoch: 41 [32000/60000 (53%)]	Loss: 2.415814
Train Epoch: 41 [38400/60000 (64%)]	Loss: 2.484812
Train Epoch: 41 [44800/60000 (75%)]	Loss: 2.353858
Train Epoch: 41 [51200/60000 (85%)]	Loss: 2.441902
Train Epoch: 41 [57600/60000 (96%)]	Loss: 2.542015

Test set: Average loss: 2.4344, Accuracy: 772/10000 (8%)

Train Epoch: 42 [0/60000 (0%)]	Loss: 2.348604
Train Epoch: 42 [6400/60000 (11%)]	Loss: 2.378582
Train Epoch: 42 [12800/60000 (21%)]	Loss: 2.472041
Train Epoch: 42 [19200/60000 (32%)]	Loss: 2.421210
Train Epoch: 42 [25600/60000 (43%)]	Loss: 2.437963
Train Epoch: 42 [32000/60000 (53%)]	Loss: 2.332696
Train Epoch: 42 [38400/60000 (64%)]	Loss: 2.374284
Train Epoch: 42 [44800/60000 (75%)]	Loss: 2.535933
Train Epoch: 42 [51200/60000 (85%)]	Loss: 2.500192
Train Epoch: 42 [57600/60000 (96%)]	Loss: 2.292296

Test set: Average loss: 2.4411, Accuracy: 762/10000 (8%)

Train Epoch: 43 [0/60000 (0%)]	Loss: 2.421652
Train Epoch: 43 [6400/60000 (11%)]	Loss: 2.377446
Train Epoch: 43 [12800/60000 (21%)]	Loss: 2.451599
Train Epoch: 43 [19200/60000 (32%)]	Loss: 2.326137
Train Epoch: 43 [25600/60000 (43%)]	Loss: 2.431684
Train Epoch: 43 [32000/60000 (53%)]	Loss: 2.431752
Train Epoch: 43 [38400/60000 (64%)]	Loss: 2.399073
Train Epoch: 43 [44800/60000 (75%)]	Loss: 2.357436
Train Epoch: 43 [51200/60000 (85%)]	Loss: 2.410214
Train Epoch: 43 [57600/60000 (96%)]	Loss: 2.424109

Test set: Average loss: 2.4464, Accuracy: 720/10000 (7%)

Train Epoch: 44 [0/60000 (0%)]	Loss: 2.502403
Train Epoch: 44 [6400/60000 (11%)]	Loss: 2.296218
Train Epoch: 44 [12800/60000 (21%)]	Loss: 2.486171
Train Epoch: 44 [19200/60000 (32%)]	Loss: 2.493085
Train Epoch: 44 [25600/60000 (43%)]	Loss: 2.472929
Train Epoch: 44 [32000/60000 (53%)]	Loss: 2.412616
Train Epoch: 44 [38400/60000 (64%)]	Loss: 2.478506
Train Epoch: 44 [44800/60000 (75%)]	Loss: 2.511478
Train Epoch: 44 [51200/60000 (85%)]	Loss: 2.322912
Train Epoch: 44 [57600/60000 (96%)]	Loss: 2.398477

Test set: Average loss: 2.4311, Accuracy: 801/10000 (8%)

Train Epoch: 45 [0/60000 (0%)]	Loss: 2.394502
Train Epoch: 45 [6400/60000 (11%)]	Loss: 2.492102
Train Epoch: 45 [12800/60000 (21%)]	Loss: 2.410680
Train Epoch: 45 [19200/60000 (32%)]	Loss: 2.343612
Train Epoch: 45 [25600/60000 (43%)]	Loss: 2.463264
Train Epoch: 45 [32000/60000 (53%)]	Loss: 2.525805
Train Epoch: 45 [38400/60000 (64%)]	Loss: 2.355850
Train Epoch: 45 [44800/60000 (75%)]	Loss: 2.373044
Train Epoch: 45 [51200/60000 (85%)]	Loss: 2.419194
Train Epoch: 45 [57600/60000 (96%)]	Loss: 2.516490

Test set: Average loss: 2.4436, Accuracy: 827/10000 (8%)

Train Epoch: 46 [0/60000 (0%)]	Loss: 2.397791
Train Epoch: 46 [6400/60000 (11%)]	Loss: 2.489040
Train Epoch: 46 [12800/60000 (21%)]	Loss: 2.519553
Train Epoch: 46 [19200/60000 (32%)]	Loss: 2.452403
Train Epoch: 46 [25600/60000 (43%)]	Loss: 2.473822
Train Epoch: 46 [32000/60000 (53%)]	Loss: 2.474102
Train Epoch: 46 [38400/60000 (64%)]	Loss: 2.542832
Train Epoch: 46 [44800/60000 (75%)]	Loss: 2.533184
Train Epoch: 46 [51200/60000 (85%)]	Loss: 2.466245
Train Epoch: 46 [57600/60000 (96%)]	Loss: 2.433763

Test set: Average loss: 2.4463, Accuracy: 831/10000 (8%)

Train Epoch: 47 [0/60000 (0%)]	Loss: 2.365274
Train Epoch: 47 [6400/60000 (11%)]	Loss: 2.443276
Train Epoch: 47 [12800/60000 (21%)]	Loss: 2.356558
Train Epoch: 47 [19200/60000 (32%)]	Loss: 2.491674
Train Epoch: 47 [25600/60000 (43%)]	Loss: 2.501619
Train Epoch: 47 [32000/60000 (53%)]	Loss: 2.533382
Train Epoch: 47 [38400/60000 (64%)]	Loss: 2.429298
Train Epoch: 47 [44800/60000 (75%)]	Loss: 2.452578
Train Epoch: 47 [51200/60000 (85%)]	Loss: 2.342651
Train Epoch: 47 [57600/60000 (96%)]	Loss: 2.467265

Test set: Average loss: 2.4379, Accuracy: 840/10000 (8%)

Train Epoch: 48 [0/60000 (0%)]	Loss: 2.459609
Train Epoch: 48 [6400/60000 (11%)]	Loss: 2.373455
Train Epoch: 48 [12800/60000 (21%)]	Loss: 2.497910
Train Epoch: 48 [19200/60000 (32%)]	Loss: 2.368438
Train Epoch: 48 [25600/60000 (43%)]	Loss: 2.465632
Train Epoch: 48 [32000/60000 (53%)]	Loss: 2.412655
Train Epoch: 48 [38400/60000 (64%)]	Loss: 2.312206
Train Epoch: 48 [44800/60000 (75%)]	Loss: 2.258541
Train Epoch: 48 [51200/60000 (85%)]	Loss: 2.380692
Train Epoch: 48 [57600/60000 (96%)]	Loss: 2.463891

Test set: Average loss: 2.4486, Accuracy: 712/10000 (7%)

Train Epoch: 49 [0/60000 (0%)]	Loss: 2.358302
Train Epoch: 49 [6400/60000 (11%)]	Loss: 2.390275
Train Epoch: 49 [12800/60000 (21%)]	Loss: 2.418483
Train Epoch: 49 [19200/60000 (32%)]	Loss: 2.452859
Train Epoch: 49 [25600/60000 (43%)]	Loss: 2.458320
Train Epoch: 49 [32000/60000 (53%)]	Loss: 2.427167
Train Epoch: 49 [38400/60000 (64%)]	Loss: 2.527241
Train Epoch: 49 [44800/60000 (75%)]	Loss: 2.338617
Train Epoch: 49 [51200/60000 (85%)]	Loss: 2.382234
Train Epoch: 49 [57600/60000 (96%)]	Loss: 2.365127

Test set: Average loss: 2.4388, Accuracy: 808/10000 (8%)

Train Epoch: 50 [0/60000 (0%)]	Loss: 2.490989
Train Epoch: 50 [6400/60000 (11%)]	Loss: 2.437451
Train Epoch: 50 [12800/60000 (21%)]	Loss: 2.408902
Train Epoch: 50 [19200/60000 (32%)]	Loss: 2.323982
Train Epoch: 50 [25600/60000 (43%)]	Loss: 2.392601
Train Epoch: 50 [32000/60000 (53%)]	Loss: 2.549803
Train Epoch: 50 [38400/60000 (64%)]	Loss: 2.337757
Train Epoch: 50 [44800/60000 (75%)]	Loss: 2.472185
Train Epoch: 50 [51200/60000 (85%)]	Loss: 2.396198
Train Epoch: 50 [57600/60000 (96%)]	Loss: 2.557798

Test set: Average loss: 2.4386, Accuracy: 794/10000 (8%)

Namespace(batch_size=64, bias=None, data='../data', device=0, epochs=50, hidden_size=500, load_weights='../base2/lenet5/lenet5_e50_h500.pt', log_interval=100, lr=0.01, milestones=[5, 7], model='prunelenet5', momentum=0.9, no_cuda=False, r=5, save_model=None, save_results=True, scheduler='cosine', seed=1, sparsity=0.01, use_relu=False, wd=0.0005)


Total time spent pruning/training: 14.87 minutes
Total number of parameters in model: 300414
Number of parameters in pruned model: 297436
