Namespace(batch_size=64, bias=None, data='../data', device=0, epochs=14, hidden_size=500, load_weights=None, log_interval=100, lr=0.01, model='lenet5', momentum=0.9, no_cuda=False, r=5, save_model=None, save_results=True, seed=1, sparsity=0.5, use_relu=False, wd=0.0005) 

Training a LeNet5 network ...
Train Epoch: 1 [6336/60000 (11%)]	Loss: 1.684696
Train Epoch: 1 [12736/60000 (21%)]	Loss: 0.819046
Train Epoch: 1 [19136/60000 (32%)]	Loss: 0.456013
Train Epoch: 1 [25536/60000 (43%)]	Loss: 0.296115
Train Epoch: 1 [31936/60000 (53%)]	Loss: 0.304187
Train Epoch: 1 [38336/60000 (64%)]	Loss: 0.514175
Train Epoch: 1 [44736/60000 (75%)]	Loss: 0.357549
Train Epoch: 1 [51136/60000 (85%)]	Loss: 0.127115
Train Epoch: 1 [57536/60000 (96%)]	Loss: 0.184004

Test set: Average loss: 0.1860, Accuracy: 9430/10000 (94%)

Train Epoch: 2 [6336/60000 (11%)]	Loss: 0.159876
Train Epoch: 2 [12736/60000 (21%)]	Loss: 0.192314
Train Epoch: 2 [19136/60000 (32%)]	Loss: 0.120009
Train Epoch: 2 [25536/60000 (43%)]	Loss: 0.171676
Train Epoch: 2 [31936/60000 (53%)]	Loss: 0.219101
Train Epoch: 2 [38336/60000 (64%)]	Loss: 0.095546
Train Epoch: 2 [44736/60000 (75%)]	Loss: 0.291350
Train Epoch: 2 [51136/60000 (85%)]	Loss: 0.201332
Train Epoch: 2 [57536/60000 (96%)]	Loss: 0.168091

Test set: Average loss: 0.1318, Accuracy: 9600/10000 (96%)

Train Epoch: 3 [6336/60000 (11%)]	Loss: 0.164139
Train Epoch: 3 [12736/60000 (21%)]	Loss: 0.150166
Train Epoch: 3 [19136/60000 (32%)]	Loss: 0.128893
Train Epoch: 3 [25536/60000 (43%)]	Loss: 0.222714
Train Epoch: 3 [31936/60000 (53%)]	Loss: 0.084491
Train Epoch: 3 [38336/60000 (64%)]	Loss: 0.085420
Train Epoch: 3 [44736/60000 (75%)]	Loss: 0.136705
Train Epoch: 3 [51136/60000 (85%)]	Loss: 0.250336
Train Epoch: 3 [57536/60000 (96%)]	Loss: 0.097022

Test set: Average loss: 0.1092, Accuracy: 9658/10000 (97%)

Train Epoch: 4 [6336/60000 (11%)]	Loss: 0.058016
Train Epoch: 4 [12736/60000 (21%)]	Loss: 0.073437
Train Epoch: 4 [19136/60000 (32%)]	Loss: 0.110071
Train Epoch: 4 [25536/60000 (43%)]	Loss: 0.098933
Train Epoch: 4 [31936/60000 (53%)]	Loss: 0.072179
Train Epoch: 4 [38336/60000 (64%)]	Loss: 0.224474
Train Epoch: 4 [44736/60000 (75%)]	Loss: 0.269434
Train Epoch: 4 [51136/60000 (85%)]	Loss: 0.047482
Train Epoch: 4 [57536/60000 (96%)]	Loss: 0.089397

Test set: Average loss: 0.1015, Accuracy: 9692/10000 (97%)

Train Epoch: 5 [6336/60000 (11%)]	Loss: 0.156023
Train Epoch: 5 [12736/60000 (21%)]	Loss: 0.038451
Train Epoch: 5 [19136/60000 (32%)]	Loss: 0.237323
Train Epoch: 5 [25536/60000 (43%)]	Loss: 0.080154
Train Epoch: 5 [31936/60000 (53%)]	Loss: 0.109687
Train Epoch: 5 [38336/60000 (64%)]	Loss: 0.060762
Train Epoch: 5 [44736/60000 (75%)]	Loss: 0.143752
Train Epoch: 5 [51136/60000 (85%)]	Loss: 0.049330
Train Epoch: 5 [57536/60000 (96%)]	Loss: 0.083764

Test set: Average loss: 0.0942, Accuracy: 9716/10000 (97%)

Train Epoch: 6 [6336/60000 (11%)]	Loss: 0.057157
Train Epoch: 6 [12736/60000 (21%)]	Loss: 0.041184
Train Epoch: 6 [19136/60000 (32%)]	Loss: 0.033487
Train Epoch: 6 [25536/60000 (43%)]	Loss: 0.097009
Train Epoch: 6 [31936/60000 (53%)]	Loss: 0.071987
Train Epoch: 6 [38336/60000 (64%)]	Loss: 0.056660
Train Epoch: 6 [44736/60000 (75%)]	Loss: 0.096982
Train Epoch: 6 [51136/60000 (85%)]	Loss: 0.123898
Train Epoch: 6 [57536/60000 (96%)]	Loss: 0.144128

Test set: Average loss: 0.0838, Accuracy: 9742/10000 (97%)

Train Epoch: 7 [6336/60000 (11%)]	Loss: 0.124221
Train Epoch: 7 [12736/60000 (21%)]	Loss: 0.110042
Train Epoch: 7 [19136/60000 (32%)]	Loss: 0.024213
Train Epoch: 7 [25536/60000 (43%)]	Loss: 0.096087
Train Epoch: 7 [31936/60000 (53%)]	Loss: 0.038709
Train Epoch: 7 [38336/60000 (64%)]	Loss: 0.126805
Train Epoch: 7 [44736/60000 (75%)]	Loss: 0.060035
Train Epoch: 7 [51136/60000 (85%)]	Loss: 0.119887
Train Epoch: 7 [57536/60000 (96%)]	Loss: 0.080996

Test set: Average loss: 0.0798, Accuracy: 9750/10000 (98%)

Train Epoch: 8 [6336/60000 (11%)]	Loss: 0.063953
Train Epoch: 8 [12736/60000 (21%)]	Loss: 0.056886
Train Epoch: 8 [19136/60000 (32%)]	Loss: 0.017952
Train Epoch: 8 [25536/60000 (43%)]	Loss: 0.018580
Train Epoch: 8 [31936/60000 (53%)]	Loss: 0.097471
Train Epoch: 8 [38336/60000 (64%)]	Loss: 0.129845
Train Epoch: 8 [44736/60000 (75%)]	Loss: 0.059447
Train Epoch: 8 [51136/60000 (85%)]	Loss: 0.054068
Train Epoch: 8 [57536/60000 (96%)]	Loss: 0.123872

Test set: Average loss: 0.0767, Accuracy: 9764/10000 (98%)

Train Epoch: 9 [6336/60000 (11%)]	Loss: 0.028587
Train Epoch: 9 [12736/60000 (21%)]	Loss: 0.078014
Train Epoch: 9 [19136/60000 (32%)]	Loss: 0.042175
Train Epoch: 9 [25536/60000 (43%)]	Loss: 0.081482
Train Epoch: 9 [31936/60000 (53%)]	Loss: 0.057972
Train Epoch: 9 [38336/60000 (64%)]	Loss: 0.119427
Train Epoch: 9 [44736/60000 (75%)]	Loss: 0.084389
Train Epoch: 9 [51136/60000 (85%)]	Loss: 0.069807
Train Epoch: 9 [57536/60000 (96%)]	Loss: 0.040675

Test set: Average loss: 0.0735, Accuracy: 9778/10000 (98%)

Train Epoch: 10 [6336/60000 (11%)]	Loss: 0.082571
Train Epoch: 10 [12736/60000 (21%)]	Loss: 0.034314
Train Epoch: 10 [19136/60000 (32%)]	Loss: 0.104626
Train Epoch: 10 [25536/60000 (43%)]	Loss: 0.022429
Train Epoch: 10 [31936/60000 (53%)]	Loss: 0.019966
Train Epoch: 10 [38336/60000 (64%)]	Loss: 0.077043
Train Epoch: 10 [44736/60000 (75%)]	Loss: 0.047044
Train Epoch: 10 [51136/60000 (85%)]	Loss: 0.030158
Train Epoch: 10 [57536/60000 (96%)]	Loss: 0.059500

Test set: Average loss: 0.0728, Accuracy: 9785/10000 (98%)

Train Epoch: 11 [6336/60000 (11%)]	Loss: 0.065782
Train Epoch: 11 [12736/60000 (21%)]	Loss: 0.007033
Train Epoch: 11 [19136/60000 (32%)]	Loss: 0.096685
Train Epoch: 11 [25536/60000 (43%)]	Loss: 0.075408
Train Epoch: 11 [31936/60000 (53%)]	Loss: 0.025750
Train Epoch: 11 [38336/60000 (64%)]	Loss: 0.032384
Train Epoch: 11 [44736/60000 (75%)]	Loss: 0.054755
Train Epoch: 11 [51136/60000 (85%)]	Loss: 0.050704
Train Epoch: 11 [57536/60000 (96%)]	Loss: 0.042575

Test set: Average loss: 0.0711, Accuracy: 9784/10000 (98%)

Train Epoch: 12 [6336/60000 (11%)]	Loss: 0.117289
Train Epoch: 12 [12736/60000 (21%)]	Loss: 0.135894
Train Epoch: 12 [19136/60000 (32%)]	Loss: 0.161332
Train Epoch: 12 [25536/60000 (43%)]	Loss: 0.106792
Train Epoch: 12 [31936/60000 (53%)]	Loss: 0.031143
Train Epoch: 12 [38336/60000 (64%)]	Loss: 0.101818
Train Epoch: 12 [44736/60000 (75%)]	Loss: 0.033481
Train Epoch: 12 [51136/60000 (85%)]	Loss: 0.031484
Train Epoch: 12 [57536/60000 (96%)]	Loss: 0.135679

Test set: Average loss: 0.0697, Accuracy: 9788/10000 (98%)

Train Epoch: 13 [6336/60000 (11%)]	Loss: 0.032038
Train Epoch: 13 [12736/60000 (21%)]	Loss: 0.106587
Train Epoch: 13 [19136/60000 (32%)]	Loss: 0.051966
Train Epoch: 13 [25536/60000 (43%)]	Loss: 0.074747
Train Epoch: 13 [31936/60000 (53%)]	Loss: 0.078896
Train Epoch: 13 [38336/60000 (64%)]	Loss: 0.016606
Train Epoch: 13 [44736/60000 (75%)]	Loss: 0.061624
Train Epoch: 13 [51136/60000 (85%)]	Loss: 0.120552
Train Epoch: 13 [57536/60000 (96%)]	Loss: 0.045189

Test set: Average loss: 0.0678, Accuracy: 9789/10000 (98%)

Train Epoch: 14 [6336/60000 (11%)]	Loss: 0.083962
Train Epoch: 14 [12736/60000 (21%)]	Loss: 0.096149
Train Epoch: 14 [19136/60000 (32%)]	Loss: 0.121166
Train Epoch: 14 [25536/60000 (43%)]	Loss: 0.041791
Train Epoch: 14 [31936/60000 (53%)]	Loss: 0.022620
Train Epoch: 14 [38336/60000 (64%)]	Loss: 0.088258
Train Epoch: 14 [44736/60000 (75%)]	Loss: 0.073572
Train Epoch: 14 [51136/60000 (85%)]	Loss: 0.068285
Train Epoch: 14 [57536/60000 (96%)]	Loss: 0.025358

Test set: Average loss: 0.0667, Accuracy: 9792/10000 (98%)

Namespace(batch_size=64, bias=None, data='../data', device=0, epochs=14, hidden_size=500, load_weights=None, log_interval=100, lr=0.01, model='lenet5', momentum=0.9, no_cuda=False, r=5, save_model=None, save_results=True, seed=1, sparsity=0.5, use_relu=False, wd=0.0005)


Total time spent pruning/training: 1.75 minutes
Total number of parameters in model: 61470
