Namespace(batch_size=64, bias=None, data='../data', device=0, epochs=5, hidden_size=500, load_weights=None, log_interval=100, lr=0.01, model='lenet5', momentum=0.9, no_cuda=False, r=5, save_model=None, save_results=True, seed=1, sparsity=0.5, use_relu=False, wd=0.0005) 

Training a LeNet5 network ...
Train Epoch: 1 [6336/60000 (11%)]	Loss: 1.684696
Train Epoch: 1 [12736/60000 (21%)]	Loss: 0.819046
Train Epoch: 1 [19136/60000 (32%)]	Loss: 0.456013
Train Epoch: 1 [25536/60000 (43%)]	Loss: 0.296115
Train Epoch: 1 [31936/60000 (53%)]	Loss: 0.304187
Train Epoch: 1 [38336/60000 (64%)]	Loss: 0.514175
Train Epoch: 1 [44736/60000 (75%)]	Loss: 0.357549
Train Epoch: 1 [51136/60000 (85%)]	Loss: 0.127115
Train Epoch: 1 [57536/60000 (96%)]	Loss: 0.184004

Test set: Average loss: 0.1860, Accuracy: 9430/10000 (94%)

Train Epoch: 2 [6336/60000 (11%)]	Loss: 0.159005
Train Epoch: 2 [12736/60000 (21%)]	Loss: 0.191622
Train Epoch: 2 [19136/60000 (32%)]	Loss: 0.110827
Train Epoch: 2 [25536/60000 (43%)]	Loss: 0.170629
Train Epoch: 2 [31936/60000 (53%)]	Loss: 0.217765
Train Epoch: 2 [38336/60000 (64%)]	Loss: 0.089736
Train Epoch: 2 [44736/60000 (75%)]	Loss: 0.285212
Train Epoch: 2 [51136/60000 (85%)]	Loss: 0.208829
Train Epoch: 2 [57536/60000 (96%)]	Loss: 0.160662

Test set: Average loss: 0.1308, Accuracy: 9601/10000 (96%)

Train Epoch: 3 [6336/60000 (11%)]	Loss: 0.164882
Train Epoch: 3 [12736/60000 (21%)]	Loss: 0.131995
Train Epoch: 3 [19136/60000 (32%)]	Loss: 0.120959
Train Epoch: 3 [25536/60000 (43%)]	Loss: 0.232603
Train Epoch: 3 [31936/60000 (53%)]	Loss: 0.073052
Train Epoch: 3 [38336/60000 (64%)]	Loss: 0.090673
Train Epoch: 3 [44736/60000 (75%)]	Loss: 0.154650
Train Epoch: 3 [51136/60000 (85%)]	Loss: 0.278922
Train Epoch: 3 [57536/60000 (96%)]	Loss: 0.110731

Test set: Average loss: 0.1122, Accuracy: 9657/10000 (97%)

Train Epoch: 4 [6336/60000 (11%)]	Loss: 0.052983
Train Epoch: 4 [12736/60000 (21%)]	Loss: 0.084019
Train Epoch: 4 [19136/60000 (32%)]	Loss: 0.135951
Train Epoch: 4 [25536/60000 (43%)]	Loss: 0.108453
Train Epoch: 4 [31936/60000 (53%)]	Loss: 0.081461
Train Epoch: 4 [38336/60000 (64%)]	Loss: 0.256829
Train Epoch: 4 [44736/60000 (75%)]	Loss: 0.252476
Train Epoch: 4 [51136/60000 (85%)]	Loss: 0.040506
Train Epoch: 4 [57536/60000 (96%)]	Loss: 0.109562

Test set: Average loss: 0.1040, Accuracy: 9688/10000 (97%)

Train Epoch: 5 [6336/60000 (11%)]	Loss: 0.126013
Train Epoch: 5 [12736/60000 (21%)]	Loss: 0.044852
Train Epoch: 5 [19136/60000 (32%)]	Loss: 0.223979
Train Epoch: 5 [25536/60000 (43%)]	Loss: 0.082000
Train Epoch: 5 [31936/60000 (53%)]	Loss: 0.126537
Train Epoch: 5 [38336/60000 (64%)]	Loss: 0.080539
Train Epoch: 5 [44736/60000 (75%)]	Loss: 0.103433
Train Epoch: 5 [51136/60000 (85%)]	Loss: 0.037072
Train Epoch: 5 [57536/60000 (96%)]	Loss: 0.089729

Test set: Average loss: 0.0962, Accuracy: 9708/10000 (97%)

Namespace(batch_size=64, bias=None, data='../data', device=0, epochs=5, hidden_size=500, load_weights=None, log_interval=100, lr=0.01, model='lenet5', momentum=0.9, no_cuda=False, r=5, save_model=None, save_results=True, seed=1, sparsity=0.5, use_relu=False, wd=0.0005)


Total time spent pruning/training: 0.61 minutes
Total number of parameters in model: 61470
