Namespace(batch_size=64, bias=None, data='../data', device=0, epochs=6, hidden_size=500, load_weights=None, log_interval=100, lr=0.01, model='lenet5', momentum=0.9, no_cuda=False, r=5, save_model=None, save_results=True, seed=1, sparsity=0.5, use_relu=False, wd=0.0005) 

Training a LeNet5 network ...
Train Epoch: 1 [6336/60000 (11%)]	Loss: 1.684696
Train Epoch: 1 [12736/60000 (21%)]	Loss: 0.819046
Train Epoch: 1 [19136/60000 (32%)]	Loss: 0.456013
Train Epoch: 1 [25536/60000 (43%)]	Loss: 0.296115
Train Epoch: 1 [31936/60000 (53%)]	Loss: 0.304187
Train Epoch: 1 [38336/60000 (64%)]	Loss: 0.514175
Train Epoch: 1 [44736/60000 (75%)]	Loss: 0.357549
Train Epoch: 1 [51136/60000 (85%)]	Loss: 0.127115
Train Epoch: 1 [57536/60000 (96%)]	Loss: 0.184004

Test set: Average loss: 0.1860, Accuracy: 9430/10000 (94%)

Train Epoch: 2 [6336/60000 (11%)]	Loss: 0.157488
Train Epoch: 2 [12736/60000 (21%)]	Loss: 0.191531
Train Epoch: 2 [19136/60000 (32%)]	Loss: 0.114934
Train Epoch: 2 [25536/60000 (43%)]	Loss: 0.170180
Train Epoch: 2 [31936/60000 (53%)]	Loss: 0.216133
Train Epoch: 2 [38336/60000 (64%)]	Loss: 0.092195
Train Epoch: 2 [44736/60000 (75%)]	Loss: 0.287006
Train Epoch: 2 [51136/60000 (85%)]	Loss: 0.206713
Train Epoch: 2 [57536/60000 (96%)]	Loss: 0.162787

Test set: Average loss: 0.1313, Accuracy: 9597/10000 (96%)

Train Epoch: 3 [6336/60000 (11%)]	Loss: 0.166449
Train Epoch: 3 [12736/60000 (21%)]	Loss: 0.141836
Train Epoch: 3 [19136/60000 (32%)]	Loss: 0.124615
Train Epoch: 3 [25536/60000 (43%)]	Loss: 0.232523
Train Epoch: 3 [31936/60000 (53%)]	Loss: 0.074470
Train Epoch: 3 [38336/60000 (64%)]	Loss: 0.090205
Train Epoch: 3 [44736/60000 (75%)]	Loss: 0.145857
Train Epoch: 3 [51136/60000 (85%)]	Loss: 0.278872
Train Epoch: 3 [57536/60000 (96%)]	Loss: 0.102542

Test set: Average loss: 0.1113, Accuracy: 9651/10000 (97%)

Train Epoch: 4 [6336/60000 (11%)]	Loss: 0.047247
Train Epoch: 4 [12736/60000 (21%)]	Loss: 0.081097
Train Epoch: 4 [19136/60000 (32%)]	Loss: 0.121404
Train Epoch: 4 [25536/60000 (43%)]	Loss: 0.100777
Train Epoch: 4 [31936/60000 (53%)]	Loss: 0.077720
Train Epoch: 4 [38336/60000 (64%)]	Loss: 0.240265
Train Epoch: 4 [44736/60000 (75%)]	Loss: 0.253817
Train Epoch: 4 [51136/60000 (85%)]	Loss: 0.038240
Train Epoch: 4 [57536/60000 (96%)]	Loss: 0.103733

Test set: Average loss: 0.1023, Accuracy: 9687/10000 (97%)

Train Epoch: 5 [6336/60000 (11%)]	Loss: 0.131788
Train Epoch: 5 [12736/60000 (21%)]	Loss: 0.050685
Train Epoch: 5 [19136/60000 (32%)]	Loss: 0.237791
Train Epoch: 5 [25536/60000 (43%)]	Loss: 0.076332
Train Epoch: 5 [31936/60000 (53%)]	Loss: 0.106393
Train Epoch: 5 [38336/60000 (64%)]	Loss: 0.079580
Train Epoch: 5 [44736/60000 (75%)]	Loss: 0.108724
Train Epoch: 5 [51136/60000 (85%)]	Loss: 0.033430
Train Epoch: 5 [57536/60000 (96%)]	Loss: 0.075804

Test set: Average loss: 0.0930, Accuracy: 9709/10000 (97%)

Train Epoch: 6 [6336/60000 (11%)]	Loss: 0.048999
Train Epoch: 6 [12736/60000 (21%)]	Loss: 0.030523
Train Epoch: 6 [19136/60000 (32%)]	Loss: 0.025566
Train Epoch: 6 [25536/60000 (43%)]	Loss: 0.121647
Train Epoch: 6 [31936/60000 (53%)]	Loss: 0.074445
Train Epoch: 6 [38336/60000 (64%)]	Loss: 0.069967
Train Epoch: 6 [44736/60000 (75%)]	Loss: 0.120893
Train Epoch: 6 [51136/60000 (85%)]	Loss: 0.115703
Train Epoch: 6 [57536/60000 (96%)]	Loss: 0.087875

Test set: Average loss: 0.0900, Accuracy: 9727/10000 (97%)

Namespace(batch_size=64, bias=None, data='../data', device=0, epochs=6, hidden_size=500, load_weights=None, log_interval=100, lr=0.01, model='lenet5', momentum=0.9, no_cuda=False, r=5, save_model=None, save_results=True, seed=1, sparsity=0.5, use_relu=False, wd=0.0005)


Total time spent pruning/training: 0.72 minutes
Total number of parameters in model: 61470
