Namespace(batch_size=64, bias=None, data='../data', device=1, epochs=15, hidden_size=500, load_weights=None, log_interval=100, lr=0.1, model='redfc2', momentum=0.9, no_cuda=False, r=5, save_model=None, save_results=True, seed=1, sparsity=0.5, use_relu=False, wd=0.0005) 

Pruning a Two-Layer Fully Connected Redundant Network ...
Train Epoch: 1 [6336/60000 (11%)]	Loss: 0.462205
Train Epoch: 1 [12736/60000 (21%)]	Loss: 0.489329
Train Epoch: 1 [19136/60000 (32%)]	Loss: 0.568363
Train Epoch: 1 [25536/60000 (43%)]	Loss: 0.146712
Train Epoch: 1 [31936/60000 (53%)]	Loss: 0.247299
Train Epoch: 1 [38336/60000 (64%)]	Loss: 0.233009
Train Epoch: 1 [44736/60000 (75%)]	Loss: 0.128140
Train Epoch: 1 [51136/60000 (85%)]	Loss: 0.111584
Train Epoch: 1 [57536/60000 (96%)]	Loss: 0.143507

Test set: Average loss: 0.1609, Accuracy: 9505/10000 (95%)

Train Epoch: 2 [6336/60000 (11%)]	Loss: 0.020992
Train Epoch: 2 [12736/60000 (21%)]	Loss: 0.291110
Train Epoch: 2 [19136/60000 (32%)]	Loss: 0.088996
Train Epoch: 2 [25536/60000 (43%)]	Loss: 0.104596
Train Epoch: 2 [31936/60000 (53%)]	Loss: 0.106873
Train Epoch: 2 [38336/60000 (64%)]	Loss: 0.210481
Train Epoch: 2 [44736/60000 (75%)]	Loss: 0.148616
Train Epoch: 2 [51136/60000 (85%)]	Loss: 0.242747
Train Epoch: 2 [57536/60000 (96%)]	Loss: 0.217121

Test set: Average loss: 0.1349, Accuracy: 9571/10000 (96%)

Train Epoch: 3 [6336/60000 (11%)]	Loss: 0.140795
Train Epoch: 3 [12736/60000 (21%)]	Loss: 0.127897
Train Epoch: 3 [19136/60000 (32%)]	Loss: 0.073912
Train Epoch: 3 [25536/60000 (43%)]	Loss: 0.162068
Train Epoch: 3 [31936/60000 (53%)]	Loss: 0.239549
Train Epoch: 3 [38336/60000 (64%)]	Loss: 0.208390
Train Epoch: 3 [44736/60000 (75%)]	Loss: 0.124686
Train Epoch: 3 [51136/60000 (85%)]	Loss: 0.153324
Train Epoch: 3 [57536/60000 (96%)]	Loss: 0.383558

Test set: Average loss: 0.1553, Accuracy: 9518/10000 (95%)

Train Epoch: 4 [6336/60000 (11%)]	Loss: 0.078237
Train Epoch: 4 [12736/60000 (21%)]	Loss: 0.240523
Train Epoch: 4 [19136/60000 (32%)]	Loss: 0.087910
Train Epoch: 4 [25536/60000 (43%)]	Loss: 0.175841
Train Epoch: 4 [31936/60000 (53%)]	Loss: 0.354744
Train Epoch: 4 [38336/60000 (64%)]	Loss: 0.146870
Train Epoch: 4 [44736/60000 (75%)]	Loss: 0.153969
Train Epoch: 4 [51136/60000 (85%)]	Loss: 0.131000
Train Epoch: 4 [57536/60000 (96%)]	Loss: 0.150439

Test set: Average loss: 0.1759, Accuracy: 9480/10000 (95%)

Train Epoch: 5 [6336/60000 (11%)]	Loss: 0.181258
Train Epoch: 5 [12736/60000 (21%)]	Loss: 0.165968
Train Epoch: 5 [19136/60000 (32%)]	Loss: 0.141428
Train Epoch: 5 [25536/60000 (43%)]	Loss: 0.195731
Train Epoch: 5 [31936/60000 (53%)]	Loss: 0.137040
Train Epoch: 5 [38336/60000 (64%)]	Loss: 0.268590
Train Epoch: 5 [44736/60000 (75%)]	Loss: 0.207665
Train Epoch: 5 [51136/60000 (85%)]	Loss: 0.205321
Train Epoch: 5 [57536/60000 (96%)]	Loss: 0.131143

Test set: Average loss: 0.1591, Accuracy: 9506/10000 (95%)

Train Epoch: 6 [6336/60000 (11%)]	Loss: 0.148534
Train Epoch: 6 [12736/60000 (21%)]	Loss: 0.134244
Train Epoch: 6 [19136/60000 (32%)]	Loss: 0.154382
Train Epoch: 6 [25536/60000 (43%)]	Loss: 0.163093
Train Epoch: 6 [31936/60000 (53%)]	Loss: 0.040885
Train Epoch: 6 [38336/60000 (64%)]	Loss: 0.255436
Train Epoch: 6 [44736/60000 (75%)]	Loss: 0.091284
Train Epoch: 6 [51136/60000 (85%)]	Loss: 0.099489
Train Epoch: 6 [57536/60000 (96%)]	Loss: 0.185168

Test set: Average loss: 0.1855, Accuracy: 9417/10000 (94%)

Train Epoch: 7 [6336/60000 (11%)]	Loss: 0.153831
Train Epoch: 7 [12736/60000 (21%)]	Loss: 0.158472
Train Epoch: 7 [19136/60000 (32%)]	Loss: 0.192468
Train Epoch: 7 [25536/60000 (43%)]	Loss: 0.127008
Train Epoch: 7 [31936/60000 (53%)]	Loss: 0.056870
Train Epoch: 7 [38336/60000 (64%)]	Loss: 0.261213
Train Epoch: 7 [44736/60000 (75%)]	Loss: 0.303058
Train Epoch: 7 [51136/60000 (85%)]	Loss: 0.180810
Train Epoch: 7 [57536/60000 (96%)]	Loss: 0.147603

Test set: Average loss: 0.1880, Accuracy: 9426/10000 (94%)

Train Epoch: 8 [6336/60000 (11%)]	Loss: 0.351628
Train Epoch: 8 [12736/60000 (21%)]	Loss: 0.089775
Train Epoch: 8 [19136/60000 (32%)]	Loss: 0.112646
Train Epoch: 8 [25536/60000 (43%)]	Loss: 0.442906
Train Epoch: 8 [31936/60000 (53%)]	Loss: 0.239574
Train Epoch: 8 [38336/60000 (64%)]	Loss: 0.131523
Train Epoch: 8 [44736/60000 (75%)]	Loss: 0.522306
Train Epoch: 8 [51136/60000 (85%)]	Loss: 0.140746
Train Epoch: 8 [57536/60000 (96%)]	Loss: 0.096536

Test set: Average loss: 0.2288, Accuracy: 9302/10000 (93%)

Train Epoch: 9 [6336/60000 (11%)]	Loss: 0.134362
Train Epoch: 9 [12736/60000 (21%)]	Loss: 0.135196
Train Epoch: 9 [19136/60000 (32%)]	Loss: 0.103739
Train Epoch: 9 [25536/60000 (43%)]	Loss: 0.251552
Train Epoch: 9 [31936/60000 (53%)]	Loss: 0.162732
Train Epoch: 9 [38336/60000 (64%)]	Loss: 0.164709
Train Epoch: 9 [44736/60000 (75%)]	Loss: 0.091607
Train Epoch: 9 [51136/60000 (85%)]	Loss: 0.415035
Train Epoch: 9 [57536/60000 (96%)]	Loss: 0.095542

Test set: Average loss: 0.2091, Accuracy: 9365/10000 (94%)

Train Epoch: 10 [6336/60000 (11%)]	Loss: 0.108099
Train Epoch: 10 [12736/60000 (21%)]	Loss: 0.143306
Train Epoch: 10 [19136/60000 (32%)]	Loss: 0.245783
Train Epoch: 10 [25536/60000 (43%)]	Loss: 0.111548
Train Epoch: 10 [31936/60000 (53%)]	Loss: 0.053203
Train Epoch: 10 [38336/60000 (64%)]	Loss: 0.116307
Train Epoch: 10 [44736/60000 (75%)]	Loss: 0.217278
Train Epoch: 10 [51136/60000 (85%)]	Loss: 0.138148
Train Epoch: 10 [57536/60000 (96%)]	Loss: 0.035945

Test set: Average loss: 0.1784, Accuracy: 9435/10000 (94%)

Train Epoch: 11 [6336/60000 (11%)]	Loss: 0.104428
Train Epoch: 11 [12736/60000 (21%)]	Loss: 0.055296
Train Epoch: 11 [19136/60000 (32%)]	Loss: 0.047192
Train Epoch: 11 [25536/60000 (43%)]	Loss: 0.084212
Train Epoch: 11 [31936/60000 (53%)]	Loss: 0.129174
Train Epoch: 11 [38336/60000 (64%)]	Loss: 0.059258
Train Epoch: 11 [44736/60000 (75%)]	Loss: 0.189432
Train Epoch: 11 [51136/60000 (85%)]	Loss: 0.234139
Train Epoch: 11 [57536/60000 (96%)]	Loss: 0.081971

Test set: Average loss: 0.1476, Accuracy: 9554/10000 (96%)

Train Epoch: 12 [6336/60000 (11%)]	Loss: 0.056006
Train Epoch: 12 [12736/60000 (21%)]	Loss: 0.042013
Train Epoch: 12 [19136/60000 (32%)]	Loss: 0.034389
Train Epoch: 12 [25536/60000 (43%)]	Loss: 0.036119
Train Epoch: 12 [31936/60000 (53%)]	Loss: 0.023708
Train Epoch: 12 [38336/60000 (64%)]	Loss: 0.122126
Train Epoch: 12 [44736/60000 (75%)]	Loss: 0.105780
Train Epoch: 12 [51136/60000 (85%)]	Loss: 0.031181
Train Epoch: 12 [57536/60000 (96%)]	Loss: 0.037686

Test set: Average loss: 0.1059, Accuracy: 9684/10000 (97%)

Train Epoch: 13 [6336/60000 (11%)]	Loss: 0.016053
Train Epoch: 13 [12736/60000 (21%)]	Loss: 0.175110
Train Epoch: 13 [19136/60000 (32%)]	Loss: 0.203369
Train Epoch: 13 [25536/60000 (43%)]	Loss: 0.078734
Train Epoch: 13 [31936/60000 (53%)]	Loss: 0.079729
Train Epoch: 13 [38336/60000 (64%)]	Loss: 0.142469
Train Epoch: 13 [44736/60000 (75%)]	Loss: 0.008306
Train Epoch: 13 [51136/60000 (85%)]	Loss: 0.064146
Train Epoch: 13 [57536/60000 (96%)]	Loss: 0.037073

Test set: Average loss: 0.0958, Accuracy: 9707/10000 (97%)

Train Epoch: 14 [6336/60000 (11%)]	Loss: 0.008878
Train Epoch: 14 [12736/60000 (21%)]	Loss: 0.114413
Train Epoch: 14 [19136/60000 (32%)]	Loss: 0.005816
Train Epoch: 14 [25536/60000 (43%)]	Loss: 0.005083
Train Epoch: 14 [31936/60000 (53%)]	Loss: 0.014101
Train Epoch: 14 [38336/60000 (64%)]	Loss: 0.088677
Train Epoch: 14 [44736/60000 (75%)]	Loss: 0.010207
Train Epoch: 14 [51136/60000 (85%)]	Loss: 0.012201
Train Epoch: 14 [57536/60000 (96%)]	Loss: 0.014091

Test set: Average loss: 0.0756, Accuracy: 9783/10000 (98%)

Train Epoch: 15 [6336/60000 (11%)]	Loss: 0.009018
Train Epoch: 15 [12736/60000 (21%)]	Loss: 0.006563
Train Epoch: 15 [19136/60000 (32%)]	Loss: 0.084908
Train Epoch: 15 [25536/60000 (43%)]	Loss: 0.008890
Train Epoch: 15 [31936/60000 (53%)]	Loss: 0.005027
Train Epoch: 15 [38336/60000 (64%)]	Loss: 0.033053
Train Epoch: 15 [44736/60000 (75%)]	Loss: 0.024282
Train Epoch: 15 [51136/60000 (85%)]	Loss: 0.140814
Train Epoch: 15 [57536/60000 (96%)]	Loss: 0.013802

Test set: Average loss: 0.0692, Accuracy: 9806/10000 (98%)

Namespace(batch_size=64, bias=None, data='../data', device=1, epochs=15, hidden_size=500, load_weights=None, log_interval=100, lr=0.1, model='redfc2', momentum=0.9, no_cuda=False, r=5, save_model=None, save_results=True, seed=1, sparsity=0.5, use_relu=False, wd=0.0005)


Total time spent pruning/training: 1.65 minutes
Total number of parameters in model: 1991420
Number of parameters in pruned model: 995710
