Namespace(batch_size=64, bias=None, data='../data', device=1, epochs=19, hidden_size=500, load_weights=None, log_interval=100, lr=0.1, model='redfc2', momentum=0.9, no_cuda=False, r=5, save_model=None, save_results=True, seed=1, sparsity=0.1, use_relu=False, wd=0.0005) 

Pruning a Two-Layer Fully Connected Redundant Network ...
Train Epoch: 1 [6336/60000 (11%)]	Loss: 0.714665
Train Epoch: 1 [12736/60000 (21%)]	Loss: 0.521458
Train Epoch: 1 [19136/60000 (32%)]	Loss: 0.961602
Train Epoch: 1 [25536/60000 (43%)]	Loss: 0.457438
Train Epoch: 1 [31936/60000 (53%)]	Loss: 0.356019
Train Epoch: 1 [38336/60000 (64%)]	Loss: 0.245949
Train Epoch: 1 [44736/60000 (75%)]	Loss: 0.198593
Train Epoch: 1 [51136/60000 (85%)]	Loss: 0.100592
Train Epoch: 1 [57536/60000 (96%)]	Loss: 0.192516

Test set: Average loss: 0.2620, Accuracy: 9226/10000 (92%)

Train Epoch: 2 [6336/60000 (11%)]	Loss: 0.068689
Train Epoch: 2 [12736/60000 (21%)]	Loss: 0.248235
Train Epoch: 2 [19136/60000 (32%)]	Loss: 0.257770
Train Epoch: 2 [25536/60000 (43%)]	Loss: 0.260830
Train Epoch: 2 [31936/60000 (53%)]	Loss: 0.336785
Train Epoch: 2 [38336/60000 (64%)]	Loss: 0.542447
Train Epoch: 2 [44736/60000 (75%)]	Loss: 0.250144
Train Epoch: 2 [51136/60000 (85%)]	Loss: 0.274823
Train Epoch: 2 [57536/60000 (96%)]	Loss: 0.515767

Test set: Average loss: 0.3020, Accuracy: 9176/10000 (92%)

Train Epoch: 3 [6336/60000 (11%)]	Loss: 0.112616
Train Epoch: 3 [12736/60000 (21%)]	Loss: 0.258709
Train Epoch: 3 [19136/60000 (32%)]	Loss: 0.272533
Train Epoch: 3 [25536/60000 (43%)]	Loss: 0.329921
Train Epoch: 3 [31936/60000 (53%)]	Loss: 0.554732
Train Epoch: 3 [38336/60000 (64%)]	Loss: 0.297369
Train Epoch: 3 [44736/60000 (75%)]	Loss: 0.905081
Train Epoch: 3 [51136/60000 (85%)]	Loss: 0.355423
Train Epoch: 3 [57536/60000 (96%)]	Loss: 0.384494

Test set: Average loss: 0.2892, Accuracy: 9129/10000 (91%)

Train Epoch: 4 [6336/60000 (11%)]	Loss: 0.230190
Train Epoch: 4 [12736/60000 (21%)]	Loss: 0.412882
Train Epoch: 4 [19136/60000 (32%)]	Loss: 0.291376
Train Epoch: 4 [25536/60000 (43%)]	Loss: 0.451806
Train Epoch: 4 [31936/60000 (53%)]	Loss: 0.484407
Train Epoch: 4 [38336/60000 (64%)]	Loss: 0.728744
Train Epoch: 4 [44736/60000 (75%)]	Loss: 0.279055
Train Epoch: 4 [51136/60000 (85%)]	Loss: 0.472093
Train Epoch: 4 [57536/60000 (96%)]	Loss: 0.317466

Test set: Average loss: 0.3708, Accuracy: 8902/10000 (89%)

Train Epoch: 5 [6336/60000 (11%)]	Loss: 0.520815
Train Epoch: 5 [12736/60000 (21%)]	Loss: 0.412429
Train Epoch: 5 [19136/60000 (32%)]	Loss: 0.338620
Train Epoch: 5 [25536/60000 (43%)]	Loss: 0.603167
Train Epoch: 5 [31936/60000 (53%)]	Loss: 0.642646
Train Epoch: 5 [38336/60000 (64%)]	Loss: 0.668478
Train Epoch: 5 [44736/60000 (75%)]	Loss: 0.362152
Train Epoch: 5 [51136/60000 (85%)]	Loss: 0.768548
Train Epoch: 5 [57536/60000 (96%)]	Loss: 0.441270

Test set: Average loss: 0.5182, Accuracy: 8446/10000 (84%)

Train Epoch: 6 [6336/60000 (11%)]	Loss: 0.515238
Train Epoch: 6 [12736/60000 (21%)]	Loss: 0.333520
Train Epoch: 6 [19136/60000 (32%)]	Loss: 0.341495
Train Epoch: 6 [25536/60000 (43%)]	Loss: 0.232031
Train Epoch: 6 [31936/60000 (53%)]	Loss: 0.241595
Train Epoch: 6 [38336/60000 (64%)]	Loss: 0.639247
Train Epoch: 6 [44736/60000 (75%)]	Loss: 0.474714
Train Epoch: 6 [51136/60000 (85%)]	Loss: 0.709959
Train Epoch: 6 [57536/60000 (96%)]	Loss: 0.536816

Test set: Average loss: 0.7832, Accuracy: 7925/10000 (79%)

Train Epoch: 7 [6336/60000 (11%)]	Loss: 0.455791
Train Epoch: 7 [12736/60000 (21%)]	Loss: 1.003706
Train Epoch: 7 [19136/60000 (32%)]	Loss: 0.777248
Train Epoch: 7 [25536/60000 (43%)]	Loss: 0.708379
Train Epoch: 7 [31936/60000 (53%)]	Loss: 1.162062
Train Epoch: 7 [38336/60000 (64%)]	Loss: 1.600273
Train Epoch: 7 [44736/60000 (75%)]	Loss: 1.868276
Train Epoch: 7 [51136/60000 (85%)]	Loss: 1.469025
Train Epoch: 7 [57536/60000 (96%)]	Loss: 0.943431

Test set: Average loss: 1.5154, Accuracy: 7085/10000 (71%)

Train Epoch: 8 [6336/60000 (11%)]	Loss: 1.684176
Train Epoch: 8 [12736/60000 (21%)]	Loss: 1.387345
Train Epoch: 8 [19136/60000 (32%)]	Loss: 1.864266
Train Epoch: 8 [25536/60000 (43%)]	Loss: 1.703506
Train Epoch: 8 [31936/60000 (53%)]	Loss: 1.833593
Train Epoch: 8 [38336/60000 (64%)]	Loss: 1.576615
Train Epoch: 8 [44736/60000 (75%)]	Loss: 2.100708
Train Epoch: 8 [51136/60000 (85%)]	Loss: 2.318731
Train Epoch: 8 [57536/60000 (96%)]	Loss: 2.092200

Test set: Average loss: 1.3753, Accuracy: 7538/10000 (75%)

Train Epoch: 9 [6336/60000 (11%)]	Loss: 1.431262
Train Epoch: 9 [12736/60000 (21%)]	Loss: 1.564645
Train Epoch: 9 [19136/60000 (32%)]	Loss: 2.407100
Train Epoch: 9 [25536/60000 (43%)]	Loss: 2.716663
Train Epoch: 9 [31936/60000 (53%)]	Loss: 1.574569
Train Epoch: 9 [38336/60000 (64%)]	Loss: 1.389962
Train Epoch: 9 [44736/60000 (75%)]	Loss: 1.683962
Train Epoch: 9 [51136/60000 (85%)]	Loss: 2.585624
Train Epoch: 9 [57536/60000 (96%)]	Loss: 2.297854

Test set: Average loss: 2.9896, Accuracy: 6211/10000 (62%)

Train Epoch: 10 [6336/60000 (11%)]	Loss: 2.743000
Train Epoch: 10 [12736/60000 (21%)]	Loss: 2.328552
Train Epoch: 10 [19136/60000 (32%)]	Loss: 1.887572
Train Epoch: 10 [25536/60000 (43%)]	Loss: 2.021110
Train Epoch: 10 [31936/60000 (53%)]	Loss: 3.049757
Train Epoch: 10 [38336/60000 (64%)]	Loss: 3.570533
Train Epoch: 10 [44736/60000 (75%)]	Loss: 2.867883
Train Epoch: 10 [51136/60000 (85%)]	Loss: 2.539950
Train Epoch: 10 [57536/60000 (96%)]	Loss: 3.850648

Test set: Average loss: 2.7083, Accuracy: 6175/10000 (62%)

Train Epoch: 11 [6336/60000 (11%)]	Loss: 1.910774
Train Epoch: 11 [12736/60000 (21%)]	Loss: 2.526825
Train Epoch: 11 [19136/60000 (32%)]	Loss: 1.673037
Train Epoch: 11 [25536/60000 (43%)]	Loss: 1.758637
Train Epoch: 11 [31936/60000 (53%)]	Loss: 2.602659
Train Epoch: 11 [38336/60000 (64%)]	Loss: 1.538132
Train Epoch: 11 [44736/60000 (75%)]	Loss: 2.406193
Train Epoch: 11 [51136/60000 (85%)]	Loss: 1.826582
Train Epoch: 11 [57536/60000 (96%)]	Loss: 2.869211

Test set: Average loss: 1.9753, Accuracy: 6783/10000 (68%)

Train Epoch: 12 [6336/60000 (11%)]	Loss: 1.738195
Train Epoch: 12 [12736/60000 (21%)]	Loss: 2.709916
Train Epoch: 12 [19136/60000 (32%)]	Loss: 2.091248
Train Epoch: 12 [25536/60000 (43%)]	Loss: 1.848035
Train Epoch: 12 [31936/60000 (53%)]	Loss: 2.016491
Train Epoch: 12 [38336/60000 (64%)]	Loss: 3.342136
Train Epoch: 12 [44736/60000 (75%)]	Loss: 2.182490
Train Epoch: 12 [51136/60000 (85%)]	Loss: 2.204860
Train Epoch: 12 [57536/60000 (96%)]	Loss: 1.460767

Test set: Average loss: 2.6579, Accuracy: 6121/10000 (61%)

Train Epoch: 13 [6336/60000 (11%)]	Loss: 2.587694
Train Epoch: 13 [12736/60000 (21%)]	Loss: 4.059175
Train Epoch: 13 [19136/60000 (32%)]	Loss: 2.159565
Train Epoch: 13 [25536/60000 (43%)]	Loss: 2.514960
Train Epoch: 13 [31936/60000 (53%)]	Loss: 2.673090
Train Epoch: 13 [38336/60000 (64%)]	Loss: 2.818780
Train Epoch: 13 [44736/60000 (75%)]	Loss: 1.607408
Train Epoch: 13 [51136/60000 (85%)]	Loss: 2.995981
Train Epoch: 13 [57536/60000 (96%)]	Loss: 1.456869

Test set: Average loss: 2.5499, Accuracy: 5911/10000 (59%)

Train Epoch: 14 [6336/60000 (11%)]	Loss: 1.487979
Train Epoch: 14 [12736/60000 (21%)]	Loss: 3.135146
Train Epoch: 14 [19136/60000 (32%)]	Loss: 2.708119
Train Epoch: 14 [25536/60000 (43%)]	Loss: 1.755721
Train Epoch: 14 [31936/60000 (53%)]	Loss: 1.754018
Train Epoch: 14 [38336/60000 (64%)]	Loss: 3.959113
Train Epoch: 14 [44736/60000 (75%)]	Loss: 2.998443
Train Epoch: 14 [51136/60000 (85%)]	Loss: 1.859394
Train Epoch: 14 [57536/60000 (96%)]	Loss: 3.024974

Test set: Average loss: 2.5761, Accuracy: 6162/10000 (62%)

Train Epoch: 15 [6336/60000 (11%)]	Loss: 1.793817
Train Epoch: 15 [12736/60000 (21%)]	Loss: 2.341384
Train Epoch: 15 [19136/60000 (32%)]	Loss: 4.160713
Train Epoch: 15 [25536/60000 (43%)]	Loss: 2.253348
Train Epoch: 15 [31936/60000 (53%)]	Loss: 1.137529
Train Epoch: 15 [38336/60000 (64%)]	Loss: 4.417566
Train Epoch: 15 [44736/60000 (75%)]	Loss: 2.122136
Train Epoch: 15 [51136/60000 (85%)]	Loss: 3.441613
Train Epoch: 15 [57536/60000 (96%)]	Loss: 2.530645

Test set: Average loss: 2.8621, Accuracy: 6347/10000 (63%)

Train Epoch: 16 [6336/60000 (11%)]	Loss: 1.536701
Train Epoch: 16 [12736/60000 (21%)]	Loss: 1.613678
Train Epoch: 16 [19136/60000 (32%)]	Loss: 0.764669
Train Epoch: 16 [25536/60000 (43%)]	Loss: 2.884130
Train Epoch: 16 [31936/60000 (53%)]	Loss: 3.082668
Train Epoch: 16 [38336/60000 (64%)]	Loss: 2.573637
Train Epoch: 16 [44736/60000 (75%)]	Loss: 2.292589
Train Epoch: 16 [51136/60000 (85%)]	Loss: 2.461802
Train Epoch: 16 [57536/60000 (96%)]	Loss: 3.055163

Test set: Average loss: 2.6725, Accuracy: 6582/10000 (66%)

Train Epoch: 17 [6336/60000 (11%)]	Loss: 2.892493
Train Epoch: 17 [12736/60000 (21%)]	Loss: 1.606319
Train Epoch: 17 [19136/60000 (32%)]	Loss: 2.396582
Train Epoch: 17 [25536/60000 (43%)]	Loss: 2.013932
Train Epoch: 17 [31936/60000 (53%)]	Loss: 2.762204
Train Epoch: 17 [38336/60000 (64%)]	Loss: 2.431116
Train Epoch: 17 [44736/60000 (75%)]	Loss: 3.081412
Train Epoch: 17 [51136/60000 (85%)]	Loss: 2.425225
Train Epoch: 17 [57536/60000 (96%)]	Loss: 2.262520

Test set: Average loss: 2.1892, Accuracy: 6740/10000 (67%)

Train Epoch: 18 [6336/60000 (11%)]	Loss: 1.096411
Train Epoch: 18 [12736/60000 (21%)]	Loss: 2.751593
Train Epoch: 18 [19136/60000 (32%)]	Loss: 2.021197
Train Epoch: 18 [25536/60000 (43%)]	Loss: 1.499699
Train Epoch: 18 [31936/60000 (53%)]	Loss: 2.115845
Train Epoch: 18 [38336/60000 (64%)]	Loss: 2.218332
Train Epoch: 18 [44736/60000 (75%)]	Loss: 2.224743
Train Epoch: 18 [51136/60000 (85%)]	Loss: 2.050536
Train Epoch: 18 [57536/60000 (96%)]	Loss: 3.149309

Test set: Average loss: 3.0325, Accuracy: 5953/10000 (60%)

Train Epoch: 19 [6336/60000 (11%)]	Loss: 0.505375
Train Epoch: 19 [12736/60000 (21%)]	Loss: 1.707611
Train Epoch: 19 [19136/60000 (32%)]	Loss: 1.305858
Train Epoch: 19 [25536/60000 (43%)]	Loss: 1.703206
Train Epoch: 19 [31936/60000 (53%)]	Loss: 3.406788
Train Epoch: 19 [38336/60000 (64%)]	Loss: 1.969882
Train Epoch: 19 [44736/60000 (75%)]	Loss: 2.086557
Train Epoch: 19 [51136/60000 (85%)]	Loss: 2.405446
Train Epoch: 19 [57536/60000 (96%)]	Loss: 1.291695

Test set: Average loss: 2.1116, Accuracy: 6944/10000 (69%)

Namespace(batch_size=64, bias=None, data='../data', device=1, epochs=19, hidden_size=500, load_weights=None, log_interval=100, lr=0.1, model='redfc2', momentum=0.9, no_cuda=False, r=5, save_model=None, save_results=True, seed=1, sparsity=0.1, use_relu=False, wd=0.0005)


Total time spent pruning/training: 1.98 minutes
Total number of parameters in model: 1991420
Number of parameters in pruned model: 1792278
