Namespace(batch_size=64, bias=None, data='../data', device=0, epochs=100, hidden_size=500, load_weights=None, log_interval=100, lr=0.1, milestones=[5, 7], model='redfc2', momentum=0.9, no_cuda=False, r=5, save_model=None, save_results=True, scheduler='cosine', seed=1, sparsity=0.9, use_relu=True, wd=0.0005) 

Pruning a Two-Layer Fully Connected Redundant Network ...
Train Epoch: 1 [0/60000 (0%)]	Loss: 2.306304
Train Epoch: 1 [6400/60000 (11%)]	Loss: 1.779140
Train Epoch: 1 [12800/60000 (21%)]	Loss: 1.521342
Train Epoch: 1 [19200/60000 (32%)]	Loss: 1.435404
Train Epoch: 1 [25600/60000 (43%)]	Loss: 1.362256
Train Epoch: 1 [32000/60000 (53%)]	Loss: 1.252866
Train Epoch: 1 [38400/60000 (64%)]	Loss: 1.213152
Train Epoch: 1 [44800/60000 (75%)]	Loss: 1.104838
Train Epoch: 1 [51200/60000 (85%)]	Loss: 1.070297
Train Epoch: 1 [57600/60000 (96%)]	Loss: 1.183455

Test set: Average loss: 1.1385, Accuracy: 7013/10000 (70%)

Train Epoch: 2 [0/60000 (0%)]	Loss: 1.308856
Train Epoch: 2 [6400/60000 (11%)]	Loss: 1.148129
Train Epoch: 2 [12800/60000 (21%)]	Loss: 1.151246
Train Epoch: 2 [19200/60000 (32%)]	Loss: 1.190755
Train Epoch: 2 [25600/60000 (43%)]	Loss: 1.059678
Train Epoch: 2 [32000/60000 (53%)]	Loss: 1.025756
Train Epoch: 2 [38400/60000 (64%)]	Loss: 1.044030
Train Epoch: 2 [44800/60000 (75%)]	Loss: 1.174906
Train Epoch: 2 [51200/60000 (85%)]	Loss: 0.932199
Train Epoch: 2 [57600/60000 (96%)]	Loss: 1.126391

Test set: Average loss: 1.0303, Accuracy: 7589/10000 (76%)

Train Epoch: 3 [0/60000 (0%)]	Loss: 0.974428
Train Epoch: 3 [6400/60000 (11%)]	Loss: 1.057606
Train Epoch: 3 [12800/60000 (21%)]	Loss: 1.178279
Train Epoch: 3 [19200/60000 (32%)]	Loss: 0.980863
Train Epoch: 3 [25600/60000 (43%)]	Loss: 1.074042
Train Epoch: 3 [32000/60000 (53%)]	Loss: 1.037208
Train Epoch: 3 [38400/60000 (64%)]	Loss: 1.123752
Train Epoch: 3 [44800/60000 (75%)]	Loss: 1.058343
Train Epoch: 3 [51200/60000 (85%)]	Loss: 0.965877
Train Epoch: 3 [57600/60000 (96%)]	Loss: 1.080368

Test set: Average loss: 1.0571, Accuracy: 7543/10000 (75%)

Train Epoch: 4 [0/60000 (0%)]	Loss: 1.063272
Train Epoch: 4 [6400/60000 (11%)]	Loss: 1.045213
Train Epoch: 4 [12800/60000 (21%)]	Loss: 1.055496
Train Epoch: 4 [19200/60000 (32%)]	Loss: 1.150667
Train Epoch: 4 [25600/60000 (43%)]	Loss: 1.130020
Train Epoch: 4 [32000/60000 (53%)]	Loss: 1.028498
Train Epoch: 4 [38400/60000 (64%)]	Loss: 1.228313
Train Epoch: 4 [44800/60000 (75%)]	Loss: 1.162923
Train Epoch: 4 [51200/60000 (85%)]	Loss: 1.053815
Train Epoch: 4 [57600/60000 (96%)]	Loss: 1.154239

Test set: Average loss: 1.0726, Accuracy: 7387/10000 (74%)

Train Epoch: 5 [0/60000 (0%)]	Loss: 1.115957
Train Epoch: 5 [6400/60000 (11%)]	Loss: 1.075574
Train Epoch: 5 [12800/60000 (21%)]	Loss: 1.081025
Train Epoch: 5 [19200/60000 (32%)]	Loss: 1.125776
Train Epoch: 5 [25600/60000 (43%)]	Loss: 1.113261
Train Epoch: 5 [32000/60000 (53%)]	Loss: 1.150207
Train Epoch: 5 [38400/60000 (64%)]	Loss: 1.267973
Train Epoch: 5 [44800/60000 (75%)]	Loss: 1.087507
Train Epoch: 5 [51200/60000 (85%)]	Loss: 1.121766
Train Epoch: 5 [57600/60000 (96%)]	Loss: 1.201697

Test set: Average loss: 1.1302, Accuracy: 7071/10000 (71%)

Train Epoch: 6 [0/60000 (0%)]	Loss: 1.147673
Train Epoch: 6 [6400/60000 (11%)]	Loss: 1.216192
Train Epoch: 6 [12800/60000 (21%)]	Loss: 1.079672
Train Epoch: 6 [19200/60000 (32%)]	Loss: 1.056421
Train Epoch: 6 [25600/60000 (43%)]	Loss: 1.253599
Train Epoch: 6 [32000/60000 (53%)]	Loss: 1.255546
Train Epoch: 6 [38400/60000 (64%)]	Loss: 1.284756
Train Epoch: 6 [44800/60000 (75%)]	Loss: 1.270814
Train Epoch: 6 [51200/60000 (85%)]	Loss: 1.201967
Train Epoch: 6 [57600/60000 (96%)]	Loss: 1.290458

Test set: Average loss: 1.1690, Accuracy: 6959/10000 (70%)

Train Epoch: 7 [0/60000 (0%)]	Loss: 1.160601
Train Epoch: 7 [6400/60000 (11%)]	Loss: 1.336135
Train Epoch: 7 [12800/60000 (21%)]	Loss: 1.178339
Train Epoch: 7 [19200/60000 (32%)]	Loss: 1.189219
Train Epoch: 7 [25600/60000 (43%)]	Loss: 1.137518
Train Epoch: 7 [32000/60000 (53%)]	Loss: 1.214637
Train Epoch: 7 [38400/60000 (64%)]	Loss: 1.197278
Train Epoch: 7 [44800/60000 (75%)]	Loss: 1.219702
Train Epoch: 7 [51200/60000 (85%)]	Loss: 1.297263
Train Epoch: 7 [57600/60000 (96%)]	Loss: 1.321107

Test set: Average loss: 1.2851, Accuracy: 6555/10000 (66%)

Train Epoch: 8 [0/60000 (0%)]	Loss: 1.427573
Train Epoch: 8 [6400/60000 (11%)]	Loss: 1.246064
Train Epoch: 8 [12800/60000 (21%)]	Loss: 1.403772
Train Epoch: 8 [19200/60000 (32%)]	Loss: 1.401433
Train Epoch: 8 [25600/60000 (43%)]	Loss: 1.307916
Train Epoch: 8 [32000/60000 (53%)]	Loss: 1.315746
Train Epoch: 8 [38400/60000 (64%)]	Loss: 1.375577
Train Epoch: 8 [44800/60000 (75%)]	Loss: 1.486891
Train Epoch: 8 [51200/60000 (85%)]	Loss: 1.369494
Train Epoch: 8 [57600/60000 (96%)]	Loss: 1.316324

Test set: Average loss: 1.3523, Accuracy: 6142/10000 (61%)

Train Epoch: 9 [0/60000 (0%)]	Loss: 1.395229
Train Epoch: 9 [6400/60000 (11%)]	Loss: 1.325482
Train Epoch: 9 [12800/60000 (21%)]	Loss: 1.431622
Train Epoch: 9 [19200/60000 (32%)]	Loss: 1.362538
Train Epoch: 9 [25600/60000 (43%)]	Loss: 1.460621
Train Epoch: 9 [32000/60000 (53%)]	Loss: 1.304600
Train Epoch: 9 [38400/60000 (64%)]	Loss: 1.383799
Train Epoch: 9 [44800/60000 (75%)]	Loss: 1.339865
Train Epoch: 9 [51200/60000 (85%)]	Loss: 1.334881
Train Epoch: 9 [57600/60000 (96%)]	Loss: 1.285501

Test set: Average loss: 1.4620, Accuracy: 5781/10000 (58%)

Train Epoch: 10 [0/60000 (0%)]	Loss: 1.456277
Train Epoch: 10 [6400/60000 (11%)]	Loss: 1.521173
Train Epoch: 10 [12800/60000 (21%)]	Loss: 1.522340
Train Epoch: 10 [19200/60000 (32%)]	Loss: 1.440907
Train Epoch: 10 [25600/60000 (43%)]	Loss: 1.440153
Train Epoch: 10 [32000/60000 (53%)]	Loss: 1.533226
Train Epoch: 10 [38400/60000 (64%)]	Loss: 1.467478
Train Epoch: 10 [44800/60000 (75%)]	Loss: 1.455925
Train Epoch: 10 [51200/60000 (85%)]	Loss: 1.688343
Train Epoch: 10 [57600/60000 (96%)]	Loss: 1.413293

Test set: Average loss: 1.4710, Accuracy: 6414/10000 (64%)

Train Epoch: 11 [0/60000 (0%)]	Loss: 1.646683
Train Epoch: 11 [6400/60000 (11%)]	Loss: 1.644177
Train Epoch: 11 [12800/60000 (21%)]	Loss: 1.484090
Train Epoch: 11 [19200/60000 (32%)]	Loss: 1.541954
Train Epoch: 11 [25600/60000 (43%)]	Loss: 1.457984
Train Epoch: 11 [32000/60000 (53%)]	Loss: 1.526448
Train Epoch: 11 [38400/60000 (64%)]	Loss: 1.589588
Train Epoch: 11 [44800/60000 (75%)]	Loss: 1.580971
Train Epoch: 11 [51200/60000 (85%)]	Loss: 1.613403
Train Epoch: 11 [57600/60000 (96%)]	Loss: 1.681760

Test set: Average loss: 1.6151, Accuracy: 5676/10000 (57%)

Train Epoch: 12 [0/60000 (0%)]	Loss: 1.705346
Train Epoch: 12 [6400/60000 (11%)]	Loss: 1.700130
Train Epoch: 12 [12800/60000 (21%)]	Loss: 1.747036
Train Epoch: 12 [19200/60000 (32%)]	Loss: 1.663222
Train Epoch: 12 [25600/60000 (43%)]	Loss: 1.538214
Train Epoch: 12 [32000/60000 (53%)]	Loss: 1.648360
Train Epoch: 12 [38400/60000 (64%)]	Loss: 1.684736
Train Epoch: 12 [44800/60000 (75%)]	Loss: 1.793853
Train Epoch: 12 [51200/60000 (85%)]	Loss: 1.665752
Train Epoch: 12 [57600/60000 (96%)]	Loss: 1.672488

Test set: Average loss: 1.7375, Accuracy: 5311/10000 (53%)

Train Epoch: 13 [0/60000 (0%)]	Loss: 1.688447
Train Epoch: 13 [6400/60000 (11%)]	Loss: 1.778053
Train Epoch: 13 [12800/60000 (21%)]	Loss: 1.824176
Train Epoch: 13 [19200/60000 (32%)]	Loss: 1.783308
Train Epoch: 13 [25600/60000 (43%)]	Loss: 1.885125
Train Epoch: 13 [32000/60000 (53%)]	Loss: 1.750505
Train Epoch: 13 [38400/60000 (64%)]	Loss: 1.802191
Train Epoch: 13 [44800/60000 (75%)]	Loss: 1.719912
Train Epoch: 13 [51200/60000 (85%)]	Loss: 1.734450
Train Epoch: 13 [57600/60000 (96%)]	Loss: 1.767113

Test set: Average loss: 1.8620, Accuracy: 4668/10000 (47%)

Train Epoch: 14 [0/60000 (0%)]	Loss: 1.849301
Train Epoch: 14 [6400/60000 (11%)]	Loss: 1.854384
Train Epoch: 14 [12800/60000 (21%)]	Loss: 1.969893
Train Epoch: 14 [19200/60000 (32%)]	Loss: 1.797199
Train Epoch: 14 [25600/60000 (43%)]	Loss: 1.919897
Train Epoch: 14 [32000/60000 (53%)]	Loss: 1.915116
Train Epoch: 14 [38400/60000 (64%)]	Loss: 1.908561
Train Epoch: 14 [44800/60000 (75%)]	Loss: 1.812593
Train Epoch: 14 [51200/60000 (85%)]	Loss: 1.847008
Train Epoch: 14 [57600/60000 (96%)]	Loss: 1.949147

Test set: Average loss: 1.8932, Accuracy: 5084/10000 (51%)

Train Epoch: 15 [0/60000 (0%)]	Loss: 1.891395
Train Epoch: 15 [6400/60000 (11%)]	Loss: 1.828496
Train Epoch: 15 [12800/60000 (21%)]	Loss: 1.822466
Train Epoch: 15 [19200/60000 (32%)]	Loss: 1.816726
Train Epoch: 15 [25600/60000 (43%)]	Loss: 1.917649
Train Epoch: 15 [32000/60000 (53%)]	Loss: 1.908303
Train Epoch: 15 [38400/60000 (64%)]	Loss: 1.958708
Train Epoch: 15 [44800/60000 (75%)]	Loss: 1.908375
Train Epoch: 15 [51200/60000 (85%)]	Loss: 1.925452
Train Epoch: 15 [57600/60000 (96%)]	Loss: 1.886850

Test set: Average loss: 1.9486, Accuracy: 4175/10000 (42%)

Train Epoch: 16 [0/60000 (0%)]	Loss: 1.967243
Train Epoch: 16 [6400/60000 (11%)]	Loss: 1.938131
Train Epoch: 16 [12800/60000 (21%)]	Loss: 1.955417
Train Epoch: 16 [19200/60000 (32%)]	Loss: 1.967937
Train Epoch: 16 [25600/60000 (43%)]	Loss: 1.999438
Train Epoch: 16 [32000/60000 (53%)]	Loss: 1.892543
Train Epoch: 16 [38400/60000 (64%)]	Loss: 2.014389
Train Epoch: 16 [44800/60000 (75%)]	Loss: 2.009451
Train Epoch: 16 [51200/60000 (85%)]	Loss: 2.054258
Train Epoch: 16 [57600/60000 (96%)]	Loss: 1.985770

Test set: Average loss: 2.0191, Accuracy: 4112/10000 (41%)

Train Epoch: 17 [0/60000 (0%)]	Loss: 2.051334
Train Epoch: 17 [6400/60000 (11%)]	Loss: 2.035102
Train Epoch: 17 [12800/60000 (21%)]	Loss: 2.035669
Train Epoch: 17 [19200/60000 (32%)]	Loss: 2.014813
Train Epoch: 17 [25600/60000 (43%)]	Loss: 2.174533
Train Epoch: 17 [32000/60000 (53%)]	Loss: 2.075712
Train Epoch: 17 [38400/60000 (64%)]	Loss: 2.022908
Train Epoch: 17 [44800/60000 (75%)]	Loss: 2.019895
Train Epoch: 17 [51200/60000 (85%)]	Loss: 2.060984
Train Epoch: 17 [57600/60000 (96%)]	Loss: 2.066955

Test set: Average loss: 2.0475, Accuracy: 3464/10000 (35%)

Train Epoch: 18 [0/60000 (0%)]	Loss: 2.080366
Train Epoch: 18 [6400/60000 (11%)]	Loss: 2.104593
Train Epoch: 18 [12800/60000 (21%)]	Loss: 2.055704
Train Epoch: 18 [19200/60000 (32%)]	Loss: 2.008985
Train Epoch: 18 [25600/60000 (43%)]	Loss: 2.075171
Train Epoch: 18 [32000/60000 (53%)]	Loss: 1.963816
Train Epoch: 18 [38400/60000 (64%)]	Loss: 2.082015
Train Epoch: 18 [44800/60000 (75%)]	Loss: 2.014035
Train Epoch: 18 [51200/60000 (85%)]	Loss: 2.104138
Train Epoch: 18 [57600/60000 (96%)]	Loss: 2.045800

Test set: Average loss: 2.0741, Accuracy: 3377/10000 (34%)

Train Epoch: 19 [0/60000 (0%)]	Loss: 1.993795
Train Epoch: 19 [6400/60000 (11%)]	Loss: 2.058608
Train Epoch: 19 [12800/60000 (21%)]	Loss: 2.116516
Train Epoch: 19 [19200/60000 (32%)]	Loss: 2.019102
Train Epoch: 19 [25600/60000 (43%)]	Loss: 2.152951
Train Epoch: 19 [32000/60000 (53%)]	Loss: 2.022949
Train Epoch: 19 [38400/60000 (64%)]	Loss: 2.194010
Train Epoch: 19 [44800/60000 (75%)]	Loss: 1.951915
Train Epoch: 19 [51200/60000 (85%)]	Loss: 2.224890
Train Epoch: 19 [57600/60000 (96%)]	Loss: 1.996588

Test set: Average loss: 2.1047, Accuracy: 2762/10000 (28%)

Train Epoch: 20 [0/60000 (0%)]	Loss: 2.041003
Train Epoch: 20 [6400/60000 (11%)]	Loss: 2.200057
Train Epoch: 20 [12800/60000 (21%)]	Loss: 2.076748
Train Epoch: 20 [19200/60000 (32%)]	Loss: 2.113249
Train Epoch: 20 [25600/60000 (43%)]	Loss: 2.034475
Train Epoch: 20 [32000/60000 (53%)]	Loss: 2.108354
Train Epoch: 20 [38400/60000 (64%)]	Loss: 2.265032
Train Epoch: 20 [44800/60000 (75%)]	Loss: 2.187027
Train Epoch: 20 [51200/60000 (85%)]	Loss: 2.030371
Train Epoch: 20 [57600/60000 (96%)]	Loss: 2.221944

Test set: Average loss: 2.1191, Accuracy: 2768/10000 (28%)

Train Epoch: 21 [0/60000 (0%)]	Loss: 2.147107
Train Epoch: 21 [6400/60000 (11%)]	Loss: 2.083944
Train Epoch: 21 [12800/60000 (21%)]	Loss: 2.124468
Train Epoch: 21 [19200/60000 (32%)]	Loss: 2.056587
Train Epoch: 21 [25600/60000 (43%)]	Loss: 2.022786
Train Epoch: 21 [32000/60000 (53%)]	Loss: 2.008728
Train Epoch: 21 [38400/60000 (64%)]	Loss: 2.202125
Train Epoch: 21 [44800/60000 (75%)]	Loss: 2.047529
Train Epoch: 21 [51200/60000 (85%)]	Loss: 1.971400
Train Epoch: 21 [57600/60000 (96%)]	Loss: 2.097326

Test set: Average loss: 2.1152, Accuracy: 2762/10000 (28%)

Train Epoch: 22 [0/60000 (0%)]	Loss: 2.082761
Train Epoch: 22 [6400/60000 (11%)]	Loss: 2.054609
Train Epoch: 22 [12800/60000 (21%)]	Loss: 2.101104
Train Epoch: 22 [19200/60000 (32%)]	Loss: 2.094661
Train Epoch: 22 [25600/60000 (43%)]	Loss: 2.094355
Train Epoch: 22 [32000/60000 (53%)]	Loss: 2.034059
Train Epoch: 22 [38400/60000 (64%)]	Loss: 2.011415
Train Epoch: 22 [44800/60000 (75%)]	Loss: 2.116972
Train Epoch: 22 [51200/60000 (85%)]	Loss: 2.155175
Train Epoch: 22 [57600/60000 (96%)]	Loss: 2.104684

Test set: Average loss: 2.1312, Accuracy: 2664/10000 (27%)

Train Epoch: 23 [0/60000 (0%)]	Loss: 2.144299
Train Epoch: 23 [6400/60000 (11%)]	Loss: 2.072147
Train Epoch: 23 [12800/60000 (21%)]	Loss: 2.191571
Train Epoch: 23 [19200/60000 (32%)]	Loss: 2.081656
Train Epoch: 23 [25600/60000 (43%)]	Loss: 2.215166
Train Epoch: 23 [32000/60000 (53%)]	Loss: 2.130003
Train Epoch: 23 [38400/60000 (64%)]	Loss: 2.082859
Train Epoch: 23 [44800/60000 (75%)]	Loss: 2.234848
Train Epoch: 23 [51200/60000 (85%)]	Loss: 2.089897
Train Epoch: 23 [57600/60000 (96%)]	Loss: 2.094656

Test set: Average loss: 2.1451, Accuracy: 2511/10000 (25%)

Train Epoch: 24 [0/60000 (0%)]	Loss: 2.186123
Train Epoch: 24 [6400/60000 (11%)]	Loss: 2.164047
Train Epoch: 24 [12800/60000 (21%)]	Loss: 2.202499
Train Epoch: 24 [19200/60000 (32%)]	Loss: 2.262007
Train Epoch: 24 [25600/60000 (43%)]	Loss: 2.091269
Train Epoch: 24 [32000/60000 (53%)]	Loss: 2.103989
Train Epoch: 24 [38400/60000 (64%)]	Loss: 2.138556
Train Epoch: 24 [44800/60000 (75%)]	Loss: 2.032173
Train Epoch: 24 [51200/60000 (85%)]	Loss: 2.068089
Train Epoch: 24 [57600/60000 (96%)]	Loss: 2.093053

Test set: Average loss: 2.1541, Accuracy: 2359/10000 (24%)

Train Epoch: 25 [0/60000 (0%)]	Loss: 2.121461
Train Epoch: 25 [6400/60000 (11%)]	Loss: 2.187052
Train Epoch: 25 [12800/60000 (21%)]	Loss: 2.167611
Train Epoch: 25 [19200/60000 (32%)]	Loss: 2.135640
Train Epoch: 25 [25600/60000 (43%)]	Loss: 1.999008
Train Epoch: 25 [32000/60000 (53%)]	Loss: 2.094306
Train Epoch: 25 [38400/60000 (64%)]	Loss: 2.150438
Train Epoch: 25 [44800/60000 (75%)]	Loss: 2.177572
Train Epoch: 25 [51200/60000 (85%)]	Loss: 2.199018
Train Epoch: 25 [57600/60000 (96%)]	Loss: 2.207194

Test set: Average loss: 2.1552, Accuracy: 2310/10000 (23%)

Train Epoch: 26 [0/60000 (0%)]	Loss: 2.162230
Train Epoch: 26 [6400/60000 (11%)]	Loss: 2.045350
Train Epoch: 26 [12800/60000 (21%)]	Loss: 2.170850
Train Epoch: 26 [19200/60000 (32%)]	Loss: 2.214765
Train Epoch: 26 [25600/60000 (43%)]	Loss: 2.145848
Train Epoch: 26 [32000/60000 (53%)]	Loss: 2.176407
Train Epoch: 26 [38400/60000 (64%)]	Loss: 2.163553
Train Epoch: 26 [44800/60000 (75%)]	Loss: 2.143899
Train Epoch: 26 [51200/60000 (85%)]	Loss: 2.149713
Train Epoch: 26 [57600/60000 (96%)]	Loss: 2.202064

Test set: Average loss: 2.1620, Accuracy: 2287/10000 (23%)

Train Epoch: 27 [0/60000 (0%)]	Loss: 2.011910
Train Epoch: 27 [6400/60000 (11%)]	Loss: 2.114515
Train Epoch: 27 [12800/60000 (21%)]	Loss: 2.161902
Train Epoch: 27 [19200/60000 (32%)]	Loss: 2.120953
Train Epoch: 27 [25600/60000 (43%)]	Loss: 2.272073
Train Epoch: 27 [32000/60000 (53%)]	Loss: 2.241162
Train Epoch: 27 [38400/60000 (64%)]	Loss: 2.239369
Train Epoch: 27 [44800/60000 (75%)]	Loss: 2.134034
Train Epoch: 27 [51200/60000 (85%)]	Loss: 2.107546
Train Epoch: 27 [57600/60000 (96%)]	Loss: 2.049613

Test set: Average loss: 2.1603, Accuracy: 2351/10000 (24%)

Train Epoch: 28 [0/60000 (0%)]	Loss: 2.117211
Train Epoch: 28 [6400/60000 (11%)]	Loss: 2.126024
Train Epoch: 28 [12800/60000 (21%)]	Loss: 2.291745
Train Epoch: 28 [19200/60000 (32%)]	Loss: 2.174075
Train Epoch: 28 [25600/60000 (43%)]	Loss: 2.153593
Train Epoch: 28 [32000/60000 (53%)]	Loss: 2.217770
Train Epoch: 28 [38400/60000 (64%)]	Loss: 2.287643
Train Epoch: 28 [44800/60000 (75%)]	Loss: 2.157653
Train Epoch: 28 [51200/60000 (85%)]	Loss: 2.114277
Train Epoch: 28 [57600/60000 (96%)]	Loss: 2.083462

Test set: Average loss: 2.1365, Accuracy: 2551/10000 (26%)

Train Epoch: 29 [0/60000 (0%)]	Loss: 2.187027
Train Epoch: 29 [6400/60000 (11%)]	Loss: 2.102105
Train Epoch: 29 [12800/60000 (21%)]	Loss: 2.204722
Train Epoch: 29 [19200/60000 (32%)]	Loss: 2.221895
Train Epoch: 29 [25600/60000 (43%)]	Loss: 2.032543
Train Epoch: 29 [32000/60000 (53%)]	Loss: 2.209572
Train Epoch: 29 [38400/60000 (64%)]	Loss: 2.072392
Train Epoch: 29 [44800/60000 (75%)]	Loss: 2.048726
Train Epoch: 29 [51200/60000 (85%)]	Loss: 2.060906
Train Epoch: 29 [57600/60000 (96%)]	Loss: 2.171180

Test set: Average loss: 2.1333, Accuracy: 2554/10000 (26%)

Train Epoch: 30 [0/60000 (0%)]	Loss: 2.105270
Train Epoch: 30 [6400/60000 (11%)]	Loss: 2.189220
Train Epoch: 30 [12800/60000 (21%)]	Loss: 2.051084
Train Epoch: 30 [19200/60000 (32%)]	Loss: 2.193231
Train Epoch: 30 [25600/60000 (43%)]	Loss: 2.203681
Train Epoch: 30 [32000/60000 (53%)]	Loss: 2.048584
Train Epoch: 30 [38400/60000 (64%)]	Loss: 2.170232
Train Epoch: 30 [44800/60000 (75%)]	Loss: 2.118427
Train Epoch: 30 [51200/60000 (85%)]	Loss: 2.182206
Train Epoch: 30 [57600/60000 (96%)]	Loss: 2.164346

Test set: Average loss: 2.1385, Accuracy: 2569/10000 (26%)

Train Epoch: 31 [0/60000 (0%)]	Loss: 2.107608
Train Epoch: 31 [6400/60000 (11%)]	Loss: 2.074224
Train Epoch: 31 [12800/60000 (21%)]	Loss: 2.162486
Train Epoch: 31 [19200/60000 (32%)]	Loss: 1.966036
Train Epoch: 31 [25600/60000 (43%)]	Loss: 2.091506
Train Epoch: 31 [32000/60000 (53%)]	Loss: 2.171384
Train Epoch: 31 [38400/60000 (64%)]	Loss: 2.127327
Train Epoch: 31 [44800/60000 (75%)]	Loss: 2.177538
Train Epoch: 31 [51200/60000 (85%)]	Loss: 2.106331
Train Epoch: 31 [57600/60000 (96%)]	Loss: 2.093915

Test set: Average loss: 2.1394, Accuracy: 2599/10000 (26%)

Train Epoch: 32 [0/60000 (0%)]	Loss: 2.092385
Train Epoch: 32 [6400/60000 (11%)]	Loss: 2.110228
Train Epoch: 32 [12800/60000 (21%)]	Loss: 2.096090
Train Epoch: 32 [19200/60000 (32%)]	Loss: 2.150589
Train Epoch: 32 [25600/60000 (43%)]	Loss: 2.090097
Train Epoch: 32 [32000/60000 (53%)]	Loss: 2.099675
Train Epoch: 32 [38400/60000 (64%)]	Loss: 2.229131
Train Epoch: 32 [44800/60000 (75%)]	Loss: 2.022628
Train Epoch: 32 [51200/60000 (85%)]	Loss: 2.085795
Train Epoch: 32 [57600/60000 (96%)]	Loss: 2.251215

Test set: Average loss: 2.1381, Accuracy: 2596/10000 (26%)

Train Epoch: 33 [0/60000 (0%)]	Loss: 1.993920
Train Epoch: 33 [6400/60000 (11%)]	Loss: 2.219964
Train Epoch: 33 [12800/60000 (21%)]	Loss: 2.124034
Train Epoch: 33 [19200/60000 (32%)]	Loss: 2.138537
Train Epoch: 33 [25600/60000 (43%)]	Loss: 2.083975
Train Epoch: 33 [32000/60000 (53%)]	Loss: 2.129745
Train Epoch: 33 [38400/60000 (64%)]	Loss: 2.188438
Train Epoch: 33 [44800/60000 (75%)]	Loss: 2.090742
Train Epoch: 33 [51200/60000 (85%)]	Loss: 2.005612
Train Epoch: 33 [57600/60000 (96%)]	Loss: 2.180901

Test set: Average loss: 2.1378, Accuracy: 2592/10000 (26%)

Train Epoch: 34 [0/60000 (0%)]	Loss: 2.093607
Train Epoch: 34 [6400/60000 (11%)]	Loss: 2.120362
Train Epoch: 34 [12800/60000 (21%)]	Loss: 2.064510
Train Epoch: 34 [19200/60000 (32%)]	Loss: 2.089958
Train Epoch: 34 [25600/60000 (43%)]	Loss: 2.084785
Train Epoch: 34 [32000/60000 (53%)]	Loss: 2.222487
Train Epoch: 34 [38400/60000 (64%)]	Loss: 2.114310
Train Epoch: 34 [44800/60000 (75%)]	Loss: 2.155566
Train Epoch: 34 [51200/60000 (85%)]	Loss: 2.080133
Train Epoch: 34 [57600/60000 (96%)]	Loss: 2.158343

Test set: Average loss: 2.1384, Accuracy: 2599/10000 (26%)

Train Epoch: 35 [0/60000 (0%)]	Loss: 2.066406
Train Epoch: 35 [6400/60000 (11%)]	Loss: 2.067802
Train Epoch: 35 [12800/60000 (21%)]	Loss: 2.136642
Train Epoch: 35 [19200/60000 (32%)]	Loss: 2.060504
Train Epoch: 35 [25600/60000 (43%)]	Loss: 2.149224
Train Epoch: 35 [32000/60000 (53%)]	Loss: 2.172022
Train Epoch: 35 [38400/60000 (64%)]	Loss: 2.049029
Train Epoch: 35 [44800/60000 (75%)]	Loss: 2.230046
Train Epoch: 35 [51200/60000 (85%)]	Loss: 2.040078
Train Epoch: 35 [57600/60000 (96%)]	Loss: 2.250853

Test set: Average loss: 2.1390, Accuracy: 2593/10000 (26%)

Train Epoch: 36 [0/60000 (0%)]	Loss: 2.112590
Train Epoch: 36 [6400/60000 (11%)]	Loss: 2.136012
Train Epoch: 36 [12800/60000 (21%)]	Loss: 2.081261
Train Epoch: 36 [19200/60000 (32%)]	Loss: 2.020275
Train Epoch: 36 [25600/60000 (43%)]	Loss: 2.172543
Train Epoch: 36 [32000/60000 (53%)]	Loss: 2.161439
Train Epoch: 36 [38400/60000 (64%)]	Loss: 2.051074
Train Epoch: 36 [44800/60000 (75%)]	Loss: 2.155615
Train Epoch: 36 [51200/60000 (85%)]	Loss: 2.174926
Train Epoch: 36 [57600/60000 (96%)]	Loss: 2.169031

Test set: Average loss: 2.1396, Accuracy: 2590/10000 (26%)

Train Epoch: 37 [0/60000 (0%)]	Loss: 2.044855
Train Epoch: 37 [6400/60000 (11%)]	Loss: 2.132214
Train Epoch: 37 [12800/60000 (21%)]	Loss: 2.195920
Train Epoch: 37 [19200/60000 (32%)]	Loss: 2.193009
Train Epoch: 37 [25600/60000 (43%)]	Loss: 2.106309
Train Epoch: 37 [32000/60000 (53%)]	Loss: 2.125137
Train Epoch: 37 [38400/60000 (64%)]	Loss: 2.124680
Train Epoch: 37 [44800/60000 (75%)]	Loss: 2.076393
Train Epoch: 37 [51200/60000 (85%)]	Loss: 2.196233
Train Epoch: 37 [57600/60000 (96%)]	Loss: 2.093028

Test set: Average loss: 2.1386, Accuracy: 2593/10000 (26%)

Train Epoch: 38 [0/60000 (0%)]	Loss: 2.201054
Train Epoch: 38 [6400/60000 (11%)]	Loss: 2.146472
Train Epoch: 38 [12800/60000 (21%)]	Loss: 2.115593
Train Epoch: 38 [19200/60000 (32%)]	Loss: 2.228654
Train Epoch: 38 [25600/60000 (43%)]	Loss: 2.130393
Train Epoch: 38 [32000/60000 (53%)]	Loss: 2.093415
Train Epoch: 38 [38400/60000 (64%)]	Loss: 2.143270
Train Epoch: 38 [44800/60000 (75%)]	Loss: 2.149860
Train Epoch: 38 [51200/60000 (85%)]	Loss: 2.118966
Train Epoch: 38 [57600/60000 (96%)]	Loss: 2.128435

Test set: Average loss: 2.1385, Accuracy: 2592/10000 (26%)

Train Epoch: 39 [0/60000 (0%)]	Loss: 2.138226
Train Epoch: 39 [6400/60000 (11%)]	Loss: 2.122508
Train Epoch: 39 [12800/60000 (21%)]	Loss: 2.150964
Train Epoch: 39 [19200/60000 (32%)]	Loss: 2.172012
Train Epoch: 39 [25600/60000 (43%)]	Loss: 2.153406
Train Epoch: 39 [32000/60000 (53%)]	Loss: 2.211154
Train Epoch: 39 [38400/60000 (64%)]	Loss: 2.069157
Train Epoch: 39 [44800/60000 (75%)]	Loss: 2.023077
Train Epoch: 39 [51200/60000 (85%)]	Loss: 2.094972
Train Epoch: 39 [57600/60000 (96%)]	Loss: 2.164824

Test set: Average loss: 2.1379, Accuracy: 2595/10000 (26%)

Train Epoch: 40 [0/60000 (0%)]	Loss: 2.148590
Train Epoch: 40 [6400/60000 (11%)]	Loss: 2.122380
Train Epoch: 40 [12800/60000 (21%)]	Loss: 2.167301
Train Epoch: 40 [19200/60000 (32%)]	Loss: 2.161961
Train Epoch: 40 [25600/60000 (43%)]	Loss: 2.186186
Train Epoch: 40 [32000/60000 (53%)]	Loss: 2.193180
Train Epoch: 40 [38400/60000 (64%)]	Loss: 2.123974
Train Epoch: 40 [44800/60000 (75%)]	Loss: 2.058595
Train Epoch: 40 [51200/60000 (85%)]	Loss: 2.198390
Train Epoch: 40 [57600/60000 (96%)]	Loss: 2.144093

Test set: Average loss: 2.1393, Accuracy: 2593/10000 (26%)

Train Epoch: 41 [0/60000 (0%)]	Loss: 2.123117
Train Epoch: 41 [6400/60000 (11%)]	Loss: 2.176902
Train Epoch: 41 [12800/60000 (21%)]	Loss: 2.192263
Train Epoch: 41 [19200/60000 (32%)]	Loss: 2.244396
Train Epoch: 41 [25600/60000 (43%)]	Loss: 2.075331
Train Epoch: 41 [32000/60000 (53%)]	Loss: 2.066904
Train Epoch: 41 [38400/60000 (64%)]	Loss: 2.151478
Train Epoch: 41 [44800/60000 (75%)]	Loss: 2.168463
Train Epoch: 41 [51200/60000 (85%)]	Loss: 2.176252
Train Epoch: 41 [57600/60000 (96%)]	Loss: 2.180171

Test set: Average loss: 2.1400, Accuracy: 2593/10000 (26%)

Train Epoch: 42 [0/60000 (0%)]	Loss: 2.140262
Train Epoch: 42 [6400/60000 (11%)]	Loss: 2.197562
Train Epoch: 42 [12800/60000 (21%)]	Loss: 2.172333
Train Epoch: 42 [19200/60000 (32%)]	Loss: 2.109622
Train Epoch: 42 [25600/60000 (43%)]	Loss: 2.188389
Train Epoch: 42 [32000/60000 (53%)]	Loss: 2.171033
Train Epoch: 42 [38400/60000 (64%)]	Loss: 2.057836
Train Epoch: 42 [44800/60000 (75%)]	Loss: 2.180502
Train Epoch: 42 [51200/60000 (85%)]	Loss: 2.159759
Train Epoch: 42 [57600/60000 (96%)]	Loss: 2.149735

Test set: Average loss: 2.1400, Accuracy: 2593/10000 (26%)

Train Epoch: 43 [0/60000 (0%)]	Loss: 2.212339
Train Epoch: 43 [6400/60000 (11%)]	Loss: 2.131840
Train Epoch: 43 [12800/60000 (21%)]	Loss: 2.058250
Train Epoch: 43 [19200/60000 (32%)]	Loss: 2.148592
Train Epoch: 43 [25600/60000 (43%)]	Loss: 2.094851
Train Epoch: 43 [32000/60000 (53%)]	Loss: 2.139917
Train Epoch: 43 [38400/60000 (64%)]	Loss: 2.251408
Train Epoch: 43 [44800/60000 (75%)]	Loss: 2.222843
Train Epoch: 43 [51200/60000 (85%)]	Loss: 2.124075
Train Epoch: 43 [57600/60000 (96%)]	Loss: 2.117918

Test set: Average loss: 2.1399, Accuracy: 2593/10000 (26%)

Train Epoch: 44 [0/60000 (0%)]	Loss: 2.028504
Train Epoch: 44 [6400/60000 (11%)]	Loss: 2.178332
Train Epoch: 44 [12800/60000 (21%)]	Loss: 2.107492
Train Epoch: 44 [19200/60000 (32%)]	Loss: 2.147773
Train Epoch: 44 [25600/60000 (43%)]	Loss: 2.137713
Train Epoch: 44 [32000/60000 (53%)]	Loss: 2.132938
Train Epoch: 44 [38400/60000 (64%)]	Loss: 2.149804
Train Epoch: 44 [44800/60000 (75%)]	Loss: 2.192873
Train Epoch: 44 [51200/60000 (85%)]	Loss: 2.132671
Train Epoch: 44 [57600/60000 (96%)]	Loss: 2.055609

Test set: Average loss: 2.1396, Accuracy: 2593/10000 (26%)

Train Epoch: 45 [0/60000 (0%)]	Loss: 2.244912
Train Epoch: 45 [6400/60000 (11%)]	Loss: 2.081468
Train Epoch: 45 [12800/60000 (21%)]	Loss: 2.075581
Train Epoch: 45 [19200/60000 (32%)]	Loss: 2.126981
Train Epoch: 45 [25600/60000 (43%)]	Loss: 2.187424
Train Epoch: 45 [32000/60000 (53%)]	Loss: 2.180465
Train Epoch: 45 [38400/60000 (64%)]	Loss: 2.166649
Train Epoch: 45 [44800/60000 (75%)]	Loss: 2.146805
Train Epoch: 45 [51200/60000 (85%)]	Loss: 2.124818
Train Epoch: 45 [57600/60000 (96%)]	Loss: 2.127000

Test set: Average loss: 2.1389, Accuracy: 2593/10000 (26%)

Train Epoch: 46 [0/60000 (0%)]	Loss: 2.145091
Train Epoch: 46 [6400/60000 (11%)]	Loss: 2.190713
Train Epoch: 46 [12800/60000 (21%)]	Loss: 2.092050
Train Epoch: 46 [19200/60000 (32%)]	Loss: 2.175938
Train Epoch: 46 [25600/60000 (43%)]	Loss: 2.096243
Train Epoch: 46 [32000/60000 (53%)]	Loss: 2.106514
Train Epoch: 46 [38400/60000 (64%)]	Loss: 2.048427
Train Epoch: 46 [44800/60000 (75%)]	Loss: 2.136642
Train Epoch: 46 [51200/60000 (85%)]	Loss: 2.119827
Train Epoch: 46 [57600/60000 (96%)]	Loss: 2.153821

Test set: Average loss: 2.1386, Accuracy: 2593/10000 (26%)

Train Epoch: 47 [0/60000 (0%)]	Loss: 2.157394
Train Epoch: 47 [6400/60000 (11%)]	Loss: 2.126292
Train Epoch: 47 [12800/60000 (21%)]	Loss: 2.185676
Train Epoch: 47 [19200/60000 (32%)]	Loss: 2.227419
Train Epoch: 47 [25600/60000 (43%)]	Loss: 2.159250
Train Epoch: 47 [32000/60000 (53%)]	Loss: 2.066860
Train Epoch: 47 [38400/60000 (64%)]	Loss: 2.142425
Train Epoch: 47 [44800/60000 (75%)]	Loss: 2.149543
Train Epoch: 47 [51200/60000 (85%)]	Loss: 2.142823
Train Epoch: 47 [57600/60000 (96%)]	Loss: 2.113459

Test set: Average loss: 2.1392, Accuracy: 2593/10000 (26%)

Train Epoch: 48 [0/60000 (0%)]	Loss: 2.163363
Train Epoch: 48 [6400/60000 (11%)]	Loss: 2.202104
Train Epoch: 48 [12800/60000 (21%)]	Loss: 2.190225
Train Epoch: 48 [19200/60000 (32%)]	Loss: 2.129507
Train Epoch: 48 [25600/60000 (43%)]	Loss: 2.243340
Train Epoch: 48 [32000/60000 (53%)]	Loss: 2.095152
Train Epoch: 48 [38400/60000 (64%)]	Loss: 2.101180
Train Epoch: 48 [44800/60000 (75%)]	Loss: 2.164875
Train Epoch: 48 [51200/60000 (85%)]	Loss: 2.021409
Train Epoch: 48 [57600/60000 (96%)]	Loss: 2.211734

Test set: Average loss: 2.1397, Accuracy: 2593/10000 (26%)

Train Epoch: 49 [0/60000 (0%)]	Loss: 2.089189
Train Epoch: 49 [6400/60000 (11%)]	Loss: 1.992790
Train Epoch: 49 [12800/60000 (21%)]	Loss: 2.156579
Train Epoch: 49 [19200/60000 (32%)]	Loss: 2.148556
Train Epoch: 49 [25600/60000 (43%)]	Loss: 2.230180
Train Epoch: 49 [32000/60000 (53%)]	Loss: 2.208725
Train Epoch: 49 [38400/60000 (64%)]	Loss: 2.110169
Train Epoch: 49 [44800/60000 (75%)]	Loss: 2.164798
Train Epoch: 49 [51200/60000 (85%)]	Loss: 2.126509
Train Epoch: 49 [57600/60000 (96%)]	Loss: 2.206939

Test set: Average loss: 2.1388, Accuracy: 2600/10000 (26%)

Train Epoch: 50 [0/60000 (0%)]	Loss: 2.127397
Train Epoch: 50 [6400/60000 (11%)]	Loss: 2.114516
Train Epoch: 50 [12800/60000 (21%)]	Loss: 2.246561
Train Epoch: 50 [19200/60000 (32%)]	Loss: 2.161502
Train Epoch: 50 [25600/60000 (43%)]	Loss: 2.071939
Train Epoch: 50 [32000/60000 (53%)]	Loss: 2.110948
Train Epoch: 50 [38400/60000 (64%)]	Loss: 2.058171
Train Epoch: 50 [44800/60000 (75%)]	Loss: 2.164943
Train Epoch: 50 [51200/60000 (85%)]	Loss: 2.078920
Train Epoch: 50 [57600/60000 (96%)]	Loss: 2.054770

Test set: Average loss: 2.1406, Accuracy: 2593/10000 (26%)

Train Epoch: 51 [0/60000 (0%)]	Loss: 2.204787
Train Epoch: 51 [6400/60000 (11%)]	Loss: 2.180713
Train Epoch: 51 [12800/60000 (21%)]	Loss: 2.143634
Train Epoch: 51 [19200/60000 (32%)]	Loss: 2.138596
Train Epoch: 51 [25600/60000 (43%)]	Loss: 2.147466
Train Epoch: 51 [32000/60000 (53%)]	Loss: 2.229665
Train Epoch: 51 [38400/60000 (64%)]	Loss: 2.132953
Train Epoch: 51 [44800/60000 (75%)]	Loss: 2.183980
Train Epoch: 51 [51200/60000 (85%)]	Loss: 2.214021
Train Epoch: 51 [57600/60000 (96%)]	Loss: 2.219786

Test set: Average loss: 2.1392, Accuracy: 2593/10000 (26%)

Train Epoch: 52 [0/60000 (0%)]	Loss: 2.176568
Train Epoch: 52 [6400/60000 (11%)]	Loss: 2.087476
Train Epoch: 52 [12800/60000 (21%)]	Loss: 2.254038
Train Epoch: 52 [19200/60000 (32%)]	Loss: 2.208163
Train Epoch: 52 [25600/60000 (43%)]	Loss: 2.117628
Train Epoch: 52 [32000/60000 (53%)]	Loss: 2.115168
Train Epoch: 52 [38400/60000 (64%)]	Loss: 2.095964
Train Epoch: 52 [44800/60000 (75%)]	Loss: 2.152206
Train Epoch: 52 [51200/60000 (85%)]	Loss: 2.098511
Train Epoch: 52 [57600/60000 (96%)]	Loss: 2.183422

Test set: Average loss: 2.1399, Accuracy: 2593/10000 (26%)

Train Epoch: 53 [0/60000 (0%)]	Loss: 2.199128
Train Epoch: 53 [6400/60000 (11%)]	Loss: 2.064871
Train Epoch: 53 [12800/60000 (21%)]	Loss: 2.130599
Train Epoch: 53 [19200/60000 (32%)]	Loss: 2.181289
Train Epoch: 53 [25600/60000 (43%)]	Loss: 2.146138
Train Epoch: 53 [32000/60000 (53%)]	Loss: 2.211063
Train Epoch: 53 [38400/60000 (64%)]	Loss: 2.072654
Train Epoch: 53 [44800/60000 (75%)]	Loss: 2.109242
Train Epoch: 53 [51200/60000 (85%)]	Loss: 2.092728
Train Epoch: 53 [57600/60000 (96%)]	Loss: 2.184014

Test set: Average loss: 2.1399, Accuracy: 2593/10000 (26%)

Train Epoch: 54 [0/60000 (0%)]	Loss: 2.177027
Train Epoch: 54 [6400/60000 (11%)]	Loss: 2.142861
Train Epoch: 54 [12800/60000 (21%)]	Loss: 2.185761
Train Epoch: 54 [19200/60000 (32%)]	Loss: 2.190576
Train Epoch: 54 [25600/60000 (43%)]	Loss: 2.184023
Train Epoch: 54 [32000/60000 (53%)]	Loss: 2.098566
Train Epoch: 54 [38400/60000 (64%)]	Loss: 2.125625
Train Epoch: 54 [44800/60000 (75%)]	Loss: 2.194607
Train Epoch: 54 [51200/60000 (85%)]	Loss: 2.154305
Train Epoch: 54 [57600/60000 (96%)]	Loss: 2.097502

Test set: Average loss: 2.1391, Accuracy: 2593/10000 (26%)

Train Epoch: 55 [0/60000 (0%)]	Loss: 2.223397
Train Epoch: 55 [6400/60000 (11%)]	Loss: 2.172866
Train Epoch: 55 [12800/60000 (21%)]	Loss: 2.063279
Train Epoch: 55 [19200/60000 (32%)]	Loss: 2.123389
Train Epoch: 55 [25600/60000 (43%)]	Loss: 2.153055
Train Epoch: 55 [32000/60000 (53%)]	Loss: 2.080761
Train Epoch: 55 [38400/60000 (64%)]	Loss: 2.188608
Train Epoch: 55 [44800/60000 (75%)]	Loss: 2.127370
Train Epoch: 55 [51200/60000 (85%)]	Loss: 2.033652
Train Epoch: 55 [57600/60000 (96%)]	Loss: 2.095850

Test set: Average loss: 2.1389, Accuracy: 2593/10000 (26%)

Train Epoch: 56 [0/60000 (0%)]	Loss: 2.165416
Train Epoch: 56 [6400/60000 (11%)]	Loss: 2.170340
Train Epoch: 56 [12800/60000 (21%)]	Loss: 2.173687
Train Epoch: 56 [19200/60000 (32%)]	Loss: 2.193700
Train Epoch: 56 [25600/60000 (43%)]	Loss: 2.154982
Train Epoch: 56 [32000/60000 (53%)]	Loss: 2.086460
Train Epoch: 56 [38400/60000 (64%)]	Loss: 2.135539
Train Epoch: 56 [44800/60000 (75%)]	Loss: 2.136845
Train Epoch: 56 [51200/60000 (85%)]	Loss: 2.181381
Train Epoch: 56 [57600/60000 (96%)]	Loss: 2.144923

Test set: Average loss: 2.1388, Accuracy: 2593/10000 (26%)

Train Epoch: 57 [0/60000 (0%)]	Loss: 2.126591
Train Epoch: 57 [6400/60000 (11%)]	Loss: 2.200520
Train Epoch: 57 [12800/60000 (21%)]	Loss: 2.107261
Train Epoch: 57 [19200/60000 (32%)]	Loss: 2.057389
Train Epoch: 57 [25600/60000 (43%)]	Loss: 2.149413
Train Epoch: 57 [32000/60000 (53%)]	Loss: 2.094179
Train Epoch: 57 [38400/60000 (64%)]	Loss: 2.131002
Train Epoch: 57 [44800/60000 (75%)]	Loss: 2.051787
Train Epoch: 57 [51200/60000 (85%)]	Loss: 2.144281
Train Epoch: 57 [57600/60000 (96%)]	Loss: 2.185767

Test set: Average loss: 2.1389, Accuracy: 2593/10000 (26%)

Train Epoch: 58 [0/60000 (0%)]	Loss: 2.057070
Train Epoch: 58 [6400/60000 (11%)]	Loss: 2.102643
Train Epoch: 58 [12800/60000 (21%)]	Loss: 2.140876
Train Epoch: 58 [19200/60000 (32%)]	Loss: 2.118418
Train Epoch: 58 [25600/60000 (43%)]	Loss: 2.097624
Train Epoch: 58 [32000/60000 (53%)]	Loss: 2.166551
Train Epoch: 58 [38400/60000 (64%)]	Loss: 2.073617
Train Epoch: 58 [44800/60000 (75%)]	Loss: 2.052141
Train Epoch: 58 [51200/60000 (85%)]	Loss: 2.102783
Train Epoch: 58 [57600/60000 (96%)]	Loss: 2.176154

Test set: Average loss: 2.1388, Accuracy: 2593/10000 (26%)

Train Epoch: 59 [0/60000 (0%)]	Loss: 2.141315
Train Epoch: 59 [6400/60000 (11%)]	Loss: 2.164105
Train Epoch: 59 [12800/60000 (21%)]	Loss: 2.235228
Train Epoch: 59 [19200/60000 (32%)]	Loss: 2.241189
Train Epoch: 59 [25600/60000 (43%)]	Loss: 2.136767
Train Epoch: 59 [32000/60000 (53%)]	Loss: 2.116503
Train Epoch: 59 [38400/60000 (64%)]	Loss: 2.102695
Train Epoch: 59 [44800/60000 (75%)]	Loss: 2.125612
Train Epoch: 59 [51200/60000 (85%)]	Loss: 2.068839
Train Epoch: 59 [57600/60000 (96%)]	Loss: 2.085002

Test set: Average loss: 2.1392, Accuracy: 2593/10000 (26%)

Train Epoch: 60 [0/60000 (0%)]	Loss: 2.113207
Train Epoch: 60 [6400/60000 (11%)]	Loss: 2.152994
Train Epoch: 60 [12800/60000 (21%)]	Loss: 2.195106
Train Epoch: 60 [19200/60000 (32%)]	Loss: 2.167555
Train Epoch: 60 [25600/60000 (43%)]	Loss: 2.072292
Train Epoch: 60 [32000/60000 (53%)]	Loss: 2.049323
Train Epoch: 60 [38400/60000 (64%)]	Loss: 2.158527
Train Epoch: 60 [44800/60000 (75%)]	Loss: 2.134206
Train Epoch: 60 [51200/60000 (85%)]	Loss: 2.163199
Train Epoch: 60 [57600/60000 (96%)]	Loss: 2.208278

Test set: Average loss: 2.1384, Accuracy: 2593/10000 (26%)

Train Epoch: 61 [0/60000 (0%)]	Loss: 2.136464
Train Epoch: 61 [6400/60000 (11%)]	Loss: 2.133836
Train Epoch: 61 [12800/60000 (21%)]	Loss: 2.131566
Train Epoch: 61 [19200/60000 (32%)]	Loss: 2.132800
Train Epoch: 61 [25600/60000 (43%)]	Loss: 2.129494
Train Epoch: 61 [32000/60000 (53%)]	Loss: 2.116949
Train Epoch: 61 [38400/60000 (64%)]	Loss: 2.094562
Train Epoch: 61 [44800/60000 (75%)]	Loss: 2.186364
Train Epoch: 61 [51200/60000 (85%)]	Loss: 2.141819
Train Epoch: 61 [57600/60000 (96%)]	Loss: 2.156340

Test set: Average loss: 2.1386, Accuracy: 2593/10000 (26%)

Train Epoch: 62 [0/60000 (0%)]	Loss: 2.190720
Train Epoch: 62 [6400/60000 (11%)]	Loss: 2.180944
Train Epoch: 62 [12800/60000 (21%)]	Loss: 2.083913
Train Epoch: 62 [19200/60000 (32%)]	Loss: 2.146097
Train Epoch: 62 [25600/60000 (43%)]	Loss: 2.065967
Train Epoch: 62 [32000/60000 (53%)]	Loss: 2.151657
Train Epoch: 62 [38400/60000 (64%)]	Loss: 2.190958
Train Epoch: 62 [44800/60000 (75%)]	Loss: 2.196884
Train Epoch: 62 [51200/60000 (85%)]	Loss: 2.141999
Train Epoch: 62 [57600/60000 (96%)]	Loss: 2.134935

Test set: Average loss: 2.1390, Accuracy: 2593/10000 (26%)

Train Epoch: 63 [0/60000 (0%)]	Loss: 2.165581
Train Epoch: 63 [6400/60000 (11%)]	Loss: 2.121548
Train Epoch: 63 [12800/60000 (21%)]	Loss: 2.189017
Train Epoch: 63 [19200/60000 (32%)]	Loss: 2.122437
Train Epoch: 63 [25600/60000 (43%)]	Loss: 2.135000
Train Epoch: 63 [32000/60000 (53%)]	Loss: 2.186179
Train Epoch: 63 [38400/60000 (64%)]	Loss: 2.120859
Train Epoch: 63 [44800/60000 (75%)]	Loss: 2.099717
Train Epoch: 63 [51200/60000 (85%)]	Loss: 2.140414
Train Epoch: 63 [57600/60000 (96%)]	Loss: 2.167667

Test set: Average loss: 2.1392, Accuracy: 2593/10000 (26%)

Train Epoch: 64 [0/60000 (0%)]	Loss: 2.043671
Train Epoch: 64 [6400/60000 (11%)]	Loss: 2.206005
Train Epoch: 64 [12800/60000 (21%)]	Loss: 2.157855
Train Epoch: 64 [19200/60000 (32%)]	Loss: 2.156756
Train Epoch: 64 [25600/60000 (43%)]	Loss: 2.064687
Train Epoch: 64 [32000/60000 (53%)]	Loss: 2.178525
Train Epoch: 64 [38400/60000 (64%)]	Loss: 2.098106
Train Epoch: 64 [44800/60000 (75%)]	Loss: 2.112341
Train Epoch: 64 [51200/60000 (85%)]	Loss: 2.244436
Train Epoch: 64 [57600/60000 (96%)]	Loss: 2.084307

Test set: Average loss: 2.1402, Accuracy: 2593/10000 (26%)

Train Epoch: 65 [0/60000 (0%)]	Loss: 2.156141
Train Epoch: 65 [6400/60000 (11%)]	Loss: 2.061276
Train Epoch: 65 [12800/60000 (21%)]	Loss: 2.219463
Train Epoch: 65 [19200/60000 (32%)]	Loss: 2.146291
Train Epoch: 65 [25600/60000 (43%)]	Loss: 2.231436
Train Epoch: 65 [32000/60000 (53%)]	Loss: 2.065673
Train Epoch: 65 [38400/60000 (64%)]	Loss: 2.174176
Train Epoch: 65 [44800/60000 (75%)]	Loss: 2.105410
Train Epoch: 65 [51200/60000 (85%)]	Loss: 2.101376
Train Epoch: 65 [57600/60000 (96%)]	Loss: 2.193651

Test set: Average loss: 2.1396, Accuracy: 2593/10000 (26%)

Train Epoch: 66 [0/60000 (0%)]	Loss: 2.105965
Train Epoch: 66 [6400/60000 (11%)]	Loss: 2.155822
Train Epoch: 66 [12800/60000 (21%)]	Loss: 2.134217
Train Epoch: 66 [19200/60000 (32%)]	Loss: 2.233886
Train Epoch: 66 [25600/60000 (43%)]	Loss: 2.208117
Train Epoch: 66 [32000/60000 (53%)]	Loss: 2.131889
Train Epoch: 66 [38400/60000 (64%)]	Loss: 2.136623
Train Epoch: 66 [44800/60000 (75%)]	Loss: 2.127284
Train Epoch: 66 [51200/60000 (85%)]	Loss: 2.150192
Train Epoch: 66 [57600/60000 (96%)]	Loss: 2.169891

Test set: Average loss: 2.1391, Accuracy: 2593/10000 (26%)

Train Epoch: 67 [0/60000 (0%)]	Loss: 2.113711
Train Epoch: 67 [6400/60000 (11%)]	Loss: 2.161736
Train Epoch: 67 [12800/60000 (21%)]	Loss: 2.061588
Train Epoch: 67 [19200/60000 (32%)]	Loss: 2.151948
Train Epoch: 67 [25600/60000 (43%)]	Loss: 2.137395
Train Epoch: 67 [32000/60000 (53%)]	Loss: 2.167624
Train Epoch: 67 [38400/60000 (64%)]	Loss: 2.156509
Train Epoch: 67 [44800/60000 (75%)]	Loss: 2.094882
Train Epoch: 67 [51200/60000 (85%)]	Loss: 2.030894
Train Epoch: 67 [57600/60000 (96%)]	Loss: 2.106266

Test set: Average loss: 2.1390, Accuracy: 2593/10000 (26%)

Train Epoch: 68 [0/60000 (0%)]	Loss: 2.064539
Train Epoch: 68 [6400/60000 (11%)]	Loss: 2.136459
Train Epoch: 68 [12800/60000 (21%)]	Loss: 2.051103
Train Epoch: 68 [19200/60000 (32%)]	Loss: 2.129063
Train Epoch: 68 [25600/60000 (43%)]	Loss: 2.072597
Train Epoch: 68 [32000/60000 (53%)]	Loss: 2.152239
Train Epoch: 68 [38400/60000 (64%)]	Loss: 2.078032
Train Epoch: 68 [44800/60000 (75%)]	Loss: 2.096847
Train Epoch: 68 [51200/60000 (85%)]	Loss: 2.187390
Train Epoch: 68 [57600/60000 (96%)]	Loss: 2.135664

Test set: Average loss: 2.1389, Accuracy: 2593/10000 (26%)

Train Epoch: 69 [0/60000 (0%)]	Loss: 2.069304
Train Epoch: 69 [6400/60000 (11%)]	Loss: 2.093653
Train Epoch: 69 [12800/60000 (21%)]	Loss: 1.989923
Train Epoch: 69 [19200/60000 (32%)]	Loss: 2.142669
Train Epoch: 69 [25600/60000 (43%)]	Loss: 2.072114
Train Epoch: 69 [32000/60000 (53%)]	Loss: 2.241831
Train Epoch: 69 [38400/60000 (64%)]	Loss: 2.046167
Train Epoch: 69 [44800/60000 (75%)]	Loss: 2.166365
Train Epoch: 69 [51200/60000 (85%)]	Loss: 2.102411
Train Epoch: 69 [57600/60000 (96%)]	Loss: 2.157872

Test set: Average loss: 2.1393, Accuracy: 2593/10000 (26%)

Train Epoch: 70 [0/60000 (0%)]	Loss: 2.191603
Train Epoch: 70 [6400/60000 (11%)]	Loss: 2.171584
Train Epoch: 70 [12800/60000 (21%)]	Loss: 2.097633
Train Epoch: 70 [19200/60000 (32%)]	Loss: 2.154823
Train Epoch: 70 [25600/60000 (43%)]	Loss: 2.119143
Train Epoch: 70 [32000/60000 (53%)]	Loss: 2.063738
Train Epoch: 70 [38400/60000 (64%)]	Loss: 2.128556
Train Epoch: 70 [44800/60000 (75%)]	Loss: 2.123372
Train Epoch: 70 [51200/60000 (85%)]	Loss: 2.054242
Train Epoch: 70 [57600/60000 (96%)]	Loss: 2.052923

Test set: Average loss: 2.1392, Accuracy: 2593/10000 (26%)

Train Epoch: 71 [0/60000 (0%)]	Loss: 2.144280
Train Epoch: 71 [6400/60000 (11%)]	Loss: 2.074822
Train Epoch: 71 [12800/60000 (21%)]	Loss: 2.222705
Train Epoch: 71 [19200/60000 (32%)]	Loss: 2.036914
Train Epoch: 71 [25600/60000 (43%)]	Loss: 2.205666
Train Epoch: 71 [32000/60000 (53%)]	Loss: 2.131165
Train Epoch: 71 [38400/60000 (64%)]	Loss: 2.190420
Train Epoch: 71 [44800/60000 (75%)]	Loss: 2.164797
Train Epoch: 71 [51200/60000 (85%)]	Loss: 2.192394
Train Epoch: 71 [57600/60000 (96%)]	Loss: 2.256598

Test set: Average loss: 2.1383, Accuracy: 2593/10000 (26%)

Train Epoch: 72 [0/60000 (0%)]	Loss: 2.190374
Train Epoch: 72 [6400/60000 (11%)]	Loss: 2.084919
Train Epoch: 72 [12800/60000 (21%)]	Loss: 2.077916
Train Epoch: 72 [19200/60000 (32%)]	Loss: 2.168953
Train Epoch: 72 [25600/60000 (43%)]	Loss: 2.112509
Train Epoch: 72 [32000/60000 (53%)]	Loss: 2.108422
Train Epoch: 72 [38400/60000 (64%)]	Loss: 2.130368
Train Epoch: 72 [44800/60000 (75%)]	Loss: 2.190082
Train Epoch: 72 [51200/60000 (85%)]	Loss: 2.099338
Train Epoch: 72 [57600/60000 (96%)]	Loss: 2.109525

Test set: Average loss: 2.1397, Accuracy: 2593/10000 (26%)

Train Epoch: 73 [0/60000 (0%)]	Loss: 2.131163
Train Epoch: 73 [6400/60000 (11%)]	Loss: 2.203742
Train Epoch: 73 [12800/60000 (21%)]	Loss: 2.111674
Train Epoch: 73 [19200/60000 (32%)]	Loss: 2.143786
Train Epoch: 73 [25600/60000 (43%)]	Loss: 2.195920
Train Epoch: 73 [32000/60000 (53%)]	Loss: 2.134390
Train Epoch: 73 [38400/60000 (64%)]	Loss: 2.125832
Train Epoch: 73 [44800/60000 (75%)]	Loss: 2.227474
Train Epoch: 73 [51200/60000 (85%)]	Loss: 2.072037
Train Epoch: 73 [57600/60000 (96%)]	Loss: 2.062746

Test set: Average loss: 2.1393, Accuracy: 2593/10000 (26%)

Train Epoch: 74 [0/60000 (0%)]	Loss: 2.117238
Train Epoch: 74 [6400/60000 (11%)]	Loss: 2.204990
Train Epoch: 74 [12800/60000 (21%)]	Loss: 2.306475
Train Epoch: 74 [19200/60000 (32%)]	Loss: 2.221293
Train Epoch: 74 [25600/60000 (43%)]	Loss: 2.069662
Train Epoch: 74 [32000/60000 (53%)]	Loss: 2.131504
Train Epoch: 74 [38400/60000 (64%)]	Loss: 2.103633
Train Epoch: 74 [44800/60000 (75%)]	Loss: 2.205616
Train Epoch: 74 [51200/60000 (85%)]	Loss: 2.143234
Train Epoch: 74 [57600/60000 (96%)]	Loss: 2.152265

Test set: Average loss: 2.1389, Accuracy: 2593/10000 (26%)

Train Epoch: 75 [0/60000 (0%)]	Loss: 2.096976
Train Epoch: 75 [6400/60000 (11%)]	Loss: 2.068432
Train Epoch: 75 [12800/60000 (21%)]	Loss: 2.099558
Train Epoch: 75 [19200/60000 (32%)]	Loss: 2.141727
Train Epoch: 75 [25600/60000 (43%)]	Loss: 2.195202
Train Epoch: 75 [32000/60000 (53%)]	Loss: 2.165867
Train Epoch: 75 [38400/60000 (64%)]	Loss: 2.139399
Train Epoch: 75 [44800/60000 (75%)]	Loss: 2.116617
Train Epoch: 75 [51200/60000 (85%)]	Loss: 1.969135
Train Epoch: 75 [57600/60000 (96%)]	Loss: 2.103231

Test set: Average loss: 2.1390, Accuracy: 2593/10000 (26%)

Train Epoch: 76 [0/60000 (0%)]	Loss: 2.223105
Train Epoch: 76 [6400/60000 (11%)]	Loss: 2.107776
Train Epoch: 76 [12800/60000 (21%)]	Loss: 2.235246
Train Epoch: 76 [19200/60000 (32%)]	Loss: 2.285873
Train Epoch: 76 [25600/60000 (43%)]	Loss: 2.171830
Train Epoch: 76 [32000/60000 (53%)]	Loss: 2.053431
Train Epoch: 76 [38400/60000 (64%)]	Loss: 2.126292
Train Epoch: 76 [44800/60000 (75%)]	Loss: 2.094067
Train Epoch: 76 [51200/60000 (85%)]	Loss: 2.106830
Train Epoch: 76 [57600/60000 (96%)]	Loss: 2.139884

Test set: Average loss: 2.1385, Accuracy: 2593/10000 (26%)

Train Epoch: 77 [0/60000 (0%)]	Loss: 2.107137
Train Epoch: 77 [6400/60000 (11%)]	Loss: 2.126178
Train Epoch: 77 [12800/60000 (21%)]	Loss: 2.208973
Train Epoch: 77 [19200/60000 (32%)]	Loss: 2.110607
Train Epoch: 77 [25600/60000 (43%)]	Loss: 2.275607
Train Epoch: 77 [32000/60000 (53%)]	Loss: 2.084361
Train Epoch: 77 [38400/60000 (64%)]	Loss: 2.189283
Train Epoch: 77 [44800/60000 (75%)]	Loss: 2.111816
Train Epoch: 77 [51200/60000 (85%)]	Loss: 2.103301
Train Epoch: 77 [57600/60000 (96%)]	Loss: 2.158709

Test set: Average loss: 2.1397, Accuracy: 2593/10000 (26%)

Train Epoch: 78 [0/60000 (0%)]	Loss: 2.135385
Train Epoch: 78 [6400/60000 (11%)]	Loss: 2.096575
Train Epoch: 78 [12800/60000 (21%)]	Loss: 2.190447
Train Epoch: 78 [19200/60000 (32%)]	Loss: 2.035452
Train Epoch: 78 [25600/60000 (43%)]	Loss: 2.151603
Train Epoch: 78 [32000/60000 (53%)]	Loss: 2.158165
Train Epoch: 78 [38400/60000 (64%)]	Loss: 2.067971
Train Epoch: 78 [44800/60000 (75%)]	Loss: 2.090378
Train Epoch: 78 [51200/60000 (85%)]	Loss: 2.063384
Train Epoch: 78 [57600/60000 (96%)]	Loss: 2.094053

Test set: Average loss: 2.1384, Accuracy: 2593/10000 (26%)

Train Epoch: 79 [0/60000 (0%)]	Loss: 2.116265
Train Epoch: 79 [6400/60000 (11%)]	Loss: 2.015297
Train Epoch: 79 [12800/60000 (21%)]	Loss: 2.052603
Train Epoch: 79 [19200/60000 (32%)]	Loss: 2.207602
Train Epoch: 79 [25600/60000 (43%)]	Loss: 2.198176
Train Epoch: 79 [32000/60000 (53%)]	Loss: 2.188334
Train Epoch: 79 [38400/60000 (64%)]	Loss: 2.170993
Train Epoch: 79 [44800/60000 (75%)]	Loss: 2.228228
Train Epoch: 79 [51200/60000 (85%)]	Loss: 2.186836
Train Epoch: 79 [57600/60000 (96%)]	Loss: 2.131021

Test set: Average loss: 2.1402, Accuracy: 2593/10000 (26%)

Train Epoch: 80 [0/60000 (0%)]	Loss: 2.077088
Train Epoch: 80 [6400/60000 (11%)]	Loss: 2.135637
Train Epoch: 80 [12800/60000 (21%)]	Loss: 2.233574
Train Epoch: 80 [19200/60000 (32%)]	Loss: 1.999566
Train Epoch: 80 [25600/60000 (43%)]	Loss: 2.183459
Train Epoch: 80 [32000/60000 (53%)]	Loss: 2.128219
Train Epoch: 80 [38400/60000 (64%)]	Loss: 2.265531
Train Epoch: 80 [44800/60000 (75%)]	Loss: 2.097235
Train Epoch: 80 [51200/60000 (85%)]	Loss: 1.968907
Train Epoch: 80 [57600/60000 (96%)]	Loss: 2.133977

Test set: Average loss: 2.1398, Accuracy: 2593/10000 (26%)

Train Epoch: 81 [0/60000 (0%)]	Loss: 2.093726
Train Epoch: 81 [6400/60000 (11%)]	Loss: 2.193411
Train Epoch: 81 [12800/60000 (21%)]	Loss: 2.128457
Train Epoch: 81 [19200/60000 (32%)]	Loss: 2.293205
Train Epoch: 81 [25600/60000 (43%)]	Loss: 2.175677
Train Epoch: 81 [32000/60000 (53%)]	Loss: 2.153219
Train Epoch: 81 [38400/60000 (64%)]	Loss: 2.077693
Train Epoch: 81 [44800/60000 (75%)]	Loss: 2.146185
Train Epoch: 81 [51200/60000 (85%)]	Loss: 2.060146
Train Epoch: 81 [57600/60000 (96%)]	Loss: 2.198642

Test set: Average loss: 2.1386, Accuracy: 2593/10000 (26%)

Train Epoch: 82 [0/60000 (0%)]	Loss: 2.044332
Train Epoch: 82 [6400/60000 (11%)]	Loss: 2.060122
Train Epoch: 82 [12800/60000 (21%)]	Loss: 2.062284
Train Epoch: 82 [19200/60000 (32%)]	Loss: 2.183298
Train Epoch: 82 [25600/60000 (43%)]	Loss: 2.101577
Train Epoch: 82 [32000/60000 (53%)]	Loss: 2.212240
Train Epoch: 82 [38400/60000 (64%)]	Loss: 2.068369
Train Epoch: 82 [44800/60000 (75%)]	Loss: 2.156944
Train Epoch: 82 [51200/60000 (85%)]	Loss: 2.098260
Train Epoch: 82 [57600/60000 (96%)]	Loss: 2.182225

Test set: Average loss: 2.1390, Accuracy: 2593/10000 (26%)

Train Epoch: 83 [0/60000 (0%)]	Loss: 2.186403
Train Epoch: 83 [6400/60000 (11%)]	Loss: 2.159246
Train Epoch: 83 [12800/60000 (21%)]	Loss: 2.125654
Train Epoch: 83 [19200/60000 (32%)]	Loss: 2.111810
Train Epoch: 83 [25600/60000 (43%)]	Loss: 2.112691
Train Epoch: 83 [32000/60000 (53%)]	Loss: 2.111410
Train Epoch: 83 [38400/60000 (64%)]	Loss: 2.071606
Train Epoch: 83 [44800/60000 (75%)]	Loss: 2.188624
Train Epoch: 83 [51200/60000 (85%)]	Loss: 2.170688
Train Epoch: 83 [57600/60000 (96%)]	Loss: 2.246551

Test set: Average loss: 2.1395, Accuracy: 2593/10000 (26%)

Train Epoch: 84 [0/60000 (0%)]	Loss: 2.232494
Train Epoch: 84 [6400/60000 (11%)]	Loss: 2.159079
Train Epoch: 84 [12800/60000 (21%)]	Loss: 2.198174
Train Epoch: 84 [19200/60000 (32%)]	Loss: 2.069580
Train Epoch: 84 [25600/60000 (43%)]	Loss: 2.133921
Train Epoch: 84 [32000/60000 (53%)]	Loss: 2.103571
Train Epoch: 84 [38400/60000 (64%)]	Loss: 2.126217
Train Epoch: 84 [44800/60000 (75%)]	Loss: 2.123614
Train Epoch: 84 [51200/60000 (85%)]	Loss: 2.202990
Train Epoch: 84 [57600/60000 (96%)]	Loss: 2.078303

Test set: Average loss: 2.1390, Accuracy: 2593/10000 (26%)

Train Epoch: 85 [0/60000 (0%)]	Loss: 2.046777
Train Epoch: 85 [6400/60000 (11%)]	Loss: 2.072485
Train Epoch: 85 [12800/60000 (21%)]	Loss: 2.185155
Train Epoch: 85 [19200/60000 (32%)]	Loss: 2.195983
Train Epoch: 85 [25600/60000 (43%)]	Loss: 2.150611
Train Epoch: 85 [32000/60000 (53%)]	Loss: 2.137153
Train Epoch: 85 [38400/60000 (64%)]	Loss: 2.211496
Train Epoch: 85 [44800/60000 (75%)]	Loss: 2.162282
Train Epoch: 85 [51200/60000 (85%)]	Loss: 2.190264
Train Epoch: 85 [57600/60000 (96%)]	Loss: 2.133209

Test set: Average loss: 2.1399, Accuracy: 2593/10000 (26%)

Train Epoch: 86 [0/60000 (0%)]	Loss: 2.104357
Train Epoch: 86 [6400/60000 (11%)]	Loss: 2.070759
Train Epoch: 86 [12800/60000 (21%)]	Loss: 2.228559
Train Epoch: 86 [19200/60000 (32%)]	Loss: 2.128740
Train Epoch: 86 [25600/60000 (43%)]	Loss: 2.165351
Train Epoch: 86 [32000/60000 (53%)]	Loss: 2.199481
Train Epoch: 86 [38400/60000 (64%)]	Loss: 2.239143
Train Epoch: 86 [44800/60000 (75%)]	Loss: 2.085705
Train Epoch: 86 [51200/60000 (85%)]	Loss: 2.096435
Train Epoch: 86 [57600/60000 (96%)]	Loss: 2.120764

Test set: Average loss: 2.1385, Accuracy: 2593/10000 (26%)

Train Epoch: 87 [0/60000 (0%)]	Loss: 2.209637
Train Epoch: 87 [6400/60000 (11%)]	Loss: 2.191714
Train Epoch: 87 [12800/60000 (21%)]	Loss: 2.203653
Train Epoch: 87 [19200/60000 (32%)]	Loss: 2.118672
Train Epoch: 87 [25600/60000 (43%)]	Loss: 2.096993
Train Epoch: 87 [32000/60000 (53%)]	Loss: 2.170261
Train Epoch: 87 [38400/60000 (64%)]	Loss: 2.099177
Train Epoch: 87 [44800/60000 (75%)]	Loss: 2.103591
Train Epoch: 87 [51200/60000 (85%)]	Loss: 2.013133
Train Epoch: 87 [57600/60000 (96%)]	Loss: 2.142267

Test set: Average loss: 2.1388, Accuracy: 2593/10000 (26%)

Train Epoch: 88 [0/60000 (0%)]	Loss: 2.211489
Train Epoch: 88 [6400/60000 (11%)]	Loss: 2.177183
Train Epoch: 88 [12800/60000 (21%)]	Loss: 2.117198
Train Epoch: 88 [19200/60000 (32%)]	Loss: 2.127325
Train Epoch: 88 [25600/60000 (43%)]	Loss: 2.152683
Train Epoch: 88 [32000/60000 (53%)]	Loss: 2.141862
Train Epoch: 88 [38400/60000 (64%)]	Loss: 2.186597
Train Epoch: 88 [44800/60000 (75%)]	Loss: 2.077280
Train Epoch: 88 [51200/60000 (85%)]	Loss: 2.096158
Train Epoch: 88 [57600/60000 (96%)]	Loss: 2.133593

Test set: Average loss: 2.1393, Accuracy: 2593/10000 (26%)

Train Epoch: 89 [0/60000 (0%)]	Loss: 2.116908
Train Epoch: 89 [6400/60000 (11%)]	Loss: 2.106052
Train Epoch: 89 [12800/60000 (21%)]	Loss: 2.094986
Train Epoch: 89 [19200/60000 (32%)]	Loss: 2.185252
Train Epoch: 89 [25600/60000 (43%)]	Loss: 2.094956
Train Epoch: 89 [32000/60000 (53%)]	Loss: 2.063281
Train Epoch: 89 [38400/60000 (64%)]	Loss: 2.135699
Train Epoch: 89 [44800/60000 (75%)]	Loss: 2.100147
Train Epoch: 89 [51200/60000 (85%)]	Loss: 2.134887
Train Epoch: 89 [57600/60000 (96%)]	Loss: 2.075883

Test set: Average loss: 2.1386, Accuracy: 2593/10000 (26%)

Train Epoch: 90 [0/60000 (0%)]	Loss: 2.162315
Train Epoch: 90 [6400/60000 (11%)]	Loss: 2.131814
Train Epoch: 90 [12800/60000 (21%)]	Loss: 2.133583
Train Epoch: 90 [19200/60000 (32%)]	Loss: 2.194409
Train Epoch: 90 [25600/60000 (43%)]	Loss: 2.100412
Train Epoch: 90 [32000/60000 (53%)]	Loss: 2.200629
Train Epoch: 90 [38400/60000 (64%)]	Loss: 2.089692
Train Epoch: 90 [44800/60000 (75%)]	Loss: 2.083095
Train Epoch: 90 [51200/60000 (85%)]	Loss: 2.128465
Train Epoch: 90 [57600/60000 (96%)]	Loss: 2.105217

Test set: Average loss: 2.1388, Accuracy: 2593/10000 (26%)

Train Epoch: 91 [0/60000 (0%)]	Loss: 2.096262
Train Epoch: 91 [6400/60000 (11%)]	Loss: 2.169054
Train Epoch: 91 [12800/60000 (21%)]	Loss: 2.158233
Train Epoch: 91 [19200/60000 (32%)]	Loss: 2.117656
Train Epoch: 91 [25600/60000 (43%)]	Loss: 2.154528
Train Epoch: 91 [32000/60000 (53%)]	Loss: 2.149696
Train Epoch: 91 [38400/60000 (64%)]	Loss: 2.113283
Train Epoch: 91 [44800/60000 (75%)]	Loss: 2.143645
Train Epoch: 91 [51200/60000 (85%)]	Loss: 2.154258
Train Epoch: 91 [57600/60000 (96%)]	Loss: 2.109519

Test set: Average loss: 2.1386, Accuracy: 2593/10000 (26%)

Train Epoch: 92 [0/60000 (0%)]	Loss: 2.135361
Train Epoch: 92 [6400/60000 (11%)]	Loss: 2.147194
Train Epoch: 92 [12800/60000 (21%)]	Loss: 2.116353
Train Epoch: 92 [19200/60000 (32%)]	Loss: 2.188741
Train Epoch: 92 [25600/60000 (43%)]	Loss: 2.093737
Train Epoch: 92 [32000/60000 (53%)]	Loss: 2.143243
Train Epoch: 92 [38400/60000 (64%)]	Loss: 2.097019
Train Epoch: 92 [44800/60000 (75%)]	Loss: 2.126942
Train Epoch: 92 [51200/60000 (85%)]	Loss: 2.064391
Train Epoch: 92 [57600/60000 (96%)]	Loss: 2.112307

Test set: Average loss: 2.1376, Accuracy: 2593/10000 (26%)

Train Epoch: 93 [0/60000 (0%)]	Loss: 2.094829
Train Epoch: 93 [6400/60000 (11%)]	Loss: 2.100695
Train Epoch: 93 [12800/60000 (21%)]	Loss: 2.172367
Train Epoch: 93 [19200/60000 (32%)]	Loss: 2.159742
Train Epoch: 93 [25600/60000 (43%)]	Loss: 2.129186
Train Epoch: 93 [32000/60000 (53%)]	Loss: 2.162653
Train Epoch: 93 [38400/60000 (64%)]	Loss: 2.229255
Train Epoch: 93 [44800/60000 (75%)]	Loss: 2.111576
Train Epoch: 93 [51200/60000 (85%)]	Loss: 2.039419
Train Epoch: 93 [57600/60000 (96%)]	Loss: 2.077493

Test set: Average loss: 2.1389, Accuracy: 2593/10000 (26%)

Train Epoch: 94 [0/60000 (0%)]	Loss: 2.124741
Train Epoch: 94 [6400/60000 (11%)]	Loss: 2.129363
Train Epoch: 94 [12800/60000 (21%)]	Loss: 2.090478
Train Epoch: 94 [19200/60000 (32%)]	Loss: 2.251598
Train Epoch: 94 [25600/60000 (43%)]	Loss: 2.180440
Train Epoch: 94 [32000/60000 (53%)]	Loss: 2.195988
Train Epoch: 94 [38400/60000 (64%)]	Loss: 2.145119
Train Epoch: 94 [44800/60000 (75%)]	Loss: 2.117634
Train Epoch: 94 [51200/60000 (85%)]	Loss: 2.210066
Train Epoch: 94 [57600/60000 (96%)]	Loss: 2.137418

Test set: Average loss: 2.1388, Accuracy: 2593/10000 (26%)

Train Epoch: 95 [0/60000 (0%)]	Loss: 2.060137
Train Epoch: 95 [6400/60000 (11%)]	Loss: 2.089667
Train Epoch: 95 [12800/60000 (21%)]	Loss: 2.148612
Train Epoch: 95 [19200/60000 (32%)]	Loss: 2.096092
Train Epoch: 95 [25600/60000 (43%)]	Loss: 2.192761
Train Epoch: 95 [32000/60000 (53%)]	Loss: 2.221278
Train Epoch: 95 [38400/60000 (64%)]	Loss: 2.116931
Train Epoch: 95 [44800/60000 (75%)]	Loss: 2.257400
Train Epoch: 95 [51200/60000 (85%)]	Loss: 2.162787
Train Epoch: 95 [57600/60000 (96%)]	Loss: 2.179497

Test set: Average loss: 2.1386, Accuracy: 2593/10000 (26%)

Train Epoch: 96 [0/60000 (0%)]	Loss: 2.164297
Train Epoch: 96 [6400/60000 (11%)]	Loss: 2.161286
Train Epoch: 96 [12800/60000 (21%)]	Loss: 2.188827
Train Epoch: 96 [19200/60000 (32%)]	Loss: 2.009390
Train Epoch: 96 [25600/60000 (43%)]	Loss: 2.241329
Train Epoch: 96 [32000/60000 (53%)]	Loss: 2.053877
Train Epoch: 96 [38400/60000 (64%)]	Loss: 2.139050
Train Epoch: 96 [44800/60000 (75%)]	Loss: 2.133579
Train Epoch: 96 [51200/60000 (85%)]	Loss: 2.207208
Train Epoch: 96 [57600/60000 (96%)]	Loss: 2.194875

Test set: Average loss: 2.1399, Accuracy: 2593/10000 (26%)

Train Epoch: 97 [0/60000 (0%)]	Loss: 2.119916
Train Epoch: 97 [6400/60000 (11%)]	Loss: 2.028898
Train Epoch: 97 [12800/60000 (21%)]	Loss: 2.056589
Train Epoch: 97 [19200/60000 (32%)]	Loss: 2.238577
Train Epoch: 97 [25600/60000 (43%)]	Loss: 2.196045
Train Epoch: 97 [32000/60000 (53%)]	Loss: 2.182389
Train Epoch: 97 [38400/60000 (64%)]	Loss: 2.231687
Train Epoch: 97 [44800/60000 (75%)]	Loss: 2.167060
Train Epoch: 97 [51200/60000 (85%)]	Loss: 2.184490
Train Epoch: 97 [57600/60000 (96%)]	Loss: 2.187564

Test set: Average loss: 2.1391, Accuracy: 2593/10000 (26%)

Train Epoch: 98 [0/60000 (0%)]	Loss: 2.060645
Train Epoch: 98 [6400/60000 (11%)]	Loss: 2.183704
Train Epoch: 98 [12800/60000 (21%)]	Loss: 2.113849
Train Epoch: 98 [19200/60000 (32%)]	Loss: 2.094096
Train Epoch: 98 [25600/60000 (43%)]	Loss: 2.086696
Train Epoch: 98 [32000/60000 (53%)]	Loss: 2.149662
Train Epoch: 98 [38400/60000 (64%)]	Loss: 2.181541
Train Epoch: 98 [44800/60000 (75%)]	Loss: 2.154839
Train Epoch: 98 [51200/60000 (85%)]	Loss: 2.121557
Train Epoch: 98 [57600/60000 (96%)]	Loss: 2.113210

Test set: Average loss: 2.1395, Accuracy: 2593/10000 (26%)

Train Epoch: 99 [0/60000 (0%)]	Loss: 2.138752
Train Epoch: 99 [6400/60000 (11%)]	Loss: 2.053784
Train Epoch: 99 [12800/60000 (21%)]	Loss: 2.100899
Train Epoch: 99 [19200/60000 (32%)]	Loss: 2.136184
Train Epoch: 99 [25600/60000 (43%)]	Loss: 2.034504
Train Epoch: 99 [32000/60000 (53%)]	Loss: 2.100341
Train Epoch: 99 [38400/60000 (64%)]	Loss: 2.151088
Train Epoch: 99 [44800/60000 (75%)]	Loss: 2.246225
Train Epoch: 99 [51200/60000 (85%)]	Loss: 2.117788
Train Epoch: 99 [57600/60000 (96%)]	Loss: 2.011104

Test set: Average loss: 2.1397, Accuracy: 2593/10000 (26%)

Train Epoch: 100 [0/60000 (0%)]	Loss: 2.096653
Train Epoch: 100 [6400/60000 (11%)]	Loss: 2.123759
Train Epoch: 100 [12800/60000 (21%)]	Loss: 2.230195
Train Epoch: 100 [19200/60000 (32%)]	Loss: 2.239613
Train Epoch: 100 [25600/60000 (43%)]	Loss: 2.135932
Train Epoch: 100 [32000/60000 (53%)]	Loss: 2.095779
Train Epoch: 100 [38400/60000 (64%)]	Loss: 2.147841
Train Epoch: 100 [44800/60000 (75%)]	Loss: 2.083582
Train Epoch: 100 [51200/60000 (85%)]	Loss: 2.217322
Train Epoch: 100 [57600/60000 (96%)]	Loss: 2.143316

Test set: Average loss: 2.1390, Accuracy: 2593/10000 (26%)

Namespace(batch_size=64, bias=None, data='../data', device=0, epochs=100, hidden_size=500, load_weights=None, log_interval=100, lr=0.1, milestones=[5, 7], model='redfc2', momentum=0.9, no_cuda=False, r=5, save_model=None, save_results=True, scheduler='cosine', seed=1, sparsity=0.9, use_relu=True, wd=0.0005)


Total time spent pruning/training: 31.49 minutes
Total number of parameters in model: 1991420
Number of parameters in pruned model: 199141
