Namespace(batch_size=64, bias=None, data='../data', device=1, epochs=125, hidden_size=500, load_weights=None, log_interval=100, lr=0.1, model='redfc2', momentum=0.9, no_cuda=False, r=5, save_model=None, save_results=True, seed=1, sparsity=0.1, use_relu=False, wd=0.0005) 

Pruning a Two-Layer Fully Connected Redundant Network ...
Train Epoch: 1 [6336/60000 (11%)]	Loss: 0.714665
Train Epoch: 1 [12736/60000 (21%)]	Loss: 0.521458
Train Epoch: 1 [19136/60000 (32%)]	Loss: 0.961602
Train Epoch: 1 [25536/60000 (43%)]	Loss: 0.457438
Train Epoch: 1 [31936/60000 (53%)]	Loss: 0.356019
Train Epoch: 1 [38336/60000 (64%)]	Loss: 0.245949
Train Epoch: 1 [44736/60000 (75%)]	Loss: 0.198593
Train Epoch: 1 [51136/60000 (85%)]	Loss: 0.100592
Train Epoch: 1 [57536/60000 (96%)]	Loss: 0.192516

Test set: Average loss: 0.2620, Accuracy: 9226/10000 (92%)

Train Epoch: 2 [6336/60000 (11%)]	Loss: 0.173387
Train Epoch: 2 [12736/60000 (21%)]	Loss: 0.328440
Train Epoch: 2 [19136/60000 (32%)]	Loss: 0.154075
Train Epoch: 2 [25536/60000 (43%)]	Loss: 0.302111
Train Epoch: 2 [31936/60000 (53%)]	Loss: 0.204515
Train Epoch: 2 [38336/60000 (64%)]	Loss: 0.248629
Train Epoch: 2 [44736/60000 (75%)]	Loss: 0.329205
Train Epoch: 2 [51136/60000 (85%)]	Loss: 0.386171
Train Epoch: 2 [57536/60000 (96%)]	Loss: 0.532617

Test set: Average loss: 0.2632, Accuracy: 9233/10000 (92%)

Train Epoch: 3 [6336/60000 (11%)]	Loss: 0.153413
Train Epoch: 3 [12736/60000 (21%)]	Loss: 0.227594
Train Epoch: 3 [19136/60000 (32%)]	Loss: 0.255851
Train Epoch: 3 [25536/60000 (43%)]	Loss: 0.356903
Train Epoch: 3 [31936/60000 (53%)]	Loss: 0.595197
Train Epoch: 3 [38336/60000 (64%)]	Loss: 0.327127
Train Epoch: 3 [44736/60000 (75%)]	Loss: 0.454237
Train Epoch: 3 [51136/60000 (85%)]	Loss: 0.637905
Train Epoch: 3 [57536/60000 (96%)]	Loss: 0.603030

Test set: Average loss: 0.3136, Accuracy: 9089/10000 (91%)

Train Epoch: 4 [6336/60000 (11%)]	Loss: 0.180424
Train Epoch: 4 [12736/60000 (21%)]	Loss: 0.668216
Train Epoch: 4 [19136/60000 (32%)]	Loss: 0.195252
Train Epoch: 4 [25536/60000 (43%)]	Loss: 0.295957
Train Epoch: 4 [31936/60000 (53%)]	Loss: 0.444315
Train Epoch: 4 [38336/60000 (64%)]	Loss: 0.480511
Train Epoch: 4 [44736/60000 (75%)]	Loss: 0.412220
Train Epoch: 4 [51136/60000 (85%)]	Loss: 0.318235
Train Epoch: 4 [57536/60000 (96%)]	Loss: 0.628261

Test set: Average loss: 0.4889, Accuracy: 8517/10000 (85%)

Train Epoch: 5 [6336/60000 (11%)]	Loss: 0.583519
Train Epoch: 5 [12736/60000 (21%)]	Loss: 0.321989
Train Epoch: 5 [19136/60000 (32%)]	Loss: 0.401483
Train Epoch: 5 [25536/60000 (43%)]	Loss: 0.626177
Train Epoch: 5 [31936/60000 (53%)]	Loss: 0.479158
Train Epoch: 5 [38336/60000 (64%)]	Loss: 0.543922
Train Epoch: 5 [44736/60000 (75%)]	Loss: 0.366453
Train Epoch: 5 [51136/60000 (85%)]	Loss: 1.171694
Train Epoch: 5 [57536/60000 (96%)]	Loss: 0.724042

Test set: Average loss: 0.6130, Accuracy: 8259/10000 (83%)

Train Epoch: 6 [6336/60000 (11%)]	Loss: 0.590825
Train Epoch: 6 [12736/60000 (21%)]	Loss: 0.569330
Train Epoch: 6 [19136/60000 (32%)]	Loss: 0.502576
Train Epoch: 6 [25536/60000 (43%)]	Loss: 0.399052
Train Epoch: 6 [31936/60000 (53%)]	Loss: 0.335108
Train Epoch: 6 [38336/60000 (64%)]	Loss: 0.854272
Train Epoch: 6 [44736/60000 (75%)]	Loss: 0.650940
Train Epoch: 6 [51136/60000 (85%)]	Loss: 0.967507
Train Epoch: 6 [57536/60000 (96%)]	Loss: 0.963642

Test set: Average loss: 1.1542, Accuracy: 7354/10000 (74%)

Train Epoch: 7 [6336/60000 (11%)]	Loss: 1.477911
Train Epoch: 7 [12736/60000 (21%)]	Loss: 1.729181
Train Epoch: 7 [19136/60000 (32%)]	Loss: 0.998859
Train Epoch: 7 [25536/60000 (43%)]	Loss: 1.376168
Train Epoch: 7 [31936/60000 (53%)]	Loss: 1.763255
Train Epoch: 7 [38336/60000 (64%)]	Loss: 2.693423
Train Epoch: 7 [44736/60000 (75%)]	Loss: 1.828194
Train Epoch: 7 [51136/60000 (85%)]	Loss: 2.584570
Train Epoch: 7 [57536/60000 (96%)]	Loss: 2.212756

Test set: Average loss: 1.7228, Accuracy: 7114/10000 (71%)

Train Epoch: 8 [6336/60000 (11%)]	Loss: 3.668667
Train Epoch: 8 [12736/60000 (21%)]	Loss: 1.526491
Train Epoch: 8 [19136/60000 (32%)]	Loss: 3.110906
Train Epoch: 8 [25536/60000 (43%)]	Loss: 1.552247
Train Epoch: 8 [31936/60000 (53%)]	Loss: 2.632416
Train Epoch: 8 [38336/60000 (64%)]	Loss: 1.220370
Train Epoch: 8 [44736/60000 (75%)]	Loss: 3.187098
Train Epoch: 8 [51136/60000 (85%)]	Loss: 1.767288
Train Epoch: 8 [57536/60000 (96%)]	Loss: 2.281243

Test set: Average loss: 2.7020, Accuracy: 6382/10000 (64%)

Train Epoch: 9 [6336/60000 (11%)]	Loss: 2.221133
Train Epoch: 9 [12736/60000 (21%)]	Loss: 2.048262
Train Epoch: 9 [19136/60000 (32%)]	Loss: 2.277369
Train Epoch: 9 [25536/60000 (43%)]	Loss: 2.360711
Train Epoch: 9 [31936/60000 (53%)]	Loss: 2.874255
Train Epoch: 9 [38336/60000 (64%)]	Loss: 1.969201
Train Epoch: 9 [44736/60000 (75%)]	Loss: 2.928035
Train Epoch: 9 [51136/60000 (85%)]	Loss: 4.092093
Train Epoch: 9 [57536/60000 (96%)]	Loss: 3.799103

Test set: Average loss: 2.5465, Accuracy: 6369/10000 (64%)

Train Epoch: 10 [6336/60000 (11%)]	Loss: 3.464381
Train Epoch: 10 [12736/60000 (21%)]	Loss: 2.589393
Train Epoch: 10 [19136/60000 (32%)]	Loss: 2.921632
Train Epoch: 10 [25536/60000 (43%)]	Loss: 2.476702
Train Epoch: 10 [31936/60000 (53%)]	Loss: 3.186978
Train Epoch: 10 [38336/60000 (64%)]	Loss: 2.910709
Train Epoch: 10 [44736/60000 (75%)]	Loss: 3.403352
Train Epoch: 10 [51136/60000 (85%)]	Loss: 2.962643
Train Epoch: 10 [57536/60000 (96%)]	Loss: 4.351309

Test set: Average loss: 2.7923, Accuracy: 5705/10000 (57%)

Train Epoch: 11 [6336/60000 (11%)]	Loss: 3.201766
Train Epoch: 11 [12736/60000 (21%)]	Loss: 3.736858
Train Epoch: 11 [19136/60000 (32%)]	Loss: 3.165050
Train Epoch: 11 [25536/60000 (43%)]	Loss: 2.658154
Train Epoch: 11 [31936/60000 (53%)]	Loss: 3.902918
Train Epoch: 11 [38336/60000 (64%)]	Loss: 2.559251
Train Epoch: 11 [44736/60000 (75%)]	Loss: 3.414657
Train Epoch: 11 [51136/60000 (85%)]	Loss: 2.667398
Train Epoch: 11 [57536/60000 (96%)]	Loss: 2.780248

Test set: Average loss: 3.6713, Accuracy: 5129/10000 (51%)

Train Epoch: 12 [6336/60000 (11%)]	Loss: 3.952429
Train Epoch: 12 [12736/60000 (21%)]	Loss: 4.789022
Train Epoch: 12 [19136/60000 (32%)]	Loss: 4.081810
Train Epoch: 12 [25536/60000 (43%)]	Loss: 2.981794
Train Epoch: 12 [31936/60000 (53%)]	Loss: 2.685582
Train Epoch: 12 [38336/60000 (64%)]	Loss: 5.007446
Train Epoch: 12 [44736/60000 (75%)]	Loss: 3.743661
Train Epoch: 12 [51136/60000 (85%)]	Loss: 3.252291
Train Epoch: 12 [57536/60000 (96%)]	Loss: 2.689105

Test set: Average loss: 4.5530, Accuracy: 4832/10000 (48%)

Train Epoch: 13 [6336/60000 (11%)]	Loss: 4.990561
Train Epoch: 13 [12736/60000 (21%)]	Loss: 4.807552
Train Epoch: 13 [19136/60000 (32%)]	Loss: 3.744602
Train Epoch: 13 [25536/60000 (43%)]	Loss: 3.757685
Train Epoch: 13 [31936/60000 (53%)]	Loss: 4.166255
Train Epoch: 13 [38336/60000 (64%)]	Loss: 4.219623
Train Epoch: 13 [44736/60000 (75%)]	Loss: 2.983255
Train Epoch: 13 [51136/60000 (85%)]	Loss: 4.528441
Train Epoch: 13 [57536/60000 (96%)]	Loss: 5.134026

Test set: Average loss: 4.4539, Accuracy: 4223/10000 (42%)

Train Epoch: 14 [6336/60000 (11%)]	Loss: 3.246111
Train Epoch: 14 [12736/60000 (21%)]	Loss: 3.507920
Train Epoch: 14 [19136/60000 (32%)]	Loss: 5.357292
Train Epoch: 14 [25536/60000 (43%)]	Loss: 3.798276
Train Epoch: 14 [31936/60000 (53%)]	Loss: 4.066765
Train Epoch: 14 [38336/60000 (64%)]	Loss: 6.931449
Train Epoch: 14 [44736/60000 (75%)]	Loss: 4.766501
Train Epoch: 14 [51136/60000 (85%)]	Loss: 4.813245
Train Epoch: 14 [57536/60000 (96%)]	Loss: 3.825010

Test set: Average loss: 4.6990, Accuracy: 4249/10000 (42%)

Train Epoch: 15 [6336/60000 (11%)]	Loss: 4.029494
Train Epoch: 15 [12736/60000 (21%)]	Loss: 4.327484
Train Epoch: 15 [19136/60000 (32%)]	Loss: 4.450119
Train Epoch: 15 [25536/60000 (43%)]	Loss: 4.302499
Train Epoch: 15 [31936/60000 (53%)]	Loss: 4.280952
Train Epoch: 15 [38336/60000 (64%)]	Loss: 6.175901
Train Epoch: 15 [44736/60000 (75%)]	Loss: 5.304904
Train Epoch: 15 [51136/60000 (85%)]	Loss: 5.367982
Train Epoch: 15 [57536/60000 (96%)]	Loss: 6.249183

Test set: Average loss: 5.6309, Accuracy: 3782/10000 (38%)

Train Epoch: 16 [6336/60000 (11%)]	Loss: 4.382491
Train Epoch: 16 [12736/60000 (21%)]	Loss: 5.274024
Train Epoch: 16 [19136/60000 (32%)]	Loss: 4.331163
Train Epoch: 16 [25536/60000 (43%)]	Loss: 5.792426
Train Epoch: 16 [31936/60000 (53%)]	Loss: 5.813679
Train Epoch: 16 [38336/60000 (64%)]	Loss: 6.427789
Train Epoch: 16 [44736/60000 (75%)]	Loss: 7.071926
Train Epoch: 16 [51136/60000 (85%)]	Loss: 5.139915
Train Epoch: 16 [57536/60000 (96%)]	Loss: 5.577096

Test set: Average loss: 5.7819, Accuracy: 3650/10000 (36%)

Train Epoch: 17 [6336/60000 (11%)]	Loss: 5.988697
Train Epoch: 17 [12736/60000 (21%)]	Loss: 6.229590
Train Epoch: 17 [19136/60000 (32%)]	Loss: 6.391499
Train Epoch: 17 [25536/60000 (43%)]	Loss: 7.119738
Train Epoch: 17 [31936/60000 (53%)]	Loss: 5.292095
Train Epoch: 17 [38336/60000 (64%)]	Loss: 5.885275
Train Epoch: 17 [44736/60000 (75%)]	Loss: 6.834534
Train Epoch: 17 [51136/60000 (85%)]	Loss: 6.674480
Train Epoch: 17 [57536/60000 (96%)]	Loss: 6.952465

Test set: Average loss: 6.1479, Accuracy: 3137/10000 (31%)

Train Epoch: 18 [6336/60000 (11%)]	Loss: 5.169474
Train Epoch: 18 [12736/60000 (21%)]	Loss: 6.092786
Train Epoch: 18 [19136/60000 (32%)]	Loss: 5.689935
Train Epoch: 18 [25536/60000 (43%)]	Loss: 5.441947
Train Epoch: 18 [31936/60000 (53%)]	Loss: 6.500520
Train Epoch: 18 [38336/60000 (64%)]	Loss: 6.598910
Train Epoch: 18 [44736/60000 (75%)]	Loss: 5.563583
Train Epoch: 18 [51136/60000 (85%)]	Loss: 6.124271
Train Epoch: 18 [57536/60000 (96%)]	Loss: 6.886122

Test set: Average loss: 6.4737, Accuracy: 2880/10000 (29%)

Train Epoch: 19 [6336/60000 (11%)]	Loss: 6.576507
Train Epoch: 19 [12736/60000 (21%)]	Loss: 7.420921
Train Epoch: 19 [19136/60000 (32%)]	Loss: 5.281587
Train Epoch: 19 [25536/60000 (43%)]	Loss: 7.104908
Train Epoch: 19 [31936/60000 (53%)]	Loss: 5.899874
Train Epoch: 19 [38336/60000 (64%)]	Loss: 7.503215
Train Epoch: 19 [44736/60000 (75%)]	Loss: 6.365434
Train Epoch: 19 [51136/60000 (85%)]	Loss: 8.329903
Train Epoch: 19 [57536/60000 (96%)]	Loss: 9.704421

Test set: Average loss: 7.8747, Accuracy: 2505/10000 (25%)

Train Epoch: 20 [6336/60000 (11%)]	Loss: 8.576100
Train Epoch: 20 [12736/60000 (21%)]	Loss: 6.963111
Train Epoch: 20 [19136/60000 (32%)]	Loss: 7.440370
Train Epoch: 20 [25536/60000 (43%)]	Loss: 7.047691
Train Epoch: 20 [31936/60000 (53%)]	Loss: 8.382232
Train Epoch: 20 [38336/60000 (64%)]	Loss: 5.937171
Train Epoch: 20 [44736/60000 (75%)]	Loss: 7.881961
Train Epoch: 20 [51136/60000 (85%)]	Loss: 8.064010
Train Epoch: 20 [57536/60000 (96%)]	Loss: 7.807401

Test set: Average loss: 8.8193, Accuracy: 2222/10000 (22%)

Train Epoch: 21 [6336/60000 (11%)]	Loss: 8.562945
Train Epoch: 21 [12736/60000 (21%)]	Loss: 9.575738
Train Epoch: 21 [19136/60000 (32%)]	Loss: 7.861334
Train Epoch: 21 [25536/60000 (43%)]	Loss: 8.253163
Train Epoch: 21 [31936/60000 (53%)]	Loss: 5.969722
Train Epoch: 21 [38336/60000 (64%)]	Loss: 8.866089
Train Epoch: 21 [44736/60000 (75%)]	Loss: 9.878707
Train Epoch: 21 [51136/60000 (85%)]	Loss: 8.436181
Train Epoch: 21 [57536/60000 (96%)]	Loss: 8.335992

Test set: Average loss: 8.9120, Accuracy: 2036/10000 (20%)

Train Epoch: 22 [6336/60000 (11%)]	Loss: 8.989281
Train Epoch: 22 [12736/60000 (21%)]	Loss: 9.662733
Train Epoch: 22 [19136/60000 (32%)]	Loss: 8.903589
Train Epoch: 22 [25536/60000 (43%)]	Loss: 10.184223
Train Epoch: 22 [31936/60000 (53%)]	Loss: 9.195324
Train Epoch: 22 [38336/60000 (64%)]	Loss: 7.704057
Train Epoch: 22 [44736/60000 (75%)]	Loss: 10.494802
Train Epoch: 22 [51136/60000 (85%)]	Loss: 7.098694
Train Epoch: 22 [57536/60000 (96%)]	Loss: 8.590115

Test set: Average loss: 9.1944, Accuracy: 1884/10000 (19%)

Train Epoch: 23 [6336/60000 (11%)]	Loss: 7.442827
Train Epoch: 23 [12736/60000 (21%)]	Loss: 11.444967
Train Epoch: 23 [19136/60000 (32%)]	Loss: 9.029443
Train Epoch: 23 [25536/60000 (43%)]	Loss: 8.984903
Train Epoch: 23 [31936/60000 (53%)]	Loss: 9.622025
Train Epoch: 23 [38336/60000 (64%)]	Loss: 11.146358
Train Epoch: 23 [44736/60000 (75%)]	Loss: 11.037883
Train Epoch: 23 [51136/60000 (85%)]	Loss: 10.304835
Train Epoch: 23 [57536/60000 (96%)]	Loss: 10.084105

Test set: Average loss: 9.7434, Accuracy: 1789/10000 (18%)

Train Epoch: 24 [6336/60000 (11%)]	Loss: 11.065284
Train Epoch: 24 [12736/60000 (21%)]	Loss: 10.192308
Train Epoch: 24 [19136/60000 (32%)]	Loss: 9.526608
Train Epoch: 24 [25536/60000 (43%)]	Loss: 9.910296
Train Epoch: 24 [31936/60000 (53%)]	Loss: 10.230006
Train Epoch: 24 [38336/60000 (64%)]	Loss: 8.560522
Train Epoch: 24 [44736/60000 (75%)]	Loss: 9.045900
Train Epoch: 24 [51136/60000 (85%)]	Loss: 11.707468
Train Epoch: 24 [57536/60000 (96%)]	Loss: 10.743894

Test set: Average loss: 10.3052, Accuracy: 1799/10000 (18%)

Train Epoch: 25 [6336/60000 (11%)]	Loss: 10.450001
Train Epoch: 25 [12736/60000 (21%)]	Loss: 8.070026
Train Epoch: 25 [19136/60000 (32%)]	Loss: 4.803805
Train Epoch: 25 [25536/60000 (43%)]	Loss: 4.181294
Train Epoch: 25 [31936/60000 (53%)]	Loss: 4.082835
Train Epoch: 25 [38336/60000 (64%)]	Loss: 4.768229
Train Epoch: 25 [44736/60000 (75%)]	Loss: 4.520797
Train Epoch: 25 [51136/60000 (85%)]	Loss: 2.695694
Train Epoch: 25 [57536/60000 (96%)]	Loss: 4.473190

Test set: Average loss: 4.1811, Accuracy: 4571/10000 (46%)

Train Epoch: 26 [6336/60000 (11%)]	Loss: 4.605768
Train Epoch: 26 [12736/60000 (21%)]	Loss: 5.067157
Train Epoch: 26 [19136/60000 (32%)]	Loss: 5.022110
Train Epoch: 26 [25536/60000 (43%)]	Loss: 4.738620
Train Epoch: 26 [31936/60000 (53%)]	Loss: 5.086830
Train Epoch: 26 [38336/60000 (64%)]	Loss: 3.614346
Train Epoch: 26 [44736/60000 (75%)]	Loss: 5.680442
Train Epoch: 26 [51136/60000 (85%)]	Loss: 4.156038
Train Epoch: 26 [57536/60000 (96%)]	Loss: 5.097188

Test set: Average loss: 5.8548, Accuracy: 3951/10000 (40%)

Train Epoch: 27 [6336/60000 (11%)]	Loss: 5.449301
Train Epoch: 27 [12736/60000 (21%)]	Loss: 4.598218
Train Epoch: 27 [19136/60000 (32%)]	Loss: 3.927547
Train Epoch: 27 [25536/60000 (43%)]	Loss: 4.668819
Train Epoch: 27 [31936/60000 (53%)]	Loss: 5.500250
Train Epoch: 27 [38336/60000 (64%)]	Loss: 5.315107
Train Epoch: 27 [44736/60000 (75%)]	Loss: 4.869788
Train Epoch: 27 [51136/60000 (85%)]	Loss: 4.530360
Train Epoch: 27 [57536/60000 (96%)]	Loss: 5.103781

Test set: Average loss: 4.5446, Accuracy: 4471/10000 (45%)

Train Epoch: 28 [6336/60000 (11%)]	Loss: 6.288005
Train Epoch: 28 [12736/60000 (21%)]	Loss: 6.409471
Train Epoch: 28 [19136/60000 (32%)]	Loss: 4.213948
Train Epoch: 28 [25536/60000 (43%)]	Loss: 4.757657
Train Epoch: 28 [31936/60000 (53%)]	Loss: 3.986127
Train Epoch: 28 [38336/60000 (64%)]	Loss: 8.104634
Train Epoch: 28 [44736/60000 (75%)]	Loss: 4.894089
Train Epoch: 28 [51136/60000 (85%)]	Loss: 4.525021
Train Epoch: 28 [57536/60000 (96%)]	Loss: 3.175212

Test set: Average loss: 5.1148, Accuracy: 3767/10000 (38%)

Train Epoch: 29 [6336/60000 (11%)]	Loss: 4.645179
Train Epoch: 29 [12736/60000 (21%)]	Loss: 4.591864
Train Epoch: 29 [19136/60000 (32%)]	Loss: 4.112972
Train Epoch: 29 [25536/60000 (43%)]	Loss: 4.118495
Train Epoch: 29 [31936/60000 (53%)]	Loss: 5.305734
Train Epoch: 29 [38336/60000 (64%)]	Loss: 5.209834
Train Epoch: 29 [44736/60000 (75%)]	Loss: 5.612166
Train Epoch: 29 [51136/60000 (85%)]	Loss: 5.851867
Train Epoch: 29 [57536/60000 (96%)]	Loss: 6.156241

Test set: Average loss: 5.7105, Accuracy: 3850/10000 (38%)

Train Epoch: 30 [6336/60000 (11%)]	Loss: 4.663625
Train Epoch: 30 [12736/60000 (21%)]	Loss: 4.459667
Train Epoch: 30 [19136/60000 (32%)]	Loss: 5.706010
Train Epoch: 30 [25536/60000 (43%)]	Loss: 4.790611
Train Epoch: 30 [31936/60000 (53%)]	Loss: 4.028548
Train Epoch: 30 [38336/60000 (64%)]	Loss: 5.270027
Train Epoch: 30 [44736/60000 (75%)]	Loss: 6.384044
Train Epoch: 30 [51136/60000 (85%)]	Loss: 6.297668
Train Epoch: 30 [57536/60000 (96%)]	Loss: 6.051607

Test set: Average loss: 4.8377, Accuracy: 4192/10000 (42%)

Train Epoch: 31 [6336/60000 (11%)]	Loss: 4.023364
Train Epoch: 31 [12736/60000 (21%)]	Loss: 4.676686
Train Epoch: 31 [19136/60000 (32%)]	Loss: 5.716958
Train Epoch: 31 [25536/60000 (43%)]	Loss: 4.252909
Train Epoch: 31 [31936/60000 (53%)]	Loss: 5.455895
Train Epoch: 31 [38336/60000 (64%)]	Loss: 5.133600
Train Epoch: 31 [44736/60000 (75%)]	Loss: 4.897356
Train Epoch: 31 [51136/60000 (85%)]	Loss: 4.389215
Train Epoch: 31 [57536/60000 (96%)]	Loss: 5.248839

Test set: Average loss: 5.4530, Accuracy: 3535/10000 (35%)

Train Epoch: 32 [6336/60000 (11%)]	Loss: 4.695055
Train Epoch: 32 [12736/60000 (21%)]	Loss: 5.697068
Train Epoch: 32 [19136/60000 (32%)]	Loss: 5.290555
Train Epoch: 32 [25536/60000 (43%)]	Loss: 5.552530
Train Epoch: 32 [31936/60000 (53%)]	Loss: 4.396349
Train Epoch: 32 [38336/60000 (64%)]	Loss: 5.973022
Train Epoch: 32 [44736/60000 (75%)]	Loss: 3.899997
Train Epoch: 32 [51136/60000 (85%)]	Loss: 7.165365
Train Epoch: 32 [57536/60000 (96%)]	Loss: 4.376204

Test set: Average loss: 5.0151, Accuracy: 4087/10000 (41%)

Train Epoch: 33 [6336/60000 (11%)]	Loss: 4.266407
Train Epoch: 33 [12736/60000 (21%)]	Loss: 6.733185
Train Epoch: 33 [19136/60000 (32%)]	Loss: 5.569006
Train Epoch: 33 [25536/60000 (43%)]	Loss: 4.848357
Train Epoch: 33 [31936/60000 (53%)]	Loss: 4.405451
Train Epoch: 33 [38336/60000 (64%)]	Loss: 4.802665
Train Epoch: 33 [44736/60000 (75%)]	Loss: 6.306512
Train Epoch: 33 [51136/60000 (85%)]	Loss: 6.311224
Train Epoch: 33 [57536/60000 (96%)]	Loss: 4.000085

Test set: Average loss: 5.3046, Accuracy: 4066/10000 (41%)

Train Epoch: 34 [6336/60000 (11%)]	Loss: 5.441724
Train Epoch: 34 [12736/60000 (21%)]	Loss: 6.130768
Train Epoch: 34 [19136/60000 (32%)]	Loss: 4.001963
Train Epoch: 34 [25536/60000 (43%)]	Loss: 4.808930
Train Epoch: 34 [31936/60000 (53%)]	Loss: 4.420825
Train Epoch: 34 [38336/60000 (64%)]	Loss: 5.914112
Train Epoch: 34 [44736/60000 (75%)]	Loss: 3.851074
Train Epoch: 34 [51136/60000 (85%)]	Loss: 5.378652
Train Epoch: 34 [57536/60000 (96%)]	Loss: 4.601344

Test set: Average loss: 4.8957, Accuracy: 4234/10000 (42%)

Train Epoch: 35 [6336/60000 (11%)]	Loss: 4.801744
Train Epoch: 35 [12736/60000 (21%)]	Loss: 5.596200
Train Epoch: 35 [19136/60000 (32%)]	Loss: 5.690791
Train Epoch: 35 [25536/60000 (43%)]	Loss: 4.508949
Train Epoch: 35 [31936/60000 (53%)]	Loss: 4.366719
Train Epoch: 35 [38336/60000 (64%)]	Loss: 4.410258
Train Epoch: 35 [44736/60000 (75%)]	Loss: 6.692408
Train Epoch: 35 [51136/60000 (85%)]	Loss: 4.338949
Train Epoch: 35 [57536/60000 (96%)]	Loss: 6.330370

Test set: Average loss: 5.2686, Accuracy: 4238/10000 (42%)

Train Epoch: 36 [6336/60000 (11%)]	Loss: 5.004250
Train Epoch: 36 [12736/60000 (21%)]	Loss: 4.600774
Train Epoch: 36 [19136/60000 (32%)]	Loss: 4.559701
Train Epoch: 36 [25536/60000 (43%)]	Loss: 5.494796
Train Epoch: 36 [31936/60000 (53%)]	Loss: 3.836893
Train Epoch: 36 [38336/60000 (64%)]	Loss: 6.588460
Train Epoch: 36 [44736/60000 (75%)]	Loss: 4.916887
Train Epoch: 36 [51136/60000 (85%)]	Loss: 4.542770
Train Epoch: 36 [57536/60000 (96%)]	Loss: 4.886783

Test set: Average loss: 5.5676, Accuracy: 4051/10000 (41%)

Train Epoch: 37 [6336/60000 (11%)]	Loss: 5.383463
Train Epoch: 37 [12736/60000 (21%)]	Loss: 6.455929
Train Epoch: 37 [19136/60000 (32%)]	Loss: 5.310304
Train Epoch: 37 [25536/60000 (43%)]	Loss: 7.099679
Train Epoch: 37 [31936/60000 (53%)]	Loss: 5.049452
Train Epoch: 37 [38336/60000 (64%)]	Loss: 4.209130
Train Epoch: 37 [44736/60000 (75%)]	Loss: 6.722828
Train Epoch: 37 [51136/60000 (85%)]	Loss: 4.506135
Train Epoch: 37 [57536/60000 (96%)]	Loss: 3.738000

Test set: Average loss: 5.4482, Accuracy: 3998/10000 (40%)

Train Epoch: 38 [6336/60000 (11%)]	Loss: 4.604936
Train Epoch: 38 [12736/60000 (21%)]	Loss: 4.897164
Train Epoch: 38 [19136/60000 (32%)]	Loss: 5.805317
Train Epoch: 38 [25536/60000 (43%)]	Loss: 6.089485
Train Epoch: 38 [31936/60000 (53%)]	Loss: 4.918061
Train Epoch: 38 [38336/60000 (64%)]	Loss: 5.510631
Train Epoch: 38 [44736/60000 (75%)]	Loss: 3.139318
Train Epoch: 38 [51136/60000 (85%)]	Loss: 4.593563
Train Epoch: 38 [57536/60000 (96%)]	Loss: 5.995443

Test set: Average loss: 5.7045, Accuracy: 3950/10000 (40%)

Train Epoch: 39 [6336/60000 (11%)]	Loss: 4.535211
Train Epoch: 39 [12736/60000 (21%)]	Loss: 5.565039
Train Epoch: 39 [19136/60000 (32%)]	Loss: 4.931633
Train Epoch: 39 [25536/60000 (43%)]	Loss: 5.800202
Train Epoch: 39 [31936/60000 (53%)]	Loss: 5.355659
Train Epoch: 39 [38336/60000 (64%)]	Loss: 4.920040
Train Epoch: 39 [44736/60000 (75%)]	Loss: 5.737442
Train Epoch: 39 [51136/60000 (85%)]	Loss: 5.278825
Train Epoch: 39 [57536/60000 (96%)]	Loss: 5.083085

Test set: Average loss: 6.0986, Accuracy: 4009/10000 (40%)

Train Epoch: 40 [6336/60000 (11%)]	Loss: 5.253510
Train Epoch: 40 [12736/60000 (21%)]	Loss: 4.425199
Train Epoch: 40 [19136/60000 (32%)]	Loss: 4.102890
Train Epoch: 40 [25536/60000 (43%)]	Loss: 5.042991
Train Epoch: 40 [31936/60000 (53%)]	Loss: 5.643300
Train Epoch: 40 [38336/60000 (64%)]	Loss: 6.213810
Train Epoch: 40 [44736/60000 (75%)]	Loss: 5.613222
Train Epoch: 40 [51136/60000 (85%)]	Loss: 3.769725
Train Epoch: 40 [57536/60000 (96%)]	Loss: 5.851677

Test set: Average loss: 5.3228, Accuracy: 3841/10000 (38%)

Train Epoch: 41 [6336/60000 (11%)]	Loss: 4.968348
Train Epoch: 41 [12736/60000 (21%)]	Loss: 4.822028
Train Epoch: 41 [19136/60000 (32%)]	Loss: 4.947119
Train Epoch: 41 [25536/60000 (43%)]	Loss: 5.118231
Train Epoch: 41 [31936/60000 (53%)]	Loss: 5.770406
Train Epoch: 41 [38336/60000 (64%)]	Loss: 7.177233
Train Epoch: 41 [44736/60000 (75%)]	Loss: 5.662761
Train Epoch: 41 [51136/60000 (85%)]	Loss: 4.356238
Train Epoch: 41 [57536/60000 (96%)]	Loss: 4.980877

Test set: Average loss: 5.2781, Accuracy: 4073/10000 (41%)

Train Epoch: 42 [6336/60000 (11%)]	Loss: 5.538616
Train Epoch: 42 [12736/60000 (21%)]	Loss: 4.818746
Train Epoch: 42 [19136/60000 (32%)]	Loss: 6.233889
Train Epoch: 42 [25536/60000 (43%)]	Loss: 4.529339
Train Epoch: 42 [31936/60000 (53%)]	Loss: 5.057550
Train Epoch: 42 [38336/60000 (64%)]	Loss: 5.562335
Train Epoch: 42 [44736/60000 (75%)]	Loss: 3.791185
Train Epoch: 42 [51136/60000 (85%)]	Loss: 4.329906
Train Epoch: 42 [57536/60000 (96%)]	Loss: 5.756228

Test set: Average loss: 5.5208, Accuracy: 3512/10000 (35%)

Train Epoch: 43 [6336/60000 (11%)]	Loss: 5.222324
Train Epoch: 43 [12736/60000 (21%)]	Loss: 5.768034
Train Epoch: 43 [19136/60000 (32%)]	Loss: 4.821781
Train Epoch: 43 [25536/60000 (43%)]	Loss: 5.195967
Train Epoch: 43 [31936/60000 (53%)]	Loss: 4.907562
Train Epoch: 43 [38336/60000 (64%)]	Loss: 5.217725
Train Epoch: 43 [44736/60000 (75%)]	Loss: 5.755627
Train Epoch: 43 [51136/60000 (85%)]	Loss: 5.552582
Train Epoch: 43 [57536/60000 (96%)]	Loss: 5.005024

Test set: Average loss: 5.6535, Accuracy: 3950/10000 (40%)

Train Epoch: 44 [6336/60000 (11%)]	Loss: 5.170445
Train Epoch: 44 [12736/60000 (21%)]	Loss: 5.323390
Train Epoch: 44 [19136/60000 (32%)]	Loss: 4.026634
Train Epoch: 44 [25536/60000 (43%)]	Loss: 5.851724
Train Epoch: 44 [31936/60000 (53%)]	Loss: 6.321155
Train Epoch: 44 [38336/60000 (64%)]	Loss: 4.650819
Train Epoch: 44 [44736/60000 (75%)]	Loss: 4.832434
Train Epoch: 44 [51136/60000 (85%)]	Loss: 4.493752
Train Epoch: 44 [57536/60000 (96%)]	Loss: 5.730036

Test set: Average loss: 5.2168, Accuracy: 4277/10000 (43%)

Train Epoch: 45 [6336/60000 (11%)]	Loss: 5.100252
Train Epoch: 45 [12736/60000 (21%)]	Loss: 5.491292
Train Epoch: 45 [19136/60000 (32%)]	Loss: 5.056344
Train Epoch: 45 [25536/60000 (43%)]	Loss: 4.484835
Train Epoch: 45 [31936/60000 (53%)]	Loss: 4.039124
Train Epoch: 45 [38336/60000 (64%)]	Loss: 3.820540
Train Epoch: 45 [44736/60000 (75%)]	Loss: 5.753893
Train Epoch: 45 [51136/60000 (85%)]	Loss: 6.450323
Train Epoch: 45 [57536/60000 (96%)]	Loss: 6.570509

Test set: Average loss: 5.9163, Accuracy: 3396/10000 (34%)

Train Epoch: 46 [6336/60000 (11%)]	Loss: 5.157950
Train Epoch: 46 [12736/60000 (21%)]	Loss: 5.117020
Train Epoch: 46 [19136/60000 (32%)]	Loss: 6.278605
Train Epoch: 46 [25536/60000 (43%)]	Loss: 7.382909
Train Epoch: 46 [31936/60000 (53%)]	Loss: 4.968614
Train Epoch: 46 [38336/60000 (64%)]	Loss: 4.062551
Train Epoch: 46 [44736/60000 (75%)]	Loss: 5.183216
Train Epoch: 46 [51136/60000 (85%)]	Loss: 6.964188
Train Epoch: 46 [57536/60000 (96%)]	Loss: 3.995283

Test set: Average loss: 6.5116, Accuracy: 3745/10000 (37%)

Train Epoch: 47 [6336/60000 (11%)]	Loss: 4.692737
Train Epoch: 47 [12736/60000 (21%)]	Loss: 5.812986
Train Epoch: 47 [19136/60000 (32%)]	Loss: 4.353316
Train Epoch: 47 [25536/60000 (43%)]	Loss: 4.677551
Train Epoch: 47 [31936/60000 (53%)]	Loss: 6.724343
Train Epoch: 47 [38336/60000 (64%)]	Loss: 5.015328
Train Epoch: 47 [44736/60000 (75%)]	Loss: 5.720074
Train Epoch: 47 [51136/60000 (85%)]	Loss: 4.536523
Train Epoch: 47 [57536/60000 (96%)]	Loss: 5.709256

Test set: Average loss: 6.0135, Accuracy: 3476/10000 (35%)

Train Epoch: 48 [6336/60000 (11%)]	Loss: 3.803818
Train Epoch: 48 [12736/60000 (21%)]	Loss: 5.844247
Train Epoch: 48 [19136/60000 (32%)]	Loss: 4.674603
Train Epoch: 48 [25536/60000 (43%)]	Loss: 3.909947
Train Epoch: 48 [31936/60000 (53%)]	Loss: 5.571254
Train Epoch: 48 [38336/60000 (64%)]	Loss: 4.935734
Train Epoch: 48 [44736/60000 (75%)]	Loss: 4.911691
Train Epoch: 48 [51136/60000 (85%)]	Loss: 7.054699
Train Epoch: 48 [57536/60000 (96%)]	Loss: 5.074357

Test set: Average loss: 5.3091, Accuracy: 3814/10000 (38%)

Train Epoch: 49 [6336/60000 (11%)]	Loss: 5.831224
Train Epoch: 49 [12736/60000 (21%)]	Loss: 5.422291
Train Epoch: 49 [19136/60000 (32%)]	Loss: 4.841443
Train Epoch: 49 [25536/60000 (43%)]	Loss: 5.930699
Train Epoch: 49 [31936/60000 (53%)]	Loss: 3.738344
Train Epoch: 49 [38336/60000 (64%)]	Loss: 4.608416
Train Epoch: 49 [44736/60000 (75%)]	Loss: 6.079283
Train Epoch: 49 [51136/60000 (85%)]	Loss: 5.254780
Train Epoch: 49 [57536/60000 (96%)]	Loss: 6.192705

Test set: Average loss: 5.1854, Accuracy: 4048/10000 (40%)

Train Epoch: 50 [6336/60000 (11%)]	Loss: 4.679232
Train Epoch: 50 [12736/60000 (21%)]	Loss: 5.001395
Train Epoch: 50 [19136/60000 (32%)]	Loss: 5.832121
Train Epoch: 50 [25536/60000 (43%)]	Loss: 5.269997
Train Epoch: 50 [31936/60000 (53%)]	Loss: 4.302691
Train Epoch: 50 [38336/60000 (64%)]	Loss: 4.781212
Train Epoch: 50 [44736/60000 (75%)]	Loss: 5.586398
Train Epoch: 50 [51136/60000 (85%)]	Loss: 4.319536
Train Epoch: 50 [57536/60000 (96%)]	Loss: 4.492159

Test set: Average loss: 5.2859, Accuracy: 3758/10000 (38%)

Train Epoch: 51 [6336/60000 (11%)]	Loss: 4.670528
Train Epoch: 51 [12736/60000 (21%)]	Loss: 5.022273
Train Epoch: 51 [19136/60000 (32%)]	Loss: 4.610796
Train Epoch: 51 [25536/60000 (43%)]	Loss: 6.872728
Train Epoch: 51 [31936/60000 (53%)]	Loss: 5.613194
Train Epoch: 51 [38336/60000 (64%)]	Loss: 7.175313
Train Epoch: 51 [44736/60000 (75%)]	Loss: 4.814675
Train Epoch: 51 [51136/60000 (85%)]	Loss: 4.286523
Train Epoch: 51 [57536/60000 (96%)]	Loss: 6.835477

Test set: Average loss: 5.0672, Accuracy: 4243/10000 (42%)

Train Epoch: 52 [6336/60000 (11%)]	Loss: 4.235997
Train Epoch: 52 [12736/60000 (21%)]	Loss: 5.073195
Train Epoch: 52 [19136/60000 (32%)]	Loss: 5.431265
Train Epoch: 52 [25536/60000 (43%)]	Loss: 4.902373
Train Epoch: 52 [31936/60000 (53%)]	Loss: 5.126667
Train Epoch: 52 [38336/60000 (64%)]	Loss: 4.967900
Train Epoch: 52 [44736/60000 (75%)]	Loss: 4.570848
Train Epoch: 52 [51136/60000 (85%)]	Loss: 4.200422
Train Epoch: 52 [57536/60000 (96%)]	Loss: 4.630854

Test set: Average loss: 5.2166, Accuracy: 4104/10000 (41%)

Train Epoch: 53 [6336/60000 (11%)]	Loss: 5.562778
Train Epoch: 53 [12736/60000 (21%)]	Loss: 5.070820
Train Epoch: 53 [19136/60000 (32%)]	Loss: 3.942028
Train Epoch: 53 [25536/60000 (43%)]	Loss: 4.816497
Train Epoch: 53 [31936/60000 (53%)]	Loss: 5.220070
Train Epoch: 53 [38336/60000 (64%)]	Loss: 5.130538
Train Epoch: 53 [44736/60000 (75%)]	Loss: 4.938983
Train Epoch: 53 [51136/60000 (85%)]	Loss: 4.154658
Train Epoch: 53 [57536/60000 (96%)]	Loss: 3.711267

Test set: Average loss: 5.8468, Accuracy: 4026/10000 (40%)

Train Epoch: 54 [6336/60000 (11%)]	Loss: 5.116609
Train Epoch: 54 [12736/60000 (21%)]	Loss: 5.006829
Train Epoch: 54 [19136/60000 (32%)]	Loss: 5.872607
Train Epoch: 54 [25536/60000 (43%)]	Loss: 4.115324
Train Epoch: 54 [31936/60000 (53%)]	Loss: 3.831162
Train Epoch: 54 [38336/60000 (64%)]	Loss: 6.503623
Train Epoch: 54 [44736/60000 (75%)]	Loss: 4.532277
Train Epoch: 54 [51136/60000 (85%)]	Loss: 5.517035
Train Epoch: 54 [57536/60000 (96%)]	Loss: 3.989582

Test set: Average loss: 5.1027, Accuracy: 4133/10000 (41%)

Train Epoch: 55 [6336/60000 (11%)]	Loss: 6.016910
Train Epoch: 55 [12736/60000 (21%)]	Loss: 5.238206
Train Epoch: 55 [19136/60000 (32%)]	Loss: 5.714640
Train Epoch: 55 [25536/60000 (43%)]	Loss: 5.085295
Train Epoch: 55 [31936/60000 (53%)]	Loss: 5.640763
Train Epoch: 55 [38336/60000 (64%)]	Loss: 5.190411
Train Epoch: 55 [44736/60000 (75%)]	Loss: 5.101036
Train Epoch: 55 [51136/60000 (85%)]	Loss: 5.076938
Train Epoch: 55 [57536/60000 (96%)]	Loss: 6.495589

Test set: Average loss: 5.8122, Accuracy: 3887/10000 (39%)

Train Epoch: 56 [6336/60000 (11%)]	Loss: 5.117401
Train Epoch: 56 [12736/60000 (21%)]	Loss: 4.459008
Train Epoch: 56 [19136/60000 (32%)]	Loss: 3.664085
Train Epoch: 56 [25536/60000 (43%)]	Loss: 4.779196
Train Epoch: 56 [31936/60000 (53%)]	Loss: 4.539814
Train Epoch: 56 [38336/60000 (64%)]	Loss: 5.825027
Train Epoch: 56 [44736/60000 (75%)]	Loss: 4.443532
Train Epoch: 56 [51136/60000 (85%)]	Loss: 8.757128
Train Epoch: 56 [57536/60000 (96%)]	Loss: 5.472955

Test set: Average loss: 5.1027, Accuracy: 4081/10000 (41%)

Train Epoch: 57 [6336/60000 (11%)]	Loss: 5.615907
Train Epoch: 57 [12736/60000 (21%)]	Loss: 4.291913
Train Epoch: 57 [19136/60000 (32%)]	Loss: 5.145059
Train Epoch: 57 [25536/60000 (43%)]	Loss: 3.788470
Train Epoch: 57 [31936/60000 (53%)]	Loss: 5.039482
Train Epoch: 57 [38336/60000 (64%)]	Loss: 6.879903
Train Epoch: 57 [44736/60000 (75%)]	Loss: 2.770574
Train Epoch: 57 [51136/60000 (85%)]	Loss: 4.524242
Train Epoch: 57 [57536/60000 (96%)]	Loss: 3.380284

Test set: Average loss: 4.7362, Accuracy: 4112/10000 (41%)

Train Epoch: 58 [6336/60000 (11%)]	Loss: 4.681476
Train Epoch: 58 [12736/60000 (21%)]	Loss: 3.918986
Train Epoch: 58 [19136/60000 (32%)]	Loss: 4.853698
Train Epoch: 58 [25536/60000 (43%)]	Loss: 4.771604
Train Epoch: 58 [31936/60000 (53%)]	Loss: 3.620488
Train Epoch: 58 [38336/60000 (64%)]	Loss: 3.908050
Train Epoch: 58 [44736/60000 (75%)]	Loss: 3.457580
Train Epoch: 58 [51136/60000 (85%)]	Loss: 4.812736
Train Epoch: 58 [57536/60000 (96%)]	Loss: 5.318452

Test set: Average loss: 5.5052, Accuracy: 3641/10000 (36%)

Train Epoch: 59 [6336/60000 (11%)]	Loss: 3.821978
Train Epoch: 59 [12736/60000 (21%)]	Loss: 5.999378
Train Epoch: 59 [19136/60000 (32%)]	Loss: 4.225572
Train Epoch: 59 [25536/60000 (43%)]	Loss: 3.376937
Train Epoch: 59 [31936/60000 (53%)]	Loss: 5.104439
Train Epoch: 59 [38336/60000 (64%)]	Loss: 7.056562
Train Epoch: 59 [44736/60000 (75%)]	Loss: 4.466883
Train Epoch: 59 [51136/60000 (85%)]	Loss: 4.001786
Train Epoch: 59 [57536/60000 (96%)]	Loss: 3.916331

Test set: Average loss: 5.5792, Accuracy: 3531/10000 (35%)

Train Epoch: 60 [6336/60000 (11%)]	Loss: 2.875911
Train Epoch: 60 [12736/60000 (21%)]	Loss: 5.776113
Train Epoch: 60 [19136/60000 (32%)]	Loss: 4.595534
Train Epoch: 60 [25536/60000 (43%)]	Loss: 4.385808
Train Epoch: 60 [31936/60000 (53%)]	Loss: 3.320646
Train Epoch: 60 [38336/60000 (64%)]	Loss: 5.812814
Train Epoch: 60 [44736/60000 (75%)]	Loss: 5.010476
Train Epoch: 60 [51136/60000 (85%)]	Loss: 5.898906
Train Epoch: 60 [57536/60000 (96%)]	Loss: 4.576182

Test set: Average loss: 5.0720, Accuracy: 4485/10000 (45%)

Train Epoch: 61 [6336/60000 (11%)]	Loss: 5.617568
Train Epoch: 61 [12736/60000 (21%)]	Loss: 5.531628
Train Epoch: 61 [19136/60000 (32%)]	Loss: 5.478196
Train Epoch: 61 [25536/60000 (43%)]	Loss: 4.522212
Train Epoch: 61 [31936/60000 (53%)]	Loss: 6.301686
Train Epoch: 61 [38336/60000 (64%)]	Loss: 5.979179
Train Epoch: 61 [44736/60000 (75%)]	Loss: 4.706943
Train Epoch: 61 [51136/60000 (85%)]	Loss: 5.165895
Train Epoch: 61 [57536/60000 (96%)]	Loss: 5.141852

Test set: Average loss: 4.7239, Accuracy: 4607/10000 (46%)

Train Epoch: 62 [6336/60000 (11%)]	Loss: 3.444086
Train Epoch: 62 [12736/60000 (21%)]	Loss: 5.532607
Train Epoch: 62 [19136/60000 (32%)]	Loss: 5.279678
Train Epoch: 62 [25536/60000 (43%)]	Loss: 5.675578
Train Epoch: 62 [31936/60000 (53%)]	Loss: 5.871380
Train Epoch: 62 [38336/60000 (64%)]	Loss: 5.229290
Train Epoch: 62 [44736/60000 (75%)]	Loss: 5.845351
Train Epoch: 62 [51136/60000 (85%)]	Loss: 4.630732
Train Epoch: 62 [57536/60000 (96%)]	Loss: 4.442843

Test set: Average loss: 5.3326, Accuracy: 4117/10000 (41%)

Train Epoch: 63 [6336/60000 (11%)]	Loss: 6.037954
Train Epoch: 63 [12736/60000 (21%)]	Loss: 4.203313
Train Epoch: 63 [19136/60000 (32%)]	Loss: 4.994273
Train Epoch: 63 [25536/60000 (43%)]	Loss: 6.316476
Train Epoch: 63 [31936/60000 (53%)]	Loss: 5.202492
Train Epoch: 63 [38336/60000 (64%)]	Loss: 5.245295
Train Epoch: 63 [44736/60000 (75%)]	Loss: 3.718902
Train Epoch: 63 [51136/60000 (85%)]	Loss: 4.358097
Train Epoch: 63 [57536/60000 (96%)]	Loss: 5.298466

Test set: Average loss: 5.1671, Accuracy: 3841/10000 (38%)

Train Epoch: 64 [6336/60000 (11%)]	Loss: 5.753406
Train Epoch: 64 [12736/60000 (21%)]	Loss: 5.266786
Train Epoch: 64 [19136/60000 (32%)]	Loss: 5.223290
Train Epoch: 64 [25536/60000 (43%)]	Loss: 4.774716
Train Epoch: 64 [31936/60000 (53%)]	Loss: 3.877493
Train Epoch: 64 [38336/60000 (64%)]	Loss: 3.524207
Train Epoch: 64 [44736/60000 (75%)]	Loss: 4.383950
Train Epoch: 64 [51136/60000 (85%)]	Loss: 6.393316
Train Epoch: 64 [57536/60000 (96%)]	Loss: 4.403409

Test set: Average loss: 5.4932, Accuracy: 4260/10000 (43%)

Train Epoch: 65 [6336/60000 (11%)]	Loss: 4.792502
Train Epoch: 65 [12736/60000 (21%)]	Loss: 4.297578
Train Epoch: 65 [19136/60000 (32%)]	Loss: 4.960399
Train Epoch: 65 [25536/60000 (43%)]	Loss: 6.109820
Train Epoch: 65 [31936/60000 (53%)]	Loss: 6.193203
Train Epoch: 65 [38336/60000 (64%)]	Loss: 5.376020
Train Epoch: 65 [44736/60000 (75%)]	Loss: 3.131513
Train Epoch: 65 [51136/60000 (85%)]	Loss: 4.308811
Train Epoch: 65 [57536/60000 (96%)]	Loss: 6.100825

Test set: Average loss: 4.8655, Accuracy: 4253/10000 (43%)

Train Epoch: 66 [6336/60000 (11%)]	Loss: 5.474900
Train Epoch: 66 [12736/60000 (21%)]	Loss: 3.839581
Train Epoch: 66 [19136/60000 (32%)]	Loss: 6.260443
Train Epoch: 66 [25536/60000 (43%)]	Loss: 6.243766
Train Epoch: 66 [31936/60000 (53%)]	Loss: 4.644285
Train Epoch: 66 [38336/60000 (64%)]	Loss: 5.298781
Train Epoch: 66 [44736/60000 (75%)]	Loss: 5.985336
Train Epoch: 66 [51136/60000 (85%)]	Loss: 5.034788
Train Epoch: 66 [57536/60000 (96%)]	Loss: 4.603290

Test set: Average loss: 4.9957, Accuracy: 4345/10000 (43%)

Train Epoch: 67 [6336/60000 (11%)]	Loss: 3.840596
Train Epoch: 67 [12736/60000 (21%)]	Loss: 5.259380
Train Epoch: 67 [19136/60000 (32%)]	Loss: 4.535265
Train Epoch: 67 [25536/60000 (43%)]	Loss: 4.926033
Train Epoch: 67 [31936/60000 (53%)]	Loss: 5.302804
Train Epoch: 67 [38336/60000 (64%)]	Loss: 5.641783
Train Epoch: 67 [44736/60000 (75%)]	Loss: 3.895947
Train Epoch: 67 [51136/60000 (85%)]	Loss: 4.402849
Train Epoch: 67 [57536/60000 (96%)]	Loss: 4.357531

Test set: Average loss: 4.9010, Accuracy: 4397/10000 (44%)

Train Epoch: 68 [6336/60000 (11%)]	Loss: 5.421718
Train Epoch: 68 [12736/60000 (21%)]	Loss: 4.873229
Train Epoch: 68 [19136/60000 (32%)]	Loss: 4.542598
Train Epoch: 68 [25536/60000 (43%)]	Loss: 4.661589
Train Epoch: 68 [31936/60000 (53%)]	Loss: 3.592301
Train Epoch: 68 [38336/60000 (64%)]	Loss: 4.194896
Train Epoch: 68 [44736/60000 (75%)]	Loss: 5.023898
Train Epoch: 68 [51136/60000 (85%)]	Loss: 3.431047
Train Epoch: 68 [57536/60000 (96%)]	Loss: 5.672466

Test set: Average loss: 4.7363, Accuracy: 4673/10000 (47%)

Train Epoch: 69 [6336/60000 (11%)]	Loss: 4.766439
Train Epoch: 69 [12736/60000 (21%)]	Loss: 3.428793
Train Epoch: 69 [19136/60000 (32%)]	Loss: 5.987686
Train Epoch: 69 [25536/60000 (43%)]	Loss: 4.812200
Train Epoch: 69 [31936/60000 (53%)]	Loss: 5.739263
Train Epoch: 69 [38336/60000 (64%)]	Loss: 6.091954
Train Epoch: 69 [44736/60000 (75%)]	Loss: 6.233814
Train Epoch: 69 [51136/60000 (85%)]	Loss: 5.172890
Train Epoch: 69 [57536/60000 (96%)]	Loss: 4.114578

Test set: Average loss: 4.6884, Accuracy: 4410/10000 (44%)

Train Epoch: 70 [6336/60000 (11%)]	Loss: 3.853669
Train Epoch: 70 [12736/60000 (21%)]	Loss: 3.837232
Train Epoch: 70 [19136/60000 (32%)]	Loss: 2.534642
Train Epoch: 70 [25536/60000 (43%)]	Loss: 3.996242
Train Epoch: 70 [31936/60000 (53%)]	Loss: 5.874947
Train Epoch: 70 [38336/60000 (64%)]	Loss: 4.697786
Train Epoch: 70 [44736/60000 (75%)]	Loss: 3.139578
Train Epoch: 70 [51136/60000 (85%)]	Loss: 5.053181
Train Epoch: 70 [57536/60000 (96%)]	Loss: 6.009123

Test set: Average loss: 4.7341, Accuracy: 4360/10000 (44%)

Train Epoch: 71 [6336/60000 (11%)]	Loss: 4.623677
Train Epoch: 71 [12736/60000 (21%)]	Loss: 7.560446
Train Epoch: 71 [19136/60000 (32%)]	Loss: 3.912433
Train Epoch: 71 [25536/60000 (43%)]	Loss: 3.546253
Train Epoch: 71 [31936/60000 (53%)]	Loss: 4.895327
Train Epoch: 71 [38336/60000 (64%)]	Loss: 5.453571
Train Epoch: 71 [44736/60000 (75%)]	Loss: 4.239209
Train Epoch: 71 [51136/60000 (85%)]	Loss: 5.718846
Train Epoch: 71 [57536/60000 (96%)]	Loss: 5.644839

Test set: Average loss: 4.3774, Accuracy: 4389/10000 (44%)

Train Epoch: 72 [6336/60000 (11%)]	Loss: 5.986150
Train Epoch: 72 [12736/60000 (21%)]	Loss: 4.872139
Train Epoch: 72 [19136/60000 (32%)]	Loss: 5.958158
Train Epoch: 72 [25536/60000 (43%)]	Loss: 4.274591
Train Epoch: 72 [31936/60000 (53%)]	Loss: 4.691523
Train Epoch: 72 [38336/60000 (64%)]	Loss: 4.775203
Train Epoch: 72 [44736/60000 (75%)]	Loss: 4.673959
Train Epoch: 72 [51136/60000 (85%)]	Loss: 4.037959
Train Epoch: 72 [57536/60000 (96%)]	Loss: 4.785856

Test set: Average loss: 4.4358, Accuracy: 4784/10000 (48%)

Train Epoch: 73 [6336/60000 (11%)]	Loss: 5.605977
Train Epoch: 73 [12736/60000 (21%)]	Loss: 5.607188
Train Epoch: 73 [19136/60000 (32%)]	Loss: 4.507816
Train Epoch: 73 [25536/60000 (43%)]	Loss: 4.475115
Train Epoch: 73 [31936/60000 (53%)]	Loss: 4.480761
Train Epoch: 73 [38336/60000 (64%)]	Loss: 6.081407
Train Epoch: 73 [44736/60000 (75%)]	Loss: 5.134085
Train Epoch: 73 [51136/60000 (85%)]	Loss: 4.996191
Train Epoch: 73 [57536/60000 (96%)]	Loss: 4.353902

Test set: Average loss: 5.4022, Accuracy: 4094/10000 (41%)

Train Epoch: 74 [6336/60000 (11%)]	Loss: 4.148830
Train Epoch: 74 [12736/60000 (21%)]	Loss: 5.678431
Train Epoch: 74 [19136/60000 (32%)]	Loss: 4.711455
Train Epoch: 74 [25536/60000 (43%)]	Loss: 6.526823
Train Epoch: 74 [31936/60000 (53%)]	Loss: 5.301092
Train Epoch: 74 [38336/60000 (64%)]	Loss: 4.525241
Train Epoch: 74 [44736/60000 (75%)]	Loss: 6.420375
Train Epoch: 74 [51136/60000 (85%)]	Loss: 5.027549
Train Epoch: 74 [57536/60000 (96%)]	Loss: 5.770528

Test set: Average loss: 4.7539, Accuracy: 3900/10000 (39%)

Train Epoch: 75 [6336/60000 (11%)]	Loss: 5.181929
Train Epoch: 75 [12736/60000 (21%)]	Loss: 5.986615
Train Epoch: 75 [19136/60000 (32%)]	Loss: 4.809752
Train Epoch: 75 [25536/60000 (43%)]	Loss: 3.464930
Train Epoch: 75 [31936/60000 (53%)]	Loss: 6.050828
Train Epoch: 75 [38336/60000 (64%)]	Loss: 3.573510
Train Epoch: 75 [44736/60000 (75%)]	Loss: 4.763813
Train Epoch: 75 [51136/60000 (85%)]	Loss: 5.102334
Train Epoch: 75 [57536/60000 (96%)]	Loss: 4.611508

Test set: Average loss: 5.0352, Accuracy: 4380/10000 (44%)

Train Epoch: 76 [6336/60000 (11%)]	Loss: 5.925227
Train Epoch: 76 [12736/60000 (21%)]	Loss: 4.504321
Train Epoch: 76 [19136/60000 (32%)]	Loss: 5.706664
Train Epoch: 76 [25536/60000 (43%)]	Loss: 4.644646
Train Epoch: 76 [31936/60000 (53%)]	Loss: 4.617038
Train Epoch: 76 [38336/60000 (64%)]	Loss: 4.987067
Train Epoch: 76 [44736/60000 (75%)]	Loss: 5.456075
Train Epoch: 76 [51136/60000 (85%)]	Loss: 5.390241
Train Epoch: 76 [57536/60000 (96%)]	Loss: 5.762845

Test set: Average loss: 5.1739, Accuracy: 4330/10000 (43%)

Train Epoch: 77 [6336/60000 (11%)]	Loss: 3.997990
Train Epoch: 77 [12736/60000 (21%)]	Loss: 5.160688
Train Epoch: 77 [19136/60000 (32%)]	Loss: 4.714737
Train Epoch: 77 [25536/60000 (43%)]	Loss: 5.128871
Train Epoch: 77 [31936/60000 (53%)]	Loss: 3.490200
Train Epoch: 77 [38336/60000 (64%)]	Loss: 6.876141
Train Epoch: 77 [44736/60000 (75%)]	Loss: 4.483580
Train Epoch: 77 [51136/60000 (85%)]	Loss: 5.217437
Train Epoch: 77 [57536/60000 (96%)]	Loss: 5.456447

Test set: Average loss: 4.9960, Accuracy: 4494/10000 (45%)

Train Epoch: 78 [6336/60000 (11%)]	Loss: 4.171567
Train Epoch: 78 [12736/60000 (21%)]	Loss: 6.050103
Train Epoch: 78 [19136/60000 (32%)]	Loss: 4.778064
Train Epoch: 78 [25536/60000 (43%)]	Loss: 5.093064
Train Epoch: 78 [31936/60000 (53%)]	Loss: 6.981050
Train Epoch: 78 [38336/60000 (64%)]	Loss: 5.653399
Train Epoch: 78 [44736/60000 (75%)]	Loss: 5.890584
Train Epoch: 78 [51136/60000 (85%)]	Loss: 3.710127
Train Epoch: 78 [57536/60000 (96%)]	Loss: 4.220278

Test set: Average loss: 4.7988, Accuracy: 4131/10000 (41%)

Train Epoch: 79 [6336/60000 (11%)]	Loss: 4.048247
Train Epoch: 79 [12736/60000 (21%)]	Loss: 4.511174
Train Epoch: 79 [19136/60000 (32%)]	Loss: 5.154801
Train Epoch: 79 [25536/60000 (43%)]	Loss: 5.739095
Train Epoch: 79 [31936/60000 (53%)]	Loss: 4.940750
Train Epoch: 79 [38336/60000 (64%)]	Loss: 3.735076
Train Epoch: 79 [44736/60000 (75%)]	Loss: 4.325449
Train Epoch: 79 [51136/60000 (85%)]	Loss: 4.515353
Train Epoch: 79 [57536/60000 (96%)]	Loss: 3.885329

Test set: Average loss: 4.9492, Accuracy: 4200/10000 (42%)

Train Epoch: 80 [6336/60000 (11%)]	Loss: 4.712981
Train Epoch: 80 [12736/60000 (21%)]	Loss: 4.180705
Train Epoch: 80 [19136/60000 (32%)]	Loss: 4.986695
Train Epoch: 80 [25536/60000 (43%)]	Loss: 6.771001
Train Epoch: 80 [31936/60000 (53%)]	Loss: 4.989059
Train Epoch: 80 [38336/60000 (64%)]	Loss: 3.931054
Train Epoch: 80 [44736/60000 (75%)]	Loss: 3.462210
Train Epoch: 80 [51136/60000 (85%)]	Loss: 4.506710
Train Epoch: 80 [57536/60000 (96%)]	Loss: 3.837139

Test set: Average loss: 4.6731, Accuracy: 4230/10000 (42%)

Train Epoch: 81 [6336/60000 (11%)]	Loss: 4.423928
Train Epoch: 81 [12736/60000 (21%)]	Loss: 3.219456
Train Epoch: 81 [19136/60000 (32%)]	Loss: 3.355112
Train Epoch: 81 [25536/60000 (43%)]	Loss: 5.812545
Train Epoch: 81 [31936/60000 (53%)]	Loss: 5.056361
Train Epoch: 81 [38336/60000 (64%)]	Loss: 6.997085
Train Epoch: 81 [44736/60000 (75%)]	Loss: 3.701987
Train Epoch: 81 [51136/60000 (85%)]	Loss: 4.764154
Train Epoch: 81 [57536/60000 (96%)]	Loss: 3.725639

Test set: Average loss: 4.8396, Accuracy: 3963/10000 (40%)

Train Epoch: 82 [6336/60000 (11%)]	Loss: 4.390995
Train Epoch: 82 [12736/60000 (21%)]	Loss: 5.909991
Train Epoch: 82 [19136/60000 (32%)]	Loss: 5.718970
Train Epoch: 82 [25536/60000 (43%)]	Loss: 4.395128
Train Epoch: 82 [31936/60000 (53%)]	Loss: 4.217660
Train Epoch: 82 [38336/60000 (64%)]	Loss: 4.497802
Train Epoch: 82 [44736/60000 (75%)]	Loss: 5.575928
Train Epoch: 82 [51136/60000 (85%)]	Loss: 4.663022
Train Epoch: 82 [57536/60000 (96%)]	Loss: 5.087093

Test set: Average loss: 5.3854, Accuracy: 3880/10000 (39%)

Train Epoch: 83 [6336/60000 (11%)]	Loss: 4.784780
Train Epoch: 83 [12736/60000 (21%)]	Loss: 4.976622
Train Epoch: 83 [19136/60000 (32%)]	Loss: 5.641583
Train Epoch: 83 [25536/60000 (43%)]	Loss: 5.485402
Train Epoch: 83 [31936/60000 (53%)]	Loss: 4.278732
Train Epoch: 83 [38336/60000 (64%)]	Loss: 5.236394
Train Epoch: 83 [44736/60000 (75%)]	Loss: 5.604701
Train Epoch: 83 [51136/60000 (85%)]	Loss: 4.538749
Train Epoch: 83 [57536/60000 (96%)]	Loss: 3.929028

Test set: Average loss: 4.9238, Accuracy: 3929/10000 (39%)

Train Epoch: 84 [6336/60000 (11%)]	Loss: 5.101455
Train Epoch: 84 [12736/60000 (21%)]	Loss: 5.375009
Train Epoch: 84 [19136/60000 (32%)]	Loss: 4.124205
Train Epoch: 84 [25536/60000 (43%)]	Loss: 5.927146
Train Epoch: 84 [31936/60000 (53%)]	Loss: 5.124433
Train Epoch: 84 [38336/60000 (64%)]	Loss: 4.501574
Train Epoch: 84 [44736/60000 (75%)]	Loss: 4.371252
Train Epoch: 84 [51136/60000 (85%)]	Loss: 6.226393
Train Epoch: 84 [57536/60000 (96%)]	Loss: 4.692970

Test set: Average loss: 4.7853, Accuracy: 4073/10000 (41%)

Train Epoch: 85 [6336/60000 (11%)]	Loss: 5.511848
Train Epoch: 85 [12736/60000 (21%)]	Loss: 4.655135
Train Epoch: 85 [19136/60000 (32%)]	Loss: 4.701116
Train Epoch: 85 [25536/60000 (43%)]	Loss: 4.081473
Train Epoch: 85 [31936/60000 (53%)]	Loss: 5.516875
Train Epoch: 85 [38336/60000 (64%)]	Loss: 5.346016
Train Epoch: 85 [44736/60000 (75%)]	Loss: 6.634375
Train Epoch: 85 [51136/60000 (85%)]	Loss: 4.948642
Train Epoch: 85 [57536/60000 (96%)]	Loss: 5.285108

Test set: Average loss: 4.9475, Accuracy: 3860/10000 (39%)

Train Epoch: 86 [6336/60000 (11%)]	Loss: 4.610045
Train Epoch: 86 [12736/60000 (21%)]	Loss: 4.367889
Train Epoch: 86 [19136/60000 (32%)]	Loss: 4.607995
Train Epoch: 86 [25536/60000 (43%)]	Loss: 3.923768
Train Epoch: 86 [31936/60000 (53%)]	Loss: 6.144182
Train Epoch: 86 [38336/60000 (64%)]	Loss: 5.048476
Train Epoch: 86 [44736/60000 (75%)]	Loss: 5.583076
Train Epoch: 86 [51136/60000 (85%)]	Loss: 5.110695
Train Epoch: 86 [57536/60000 (96%)]	Loss: 6.153231

Test set: Average loss: 5.3140, Accuracy: 4044/10000 (40%)

Train Epoch: 87 [6336/60000 (11%)]	Loss: 4.649212
Train Epoch: 87 [12736/60000 (21%)]	Loss: 3.914301
Train Epoch: 87 [19136/60000 (32%)]	Loss: 5.399433
Train Epoch: 87 [25536/60000 (43%)]	Loss: 4.305088
Train Epoch: 87 [31936/60000 (53%)]	Loss: 6.325583
Train Epoch: 87 [38336/60000 (64%)]	Loss: 4.331348
Train Epoch: 87 [44736/60000 (75%)]	Loss: 5.183247
Train Epoch: 87 [51136/60000 (85%)]	Loss: 4.478483
Train Epoch: 87 [57536/60000 (96%)]	Loss: 6.187142

Test set: Average loss: 4.8809, Accuracy: 4464/10000 (45%)

Train Epoch: 88 [6336/60000 (11%)]	Loss: 4.080310
Train Epoch: 88 [12736/60000 (21%)]	Loss: 6.637389
Train Epoch: 88 [19136/60000 (32%)]	Loss: 4.206689
Train Epoch: 88 [25536/60000 (43%)]	Loss: 4.063789
Train Epoch: 88 [31936/60000 (53%)]	Loss: 6.685543
Train Epoch: 88 [38336/60000 (64%)]	Loss: 4.050371
Train Epoch: 88 [44736/60000 (75%)]	Loss: 4.129853
Train Epoch: 88 [51136/60000 (85%)]	Loss: 4.211753
Train Epoch: 88 [57536/60000 (96%)]	Loss: 4.548639

Test set: Average loss: 5.0573, Accuracy: 4309/10000 (43%)

Train Epoch: 89 [6336/60000 (11%)]	Loss: 5.638643
Train Epoch: 89 [12736/60000 (21%)]	Loss: 4.370922
Train Epoch: 89 [19136/60000 (32%)]	Loss: 4.534448
Train Epoch: 89 [25536/60000 (43%)]	Loss: 4.898509
Train Epoch: 89 [31936/60000 (53%)]	Loss: 7.015454
Train Epoch: 89 [38336/60000 (64%)]	Loss: 6.229687
Train Epoch: 89 [44736/60000 (75%)]	Loss: 4.333541
Train Epoch: 89 [51136/60000 (85%)]	Loss: 3.063662
Train Epoch: 89 [57536/60000 (96%)]	Loss: 5.361916

Test set: Average loss: 4.7502, Accuracy: 4337/10000 (43%)

Train Epoch: 90 [6336/60000 (11%)]	Loss: 5.022810
Train Epoch: 90 [12736/60000 (21%)]	Loss: 5.599873
Train Epoch: 90 [19136/60000 (32%)]	Loss: 5.306392
Train Epoch: 90 [25536/60000 (43%)]	Loss: 4.734011
Train Epoch: 90 [31936/60000 (53%)]	Loss: 5.864407
Train Epoch: 90 [38336/60000 (64%)]	Loss: 4.342261
Train Epoch: 90 [44736/60000 (75%)]	Loss: 5.865098
Train Epoch: 90 [51136/60000 (85%)]	Loss: 6.504346
Train Epoch: 90 [57536/60000 (96%)]	Loss: 6.573273

Test set: Average loss: 5.2321, Accuracy: 3790/10000 (38%)

Train Epoch: 91 [6336/60000 (11%)]	Loss: 4.744539
Train Epoch: 91 [12736/60000 (21%)]	Loss: 4.335758
Train Epoch: 91 [19136/60000 (32%)]	Loss: 4.958046
Train Epoch: 91 [25536/60000 (43%)]	Loss: 5.848689
Train Epoch: 91 [31936/60000 (53%)]	Loss: 6.197994
Train Epoch: 91 [38336/60000 (64%)]	Loss: 7.389473
Train Epoch: 91 [44736/60000 (75%)]	Loss: 5.411160
Train Epoch: 91 [51136/60000 (85%)]	Loss: 4.255094
Train Epoch: 91 [57536/60000 (96%)]	Loss: 5.365482

Test set: Average loss: 5.5570, Accuracy: 4145/10000 (41%)

Train Epoch: 92 [6336/60000 (11%)]	Loss: 5.666950
Train Epoch: 92 [12736/60000 (21%)]	Loss: 5.202517
Train Epoch: 92 [19136/60000 (32%)]	Loss: 4.030209
Train Epoch: 92 [25536/60000 (43%)]	Loss: 3.747029
Train Epoch: 92 [31936/60000 (53%)]	Loss: 5.149902
Train Epoch: 92 [38336/60000 (64%)]	Loss: 5.200386
Train Epoch: 92 [44736/60000 (75%)]	Loss: 5.173221
Train Epoch: 92 [51136/60000 (85%)]	Loss: 4.869429
Train Epoch: 92 [57536/60000 (96%)]	Loss: 4.119725

Test set: Average loss: 4.7697, Accuracy: 4243/10000 (42%)

Train Epoch: 93 [6336/60000 (11%)]	Loss: 4.286035
Train Epoch: 93 [12736/60000 (21%)]	Loss: 4.681191
Train Epoch: 93 [19136/60000 (32%)]	Loss: 4.484389
Train Epoch: 93 [25536/60000 (43%)]	Loss: 4.267150
Train Epoch: 93 [31936/60000 (53%)]	Loss: 5.086195
Train Epoch: 93 [38336/60000 (64%)]	Loss: 5.664176
Train Epoch: 93 [44736/60000 (75%)]	Loss: 4.925778
Train Epoch: 93 [51136/60000 (85%)]	Loss: 4.124597
Train Epoch: 93 [57536/60000 (96%)]	Loss: 5.476147

Test set: Average loss: 5.3011, Accuracy: 3650/10000 (36%)

Train Epoch: 94 [6336/60000 (11%)]	Loss: 4.828123
Train Epoch: 94 [12736/60000 (21%)]	Loss: 5.119401
Train Epoch: 94 [19136/60000 (32%)]	Loss: 3.922504
Train Epoch: 94 [25536/60000 (43%)]	Loss: 4.794222
Train Epoch: 94 [31936/60000 (53%)]	Loss: 5.401957
Train Epoch: 94 [38336/60000 (64%)]	Loss: 3.492774
Train Epoch: 94 [44736/60000 (75%)]	Loss: 5.919409
Train Epoch: 94 [51136/60000 (85%)]	Loss: 4.143267
Train Epoch: 94 [57536/60000 (96%)]	Loss: 5.049576

Test set: Average loss: 6.0604, Accuracy: 3458/10000 (35%)

Train Epoch: 95 [6336/60000 (11%)]	Loss: 5.029468
Train Epoch: 95 [12736/60000 (21%)]	Loss: 4.738192
Train Epoch: 95 [19136/60000 (32%)]	Loss: 5.325200
Train Epoch: 95 [25536/60000 (43%)]	Loss: 5.611048
Train Epoch: 95 [31936/60000 (53%)]	Loss: 7.741307
Train Epoch: 95 [38336/60000 (64%)]	Loss: 5.067195
Train Epoch: 95 [44736/60000 (75%)]	Loss: 4.442125
Train Epoch: 95 [51136/60000 (85%)]	Loss: 4.285987
Train Epoch: 95 [57536/60000 (96%)]	Loss: 6.033393

Test set: Average loss: 5.1001, Accuracy: 3881/10000 (39%)

Train Epoch: 96 [6336/60000 (11%)]	Loss: 3.747801
Train Epoch: 96 [12736/60000 (21%)]	Loss: 5.071194
Train Epoch: 96 [19136/60000 (32%)]	Loss: 6.028181
Train Epoch: 96 [25536/60000 (43%)]	Loss: 4.229934
Train Epoch: 96 [31936/60000 (53%)]	Loss: 4.104760
Train Epoch: 96 [38336/60000 (64%)]	Loss: 6.269655
Train Epoch: 96 [44736/60000 (75%)]	Loss: 5.020949
Train Epoch: 96 [51136/60000 (85%)]	Loss: 5.558592
Train Epoch: 96 [57536/60000 (96%)]	Loss: 5.835801

Test set: Average loss: 4.8264, Accuracy: 3909/10000 (39%)

Train Epoch: 97 [6336/60000 (11%)]	Loss: 5.377910
Train Epoch: 97 [12736/60000 (21%)]	Loss: 5.744158
Train Epoch: 97 [19136/60000 (32%)]	Loss: 4.823608
Train Epoch: 97 [25536/60000 (43%)]	Loss: 4.153050
Train Epoch: 97 [31936/60000 (53%)]	Loss: 4.510280
Train Epoch: 97 [38336/60000 (64%)]	Loss: 5.535870
Train Epoch: 97 [44736/60000 (75%)]	Loss: 6.177083
Train Epoch: 97 [51136/60000 (85%)]	Loss: 4.858355
Train Epoch: 97 [57536/60000 (96%)]	Loss: 5.871651

Test set: Average loss: 5.6669, Accuracy: 4114/10000 (41%)

Train Epoch: 98 [6336/60000 (11%)]	Loss: 3.833904
Train Epoch: 98 [12736/60000 (21%)]	Loss: 6.948291
Train Epoch: 98 [19136/60000 (32%)]	Loss: 5.217282
Train Epoch: 98 [25536/60000 (43%)]	Loss: 5.392913
Train Epoch: 98 [31936/60000 (53%)]	Loss: 5.093199
Train Epoch: 98 [38336/60000 (64%)]	Loss: 6.163767
Train Epoch: 98 [44736/60000 (75%)]	Loss: 4.536793
Train Epoch: 98 [51136/60000 (85%)]	Loss: 5.203227
Train Epoch: 98 [57536/60000 (96%)]	Loss: 3.344248

Test set: Average loss: 4.6596, Accuracy: 4361/10000 (44%)

Train Epoch: 99 [6336/60000 (11%)]	Loss: 5.483068
Train Epoch: 99 [12736/60000 (21%)]	Loss: 3.926799
Train Epoch: 99 [19136/60000 (32%)]	Loss: 5.251936
Train Epoch: 99 [25536/60000 (43%)]	Loss: 4.407983
Train Epoch: 99 [31936/60000 (53%)]	Loss: 5.012414
Train Epoch: 99 [38336/60000 (64%)]	Loss: 4.834200
Train Epoch: 99 [44736/60000 (75%)]	Loss: 5.754555
Train Epoch: 99 [51136/60000 (85%)]	Loss: 3.898076
Train Epoch: 99 [57536/60000 (96%)]	Loss: 4.952399

Test set: Average loss: 4.9955, Accuracy: 4133/10000 (41%)

Train Epoch: 100 [6336/60000 (11%)]	Loss: 3.513518
Train Epoch: 100 [12736/60000 (21%)]	Loss: 4.478157
Train Epoch: 100 [19136/60000 (32%)]	Loss: 4.958043
Train Epoch: 100 [25536/60000 (43%)]	Loss: 4.884546
Train Epoch: 100 [31936/60000 (53%)]	Loss: 4.342034
Train Epoch: 100 [38336/60000 (64%)]	Loss: 4.201699
Train Epoch: 100 [44736/60000 (75%)]	Loss: 6.109920
Train Epoch: 100 [51136/60000 (85%)]	Loss: 5.276146
Train Epoch: 100 [57536/60000 (96%)]	Loss: 5.345146

Test set: Average loss: 5.3262, Accuracy: 3791/10000 (38%)

Train Epoch: 101 [6336/60000 (11%)]	Loss: 5.359794
Train Epoch: 101 [12736/60000 (21%)]	Loss: 4.574257
Train Epoch: 101 [19136/60000 (32%)]	Loss: 4.511389
Train Epoch: 101 [25536/60000 (43%)]	Loss: 5.198735
Train Epoch: 101 [31936/60000 (53%)]	Loss: 5.584246
Train Epoch: 101 [38336/60000 (64%)]	Loss: 4.898633
Train Epoch: 101 [44736/60000 (75%)]	Loss: 4.659442
Train Epoch: 101 [51136/60000 (85%)]	Loss: 5.987757
Train Epoch: 101 [57536/60000 (96%)]	Loss: 5.078063

Test set: Average loss: 4.8360, Accuracy: 4388/10000 (44%)

Train Epoch: 102 [6336/60000 (11%)]	Loss: 4.037843
Train Epoch: 102 [12736/60000 (21%)]	Loss: 5.192377
Train Epoch: 102 [19136/60000 (32%)]	Loss: 5.025946
Train Epoch: 102 [25536/60000 (43%)]	Loss: 4.162886
Train Epoch: 102 [31936/60000 (53%)]	Loss: 3.860723
Train Epoch: 102 [38336/60000 (64%)]	Loss: 5.340826
Train Epoch: 102 [44736/60000 (75%)]	Loss: 4.291510
Train Epoch: 102 [51136/60000 (85%)]	Loss: 6.024992
Train Epoch: 102 [57536/60000 (96%)]	Loss: 4.008162

Test set: Average loss: 4.9220, Accuracy: 4171/10000 (42%)

Train Epoch: 103 [6336/60000 (11%)]	Loss: 4.151180
Train Epoch: 103 [12736/60000 (21%)]	Loss: 3.679289
Train Epoch: 103 [19136/60000 (32%)]	Loss: 6.303001
Train Epoch: 103 [25536/60000 (43%)]	Loss: 3.926966
Train Epoch: 103 [31936/60000 (53%)]	Loss: 5.339115
Train Epoch: 103 [38336/60000 (64%)]	Loss: 7.388102
Train Epoch: 103 [44736/60000 (75%)]	Loss: 4.755136
Train Epoch: 103 [51136/60000 (85%)]	Loss: 5.001012
Train Epoch: 103 [57536/60000 (96%)]	Loss: 5.825399

Test set: Average loss: 5.0274, Accuracy: 4461/10000 (45%)

Train Epoch: 104 [6336/60000 (11%)]	Loss: 3.730489
Train Epoch: 104 [12736/60000 (21%)]	Loss: 5.292720
Train Epoch: 104 [19136/60000 (32%)]	Loss: 4.527049
Train Epoch: 104 [25536/60000 (43%)]	Loss: 3.976178
Train Epoch: 104 [31936/60000 (53%)]	Loss: 4.408544
Train Epoch: 104 [38336/60000 (64%)]	Loss: 4.297179
Train Epoch: 104 [44736/60000 (75%)]	Loss: 5.905624
Train Epoch: 104 [51136/60000 (85%)]	Loss: 4.160273
Train Epoch: 104 [57536/60000 (96%)]	Loss: 4.064383

Test set: Average loss: 5.4170, Accuracy: 4077/10000 (41%)

Train Epoch: 105 [6336/60000 (11%)]	Loss: 4.856364
Train Epoch: 105 [12736/60000 (21%)]	Loss: 6.156396
Train Epoch: 105 [19136/60000 (32%)]	Loss: 3.908947
Train Epoch: 105 [25536/60000 (43%)]	Loss: 6.075987
Train Epoch: 105 [31936/60000 (53%)]	Loss: 4.087053
Train Epoch: 105 [38336/60000 (64%)]	Loss: 3.808317
Train Epoch: 105 [44736/60000 (75%)]	Loss: 5.928652
Train Epoch: 105 [51136/60000 (85%)]	Loss: 4.486129
Train Epoch: 105 [57536/60000 (96%)]	Loss: 4.404603

Test set: Average loss: 5.1496, Accuracy: 3970/10000 (40%)

Train Epoch: 106 [6336/60000 (11%)]	Loss: 4.307896
Train Epoch: 106 [12736/60000 (21%)]	Loss: 5.588264
Train Epoch: 106 [19136/60000 (32%)]	Loss: 4.151883
Train Epoch: 106 [25536/60000 (43%)]	Loss: 6.019867
Train Epoch: 106 [31936/60000 (53%)]	Loss: 5.379576
Train Epoch: 106 [38336/60000 (64%)]	Loss: 4.829765
Train Epoch: 106 [44736/60000 (75%)]	Loss: 4.837691
Train Epoch: 106 [51136/60000 (85%)]	Loss: 3.671829
Train Epoch: 106 [57536/60000 (96%)]	Loss: 5.498738

Test set: Average loss: 5.7427, Accuracy: 4167/10000 (42%)

Train Epoch: 107 [6336/60000 (11%)]	Loss: 5.160404
Train Epoch: 107 [12736/60000 (21%)]	Loss: 3.791462
Train Epoch: 107 [19136/60000 (32%)]	Loss: 4.856716
Train Epoch: 107 [25536/60000 (43%)]	Loss: 6.331057
Train Epoch: 107 [31936/60000 (53%)]	Loss: 6.396164
Train Epoch: 107 [38336/60000 (64%)]	Loss: 5.348933
Train Epoch: 107 [44736/60000 (75%)]	Loss: 3.920073
Train Epoch: 107 [51136/60000 (85%)]	Loss: 5.066169
Train Epoch: 107 [57536/60000 (96%)]	Loss: 4.991848

Test set: Average loss: 4.4955, Accuracy: 4658/10000 (47%)

Train Epoch: 108 [6336/60000 (11%)]	Loss: 4.752912
Train Epoch: 108 [12736/60000 (21%)]	Loss: 6.015951
Train Epoch: 108 [19136/60000 (32%)]	Loss: 6.822196
Train Epoch: 108 [25536/60000 (43%)]	Loss: 4.106351
Train Epoch: 108 [31936/60000 (53%)]	Loss: 4.440227
Train Epoch: 108 [38336/60000 (64%)]	Loss: 5.084496
Train Epoch: 108 [44736/60000 (75%)]	Loss: 5.890254
Train Epoch: 108 [51136/60000 (85%)]	Loss: 4.887524
Train Epoch: 108 [57536/60000 (96%)]	Loss: 3.927537

Test set: Average loss: 4.9403, Accuracy: 4128/10000 (41%)

Train Epoch: 109 [6336/60000 (11%)]	Loss: 4.327560
Train Epoch: 109 [12736/60000 (21%)]	Loss: 3.647129
Train Epoch: 109 [19136/60000 (32%)]	Loss: 4.368628
Train Epoch: 109 [25536/60000 (43%)]	Loss: 5.263767
Train Epoch: 109 [31936/60000 (53%)]	Loss: 4.167615
Train Epoch: 109 [38336/60000 (64%)]	Loss: 5.737195
Train Epoch: 109 [44736/60000 (75%)]	Loss: 5.310663
Train Epoch: 109 [51136/60000 (85%)]	Loss: 5.378450
Train Epoch: 109 [57536/60000 (96%)]	Loss: 3.946221

Test set: Average loss: 4.8815, Accuracy: 4374/10000 (44%)

Train Epoch: 110 [6336/60000 (11%)]	Loss: 5.470839
Train Epoch: 110 [12736/60000 (21%)]	Loss: 5.565288
Train Epoch: 110 [19136/60000 (32%)]	Loss: 4.236240
Train Epoch: 110 [25536/60000 (43%)]	Loss: 3.438112
Train Epoch: 110 [31936/60000 (53%)]	Loss: 4.520684
Train Epoch: 110 [38336/60000 (64%)]	Loss: 5.349297
Train Epoch: 110 [44736/60000 (75%)]	Loss: 3.739895
Train Epoch: 110 [51136/60000 (85%)]	Loss: 4.487973
Train Epoch: 110 [57536/60000 (96%)]	Loss: 4.559738

Test set: Average loss: 5.0013, Accuracy: 3966/10000 (40%)

Train Epoch: 111 [6336/60000 (11%)]	Loss: 4.195055
Train Epoch: 111 [12736/60000 (21%)]	Loss: 5.897051
Train Epoch: 111 [19136/60000 (32%)]	Loss: 4.071262
Train Epoch: 111 [25536/60000 (43%)]	Loss: 4.943816
Train Epoch: 111 [31936/60000 (53%)]	Loss: 4.781841
Train Epoch: 111 [38336/60000 (64%)]	Loss: 4.590419
Train Epoch: 111 [44736/60000 (75%)]	Loss: 4.422107
Train Epoch: 111 [51136/60000 (85%)]	Loss: 5.176579
Train Epoch: 111 [57536/60000 (96%)]	Loss: 5.710540

Test set: Average loss: 5.2048, Accuracy: 4321/10000 (43%)

Train Epoch: 112 [6336/60000 (11%)]	Loss: 5.152998
Train Epoch: 112 [12736/60000 (21%)]	Loss: 4.875907
Train Epoch: 112 [19136/60000 (32%)]	Loss: 3.645139
Train Epoch: 112 [25536/60000 (43%)]	Loss: 4.961043
Train Epoch: 112 [31936/60000 (53%)]	Loss: 4.419937
Train Epoch: 112 [38336/60000 (64%)]	Loss: 4.292808
Train Epoch: 112 [44736/60000 (75%)]	Loss: 5.796907
Train Epoch: 112 [51136/60000 (85%)]	Loss: 4.771010
Train Epoch: 112 [57536/60000 (96%)]	Loss: 3.838299

Test set: Average loss: 5.6725, Accuracy: 3426/10000 (34%)

Train Epoch: 113 [6336/60000 (11%)]	Loss: 7.397617
Train Epoch: 113 [12736/60000 (21%)]	Loss: 5.024305
Train Epoch: 113 [19136/60000 (32%)]	Loss: 5.558568
Train Epoch: 113 [25536/60000 (43%)]	Loss: 6.533051
Train Epoch: 113 [31936/60000 (53%)]	Loss: 4.874097
Train Epoch: 113 [38336/60000 (64%)]	Loss: 4.726620
Train Epoch: 113 [44736/60000 (75%)]	Loss: 4.626380
Train Epoch: 113 [51136/60000 (85%)]	Loss: 5.008714
Train Epoch: 113 [57536/60000 (96%)]	Loss: 3.764485

Test set: Average loss: 5.0388, Accuracy: 4428/10000 (44%)

Train Epoch: 114 [6336/60000 (11%)]	Loss: 3.066502
Train Epoch: 114 [12736/60000 (21%)]	Loss: 6.542347
Train Epoch: 114 [19136/60000 (32%)]	Loss: 2.728223
Train Epoch: 114 [25536/60000 (43%)]	Loss: 5.651489
Train Epoch: 114 [31936/60000 (53%)]	Loss: 5.748287
Train Epoch: 114 [38336/60000 (64%)]	Loss: 4.449427
Train Epoch: 114 [44736/60000 (75%)]	Loss: 3.988035
Train Epoch: 114 [51136/60000 (85%)]	Loss: 5.112372
Train Epoch: 114 [57536/60000 (96%)]	Loss: 4.521482

Test set: Average loss: 5.1893, Accuracy: 3987/10000 (40%)

Train Epoch: 115 [6336/60000 (11%)]	Loss: 5.630319
Train Epoch: 115 [12736/60000 (21%)]	Loss: 4.790273
Train Epoch: 115 [19136/60000 (32%)]	Loss: 6.383667
Train Epoch: 115 [25536/60000 (43%)]	Loss: 4.795330
Train Epoch: 115 [31936/60000 (53%)]	Loss: 5.094771
Train Epoch: 115 [38336/60000 (64%)]	Loss: 5.440225
Train Epoch: 115 [44736/60000 (75%)]	Loss: 5.120757
Train Epoch: 115 [51136/60000 (85%)]	Loss: 4.247976
Train Epoch: 115 [57536/60000 (96%)]	Loss: 4.878150

Test set: Average loss: 4.5860, Accuracy: 4719/10000 (47%)

Train Epoch: 116 [6336/60000 (11%)]	Loss: 5.385968
Train Epoch: 116 [12736/60000 (21%)]	Loss: 6.405425
Train Epoch: 116 [19136/60000 (32%)]	Loss: 4.929958
Train Epoch: 116 [25536/60000 (43%)]	Loss: 3.341800
Train Epoch: 116 [31936/60000 (53%)]	Loss: 3.795724
Train Epoch: 116 [38336/60000 (64%)]	Loss: 4.959813
Train Epoch: 116 [44736/60000 (75%)]	Loss: 5.786281
Train Epoch: 116 [51136/60000 (85%)]	Loss: 5.177827
Train Epoch: 116 [57536/60000 (96%)]	Loss: 2.461917

Test set: Average loss: 4.9052, Accuracy: 4426/10000 (44%)

Train Epoch: 117 [6336/60000 (11%)]	Loss: 4.311723
Train Epoch: 117 [12736/60000 (21%)]	Loss: 4.281028
Train Epoch: 117 [19136/60000 (32%)]	Loss: 6.319235
Train Epoch: 117 [25536/60000 (43%)]	Loss: 4.676746
Train Epoch: 117 [31936/60000 (53%)]	Loss: 3.678952
Train Epoch: 117 [38336/60000 (64%)]	Loss: 4.543539
Train Epoch: 117 [44736/60000 (75%)]	Loss: 4.780004
Train Epoch: 117 [51136/60000 (85%)]	Loss: 3.724903
Train Epoch: 117 [57536/60000 (96%)]	Loss: 5.209011

Test set: Average loss: 4.7320, Accuracy: 4562/10000 (46%)

Train Epoch: 118 [6336/60000 (11%)]	Loss: 4.346982
Train Epoch: 118 [12736/60000 (21%)]	Loss: 4.739654
Train Epoch: 118 [19136/60000 (32%)]	Loss: 5.128998
Train Epoch: 118 [25536/60000 (43%)]	Loss: 5.632565
Train Epoch: 118 [31936/60000 (53%)]	Loss: 5.355177
Train Epoch: 118 [38336/60000 (64%)]	Loss: 3.968883
Train Epoch: 118 [44736/60000 (75%)]	Loss: 5.572096
Train Epoch: 118 [51136/60000 (85%)]	Loss: 4.143447
Train Epoch: 118 [57536/60000 (96%)]	Loss: 4.304924

Test set: Average loss: 4.9513, Accuracy: 4154/10000 (42%)

Train Epoch: 119 [6336/60000 (11%)]	Loss: 4.357423
Train Epoch: 119 [12736/60000 (21%)]	Loss: 3.896212
Train Epoch: 119 [19136/60000 (32%)]	Loss: 4.557917
Train Epoch: 119 [25536/60000 (43%)]	Loss: 3.144405
Train Epoch: 119 [31936/60000 (53%)]	Loss: 4.761240
Train Epoch: 119 [38336/60000 (64%)]	Loss: 5.799908
Train Epoch: 119 [44736/60000 (75%)]	Loss: 4.671515
Train Epoch: 119 [51136/60000 (85%)]	Loss: 3.887335
Train Epoch: 119 [57536/60000 (96%)]	Loss: 4.726122

Test set: Average loss: 4.0773, Accuracy: 4687/10000 (47%)

Train Epoch: 120 [6336/60000 (11%)]	Loss: 3.803531
Train Epoch: 120 [12736/60000 (21%)]	Loss: 5.993433
Train Epoch: 120 [19136/60000 (32%)]	Loss: 7.069933
Train Epoch: 120 [25536/60000 (43%)]	Loss: 5.645903
Train Epoch: 120 [31936/60000 (53%)]	Loss: 3.390364
Train Epoch: 120 [38336/60000 (64%)]	Loss: 4.425363
Train Epoch: 120 [44736/60000 (75%)]	Loss: 5.697369
Train Epoch: 120 [51136/60000 (85%)]	Loss: 4.914250
Train Epoch: 120 [57536/60000 (96%)]	Loss: 4.575821

Test set: Average loss: 4.8220, Accuracy: 4279/10000 (43%)

Train Epoch: 121 [6336/60000 (11%)]	Loss: 4.927773
Train Epoch: 121 [12736/60000 (21%)]	Loss: 5.440987
Train Epoch: 121 [19136/60000 (32%)]	Loss: 5.196802
Train Epoch: 121 [25536/60000 (43%)]	Loss: 5.305875
Train Epoch: 121 [31936/60000 (53%)]	Loss: 4.789156
Train Epoch: 121 [38336/60000 (64%)]	Loss: 5.521510
Train Epoch: 121 [44736/60000 (75%)]	Loss: 5.406729
Train Epoch: 121 [51136/60000 (85%)]	Loss: 5.140772
Train Epoch: 121 [57536/60000 (96%)]	Loss: 5.041622

Test set: Average loss: 4.9152, Accuracy: 4549/10000 (45%)

Train Epoch: 122 [6336/60000 (11%)]	Loss: 4.966657
Train Epoch: 122 [12736/60000 (21%)]	Loss: 5.559636
Train Epoch: 122 [19136/60000 (32%)]	Loss: 5.398880
Train Epoch: 122 [25536/60000 (43%)]	Loss: 3.379181
Train Epoch: 122 [31936/60000 (53%)]	Loss: 3.175735
Train Epoch: 122 [38336/60000 (64%)]	Loss: 5.001010
Train Epoch: 122 [44736/60000 (75%)]	Loss: 4.297037
Train Epoch: 122 [51136/60000 (85%)]	Loss: 4.781381
Train Epoch: 122 [57536/60000 (96%)]	Loss: 5.079851

Test set: Average loss: 4.5353, Accuracy: 4450/10000 (44%)

Train Epoch: 123 [6336/60000 (11%)]	Loss: 6.369516
Train Epoch: 123 [12736/60000 (21%)]	Loss: 4.919721
Train Epoch: 123 [19136/60000 (32%)]	Loss: 5.573018
Train Epoch: 123 [25536/60000 (43%)]	Loss: 4.596157
Train Epoch: 123 [31936/60000 (53%)]	Loss: 4.851760
Train Epoch: 123 [38336/60000 (64%)]	Loss: 6.729931
Train Epoch: 123 [44736/60000 (75%)]	Loss: 5.508028
Train Epoch: 123 [51136/60000 (85%)]	Loss: 4.948738
Train Epoch: 123 [57536/60000 (96%)]	Loss: 4.209410

Test set: Average loss: 4.4515, Accuracy: 4454/10000 (45%)

Train Epoch: 124 [6336/60000 (11%)]	Loss: 3.837845
Train Epoch: 124 [12736/60000 (21%)]	Loss: 4.605478
Train Epoch: 124 [19136/60000 (32%)]	Loss: 3.856753
Train Epoch: 124 [25536/60000 (43%)]	Loss: 5.276340
Train Epoch: 124 [31936/60000 (53%)]	Loss: 3.334260
Train Epoch: 124 [38336/60000 (64%)]	Loss: 5.112633
Train Epoch: 124 [44736/60000 (75%)]	Loss: 5.822818
Train Epoch: 124 [51136/60000 (85%)]	Loss: 4.640854
Train Epoch: 124 [57536/60000 (96%)]	Loss: 3.949737

Test set: Average loss: 4.9129, Accuracy: 4142/10000 (41%)

Train Epoch: 125 [6336/60000 (11%)]	Loss: 3.291745
Train Epoch: 125 [12736/60000 (21%)]	Loss: 4.870841
Train Epoch: 125 [19136/60000 (32%)]	Loss: 3.333352
Train Epoch: 125 [25536/60000 (43%)]	Loss: 2.658170
Train Epoch: 125 [31936/60000 (53%)]	Loss: 2.715521
Train Epoch: 125 [38336/60000 (64%)]	Loss: 4.620821
Train Epoch: 125 [44736/60000 (75%)]	Loss: 4.763402
Train Epoch: 125 [51136/60000 (85%)]	Loss: 6.482777
Train Epoch: 125 [57536/60000 (96%)]	Loss: 5.548672

Test set: Average loss: 4.5059, Accuracy: 4702/10000 (47%)

Namespace(batch_size=64, bias=None, data='../data', device=1, epochs=125, hidden_size=500, load_weights=None, log_interval=100, lr=0.1, model='redfc2', momentum=0.9, no_cuda=False, r=5, save_model=None, save_results=True, seed=1, sparsity=0.1, use_relu=False, wd=0.0005)


Total time spent pruning/training: 13.92 minutes
Total number of parameters in model: 1991420
Number of parameters in pruned model: 1792278
