Namespace(batch_size=64, bias=None, data='../data', device=1, epochs=14, hidden_size=500, load_weights=None, log_interval=100, lr=0.1, model='redfc2', momentum=0.9, no_cuda=False, r=5, save_model=None, save_results=True, seed=1, sparsity=0.975, use_relu=True, wd=0.0005) 

Pruning a Two-Layer Fully Connected Redundant Network ...
Train Epoch: 1 [6336/60000 (11%)]	Loss: 2.275497
Train Epoch: 1 [12736/60000 (21%)]	Loss: 2.264668
Train Epoch: 1 [19136/60000 (32%)]	Loss: 2.248509
Train Epoch: 1 [25536/60000 (43%)]	Loss: 2.278043
Train Epoch: 1 [31936/60000 (53%)]	Loss: 2.261737
Train Epoch: 1 [38336/60000 (64%)]	Loss: 2.237067
Train Epoch: 1 [44736/60000 (75%)]	Loss: 2.227030
Train Epoch: 1 [51136/60000 (85%)]	Loss: 2.250111
Train Epoch: 1 [57536/60000 (96%)]	Loss: 2.256490

Test set: Average loss: 2.2380, Accuracy: 2144/10000 (21%)

Train Epoch: 2 [6336/60000 (11%)]	Loss: 2.232095
Train Epoch: 2 [12736/60000 (21%)]	Loss: 2.229059
Train Epoch: 2 [19136/60000 (32%)]	Loss: 2.244922
Train Epoch: 2 [25536/60000 (43%)]	Loss: 2.253378
Train Epoch: 2 [31936/60000 (53%)]	Loss: 2.242798
Train Epoch: 2 [38336/60000 (64%)]	Loss: 2.255633
Train Epoch: 2 [44736/60000 (75%)]	Loss: 2.226141
Train Epoch: 2 [51136/60000 (85%)]	Loss: 2.238969
Train Epoch: 2 [57536/60000 (96%)]	Loss: 2.248555

Test set: Average loss: 2.2358, Accuracy: 2144/10000 (21%)

Train Epoch: 3 [6336/60000 (11%)]	Loss: 2.195323
Train Epoch: 3 [12736/60000 (21%)]	Loss: 2.259902
Train Epoch: 3 [19136/60000 (32%)]	Loss: 2.242114
Train Epoch: 3 [25536/60000 (43%)]	Loss: 2.203512
Train Epoch: 3 [31936/60000 (53%)]	Loss: 2.237198
Train Epoch: 3 [38336/60000 (64%)]	Loss: 2.236899
Train Epoch: 3 [44736/60000 (75%)]	Loss: 2.251815
Train Epoch: 3 [51136/60000 (85%)]	Loss: 2.240327
Train Epoch: 3 [57536/60000 (96%)]	Loss: 2.223672

Test set: Average loss: 2.2293, Accuracy: 2803/10000 (28%)

Train Epoch: 4 [6336/60000 (11%)]	Loss: 2.246510
Train Epoch: 4 [12736/60000 (21%)]	Loss: 2.227275
Train Epoch: 4 [19136/60000 (32%)]	Loss: 2.235110
Train Epoch: 4 [25536/60000 (43%)]	Loss: 2.247762
Train Epoch: 4 [31936/60000 (53%)]	Loss: 2.194322
Train Epoch: 4 [38336/60000 (64%)]	Loss: 2.219282
Train Epoch: 4 [44736/60000 (75%)]	Loss: 2.219794
Train Epoch: 4 [51136/60000 (85%)]	Loss: 2.239936
Train Epoch: 4 [57536/60000 (96%)]	Loss: 2.275422

Test set: Average loss: 2.2187, Accuracy: 2742/10000 (27%)

Train Epoch: 5 [6336/60000 (11%)]	Loss: 2.219999
Train Epoch: 5 [12736/60000 (21%)]	Loss: 2.231930
Train Epoch: 5 [19136/60000 (32%)]	Loss: 2.181425
Train Epoch: 5 [25536/60000 (43%)]	Loss: 2.229406
Train Epoch: 5 [31936/60000 (53%)]	Loss: 2.211862
Train Epoch: 5 [38336/60000 (64%)]	Loss: 2.204646
Train Epoch: 5 [44736/60000 (75%)]	Loss: 2.246317
Train Epoch: 5 [51136/60000 (85%)]	Loss: 2.214037
Train Epoch: 5 [57536/60000 (96%)]	Loss: 2.243119

Test set: Average loss: 2.2097, Accuracy: 2872/10000 (29%)

Train Epoch: 6 [6336/60000 (11%)]	Loss: 2.212244
Train Epoch: 6 [12736/60000 (21%)]	Loss: 2.207024
Train Epoch: 6 [19136/60000 (32%)]	Loss: 2.254554
Train Epoch: 6 [25536/60000 (43%)]	Loss: 2.189326
Train Epoch: 6 [31936/60000 (53%)]	Loss: 2.207498
Train Epoch: 6 [38336/60000 (64%)]	Loss: 2.228849
Train Epoch: 6 [44736/60000 (75%)]	Loss: 2.205778
Train Epoch: 6 [51136/60000 (85%)]	Loss: 2.200097
Train Epoch: 6 [57536/60000 (96%)]	Loss: 2.184779

Test set: Average loss: 2.2091, Accuracy: 2793/10000 (28%)

Train Epoch: 7 [6336/60000 (11%)]	Loss: 2.204798
Train Epoch: 7 [12736/60000 (21%)]	Loss: 2.212162
Train Epoch: 7 [19136/60000 (32%)]	Loss: 2.207346
Train Epoch: 7 [25536/60000 (43%)]	Loss: 2.222936
Train Epoch: 7 [31936/60000 (53%)]	Loss: 2.186434
Train Epoch: 7 [38336/60000 (64%)]	Loss: 2.214101
Train Epoch: 7 [44736/60000 (75%)]	Loss: 2.241068
Train Epoch: 7 [51136/60000 (85%)]	Loss: 2.225255
Train Epoch: 7 [57536/60000 (96%)]	Loss: 2.205326

Test set: Average loss: 2.2083, Accuracy: 2617/10000 (26%)

Train Epoch: 8 [6336/60000 (11%)]	Loss: 2.224945
Train Epoch: 8 [12736/60000 (21%)]	Loss: 2.212903
Train Epoch: 8 [19136/60000 (32%)]	Loss: 2.219701
Train Epoch: 8 [25536/60000 (43%)]	Loss: 2.218169
Train Epoch: 8 [31936/60000 (53%)]	Loss: 2.186375
Train Epoch: 8 [38336/60000 (64%)]	Loss: 2.219808
Train Epoch: 8 [44736/60000 (75%)]	Loss: 2.221035
Train Epoch: 8 [51136/60000 (85%)]	Loss: 2.220183
Train Epoch: 8 [57536/60000 (96%)]	Loss: 2.226724

Test set: Average loss: 2.2023, Accuracy: 2723/10000 (27%)

Train Epoch: 9 [6336/60000 (11%)]	Loss: 2.204680
Train Epoch: 9 [12736/60000 (21%)]	Loss: 2.189923
Train Epoch: 9 [19136/60000 (32%)]	Loss: 2.211037
Train Epoch: 9 [25536/60000 (43%)]	Loss: 2.207382
Train Epoch: 9 [31936/60000 (53%)]	Loss: 2.158756
Train Epoch: 9 [38336/60000 (64%)]	Loss: 2.214284
Train Epoch: 9 [44736/60000 (75%)]	Loss: 2.227427
Train Epoch: 9 [51136/60000 (85%)]	Loss: 2.233451
Train Epoch: 9 [57536/60000 (96%)]	Loss: 2.179938

Test set: Average loss: 2.2014, Accuracy: 2829/10000 (28%)

Train Epoch: 10 [6336/60000 (11%)]	Loss: 2.203115
Train Epoch: 10 [12736/60000 (21%)]	Loss: 2.180346
Train Epoch: 10 [19136/60000 (32%)]	Loss: 2.220836
Train Epoch: 10 [25536/60000 (43%)]	Loss: 2.228662
Train Epoch: 10 [31936/60000 (53%)]	Loss: 2.204394
Train Epoch: 10 [38336/60000 (64%)]	Loss: 2.228245
Train Epoch: 10 [44736/60000 (75%)]	Loss: 2.216103
Train Epoch: 10 [51136/60000 (85%)]	Loss: 2.200145
Train Epoch: 10 [57536/60000 (96%)]	Loss: 2.213454

Test set: Average loss: 2.2067, Accuracy: 2995/10000 (30%)

Train Epoch: 11 [6336/60000 (11%)]	Loss: 2.207472
Train Epoch: 11 [12736/60000 (21%)]	Loss: 2.188909
Train Epoch: 11 [19136/60000 (32%)]	Loss: 2.189682
Train Epoch: 11 [25536/60000 (43%)]	Loss: 2.213147
Train Epoch: 11 [31936/60000 (53%)]	Loss: 2.215158
Train Epoch: 11 [38336/60000 (64%)]	Loss: 2.165405
Train Epoch: 11 [44736/60000 (75%)]	Loss: 2.210057
Train Epoch: 11 [51136/60000 (85%)]	Loss: 2.187680
Train Epoch: 11 [57536/60000 (96%)]	Loss: 2.192985

Test set: Average loss: 2.1988, Accuracy: 2766/10000 (28%)

Train Epoch: 12 [6336/60000 (11%)]	Loss: 2.215562
Train Epoch: 12 [12736/60000 (21%)]	Loss: 2.215879
Train Epoch: 12 [19136/60000 (32%)]	Loss: 2.183851
Train Epoch: 12 [25536/60000 (43%)]	Loss: 2.170661
Train Epoch: 12 [31936/60000 (53%)]	Loss: 2.234690
Train Epoch: 12 [38336/60000 (64%)]	Loss: 2.205476
Train Epoch: 12 [44736/60000 (75%)]	Loss: 2.187269
Train Epoch: 12 [51136/60000 (85%)]	Loss: 2.229902
Train Epoch: 12 [57536/60000 (96%)]	Loss: 2.191271

Test set: Average loss: 2.1997, Accuracy: 2853/10000 (29%)

Train Epoch: 13 [6336/60000 (11%)]	Loss: 2.201100
Train Epoch: 13 [12736/60000 (21%)]	Loss: 2.205354
Train Epoch: 13 [19136/60000 (32%)]	Loss: 2.172259
Train Epoch: 13 [25536/60000 (43%)]	Loss: 2.228891
Train Epoch: 13 [31936/60000 (53%)]	Loss: 2.221985
Train Epoch: 13 [38336/60000 (64%)]	Loss: 2.213250
Train Epoch: 13 [44736/60000 (75%)]	Loss: 2.160826
Train Epoch: 13 [51136/60000 (85%)]	Loss: 2.188316
Train Epoch: 13 [57536/60000 (96%)]	Loss: 2.200428

Test set: Average loss: 2.2004, Accuracy: 2727/10000 (27%)

Train Epoch: 14 [6336/60000 (11%)]	Loss: 2.196324
Train Epoch: 14 [12736/60000 (21%)]	Loss: 2.215168
Train Epoch: 14 [19136/60000 (32%)]	Loss: 2.219634
Train Epoch: 14 [25536/60000 (43%)]	Loss: 2.180341
Train Epoch: 14 [31936/60000 (53%)]	Loss: 2.225779
Train Epoch: 14 [38336/60000 (64%)]	Loss: 2.239508
Train Epoch: 14 [44736/60000 (75%)]	Loss: 2.224085
Train Epoch: 14 [51136/60000 (85%)]	Loss: 2.209067
Train Epoch: 14 [57536/60000 (96%)]	Loss: 2.173012

Test set: Average loss: 2.1993, Accuracy: 2728/10000 (27%)

Namespace(batch_size=64, bias=None, data='../data', device=1, epochs=14, hidden_size=500, load_weights=None, log_interval=100, lr=0.1, model='redfc2', momentum=0.9, no_cuda=False, r=5, save_model=None, save_results=True, seed=1, sparsity=0.975, use_relu=True, wd=0.0005)


Total time spent pruning/training: 1.55 minutes
Total number of parameters in model: 1991420
Number of parameters in pruned model: 49785
