Namespace(batch_size=64, bias=None, data='../data', device=1, epochs=14, hidden_size=500, load_weights=None, log_interval=100, lr=0.1, model='redfc2', momentum=0.9, no_cuda=False, r=5, save_model=None, save_results=True, seed=1, sparsity=0.25, use_relu=True, wd=0.0005) 

Pruning a Two-Layer Fully Connected Redundant Network ...
Train Epoch: 1 [6336/60000 (11%)]	Loss: 0.439571
Train Epoch: 1 [12736/60000 (21%)]	Loss: 0.597966
Train Epoch: 1 [19136/60000 (32%)]	Loss: 0.555136
Train Epoch: 1 [25536/60000 (43%)]	Loss: 0.332761
Train Epoch: 1 [31936/60000 (53%)]	Loss: 0.393297
Train Epoch: 1 [38336/60000 (64%)]	Loss: 0.170032
Train Epoch: 1 [44736/60000 (75%)]	Loss: 0.181197
Train Epoch: 1 [51136/60000 (85%)]	Loss: 0.135713
Train Epoch: 1 [57536/60000 (96%)]	Loss: 0.164318

Test set: Average loss: 0.2116, Accuracy: 9353/10000 (94%)

Train Epoch: 2 [6336/60000 (11%)]	Loss: 0.154611
Train Epoch: 2 [12736/60000 (21%)]	Loss: 0.240411
Train Epoch: 2 [19136/60000 (32%)]	Loss: 0.093365
Train Epoch: 2 [25536/60000 (43%)]	Loss: 0.140117
Train Epoch: 2 [31936/60000 (53%)]	Loss: 0.165699
Train Epoch: 2 [38336/60000 (64%)]	Loss: 0.171122
Train Epoch: 2 [44736/60000 (75%)]	Loss: 0.254059
Train Epoch: 2 [51136/60000 (85%)]	Loss: 0.278276
Train Epoch: 2 [57536/60000 (96%)]	Loss: 0.279441

Test set: Average loss: 0.1930, Accuracy: 9427/10000 (94%)

Train Epoch: 3 [6336/60000 (11%)]	Loss: 0.150239
Train Epoch: 3 [12736/60000 (21%)]	Loss: 0.181335
Train Epoch: 3 [19136/60000 (32%)]	Loss: 0.208152
Train Epoch: 3 [25536/60000 (43%)]	Loss: 0.236446
Train Epoch: 3 [31936/60000 (53%)]	Loss: 0.259769
Train Epoch: 3 [38336/60000 (64%)]	Loss: 0.210362
Train Epoch: 3 [44736/60000 (75%)]	Loss: 0.225291
Train Epoch: 3 [51136/60000 (85%)]	Loss: 0.231711
Train Epoch: 3 [57536/60000 (96%)]	Loss: 0.407024

Test set: Average loss: 0.1759, Accuracy: 9454/10000 (95%)

Train Epoch: 4 [6336/60000 (11%)]	Loss: 0.125180
Train Epoch: 4 [12736/60000 (21%)]	Loss: 0.290193
Train Epoch: 4 [19136/60000 (32%)]	Loss: 0.180276
Train Epoch: 4 [25536/60000 (43%)]	Loss: 0.176459
Train Epoch: 4 [31936/60000 (53%)]	Loss: 0.380209
Train Epoch: 4 [38336/60000 (64%)]	Loss: 0.319709
Train Epoch: 4 [44736/60000 (75%)]	Loss: 0.252441
Train Epoch: 4 [51136/60000 (85%)]	Loss: 0.123320
Train Epoch: 4 [57536/60000 (96%)]	Loss: 0.176406

Test set: Average loss: 0.1884, Accuracy: 9447/10000 (94%)

Train Epoch: 5 [6336/60000 (11%)]	Loss: 0.229927
Train Epoch: 5 [12736/60000 (21%)]	Loss: 0.195851
Train Epoch: 5 [19136/60000 (32%)]	Loss: 0.182153
Train Epoch: 5 [25536/60000 (43%)]	Loss: 0.171258
Train Epoch: 5 [31936/60000 (53%)]	Loss: 0.123151
Train Epoch: 5 [38336/60000 (64%)]	Loss: 0.208443
Train Epoch: 5 [44736/60000 (75%)]	Loss: 0.089586
Train Epoch: 5 [51136/60000 (85%)]	Loss: 0.288772
Train Epoch: 5 [57536/60000 (96%)]	Loss: 0.139432

Test set: Average loss: 0.1929, Accuracy: 9451/10000 (95%)

Train Epoch: 6 [6336/60000 (11%)]	Loss: 0.154113
Train Epoch: 6 [12736/60000 (21%)]	Loss: 0.134622
Train Epoch: 6 [19136/60000 (32%)]	Loss: 0.198622
Train Epoch: 6 [25536/60000 (43%)]	Loss: 0.129444
Train Epoch: 6 [31936/60000 (53%)]	Loss: 0.137510
Train Epoch: 6 [38336/60000 (64%)]	Loss: 0.181198
Train Epoch: 6 [44736/60000 (75%)]	Loss: 0.154168
Train Epoch: 6 [51136/60000 (85%)]	Loss: 0.079965
Train Epoch: 6 [57536/60000 (96%)]	Loss: 0.250333

Test set: Average loss: 0.1861, Accuracy: 9418/10000 (94%)

Train Epoch: 7 [6336/60000 (11%)]	Loss: 0.139763
Train Epoch: 7 [12736/60000 (21%)]	Loss: 0.115215
Train Epoch: 7 [19136/60000 (32%)]	Loss: 0.164610
Train Epoch: 7 [25536/60000 (43%)]	Loss: 0.101382
Train Epoch: 7 [31936/60000 (53%)]	Loss: 0.161825
Train Epoch: 7 [38336/60000 (64%)]	Loss: 0.179369
Train Epoch: 7 [44736/60000 (75%)]	Loss: 0.355212
Train Epoch: 7 [51136/60000 (85%)]	Loss: 0.304177
Train Epoch: 7 [57536/60000 (96%)]	Loss: 0.183193

Test set: Average loss: 0.2328, Accuracy: 9286/10000 (93%)

Train Epoch: 8 [6336/60000 (11%)]	Loss: 0.333613
Train Epoch: 8 [12736/60000 (21%)]	Loss: 0.165502
Train Epoch: 8 [19136/60000 (32%)]	Loss: 0.128760
Train Epoch: 8 [25536/60000 (43%)]	Loss: 0.311393
Train Epoch: 8 [31936/60000 (53%)]	Loss: 0.207616
Train Epoch: 8 [38336/60000 (64%)]	Loss: 0.083020
Train Epoch: 8 [44736/60000 (75%)]	Loss: 0.449410
Train Epoch: 8 [51136/60000 (85%)]	Loss: 0.219399
Train Epoch: 8 [57536/60000 (96%)]	Loss: 0.158861

Test set: Average loss: 0.2009, Accuracy: 9386/10000 (94%)

Train Epoch: 9 [6336/60000 (11%)]	Loss: 0.109624
Train Epoch: 9 [12736/60000 (21%)]	Loss: 0.133966
Train Epoch: 9 [19136/60000 (32%)]	Loss: 0.157690
Train Epoch: 9 [25536/60000 (43%)]	Loss: 0.279279
Train Epoch: 9 [31936/60000 (53%)]	Loss: 0.206864
Train Epoch: 9 [38336/60000 (64%)]	Loss: 0.126688
Train Epoch: 9 [44736/60000 (75%)]	Loss: 0.141716
Train Epoch: 9 [51136/60000 (85%)]	Loss: 0.396449
Train Epoch: 9 [57536/60000 (96%)]	Loss: 0.103853

Test set: Average loss: 0.2074, Accuracy: 9321/10000 (93%)

Train Epoch: 10 [6336/60000 (11%)]	Loss: 0.150953
Train Epoch: 10 [12736/60000 (21%)]	Loss: 0.182632
Train Epoch: 10 [19136/60000 (32%)]	Loss: 0.151301
Train Epoch: 10 [25536/60000 (43%)]	Loss: 0.152231
Train Epoch: 10 [31936/60000 (53%)]	Loss: 0.134382
Train Epoch: 10 [38336/60000 (64%)]	Loss: 0.176272
Train Epoch: 10 [44736/60000 (75%)]	Loss: 0.192562
Train Epoch: 10 [51136/60000 (85%)]	Loss: 0.129661
Train Epoch: 10 [57536/60000 (96%)]	Loss: 0.110256

Test set: Average loss: 0.1712, Accuracy: 9452/10000 (95%)

Train Epoch: 11 [6336/60000 (11%)]	Loss: 0.171299
Train Epoch: 11 [12736/60000 (21%)]	Loss: 0.150473
Train Epoch: 11 [19136/60000 (32%)]	Loss: 0.053697
Train Epoch: 11 [25536/60000 (43%)]	Loss: 0.188538
Train Epoch: 11 [31936/60000 (53%)]	Loss: 0.187476
Train Epoch: 11 [38336/60000 (64%)]	Loss: 0.061634
Train Epoch: 11 [44736/60000 (75%)]	Loss: 0.204502
Train Epoch: 11 [51136/60000 (85%)]	Loss: 0.278250
Train Epoch: 11 [57536/60000 (96%)]	Loss: 0.204959

Test set: Average loss: 0.1463, Accuracy: 9546/10000 (95%)

Train Epoch: 12 [6336/60000 (11%)]	Loss: 0.082371
Train Epoch: 12 [12736/60000 (21%)]	Loss: 0.109791
Train Epoch: 12 [19136/60000 (32%)]	Loss: 0.111800
Train Epoch: 12 [25536/60000 (43%)]	Loss: 0.025815
Train Epoch: 12 [31936/60000 (53%)]	Loss: 0.077468
Train Epoch: 12 [38336/60000 (64%)]	Loss: 0.119817
Train Epoch: 12 [44736/60000 (75%)]	Loss: 0.200322
Train Epoch: 12 [51136/60000 (85%)]	Loss: 0.111200
Train Epoch: 12 [57536/60000 (96%)]	Loss: 0.045926

Test set: Average loss: 0.1276, Accuracy: 9632/10000 (96%)

Train Epoch: 13 [6336/60000 (11%)]	Loss: 0.067516
Train Epoch: 13 [12736/60000 (21%)]	Loss: 0.125352
Train Epoch: 13 [19136/60000 (32%)]	Loss: 0.195241
Train Epoch: 13 [25536/60000 (43%)]	Loss: 0.089737
Train Epoch: 13 [31936/60000 (53%)]	Loss: 0.172701
Train Epoch: 13 [38336/60000 (64%)]	Loss: 0.221650
Train Epoch: 13 [44736/60000 (75%)]	Loss: 0.022521
Train Epoch: 13 [51136/60000 (85%)]	Loss: 0.137338
Train Epoch: 13 [57536/60000 (96%)]	Loss: 0.054068

Test set: Average loss: 0.0992, Accuracy: 9694/10000 (97%)

Train Epoch: 14 [6336/60000 (11%)]	Loss: 0.029287
Train Epoch: 14 [12736/60000 (21%)]	Loss: 0.118760
Train Epoch: 14 [19136/60000 (32%)]	Loss: 0.021397
Train Epoch: 14 [25536/60000 (43%)]	Loss: 0.014122
Train Epoch: 14 [31936/60000 (53%)]	Loss: 0.044812
Train Epoch: 14 [38336/60000 (64%)]	Loss: 0.069933
Train Epoch: 14 [44736/60000 (75%)]	Loss: 0.052354
Train Epoch: 14 [51136/60000 (85%)]	Loss: 0.044777
Train Epoch: 14 [57536/60000 (96%)]	Loss: 0.058349

Test set: Average loss: 0.0894, Accuracy: 9745/10000 (97%)

Namespace(batch_size=64, bias=None, data='../data', device=1, epochs=14, hidden_size=500, load_weights=None, log_interval=100, lr=0.1, model='redfc2', momentum=0.9, no_cuda=False, r=5, save_model=None, save_results=True, seed=1, sparsity=0.25, use_relu=True, wd=0.0005)


Total time spent pruning/training: 1.54 minutes
Total number of parameters in model: 1991420
Number of parameters in pruned model: 1493565
