Namespace(batch_size=64, bias=None, data='../data', device=1, epochs=3, hidden_size=500, load_weights=None, log_interval=100, lr=0.1, model='redfc2', momentum=0.9, no_cuda=False, r=5, save_model=None, save_results=True, seed=1, sparsity=0.02, use_relu=True, wd=0.0005) 

Pruning a Two-Layer Fully Connected Redundant Network ...
Train Epoch: 1 [6336/60000 (11%)]	Loss: 0.776434
Train Epoch: 1 [12736/60000 (21%)]	Loss: 0.822870
Train Epoch: 1 [19136/60000 (32%)]	Loss: 0.917803
Train Epoch: 1 [25536/60000 (43%)]	Loss: 1.081477
Train Epoch: 1 [31936/60000 (53%)]	Loss: 1.142877
Train Epoch: 1 [38336/60000 (64%)]	Loss: 1.278734
Train Epoch: 1 [44736/60000 (75%)]	Loss: 1.052520
Train Epoch: 1 [51136/60000 (85%)]	Loss: 1.387055
Train Epoch: 1 [57536/60000 (96%)]	Loss: 1.192310

Test set: Average loss: 1.7530, Accuracy: 5650/10000 (56%)

Train Epoch: 2 [6336/60000 (11%)]	Loss: 1.237025
Train Epoch: 2 [12736/60000 (21%)]	Loss: 2.158362
Train Epoch: 2 [19136/60000 (32%)]	Loss: 2.467309
Train Epoch: 2 [25536/60000 (43%)]	Loss: 3.045789
Train Epoch: 2 [31936/60000 (53%)]	Loss: 2.312847
Train Epoch: 2 [38336/60000 (64%)]	Loss: 2.745708
Train Epoch: 2 [44736/60000 (75%)]	Loss: 2.241153
Train Epoch: 2 [51136/60000 (85%)]	Loss: 3.104536
Train Epoch: 2 [57536/60000 (96%)]	Loss: 2.452901

Test set: Average loss: 3.0460, Accuracy: 3185/10000 (32%)

Train Epoch: 3 [6336/60000 (11%)]	Loss: 3.114540
Train Epoch: 3 [12736/60000 (21%)]	Loss: 3.740725
Train Epoch: 3 [19136/60000 (32%)]	Loss: 3.655676
Train Epoch: 3 [25536/60000 (43%)]	Loss: 2.933017
Train Epoch: 3 [31936/60000 (53%)]	Loss: 3.953658
Train Epoch: 3 [38336/60000 (64%)]	Loss: 3.806001
Train Epoch: 3 [44736/60000 (75%)]	Loss: 3.699131
Train Epoch: 3 [51136/60000 (85%)]	Loss: 3.935501
Train Epoch: 3 [57536/60000 (96%)]	Loss: 3.421162

Test set: Average loss: 4.0016, Accuracy: 2461/10000 (25%)

Namespace(batch_size=64, bias=None, data='../data', device=1, epochs=3, hidden_size=500, load_weights=None, log_interval=100, lr=0.1, model='redfc2', momentum=0.9, no_cuda=False, r=5, save_model=None, save_results=True, seed=1, sparsity=0.02, use_relu=True, wd=0.0005)


Total time spent pruning/training: 0.39 minutes
Total number of parameters in model: 1991420
Number of parameters in pruned model: 1951591
