Namespace(batch_size=64, bias=None, data='../data', device=1, epochs=16, hidden_size=500, load_weights=None, log_interval=100, lr=0.1, model='redfc2', momentum=0.9, no_cuda=False, r=5, save_model=None, save_results=True, seed=1, sparsity=0.1, use_relu=False, wd=0.0005) 

Pruning a Two-Layer Fully Connected Redundant Network ...
Train Epoch: 1 [6336/60000 (11%)]	Loss: 0.714665
Train Epoch: 1 [12736/60000 (21%)]	Loss: 0.521458
Train Epoch: 1 [19136/60000 (32%)]	Loss: 0.961602
Train Epoch: 1 [25536/60000 (43%)]	Loss: 0.457438
Train Epoch: 1 [31936/60000 (53%)]	Loss: 0.356019
Train Epoch: 1 [38336/60000 (64%)]	Loss: 0.245949
Train Epoch: 1 [44736/60000 (75%)]	Loss: 0.198593
Train Epoch: 1 [51136/60000 (85%)]	Loss: 0.100592
Train Epoch: 1 [57536/60000 (96%)]	Loss: 0.192516

Test set: Average loss: 0.2620, Accuracy: 9226/10000 (92%)

Train Epoch: 2 [6336/60000 (11%)]	Loss: 0.124739
Train Epoch: 2 [12736/60000 (21%)]	Loss: 0.475773
Train Epoch: 2 [19136/60000 (32%)]	Loss: 0.166287
Train Epoch: 2 [25536/60000 (43%)]	Loss: 0.243989
Train Epoch: 2 [31936/60000 (53%)]	Loss: 0.130682
Train Epoch: 2 [38336/60000 (64%)]	Loss: 0.378627
Train Epoch: 2 [44736/60000 (75%)]	Loss: 0.235899
Train Epoch: 2 [51136/60000 (85%)]	Loss: 0.217724
Train Epoch: 2 [57536/60000 (96%)]	Loss: 0.412670

Test set: Average loss: 0.2594, Accuracy: 9220/10000 (92%)

Train Epoch: 3 [6336/60000 (11%)]	Loss: 0.144813
Train Epoch: 3 [12736/60000 (21%)]	Loss: 0.145264
Train Epoch: 3 [19136/60000 (32%)]	Loss: 0.263495
Train Epoch: 3 [25536/60000 (43%)]	Loss: 0.247419
Train Epoch: 3 [31936/60000 (53%)]	Loss: 0.367279
Train Epoch: 3 [38336/60000 (64%)]	Loss: 0.292863
Train Epoch: 3 [44736/60000 (75%)]	Loss: 0.297750
Train Epoch: 3 [51136/60000 (85%)]	Loss: 0.518448
Train Epoch: 3 [57536/60000 (96%)]	Loss: 0.407792

Test set: Average loss: 0.3301, Accuracy: 9035/10000 (90%)

Train Epoch: 4 [6336/60000 (11%)]	Loss: 0.207533
Train Epoch: 4 [12736/60000 (21%)]	Loss: 0.534701
Train Epoch: 4 [19136/60000 (32%)]	Loss: 0.276409
Train Epoch: 4 [25536/60000 (43%)]	Loss: 0.154992
Train Epoch: 4 [31936/60000 (53%)]	Loss: 0.367063
Train Epoch: 4 [38336/60000 (64%)]	Loss: 0.597072
Train Epoch: 4 [44736/60000 (75%)]	Loss: 0.347178
Train Epoch: 4 [51136/60000 (85%)]	Loss: 0.243437
Train Epoch: 4 [57536/60000 (96%)]	Loss: 0.588434

Test set: Average loss: 0.3523, Accuracy: 8978/10000 (90%)

Train Epoch: 5 [6336/60000 (11%)]	Loss: 0.362585
Train Epoch: 5 [12736/60000 (21%)]	Loss: 0.404826
Train Epoch: 5 [19136/60000 (32%)]	Loss: 0.421584
Train Epoch: 5 [25536/60000 (43%)]	Loss: 0.284558
Train Epoch: 5 [31936/60000 (53%)]	Loss: 0.427521
Train Epoch: 5 [38336/60000 (64%)]	Loss: 0.469497
Train Epoch: 5 [44736/60000 (75%)]	Loss: 0.515704
Train Epoch: 5 [51136/60000 (85%)]	Loss: 0.664909
Train Epoch: 5 [57536/60000 (96%)]	Loss: 0.379991

Test set: Average loss: 0.5622, Accuracy: 8258/10000 (83%)

Train Epoch: 6 [6336/60000 (11%)]	Loss: 0.500094
Train Epoch: 6 [12736/60000 (21%)]	Loss: 0.408463
Train Epoch: 6 [19136/60000 (32%)]	Loss: 0.391713
Train Epoch: 6 [25536/60000 (43%)]	Loss: 0.218515
Train Epoch: 6 [31936/60000 (53%)]	Loss: 0.248093
Train Epoch: 6 [38336/60000 (64%)]	Loss: 0.468876
Train Epoch: 6 [44736/60000 (75%)]	Loss: 0.304407
Train Epoch: 6 [51136/60000 (85%)]	Loss: 0.602828
Train Epoch: 6 [57536/60000 (96%)]	Loss: 0.587386

Test set: Average loss: 0.5692, Accuracy: 8378/10000 (84%)

Train Epoch: 7 [6336/60000 (11%)]	Loss: 0.506360
Train Epoch: 7 [12736/60000 (21%)]	Loss: 0.708822
Train Epoch: 7 [19136/60000 (32%)]	Loss: 0.727824
Train Epoch: 7 [25536/60000 (43%)]	Loss: 0.451532
Train Epoch: 7 [31936/60000 (53%)]	Loss: 0.599658
Train Epoch: 7 [38336/60000 (64%)]	Loss: 0.906069
Train Epoch: 7 [44736/60000 (75%)]	Loss: 1.242704
Train Epoch: 7 [51136/60000 (85%)]	Loss: 0.990121
Train Epoch: 7 [57536/60000 (96%)]	Loss: 0.858090

Test set: Average loss: 1.4487, Accuracy: 6835/10000 (68%)

Train Epoch: 8 [6336/60000 (11%)]	Loss: 1.392220
Train Epoch: 8 [12736/60000 (21%)]	Loss: 1.142157
Train Epoch: 8 [19136/60000 (32%)]	Loss: 1.759844
Train Epoch: 8 [25536/60000 (43%)]	Loss: 1.125727
Train Epoch: 8 [31936/60000 (53%)]	Loss: 1.207762
Train Epoch: 8 [38336/60000 (64%)]	Loss: 1.114776
Train Epoch: 8 [44736/60000 (75%)]	Loss: 1.975097
Train Epoch: 8 [51136/60000 (85%)]	Loss: 1.317805
Train Epoch: 8 [57536/60000 (96%)]	Loss: 1.684527

Test set: Average loss: 2.1605, Accuracy: 6775/10000 (68%)

Train Epoch: 9 [6336/60000 (11%)]	Loss: 0.895409
Train Epoch: 9 [12736/60000 (21%)]	Loss: 1.363485
Train Epoch: 9 [19136/60000 (32%)]	Loss: 1.415499
Train Epoch: 9 [25536/60000 (43%)]	Loss: 1.709540
Train Epoch: 9 [31936/60000 (53%)]	Loss: 1.446793
Train Epoch: 9 [38336/60000 (64%)]	Loss: 1.020479
Train Epoch: 9 [44736/60000 (75%)]	Loss: 1.354752
Train Epoch: 9 [51136/60000 (85%)]	Loss: 3.314214
Train Epoch: 9 [57536/60000 (96%)]	Loss: 2.133922

Test set: Average loss: 1.8540, Accuracy: 6805/10000 (68%)

Train Epoch: 10 [6336/60000 (11%)]	Loss: 2.209366
Train Epoch: 10 [12736/60000 (21%)]	Loss: 3.134879
Train Epoch: 10 [19136/60000 (32%)]	Loss: 2.225401
Train Epoch: 10 [25536/60000 (43%)]	Loss: 2.128013
Train Epoch: 10 [31936/60000 (53%)]	Loss: 2.672488
Train Epoch: 10 [38336/60000 (64%)]	Loss: 2.091842
Train Epoch: 10 [44736/60000 (75%)]	Loss: 2.578647
Train Epoch: 10 [51136/60000 (85%)]	Loss: 1.648380
Train Epoch: 10 [57536/60000 (96%)]	Loss: 1.847159

Test set: Average loss: 1.5357, Accuracy: 7223/10000 (72%)

Train Epoch: 11 [6336/60000 (11%)]	Loss: 1.790582
Train Epoch: 11 [12736/60000 (21%)]	Loss: 2.772303
Train Epoch: 11 [19136/60000 (32%)]	Loss: 1.382054
Train Epoch: 11 [25536/60000 (43%)]	Loss: 2.431962
Train Epoch: 11 [31936/60000 (53%)]	Loss: 3.012760
Train Epoch: 11 [38336/60000 (64%)]	Loss: 1.768014
Train Epoch: 11 [44736/60000 (75%)]	Loss: 3.481230
Train Epoch: 11 [51136/60000 (85%)]	Loss: 2.141255
Train Epoch: 11 [57536/60000 (96%)]	Loss: 2.911229

Test set: Average loss: 3.3794, Accuracy: 5986/10000 (60%)

Train Epoch: 12 [6336/60000 (11%)]	Loss: 2.210223
Train Epoch: 12 [12736/60000 (21%)]	Loss: 2.144349
Train Epoch: 12 [19136/60000 (32%)]	Loss: 2.753093
Train Epoch: 12 [25536/60000 (43%)]	Loss: 1.698295
Train Epoch: 12 [31936/60000 (53%)]	Loss: 1.511381
Train Epoch: 12 [38336/60000 (64%)]	Loss: 2.352314
Train Epoch: 12 [44736/60000 (75%)]	Loss: 2.226550
Train Epoch: 12 [51136/60000 (85%)]	Loss: 1.633117
Train Epoch: 12 [57536/60000 (96%)]	Loss: 1.248857

Test set: Average loss: 2.6116, Accuracy: 5995/10000 (60%)

Train Epoch: 13 [6336/60000 (11%)]	Loss: 1.601686
Train Epoch: 13 [12736/60000 (21%)]	Loss: 3.152542
Train Epoch: 13 [19136/60000 (32%)]	Loss: 2.695000
Train Epoch: 13 [25536/60000 (43%)]	Loss: 2.519838
Train Epoch: 13 [31936/60000 (53%)]	Loss: 2.170244
Train Epoch: 13 [38336/60000 (64%)]	Loss: 2.631024
Train Epoch: 13 [44736/60000 (75%)]	Loss: 1.254688
Train Epoch: 13 [51136/60000 (85%)]	Loss: 2.013911
Train Epoch: 13 [57536/60000 (96%)]	Loss: 1.920739

Test set: Average loss: 2.9966, Accuracy: 5638/10000 (56%)

Train Epoch: 14 [6336/60000 (11%)]	Loss: 0.791127
Train Epoch: 14 [12736/60000 (21%)]	Loss: 2.505954
Train Epoch: 14 [19136/60000 (32%)]	Loss: 1.675815
Train Epoch: 14 [25536/60000 (43%)]	Loss: 1.184882
Train Epoch: 14 [31936/60000 (53%)]	Loss: 2.131118
Train Epoch: 14 [38336/60000 (64%)]	Loss: 3.295654
Train Epoch: 14 [44736/60000 (75%)]	Loss: 2.617216
Train Epoch: 14 [51136/60000 (85%)]	Loss: 1.769023
Train Epoch: 14 [57536/60000 (96%)]	Loss: 3.209510

Test set: Average loss: 1.9771, Accuracy: 7003/10000 (70%)

Train Epoch: 15 [6336/60000 (11%)]	Loss: 1.181364
Train Epoch: 15 [12736/60000 (21%)]	Loss: 0.961248
Train Epoch: 15 [19136/60000 (32%)]	Loss: 3.506440
Train Epoch: 15 [25536/60000 (43%)]	Loss: 2.111869
Train Epoch: 15 [31936/60000 (53%)]	Loss: 1.051503
Train Epoch: 15 [38336/60000 (64%)]	Loss: 3.108087
Train Epoch: 15 [44736/60000 (75%)]	Loss: 1.861523
Train Epoch: 15 [51136/60000 (85%)]	Loss: 4.188256
Train Epoch: 15 [57536/60000 (96%)]	Loss: 1.958876

Test set: Average loss: 2.0788, Accuracy: 7015/10000 (70%)

Train Epoch: 16 [6336/60000 (11%)]	Loss: 1.436651
Train Epoch: 16 [12736/60000 (21%)]	Loss: 0.701488
Train Epoch: 16 [19136/60000 (32%)]	Loss: 0.780484
Train Epoch: 16 [25536/60000 (43%)]	Loss: 2.188050
Train Epoch: 16 [31936/60000 (53%)]	Loss: 1.284561
Train Epoch: 16 [38336/60000 (64%)]	Loss: 2.776016
Train Epoch: 16 [44736/60000 (75%)]	Loss: 1.260927
Train Epoch: 16 [51136/60000 (85%)]	Loss: 1.587643
Train Epoch: 16 [57536/60000 (96%)]	Loss: 2.233647

Test set: Average loss: 2.1739, Accuracy: 6806/10000 (68%)

Namespace(batch_size=64, bias=None, data='../data', device=1, epochs=16, hidden_size=500, load_weights=None, log_interval=100, lr=0.1, model='redfc2', momentum=0.9, no_cuda=False, r=5, save_model=None, save_results=True, seed=1, sparsity=0.1, use_relu=False, wd=0.0005)


Total time spent pruning/training: 1.70 minutes
Total number of parameters in model: 1991420
Number of parameters in pruned model: 1792278
