Namespace(batch_size=64, bias=None, data='../data', device=1, epochs=5, hidden_size=500, load_weights=None, log_interval=100, lr=0.1, model='redfc2', momentum=0.9, no_cuda=False, r=5, save_model=None, save_results=True, seed=1, sparsity=0.975, use_relu=True, wd=0.0005) 

Pruning a Two-Layer Fully Connected Redundant Network ...
Train Epoch: 1 [6336/60000 (11%)]	Loss: 2.275497
Train Epoch: 1 [12736/60000 (21%)]	Loss: 2.264668
Train Epoch: 1 [19136/60000 (32%)]	Loss: 2.248509
Train Epoch: 1 [25536/60000 (43%)]	Loss: 2.278043
Train Epoch: 1 [31936/60000 (53%)]	Loss: 2.261737
Train Epoch: 1 [38336/60000 (64%)]	Loss: 2.237067
Train Epoch: 1 [44736/60000 (75%)]	Loss: 2.227030
Train Epoch: 1 [51136/60000 (85%)]	Loss: 2.250111
Train Epoch: 1 [57536/60000 (96%)]	Loss: 2.256490

Test set: Average loss: 2.2380, Accuracy: 2144/10000 (21%)

Train Epoch: 2 [6336/60000 (11%)]	Loss: 2.236830
Train Epoch: 2 [12736/60000 (21%)]	Loss: 2.228724
Train Epoch: 2 [19136/60000 (32%)]	Loss: 2.243417
Train Epoch: 2 [25536/60000 (43%)]	Loss: 2.257079
Train Epoch: 2 [31936/60000 (53%)]	Loss: 2.242489
Train Epoch: 2 [38336/60000 (64%)]	Loss: 2.255684
Train Epoch: 2 [44736/60000 (75%)]	Loss: 2.226325
Train Epoch: 2 [51136/60000 (85%)]	Loss: 2.238503
Train Epoch: 2 [57536/60000 (96%)]	Loss: 2.248555

Test set: Average loss: 2.2368, Accuracy: 2311/10000 (23%)

Train Epoch: 3 [6336/60000 (11%)]	Loss: 2.195897
Train Epoch: 3 [12736/60000 (21%)]	Loss: 2.257684
Train Epoch: 3 [19136/60000 (32%)]	Loss: 2.239583
Train Epoch: 3 [25536/60000 (43%)]	Loss: 2.202456
Train Epoch: 3 [31936/60000 (53%)]	Loss: 2.236941
Train Epoch: 3 [38336/60000 (64%)]	Loss: 2.237163
Train Epoch: 3 [44736/60000 (75%)]	Loss: 2.254137
Train Epoch: 3 [51136/60000 (85%)]	Loss: 2.246379
Train Epoch: 3 [57536/60000 (96%)]	Loss: 2.235514

Test set: Average loss: 2.2354, Accuracy: 2172/10000 (22%)

Train Epoch: 4 [6336/60000 (11%)]	Loss: 2.244527
Train Epoch: 4 [12736/60000 (21%)]	Loss: 2.235984
Train Epoch: 4 [19136/60000 (32%)]	Loss: 2.237127
Train Epoch: 4 [25536/60000 (43%)]	Loss: 2.245409
Train Epoch: 4 [31936/60000 (53%)]	Loss: 2.209363
Train Epoch: 4 [38336/60000 (64%)]	Loss: 2.232617
Train Epoch: 4 [44736/60000 (75%)]	Loss: 2.223036
Train Epoch: 4 [51136/60000 (85%)]	Loss: 2.250745
Train Epoch: 4 [57536/60000 (96%)]	Loss: 2.274686

Test set: Average loss: 2.2298, Accuracy: 2831/10000 (28%)

Train Epoch: 5 [6336/60000 (11%)]	Loss: 2.230420
Train Epoch: 5 [12736/60000 (21%)]	Loss: 2.243284
Train Epoch: 5 [19136/60000 (32%)]	Loss: 2.195238
Train Epoch: 5 [25536/60000 (43%)]	Loss: 2.255396
Train Epoch: 5 [31936/60000 (53%)]	Loss: 2.233477
Train Epoch: 5 [38336/60000 (64%)]	Loss: 2.217859
Train Epoch: 5 [44736/60000 (75%)]	Loss: 2.257689
Train Epoch: 5 [51136/60000 (85%)]	Loss: 2.240245
Train Epoch: 5 [57536/60000 (96%)]	Loss: 2.256360

Test set: Average loss: 2.2297, Accuracy: 2810/10000 (28%)

Namespace(batch_size=64, bias=None, data='../data', device=1, epochs=5, hidden_size=500, load_weights=None, log_interval=100, lr=0.1, model='redfc2', momentum=0.9, no_cuda=False, r=5, save_model=None, save_results=True, seed=1, sparsity=0.975, use_relu=True, wd=0.0005)


Total time spent pruning/training: 0.55 minutes
Total number of parameters in model: 1991420
Number of parameters in pruned model: 49785
