Namespace(batch_size=64, bias=None, data='../data', device=1, epochs=11, hidden_size=500, load_weights=None, log_interval=100, lr=0.1, model='redfc2', momentum=0.9, no_cuda=False, r=5, save_model=None, save_results=True, seed=1, sparsity=0.1, use_relu=False, wd=0.0005) 

Pruning a Two-Layer Fully Connected Redundant Network ...
Train Epoch: 1 [6336/60000 (11%)]	Loss: 0.714665
Train Epoch: 1 [12736/60000 (21%)]	Loss: 0.521458
Train Epoch: 1 [19136/60000 (32%)]	Loss: 0.961602
Train Epoch: 1 [25536/60000 (43%)]	Loss: 0.457438
Train Epoch: 1 [31936/60000 (53%)]	Loss: 0.356019
Train Epoch: 1 [38336/60000 (64%)]	Loss: 0.245949
Train Epoch: 1 [44736/60000 (75%)]	Loss: 0.198593
Train Epoch: 1 [51136/60000 (85%)]	Loss: 0.100592
Train Epoch: 1 [57536/60000 (96%)]	Loss: 0.192516

Test set: Average loss: 0.2620, Accuracy: 9226/10000 (92%)

Train Epoch: 2 [6336/60000 (11%)]	Loss: 0.261876
Train Epoch: 2 [12736/60000 (21%)]	Loss: 0.489838
Train Epoch: 2 [19136/60000 (32%)]	Loss: 0.162290
Train Epoch: 2 [25536/60000 (43%)]	Loss: 0.205602
Train Epoch: 2 [31936/60000 (53%)]	Loss: 0.143466
Train Epoch: 2 [38336/60000 (64%)]	Loss: 0.344799
Train Epoch: 2 [44736/60000 (75%)]	Loss: 0.259075
Train Epoch: 2 [51136/60000 (85%)]	Loss: 0.362835
Train Epoch: 2 [57536/60000 (96%)]	Loss: 0.376397

Test set: Average loss: 0.2624, Accuracy: 9208/10000 (92%)

Train Epoch: 3 [6336/60000 (11%)]	Loss: 0.293960
Train Epoch: 3 [12736/60000 (21%)]	Loss: 0.386672
Train Epoch: 3 [19136/60000 (32%)]	Loss: 0.278693
Train Epoch: 3 [25536/60000 (43%)]	Loss: 0.491396
Train Epoch: 3 [31936/60000 (53%)]	Loss: 0.439984
Train Epoch: 3 [38336/60000 (64%)]	Loss: 0.228067
Train Epoch: 3 [44736/60000 (75%)]	Loss: 0.531381
Train Epoch: 3 [51136/60000 (85%)]	Loss: 0.534158
Train Epoch: 3 [57536/60000 (96%)]	Loss: 0.663954

Test set: Average loss: 0.3411, Accuracy: 9039/10000 (90%)

Train Epoch: 4 [6336/60000 (11%)]	Loss: 0.282916
Train Epoch: 4 [12736/60000 (21%)]	Loss: 0.518598
Train Epoch: 4 [19136/60000 (32%)]	Loss: 0.085591
Train Epoch: 4 [25536/60000 (43%)]	Loss: 0.319035
Train Epoch: 4 [31936/60000 (53%)]	Loss: 0.265508
Train Epoch: 4 [38336/60000 (64%)]	Loss: 0.496869
Train Epoch: 4 [44736/60000 (75%)]	Loss: 0.539590
Train Epoch: 4 [51136/60000 (85%)]	Loss: 0.320157
Train Epoch: 4 [57536/60000 (96%)]	Loss: 0.386263

Test set: Average loss: 0.4503, Accuracy: 8594/10000 (86%)

Train Epoch: 5 [6336/60000 (11%)]	Loss: 0.432756
Train Epoch: 5 [12736/60000 (21%)]	Loss: 0.263412
Train Epoch: 5 [19136/60000 (32%)]	Loss: 0.418473
Train Epoch: 5 [25536/60000 (43%)]	Loss: 0.430775
Train Epoch: 5 [31936/60000 (53%)]	Loss: 0.354968
Train Epoch: 5 [38336/60000 (64%)]	Loss: 0.390550
Train Epoch: 5 [44736/60000 (75%)]	Loss: 0.280534
Train Epoch: 5 [51136/60000 (85%)]	Loss: 0.512228
Train Epoch: 5 [57536/60000 (96%)]	Loss: 0.260114

Test set: Average loss: 0.3590, Accuracy: 8941/10000 (89%)

Train Epoch: 6 [6336/60000 (11%)]	Loss: 0.255506
Train Epoch: 6 [12736/60000 (21%)]	Loss: 0.418232
Train Epoch: 6 [19136/60000 (32%)]	Loss: 0.471069
Train Epoch: 6 [25536/60000 (43%)]	Loss: 0.205610
Train Epoch: 6 [31936/60000 (53%)]	Loss: 0.273987
Train Epoch: 6 [38336/60000 (64%)]	Loss: 0.352673
Train Epoch: 6 [44736/60000 (75%)]	Loss: 0.347413
Train Epoch: 6 [51136/60000 (85%)]	Loss: 0.345013
Train Epoch: 6 [57536/60000 (96%)]	Loss: 0.648398

Test set: Average loss: 0.4775, Accuracy: 8662/10000 (87%)

Train Epoch: 7 [6336/60000 (11%)]	Loss: 0.331986
Train Epoch: 7 [12736/60000 (21%)]	Loss: 0.324281
Train Epoch: 7 [19136/60000 (32%)]	Loss: 0.388085
Train Epoch: 7 [25536/60000 (43%)]	Loss: 0.289379
Train Epoch: 7 [31936/60000 (53%)]	Loss: 0.459598
Train Epoch: 7 [38336/60000 (64%)]	Loss: 0.278386
Train Epoch: 7 [44736/60000 (75%)]	Loss: 0.516971
Train Epoch: 7 [51136/60000 (85%)]	Loss: 0.598569
Train Epoch: 7 [57536/60000 (96%)]	Loss: 0.268678

Test set: Average loss: 0.5394, Accuracy: 8419/10000 (84%)

Train Epoch: 8 [6336/60000 (11%)]	Loss: 0.613620
Train Epoch: 8 [12736/60000 (21%)]	Loss: 0.280110
Train Epoch: 8 [19136/60000 (32%)]	Loss: 0.590131
Train Epoch: 8 [25536/60000 (43%)]	Loss: 0.721486
Train Epoch: 8 [31936/60000 (53%)]	Loss: 0.240497
Train Epoch: 8 [38336/60000 (64%)]	Loss: 0.265554
Train Epoch: 8 [44736/60000 (75%)]	Loss: 0.786140
Train Epoch: 8 [51136/60000 (85%)]	Loss: 0.466581
Train Epoch: 8 [57536/60000 (96%)]	Loss: 0.645677

Test set: Average loss: 0.5043, Accuracy: 8510/10000 (85%)

Train Epoch: 9 [6336/60000 (11%)]	Loss: 0.380045
Train Epoch: 9 [12736/60000 (21%)]	Loss: 0.369356
Train Epoch: 9 [19136/60000 (32%)]	Loss: 0.214437
Train Epoch: 9 [25536/60000 (43%)]	Loss: 0.538419
Train Epoch: 9 [31936/60000 (53%)]	Loss: 0.590738
Train Epoch: 9 [38336/60000 (64%)]	Loss: 0.347361
Train Epoch: 9 [44736/60000 (75%)]	Loss: 0.418033
Train Epoch: 9 [51136/60000 (85%)]	Loss: 0.897350
Train Epoch: 9 [57536/60000 (96%)]	Loss: 0.436165

Test set: Average loss: 0.4287, Accuracy: 8775/10000 (88%)

Train Epoch: 10 [6336/60000 (11%)]	Loss: 0.422203
Train Epoch: 10 [12736/60000 (21%)]	Loss: 0.508442
Train Epoch: 10 [19136/60000 (32%)]	Loss: 0.301931
Train Epoch: 10 [25536/60000 (43%)]	Loss: 0.249623
Train Epoch: 10 [31936/60000 (53%)]	Loss: 0.356584
Train Epoch: 10 [38336/60000 (64%)]	Loss: 0.370773
Train Epoch: 10 [44736/60000 (75%)]	Loss: 0.345956
Train Epoch: 10 [51136/60000 (85%)]	Loss: 0.231828
Train Epoch: 10 [57536/60000 (96%)]	Loss: 0.603553

Test set: Average loss: 0.3944, Accuracy: 8828/10000 (88%)

Train Epoch: 11 [6336/60000 (11%)]	Loss: 0.166183
Train Epoch: 11 [12736/60000 (21%)]	Loss: 0.139987
Train Epoch: 11 [19136/60000 (32%)]	Loss: 0.152921
Train Epoch: 11 [25536/60000 (43%)]	Loss: 0.330260
Train Epoch: 11 [31936/60000 (53%)]	Loss: 0.323687
Train Epoch: 11 [38336/60000 (64%)]	Loss: 0.125009
Train Epoch: 11 [44736/60000 (75%)]	Loss: 0.198978
Train Epoch: 11 [51136/60000 (85%)]	Loss: 0.382879
Train Epoch: 11 [57536/60000 (96%)]	Loss: 0.190645

Test set: Average loss: 0.2279, Accuracy: 9306/10000 (93%)

Namespace(batch_size=64, bias=None, data='../data', device=1, epochs=11, hidden_size=500, load_weights=None, log_interval=100, lr=0.1, model='redfc2', momentum=0.9, no_cuda=False, r=5, save_model=None, save_results=True, seed=1, sparsity=0.1, use_relu=False, wd=0.0005)


Total time spent pruning/training: 1.21 minutes
Total number of parameters in model: 1991420
Number of parameters in pruned model: 1792278
