Namespace(batch_size=64, bias=None, data='../data', device=1, epochs=11, hidden_size=500, load_weights=None, log_interval=100, lr=0.1, model='redfc2', momentum=0.9, no_cuda=False, r=5, save_model=None, save_results=True, seed=1, sparsity=0.1, use_relu=True, wd=0.0005) 

Pruning a Two-Layer Fully Connected Redundant Network ...
Train Epoch: 1 [6336/60000 (11%)]	Loss: 0.466836
Train Epoch: 1 [12736/60000 (21%)]	Loss: 0.572155
Train Epoch: 1 [19136/60000 (32%)]	Loss: 0.525000
Train Epoch: 1 [25536/60000 (43%)]	Loss: 0.386608
Train Epoch: 1 [31936/60000 (53%)]	Loss: 0.340176
Train Epoch: 1 [38336/60000 (64%)]	Loss: 0.254994
Train Epoch: 1 [44736/60000 (75%)]	Loss: 0.222446
Train Epoch: 1 [51136/60000 (85%)]	Loss: 0.171231
Train Epoch: 1 [57536/60000 (96%)]	Loss: 0.297344

Test set: Average loss: 0.2921, Accuracy: 9085/10000 (91%)

Train Epoch: 2 [6336/60000 (11%)]	Loss: 0.194079
Train Epoch: 2 [12736/60000 (21%)]	Loss: 0.312529
Train Epoch: 2 [19136/60000 (32%)]	Loss: 0.094689
Train Epoch: 2 [25536/60000 (43%)]	Loss: 0.179265
Train Epoch: 2 [31936/60000 (53%)]	Loss: 0.160781
Train Epoch: 2 [38336/60000 (64%)]	Loss: 0.293146
Train Epoch: 2 [44736/60000 (75%)]	Loss: 0.271971
Train Epoch: 2 [51136/60000 (85%)]	Loss: 0.267733
Train Epoch: 2 [57536/60000 (96%)]	Loss: 0.360359

Test set: Average loss: 0.2331, Accuracy: 9267/10000 (93%)

Train Epoch: 3 [6336/60000 (11%)]	Loss: 0.111554
Train Epoch: 3 [12736/60000 (21%)]	Loss: 0.164319
Train Epoch: 3 [19136/60000 (32%)]	Loss: 0.325862
Train Epoch: 3 [25536/60000 (43%)]	Loss: 0.299009
Train Epoch: 3 [31936/60000 (53%)]	Loss: 0.347478
Train Epoch: 3 [38336/60000 (64%)]	Loss: 0.245702
Train Epoch: 3 [44736/60000 (75%)]	Loss: 0.296531
Train Epoch: 3 [51136/60000 (85%)]	Loss: 0.304526
Train Epoch: 3 [57536/60000 (96%)]	Loss: 0.528341

Test set: Average loss: 0.2389, Accuracy: 9249/10000 (92%)

Train Epoch: 4 [6336/60000 (11%)]	Loss: 0.137919
Train Epoch: 4 [12736/60000 (21%)]	Loss: 0.425712
Train Epoch: 4 [19136/60000 (32%)]	Loss: 0.144663
Train Epoch: 4 [25536/60000 (43%)]	Loss: 0.325431
Train Epoch: 4 [31936/60000 (53%)]	Loss: 0.417772
Train Epoch: 4 [38336/60000 (64%)]	Loss: 0.406888
Train Epoch: 4 [44736/60000 (75%)]	Loss: 0.289501
Train Epoch: 4 [51136/60000 (85%)]	Loss: 0.221030
Train Epoch: 4 [57536/60000 (96%)]	Loss: 0.281639

Test set: Average loss: 0.2482, Accuracy: 9239/10000 (92%)

Train Epoch: 5 [6336/60000 (11%)]	Loss: 0.347728
Train Epoch: 5 [12736/60000 (21%)]	Loss: 0.265695
Train Epoch: 5 [19136/60000 (32%)]	Loss: 0.238250
Train Epoch: 5 [25536/60000 (43%)]	Loss: 0.205755
Train Epoch: 5 [31936/60000 (53%)]	Loss: 0.163304
Train Epoch: 5 [38336/60000 (64%)]	Loss: 0.265048
Train Epoch: 5 [44736/60000 (75%)]	Loss: 0.197330
Train Epoch: 5 [51136/60000 (85%)]	Loss: 0.335701
Train Epoch: 5 [57536/60000 (96%)]	Loss: 0.266167

Test set: Average loss: 0.2901, Accuracy: 9091/10000 (91%)

Train Epoch: 6 [6336/60000 (11%)]	Loss: 0.238706
Train Epoch: 6 [12736/60000 (21%)]	Loss: 0.206732
Train Epoch: 6 [19136/60000 (32%)]	Loss: 0.248058
Train Epoch: 6 [25536/60000 (43%)]	Loss: 0.196685
Train Epoch: 6 [31936/60000 (53%)]	Loss: 0.167536
Train Epoch: 6 [38336/60000 (64%)]	Loss: 0.155896
Train Epoch: 6 [44736/60000 (75%)]	Loss: 0.120864
Train Epoch: 6 [51136/60000 (85%)]	Loss: 0.217415
Train Epoch: 6 [57536/60000 (96%)]	Loss: 0.354973

Test set: Average loss: 0.2917, Accuracy: 9086/10000 (91%)

Train Epoch: 7 [6336/60000 (11%)]	Loss: 0.181067
Train Epoch: 7 [12736/60000 (21%)]	Loss: 0.153962
Train Epoch: 7 [19136/60000 (32%)]	Loss: 0.214648
Train Epoch: 7 [25536/60000 (43%)]	Loss: 0.230074
Train Epoch: 7 [31936/60000 (53%)]	Loss: 0.151580
Train Epoch: 7 [38336/60000 (64%)]	Loss: 0.210276
Train Epoch: 7 [44736/60000 (75%)]	Loss: 0.377504
Train Epoch: 7 [51136/60000 (85%)]	Loss: 0.255070
Train Epoch: 7 [57536/60000 (96%)]	Loss: 0.203117

Test set: Average loss: 0.2751, Accuracy: 9146/10000 (91%)

Train Epoch: 8 [6336/60000 (11%)]	Loss: 0.479722
Train Epoch: 8 [12736/60000 (21%)]	Loss: 0.194835
Train Epoch: 8 [19136/60000 (32%)]	Loss: 0.288833
Train Epoch: 8 [25536/60000 (43%)]	Loss: 0.393018
Train Epoch: 8 [31936/60000 (53%)]	Loss: 0.232277
Train Epoch: 8 [38336/60000 (64%)]	Loss: 0.109409
Train Epoch: 8 [44736/60000 (75%)]	Loss: 0.527535
Train Epoch: 8 [51136/60000 (85%)]	Loss: 0.259979
Train Epoch: 8 [57536/60000 (96%)]	Loss: 0.137042

Test set: Average loss: 0.2546, Accuracy: 9204/10000 (92%)

Train Epoch: 9 [6336/60000 (11%)]	Loss: 0.172287
Train Epoch: 9 [12736/60000 (21%)]	Loss: 0.171375
Train Epoch: 9 [19136/60000 (32%)]	Loss: 0.120879
Train Epoch: 9 [25536/60000 (43%)]	Loss: 0.293048
Train Epoch: 9 [31936/60000 (53%)]	Loss: 0.169486
Train Epoch: 9 [38336/60000 (64%)]	Loss: 0.159712
Train Epoch: 9 [44736/60000 (75%)]	Loss: 0.128984
Train Epoch: 9 [51136/60000 (85%)]	Loss: 0.425422
Train Epoch: 9 [57536/60000 (96%)]	Loss: 0.156763

Test set: Average loss: 0.2342, Accuracy: 9244/10000 (92%)

Train Epoch: 10 [6336/60000 (11%)]	Loss: 0.162075
Train Epoch: 10 [12736/60000 (21%)]	Loss: 0.260674
Train Epoch: 10 [19136/60000 (32%)]	Loss: 0.148891
Train Epoch: 10 [25536/60000 (43%)]	Loss: 0.075916
Train Epoch: 10 [31936/60000 (53%)]	Loss: 0.102920
Train Epoch: 10 [38336/60000 (64%)]	Loss: 0.266945
Train Epoch: 10 [44736/60000 (75%)]	Loss: 0.183799
Train Epoch: 10 [51136/60000 (85%)]	Loss: 0.151102
Train Epoch: 10 [57536/60000 (96%)]	Loss: 0.071684

Test set: Average loss: 0.1333, Accuracy: 9585/10000 (96%)

Train Epoch: 11 [6336/60000 (11%)]	Loss: 0.096679
Train Epoch: 11 [12736/60000 (21%)]	Loss: 0.160250
Train Epoch: 11 [19136/60000 (32%)]	Loss: 0.071051
Train Epoch: 11 [25536/60000 (43%)]	Loss: 0.115705
Train Epoch: 11 [31936/60000 (53%)]	Loss: 0.142937
Train Epoch: 11 [38336/60000 (64%)]	Loss: 0.028548
Train Epoch: 11 [44736/60000 (75%)]	Loss: 0.161342
Train Epoch: 11 [51136/60000 (85%)]	Loss: 0.128108
Train Epoch: 11 [57536/60000 (96%)]	Loss: 0.125546

Test set: Average loss: 0.1108, Accuracy: 9671/10000 (97%)

Namespace(batch_size=64, bias=None, data='../data', device=1, epochs=11, hidden_size=500, load_weights=None, log_interval=100, lr=0.1, model='redfc2', momentum=0.9, no_cuda=False, r=5, save_model=None, save_results=True, seed=1, sparsity=0.1, use_relu=True, wd=0.0005)


Total time spent pruning/training: 1.21 minutes
Total number of parameters in model: 1991420
Number of parameters in pruned model: 1792278
