Namespace(batch_size=64, bias=None, data='../data', device=1, epochs=11, hidden_size=500, load_weights=None, log_interval=100, lr=0.1, model='redfc2', momentum=0.9, no_cuda=False, r=5, save_model=None, save_results=True, seed=1, sparsity=0.9, use_relu=False, wd=0.0005) 

Pruning a Two-Layer Fully Connected Redundant Network ...
Train Epoch: 1 [6336/60000 (11%)]	Loss: 0.889037
Train Epoch: 1 [12736/60000 (21%)]	Loss: 0.605292
Train Epoch: 1 [19136/60000 (32%)]	Loss: 0.632215
Train Epoch: 1 [25536/60000 (43%)]	Loss: 0.495929
Train Epoch: 1 [31936/60000 (53%)]	Loss: 0.509614
Train Epoch: 1 [38336/60000 (64%)]	Loss: 0.406307
Train Epoch: 1 [44736/60000 (75%)]	Loss: 0.391303
Train Epoch: 1 [51136/60000 (85%)]	Loss: 0.353821
Train Epoch: 1 [57536/60000 (96%)]	Loss: 0.299610

Test set: Average loss: 0.3351, Accuracy: 9046/10000 (90%)

Train Epoch: 2 [6336/60000 (11%)]	Loss: 0.296546
Train Epoch: 2 [12736/60000 (21%)]	Loss: 0.382019
Train Epoch: 2 [19136/60000 (32%)]	Loss: 0.260253
Train Epoch: 2 [25536/60000 (43%)]	Loss: 0.352978
Train Epoch: 2 [31936/60000 (53%)]	Loss: 0.275997
Train Epoch: 2 [38336/60000 (64%)]	Loss: 0.288918
Train Epoch: 2 [44736/60000 (75%)]	Loss: 0.288871
Train Epoch: 2 [51136/60000 (85%)]	Loss: 0.311417
Train Epoch: 2 [57536/60000 (96%)]	Loss: 0.350109

Test set: Average loss: 0.3000, Accuracy: 9065/10000 (91%)

Train Epoch: 3 [6336/60000 (11%)]	Loss: 0.252180
Train Epoch: 3 [12736/60000 (21%)]	Loss: 0.205706
Train Epoch: 3 [19136/60000 (32%)]	Loss: 0.340272
Train Epoch: 3 [25536/60000 (43%)]	Loss: 0.400914
Train Epoch: 3 [31936/60000 (53%)]	Loss: 0.417775
Train Epoch: 3 [38336/60000 (64%)]	Loss: 0.249228
Train Epoch: 3 [44736/60000 (75%)]	Loss: 0.326595
Train Epoch: 3 [51136/60000 (85%)]	Loss: 0.290187
Train Epoch: 3 [57536/60000 (96%)]	Loss: 0.448409

Test set: Average loss: 0.2606, Accuracy: 9222/10000 (92%)

Train Epoch: 4 [6336/60000 (11%)]	Loss: 0.185989
Train Epoch: 4 [12736/60000 (21%)]	Loss: 0.531689
Train Epoch: 4 [19136/60000 (32%)]	Loss: 0.252600
Train Epoch: 4 [25536/60000 (43%)]	Loss: 0.247914
Train Epoch: 4 [31936/60000 (53%)]	Loss: 0.462395
Train Epoch: 4 [38336/60000 (64%)]	Loss: 0.352168
Train Epoch: 4 [44736/60000 (75%)]	Loss: 0.272146
Train Epoch: 4 [51136/60000 (85%)]	Loss: 0.208132
Train Epoch: 4 [57536/60000 (96%)]	Loss: 0.345146

Test set: Average loss: 0.2565, Accuracy: 9252/10000 (93%)

Train Epoch: 5 [6336/60000 (11%)]	Loss: 0.249779
Train Epoch: 5 [12736/60000 (21%)]	Loss: 0.251766
Train Epoch: 5 [19136/60000 (32%)]	Loss: 0.236636
Train Epoch: 5 [25536/60000 (43%)]	Loss: 0.306962
Train Epoch: 5 [31936/60000 (53%)]	Loss: 0.151634
Train Epoch: 5 [38336/60000 (64%)]	Loss: 0.227646
Train Epoch: 5 [44736/60000 (75%)]	Loss: 0.149114
Train Epoch: 5 [51136/60000 (85%)]	Loss: 0.234222
Train Epoch: 5 [57536/60000 (96%)]	Loss: 0.188643

Test set: Average loss: 0.2398, Accuracy: 9261/10000 (93%)

Train Epoch: 6 [6336/60000 (11%)]	Loss: 0.219863
Train Epoch: 6 [12736/60000 (21%)]	Loss: 0.136634
Train Epoch: 6 [19136/60000 (32%)]	Loss: 0.215412
Train Epoch: 6 [25536/60000 (43%)]	Loss: 0.136433
Train Epoch: 6 [31936/60000 (53%)]	Loss: 0.156261
Train Epoch: 6 [38336/60000 (64%)]	Loss: 0.176083
Train Epoch: 6 [44736/60000 (75%)]	Loss: 0.172459
Train Epoch: 6 [51136/60000 (85%)]	Loss: 0.157159
Train Epoch: 6 [57536/60000 (96%)]	Loss: 0.342433

Test set: Average loss: 0.2182, Accuracy: 9352/10000 (94%)

Train Epoch: 7 [6336/60000 (11%)]	Loss: 0.166710
Train Epoch: 7 [12736/60000 (21%)]	Loss: 0.143169
Train Epoch: 7 [19136/60000 (32%)]	Loss: 0.187078
Train Epoch: 7 [25536/60000 (43%)]	Loss: 0.201638
Train Epoch: 7 [31936/60000 (53%)]	Loss: 0.096293
Train Epoch: 7 [38336/60000 (64%)]	Loss: 0.199963
Train Epoch: 7 [44736/60000 (75%)]	Loss: 0.303863
Train Epoch: 7 [51136/60000 (85%)]	Loss: 0.219394
Train Epoch: 7 [57536/60000 (96%)]	Loss: 0.159418

Test set: Average loss: 0.2068, Accuracy: 9403/10000 (94%)

Train Epoch: 8 [6336/60000 (11%)]	Loss: 0.344774
Train Epoch: 8 [12736/60000 (21%)]	Loss: 0.159104
Train Epoch: 8 [19136/60000 (32%)]	Loss: 0.228776
Train Epoch: 8 [25536/60000 (43%)]	Loss: 0.259494
Train Epoch: 8 [31936/60000 (53%)]	Loss: 0.288890
Train Epoch: 8 [38336/60000 (64%)]	Loss: 0.076451
Train Epoch: 8 [44736/60000 (75%)]	Loss: 0.443580
Train Epoch: 8 [51136/60000 (85%)]	Loss: 0.165702
Train Epoch: 8 [57536/60000 (96%)]	Loss: 0.207542

Test set: Average loss: 0.2029, Accuracy: 9405/10000 (94%)

Train Epoch: 9 [6336/60000 (11%)]	Loss: 0.140691
Train Epoch: 9 [12736/60000 (21%)]	Loss: 0.154396
Train Epoch: 9 [19136/60000 (32%)]	Loss: 0.144258
Train Epoch: 9 [25536/60000 (43%)]	Loss: 0.227797
Train Epoch: 9 [31936/60000 (53%)]	Loss: 0.139436
Train Epoch: 9 [38336/60000 (64%)]	Loss: 0.182519
Train Epoch: 9 [44736/60000 (75%)]	Loss: 0.164540
Train Epoch: 9 [51136/60000 (85%)]	Loss: 0.457983
Train Epoch: 9 [57536/60000 (96%)]	Loss: 0.163762

Test set: Average loss: 0.1763, Accuracy: 9474/10000 (95%)

Train Epoch: 10 [6336/60000 (11%)]	Loss: 0.219005
Train Epoch: 10 [12736/60000 (21%)]	Loss: 0.192952
Train Epoch: 10 [19136/60000 (32%)]	Loss: 0.107564
Train Epoch: 10 [25536/60000 (43%)]	Loss: 0.175075
Train Epoch: 10 [31936/60000 (53%)]	Loss: 0.104242
Train Epoch: 10 [38336/60000 (64%)]	Loss: 0.216332
Train Epoch: 10 [44736/60000 (75%)]	Loss: 0.203241
Train Epoch: 10 [51136/60000 (85%)]	Loss: 0.085255
Train Epoch: 10 [57536/60000 (96%)]	Loss: 0.143699

Test set: Average loss: 0.1549, Accuracy: 9533/10000 (95%)

Train Epoch: 11 [6336/60000 (11%)]	Loss: 0.160855
Train Epoch: 11 [12736/60000 (21%)]	Loss: 0.143759
Train Epoch: 11 [19136/60000 (32%)]	Loss: 0.092645
Train Epoch: 11 [25536/60000 (43%)]	Loss: 0.131786
Train Epoch: 11 [31936/60000 (53%)]	Loss: 0.191316
Train Epoch: 11 [38336/60000 (64%)]	Loss: 0.077137
Train Epoch: 11 [44736/60000 (75%)]	Loss: 0.207189
Train Epoch: 11 [51136/60000 (85%)]	Loss: 0.200979
Train Epoch: 11 [57536/60000 (96%)]	Loss: 0.149315

Test set: Average loss: 0.1481, Accuracy: 9560/10000 (96%)

Namespace(batch_size=64, bias=None, data='../data', device=1, epochs=11, hidden_size=500, load_weights=None, log_interval=100, lr=0.1, model='redfc2', momentum=0.9, no_cuda=False, r=5, save_model=None, save_results=True, seed=1, sparsity=0.9, use_relu=False, wd=0.0005)


Total time spent pruning/training: 1.20 minutes
Total number of parameters in model: 1991420
Number of parameters in pruned model: 199141
