Namespace(batch_size=64, bias=None, data='../data', device=1, epochs=16, hidden_size=500, load_weights=None, log_interval=100, lr=0.1, model='redfc2', momentum=0.9, no_cuda=False, r=5, save_model=None, save_results=True, seed=1, sparsity=0.98, use_relu=False, wd=0.0005) 

Pruning a Two-Layer Fully Connected Redundant Network ...
Train Epoch: 1 [6336/60000 (11%)]	Loss: 2.251168
Train Epoch: 1 [12736/60000 (21%)]	Loss: 2.148080
Train Epoch: 1 [19136/60000 (32%)]	Loss: 2.037038
Train Epoch: 1 [25536/60000 (43%)]	Loss: 1.997554
Train Epoch: 1 [31936/60000 (53%)]	Loss: 1.919232
Train Epoch: 1 [38336/60000 (64%)]	Loss: 1.786208
Train Epoch: 1 [44736/60000 (75%)]	Loss: 1.788889
Train Epoch: 1 [51136/60000 (85%)]	Loss: 1.746992
Train Epoch: 1 [57536/60000 (96%)]	Loss: 1.747068

Test set: Average loss: 1.6558, Accuracy: 5639/10000 (56%)

Train Epoch: 2 [6336/60000 (11%)]	Loss: 1.722569
Train Epoch: 2 [12736/60000 (21%)]	Loss: 1.605446
Train Epoch: 2 [19136/60000 (32%)]	Loss: 1.648767
Train Epoch: 2 [25536/60000 (43%)]	Loss: 1.606790
Train Epoch: 2 [31936/60000 (53%)]	Loss: 1.610805
Train Epoch: 2 [38336/60000 (64%)]	Loss: 1.603368
Train Epoch: 2 [44736/60000 (75%)]	Loss: 1.519568
Train Epoch: 2 [51136/60000 (85%)]	Loss: 1.580964
Train Epoch: 2 [57536/60000 (96%)]	Loss: 1.533788

Test set: Average loss: 1.4389, Accuracy: 6329/10000 (63%)

Train Epoch: 3 [6336/60000 (11%)]	Loss: 1.389950
Train Epoch: 3 [12736/60000 (21%)]	Loss: 1.456825
Train Epoch: 3 [19136/60000 (32%)]	Loss: 1.563716
Train Epoch: 3 [25536/60000 (43%)]	Loss: 1.383476
Train Epoch: 3 [31936/60000 (53%)]	Loss: 1.402727
Train Epoch: 3 [38336/60000 (64%)]	Loss: 1.536114
Train Epoch: 3 [44736/60000 (75%)]	Loss: 1.493828
Train Epoch: 3 [51136/60000 (85%)]	Loss: 1.463221
Train Epoch: 3 [57536/60000 (96%)]	Loss: 1.420158

Test set: Average loss: 1.4053, Accuracy: 6448/10000 (64%)

Train Epoch: 4 [6336/60000 (11%)]	Loss: 1.368683
Train Epoch: 4 [12736/60000 (21%)]	Loss: 1.376880
Train Epoch: 4 [19136/60000 (32%)]	Loss: 1.460123
Train Epoch: 4 [25536/60000 (43%)]	Loss: 1.502515
Train Epoch: 4 [31936/60000 (53%)]	Loss: 1.501314
Train Epoch: 4 [38336/60000 (64%)]	Loss: 1.461484
Train Epoch: 4 [44736/60000 (75%)]	Loss: 1.382503
Train Epoch: 4 [51136/60000 (85%)]	Loss: 1.331037
Train Epoch: 4 [57536/60000 (96%)]	Loss: 1.565910

Test set: Average loss: 1.4251, Accuracy: 6327/10000 (63%)

Train Epoch: 5 [6336/60000 (11%)]	Loss: 1.480050
Train Epoch: 5 [12736/60000 (21%)]	Loss: 1.385668
Train Epoch: 5 [19136/60000 (32%)]	Loss: 1.381524
Train Epoch: 5 [25536/60000 (43%)]	Loss: 1.418138
Train Epoch: 5 [31936/60000 (53%)]	Loss: 1.433659
Train Epoch: 5 [38336/60000 (64%)]	Loss: 1.513520
Train Epoch: 5 [44736/60000 (75%)]	Loss: 1.476455
Train Epoch: 5 [51136/60000 (85%)]	Loss: 1.415039
Train Epoch: 5 [57536/60000 (96%)]	Loss: 1.486795

Test set: Average loss: 1.4055, Accuracy: 6170/10000 (62%)

Train Epoch: 6 [6336/60000 (11%)]	Loss: 1.435312
Train Epoch: 6 [12736/60000 (21%)]	Loss: 1.478888
Train Epoch: 6 [19136/60000 (32%)]	Loss: 1.561274
Train Epoch: 6 [25536/60000 (43%)]	Loss: 1.304539
Train Epoch: 6 [31936/60000 (53%)]	Loss: 1.396243
Train Epoch: 6 [38336/60000 (64%)]	Loss: 1.405881
Train Epoch: 6 [44736/60000 (75%)]	Loss: 1.390055
Train Epoch: 6 [51136/60000 (85%)]	Loss: 1.412128
Train Epoch: 6 [57536/60000 (96%)]	Loss: 1.432863

Test set: Average loss: 1.4103, Accuracy: 6307/10000 (63%)

Train Epoch: 7 [6336/60000 (11%)]	Loss: 1.433839
Train Epoch: 7 [12736/60000 (21%)]	Loss: 1.504432
Train Epoch: 7 [19136/60000 (32%)]	Loss: 1.519129
Train Epoch: 7 [25536/60000 (43%)]	Loss: 1.525195
Train Epoch: 7 [31936/60000 (53%)]	Loss: 1.416942
Train Epoch: 7 [38336/60000 (64%)]	Loss: 1.523971
Train Epoch: 7 [44736/60000 (75%)]	Loss: 1.657944
Train Epoch: 7 [51136/60000 (85%)]	Loss: 1.541223
Train Epoch: 7 [57536/60000 (96%)]	Loss: 1.430676

Test set: Average loss: 1.4434, Accuracy: 5897/10000 (59%)

Train Epoch: 8 [6336/60000 (11%)]	Loss: 1.643736
Train Epoch: 8 [12736/60000 (21%)]	Loss: 1.441930
Train Epoch: 8 [19136/60000 (32%)]	Loss: 1.472047
Train Epoch: 8 [25536/60000 (43%)]	Loss: 1.520987
Train Epoch: 8 [31936/60000 (53%)]	Loss: 1.486419
Train Epoch: 8 [38336/60000 (64%)]	Loss: 1.449403
Train Epoch: 8 [44736/60000 (75%)]	Loss: 1.582238
Train Epoch: 8 [51136/60000 (85%)]	Loss: 1.471318
Train Epoch: 8 [57536/60000 (96%)]	Loss: 1.528044

Test set: Average loss: 1.4580, Accuracy: 5935/10000 (59%)

Train Epoch: 9 [6336/60000 (11%)]	Loss: 1.475811
Train Epoch: 9 [12736/60000 (21%)]	Loss: 1.481958
Train Epoch: 9 [19136/60000 (32%)]	Loss: 1.450284
Train Epoch: 9 [25536/60000 (43%)]	Loss: 1.513666
Train Epoch: 9 [31936/60000 (53%)]	Loss: 1.370768
Train Epoch: 9 [38336/60000 (64%)]	Loss: 1.519255
Train Epoch: 9 [44736/60000 (75%)]	Loss: 1.495668
Train Epoch: 9 [51136/60000 (85%)]	Loss: 1.593687
Train Epoch: 9 [57536/60000 (96%)]	Loss: 1.483073

Test set: Average loss: 1.4906, Accuracy: 5715/10000 (57%)

Train Epoch: 10 [6336/60000 (11%)]	Loss: 1.538815
Train Epoch: 10 [12736/60000 (21%)]	Loss: 1.362248
Train Epoch: 10 [19136/60000 (32%)]	Loss: 1.504135
Train Epoch: 10 [25536/60000 (43%)]	Loss: 1.610899
Train Epoch: 10 [31936/60000 (53%)]	Loss: 1.441801
Train Epoch: 10 [38336/60000 (64%)]	Loss: 1.684895
Train Epoch: 10 [44736/60000 (75%)]	Loss: 1.585890
Train Epoch: 10 [51136/60000 (85%)]	Loss: 1.434387
Train Epoch: 10 [57536/60000 (96%)]	Loss: 1.531490

Test set: Average loss: 1.4883, Accuracy: 5875/10000 (59%)

Train Epoch: 11 [6336/60000 (11%)]	Loss: 1.418957
Train Epoch: 11 [12736/60000 (21%)]	Loss: 1.352199
Train Epoch: 11 [19136/60000 (32%)]	Loss: 1.450966
Train Epoch: 11 [25536/60000 (43%)]	Loss: 1.497614
Train Epoch: 11 [31936/60000 (53%)]	Loss: 1.623840
Train Epoch: 11 [38336/60000 (64%)]	Loss: 1.412334
Train Epoch: 11 [44736/60000 (75%)]	Loss: 1.474852
Train Epoch: 11 [51136/60000 (85%)]	Loss: 1.471432
Train Epoch: 11 [57536/60000 (96%)]	Loss: 1.384584

Test set: Average loss: 1.4372, Accuracy: 6057/10000 (61%)

Train Epoch: 12 [6336/60000 (11%)]	Loss: 1.501403
Train Epoch: 12 [12736/60000 (21%)]	Loss: 1.618421
Train Epoch: 12 [19136/60000 (32%)]	Loss: 1.467421
Train Epoch: 12 [25536/60000 (43%)]	Loss: 1.292897
Train Epoch: 12 [31936/60000 (53%)]	Loss: 1.459405
Train Epoch: 12 [38336/60000 (64%)]	Loss: 1.543800
Train Epoch: 12 [44736/60000 (75%)]	Loss: 1.376969
Train Epoch: 12 [51136/60000 (85%)]	Loss: 1.455680
Train Epoch: 12 [57536/60000 (96%)]	Loss: 1.439823

Test set: Average loss: 1.4266, Accuracy: 6247/10000 (62%)

Train Epoch: 13 [6336/60000 (11%)]	Loss: 1.431422
Train Epoch: 13 [12736/60000 (21%)]	Loss: 1.369111
Train Epoch: 13 [19136/60000 (32%)]	Loss: 1.284076
Train Epoch: 13 [25536/60000 (43%)]	Loss: 1.501727
Train Epoch: 13 [31936/60000 (53%)]	Loss: 1.481209
Train Epoch: 13 [38336/60000 (64%)]	Loss: 1.423304
Train Epoch: 13 [44736/60000 (75%)]	Loss: 1.291043
Train Epoch: 13 [51136/60000 (85%)]	Loss: 1.417151
Train Epoch: 13 [57536/60000 (96%)]	Loss: 1.460638

Test set: Average loss: 1.3939, Accuracy: 6182/10000 (62%)

Train Epoch: 14 [6336/60000 (11%)]	Loss: 1.297201
Train Epoch: 14 [12736/60000 (21%)]	Loss: 1.418530
Train Epoch: 14 [19136/60000 (32%)]	Loss: 1.450171
Train Epoch: 14 [25536/60000 (43%)]	Loss: 1.324671
Train Epoch: 14 [31936/60000 (53%)]	Loss: 1.375634
Train Epoch: 14 [38336/60000 (64%)]	Loss: 1.403855
Train Epoch: 14 [44736/60000 (75%)]	Loss: 1.323038
Train Epoch: 14 [51136/60000 (85%)]	Loss: 1.461903
Train Epoch: 14 [57536/60000 (96%)]	Loss: 1.309947

Test set: Average loss: 1.3512, Accuracy: 6473/10000 (65%)

Train Epoch: 15 [6336/60000 (11%)]	Loss: 1.371495
Train Epoch: 15 [12736/60000 (21%)]	Loss: 1.327797
Train Epoch: 15 [19136/60000 (32%)]	Loss: 1.376309
Train Epoch: 15 [25536/60000 (43%)]	Loss: 1.369618
Train Epoch: 15 [31936/60000 (53%)]	Loss: 1.331462
Train Epoch: 15 [38336/60000 (64%)]	Loss: 1.445247
Train Epoch: 15 [44736/60000 (75%)]	Loss: 1.353955
Train Epoch: 15 [51136/60000 (85%)]	Loss: 1.506878
Train Epoch: 15 [57536/60000 (96%)]	Loss: 1.402054

Test set: Average loss: 1.3531, Accuracy: 6609/10000 (66%)

Train Epoch: 16 [6336/60000 (11%)]	Loss: 1.322915
Train Epoch: 16 [12736/60000 (21%)]	Loss: 1.316955
Train Epoch: 16 [19136/60000 (32%)]	Loss: 1.155028
Train Epoch: 16 [25536/60000 (43%)]	Loss: 1.427417
Train Epoch: 16 [31936/60000 (53%)]	Loss: 1.448329
Train Epoch: 16 [38336/60000 (64%)]	Loss: 1.430250
Train Epoch: 16 [44736/60000 (75%)]	Loss: 1.358081
Train Epoch: 16 [51136/60000 (85%)]	Loss: 1.303003
Train Epoch: 16 [57536/60000 (96%)]	Loss: 1.330667

Test set: Average loss: 1.3478, Accuracy: 6390/10000 (64%)

Namespace(batch_size=64, bias=None, data='../data', device=1, epochs=16, hidden_size=500, load_weights=None, log_interval=100, lr=0.1, model='redfc2', momentum=0.9, no_cuda=False, r=5, save_model=None, save_results=True, seed=1, sparsity=0.98, use_relu=False, wd=0.0005)


Total time spent pruning/training: 1.71 minutes
Total number of parameters in model: 1991420
Number of parameters in pruned model: 39828
