Namespace(batch_size=64, bias=None, data='../data', device=1, epochs=8, hidden_size=500, load_weights=None, log_interval=100, lr=0.1, model='redfc2', momentum=0.9, no_cuda=False, r=5, save_model=None, save_results=True, seed=1, sparsity=0.75, use_relu=True, wd=0.0005) 

Pruning a Two-Layer Fully Connected Redundant Network ...
Train Epoch: 1 [6336/60000 (11%)]	Loss: 0.743024
Train Epoch: 1 [12736/60000 (21%)]	Loss: 0.527251
Train Epoch: 1 [19136/60000 (32%)]	Loss: 0.715980
Train Epoch: 1 [25536/60000 (43%)]	Loss: 0.490911
Train Epoch: 1 [31936/60000 (53%)]	Loss: 0.442560
Train Epoch: 1 [38336/60000 (64%)]	Loss: 0.425960
Train Epoch: 1 [44736/60000 (75%)]	Loss: 0.415416
Train Epoch: 1 [51136/60000 (85%)]	Loss: 0.299683
Train Epoch: 1 [57536/60000 (96%)]	Loss: 0.384081

Test set: Average loss: 0.3648, Accuracy: 8973/10000 (90%)

Train Epoch: 2 [6336/60000 (11%)]	Loss: 0.346054
Train Epoch: 2 [12736/60000 (21%)]	Loss: 0.444898
Train Epoch: 2 [19136/60000 (32%)]	Loss: 0.336463
Train Epoch: 2 [25536/60000 (43%)]	Loss: 0.437331
Train Epoch: 2 [31936/60000 (53%)]	Loss: 0.305087
Train Epoch: 2 [38336/60000 (64%)]	Loss: 0.318651
Train Epoch: 2 [44736/60000 (75%)]	Loss: 0.393676
Train Epoch: 2 [51136/60000 (85%)]	Loss: 0.414643
Train Epoch: 2 [57536/60000 (96%)]	Loss: 0.373099

Test set: Average loss: 0.3241, Accuracy: 9111/10000 (91%)

Train Epoch: 3 [6336/60000 (11%)]	Loss: 0.250878
Train Epoch: 3 [12736/60000 (21%)]	Loss: 0.294115
Train Epoch: 3 [19136/60000 (32%)]	Loss: 0.367046
Train Epoch: 3 [25536/60000 (43%)]	Loss: 0.407476
Train Epoch: 3 [31936/60000 (53%)]	Loss: 0.406011
Train Epoch: 3 [38336/60000 (64%)]	Loss: 0.437926
Train Epoch: 3 [44736/60000 (75%)]	Loss: 0.417804
Train Epoch: 3 [51136/60000 (85%)]	Loss: 0.339204
Train Epoch: 3 [57536/60000 (96%)]	Loss: 0.565739

Test set: Average loss: 0.3150, Accuracy: 9117/10000 (91%)

Train Epoch: 4 [6336/60000 (11%)]	Loss: 0.254699
Train Epoch: 4 [12736/60000 (21%)]	Loss: 0.563176
Train Epoch: 4 [19136/60000 (32%)]	Loss: 0.343295
Train Epoch: 4 [25536/60000 (43%)]	Loss: 0.360798
Train Epoch: 4 [31936/60000 (53%)]	Loss: 0.446285
Train Epoch: 4 [38336/60000 (64%)]	Loss: 0.469335
Train Epoch: 4 [44736/60000 (75%)]	Loss: 0.311044
Train Epoch: 4 [51136/60000 (85%)]	Loss: 0.239034
Train Epoch: 4 [57536/60000 (96%)]	Loss: 0.381955

Test set: Average loss: 0.3116, Accuracy: 9172/10000 (92%)

Train Epoch: 5 [6336/60000 (11%)]	Loss: 0.392422
Train Epoch: 5 [12736/60000 (21%)]	Loss: 0.306435
Train Epoch: 5 [19136/60000 (32%)]	Loss: 0.278951
Train Epoch: 5 [25536/60000 (43%)]	Loss: 0.428683
Train Epoch: 5 [31936/60000 (53%)]	Loss: 0.234959
Train Epoch: 5 [38336/60000 (64%)]	Loss: 0.405480
Train Epoch: 5 [44736/60000 (75%)]	Loss: 0.233461
Train Epoch: 5 [51136/60000 (85%)]	Loss: 0.371722
Train Epoch: 5 [57536/60000 (96%)]	Loss: 0.238035

Test set: Average loss: 0.2909, Accuracy: 9200/10000 (92%)

Train Epoch: 6 [6336/60000 (11%)]	Loss: 0.240305
Train Epoch: 6 [12736/60000 (21%)]	Loss: 0.273193
Train Epoch: 6 [19136/60000 (32%)]	Loss: 0.317684
Train Epoch: 6 [25536/60000 (43%)]	Loss: 0.228602
Train Epoch: 6 [31936/60000 (53%)]	Loss: 0.214292
Train Epoch: 6 [38336/60000 (64%)]	Loss: 0.265759
Train Epoch: 6 [44736/60000 (75%)]	Loss: 0.229315
Train Epoch: 6 [51136/60000 (85%)]	Loss: 0.268540
Train Epoch: 6 [57536/60000 (96%)]	Loss: 0.355974

Test set: Average loss: 0.2819, Accuracy: 9209/10000 (92%)

Train Epoch: 7 [6336/60000 (11%)]	Loss: 0.197993
Train Epoch: 7 [12736/60000 (21%)]	Loss: 0.213928
Train Epoch: 7 [19136/60000 (32%)]	Loss: 0.237054
Train Epoch: 7 [25536/60000 (43%)]	Loss: 0.166206
Train Epoch: 7 [31936/60000 (53%)]	Loss: 0.194841
Train Epoch: 7 [38336/60000 (64%)]	Loss: 0.259182
Train Epoch: 7 [44736/60000 (75%)]	Loss: 0.321690
Train Epoch: 7 [51136/60000 (85%)]	Loss: 0.251766
Train Epoch: 7 [57536/60000 (96%)]	Loss: 0.191630

Test set: Average loss: 0.2740, Accuracy: 9253/10000 (93%)

Train Epoch: 8 [6336/60000 (11%)]	Loss: 0.435091
Train Epoch: 8 [12736/60000 (21%)]	Loss: 0.292139
Train Epoch: 8 [19136/60000 (32%)]	Loss: 0.295482
Train Epoch: 8 [25536/60000 (43%)]	Loss: 0.320168
Train Epoch: 8 [31936/60000 (53%)]	Loss: 0.317179
Train Epoch: 8 [38336/60000 (64%)]	Loss: 0.173728
Train Epoch: 8 [44736/60000 (75%)]	Loss: 0.461909
Train Epoch: 8 [51136/60000 (85%)]	Loss: 0.292434
Train Epoch: 8 [57536/60000 (96%)]	Loss: 0.265949

Test set: Average loss: 0.2635, Accuracy: 9270/10000 (93%)

Namespace(batch_size=64, bias=None, data='../data', device=1, epochs=8, hidden_size=500, load_weights=None, log_interval=100, lr=0.1, model='redfc2', momentum=0.9, no_cuda=False, r=5, save_model=None, save_results=True, seed=1, sparsity=0.75, use_relu=True, wd=0.0005)


Total time spent pruning/training: 0.87 minutes
Total number of parameters in model: 1991420
Number of parameters in pruned model: 497855
