Namespace(batch_size=64, bias=None, data='../data', device=1, epochs=20, hidden_size=500, load_weights=None, log_interval=100, lr=0.1, model='redfc2', momentum=0.9, no_cuda=False, r=5, save_model=None, save_results=True, seed=1, sparsity=0.99, use_relu=True, wd=0.0005) 

Pruning a Two-Layer Fully Connected Redundant Network ...
Train Epoch: 1 [6336/60000 (11%)]	Loss: 2.302585
Train Epoch: 1 [12736/60000 (21%)]	Loss: 2.302585
Train Epoch: 1 [19136/60000 (32%)]	Loss: 2.302585
Train Epoch: 1 [25536/60000 (43%)]	Loss: 2.302585
Train Epoch: 1 [31936/60000 (53%)]	Loss: 2.302585
Train Epoch: 1 [38336/60000 (64%)]	Loss: 2.302585
Train Epoch: 1 [44736/60000 (75%)]	Loss: 2.302553
Train Epoch: 1 [51136/60000 (85%)]	Loss: 2.302536
Train Epoch: 1 [57536/60000 (96%)]	Loss: 2.302554

Test set: Average loss: 2.3024, Accuracy: 1010/10000 (10%)

Train Epoch: 2 [6336/60000 (11%)]	Loss: 2.302231
Train Epoch: 2 [12736/60000 (21%)]	Loss: 2.301315
Train Epoch: 2 [19136/60000 (32%)]	Loss: 2.300944
Train Epoch: 2 [25536/60000 (43%)]	Loss: 2.301896
Train Epoch: 2 [31936/60000 (53%)]	Loss: 2.301470
Train Epoch: 2 [38336/60000 (64%)]	Loss: 2.302172
Train Epoch: 2 [44736/60000 (75%)]	Loss: 2.302062
Train Epoch: 2 [51136/60000 (85%)]	Loss: 2.302607
Train Epoch: 2 [57536/60000 (96%)]	Loss: 2.302287

Test set: Average loss: 2.3015, Accuracy: 1734/10000 (17%)

Train Epoch: 3 [6336/60000 (11%)]	Loss: 2.300645
Train Epoch: 3 [12736/60000 (21%)]	Loss: 2.302089
Train Epoch: 3 [19136/60000 (32%)]	Loss: 2.302143
Train Epoch: 3 [25536/60000 (43%)]	Loss: 2.300629
Train Epoch: 3 [31936/60000 (53%)]	Loss: 2.301533
Train Epoch: 3 [38336/60000 (64%)]	Loss: 2.301312
Train Epoch: 3 [44736/60000 (75%)]	Loss: 2.300379
Train Epoch: 3 [51136/60000 (85%)]	Loss: 2.301608
Train Epoch: 3 [57536/60000 (96%)]	Loss: 2.300674

Test set: Average loss: 2.3015, Accuracy: 1744/10000 (17%)

Train Epoch: 4 [6336/60000 (11%)]	Loss: 2.301872
Train Epoch: 4 [12736/60000 (21%)]	Loss: 2.301643
Train Epoch: 4 [19136/60000 (32%)]	Loss: 2.300997
Train Epoch: 4 [25536/60000 (43%)]	Loss: 2.302311
Train Epoch: 4 [31936/60000 (53%)]	Loss: 2.300811
Train Epoch: 4 [38336/60000 (64%)]	Loss: 2.301194
Train Epoch: 4 [44736/60000 (75%)]	Loss: 2.301753
Train Epoch: 4 [51136/60000 (85%)]	Loss: 2.302177
Train Epoch: 4 [57536/60000 (96%)]	Loss: 2.302370

Test set: Average loss: 2.3014, Accuracy: 1743/10000 (17%)

Train Epoch: 5 [6336/60000 (11%)]	Loss: 2.302243
Train Epoch: 5 [12736/60000 (21%)]	Loss: 2.300926
Train Epoch: 5 [19136/60000 (32%)]	Loss: 2.300492
Train Epoch: 5 [25536/60000 (43%)]	Loss: 2.300298
Train Epoch: 5 [31936/60000 (53%)]	Loss: 2.301421
Train Epoch: 5 [38336/60000 (64%)]	Loss: 2.300683
Train Epoch: 5 [44736/60000 (75%)]	Loss: 2.302085
Train Epoch: 5 [51136/60000 (85%)]	Loss: 2.301375
Train Epoch: 5 [57536/60000 (96%)]	Loss: 2.301233

Test set: Average loss: 2.3014, Accuracy: 1743/10000 (17%)

Train Epoch: 6 [6336/60000 (11%)]	Loss: 2.302034
Train Epoch: 6 [12736/60000 (21%)]	Loss: 2.302038
Train Epoch: 6 [19136/60000 (32%)]	Loss: 2.302224
Train Epoch: 6 [25536/60000 (43%)]	Loss: 2.300553
Train Epoch: 6 [31936/60000 (53%)]	Loss: 2.300637
Train Epoch: 6 [38336/60000 (64%)]	Loss: 2.302071
Train Epoch: 6 [44736/60000 (75%)]	Loss: 2.301800
Train Epoch: 6 [51136/60000 (85%)]	Loss: 2.301359
Train Epoch: 6 [57536/60000 (96%)]	Loss: 2.300567

Test set: Average loss: 2.3014, Accuracy: 1742/10000 (17%)

Train Epoch: 7 [6336/60000 (11%)]	Loss: 2.301058
Train Epoch: 7 [12736/60000 (21%)]	Loss: 2.301569
Train Epoch: 7 [19136/60000 (32%)]	Loss: 2.301680
Train Epoch: 7 [25536/60000 (43%)]	Loss: 2.301641
Train Epoch: 7 [31936/60000 (53%)]	Loss: 2.302172
Train Epoch: 7 [38336/60000 (64%)]	Loss: 2.300848
Train Epoch: 7 [44736/60000 (75%)]	Loss: 2.302034
Train Epoch: 7 [51136/60000 (85%)]	Loss: 2.301625
Train Epoch: 7 [57536/60000 (96%)]	Loss: 2.301038

Test set: Average loss: 2.3011, Accuracy: 1748/10000 (17%)

Train Epoch: 8 [6336/60000 (11%)]	Loss: 2.301351
Train Epoch: 8 [12736/60000 (21%)]	Loss: 2.300738
Train Epoch: 8 [19136/60000 (32%)]	Loss: 2.301385
Train Epoch: 8 [25536/60000 (43%)]	Loss: 2.301799
Train Epoch: 8 [31936/60000 (53%)]	Loss: 2.300592
Train Epoch: 8 [38336/60000 (64%)]	Loss: 2.301243
Train Epoch: 8 [44736/60000 (75%)]	Loss: 2.301234
Train Epoch: 8 [51136/60000 (85%)]	Loss: 2.301416
Train Epoch: 8 [57536/60000 (96%)]	Loss: 2.300680

Test set: Average loss: 2.3009, Accuracy: 1770/10000 (18%)

Train Epoch: 9 [6336/60000 (11%)]	Loss: 2.300839
Train Epoch: 9 [12736/60000 (21%)]	Loss: 2.300207
Train Epoch: 9 [19136/60000 (32%)]	Loss: 2.300941
Train Epoch: 9 [25536/60000 (43%)]	Loss: 2.299626
Train Epoch: 9 [31936/60000 (53%)]	Loss: 2.299181
Train Epoch: 9 [38336/60000 (64%)]	Loss: 2.302128
Train Epoch: 9 [44736/60000 (75%)]	Loss: 2.300643
Train Epoch: 9 [51136/60000 (85%)]	Loss: 2.301136
Train Epoch: 9 [57536/60000 (96%)]	Loss: 2.301139

Test set: Average loss: 2.3009, Accuracy: 1786/10000 (18%)

Train Epoch: 10 [6336/60000 (11%)]	Loss: 2.302285
Train Epoch: 10 [12736/60000 (21%)]	Loss: 2.300356
Train Epoch: 10 [19136/60000 (32%)]	Loss: 2.301106
Train Epoch: 10 [25536/60000 (43%)]	Loss: 2.300466
Train Epoch: 10 [31936/60000 (53%)]	Loss: 2.300455
Train Epoch: 10 [38336/60000 (64%)]	Loss: 2.300487
Train Epoch: 10 [44736/60000 (75%)]	Loss: 2.301343
Train Epoch: 10 [51136/60000 (85%)]	Loss: 2.300873
Train Epoch: 10 [57536/60000 (96%)]	Loss: 2.301329

Test set: Average loss: 2.3009, Accuracy: 1774/10000 (18%)

Train Epoch: 11 [6336/60000 (11%)]	Loss: 2.299519
Train Epoch: 11 [12736/60000 (21%)]	Loss: 2.300113
Train Epoch: 11 [19136/60000 (32%)]	Loss: 2.301570
Train Epoch: 11 [25536/60000 (43%)]	Loss: 2.301091
Train Epoch: 11 [31936/60000 (53%)]	Loss: 2.300483
Train Epoch: 11 [38336/60000 (64%)]	Loss: 2.300471
Train Epoch: 11 [44736/60000 (75%)]	Loss: 2.301240
Train Epoch: 11 [51136/60000 (85%)]	Loss: 2.300526
Train Epoch: 11 [57536/60000 (96%)]	Loss: 2.300686

Test set: Average loss: 2.3009, Accuracy: 1786/10000 (18%)

Train Epoch: 12 [6336/60000 (11%)]	Loss: 2.301059
Train Epoch: 12 [12736/60000 (21%)]	Loss: 2.302248
Train Epoch: 12 [19136/60000 (32%)]	Loss: 2.301882
Train Epoch: 12 [25536/60000 (43%)]	Loss: 2.300063
Train Epoch: 12 [31936/60000 (53%)]	Loss: 2.301906
Train Epoch: 12 [38336/60000 (64%)]	Loss: 2.300721
Train Epoch: 12 [44736/60000 (75%)]	Loss: 2.300795
Train Epoch: 12 [51136/60000 (85%)]	Loss: 2.300543
Train Epoch: 12 [57536/60000 (96%)]	Loss: 2.298806

Test set: Average loss: 2.3009, Accuracy: 1786/10000 (18%)

Train Epoch: 13 [6336/60000 (11%)]	Loss: 2.300898
Train Epoch: 13 [12736/60000 (21%)]	Loss: 2.300470
Train Epoch: 13 [19136/60000 (32%)]	Loss: 2.300176
Train Epoch: 13 [25536/60000 (43%)]	Loss: 2.301981
Train Epoch: 13 [31936/60000 (53%)]	Loss: 2.301677
Train Epoch: 13 [38336/60000 (64%)]	Loss: 2.301911
Train Epoch: 13 [44736/60000 (75%)]	Loss: 2.300260
Train Epoch: 13 [51136/60000 (85%)]	Loss: 2.299812
Train Epoch: 13 [57536/60000 (96%)]	Loss: 2.301543

Test set: Average loss: 2.3001, Accuracy: 1702/10000 (17%)

Train Epoch: 14 [6336/60000 (11%)]	Loss: 2.299671
Train Epoch: 14 [12736/60000 (21%)]	Loss: 2.299953
Train Epoch: 14 [19136/60000 (32%)]	Loss: 2.300742
Train Epoch: 14 [25536/60000 (43%)]	Loss: 2.299958
Train Epoch: 14 [31936/60000 (53%)]	Loss: 2.300392
Train Epoch: 14 [38336/60000 (64%)]	Loss: 2.302038
Train Epoch: 14 [44736/60000 (75%)]	Loss: 2.299966
Train Epoch: 14 [51136/60000 (85%)]	Loss: 2.298837
Train Epoch: 14 [57536/60000 (96%)]	Loss: 2.298190

Test set: Average loss: 2.3001, Accuracy: 1706/10000 (17%)

Train Epoch: 15 [6336/60000 (11%)]	Loss: 2.301537
Train Epoch: 15 [12736/60000 (21%)]	Loss: 2.300694
Train Epoch: 15 [19136/60000 (32%)]	Loss: 2.300803
Train Epoch: 15 [25536/60000 (43%)]	Loss: 2.301292
Train Epoch: 15 [31936/60000 (53%)]	Loss: 2.300471
Train Epoch: 15 [38336/60000 (64%)]	Loss: 2.301970
Train Epoch: 15 [44736/60000 (75%)]	Loss: 2.298623
Train Epoch: 15 [51136/60000 (85%)]	Loss: 2.301438
Train Epoch: 15 [57536/60000 (96%)]	Loss: 2.302060

Test set: Average loss: 2.3001, Accuracy: 1712/10000 (17%)

Train Epoch: 16 [6336/60000 (11%)]	Loss: 2.300461
Train Epoch: 16 [12736/60000 (21%)]	Loss: 2.298684
Train Epoch: 16 [19136/60000 (32%)]	Loss: 2.300511
Train Epoch: 16 [25536/60000 (43%)]	Loss: 2.299131
Train Epoch: 16 [31936/60000 (53%)]	Loss: 2.300975
Train Epoch: 16 [38336/60000 (64%)]	Loss: 2.301022
Train Epoch: 16 [44736/60000 (75%)]	Loss: 2.300453
Train Epoch: 16 [51136/60000 (85%)]	Loss: 2.300255
Train Epoch: 16 [57536/60000 (96%)]	Loss: 2.301440

Test set: Average loss: 2.3001, Accuracy: 1712/10000 (17%)

Train Epoch: 17 [6336/60000 (11%)]	Loss: 2.299381
Train Epoch: 17 [12736/60000 (21%)]	Loss: 2.300135
Train Epoch: 17 [19136/60000 (32%)]	Loss: 2.301608
Train Epoch: 17 [25536/60000 (43%)]	Loss: 2.301481
Train Epoch: 17 [31936/60000 (53%)]	Loss: 2.299611
Train Epoch: 17 [38336/60000 (64%)]	Loss: 2.300726
Train Epoch: 17 [44736/60000 (75%)]	Loss: 2.297756
Train Epoch: 17 [51136/60000 (85%)]	Loss: 2.299562
Train Epoch: 17 [57536/60000 (96%)]	Loss: 2.302004

Test set: Average loss: 2.3001, Accuracy: 1712/10000 (17%)

Train Epoch: 18 [6336/60000 (11%)]	Loss: 2.299551
Train Epoch: 18 [12736/60000 (21%)]	Loss: 2.301025
Train Epoch: 18 [19136/60000 (32%)]	Loss: 2.299428
Train Epoch: 18 [25536/60000 (43%)]	Loss: 2.300552
Train Epoch: 18 [31936/60000 (53%)]	Loss: 2.297315
Train Epoch: 18 [38336/60000 (64%)]	Loss: 2.301121
Train Epoch: 18 [44736/60000 (75%)]	Loss: 2.301060
Train Epoch: 18 [51136/60000 (85%)]	Loss: 2.299756
Train Epoch: 18 [57536/60000 (96%)]	Loss: 2.300519

Test set: Average loss: 2.3001, Accuracy: 1706/10000 (17%)

Train Epoch: 19 [6336/60000 (11%)]	Loss: 2.299136
Train Epoch: 19 [12736/60000 (21%)]	Loss: 2.298852
Train Epoch: 19 [19136/60000 (32%)]	Loss: 2.299909
Train Epoch: 19 [25536/60000 (43%)]	Loss: 2.300136
Train Epoch: 19 [31936/60000 (53%)]	Loss: 2.299588
Train Epoch: 19 [38336/60000 (64%)]	Loss: 2.298795
Train Epoch: 19 [44736/60000 (75%)]	Loss: 2.300062
Train Epoch: 19 [51136/60000 (85%)]	Loss: 2.300214
Train Epoch: 19 [57536/60000 (96%)]	Loss: 2.298759

Test set: Average loss: 2.3001, Accuracy: 1706/10000 (17%)

Train Epoch: 20 [6336/60000 (11%)]	Loss: 2.300323
Train Epoch: 20 [12736/60000 (21%)]	Loss: 2.301770
Train Epoch: 20 [19136/60000 (32%)]	Loss: 2.298553
Train Epoch: 20 [25536/60000 (43%)]	Loss: 2.300553
Train Epoch: 20 [31936/60000 (53%)]	Loss: 2.301254
Train Epoch: 20 [38336/60000 (64%)]	Loss: 2.301658
Train Epoch: 20 [44736/60000 (75%)]	Loss: 2.301357
Train Epoch: 20 [51136/60000 (85%)]	Loss: 2.299321
Train Epoch: 20 [57536/60000 (96%)]	Loss: 2.299953

Test set: Average loss: 2.3001, Accuracy: 1706/10000 (17%)

Namespace(batch_size=64, bias=None, data='../data', device=1, epochs=20, hidden_size=500, load_weights=None, log_interval=100, lr=0.1, model='redfc2', momentum=0.9, no_cuda=False, r=5, save_model=None, save_results=True, seed=1, sparsity=0.99, use_relu=True, wd=0.0005)


Total time spent pruning/training: 2.11 minutes
Total number of parameters in model: 1991420
Number of parameters in pruned model: 19914
