Namespace(batch_size=64, bias=None, data='../data', device=1, epochs=19, hidden_size=500, load_weights=None, log_interval=100, lr=0.1, model='redfc2', momentum=0.9, no_cuda=False, r=5, save_model=None, save_results=True, seed=1, sparsity=0.75, use_relu=True, wd=0.0005) 

Pruning a Two-Layer Fully Connected Redundant Network ...
Train Epoch: 1 [6336/60000 (11%)]	Loss: 0.743024
Train Epoch: 1 [12736/60000 (21%)]	Loss: 0.527251
Train Epoch: 1 [19136/60000 (32%)]	Loss: 0.715980
Train Epoch: 1 [25536/60000 (43%)]	Loss: 0.490911
Train Epoch: 1 [31936/60000 (53%)]	Loss: 0.442560
Train Epoch: 1 [38336/60000 (64%)]	Loss: 0.425960
Train Epoch: 1 [44736/60000 (75%)]	Loss: 0.415416
Train Epoch: 1 [51136/60000 (85%)]	Loss: 0.299683
Train Epoch: 1 [57536/60000 (96%)]	Loss: 0.384081

Test set: Average loss: 0.3648, Accuracy: 8973/10000 (90%)

Train Epoch: 2 [6336/60000 (11%)]	Loss: 0.376725
Train Epoch: 2 [12736/60000 (21%)]	Loss: 0.435587
Train Epoch: 2 [19136/60000 (32%)]	Loss: 0.320236
Train Epoch: 2 [25536/60000 (43%)]	Loss: 0.425020
Train Epoch: 2 [31936/60000 (53%)]	Loss: 0.302707
Train Epoch: 2 [38336/60000 (64%)]	Loss: 0.320428
Train Epoch: 2 [44736/60000 (75%)]	Loss: 0.405874
Train Epoch: 2 [51136/60000 (85%)]	Loss: 0.427615
Train Epoch: 2 [57536/60000 (96%)]	Loss: 0.370319

Test set: Average loss: 0.3231, Accuracy: 9098/10000 (91%)

Train Epoch: 3 [6336/60000 (11%)]	Loss: 0.279201
Train Epoch: 3 [12736/60000 (21%)]	Loss: 0.264422
Train Epoch: 3 [19136/60000 (32%)]	Loss: 0.392200
Train Epoch: 3 [25536/60000 (43%)]	Loss: 0.393013
Train Epoch: 3 [31936/60000 (53%)]	Loss: 0.381765
Train Epoch: 3 [38336/60000 (64%)]	Loss: 0.367581
Train Epoch: 3 [44736/60000 (75%)]	Loss: 0.400567
Train Epoch: 3 [51136/60000 (85%)]	Loss: 0.346646
Train Epoch: 3 [57536/60000 (96%)]	Loss: 0.587367

Test set: Average loss: 0.3402, Accuracy: 9037/10000 (90%)

Train Epoch: 4 [6336/60000 (11%)]	Loss: 0.237877
Train Epoch: 4 [12736/60000 (21%)]	Loss: 0.557064
Train Epoch: 4 [19136/60000 (32%)]	Loss: 0.370265
Train Epoch: 4 [25536/60000 (43%)]	Loss: 0.377011
Train Epoch: 4 [31936/60000 (53%)]	Loss: 0.454860
Train Epoch: 4 [38336/60000 (64%)]	Loss: 0.526426
Train Epoch: 4 [44736/60000 (75%)]	Loss: 0.369101
Train Epoch: 4 [51136/60000 (85%)]	Loss: 0.238903
Train Epoch: 4 [57536/60000 (96%)]	Loss: 0.404429

Test set: Average loss: 0.3159, Accuracy: 9181/10000 (92%)

Train Epoch: 5 [6336/60000 (11%)]	Loss: 0.423749
Train Epoch: 5 [12736/60000 (21%)]	Loss: 0.277807
Train Epoch: 5 [19136/60000 (32%)]	Loss: 0.275935
Train Epoch: 5 [25536/60000 (43%)]	Loss: 0.464430
Train Epoch: 5 [31936/60000 (53%)]	Loss: 0.256096
Train Epoch: 5 [38336/60000 (64%)]	Loss: 0.414126
Train Epoch: 5 [44736/60000 (75%)]	Loss: 0.244942
Train Epoch: 5 [51136/60000 (85%)]	Loss: 0.447622
Train Epoch: 5 [57536/60000 (96%)]	Loss: 0.281241

Test set: Average loss: 0.3446, Accuracy: 9015/10000 (90%)

Train Epoch: 6 [6336/60000 (11%)]	Loss: 0.336389
Train Epoch: 6 [12736/60000 (21%)]	Loss: 0.318462
Train Epoch: 6 [19136/60000 (32%)]	Loss: 0.328721
Train Epoch: 6 [25536/60000 (43%)]	Loss: 0.339810
Train Epoch: 6 [31936/60000 (53%)]	Loss: 0.197577
Train Epoch: 6 [38336/60000 (64%)]	Loss: 0.299931
Train Epoch: 6 [44736/60000 (75%)]	Loss: 0.269348
Train Epoch: 6 [51136/60000 (85%)]	Loss: 0.297248
Train Epoch: 6 [57536/60000 (96%)]	Loss: 0.426633

Test set: Average loss: 0.3665, Accuracy: 8969/10000 (90%)

Train Epoch: 7 [6336/60000 (11%)]	Loss: 0.293333
Train Epoch: 7 [12736/60000 (21%)]	Loss: 0.278502
Train Epoch: 7 [19136/60000 (32%)]	Loss: 0.345238
Train Epoch: 7 [25536/60000 (43%)]	Loss: 0.234678
Train Epoch: 7 [31936/60000 (53%)]	Loss: 0.296964
Train Epoch: 7 [38336/60000 (64%)]	Loss: 0.375300
Train Epoch: 7 [44736/60000 (75%)]	Loss: 0.496315
Train Epoch: 7 [51136/60000 (85%)]	Loss: 0.357186
Train Epoch: 7 [57536/60000 (96%)]	Loss: 0.333241

Test set: Average loss: 0.3646, Accuracy: 8985/10000 (90%)

Train Epoch: 8 [6336/60000 (11%)]	Loss: 0.615582
Train Epoch: 8 [12736/60000 (21%)]	Loss: 0.389061
Train Epoch: 8 [19136/60000 (32%)]	Loss: 0.421619
Train Epoch: 8 [25536/60000 (43%)]	Loss: 0.540327
Train Epoch: 8 [31936/60000 (53%)]	Loss: 0.380098
Train Epoch: 8 [38336/60000 (64%)]	Loss: 0.270894
Train Epoch: 8 [44736/60000 (75%)]	Loss: 0.642643
Train Epoch: 8 [51136/60000 (85%)]	Loss: 0.400851
Train Epoch: 8 [57536/60000 (96%)]	Loss: 0.417692

Test set: Average loss: 0.3837, Accuracy: 8973/10000 (90%)

Train Epoch: 9 [6336/60000 (11%)]	Loss: 0.354916
Train Epoch: 9 [12736/60000 (21%)]	Loss: 0.434261
Train Epoch: 9 [19136/60000 (32%)]	Loss: 0.369662
Train Epoch: 9 [25536/60000 (43%)]	Loss: 0.439310
Train Epoch: 9 [31936/60000 (53%)]	Loss: 0.433652
Train Epoch: 9 [38336/60000 (64%)]	Loss: 0.482311
Train Epoch: 9 [44736/60000 (75%)]	Loss: 0.419130
Train Epoch: 9 [51136/60000 (85%)]	Loss: 0.631123
Train Epoch: 9 [57536/60000 (96%)]	Loss: 0.382260

Test set: Average loss: 0.3923, Accuracy: 8985/10000 (90%)

Train Epoch: 10 [6336/60000 (11%)]	Loss: 0.533621
Train Epoch: 10 [12736/60000 (21%)]	Loss: 0.474068
Train Epoch: 10 [19136/60000 (32%)]	Loss: 0.364958
Train Epoch: 10 [25536/60000 (43%)]	Loss: 0.387990
Train Epoch: 10 [31936/60000 (53%)]	Loss: 0.454288
Train Epoch: 10 [38336/60000 (64%)]	Loss: 0.492591
Train Epoch: 10 [44736/60000 (75%)]	Loss: 0.503996
Train Epoch: 10 [51136/60000 (85%)]	Loss: 0.294692
Train Epoch: 10 [57536/60000 (96%)]	Loss: 0.598155

Test set: Average loss: 0.4004, Accuracy: 8976/10000 (90%)

Train Epoch: 11 [6336/60000 (11%)]	Loss: 0.330391
Train Epoch: 11 [12736/60000 (21%)]	Loss: 0.401056
Train Epoch: 11 [19136/60000 (32%)]	Loss: 0.292237
Train Epoch: 11 [25536/60000 (43%)]	Loss: 0.375690
Train Epoch: 11 [31936/60000 (53%)]	Loss: 0.592435
Train Epoch: 11 [38336/60000 (64%)]	Loss: 0.359554
Train Epoch: 11 [44736/60000 (75%)]	Loss: 0.451840
Train Epoch: 11 [51136/60000 (85%)]	Loss: 0.472799
Train Epoch: 11 [57536/60000 (96%)]	Loss: 0.361056

Test set: Average loss: 0.4206, Accuracy: 8719/10000 (87%)

Train Epoch: 12 [6336/60000 (11%)]	Loss: 0.441806
Train Epoch: 12 [12736/60000 (21%)]	Loss: 0.402049
Train Epoch: 12 [19136/60000 (32%)]	Loss: 0.449652
Train Epoch: 12 [25536/60000 (43%)]	Loss: 0.331612
Train Epoch: 12 [31936/60000 (53%)]	Loss: 0.390380
Train Epoch: 12 [38336/60000 (64%)]	Loss: 0.456970
Train Epoch: 12 [44736/60000 (75%)]	Loss: 0.407065
Train Epoch: 12 [51136/60000 (85%)]	Loss: 0.462587
Train Epoch: 12 [57536/60000 (96%)]	Loss: 0.319566

Test set: Average loss: 0.4222, Accuracy: 8810/10000 (88%)

Train Epoch: 13 [6336/60000 (11%)]	Loss: 0.353075
Train Epoch: 13 [12736/60000 (21%)]	Loss: 0.354792
Train Epoch: 13 [19136/60000 (32%)]	Loss: 0.449393
Train Epoch: 13 [25536/60000 (43%)]	Loss: 0.459511
Train Epoch: 13 [31936/60000 (53%)]	Loss: 0.581261
Train Epoch: 13 [38336/60000 (64%)]	Loss: 0.552259
Train Epoch: 13 [44736/60000 (75%)]	Loss: 0.269853
Train Epoch: 13 [51136/60000 (85%)]	Loss: 0.432732
Train Epoch: 13 [57536/60000 (96%)]	Loss: 0.520588

Test set: Average loss: 0.4005, Accuracy: 8998/10000 (90%)

Train Epoch: 14 [6336/60000 (11%)]	Loss: 0.293435
Train Epoch: 14 [12736/60000 (21%)]	Loss: 0.425728
Train Epoch: 14 [19136/60000 (32%)]	Loss: 0.352771
Train Epoch: 14 [25536/60000 (43%)]	Loss: 0.192701
Train Epoch: 14 [31936/60000 (53%)]	Loss: 0.372162
Train Epoch: 14 [38336/60000 (64%)]	Loss: 0.310164
Train Epoch: 14 [44736/60000 (75%)]	Loss: 0.447589
Train Epoch: 14 [51136/60000 (85%)]	Loss: 0.346766
Train Epoch: 14 [57536/60000 (96%)]	Loss: 0.445738

Test set: Average loss: 0.3791, Accuracy: 8999/10000 (90%)

Train Epoch: 15 [6336/60000 (11%)]	Loss: 0.241946
Train Epoch: 15 [12736/60000 (21%)]	Loss: 0.283723
Train Epoch: 15 [19136/60000 (32%)]	Loss: 0.372200
Train Epoch: 15 [25536/60000 (43%)]	Loss: 0.331524
Train Epoch: 15 [31936/60000 (53%)]	Loss: 0.319407
Train Epoch: 15 [38336/60000 (64%)]	Loss: 0.535941
Train Epoch: 15 [44736/60000 (75%)]	Loss: 0.410768
Train Epoch: 15 [51136/60000 (85%)]	Loss: 0.573686
Train Epoch: 15 [57536/60000 (96%)]	Loss: 0.364704

Test set: Average loss: 0.3611, Accuracy: 9065/10000 (91%)

Train Epoch: 16 [6336/60000 (11%)]	Loss: 0.409056
Train Epoch: 16 [12736/60000 (21%)]	Loss: 0.255174
Train Epoch: 16 [19136/60000 (32%)]	Loss: 0.164981
Train Epoch: 16 [25536/60000 (43%)]	Loss: 0.402195
Train Epoch: 16 [31936/60000 (53%)]	Loss: 0.338329
Train Epoch: 16 [38336/60000 (64%)]	Loss: 0.281829
Train Epoch: 16 [44736/60000 (75%)]	Loss: 0.368453
Train Epoch: 16 [51136/60000 (85%)]	Loss: 0.355202
Train Epoch: 16 [57536/60000 (96%)]	Loss: 0.345921

Test set: Average loss: 0.3347, Accuracy: 9122/10000 (91%)

Train Epoch: 17 [6336/60000 (11%)]	Loss: 0.402696
Train Epoch: 17 [12736/60000 (21%)]	Loss: 0.270833
Train Epoch: 17 [19136/60000 (32%)]	Loss: 0.392877
Train Epoch: 17 [25536/60000 (43%)]	Loss: 0.224018
Train Epoch: 17 [31936/60000 (53%)]	Loss: 0.315548
Train Epoch: 17 [38336/60000 (64%)]	Loss: 0.265254
Train Epoch: 17 [44736/60000 (75%)]	Loss: 0.264705
Train Epoch: 17 [51136/60000 (85%)]	Loss: 0.396931
Train Epoch: 17 [57536/60000 (96%)]	Loss: 0.402140

Test set: Average loss: 0.3229, Accuracy: 9116/10000 (91%)

Train Epoch: 18 [6336/60000 (11%)]	Loss: 0.219072
Train Epoch: 18 [12736/60000 (21%)]	Loss: 0.444246
Train Epoch: 18 [19136/60000 (32%)]	Loss: 0.335730
Train Epoch: 18 [25536/60000 (43%)]	Loss: 0.330793
Train Epoch: 18 [31936/60000 (53%)]	Loss: 0.248455
Train Epoch: 18 [38336/60000 (64%)]	Loss: 0.249560
Train Epoch: 18 [44736/60000 (75%)]	Loss: 0.268101
Train Epoch: 18 [51136/60000 (85%)]	Loss: 0.192106
Train Epoch: 18 [57536/60000 (96%)]	Loss: 0.362903

Test set: Average loss: 0.3146, Accuracy: 9193/10000 (92%)

Train Epoch: 19 [6336/60000 (11%)]	Loss: 0.178550
Train Epoch: 19 [12736/60000 (21%)]	Loss: 0.354338
Train Epoch: 19 [19136/60000 (32%)]	Loss: 0.285565
Train Epoch: 19 [25536/60000 (43%)]	Loss: 0.261831
Train Epoch: 19 [31936/60000 (53%)]	Loss: 0.293786
Train Epoch: 19 [38336/60000 (64%)]	Loss: 0.272319
Train Epoch: 19 [44736/60000 (75%)]	Loss: 0.412196
Train Epoch: 19 [51136/60000 (85%)]	Loss: 0.371550
Train Epoch: 19 [57536/60000 (96%)]	Loss: 0.184882

Test set: Average loss: 0.3101, Accuracy: 9193/10000 (92%)

Namespace(batch_size=64, bias=None, data='../data', device=1, epochs=19, hidden_size=500, load_weights=None, log_interval=100, lr=0.1, model='redfc2', momentum=0.9, no_cuda=False, r=5, save_model=None, save_results=True, seed=1, sparsity=0.75, use_relu=True, wd=0.0005)


Total time spent pruning/training: 1.98 minutes
Total number of parameters in model: 1991420
Number of parameters in pruned model: 497855
