Namespace(batch_size=64, bias=None, data='../data', device=1, epochs=8, hidden_size=500, load_weights=None, log_interval=100, lr=0.1, model='redfc2', momentum=0.9, no_cuda=False, r=5, save_model=None, save_results=True, seed=1, sparsity=0.1, use_relu=True, wd=0.0005) 

Pruning a Two-Layer Fully Connected Redundant Network ...
Train Epoch: 1 [6336/60000 (11%)]	Loss: 0.466836
Train Epoch: 1 [12736/60000 (21%)]	Loss: 0.572155
Train Epoch: 1 [19136/60000 (32%)]	Loss: 0.525000
Train Epoch: 1 [25536/60000 (43%)]	Loss: 0.386608
Train Epoch: 1 [31936/60000 (53%)]	Loss: 0.340176
Train Epoch: 1 [38336/60000 (64%)]	Loss: 0.254994
Train Epoch: 1 [44736/60000 (75%)]	Loss: 0.222446
Train Epoch: 1 [51136/60000 (85%)]	Loss: 0.171231
Train Epoch: 1 [57536/60000 (96%)]	Loss: 0.297344

Test set: Average loss: 0.2921, Accuracy: 9085/10000 (91%)

Train Epoch: 2 [6336/60000 (11%)]	Loss: 0.205928
Train Epoch: 2 [12736/60000 (21%)]	Loss: 0.237729
Train Epoch: 2 [19136/60000 (32%)]	Loss: 0.103861
Train Epoch: 2 [25536/60000 (43%)]	Loss: 0.187140
Train Epoch: 2 [31936/60000 (53%)]	Loss: 0.139070
Train Epoch: 2 [38336/60000 (64%)]	Loss: 0.275947
Train Epoch: 2 [44736/60000 (75%)]	Loss: 0.269220
Train Epoch: 2 [51136/60000 (85%)]	Loss: 0.272544
Train Epoch: 2 [57536/60000 (96%)]	Loss: 0.289961

Test set: Average loss: 0.2603, Accuracy: 9175/10000 (92%)

Train Epoch: 3 [6336/60000 (11%)]	Loss: 0.131685
Train Epoch: 3 [12736/60000 (21%)]	Loss: 0.111689
Train Epoch: 3 [19136/60000 (32%)]	Loss: 0.240668
Train Epoch: 3 [25536/60000 (43%)]	Loss: 0.362384
Train Epoch: 3 [31936/60000 (53%)]	Loss: 0.399418
Train Epoch: 3 [38336/60000 (64%)]	Loss: 0.169119
Train Epoch: 3 [44736/60000 (75%)]	Loss: 0.249906
Train Epoch: 3 [51136/60000 (85%)]	Loss: 0.267429
Train Epoch: 3 [57536/60000 (96%)]	Loss: 0.436319

Test set: Average loss: 0.2656, Accuracy: 9162/10000 (92%)

Train Epoch: 4 [6336/60000 (11%)]	Loss: 0.091493
Train Epoch: 4 [12736/60000 (21%)]	Loss: 0.438498
Train Epoch: 4 [19136/60000 (32%)]	Loss: 0.181612
Train Epoch: 4 [25536/60000 (43%)]	Loss: 0.324131
Train Epoch: 4 [31936/60000 (53%)]	Loss: 0.386140
Train Epoch: 4 [38336/60000 (64%)]	Loss: 0.449852
Train Epoch: 4 [44736/60000 (75%)]	Loss: 0.229730
Train Epoch: 4 [51136/60000 (85%)]	Loss: 0.116235
Train Epoch: 4 [57536/60000 (96%)]	Loss: 0.305368

Test set: Average loss: 0.2375, Accuracy: 9261/10000 (93%)

Train Epoch: 5 [6336/60000 (11%)]	Loss: 0.300231
Train Epoch: 5 [12736/60000 (21%)]	Loss: 0.143061
Train Epoch: 5 [19136/60000 (32%)]	Loss: 0.187657
Train Epoch: 5 [25536/60000 (43%)]	Loss: 0.179680
Train Epoch: 5 [31936/60000 (53%)]	Loss: 0.144176
Train Epoch: 5 [38336/60000 (64%)]	Loss: 0.266256
Train Epoch: 5 [44736/60000 (75%)]	Loss: 0.126790
Train Epoch: 5 [51136/60000 (85%)]	Loss: 0.209445
Train Epoch: 5 [57536/60000 (96%)]	Loss: 0.141032

Test set: Average loss: 0.2287, Accuracy: 9262/10000 (93%)

Train Epoch: 6 [6336/60000 (11%)]	Loss: 0.156725
Train Epoch: 6 [12736/60000 (21%)]	Loss: 0.069057
Train Epoch: 6 [19136/60000 (32%)]	Loss: 0.134570
Train Epoch: 6 [25536/60000 (43%)]	Loss: 0.082355
Train Epoch: 6 [31936/60000 (53%)]	Loss: 0.087428
Train Epoch: 6 [38336/60000 (64%)]	Loss: 0.156354
Train Epoch: 6 [44736/60000 (75%)]	Loss: 0.109783
Train Epoch: 6 [51136/60000 (85%)]	Loss: 0.128702
Train Epoch: 6 [57536/60000 (96%)]	Loss: 0.205473

Test set: Average loss: 0.1925, Accuracy: 9427/10000 (94%)

Train Epoch: 7 [6336/60000 (11%)]	Loss: 0.106943
Train Epoch: 7 [12736/60000 (21%)]	Loss: 0.080656
Train Epoch: 7 [19136/60000 (32%)]	Loss: 0.065098
Train Epoch: 7 [25536/60000 (43%)]	Loss: 0.089290
Train Epoch: 7 [31936/60000 (53%)]	Loss: 0.103183
Train Epoch: 7 [38336/60000 (64%)]	Loss: 0.138227
Train Epoch: 7 [44736/60000 (75%)]	Loss: 0.153565
Train Epoch: 7 [51136/60000 (85%)]	Loss: 0.155313
Train Epoch: 7 [57536/60000 (96%)]	Loss: 0.105653

Test set: Average loss: 0.1432, Accuracy: 9576/10000 (96%)

Train Epoch: 8 [6336/60000 (11%)]	Loss: 0.208316
Train Epoch: 8 [12736/60000 (21%)]	Loss: 0.101156
Train Epoch: 8 [19136/60000 (32%)]	Loss: 0.063159
Train Epoch: 8 [25536/60000 (43%)]	Loss: 0.130052
Train Epoch: 8 [31936/60000 (53%)]	Loss: 0.113228
Train Epoch: 8 [38336/60000 (64%)]	Loss: 0.100206
Train Epoch: 8 [44736/60000 (75%)]	Loss: 0.364872
Train Epoch: 8 [51136/60000 (85%)]	Loss: 0.058697
Train Epoch: 8 [57536/60000 (96%)]	Loss: 0.057477

Test set: Average loss: 0.1311, Accuracy: 9620/10000 (96%)

Namespace(batch_size=64, bias=None, data='../data', device=1, epochs=8, hidden_size=500, load_weights=None, log_interval=100, lr=0.1, model='redfc2', momentum=0.9, no_cuda=False, r=5, save_model=None, save_results=True, seed=1, sparsity=0.1, use_relu=True, wd=0.0005)


Total time spent pruning/training: 0.90 minutes
Total number of parameters in model: 1991420
Number of parameters in pruned model: 1792278
