Namespace(batch_size=64, bias=None, data='../data', device=1, epochs=7, hidden_size=500, load_weights=None, log_interval=100, lr=0.1, model='redfc2', momentum=0.9, no_cuda=False, r=5, save_model=None, save_results=True, seed=1, sparsity=0.05, use_relu=True, wd=0.0005) 

Pruning a Two-Layer Fully Connected Redundant Network ...
Train Epoch: 1 [6336/60000 (11%)]	Loss: 0.517663
Train Epoch: 1 [12736/60000 (21%)]	Loss: 0.645766
Train Epoch: 1 [19136/60000 (32%)]	Loss: 0.763680
Train Epoch: 1 [25536/60000 (43%)]	Loss: 0.387334
Train Epoch: 1 [31936/60000 (53%)]	Loss: 0.408293
Train Epoch: 1 [38336/60000 (64%)]	Loss: 0.336996
Train Epoch: 1 [44736/60000 (75%)]	Loss: 0.442142
Train Epoch: 1 [51136/60000 (85%)]	Loss: 0.232538
Train Epoch: 1 [57536/60000 (96%)]	Loss: 0.307562

Test set: Average loss: 0.3110, Accuracy: 8997/10000 (90%)

Train Epoch: 2 [6336/60000 (11%)]	Loss: 0.156608
Train Epoch: 2 [12736/60000 (21%)]	Loss: 0.404952
Train Epoch: 2 [19136/60000 (32%)]	Loss: 0.148997
Train Epoch: 2 [25536/60000 (43%)]	Loss: 0.354298
Train Epoch: 2 [31936/60000 (53%)]	Loss: 0.234489
Train Epoch: 2 [38336/60000 (64%)]	Loss: 0.282590
Train Epoch: 2 [44736/60000 (75%)]	Loss: 0.460805
Train Epoch: 2 [51136/60000 (85%)]	Loss: 0.335774
Train Epoch: 2 [57536/60000 (96%)]	Loss: 0.341273

Test set: Average loss: 0.3548, Accuracy: 8929/10000 (89%)

Train Epoch: 3 [6336/60000 (11%)]	Loss: 0.214540
Train Epoch: 3 [12736/60000 (21%)]	Loss: 0.198015
Train Epoch: 3 [19136/60000 (32%)]	Loss: 0.368136
Train Epoch: 3 [25536/60000 (43%)]	Loss: 0.381831
Train Epoch: 3 [31936/60000 (53%)]	Loss: 0.417556
Train Epoch: 3 [38336/60000 (64%)]	Loss: 0.298685
Train Epoch: 3 [44736/60000 (75%)]	Loss: 0.219092
Train Epoch: 3 [51136/60000 (85%)]	Loss: 0.329159
Train Epoch: 3 [57536/60000 (96%)]	Loss: 0.530279

Test set: Average loss: 0.3087, Accuracy: 9047/10000 (90%)

Train Epoch: 4 [6336/60000 (11%)]	Loss: 0.283794
Train Epoch: 4 [12736/60000 (21%)]	Loss: 0.521808
Train Epoch: 4 [19136/60000 (32%)]	Loss: 0.221767
Train Epoch: 4 [25536/60000 (43%)]	Loss: 0.406338
Train Epoch: 4 [31936/60000 (53%)]	Loss: 0.487120
Train Epoch: 4 [38336/60000 (64%)]	Loss: 0.381492
Train Epoch: 4 [44736/60000 (75%)]	Loss: 0.395165
Train Epoch: 4 [51136/60000 (85%)]	Loss: 0.224937
Train Epoch: 4 [57536/60000 (96%)]	Loss: 0.487979

Test set: Average loss: 0.3234, Accuracy: 9012/10000 (90%)

Train Epoch: 5 [6336/60000 (11%)]	Loss: 0.518958
Train Epoch: 5 [12736/60000 (21%)]	Loss: 0.370364
Train Epoch: 5 [19136/60000 (32%)]	Loss: 0.351415
Train Epoch: 5 [25536/60000 (43%)]	Loss: 0.413436
Train Epoch: 5 [31936/60000 (53%)]	Loss: 0.274742
Train Epoch: 5 [38336/60000 (64%)]	Loss: 0.501646
Train Epoch: 5 [44736/60000 (75%)]	Loss: 0.287317
Train Epoch: 5 [51136/60000 (85%)]	Loss: 0.539038
Train Epoch: 5 [57536/60000 (96%)]	Loss: 0.301589

Test set: Average loss: 0.3700, Accuracy: 8840/10000 (88%)

Train Epoch: 6 [6336/60000 (11%)]	Loss: 0.255897
Train Epoch: 6 [12736/60000 (21%)]	Loss: 0.209342
Train Epoch: 6 [19136/60000 (32%)]	Loss: 0.231831
Train Epoch: 6 [25536/60000 (43%)]	Loss: 0.140794
Train Epoch: 6 [31936/60000 (53%)]	Loss: 0.218383
Train Epoch: 6 [38336/60000 (64%)]	Loss: 0.318616
Train Epoch: 6 [44736/60000 (75%)]	Loss: 0.254584
Train Epoch: 6 [51136/60000 (85%)]	Loss: 0.337003
Train Epoch: 6 [57536/60000 (96%)]	Loss: 0.391770

Test set: Average loss: 0.2992, Accuracy: 9108/10000 (91%)

Train Epoch: 7 [6336/60000 (11%)]	Loss: 0.194311
Train Epoch: 7 [12736/60000 (21%)]	Loss: 0.215494
Train Epoch: 7 [19136/60000 (32%)]	Loss: 0.190175
Train Epoch: 7 [25536/60000 (43%)]	Loss: 0.117185
Train Epoch: 7 [31936/60000 (53%)]	Loss: 0.286622
Train Epoch: 7 [38336/60000 (64%)]	Loss: 0.154592
Train Epoch: 7 [44736/60000 (75%)]	Loss: 0.350522
Train Epoch: 7 [51136/60000 (85%)]	Loss: 0.250779
Train Epoch: 7 [57536/60000 (96%)]	Loss: 0.214836

Test set: Average loss: 0.2635, Accuracy: 9154/10000 (92%)

Namespace(batch_size=64, bias=None, data='../data', device=1, epochs=7, hidden_size=500, load_weights=None, log_interval=100, lr=0.1, model='redfc2', momentum=0.9, no_cuda=False, r=5, save_model=None, save_results=True, seed=1, sparsity=0.05, use_relu=True, wd=0.0005)


Total time spent pruning/training: 0.77 minutes
Total number of parameters in model: 1991420
Number of parameters in pruned model: 1891849
