Namespace(batch_size=64, bias=None, data='../data', device=1, epochs=7, hidden_size=500, load_weights=None, log_interval=100, lr=0.1, model='redfc2', momentum=0.9, no_cuda=False, r=5, save_model=None, save_results=True, seed=1, sparsity=0.025, use_relu=False, wd=0.0005) 

Pruning a Two-Layer Fully Connected Redundant Network ...
Train Epoch: 1 [6336/60000 (11%)]	Loss: 1.659309
Train Epoch: 1 [12736/60000 (21%)]	Loss: 1.421875
Train Epoch: 1 [19136/60000 (32%)]	Loss: 1.776607
Train Epoch: 1 [25536/60000 (43%)]	Loss: 1.598150
Train Epoch: 1 [31936/60000 (53%)]	Loss: 1.630796
Train Epoch: 1 [38336/60000 (64%)]	Loss: 1.568500
Train Epoch: 1 [44736/60000 (75%)]	Loss: 2.402976
Train Epoch: 1 [51136/60000 (85%)]	Loss: 3.034821
Train Epoch: 1 [57536/60000 (96%)]	Loss: 3.336103

Test set: Average loss: 4.6209, Accuracy: 4382/10000 (44%)

Train Epoch: 2 [6336/60000 (11%)]	Loss: 2.878551
Train Epoch: 2 [12736/60000 (21%)]	Loss: 4.694407
Train Epoch: 2 [19136/60000 (32%)]	Loss: 6.967977
Train Epoch: 2 [25536/60000 (43%)]	Loss: 6.995870
Train Epoch: 2 [31936/60000 (53%)]	Loss: 7.518833
Train Epoch: 2 [38336/60000 (64%)]	Loss: 7.406337
Train Epoch: 2 [44736/60000 (75%)]	Loss: 8.179309
Train Epoch: 2 [51136/60000 (85%)]	Loss: 7.777694
Train Epoch: 2 [57536/60000 (96%)]	Loss: 9.245255

Test set: Average loss: 7.7251, Accuracy: 2653/10000 (27%)

Train Epoch: 3 [6336/60000 (11%)]	Loss: 7.414679
Train Epoch: 3 [12736/60000 (21%)]	Loss: 9.920850
Train Epoch: 3 [19136/60000 (32%)]	Loss: 9.968225
Train Epoch: 3 [25536/60000 (43%)]	Loss: 8.097140
Train Epoch: 3 [31936/60000 (53%)]	Loss: 9.662622
Train Epoch: 3 [38336/60000 (64%)]	Loss: 10.883178
Train Epoch: 3 [44736/60000 (75%)]	Loss: 9.775731
Train Epoch: 3 [51136/60000 (85%)]	Loss: 11.054656
Train Epoch: 3 [57536/60000 (96%)]	Loss: 10.473542

Test set: Average loss: 10.3096, Accuracy: 1718/10000 (17%)

Train Epoch: 4 [6336/60000 (11%)]	Loss: 11.085234
Train Epoch: 4 [12736/60000 (21%)]	Loss: 12.111293
Train Epoch: 4 [19136/60000 (32%)]	Loss: 10.426351
Train Epoch: 4 [25536/60000 (43%)]	Loss: 12.819012
Train Epoch: 4 [31936/60000 (53%)]	Loss: 9.689230
Train Epoch: 4 [38336/60000 (64%)]	Loss: 10.192427
Train Epoch: 4 [44736/60000 (75%)]	Loss: 11.216861
Train Epoch: 4 [51136/60000 (85%)]	Loss: 8.966370
Train Epoch: 4 [57536/60000 (96%)]	Loss: 11.530667

Test set: Average loss: 11.6020, Accuracy: 1534/10000 (15%)

Train Epoch: 5 [6336/60000 (11%)]	Loss: 12.786512
Train Epoch: 5 [12736/60000 (21%)]	Loss: 11.864965
Train Epoch: 5 [19136/60000 (32%)]	Loss: 12.257277
Train Epoch: 5 [25536/60000 (43%)]	Loss: 11.400710
Train Epoch: 5 [31936/60000 (53%)]	Loss: 10.753273
Train Epoch: 5 [38336/60000 (64%)]	Loss: 11.366266
Train Epoch: 5 [44736/60000 (75%)]	Loss: 14.674567
Train Epoch: 5 [51136/60000 (85%)]	Loss: 14.532668
Train Epoch: 5 [57536/60000 (96%)]	Loss: 11.350628

Test set: Average loss: 12.0071, Accuracy: 1432/10000 (14%)

Train Epoch: 6 [6336/60000 (11%)]	Loss: 11.524693
Train Epoch: 6 [12736/60000 (21%)]	Loss: 10.404217
Train Epoch: 6 [19136/60000 (32%)]	Loss: 12.157348
Train Epoch: 6 [25536/60000 (43%)]	Loss: 11.602409
Train Epoch: 6 [31936/60000 (53%)]	Loss: 12.500834
Train Epoch: 6 [38336/60000 (64%)]	Loss: 14.302910
Train Epoch: 6 [44736/60000 (75%)]	Loss: 12.950017
Train Epoch: 6 [51136/60000 (85%)]	Loss: 12.171751
Train Epoch: 6 [57536/60000 (96%)]	Loss: 14.036666

Test set: Average loss: 12.0994, Accuracy: 1313/10000 (13%)

Train Epoch: 7 [6336/60000 (11%)]	Loss: 12.049651
Train Epoch: 7 [12736/60000 (21%)]	Loss: 11.518703
Train Epoch: 7 [19136/60000 (32%)]	Loss: 11.233618
Train Epoch: 7 [25536/60000 (43%)]	Loss: 10.845993
Train Epoch: 7 [31936/60000 (53%)]	Loss: 9.883722
Train Epoch: 7 [38336/60000 (64%)]	Loss: 12.752212
Train Epoch: 7 [44736/60000 (75%)]	Loss: 11.268596
Train Epoch: 7 [51136/60000 (85%)]	Loss: 11.289606
Train Epoch: 7 [57536/60000 (96%)]	Loss: 10.884871

Test set: Average loss: 12.8451, Accuracy: 1343/10000 (13%)

Namespace(batch_size=64, bias=None, data='../data', device=1, epochs=7, hidden_size=500, load_weights=None, log_interval=100, lr=0.1, model='redfc2', momentum=0.9, no_cuda=False, r=5, save_model=None, save_results=True, seed=1, sparsity=0.025, use_relu=False, wd=0.0005)


Total time spent pruning/training: 0.77 minutes
Total number of parameters in model: 1991420
Number of parameters in pruned model: 1941634
