Namespace(batch_size=64, bias=None, data='../data', device=1, epochs=14, hidden_size=500, load_weights=None, log_interval=100, lr=0.1, model='redfc2', momentum=0.9, no_cuda=False, r=5, save_model=None, save_results=True, seed=1, sparsity=0.9, use_relu=False, wd=0.0005) 

Pruning a Two-Layer Fully Connected Redundant Network ...
Train Epoch: 1 [6336/60000 (11%)]	Loss: 0.889037
Train Epoch: 1 [12736/60000 (21%)]	Loss: 0.605292
Train Epoch: 1 [19136/60000 (32%)]	Loss: 0.632215
Train Epoch: 1 [25536/60000 (43%)]	Loss: 0.495929
Train Epoch: 1 [31936/60000 (53%)]	Loss: 0.509614
Train Epoch: 1 [38336/60000 (64%)]	Loss: 0.406307
Train Epoch: 1 [44736/60000 (75%)]	Loss: 0.391303
Train Epoch: 1 [51136/60000 (85%)]	Loss: 0.353821
Train Epoch: 1 [57536/60000 (96%)]	Loss: 0.299610

Test set: Average loss: 0.3351, Accuracy: 9046/10000 (90%)

Train Epoch: 2 [6336/60000 (11%)]	Loss: 0.287479
Train Epoch: 2 [12736/60000 (21%)]	Loss: 0.361680
Train Epoch: 2 [19136/60000 (32%)]	Loss: 0.256320
Train Epoch: 2 [25536/60000 (43%)]	Loss: 0.470404
Train Epoch: 2 [31936/60000 (53%)]	Loss: 0.293612
Train Epoch: 2 [38336/60000 (64%)]	Loss: 0.282776
Train Epoch: 2 [44736/60000 (75%)]	Loss: 0.267680
Train Epoch: 2 [51136/60000 (85%)]	Loss: 0.351243
Train Epoch: 2 [57536/60000 (96%)]	Loss: 0.362836

Test set: Average loss: 0.2705, Accuracy: 9210/10000 (92%)

Train Epoch: 3 [6336/60000 (11%)]	Loss: 0.199294
Train Epoch: 3 [12736/60000 (21%)]	Loss: 0.183036
Train Epoch: 3 [19136/60000 (32%)]	Loss: 0.273732
Train Epoch: 3 [25536/60000 (43%)]	Loss: 0.383121
Train Epoch: 3 [31936/60000 (53%)]	Loss: 0.429264
Train Epoch: 3 [38336/60000 (64%)]	Loss: 0.282508
Train Epoch: 3 [44736/60000 (75%)]	Loss: 0.289448
Train Epoch: 3 [51136/60000 (85%)]	Loss: 0.298921
Train Epoch: 3 [57536/60000 (96%)]	Loss: 0.419167

Test set: Average loss: 0.2459, Accuracy: 9264/10000 (93%)

Train Epoch: 4 [6336/60000 (11%)]	Loss: 0.212827
Train Epoch: 4 [12736/60000 (21%)]	Loss: 0.509875
Train Epoch: 4 [19136/60000 (32%)]	Loss: 0.264420
Train Epoch: 4 [25536/60000 (43%)]	Loss: 0.281655
Train Epoch: 4 [31936/60000 (53%)]	Loss: 0.474176
Train Epoch: 4 [38336/60000 (64%)]	Loss: 0.400914
Train Epoch: 4 [44736/60000 (75%)]	Loss: 0.271517
Train Epoch: 4 [51136/60000 (85%)]	Loss: 0.187451
Train Epoch: 4 [57536/60000 (96%)]	Loss: 0.339449

Test set: Average loss: 0.2650, Accuracy: 9246/10000 (92%)

Train Epoch: 5 [6336/60000 (11%)]	Loss: 0.322517
Train Epoch: 5 [12736/60000 (21%)]	Loss: 0.234580
Train Epoch: 5 [19136/60000 (32%)]	Loss: 0.170964
Train Epoch: 5 [25536/60000 (43%)]	Loss: 0.345992
Train Epoch: 5 [31936/60000 (53%)]	Loss: 0.118274
Train Epoch: 5 [38336/60000 (64%)]	Loss: 0.384417
Train Epoch: 5 [44736/60000 (75%)]	Loss: 0.166182
Train Epoch: 5 [51136/60000 (85%)]	Loss: 0.344613
Train Epoch: 5 [57536/60000 (96%)]	Loss: 0.246893

Test set: Average loss: 0.2406, Accuracy: 9301/10000 (93%)

Train Epoch: 6 [6336/60000 (11%)]	Loss: 0.247610
Train Epoch: 6 [12736/60000 (21%)]	Loss: 0.179336
Train Epoch: 6 [19136/60000 (32%)]	Loss: 0.244954
Train Epoch: 6 [25536/60000 (43%)]	Loss: 0.184899
Train Epoch: 6 [31936/60000 (53%)]	Loss: 0.149826
Train Epoch: 6 [38336/60000 (64%)]	Loss: 0.202384
Train Epoch: 6 [44736/60000 (75%)]	Loss: 0.184426
Train Epoch: 6 [51136/60000 (85%)]	Loss: 0.132060
Train Epoch: 6 [57536/60000 (96%)]	Loss: 0.370244

Test set: Average loss: 0.2606, Accuracy: 9192/10000 (92%)

Train Epoch: 7 [6336/60000 (11%)]	Loss: 0.226798
Train Epoch: 7 [12736/60000 (21%)]	Loss: 0.126679
Train Epoch: 7 [19136/60000 (32%)]	Loss: 0.247421
Train Epoch: 7 [25536/60000 (43%)]	Loss: 0.216974
Train Epoch: 7 [31936/60000 (53%)]	Loss: 0.166533
Train Epoch: 7 [38336/60000 (64%)]	Loss: 0.280062
Train Epoch: 7 [44736/60000 (75%)]	Loss: 0.436780
Train Epoch: 7 [51136/60000 (85%)]	Loss: 0.244701
Train Epoch: 7 [57536/60000 (96%)]	Loss: 0.282471

Test set: Average loss: 0.2452, Accuracy: 9308/10000 (93%)

Train Epoch: 8 [6336/60000 (11%)]	Loss: 0.362200
Train Epoch: 8 [12736/60000 (21%)]	Loss: 0.224947
Train Epoch: 8 [19136/60000 (32%)]	Loss: 0.261710
Train Epoch: 8 [25536/60000 (43%)]	Loss: 0.287456
Train Epoch: 8 [31936/60000 (53%)]	Loss: 0.257359
Train Epoch: 8 [38336/60000 (64%)]	Loss: 0.133877
Train Epoch: 8 [44736/60000 (75%)]	Loss: 0.504398
Train Epoch: 8 [51136/60000 (85%)]	Loss: 0.250244
Train Epoch: 8 [57536/60000 (96%)]	Loss: 0.334947

Test set: Average loss: 0.2473, Accuracy: 9310/10000 (93%)

Train Epoch: 9 [6336/60000 (11%)]	Loss: 0.179247
Train Epoch: 9 [12736/60000 (21%)]	Loss: 0.226648
Train Epoch: 9 [19136/60000 (32%)]	Loss: 0.167861
Train Epoch: 9 [25536/60000 (43%)]	Loss: 0.262032
Train Epoch: 9 [31936/60000 (53%)]	Loss: 0.216555
Train Epoch: 9 [38336/60000 (64%)]	Loss: 0.290400
Train Epoch: 9 [44736/60000 (75%)]	Loss: 0.176889
Train Epoch: 9 [51136/60000 (85%)]	Loss: 0.529587
Train Epoch: 9 [57536/60000 (96%)]	Loss: 0.215334

Test set: Average loss: 0.2339, Accuracy: 9322/10000 (93%)

Train Epoch: 10 [6336/60000 (11%)]	Loss: 0.290067
Train Epoch: 10 [12736/60000 (21%)]	Loss: 0.270780
Train Epoch: 10 [19136/60000 (32%)]	Loss: 0.216578
Train Epoch: 10 [25536/60000 (43%)]	Loss: 0.226598
Train Epoch: 10 [31936/60000 (53%)]	Loss: 0.223340
Train Epoch: 10 [38336/60000 (64%)]	Loss: 0.310476
Train Epoch: 10 [44736/60000 (75%)]	Loss: 0.269827
Train Epoch: 10 [51136/60000 (85%)]	Loss: 0.170742
Train Epoch: 10 [57536/60000 (96%)]	Loss: 0.211800

Test set: Average loss: 0.2086, Accuracy: 9386/10000 (94%)

Train Epoch: 11 [6336/60000 (11%)]	Loss: 0.237283
Train Epoch: 11 [12736/60000 (21%)]	Loss: 0.177776
Train Epoch: 11 [19136/60000 (32%)]	Loss: 0.108801
Train Epoch: 11 [25536/60000 (43%)]	Loss: 0.185167
Train Epoch: 11 [31936/60000 (53%)]	Loss: 0.204535
Train Epoch: 11 [38336/60000 (64%)]	Loss: 0.147793
Train Epoch: 11 [44736/60000 (75%)]	Loss: 0.228084
Train Epoch: 11 [51136/60000 (85%)]	Loss: 0.272957
Train Epoch: 11 [57536/60000 (96%)]	Loss: 0.157738

Test set: Average loss: 0.1980, Accuracy: 9413/10000 (94%)

Train Epoch: 12 [6336/60000 (11%)]	Loss: 0.183602
Train Epoch: 12 [12736/60000 (21%)]	Loss: 0.173397
Train Epoch: 12 [19136/60000 (32%)]	Loss: 0.108172
Train Epoch: 12 [25536/60000 (43%)]	Loss: 0.073389
Train Epoch: 12 [31936/60000 (53%)]	Loss: 0.112961
Train Epoch: 12 [38336/60000 (64%)]	Loss: 0.215666
Train Epoch: 12 [44736/60000 (75%)]	Loss: 0.196936
Train Epoch: 12 [51136/60000 (85%)]	Loss: 0.181931
Train Epoch: 12 [57536/60000 (96%)]	Loss: 0.125207

Test set: Average loss: 0.1602, Accuracy: 9536/10000 (95%)

Train Epoch: 13 [6336/60000 (11%)]	Loss: 0.120297
Train Epoch: 13 [12736/60000 (21%)]	Loss: 0.186297
Train Epoch: 13 [19136/60000 (32%)]	Loss: 0.182310
Train Epoch: 13 [25536/60000 (43%)]	Loss: 0.206594
Train Epoch: 13 [31936/60000 (53%)]	Loss: 0.267678
Train Epoch: 13 [38336/60000 (64%)]	Loss: 0.385185
Train Epoch: 13 [44736/60000 (75%)]	Loss: 0.052507
Train Epoch: 13 [51136/60000 (85%)]	Loss: 0.160833
Train Epoch: 13 [57536/60000 (96%)]	Loss: 0.096861

Test set: Average loss: 0.1556, Accuracy: 9546/10000 (95%)

Train Epoch: 14 [6336/60000 (11%)]	Loss: 0.093744
Train Epoch: 14 [12736/60000 (21%)]	Loss: 0.167327
Train Epoch: 14 [19136/60000 (32%)]	Loss: 0.074466
Train Epoch: 14 [25536/60000 (43%)]	Loss: 0.050859
Train Epoch: 14 [31936/60000 (53%)]	Loss: 0.072174
Train Epoch: 14 [38336/60000 (64%)]	Loss: 0.175521
Train Epoch: 14 [44736/60000 (75%)]	Loss: 0.078176
Train Epoch: 14 [51136/60000 (85%)]	Loss: 0.109095
Train Epoch: 14 [57536/60000 (96%)]	Loss: 0.131506

Test set: Average loss: 0.1461, Accuracy: 9586/10000 (96%)

Namespace(batch_size=64, bias=None, data='../data', device=1, epochs=14, hidden_size=500, load_weights=None, log_interval=100, lr=0.1, model='redfc2', momentum=0.9, no_cuda=False, r=5, save_model=None, save_results=True, seed=1, sparsity=0.9, use_relu=False, wd=0.0005)


Total time spent pruning/training: 1.53 minutes
Total number of parameters in model: 1991420
Number of parameters in pruned model: 199141
