Namespace(batch_size=64, bias=None, data='../data', device=1, epochs=18, hidden_size=500, load_weights=None, log_interval=100, lr=0.1, model='redfc2', momentum=0.9, no_cuda=False, r=5, save_model=None, save_results=True, seed=1, sparsity=0.98, use_relu=False, wd=0.0005) 

Pruning a Two-Layer Fully Connected Redundant Network ...
Train Epoch: 1 [6336/60000 (11%)]	Loss: 2.251168
Train Epoch: 1 [12736/60000 (21%)]	Loss: 2.148080
Train Epoch: 1 [19136/60000 (32%)]	Loss: 2.037038
Train Epoch: 1 [25536/60000 (43%)]	Loss: 1.997554
Train Epoch: 1 [31936/60000 (53%)]	Loss: 1.919232
Train Epoch: 1 [38336/60000 (64%)]	Loss: 1.786208
Train Epoch: 1 [44736/60000 (75%)]	Loss: 1.788889
Train Epoch: 1 [51136/60000 (85%)]	Loss: 1.746992
Train Epoch: 1 [57536/60000 (96%)]	Loss: 1.747068

Test set: Average loss: 1.6558, Accuracy: 5639/10000 (56%)

Train Epoch: 2 [6336/60000 (11%)]	Loss: 1.717185
Train Epoch: 2 [12736/60000 (21%)]	Loss: 1.619928
Train Epoch: 2 [19136/60000 (32%)]	Loss: 1.650596
Train Epoch: 2 [25536/60000 (43%)]	Loss: 1.607654
Train Epoch: 2 [31936/60000 (53%)]	Loss: 1.595839
Train Epoch: 2 [38336/60000 (64%)]	Loss: 1.590287
Train Epoch: 2 [44736/60000 (75%)]	Loss: 1.530932
Train Epoch: 2 [51136/60000 (85%)]	Loss: 1.559994
Train Epoch: 2 [57536/60000 (96%)]	Loss: 1.530611

Test set: Average loss: 1.4527, Accuracy: 6240/10000 (62%)

Train Epoch: 3 [6336/60000 (11%)]	Loss: 1.408770
Train Epoch: 3 [12736/60000 (21%)]	Loss: 1.425258
Train Epoch: 3 [19136/60000 (32%)]	Loss: 1.565657
Train Epoch: 3 [25536/60000 (43%)]	Loss: 1.371206
Train Epoch: 3 [31936/60000 (53%)]	Loss: 1.414276
Train Epoch: 3 [38336/60000 (64%)]	Loss: 1.526106
Train Epoch: 3 [44736/60000 (75%)]	Loss: 1.492962
Train Epoch: 3 [51136/60000 (85%)]	Loss: 1.424034
Train Epoch: 3 [57536/60000 (96%)]	Loss: 1.455943

Test set: Average loss: 1.4241, Accuracy: 6477/10000 (65%)

Train Epoch: 4 [6336/60000 (11%)]	Loss: 1.376155
Train Epoch: 4 [12736/60000 (21%)]	Loss: 1.381530
Train Epoch: 4 [19136/60000 (32%)]	Loss: 1.477637
Train Epoch: 4 [25536/60000 (43%)]	Loss: 1.536961
Train Epoch: 4 [31936/60000 (53%)]	Loss: 1.493912
Train Epoch: 4 [38336/60000 (64%)]	Loss: 1.461614
Train Epoch: 4 [44736/60000 (75%)]	Loss: 1.415369
Train Epoch: 4 [51136/60000 (85%)]	Loss: 1.292223
Train Epoch: 4 [57536/60000 (96%)]	Loss: 1.553551

Test set: Average loss: 1.4736, Accuracy: 6207/10000 (62%)

Train Epoch: 5 [6336/60000 (11%)]	Loss: 1.511316
Train Epoch: 5 [12736/60000 (21%)]	Loss: 1.438947
Train Epoch: 5 [19136/60000 (32%)]	Loss: 1.423310
Train Epoch: 5 [25536/60000 (43%)]	Loss: 1.470277
Train Epoch: 5 [31936/60000 (53%)]	Loss: 1.461586
Train Epoch: 5 [38336/60000 (64%)]	Loss: 1.557672
Train Epoch: 5 [44736/60000 (75%)]	Loss: 1.515791
Train Epoch: 5 [51136/60000 (85%)]	Loss: 1.473795
Train Epoch: 5 [57536/60000 (96%)]	Loss: 1.562517

Test set: Average loss: 1.4614, Accuracy: 5848/10000 (58%)

Train Epoch: 6 [6336/60000 (11%)]	Loss: 1.467499
Train Epoch: 6 [12736/60000 (21%)]	Loss: 1.514854
Train Epoch: 6 [19136/60000 (32%)]	Loss: 1.563070
Train Epoch: 6 [25536/60000 (43%)]	Loss: 1.345782
Train Epoch: 6 [31936/60000 (53%)]	Loss: 1.405569
Train Epoch: 6 [38336/60000 (64%)]	Loss: 1.524258
Train Epoch: 6 [44736/60000 (75%)]	Loss: 1.389121
Train Epoch: 6 [51136/60000 (85%)]	Loss: 1.428667
Train Epoch: 6 [57536/60000 (96%)]	Loss: 1.460395

Test set: Average loss: 1.4724, Accuracy: 5908/10000 (59%)

Train Epoch: 7 [6336/60000 (11%)]	Loss: 1.459161
Train Epoch: 7 [12736/60000 (21%)]	Loss: 1.588403
Train Epoch: 7 [19136/60000 (32%)]	Loss: 1.517071
Train Epoch: 7 [25536/60000 (43%)]	Loss: 1.542599
Train Epoch: 7 [31936/60000 (53%)]	Loss: 1.522406
Train Epoch: 7 [38336/60000 (64%)]	Loss: 1.514976
Train Epoch: 7 [44736/60000 (75%)]	Loss: 1.609454
Train Epoch: 7 [51136/60000 (85%)]	Loss: 1.624712
Train Epoch: 7 [57536/60000 (96%)]	Loss: 1.514478

Test set: Average loss: 1.4824, Accuracy: 5805/10000 (58%)

Train Epoch: 8 [6336/60000 (11%)]	Loss: 1.634561
Train Epoch: 8 [12736/60000 (21%)]	Loss: 1.557701
Train Epoch: 8 [19136/60000 (32%)]	Loss: 1.518922
Train Epoch: 8 [25536/60000 (43%)]	Loss: 1.596127
Train Epoch: 8 [31936/60000 (53%)]	Loss: 1.528591
Train Epoch: 8 [38336/60000 (64%)]	Loss: 1.515790
Train Epoch: 8 [44736/60000 (75%)]	Loss: 1.588076
Train Epoch: 8 [51136/60000 (85%)]	Loss: 1.551803
Train Epoch: 8 [57536/60000 (96%)]	Loss: 1.574274

Test set: Average loss: 1.5259, Accuracy: 5500/10000 (55%)

Train Epoch: 9 [6336/60000 (11%)]	Loss: 1.581837
Train Epoch: 9 [12736/60000 (21%)]	Loss: 1.535372
Train Epoch: 9 [19136/60000 (32%)]	Loss: 1.574967
Train Epoch: 9 [25536/60000 (43%)]	Loss: 1.532148
Train Epoch: 9 [31936/60000 (53%)]	Loss: 1.449472
Train Epoch: 9 [38336/60000 (64%)]	Loss: 1.628351
Train Epoch: 9 [44736/60000 (75%)]	Loss: 1.552167
Train Epoch: 9 [51136/60000 (85%)]	Loss: 1.678568
Train Epoch: 9 [57536/60000 (96%)]	Loss: 1.591638

Test set: Average loss: 1.5417, Accuracy: 5492/10000 (55%)

Train Epoch: 10 [6336/60000 (11%)]	Loss: 1.587001
Train Epoch: 10 [12736/60000 (21%)]	Loss: 1.442536
Train Epoch: 10 [19136/60000 (32%)]	Loss: 1.539085
Train Epoch: 10 [25536/60000 (43%)]	Loss: 1.660568
Train Epoch: 10 [31936/60000 (53%)]	Loss: 1.506550
Train Epoch: 10 [38336/60000 (64%)]	Loss: 1.734454
Train Epoch: 10 [44736/60000 (75%)]	Loss: 1.632082
Train Epoch: 10 [51136/60000 (85%)]	Loss: 1.520807
Train Epoch: 10 [57536/60000 (96%)]	Loss: 1.558105

Test set: Average loss: 1.5257, Accuracy: 5517/10000 (55%)

Train Epoch: 11 [6336/60000 (11%)]	Loss: 1.564575
Train Epoch: 11 [12736/60000 (21%)]	Loss: 1.495633
Train Epoch: 11 [19136/60000 (32%)]	Loss: 1.530116
Train Epoch: 11 [25536/60000 (43%)]	Loss: 1.623586
Train Epoch: 11 [31936/60000 (53%)]	Loss: 1.701045
Train Epoch: 11 [38336/60000 (64%)]	Loss: 1.581130
Train Epoch: 11 [44736/60000 (75%)]	Loss: 1.528679
Train Epoch: 11 [51136/60000 (85%)]	Loss: 1.542167
Train Epoch: 11 [57536/60000 (96%)]	Loss: 1.527122

Test set: Average loss: 1.5217, Accuracy: 5698/10000 (57%)

Train Epoch: 12 [6336/60000 (11%)]	Loss: 1.600748
Train Epoch: 12 [12736/60000 (21%)]	Loss: 1.613353
Train Epoch: 12 [19136/60000 (32%)]	Loss: 1.561867
Train Epoch: 12 [25536/60000 (43%)]	Loss: 1.382479
Train Epoch: 12 [31936/60000 (53%)]	Loss: 1.581807
Train Epoch: 12 [38336/60000 (64%)]	Loss: 1.653384
Train Epoch: 12 [44736/60000 (75%)]	Loss: 1.457486
Train Epoch: 12 [51136/60000 (85%)]	Loss: 1.560374
Train Epoch: 12 [57536/60000 (96%)]	Loss: 1.482171

Test set: Average loss: 1.5330, Accuracy: 5781/10000 (58%)

Train Epoch: 13 [6336/60000 (11%)]	Loss: 1.568041
Train Epoch: 13 [12736/60000 (21%)]	Loss: 1.494035
Train Epoch: 13 [19136/60000 (32%)]	Loss: 1.435356
Train Epoch: 13 [25536/60000 (43%)]	Loss: 1.630465
Train Epoch: 13 [31936/60000 (53%)]	Loss: 1.530162
Train Epoch: 13 [38336/60000 (64%)]	Loss: 1.520546
Train Epoch: 13 [44736/60000 (75%)]	Loss: 1.404217
Train Epoch: 13 [51136/60000 (85%)]	Loss: 1.533776
Train Epoch: 13 [57536/60000 (96%)]	Loss: 1.576471

Test set: Average loss: 1.5260, Accuracy: 5552/10000 (56%)

Train Epoch: 14 [6336/60000 (11%)]	Loss: 1.394732
Train Epoch: 14 [12736/60000 (21%)]	Loss: 1.500386
Train Epoch: 14 [19136/60000 (32%)]	Loss: 1.530625
Train Epoch: 14 [25536/60000 (43%)]	Loss: 1.384638
Train Epoch: 14 [31936/60000 (53%)]	Loss: 1.467052
Train Epoch: 14 [38336/60000 (64%)]	Loss: 1.575498
Train Epoch: 14 [44736/60000 (75%)]	Loss: 1.461008
Train Epoch: 14 [51136/60000 (85%)]	Loss: 1.560342
Train Epoch: 14 [57536/60000 (96%)]	Loss: 1.370889

Test set: Average loss: 1.4623, Accuracy: 5805/10000 (58%)

Train Epoch: 15 [6336/60000 (11%)]	Loss: 1.457364
Train Epoch: 15 [12736/60000 (21%)]	Loss: 1.385952
Train Epoch: 15 [19136/60000 (32%)]	Loss: 1.395297
Train Epoch: 15 [25536/60000 (43%)]	Loss: 1.478730
Train Epoch: 15 [31936/60000 (53%)]	Loss: 1.397493
Train Epoch: 15 [38336/60000 (64%)]	Loss: 1.496428
Train Epoch: 15 [44736/60000 (75%)]	Loss: 1.431676
Train Epoch: 15 [51136/60000 (85%)]	Loss: 1.534592
Train Epoch: 15 [57536/60000 (96%)]	Loss: 1.471009

Test set: Average loss: 1.4397, Accuracy: 6250/10000 (62%)

Train Epoch: 16 [6336/60000 (11%)]	Loss: 1.395819
Train Epoch: 16 [12736/60000 (21%)]	Loss: 1.384222
Train Epoch: 16 [19136/60000 (32%)]	Loss: 1.237805
Train Epoch: 16 [25536/60000 (43%)]	Loss: 1.465257
Train Epoch: 16 [31936/60000 (53%)]	Loss: 1.479907
Train Epoch: 16 [38336/60000 (64%)]	Loss: 1.471594
Train Epoch: 16 [44736/60000 (75%)]	Loss: 1.406393
Train Epoch: 16 [51136/60000 (85%)]	Loss: 1.350716
Train Epoch: 16 [57536/60000 (96%)]	Loss: 1.401988

Test set: Average loss: 1.3962, Accuracy: 6034/10000 (60%)

Train Epoch: 17 [6336/60000 (11%)]	Loss: 1.372493
Train Epoch: 17 [12736/60000 (21%)]	Loss: 1.425000
Train Epoch: 17 [19136/60000 (32%)]	Loss: 1.357700
Train Epoch: 17 [25536/60000 (43%)]	Loss: 1.318562
Train Epoch: 17 [31936/60000 (53%)]	Loss: 1.387932
Train Epoch: 17 [38336/60000 (64%)]	Loss: 1.329107
Train Epoch: 17 [44736/60000 (75%)]	Loss: 1.428507
Train Epoch: 17 [51136/60000 (85%)]	Loss: 1.375637
Train Epoch: 17 [57536/60000 (96%)]	Loss: 1.532521

Test set: Average loss: 1.3779, Accuracy: 6296/10000 (63%)

Train Epoch: 18 [6336/60000 (11%)]	Loss: 1.335264
Train Epoch: 18 [12736/60000 (21%)]	Loss: 1.412195
Train Epoch: 18 [19136/60000 (32%)]	Loss: 1.392083
Train Epoch: 18 [25536/60000 (43%)]	Loss: 1.378173
Train Epoch: 18 [31936/60000 (53%)]	Loss: 1.293114
Train Epoch: 18 [38336/60000 (64%)]	Loss: 1.394083
Train Epoch: 18 [44736/60000 (75%)]	Loss: 1.399645
Train Epoch: 18 [51136/60000 (85%)]	Loss: 1.397107
Train Epoch: 18 [57536/60000 (96%)]	Loss: 1.336109

Test set: Average loss: 1.3690, Accuracy: 6387/10000 (64%)

Namespace(batch_size=64, bias=None, data='../data', device=1, epochs=18, hidden_size=500, load_weights=None, log_interval=100, lr=0.1, model='redfc2', momentum=0.9, no_cuda=False, r=5, save_model=None, save_results=True, seed=1, sparsity=0.98, use_relu=False, wd=0.0005)


Total time spent pruning/training: 1.91 minutes
Total number of parameters in model: 1991420
Number of parameters in pruned model: 39828
