Namespace(batch_size=64, bias=None, data='../data', device=1, epochs=6, hidden_size=500, load_weights=None, log_interval=100, lr=0.1, model='redfc2', momentum=0.9, no_cuda=False, r=5, save_model=None, save_results=True, seed=1, sparsity=0.98, use_relu=True, wd=0.0005) 

Pruning a Two-Layer Fully Connected Redundant Network ...
Train Epoch: 1 [6336/60000 (11%)]	Loss: 2.286644
Train Epoch: 1 [12736/60000 (21%)]	Loss: 2.269759
Train Epoch: 1 [19136/60000 (32%)]	Loss: 2.257946
Train Epoch: 1 [25536/60000 (43%)]	Loss: 2.279636
Train Epoch: 1 [31936/60000 (53%)]	Loss: 2.276406
Train Epoch: 1 [38336/60000 (64%)]	Loss: 2.251701
Train Epoch: 1 [44736/60000 (75%)]	Loss: 2.239546
Train Epoch: 1 [51136/60000 (85%)]	Loss: 2.257064
Train Epoch: 1 [57536/60000 (96%)]	Loss: 2.261702

Test set: Average loss: 2.2520, Accuracy: 1806/10000 (18%)

Train Epoch: 2 [6336/60000 (11%)]	Loss: 2.249666
Train Epoch: 2 [12736/60000 (21%)]	Loss: 2.242311
Train Epoch: 2 [19136/60000 (32%)]	Loss: 2.254359
Train Epoch: 2 [25536/60000 (43%)]	Loss: 2.259982
Train Epoch: 2 [31936/60000 (53%)]	Loss: 2.264610
Train Epoch: 2 [38336/60000 (64%)]	Loss: 2.269497
Train Epoch: 2 [44736/60000 (75%)]	Loss: 2.235683
Train Epoch: 2 [51136/60000 (85%)]	Loss: 2.250491
Train Epoch: 2 [57536/60000 (96%)]	Loss: 2.256598

Test set: Average loss: 2.2501, Accuracy: 1807/10000 (18%)

Train Epoch: 3 [6336/60000 (11%)]	Loss: 2.207096
Train Epoch: 3 [12736/60000 (21%)]	Loss: 2.275540
Train Epoch: 3 [19136/60000 (32%)]	Loss: 2.259358
Train Epoch: 3 [25536/60000 (43%)]	Loss: 2.219623
Train Epoch: 3 [31936/60000 (53%)]	Loss: 2.250608
Train Epoch: 3 [38336/60000 (64%)]	Loss: 2.249699
Train Epoch: 3 [44736/60000 (75%)]	Loss: 2.256712
Train Epoch: 3 [51136/60000 (85%)]	Loss: 2.257231
Train Epoch: 3 [57536/60000 (96%)]	Loss: 2.244385

Test set: Average loss: 2.2453, Accuracy: 1849/10000 (18%)

Train Epoch: 4 [6336/60000 (11%)]	Loss: 2.259664
Train Epoch: 4 [12736/60000 (21%)]	Loss: 2.243322
Train Epoch: 4 [19136/60000 (32%)]	Loss: 2.250061
Train Epoch: 4 [25536/60000 (43%)]	Loss: 2.259902
Train Epoch: 4 [31936/60000 (53%)]	Loss: 2.227056
Train Epoch: 4 [38336/60000 (64%)]	Loss: 2.249334
Train Epoch: 4 [44736/60000 (75%)]	Loss: 2.238192
Train Epoch: 4 [51136/60000 (85%)]	Loss: 2.268291
Train Epoch: 4 [57536/60000 (96%)]	Loss: 2.291662

Test set: Average loss: 2.2436, Accuracy: 1920/10000 (19%)

Train Epoch: 5 [6336/60000 (11%)]	Loss: 2.245449
Train Epoch: 5 [12736/60000 (21%)]	Loss: 2.243417
Train Epoch: 5 [19136/60000 (32%)]	Loss: 2.219297
Train Epoch: 5 [25536/60000 (43%)]	Loss: 2.262064
Train Epoch: 5 [31936/60000 (53%)]	Loss: 2.247003
Train Epoch: 5 [38336/60000 (64%)]	Loss: 2.230207
Train Epoch: 5 [44736/60000 (75%)]	Loss: 2.269567
Train Epoch: 5 [51136/60000 (85%)]	Loss: 2.256429
Train Epoch: 5 [57536/60000 (96%)]	Loss: 2.265034

Test set: Average loss: 2.2441, Accuracy: 1925/10000 (19%)

Train Epoch: 6 [6336/60000 (11%)]	Loss: 2.254956
Train Epoch: 6 [12736/60000 (21%)]	Loss: 2.248531
Train Epoch: 6 [19136/60000 (32%)]	Loss: 2.280689
Train Epoch: 6 [25536/60000 (43%)]	Loss: 2.221966
Train Epoch: 6 [31936/60000 (53%)]	Loss: 2.245640
Train Epoch: 6 [38336/60000 (64%)]	Loss: 2.267659
Train Epoch: 6 [44736/60000 (75%)]	Loss: 2.236983
Train Epoch: 6 [51136/60000 (85%)]	Loss: 2.228799
Train Epoch: 6 [57536/60000 (96%)]	Loss: 2.240826

Test set: Average loss: 2.2433, Accuracy: 1920/10000 (19%)

Namespace(batch_size=64, bias=None, data='../data', device=1, epochs=6, hidden_size=500, load_weights=None, log_interval=100, lr=0.1, model='redfc2', momentum=0.9, no_cuda=False, r=5, save_model=None, save_results=True, seed=1, sparsity=0.98, use_relu=True, wd=0.0005)


Total time spent pruning/training: 0.65 minutes
Total number of parameters in model: 1991420
Number of parameters in pruned model: 39828
