Namespace(batch_size=64, bias=None, data='../data', device=1, epochs=10, hidden_size=500, load_weights=None, log_interval=100, lr=0.1, model='redfc2', momentum=0.9, no_cuda=False, r=5, save_model=None, save_results=True, seed=1, sparsity=0.9, use_relu=False, wd=0.0005) 

Pruning a Two-Layer Fully Connected Redundant Network ...
Train Epoch: 1 [6336/60000 (11%)]	Loss: 0.889037
Train Epoch: 1 [12736/60000 (21%)]	Loss: 0.605292
Train Epoch: 1 [19136/60000 (32%)]	Loss: 0.632215
Train Epoch: 1 [25536/60000 (43%)]	Loss: 0.495929
Train Epoch: 1 [31936/60000 (53%)]	Loss: 0.509614
Train Epoch: 1 [38336/60000 (64%)]	Loss: 0.406307
Train Epoch: 1 [44736/60000 (75%)]	Loss: 0.391303
Train Epoch: 1 [51136/60000 (85%)]	Loss: 0.353821
Train Epoch: 1 [57536/60000 (96%)]	Loss: 0.299610

Test set: Average loss: 0.3351, Accuracy: 9046/10000 (90%)

Train Epoch: 2 [6336/60000 (11%)]	Loss: 0.295404
Train Epoch: 2 [12736/60000 (21%)]	Loss: 0.366806
Train Epoch: 2 [19136/60000 (32%)]	Loss: 0.232070
Train Epoch: 2 [25536/60000 (43%)]	Loss: 0.371277
Train Epoch: 2 [31936/60000 (53%)]	Loss: 0.257519
Train Epoch: 2 [38336/60000 (64%)]	Loss: 0.285893
Train Epoch: 2 [44736/60000 (75%)]	Loss: 0.291833
Train Epoch: 2 [51136/60000 (85%)]	Loss: 0.296210
Train Epoch: 2 [57536/60000 (96%)]	Loss: 0.294277

Test set: Average loss: 0.2736, Accuracy: 9235/10000 (92%)

Train Epoch: 3 [6336/60000 (11%)]	Loss: 0.195150
Train Epoch: 3 [12736/60000 (21%)]	Loss: 0.190290
Train Epoch: 3 [19136/60000 (32%)]	Loss: 0.340400
Train Epoch: 3 [25536/60000 (43%)]	Loss: 0.351122
Train Epoch: 3 [31936/60000 (53%)]	Loss: 0.387482
Train Epoch: 3 [38336/60000 (64%)]	Loss: 0.222209
Train Epoch: 3 [44736/60000 (75%)]	Loss: 0.369689
Train Epoch: 3 [51136/60000 (85%)]	Loss: 0.348045
Train Epoch: 3 [57536/60000 (96%)]	Loss: 0.377716

Test set: Average loss: 0.2509, Accuracy: 9237/10000 (92%)

Train Epoch: 4 [6336/60000 (11%)]	Loss: 0.234802
Train Epoch: 4 [12736/60000 (21%)]	Loss: 0.471965
Train Epoch: 4 [19136/60000 (32%)]	Loss: 0.279812
Train Epoch: 4 [25536/60000 (43%)]	Loss: 0.234072
Train Epoch: 4 [31936/60000 (53%)]	Loss: 0.449108
Train Epoch: 4 [38336/60000 (64%)]	Loss: 0.414220
Train Epoch: 4 [44736/60000 (75%)]	Loss: 0.232515
Train Epoch: 4 [51136/60000 (85%)]	Loss: 0.207609
Train Epoch: 4 [57536/60000 (96%)]	Loss: 0.333613

Test set: Average loss: 0.2471, Accuracy: 9299/10000 (93%)

Train Epoch: 5 [6336/60000 (11%)]	Loss: 0.248302
Train Epoch: 5 [12736/60000 (21%)]	Loss: 0.163539
Train Epoch: 5 [19136/60000 (32%)]	Loss: 0.160784
Train Epoch: 5 [25536/60000 (43%)]	Loss: 0.346351
Train Epoch: 5 [31936/60000 (53%)]	Loss: 0.130217
Train Epoch: 5 [38336/60000 (64%)]	Loss: 0.271103
Train Epoch: 5 [44736/60000 (75%)]	Loss: 0.167490
Train Epoch: 5 [51136/60000 (85%)]	Loss: 0.211317
Train Epoch: 5 [57536/60000 (96%)]	Loss: 0.134958

Test set: Average loss: 0.2290, Accuracy: 9319/10000 (93%)

Train Epoch: 6 [6336/60000 (11%)]	Loss: 0.203490
Train Epoch: 6 [12736/60000 (21%)]	Loss: 0.160031
Train Epoch: 6 [19136/60000 (32%)]	Loss: 0.225597
Train Epoch: 6 [25536/60000 (43%)]	Loss: 0.128368
Train Epoch: 6 [31936/60000 (53%)]	Loss: 0.120202
Train Epoch: 6 [38336/60000 (64%)]	Loss: 0.188502
Train Epoch: 6 [44736/60000 (75%)]	Loss: 0.167751
Train Epoch: 6 [51136/60000 (85%)]	Loss: 0.180396
Train Epoch: 6 [57536/60000 (96%)]	Loss: 0.350839

Test set: Average loss: 0.2095, Accuracy: 9394/10000 (94%)

Train Epoch: 7 [6336/60000 (11%)]	Loss: 0.152921
Train Epoch: 7 [12736/60000 (21%)]	Loss: 0.119662
Train Epoch: 7 [19136/60000 (32%)]	Loss: 0.192932
Train Epoch: 7 [25536/60000 (43%)]	Loss: 0.203347
Train Epoch: 7 [31936/60000 (53%)]	Loss: 0.134556
Train Epoch: 7 [38336/60000 (64%)]	Loss: 0.199787
Train Epoch: 7 [44736/60000 (75%)]	Loss: 0.230103
Train Epoch: 7 [51136/60000 (85%)]	Loss: 0.195825
Train Epoch: 7 [57536/60000 (96%)]	Loss: 0.178495

Test set: Average loss: 0.2025, Accuracy: 9422/10000 (94%)

Train Epoch: 8 [6336/60000 (11%)]	Loss: 0.345789
Train Epoch: 8 [12736/60000 (21%)]	Loss: 0.159820
Train Epoch: 8 [19136/60000 (32%)]	Loss: 0.188601
Train Epoch: 8 [25536/60000 (43%)]	Loss: 0.307613
Train Epoch: 8 [31936/60000 (53%)]	Loss: 0.223252
Train Epoch: 8 [38336/60000 (64%)]	Loss: 0.066654
Train Epoch: 8 [44736/60000 (75%)]	Loss: 0.365777
Train Epoch: 8 [51136/60000 (85%)]	Loss: 0.173193
Train Epoch: 8 [57536/60000 (96%)]	Loss: 0.125272

Test set: Average loss: 0.1888, Accuracy: 9449/10000 (94%)

Train Epoch: 9 [6336/60000 (11%)]	Loss: 0.189243
Train Epoch: 9 [12736/60000 (21%)]	Loss: 0.124208
Train Epoch: 9 [19136/60000 (32%)]	Loss: 0.125334
Train Epoch: 9 [25536/60000 (43%)]	Loss: 0.255681
Train Epoch: 9 [31936/60000 (53%)]	Loss: 0.109941
Train Epoch: 9 [38336/60000 (64%)]	Loss: 0.147625
Train Epoch: 9 [44736/60000 (75%)]	Loss: 0.152053
Train Epoch: 9 [51136/60000 (85%)]	Loss: 0.430110
Train Epoch: 9 [57536/60000 (96%)]	Loss: 0.128582

Test set: Average loss: 0.1650, Accuracy: 9518/10000 (95%)

Train Epoch: 10 [6336/60000 (11%)]	Loss: 0.213493
Train Epoch: 10 [12736/60000 (21%)]	Loss: 0.200878
Train Epoch: 10 [19136/60000 (32%)]	Loss: 0.125160
Train Epoch: 10 [25536/60000 (43%)]	Loss: 0.110187
Train Epoch: 10 [31936/60000 (53%)]	Loss: 0.106869
Train Epoch: 10 [38336/60000 (64%)]	Loss: 0.209441
Train Epoch: 10 [44736/60000 (75%)]	Loss: 0.193986
Train Epoch: 10 [51136/60000 (85%)]	Loss: 0.086560
Train Epoch: 10 [57536/60000 (96%)]	Loss: 0.171701

Test set: Average loss: 0.1533, Accuracy: 9560/10000 (96%)

Namespace(batch_size=64, bias=None, data='../data', device=1, epochs=10, hidden_size=500, load_weights=None, log_interval=100, lr=0.1, model='redfc2', momentum=0.9, no_cuda=False, r=5, save_model=None, save_results=True, seed=1, sparsity=0.9, use_relu=False, wd=0.0005)


Total time spent pruning/training: 1.09 minutes
Total number of parameters in model: 1991420
Number of parameters in pruned model: 199141
