Namespace(batch_size=64, bias=None, data='../data', device=1, epochs=10, hidden_size=500, load_weights=None, log_interval=100, lr=0.1, model='redfc2', momentum=0.9, no_cuda=False, r=5, save_model=None, save_results=True, seed=1, sparsity=0.99, use_relu=False, wd=0.0005) 

Pruning a Two-Layer Fully Connected Redundant Network ...
Train Epoch: 1 [6336/60000 (11%)]	Loss: 2.302585
Train Epoch: 1 [12736/60000 (21%)]	Loss: 2.302585
Train Epoch: 1 [19136/60000 (32%)]	Loss: 2.302585
Train Epoch: 1 [25536/60000 (43%)]	Loss: 2.302585
Train Epoch: 1 [31936/60000 (53%)]	Loss: 2.302585
Train Epoch: 1 [38336/60000 (64%)]	Loss: 2.302585
Train Epoch: 1 [44736/60000 (75%)]	Loss: 2.302552
Train Epoch: 1 [51136/60000 (85%)]	Loss: 2.302529
Train Epoch: 1 [57536/60000 (96%)]	Loss: 2.302541

Test set: Average loss: 2.3024, Accuracy: 1007/10000 (10%)

Train Epoch: 2 [6336/60000 (11%)]	Loss: 2.302104
Train Epoch: 2 [12736/60000 (21%)]	Loss: 2.300205
Train Epoch: 2 [19136/60000 (32%)]	Loss: 2.299778
Train Epoch: 2 [25536/60000 (43%)]	Loss: 2.301467
Train Epoch: 2 [31936/60000 (53%)]	Loss: 2.300534
Train Epoch: 2 [38336/60000 (64%)]	Loss: 2.299717
Train Epoch: 2 [44736/60000 (75%)]	Loss: 2.297953
Train Epoch: 2 [51136/60000 (85%)]	Loss: 2.284055
Train Epoch: 2 [57536/60000 (96%)]	Loss: 2.306998

Test set: Average loss: 2.2807, Accuracy: 1643/10000 (16%)

Train Epoch: 3 [6336/60000 (11%)]	Loss: 2.272707
Train Epoch: 3 [12736/60000 (21%)]	Loss: 2.274403
Train Epoch: 3 [19136/60000 (32%)]	Loss: 2.276779
Train Epoch: 3 [25536/60000 (43%)]	Loss: 2.271523
Train Epoch: 3 [31936/60000 (53%)]	Loss: 2.272462
Train Epoch: 3 [38336/60000 (64%)]	Loss: 2.276327
Train Epoch: 3 [44736/60000 (75%)]	Loss: 2.262231
Train Epoch: 3 [51136/60000 (85%)]	Loss: 2.278360
Train Epoch: 3 [57536/60000 (96%)]	Loss: 2.271822

Test set: Average loss: 2.2572, Accuracy: 1680/10000 (17%)

Train Epoch: 4 [6336/60000 (11%)]	Loss: 2.273919
Train Epoch: 4 [12736/60000 (21%)]	Loss: 2.278360
Train Epoch: 4 [19136/60000 (32%)]	Loss: 2.293356
Train Epoch: 4 [25536/60000 (43%)]	Loss: 2.242940
Train Epoch: 4 [31936/60000 (53%)]	Loss: 2.223439
Train Epoch: 4 [38336/60000 (64%)]	Loss: 2.300578
Train Epoch: 4 [44736/60000 (75%)]	Loss: 2.237103
Train Epoch: 4 [51136/60000 (85%)]	Loss: 2.300096
Train Epoch: 4 [57536/60000 (96%)]	Loss: 2.249219

Test set: Average loss: 2.2512, Accuracy: 1881/10000 (19%)

Train Epoch: 5 [6336/60000 (11%)]	Loss: 2.255263
Train Epoch: 5 [12736/60000 (21%)]	Loss: 2.196441
Train Epoch: 5 [19136/60000 (32%)]	Loss: 2.258252
Train Epoch: 5 [25536/60000 (43%)]	Loss: 2.251466
Train Epoch: 5 [31936/60000 (53%)]	Loss: 2.232798
Train Epoch: 5 [38336/60000 (64%)]	Loss: 2.223821
Train Epoch: 5 [44736/60000 (75%)]	Loss: 2.229112
Train Epoch: 5 [51136/60000 (85%)]	Loss: 2.208730
Train Epoch: 5 [57536/60000 (96%)]	Loss: 2.231782

Test set: Average loss: 2.2263, Accuracy: 2267/10000 (23%)

Train Epoch: 6 [6336/60000 (11%)]	Loss: 2.232770
Train Epoch: 6 [12736/60000 (21%)]	Loss: 2.247230
Train Epoch: 6 [19136/60000 (32%)]	Loss: 2.239227
Train Epoch: 6 [25536/60000 (43%)]	Loss: 2.247093
Train Epoch: 6 [31936/60000 (53%)]	Loss: 2.219492
Train Epoch: 6 [38336/60000 (64%)]	Loss: 2.255852
Train Epoch: 6 [44736/60000 (75%)]	Loss: 2.244048
Train Epoch: 6 [51136/60000 (85%)]	Loss: 2.225186
Train Epoch: 6 [57536/60000 (96%)]	Loss: 2.247783

Test set: Average loss: 2.2249, Accuracy: 2397/10000 (24%)

Train Epoch: 7 [6336/60000 (11%)]	Loss: 2.201379
Train Epoch: 7 [12736/60000 (21%)]	Loss: 2.215560
Train Epoch: 7 [19136/60000 (32%)]	Loss: 2.209580
Train Epoch: 7 [25536/60000 (43%)]	Loss: 2.223643
Train Epoch: 7 [31936/60000 (53%)]	Loss: 2.174478
Train Epoch: 7 [38336/60000 (64%)]	Loss: 2.245366
Train Epoch: 7 [44736/60000 (75%)]	Loss: 2.199580
Train Epoch: 7 [51136/60000 (85%)]	Loss: 2.243288
Train Epoch: 7 [57536/60000 (96%)]	Loss: 2.208775

Test set: Average loss: 2.2235, Accuracy: 2682/10000 (27%)

Train Epoch: 8 [6336/60000 (11%)]	Loss: 2.232408
Train Epoch: 8 [12736/60000 (21%)]	Loss: 2.194354
Train Epoch: 8 [19136/60000 (32%)]	Loss: 2.240053
Train Epoch: 8 [25536/60000 (43%)]	Loss: 2.228458
Train Epoch: 8 [31936/60000 (53%)]	Loss: 2.231207
Train Epoch: 8 [38336/60000 (64%)]	Loss: 2.201663
Train Epoch: 8 [44736/60000 (75%)]	Loss: 2.207912
Train Epoch: 8 [51136/60000 (85%)]	Loss: 2.199448
Train Epoch: 8 [57536/60000 (96%)]	Loss: 2.223611

Test set: Average loss: 2.2025, Accuracy: 3142/10000 (31%)

Train Epoch: 9 [6336/60000 (11%)]	Loss: 2.160174
Train Epoch: 9 [12736/60000 (21%)]	Loss: 2.184173
Train Epoch: 9 [19136/60000 (32%)]	Loss: 2.197362
Train Epoch: 9 [25536/60000 (43%)]	Loss: 2.198262
Train Epoch: 9 [31936/60000 (53%)]	Loss: 2.201703
Train Epoch: 9 [38336/60000 (64%)]	Loss: 2.225120
Train Epoch: 9 [44736/60000 (75%)]	Loss: 2.195610
Train Epoch: 9 [51136/60000 (85%)]	Loss: 2.189997
Train Epoch: 9 [57536/60000 (96%)]	Loss: 2.187173

Test set: Average loss: 2.2022, Accuracy: 3108/10000 (31%)

Train Epoch: 10 [6336/60000 (11%)]	Loss: 2.192223
Train Epoch: 10 [12736/60000 (21%)]	Loss: 2.187667
Train Epoch: 10 [19136/60000 (32%)]	Loss: 2.185524
Train Epoch: 10 [25536/60000 (43%)]	Loss: 2.220268
Train Epoch: 10 [31936/60000 (53%)]	Loss: 2.223974
Train Epoch: 10 [38336/60000 (64%)]	Loss: 2.180723
Train Epoch: 10 [44736/60000 (75%)]	Loss: 2.220914
Train Epoch: 10 [51136/60000 (85%)]	Loss: 2.192006
Train Epoch: 10 [57536/60000 (96%)]	Loss: 2.230719

Test set: Average loss: 2.1989, Accuracy: 2792/10000 (28%)

Namespace(batch_size=64, bias=None, data='../data', device=1, epochs=10, hidden_size=500, load_weights=None, log_interval=100, lr=0.1, model='redfc2', momentum=0.9, no_cuda=False, r=5, save_model=None, save_results=True, seed=1, sparsity=0.99, use_relu=False, wd=0.0005)


Total time spent pruning/training: 1.10 minutes
Total number of parameters in model: 1991420
Number of parameters in pruned model: 19914
