Namespace(batch_size=64, bias=None, data='../data', device=1, epochs=7, hidden_size=500, load_weights=None, log_interval=100, lr=0.1, model='redfc2', momentum=0.9, no_cuda=False, r=5, save_model=None, save_results=True, seed=1, sparsity=0.98, use_relu=True, wd=0.0005) 

Pruning a Two-Layer Fully Connected Redundant Network ...
Train Epoch: 1 [6336/60000 (11%)]	Loss: 2.286644
Train Epoch: 1 [12736/60000 (21%)]	Loss: 2.269759
Train Epoch: 1 [19136/60000 (32%)]	Loss: 2.257946
Train Epoch: 1 [25536/60000 (43%)]	Loss: 2.279636
Train Epoch: 1 [31936/60000 (53%)]	Loss: 2.276406
Train Epoch: 1 [38336/60000 (64%)]	Loss: 2.251701
Train Epoch: 1 [44736/60000 (75%)]	Loss: 2.239546
Train Epoch: 1 [51136/60000 (85%)]	Loss: 2.257064
Train Epoch: 1 [57536/60000 (96%)]	Loss: 2.261702

Test set: Average loss: 2.2520, Accuracy: 1806/10000 (18%)

Train Epoch: 2 [6336/60000 (11%)]	Loss: 2.249666
Train Epoch: 2 [12736/60000 (21%)]	Loss: 2.242311
Train Epoch: 2 [19136/60000 (32%)]	Loss: 2.254359
Train Epoch: 2 [25536/60000 (43%)]	Loss: 2.259982
Train Epoch: 2 [31936/60000 (53%)]	Loss: 2.263351
Train Epoch: 2 [38336/60000 (64%)]	Loss: 2.267943
Train Epoch: 2 [44736/60000 (75%)]	Loss: 2.235683
Train Epoch: 2 [51136/60000 (85%)]	Loss: 2.250491
Train Epoch: 2 [57536/60000 (96%)]	Loss: 2.256598

Test set: Average loss: 2.2500, Accuracy: 1807/10000 (18%)

Train Epoch: 3 [6336/60000 (11%)]	Loss: 2.207096
Train Epoch: 3 [12736/60000 (21%)]	Loss: 2.275358
Train Epoch: 3 [19136/60000 (32%)]	Loss: 2.256189
Train Epoch: 3 [25536/60000 (43%)]	Loss: 2.217602
Train Epoch: 3 [31936/60000 (53%)]	Loss: 2.251527
Train Epoch: 3 [38336/60000 (64%)]	Loss: 2.251540
Train Epoch: 3 [44736/60000 (75%)]	Loss: 2.257132
Train Epoch: 3 [51136/60000 (85%)]	Loss: 2.257109
Train Epoch: 3 [57536/60000 (96%)]	Loss: 2.239472

Test set: Average loss: 2.2445, Accuracy: 1856/10000 (19%)

Train Epoch: 4 [6336/60000 (11%)]	Loss: 2.258938
Train Epoch: 4 [12736/60000 (21%)]	Loss: 2.243215
Train Epoch: 4 [19136/60000 (32%)]	Loss: 2.250042
Train Epoch: 4 [25536/60000 (43%)]	Loss: 2.257391
Train Epoch: 4 [31936/60000 (53%)]	Loss: 2.227111
Train Epoch: 4 [38336/60000 (64%)]	Loss: 2.250031
Train Epoch: 4 [44736/60000 (75%)]	Loss: 2.238296
Train Epoch: 4 [51136/60000 (85%)]	Loss: 2.265953
Train Epoch: 4 [57536/60000 (96%)]	Loss: 2.291804

Test set: Average loss: 2.2440, Accuracy: 1980/10000 (20%)

Train Epoch: 5 [6336/60000 (11%)]	Loss: 2.245385
Train Epoch: 5 [12736/60000 (21%)]	Loss: 2.243290
Train Epoch: 5 [19136/60000 (32%)]	Loss: 2.219162
Train Epoch: 5 [25536/60000 (43%)]	Loss: 2.261972
Train Epoch: 5 [31936/60000 (53%)]	Loss: 2.246840
Train Epoch: 5 [38336/60000 (64%)]	Loss: 2.230055
Train Epoch: 5 [44736/60000 (75%)]	Loss: 2.268913
Train Epoch: 5 [51136/60000 (85%)]	Loss: 2.256737
Train Epoch: 5 [57536/60000 (96%)]	Loss: 2.265456

Test set: Average loss: 2.2439, Accuracy: 1925/10000 (19%)

Train Epoch: 6 [6336/60000 (11%)]	Loss: 2.255338
Train Epoch: 6 [12736/60000 (21%)]	Loss: 2.245070
Train Epoch: 6 [19136/60000 (32%)]	Loss: 2.280715
Train Epoch: 6 [25536/60000 (43%)]	Loss: 2.221949
Train Epoch: 6 [31936/60000 (53%)]	Loss: 2.245649
Train Epoch: 6 [38336/60000 (64%)]	Loss: 2.268348
Train Epoch: 6 [44736/60000 (75%)]	Loss: 2.237011
Train Epoch: 6 [51136/60000 (85%)]	Loss: 2.228723
Train Epoch: 6 [57536/60000 (96%)]	Loss: 2.243264

Test set: Average loss: 2.2433, Accuracy: 1921/10000 (19%)

Train Epoch: 7 [6336/60000 (11%)]	Loss: 2.233099
Train Epoch: 7 [12736/60000 (21%)]	Loss: 2.241121
Train Epoch: 7 [19136/60000 (32%)]	Loss: 2.244108
Train Epoch: 7 [25536/60000 (43%)]	Loss: 2.256299
Train Epoch: 7 [31936/60000 (53%)]	Loss: 2.234535
Train Epoch: 7 [38336/60000 (64%)]	Loss: 2.249351
Train Epoch: 7 [44736/60000 (75%)]	Loss: 2.261362
Train Epoch: 7 [51136/60000 (85%)]	Loss: 2.262859
Train Epoch: 7 [57536/60000 (96%)]	Loss: 2.241053

Test set: Average loss: 2.2438, Accuracy: 1873/10000 (19%)

Namespace(batch_size=64, bias=None, data='../data', device=1, epochs=7, hidden_size=500, load_weights=None, log_interval=100, lr=0.1, model='redfc2', momentum=0.9, no_cuda=False, r=5, save_model=None, save_results=True, seed=1, sparsity=0.98, use_relu=True, wd=0.0005)


Total time spent pruning/training: 0.78 minutes
Total number of parameters in model: 1991420
Number of parameters in pruned model: 39828
