Namespace(batch_size=64, bias=None, data='../data', device=1, epochs=11, hidden_size=500, load_weights=None, log_interval=100, lr=0.1, model='redfc2', momentum=0.9, no_cuda=False, r=5, save_model=None, save_results=True, seed=1, sparsity=0.01, use_relu=True, wd=0.0005) 

Pruning a Two-Layer Fully Connected Redundant Network ...
Train Epoch: 1 [6336/60000 (11%)]	Loss: 2.432381
Train Epoch: 1 [12736/60000 (21%)]	Loss: 3.208446
Train Epoch: 1 [19136/60000 (32%)]	Loss: 3.822115
Train Epoch: 1 [25536/60000 (43%)]	Loss: 5.171669
Train Epoch: 1 [31936/60000 (53%)]	Loss: 5.451449
Train Epoch: 1 [38336/60000 (64%)]	Loss: 4.307271
Train Epoch: 1 [44736/60000 (75%)]	Loss: 6.487431
Train Epoch: 1 [51136/60000 (85%)]	Loss: 6.438972
Train Epoch: 1 [57536/60000 (96%)]	Loss: 6.296874

Test set: Average loss: 7.2450, Accuracy: 983/10000 (10%)

Train Epoch: 2 [6336/60000 (11%)]	Loss: 7.499312
Train Epoch: 2 [12736/60000 (21%)]	Loss: 7.319470
Train Epoch: 2 [19136/60000 (32%)]	Loss: 9.173261
Train Epoch: 2 [25536/60000 (43%)]	Loss: 8.215047
Train Epoch: 2 [31936/60000 (53%)]	Loss: 8.325144
Train Epoch: 2 [38336/60000 (64%)]	Loss: 8.942844
Train Epoch: 2 [44736/60000 (75%)]	Loss: 7.175512
Train Epoch: 2 [51136/60000 (85%)]	Loss: 7.747208
Train Epoch: 2 [57536/60000 (96%)]	Loss: 7.940443

Test set: Average loss: 8.5431, Accuracy: 741/10000 (7%)

Train Epoch: 3 [6336/60000 (11%)]	Loss: 8.718494
Train Epoch: 3 [12736/60000 (21%)]	Loss: 8.878207
Train Epoch: 3 [19136/60000 (32%)]	Loss: 8.883261
Train Epoch: 3 [25536/60000 (43%)]	Loss: 8.131865
Train Epoch: 3 [31936/60000 (53%)]	Loss: 10.386714
Train Epoch: 3 [38336/60000 (64%)]	Loss: 8.705813
Train Epoch: 3 [44736/60000 (75%)]	Loss: 9.970992
Train Epoch: 3 [51136/60000 (85%)]	Loss: 9.407707
Train Epoch: 3 [57536/60000 (96%)]	Loss: 8.746599

Test set: Average loss: 9.1235, Accuracy: 695/10000 (7%)

Train Epoch: 4 [6336/60000 (11%)]	Loss: 10.484429
Train Epoch: 4 [12736/60000 (21%)]	Loss: 8.034566
Train Epoch: 4 [19136/60000 (32%)]	Loss: 9.891761
Train Epoch: 4 [25536/60000 (43%)]	Loss: 9.653099
Train Epoch: 4 [31936/60000 (53%)]	Loss: 8.960970
Train Epoch: 4 [38336/60000 (64%)]	Loss: 9.413916
Train Epoch: 4 [44736/60000 (75%)]	Loss: 8.644133
Train Epoch: 4 [51136/60000 (85%)]	Loss: 9.722733
Train Epoch: 4 [57536/60000 (96%)]	Loss: 9.807219

Test set: Average loss: 9.5864, Accuracy: 667/10000 (7%)

Train Epoch: 5 [6336/60000 (11%)]	Loss: 8.343685
Train Epoch: 5 [12736/60000 (21%)]	Loss: 9.935039
Train Epoch: 5 [19136/60000 (32%)]	Loss: 10.895477
Train Epoch: 5 [25536/60000 (43%)]	Loss: 10.894131
Train Epoch: 5 [31936/60000 (53%)]	Loss: 8.754607
Train Epoch: 5 [38336/60000 (64%)]	Loss: 9.628729
Train Epoch: 5 [44736/60000 (75%)]	Loss: 10.750669
Train Epoch: 5 [51136/60000 (85%)]	Loss: 10.839629
Train Epoch: 5 [57536/60000 (96%)]	Loss: 9.421978

Test set: Average loss: 9.7194, Accuracy: 640/10000 (6%)

Train Epoch: 6 [6336/60000 (11%)]	Loss: 8.476894
Train Epoch: 6 [12736/60000 (21%)]	Loss: 9.440696
Train Epoch: 6 [19136/60000 (32%)]	Loss: 8.353417
Train Epoch: 6 [25536/60000 (43%)]	Loss: 10.307050
Train Epoch: 6 [31936/60000 (53%)]	Loss: 9.595931
Train Epoch: 6 [38336/60000 (64%)]	Loss: 10.327425
Train Epoch: 6 [44736/60000 (75%)]	Loss: 10.156253
Train Epoch: 6 [51136/60000 (85%)]	Loss: 10.448513
Train Epoch: 6 [57536/60000 (96%)]	Loss: 9.909194

Test set: Average loss: 9.7825, Accuracy: 654/10000 (7%)

Train Epoch: 7 [6336/60000 (11%)]	Loss: 9.798620
Train Epoch: 7 [12736/60000 (21%)]	Loss: 10.086545
Train Epoch: 7 [19136/60000 (32%)]	Loss: 9.401219
Train Epoch: 7 [25536/60000 (43%)]	Loss: 9.647242
Train Epoch: 7 [31936/60000 (53%)]	Loss: 8.721360
Train Epoch: 7 [38336/60000 (64%)]	Loss: 10.135290
Train Epoch: 7 [44736/60000 (75%)]	Loss: 9.712994
Train Epoch: 7 [51136/60000 (85%)]	Loss: 11.526243
Train Epoch: 7 [57536/60000 (96%)]	Loss: 11.147341

Test set: Average loss: 9.8902, Accuracy: 612/10000 (6%)

Train Epoch: 8 [6336/60000 (11%)]	Loss: 11.421551
Train Epoch: 8 [12736/60000 (21%)]	Loss: 10.774422
Train Epoch: 8 [19136/60000 (32%)]	Loss: 8.506593
Train Epoch: 8 [25536/60000 (43%)]	Loss: 10.164478
Train Epoch: 8 [31936/60000 (53%)]	Loss: 8.688205
Train Epoch: 8 [38336/60000 (64%)]	Loss: 9.866067
Train Epoch: 8 [44736/60000 (75%)]	Loss: 10.178857
Train Epoch: 8 [51136/60000 (85%)]	Loss: 9.922647
Train Epoch: 8 [57536/60000 (96%)]	Loss: 10.577987

Test set: Average loss: 9.8955, Accuracy: 620/10000 (6%)

Train Epoch: 9 [6336/60000 (11%)]	Loss: 9.101909
Train Epoch: 9 [12736/60000 (21%)]	Loss: 9.893442
Train Epoch: 9 [19136/60000 (32%)]	Loss: 9.595825
Train Epoch: 9 [25536/60000 (43%)]	Loss: 10.660926
Train Epoch: 9 [31936/60000 (53%)]	Loss: 9.270835
Train Epoch: 9 [38336/60000 (64%)]	Loss: 9.701750
Train Epoch: 9 [44736/60000 (75%)]	Loss: 10.640903
Train Epoch: 9 [51136/60000 (85%)]	Loss: 10.618153
Train Epoch: 9 [57536/60000 (96%)]	Loss: 10.117234

Test set: Average loss: 9.7714, Accuracy: 635/10000 (6%)

Train Epoch: 10 [6336/60000 (11%)]	Loss: 9.567307
Train Epoch: 10 [12736/60000 (21%)]	Loss: 9.257300
Train Epoch: 10 [19136/60000 (32%)]	Loss: 9.619926
Train Epoch: 10 [25536/60000 (43%)]	Loss: 10.658247
Train Epoch: 10 [31936/60000 (53%)]	Loss: 10.006511
Train Epoch: 10 [38336/60000 (64%)]	Loss: 9.571635
Train Epoch: 10 [44736/60000 (75%)]	Loss: 9.819170
Train Epoch: 10 [51136/60000 (85%)]	Loss: 10.715219
Train Epoch: 10 [57536/60000 (96%)]	Loss: 8.858597

Test set: Average loss: 9.6519, Accuracy: 645/10000 (6%)

Train Epoch: 11 [6336/60000 (11%)]	Loss: 9.326390
Train Epoch: 11 [12736/60000 (21%)]	Loss: 8.768457
Train Epoch: 11 [19136/60000 (32%)]	Loss: 9.106239
Train Epoch: 11 [25536/60000 (43%)]	Loss: 10.793509
Train Epoch: 11 [31936/60000 (53%)]	Loss: 9.356417
Train Epoch: 11 [38336/60000 (64%)]	Loss: 9.554666
Train Epoch: 11 [44736/60000 (75%)]	Loss: 11.807623
Train Epoch: 11 [51136/60000 (85%)]	Loss: 8.963145
Train Epoch: 11 [57536/60000 (96%)]	Loss: 10.325898

Test set: Average loss: 9.9405, Accuracy: 624/10000 (6%)

Namespace(batch_size=64, bias=None, data='../data', device=1, epochs=11, hidden_size=500, load_weights=None, log_interval=100, lr=0.1, model='redfc2', momentum=0.9, no_cuda=False, r=5, save_model=None, save_results=True, seed=1, sparsity=0.01, use_relu=True, wd=0.0005)


Total time spent pruning/training: 1.21 minutes
Total number of parameters in model: 1991420
Number of parameters in pruned model: 1971505
