Namespace(batch_size=64, bias=None, data='../data', device=1, epochs=7, hidden_size=500, load_weights=None, log_interval=100, lr=0.1, model='redfc2', momentum=0.9, no_cuda=False, r=5, save_model=None, save_results=True, seed=1, sparsity=0.5, use_relu=True, wd=0.0005) 

Pruning a Two-Layer Fully Connected Redundant Network ...
Train Epoch: 1 [6336/60000 (11%)]	Loss: 0.608760
Train Epoch: 1 [12736/60000 (21%)]	Loss: 0.459584
Train Epoch: 1 [19136/60000 (32%)]	Loss: 0.597425
Train Epoch: 1 [25536/60000 (43%)]	Loss: 0.285862
Train Epoch: 1 [31936/60000 (53%)]	Loss: 0.320813
Train Epoch: 1 [38336/60000 (64%)]	Loss: 0.236409
Train Epoch: 1 [44736/60000 (75%)]	Loss: 0.217564
Train Epoch: 1 [51136/60000 (85%)]	Loss: 0.218027
Train Epoch: 1 [57536/60000 (96%)]	Loss: 0.190102

Test set: Average loss: 0.2210, Accuracy: 9341/10000 (93%)

Train Epoch: 2 [6336/60000 (11%)]	Loss: 0.142563
Train Epoch: 2 [12736/60000 (21%)]	Loss: 0.298837
Train Epoch: 2 [19136/60000 (32%)]	Loss: 0.123159
Train Epoch: 2 [25536/60000 (43%)]	Loss: 0.202507
Train Epoch: 2 [31936/60000 (53%)]	Loss: 0.146489
Train Epoch: 2 [38336/60000 (64%)]	Loss: 0.267440
Train Epoch: 2 [44736/60000 (75%)]	Loss: 0.252781
Train Epoch: 2 [51136/60000 (85%)]	Loss: 0.264878
Train Epoch: 2 [57536/60000 (96%)]	Loss: 0.261686

Test set: Average loss: 0.2055, Accuracy: 9380/10000 (94%)

Train Epoch: 3 [6336/60000 (11%)]	Loss: 0.118504
Train Epoch: 3 [12736/60000 (21%)]	Loss: 0.096564
Train Epoch: 3 [19136/60000 (32%)]	Loss: 0.197489
Train Epoch: 3 [25536/60000 (43%)]	Loss: 0.221355
Train Epoch: 3 [31936/60000 (53%)]	Loss: 0.340918
Train Epoch: 3 [38336/60000 (64%)]	Loss: 0.241344
Train Epoch: 3 [44736/60000 (75%)]	Loss: 0.308214
Train Epoch: 3 [51136/60000 (85%)]	Loss: 0.237794
Train Epoch: 3 [57536/60000 (96%)]	Loss: 0.435172

Test set: Average loss: 0.1879, Accuracy: 9442/10000 (94%)

Train Epoch: 4 [6336/60000 (11%)]	Loss: 0.158126
Train Epoch: 4 [12736/60000 (21%)]	Loss: 0.349130
Train Epoch: 4 [19136/60000 (32%)]	Loss: 0.178654
Train Epoch: 4 [25536/60000 (43%)]	Loss: 0.168134
Train Epoch: 4 [31936/60000 (53%)]	Loss: 0.321007
Train Epoch: 4 [38336/60000 (64%)]	Loss: 0.209351
Train Epoch: 4 [44736/60000 (75%)]	Loss: 0.196496
Train Epoch: 4 [51136/60000 (85%)]	Loss: 0.163016
Train Epoch: 4 [57536/60000 (96%)]	Loss: 0.189432

Test set: Average loss: 0.1786, Accuracy: 9471/10000 (95%)

Train Epoch: 5 [6336/60000 (11%)]	Loss: 0.225510
Train Epoch: 5 [12736/60000 (21%)]	Loss: 0.131331
Train Epoch: 5 [19136/60000 (32%)]	Loss: 0.152895
Train Epoch: 5 [25536/60000 (43%)]	Loss: 0.211111
Train Epoch: 5 [31936/60000 (53%)]	Loss: 0.102330
Train Epoch: 5 [38336/60000 (64%)]	Loss: 0.167620
Train Epoch: 5 [44736/60000 (75%)]	Loss: 0.084437
Train Epoch: 5 [51136/60000 (85%)]	Loss: 0.184025
Train Epoch: 5 [57536/60000 (96%)]	Loss: 0.097605

Test set: Average loss: 0.1607, Accuracy: 9511/10000 (95%)

Train Epoch: 6 [6336/60000 (11%)]	Loss: 0.154164
Train Epoch: 6 [12736/60000 (21%)]	Loss: 0.100446
Train Epoch: 6 [19136/60000 (32%)]	Loss: 0.095081
Train Epoch: 6 [25536/60000 (43%)]	Loss: 0.078219
Train Epoch: 6 [31936/60000 (53%)]	Loss: 0.086584
Train Epoch: 6 [38336/60000 (64%)]	Loss: 0.093356
Train Epoch: 6 [44736/60000 (75%)]	Loss: 0.113535
Train Epoch: 6 [51136/60000 (85%)]	Loss: 0.095780
Train Epoch: 6 [57536/60000 (96%)]	Loss: 0.175092

Test set: Average loss: 0.1357, Accuracy: 9608/10000 (96%)

Train Epoch: 7 [6336/60000 (11%)]	Loss: 0.051001
Train Epoch: 7 [12736/60000 (21%)]	Loss: 0.063879
Train Epoch: 7 [19136/60000 (32%)]	Loss: 0.079063
Train Epoch: 7 [25536/60000 (43%)]	Loss: 0.065511
Train Epoch: 7 [31936/60000 (53%)]	Loss: 0.074659
Train Epoch: 7 [38336/60000 (64%)]	Loss: 0.075769
Train Epoch: 7 [44736/60000 (75%)]	Loss: 0.155794
Train Epoch: 7 [51136/60000 (85%)]	Loss: 0.110771
Train Epoch: 7 [57536/60000 (96%)]	Loss: 0.072978

Test set: Average loss: 0.1292, Accuracy: 9624/10000 (96%)

Namespace(batch_size=64, bias=None, data='../data', device=1, epochs=7, hidden_size=500, load_weights=None, log_interval=100, lr=0.1, model='redfc2', momentum=0.9, no_cuda=False, r=5, save_model=None, save_results=True, seed=1, sparsity=0.5, use_relu=True, wd=0.0005)


Total time spent pruning/training: 0.77 minutes
Total number of parameters in model: 1991420
Number of parameters in pruned model: 995710
