Namespace(batch_size=64, bias=None, data='../data', device=1, epochs=5, hidden_size=500, load_weights=None, log_interval=100, lr=0.1, model='redfc2', momentum=0.9, no_cuda=False, r=5, save_model=None, save_results=True, seed=1, sparsity=0.99, use_relu=False, wd=0.0005) 

Pruning a Two-Layer Fully Connected Redundant Network ...
Train Epoch: 1 [6336/60000 (11%)]	Loss: 2.302585
Train Epoch: 1 [12736/60000 (21%)]	Loss: 2.302585
Train Epoch: 1 [19136/60000 (32%)]	Loss: 2.302585
Train Epoch: 1 [25536/60000 (43%)]	Loss: 2.302585
Train Epoch: 1 [31936/60000 (53%)]	Loss: 2.302585
Train Epoch: 1 [38336/60000 (64%)]	Loss: 2.302585
Train Epoch: 1 [44736/60000 (75%)]	Loss: 2.302552
Train Epoch: 1 [51136/60000 (85%)]	Loss: 2.302529
Train Epoch: 1 [57536/60000 (96%)]	Loss: 2.302541

Test set: Average loss: 2.3024, Accuracy: 1007/10000 (10%)

Train Epoch: 2 [6336/60000 (11%)]	Loss: 2.302122
Train Epoch: 2 [12736/60000 (21%)]	Loss: 2.300373
Train Epoch: 2 [19136/60000 (32%)]	Loss: 2.299778
Train Epoch: 2 [25536/60000 (43%)]	Loss: 2.301457
Train Epoch: 2 [31936/60000 (53%)]	Loss: 2.300534
Train Epoch: 2 [38336/60000 (64%)]	Loss: 2.299961
Train Epoch: 2 [44736/60000 (75%)]	Loss: 2.298427
Train Epoch: 2 [51136/60000 (85%)]	Loss: 2.292670
Train Epoch: 2 [57536/60000 (96%)]	Loss: 2.300751

Test set: Average loss: 2.2796, Accuracy: 1487/10000 (15%)

Train Epoch: 3 [6336/60000 (11%)]	Loss: 2.272906
Train Epoch: 3 [12736/60000 (21%)]	Loss: 2.274479
Train Epoch: 3 [19136/60000 (32%)]	Loss: 2.279049
Train Epoch: 3 [25536/60000 (43%)]	Loss: 2.274795
Train Epoch: 3 [31936/60000 (53%)]	Loss: 2.275681
Train Epoch: 3 [38336/60000 (64%)]	Loss: 2.278947
Train Epoch: 3 [44736/60000 (75%)]	Loss: 2.267425
Train Epoch: 3 [51136/60000 (85%)]	Loss: 2.287085
Train Epoch: 3 [57536/60000 (96%)]	Loss: 2.282980

Test set: Average loss: 2.2718, Accuracy: 1483/10000 (15%)

Train Epoch: 4 [6336/60000 (11%)]	Loss: 2.286872
Train Epoch: 4 [12736/60000 (21%)]	Loss: 2.287824
Train Epoch: 4 [19136/60000 (32%)]	Loss: 2.266219
Train Epoch: 4 [25536/60000 (43%)]	Loss: 2.275463
Train Epoch: 4 [31936/60000 (53%)]	Loss: 2.250199
Train Epoch: 4 [38336/60000 (64%)]	Loss: 2.289816
Train Epoch: 4 [44736/60000 (75%)]	Loss: 2.267634
Train Epoch: 4 [51136/60000 (85%)]	Loss: 2.308991
Train Epoch: 4 [57536/60000 (96%)]	Loss: 2.251155

Test set: Average loss: 2.2567, Accuracy: 1792/10000 (18%)

Train Epoch: 5 [6336/60000 (11%)]	Loss: 2.261414
Train Epoch: 5 [12736/60000 (21%)]	Loss: 2.216594
Train Epoch: 5 [19136/60000 (32%)]	Loss: 2.274391
Train Epoch: 5 [25536/60000 (43%)]	Loss: 2.232012
Train Epoch: 5 [31936/60000 (53%)]	Loss: 2.239896
Train Epoch: 5 [38336/60000 (64%)]	Loss: 2.236010
Train Epoch: 5 [44736/60000 (75%)]	Loss: 2.213499
Train Epoch: 5 [51136/60000 (85%)]	Loss: 2.231158
Train Epoch: 5 [57536/60000 (96%)]	Loss: 2.239524

Test set: Average loss: 2.2436, Accuracy: 1875/10000 (19%)

Namespace(batch_size=64, bias=None, data='../data', device=1, epochs=5, hidden_size=500, load_weights=None, log_interval=100, lr=0.1, model='redfc2', momentum=0.9, no_cuda=False, r=5, save_model=None, save_results=True, seed=1, sparsity=0.99, use_relu=False, wd=0.0005)


Total time spent pruning/training: 0.55 minutes
Total number of parameters in model: 1991420
Number of parameters in pruned model: 19914
