Namespace(batch_size=64, bias=None, data='../data', device=1, epochs=100, hidden_size=500, load_weights=None, log_interval=100, lr=0.1, model='fc4', momentum=0.9, no_cuda=False, r=5, save_model=None, save_results=True, seed=1, sparsity=0.5, use_relu=False, wd=0.0005) 

Training a Four-Layer Fully Connected Network ...
Train Epoch: 1 [6336/60000 (11%)]	Loss: 0.328382
Train Epoch: 1 [12736/60000 (21%)]	Loss: 0.619794
Train Epoch: 1 [19136/60000 (32%)]	Loss: 0.189643
Train Epoch: 1 [25536/60000 (43%)]	Loss: 0.033750
Train Epoch: 1 [31936/60000 (53%)]	Loss: 0.339701
Train Epoch: 1 [38336/60000 (64%)]	Loss: 0.196007
Train Epoch: 1 [44736/60000 (75%)]	Loss: 0.209934
Train Epoch: 1 [51136/60000 (85%)]	Loss: 0.289669
Train Epoch: 1 [57536/60000 (96%)]	Loss: 0.106114

Test set: Average loss: 0.2285, Accuracy: 9399/10000 (94%)

Train Epoch: 2 [6336/60000 (11%)]	Loss: 0.144187
Train Epoch: 2 [12736/60000 (21%)]	Loss: 0.113718
Train Epoch: 2 [19136/60000 (32%)]	Loss: 0.065768
Train Epoch: 2 [25536/60000 (43%)]	Loss: 0.087417
Train Epoch: 2 [31936/60000 (53%)]	Loss: 0.163440
Train Epoch: 2 [38336/60000 (64%)]	Loss: 0.185353
Train Epoch: 2 [44736/60000 (75%)]	Loss: 0.030067
Train Epoch: 2 [51136/60000 (85%)]	Loss: 0.333016
Train Epoch: 2 [57536/60000 (96%)]	Loss: 0.101160

Test set: Average loss: 0.1824, Accuracy: 9508/10000 (95%)

Train Epoch: 3 [6336/60000 (11%)]	Loss: 0.039575
Train Epoch: 3 [12736/60000 (21%)]	Loss: 0.290189
Train Epoch: 3 [19136/60000 (32%)]	Loss: 0.090508
Train Epoch: 3 [25536/60000 (43%)]	Loss: 0.091319
Train Epoch: 3 [31936/60000 (53%)]	Loss: 0.096479
Train Epoch: 3 [38336/60000 (64%)]	Loss: 0.184697
Train Epoch: 3 [44736/60000 (75%)]	Loss: 0.135947
Train Epoch: 3 [51136/60000 (85%)]	Loss: 0.043124
Train Epoch: 3 [57536/60000 (96%)]	Loss: 0.102234

Test set: Average loss: 0.1405, Accuracy: 9613/10000 (96%)

Train Epoch: 4 [6336/60000 (11%)]	Loss: 0.060643
Train Epoch: 4 [12736/60000 (21%)]	Loss: 0.049268
Train Epoch: 4 [19136/60000 (32%)]	Loss: 0.087859
Train Epoch: 4 [25536/60000 (43%)]	Loss: 0.216871
Train Epoch: 4 [31936/60000 (53%)]	Loss: 0.234771
Train Epoch: 4 [38336/60000 (64%)]	Loss: 0.226019
Train Epoch: 4 [44736/60000 (75%)]	Loss: 0.194437
Train Epoch: 4 [51136/60000 (85%)]	Loss: 0.050849
Train Epoch: 4 [57536/60000 (96%)]	Loss: 0.014028

Test set: Average loss: 0.1337, Accuracy: 9641/10000 (96%)

Train Epoch: 5 [6336/60000 (11%)]	Loss: 0.226645
Train Epoch: 5 [12736/60000 (21%)]	Loss: 0.165502
Train Epoch: 5 [19136/60000 (32%)]	Loss: 0.069055
Train Epoch: 5 [25536/60000 (43%)]	Loss: 0.360324
Train Epoch: 5 [31936/60000 (53%)]	Loss: 0.034190
Train Epoch: 5 [38336/60000 (64%)]	Loss: 0.028219
Train Epoch: 5 [44736/60000 (75%)]	Loss: 0.442892
Train Epoch: 5 [51136/60000 (85%)]	Loss: 0.251461
Train Epoch: 5 [57536/60000 (96%)]	Loss: 0.088514

Test set: Average loss: 0.1618, Accuracy: 9566/10000 (96%)

Train Epoch: 6 [6336/60000 (11%)]	Loss: 0.047883
Train Epoch: 6 [12736/60000 (21%)]	Loss: 0.129302
Train Epoch: 6 [19136/60000 (32%)]	Loss: 0.090494
Train Epoch: 6 [25536/60000 (43%)]	Loss: 0.017386
Train Epoch: 6 [31936/60000 (53%)]	Loss: 0.018221
Train Epoch: 6 [38336/60000 (64%)]	Loss: 0.055607
Train Epoch: 6 [44736/60000 (75%)]	Loss: 0.220604
Train Epoch: 6 [51136/60000 (85%)]	Loss: 0.052844
Train Epoch: 6 [57536/60000 (96%)]	Loss: 0.218656

Test set: Average loss: 0.1482, Accuracy: 9603/10000 (96%)

Train Epoch: 7 [6336/60000 (11%)]	Loss: 0.213261
Train Epoch: 7 [12736/60000 (21%)]	Loss: 0.152171
Train Epoch: 7 [19136/60000 (32%)]	Loss: 0.061457
Train Epoch: 7 [25536/60000 (43%)]	Loss: 0.039154
Train Epoch: 7 [31936/60000 (53%)]	Loss: 0.067235
Train Epoch: 7 [38336/60000 (64%)]	Loss: 0.077654
Train Epoch: 7 [44736/60000 (75%)]	Loss: 0.280107
Train Epoch: 7 [51136/60000 (85%)]	Loss: 0.103861
Train Epoch: 7 [57536/60000 (96%)]	Loss: 0.065368

Test set: Average loss: 0.1108, Accuracy: 9677/10000 (97%)

Train Epoch: 8 [6336/60000 (11%)]	Loss: 0.077120
Train Epoch: 8 [12736/60000 (21%)]	Loss: 0.146317
Train Epoch: 8 [19136/60000 (32%)]	Loss: 0.123031
Train Epoch: 8 [25536/60000 (43%)]	Loss: 0.082919
Train Epoch: 8 [31936/60000 (53%)]	Loss: 0.123188
Train Epoch: 8 [38336/60000 (64%)]	Loss: 0.109811
Train Epoch: 8 [44736/60000 (75%)]	Loss: 0.142933
Train Epoch: 8 [51136/60000 (85%)]	Loss: 0.100124
Train Epoch: 8 [57536/60000 (96%)]	Loss: 0.316442

Test set: Average loss: 0.1347, Accuracy: 9641/10000 (96%)

Train Epoch: 9 [6336/60000 (11%)]	Loss: 0.089207
Train Epoch: 9 [12736/60000 (21%)]	Loss: 0.069854
Train Epoch: 9 [19136/60000 (32%)]	Loss: 0.179201
Train Epoch: 9 [25536/60000 (43%)]	Loss: 0.081904
Train Epoch: 9 [31936/60000 (53%)]	Loss: 0.040846
Train Epoch: 9 [38336/60000 (64%)]	Loss: 0.056813
Train Epoch: 9 [44736/60000 (75%)]	Loss: 0.059257
Train Epoch: 9 [51136/60000 (85%)]	Loss: 0.048371
Train Epoch: 9 [57536/60000 (96%)]	Loss: 0.165394

Test set: Average loss: 0.1313, Accuracy: 9650/10000 (96%)

Train Epoch: 10 [6336/60000 (11%)]	Loss: 0.005925
Train Epoch: 10 [12736/60000 (21%)]	Loss: 0.196152
Train Epoch: 10 [19136/60000 (32%)]	Loss: 0.122334
Train Epoch: 10 [25536/60000 (43%)]	Loss: 0.128686
Train Epoch: 10 [31936/60000 (53%)]	Loss: 0.105056
Train Epoch: 10 [38336/60000 (64%)]	Loss: 0.081570
Train Epoch: 10 [44736/60000 (75%)]	Loss: 0.026771
Train Epoch: 10 [51136/60000 (85%)]	Loss: 0.077507
Train Epoch: 10 [57536/60000 (96%)]	Loss: 0.281135

Test set: Average loss: 0.1804, Accuracy: 9545/10000 (95%)

Train Epoch: 11 [6336/60000 (11%)]	Loss: 0.300630
Train Epoch: 11 [12736/60000 (21%)]	Loss: 0.029258
Train Epoch: 11 [19136/60000 (32%)]	Loss: 0.129525
Train Epoch: 11 [25536/60000 (43%)]	Loss: 0.071025
Train Epoch: 11 [31936/60000 (53%)]	Loss: 0.058441
Train Epoch: 11 [38336/60000 (64%)]	Loss: 0.050475
Train Epoch: 11 [44736/60000 (75%)]	Loss: 0.046091
Train Epoch: 11 [51136/60000 (85%)]	Loss: 0.015156
Train Epoch: 11 [57536/60000 (96%)]	Loss: 0.017947

Test set: Average loss: 0.1293, Accuracy: 9632/10000 (96%)

Train Epoch: 12 [6336/60000 (11%)]	Loss: 0.076865
Train Epoch: 12 [12736/60000 (21%)]	Loss: 0.065990
Train Epoch: 12 [19136/60000 (32%)]	Loss: 0.079123
Train Epoch: 12 [25536/60000 (43%)]	Loss: 0.173740
Train Epoch: 12 [31936/60000 (53%)]	Loss: 0.043638
Train Epoch: 12 [38336/60000 (64%)]	Loss: 0.059272
Train Epoch: 12 [44736/60000 (75%)]	Loss: 0.040274
Train Epoch: 12 [51136/60000 (85%)]	Loss: 0.211897
Train Epoch: 12 [57536/60000 (96%)]	Loss: 0.062664

Test set: Average loss: 0.1504, Accuracy: 9607/10000 (96%)

Train Epoch: 13 [6336/60000 (11%)]	Loss: 0.153795
Train Epoch: 13 [12736/60000 (21%)]	Loss: 0.069643
Train Epoch: 13 [19136/60000 (32%)]	Loss: 0.021784
Train Epoch: 13 [25536/60000 (43%)]	Loss: 0.060297
Train Epoch: 13 [31936/60000 (53%)]	Loss: 0.165556
Train Epoch: 13 [38336/60000 (64%)]	Loss: 0.219545
Train Epoch: 13 [44736/60000 (75%)]	Loss: 0.318965
Train Epoch: 13 [51136/60000 (85%)]	Loss: 0.032924
Train Epoch: 13 [57536/60000 (96%)]	Loss: 0.215546

Test set: Average loss: 0.1502, Accuracy: 9587/10000 (96%)

Train Epoch: 14 [6336/60000 (11%)]	Loss: 0.048596
Train Epoch: 14 [12736/60000 (21%)]	Loss: 0.055742
Train Epoch: 14 [19136/60000 (32%)]	Loss: 0.061826
Train Epoch: 14 [25536/60000 (43%)]	Loss: 0.357407
Train Epoch: 14 [31936/60000 (53%)]	Loss: 0.018139
Train Epoch: 14 [38336/60000 (64%)]	Loss: 0.154357
Train Epoch: 14 [44736/60000 (75%)]	Loss: 0.167720
Train Epoch: 14 [51136/60000 (85%)]	Loss: 0.045186
Train Epoch: 14 [57536/60000 (96%)]	Loss: 0.097441

Test set: Average loss: 0.1151, Accuracy: 9683/10000 (97%)

Train Epoch: 15 [6336/60000 (11%)]	Loss: 0.125703
Train Epoch: 15 [12736/60000 (21%)]	Loss: 0.121125
Train Epoch: 15 [19136/60000 (32%)]	Loss: 0.084327
Train Epoch: 15 [25536/60000 (43%)]	Loss: 0.111134
Train Epoch: 15 [31936/60000 (53%)]	Loss: 0.030748
Train Epoch: 15 [38336/60000 (64%)]	Loss: 0.047931
Train Epoch: 15 [44736/60000 (75%)]	Loss: 0.041022
Train Epoch: 15 [51136/60000 (85%)]	Loss: 0.115484
Train Epoch: 15 [57536/60000 (96%)]	Loss: 0.032399

Test set: Average loss: 0.1169, Accuracy: 9690/10000 (97%)

Train Epoch: 16 [6336/60000 (11%)]	Loss: 0.134743
Train Epoch: 16 [12736/60000 (21%)]	Loss: 0.036179
Train Epoch: 16 [19136/60000 (32%)]	Loss: 0.021432
Train Epoch: 16 [25536/60000 (43%)]	Loss: 0.139099
Train Epoch: 16 [31936/60000 (53%)]	Loss: 0.096507
Train Epoch: 16 [38336/60000 (64%)]	Loss: 0.099638
Train Epoch: 16 [44736/60000 (75%)]	Loss: 0.079441
Train Epoch: 16 [51136/60000 (85%)]	Loss: 0.120599
Train Epoch: 16 [57536/60000 (96%)]	Loss: 0.124929

Test set: Average loss: 0.1110, Accuracy: 9667/10000 (97%)

Train Epoch: 17 [6336/60000 (11%)]	Loss: 0.177216
Train Epoch: 17 [12736/60000 (21%)]	Loss: 0.181026
Train Epoch: 17 [19136/60000 (32%)]	Loss: 0.041940
Train Epoch: 17 [25536/60000 (43%)]	Loss: 0.117990
Train Epoch: 17 [31936/60000 (53%)]	Loss: 0.022016
Train Epoch: 17 [38336/60000 (64%)]	Loss: 0.206783
Train Epoch: 17 [44736/60000 (75%)]	Loss: 0.277292
Train Epoch: 17 [51136/60000 (85%)]	Loss: 0.088447
Train Epoch: 17 [57536/60000 (96%)]	Loss: 0.036171

Test set: Average loss: 0.1256, Accuracy: 9664/10000 (97%)

Train Epoch: 18 [6336/60000 (11%)]	Loss: 0.119528
Train Epoch: 18 [12736/60000 (21%)]	Loss: 0.022475
Train Epoch: 18 [19136/60000 (32%)]	Loss: 0.122530
Train Epoch: 18 [25536/60000 (43%)]	Loss: 0.062930
Train Epoch: 18 [31936/60000 (53%)]	Loss: 0.117329
Train Epoch: 18 [38336/60000 (64%)]	Loss: 0.105653
Train Epoch: 18 [44736/60000 (75%)]	Loss: 0.091523
Train Epoch: 18 [51136/60000 (85%)]	Loss: 0.188988
Train Epoch: 18 [57536/60000 (96%)]	Loss: 0.020150

Test set: Average loss: 0.1471, Accuracy: 9603/10000 (96%)

Train Epoch: 19 [6336/60000 (11%)]	Loss: 0.289377
Train Epoch: 19 [12736/60000 (21%)]	Loss: 0.117309
Train Epoch: 19 [19136/60000 (32%)]	Loss: 0.090077
Train Epoch: 19 [25536/60000 (43%)]	Loss: 0.129447
Train Epoch: 19 [31936/60000 (53%)]	Loss: 0.166814
Train Epoch: 19 [38336/60000 (64%)]	Loss: 0.072831
Train Epoch: 19 [44736/60000 (75%)]	Loss: 0.122515
Train Epoch: 19 [51136/60000 (85%)]	Loss: 0.115822
Train Epoch: 19 [57536/60000 (96%)]	Loss: 0.081165

Test set: Average loss: 0.1569, Accuracy: 9580/10000 (96%)

Train Epoch: 20 [6336/60000 (11%)]	Loss: 0.225465
Train Epoch: 20 [12736/60000 (21%)]	Loss: 0.089199
Train Epoch: 20 [19136/60000 (32%)]	Loss: 0.111541
Train Epoch: 20 [25536/60000 (43%)]	Loss: 0.091131
Train Epoch: 20 [31936/60000 (53%)]	Loss: 0.202345
Train Epoch: 20 [38336/60000 (64%)]	Loss: 0.114229
Train Epoch: 20 [44736/60000 (75%)]	Loss: 0.177781
Train Epoch: 20 [51136/60000 (85%)]	Loss: 0.263595
Train Epoch: 20 [57536/60000 (96%)]	Loss: 0.136277

Test set: Average loss: 0.0981, Accuracy: 9735/10000 (97%)

Train Epoch: 21 [6336/60000 (11%)]	Loss: 0.022440
Train Epoch: 21 [12736/60000 (21%)]	Loss: 0.098842
Train Epoch: 21 [19136/60000 (32%)]	Loss: 0.098509
Train Epoch: 21 [25536/60000 (43%)]	Loss: 0.070289
Train Epoch: 21 [31936/60000 (53%)]	Loss: 0.043253
Train Epoch: 21 [38336/60000 (64%)]	Loss: 0.118656
Train Epoch: 21 [44736/60000 (75%)]	Loss: 0.029473
Train Epoch: 21 [51136/60000 (85%)]	Loss: 0.099666
Train Epoch: 21 [57536/60000 (96%)]	Loss: 0.202398

Test set: Average loss: 0.1306, Accuracy: 9637/10000 (96%)

Train Epoch: 22 [6336/60000 (11%)]	Loss: 0.008043
Train Epoch: 22 [12736/60000 (21%)]	Loss: 0.149766
Train Epoch: 22 [19136/60000 (32%)]	Loss: 0.155446
Train Epoch: 22 [25536/60000 (43%)]	Loss: 0.040214
Train Epoch: 22 [31936/60000 (53%)]	Loss: 0.143671
Train Epoch: 22 [38336/60000 (64%)]	Loss: 0.208038
Train Epoch: 22 [44736/60000 (75%)]	Loss: 0.232178
Train Epoch: 22 [51136/60000 (85%)]	Loss: 0.071747
Train Epoch: 22 [57536/60000 (96%)]	Loss: 0.086091

Test set: Average loss: 0.1251, Accuracy: 9637/10000 (96%)

Train Epoch: 23 [6336/60000 (11%)]	Loss: 0.142579
Train Epoch: 23 [12736/60000 (21%)]	Loss: 0.167471
Train Epoch: 23 [19136/60000 (32%)]	Loss: 0.013497
Train Epoch: 23 [25536/60000 (43%)]	Loss: 0.080426
Train Epoch: 23 [31936/60000 (53%)]	Loss: 0.017669
Train Epoch: 23 [38336/60000 (64%)]	Loss: 0.064768
Train Epoch: 23 [44736/60000 (75%)]	Loss: 0.090130
Train Epoch: 23 [51136/60000 (85%)]	Loss: 0.051772
Train Epoch: 23 [57536/60000 (96%)]	Loss: 0.162346

Test set: Average loss: 0.1316, Accuracy: 9653/10000 (97%)

Train Epoch: 24 [6336/60000 (11%)]	Loss: 0.076521
Train Epoch: 24 [12736/60000 (21%)]	Loss: 0.072268
Train Epoch: 24 [19136/60000 (32%)]	Loss: 0.050597
Train Epoch: 24 [25536/60000 (43%)]	Loss: 0.133182
Train Epoch: 24 [31936/60000 (53%)]	Loss: 0.082429
Train Epoch: 24 [38336/60000 (64%)]	Loss: 0.057195
Train Epoch: 24 [44736/60000 (75%)]	Loss: 0.097426
Train Epoch: 24 [51136/60000 (85%)]	Loss: 0.038147
Train Epoch: 24 [57536/60000 (96%)]	Loss: 0.130614

Test set: Average loss: 0.1262, Accuracy: 9623/10000 (96%)

Train Epoch: 25 [6336/60000 (11%)]	Loss: 0.019044
Train Epoch: 25 [12736/60000 (21%)]	Loss: 0.142317
Train Epoch: 25 [19136/60000 (32%)]	Loss: 0.278657
Train Epoch: 25 [25536/60000 (43%)]	Loss: 0.279393
Train Epoch: 25 [31936/60000 (53%)]	Loss: 0.058368
Train Epoch: 25 [38336/60000 (64%)]	Loss: 0.066967
Train Epoch: 25 [44736/60000 (75%)]	Loss: 0.121315
Train Epoch: 25 [51136/60000 (85%)]	Loss: 0.002993
Train Epoch: 25 [57536/60000 (96%)]	Loss: 0.094051

Test set: Average loss: 0.1146, Accuracy: 9666/10000 (97%)

Train Epoch: 26 [6336/60000 (11%)]	Loss: 0.101788
Train Epoch: 26 [12736/60000 (21%)]	Loss: 0.029017
Train Epoch: 26 [19136/60000 (32%)]	Loss: 0.204636
Train Epoch: 26 [25536/60000 (43%)]	Loss: 0.041187
Train Epoch: 26 [31936/60000 (53%)]	Loss: 0.099686
Train Epoch: 26 [38336/60000 (64%)]	Loss: 0.178827
Train Epoch: 26 [44736/60000 (75%)]	Loss: 0.162812
Train Epoch: 26 [51136/60000 (85%)]	Loss: 0.205821
Train Epoch: 26 [57536/60000 (96%)]	Loss: 0.155186

Test set: Average loss: 0.1241, Accuracy: 9664/10000 (97%)

Train Epoch: 27 [6336/60000 (11%)]	Loss: 0.106046
Train Epoch: 27 [12736/60000 (21%)]	Loss: 0.020591
Train Epoch: 27 [19136/60000 (32%)]	Loss: 0.063176
Train Epoch: 27 [25536/60000 (43%)]	Loss: 0.132539
Train Epoch: 27 [31936/60000 (53%)]	Loss: 0.057650
Train Epoch: 27 [38336/60000 (64%)]	Loss: 0.017376
Train Epoch: 27 [44736/60000 (75%)]	Loss: 0.058402
Train Epoch: 27 [51136/60000 (85%)]	Loss: 0.163300
Train Epoch: 27 [57536/60000 (96%)]	Loss: 0.106548

Test set: Average loss: 0.1338, Accuracy: 9636/10000 (96%)

Train Epoch: 28 [6336/60000 (11%)]	Loss: 0.084987
Train Epoch: 28 [12736/60000 (21%)]	Loss: 0.180128
Train Epoch: 28 [19136/60000 (32%)]	Loss: 0.047116
Train Epoch: 28 [25536/60000 (43%)]	Loss: 0.080636
Train Epoch: 28 [31936/60000 (53%)]	Loss: 0.076973
Train Epoch: 28 [38336/60000 (64%)]	Loss: 0.011566
Train Epoch: 28 [44736/60000 (75%)]	Loss: 0.060567
Train Epoch: 28 [51136/60000 (85%)]	Loss: 0.216487
Train Epoch: 28 [57536/60000 (96%)]	Loss: 0.021230

Test set: Average loss: 0.1260, Accuracy: 9660/10000 (97%)

Train Epoch: 29 [6336/60000 (11%)]	Loss: 0.020581
Train Epoch: 29 [12736/60000 (21%)]	Loss: 0.031048
Train Epoch: 29 [19136/60000 (32%)]	Loss: 0.030761
Train Epoch: 29 [25536/60000 (43%)]	Loss: 0.084717
Train Epoch: 29 [31936/60000 (53%)]	Loss: 0.024967
Train Epoch: 29 [38336/60000 (64%)]	Loss: 0.082266
Train Epoch: 29 [44736/60000 (75%)]	Loss: 0.086094
Train Epoch: 29 [51136/60000 (85%)]	Loss: 0.084293
Train Epoch: 29 [57536/60000 (96%)]	Loss: 0.026865

Test set: Average loss: 0.1410, Accuracy: 9633/10000 (96%)

Train Epoch: 30 [6336/60000 (11%)]	Loss: 0.005753
Train Epoch: 30 [12736/60000 (21%)]	Loss: 0.190856
Train Epoch: 30 [19136/60000 (32%)]	Loss: 0.059876
Train Epoch: 30 [25536/60000 (43%)]	Loss: 0.144276
Train Epoch: 30 [31936/60000 (53%)]	Loss: 0.170739
Train Epoch: 30 [38336/60000 (64%)]	Loss: 0.027641
Train Epoch: 30 [44736/60000 (75%)]	Loss: 0.169437
Train Epoch: 30 [51136/60000 (85%)]	Loss: 0.157851
Train Epoch: 30 [57536/60000 (96%)]	Loss: 0.128591

Test set: Average loss: 0.1208, Accuracy: 9668/10000 (97%)

Train Epoch: 31 [6336/60000 (11%)]	Loss: 0.200844
Train Epoch: 31 [12736/60000 (21%)]	Loss: 0.018316
Train Epoch: 31 [19136/60000 (32%)]	Loss: 0.006900
Train Epoch: 31 [25536/60000 (43%)]	Loss: 0.142411
Train Epoch: 31 [31936/60000 (53%)]	Loss: 0.021569
Train Epoch: 31 [38336/60000 (64%)]	Loss: 0.038875
Train Epoch: 31 [44736/60000 (75%)]	Loss: 0.259812
Train Epoch: 31 [51136/60000 (85%)]	Loss: 0.135938
Train Epoch: 31 [57536/60000 (96%)]	Loss: 0.079611

Test set: Average loss: 0.1274, Accuracy: 9640/10000 (96%)

Train Epoch: 32 [6336/60000 (11%)]	Loss: 0.114007
Train Epoch: 32 [12736/60000 (21%)]	Loss: 0.064503
Train Epoch: 32 [19136/60000 (32%)]	Loss: 0.033519
Train Epoch: 32 [25536/60000 (43%)]	Loss: 0.077615
Train Epoch: 32 [31936/60000 (53%)]	Loss: 0.114962
Train Epoch: 32 [38336/60000 (64%)]	Loss: 0.028307
Train Epoch: 32 [44736/60000 (75%)]	Loss: 0.054158
Train Epoch: 32 [51136/60000 (85%)]	Loss: 0.069858
Train Epoch: 32 [57536/60000 (96%)]	Loss: 0.114260

Test set: Average loss: 0.1672, Accuracy: 9519/10000 (95%)

Train Epoch: 33 [6336/60000 (11%)]	Loss: 0.033822
Train Epoch: 33 [12736/60000 (21%)]	Loss: 0.036215
Train Epoch: 33 [19136/60000 (32%)]	Loss: 0.105815
Train Epoch: 33 [25536/60000 (43%)]	Loss: 0.026417
Train Epoch: 33 [31936/60000 (53%)]	Loss: 0.109444
Train Epoch: 33 [38336/60000 (64%)]	Loss: 0.025470
Train Epoch: 33 [44736/60000 (75%)]	Loss: 0.052302
Train Epoch: 33 [51136/60000 (85%)]	Loss: 0.073728
Train Epoch: 33 [57536/60000 (96%)]	Loss: 0.055760

Test set: Average loss: 0.1094, Accuracy: 9687/10000 (97%)

Train Epoch: 34 [6336/60000 (11%)]	Loss: 0.162683
Train Epoch: 34 [12736/60000 (21%)]	Loss: 0.011134
Train Epoch: 34 [19136/60000 (32%)]	Loss: 0.034482
Train Epoch: 34 [25536/60000 (43%)]	Loss: 0.209173
Train Epoch: 34 [31936/60000 (53%)]	Loss: 0.031624
Train Epoch: 34 [38336/60000 (64%)]	Loss: 0.253230
Train Epoch: 34 [44736/60000 (75%)]	Loss: 0.007351
Train Epoch: 34 [51136/60000 (85%)]	Loss: 0.052560
Train Epoch: 34 [57536/60000 (96%)]	Loss: 0.131398

Test set: Average loss: 0.1228, Accuracy: 9672/10000 (97%)

Train Epoch: 35 [6336/60000 (11%)]	Loss: 0.023837
Train Epoch: 35 [12736/60000 (21%)]	Loss: 0.042588
Train Epoch: 35 [19136/60000 (32%)]	Loss: 0.037460
Train Epoch: 35 [25536/60000 (43%)]	Loss: 0.150215
Train Epoch: 35 [31936/60000 (53%)]	Loss: 0.117855
Train Epoch: 35 [38336/60000 (64%)]	Loss: 0.045348
Train Epoch: 35 [44736/60000 (75%)]	Loss: 0.107163
Train Epoch: 35 [51136/60000 (85%)]	Loss: 0.114579
Train Epoch: 35 [57536/60000 (96%)]	Loss: 0.194179

Test set: Average loss: 0.1251, Accuracy: 9633/10000 (96%)

Train Epoch: 36 [6336/60000 (11%)]	Loss: 0.028492
Train Epoch: 36 [12736/60000 (21%)]	Loss: 0.118250
Train Epoch: 36 [19136/60000 (32%)]	Loss: 0.010303
Train Epoch: 36 [25536/60000 (43%)]	Loss: 0.084448
Train Epoch: 36 [31936/60000 (53%)]	Loss: 0.009061
Train Epoch: 36 [38336/60000 (64%)]	Loss: 0.074338
Train Epoch: 36 [44736/60000 (75%)]	Loss: 0.041929
Train Epoch: 36 [51136/60000 (85%)]	Loss: 0.032548
Train Epoch: 36 [57536/60000 (96%)]	Loss: 0.077342

Test set: Average loss: 0.0979, Accuracy: 9735/10000 (97%)

Train Epoch: 37 [6336/60000 (11%)]	Loss: 0.004456
Train Epoch: 37 [12736/60000 (21%)]	Loss: 0.026120
Train Epoch: 37 [19136/60000 (32%)]	Loss: 0.144285
Train Epoch: 37 [25536/60000 (43%)]	Loss: 0.031290
Train Epoch: 37 [31936/60000 (53%)]	Loss: 0.082879
Train Epoch: 37 [38336/60000 (64%)]	Loss: 0.083504
Train Epoch: 37 [44736/60000 (75%)]	Loss: 0.061060
Train Epoch: 37 [51136/60000 (85%)]	Loss: 0.077461
Train Epoch: 37 [57536/60000 (96%)]	Loss: 0.021802

Test set: Average loss: 0.1111, Accuracy: 9688/10000 (97%)

Train Epoch: 38 [6336/60000 (11%)]	Loss: 0.025935
Train Epoch: 38 [12736/60000 (21%)]	Loss: 0.017707
Train Epoch: 38 [19136/60000 (32%)]	Loss: 0.061862
Train Epoch: 38 [25536/60000 (43%)]	Loss: 0.193765
Train Epoch: 38 [31936/60000 (53%)]	Loss: 0.068168
Train Epoch: 38 [38336/60000 (64%)]	Loss: 0.054624
Train Epoch: 38 [44736/60000 (75%)]	Loss: 0.082305
Train Epoch: 38 [51136/60000 (85%)]	Loss: 0.051119
Train Epoch: 38 [57536/60000 (96%)]	Loss: 0.195241

Test set: Average loss: 0.1051, Accuracy: 9690/10000 (97%)

Train Epoch: 39 [6336/60000 (11%)]	Loss: 0.021192
Train Epoch: 39 [12736/60000 (21%)]	Loss: 0.079468
Train Epoch: 39 [19136/60000 (32%)]	Loss: 0.041749
Train Epoch: 39 [25536/60000 (43%)]	Loss: 0.189029
Train Epoch: 39 [31936/60000 (53%)]	Loss: 0.047309
Train Epoch: 39 [38336/60000 (64%)]	Loss: 0.009214
Train Epoch: 39 [44736/60000 (75%)]	Loss: 0.139951
Train Epoch: 39 [51136/60000 (85%)]	Loss: 0.008476
Train Epoch: 39 [57536/60000 (96%)]	Loss: 0.022703

Test set: Average loss: 0.0842, Accuracy: 9759/10000 (98%)

Train Epoch: 40 [6336/60000 (11%)]	Loss: 0.049238
Train Epoch: 40 [12736/60000 (21%)]	Loss: 0.078662
Train Epoch: 40 [19136/60000 (32%)]	Loss: 0.145888
Train Epoch: 40 [25536/60000 (43%)]	Loss: 0.112559
Train Epoch: 40 [31936/60000 (53%)]	Loss: 0.056382
Train Epoch: 40 [38336/60000 (64%)]	Loss: 0.254729
Train Epoch: 40 [44736/60000 (75%)]	Loss: 0.084351
Train Epoch: 40 [51136/60000 (85%)]	Loss: 0.154349
Train Epoch: 40 [57536/60000 (96%)]	Loss: 0.012259

Test set: Average loss: 0.0943, Accuracy: 9743/10000 (97%)

Train Epoch: 41 [6336/60000 (11%)]	Loss: 0.056613
Train Epoch: 41 [12736/60000 (21%)]	Loss: 0.021038
Train Epoch: 41 [19136/60000 (32%)]	Loss: 0.141692
Train Epoch: 41 [25536/60000 (43%)]	Loss: 0.192185
Train Epoch: 41 [31936/60000 (53%)]	Loss: 0.056866
Train Epoch: 41 [38336/60000 (64%)]	Loss: 0.038906
Train Epoch: 41 [44736/60000 (75%)]	Loss: 0.062310
Train Epoch: 41 [51136/60000 (85%)]	Loss: 0.107671
Train Epoch: 41 [57536/60000 (96%)]	Loss: 0.109618

Test set: Average loss: 0.0990, Accuracy: 9704/10000 (97%)

Train Epoch: 42 [6336/60000 (11%)]	Loss: 0.010533
Train Epoch: 42 [12736/60000 (21%)]	Loss: 0.049513
Train Epoch: 42 [19136/60000 (32%)]	Loss: 0.018994
Train Epoch: 42 [25536/60000 (43%)]	Loss: 0.049247
Train Epoch: 42 [31936/60000 (53%)]	Loss: 0.130757
Train Epoch: 42 [38336/60000 (64%)]	Loss: 0.015739
Train Epoch: 42 [44736/60000 (75%)]	Loss: 0.024018
Train Epoch: 42 [51136/60000 (85%)]	Loss: 0.101031
Train Epoch: 42 [57536/60000 (96%)]	Loss: 0.028252

Test set: Average loss: 0.0929, Accuracy: 9734/10000 (97%)

Train Epoch: 43 [6336/60000 (11%)]	Loss: 0.013952
Train Epoch: 43 [12736/60000 (21%)]	Loss: 0.066268
Train Epoch: 43 [19136/60000 (32%)]	Loss: 0.070433
Train Epoch: 43 [25536/60000 (43%)]	Loss: 0.034614
Train Epoch: 43 [31936/60000 (53%)]	Loss: 0.103795
Train Epoch: 43 [38336/60000 (64%)]	Loss: 0.103712
Train Epoch: 43 [44736/60000 (75%)]	Loss: 0.173028
Train Epoch: 43 [51136/60000 (85%)]	Loss: 0.047509
Train Epoch: 43 [57536/60000 (96%)]	Loss: 0.010249

Test set: Average loss: 0.0856, Accuracy: 9755/10000 (98%)

Train Epoch: 44 [6336/60000 (11%)]	Loss: 0.030789
Train Epoch: 44 [12736/60000 (21%)]	Loss: 0.072650
Train Epoch: 44 [19136/60000 (32%)]	Loss: 0.133585
Train Epoch: 44 [25536/60000 (43%)]	Loss: 0.082618
Train Epoch: 44 [31936/60000 (53%)]	Loss: 0.079306
Train Epoch: 44 [38336/60000 (64%)]	Loss: 0.005474
Train Epoch: 44 [44736/60000 (75%)]	Loss: 0.079749
Train Epoch: 44 [51136/60000 (85%)]	Loss: 0.056394
Train Epoch: 44 [57536/60000 (96%)]	Loss: 0.047373

Test set: Average loss: 0.0893, Accuracy: 9727/10000 (97%)

Train Epoch: 45 [6336/60000 (11%)]	Loss: 0.022807
Train Epoch: 45 [12736/60000 (21%)]	Loss: 0.007453
Train Epoch: 45 [19136/60000 (32%)]	Loss: 0.024207
Train Epoch: 45 [25536/60000 (43%)]	Loss: 0.018857
Train Epoch: 45 [31936/60000 (53%)]	Loss: 0.058860
Train Epoch: 45 [38336/60000 (64%)]	Loss: 0.054466
Train Epoch: 45 [44736/60000 (75%)]	Loss: 0.004028
Train Epoch: 45 [51136/60000 (85%)]	Loss: 0.037221
Train Epoch: 45 [57536/60000 (96%)]	Loss: 0.128663

Test set: Average loss: 0.0913, Accuracy: 9747/10000 (97%)

Train Epoch: 46 [6336/60000 (11%)]	Loss: 0.072924
Train Epoch: 46 [12736/60000 (21%)]	Loss: 0.013119
Train Epoch: 46 [19136/60000 (32%)]	Loss: 0.010607
Train Epoch: 46 [25536/60000 (43%)]	Loss: 0.077823
Train Epoch: 46 [31936/60000 (53%)]	Loss: 0.043574
Train Epoch: 46 [38336/60000 (64%)]	Loss: 0.045530
Train Epoch: 46 [44736/60000 (75%)]	Loss: 0.185030
Train Epoch: 46 [51136/60000 (85%)]	Loss: 0.173235
Train Epoch: 46 [57536/60000 (96%)]	Loss: 0.064050

Test set: Average loss: 0.0826, Accuracy: 9765/10000 (98%)

Train Epoch: 47 [6336/60000 (11%)]	Loss: 0.083830
Train Epoch: 47 [12736/60000 (21%)]	Loss: 0.029309
Train Epoch: 47 [19136/60000 (32%)]	Loss: 0.037510
Train Epoch: 47 [25536/60000 (43%)]	Loss: 0.015475
Train Epoch: 47 [31936/60000 (53%)]	Loss: 0.012656
Train Epoch: 47 [38336/60000 (64%)]	Loss: 0.121818
Train Epoch: 47 [44736/60000 (75%)]	Loss: 0.013860
Train Epoch: 47 [51136/60000 (85%)]	Loss: 0.012628
Train Epoch: 47 [57536/60000 (96%)]	Loss: 0.061268

Test set: Average loss: 0.0897, Accuracy: 9737/10000 (97%)

Train Epoch: 48 [6336/60000 (11%)]	Loss: 0.008546
Train Epoch: 48 [12736/60000 (21%)]	Loss: 0.072312
Train Epoch: 48 [19136/60000 (32%)]	Loss: 0.004659
Train Epoch: 48 [25536/60000 (43%)]	Loss: 0.031429
Train Epoch: 48 [31936/60000 (53%)]	Loss: 0.049906
Train Epoch: 48 [38336/60000 (64%)]	Loss: 0.027139
Train Epoch: 48 [44736/60000 (75%)]	Loss: 0.143400
Train Epoch: 48 [51136/60000 (85%)]	Loss: 0.149078
Train Epoch: 48 [57536/60000 (96%)]	Loss: 0.018290

Test set: Average loss: 0.0812, Accuracy: 9770/10000 (98%)

Train Epoch: 49 [6336/60000 (11%)]	Loss: 0.000664
Train Epoch: 49 [12736/60000 (21%)]	Loss: 0.016714
Train Epoch: 49 [19136/60000 (32%)]	Loss: 0.191152
Train Epoch: 49 [25536/60000 (43%)]	Loss: 0.069791
Train Epoch: 49 [31936/60000 (53%)]	Loss: 0.136906
Train Epoch: 49 [38336/60000 (64%)]	Loss: 0.049018
Train Epoch: 49 [44736/60000 (75%)]	Loss: 0.029419
Train Epoch: 49 [51136/60000 (85%)]	Loss: 0.053779
Train Epoch: 49 [57536/60000 (96%)]	Loss: 0.008244

Test set: Average loss: 0.0869, Accuracy: 9754/10000 (98%)

Train Epoch: 50 [6336/60000 (11%)]	Loss: 0.049077
Train Epoch: 50 [12736/60000 (21%)]	Loss: 0.074189
Train Epoch: 50 [19136/60000 (32%)]	Loss: 0.109222
Train Epoch: 50 [25536/60000 (43%)]	Loss: 0.010070
Train Epoch: 50 [31936/60000 (53%)]	Loss: 0.030463
Train Epoch: 50 [38336/60000 (64%)]	Loss: 0.091814
Train Epoch: 50 [44736/60000 (75%)]	Loss: 0.003657
Train Epoch: 50 [51136/60000 (85%)]	Loss: 0.003139
Train Epoch: 50 [57536/60000 (96%)]	Loss: 0.093669

Test set: Average loss: 0.0912, Accuracy: 9737/10000 (97%)

Train Epoch: 51 [6336/60000 (11%)]	Loss: 0.062565
Train Epoch: 51 [12736/60000 (21%)]	Loss: 0.010557
Train Epoch: 51 [19136/60000 (32%)]	Loss: 0.043716
Train Epoch: 51 [25536/60000 (43%)]	Loss: 0.072271
Train Epoch: 51 [31936/60000 (53%)]	Loss: 0.042384
Train Epoch: 51 [38336/60000 (64%)]	Loss: 0.039192
Train Epoch: 51 [44736/60000 (75%)]	Loss: 0.141457
Train Epoch: 51 [51136/60000 (85%)]	Loss: 0.118151
Train Epoch: 51 [57536/60000 (96%)]	Loss: 0.019637

Test set: Average loss: 0.0748, Accuracy: 9779/10000 (98%)

Train Epoch: 52 [6336/60000 (11%)]	Loss: 0.061219
Train Epoch: 52 [12736/60000 (21%)]	Loss: 0.012175
Train Epoch: 52 [19136/60000 (32%)]	Loss: 0.024277
Train Epoch: 52 [25536/60000 (43%)]	Loss: 0.006215
Train Epoch: 52 [31936/60000 (53%)]	Loss: 0.011060
Train Epoch: 52 [38336/60000 (64%)]	Loss: 0.044692
Train Epoch: 52 [44736/60000 (75%)]	Loss: 0.019904
Train Epoch: 52 [51136/60000 (85%)]	Loss: 0.008349
Train Epoch: 52 [57536/60000 (96%)]	Loss: 0.024572

Test set: Average loss: 0.0783, Accuracy: 9762/10000 (98%)

Train Epoch: 53 [6336/60000 (11%)]	Loss: 0.008197
Train Epoch: 53 [12736/60000 (21%)]	Loss: 0.022273
Train Epoch: 53 [19136/60000 (32%)]	Loss: 0.048912
Train Epoch: 53 [25536/60000 (43%)]	Loss: 0.096217
Train Epoch: 53 [31936/60000 (53%)]	Loss: 0.045208
Train Epoch: 53 [38336/60000 (64%)]	Loss: 0.080238
Train Epoch: 53 [44736/60000 (75%)]	Loss: 0.019064
Train Epoch: 53 [51136/60000 (85%)]	Loss: 0.025630
Train Epoch: 53 [57536/60000 (96%)]	Loss: 0.071874

Test set: Average loss: 0.1080, Accuracy: 9675/10000 (97%)

Train Epoch: 54 [6336/60000 (11%)]	Loss: 0.011557
Train Epoch: 54 [12736/60000 (21%)]	Loss: 0.059304
Train Epoch: 54 [19136/60000 (32%)]	Loss: 0.024693
Train Epoch: 54 [25536/60000 (43%)]	Loss: 0.023159
Train Epoch: 54 [31936/60000 (53%)]	Loss: 0.007831
Train Epoch: 54 [38336/60000 (64%)]	Loss: 0.085205
Train Epoch: 54 [44736/60000 (75%)]	Loss: 0.001526
Train Epoch: 54 [51136/60000 (85%)]	Loss: 0.004730
Train Epoch: 54 [57536/60000 (96%)]	Loss: 0.074210

Test set: Average loss: 0.0962, Accuracy: 9718/10000 (97%)

Train Epoch: 55 [6336/60000 (11%)]	Loss: 0.073601
Train Epoch: 55 [12736/60000 (21%)]	Loss: 0.022225
Train Epoch: 55 [19136/60000 (32%)]	Loss: 0.029042
Train Epoch: 55 [25536/60000 (43%)]	Loss: 0.004544
Train Epoch: 55 [31936/60000 (53%)]	Loss: 0.055558
Train Epoch: 55 [38336/60000 (64%)]	Loss: 0.008855
Train Epoch: 55 [44736/60000 (75%)]	Loss: 0.009898
Train Epoch: 55 [51136/60000 (85%)]	Loss: 0.027237
Train Epoch: 55 [57536/60000 (96%)]	Loss: 0.089148

Test set: Average loss: 0.0814, Accuracy: 9757/10000 (98%)

Train Epoch: 56 [6336/60000 (11%)]	Loss: 0.077291
Train Epoch: 56 [12736/60000 (21%)]	Loss: 0.045179
Train Epoch: 56 [19136/60000 (32%)]	Loss: 0.063970
Train Epoch: 56 [25536/60000 (43%)]	Loss: 0.011639
Train Epoch: 56 [31936/60000 (53%)]	Loss: 0.014670
Train Epoch: 56 [38336/60000 (64%)]	Loss: 0.096447
Train Epoch: 56 [44736/60000 (75%)]	Loss: 0.046188
Train Epoch: 56 [51136/60000 (85%)]	Loss: 0.091594
Train Epoch: 56 [57536/60000 (96%)]	Loss: 0.027993

Test set: Average loss: 0.0771, Accuracy: 9783/10000 (98%)

Train Epoch: 57 [6336/60000 (11%)]	Loss: 0.008765
Train Epoch: 57 [12736/60000 (21%)]	Loss: 0.006080
Train Epoch: 57 [19136/60000 (32%)]	Loss: 0.025611
Train Epoch: 57 [25536/60000 (43%)]	Loss: 0.027439
Train Epoch: 57 [31936/60000 (53%)]	Loss: 0.002884
Train Epoch: 57 [38336/60000 (64%)]	Loss: 0.020987
Train Epoch: 57 [44736/60000 (75%)]	Loss: 0.093988
Train Epoch: 57 [51136/60000 (85%)]	Loss: 0.070393
Train Epoch: 57 [57536/60000 (96%)]	Loss: 0.006877

Test set: Average loss: 0.0676, Accuracy: 9795/10000 (98%)

Train Epoch: 58 [6336/60000 (11%)]	Loss: 0.025648
Train Epoch: 58 [12736/60000 (21%)]	Loss: 0.011449
Train Epoch: 58 [19136/60000 (32%)]	Loss: 0.022023
Train Epoch: 58 [25536/60000 (43%)]	Loss: 0.010550
Train Epoch: 58 [31936/60000 (53%)]	Loss: 0.006587
Train Epoch: 58 [38336/60000 (64%)]	Loss: 0.116132
Train Epoch: 58 [44736/60000 (75%)]	Loss: 0.070626
Train Epoch: 58 [51136/60000 (85%)]	Loss: 0.021266
Train Epoch: 58 [57536/60000 (96%)]	Loss: 0.077434

Test set: Average loss: 0.0870, Accuracy: 9739/10000 (97%)

Train Epoch: 59 [6336/60000 (11%)]	Loss: 0.024173
Train Epoch: 59 [12736/60000 (21%)]	Loss: 0.001039
Train Epoch: 59 [19136/60000 (32%)]	Loss: 0.022708
Train Epoch: 59 [25536/60000 (43%)]	Loss: 0.001118
Train Epoch: 59 [31936/60000 (53%)]	Loss: 0.035142
Train Epoch: 59 [38336/60000 (64%)]	Loss: 0.054918
Train Epoch: 59 [44736/60000 (75%)]	Loss: 0.015279
Train Epoch: 59 [51136/60000 (85%)]	Loss: 0.036352
Train Epoch: 59 [57536/60000 (96%)]	Loss: 0.035052

Test set: Average loss: 0.0774, Accuracy: 9787/10000 (98%)

Train Epoch: 60 [6336/60000 (11%)]	Loss: 0.031841
Train Epoch: 60 [12736/60000 (21%)]	Loss: 0.025878
Train Epoch: 60 [19136/60000 (32%)]	Loss: 0.022139
Train Epoch: 60 [25536/60000 (43%)]	Loss: 0.002515
Train Epoch: 60 [31936/60000 (53%)]	Loss: 0.003560
Train Epoch: 60 [38336/60000 (64%)]	Loss: 0.020935
Train Epoch: 60 [44736/60000 (75%)]	Loss: 0.011977
Train Epoch: 60 [51136/60000 (85%)]	Loss: 0.003301
Train Epoch: 60 [57536/60000 (96%)]	Loss: 0.011349

Test set: Average loss: 0.0760, Accuracy: 9801/10000 (98%)

Train Epoch: 61 [6336/60000 (11%)]	Loss: 0.003567
Train Epoch: 61 [12736/60000 (21%)]	Loss: 0.006608
Train Epoch: 61 [19136/60000 (32%)]	Loss: 0.015341
Train Epoch: 61 [25536/60000 (43%)]	Loss: 0.005673
Train Epoch: 61 [31936/60000 (53%)]	Loss: 0.037104
Train Epoch: 61 [38336/60000 (64%)]	Loss: 0.001577
Train Epoch: 61 [44736/60000 (75%)]	Loss: 0.025644
Train Epoch: 61 [51136/60000 (85%)]	Loss: 0.003661
Train Epoch: 61 [57536/60000 (96%)]	Loss: 0.000737

Test set: Average loss: 0.0661, Accuracy: 9796/10000 (98%)

Train Epoch: 62 [6336/60000 (11%)]	Loss: 0.015425
Train Epoch: 62 [12736/60000 (21%)]	Loss: 0.037108
Train Epoch: 62 [19136/60000 (32%)]	Loss: 0.047454
Train Epoch: 62 [25536/60000 (43%)]	Loss: 0.006919
Train Epoch: 62 [31936/60000 (53%)]	Loss: 0.002623
Train Epoch: 62 [38336/60000 (64%)]	Loss: 0.013753
Train Epoch: 62 [44736/60000 (75%)]	Loss: 0.018841
Train Epoch: 62 [51136/60000 (85%)]	Loss: 0.005719
Train Epoch: 62 [57536/60000 (96%)]	Loss: 0.003263

Test set: Average loss: 0.0622, Accuracy: 9819/10000 (98%)

Train Epoch: 63 [6336/60000 (11%)]	Loss: 0.058587
Train Epoch: 63 [12736/60000 (21%)]	Loss: 0.019663
Train Epoch: 63 [19136/60000 (32%)]	Loss: 0.008863
Train Epoch: 63 [25536/60000 (43%)]	Loss: 0.022122
Train Epoch: 63 [31936/60000 (53%)]	Loss: 0.005468
Train Epoch: 63 [38336/60000 (64%)]	Loss: 0.010891
Train Epoch: 63 [44736/60000 (75%)]	Loss: 0.005605
Train Epoch: 63 [51136/60000 (85%)]	Loss: 0.002013
Train Epoch: 63 [57536/60000 (96%)]	Loss: 0.002815

Test set: Average loss: 0.0726, Accuracy: 9799/10000 (98%)

Train Epoch: 64 [6336/60000 (11%)]	Loss: 0.009759
Train Epoch: 64 [12736/60000 (21%)]	Loss: 0.021009
Train Epoch: 64 [19136/60000 (32%)]	Loss: 0.080416
Train Epoch: 64 [25536/60000 (43%)]	Loss: 0.005329
Train Epoch: 64 [31936/60000 (53%)]	Loss: 0.063844
Train Epoch: 64 [38336/60000 (64%)]	Loss: 0.003188
Train Epoch: 64 [44736/60000 (75%)]	Loss: 0.046968
Train Epoch: 64 [51136/60000 (85%)]	Loss: 0.001704
Train Epoch: 64 [57536/60000 (96%)]	Loss: 0.043669

Test set: Average loss: 0.0578, Accuracy: 9834/10000 (98%)

Train Epoch: 65 [6336/60000 (11%)]	Loss: 0.017704
Train Epoch: 65 [12736/60000 (21%)]	Loss: 0.076005
Train Epoch: 65 [19136/60000 (32%)]	Loss: 0.001750
Train Epoch: 65 [25536/60000 (43%)]	Loss: 0.004925
Train Epoch: 65 [31936/60000 (53%)]	Loss: 0.018208
Train Epoch: 65 [38336/60000 (64%)]	Loss: 0.004678
Train Epoch: 65 [44736/60000 (75%)]	Loss: 0.002674
Train Epoch: 65 [51136/60000 (85%)]	Loss: 0.011483
Train Epoch: 65 [57536/60000 (96%)]	Loss: 0.002738

Test set: Average loss: 0.0568, Accuracy: 9838/10000 (98%)

Train Epoch: 66 [6336/60000 (11%)]	Loss: 0.000535
Train Epoch: 66 [12736/60000 (21%)]	Loss: 0.006121
Train Epoch: 66 [19136/60000 (32%)]	Loss: 0.000809
Train Epoch: 66 [25536/60000 (43%)]	Loss: 0.005800
Train Epoch: 66 [31936/60000 (53%)]	Loss: 0.008239
Train Epoch: 66 [38336/60000 (64%)]	Loss: 0.017205
Train Epoch: 66 [44736/60000 (75%)]	Loss: 0.005018
Train Epoch: 66 [51136/60000 (85%)]	Loss: 0.033866
Train Epoch: 66 [57536/60000 (96%)]	Loss: 0.001263

Test set: Average loss: 0.0556, Accuracy: 9837/10000 (98%)

Train Epoch: 67 [6336/60000 (11%)]	Loss: 0.012966
Train Epoch: 67 [12736/60000 (21%)]	Loss: 0.003336
Train Epoch: 67 [19136/60000 (32%)]	Loss: 0.005894
Train Epoch: 67 [25536/60000 (43%)]	Loss: 0.001531
Train Epoch: 67 [31936/60000 (53%)]	Loss: 0.004788
Train Epoch: 67 [38336/60000 (64%)]	Loss: 0.002045
Train Epoch: 67 [44736/60000 (75%)]	Loss: 0.001978
Train Epoch: 67 [51136/60000 (85%)]	Loss: 0.006675
Train Epoch: 67 [57536/60000 (96%)]	Loss: 0.004616

Test set: Average loss: 0.0523, Accuracy: 9840/10000 (98%)

Train Epoch: 68 [6336/60000 (11%)]	Loss: 0.010264
Train Epoch: 68 [12736/60000 (21%)]	Loss: 0.000600
Train Epoch: 68 [19136/60000 (32%)]	Loss: 0.003198
Train Epoch: 68 [25536/60000 (43%)]	Loss: 0.004354
Train Epoch: 68 [31936/60000 (53%)]	Loss: 0.001966
Train Epoch: 68 [38336/60000 (64%)]	Loss: 0.016863
Train Epoch: 68 [44736/60000 (75%)]	Loss: 0.003044
Train Epoch: 68 [51136/60000 (85%)]	Loss: 0.006256
Train Epoch: 68 [57536/60000 (96%)]	Loss: 0.001355

Test set: Average loss: 0.0521, Accuracy: 9842/10000 (98%)

Train Epoch: 69 [6336/60000 (11%)]	Loss: 0.002014
Train Epoch: 69 [12736/60000 (21%)]	Loss: 0.000826
Train Epoch: 69 [19136/60000 (32%)]	Loss: 0.003307
Train Epoch: 69 [25536/60000 (43%)]	Loss: 0.002641
Train Epoch: 69 [31936/60000 (53%)]	Loss: 0.000626
Train Epoch: 69 [38336/60000 (64%)]	Loss: 0.002610
Train Epoch: 69 [44736/60000 (75%)]	Loss: 0.025806
Train Epoch: 69 [51136/60000 (85%)]	Loss: 0.010057
Train Epoch: 69 [57536/60000 (96%)]	Loss: 0.007264

Test set: Average loss: 0.0542, Accuracy: 9830/10000 (98%)

Train Epoch: 70 [6336/60000 (11%)]	Loss: 0.003414
Train Epoch: 70 [12736/60000 (21%)]	Loss: 0.004381
Train Epoch: 70 [19136/60000 (32%)]	Loss: 0.001913
Train Epoch: 70 [25536/60000 (43%)]	Loss: 0.006865
Train Epoch: 70 [31936/60000 (53%)]	Loss: 0.000824
Train Epoch: 70 [38336/60000 (64%)]	Loss: 0.002277
Train Epoch: 70 [44736/60000 (75%)]	Loss: 0.001394
Train Epoch: 70 [51136/60000 (85%)]	Loss: 0.002739
Train Epoch: 70 [57536/60000 (96%)]	Loss: 0.022608

Test set: Average loss: 0.0528, Accuracy: 9844/10000 (98%)

Train Epoch: 71 [6336/60000 (11%)]	Loss: 0.005343
Train Epoch: 71 [12736/60000 (21%)]	Loss: 0.002892
Train Epoch: 71 [19136/60000 (32%)]	Loss: 0.004713
Train Epoch: 71 [25536/60000 (43%)]	Loss: 0.000788
Train Epoch: 71 [31936/60000 (53%)]	Loss: 0.001304
Train Epoch: 71 [38336/60000 (64%)]	Loss: 0.007374
Train Epoch: 71 [44736/60000 (75%)]	Loss: 0.000641
Train Epoch: 71 [51136/60000 (85%)]	Loss: 0.000715
Train Epoch: 71 [57536/60000 (96%)]	Loss: 0.012965

Test set: Average loss: 0.0493, Accuracy: 9861/10000 (99%)

Train Epoch: 72 [6336/60000 (11%)]	Loss: 0.007229
Train Epoch: 72 [12736/60000 (21%)]	Loss: 0.007308
Train Epoch: 72 [19136/60000 (32%)]	Loss: 0.033558
Train Epoch: 72 [25536/60000 (43%)]	Loss: 0.004034
Train Epoch: 72 [31936/60000 (53%)]	Loss: 0.002640
Train Epoch: 72 [38336/60000 (64%)]	Loss: 0.009114
Train Epoch: 72 [44736/60000 (75%)]	Loss: 0.006180
Train Epoch: 72 [51136/60000 (85%)]	Loss: 0.001061
Train Epoch: 72 [57536/60000 (96%)]	Loss: 0.020349

Test set: Average loss: 0.0454, Accuracy: 9863/10000 (99%)

Train Epoch: 73 [6336/60000 (11%)]	Loss: 0.002356
Train Epoch: 73 [12736/60000 (21%)]	Loss: 0.001355
Train Epoch: 73 [19136/60000 (32%)]	Loss: 0.011081
Train Epoch: 73 [25536/60000 (43%)]	Loss: 0.012142
Train Epoch: 73 [31936/60000 (53%)]	Loss: 0.004728
Train Epoch: 73 [38336/60000 (64%)]	Loss: 0.001100
Train Epoch: 73 [44736/60000 (75%)]	Loss: 0.034855
Train Epoch: 73 [51136/60000 (85%)]	Loss: 0.003369
Train Epoch: 73 [57536/60000 (96%)]	Loss: 0.004399

Test set: Average loss: 0.0476, Accuracy: 9846/10000 (98%)

Train Epoch: 74 [6336/60000 (11%)]	Loss: 0.014561
Train Epoch: 74 [12736/60000 (21%)]	Loss: 0.006202
Train Epoch: 74 [19136/60000 (32%)]	Loss: 0.003155
Train Epoch: 74 [25536/60000 (43%)]	Loss: 0.001268
Train Epoch: 74 [31936/60000 (53%)]	Loss: 0.011276
Train Epoch: 74 [38336/60000 (64%)]	Loss: 0.008493
Train Epoch: 74 [44736/60000 (75%)]	Loss: 0.009937
Train Epoch: 74 [51136/60000 (85%)]	Loss: 0.002086
Train Epoch: 74 [57536/60000 (96%)]	Loss: 0.003759

Test set: Average loss: 0.0461, Accuracy: 9859/10000 (99%)

Train Epoch: 75 [6336/60000 (11%)]	Loss: 0.001465
Train Epoch: 75 [12736/60000 (21%)]	Loss: 0.002072
Train Epoch: 75 [19136/60000 (32%)]	Loss: 0.001886
Train Epoch: 75 [25536/60000 (43%)]	Loss: 0.005019
Train Epoch: 75 [31936/60000 (53%)]	Loss: 0.002510
Train Epoch: 75 [38336/60000 (64%)]	Loss: 0.003200
Train Epoch: 75 [44736/60000 (75%)]	Loss: 0.002010
Train Epoch: 75 [51136/60000 (85%)]	Loss: 0.007592
Train Epoch: 75 [57536/60000 (96%)]	Loss: 0.000803

Test set: Average loss: 0.0406, Accuracy: 9876/10000 (99%)

Train Epoch: 76 [6336/60000 (11%)]	Loss: 0.004275
Train Epoch: 76 [12736/60000 (21%)]	Loss: 0.001503
Train Epoch: 76 [19136/60000 (32%)]	Loss: 0.001261
Train Epoch: 76 [25536/60000 (43%)]	Loss: 0.000683
Train Epoch: 76 [31936/60000 (53%)]	Loss: 0.000976
Train Epoch: 76 [38336/60000 (64%)]	Loss: 0.005708
Train Epoch: 76 [44736/60000 (75%)]	Loss: 0.002838
Train Epoch: 76 [51136/60000 (85%)]	Loss: 0.003781
Train Epoch: 76 [57536/60000 (96%)]	Loss: 0.002797

Test set: Average loss: 0.0409, Accuracy: 9869/10000 (99%)

Train Epoch: 77 [6336/60000 (11%)]	Loss: 0.002015
Train Epoch: 77 [12736/60000 (21%)]	Loss: 0.004194
Train Epoch: 77 [19136/60000 (32%)]	Loss: 0.003921
Train Epoch: 77 [25536/60000 (43%)]	Loss: 0.004073
Train Epoch: 77 [31936/60000 (53%)]	Loss: 0.002071
Train Epoch: 77 [38336/60000 (64%)]	Loss: 0.002273
Train Epoch: 77 [44736/60000 (75%)]	Loss: 0.003120
Train Epoch: 77 [51136/60000 (85%)]	Loss: 0.000742
Train Epoch: 77 [57536/60000 (96%)]	Loss: 0.010393

Test set: Average loss: 0.0408, Accuracy: 9874/10000 (99%)

Train Epoch: 78 [6336/60000 (11%)]	Loss: 0.003183
Train Epoch: 78 [12736/60000 (21%)]	Loss: 0.001180
Train Epoch: 78 [19136/60000 (32%)]	Loss: 0.003316
Train Epoch: 78 [25536/60000 (43%)]	Loss: 0.003027
Train Epoch: 78 [31936/60000 (53%)]	Loss: 0.002051
Train Epoch: 78 [38336/60000 (64%)]	Loss: 0.003297
Train Epoch: 78 [44736/60000 (75%)]	Loss: 0.001641
Train Epoch: 78 [51136/60000 (85%)]	Loss: 0.001752
Train Epoch: 78 [57536/60000 (96%)]	Loss: 0.003589

Test set: Average loss: 0.0404, Accuracy: 9874/10000 (99%)

Train Epoch: 79 [6336/60000 (11%)]	Loss: 0.003307
Train Epoch: 79 [12736/60000 (21%)]	Loss: 0.001645
Train Epoch: 79 [19136/60000 (32%)]	Loss: 0.001686
Train Epoch: 79 [25536/60000 (43%)]	Loss: 0.001031
Train Epoch: 79 [31936/60000 (53%)]	Loss: 0.005591
Train Epoch: 79 [38336/60000 (64%)]	Loss: 0.003688
Train Epoch: 79 [44736/60000 (75%)]	Loss: 0.002294
Train Epoch: 79 [51136/60000 (85%)]	Loss: 0.006005
Train Epoch: 79 [57536/60000 (96%)]	Loss: 0.005106

Test set: Average loss: 0.0405, Accuracy: 9875/10000 (99%)

Train Epoch: 80 [6336/60000 (11%)]	Loss: 0.002301
Train Epoch: 80 [12736/60000 (21%)]	Loss: 0.002422
Train Epoch: 80 [19136/60000 (32%)]	Loss: 0.000781
Train Epoch: 80 [25536/60000 (43%)]	Loss: 0.007705
Train Epoch: 80 [31936/60000 (53%)]	Loss: 0.000773
Train Epoch: 80 [38336/60000 (64%)]	Loss: 0.002909
Train Epoch: 80 [44736/60000 (75%)]	Loss: 0.004516
Train Epoch: 80 [51136/60000 (85%)]	Loss: 0.002392
Train Epoch: 80 [57536/60000 (96%)]	Loss: 0.006670

Test set: Average loss: 0.0399, Accuracy: 9874/10000 (99%)

Train Epoch: 81 [6336/60000 (11%)]	Loss: 0.003952
Train Epoch: 81 [12736/60000 (21%)]	Loss: 0.001467
Train Epoch: 81 [19136/60000 (32%)]	Loss: 0.001581
Train Epoch: 81 [25536/60000 (43%)]	Loss: 0.003210
Train Epoch: 81 [31936/60000 (53%)]	Loss: 0.001351
Train Epoch: 81 [38336/60000 (64%)]	Loss: 0.002111
Train Epoch: 81 [44736/60000 (75%)]	Loss: 0.002186
Train Epoch: 81 [51136/60000 (85%)]	Loss: 0.003827
Train Epoch: 81 [57536/60000 (96%)]	Loss: 0.004814

Test set: Average loss: 0.0399, Accuracy: 9874/10000 (99%)

Train Epoch: 82 [6336/60000 (11%)]	Loss: 0.002362
Train Epoch: 82 [12736/60000 (21%)]	Loss: 0.000663
Train Epoch: 82 [19136/60000 (32%)]	Loss: 0.001999
Train Epoch: 82 [25536/60000 (43%)]	Loss: 0.002266
Train Epoch: 82 [31936/60000 (53%)]	Loss: 0.003963
Train Epoch: 82 [38336/60000 (64%)]	Loss: 0.004162
Train Epoch: 82 [44736/60000 (75%)]	Loss: 0.004865
Train Epoch: 82 [51136/60000 (85%)]	Loss: 0.003922
Train Epoch: 82 [57536/60000 (96%)]	Loss: 0.001895

Test set: Average loss: 0.0402, Accuracy: 9865/10000 (99%)

Train Epoch: 83 [6336/60000 (11%)]	Loss: 0.002303
Train Epoch: 83 [12736/60000 (21%)]	Loss: 0.002249
Train Epoch: 83 [19136/60000 (32%)]	Loss: 0.004149
Train Epoch: 83 [25536/60000 (43%)]	Loss: 0.004248
Train Epoch: 83 [31936/60000 (53%)]	Loss: 0.001568
Train Epoch: 83 [38336/60000 (64%)]	Loss: 0.005808
Train Epoch: 83 [44736/60000 (75%)]	Loss: 0.007834
Train Epoch: 83 [51136/60000 (85%)]	Loss: 0.001858
Train Epoch: 83 [57536/60000 (96%)]	Loss: 0.001700

Test set: Average loss: 0.0405, Accuracy: 9871/10000 (99%)

Train Epoch: 84 [6336/60000 (11%)]	Loss: 0.002346
Train Epoch: 84 [12736/60000 (21%)]	Loss: 0.004831
Train Epoch: 84 [19136/60000 (32%)]	Loss: 0.003351
Train Epoch: 84 [25536/60000 (43%)]	Loss: 0.003929
Train Epoch: 84 [31936/60000 (53%)]	Loss: 0.004867
Train Epoch: 84 [38336/60000 (64%)]	Loss: 0.007324
Train Epoch: 84 [44736/60000 (75%)]	Loss: 0.002816
Train Epoch: 84 [51136/60000 (85%)]	Loss: 0.002480
Train Epoch: 84 [57536/60000 (96%)]	Loss: 0.000790

Test set: Average loss: 0.0401, Accuracy: 9874/10000 (99%)

Train Epoch: 85 [6336/60000 (11%)]	Loss: 0.001280
Train Epoch: 85 [12736/60000 (21%)]	Loss: 0.001491
Train Epoch: 85 [19136/60000 (32%)]	Loss: 0.003091
Train Epoch: 85 [25536/60000 (43%)]	Loss: 0.001326
Train Epoch: 85 [31936/60000 (53%)]	Loss: 0.001955
Train Epoch: 85 [38336/60000 (64%)]	Loss: 0.001194
Train Epoch: 85 [44736/60000 (75%)]	Loss: 0.003971
Train Epoch: 85 [51136/60000 (85%)]	Loss: 0.007575
Train Epoch: 85 [57536/60000 (96%)]	Loss: 0.004302

Test set: Average loss: 0.0403, Accuracy: 9870/10000 (99%)

Train Epoch: 86 [6336/60000 (11%)]	Loss: 0.000678
Train Epoch: 86 [12736/60000 (21%)]	Loss: 0.000662
Train Epoch: 86 [19136/60000 (32%)]	Loss: 0.001940
Train Epoch: 86 [25536/60000 (43%)]	Loss: 0.005573
Train Epoch: 86 [31936/60000 (53%)]	Loss: 0.001822
Train Epoch: 86 [38336/60000 (64%)]	Loss: 0.002362
Train Epoch: 86 [44736/60000 (75%)]	Loss: 0.003285
Train Epoch: 86 [51136/60000 (85%)]	Loss: 0.000805
Train Epoch: 86 [57536/60000 (96%)]	Loss: 0.003443

Test set: Average loss: 0.0400, Accuracy: 9875/10000 (99%)

Train Epoch: 87 [6336/60000 (11%)]	Loss: 0.005379
Train Epoch: 87 [12736/60000 (21%)]	Loss: 0.002187
Train Epoch: 87 [19136/60000 (32%)]	Loss: 0.006253
Train Epoch: 87 [25536/60000 (43%)]	Loss: 0.002900
Train Epoch: 87 [31936/60000 (53%)]	Loss: 0.002388
Train Epoch: 87 [38336/60000 (64%)]	Loss: 0.005246
Train Epoch: 87 [44736/60000 (75%)]	Loss: 0.008778
Train Epoch: 87 [51136/60000 (85%)]	Loss: 0.006366
Train Epoch: 87 [57536/60000 (96%)]	Loss: 0.003616

Test set: Average loss: 0.0408, Accuracy: 9872/10000 (99%)

Train Epoch: 88 [6336/60000 (11%)]	Loss: 0.003843
Train Epoch: 88 [12736/60000 (21%)]	Loss: 0.003590
Train Epoch: 88 [19136/60000 (32%)]	Loss: 0.001840
Train Epoch: 88 [25536/60000 (43%)]	Loss: 0.002453
Train Epoch: 88 [31936/60000 (53%)]	Loss: 0.004694
Train Epoch: 88 [38336/60000 (64%)]	Loss: 0.002487
Train Epoch: 88 [44736/60000 (75%)]	Loss: 0.005625
Train Epoch: 88 [51136/60000 (85%)]	Loss: 0.003665
Train Epoch: 88 [57536/60000 (96%)]	Loss: 0.001815

Test set: Average loss: 0.0409, Accuracy: 9876/10000 (99%)

Train Epoch: 89 [6336/60000 (11%)]	Loss: 0.003652
Train Epoch: 89 [12736/60000 (21%)]	Loss: 0.002003
Train Epoch: 89 [19136/60000 (32%)]	Loss: 0.000789
Train Epoch: 89 [25536/60000 (43%)]	Loss: 0.004495
Train Epoch: 89 [31936/60000 (53%)]	Loss: 0.004065
Train Epoch: 89 [38336/60000 (64%)]	Loss: 0.002142
Train Epoch: 89 [44736/60000 (75%)]	Loss: 0.008099
Train Epoch: 89 [51136/60000 (85%)]	Loss: 0.003782
Train Epoch: 89 [57536/60000 (96%)]	Loss: 0.002935

Test set: Average loss: 0.0406, Accuracy: 9873/10000 (99%)

Train Epoch: 90 [6336/60000 (11%)]	Loss: 0.003541
Train Epoch: 90 [12736/60000 (21%)]	Loss: 0.003812
Train Epoch: 90 [19136/60000 (32%)]	Loss: 0.003261
Train Epoch: 90 [25536/60000 (43%)]	Loss: 0.001581
Train Epoch: 90 [31936/60000 (53%)]	Loss: 0.002943
Train Epoch: 90 [38336/60000 (64%)]	Loss: 0.002892
Train Epoch: 90 [44736/60000 (75%)]	Loss: 0.001615
Train Epoch: 90 [51136/60000 (85%)]	Loss: 0.003785
Train Epoch: 90 [57536/60000 (96%)]	Loss: 0.004498

Test set: Average loss: 0.0403, Accuracy: 9875/10000 (99%)

Train Epoch: 91 [6336/60000 (11%)]	Loss: 0.001786
Train Epoch: 91 [12736/60000 (21%)]	Loss: 0.001538
Train Epoch: 91 [19136/60000 (32%)]	Loss: 0.004739
Train Epoch: 91 [25536/60000 (43%)]	Loss: 0.003472
Train Epoch: 91 [31936/60000 (53%)]	Loss: 0.004030
Train Epoch: 91 [38336/60000 (64%)]	Loss: 0.003302
Train Epoch: 91 [44736/60000 (75%)]	Loss: 0.001522
Train Epoch: 91 [51136/60000 (85%)]	Loss: 0.003799
Train Epoch: 91 [57536/60000 (96%)]	Loss: 0.002639

Test set: Average loss: 0.0407, Accuracy: 9875/10000 (99%)

Train Epoch: 92 [6336/60000 (11%)]	Loss: 0.002184
Train Epoch: 92 [12736/60000 (21%)]	Loss: 0.003564
Train Epoch: 92 [19136/60000 (32%)]	Loss: 0.003755
Train Epoch: 92 [25536/60000 (43%)]	Loss: 0.003119
Train Epoch: 92 [31936/60000 (53%)]	Loss: 0.001059
Train Epoch: 92 [38336/60000 (64%)]	Loss: 0.003876
Train Epoch: 92 [44736/60000 (75%)]	Loss: 0.001804
Train Epoch: 92 [51136/60000 (85%)]	Loss: 0.001776
Train Epoch: 92 [57536/60000 (96%)]	Loss: 0.002501

Test set: Average loss: 0.0403, Accuracy: 9873/10000 (99%)

Train Epoch: 93 [6336/60000 (11%)]	Loss: 0.003285
Train Epoch: 93 [12736/60000 (21%)]	Loss: 0.002991
Train Epoch: 93 [19136/60000 (32%)]	Loss: 0.003666
Train Epoch: 93 [25536/60000 (43%)]	Loss: 0.002925
Train Epoch: 93 [31936/60000 (53%)]	Loss: 0.003741
Train Epoch: 93 [38336/60000 (64%)]	Loss: 0.004375
Train Epoch: 93 [44736/60000 (75%)]	Loss: 0.001157
Train Epoch: 93 [51136/60000 (85%)]	Loss: 0.003375
Train Epoch: 93 [57536/60000 (96%)]	Loss: 0.003792

Test set: Average loss: 0.0406, Accuracy: 9872/10000 (99%)

Train Epoch: 94 [6336/60000 (11%)]	Loss: 0.001493
Train Epoch: 94 [12736/60000 (21%)]	Loss: 0.003534
Train Epoch: 94 [19136/60000 (32%)]	Loss: 0.002619
Train Epoch: 94 [25536/60000 (43%)]	Loss: 0.003468
Train Epoch: 94 [31936/60000 (53%)]	Loss: 0.002032
Train Epoch: 94 [38336/60000 (64%)]	Loss: 0.001076
Train Epoch: 94 [44736/60000 (75%)]	Loss: 0.002369
Train Epoch: 94 [51136/60000 (85%)]	Loss: 0.002294
Train Epoch: 94 [57536/60000 (96%)]	Loss: 0.001102

Test set: Average loss: 0.0407, Accuracy: 9871/10000 (99%)

Train Epoch: 95 [6336/60000 (11%)]	Loss: 0.002386
Train Epoch: 95 [12736/60000 (21%)]	Loss: 0.001341
Train Epoch: 95 [19136/60000 (32%)]	Loss: 0.007943
Train Epoch: 95 [25536/60000 (43%)]	Loss: 0.006015
Train Epoch: 95 [31936/60000 (53%)]	Loss: 0.003529
Train Epoch: 95 [38336/60000 (64%)]	Loss: 0.002964
Train Epoch: 95 [44736/60000 (75%)]	Loss: 0.003689
Train Epoch: 95 [51136/60000 (85%)]	Loss: 0.003016
Train Epoch: 95 [57536/60000 (96%)]	Loss: 0.001522

Test set: Average loss: 0.0403, Accuracy: 9875/10000 (99%)

Train Epoch: 96 [6336/60000 (11%)]	Loss: 0.002729
Train Epoch: 96 [12736/60000 (21%)]	Loss: 0.003952
Train Epoch: 96 [19136/60000 (32%)]	Loss: 0.002164
Train Epoch: 96 [25536/60000 (43%)]	Loss: 0.001535
Train Epoch: 96 [31936/60000 (53%)]	Loss: 0.002810
Train Epoch: 96 [38336/60000 (64%)]	Loss: 0.002139
Train Epoch: 96 [44736/60000 (75%)]	Loss: 0.001901
Train Epoch: 96 [51136/60000 (85%)]	Loss: 0.002209
Train Epoch: 96 [57536/60000 (96%)]	Loss: 0.001677

Test set: Average loss: 0.0404, Accuracy: 9871/10000 (99%)

Train Epoch: 97 [6336/60000 (11%)]	Loss: 0.001791
Train Epoch: 97 [12736/60000 (21%)]	Loss: 0.001740
Train Epoch: 97 [19136/60000 (32%)]	Loss: 0.002146
Train Epoch: 97 [25536/60000 (43%)]	Loss: 0.001629
Train Epoch: 97 [31936/60000 (53%)]	Loss: 0.003360
Train Epoch: 97 [38336/60000 (64%)]	Loss: 0.001299
Train Epoch: 97 [44736/60000 (75%)]	Loss: 0.004562
Train Epoch: 97 [51136/60000 (85%)]	Loss: 0.002801
Train Epoch: 97 [57536/60000 (96%)]	Loss: 0.002542

Test set: Average loss: 0.0404, Accuracy: 9875/10000 (99%)

Train Epoch: 98 [6336/60000 (11%)]	Loss: 0.003227
Train Epoch: 98 [12736/60000 (21%)]	Loss: 0.001359
Train Epoch: 98 [19136/60000 (32%)]	Loss: 0.002788
Train Epoch: 98 [25536/60000 (43%)]	Loss: 0.002288
Train Epoch: 98 [31936/60000 (53%)]	Loss: 0.002833
Train Epoch: 98 [38336/60000 (64%)]	Loss: 0.003123
Train Epoch: 98 [44736/60000 (75%)]	Loss: 0.000997
Train Epoch: 98 [51136/60000 (85%)]	Loss: 0.002561
Train Epoch: 98 [57536/60000 (96%)]	Loss: 0.001599

Test set: Average loss: 0.0405, Accuracy: 9874/10000 (99%)

Train Epoch: 99 [6336/60000 (11%)]	Loss: 0.000967
Train Epoch: 99 [12736/60000 (21%)]	Loss: 0.002026
Train Epoch: 99 [19136/60000 (32%)]	Loss: 0.004306
Train Epoch: 99 [25536/60000 (43%)]	Loss: 0.000713
Train Epoch: 99 [31936/60000 (53%)]	Loss: 0.002588
Train Epoch: 99 [38336/60000 (64%)]	Loss: 0.003297
Train Epoch: 99 [44736/60000 (75%)]	Loss: 0.002847
Train Epoch: 99 [51136/60000 (85%)]	Loss: 0.003593
Train Epoch: 99 [57536/60000 (96%)]	Loss: 0.003461

Test set: Average loss: 0.0404, Accuracy: 9874/10000 (99%)

Train Epoch: 100 [6336/60000 (11%)]	Loss: 0.001661
Train Epoch: 100 [12736/60000 (21%)]	Loss: 0.002670
Train Epoch: 100 [19136/60000 (32%)]	Loss: 0.002367
Train Epoch: 100 [25536/60000 (43%)]	Loss: 0.001982
Train Epoch: 100 [31936/60000 (53%)]	Loss: 0.003636
Train Epoch: 100 [38336/60000 (64%)]	Loss: 0.003407
Train Epoch: 100 [44736/60000 (75%)]	Loss: 0.002661
Train Epoch: 100 [51136/60000 (85%)]	Loss: 0.001822
Train Epoch: 100 [57536/60000 (96%)]	Loss: 0.002487

Test set: Average loss: 0.0405, Accuracy: 9873/10000 (99%)

Namespace(batch_size=64, bias=None, data='../data', device=1, epochs=100, hidden_size=500, load_weights=None, log_interval=100, lr=0.1, model='fc4', momentum=0.9, no_cuda=False, r=5, save_model=None, save_results=True, seed=1, sparsity=0.5, use_relu=False, wd=0.0005)


Total time spent pruning/training: 16.54 minutes
Total number of parameters in model: 897000
