Namespace(batch_size=64, bias=None, data='../data', device=1, epochs=3, hidden_size=500, load_weights=None, log_interval=100, lr=0.1, model='widefc4', momentum=0.9, no_cuda=False, r=5, save_model=None, save_results=True, seed=1, sparsity=0.02, use_relu=False, wd=0.0005) 

Pruning a Wide Four-Layer Fully Connected network ...
Train Epoch: 1 [6336/60000 (11%)]	Loss: 0.434348
Train Epoch: 1 [12736/60000 (21%)]	Loss: 0.213677
Train Epoch: 1 [19136/60000 (32%)]	Loss: 0.455440
Train Epoch: 1 [25536/60000 (43%)]	Loss: 0.205159
Train Epoch: 1 [31936/60000 (53%)]	Loss: 0.281525
Train Epoch: 1 [38336/60000 (64%)]	Loss: 0.444896
Train Epoch: 1 [44736/60000 (75%)]	Loss: 0.154133
Train Epoch: 1 [51136/60000 (85%)]	Loss: 0.210653
Train Epoch: 1 [57536/60000 (96%)]	Loss: 0.346843

Test set: Average loss: 0.2798, Accuracy: 9135/10000 (91%)

Train Epoch: 2 [6336/60000 (11%)]	Loss: 0.115562
Train Epoch: 2 [12736/60000 (21%)]	Loss: 0.318820
Train Epoch: 2 [19136/60000 (32%)]	Loss: 0.348730
Train Epoch: 2 [25536/60000 (43%)]	Loss: 0.188085
Train Epoch: 2 [31936/60000 (53%)]	Loss: 0.310862
Train Epoch: 2 [38336/60000 (64%)]	Loss: 0.369489
Train Epoch: 2 [44736/60000 (75%)]	Loss: 0.506761
Train Epoch: 2 [51136/60000 (85%)]	Loss: 0.320585
Train Epoch: 2 [57536/60000 (96%)]	Loss: 0.214208

Test set: Average loss: 0.3730, Accuracy: 8789/10000 (88%)

Train Epoch: 3 [6336/60000 (11%)]	Loss: 0.277365
Train Epoch: 3 [12736/60000 (21%)]	Loss: 0.162623
Train Epoch: 3 [19136/60000 (32%)]	Loss: 0.238911
Train Epoch: 3 [25536/60000 (43%)]	Loss: 0.409658
Train Epoch: 3 [31936/60000 (53%)]	Loss: 0.222461
Train Epoch: 3 [38336/60000 (64%)]	Loss: 0.478179
Train Epoch: 3 [44736/60000 (75%)]	Loss: 0.304065
Train Epoch: 3 [51136/60000 (85%)]	Loss: 0.496734
Train Epoch: 3 [57536/60000 (96%)]	Loss: 0.303469

Test set: Average loss: 0.3401, Accuracy: 8966/10000 (90%)

Namespace(batch_size=64, bias=None, data='../data', device=1, epochs=3, hidden_size=500, load_weights=None, log_interval=100, lr=0.1, model='widefc4', momentum=0.9, no_cuda=False, r=5, save_model=None, save_results=True, seed=1, sparsity=0.02, use_relu=False, wd=0.0005)


Total time spent pruning/training: 0.54 minutes
Total number of parameters in model: 4496508
Number of parameters in pruned model: 4406577
