Namespace(batch_size=64, bias=None, data='../data', device=1, epochs=8, hidden_size=500, load_weights=None, log_interval=100, lr=0.1, model='widefc4', momentum=0.9, no_cuda=False, r=5, save_model=None, save_results=True, seed=1, sparsity=0.025, use_relu=False, wd=0.0005) 

Pruning a Wide Four-Layer Fully Connected network ...
Train Epoch: 1 [6336/60000 (11%)]	Loss: 0.438271
Train Epoch: 1 [12736/60000 (21%)]	Loss: 0.193287
Train Epoch: 1 [19136/60000 (32%)]	Loss: 0.502275
Train Epoch: 1 [25536/60000 (43%)]	Loss: 0.234330
Train Epoch: 1 [31936/60000 (53%)]	Loss: 0.281237
Train Epoch: 1 [38336/60000 (64%)]	Loss: 0.501562
Train Epoch: 1 [44736/60000 (75%)]	Loss: 0.129462
Train Epoch: 1 [51136/60000 (85%)]	Loss: 0.174747
Train Epoch: 1 [57536/60000 (96%)]	Loss: 0.240347

Test set: Average loss: 0.3205, Accuracy: 8956/10000 (90%)

Train Epoch: 2 [6336/60000 (11%)]	Loss: 0.145667
Train Epoch: 2 [12736/60000 (21%)]	Loss: 0.236182
Train Epoch: 2 [19136/60000 (32%)]	Loss: 0.368794
Train Epoch: 2 [25536/60000 (43%)]	Loss: 0.190559
Train Epoch: 2 [31936/60000 (53%)]	Loss: 0.315221
Train Epoch: 2 [38336/60000 (64%)]	Loss: 0.230537
Train Epoch: 2 [44736/60000 (75%)]	Loss: 0.589751
Train Epoch: 2 [51136/60000 (85%)]	Loss: 0.325735
Train Epoch: 2 [57536/60000 (96%)]	Loss: 0.180079

Test set: Average loss: 0.2943, Accuracy: 9076/10000 (91%)

Train Epoch: 3 [6336/60000 (11%)]	Loss: 0.335064
Train Epoch: 3 [12736/60000 (21%)]	Loss: 0.174369
Train Epoch: 3 [19136/60000 (32%)]	Loss: 0.227226
Train Epoch: 3 [25536/60000 (43%)]	Loss: 0.354073
Train Epoch: 3 [31936/60000 (53%)]	Loss: 0.207250
Train Epoch: 3 [38336/60000 (64%)]	Loss: 0.455134
Train Epoch: 3 [44736/60000 (75%)]	Loss: 0.461695
Train Epoch: 3 [51136/60000 (85%)]	Loss: 0.489619
Train Epoch: 3 [57536/60000 (96%)]	Loss: 0.346204

Test set: Average loss: 0.4079, Accuracy: 8758/10000 (88%)

Train Epoch: 4 [6336/60000 (11%)]	Loss: 0.923843
Train Epoch: 4 [12736/60000 (21%)]	Loss: 0.269429
Train Epoch: 4 [19136/60000 (32%)]	Loss: 0.394444
Train Epoch: 4 [25536/60000 (43%)]	Loss: 0.638415
Train Epoch: 4 [31936/60000 (53%)]	Loss: 0.323498
Train Epoch: 4 [38336/60000 (64%)]	Loss: 0.294506
Train Epoch: 4 [44736/60000 (75%)]	Loss: 0.683634
Train Epoch: 4 [51136/60000 (85%)]	Loss: 0.402838
Train Epoch: 4 [57536/60000 (96%)]	Loss: 0.493475

Test set: Average loss: 0.8448, Accuracy: 6983/10000 (70%)

Train Epoch: 5 [6336/60000 (11%)]	Loss: 0.424707
Train Epoch: 5 [12736/60000 (21%)]	Loss: 0.288049
Train Epoch: 5 [19136/60000 (32%)]	Loss: 0.324349
Train Epoch: 5 [25536/60000 (43%)]	Loss: 0.322575
Train Epoch: 5 [31936/60000 (53%)]	Loss: 0.400688
Train Epoch: 5 [38336/60000 (64%)]	Loss: 0.524107
Train Epoch: 5 [44736/60000 (75%)]	Loss: 0.446616
Train Epoch: 5 [51136/60000 (85%)]	Loss: 0.803908
Train Epoch: 5 [57536/60000 (96%)]	Loss: 1.023942

Test set: Average loss: 0.5114, Accuracy: 8378/10000 (84%)

Train Epoch: 6 [6336/60000 (11%)]	Loss: 0.376240
Train Epoch: 6 [12736/60000 (21%)]	Loss: 0.672774
Train Epoch: 6 [19136/60000 (32%)]	Loss: 0.786138
Train Epoch: 6 [25536/60000 (43%)]	Loss: 0.567184
Train Epoch: 6 [31936/60000 (53%)]	Loss: 0.586741
Train Epoch: 6 [38336/60000 (64%)]	Loss: 0.560541
Train Epoch: 6 [44736/60000 (75%)]	Loss: 0.775698
Train Epoch: 6 [51136/60000 (85%)]	Loss: 0.406922
Train Epoch: 6 [57536/60000 (96%)]	Loss: 0.641308

Test set: Average loss: 0.6287, Accuracy: 7807/10000 (78%)

Train Epoch: 7 [6336/60000 (11%)]	Loss: 0.968481
Train Epoch: 7 [12736/60000 (21%)]	Loss: 0.646353
Train Epoch: 7 [19136/60000 (32%)]	Loss: 0.537714
Train Epoch: 7 [25536/60000 (43%)]	Loss: 0.528746
Train Epoch: 7 [31936/60000 (53%)]	Loss: 1.219364
Train Epoch: 7 [38336/60000 (64%)]	Loss: 0.457704
Train Epoch: 7 [44736/60000 (75%)]	Loss: 0.540129
Train Epoch: 7 [51136/60000 (85%)]	Loss: 0.599728
Train Epoch: 7 [57536/60000 (96%)]	Loss: 0.636044

Test set: Average loss: 0.6063, Accuracy: 8037/10000 (80%)

Train Epoch: 8 [6336/60000 (11%)]	Loss: 0.352498
Train Epoch: 8 [12736/60000 (21%)]	Loss: 0.870283
Train Epoch: 8 [19136/60000 (32%)]	Loss: 0.682080
Train Epoch: 8 [25536/60000 (43%)]	Loss: 0.439705
Train Epoch: 8 [31936/60000 (53%)]	Loss: 0.677855
Train Epoch: 8 [38336/60000 (64%)]	Loss: 0.572403
Train Epoch: 8 [44736/60000 (75%)]	Loss: 0.539079
Train Epoch: 8 [51136/60000 (85%)]	Loss: 0.679195
Train Epoch: 8 [57536/60000 (96%)]	Loss: 0.425156

Test set: Average loss: 0.6806, Accuracy: 7677/10000 (77%)

Namespace(batch_size=64, bias=None, data='../data', device=1, epochs=8, hidden_size=500, load_weights=None, log_interval=100, lr=0.1, model='widefc4', momentum=0.9, no_cuda=False, r=5, save_model=None, save_results=True, seed=1, sparsity=0.025, use_relu=False, wd=0.0005)


Total time spent pruning/training: 1.42 minutes
Total number of parameters in model: 4496508
Number of parameters in pruned model: 4384095
