Namespace(batch_size=64, bias=None, data='../data', device=1, epochs=18, hidden_size=500, load_weights=None, log_interval=100, lr=0.1, model='widefc4', momentum=0.9, no_cuda=False, r=5, save_model=None, save_results=True, seed=1, sparsity=0.95, use_relu=False, wd=0.0005) 

Pruning a Wide Four-Layer Fully Connected network ...
Train Epoch: 1 [6336/60000 (11%)]	Loss: 2.280207
Train Epoch: 1 [12736/60000 (21%)]	Loss: 1.997092
Train Epoch: 1 [19136/60000 (32%)]	Loss: 0.998023
Train Epoch: 1 [25536/60000 (43%)]	Loss: 0.755065
Train Epoch: 1 [31936/60000 (53%)]	Loss: 0.679650
Train Epoch: 1 [38336/60000 (64%)]	Loss: 0.479752
Train Epoch: 1 [44736/60000 (75%)]	Loss: 0.331175
Train Epoch: 1 [51136/60000 (85%)]	Loss: 0.300283
Train Epoch: 1 [57536/60000 (96%)]	Loss: 0.349072

Test set: Average loss: 0.3150, Accuracy: 9089/10000 (91%)

Train Epoch: 2 [6336/60000 (11%)]	Loss: 0.195265
Train Epoch: 2 [12736/60000 (21%)]	Loss: 0.404861
Train Epoch: 2 [19136/60000 (32%)]	Loss: 0.304754
Train Epoch: 2 [25536/60000 (43%)]	Loss: 0.301776
Train Epoch: 2 [31936/60000 (53%)]	Loss: 0.389577
Train Epoch: 2 [38336/60000 (64%)]	Loss: 0.239970
Train Epoch: 2 [44736/60000 (75%)]	Loss: 0.347522
Train Epoch: 2 [51136/60000 (85%)]	Loss: 0.237706
Train Epoch: 2 [57536/60000 (96%)]	Loss: 0.186071

Test set: Average loss: 0.2032, Accuracy: 9393/10000 (94%)

Train Epoch: 3 [6336/60000 (11%)]	Loss: 0.234405
Train Epoch: 3 [12736/60000 (21%)]	Loss: 0.165382
Train Epoch: 3 [19136/60000 (32%)]	Loss: 0.245876
Train Epoch: 3 [25536/60000 (43%)]	Loss: 0.197371
Train Epoch: 3 [31936/60000 (53%)]	Loss: 0.121266
Train Epoch: 3 [38336/60000 (64%)]	Loss: 0.093953
Train Epoch: 3 [44736/60000 (75%)]	Loss: 0.093161
Train Epoch: 3 [51136/60000 (85%)]	Loss: 0.080183
Train Epoch: 3 [57536/60000 (96%)]	Loss: 0.127886

Test set: Average loss: 0.1403, Accuracy: 9588/10000 (96%)

Train Epoch: 4 [6336/60000 (11%)]	Loss: 0.109839
Train Epoch: 4 [12736/60000 (21%)]	Loss: 0.118802
Train Epoch: 4 [19136/60000 (32%)]	Loss: 0.086592
Train Epoch: 4 [25536/60000 (43%)]	Loss: 0.111332
Train Epoch: 4 [31936/60000 (53%)]	Loss: 0.076113
Train Epoch: 4 [38336/60000 (64%)]	Loss: 0.131666
Train Epoch: 4 [44736/60000 (75%)]	Loss: 0.159566
Train Epoch: 4 [51136/60000 (85%)]	Loss: 0.179628
Train Epoch: 4 [57536/60000 (96%)]	Loss: 0.072282

Test set: Average loss: 0.1183, Accuracy: 9664/10000 (97%)

Train Epoch: 5 [6336/60000 (11%)]	Loss: 0.160100
Train Epoch: 5 [12736/60000 (21%)]	Loss: 0.059176
Train Epoch: 5 [19136/60000 (32%)]	Loss: 0.044341
Train Epoch: 5 [25536/60000 (43%)]	Loss: 0.149628
Train Epoch: 5 [31936/60000 (53%)]	Loss: 0.076224
Train Epoch: 5 [38336/60000 (64%)]	Loss: 0.038360
Train Epoch: 5 [44736/60000 (75%)]	Loss: 0.185005
Train Epoch: 5 [51136/60000 (85%)]	Loss: 0.154136
Train Epoch: 5 [57536/60000 (96%)]	Loss: 0.324483

Test set: Average loss: 0.1067, Accuracy: 9686/10000 (97%)

Train Epoch: 6 [6336/60000 (11%)]	Loss: 0.050630
Train Epoch: 6 [12736/60000 (21%)]	Loss: 0.080848
Train Epoch: 6 [19136/60000 (32%)]	Loss: 0.110274
Train Epoch: 6 [25536/60000 (43%)]	Loss: 0.054099
Train Epoch: 6 [31936/60000 (53%)]	Loss: 0.111607
Train Epoch: 6 [38336/60000 (64%)]	Loss: 0.051064
Train Epoch: 6 [44736/60000 (75%)]	Loss: 0.119149
Train Epoch: 6 [51136/60000 (85%)]	Loss: 0.161145
Train Epoch: 6 [57536/60000 (96%)]	Loss: 0.106958

Test set: Average loss: 0.1065, Accuracy: 9684/10000 (97%)

Train Epoch: 7 [6336/60000 (11%)]	Loss: 0.063114
Train Epoch: 7 [12736/60000 (21%)]	Loss: 0.097626
Train Epoch: 7 [19136/60000 (32%)]	Loss: 0.063126
Train Epoch: 7 [25536/60000 (43%)]	Loss: 0.078941
Train Epoch: 7 [31936/60000 (53%)]	Loss: 0.067539
Train Epoch: 7 [38336/60000 (64%)]	Loss: 0.095017
Train Epoch: 7 [44736/60000 (75%)]	Loss: 0.064431
Train Epoch: 7 [51136/60000 (85%)]	Loss: 0.167317
Train Epoch: 7 [57536/60000 (96%)]	Loss: 0.078471

Test set: Average loss: 0.1049, Accuracy: 9672/10000 (97%)

Train Epoch: 8 [6336/60000 (11%)]	Loss: 0.065228
Train Epoch: 8 [12736/60000 (21%)]	Loss: 0.051528
Train Epoch: 8 [19136/60000 (32%)]	Loss: 0.102601
Train Epoch: 8 [25536/60000 (43%)]	Loss: 0.103979
Train Epoch: 8 [31936/60000 (53%)]	Loss: 0.061251
Train Epoch: 8 [38336/60000 (64%)]	Loss: 0.073180
Train Epoch: 8 [44736/60000 (75%)]	Loss: 0.028492
Train Epoch: 8 [51136/60000 (85%)]	Loss: 0.097281
Train Epoch: 8 [57536/60000 (96%)]	Loss: 0.114470

Test set: Average loss: 0.0895, Accuracy: 9728/10000 (97%)

Train Epoch: 9 [6336/60000 (11%)]	Loss: 0.077701
Train Epoch: 9 [12736/60000 (21%)]	Loss: 0.017497
Train Epoch: 9 [19136/60000 (32%)]	Loss: 0.062038
Train Epoch: 9 [25536/60000 (43%)]	Loss: 0.110358
Train Epoch: 9 [31936/60000 (53%)]	Loss: 0.124838
Train Epoch: 9 [38336/60000 (64%)]	Loss: 0.026471
Train Epoch: 9 [44736/60000 (75%)]	Loss: 0.026030
Train Epoch: 9 [51136/60000 (85%)]	Loss: 0.115178
Train Epoch: 9 [57536/60000 (96%)]	Loss: 0.096466

Test set: Average loss: 0.0993, Accuracy: 9677/10000 (97%)

Train Epoch: 10 [6336/60000 (11%)]	Loss: 0.027439
Train Epoch: 10 [12736/60000 (21%)]	Loss: 0.155269
Train Epoch: 10 [19136/60000 (32%)]	Loss: 0.038520
Train Epoch: 10 [25536/60000 (43%)]	Loss: 0.086367
Train Epoch: 10 [31936/60000 (53%)]	Loss: 0.165510
Train Epoch: 10 [38336/60000 (64%)]	Loss: 0.044813
Train Epoch: 10 [44736/60000 (75%)]	Loss: 0.024864
Train Epoch: 10 [51136/60000 (85%)]	Loss: 0.059393
Train Epoch: 10 [57536/60000 (96%)]	Loss: 0.101982

Test set: Average loss: 0.0975, Accuracy: 9671/10000 (97%)

Train Epoch: 11 [6336/60000 (11%)]	Loss: 0.010394
Train Epoch: 11 [12736/60000 (21%)]	Loss: 0.075329
Train Epoch: 11 [19136/60000 (32%)]	Loss: 0.059219
Train Epoch: 11 [25536/60000 (43%)]	Loss: 0.032484
Train Epoch: 11 [31936/60000 (53%)]	Loss: 0.103106
Train Epoch: 11 [38336/60000 (64%)]	Loss: 0.027924
Train Epoch: 11 [44736/60000 (75%)]	Loss: 0.079512
Train Epoch: 11 [51136/60000 (85%)]	Loss: 0.022344
Train Epoch: 11 [57536/60000 (96%)]	Loss: 0.028767

Test set: Average loss: 0.0779, Accuracy: 9739/10000 (97%)

Train Epoch: 12 [6336/60000 (11%)]	Loss: 0.105252
Train Epoch: 12 [12736/60000 (21%)]	Loss: 0.035294
Train Epoch: 12 [19136/60000 (32%)]	Loss: 0.019668
Train Epoch: 12 [25536/60000 (43%)]	Loss: 0.010807
Train Epoch: 12 [31936/60000 (53%)]	Loss: 0.013815
Train Epoch: 12 [38336/60000 (64%)]	Loss: 0.096431
Train Epoch: 12 [44736/60000 (75%)]	Loss: 0.048176
Train Epoch: 12 [51136/60000 (85%)]	Loss: 0.084189
Train Epoch: 12 [57536/60000 (96%)]	Loss: 0.045169

Test set: Average loss: 0.0703, Accuracy: 9778/10000 (98%)

Train Epoch: 13 [6336/60000 (11%)]	Loss: 0.024241
Train Epoch: 13 [12736/60000 (21%)]	Loss: 0.017109
Train Epoch: 13 [19136/60000 (32%)]	Loss: 0.036101
Train Epoch: 13 [25536/60000 (43%)]	Loss: 0.035087
Train Epoch: 13 [31936/60000 (53%)]	Loss: 0.022857
Train Epoch: 13 [38336/60000 (64%)]	Loss: 0.025186
Train Epoch: 13 [44736/60000 (75%)]	Loss: 0.013289
Train Epoch: 13 [51136/60000 (85%)]	Loss: 0.074459
Train Epoch: 13 [57536/60000 (96%)]	Loss: 0.029310

Test set: Average loss: 0.0690, Accuracy: 9780/10000 (98%)

Train Epoch: 14 [6336/60000 (11%)]	Loss: 0.008081
Train Epoch: 14 [12736/60000 (21%)]	Loss: 0.028567
Train Epoch: 14 [19136/60000 (32%)]	Loss: 0.015644
Train Epoch: 14 [25536/60000 (43%)]	Loss: 0.022587
Train Epoch: 14 [31936/60000 (53%)]	Loss: 0.015406
Train Epoch: 14 [38336/60000 (64%)]	Loss: 0.041416
Train Epoch: 14 [44736/60000 (75%)]	Loss: 0.055028
Train Epoch: 14 [51136/60000 (85%)]	Loss: 0.027695
Train Epoch: 14 [57536/60000 (96%)]	Loss: 0.016415

Test set: Average loss: 0.0625, Accuracy: 9806/10000 (98%)

Train Epoch: 15 [6336/60000 (11%)]	Loss: 0.006905
Train Epoch: 15 [12736/60000 (21%)]	Loss: 0.015500
Train Epoch: 15 [19136/60000 (32%)]	Loss: 0.021202
Train Epoch: 15 [25536/60000 (43%)]	Loss: 0.016542
Train Epoch: 15 [31936/60000 (53%)]	Loss: 0.080946
Train Epoch: 15 [38336/60000 (64%)]	Loss: 0.006512
Train Epoch: 15 [44736/60000 (75%)]	Loss: 0.017927
Train Epoch: 15 [51136/60000 (85%)]	Loss: 0.026493
Train Epoch: 15 [57536/60000 (96%)]	Loss: 0.063008

Test set: Average loss: 0.0636, Accuracy: 9808/10000 (98%)

Train Epoch: 16 [6336/60000 (11%)]	Loss: 0.013188
Train Epoch: 16 [12736/60000 (21%)]	Loss: 0.023224
Train Epoch: 16 [19136/60000 (32%)]	Loss: 0.005554
Train Epoch: 16 [25536/60000 (43%)]	Loss: 0.005756
Train Epoch: 16 [31936/60000 (53%)]	Loss: 0.023236
Train Epoch: 16 [38336/60000 (64%)]	Loss: 0.027136
Train Epoch: 16 [44736/60000 (75%)]	Loss: 0.028784
Train Epoch: 16 [51136/60000 (85%)]	Loss: 0.028984
Train Epoch: 16 [57536/60000 (96%)]	Loss: 0.010210

Test set: Average loss: 0.0582, Accuracy: 9811/10000 (98%)

Train Epoch: 17 [6336/60000 (11%)]	Loss: 0.019146
Train Epoch: 17 [12736/60000 (21%)]	Loss: 0.017352
Train Epoch: 17 [19136/60000 (32%)]	Loss: 0.012214
Train Epoch: 17 [25536/60000 (43%)]	Loss: 0.004142
Train Epoch: 17 [31936/60000 (53%)]	Loss: 0.023999
Train Epoch: 17 [38336/60000 (64%)]	Loss: 0.019845
Train Epoch: 17 [44736/60000 (75%)]	Loss: 0.019564
Train Epoch: 17 [51136/60000 (85%)]	Loss: 0.024309
Train Epoch: 17 [57536/60000 (96%)]	Loss: 0.015714

Test set: Average loss: 0.0532, Accuracy: 9826/10000 (98%)

Train Epoch: 18 [6336/60000 (11%)]	Loss: 0.025559
Train Epoch: 18 [12736/60000 (21%)]	Loss: 0.015938
Train Epoch: 18 [19136/60000 (32%)]	Loss: 0.009041
Train Epoch: 18 [25536/60000 (43%)]	Loss: 0.021731
Train Epoch: 18 [31936/60000 (53%)]	Loss: 0.017423
Train Epoch: 18 [38336/60000 (64%)]	Loss: 0.017738
Train Epoch: 18 [44736/60000 (75%)]	Loss: 0.041175
Train Epoch: 18 [51136/60000 (85%)]	Loss: 0.024292
Train Epoch: 18 [57536/60000 (96%)]	Loss: 0.018549

Test set: Average loss: 0.0535, Accuracy: 9823/10000 (98%)

Namespace(batch_size=64, bias=None, data='../data', device=1, epochs=18, hidden_size=500, load_weights=None, log_interval=100, lr=0.1, model='widefc4', momentum=0.9, no_cuda=False, r=5, save_model=None, save_results=True, seed=1, sparsity=0.95, use_relu=False, wd=0.0005)


Total time spent pruning/training: 3.19 minutes
Total number of parameters in model: 4496508
Number of parameters in pruned model: 224825
