Namespace(batch_size=64, bias=None, data='../data', device=1, epochs=2, hidden_size=500, load_weights=None, log_interval=100, lr=0.1, model='widefc4', momentum=0.9, no_cuda=False, r=5, save_model=None, save_results=True, seed=1, sparsity=0.75, use_relu=False, wd=0.0005) 

Pruning a Wide Four-Layer Fully Connected network ...
Train Epoch: 1 [6336/60000 (11%)]	Loss: 0.662227
Train Epoch: 1 [12736/60000 (21%)]	Loss: 0.244081
Train Epoch: 1 [19136/60000 (32%)]	Loss: 0.465351
Train Epoch: 1 [25536/60000 (43%)]	Loss: 0.297347
Train Epoch: 1 [31936/60000 (53%)]	Loss: 0.352078
Train Epoch: 1 [38336/60000 (64%)]	Loss: 0.339849
Train Epoch: 1 [44736/60000 (75%)]	Loss: 0.126993
Train Epoch: 1 [51136/60000 (85%)]	Loss: 0.165762
Train Epoch: 1 [57536/60000 (96%)]	Loss: 0.133365

Test set: Average loss: 0.1552, Accuracy: 9540/10000 (95%)

Train Epoch: 2 [6336/60000 (11%)]	Loss: 0.064158
Train Epoch: 2 [12736/60000 (21%)]	Loss: 0.180612
Train Epoch: 2 [19136/60000 (32%)]	Loss: 0.155691
Train Epoch: 2 [25536/60000 (43%)]	Loss: 0.111869
Train Epoch: 2 [31936/60000 (53%)]	Loss: 0.226346
Train Epoch: 2 [38336/60000 (64%)]	Loss: 0.123336
Train Epoch: 2 [44736/60000 (75%)]	Loss: 0.227179
Train Epoch: 2 [51136/60000 (85%)]	Loss: 0.110290
Train Epoch: 2 [57536/60000 (96%)]	Loss: 0.064020

Test set: Average loss: 0.1174, Accuracy: 9634/10000 (96%)

Namespace(batch_size=64, bias=None, data='../data', device=1, epochs=2, hidden_size=500, load_weights=None, log_interval=100, lr=0.1, model='widefc4', momentum=0.9, no_cuda=False, r=5, save_model=None, save_results=True, seed=1, sparsity=0.75, use_relu=False, wd=0.0005)


Total time spent pruning/training: 0.36 minutes
Total number of parameters in model: 4496508
Number of parameters in pruned model: 1124127
