Namespace(batch_size=64, bias=None, data='../data', device=1, epochs=16, hidden_size=500, load_weights=None, log_interval=100, lr=0.1, model='widefc4', momentum=0.9, no_cuda=False, r=5, save_model=None, save_results=True, seed=1, sparsity=0.01, use_relu=False, wd=0.0005) 

Pruning a Wide Four-Layer Fully Connected network ...
Train Epoch: 1 [6336/60000 (11%)]	Loss: 0.460646
Train Epoch: 1 [12736/60000 (21%)]	Loss: 0.325525
Train Epoch: 1 [19136/60000 (32%)]	Loss: 0.622307
Train Epoch: 1 [25536/60000 (43%)]	Loss: 0.544986
Train Epoch: 1 [31936/60000 (53%)]	Loss: 0.545340
Train Epoch: 1 [38336/60000 (64%)]	Loss: 0.554977
Train Epoch: 1 [44736/60000 (75%)]	Loss: 0.576526
Train Epoch: 1 [51136/60000 (85%)]	Loss: 0.543963
Train Epoch: 1 [57536/60000 (96%)]	Loss: 0.877355

Test set: Average loss: 0.6750, Accuracy: 8073/10000 (81%)

Train Epoch: 2 [6336/60000 (11%)]	Loss: 0.495298
Train Epoch: 2 [12736/60000 (21%)]	Loss: 0.931823
Train Epoch: 2 [19136/60000 (32%)]	Loss: 0.854710
Train Epoch: 2 [25536/60000 (43%)]	Loss: 0.824840
Train Epoch: 2 [31936/60000 (53%)]	Loss: 0.914033
Train Epoch: 2 [38336/60000 (64%)]	Loss: 0.916287
Train Epoch: 2 [44736/60000 (75%)]	Loss: 1.064872
Train Epoch: 2 [51136/60000 (85%)]	Loss: 1.095894
Train Epoch: 2 [57536/60000 (96%)]	Loss: 1.048509

Test set: Average loss: 1.1697, Accuracy: 6306/10000 (63%)

Train Epoch: 3 [6336/60000 (11%)]	Loss: 1.174474
Train Epoch: 3 [12736/60000 (21%)]	Loss: 1.228508
Train Epoch: 3 [19136/60000 (32%)]	Loss: 1.064432
Train Epoch: 3 [25536/60000 (43%)]	Loss: 1.389656
Train Epoch: 3 [31936/60000 (53%)]	Loss: 1.307293
Train Epoch: 3 [38336/60000 (64%)]	Loss: 1.673229
Train Epoch: 3 [44736/60000 (75%)]	Loss: 1.322149
Train Epoch: 3 [51136/60000 (85%)]	Loss: 1.622665
Train Epoch: 3 [57536/60000 (96%)]	Loss: 1.611041

Test set: Average loss: 1.4948, Accuracy: 5360/10000 (54%)

Train Epoch: 4 [6336/60000 (11%)]	Loss: 1.770911
Train Epoch: 4 [12736/60000 (21%)]	Loss: 1.566511
Train Epoch: 4 [19136/60000 (32%)]	Loss: 1.683030
Train Epoch: 4 [25536/60000 (43%)]	Loss: 1.714820
Train Epoch: 4 [31936/60000 (53%)]	Loss: 1.571517
Train Epoch: 4 [38336/60000 (64%)]	Loss: 1.725280
Train Epoch: 4 [44736/60000 (75%)]	Loss: 1.725751
Train Epoch: 4 [51136/60000 (85%)]	Loss: 1.681283
Train Epoch: 4 [57536/60000 (96%)]	Loss: 1.769998

Test set: Average loss: 1.7480, Accuracy: 4180/10000 (42%)

Train Epoch: 5 [6336/60000 (11%)]	Loss: 1.846979
Train Epoch: 5 [12736/60000 (21%)]	Loss: 1.668561
Train Epoch: 5 [19136/60000 (32%)]	Loss: 1.877618
Train Epoch: 5 [25536/60000 (43%)]	Loss: 1.670382
Train Epoch: 5 [31936/60000 (53%)]	Loss: 1.699887
Train Epoch: 5 [38336/60000 (64%)]	Loss: 1.730660
Train Epoch: 5 [44736/60000 (75%)]	Loss: 1.824365
Train Epoch: 5 [51136/60000 (85%)]	Loss: 1.882874
Train Epoch: 5 [57536/60000 (96%)]	Loss: 2.093329

Test set: Average loss: 1.9013, Accuracy: 3559/10000 (36%)

Train Epoch: 6 [6336/60000 (11%)]	Loss: 1.827887
Train Epoch: 6 [12736/60000 (21%)]	Loss: 2.078185
Train Epoch: 6 [19136/60000 (32%)]	Loss: 2.155051
Train Epoch: 6 [25536/60000 (43%)]	Loss: 2.029030
Train Epoch: 6 [31936/60000 (53%)]	Loss: 2.029937
Train Epoch: 6 [38336/60000 (64%)]	Loss: 2.098178
Train Epoch: 6 [44736/60000 (75%)]	Loss: 2.054726
Train Epoch: 6 [51136/60000 (85%)]	Loss: 1.938277
Train Epoch: 6 [57536/60000 (96%)]	Loss: 1.854029

Test set: Average loss: 1.9840, Accuracy: 3263/10000 (33%)

Train Epoch: 7 [6336/60000 (11%)]	Loss: 2.113533
Train Epoch: 7 [12736/60000 (21%)]	Loss: 2.075207
Train Epoch: 7 [19136/60000 (32%)]	Loss: 2.171788
Train Epoch: 7 [25536/60000 (43%)]	Loss: 2.158969
Train Epoch: 7 [31936/60000 (53%)]	Loss: 2.073342
Train Epoch: 7 [38336/60000 (64%)]	Loss: 2.241669
Train Epoch: 7 [44736/60000 (75%)]	Loss: 2.156934
Train Epoch: 7 [51136/60000 (85%)]	Loss: 2.206940
Train Epoch: 7 [57536/60000 (96%)]	Loss: 2.007570

Test set: Average loss: 2.0984, Accuracy: 2611/10000 (26%)

Train Epoch: 8 [6336/60000 (11%)]	Loss: 1.947151
Train Epoch: 8 [12736/60000 (21%)]	Loss: 2.135897
Train Epoch: 8 [19136/60000 (32%)]	Loss: 2.098255
Train Epoch: 8 [25536/60000 (43%)]	Loss: 1.960095
Train Epoch: 8 [31936/60000 (53%)]	Loss: 2.085131
Train Epoch: 8 [38336/60000 (64%)]	Loss: 1.975145
Train Epoch: 8 [44736/60000 (75%)]	Loss: 1.931670
Train Epoch: 8 [51136/60000 (85%)]	Loss: 2.218635
Train Epoch: 8 [57536/60000 (96%)]	Loss: 2.192637

Test set: Average loss: 2.1101, Accuracy: 2705/10000 (27%)

Train Epoch: 9 [6336/60000 (11%)]	Loss: 2.008446
Train Epoch: 9 [12736/60000 (21%)]	Loss: 2.032007
Train Epoch: 9 [19136/60000 (32%)]	Loss: 2.031602
Train Epoch: 9 [25536/60000 (43%)]	Loss: 1.931546
Train Epoch: 9 [31936/60000 (53%)]	Loss: 2.106620
Train Epoch: 9 [38336/60000 (64%)]	Loss: 2.005455
Train Epoch: 9 [44736/60000 (75%)]	Loss: 2.109912
Train Epoch: 9 [51136/60000 (85%)]	Loss: 2.167587
Train Epoch: 9 [57536/60000 (96%)]	Loss: 2.318776

Test set: Average loss: 2.1318, Accuracy: 2642/10000 (26%)

Train Epoch: 10 [6336/60000 (11%)]	Loss: 2.263719
Train Epoch: 10 [12736/60000 (21%)]	Loss: 2.054385
Train Epoch: 10 [19136/60000 (32%)]	Loss: 2.116000
Train Epoch: 10 [25536/60000 (43%)]	Loss: 2.253528
Train Epoch: 10 [31936/60000 (53%)]	Loss: 2.084939
Train Epoch: 10 [38336/60000 (64%)]	Loss: 2.174961
Train Epoch: 10 [44736/60000 (75%)]	Loss: 2.266634
Train Epoch: 10 [51136/60000 (85%)]	Loss: 2.237408
Train Epoch: 10 [57536/60000 (96%)]	Loss: 2.354823

Test set: Average loss: 2.1677, Accuracy: 2541/10000 (25%)

Train Epoch: 11 [6336/60000 (11%)]	Loss: 1.983401
Train Epoch: 11 [12736/60000 (21%)]	Loss: 2.182351
Train Epoch: 11 [19136/60000 (32%)]	Loss: 2.154196
Train Epoch: 11 [25536/60000 (43%)]	Loss: 2.260709
Train Epoch: 11 [31936/60000 (53%)]	Loss: 2.161397
Train Epoch: 11 [38336/60000 (64%)]	Loss: 1.935088
Train Epoch: 11 [44736/60000 (75%)]	Loss: 2.098310
Train Epoch: 11 [51136/60000 (85%)]	Loss: 2.321605
Train Epoch: 11 [57536/60000 (96%)]	Loss: 2.207167

Test set: Average loss: 2.1764, Accuracy: 2441/10000 (24%)

Train Epoch: 12 [6336/60000 (11%)]	Loss: 2.256197
Train Epoch: 12 [12736/60000 (21%)]	Loss: 2.182714
Train Epoch: 12 [19136/60000 (32%)]	Loss: 2.154837
Train Epoch: 12 [25536/60000 (43%)]	Loss: 2.429124
Train Epoch: 12 [31936/60000 (53%)]	Loss: 2.270110
Train Epoch: 12 [38336/60000 (64%)]	Loss: 2.181693
Train Epoch: 12 [44736/60000 (75%)]	Loss: 2.151510
Train Epoch: 12 [51136/60000 (85%)]	Loss: 2.359702
Train Epoch: 12 [57536/60000 (96%)]	Loss: 2.234410

Test set: Average loss: 2.2056, Accuracy: 2428/10000 (24%)

Train Epoch: 13 [6336/60000 (11%)]	Loss: 2.159709
Train Epoch: 13 [12736/60000 (21%)]	Loss: 2.073065
Train Epoch: 13 [19136/60000 (32%)]	Loss: 2.256454
Train Epoch: 13 [25536/60000 (43%)]	Loss: 2.251015
Train Epoch: 13 [31936/60000 (53%)]	Loss: 2.327967
Train Epoch: 13 [38336/60000 (64%)]	Loss: 2.497761
Train Epoch: 13 [44736/60000 (75%)]	Loss: 2.136021
Train Epoch: 13 [51136/60000 (85%)]	Loss: 2.087156
Train Epoch: 13 [57536/60000 (96%)]	Loss: 2.357944

Test set: Average loss: 2.2192, Accuracy: 2257/10000 (23%)

Train Epoch: 14 [6336/60000 (11%)]	Loss: 2.303782
Train Epoch: 14 [12736/60000 (21%)]	Loss: 2.162284
Train Epoch: 14 [19136/60000 (32%)]	Loss: 2.276785
Train Epoch: 14 [25536/60000 (43%)]	Loss: 2.362257
Train Epoch: 14 [31936/60000 (53%)]	Loss: 2.179115
Train Epoch: 14 [38336/60000 (64%)]	Loss: 2.217625
Train Epoch: 14 [44736/60000 (75%)]	Loss: 2.207658
Train Epoch: 14 [51136/60000 (85%)]	Loss: 2.158328
Train Epoch: 14 [57536/60000 (96%)]	Loss: 2.054797

Test set: Average loss: 2.1912, Accuracy: 2332/10000 (23%)

Train Epoch: 15 [6336/60000 (11%)]	Loss: 2.309511
Train Epoch: 15 [12736/60000 (21%)]	Loss: 2.363978
Train Epoch: 15 [19136/60000 (32%)]	Loss: 1.867374
Train Epoch: 15 [25536/60000 (43%)]	Loss: 2.216380
Train Epoch: 15 [31936/60000 (53%)]	Loss: 2.222891
Train Epoch: 15 [38336/60000 (64%)]	Loss: 2.106189
Train Epoch: 15 [44736/60000 (75%)]	Loss: 2.050792
Train Epoch: 15 [51136/60000 (85%)]	Loss: 2.136526
Train Epoch: 15 [57536/60000 (96%)]	Loss: 2.100798

Test set: Average loss: 2.2198, Accuracy: 2267/10000 (23%)

Train Epoch: 16 [6336/60000 (11%)]	Loss: 2.145416
Train Epoch: 16 [12736/60000 (21%)]	Loss: 2.083893
Train Epoch: 16 [19136/60000 (32%)]	Loss: 2.140860
Train Epoch: 16 [25536/60000 (43%)]	Loss: 2.329598
Train Epoch: 16 [31936/60000 (53%)]	Loss: 2.060303
Train Epoch: 16 [38336/60000 (64%)]	Loss: 2.258857
Train Epoch: 16 [44736/60000 (75%)]	Loss: 2.140237
Train Epoch: 16 [51136/60000 (85%)]	Loss: 2.333522
Train Epoch: 16 [57536/60000 (96%)]	Loss: 2.209838

Test set: Average loss: 2.2492, Accuracy: 2177/10000 (22%)

Namespace(batch_size=64, bias=None, data='../data', device=1, epochs=16, hidden_size=500, load_weights=None, log_interval=100, lr=0.1, model='widefc4', momentum=0.9, no_cuda=False, r=5, save_model=None, save_results=True, seed=1, sparsity=0.01, use_relu=False, wd=0.0005)


Total time spent pruning/training: 2.84 minutes
Total number of parameters in model: 4496508
Number of parameters in pruned model: 4451542
