Namespace(batch_size=64, bias=None, data='../data', device=1, epochs=7, hidden_size=500, load_weights=None, log_interval=100, lr=0.1, model='widefc4', momentum=0.9, no_cuda=False, r=5, save_model=None, save_results=True, seed=1, sparsity=0.1, use_relu=False, wd=0.0005) 

Pruning a Wide Four-Layer Fully Connected network ...
Train Epoch: 1 [6336/60000 (11%)]	Loss: 0.394193
Train Epoch: 1 [12736/60000 (21%)]	Loss: 0.104627
Train Epoch: 1 [19136/60000 (32%)]	Loss: 0.351914
Train Epoch: 1 [25536/60000 (43%)]	Loss: 0.167223
Train Epoch: 1 [31936/60000 (53%)]	Loss: 0.212197
Train Epoch: 1 [38336/60000 (64%)]	Loss: 0.305658
Train Epoch: 1 [44736/60000 (75%)]	Loss: 0.063929
Train Epoch: 1 [51136/60000 (85%)]	Loss: 0.110521
Train Epoch: 1 [57536/60000 (96%)]	Loss: 0.073956

Test set: Average loss: 0.1394, Accuracy: 9546/10000 (95%)

Train Epoch: 2 [6336/60000 (11%)]	Loss: 0.049596
Train Epoch: 2 [12736/60000 (21%)]	Loss: 0.085309
Train Epoch: 2 [19136/60000 (32%)]	Loss: 0.138523
Train Epoch: 2 [25536/60000 (43%)]	Loss: 0.105389
Train Epoch: 2 [31936/60000 (53%)]	Loss: 0.200522
Train Epoch: 2 [38336/60000 (64%)]	Loss: 0.090119
Train Epoch: 2 [44736/60000 (75%)]	Loss: 0.234591
Train Epoch: 2 [51136/60000 (85%)]	Loss: 0.141159
Train Epoch: 2 [57536/60000 (96%)]	Loss: 0.038598

Test set: Average loss: 0.1353, Accuracy: 9566/10000 (96%)

Train Epoch: 3 [6336/60000 (11%)]	Loss: 0.068570
Train Epoch: 3 [12736/60000 (21%)]	Loss: 0.063353
Train Epoch: 3 [19136/60000 (32%)]	Loss: 0.143407
Train Epoch: 3 [25536/60000 (43%)]	Loss: 0.063361
Train Epoch: 3 [31936/60000 (53%)]	Loss: 0.088136
Train Epoch: 3 [38336/60000 (64%)]	Loss: 0.036236
Train Epoch: 3 [44736/60000 (75%)]	Loss: 0.023945
Train Epoch: 3 [51136/60000 (85%)]	Loss: 0.064253
Train Epoch: 3 [57536/60000 (96%)]	Loss: 0.041110

Test set: Average loss: 0.0993, Accuracy: 9706/10000 (97%)

Train Epoch: 4 [6336/60000 (11%)]	Loss: 0.029931
Train Epoch: 4 [12736/60000 (21%)]	Loss: 0.027304
Train Epoch: 4 [19136/60000 (32%)]	Loss: 0.010604
Train Epoch: 4 [25536/60000 (43%)]	Loss: 0.117805
Train Epoch: 4 [31936/60000 (53%)]	Loss: 0.075210
Train Epoch: 4 [38336/60000 (64%)]	Loss: 0.113458
Train Epoch: 4 [44736/60000 (75%)]	Loss: 0.102642
Train Epoch: 4 [51136/60000 (85%)]	Loss: 0.070661
Train Epoch: 4 [57536/60000 (96%)]	Loss: 0.144666

Test set: Average loss: 0.1078, Accuracy: 9650/10000 (96%)

Train Epoch: 5 [6336/60000 (11%)]	Loss: 0.069026
Train Epoch: 5 [12736/60000 (21%)]	Loss: 0.043364
Train Epoch: 5 [19136/60000 (32%)]	Loss: 0.023315
Train Epoch: 5 [25536/60000 (43%)]	Loss: 0.096009
Train Epoch: 5 [31936/60000 (53%)]	Loss: 0.025724
Train Epoch: 5 [38336/60000 (64%)]	Loss: 0.005881
Train Epoch: 5 [44736/60000 (75%)]	Loss: 0.111981
Train Epoch: 5 [51136/60000 (85%)]	Loss: 0.092302
Train Epoch: 5 [57536/60000 (96%)]	Loss: 0.295748

Test set: Average loss: 0.0809, Accuracy: 9756/10000 (98%)

Train Epoch: 6 [6336/60000 (11%)]	Loss: 0.022389
Train Epoch: 6 [12736/60000 (21%)]	Loss: 0.012031
Train Epoch: 6 [19136/60000 (32%)]	Loss: 0.023643
Train Epoch: 6 [25536/60000 (43%)]	Loss: 0.019699
Train Epoch: 6 [31936/60000 (53%)]	Loss: 0.016802
Train Epoch: 6 [38336/60000 (64%)]	Loss: 0.015829
Train Epoch: 6 [44736/60000 (75%)]	Loss: 0.034428
Train Epoch: 6 [51136/60000 (85%)]	Loss: 0.094358
Train Epoch: 6 [57536/60000 (96%)]	Loss: 0.023824

Test set: Average loss: 0.0624, Accuracy: 9802/10000 (98%)

Train Epoch: 7 [6336/60000 (11%)]	Loss: 0.012572
Train Epoch: 7 [12736/60000 (21%)]	Loss: 0.006114
Train Epoch: 7 [19136/60000 (32%)]	Loss: 0.022301
Train Epoch: 7 [25536/60000 (43%)]	Loss: 0.010827
Train Epoch: 7 [31936/60000 (53%)]	Loss: 0.006950
Train Epoch: 7 [38336/60000 (64%)]	Loss: 0.005115
Train Epoch: 7 [44736/60000 (75%)]	Loss: 0.004466
Train Epoch: 7 [51136/60000 (85%)]	Loss: 0.013793
Train Epoch: 7 [57536/60000 (96%)]	Loss: 0.024814

Test set: Average loss: 0.0531, Accuracy: 9839/10000 (98%)

Namespace(batch_size=64, bias=None, data='../data', device=1, epochs=7, hidden_size=500, load_weights=None, log_interval=100, lr=0.1, model='widefc4', momentum=0.9, no_cuda=False, r=5, save_model=None, save_results=True, seed=1, sparsity=0.1, use_relu=False, wd=0.0005)


Total time spent pruning/training: 1.25 minutes
Total number of parameters in model: 4496508
Number of parameters in pruned model: 4046857
