Namespace(batch_size=64, bias=None, data='../data', device=1, epochs=13, hidden_size=500, load_weights=None, log_interval=100, lr=0.1, model='widefc4', momentum=0.9, no_cuda=False, r=5, save_model=None, save_results=True, seed=1, sparsity=0.01, use_relu=False, wd=0.0005) 

Pruning a Wide Four-Layer Fully Connected network ...
Train Epoch: 1 [6336/60000 (11%)]	Loss: 0.460646
Train Epoch: 1 [12736/60000 (21%)]	Loss: 0.325525
Train Epoch: 1 [19136/60000 (32%)]	Loss: 0.622307
Train Epoch: 1 [25536/60000 (43%)]	Loss: 0.544986
Train Epoch: 1 [31936/60000 (53%)]	Loss: 0.545340
Train Epoch: 1 [38336/60000 (64%)]	Loss: 0.554977
Train Epoch: 1 [44736/60000 (75%)]	Loss: 0.576526
Train Epoch: 1 [51136/60000 (85%)]	Loss: 0.543963
Train Epoch: 1 [57536/60000 (96%)]	Loss: 0.877355

Test set: Average loss: 0.6750, Accuracy: 8073/10000 (81%)

Train Epoch: 2 [6336/60000 (11%)]	Loss: 0.510457
Train Epoch: 2 [12736/60000 (21%)]	Loss: 0.865361
Train Epoch: 2 [19136/60000 (32%)]	Loss: 0.815348
Train Epoch: 2 [25536/60000 (43%)]	Loss: 0.833492
Train Epoch: 2 [31936/60000 (53%)]	Loss: 0.959635
Train Epoch: 2 [38336/60000 (64%)]	Loss: 0.898085
Train Epoch: 2 [44736/60000 (75%)]	Loss: 1.078028
Train Epoch: 2 [51136/60000 (85%)]	Loss: 1.061316
Train Epoch: 2 [57536/60000 (96%)]	Loss: 1.076442

Test set: Average loss: 1.1723, Accuracy: 6342/10000 (63%)

Train Epoch: 3 [6336/60000 (11%)]	Loss: 1.173835
Train Epoch: 3 [12736/60000 (21%)]	Loss: 1.200875
Train Epoch: 3 [19136/60000 (32%)]	Loss: 1.121282
Train Epoch: 3 [25536/60000 (43%)]	Loss: 1.401461
Train Epoch: 3 [31936/60000 (53%)]	Loss: 1.341811
Train Epoch: 3 [38336/60000 (64%)]	Loss: 1.677258
Train Epoch: 3 [44736/60000 (75%)]	Loss: 1.331385
Train Epoch: 3 [51136/60000 (85%)]	Loss: 1.591393
Train Epoch: 3 [57536/60000 (96%)]	Loss: 1.610743

Test set: Average loss: 1.4644, Accuracy: 5503/10000 (55%)

Train Epoch: 4 [6336/60000 (11%)]	Loss: 1.778675
Train Epoch: 4 [12736/60000 (21%)]	Loss: 1.555282
Train Epoch: 4 [19136/60000 (32%)]	Loss: 1.668837
Train Epoch: 4 [25536/60000 (43%)]	Loss: 1.709020
Train Epoch: 4 [31936/60000 (53%)]	Loss: 1.544753
Train Epoch: 4 [38336/60000 (64%)]	Loss: 1.683101
Train Epoch: 4 [44736/60000 (75%)]	Loss: 1.729335
Train Epoch: 4 [51136/60000 (85%)]	Loss: 1.681853
Train Epoch: 4 [57536/60000 (96%)]	Loss: 1.774914

Test set: Average loss: 1.7312, Accuracy: 4284/10000 (43%)

Train Epoch: 5 [6336/60000 (11%)]	Loss: 1.813053
Train Epoch: 5 [12736/60000 (21%)]	Loss: 1.697715
Train Epoch: 5 [19136/60000 (32%)]	Loss: 1.868078
Train Epoch: 5 [25536/60000 (43%)]	Loss: 1.663863
Train Epoch: 5 [31936/60000 (53%)]	Loss: 1.723452
Train Epoch: 5 [38336/60000 (64%)]	Loss: 1.715499
Train Epoch: 5 [44736/60000 (75%)]	Loss: 1.827666
Train Epoch: 5 [51136/60000 (85%)]	Loss: 1.849886
Train Epoch: 5 [57536/60000 (96%)]	Loss: 2.088092

Test set: Average loss: 1.8532, Accuracy: 3800/10000 (38%)

Train Epoch: 6 [6336/60000 (11%)]	Loss: 1.798731
Train Epoch: 6 [12736/60000 (21%)]	Loss: 2.039034
Train Epoch: 6 [19136/60000 (32%)]	Loss: 2.145893
Train Epoch: 6 [25536/60000 (43%)]	Loss: 2.006655
Train Epoch: 6 [31936/60000 (53%)]	Loss: 2.008295
Train Epoch: 6 [38336/60000 (64%)]	Loss: 2.060059
Train Epoch: 6 [44736/60000 (75%)]	Loss: 2.055779
Train Epoch: 6 [51136/60000 (85%)]	Loss: 1.906038
Train Epoch: 6 [57536/60000 (96%)]	Loss: 1.841416

Test set: Average loss: 1.9691, Accuracy: 3359/10000 (34%)

Train Epoch: 7 [6336/60000 (11%)]	Loss: 2.084844
Train Epoch: 7 [12736/60000 (21%)]	Loss: 2.034704
Train Epoch: 7 [19136/60000 (32%)]	Loss: 2.116539
Train Epoch: 7 [25536/60000 (43%)]	Loss: 2.138521
Train Epoch: 7 [31936/60000 (53%)]	Loss: 2.043789
Train Epoch: 7 [38336/60000 (64%)]	Loss: 2.213880
Train Epoch: 7 [44736/60000 (75%)]	Loss: 2.107058
Train Epoch: 7 [51136/60000 (85%)]	Loss: 2.127450
Train Epoch: 7 [57536/60000 (96%)]	Loss: 1.960930

Test set: Average loss: 2.0620, Accuracy: 2796/10000 (28%)

Train Epoch: 8 [6336/60000 (11%)]	Loss: 1.914829
Train Epoch: 8 [12736/60000 (21%)]	Loss: 2.084343
Train Epoch: 8 [19136/60000 (32%)]	Loss: 2.088629
Train Epoch: 8 [25536/60000 (43%)]	Loss: 1.914850
Train Epoch: 8 [31936/60000 (53%)]	Loss: 2.058780
Train Epoch: 8 [38336/60000 (64%)]	Loss: 1.937842
Train Epoch: 8 [44736/60000 (75%)]	Loss: 1.897819
Train Epoch: 8 [51136/60000 (85%)]	Loss: 2.169647
Train Epoch: 8 [57536/60000 (96%)]	Loss: 2.167744

Test set: Average loss: 2.0581, Accuracy: 2955/10000 (30%)

Train Epoch: 9 [6336/60000 (11%)]	Loss: 1.980059
Train Epoch: 9 [12736/60000 (21%)]	Loss: 1.982106
Train Epoch: 9 [19136/60000 (32%)]	Loss: 2.006137
Train Epoch: 9 [25536/60000 (43%)]	Loss: 1.902948
Train Epoch: 9 [31936/60000 (53%)]	Loss: 2.075533
Train Epoch: 9 [38336/60000 (64%)]	Loss: 1.941726
Train Epoch: 9 [44736/60000 (75%)]	Loss: 2.034343
Train Epoch: 9 [51136/60000 (85%)]	Loss: 2.149822
Train Epoch: 9 [57536/60000 (96%)]	Loss: 2.276589

Test set: Average loss: 2.0966, Accuracy: 2839/10000 (28%)

Train Epoch: 10 [6336/60000 (11%)]	Loss: 2.216495
Train Epoch: 10 [12736/60000 (21%)]	Loss: 2.044653
Train Epoch: 10 [19136/60000 (32%)]	Loss: 2.067783
Train Epoch: 10 [25536/60000 (43%)]	Loss: 2.191339
Train Epoch: 10 [31936/60000 (53%)]	Loss: 2.053897
Train Epoch: 10 [38336/60000 (64%)]	Loss: 2.093688
Train Epoch: 10 [44736/60000 (75%)]	Loss: 2.181889
Train Epoch: 10 [51136/60000 (85%)]	Loss: 2.162691
Train Epoch: 10 [57536/60000 (96%)]	Loss: 2.310836

Test set: Average loss: 2.0990, Accuracy: 2801/10000 (28%)

Train Epoch: 11 [6336/60000 (11%)]	Loss: 1.933410
Train Epoch: 11 [12736/60000 (21%)]	Loss: 2.121450
Train Epoch: 11 [19136/60000 (32%)]	Loss: 2.051147
Train Epoch: 11 [25536/60000 (43%)]	Loss: 2.200883
Train Epoch: 11 [31936/60000 (53%)]	Loss: 2.102236
Train Epoch: 11 [38336/60000 (64%)]	Loss: 1.896095
Train Epoch: 11 [44736/60000 (75%)]	Loss: 2.022725
Train Epoch: 11 [51136/60000 (85%)]	Loss: 2.249892
Train Epoch: 11 [57536/60000 (96%)]	Loss: 2.160666

Test set: Average loss: 2.1197, Accuracy: 2698/10000 (27%)

Train Epoch: 12 [6336/60000 (11%)]	Loss: 2.158581
Train Epoch: 12 [12736/60000 (21%)]	Loss: 2.099192
Train Epoch: 12 [19136/60000 (32%)]	Loss: 2.093166
Train Epoch: 12 [25536/60000 (43%)]	Loss: 2.305956
Train Epoch: 12 [31936/60000 (53%)]	Loss: 2.170795
Train Epoch: 12 [38336/60000 (64%)]	Loss: 2.102880
Train Epoch: 12 [44736/60000 (75%)]	Loss: 2.073509
Train Epoch: 12 [51136/60000 (85%)]	Loss: 2.275865
Train Epoch: 12 [57536/60000 (96%)]	Loss: 2.118093

Test set: Average loss: 2.1522, Accuracy: 2611/10000 (26%)

Train Epoch: 13 [6336/60000 (11%)]	Loss: 2.097583
Train Epoch: 13 [12736/60000 (21%)]	Loss: 1.977717
Train Epoch: 13 [19136/60000 (32%)]	Loss: 2.177853
Train Epoch: 13 [25536/60000 (43%)]	Loss: 2.185021
Train Epoch: 13 [31936/60000 (53%)]	Loss: 2.227576
Train Epoch: 13 [38336/60000 (64%)]	Loss: 2.399747
Train Epoch: 13 [44736/60000 (75%)]	Loss: 2.093635
Train Epoch: 13 [51136/60000 (85%)]	Loss: 2.013922
Train Epoch: 13 [57536/60000 (96%)]	Loss: 2.287379

Test set: Average loss: 2.1436, Accuracy: 2508/10000 (25%)

Namespace(batch_size=64, bias=None, data='../data', device=1, epochs=13, hidden_size=500, load_weights=None, log_interval=100, lr=0.1, model='widefc4', momentum=0.9, no_cuda=False, r=5, save_model=None, save_results=True, seed=1, sparsity=0.01, use_relu=False, wd=0.0005)


Total time spent pruning/training: 2.31 minutes
Total number of parameters in model: 4496508
Number of parameters in pruned model: 4451542
