Namespace(batch_size=64, bias=None, data='../data', device=1, epochs=7, hidden_size=500, load_weights=None, log_interval=100, lr=0.1, model='widefc4', momentum=0.9, no_cuda=False, r=5, save_model=None, save_results=True, seed=1, sparsity=0.025, use_relu=False, wd=0.0005) 

Pruning a Wide Four-Layer Fully Connected network ...
Train Epoch: 1 [6336/60000 (11%)]	Loss: 0.438271
Train Epoch: 1 [12736/60000 (21%)]	Loss: 0.193287
Train Epoch: 1 [19136/60000 (32%)]	Loss: 0.502275
Train Epoch: 1 [25536/60000 (43%)]	Loss: 0.234330
Train Epoch: 1 [31936/60000 (53%)]	Loss: 0.281237
Train Epoch: 1 [38336/60000 (64%)]	Loss: 0.501562
Train Epoch: 1 [44736/60000 (75%)]	Loss: 0.129462
Train Epoch: 1 [51136/60000 (85%)]	Loss: 0.174747
Train Epoch: 1 [57536/60000 (96%)]	Loss: 0.240347

Test set: Average loss: 0.3205, Accuracy: 8956/10000 (90%)

Train Epoch: 2 [6336/60000 (11%)]	Loss: 0.170749
Train Epoch: 2 [12736/60000 (21%)]	Loss: 0.224652
Train Epoch: 2 [19136/60000 (32%)]	Loss: 0.313897
Train Epoch: 2 [25536/60000 (43%)]	Loss: 0.176880
Train Epoch: 2 [31936/60000 (53%)]	Loss: 0.324631
Train Epoch: 2 [38336/60000 (64%)]	Loss: 0.218845
Train Epoch: 2 [44736/60000 (75%)]	Loss: 0.477937
Train Epoch: 2 [51136/60000 (85%)]	Loss: 0.283519
Train Epoch: 2 [57536/60000 (96%)]	Loss: 0.200873

Test set: Average loss: 0.3365, Accuracy: 8914/10000 (89%)

Train Epoch: 3 [6336/60000 (11%)]	Loss: 0.390617
Train Epoch: 3 [12736/60000 (21%)]	Loss: 0.175154
Train Epoch: 3 [19136/60000 (32%)]	Loss: 0.258154
Train Epoch: 3 [25536/60000 (43%)]	Loss: 0.352375
Train Epoch: 3 [31936/60000 (53%)]	Loss: 0.203880
Train Epoch: 3 [38336/60000 (64%)]	Loss: 0.421320
Train Epoch: 3 [44736/60000 (75%)]	Loss: 0.348692
Train Epoch: 3 [51136/60000 (85%)]	Loss: 0.428505
Train Epoch: 3 [57536/60000 (96%)]	Loss: 0.303935

Test set: Average loss: 0.3543, Accuracy: 8944/10000 (89%)

Train Epoch: 4 [6336/60000 (11%)]	Loss: 0.508151
Train Epoch: 4 [12736/60000 (21%)]	Loss: 0.264674
Train Epoch: 4 [19136/60000 (32%)]	Loss: 0.462155
Train Epoch: 4 [25536/60000 (43%)]	Loss: 0.757958
Train Epoch: 4 [31936/60000 (53%)]	Loss: 0.299235
Train Epoch: 4 [38336/60000 (64%)]	Loss: 0.305764
Train Epoch: 4 [44736/60000 (75%)]	Loss: 0.714685
Train Epoch: 4 [51136/60000 (85%)]	Loss: 0.446461
Train Epoch: 4 [57536/60000 (96%)]	Loss: 0.261771

Test set: Average loss: 0.6157, Accuracy: 7740/10000 (77%)

Train Epoch: 5 [6336/60000 (11%)]	Loss: 0.454690
Train Epoch: 5 [12736/60000 (21%)]	Loss: 0.273375
Train Epoch: 5 [19136/60000 (32%)]	Loss: 0.271794
Train Epoch: 5 [25536/60000 (43%)]	Loss: 0.376127
Train Epoch: 5 [31936/60000 (53%)]	Loss: 0.389530
Train Epoch: 5 [38336/60000 (64%)]	Loss: 0.436680
Train Epoch: 5 [44736/60000 (75%)]	Loss: 0.385318
Train Epoch: 5 [51136/60000 (85%)]	Loss: 0.590853
Train Epoch: 5 [57536/60000 (96%)]	Loss: 0.911328

Test set: Average loss: 0.5011, Accuracy: 8378/10000 (84%)

Train Epoch: 6 [6336/60000 (11%)]	Loss: 0.425313
Train Epoch: 6 [12736/60000 (21%)]	Loss: 0.554090
Train Epoch: 6 [19136/60000 (32%)]	Loss: 0.696067
Train Epoch: 6 [25536/60000 (43%)]	Loss: 0.406812
Train Epoch: 6 [31936/60000 (53%)]	Loss: 0.590956
Train Epoch: 6 [38336/60000 (64%)]	Loss: 0.550646
Train Epoch: 6 [44736/60000 (75%)]	Loss: 0.670508
Train Epoch: 6 [51136/60000 (85%)]	Loss: 0.357031
Train Epoch: 6 [57536/60000 (96%)]	Loss: 0.507013

Test set: Average loss: 0.4706, Accuracy: 8523/10000 (85%)

Train Epoch: 7 [6336/60000 (11%)]	Loss: 0.723642
Train Epoch: 7 [12736/60000 (21%)]	Loss: 0.502834
Train Epoch: 7 [19136/60000 (32%)]	Loss: 0.448177
Train Epoch: 7 [25536/60000 (43%)]	Loss: 0.437354
Train Epoch: 7 [31936/60000 (53%)]	Loss: 1.137935
Train Epoch: 7 [38336/60000 (64%)]	Loss: 0.427526
Train Epoch: 7 [44736/60000 (75%)]	Loss: 0.586241
Train Epoch: 7 [51136/60000 (85%)]	Loss: 0.562737
Train Epoch: 7 [57536/60000 (96%)]	Loss: 0.528228

Test set: Average loss: 0.6042, Accuracy: 7972/10000 (80%)

Namespace(batch_size=64, bias=None, data='../data', device=1, epochs=7, hidden_size=500, load_weights=None, log_interval=100, lr=0.1, model='widefc4', momentum=0.9, no_cuda=False, r=5, save_model=None, save_results=True, seed=1, sparsity=0.025, use_relu=False, wd=0.0005)


Total time spent pruning/training: 1.25 minutes
Total number of parameters in model: 4496508
Number of parameters in pruned model: 4384095
