Namespace(batch_size=64, bias=None, data='../data', device=1, epochs=5, hidden_size=500, load_weights=None, log_interval=100, lr=0.1, model='widefc4', momentum=0.9, no_cuda=False, r=5, save_model=None, save_results=True, seed=1, sparsity=0.75, use_relu=False, wd=0.0005) 

Pruning a Wide Four-Layer Fully Connected network ...
Train Epoch: 1 [6336/60000 (11%)]	Loss: 0.662227
Train Epoch: 1 [12736/60000 (21%)]	Loss: 0.244081
Train Epoch: 1 [19136/60000 (32%)]	Loss: 0.465351
Train Epoch: 1 [25536/60000 (43%)]	Loss: 0.297347
Train Epoch: 1 [31936/60000 (53%)]	Loss: 0.352078
Train Epoch: 1 [38336/60000 (64%)]	Loss: 0.339849
Train Epoch: 1 [44736/60000 (75%)]	Loss: 0.126993
Train Epoch: 1 [51136/60000 (85%)]	Loss: 0.165762
Train Epoch: 1 [57536/60000 (96%)]	Loss: 0.133365

Test set: Average loss: 0.1552, Accuracy: 9540/10000 (95%)

Train Epoch: 2 [6336/60000 (11%)]	Loss: 0.068199
Train Epoch: 2 [12736/60000 (21%)]	Loss: 0.182964
Train Epoch: 2 [19136/60000 (32%)]	Loss: 0.136204
Train Epoch: 2 [25536/60000 (43%)]	Loss: 0.105667
Train Epoch: 2 [31936/60000 (53%)]	Loss: 0.218032
Train Epoch: 2 [38336/60000 (64%)]	Loss: 0.163230
Train Epoch: 2 [44736/60000 (75%)]	Loss: 0.247014
Train Epoch: 2 [51136/60000 (85%)]	Loss: 0.106289
Train Epoch: 2 [57536/60000 (96%)]	Loss: 0.031142

Test set: Average loss: 0.1433, Accuracy: 9530/10000 (95%)

Train Epoch: 3 [6336/60000 (11%)]	Loss: 0.095081
Train Epoch: 3 [12736/60000 (21%)]	Loss: 0.063047
Train Epoch: 3 [19136/60000 (32%)]	Loss: 0.207175
Train Epoch: 3 [25536/60000 (43%)]	Loss: 0.072421
Train Epoch: 3 [31936/60000 (53%)]	Loss: 0.050338
Train Epoch: 3 [38336/60000 (64%)]	Loss: 0.047112
Train Epoch: 3 [44736/60000 (75%)]	Loss: 0.043337
Train Epoch: 3 [51136/60000 (85%)]	Loss: 0.036576
Train Epoch: 3 [57536/60000 (96%)]	Loss: 0.045010

Test set: Average loss: 0.0850, Accuracy: 9733/10000 (97%)

Train Epoch: 4 [6336/60000 (11%)]	Loss: 0.037300
Train Epoch: 4 [12736/60000 (21%)]	Loss: 0.034876
Train Epoch: 4 [19136/60000 (32%)]	Loss: 0.015543
Train Epoch: 4 [25536/60000 (43%)]	Loss: 0.068274
Train Epoch: 4 [31936/60000 (53%)]	Loss: 0.019369
Train Epoch: 4 [38336/60000 (64%)]	Loss: 0.075272
Train Epoch: 4 [44736/60000 (75%)]	Loss: 0.040711
Train Epoch: 4 [51136/60000 (85%)]	Loss: 0.077992
Train Epoch: 4 [57536/60000 (96%)]	Loss: 0.054013

Test set: Average loss: 0.0820, Accuracy: 9744/10000 (97%)

Train Epoch: 5 [6336/60000 (11%)]	Loss: 0.041843
Train Epoch: 5 [12736/60000 (21%)]	Loss: 0.020494
Train Epoch: 5 [19136/60000 (32%)]	Loss: 0.031260
Train Epoch: 5 [25536/60000 (43%)]	Loss: 0.038752
Train Epoch: 5 [31936/60000 (53%)]	Loss: 0.023208
Train Epoch: 5 [38336/60000 (64%)]	Loss: 0.007641
Train Epoch: 5 [44736/60000 (75%)]	Loss: 0.128246
Train Epoch: 5 [51136/60000 (85%)]	Loss: 0.041834
Train Epoch: 5 [57536/60000 (96%)]	Loss: 0.109389

Test set: Average loss: 0.0647, Accuracy: 9800/10000 (98%)

Namespace(batch_size=64, bias=None, data='../data', device=1, epochs=5, hidden_size=500, load_weights=None, log_interval=100, lr=0.1, model='widefc4', momentum=0.9, no_cuda=False, r=5, save_model=None, save_results=True, seed=1, sparsity=0.75, use_relu=False, wd=0.0005)


Total time spent pruning/training: 0.89 minutes
Total number of parameters in model: 4496508
Number of parameters in pruned model: 1124127
