Namespace(batch_size=64, bias=None, data='../data', device=1, epochs=5, hidden_size=500, load_weights=None, log_interval=100, lr=0.1, model='widefc4', momentum=0.9, no_cuda=False, r=5, save_model=None, save_results=True, seed=1, sparsity=0.5, use_relu=False, wd=0.0005) 

Pruning a Wide Four-Layer Fully Connected network ...
Train Epoch: 1 [6336/60000 (11%)]	Loss: 0.499110
Train Epoch: 1 [12736/60000 (21%)]	Loss: 0.159885
Train Epoch: 1 [19136/60000 (32%)]	Loss: 0.386934
Train Epoch: 1 [25536/60000 (43%)]	Loss: 0.228791
Train Epoch: 1 [31936/60000 (53%)]	Loss: 0.265494
Train Epoch: 1 [38336/60000 (64%)]	Loss: 0.294636
Train Epoch: 1 [44736/60000 (75%)]	Loss: 0.070511
Train Epoch: 1 [51136/60000 (85%)]	Loss: 0.133597
Train Epoch: 1 [57536/60000 (96%)]	Loss: 0.081535

Test set: Average loss: 0.1238, Accuracy: 9620/10000 (96%)

Train Epoch: 2 [6336/60000 (11%)]	Loss: 0.049875
Train Epoch: 2 [12736/60000 (21%)]	Loss: 0.103724
Train Epoch: 2 [19136/60000 (32%)]	Loss: 0.128763
Train Epoch: 2 [25536/60000 (43%)]	Loss: 0.081875
Train Epoch: 2 [31936/60000 (53%)]	Loss: 0.189124
Train Epoch: 2 [38336/60000 (64%)]	Loss: 0.134068
Train Epoch: 2 [44736/60000 (75%)]	Loss: 0.225572
Train Epoch: 2 [51136/60000 (85%)]	Loss: 0.129338
Train Epoch: 2 [57536/60000 (96%)]	Loss: 0.028013

Test set: Average loss: 0.1123, Accuracy: 9646/10000 (96%)

Train Epoch: 3 [6336/60000 (11%)]	Loss: 0.055887
Train Epoch: 3 [12736/60000 (21%)]	Loss: 0.052985
Train Epoch: 3 [19136/60000 (32%)]	Loss: 0.138778
Train Epoch: 3 [25536/60000 (43%)]	Loss: 0.041298
Train Epoch: 3 [31936/60000 (53%)]	Loss: 0.058492
Train Epoch: 3 [38336/60000 (64%)]	Loss: 0.063166
Train Epoch: 3 [44736/60000 (75%)]	Loss: 0.023831
Train Epoch: 3 [51136/60000 (85%)]	Loss: 0.021157
Train Epoch: 3 [57536/60000 (96%)]	Loss: 0.040427

Test set: Average loss: 0.0790, Accuracy: 9745/10000 (97%)

Train Epoch: 4 [6336/60000 (11%)]	Loss: 0.025422
Train Epoch: 4 [12736/60000 (21%)]	Loss: 0.025055
Train Epoch: 4 [19136/60000 (32%)]	Loss: 0.009346
Train Epoch: 4 [25536/60000 (43%)]	Loss: 0.052722
Train Epoch: 4 [31936/60000 (53%)]	Loss: 0.014500
Train Epoch: 4 [38336/60000 (64%)]	Loss: 0.035350
Train Epoch: 4 [44736/60000 (75%)]	Loss: 0.012724
Train Epoch: 4 [51136/60000 (85%)]	Loss: 0.031257
Train Epoch: 4 [57536/60000 (96%)]	Loss: 0.053330

Test set: Average loss: 0.0763, Accuracy: 9753/10000 (98%)

Train Epoch: 5 [6336/60000 (11%)]	Loss: 0.016740
Train Epoch: 5 [12736/60000 (21%)]	Loss: 0.012726
Train Epoch: 5 [19136/60000 (32%)]	Loss: 0.012776
Train Epoch: 5 [25536/60000 (43%)]	Loss: 0.032397
Train Epoch: 5 [31936/60000 (53%)]	Loss: 0.013036
Train Epoch: 5 [38336/60000 (64%)]	Loss: 0.004006
Train Epoch: 5 [44736/60000 (75%)]	Loss: 0.075713
Train Epoch: 5 [51136/60000 (85%)]	Loss: 0.019841
Train Epoch: 5 [57536/60000 (96%)]	Loss: 0.058810

Test set: Average loss: 0.0598, Accuracy: 9803/10000 (98%)

Namespace(batch_size=64, bias=None, data='../data', device=1, epochs=5, hidden_size=500, load_weights=None, log_interval=100, lr=0.1, model='widefc4', momentum=0.9, no_cuda=False, r=5, save_model=None, save_results=True, seed=1, sparsity=0.5, use_relu=False, wd=0.0005)


Total time spent pruning/training: 0.89 minutes
Total number of parameters in model: 4496508
Number of parameters in pruned model: 2248254
