Namespace(batch_size=64, bias=None, data='../data', device=1, epochs=16, hidden_size=500, load_weights=None, log_interval=100, lr=0.1, model='widefc4', momentum=0.9, no_cuda=False, r=5, save_model=None, save_results=True, seed=1, sparsity=0.975, use_relu=False, wd=0.0005) 

Pruning a Wide Four-Layer Fully Connected network ...
Train Epoch: 1 [6336/60000 (11%)]	Loss: 2.300726
Train Epoch: 1 [12736/60000 (21%)]	Loss: 2.294286
Train Epoch: 1 [19136/60000 (32%)]	Loss: 2.269131
Train Epoch: 1 [25536/60000 (43%)]	Loss: 2.105799
Train Epoch: 1 [31936/60000 (53%)]	Loss: 1.245438
Train Epoch: 1 [38336/60000 (64%)]	Loss: 0.835581
Train Epoch: 1 [44736/60000 (75%)]	Loss: 0.665496
Train Epoch: 1 [51136/60000 (85%)]	Loss: 0.521482
Train Epoch: 1 [57536/60000 (96%)]	Loss: 0.588251

Test set: Average loss: 0.4587, Accuracy: 8701/10000 (87%)

Train Epoch: 2 [6336/60000 (11%)]	Loss: 0.356030
Train Epoch: 2 [12736/60000 (21%)]	Loss: 0.525478
Train Epoch: 2 [19136/60000 (32%)]	Loss: 0.483601
Train Epoch: 2 [25536/60000 (43%)]	Loss: 0.422455
Train Epoch: 2 [31936/60000 (53%)]	Loss: 0.487603
Train Epoch: 2 [38336/60000 (64%)]	Loss: 0.344096
Train Epoch: 2 [44736/60000 (75%)]	Loss: 0.504295
Train Epoch: 2 [51136/60000 (85%)]	Loss: 0.357037
Train Epoch: 2 [57536/60000 (96%)]	Loss: 0.318362

Test set: Average loss: 0.2909, Accuracy: 9194/10000 (92%)

Train Epoch: 3 [6336/60000 (11%)]	Loss: 0.346988
Train Epoch: 3 [12736/60000 (21%)]	Loss: 0.242389
Train Epoch: 3 [19136/60000 (32%)]	Loss: 0.298390
Train Epoch: 3 [25536/60000 (43%)]	Loss: 0.379109
Train Epoch: 3 [31936/60000 (53%)]	Loss: 0.253605
Train Epoch: 3 [38336/60000 (64%)]	Loss: 0.184944
Train Epoch: 3 [44736/60000 (75%)]	Loss: 0.160784
Train Epoch: 3 [51136/60000 (85%)]	Loss: 0.161133
Train Epoch: 3 [57536/60000 (96%)]	Loss: 0.240723

Test set: Average loss: 0.2210, Accuracy: 9400/10000 (94%)

Train Epoch: 4 [6336/60000 (11%)]	Loss: 0.214932
Train Epoch: 4 [12736/60000 (21%)]	Loss: 0.150743
Train Epoch: 4 [19136/60000 (32%)]	Loss: 0.166962
Train Epoch: 4 [25536/60000 (43%)]	Loss: 0.199637
Train Epoch: 4 [31936/60000 (53%)]	Loss: 0.161474
Train Epoch: 4 [38336/60000 (64%)]	Loss: 0.234238
Train Epoch: 4 [44736/60000 (75%)]	Loss: 0.278414
Train Epoch: 4 [51136/60000 (85%)]	Loss: 0.267135
Train Epoch: 4 [57536/60000 (96%)]	Loss: 0.125728

Test set: Average loss: 0.1944, Accuracy: 9462/10000 (95%)

Train Epoch: 5 [6336/60000 (11%)]	Loss: 0.182900
Train Epoch: 5 [12736/60000 (21%)]	Loss: 0.125231
Train Epoch: 5 [19136/60000 (32%)]	Loss: 0.145316
Train Epoch: 5 [25536/60000 (43%)]	Loss: 0.181120
Train Epoch: 5 [31936/60000 (53%)]	Loss: 0.155782
Train Epoch: 5 [38336/60000 (64%)]	Loss: 0.124343
Train Epoch: 5 [44736/60000 (75%)]	Loss: 0.256212
Train Epoch: 5 [51136/60000 (85%)]	Loss: 0.198010
Train Epoch: 5 [57536/60000 (96%)]	Loss: 0.373473

Test set: Average loss: 0.1720, Accuracy: 9523/10000 (95%)

Train Epoch: 6 [6336/60000 (11%)]	Loss: 0.143783
Train Epoch: 6 [12736/60000 (21%)]	Loss: 0.126888
Train Epoch: 6 [19136/60000 (32%)]	Loss: 0.210441
Train Epoch: 6 [25536/60000 (43%)]	Loss: 0.135062
Train Epoch: 6 [31936/60000 (53%)]	Loss: 0.168817
Train Epoch: 6 [38336/60000 (64%)]	Loss: 0.131565
Train Epoch: 6 [44736/60000 (75%)]	Loss: 0.229231
Train Epoch: 6 [51136/60000 (85%)]	Loss: 0.168310
Train Epoch: 6 [57536/60000 (96%)]	Loss: 0.202213

Test set: Average loss: 0.1568, Accuracy: 9561/10000 (96%)

Train Epoch: 7 [6336/60000 (11%)]	Loss: 0.125359
Train Epoch: 7 [12736/60000 (21%)]	Loss: 0.140054
Train Epoch: 7 [19136/60000 (32%)]	Loss: 0.175741
Train Epoch: 7 [25536/60000 (43%)]	Loss: 0.144113
Train Epoch: 7 [31936/60000 (53%)]	Loss: 0.110105
Train Epoch: 7 [38336/60000 (64%)]	Loss: 0.134486
Train Epoch: 7 [44736/60000 (75%)]	Loss: 0.106471
Train Epoch: 7 [51136/60000 (85%)]	Loss: 0.212616
Train Epoch: 7 [57536/60000 (96%)]	Loss: 0.122954

Test set: Average loss: 0.1480, Accuracy: 9582/10000 (96%)

Train Epoch: 8 [6336/60000 (11%)]	Loss: 0.146032
Train Epoch: 8 [12736/60000 (21%)]	Loss: 0.144277
Train Epoch: 8 [19136/60000 (32%)]	Loss: 0.204076
Train Epoch: 8 [25536/60000 (43%)]	Loss: 0.162129
Train Epoch: 8 [31936/60000 (53%)]	Loss: 0.144211
Train Epoch: 8 [38336/60000 (64%)]	Loss: 0.177494
Train Epoch: 8 [44736/60000 (75%)]	Loss: 0.139002
Train Epoch: 8 [51136/60000 (85%)]	Loss: 0.195258
Train Epoch: 8 [57536/60000 (96%)]	Loss: 0.197594

Test set: Average loss: 0.1338, Accuracy: 9642/10000 (96%)

Train Epoch: 9 [6336/60000 (11%)]	Loss: 0.149928
Train Epoch: 9 [12736/60000 (21%)]	Loss: 0.066484
Train Epoch: 9 [19136/60000 (32%)]	Loss: 0.103021
Train Epoch: 9 [25536/60000 (43%)]	Loss: 0.117247
Train Epoch: 9 [31936/60000 (53%)]	Loss: 0.236290
Train Epoch: 9 [38336/60000 (64%)]	Loss: 0.125067
Train Epoch: 9 [44736/60000 (75%)]	Loss: 0.079413
Train Epoch: 9 [51136/60000 (85%)]	Loss: 0.149614
Train Epoch: 9 [57536/60000 (96%)]	Loss: 0.154234

Test set: Average loss: 0.1318, Accuracy: 9655/10000 (97%)

Train Epoch: 10 [6336/60000 (11%)]	Loss: 0.084397
Train Epoch: 10 [12736/60000 (21%)]	Loss: 0.264637
Train Epoch: 10 [19136/60000 (32%)]	Loss: 0.060797
Train Epoch: 10 [25536/60000 (43%)]	Loss: 0.120201
Train Epoch: 10 [31936/60000 (53%)]	Loss: 0.221225
Train Epoch: 10 [38336/60000 (64%)]	Loss: 0.125611
Train Epoch: 10 [44736/60000 (75%)]	Loss: 0.066370
Train Epoch: 10 [51136/60000 (85%)]	Loss: 0.106859
Train Epoch: 10 [57536/60000 (96%)]	Loss: 0.142446

Test set: Average loss: 0.1382, Accuracy: 9606/10000 (96%)

Train Epoch: 11 [6336/60000 (11%)]	Loss: 0.048241
Train Epoch: 11 [12736/60000 (21%)]	Loss: 0.151793
Train Epoch: 11 [19136/60000 (32%)]	Loss: 0.099344
Train Epoch: 11 [25536/60000 (43%)]	Loss: 0.064068
Train Epoch: 11 [31936/60000 (53%)]	Loss: 0.120086
Train Epoch: 11 [38336/60000 (64%)]	Loss: 0.079267
Train Epoch: 11 [44736/60000 (75%)]	Loss: 0.110898
Train Epoch: 11 [51136/60000 (85%)]	Loss: 0.083564
Train Epoch: 11 [57536/60000 (96%)]	Loss: 0.102283

Test set: Average loss: 0.1336, Accuracy: 9629/10000 (96%)

Train Epoch: 12 [6336/60000 (11%)]	Loss: 0.224204
Train Epoch: 12 [12736/60000 (21%)]	Loss: 0.113005
Train Epoch: 12 [19136/60000 (32%)]	Loss: 0.061501
Train Epoch: 12 [25536/60000 (43%)]	Loss: 0.035422
Train Epoch: 12 [31936/60000 (53%)]	Loss: 0.079166
Train Epoch: 12 [38336/60000 (64%)]	Loss: 0.122219
Train Epoch: 12 [44736/60000 (75%)]	Loss: 0.089622
Train Epoch: 12 [51136/60000 (85%)]	Loss: 0.133971
Train Epoch: 12 [57536/60000 (96%)]	Loss: 0.084196

Test set: Average loss: 0.1319, Accuracy: 9638/10000 (96%)

Train Epoch: 13 [6336/60000 (11%)]	Loss: 0.081231
Train Epoch: 13 [12736/60000 (21%)]	Loss: 0.056102
Train Epoch: 13 [19136/60000 (32%)]	Loss: 0.109810
Train Epoch: 13 [25536/60000 (43%)]	Loss: 0.109415
Train Epoch: 13 [31936/60000 (53%)]	Loss: 0.070618
Train Epoch: 13 [38336/60000 (64%)]	Loss: 0.122316
Train Epoch: 13 [44736/60000 (75%)]	Loss: 0.038735
Train Epoch: 13 [51136/60000 (85%)]	Loss: 0.096689
Train Epoch: 13 [57536/60000 (96%)]	Loss: 0.137016

Test set: Average loss: 0.1220, Accuracy: 9665/10000 (97%)

Train Epoch: 14 [6336/60000 (11%)]	Loss: 0.084336
Train Epoch: 14 [12736/60000 (21%)]	Loss: 0.123305
Train Epoch: 14 [19136/60000 (32%)]	Loss: 0.078519
Train Epoch: 14 [25536/60000 (43%)]	Loss: 0.115766
Train Epoch: 14 [31936/60000 (53%)]	Loss: 0.060370
Train Epoch: 14 [38336/60000 (64%)]	Loss: 0.151948
Train Epoch: 14 [44736/60000 (75%)]	Loss: 0.094612
Train Epoch: 14 [51136/60000 (85%)]	Loss: 0.127249
Train Epoch: 14 [57536/60000 (96%)]	Loss: 0.088294

Test set: Average loss: 0.1245, Accuracy: 9675/10000 (97%)

Train Epoch: 15 [6336/60000 (11%)]	Loss: 0.097357
Train Epoch: 15 [12736/60000 (21%)]	Loss: 0.096858
Train Epoch: 15 [19136/60000 (32%)]	Loss: 0.092976
Train Epoch: 15 [25536/60000 (43%)]	Loss: 0.102981
Train Epoch: 15 [31936/60000 (53%)]	Loss: 0.123268
Train Epoch: 15 [38336/60000 (64%)]	Loss: 0.099288
Train Epoch: 15 [44736/60000 (75%)]	Loss: 0.110548
Train Epoch: 15 [51136/60000 (85%)]	Loss: 0.181124
Train Epoch: 15 [57536/60000 (96%)]	Loss: 0.188835

Test set: Average loss: 0.1196, Accuracy: 9673/10000 (97%)

Train Epoch: 16 [6336/60000 (11%)]	Loss: 0.111759
Train Epoch: 16 [12736/60000 (21%)]	Loss: 0.104529
Train Epoch: 16 [19136/60000 (32%)]	Loss: 0.035531
Train Epoch: 16 [25536/60000 (43%)]	Loss: 0.066112
Train Epoch: 16 [31936/60000 (53%)]	Loss: 0.093854
Train Epoch: 16 [38336/60000 (64%)]	Loss: 0.134702
Train Epoch: 16 [44736/60000 (75%)]	Loss: 0.157537
Train Epoch: 16 [51136/60000 (85%)]	Loss: 0.143159
Train Epoch: 16 [57536/60000 (96%)]	Loss: 0.074120

Test set: Average loss: 0.1181, Accuracy: 9684/10000 (97%)

Namespace(batch_size=64, bias=None, data='../data', device=1, epochs=16, hidden_size=500, load_weights=None, log_interval=100, lr=0.1, model='widefc4', momentum=0.9, no_cuda=False, r=5, save_model=None, save_results=True, seed=1, sparsity=0.975, use_relu=False, wd=0.0005)


Total time spent pruning/training: 2.83 minutes
Total number of parameters in model: 4496508
Number of parameters in pruned model: 112412
