Namespace(batch_size=64, bias=None, data='../data', device=1, epochs=19, hidden_size=500, load_weights=None, log_interval=100, lr=0.1, model='widefc4', momentum=0.9, no_cuda=False, r=5, save_model=None, save_results=True, seed=1, sparsity=0.9, use_relu=False, wd=0.0005) 

Pruning a Wide Four-Layer Fully Connected network ...
Train Epoch: 1 [6336/60000 (11%)]	Loss: 1.809920
Train Epoch: 1 [12736/60000 (21%)]	Loss: 0.548499
Train Epoch: 1 [19136/60000 (32%)]	Loss: 0.609535
Train Epoch: 1 [25536/60000 (43%)]	Loss: 0.491973
Train Epoch: 1 [31936/60000 (53%)]	Loss: 0.494373
Train Epoch: 1 [38336/60000 (64%)]	Loss: 0.408616
Train Epoch: 1 [44736/60000 (75%)]	Loss: 0.241437
Train Epoch: 1 [51136/60000 (85%)]	Loss: 0.215838
Train Epoch: 1 [57536/60000 (96%)]	Loss: 0.226073

Test set: Average loss: 0.2312, Accuracy: 9317/10000 (93%)

Train Epoch: 2 [6336/60000 (11%)]	Loss: 0.102576
Train Epoch: 2 [12736/60000 (21%)]	Loss: 0.286624
Train Epoch: 2 [19136/60000 (32%)]	Loss: 0.210607
Train Epoch: 2 [25536/60000 (43%)]	Loss: 0.170900
Train Epoch: 2 [31936/60000 (53%)]	Loss: 0.259698
Train Epoch: 2 [38336/60000 (64%)]	Loss: 0.167567
Train Epoch: 2 [44736/60000 (75%)]	Loss: 0.240615
Train Epoch: 2 [51136/60000 (85%)]	Loss: 0.150901
Train Epoch: 2 [57536/60000 (96%)]	Loss: 0.066813

Test set: Average loss: 0.1712, Accuracy: 9474/10000 (95%)

Train Epoch: 3 [6336/60000 (11%)]	Loss: 0.139577
Train Epoch: 3 [12736/60000 (21%)]	Loss: 0.107070
Train Epoch: 3 [19136/60000 (32%)]	Loss: 0.195384
Train Epoch: 3 [25536/60000 (43%)]	Loss: 0.105997
Train Epoch: 3 [31936/60000 (53%)]	Loss: 0.069613
Train Epoch: 3 [38336/60000 (64%)]	Loss: 0.077233
Train Epoch: 3 [44736/60000 (75%)]	Loss: 0.055101
Train Epoch: 3 [51136/60000 (85%)]	Loss: 0.048041
Train Epoch: 3 [57536/60000 (96%)]	Loss: 0.093406

Test set: Average loss: 0.1072, Accuracy: 9676/10000 (97%)

Train Epoch: 4 [6336/60000 (11%)]	Loss: 0.074458
Train Epoch: 4 [12736/60000 (21%)]	Loss: 0.074255
Train Epoch: 4 [19136/60000 (32%)]	Loss: 0.029249
Train Epoch: 4 [25536/60000 (43%)]	Loss: 0.138528
Train Epoch: 4 [31936/60000 (53%)]	Loss: 0.058352
Train Epoch: 4 [38336/60000 (64%)]	Loss: 0.121241
Train Epoch: 4 [44736/60000 (75%)]	Loss: 0.127992
Train Epoch: 4 [51136/60000 (85%)]	Loss: 0.117915
Train Epoch: 4 [57536/60000 (96%)]	Loss: 0.053044

Test set: Average loss: 0.1002, Accuracy: 9697/10000 (97%)

Train Epoch: 5 [6336/60000 (11%)]	Loss: 0.106432
Train Epoch: 5 [12736/60000 (21%)]	Loss: 0.054902
Train Epoch: 5 [19136/60000 (32%)]	Loss: 0.020269
Train Epoch: 5 [25536/60000 (43%)]	Loss: 0.127430
Train Epoch: 5 [31936/60000 (53%)]	Loss: 0.070927
Train Epoch: 5 [38336/60000 (64%)]	Loss: 0.024973
Train Epoch: 5 [44736/60000 (75%)]	Loss: 0.212535
Train Epoch: 5 [51136/60000 (85%)]	Loss: 0.130425
Train Epoch: 5 [57536/60000 (96%)]	Loss: 0.305914

Test set: Average loss: 0.0904, Accuracy: 9714/10000 (97%)

Train Epoch: 6 [6336/60000 (11%)]	Loss: 0.036194
Train Epoch: 6 [12736/60000 (21%)]	Loss: 0.051610
Train Epoch: 6 [19136/60000 (32%)]	Loss: 0.112776
Train Epoch: 6 [25536/60000 (43%)]	Loss: 0.067440
Train Epoch: 6 [31936/60000 (53%)]	Loss: 0.116002
Train Epoch: 6 [38336/60000 (64%)]	Loss: 0.067416
Train Epoch: 6 [44736/60000 (75%)]	Loss: 0.087896
Train Epoch: 6 [51136/60000 (85%)]	Loss: 0.096110
Train Epoch: 6 [57536/60000 (96%)]	Loss: 0.110290

Test set: Average loss: 0.1218, Accuracy: 9598/10000 (96%)

Train Epoch: 7 [6336/60000 (11%)]	Loss: 0.055167
Train Epoch: 7 [12736/60000 (21%)]	Loss: 0.109325
Train Epoch: 7 [19136/60000 (32%)]	Loss: 0.039569
Train Epoch: 7 [25536/60000 (43%)]	Loss: 0.046254
Train Epoch: 7 [31936/60000 (53%)]	Loss: 0.075451
Train Epoch: 7 [38336/60000 (64%)]	Loss: 0.113568
Train Epoch: 7 [44736/60000 (75%)]	Loss: 0.127179
Train Epoch: 7 [51136/60000 (85%)]	Loss: 0.225620
Train Epoch: 7 [57536/60000 (96%)]	Loss: 0.073798

Test set: Average loss: 0.1077, Accuracy: 9657/10000 (97%)

Train Epoch: 8 [6336/60000 (11%)]	Loss: 0.140953
Train Epoch: 8 [12736/60000 (21%)]	Loss: 0.042979
Train Epoch: 8 [19136/60000 (32%)]	Loss: 0.093568
Train Epoch: 8 [25536/60000 (43%)]	Loss: 0.128271
Train Epoch: 8 [31936/60000 (53%)]	Loss: 0.098957
Train Epoch: 8 [38336/60000 (64%)]	Loss: 0.080532
Train Epoch: 8 [44736/60000 (75%)]	Loss: 0.024901
Train Epoch: 8 [51136/60000 (85%)]	Loss: 0.103950
Train Epoch: 8 [57536/60000 (96%)]	Loss: 0.095820

Test set: Average loss: 0.0918, Accuracy: 9727/10000 (97%)

Train Epoch: 9 [6336/60000 (11%)]	Loss: 0.066907
Train Epoch: 9 [12736/60000 (21%)]	Loss: 0.030607
Train Epoch: 9 [19136/60000 (32%)]	Loss: 0.126211
Train Epoch: 9 [25536/60000 (43%)]	Loss: 0.194858
Train Epoch: 9 [31936/60000 (53%)]	Loss: 0.205158
Train Epoch: 9 [38336/60000 (64%)]	Loss: 0.138194
Train Epoch: 9 [44736/60000 (75%)]	Loss: 0.046589
Train Epoch: 9 [51136/60000 (85%)]	Loss: 0.122511
Train Epoch: 9 [57536/60000 (96%)]	Loss: 0.126258

Test set: Average loss: 0.1105, Accuracy: 9645/10000 (96%)

Train Epoch: 10 [6336/60000 (11%)]	Loss: 0.019752
Train Epoch: 10 [12736/60000 (21%)]	Loss: 0.102899
Train Epoch: 10 [19136/60000 (32%)]	Loss: 0.017536
Train Epoch: 10 [25536/60000 (43%)]	Loss: 0.065338
Train Epoch: 10 [31936/60000 (53%)]	Loss: 0.150988
Train Epoch: 10 [38336/60000 (64%)]	Loss: 0.056161
Train Epoch: 10 [44736/60000 (75%)]	Loss: 0.031150
Train Epoch: 10 [51136/60000 (85%)]	Loss: 0.146895
Train Epoch: 10 [57536/60000 (96%)]	Loss: 0.103913

Test set: Average loss: 0.1195, Accuracy: 9586/10000 (96%)

Train Epoch: 11 [6336/60000 (11%)]	Loss: 0.007690
Train Epoch: 11 [12736/60000 (21%)]	Loss: 0.049411
Train Epoch: 11 [19136/60000 (32%)]	Loss: 0.044750
Train Epoch: 11 [25536/60000 (43%)]	Loss: 0.039129
Train Epoch: 11 [31936/60000 (53%)]	Loss: 0.066379
Train Epoch: 11 [38336/60000 (64%)]	Loss: 0.083537
Train Epoch: 11 [44736/60000 (75%)]	Loss: 0.055751
Train Epoch: 11 [51136/60000 (85%)]	Loss: 0.015369
Train Epoch: 11 [57536/60000 (96%)]	Loss: 0.018758

Test set: Average loss: 0.0977, Accuracy: 9695/10000 (97%)

Train Epoch: 12 [6336/60000 (11%)]	Loss: 0.044210
Train Epoch: 12 [12736/60000 (21%)]	Loss: 0.023882
Train Epoch: 12 [19136/60000 (32%)]	Loss: 0.029964
Train Epoch: 12 [25536/60000 (43%)]	Loss: 0.003021
Train Epoch: 12 [31936/60000 (53%)]	Loss: 0.017006
Train Epoch: 12 [38336/60000 (64%)]	Loss: 0.064417
Train Epoch: 12 [44736/60000 (75%)]	Loss: 0.041743
Train Epoch: 12 [51136/60000 (85%)]	Loss: 0.077613
Train Epoch: 12 [57536/60000 (96%)]	Loss: 0.033534

Test set: Average loss: 0.0833, Accuracy: 9748/10000 (97%)

Train Epoch: 13 [6336/60000 (11%)]	Loss: 0.050474
Train Epoch: 13 [12736/60000 (21%)]	Loss: 0.023764
Train Epoch: 13 [19136/60000 (32%)]	Loss: 0.017239
Train Epoch: 13 [25536/60000 (43%)]	Loss: 0.020656
Train Epoch: 13 [31936/60000 (53%)]	Loss: 0.036049
Train Epoch: 13 [38336/60000 (64%)]	Loss: 0.023535
Train Epoch: 13 [44736/60000 (75%)]	Loss: 0.007139
Train Epoch: 13 [51136/60000 (85%)]	Loss: 0.081810
Train Epoch: 13 [57536/60000 (96%)]	Loss: 0.064878

Test set: Average loss: 0.0838, Accuracy: 9753/10000 (98%)

Train Epoch: 14 [6336/60000 (11%)]	Loss: 0.003768
Train Epoch: 14 [12736/60000 (21%)]	Loss: 0.018561
Train Epoch: 14 [19136/60000 (32%)]	Loss: 0.005252
Train Epoch: 14 [25536/60000 (43%)]	Loss: 0.009402
Train Epoch: 14 [31936/60000 (53%)]	Loss: 0.010367
Train Epoch: 14 [38336/60000 (64%)]	Loss: 0.013661
Train Epoch: 14 [44736/60000 (75%)]	Loss: 0.033543
Train Epoch: 14 [51136/60000 (85%)]	Loss: 0.026098
Train Epoch: 14 [57536/60000 (96%)]	Loss: 0.004488

Test set: Average loss: 0.0625, Accuracy: 9806/10000 (98%)

Train Epoch: 15 [6336/60000 (11%)]	Loss: 0.001665
Train Epoch: 15 [12736/60000 (21%)]	Loss: 0.003299
Train Epoch: 15 [19136/60000 (32%)]	Loss: 0.004853
Train Epoch: 15 [25536/60000 (43%)]	Loss: 0.006430
Train Epoch: 15 [31936/60000 (53%)]	Loss: 0.031711
Train Epoch: 15 [38336/60000 (64%)]	Loss: 0.005762
Train Epoch: 15 [44736/60000 (75%)]	Loss: 0.011292
Train Epoch: 15 [51136/60000 (85%)]	Loss: 0.019239
Train Epoch: 15 [57536/60000 (96%)]	Loss: 0.051607

Test set: Average loss: 0.0583, Accuracy: 9830/10000 (98%)

Train Epoch: 16 [6336/60000 (11%)]	Loss: 0.003189
Train Epoch: 16 [12736/60000 (21%)]	Loss: 0.002840
Train Epoch: 16 [19136/60000 (32%)]	Loss: 0.000739
Train Epoch: 16 [25536/60000 (43%)]	Loss: 0.000779
Train Epoch: 16 [31936/60000 (53%)]	Loss: 0.002308
Train Epoch: 16 [38336/60000 (64%)]	Loss: 0.003239
Train Epoch: 16 [44736/60000 (75%)]	Loss: 0.002566
Train Epoch: 16 [51136/60000 (85%)]	Loss: 0.003814
Train Epoch: 16 [57536/60000 (96%)]	Loss: 0.002573

Test set: Average loss: 0.0514, Accuracy: 9853/10000 (99%)

Train Epoch: 17 [6336/60000 (11%)]	Loss: 0.001692
Train Epoch: 17 [12736/60000 (21%)]	Loss: 0.002453
Train Epoch: 17 [19136/60000 (32%)]	Loss: 0.002207
Train Epoch: 17 [25536/60000 (43%)]	Loss: 0.000546
Train Epoch: 17 [31936/60000 (53%)]	Loss: 0.003608
Train Epoch: 17 [38336/60000 (64%)]	Loss: 0.002030
Train Epoch: 17 [44736/60000 (75%)]	Loss: 0.003764
Train Epoch: 17 [51136/60000 (85%)]	Loss: 0.003464
Train Epoch: 17 [57536/60000 (96%)]	Loss: 0.002148

Test set: Average loss: 0.0499, Accuracy: 9850/10000 (98%)

Train Epoch: 18 [6336/60000 (11%)]	Loss: 0.001636
Train Epoch: 18 [12736/60000 (21%)]	Loss: 0.003723
Train Epoch: 18 [19136/60000 (32%)]	Loss: 0.001618
Train Epoch: 18 [25536/60000 (43%)]	Loss: 0.001418
Train Epoch: 18 [31936/60000 (53%)]	Loss: 0.000641
Train Epoch: 18 [38336/60000 (64%)]	Loss: 0.002268
Train Epoch: 18 [44736/60000 (75%)]	Loss: 0.002630
Train Epoch: 18 [51136/60000 (85%)]	Loss: 0.002486
Train Epoch: 18 [57536/60000 (96%)]	Loss: 0.001012

Test set: Average loss: 0.0496, Accuracy: 9855/10000 (99%)

Train Epoch: 19 [6336/60000 (11%)]	Loss: 0.001811
Train Epoch: 19 [12736/60000 (21%)]	Loss: 0.000824
Train Epoch: 19 [19136/60000 (32%)]	Loss: 0.001770
Train Epoch: 19 [25536/60000 (43%)]	Loss: 0.003766
Train Epoch: 19 [31936/60000 (53%)]	Loss: 0.001084
Train Epoch: 19 [38336/60000 (64%)]	Loss: 0.002209
Train Epoch: 19 [44736/60000 (75%)]	Loss: 0.000756
Train Epoch: 19 [51136/60000 (85%)]	Loss: 0.001047
Train Epoch: 19 [57536/60000 (96%)]	Loss: 0.000324

Test set: Average loss: 0.0507, Accuracy: 9858/10000 (99%)

Namespace(batch_size=64, bias=None, data='../data', device=1, epochs=19, hidden_size=500, load_weights=None, log_interval=100, lr=0.1, model='widefc4', momentum=0.9, no_cuda=False, r=5, save_model=None, save_results=True, seed=1, sparsity=0.9, use_relu=False, wd=0.0005)


Total time spent pruning/training: 3.37 minutes
Total number of parameters in model: 4496508
Number of parameters in pruned model: 449650
