Namespace(batch_size=64, bias=None, data='../data', device=1, epochs=7, hidden_size=500, load_weights=None, log_interval=100, lr=0.1, model='widefc4', momentum=0.9, no_cuda=False, r=5, save_model=None, save_results=True, seed=1, sparsity=0.25, use_relu=False, wd=0.0005) 

Pruning a Wide Four-Layer Fully Connected network ...
Train Epoch: 1 [6336/60000 (11%)]	Loss: 0.461404
Train Epoch: 1 [12736/60000 (21%)]	Loss: 0.123093
Train Epoch: 1 [19136/60000 (32%)]	Loss: 0.326143
Train Epoch: 1 [25536/60000 (43%)]	Loss: 0.204477
Train Epoch: 1 [31936/60000 (53%)]	Loss: 0.206936
Train Epoch: 1 [38336/60000 (64%)]	Loss: 0.306526
Train Epoch: 1 [44736/60000 (75%)]	Loss: 0.060526
Train Epoch: 1 [51136/60000 (85%)]	Loss: 0.103412
Train Epoch: 1 [57536/60000 (96%)]	Loss: 0.100417

Test set: Average loss: 0.1134, Accuracy: 9652/10000 (97%)

Train Epoch: 2 [6336/60000 (11%)]	Loss: 0.049154
Train Epoch: 2 [12736/60000 (21%)]	Loss: 0.106853
Train Epoch: 2 [19136/60000 (32%)]	Loss: 0.096819
Train Epoch: 2 [25536/60000 (43%)]	Loss: 0.086597
Train Epoch: 2 [31936/60000 (53%)]	Loss: 0.145740
Train Epoch: 2 [38336/60000 (64%)]	Loss: 0.142095
Train Epoch: 2 [44736/60000 (75%)]	Loss: 0.245873
Train Epoch: 2 [51136/60000 (85%)]	Loss: 0.087714
Train Epoch: 2 [57536/60000 (96%)]	Loss: 0.027834

Test set: Average loss: 0.0955, Accuracy: 9692/10000 (97%)

Train Epoch: 3 [6336/60000 (11%)]	Loss: 0.062900
Train Epoch: 3 [12736/60000 (21%)]	Loss: 0.042093
Train Epoch: 3 [19136/60000 (32%)]	Loss: 0.159902
Train Epoch: 3 [25536/60000 (43%)]	Loss: 0.043964
Train Epoch: 3 [31936/60000 (53%)]	Loss: 0.084845
Train Epoch: 3 [38336/60000 (64%)]	Loss: 0.042648
Train Epoch: 3 [44736/60000 (75%)]	Loss: 0.026700
Train Epoch: 3 [51136/60000 (85%)]	Loss: 0.021741
Train Epoch: 3 [57536/60000 (96%)]	Loss: 0.038386

Test set: Average loss: 0.0889, Accuracy: 9713/10000 (97%)

Train Epoch: 4 [6336/60000 (11%)]	Loss: 0.039244
Train Epoch: 4 [12736/60000 (21%)]	Loss: 0.017220
Train Epoch: 4 [19136/60000 (32%)]	Loss: 0.013377
Train Epoch: 4 [25536/60000 (43%)]	Loss: 0.086190
Train Epoch: 4 [31936/60000 (53%)]	Loss: 0.062051
Train Epoch: 4 [38336/60000 (64%)]	Loss: 0.107212
Train Epoch: 4 [44736/60000 (75%)]	Loss: 0.032675
Train Epoch: 4 [51136/60000 (85%)]	Loss: 0.050479
Train Epoch: 4 [57536/60000 (96%)]	Loss: 0.058706

Test set: Average loss: 0.0919, Accuracy: 9709/10000 (97%)

Train Epoch: 5 [6336/60000 (11%)]	Loss: 0.029970
Train Epoch: 5 [12736/60000 (21%)]	Loss: 0.007188
Train Epoch: 5 [19136/60000 (32%)]	Loss: 0.009190
Train Epoch: 5 [25536/60000 (43%)]	Loss: 0.021767
Train Epoch: 5 [31936/60000 (53%)]	Loss: 0.021168
Train Epoch: 5 [38336/60000 (64%)]	Loss: 0.006335
Train Epoch: 5 [44736/60000 (75%)]	Loss: 0.065959
Train Epoch: 5 [51136/60000 (85%)]	Loss: 0.054492
Train Epoch: 5 [57536/60000 (96%)]	Loss: 0.092358

Test set: Average loss: 0.0727, Accuracy: 9771/10000 (98%)

Train Epoch: 6 [6336/60000 (11%)]	Loss: 0.007880
Train Epoch: 6 [12736/60000 (21%)]	Loss: 0.003026
Train Epoch: 6 [19136/60000 (32%)]	Loss: 0.014435
Train Epoch: 6 [25536/60000 (43%)]	Loss: 0.005911
Train Epoch: 6 [31936/60000 (53%)]	Loss: 0.010906
Train Epoch: 6 [38336/60000 (64%)]	Loss: 0.006349
Train Epoch: 6 [44736/60000 (75%)]	Loss: 0.015987
Train Epoch: 6 [51136/60000 (85%)]	Loss: 0.019396
Train Epoch: 6 [57536/60000 (96%)]	Loss: 0.005519

Test set: Average loss: 0.0573, Accuracy: 9813/10000 (98%)

Train Epoch: 7 [6336/60000 (11%)]	Loss: 0.005384
Train Epoch: 7 [12736/60000 (21%)]	Loss: 0.003447
Train Epoch: 7 [19136/60000 (32%)]	Loss: 0.009962
Train Epoch: 7 [25536/60000 (43%)]	Loss: 0.011183
Train Epoch: 7 [31936/60000 (53%)]	Loss: 0.004489
Train Epoch: 7 [38336/60000 (64%)]	Loss: 0.003227
Train Epoch: 7 [44736/60000 (75%)]	Loss: 0.003754
Train Epoch: 7 [51136/60000 (85%)]	Loss: 0.021328
Train Epoch: 7 [57536/60000 (96%)]	Loss: 0.014079

Test set: Average loss: 0.0542, Accuracy: 9829/10000 (98%)

Namespace(batch_size=64, bias=None, data='../data', device=1, epochs=7, hidden_size=500, load_weights=None, log_interval=100, lr=0.1, model='widefc4', momentum=0.9, no_cuda=False, r=5, save_model=None, save_results=True, seed=1, sparsity=0.25, use_relu=False, wd=0.0005)


Total time spent pruning/training: 1.25 minutes
Total number of parameters in model: 4496508
Number of parameters in pruned model: 3372381
