Namespace(batch_size=64, bias=None, data='../data', device=1, epochs=12, hidden_size=500, load_weights=None, log_interval=100, lr=0.1, model='widefc4', momentum=0.9, no_cuda=False, r=5, save_model=None, save_results=True, seed=1, sparsity=0.95, use_relu=False, wd=0.0005) 

Pruning a Wide Four-Layer Fully Connected network ...
Train Epoch: 1 [6336/60000 (11%)]	Loss: 2.280207
Train Epoch: 1 [12736/60000 (21%)]	Loss: 1.997092
Train Epoch: 1 [19136/60000 (32%)]	Loss: 0.998023
Train Epoch: 1 [25536/60000 (43%)]	Loss: 0.755065
Train Epoch: 1 [31936/60000 (53%)]	Loss: 0.679650
Train Epoch: 1 [38336/60000 (64%)]	Loss: 0.479752
Train Epoch: 1 [44736/60000 (75%)]	Loss: 0.331175
Train Epoch: 1 [51136/60000 (85%)]	Loss: 0.300283
Train Epoch: 1 [57536/60000 (96%)]	Loss: 0.349072

Test set: Average loss: 0.3150, Accuracy: 9089/10000 (91%)

Train Epoch: 2 [6336/60000 (11%)]	Loss: 0.190757
Train Epoch: 2 [12736/60000 (21%)]	Loss: 0.403430
Train Epoch: 2 [19136/60000 (32%)]	Loss: 0.307763
Train Epoch: 2 [25536/60000 (43%)]	Loss: 0.298486
Train Epoch: 2 [31936/60000 (53%)]	Loss: 0.389628
Train Epoch: 2 [38336/60000 (64%)]	Loss: 0.239841
Train Epoch: 2 [44736/60000 (75%)]	Loss: 0.352119
Train Epoch: 2 [51136/60000 (85%)]	Loss: 0.237678
Train Epoch: 2 [57536/60000 (96%)]	Loss: 0.179736

Test set: Average loss: 0.2046, Accuracy: 9391/10000 (94%)

Train Epoch: 3 [6336/60000 (11%)]	Loss: 0.239165
Train Epoch: 3 [12736/60000 (21%)]	Loss: 0.170113
Train Epoch: 3 [19136/60000 (32%)]	Loss: 0.243960
Train Epoch: 3 [25536/60000 (43%)]	Loss: 0.198523
Train Epoch: 3 [31936/60000 (53%)]	Loss: 0.124142
Train Epoch: 3 [38336/60000 (64%)]	Loss: 0.090360
Train Epoch: 3 [44736/60000 (75%)]	Loss: 0.096793
Train Epoch: 3 [51136/60000 (85%)]	Loss: 0.077253
Train Epoch: 3 [57536/60000 (96%)]	Loss: 0.122564

Test set: Average loss: 0.1431, Accuracy: 9578/10000 (96%)

Train Epoch: 4 [6336/60000 (11%)]	Loss: 0.110584
Train Epoch: 4 [12736/60000 (21%)]	Loss: 0.107008
Train Epoch: 4 [19136/60000 (32%)]	Loss: 0.079526
Train Epoch: 4 [25536/60000 (43%)]	Loss: 0.102407
Train Epoch: 4 [31936/60000 (53%)]	Loss: 0.068260
Train Epoch: 4 [38336/60000 (64%)]	Loss: 0.125457
Train Epoch: 4 [44736/60000 (75%)]	Loss: 0.178794
Train Epoch: 4 [51136/60000 (85%)]	Loss: 0.168868
Train Epoch: 4 [57536/60000 (96%)]	Loss: 0.080638

Test set: Average loss: 0.1211, Accuracy: 9655/10000 (97%)

Train Epoch: 5 [6336/60000 (11%)]	Loss: 0.132518
Train Epoch: 5 [12736/60000 (21%)]	Loss: 0.059882
Train Epoch: 5 [19136/60000 (32%)]	Loss: 0.047750
Train Epoch: 5 [25536/60000 (43%)]	Loss: 0.151299
Train Epoch: 5 [31936/60000 (53%)]	Loss: 0.067433
Train Epoch: 5 [38336/60000 (64%)]	Loss: 0.045938
Train Epoch: 5 [44736/60000 (75%)]	Loss: 0.174886
Train Epoch: 5 [51136/60000 (85%)]	Loss: 0.149084
Train Epoch: 5 [57536/60000 (96%)]	Loss: 0.292096

Test set: Average loss: 0.0989, Accuracy: 9702/10000 (97%)

Train Epoch: 6 [6336/60000 (11%)]	Loss: 0.055121
Train Epoch: 6 [12736/60000 (21%)]	Loss: 0.060165
Train Epoch: 6 [19136/60000 (32%)]	Loss: 0.115355
Train Epoch: 6 [25536/60000 (43%)]	Loss: 0.042991
Train Epoch: 6 [31936/60000 (53%)]	Loss: 0.094313
Train Epoch: 6 [38336/60000 (64%)]	Loss: 0.048375
Train Epoch: 6 [44736/60000 (75%)]	Loss: 0.101350
Train Epoch: 6 [51136/60000 (85%)]	Loss: 0.137330
Train Epoch: 6 [57536/60000 (96%)]	Loss: 0.082252

Test set: Average loss: 0.0902, Accuracy: 9736/10000 (97%)

Train Epoch: 7 [6336/60000 (11%)]	Loss: 0.058378
Train Epoch: 7 [12736/60000 (21%)]	Loss: 0.080949
Train Epoch: 7 [19136/60000 (32%)]	Loss: 0.067562
Train Epoch: 7 [25536/60000 (43%)]	Loss: 0.059957
Train Epoch: 7 [31936/60000 (53%)]	Loss: 0.033619
Train Epoch: 7 [38336/60000 (64%)]	Loss: 0.070372
Train Epoch: 7 [44736/60000 (75%)]	Loss: 0.044285
Train Epoch: 7 [51136/60000 (85%)]	Loss: 0.144183
Train Epoch: 7 [57536/60000 (96%)]	Loss: 0.082776

Test set: Average loss: 0.0908, Accuracy: 9708/10000 (97%)

Train Epoch: 8 [6336/60000 (11%)]	Loss: 0.048967
Train Epoch: 8 [12736/60000 (21%)]	Loss: 0.046369
Train Epoch: 8 [19136/60000 (32%)]	Loss: 0.091859
Train Epoch: 8 [25536/60000 (43%)]	Loss: 0.056770
Train Epoch: 8 [31936/60000 (53%)]	Loss: 0.074295
Train Epoch: 8 [38336/60000 (64%)]	Loss: 0.054873
Train Epoch: 8 [44736/60000 (75%)]	Loss: 0.043347
Train Epoch: 8 [51136/60000 (85%)]	Loss: 0.070361
Train Epoch: 8 [57536/60000 (96%)]	Loss: 0.106442

Test set: Average loss: 0.0741, Accuracy: 9772/10000 (98%)

Train Epoch: 9 [6336/60000 (11%)]	Loss: 0.033912
Train Epoch: 9 [12736/60000 (21%)]	Loss: 0.010363
Train Epoch: 9 [19136/60000 (32%)]	Loss: 0.029785
Train Epoch: 9 [25536/60000 (43%)]	Loss: 0.063356
Train Epoch: 9 [31936/60000 (53%)]	Loss: 0.089235
Train Epoch: 9 [38336/60000 (64%)]	Loss: 0.022428
Train Epoch: 9 [44736/60000 (75%)]	Loss: 0.015825
Train Epoch: 9 [51136/60000 (85%)]	Loss: 0.094599
Train Epoch: 9 [57536/60000 (96%)]	Loss: 0.052900

Test set: Average loss: 0.0663, Accuracy: 9807/10000 (98%)

Train Epoch: 10 [6336/60000 (11%)]	Loss: 0.014874
Train Epoch: 10 [12736/60000 (21%)]	Loss: 0.063768
Train Epoch: 10 [19136/60000 (32%)]	Loss: 0.016055
Train Epoch: 10 [25536/60000 (43%)]	Loss: 0.049156
Train Epoch: 10 [31936/60000 (53%)]	Loss: 0.155870
Train Epoch: 10 [38336/60000 (64%)]	Loss: 0.033954
Train Epoch: 10 [44736/60000 (75%)]	Loss: 0.019111
Train Epoch: 10 [51136/60000 (85%)]	Loss: 0.048939
Train Epoch: 10 [57536/60000 (96%)]	Loss: 0.052436

Test set: Average loss: 0.0702, Accuracy: 9783/10000 (98%)

Train Epoch: 11 [6336/60000 (11%)]	Loss: 0.011268
Train Epoch: 11 [12736/60000 (21%)]	Loss: 0.034265
Train Epoch: 11 [19136/60000 (32%)]	Loss: 0.019289
Train Epoch: 11 [25536/60000 (43%)]	Loss: 0.014033
Train Epoch: 11 [31936/60000 (53%)]	Loss: 0.037440
Train Epoch: 11 [38336/60000 (64%)]	Loss: 0.020841
Train Epoch: 11 [44736/60000 (75%)]	Loss: 0.025836
Train Epoch: 11 [51136/60000 (85%)]	Loss: 0.008577
Train Epoch: 11 [57536/60000 (96%)]	Loss: 0.021386

Test set: Average loss: 0.0657, Accuracy: 9794/10000 (98%)

Train Epoch: 12 [6336/60000 (11%)]	Loss: 0.032102
Train Epoch: 12 [12736/60000 (21%)]	Loss: 0.041561
Train Epoch: 12 [19136/60000 (32%)]	Loss: 0.016891
Train Epoch: 12 [25536/60000 (43%)]	Loss: 0.004611
Train Epoch: 12 [31936/60000 (53%)]	Loss: 0.025417
Train Epoch: 12 [38336/60000 (64%)]	Loss: 0.047400
Train Epoch: 12 [44736/60000 (75%)]	Loss: 0.028091
Train Epoch: 12 [51136/60000 (85%)]	Loss: 0.031562
Train Epoch: 12 [57536/60000 (96%)]	Loss: 0.022925

Test set: Average loss: 0.0620, Accuracy: 9810/10000 (98%)

Namespace(batch_size=64, bias=None, data='../data', device=1, epochs=12, hidden_size=500, load_weights=None, log_interval=100, lr=0.1, model='widefc4', momentum=0.9, no_cuda=False, r=5, save_model=None, save_results=True, seed=1, sparsity=0.95, use_relu=False, wd=0.0005)


Total time spent pruning/training: 2.13 minutes
Total number of parameters in model: 4496508
Number of parameters in pruned model: 224825
