Namespace(batch_size=64, bias=None, data='../data', device=1, epochs=3, hidden_size=500, load_weights=None, log_interval=100, lr=0.1, model='widefc4', momentum=0.9, no_cuda=False, r=5, save_model=None, save_results=True, seed=1, sparsity=0.95, use_relu=False, wd=0.0005) 

Pruning a Wide Four-Layer Fully Connected network ...
Train Epoch: 1 [6336/60000 (11%)]	Loss: 2.280207
Train Epoch: 1 [12736/60000 (21%)]	Loss: 1.997092
Train Epoch: 1 [19136/60000 (32%)]	Loss: 0.998023
Train Epoch: 1 [25536/60000 (43%)]	Loss: 0.755065
Train Epoch: 1 [31936/60000 (53%)]	Loss: 0.679650
Train Epoch: 1 [38336/60000 (64%)]	Loss: 0.479752
Train Epoch: 1 [44736/60000 (75%)]	Loss: 0.331175
Train Epoch: 1 [51136/60000 (85%)]	Loss: 0.300283
Train Epoch: 1 [57536/60000 (96%)]	Loss: 0.349072

Test set: Average loss: 0.3150, Accuracy: 9089/10000 (91%)

Train Epoch: 2 [6336/60000 (11%)]	Loss: 0.199559
Train Epoch: 2 [12736/60000 (21%)]	Loss: 0.407152
Train Epoch: 2 [19136/60000 (32%)]	Loss: 0.312302
Train Epoch: 2 [25536/60000 (43%)]	Loss: 0.307152
Train Epoch: 2 [31936/60000 (53%)]	Loss: 0.413942
Train Epoch: 2 [38336/60000 (64%)]	Loss: 0.256017
Train Epoch: 2 [44736/60000 (75%)]	Loss: 0.393093
Train Epoch: 2 [51136/60000 (85%)]	Loss: 0.264933
Train Epoch: 2 [57536/60000 (96%)]	Loss: 0.212144

Test set: Average loss: 0.2183, Accuracy: 9365/10000 (94%)

Train Epoch: 3 [6336/60000 (11%)]	Loss: 0.259343
Train Epoch: 3 [12736/60000 (21%)]	Loss: 0.202202
Train Epoch: 3 [19136/60000 (32%)]	Loss: 0.258841
Train Epoch: 3 [25536/60000 (43%)]	Loss: 0.227634
Train Epoch: 3 [31936/60000 (53%)]	Loss: 0.189214
Train Epoch: 3 [38336/60000 (64%)]	Loss: 0.142299
Train Epoch: 3 [44736/60000 (75%)]	Loss: 0.107830
Train Epoch: 3 [51136/60000 (85%)]	Loss: 0.112888
Train Epoch: 3 [57536/60000 (96%)]	Loss: 0.164842

Test set: Average loss: 0.1825, Accuracy: 9472/10000 (95%)

Namespace(batch_size=64, bias=None, data='../data', device=1, epochs=3, hidden_size=500, load_weights=None, log_interval=100, lr=0.1, model='widefc4', momentum=0.9, no_cuda=False, r=5, save_model=None, save_results=True, seed=1, sparsity=0.95, use_relu=False, wd=0.0005)


Total time spent pruning/training: 0.53 minutes
Total number of parameters in model: 4496508
Number of parameters in pruned model: 224825
