Namespace(batch_size=64, bias=None, data='../data', device=1, epochs=13, hidden_size=500, load_weights=None, log_interval=100, lr=0.1, model='widefc4', momentum=0.9, no_cuda=False, r=5, save_model=None, save_results=True, seed=1, sparsity=0.1, use_relu=False, wd=0.0005) 

Pruning a Wide Four-Layer Fully Connected network ...
Train Epoch: 1 [6336/60000 (11%)]	Loss: 0.394193
Train Epoch: 1 [12736/60000 (21%)]	Loss: 0.104627
Train Epoch: 1 [19136/60000 (32%)]	Loss: 0.351914
Train Epoch: 1 [25536/60000 (43%)]	Loss: 0.167223
Train Epoch: 1 [31936/60000 (53%)]	Loss: 0.212197
Train Epoch: 1 [38336/60000 (64%)]	Loss: 0.305658
Train Epoch: 1 [44736/60000 (75%)]	Loss: 0.063929
Train Epoch: 1 [51136/60000 (85%)]	Loss: 0.110521
Train Epoch: 1 [57536/60000 (96%)]	Loss: 0.073956

Test set: Average loss: 0.1394, Accuracy: 9546/10000 (95%)

Train Epoch: 2 [6336/60000 (11%)]	Loss: 0.054697
Train Epoch: 2 [12736/60000 (21%)]	Loss: 0.093356
Train Epoch: 2 [19136/60000 (32%)]	Loss: 0.123605
Train Epoch: 2 [25536/60000 (43%)]	Loss: 0.110700
Train Epoch: 2 [31936/60000 (53%)]	Loss: 0.185366
Train Epoch: 2 [38336/60000 (64%)]	Loss: 0.092112
Train Epoch: 2 [44736/60000 (75%)]	Loss: 0.244587
Train Epoch: 2 [51136/60000 (85%)]	Loss: 0.123777
Train Epoch: 2 [57536/60000 (96%)]	Loss: 0.032845

Test set: Average loss: 0.1221, Accuracy: 9613/10000 (96%)

Train Epoch: 3 [6336/60000 (11%)]	Loss: 0.087862
Train Epoch: 3 [12736/60000 (21%)]	Loss: 0.052182
Train Epoch: 3 [19136/60000 (32%)]	Loss: 0.151213
Train Epoch: 3 [25536/60000 (43%)]	Loss: 0.056835
Train Epoch: 3 [31936/60000 (53%)]	Loss: 0.078189
Train Epoch: 3 [38336/60000 (64%)]	Loss: 0.041366
Train Epoch: 3 [44736/60000 (75%)]	Loss: 0.023235
Train Epoch: 3 [51136/60000 (85%)]	Loss: 0.084994
Train Epoch: 3 [57536/60000 (96%)]	Loss: 0.070094

Test set: Average loss: 0.1152, Accuracy: 9639/10000 (96%)

Train Epoch: 4 [6336/60000 (11%)]	Loss: 0.045041
Train Epoch: 4 [12736/60000 (21%)]	Loss: 0.087023
Train Epoch: 4 [19136/60000 (32%)]	Loss: 0.050082
Train Epoch: 4 [25536/60000 (43%)]	Loss: 0.163852
Train Epoch: 4 [31936/60000 (53%)]	Loss: 0.105298
Train Epoch: 4 [38336/60000 (64%)]	Loss: 0.090217
Train Epoch: 4 [44736/60000 (75%)]	Loss: 0.143002
Train Epoch: 4 [51136/60000 (85%)]	Loss: 0.162522
Train Epoch: 4 [57536/60000 (96%)]	Loss: 0.107902

Test set: Average loss: 0.1629, Accuracy: 9467/10000 (95%)

Train Epoch: 5 [6336/60000 (11%)]	Loss: 0.140715
Train Epoch: 5 [12736/60000 (21%)]	Loss: 0.129207
Train Epoch: 5 [19136/60000 (32%)]	Loss: 0.065579
Train Epoch: 5 [25536/60000 (43%)]	Loss: 0.120060
Train Epoch: 5 [31936/60000 (53%)]	Loss: 0.066893
Train Epoch: 5 [38336/60000 (64%)]	Loss: 0.050527
Train Epoch: 5 [44736/60000 (75%)]	Loss: 0.197563
Train Epoch: 5 [51136/60000 (85%)]	Loss: 0.166013
Train Epoch: 5 [57536/60000 (96%)]	Loss: 0.445990

Test set: Average loss: 0.1447, Accuracy: 9552/10000 (96%)

Train Epoch: 6 [6336/60000 (11%)]	Loss: 0.077174
Train Epoch: 6 [12736/60000 (21%)]	Loss: 0.067205
Train Epoch: 6 [19136/60000 (32%)]	Loss: 0.133429
Train Epoch: 6 [25536/60000 (43%)]	Loss: 0.167430
Train Epoch: 6 [31936/60000 (53%)]	Loss: 0.101603
Train Epoch: 6 [38336/60000 (64%)]	Loss: 0.090787
Train Epoch: 6 [44736/60000 (75%)]	Loss: 0.173652
Train Epoch: 6 [51136/60000 (85%)]	Loss: 0.133797
Train Epoch: 6 [57536/60000 (96%)]	Loss: 0.168678

Test set: Average loss: 0.1429, Accuracy: 9566/10000 (96%)

Train Epoch: 7 [6336/60000 (11%)]	Loss: 0.119674
Train Epoch: 7 [12736/60000 (21%)]	Loss: 0.086283
Train Epoch: 7 [19136/60000 (32%)]	Loss: 0.164324
Train Epoch: 7 [25536/60000 (43%)]	Loss: 0.071875
Train Epoch: 7 [31936/60000 (53%)]	Loss: 0.155466
Train Epoch: 7 [38336/60000 (64%)]	Loss: 0.138050
Train Epoch: 7 [44736/60000 (75%)]	Loss: 0.129829
Train Epoch: 7 [51136/60000 (85%)]	Loss: 0.182072
Train Epoch: 7 [57536/60000 (96%)]	Loss: 0.167452

Test set: Average loss: 0.1748, Accuracy: 9464/10000 (95%)

Train Epoch: 8 [6336/60000 (11%)]	Loss: 0.178023
Train Epoch: 8 [12736/60000 (21%)]	Loss: 0.142410
Train Epoch: 8 [19136/60000 (32%)]	Loss: 0.193747
Train Epoch: 8 [25536/60000 (43%)]	Loss: 0.196618
Train Epoch: 8 [31936/60000 (53%)]	Loss: 0.190402
Train Epoch: 8 [38336/60000 (64%)]	Loss: 0.189283
Train Epoch: 8 [44736/60000 (75%)]	Loss: 0.029411
Train Epoch: 8 [51136/60000 (85%)]	Loss: 0.185235
Train Epoch: 8 [57536/60000 (96%)]	Loss: 0.214128

Test set: Average loss: 0.2052, Accuracy: 9332/10000 (93%)

Train Epoch: 9 [6336/60000 (11%)]	Loss: 0.074738
Train Epoch: 9 [12736/60000 (21%)]	Loss: 0.082312
Train Epoch: 9 [19136/60000 (32%)]	Loss: 0.185643
Train Epoch: 9 [25536/60000 (43%)]	Loss: 0.185749
Train Epoch: 9 [31936/60000 (53%)]	Loss: 0.198919
Train Epoch: 9 [38336/60000 (64%)]	Loss: 0.142117
Train Epoch: 9 [44736/60000 (75%)]	Loss: 0.070923
Train Epoch: 9 [51136/60000 (85%)]	Loss: 0.108676
Train Epoch: 9 [57536/60000 (96%)]	Loss: 0.176805

Test set: Average loss: 0.1383, Accuracy: 9590/10000 (96%)

Train Epoch: 10 [6336/60000 (11%)]	Loss: 0.065310
Train Epoch: 10 [12736/60000 (21%)]	Loss: 0.149621
Train Epoch: 10 [19136/60000 (32%)]	Loss: 0.127500
Train Epoch: 10 [25536/60000 (43%)]	Loss: 0.086336
Train Epoch: 10 [31936/60000 (53%)]	Loss: 0.221619
Train Epoch: 10 [38336/60000 (64%)]	Loss: 0.085712
Train Epoch: 10 [44736/60000 (75%)]	Loss: 0.040476
Train Epoch: 10 [51136/60000 (85%)]	Loss: 0.085914
Train Epoch: 10 [57536/60000 (96%)]	Loss: 0.214612

Test set: Average loss: 0.1553, Accuracy: 9491/10000 (95%)

Train Epoch: 11 [6336/60000 (11%)]	Loss: 0.021637
Train Epoch: 11 [12736/60000 (21%)]	Loss: 0.103430
Train Epoch: 11 [19136/60000 (32%)]	Loss: 0.071342
Train Epoch: 11 [25536/60000 (43%)]	Loss: 0.014811
Train Epoch: 11 [31936/60000 (53%)]	Loss: 0.168885
Train Epoch: 11 [38336/60000 (64%)]	Loss: 0.073520
Train Epoch: 11 [44736/60000 (75%)]	Loss: 0.169294
Train Epoch: 11 [51136/60000 (85%)]	Loss: 0.115906
Train Epoch: 11 [57536/60000 (96%)]	Loss: 0.036613

Test set: Average loss: 0.1397, Accuracy: 9530/10000 (95%)

Train Epoch: 12 [6336/60000 (11%)]	Loss: 0.087353
Train Epoch: 12 [12736/60000 (21%)]	Loss: 0.029962
Train Epoch: 12 [19136/60000 (32%)]	Loss: 0.030586
Train Epoch: 12 [25536/60000 (43%)]	Loss: 0.002932
Train Epoch: 12 [31936/60000 (53%)]	Loss: 0.009257
Train Epoch: 12 [38336/60000 (64%)]	Loss: 0.079782
Train Epoch: 12 [44736/60000 (75%)]	Loss: 0.070274
Train Epoch: 12 [51136/60000 (85%)]	Loss: 0.038456
Train Epoch: 12 [57536/60000 (96%)]	Loss: 0.029803

Test set: Average loss: 0.0718, Accuracy: 9779/10000 (98%)

Train Epoch: 13 [6336/60000 (11%)]	Loss: 0.010402
Train Epoch: 13 [12736/60000 (21%)]	Loss: 0.005193
Train Epoch: 13 [19136/60000 (32%)]	Loss: 0.019961
Train Epoch: 13 [25536/60000 (43%)]	Loss: 0.019504
Train Epoch: 13 [31936/60000 (53%)]	Loss: 0.035218
Train Epoch: 13 [38336/60000 (64%)]	Loss: 0.013444
Train Epoch: 13 [44736/60000 (75%)]	Loss: 0.001542
Train Epoch: 13 [51136/60000 (85%)]	Loss: 0.025399
Train Epoch: 13 [57536/60000 (96%)]	Loss: 0.008074

Test set: Average loss: 0.0520, Accuracy: 9843/10000 (98%)

Namespace(batch_size=64, bias=None, data='../data', device=1, epochs=13, hidden_size=500, load_weights=None, log_interval=100, lr=0.1, model='widefc4', momentum=0.9, no_cuda=False, r=5, save_model=None, save_results=True, seed=1, sparsity=0.1, use_relu=False, wd=0.0005)


Total time spent pruning/training: 2.33 minutes
Total number of parameters in model: 4496508
Number of parameters in pruned model: 4046857
