Namespace(batch_size=64, bias=None, data='../data', device=1, epochs=9, hidden_size=500, load_weights=None, log_interval=100, lr=0.1, model='widefc4', momentum=0.9, no_cuda=False, r=5, save_model=None, save_results=True, seed=1, sparsity=0.95, use_relu=False, wd=0.0005) 

Pruning a Wide Four-Layer Fully Connected network ...
Train Epoch: 1 [6336/60000 (11%)]	Loss: 2.280207
Train Epoch: 1 [12736/60000 (21%)]	Loss: 1.997092
Train Epoch: 1 [19136/60000 (32%)]	Loss: 0.998023
Train Epoch: 1 [25536/60000 (43%)]	Loss: 0.755065
Train Epoch: 1 [31936/60000 (53%)]	Loss: 0.679650
Train Epoch: 1 [38336/60000 (64%)]	Loss: 0.479752
Train Epoch: 1 [44736/60000 (75%)]	Loss: 0.331175
Train Epoch: 1 [51136/60000 (85%)]	Loss: 0.300283
Train Epoch: 1 [57536/60000 (96%)]	Loss: 0.349072

Test set: Average loss: 0.3150, Accuracy: 9089/10000 (91%)

Train Epoch: 2 [6336/60000 (11%)]	Loss: 0.194310
Train Epoch: 2 [12736/60000 (21%)]	Loss: 0.401259
Train Epoch: 2 [19136/60000 (32%)]	Loss: 0.316910
Train Epoch: 2 [25536/60000 (43%)]	Loss: 0.294838
Train Epoch: 2 [31936/60000 (53%)]	Loss: 0.403790
Train Epoch: 2 [38336/60000 (64%)]	Loss: 0.246910
Train Epoch: 2 [44736/60000 (75%)]	Loss: 0.355451
Train Epoch: 2 [51136/60000 (85%)]	Loss: 0.244660
Train Epoch: 2 [57536/60000 (96%)]	Loss: 0.178947

Test set: Average loss: 0.2047, Accuracy: 9399/10000 (94%)

Train Epoch: 3 [6336/60000 (11%)]	Loss: 0.251435
Train Epoch: 3 [12736/60000 (21%)]	Loss: 0.164606
Train Epoch: 3 [19136/60000 (32%)]	Loss: 0.238924
Train Epoch: 3 [25536/60000 (43%)]	Loss: 0.197706
Train Epoch: 3 [31936/60000 (53%)]	Loss: 0.127073
Train Epoch: 3 [38336/60000 (64%)]	Loss: 0.093555
Train Epoch: 3 [44736/60000 (75%)]	Loss: 0.091170
Train Epoch: 3 [51136/60000 (85%)]	Loss: 0.081662
Train Epoch: 3 [57536/60000 (96%)]	Loss: 0.134686

Test set: Average loss: 0.1441, Accuracy: 9573/10000 (96%)

Train Epoch: 4 [6336/60000 (11%)]	Loss: 0.112125
Train Epoch: 4 [12736/60000 (21%)]	Loss: 0.120079
Train Epoch: 4 [19136/60000 (32%)]	Loss: 0.089326
Train Epoch: 4 [25536/60000 (43%)]	Loss: 0.115428
Train Epoch: 4 [31936/60000 (53%)]	Loss: 0.076636
Train Epoch: 4 [38336/60000 (64%)]	Loss: 0.136111
Train Epoch: 4 [44736/60000 (75%)]	Loss: 0.166480
Train Epoch: 4 [51136/60000 (85%)]	Loss: 0.190516
Train Epoch: 4 [57536/60000 (96%)]	Loss: 0.066312

Test set: Average loss: 0.1176, Accuracy: 9671/10000 (97%)

Train Epoch: 5 [6336/60000 (11%)]	Loss: 0.113603
Train Epoch: 5 [12736/60000 (21%)]	Loss: 0.052286
Train Epoch: 5 [19136/60000 (32%)]	Loss: 0.054377
Train Epoch: 5 [25536/60000 (43%)]	Loss: 0.128047
Train Epoch: 5 [31936/60000 (53%)]	Loss: 0.063440
Train Epoch: 5 [38336/60000 (64%)]	Loss: 0.043439
Train Epoch: 5 [44736/60000 (75%)]	Loss: 0.170469
Train Epoch: 5 [51136/60000 (85%)]	Loss: 0.140307
Train Epoch: 5 [57536/60000 (96%)]	Loss: 0.266149

Test set: Average loss: 0.1064, Accuracy: 9676/10000 (97%)

Train Epoch: 6 [6336/60000 (11%)]	Loss: 0.052460
Train Epoch: 6 [12736/60000 (21%)]	Loss: 0.040567
Train Epoch: 6 [19136/60000 (32%)]	Loss: 0.123222
Train Epoch: 6 [25536/60000 (43%)]	Loss: 0.042053
Train Epoch: 6 [31936/60000 (53%)]	Loss: 0.090649
Train Epoch: 6 [38336/60000 (64%)]	Loss: 0.058001
Train Epoch: 6 [44736/60000 (75%)]	Loss: 0.116109
Train Epoch: 6 [51136/60000 (85%)]	Loss: 0.129789
Train Epoch: 6 [57536/60000 (96%)]	Loss: 0.104440

Test set: Average loss: 0.0886, Accuracy: 9737/10000 (97%)

Train Epoch: 7 [6336/60000 (11%)]	Loss: 0.059181
Train Epoch: 7 [12736/60000 (21%)]	Loss: 0.076865
Train Epoch: 7 [19136/60000 (32%)]	Loss: 0.081522
Train Epoch: 7 [25536/60000 (43%)]	Loss: 0.064266
Train Epoch: 7 [31936/60000 (53%)]	Loss: 0.032356
Train Epoch: 7 [38336/60000 (64%)]	Loss: 0.055493
Train Epoch: 7 [44736/60000 (75%)]	Loss: 0.050589
Train Epoch: 7 [51136/60000 (85%)]	Loss: 0.146762
Train Epoch: 7 [57536/60000 (96%)]	Loss: 0.091075

Test set: Average loss: 0.0839, Accuracy: 9734/10000 (97%)

Train Epoch: 8 [6336/60000 (11%)]	Loss: 0.050596
Train Epoch: 8 [12736/60000 (21%)]	Loss: 0.041091
Train Epoch: 8 [19136/60000 (32%)]	Loss: 0.100600
Train Epoch: 8 [25536/60000 (43%)]	Loss: 0.063314
Train Epoch: 8 [31936/60000 (53%)]	Loss: 0.081695
Train Epoch: 8 [38336/60000 (64%)]	Loss: 0.044181
Train Epoch: 8 [44736/60000 (75%)]	Loss: 0.036610
Train Epoch: 8 [51136/60000 (85%)]	Loss: 0.077704
Train Epoch: 8 [57536/60000 (96%)]	Loss: 0.122199

Test set: Average loss: 0.0771, Accuracy: 9763/10000 (98%)

Train Epoch: 9 [6336/60000 (11%)]	Loss: 0.025199
Train Epoch: 9 [12736/60000 (21%)]	Loss: 0.015873
Train Epoch: 9 [19136/60000 (32%)]	Loss: 0.036509
Train Epoch: 9 [25536/60000 (43%)]	Loss: 0.045973
Train Epoch: 9 [31936/60000 (53%)]	Loss: 0.106970
Train Epoch: 9 [38336/60000 (64%)]	Loss: 0.024265
Train Epoch: 9 [44736/60000 (75%)]	Loss: 0.018464
Train Epoch: 9 [51136/60000 (85%)]	Loss: 0.075874
Train Epoch: 9 [57536/60000 (96%)]	Loss: 0.042633

Test set: Average loss: 0.0722, Accuracy: 9780/10000 (98%)

Namespace(batch_size=64, bias=None, data='../data', device=1, epochs=9, hidden_size=500, load_weights=None, log_interval=100, lr=0.1, model='widefc4', momentum=0.9, no_cuda=False, r=5, save_model=None, save_results=True, seed=1, sparsity=0.95, use_relu=False, wd=0.0005)


Total time spent pruning/training: 1.60 minutes
Total number of parameters in model: 4496508
Number of parameters in pruned model: 224825
