Namespace(batch_size=64, bias=None, data='../data', device=1, epochs=7, hidden_size=500, load_weights=None, log_interval=100, lr=0.1, model='redfc2', momentum=0.9, no_cuda=False, r=5, save_model=None, save_results=True, seed=1, sparsity=0.9, use_relu=False, wd=0.0005) 

Pruning a Two-Layer Fully Connected Redundant Network ...
Train Epoch: 1 [6336/60000 (11%)]	Loss: 0.889037
Train Epoch: 1 [12736/60000 (21%)]	Loss: 0.605292
Train Epoch: 1 [19136/60000 (32%)]	Loss: 0.632215
Train Epoch: 1 [25536/60000 (43%)]	Loss: 0.495929
Train Epoch: 1 [31936/60000 (53%)]	Loss: 0.509614
Train Epoch: 1 [38336/60000 (64%)]	Loss: 0.406307
Train Epoch: 1 [44736/60000 (75%)]	Loss: 0.391303
Train Epoch: 1 [51136/60000 (85%)]	Loss: 0.353821
Train Epoch: 1 [57536/60000 (96%)]	Loss: 0.299610

Test set: Average loss: 0.3351, Accuracy: 9046/10000 (90%)

Train Epoch: 2 [6336/60000 (11%)]	Loss: 0.303201
Train Epoch: 2 [12736/60000 (21%)]	Loss: 0.382111
Train Epoch: 2 [19136/60000 (32%)]	Loss: 0.252046
Train Epoch: 2 [25536/60000 (43%)]	Loss: 0.391859
Train Epoch: 2 [31936/60000 (53%)]	Loss: 0.299989
Train Epoch: 2 [38336/60000 (64%)]	Loss: 0.302189
Train Epoch: 2 [44736/60000 (75%)]	Loss: 0.261490
Train Epoch: 2 [51136/60000 (85%)]	Loss: 0.350696
Train Epoch: 2 [57536/60000 (96%)]	Loss: 0.318474

Test set: Average loss: 0.2815, Accuracy: 9170/10000 (92%)

Train Epoch: 3 [6336/60000 (11%)]	Loss: 0.176067
Train Epoch: 3 [12736/60000 (21%)]	Loss: 0.173394
Train Epoch: 3 [19136/60000 (32%)]	Loss: 0.343986
Train Epoch: 3 [25536/60000 (43%)]	Loss: 0.321270
Train Epoch: 3 [31936/60000 (53%)]	Loss: 0.472382
Train Epoch: 3 [38336/60000 (64%)]	Loss: 0.294660
Train Epoch: 3 [44736/60000 (75%)]	Loss: 0.274065
Train Epoch: 3 [51136/60000 (85%)]	Loss: 0.261514
Train Epoch: 3 [57536/60000 (96%)]	Loss: 0.472245

Test set: Average loss: 0.2551, Accuracy: 9258/10000 (93%)

Train Epoch: 4 [6336/60000 (11%)]	Loss: 0.183496
Train Epoch: 4 [12736/60000 (21%)]	Loss: 0.439536
Train Epoch: 4 [19136/60000 (32%)]	Loss: 0.263937
Train Epoch: 4 [25536/60000 (43%)]	Loss: 0.199554
Train Epoch: 4 [31936/60000 (53%)]	Loss: 0.434563
Train Epoch: 4 [38336/60000 (64%)]	Loss: 0.280328
Train Epoch: 4 [44736/60000 (75%)]	Loss: 0.243362
Train Epoch: 4 [51136/60000 (85%)]	Loss: 0.193365
Train Epoch: 4 [57536/60000 (96%)]	Loss: 0.297745

Test set: Average loss: 0.2301, Accuracy: 9321/10000 (93%)

Train Epoch: 5 [6336/60000 (11%)]	Loss: 0.253409
Train Epoch: 5 [12736/60000 (21%)]	Loss: 0.294836
Train Epoch: 5 [19136/60000 (32%)]	Loss: 0.183578
Train Epoch: 5 [25536/60000 (43%)]	Loss: 0.315561
Train Epoch: 5 [31936/60000 (53%)]	Loss: 0.147898
Train Epoch: 5 [38336/60000 (64%)]	Loss: 0.264255
Train Epoch: 5 [44736/60000 (75%)]	Loss: 0.141792
Train Epoch: 5 [51136/60000 (85%)]	Loss: 0.274169
Train Epoch: 5 [57536/60000 (96%)]	Loss: 0.153420

Test set: Average loss: 0.2031, Accuracy: 9395/10000 (94%)

Train Epoch: 6 [6336/60000 (11%)]	Loss: 0.195958
Train Epoch: 6 [12736/60000 (21%)]	Loss: 0.136142
Train Epoch: 6 [19136/60000 (32%)]	Loss: 0.209611
Train Epoch: 6 [25536/60000 (43%)]	Loss: 0.102839
Train Epoch: 6 [31936/60000 (53%)]	Loss: 0.121648
Train Epoch: 6 [38336/60000 (64%)]	Loss: 0.185690
Train Epoch: 6 [44736/60000 (75%)]	Loss: 0.178479
Train Epoch: 6 [51136/60000 (85%)]	Loss: 0.173170
Train Epoch: 6 [57536/60000 (96%)]	Loss: 0.273900

Test set: Average loss: 0.1712, Accuracy: 9525/10000 (95%)

Train Epoch: 7 [6336/60000 (11%)]	Loss: 0.135681
Train Epoch: 7 [12736/60000 (21%)]	Loss: 0.090711
Train Epoch: 7 [19136/60000 (32%)]	Loss: 0.143327
Train Epoch: 7 [25536/60000 (43%)]	Loss: 0.157359
Train Epoch: 7 [31936/60000 (53%)]	Loss: 0.103096
Train Epoch: 7 [38336/60000 (64%)]	Loss: 0.108602
Train Epoch: 7 [44736/60000 (75%)]	Loss: 0.171707
Train Epoch: 7 [51136/60000 (85%)]	Loss: 0.221718
Train Epoch: 7 [57536/60000 (96%)]	Loss: 0.110929

Test set: Average loss: 0.1670, Accuracy: 9525/10000 (95%)

Namespace(batch_size=64, bias=None, data='../data', device=1, epochs=7, hidden_size=500, load_weights=None, log_interval=100, lr=0.1, model='redfc2', momentum=0.9, no_cuda=False, r=5, save_model=None, save_results=True, seed=1, sparsity=0.9, use_relu=False, wd=0.0005)


Total time spent pruning/training: 0.76 minutes
Total number of parameters in model: 1991420
Number of parameters in pruned model: 199141
