Namespace(batch_size=64, bias=None, data='../data', device=1, epochs=16, hidden_size=500, load_weights=None, log_interval=100, lr=0.1, model='redfc2', momentum=0.9, no_cuda=False, r=5, save_model=None, save_results=True, seed=1, sparsity=0.025, use_relu=True, wd=0.0005) 

Pruning a Two-Layer Fully Connected Redundant Network ...
Train Epoch: 1 [6336/60000 (11%)]	Loss: 0.551369
Train Epoch: 1 [12736/60000 (21%)]	Loss: 0.987207
Train Epoch: 1 [19136/60000 (32%)]	Loss: 0.831800
Train Epoch: 1 [25536/60000 (43%)]	Loss: 0.670769
Train Epoch: 1 [31936/60000 (53%)]	Loss: 0.599564
Train Epoch: 1 [38336/60000 (64%)]	Loss: 0.678785
Train Epoch: 1 [44736/60000 (75%)]	Loss: 0.786752
Train Epoch: 1 [51136/60000 (85%)]	Loss: 0.504479
Train Epoch: 1 [57536/60000 (96%)]	Loss: 0.486332

Test set: Average loss: 0.7313, Accuracy: 7783/10000 (78%)

Train Epoch: 2 [6336/60000 (11%)]	Loss: 0.425068
Train Epoch: 2 [12736/60000 (21%)]	Loss: 1.112702
Train Epoch: 2 [19136/60000 (32%)]	Loss: 1.035127
Train Epoch: 2 [25536/60000 (43%)]	Loss: 1.908653
Train Epoch: 2 [31936/60000 (53%)]	Loss: 0.953700
Train Epoch: 2 [38336/60000 (64%)]	Loss: 1.119594
Train Epoch: 2 [44736/60000 (75%)]	Loss: 0.901945
Train Epoch: 2 [51136/60000 (85%)]	Loss: 1.760511
Train Epoch: 2 [57536/60000 (96%)]	Loss: 1.247091

Test set: Average loss: 1.4111, Accuracy: 6050/10000 (60%)

Train Epoch: 3 [6336/60000 (11%)]	Loss: 1.843751
Train Epoch: 3 [12736/60000 (21%)]	Loss: 2.663582
Train Epoch: 3 [19136/60000 (32%)]	Loss: 2.245367
Train Epoch: 3 [25536/60000 (43%)]	Loss: 1.808809
Train Epoch: 3 [31936/60000 (53%)]	Loss: 3.087652
Train Epoch: 3 [38336/60000 (64%)]	Loss: 3.020305
Train Epoch: 3 [44736/60000 (75%)]	Loss: 2.744403
Train Epoch: 3 [51136/60000 (85%)]	Loss: 3.387936
Train Epoch: 3 [57536/60000 (96%)]	Loss: 3.087235

Test set: Average loss: 3.4227, Accuracy: 3057/10000 (31%)

Train Epoch: 4 [6336/60000 (11%)]	Loss: 4.348307
Train Epoch: 4 [12736/60000 (21%)]	Loss: 3.317874
Train Epoch: 4 [19136/60000 (32%)]	Loss: 3.918462
Train Epoch: 4 [25536/60000 (43%)]	Loss: 4.308439
Train Epoch: 4 [31936/60000 (53%)]	Loss: 3.885046
Train Epoch: 4 [38336/60000 (64%)]	Loss: 4.519100
Train Epoch: 4 [44736/60000 (75%)]	Loss: 3.941381
Train Epoch: 4 [51136/60000 (85%)]	Loss: 4.101480
Train Epoch: 4 [57536/60000 (96%)]	Loss: 4.619680

Test set: Average loss: 4.9895, Accuracy: 1758/10000 (18%)

Train Epoch: 5 [6336/60000 (11%)]	Loss: 5.045602
Train Epoch: 5 [12736/60000 (21%)]	Loss: 4.702659
Train Epoch: 5 [19136/60000 (32%)]	Loss: 5.702098
Train Epoch: 5 [25536/60000 (43%)]	Loss: 5.578085
Train Epoch: 5 [31936/60000 (53%)]	Loss: 5.189446
Train Epoch: 5 [38336/60000 (64%)]	Loss: 5.446610
Train Epoch: 5 [44736/60000 (75%)]	Loss: 5.506941
Train Epoch: 5 [51136/60000 (85%)]	Loss: 5.621093
Train Epoch: 5 [57536/60000 (96%)]	Loss: 5.340026

Test set: Average loss: 5.4158, Accuracy: 1398/10000 (14%)

Train Epoch: 6 [6336/60000 (11%)]	Loss: 5.164136
Train Epoch: 6 [12736/60000 (21%)]	Loss: 5.776877
Train Epoch: 6 [19136/60000 (32%)]	Loss: 5.291484
Train Epoch: 6 [25536/60000 (43%)]	Loss: 6.157690
Train Epoch: 6 [31936/60000 (53%)]	Loss: 5.741412
Train Epoch: 6 [38336/60000 (64%)]	Loss: 6.257909
Train Epoch: 6 [44736/60000 (75%)]	Loss: 6.649717
Train Epoch: 6 [51136/60000 (85%)]	Loss: 6.593163
Train Epoch: 6 [57536/60000 (96%)]	Loss: 5.949909

Test set: Average loss: 6.2097, Accuracy: 1177/10000 (12%)

Train Epoch: 7 [6336/60000 (11%)]	Loss: 5.805562
Train Epoch: 7 [12736/60000 (21%)]	Loss: 6.313483
Train Epoch: 7 [19136/60000 (32%)]	Loss: 5.896796
Train Epoch: 7 [25536/60000 (43%)]	Loss: 6.214760
Train Epoch: 7 [31936/60000 (53%)]	Loss: 5.869288
Train Epoch: 7 [38336/60000 (64%)]	Loss: 6.500703
Train Epoch: 7 [44736/60000 (75%)]	Loss: 6.303061
Train Epoch: 7 [51136/60000 (85%)]	Loss: 7.294117
Train Epoch: 7 [57536/60000 (96%)]	Loss: 7.227845

Test set: Average loss: 6.3946, Accuracy: 1101/10000 (11%)

Train Epoch: 8 [6336/60000 (11%)]	Loss: 7.156719
Train Epoch: 8 [12736/60000 (21%)]	Loss: 7.200460
Train Epoch: 8 [19136/60000 (32%)]	Loss: 5.563156
Train Epoch: 8 [25536/60000 (43%)]	Loss: 6.706822
Train Epoch: 8 [31936/60000 (53%)]	Loss: 5.872594
Train Epoch: 8 [38336/60000 (64%)]	Loss: 6.165109
Train Epoch: 8 [44736/60000 (75%)]	Loss: 7.170779
Train Epoch: 8 [51136/60000 (85%)]	Loss: 6.384451
Train Epoch: 8 [57536/60000 (96%)]	Loss: 7.074978

Test set: Average loss: 6.5728, Accuracy: 1058/10000 (11%)

Train Epoch: 9 [6336/60000 (11%)]	Loss: 6.257617
Train Epoch: 9 [12736/60000 (21%)]	Loss: 6.184486
Train Epoch: 9 [19136/60000 (32%)]	Loss: 6.617585
Train Epoch: 9 [25536/60000 (43%)]	Loss: 7.347111
Train Epoch: 9 [31936/60000 (53%)]	Loss: 6.150494
Train Epoch: 9 [38336/60000 (64%)]	Loss: 6.945411
Train Epoch: 9 [44736/60000 (75%)]	Loss: 7.404011
Train Epoch: 9 [51136/60000 (85%)]	Loss: 7.262609
Train Epoch: 9 [57536/60000 (96%)]	Loss: 6.986782

Test set: Average loss: 6.8055, Accuracy: 982/10000 (10%)

Train Epoch: 10 [6336/60000 (11%)]	Loss: 6.951418
Train Epoch: 10 [12736/60000 (21%)]	Loss: 6.874800
Train Epoch: 10 [19136/60000 (32%)]	Loss: 6.688219
Train Epoch: 10 [25536/60000 (43%)]	Loss: 7.239441
Train Epoch: 10 [31936/60000 (53%)]	Loss: 6.616700
Train Epoch: 10 [38336/60000 (64%)]	Loss: 6.705627
Train Epoch: 10 [44736/60000 (75%)]	Loss: 6.942706
Train Epoch: 10 [51136/60000 (85%)]	Loss: 7.383410
Train Epoch: 10 [57536/60000 (96%)]	Loss: 6.382586

Test set: Average loss: 6.8894, Accuracy: 997/10000 (10%)

Train Epoch: 11 [6336/60000 (11%)]	Loss: 6.309575
Train Epoch: 11 [12736/60000 (21%)]	Loss: 5.930159
Train Epoch: 11 [19136/60000 (32%)]	Loss: 6.600631
Train Epoch: 11 [25536/60000 (43%)]	Loss: 7.347512
Train Epoch: 11 [31936/60000 (53%)]	Loss: 6.470765
Train Epoch: 11 [38336/60000 (64%)]	Loss: 6.743064
Train Epoch: 11 [44736/60000 (75%)]	Loss: 8.552666
Train Epoch: 11 [51136/60000 (85%)]	Loss: 6.329405
Train Epoch: 11 [57536/60000 (96%)]	Loss: 7.078275

Test set: Average loss: 7.0578, Accuracy: 1040/10000 (10%)

Train Epoch: 12 [6336/60000 (11%)]	Loss: 6.407420
Train Epoch: 12 [12736/60000 (21%)]	Loss: 7.683889
Train Epoch: 12 [19136/60000 (32%)]	Loss: 7.331372
Train Epoch: 12 [25536/60000 (43%)]	Loss: 6.947139
Train Epoch: 12 [31936/60000 (53%)]	Loss: 8.072417
Train Epoch: 12 [38336/60000 (64%)]	Loss: 7.982367
Train Epoch: 12 [44736/60000 (75%)]	Loss: 7.912780
Train Epoch: 12 [51136/60000 (85%)]	Loss: 7.338263
Train Epoch: 12 [57536/60000 (96%)]	Loss: 6.669115

Test set: Average loss: 7.2246, Accuracy: 926/10000 (9%)

Train Epoch: 13 [6336/60000 (11%)]	Loss: 6.274081
Train Epoch: 13 [12736/60000 (21%)]	Loss: 7.671532
Train Epoch: 13 [19136/60000 (32%)]	Loss: 7.418567
Train Epoch: 13 [25536/60000 (43%)]	Loss: 7.784702
Train Epoch: 13 [31936/60000 (53%)]	Loss: 6.646858
Train Epoch: 13 [38336/60000 (64%)]	Loss: 7.507497
Train Epoch: 13 [44736/60000 (75%)]	Loss: 6.753529
Train Epoch: 13 [51136/60000 (85%)]	Loss: 7.202758
Train Epoch: 13 [57536/60000 (96%)]	Loss: 7.012523

Test set: Average loss: 7.2053, Accuracy: 968/10000 (10%)

Train Epoch: 14 [6336/60000 (11%)]	Loss: 7.326319
Train Epoch: 14 [12736/60000 (21%)]	Loss: 6.994972
Train Epoch: 14 [19136/60000 (32%)]	Loss: 7.679238
Train Epoch: 14 [25536/60000 (43%)]	Loss: 7.782119
Train Epoch: 14 [31936/60000 (53%)]	Loss: 7.105251
Train Epoch: 14 [38336/60000 (64%)]	Loss: 8.544928
Train Epoch: 14 [44736/60000 (75%)]	Loss: 7.856265
Train Epoch: 14 [51136/60000 (85%)]	Loss: 7.451803
Train Epoch: 14 [57536/60000 (96%)]	Loss: 7.318059

Test set: Average loss: 7.1998, Accuracy: 916/10000 (9%)

Train Epoch: 15 [6336/60000 (11%)]	Loss: 7.387239
Train Epoch: 15 [12736/60000 (21%)]	Loss: 6.090466
Train Epoch: 15 [19136/60000 (32%)]	Loss: 6.204845
Train Epoch: 15 [25536/60000 (43%)]	Loss: 6.559739
Train Epoch: 15 [31936/60000 (53%)]	Loss: 7.704386
Train Epoch: 15 [38336/60000 (64%)]	Loss: 6.906176
Train Epoch: 15 [44736/60000 (75%)]	Loss: 6.035521
Train Epoch: 15 [51136/60000 (85%)]	Loss: 7.450104
Train Epoch: 15 [57536/60000 (96%)]	Loss: 7.475818

Test set: Average loss: 7.5900, Accuracy: 905/10000 (9%)

Train Epoch: 16 [6336/60000 (11%)]	Loss: 7.754919
Train Epoch: 16 [12736/60000 (21%)]	Loss: 7.602542
Train Epoch: 16 [19136/60000 (32%)]	Loss: 8.095219
Train Epoch: 16 [25536/60000 (43%)]	Loss: 7.288814
Train Epoch: 16 [31936/60000 (53%)]	Loss: 7.054566
Train Epoch: 16 [38336/60000 (64%)]	Loss: 8.517250
Train Epoch: 16 [44736/60000 (75%)]	Loss: 9.411984
Train Epoch: 16 [51136/60000 (85%)]	Loss: 7.851412
Train Epoch: 16 [57536/60000 (96%)]	Loss: 8.112759

Test set: Average loss: 7.8709, Accuracy: 878/10000 (9%)

Namespace(batch_size=64, bias=None, data='../data', device=1, epochs=16, hidden_size=500, load_weights=None, log_interval=100, lr=0.1, model='redfc2', momentum=0.9, no_cuda=False, r=5, save_model=None, save_results=True, seed=1, sparsity=0.025, use_relu=True, wd=0.0005)


Total time spent pruning/training: 1.68 minutes
Total number of parameters in model: 1991420
Number of parameters in pruned model: 1941634
