Namespace(batch_size=64, bias=None, data='../data', device=1, epochs=7, hidden_size=500, load_weights=None, log_interval=100, lr=0.1, model='redfc2', momentum=0.9, no_cuda=False, r=5, save_model=None, save_results=True, seed=1, sparsity=0.01, use_relu=True, wd=0.0005) 

Pruning a Two-Layer Fully Connected Redundant Network ...
Train Epoch: 1 [6336/60000 (11%)]	Loss: 2.432381
Train Epoch: 1 [12736/60000 (21%)]	Loss: 3.208446
Train Epoch: 1 [19136/60000 (32%)]	Loss: 3.822115
Train Epoch: 1 [25536/60000 (43%)]	Loss: 5.171669
Train Epoch: 1 [31936/60000 (53%)]	Loss: 5.451449
Train Epoch: 1 [38336/60000 (64%)]	Loss: 4.307271
Train Epoch: 1 [44736/60000 (75%)]	Loss: 6.487431
Train Epoch: 1 [51136/60000 (85%)]	Loss: 6.438972
Train Epoch: 1 [57536/60000 (96%)]	Loss: 6.296874

Test set: Average loss: 7.2450, Accuracy: 983/10000 (10%)

Train Epoch: 2 [6336/60000 (11%)]	Loss: 7.259611
Train Epoch: 2 [12736/60000 (21%)]	Loss: 7.400219
Train Epoch: 2 [19136/60000 (32%)]	Loss: 9.041703
Train Epoch: 2 [25536/60000 (43%)]	Loss: 8.202781
Train Epoch: 2 [31936/60000 (53%)]	Loss: 8.248027
Train Epoch: 2 [38336/60000 (64%)]	Loss: 8.755106
Train Epoch: 2 [44736/60000 (75%)]	Loss: 6.963583
Train Epoch: 2 [51136/60000 (85%)]	Loss: 7.752773
Train Epoch: 2 [57536/60000 (96%)]	Loss: 7.847154

Test set: Average loss: 8.5292, Accuracy: 763/10000 (8%)

Train Epoch: 3 [6336/60000 (11%)]	Loss: 8.661613
Train Epoch: 3 [12736/60000 (21%)]	Loss: 8.795460
Train Epoch: 3 [19136/60000 (32%)]	Loss: 9.202032
Train Epoch: 3 [25536/60000 (43%)]	Loss: 8.084826
Train Epoch: 3 [31936/60000 (53%)]	Loss: 10.361145
Train Epoch: 3 [38336/60000 (64%)]	Loss: 8.627777
Train Epoch: 3 [44736/60000 (75%)]	Loss: 9.574332
Train Epoch: 3 [51136/60000 (85%)]	Loss: 9.461809
Train Epoch: 3 [57536/60000 (96%)]	Loss: 8.636136

Test set: Average loss: 9.2900, Accuracy: 679/10000 (7%)

Train Epoch: 4 [6336/60000 (11%)]	Loss: 10.286149
Train Epoch: 4 [12736/60000 (21%)]	Loss: 7.639201
Train Epoch: 4 [19136/60000 (32%)]	Loss: 9.961201
Train Epoch: 4 [25536/60000 (43%)]	Loss: 9.493089
Train Epoch: 4 [31936/60000 (53%)]	Loss: 8.630899
Train Epoch: 4 [38336/60000 (64%)]	Loss: 9.162999
Train Epoch: 4 [44736/60000 (75%)]	Loss: 8.440847
Train Epoch: 4 [51136/60000 (85%)]	Loss: 9.478925
Train Epoch: 4 [57536/60000 (96%)]	Loss: 9.721823

Test set: Average loss: 9.4074, Accuracy: 711/10000 (7%)

Train Epoch: 5 [6336/60000 (11%)]	Loss: 8.146583
Train Epoch: 5 [12736/60000 (21%)]	Loss: 9.588148
Train Epoch: 5 [19136/60000 (32%)]	Loss: 10.578547
Train Epoch: 5 [25536/60000 (43%)]	Loss: 10.594999
Train Epoch: 5 [31936/60000 (53%)]	Loss: 8.744203
Train Epoch: 5 [38336/60000 (64%)]	Loss: 9.437561
Train Epoch: 5 [44736/60000 (75%)]	Loss: 10.504292
Train Epoch: 5 [51136/60000 (85%)]	Loss: 10.788374
Train Epoch: 5 [57536/60000 (96%)]	Loss: 9.127871

Test set: Average loss: 9.6357, Accuracy: 656/10000 (7%)

Train Epoch: 6 [6336/60000 (11%)]	Loss: 8.171203
Train Epoch: 6 [12736/60000 (21%)]	Loss: 9.113711
Train Epoch: 6 [19136/60000 (32%)]	Loss: 8.525910
Train Epoch: 6 [25536/60000 (43%)]	Loss: 10.115564
Train Epoch: 6 [31936/60000 (53%)]	Loss: 9.439579
Train Epoch: 6 [38336/60000 (64%)]	Loss: 10.184326
Train Epoch: 6 [44736/60000 (75%)]	Loss: 9.963707
Train Epoch: 6 [51136/60000 (85%)]	Loss: 10.384136
Train Epoch: 6 [57536/60000 (96%)]	Loss: 9.306946

Test set: Average loss: 9.4388, Accuracy: 692/10000 (7%)

Train Epoch: 7 [6336/60000 (11%)]	Loss: 9.549767
Train Epoch: 7 [12736/60000 (21%)]	Loss: 9.824604
Train Epoch: 7 [19136/60000 (32%)]	Loss: 9.098986
Train Epoch: 7 [25536/60000 (43%)]	Loss: 9.354100
Train Epoch: 7 [31936/60000 (53%)]	Loss: 8.513766
Train Epoch: 7 [38336/60000 (64%)]	Loss: 10.057895
Train Epoch: 7 [44736/60000 (75%)]	Loss: 9.220251
Train Epoch: 7 [51136/60000 (85%)]	Loss: 10.959605
Train Epoch: 7 [57536/60000 (96%)]	Loss: 10.626969

Test set: Average loss: 9.5436, Accuracy: 655/10000 (7%)

Namespace(batch_size=64, bias=None, data='../data', device=1, epochs=7, hidden_size=500, load_weights=None, log_interval=100, lr=0.1, model='redfc2', momentum=0.9, no_cuda=False, r=5, save_model=None, save_results=True, seed=1, sparsity=0.01, use_relu=True, wd=0.0005)


Total time spent pruning/training: 0.77 minutes
Total number of parameters in model: 1991420
Number of parameters in pruned model: 1971505
