Namespace(batch_size=64, bias=None, data='../data', device=1, epochs=20, hidden_size=500, load_weights=None, log_interval=100, lr=0.1, model='redfc2', momentum=0.9, no_cuda=False, r=5, save_model=None, save_results=True, seed=1, sparsity=0.98, use_relu=False, wd=0.0005) 

Pruning a Two-Layer Fully Connected Redundant Network ...
Train Epoch: 1 [6336/60000 (11%)]	Loss: 2.251168
Train Epoch: 1 [12736/60000 (21%)]	Loss: 2.148080
Train Epoch: 1 [19136/60000 (32%)]	Loss: 2.037038
Train Epoch: 1 [25536/60000 (43%)]	Loss: 1.997554
Train Epoch: 1 [31936/60000 (53%)]	Loss: 1.919232
Train Epoch: 1 [38336/60000 (64%)]	Loss: 1.786208
Train Epoch: 1 [44736/60000 (75%)]	Loss: 1.788889
Train Epoch: 1 [51136/60000 (85%)]	Loss: 1.746992
Train Epoch: 1 [57536/60000 (96%)]	Loss: 1.747068

Test set: Average loss: 1.6558, Accuracy: 5639/10000 (56%)

Train Epoch: 2 [6336/60000 (11%)]	Loss: 1.702959
Train Epoch: 2 [12736/60000 (21%)]	Loss: 1.625627
Train Epoch: 2 [19136/60000 (32%)]	Loss: 1.658970
Train Epoch: 2 [25536/60000 (43%)]	Loss: 1.601147
Train Epoch: 2 [31936/60000 (53%)]	Loss: 1.583126
Train Epoch: 2 [38336/60000 (64%)]	Loss: 1.587586
Train Epoch: 2 [44736/60000 (75%)]	Loss: 1.521837
Train Epoch: 2 [51136/60000 (85%)]	Loss: 1.548600
Train Epoch: 2 [57536/60000 (96%)]	Loss: 1.540895

Test set: Average loss: 1.4588, Accuracy: 6172/10000 (62%)

Train Epoch: 3 [6336/60000 (11%)]	Loss: 1.392270
Train Epoch: 3 [12736/60000 (21%)]	Loss: 1.429732
Train Epoch: 3 [19136/60000 (32%)]	Loss: 1.572114
Train Epoch: 3 [25536/60000 (43%)]	Loss: 1.413758
Train Epoch: 3 [31936/60000 (53%)]	Loss: 1.393976
Train Epoch: 3 [38336/60000 (64%)]	Loss: 1.527240
Train Epoch: 3 [44736/60000 (75%)]	Loss: 1.535168
Train Epoch: 3 [51136/60000 (85%)]	Loss: 1.419435
Train Epoch: 3 [57536/60000 (96%)]	Loss: 1.442480

Test set: Average loss: 1.4261, Accuracy: 6400/10000 (64%)

Train Epoch: 4 [6336/60000 (11%)]	Loss: 1.379105
Train Epoch: 4 [12736/60000 (21%)]	Loss: 1.378495
Train Epoch: 4 [19136/60000 (32%)]	Loss: 1.485553
Train Epoch: 4 [25536/60000 (43%)]	Loss: 1.531136
Train Epoch: 4 [31936/60000 (53%)]	Loss: 1.503803
Train Epoch: 4 [38336/60000 (64%)]	Loss: 1.475171
Train Epoch: 4 [44736/60000 (75%)]	Loss: 1.393733
Train Epoch: 4 [51136/60000 (85%)]	Loss: 1.308959
Train Epoch: 4 [57536/60000 (96%)]	Loss: 1.564754

Test set: Average loss: 1.4536, Accuracy: 6270/10000 (63%)

Train Epoch: 5 [6336/60000 (11%)]	Loss: 1.494087
Train Epoch: 5 [12736/60000 (21%)]	Loss: 1.428609
Train Epoch: 5 [19136/60000 (32%)]	Loss: 1.406685
Train Epoch: 5 [25536/60000 (43%)]	Loss: 1.442561
Train Epoch: 5 [31936/60000 (53%)]	Loss: 1.507693
Train Epoch: 5 [38336/60000 (64%)]	Loss: 1.560833
Train Epoch: 5 [44736/60000 (75%)]	Loss: 1.499776
Train Epoch: 5 [51136/60000 (85%)]	Loss: 1.447638
Train Epoch: 5 [57536/60000 (96%)]	Loss: 1.533661

Test set: Average loss: 1.4494, Accuracy: 6218/10000 (62%)

Train Epoch: 6 [6336/60000 (11%)]	Loss: 1.451256
Train Epoch: 6 [12736/60000 (21%)]	Loss: 1.523944
Train Epoch: 6 [19136/60000 (32%)]	Loss: 1.617241
Train Epoch: 6 [25536/60000 (43%)]	Loss: 1.377123
Train Epoch: 6 [31936/60000 (53%)]	Loss: 1.392359
Train Epoch: 6 [38336/60000 (64%)]	Loss: 1.481235
Train Epoch: 6 [44736/60000 (75%)]	Loss: 1.442703
Train Epoch: 6 [51136/60000 (85%)]	Loss: 1.416777
Train Epoch: 6 [57536/60000 (96%)]	Loss: 1.493076

Test set: Average loss: 1.4751, Accuracy: 6117/10000 (61%)

Train Epoch: 7 [6336/60000 (11%)]	Loss: 1.491769
Train Epoch: 7 [12736/60000 (21%)]	Loss: 1.570026
Train Epoch: 7 [19136/60000 (32%)]	Loss: 1.536083
Train Epoch: 7 [25536/60000 (43%)]	Loss: 1.600965
Train Epoch: 7 [31936/60000 (53%)]	Loss: 1.507073
Train Epoch: 7 [38336/60000 (64%)]	Loss: 1.541529
Train Epoch: 7 [44736/60000 (75%)]	Loss: 1.678455
Train Epoch: 7 [51136/60000 (85%)]	Loss: 1.619875
Train Epoch: 7 [57536/60000 (96%)]	Loss: 1.483949

Test set: Average loss: 1.4952, Accuracy: 5694/10000 (57%)

Train Epoch: 8 [6336/60000 (11%)]	Loss: 1.651759
Train Epoch: 8 [12736/60000 (21%)]	Loss: 1.534230
Train Epoch: 8 [19136/60000 (32%)]	Loss: 1.556141
Train Epoch: 8 [25536/60000 (43%)]	Loss: 1.572894
Train Epoch: 8 [31936/60000 (53%)]	Loss: 1.542954
Train Epoch: 8 [38336/60000 (64%)]	Loss: 1.514262
Train Epoch: 8 [44736/60000 (75%)]	Loss: 1.590483
Train Epoch: 8 [51136/60000 (85%)]	Loss: 1.581347
Train Epoch: 8 [57536/60000 (96%)]	Loss: 1.612083

Test set: Average loss: 1.5323, Accuracy: 5514/10000 (55%)

Train Epoch: 9 [6336/60000 (11%)]	Loss: 1.590578
Train Epoch: 9 [12736/60000 (21%)]	Loss: 1.664041
Train Epoch: 9 [19136/60000 (32%)]	Loss: 1.619162
Train Epoch: 9 [25536/60000 (43%)]	Loss: 1.579363
Train Epoch: 9 [31936/60000 (53%)]	Loss: 1.452522
Train Epoch: 9 [38336/60000 (64%)]	Loss: 1.649459
Train Epoch: 9 [44736/60000 (75%)]	Loss: 1.613958
Train Epoch: 9 [51136/60000 (85%)]	Loss: 1.705660
Train Epoch: 9 [57536/60000 (96%)]	Loss: 1.581610

Test set: Average loss: 1.5611, Accuracy: 5623/10000 (56%)

Train Epoch: 10 [6336/60000 (11%)]	Loss: 1.624984
Train Epoch: 10 [12736/60000 (21%)]	Loss: 1.523935
Train Epoch: 10 [19136/60000 (32%)]	Loss: 1.530767
Train Epoch: 10 [25536/60000 (43%)]	Loss: 1.681373
Train Epoch: 10 [31936/60000 (53%)]	Loss: 1.546072
Train Epoch: 10 [38336/60000 (64%)]	Loss: 1.756211
Train Epoch: 10 [44736/60000 (75%)]	Loss: 1.586613
Train Epoch: 10 [51136/60000 (85%)]	Loss: 1.561889
Train Epoch: 10 [57536/60000 (96%)]	Loss: 1.625935

Test set: Average loss: 1.5827, Accuracy: 5475/10000 (55%)

Train Epoch: 11 [6336/60000 (11%)]	Loss: 1.564391
Train Epoch: 11 [12736/60000 (21%)]	Loss: 1.529350
Train Epoch: 11 [19136/60000 (32%)]	Loss: 1.558052
Train Epoch: 11 [25536/60000 (43%)]	Loss: 1.675875
Train Epoch: 11 [31936/60000 (53%)]	Loss: 1.708306
Train Epoch: 11 [38336/60000 (64%)]	Loss: 1.642968
Train Epoch: 11 [44736/60000 (75%)]	Loss: 1.610430
Train Epoch: 11 [51136/60000 (85%)]	Loss: 1.571954
Train Epoch: 11 [57536/60000 (96%)]	Loss: 1.511536

Test set: Average loss: 1.6148, Accuracy: 5350/10000 (54%)

Train Epoch: 12 [6336/60000 (11%)]	Loss: 1.678257
Train Epoch: 12 [12736/60000 (21%)]	Loss: 1.670020
Train Epoch: 12 [19136/60000 (32%)]	Loss: 1.597081
Train Epoch: 12 [25536/60000 (43%)]	Loss: 1.469201
Train Epoch: 12 [31936/60000 (53%)]	Loss: 1.611317
Train Epoch: 12 [38336/60000 (64%)]	Loss: 1.731119
Train Epoch: 12 [44736/60000 (75%)]	Loss: 1.504040
Train Epoch: 12 [51136/60000 (85%)]	Loss: 1.582472
Train Epoch: 12 [57536/60000 (96%)]	Loss: 1.613761

Test set: Average loss: 1.5922, Accuracy: 5680/10000 (57%)

Train Epoch: 13 [6336/60000 (11%)]	Loss: 1.555168
Train Epoch: 13 [12736/60000 (21%)]	Loss: 1.544804
Train Epoch: 13 [19136/60000 (32%)]	Loss: 1.428432
Train Epoch: 13 [25536/60000 (43%)]	Loss: 1.648381
Train Epoch: 13 [31936/60000 (53%)]	Loss: 1.619291
Train Epoch: 13 [38336/60000 (64%)]	Loss: 1.611119
Train Epoch: 13 [44736/60000 (75%)]	Loss: 1.506515
Train Epoch: 13 [51136/60000 (85%)]	Loss: 1.616875
Train Epoch: 13 [57536/60000 (96%)]	Loss: 1.633742

Test set: Average loss: 1.5780, Accuracy: 5458/10000 (55%)

Train Epoch: 14 [6336/60000 (11%)]	Loss: 1.492736
Train Epoch: 14 [12736/60000 (21%)]	Loss: 1.556517
Train Epoch: 14 [19136/60000 (32%)]	Loss: 1.583762
Train Epoch: 14 [25536/60000 (43%)]	Loss: 1.481522
Train Epoch: 14 [31936/60000 (53%)]	Loss: 1.512351
Train Epoch: 14 [38336/60000 (64%)]	Loss: 1.627394
Train Epoch: 14 [44736/60000 (75%)]	Loss: 1.526686
Train Epoch: 14 [51136/60000 (85%)]	Loss: 1.653991
Train Epoch: 14 [57536/60000 (96%)]	Loss: 1.469990

Test set: Average loss: 1.5984, Accuracy: 5213/10000 (52%)

Train Epoch: 15 [6336/60000 (11%)]	Loss: 1.535690
Train Epoch: 15 [12736/60000 (21%)]	Loss: 1.491820
Train Epoch: 15 [19136/60000 (32%)]	Loss: 1.499065
Train Epoch: 15 [25536/60000 (43%)]	Loss: 1.533658
Train Epoch: 15 [31936/60000 (53%)]	Loss: 1.502049
Train Epoch: 15 [38336/60000 (64%)]	Loss: 1.568031
Train Epoch: 15 [44736/60000 (75%)]	Loss: 1.520113
Train Epoch: 15 [51136/60000 (85%)]	Loss: 1.665451
Train Epoch: 15 [57536/60000 (96%)]	Loss: 1.537722

Test set: Average loss: 1.5524, Accuracy: 5641/10000 (56%)

Train Epoch: 16 [6336/60000 (11%)]	Loss: 1.526465
Train Epoch: 16 [12736/60000 (21%)]	Loss: 1.450709
Train Epoch: 16 [19136/60000 (32%)]	Loss: 1.312246
Train Epoch: 16 [25536/60000 (43%)]	Loss: 1.564476
Train Epoch: 16 [31936/60000 (53%)]	Loss: 1.556472
Train Epoch: 16 [38336/60000 (64%)]	Loss: 1.581895
Train Epoch: 16 [44736/60000 (75%)]	Loss: 1.531239
Train Epoch: 16 [51136/60000 (85%)]	Loss: 1.411038
Train Epoch: 16 [57536/60000 (96%)]	Loss: 1.508669

Test set: Average loss: 1.5050, Accuracy: 5718/10000 (57%)

Train Epoch: 17 [6336/60000 (11%)]	Loss: 1.419341
Train Epoch: 17 [12736/60000 (21%)]	Loss: 1.508688
Train Epoch: 17 [19136/60000 (32%)]	Loss: 1.407032
Train Epoch: 17 [25536/60000 (43%)]	Loss: 1.468157
Train Epoch: 17 [31936/60000 (53%)]	Loss: 1.428236
Train Epoch: 17 [38336/60000 (64%)]	Loss: 1.405004
Train Epoch: 17 [44736/60000 (75%)]	Loss: 1.515968
Train Epoch: 17 [51136/60000 (85%)]	Loss: 1.372782
Train Epoch: 17 [57536/60000 (96%)]	Loss: 1.608122

Test set: Average loss: 1.4606, Accuracy: 5734/10000 (57%)

Train Epoch: 18 [6336/60000 (11%)]	Loss: 1.396093
Train Epoch: 18 [12736/60000 (21%)]	Loss: 1.450390
Train Epoch: 18 [19136/60000 (32%)]	Loss: 1.450715
Train Epoch: 18 [25536/60000 (43%)]	Loss: 1.425408
Train Epoch: 18 [31936/60000 (53%)]	Loss: 1.340361
Train Epoch: 18 [38336/60000 (64%)]	Loss: 1.430240
Train Epoch: 18 [44736/60000 (75%)]	Loss: 1.400459
Train Epoch: 18 [51136/60000 (85%)]	Loss: 1.397553
Train Epoch: 18 [57536/60000 (96%)]	Loss: 1.383437

Test set: Average loss: 1.3937, Accuracy: 6307/10000 (63%)

Train Epoch: 19 [6336/60000 (11%)]	Loss: 1.366066
Train Epoch: 19 [12736/60000 (21%)]	Loss: 1.336573
Train Epoch: 19 [19136/60000 (32%)]	Loss: 1.364364
Train Epoch: 19 [25536/60000 (43%)]	Loss: 1.355086
Train Epoch: 19 [31936/60000 (53%)]	Loss: 1.338019
Train Epoch: 19 [38336/60000 (64%)]	Loss: 1.339004
Train Epoch: 19 [44736/60000 (75%)]	Loss: 1.339916
Train Epoch: 19 [51136/60000 (85%)]	Loss: 1.462427
Train Epoch: 19 [57536/60000 (96%)]	Loss: 1.248989

Test set: Average loss: 1.3650, Accuracy: 6581/10000 (66%)

Train Epoch: 20 [6336/60000 (11%)]	Loss: 1.401642
Train Epoch: 20 [12736/60000 (21%)]	Loss: 1.335071
Train Epoch: 20 [19136/60000 (32%)]	Loss: 1.353936
Train Epoch: 20 [25536/60000 (43%)]	Loss: 1.350556
Train Epoch: 20 [31936/60000 (53%)]	Loss: 1.398281
Train Epoch: 20 [38336/60000 (64%)]	Loss: 1.334040
Train Epoch: 20 [44736/60000 (75%)]	Loss: 1.355557
Train Epoch: 20 [51136/60000 (85%)]	Loss: 1.480780
Train Epoch: 20 [57536/60000 (96%)]	Loss: 1.485531

Test set: Average loss: 1.3552, Accuracy: 6477/10000 (65%)

Namespace(batch_size=64, bias=None, data='../data', device=1, epochs=20, hidden_size=500, load_weights=None, log_interval=100, lr=0.1, model='redfc2', momentum=0.9, no_cuda=False, r=5, save_model=None, save_results=True, seed=1, sparsity=0.98, use_relu=False, wd=0.0005)


Total time spent pruning/training: 2.11 minutes
Total number of parameters in model: 1991420
Number of parameters in pruned model: 39828
