Namespace(batch_size=64, bias=None, data='../data', device=0, epochs=50, hidden_size=500, load_weights=None, log_interval=100, lr=0.1, milestones=[5, 7], model='redfc2', momentum=0.9, no_cuda=False, r=5, save_model=None, save_results=True, scheduler='cosine', seed=1, sparsity=0.98, use_relu=False, wd=0.0005) 

Pruning a Two-Layer Fully Connected Redundant Network ...
Train Epoch: 1 [0/60000 (0%)]	Loss: 2.302599
Train Epoch: 1 [6400/60000 (11%)]	Loss: 2.256009
Train Epoch: 1 [12800/60000 (21%)]	Loss: 2.141974
Train Epoch: 1 [19200/60000 (32%)]	Loss: 2.087491
Train Epoch: 1 [25600/60000 (43%)]	Loss: 1.978161
Train Epoch: 1 [32000/60000 (53%)]	Loss: 1.917232
Train Epoch: 1 [38400/60000 (64%)]	Loss: 1.763089
Train Epoch: 1 [44800/60000 (75%)]	Loss: 1.736046
Train Epoch: 1 [51200/60000 (85%)]	Loss: 1.651215
Train Epoch: 1 [57600/60000 (96%)]	Loss: 1.754801

Test set: Average loss: 1.6558, Accuracy: 5639/10000 (56%)

Train Epoch: 2 [0/60000 (0%)]	Loss: 1.795694
Train Epoch: 2 [6400/60000 (11%)]	Loss: 1.638537
Train Epoch: 2 [12800/60000 (21%)]	Loss: 1.622871
Train Epoch: 2 [19200/60000 (32%)]	Loss: 1.743154
Train Epoch: 2 [25600/60000 (43%)]	Loss: 1.574926
Train Epoch: 2 [32000/60000 (53%)]	Loss: 1.567717
Train Epoch: 2 [38400/60000 (64%)]	Loss: 1.541774
Train Epoch: 2 [44800/60000 (75%)]	Loss: 1.572510
Train Epoch: 2 [51200/60000 (85%)]	Loss: 1.471724
Train Epoch: 2 [57600/60000 (96%)]	Loss: 1.477282

Test set: Average loss: 1.4533, Accuracy: 6371/10000 (64%)

Train Epoch: 3 [0/60000 (0%)]	Loss: 1.359208
Train Epoch: 3 [6400/60000 (11%)]	Loss: 1.478508
Train Epoch: 3 [12800/60000 (21%)]	Loss: 1.500329
Train Epoch: 3 [19200/60000 (32%)]	Loss: 1.366783
Train Epoch: 3 [25600/60000 (43%)]	Loss: 1.492009
Train Epoch: 3 [32000/60000 (53%)]	Loss: 1.387911
Train Epoch: 3 [38400/60000 (64%)]	Loss: 1.539244
Train Epoch: 3 [44800/60000 (75%)]	Loss: 1.528725
Train Epoch: 3 [51200/60000 (85%)]	Loss: 1.415952
Train Epoch: 3 [57600/60000 (96%)]	Loss: 1.536111

Test set: Average loss: 1.4421, Accuracy: 6400/10000 (64%)

Train Epoch: 4 [0/60000 (0%)]	Loss: 1.425664
Train Epoch: 4 [6400/60000 (11%)]	Loss: 1.379454
Train Epoch: 4 [12800/60000 (21%)]	Loss: 1.376089
Train Epoch: 4 [19200/60000 (32%)]	Loss: 1.503438
Train Epoch: 4 [25600/60000 (43%)]	Loss: 1.528425
Train Epoch: 4 [32000/60000 (53%)]	Loss: 1.407788
Train Epoch: 4 [38400/60000 (64%)]	Loss: 1.548922
Train Epoch: 4 [44800/60000 (75%)]	Loss: 1.458034
Train Epoch: 4 [51200/60000 (85%)]	Loss: 1.424381
Train Epoch: 4 [57600/60000 (96%)]	Loss: 1.471363

Test set: Average loss: 1.4547, Accuracy: 6335/10000 (63%)

Train Epoch: 5 [0/60000 (0%)]	Loss: 1.483586
Train Epoch: 5 [6400/60000 (11%)]	Loss: 1.489555
Train Epoch: 5 [12800/60000 (21%)]	Loss: 1.475159
Train Epoch: 5 [19200/60000 (32%)]	Loss: 1.408229
Train Epoch: 5 [25600/60000 (43%)]	Loss: 1.408800
Train Epoch: 5 [32000/60000 (53%)]	Loss: 1.457608
Train Epoch: 5 [38400/60000 (64%)]	Loss: 1.566841
Train Epoch: 5 [44800/60000 (75%)]	Loss: 1.421438
Train Epoch: 5 [51200/60000 (85%)]	Loss: 1.468085
Train Epoch: 5 [57600/60000 (96%)]	Loss: 1.571798

Test set: Average loss: 1.4668, Accuracy: 5806/10000 (58%)

Train Epoch: 6 [0/60000 (0%)]	Loss: 1.504818
Train Epoch: 6 [6400/60000 (11%)]	Loss: 1.544919
Train Epoch: 6 [12800/60000 (21%)]	Loss: 1.488243
Train Epoch: 6 [19200/60000 (32%)]	Loss: 1.543438
Train Epoch: 6 [25600/60000 (43%)]	Loss: 1.490289
Train Epoch: 6 [32000/60000 (53%)]	Loss: 1.547035
Train Epoch: 6 [38400/60000 (64%)]	Loss: 1.576230
Train Epoch: 6 [44800/60000 (75%)]	Loss: 1.575309
Train Epoch: 6 [51200/60000 (85%)]	Loss: 1.472675
Train Epoch: 6 [57600/60000 (96%)]	Loss: 1.591299

Test set: Average loss: 1.4897, Accuracy: 5963/10000 (60%)

Train Epoch: 7 [0/60000 (0%)]	Loss: 1.542143
Train Epoch: 7 [6400/60000 (11%)]	Loss: 1.661146
Train Epoch: 7 [12800/60000 (21%)]	Loss: 1.545873
Train Epoch: 7 [19200/60000 (32%)]	Loss: 1.501793
Train Epoch: 7 [25600/60000 (43%)]	Loss: 1.557940
Train Epoch: 7 [32000/60000 (53%)]	Loss: 1.610942
Train Epoch: 7 [38400/60000 (64%)]	Loss: 1.404180
Train Epoch: 7 [44800/60000 (75%)]	Loss: 1.552465
Train Epoch: 7 [51200/60000 (85%)]	Loss: 1.523861
Train Epoch: 7 [57600/60000 (96%)]	Loss: 1.611014

Test set: Average loss: 1.5667, Accuracy: 5474/10000 (55%)

Train Epoch: 8 [0/60000 (0%)]	Loss: 1.534555
Train Epoch: 8 [6400/60000 (11%)]	Loss: 1.602359
Train Epoch: 8 [12800/60000 (21%)]	Loss: 1.777980
Train Epoch: 8 [19200/60000 (32%)]	Loss: 1.672148
Train Epoch: 8 [25600/60000 (43%)]	Loss: 1.544932
Train Epoch: 8 [32000/60000 (53%)]	Loss: 1.607126
Train Epoch: 8 [38400/60000 (64%)]	Loss: 1.684523
Train Epoch: 8 [44800/60000 (75%)]	Loss: 1.678526
Train Epoch: 8 [51200/60000 (85%)]	Loss: 1.642331
Train Epoch: 8 [57600/60000 (96%)]	Loss: 1.653415

Test set: Average loss: 1.6417, Accuracy: 5113/10000 (51%)

Train Epoch: 9 [0/60000 (0%)]	Loss: 1.734871
Train Epoch: 9 [6400/60000 (11%)]	Loss: 1.670707
Train Epoch: 9 [12800/60000 (21%)]	Loss: 1.809834
Train Epoch: 9 [19200/60000 (32%)]	Loss: 1.702014
Train Epoch: 9 [25600/60000 (43%)]	Loss: 1.732718
Train Epoch: 9 [32000/60000 (53%)]	Loss: 1.625275
Train Epoch: 9 [38400/60000 (64%)]	Loss: 1.640192
Train Epoch: 9 [44800/60000 (75%)]	Loss: 1.633008
Train Epoch: 9 [51200/60000 (85%)]	Loss: 1.636554
Train Epoch: 9 [57600/60000 (96%)]	Loss: 1.707855

Test set: Average loss: 1.7082, Accuracy: 4908/10000 (49%)

Train Epoch: 10 [0/60000 (0%)]	Loss: 1.710589
Train Epoch: 10 [6400/60000 (11%)]	Loss: 1.764643
Train Epoch: 10 [12800/60000 (21%)]	Loss: 1.656603
Train Epoch: 10 [19200/60000 (32%)]	Loss: 1.798014
Train Epoch: 10 [25600/60000 (43%)]	Loss: 1.773774
Train Epoch: 10 [32000/60000 (53%)]	Loss: 1.756370
Train Epoch: 10 [38400/60000 (64%)]	Loss: 1.700999
Train Epoch: 10 [44800/60000 (75%)]	Loss: 1.793534
Train Epoch: 10 [51200/60000 (85%)]	Loss: 1.796332
Train Epoch: 10 [57600/60000 (96%)]	Loss: 1.668694

Test set: Average loss: 1.7537, Accuracy: 4652/10000 (47%)

Train Epoch: 11 [0/60000 (0%)]	Loss: 1.830486
Train Epoch: 11 [6400/60000 (11%)]	Loss: 1.968518
Train Epoch: 11 [12800/60000 (21%)]	Loss: 1.832995
Train Epoch: 11 [19200/60000 (32%)]	Loss: 1.693869
Train Epoch: 11 [25600/60000 (43%)]	Loss: 1.773835
Train Epoch: 11 [32000/60000 (53%)]	Loss: 1.887226
Train Epoch: 11 [38400/60000 (64%)]	Loss: 1.794648
Train Epoch: 11 [44800/60000 (75%)]	Loss: 1.792388
Train Epoch: 11 [51200/60000 (85%)]	Loss: 1.883832
Train Epoch: 11 [57600/60000 (96%)]	Loss: 1.820347

Test set: Average loss: 1.8401, Accuracy: 4731/10000 (47%)

Train Epoch: 12 [0/60000 (0%)]	Loss: 2.057430
Train Epoch: 12 [6400/60000 (11%)]	Loss: 1.872332
Train Epoch: 12 [12800/60000 (21%)]	Loss: 1.877539
Train Epoch: 12 [19200/60000 (32%)]	Loss: 1.856085
Train Epoch: 12 [25600/60000 (43%)]	Loss: 1.842167
Train Epoch: 12 [32000/60000 (53%)]	Loss: 1.855778
Train Epoch: 12 [38400/60000 (64%)]	Loss: 1.841735
Train Epoch: 12 [44800/60000 (75%)]	Loss: 1.908021
Train Epoch: 12 [51200/60000 (85%)]	Loss: 1.857124
Train Epoch: 12 [57600/60000 (96%)]	Loss: 1.908978

Test set: Average loss: 1.8450, Accuracy: 4604/10000 (46%)

Train Epoch: 13 [0/60000 (0%)]	Loss: 1.848204
Train Epoch: 13 [6400/60000 (11%)]	Loss: 1.880115
Train Epoch: 13 [12800/60000 (21%)]	Loss: 1.913451
Train Epoch: 13 [19200/60000 (32%)]	Loss: 1.895776
Train Epoch: 13 [25600/60000 (43%)]	Loss: 1.942316
Train Epoch: 13 [32000/60000 (53%)]	Loss: 1.858799
Train Epoch: 13 [38400/60000 (64%)]	Loss: 1.875630
Train Epoch: 13 [44800/60000 (75%)]	Loss: 1.887001
Train Epoch: 13 [51200/60000 (85%)]	Loss: 1.887983
Train Epoch: 13 [57600/60000 (96%)]	Loss: 1.877251

Test set: Average loss: 1.9265, Accuracy: 4068/10000 (41%)

Train Epoch: 14 [0/60000 (0%)]	Loss: 1.946748
Train Epoch: 14 [6400/60000 (11%)]	Loss: 1.931674
Train Epoch: 14 [12800/60000 (21%)]	Loss: 1.985811
Train Epoch: 14 [19200/60000 (32%)]	Loss: 1.913696
Train Epoch: 14 [25600/60000 (43%)]	Loss: 1.931065
Train Epoch: 14 [32000/60000 (53%)]	Loss: 1.963985
Train Epoch: 14 [38400/60000 (64%)]	Loss: 1.961619
Train Epoch: 14 [44800/60000 (75%)]	Loss: 1.973160
Train Epoch: 14 [51200/60000 (85%)]	Loss: 1.917913
Train Epoch: 14 [57600/60000 (96%)]	Loss: 1.892099

Test set: Average loss: 1.9229, Accuracy: 3974/10000 (40%)

Train Epoch: 15 [0/60000 (0%)]	Loss: 1.896834
Train Epoch: 15 [6400/60000 (11%)]	Loss: 1.926203
Train Epoch: 15 [12800/60000 (21%)]	Loss: 1.859256
Train Epoch: 15 [19200/60000 (32%)]	Loss: 1.816069
Train Epoch: 15 [25600/60000 (43%)]	Loss: 1.883833
Train Epoch: 15 [32000/60000 (53%)]	Loss: 1.793903
Train Epoch: 15 [38400/60000 (64%)]	Loss: 2.004036
Train Epoch: 15 [44800/60000 (75%)]	Loss: 1.945467
Train Epoch: 15 [51200/60000 (85%)]	Loss: 1.919536
Train Epoch: 15 [57600/60000 (96%)]	Loss: 1.923966

Test set: Average loss: 1.8985, Accuracy: 4311/10000 (43%)

Train Epoch: 16 [0/60000 (0%)]	Loss: 1.919966
Train Epoch: 16 [6400/60000 (11%)]	Loss: 1.864678
Train Epoch: 16 [12800/60000 (21%)]	Loss: 1.932420
Train Epoch: 16 [19200/60000 (32%)]	Loss: 1.872767
Train Epoch: 16 [25600/60000 (43%)]	Loss: 1.916942
Train Epoch: 16 [32000/60000 (53%)]	Loss: 1.874297
Train Epoch: 16 [38400/60000 (64%)]	Loss: 1.911391
Train Epoch: 16 [44800/60000 (75%)]	Loss: 1.887434
Train Epoch: 16 [51200/60000 (85%)]	Loss: 2.028057
Train Epoch: 16 [57600/60000 (96%)]	Loss: 1.900615

Test set: Average loss: 1.8965, Accuracy: 4407/10000 (44%)

Train Epoch: 17 [0/60000 (0%)]	Loss: 1.933755
Train Epoch: 17 [6400/60000 (11%)]	Loss: 1.931869
Train Epoch: 17 [12800/60000 (21%)]	Loss: 1.911724
Train Epoch: 17 [19200/60000 (32%)]	Loss: 1.878839
Train Epoch: 17 [25600/60000 (43%)]	Loss: 1.985509
Train Epoch: 17 [32000/60000 (53%)]	Loss: 1.998513
Train Epoch: 17 [38400/60000 (64%)]	Loss: 1.856109
Train Epoch: 17 [44800/60000 (75%)]	Loss: 1.941991
Train Epoch: 17 [51200/60000 (85%)]	Loss: 1.926856
Train Epoch: 17 [57600/60000 (96%)]	Loss: 1.983409

Test set: Average loss: 1.8897, Accuracy: 4560/10000 (46%)

Train Epoch: 18 [0/60000 (0%)]	Loss: 1.863226
Train Epoch: 18 [6400/60000 (11%)]	Loss: 1.935664
Train Epoch: 18 [12800/60000 (21%)]	Loss: 1.975491
Train Epoch: 18 [19200/60000 (32%)]	Loss: 1.859254
Train Epoch: 18 [25600/60000 (43%)]	Loss: 1.914663
Train Epoch: 18 [32000/60000 (53%)]	Loss: 1.905288
Train Epoch: 18 [38400/60000 (64%)]	Loss: 1.941942
Train Epoch: 18 [44800/60000 (75%)]	Loss: 1.944899
Train Epoch: 18 [51200/60000 (85%)]	Loss: 1.934767
Train Epoch: 18 [57600/60000 (96%)]	Loss: 1.930632

Test set: Average loss: 1.8914, Accuracy: 4430/10000 (44%)

Train Epoch: 19 [0/60000 (0%)]	Loss: 1.956994
Train Epoch: 19 [6400/60000 (11%)]	Loss: 1.882653
Train Epoch: 19 [12800/60000 (21%)]	Loss: 1.940688
Train Epoch: 19 [19200/60000 (32%)]	Loss: 1.852839
Train Epoch: 19 [25600/60000 (43%)]	Loss: 1.947675
Train Epoch: 19 [32000/60000 (53%)]	Loss: 1.965597
Train Epoch: 19 [38400/60000 (64%)]	Loss: 1.847810
Train Epoch: 19 [44800/60000 (75%)]	Loss: 1.877094
Train Epoch: 19 [51200/60000 (85%)]	Loss: 1.796009
Train Epoch: 19 [57600/60000 (96%)]	Loss: 1.890145

Test set: Average loss: 1.8745, Accuracy: 4162/10000 (42%)

Train Epoch: 20 [0/60000 (0%)]	Loss: 1.893415
Train Epoch: 20 [6400/60000 (11%)]	Loss: 1.980607
Train Epoch: 20 [12800/60000 (21%)]	Loss: 1.926403
Train Epoch: 20 [19200/60000 (32%)]	Loss: 1.829406
Train Epoch: 20 [25600/60000 (43%)]	Loss: 1.780791
Train Epoch: 20 [32000/60000 (53%)]	Loss: 1.909535
Train Epoch: 20 [38400/60000 (64%)]	Loss: 1.934181
Train Epoch: 20 [44800/60000 (75%)]	Loss: 1.880399
Train Epoch: 20 [51200/60000 (85%)]	Loss: 1.801866
Train Epoch: 20 [57600/60000 (96%)]	Loss: 1.825536

Test set: Average loss: 1.8971, Accuracy: 4115/10000 (41%)

Train Epoch: 21 [0/60000 (0%)]	Loss: 1.822685
Train Epoch: 21 [6400/60000 (11%)]	Loss: 1.913615
Train Epoch: 21 [12800/60000 (21%)]	Loss: 1.881900
Train Epoch: 21 [19200/60000 (32%)]	Loss: 1.855093
Train Epoch: 21 [25600/60000 (43%)]	Loss: 1.858662
Train Epoch: 21 [32000/60000 (53%)]	Loss: 1.959324
Train Epoch: 21 [38400/60000 (64%)]	Loss: 1.923715
Train Epoch: 21 [44800/60000 (75%)]	Loss: 1.951111
Train Epoch: 21 [51200/60000 (85%)]	Loss: 1.843186
Train Epoch: 21 [57600/60000 (96%)]	Loss: 1.873883

Test set: Average loss: 1.8822, Accuracy: 4311/10000 (43%)

Train Epoch: 22 [0/60000 (0%)]	Loss: 1.898584
Train Epoch: 22 [6400/60000 (11%)]	Loss: 1.922656
Train Epoch: 22 [12800/60000 (21%)]	Loss: 1.874586
Train Epoch: 22 [19200/60000 (32%)]	Loss: 1.930554
Train Epoch: 22 [25600/60000 (43%)]	Loss: 1.828091
Train Epoch: 22 [32000/60000 (53%)]	Loss: 1.864937
Train Epoch: 22 [38400/60000 (64%)]	Loss: 1.806042
Train Epoch: 22 [44800/60000 (75%)]	Loss: 1.878277
Train Epoch: 22 [51200/60000 (85%)]	Loss: 1.894516
Train Epoch: 22 [57600/60000 (96%)]	Loss: 1.851021

Test set: Average loss: 1.8652, Accuracy: 4232/10000 (42%)

Train Epoch: 23 [0/60000 (0%)]	Loss: 1.748093
Train Epoch: 23 [6400/60000 (11%)]	Loss: 1.753214
Train Epoch: 23 [12800/60000 (21%)]	Loss: 1.815848
Train Epoch: 23 [19200/60000 (32%)]	Loss: 1.899778
Train Epoch: 23 [25600/60000 (43%)]	Loss: 1.865736
Train Epoch: 23 [32000/60000 (53%)]	Loss: 1.930278
Train Epoch: 23 [38400/60000 (64%)]	Loss: 1.820859
Train Epoch: 23 [44800/60000 (75%)]	Loss: 1.899518
Train Epoch: 23 [51200/60000 (85%)]	Loss: 1.968379
Train Epoch: 23 [57600/60000 (96%)]	Loss: 1.826319

Test set: Average loss: 1.8713, Accuracy: 4412/10000 (44%)

Train Epoch: 24 [0/60000 (0%)]	Loss: 1.877464
Train Epoch: 24 [6400/60000 (11%)]	Loss: 1.883878
Train Epoch: 24 [12800/60000 (21%)]	Loss: 1.903122
Train Epoch: 24 [19200/60000 (32%)]	Loss: 1.994462
Train Epoch: 24 [25600/60000 (43%)]	Loss: 1.870902
Train Epoch: 24 [32000/60000 (53%)]	Loss: 1.841002
Train Epoch: 24 [38400/60000 (64%)]	Loss: 1.867829
Train Epoch: 24 [44800/60000 (75%)]	Loss: 1.896444
Train Epoch: 24 [51200/60000 (85%)]	Loss: 1.893359
Train Epoch: 24 [57600/60000 (96%)]	Loss: 1.918974

Test set: Average loss: 1.8775, Accuracy: 3781/10000 (38%)

Train Epoch: 25 [0/60000 (0%)]	Loss: 1.909212
Train Epoch: 25 [6400/60000 (11%)]	Loss: 1.904393
Train Epoch: 25 [12800/60000 (21%)]	Loss: 1.893819
Train Epoch: 25 [19200/60000 (32%)]	Loss: 1.886119
Train Epoch: 25 [25600/60000 (43%)]	Loss: 1.939222
Train Epoch: 25 [32000/60000 (53%)]	Loss: 1.900231
Train Epoch: 25 [38400/60000 (64%)]	Loss: 1.806811
Train Epoch: 25 [44800/60000 (75%)]	Loss: 1.974031
Train Epoch: 25 [51200/60000 (85%)]	Loss: 1.996164
Train Epoch: 25 [57600/60000 (96%)]	Loss: 1.877212

Test set: Average loss: 1.8613, Accuracy: 4265/10000 (43%)

Train Epoch: 26 [0/60000 (0%)]	Loss: 1.746613
Train Epoch: 26 [6400/60000 (11%)]	Loss: 1.773782
Train Epoch: 26 [12800/60000 (21%)]	Loss: 1.964015
Train Epoch: 26 [19200/60000 (32%)]	Loss: 2.003387
Train Epoch: 26 [25600/60000 (43%)]	Loss: 1.813398
Train Epoch: 26 [32000/60000 (53%)]	Loss: 1.874994
Train Epoch: 26 [38400/60000 (64%)]	Loss: 1.871623
Train Epoch: 26 [44800/60000 (75%)]	Loss: 1.748820
Train Epoch: 26 [51200/60000 (85%)]	Loss: 1.911620
Train Epoch: 26 [57600/60000 (96%)]	Loss: 1.873678

Test set: Average loss: 1.8611, Accuracy: 4340/10000 (43%)

Train Epoch: 27 [0/60000 (0%)]	Loss: 1.887568
Train Epoch: 27 [6400/60000 (11%)]	Loss: 1.941647
Train Epoch: 27 [12800/60000 (21%)]	Loss: 1.872998
Train Epoch: 27 [19200/60000 (32%)]	Loss: 1.932752
Train Epoch: 27 [25600/60000 (43%)]	Loss: 1.875347
Train Epoch: 27 [32000/60000 (53%)]	Loss: 1.957541
Train Epoch: 27 [38400/60000 (64%)]	Loss: 1.868825
Train Epoch: 27 [44800/60000 (75%)]	Loss: 1.951499
Train Epoch: 27 [51200/60000 (85%)]	Loss: 1.912532
Train Epoch: 27 [57600/60000 (96%)]	Loss: 1.886713

Test set: Average loss: 1.8911, Accuracy: 3640/10000 (36%)

Train Epoch: 28 [0/60000 (0%)]	Loss: 2.002132
Train Epoch: 28 [6400/60000 (11%)]	Loss: 1.879339
Train Epoch: 28 [12800/60000 (21%)]	Loss: 1.853514
Train Epoch: 28 [19200/60000 (32%)]	Loss: 1.883916
Train Epoch: 28 [25600/60000 (43%)]	Loss: 1.822566
Train Epoch: 28 [32000/60000 (53%)]	Loss: 1.976848
Train Epoch: 28 [38400/60000 (64%)]	Loss: 1.935803
Train Epoch: 28 [44800/60000 (75%)]	Loss: 1.786935
Train Epoch: 28 [51200/60000 (85%)]	Loss: 1.753476
Train Epoch: 28 [57600/60000 (96%)]	Loss: 1.833637

Test set: Average loss: 1.8541, Accuracy: 3880/10000 (39%)

Train Epoch: 29 [0/60000 (0%)]	Loss: 1.833063
Train Epoch: 29 [6400/60000 (11%)]	Loss: 1.930135
Train Epoch: 29 [12800/60000 (21%)]	Loss: 1.774578
Train Epoch: 29 [19200/60000 (32%)]	Loss: 1.811865
Train Epoch: 29 [25600/60000 (43%)]	Loss: 1.730496
Train Epoch: 29 [32000/60000 (53%)]	Loss: 1.837413
Train Epoch: 29 [38400/60000 (64%)]	Loss: 1.850032
Train Epoch: 29 [44800/60000 (75%)]	Loss: 1.821708
Train Epoch: 29 [51200/60000 (85%)]	Loss: 1.776558
Train Epoch: 29 [57600/60000 (96%)]	Loss: 1.854556

Test set: Average loss: 1.8490, Accuracy: 3949/10000 (39%)

Train Epoch: 30 [0/60000 (0%)]	Loss: 1.843052
Train Epoch: 30 [6400/60000 (11%)]	Loss: 1.827018
Train Epoch: 30 [12800/60000 (21%)]	Loss: 1.889148
Train Epoch: 30 [19200/60000 (32%)]	Loss: 1.923535
Train Epoch: 30 [25600/60000 (43%)]	Loss: 1.851569
Train Epoch: 30 [32000/60000 (53%)]	Loss: 1.919436
Train Epoch: 30 [38400/60000 (64%)]	Loss: 1.897729
Train Epoch: 30 [44800/60000 (75%)]	Loss: 1.843331
Train Epoch: 30 [51200/60000 (85%)]	Loss: 1.948814
Train Epoch: 30 [57600/60000 (96%)]	Loss: 1.957550

Test set: Average loss: 1.8466, Accuracy: 4366/10000 (44%)

Train Epoch: 31 [0/60000 (0%)]	Loss: 1.801939
Train Epoch: 31 [6400/60000 (11%)]	Loss: 1.922158
Train Epoch: 31 [12800/60000 (21%)]	Loss: 1.836275
Train Epoch: 31 [19200/60000 (32%)]	Loss: 1.936388
Train Epoch: 31 [25600/60000 (43%)]	Loss: 1.774555
Train Epoch: 31 [32000/60000 (53%)]	Loss: 1.930358
Train Epoch: 31 [38400/60000 (64%)]	Loss: 1.809862
Train Epoch: 31 [44800/60000 (75%)]	Loss: 1.901981
Train Epoch: 31 [51200/60000 (85%)]	Loss: 1.880030
Train Epoch: 31 [57600/60000 (96%)]	Loss: 1.806097

Test set: Average loss: 1.8637, Accuracy: 4072/10000 (41%)

Train Epoch: 32 [0/60000 (0%)]	Loss: 1.868207
Train Epoch: 32 [6400/60000 (11%)]	Loss: 1.838626
Train Epoch: 32 [12800/60000 (21%)]	Loss: 1.795063
Train Epoch: 32 [19200/60000 (32%)]	Loss: 1.750735
Train Epoch: 32 [25600/60000 (43%)]	Loss: 1.912523
Train Epoch: 32 [32000/60000 (53%)]	Loss: 1.763736
Train Epoch: 32 [38400/60000 (64%)]	Loss: 1.837956
Train Epoch: 32 [44800/60000 (75%)]	Loss: 1.762467
Train Epoch: 32 [51200/60000 (85%)]	Loss: 1.787168
Train Epoch: 32 [57600/60000 (96%)]	Loss: 1.764105

Test set: Average loss: 1.8338, Accuracy: 4159/10000 (42%)

Train Epoch: 33 [0/60000 (0%)]	Loss: 1.906716
Train Epoch: 33 [6400/60000 (11%)]	Loss: 1.900527
Train Epoch: 33 [12800/60000 (21%)]	Loss: 1.751516
Train Epoch: 33 [19200/60000 (32%)]	Loss: 1.953642
Train Epoch: 33 [25600/60000 (43%)]	Loss: 1.868679
Train Epoch: 33 [32000/60000 (53%)]	Loss: 1.930078
Train Epoch: 33 [38400/60000 (64%)]	Loss: 1.877679
Train Epoch: 33 [44800/60000 (75%)]	Loss: 1.894123
Train Epoch: 33 [51200/60000 (85%)]	Loss: 1.930430
Train Epoch: 33 [57600/60000 (96%)]	Loss: 1.807300

Test set: Average loss: 1.8289, Accuracy: 4412/10000 (44%)

Train Epoch: 34 [0/60000 (0%)]	Loss: 1.904888
Train Epoch: 34 [6400/60000 (11%)]	Loss: 1.903919
Train Epoch: 34 [12800/60000 (21%)]	Loss: 1.807636
Train Epoch: 34 [19200/60000 (32%)]	Loss: 1.912978
Train Epoch: 34 [25600/60000 (43%)]	Loss: 1.820022
Train Epoch: 34 [32000/60000 (53%)]	Loss: 1.955543
Train Epoch: 34 [38400/60000 (64%)]	Loss: 1.863137
Train Epoch: 34 [44800/60000 (75%)]	Loss: 1.809118
Train Epoch: 34 [51200/60000 (85%)]	Loss: 1.749552
Train Epoch: 34 [57600/60000 (96%)]	Loss: 1.805025

Test set: Average loss: 1.8279, Accuracy: 4606/10000 (46%)

Train Epoch: 35 [0/60000 (0%)]	Loss: 1.790959
Train Epoch: 35 [6400/60000 (11%)]	Loss: 1.857702
Train Epoch: 35 [12800/60000 (21%)]	Loss: 1.997890
Train Epoch: 35 [19200/60000 (32%)]	Loss: 1.817847
Train Epoch: 35 [25600/60000 (43%)]	Loss: 1.925507
Train Epoch: 35 [32000/60000 (53%)]	Loss: 1.855330
Train Epoch: 35 [38400/60000 (64%)]	Loss: 1.738142
Train Epoch: 35 [44800/60000 (75%)]	Loss: 1.909943
Train Epoch: 35 [51200/60000 (85%)]	Loss: 1.820011
Train Epoch: 35 [57600/60000 (96%)]	Loss: 1.916052

Test set: Average loss: 1.8492, Accuracy: 3939/10000 (39%)

Train Epoch: 36 [0/60000 (0%)]	Loss: 1.835313
Train Epoch: 36 [6400/60000 (11%)]	Loss: 1.831287
Train Epoch: 36 [12800/60000 (21%)]	Loss: 1.912234
Train Epoch: 36 [19200/60000 (32%)]	Loss: 1.820091
Train Epoch: 36 [25600/60000 (43%)]	Loss: 1.846201
Train Epoch: 36 [32000/60000 (53%)]	Loss: 1.864197
Train Epoch: 36 [38400/60000 (64%)]	Loss: 1.895044
Train Epoch: 36 [44800/60000 (75%)]	Loss: 1.777872
Train Epoch: 36 [51200/60000 (85%)]	Loss: 1.838051
Train Epoch: 36 [57600/60000 (96%)]	Loss: 1.851116

Test set: Average loss: 1.8514, Accuracy: 4219/10000 (42%)

Train Epoch: 37 [0/60000 (0%)]	Loss: 1.795328
Train Epoch: 37 [6400/60000 (11%)]	Loss: 1.808512
Train Epoch: 37 [12800/60000 (21%)]	Loss: 1.805427
Train Epoch: 37 [19200/60000 (32%)]	Loss: 1.931857
Train Epoch: 37 [25600/60000 (43%)]	Loss: 1.800880
Train Epoch: 37 [32000/60000 (53%)]	Loss: 1.785072
Train Epoch: 37 [38400/60000 (64%)]	Loss: 1.909946
Train Epoch: 37 [44800/60000 (75%)]	Loss: 1.876896
Train Epoch: 37 [51200/60000 (85%)]	Loss: 1.884714
Train Epoch: 37 [57600/60000 (96%)]	Loss: 1.871506

Test set: Average loss: 1.8386, Accuracy: 4252/10000 (43%)

Train Epoch: 38 [0/60000 (0%)]	Loss: 1.769377
Train Epoch: 38 [6400/60000 (11%)]	Loss: 1.901196
Train Epoch: 38 [12800/60000 (21%)]	Loss: 1.801141
Train Epoch: 38 [19200/60000 (32%)]	Loss: 1.845601
Train Epoch: 38 [25600/60000 (43%)]	Loss: 1.735131
Train Epoch: 38 [32000/60000 (53%)]	Loss: 1.844090
Train Epoch: 38 [38400/60000 (64%)]	Loss: 1.841304
Train Epoch: 38 [44800/60000 (75%)]	Loss: 1.921800
Train Epoch: 38 [51200/60000 (85%)]	Loss: 1.863400
Train Epoch: 38 [57600/60000 (96%)]	Loss: 1.839946

Test set: Average loss: 1.8528, Accuracy: 4120/10000 (41%)

Train Epoch: 39 [0/60000 (0%)]	Loss: 1.891997
Train Epoch: 39 [6400/60000 (11%)]	Loss: 1.856292
Train Epoch: 39 [12800/60000 (21%)]	Loss: 1.851138
Train Epoch: 39 [19200/60000 (32%)]	Loss: 1.821775
Train Epoch: 39 [25600/60000 (43%)]	Loss: 1.907597
Train Epoch: 39 [32000/60000 (53%)]	Loss: 1.832143
Train Epoch: 39 [38400/60000 (64%)]	Loss: 1.857478
Train Epoch: 39 [44800/60000 (75%)]	Loss: 1.837518
Train Epoch: 39 [51200/60000 (85%)]	Loss: 1.829746
Train Epoch: 39 [57600/60000 (96%)]	Loss: 1.844051

Test set: Average loss: 1.8331, Accuracy: 4459/10000 (45%)

Train Epoch: 40 [0/60000 (0%)]	Loss: 1.744952
Train Epoch: 40 [6400/60000 (11%)]	Loss: 1.900464
Train Epoch: 40 [12800/60000 (21%)]	Loss: 1.796127
Train Epoch: 40 [19200/60000 (32%)]	Loss: 1.903358
Train Epoch: 40 [25600/60000 (43%)]	Loss: 1.933105
Train Epoch: 40 [32000/60000 (53%)]	Loss: 1.908135
Train Epoch: 40 [38400/60000 (64%)]	Loss: 1.849497
Train Epoch: 40 [44800/60000 (75%)]	Loss: 1.819180
Train Epoch: 40 [51200/60000 (85%)]	Loss: 1.874217
Train Epoch: 40 [57600/60000 (96%)]	Loss: 1.908736

Test set: Average loss: 1.8388, Accuracy: 4360/10000 (44%)

Train Epoch: 41 [0/60000 (0%)]	Loss: 1.856089
Train Epoch: 41 [6400/60000 (11%)]	Loss: 1.889746
Train Epoch: 41 [12800/60000 (21%)]	Loss: 1.837612
Train Epoch: 41 [19200/60000 (32%)]	Loss: 1.907306
Train Epoch: 41 [25600/60000 (43%)]	Loss: 1.862021
Train Epoch: 41 [32000/60000 (53%)]	Loss: 1.744753
Train Epoch: 41 [38400/60000 (64%)]	Loss: 1.904731
Train Epoch: 41 [44800/60000 (75%)]	Loss: 1.837095
Train Epoch: 41 [51200/60000 (85%)]	Loss: 1.871471
Train Epoch: 41 [57600/60000 (96%)]	Loss: 1.899412

Test set: Average loss: 1.8326, Accuracy: 4525/10000 (45%)

Train Epoch: 42 [0/60000 (0%)]	Loss: 1.870461
Train Epoch: 42 [6400/60000 (11%)]	Loss: 1.883275
Train Epoch: 42 [12800/60000 (21%)]	Loss: 1.872801
Train Epoch: 42 [19200/60000 (32%)]	Loss: 1.873394
Train Epoch: 42 [25600/60000 (43%)]	Loss: 1.841269
Train Epoch: 42 [32000/60000 (53%)]	Loss: 1.907889
Train Epoch: 42 [38400/60000 (64%)]	Loss: 1.794062
Train Epoch: 42 [44800/60000 (75%)]	Loss: 1.838120
Train Epoch: 42 [51200/60000 (85%)]	Loss: 1.836977
Train Epoch: 42 [57600/60000 (96%)]	Loss: 1.808487

Test set: Average loss: 1.8471, Accuracy: 4241/10000 (42%)

Train Epoch: 43 [0/60000 (0%)]	Loss: 1.859509
Train Epoch: 43 [6400/60000 (11%)]	Loss: 1.802161
Train Epoch: 43 [12800/60000 (21%)]	Loss: 1.833071
Train Epoch: 43 [19200/60000 (32%)]	Loss: 1.850598
Train Epoch: 43 [25600/60000 (43%)]	Loss: 1.877873
Train Epoch: 43 [32000/60000 (53%)]	Loss: 1.807772
Train Epoch: 43 [38400/60000 (64%)]	Loss: 1.978626
Train Epoch: 43 [44800/60000 (75%)]	Loss: 1.791186
Train Epoch: 43 [51200/60000 (85%)]	Loss: 1.834428
Train Epoch: 43 [57600/60000 (96%)]	Loss: 1.772591

Test set: Average loss: 1.8356, Accuracy: 4392/10000 (44%)

Train Epoch: 44 [0/60000 (0%)]	Loss: 1.754810
Train Epoch: 44 [6400/60000 (11%)]	Loss: 1.846942
Train Epoch: 44 [12800/60000 (21%)]	Loss: 1.768303
Train Epoch: 44 [19200/60000 (32%)]	Loss: 1.784744
Train Epoch: 44 [25600/60000 (43%)]	Loss: 1.886330
Train Epoch: 44 [32000/60000 (53%)]	Loss: 1.815146
Train Epoch: 44 [38400/60000 (64%)]	Loss: 1.834970
Train Epoch: 44 [44800/60000 (75%)]	Loss: 1.817539
Train Epoch: 44 [51200/60000 (85%)]	Loss: 1.873890
Train Epoch: 44 [57600/60000 (96%)]	Loss: 1.867968

Test set: Average loss: 1.8205, Accuracy: 4485/10000 (45%)

Train Epoch: 45 [0/60000 (0%)]	Loss: 1.876249
Train Epoch: 45 [6400/60000 (11%)]	Loss: 1.784370
Train Epoch: 45 [12800/60000 (21%)]	Loss: 1.769836
Train Epoch: 45 [19200/60000 (32%)]	Loss: 1.806992
Train Epoch: 45 [25600/60000 (43%)]	Loss: 1.821803
Train Epoch: 45 [32000/60000 (53%)]	Loss: 1.874961
Train Epoch: 45 [38400/60000 (64%)]	Loss: 1.816531
Train Epoch: 45 [44800/60000 (75%)]	Loss: 1.850655
Train Epoch: 45 [51200/60000 (85%)]	Loss: 1.859636
Train Epoch: 45 [57600/60000 (96%)]	Loss: 1.825856

Test set: Average loss: 1.8482, Accuracy: 4193/10000 (42%)

Train Epoch: 46 [0/60000 (0%)]	Loss: 1.828552
Train Epoch: 46 [6400/60000 (11%)]	Loss: 1.772937
Train Epoch: 46 [12800/60000 (21%)]	Loss: 1.832537
Train Epoch: 46 [19200/60000 (32%)]	Loss: 1.893661
Train Epoch: 46 [25600/60000 (43%)]	Loss: 1.905456
Train Epoch: 46 [32000/60000 (53%)]	Loss: 1.842648
Train Epoch: 46 [38400/60000 (64%)]	Loss: 1.744015
Train Epoch: 46 [44800/60000 (75%)]	Loss: 1.832845
Train Epoch: 46 [51200/60000 (85%)]	Loss: 1.858600
Train Epoch: 46 [57600/60000 (96%)]	Loss: 1.824427

Test set: Average loss: 1.7996, Accuracy: 4603/10000 (46%)

Train Epoch: 47 [0/60000 (0%)]	Loss: 1.792770
Train Epoch: 47 [6400/60000 (11%)]	Loss: 1.807235
Train Epoch: 47 [12800/60000 (21%)]	Loss: 1.851859
Train Epoch: 47 [19200/60000 (32%)]	Loss: 1.838637
Train Epoch: 47 [25600/60000 (43%)]	Loss: 1.780679
Train Epoch: 47 [32000/60000 (53%)]	Loss: 1.814359
Train Epoch: 47 [38400/60000 (64%)]	Loss: 1.803882
Train Epoch: 47 [44800/60000 (75%)]	Loss: 1.790074
Train Epoch: 47 [51200/60000 (85%)]	Loss: 1.801507
Train Epoch: 47 [57600/60000 (96%)]	Loss: 1.678255

Test set: Average loss: 1.7971, Accuracy: 4709/10000 (47%)

Train Epoch: 48 [0/60000 (0%)]	Loss: 1.842309
Train Epoch: 48 [6400/60000 (11%)]	Loss: 1.827817
Train Epoch: 48 [12800/60000 (21%)]	Loss: 1.779452
Train Epoch: 48 [19200/60000 (32%)]	Loss: 1.771482
Train Epoch: 48 [25600/60000 (43%)]	Loss: 1.776387
Train Epoch: 48 [32000/60000 (53%)]	Loss: 1.815257
Train Epoch: 48 [38400/60000 (64%)]	Loss: 1.737134
Train Epoch: 48 [44800/60000 (75%)]	Loss: 1.836305
Train Epoch: 48 [51200/60000 (85%)]	Loss: 1.794243
Train Epoch: 48 [57600/60000 (96%)]	Loss: 1.680171

Test set: Average loss: 1.7932, Accuracy: 4612/10000 (46%)

Train Epoch: 49 [0/60000 (0%)]	Loss: 1.712033
Train Epoch: 49 [6400/60000 (11%)]	Loss: 1.698238
Train Epoch: 49 [12800/60000 (21%)]	Loss: 1.698724
Train Epoch: 49 [19200/60000 (32%)]	Loss: 1.685161
Train Epoch: 49 [25600/60000 (43%)]	Loss: 1.689071
Train Epoch: 49 [32000/60000 (53%)]	Loss: 1.727525
Train Epoch: 49 [38400/60000 (64%)]	Loss: 1.692511
Train Epoch: 49 [44800/60000 (75%)]	Loss: 1.745159
Train Epoch: 49 [51200/60000 (85%)]	Loss: 1.678849
Train Epoch: 49 [57600/60000 (96%)]	Loss: 1.756029

Test set: Average loss: 1.7379, Accuracy: 5159/10000 (52%)

Train Epoch: 50 [0/60000 (0%)]	Loss: 1.763109
Train Epoch: 50 [6400/60000 (11%)]	Loss: 1.526676
Train Epoch: 50 [12800/60000 (21%)]	Loss: 1.594620
Train Epoch: 50 [19200/60000 (32%)]	Loss: 1.741732
Train Epoch: 50 [25600/60000 (43%)]	Loss: 1.581895
Train Epoch: 50 [32000/60000 (53%)]	Loss: 1.542472
Train Epoch: 50 [38400/60000 (64%)]	Loss: 1.585305
Train Epoch: 50 [44800/60000 (75%)]	Loss: 1.611620
Train Epoch: 50 [51200/60000 (85%)]	Loss: 1.620064
Train Epoch: 50 [57600/60000 (96%)]	Loss: 1.636174

Test set: Average loss: 1.6013, Accuracy: 6042/10000 (60%)

Namespace(batch_size=64, bias=None, data='../data', device=0, epochs=50, hidden_size=500, load_weights=None, log_interval=100, lr=0.1, milestones=[5, 7], model='redfc2', momentum=0.9, no_cuda=False, r=5, save_model=None, save_results=True, scheduler='cosine', seed=1, sparsity=0.98, use_relu=False, wd=0.0005)


Total time spent pruning/training: 15.98 minutes
Total number of parameters in model: 1991420
Number of parameters in pruned model: 39828
