Namespace(batch_size=64, bias=None, data='../data', device=1, epochs=17, hidden_size=500, load_weights=None, log_interval=100, lr=0.1, model='redfc2', momentum=0.9, no_cuda=False, r=5, save_model=None, save_results=True, seed=1, sparsity=0.75, use_relu=False, wd=0.0005) 

Pruning a Two-Layer Fully Connected Redundant Network ...
Train Epoch: 1 [6336/60000 (11%)]	Loss: 0.493092
Train Epoch: 1 [12736/60000 (21%)]	Loss: 0.383291
Train Epoch: 1 [19136/60000 (32%)]	Loss: 0.497167
Train Epoch: 1 [25536/60000 (43%)]	Loss: 0.248413
Train Epoch: 1 [31936/60000 (53%)]	Loss: 0.251401
Train Epoch: 1 [38336/60000 (64%)]	Loss: 0.200746
Train Epoch: 1 [44736/60000 (75%)]	Loss: 0.233304
Train Epoch: 1 [51136/60000 (85%)]	Loss: 0.142196
Train Epoch: 1 [57536/60000 (96%)]	Loss: 0.163543

Test set: Average loss: 0.2022, Accuracy: 9367/10000 (94%)

Train Epoch: 2 [6336/60000 (11%)]	Loss: 0.066446
Train Epoch: 2 [12736/60000 (21%)]	Loss: 0.277567
Train Epoch: 2 [19136/60000 (32%)]	Loss: 0.123380
Train Epoch: 2 [25536/60000 (43%)]	Loss: 0.096014
Train Epoch: 2 [31936/60000 (53%)]	Loss: 0.101117
Train Epoch: 2 [38336/60000 (64%)]	Loss: 0.154604
Train Epoch: 2 [44736/60000 (75%)]	Loss: 0.210787
Train Epoch: 2 [51136/60000 (85%)]	Loss: 0.243477
Train Epoch: 2 [57536/60000 (96%)]	Loss: 0.329306

Test set: Average loss: 0.1669, Accuracy: 9495/10000 (95%)

Train Epoch: 3 [6336/60000 (11%)]	Loss: 0.147152
Train Epoch: 3 [12736/60000 (21%)]	Loss: 0.118318
Train Epoch: 3 [19136/60000 (32%)]	Loss: 0.179593
Train Epoch: 3 [25536/60000 (43%)]	Loss: 0.181497
Train Epoch: 3 [31936/60000 (53%)]	Loss: 0.367140
Train Epoch: 3 [38336/60000 (64%)]	Loss: 0.215456
Train Epoch: 3 [44736/60000 (75%)]	Loss: 0.240583
Train Epoch: 3 [51136/60000 (85%)]	Loss: 0.165425
Train Epoch: 3 [57536/60000 (96%)]	Loss: 0.380957

Test set: Average loss: 0.1803, Accuracy: 9449/10000 (94%)

Train Epoch: 4 [6336/60000 (11%)]	Loss: 0.108663
Train Epoch: 4 [12736/60000 (21%)]	Loss: 0.382582
Train Epoch: 4 [19136/60000 (32%)]	Loss: 0.099520
Train Epoch: 4 [25536/60000 (43%)]	Loss: 0.172589
Train Epoch: 4 [31936/60000 (53%)]	Loss: 0.367652
Train Epoch: 4 [38336/60000 (64%)]	Loss: 0.145692
Train Epoch: 4 [44736/60000 (75%)]	Loss: 0.096706
Train Epoch: 4 [51136/60000 (85%)]	Loss: 0.104049
Train Epoch: 4 [57536/60000 (96%)]	Loss: 0.280513

Test set: Average loss: 0.1756, Accuracy: 9478/10000 (95%)

Train Epoch: 5 [6336/60000 (11%)]	Loss: 0.152474
Train Epoch: 5 [12736/60000 (21%)]	Loss: 0.298312
Train Epoch: 5 [19136/60000 (32%)]	Loss: 0.131773
Train Epoch: 5 [25536/60000 (43%)]	Loss: 0.250127
Train Epoch: 5 [31936/60000 (53%)]	Loss: 0.121478
Train Epoch: 5 [38336/60000 (64%)]	Loss: 0.242283
Train Epoch: 5 [44736/60000 (75%)]	Loss: 0.116161
Train Epoch: 5 [51136/60000 (85%)]	Loss: 0.256847
Train Epoch: 5 [57536/60000 (96%)]	Loss: 0.112320

Test set: Average loss: 0.1635, Accuracy: 9507/10000 (95%)

Train Epoch: 6 [6336/60000 (11%)]	Loss: 0.170172
Train Epoch: 6 [12736/60000 (21%)]	Loss: 0.116656
Train Epoch: 6 [19136/60000 (32%)]	Loss: 0.145170
Train Epoch: 6 [25536/60000 (43%)]	Loss: 0.130807
Train Epoch: 6 [31936/60000 (53%)]	Loss: 0.084816
Train Epoch: 6 [38336/60000 (64%)]	Loss: 0.200968
Train Epoch: 6 [44736/60000 (75%)]	Loss: 0.110417
Train Epoch: 6 [51136/60000 (85%)]	Loss: 0.108839
Train Epoch: 6 [57536/60000 (96%)]	Loss: 0.175648

Test set: Average loss: 0.1642, Accuracy: 9499/10000 (95%)

Train Epoch: 7 [6336/60000 (11%)]	Loss: 0.179924
Train Epoch: 7 [12736/60000 (21%)]	Loss: 0.091710
Train Epoch: 7 [19136/60000 (32%)]	Loss: 0.236738
Train Epoch: 7 [25536/60000 (43%)]	Loss: 0.116846
Train Epoch: 7 [31936/60000 (53%)]	Loss: 0.108761
Train Epoch: 7 [38336/60000 (64%)]	Loss: 0.135848
Train Epoch: 7 [44736/60000 (75%)]	Loss: 0.216463
Train Epoch: 7 [51136/60000 (85%)]	Loss: 0.084279
Train Epoch: 7 [57536/60000 (96%)]	Loss: 0.212641

Test set: Average loss: 0.1942, Accuracy: 9381/10000 (94%)

Train Epoch: 8 [6336/60000 (11%)]	Loss: 0.298801
Train Epoch: 8 [12736/60000 (21%)]	Loss: 0.160610
Train Epoch: 8 [19136/60000 (32%)]	Loss: 0.152226
Train Epoch: 8 [25536/60000 (43%)]	Loss: 0.270464
Train Epoch: 8 [31936/60000 (53%)]	Loss: 0.175162
Train Epoch: 8 [38336/60000 (64%)]	Loss: 0.056465
Train Epoch: 8 [44736/60000 (75%)]	Loss: 0.451245
Train Epoch: 8 [51136/60000 (85%)]	Loss: 0.292389
Train Epoch: 8 [57536/60000 (96%)]	Loss: 0.126798

Test set: Average loss: 0.2237, Accuracy: 9341/10000 (93%)

Train Epoch: 9 [6336/60000 (11%)]	Loss: 0.134962
Train Epoch: 9 [12736/60000 (21%)]	Loss: 0.163826
Train Epoch: 9 [19136/60000 (32%)]	Loss: 0.188338
Train Epoch: 9 [25536/60000 (43%)]	Loss: 0.235498
Train Epoch: 9 [31936/60000 (53%)]	Loss: 0.210621
Train Epoch: 9 [38336/60000 (64%)]	Loss: 0.207015
Train Epoch: 9 [44736/60000 (75%)]	Loss: 0.274176
Train Epoch: 9 [51136/60000 (85%)]	Loss: 0.487085
Train Epoch: 9 [57536/60000 (96%)]	Loss: 0.108804

Test set: Average loss: 0.2111, Accuracy: 9331/10000 (93%)

Train Epoch: 10 [6336/60000 (11%)]	Loss: 0.268636
Train Epoch: 10 [12736/60000 (21%)]	Loss: 0.172028
Train Epoch: 10 [19136/60000 (32%)]	Loss: 0.325885
Train Epoch: 10 [25536/60000 (43%)]	Loss: 0.121904
Train Epoch: 10 [31936/60000 (53%)]	Loss: 0.113068
Train Epoch: 10 [38336/60000 (64%)]	Loss: 0.226182
Train Epoch: 10 [44736/60000 (75%)]	Loss: 0.190195
Train Epoch: 10 [51136/60000 (85%)]	Loss: 0.159527
Train Epoch: 10 [57536/60000 (96%)]	Loss: 0.149691

Test set: Average loss: 0.2037, Accuracy: 9360/10000 (94%)

Train Epoch: 11 [6336/60000 (11%)]	Loss: 0.177926
Train Epoch: 11 [12736/60000 (21%)]	Loss: 0.098237
Train Epoch: 11 [19136/60000 (32%)]	Loss: 0.122610
Train Epoch: 11 [25536/60000 (43%)]	Loss: 0.185126
Train Epoch: 11 [31936/60000 (53%)]	Loss: 0.240551
Train Epoch: 11 [38336/60000 (64%)]	Loss: 0.144968
Train Epoch: 11 [44736/60000 (75%)]	Loss: 0.204057
Train Epoch: 11 [51136/60000 (85%)]	Loss: 0.242374
Train Epoch: 11 [57536/60000 (96%)]	Loss: 0.156071

Test set: Average loss: 0.2337, Accuracy: 9267/10000 (93%)

Train Epoch: 12 [6336/60000 (11%)]	Loss: 0.140836
Train Epoch: 12 [12736/60000 (21%)]	Loss: 0.139207
Train Epoch: 12 [19136/60000 (32%)]	Loss: 0.157447
Train Epoch: 12 [25536/60000 (43%)]	Loss: 0.055962
Train Epoch: 12 [31936/60000 (53%)]	Loss: 0.193639
Train Epoch: 12 [38336/60000 (64%)]	Loss: 0.197361
Train Epoch: 12 [44736/60000 (75%)]	Loss: 0.191905
Train Epoch: 12 [51136/60000 (85%)]	Loss: 0.164711
Train Epoch: 12 [57536/60000 (96%)]	Loss: 0.038140

Test set: Average loss: 0.1858, Accuracy: 9396/10000 (94%)

Train Epoch: 13 [6336/60000 (11%)]	Loss: 0.131377
Train Epoch: 13 [12736/60000 (21%)]	Loss: 0.190831
Train Epoch: 13 [19136/60000 (32%)]	Loss: 0.136021
Train Epoch: 13 [25536/60000 (43%)]	Loss: 0.108953
Train Epoch: 13 [31936/60000 (53%)]	Loss: 0.204820
Train Epoch: 13 [38336/60000 (64%)]	Loss: 0.340123
Train Epoch: 13 [44736/60000 (75%)]	Loss: 0.112702
Train Epoch: 13 [51136/60000 (85%)]	Loss: 0.175601
Train Epoch: 13 [57536/60000 (96%)]	Loss: 0.124407

Test set: Average loss: 0.1385, Accuracy: 9578/10000 (96%)

Train Epoch: 14 [6336/60000 (11%)]	Loss: 0.019734
Train Epoch: 14 [12736/60000 (21%)]	Loss: 0.087170
Train Epoch: 14 [19136/60000 (32%)]	Loss: 0.064012
Train Epoch: 14 [25536/60000 (43%)]	Loss: 0.034453
Train Epoch: 14 [31936/60000 (53%)]	Loss: 0.024298
Train Epoch: 14 [38336/60000 (64%)]	Loss: 0.112569
Train Epoch: 14 [44736/60000 (75%)]	Loss: 0.078062
Train Epoch: 14 [51136/60000 (85%)]	Loss: 0.059423
Train Epoch: 14 [57536/60000 (96%)]	Loss: 0.059916

Test set: Average loss: 0.1224, Accuracy: 9603/10000 (96%)

Train Epoch: 15 [6336/60000 (11%)]	Loss: 0.013318
Train Epoch: 15 [12736/60000 (21%)]	Loss: 0.038479
Train Epoch: 15 [19136/60000 (32%)]	Loss: 0.117502
Train Epoch: 15 [25536/60000 (43%)]	Loss: 0.043844
Train Epoch: 15 [31936/60000 (53%)]	Loss: 0.077236
Train Epoch: 15 [38336/60000 (64%)]	Loss: 0.128199
Train Epoch: 15 [44736/60000 (75%)]	Loss: 0.061352
Train Epoch: 15 [51136/60000 (85%)]	Loss: 0.316769
Train Epoch: 15 [57536/60000 (96%)]	Loss: 0.072367

Test set: Average loss: 0.0919, Accuracy: 9727/10000 (97%)

Train Epoch: 16 [6336/60000 (11%)]	Loss: 0.153136
Train Epoch: 16 [12736/60000 (21%)]	Loss: 0.054663
Train Epoch: 16 [19136/60000 (32%)]	Loss: 0.013336
Train Epoch: 16 [25536/60000 (43%)]	Loss: 0.108636
Train Epoch: 16 [31936/60000 (53%)]	Loss: 0.054469
Train Epoch: 16 [38336/60000 (64%)]	Loss: 0.033400
Train Epoch: 16 [44736/60000 (75%)]	Loss: 0.036595
Train Epoch: 16 [51136/60000 (85%)]	Loss: 0.067596
Train Epoch: 16 [57536/60000 (96%)]	Loss: 0.033529

Test set: Average loss: 0.0869, Accuracy: 9736/10000 (97%)

Train Epoch: 17 [6336/60000 (11%)]	Loss: 0.067882
Train Epoch: 17 [12736/60000 (21%)]	Loss: 0.030248
Train Epoch: 17 [19136/60000 (32%)]	Loss: 0.033206
Train Epoch: 17 [25536/60000 (43%)]	Loss: 0.008362
Train Epoch: 17 [31936/60000 (53%)]	Loss: 0.099288
Train Epoch: 17 [38336/60000 (64%)]	Loss: 0.010818
Train Epoch: 17 [44736/60000 (75%)]	Loss: 0.009093
Train Epoch: 17 [51136/60000 (85%)]	Loss: 0.080859
Train Epoch: 17 [57536/60000 (96%)]	Loss: 0.024231

Test set: Average loss: 0.0848, Accuracy: 9740/10000 (97%)

Namespace(batch_size=64, bias=None, data='../data', device=1, epochs=17, hidden_size=500, load_weights=None, log_interval=100, lr=0.1, model='redfc2', momentum=0.9, no_cuda=False, r=5, save_model=None, save_results=True, seed=1, sparsity=0.75, use_relu=False, wd=0.0005)


Total time spent pruning/training: 1.79 minutes
Total number of parameters in model: 1991420
Number of parameters in pruned model: 497855
