Namespace(batch_size=64, bias=None, data='../data', device=1, epochs=11, hidden_size=500, load_weights=None, log_interval=100, lr=0.1, model='redfc2', momentum=0.9, no_cuda=False, r=5, save_model=None, save_results=True, seed=1, sparsity=0.99, use_relu=False, wd=0.0005) 

Pruning a Two-Layer Fully Connected Redundant Network ...
Train Epoch: 1 [6336/60000 (11%)]	Loss: 2.302585
Train Epoch: 1 [12736/60000 (21%)]	Loss: 2.302585
Train Epoch: 1 [19136/60000 (32%)]	Loss: 2.302585
Train Epoch: 1 [25536/60000 (43%)]	Loss: 2.302585
Train Epoch: 1 [31936/60000 (53%)]	Loss: 2.302585
Train Epoch: 1 [38336/60000 (64%)]	Loss: 2.302585
Train Epoch: 1 [44736/60000 (75%)]	Loss: 2.302552
Train Epoch: 1 [51136/60000 (85%)]	Loss: 2.302529
Train Epoch: 1 [57536/60000 (96%)]	Loss: 2.302541

Test set: Average loss: 2.3024, Accuracy: 1007/10000 (10%)

Train Epoch: 2 [6336/60000 (11%)]	Loss: 2.302104
Train Epoch: 2 [12736/60000 (21%)]	Loss: 2.300205
Train Epoch: 2 [19136/60000 (32%)]	Loss: 2.299778
Train Epoch: 2 [25536/60000 (43%)]	Loss: 2.301467
Train Epoch: 2 [31936/60000 (53%)]	Loss: 2.300534
Train Epoch: 2 [38336/60000 (64%)]	Loss: 2.299649
Train Epoch: 2 [44736/60000 (75%)]	Loss: 2.297953
Train Epoch: 2 [51136/60000 (85%)]	Loss: 2.283823
Train Epoch: 2 [57536/60000 (96%)]	Loss: 2.306547

Test set: Average loss: 2.2790, Accuracy: 1497/10000 (15%)

Train Epoch: 3 [6336/60000 (11%)]	Loss: 2.268486
Train Epoch: 3 [12736/60000 (21%)]	Loss: 2.274538
Train Epoch: 3 [19136/60000 (32%)]	Loss: 2.276103
Train Epoch: 3 [25536/60000 (43%)]	Loss: 2.277617
Train Epoch: 3 [31936/60000 (53%)]	Loss: 2.274078
Train Epoch: 3 [38336/60000 (64%)]	Loss: 2.275926
Train Epoch: 3 [44736/60000 (75%)]	Loss: 2.261236
Train Epoch: 3 [51136/60000 (85%)]	Loss: 2.284217
Train Epoch: 3 [57536/60000 (96%)]	Loss: 2.275191

Test set: Average loss: 2.2601, Accuracy: 1884/10000 (19%)

Train Epoch: 4 [6336/60000 (11%)]	Loss: 2.286111
Train Epoch: 4 [12736/60000 (21%)]	Loss: 2.280381
Train Epoch: 4 [19136/60000 (32%)]	Loss: 2.250919
Train Epoch: 4 [25536/60000 (43%)]	Loss: 2.247445
Train Epoch: 4 [31936/60000 (53%)]	Loss: 2.224959
Train Epoch: 4 [38336/60000 (64%)]	Loss: 2.279444
Train Epoch: 4 [44736/60000 (75%)]	Loss: 2.254887
Train Epoch: 4 [51136/60000 (85%)]	Loss: 2.293114
Train Epoch: 4 [57536/60000 (96%)]	Loss: 2.252957

Test set: Average loss: 2.2530, Accuracy: 1906/10000 (19%)

Train Epoch: 5 [6336/60000 (11%)]	Loss: 2.247976
Train Epoch: 5 [12736/60000 (21%)]	Loss: 2.198560
Train Epoch: 5 [19136/60000 (32%)]	Loss: 2.249642
Train Epoch: 5 [25536/60000 (43%)]	Loss: 2.213922
Train Epoch: 5 [31936/60000 (53%)]	Loss: 2.233063
Train Epoch: 5 [38336/60000 (64%)]	Loss: 2.220049
Train Epoch: 5 [44736/60000 (75%)]	Loss: 2.197541
Train Epoch: 5 [51136/60000 (85%)]	Loss: 2.232735
Train Epoch: 5 [57536/60000 (96%)]	Loss: 2.230354

Test set: Average loss: 2.2412, Accuracy: 2291/10000 (23%)

Train Epoch: 6 [6336/60000 (11%)]	Loss: 2.235696
Train Epoch: 6 [12736/60000 (21%)]	Loss: 2.237273
Train Epoch: 6 [19136/60000 (32%)]	Loss: 2.202828
Train Epoch: 6 [25536/60000 (43%)]	Loss: 2.245400
Train Epoch: 6 [31936/60000 (53%)]	Loss: 2.224147
Train Epoch: 6 [38336/60000 (64%)]	Loss: 2.261170
Train Epoch: 6 [44736/60000 (75%)]	Loss: 2.215145
Train Epoch: 6 [51136/60000 (85%)]	Loss: 2.219445
Train Epoch: 6 [57536/60000 (96%)]	Loss: 2.207385

Test set: Average loss: 2.2078, Accuracy: 2616/10000 (26%)

Train Epoch: 7 [6336/60000 (11%)]	Loss: 2.178966
Train Epoch: 7 [12736/60000 (21%)]	Loss: 2.210783
Train Epoch: 7 [19136/60000 (32%)]	Loss: 2.202185
Train Epoch: 7 [25536/60000 (43%)]	Loss: 2.221764
Train Epoch: 7 [31936/60000 (53%)]	Loss: 2.192482
Train Epoch: 7 [38336/60000 (64%)]	Loss: 2.221694
Train Epoch: 7 [44736/60000 (75%)]	Loss: 2.206365
Train Epoch: 7 [51136/60000 (85%)]	Loss: 2.232094
Train Epoch: 7 [57536/60000 (96%)]	Loss: 2.190787

Test set: Average loss: 2.2130, Accuracy: 2784/10000 (28%)

Train Epoch: 8 [6336/60000 (11%)]	Loss: 2.258518
Train Epoch: 8 [12736/60000 (21%)]	Loss: 2.182037
Train Epoch: 8 [19136/60000 (32%)]	Loss: 2.243537
Train Epoch: 8 [25536/60000 (43%)]	Loss: 2.225050
Train Epoch: 8 [31936/60000 (53%)]	Loss: 2.217239
Train Epoch: 8 [38336/60000 (64%)]	Loss: 2.190353
Train Epoch: 8 [44736/60000 (75%)]	Loss: 2.194020
Train Epoch: 8 [51136/60000 (85%)]	Loss: 2.185158
Train Epoch: 8 [57536/60000 (96%)]	Loss: 2.221775

Test set: Average loss: 2.1968, Accuracy: 2799/10000 (28%)

Train Epoch: 9 [6336/60000 (11%)]	Loss: 2.134532
Train Epoch: 9 [12736/60000 (21%)]	Loss: 2.178226
Train Epoch: 9 [19136/60000 (32%)]	Loss: 2.204917
Train Epoch: 9 [25536/60000 (43%)]	Loss: 2.188406
Train Epoch: 9 [31936/60000 (53%)]	Loss: 2.211948
Train Epoch: 9 [38336/60000 (64%)]	Loss: 2.226424
Train Epoch: 9 [44736/60000 (75%)]	Loss: 2.196459
Train Epoch: 9 [51136/60000 (85%)]	Loss: 2.191667
Train Epoch: 9 [57536/60000 (96%)]	Loss: 2.191646

Test set: Average loss: 2.1945, Accuracy: 2831/10000 (28%)

Train Epoch: 10 [6336/60000 (11%)]	Loss: 2.163139
Train Epoch: 10 [12736/60000 (21%)]	Loss: 2.190776
Train Epoch: 10 [19136/60000 (32%)]	Loss: 2.191871
Train Epoch: 10 [25536/60000 (43%)]	Loss: 2.219546
Train Epoch: 10 [31936/60000 (53%)]	Loss: 2.221806
Train Epoch: 10 [38336/60000 (64%)]	Loss: 2.197529
Train Epoch: 10 [44736/60000 (75%)]	Loss: 2.228039
Train Epoch: 10 [51136/60000 (85%)]	Loss: 2.184956
Train Epoch: 10 [57536/60000 (96%)]	Loss: 2.237066

Test set: Average loss: 2.1949, Accuracy: 2848/10000 (28%)

Train Epoch: 11 [6336/60000 (11%)]	Loss: 2.179576
Train Epoch: 11 [12736/60000 (21%)]	Loss: 2.189997
Train Epoch: 11 [19136/60000 (32%)]	Loss: 2.196483
Train Epoch: 11 [25536/60000 (43%)]	Loss: 2.217059
Train Epoch: 11 [31936/60000 (53%)]	Loss: 2.206567
Train Epoch: 11 [38336/60000 (64%)]	Loss: 2.176962
Train Epoch: 11 [44736/60000 (75%)]	Loss: 2.230975
Train Epoch: 11 [51136/60000 (85%)]	Loss: 2.203539
Train Epoch: 11 [57536/60000 (96%)]	Loss: 2.209505

Test set: Average loss: 2.1937, Accuracy: 2656/10000 (27%)

Namespace(batch_size=64, bias=None, data='../data', device=1, epochs=11, hidden_size=500, load_weights=None, log_interval=100, lr=0.1, model='redfc2', momentum=0.9, no_cuda=False, r=5, save_model=None, save_results=True, seed=1, sparsity=0.99, use_relu=False, wd=0.0005)


Total time spent pruning/training: 1.21 minutes
Total number of parameters in model: 1991420
Number of parameters in pruned model: 19914
