Namespace(batch_size=64, bias=None, data='../data', device=1, epochs=16, hidden_size=500, load_weights=None, log_interval=100, lr=0.1, model='redfc2', momentum=0.9, no_cuda=False, r=5, save_model=None, save_results=True, seed=1, sparsity=0.75, use_relu=False, wd=0.0005) 

Pruning a Two-Layer Fully Connected Redundant Network ...
Train Epoch: 1 [6336/60000 (11%)]	Loss: 0.493092
Train Epoch: 1 [12736/60000 (21%)]	Loss: 0.383291
Train Epoch: 1 [19136/60000 (32%)]	Loss: 0.497167
Train Epoch: 1 [25536/60000 (43%)]	Loss: 0.248413
Train Epoch: 1 [31936/60000 (53%)]	Loss: 0.251401
Train Epoch: 1 [38336/60000 (64%)]	Loss: 0.200746
Train Epoch: 1 [44736/60000 (75%)]	Loss: 0.233304
Train Epoch: 1 [51136/60000 (85%)]	Loss: 0.142196
Train Epoch: 1 [57536/60000 (96%)]	Loss: 0.163543

Test set: Average loss: 0.2022, Accuracy: 9367/10000 (94%)

Train Epoch: 2 [6336/60000 (11%)]	Loss: 0.067898
Train Epoch: 2 [12736/60000 (21%)]	Loss: 0.306941
Train Epoch: 2 [19136/60000 (32%)]	Loss: 0.091647
Train Epoch: 2 [25536/60000 (43%)]	Loss: 0.158512
Train Epoch: 2 [31936/60000 (53%)]	Loss: 0.118563
Train Epoch: 2 [38336/60000 (64%)]	Loss: 0.136655
Train Epoch: 2 [44736/60000 (75%)]	Loss: 0.194300
Train Epoch: 2 [51136/60000 (85%)]	Loss: 0.209709
Train Epoch: 2 [57536/60000 (96%)]	Loss: 0.305181

Test set: Average loss: 0.1683, Accuracy: 9480/10000 (95%)

Train Epoch: 3 [6336/60000 (11%)]	Loss: 0.108072
Train Epoch: 3 [12736/60000 (21%)]	Loss: 0.238916
Train Epoch: 3 [19136/60000 (32%)]	Loss: 0.243078
Train Epoch: 3 [25536/60000 (43%)]	Loss: 0.127506
Train Epoch: 3 [31936/60000 (53%)]	Loss: 0.383258
Train Epoch: 3 [38336/60000 (64%)]	Loss: 0.232833
Train Epoch: 3 [44736/60000 (75%)]	Loss: 0.288082
Train Epoch: 3 [51136/60000 (85%)]	Loss: 0.158019
Train Epoch: 3 [57536/60000 (96%)]	Loss: 0.373273

Test set: Average loss: 0.1777, Accuracy: 9465/10000 (95%)

Train Epoch: 4 [6336/60000 (11%)]	Loss: 0.114837
Train Epoch: 4 [12736/60000 (21%)]	Loss: 0.302858
Train Epoch: 4 [19136/60000 (32%)]	Loss: 0.110072
Train Epoch: 4 [25536/60000 (43%)]	Loss: 0.135293
Train Epoch: 4 [31936/60000 (53%)]	Loss: 0.316275
Train Epoch: 4 [38336/60000 (64%)]	Loss: 0.269538
Train Epoch: 4 [44736/60000 (75%)]	Loss: 0.116305
Train Epoch: 4 [51136/60000 (85%)]	Loss: 0.131007
Train Epoch: 4 [57536/60000 (96%)]	Loss: 0.207416

Test set: Average loss: 0.1768, Accuracy: 9446/10000 (94%)

Train Epoch: 5 [6336/60000 (11%)]	Loss: 0.146702
Train Epoch: 5 [12736/60000 (21%)]	Loss: 0.121916
Train Epoch: 5 [19136/60000 (32%)]	Loss: 0.251480
Train Epoch: 5 [25536/60000 (43%)]	Loss: 0.306105
Train Epoch: 5 [31936/60000 (53%)]	Loss: 0.119847
Train Epoch: 5 [38336/60000 (64%)]	Loss: 0.174824
Train Epoch: 5 [44736/60000 (75%)]	Loss: 0.106607
Train Epoch: 5 [51136/60000 (85%)]	Loss: 0.246719
Train Epoch: 5 [57536/60000 (96%)]	Loss: 0.133844

Test set: Average loss: 0.1769, Accuracy: 9446/10000 (94%)

Train Epoch: 6 [6336/60000 (11%)]	Loss: 0.098439
Train Epoch: 6 [12736/60000 (21%)]	Loss: 0.124180
Train Epoch: 6 [19136/60000 (32%)]	Loss: 0.120613
Train Epoch: 6 [25536/60000 (43%)]	Loss: 0.090215
Train Epoch: 6 [31936/60000 (53%)]	Loss: 0.106417
Train Epoch: 6 [38336/60000 (64%)]	Loss: 0.149090
Train Epoch: 6 [44736/60000 (75%)]	Loss: 0.079556
Train Epoch: 6 [51136/60000 (85%)]	Loss: 0.040040
Train Epoch: 6 [57536/60000 (96%)]	Loss: 0.220398

Test set: Average loss: 0.1760, Accuracy: 9450/10000 (94%)

Train Epoch: 7 [6336/60000 (11%)]	Loss: 0.157786
Train Epoch: 7 [12736/60000 (21%)]	Loss: 0.164374
Train Epoch: 7 [19136/60000 (32%)]	Loss: 0.198455
Train Epoch: 7 [25536/60000 (43%)]	Loss: 0.086387
Train Epoch: 7 [31936/60000 (53%)]	Loss: 0.064805
Train Epoch: 7 [38336/60000 (64%)]	Loss: 0.168650
Train Epoch: 7 [44736/60000 (75%)]	Loss: 0.357089
Train Epoch: 7 [51136/60000 (85%)]	Loss: 0.162724
Train Epoch: 7 [57536/60000 (96%)]	Loss: 0.193296

Test set: Average loss: 0.2077, Accuracy: 9334/10000 (93%)

Train Epoch: 8 [6336/60000 (11%)]	Loss: 0.328288
Train Epoch: 8 [12736/60000 (21%)]	Loss: 0.224671
Train Epoch: 8 [19136/60000 (32%)]	Loss: 0.125971
Train Epoch: 8 [25536/60000 (43%)]	Loss: 0.167322
Train Epoch: 8 [31936/60000 (53%)]	Loss: 0.211138
Train Epoch: 8 [38336/60000 (64%)]	Loss: 0.071951
Train Epoch: 8 [44736/60000 (75%)]	Loss: 0.380919
Train Epoch: 8 [51136/60000 (85%)]	Loss: 0.085668
Train Epoch: 8 [57536/60000 (96%)]	Loss: 0.121351

Test set: Average loss: 0.2055, Accuracy: 9368/10000 (94%)

Train Epoch: 9 [6336/60000 (11%)]	Loss: 0.166435
Train Epoch: 9 [12736/60000 (21%)]	Loss: 0.142220
Train Epoch: 9 [19136/60000 (32%)]	Loss: 0.110761
Train Epoch: 9 [25536/60000 (43%)]	Loss: 0.325703
Train Epoch: 9 [31936/60000 (53%)]	Loss: 0.083170
Train Epoch: 9 [38336/60000 (64%)]	Loss: 0.203860
Train Epoch: 9 [44736/60000 (75%)]	Loss: 0.214555
Train Epoch: 9 [51136/60000 (85%)]	Loss: 0.288008
Train Epoch: 9 [57536/60000 (96%)]	Loss: 0.124808

Test set: Average loss: 0.1908, Accuracy: 9395/10000 (94%)

Train Epoch: 10 [6336/60000 (11%)]	Loss: 0.197833
Train Epoch: 10 [12736/60000 (21%)]	Loss: 0.124124
Train Epoch: 10 [19136/60000 (32%)]	Loss: 0.169446
Train Epoch: 10 [25536/60000 (43%)]	Loss: 0.103141
Train Epoch: 10 [31936/60000 (53%)]	Loss: 0.129972
Train Epoch: 10 [38336/60000 (64%)]	Loss: 0.157186
Train Epoch: 10 [44736/60000 (75%)]	Loss: 0.160989
Train Epoch: 10 [51136/60000 (85%)]	Loss: 0.153812
Train Epoch: 10 [57536/60000 (96%)]	Loss: 0.116918

Test set: Average loss: 0.1610, Accuracy: 9492/10000 (95%)

Train Epoch: 11 [6336/60000 (11%)]	Loss: 0.095037
Train Epoch: 11 [12736/60000 (21%)]	Loss: 0.127047
Train Epoch: 11 [19136/60000 (32%)]	Loss: 0.166180
Train Epoch: 11 [25536/60000 (43%)]	Loss: 0.096796
Train Epoch: 11 [31936/60000 (53%)]	Loss: 0.157633
Train Epoch: 11 [38336/60000 (64%)]	Loss: 0.062598
Train Epoch: 11 [44736/60000 (75%)]	Loss: 0.271102
Train Epoch: 11 [51136/60000 (85%)]	Loss: 0.221435
Train Epoch: 11 [57536/60000 (96%)]	Loss: 0.153528

Test set: Average loss: 0.1579, Accuracy: 9510/10000 (95%)

Train Epoch: 12 [6336/60000 (11%)]	Loss: 0.116276
Train Epoch: 12 [12736/60000 (21%)]	Loss: 0.072355
Train Epoch: 12 [19136/60000 (32%)]	Loss: 0.036759
Train Epoch: 12 [25536/60000 (43%)]	Loss: 0.029554
Train Epoch: 12 [31936/60000 (53%)]	Loss: 0.047842
Train Epoch: 12 [38336/60000 (64%)]	Loss: 0.128395
Train Epoch: 12 [44736/60000 (75%)]	Loss: 0.185205
Train Epoch: 12 [51136/60000 (85%)]	Loss: 0.132416
Train Epoch: 12 [57536/60000 (96%)]	Loss: 0.032514

Test set: Average loss: 0.1413, Accuracy: 9567/10000 (96%)

Train Epoch: 13 [6336/60000 (11%)]	Loss: 0.162321
Train Epoch: 13 [12736/60000 (21%)]	Loss: 0.183652
Train Epoch: 13 [19136/60000 (32%)]	Loss: 0.144692
Train Epoch: 13 [25536/60000 (43%)]	Loss: 0.101708
Train Epoch: 13 [31936/60000 (53%)]	Loss: 0.169277
Train Epoch: 13 [38336/60000 (64%)]	Loss: 0.226101
Train Epoch: 13 [44736/60000 (75%)]	Loss: 0.027710
Train Epoch: 13 [51136/60000 (85%)]	Loss: 0.139881
Train Epoch: 13 [57536/60000 (96%)]	Loss: 0.058979

Test set: Average loss: 0.1085, Accuracy: 9660/10000 (97%)

Train Epoch: 14 [6336/60000 (11%)]	Loss: 0.011605
Train Epoch: 14 [12736/60000 (21%)]	Loss: 0.092116
Train Epoch: 14 [19136/60000 (32%)]	Loss: 0.020054
Train Epoch: 14 [25536/60000 (43%)]	Loss: 0.019693
Train Epoch: 14 [31936/60000 (53%)]	Loss: 0.016114
Train Epoch: 14 [38336/60000 (64%)]	Loss: 0.056929
Train Epoch: 14 [44736/60000 (75%)]	Loss: 0.051877
Train Epoch: 14 [51136/60000 (85%)]	Loss: 0.017457
Train Epoch: 14 [57536/60000 (96%)]	Loss: 0.051065

Test set: Average loss: 0.0933, Accuracy: 9706/10000 (97%)

Train Epoch: 15 [6336/60000 (11%)]	Loss: 0.006276
Train Epoch: 15 [12736/60000 (21%)]	Loss: 0.025721
Train Epoch: 15 [19136/60000 (32%)]	Loss: 0.047870
Train Epoch: 15 [25536/60000 (43%)]	Loss: 0.018655
Train Epoch: 15 [31936/60000 (53%)]	Loss: 0.026645
Train Epoch: 15 [38336/60000 (64%)]	Loss: 0.031075
Train Epoch: 15 [44736/60000 (75%)]	Loss: 0.054816
Train Epoch: 15 [51136/60000 (85%)]	Loss: 0.155196
Train Epoch: 15 [57536/60000 (96%)]	Loss: 0.017337

Test set: Average loss: 0.0740, Accuracy: 9768/10000 (98%)

Train Epoch: 16 [6336/60000 (11%)]	Loss: 0.075639
Train Epoch: 16 [12736/60000 (21%)]	Loss: 0.046580
Train Epoch: 16 [19136/60000 (32%)]	Loss: 0.019895
Train Epoch: 16 [25536/60000 (43%)]	Loss: 0.056018
Train Epoch: 16 [31936/60000 (53%)]	Loss: 0.096767
Train Epoch: 16 [38336/60000 (64%)]	Loss: 0.018404
Train Epoch: 16 [44736/60000 (75%)]	Loss: 0.047887
Train Epoch: 16 [51136/60000 (85%)]	Loss: 0.035969
Train Epoch: 16 [57536/60000 (96%)]	Loss: 0.022690

Test set: Average loss: 0.0719, Accuracy: 9777/10000 (98%)

Namespace(batch_size=64, bias=None, data='../data', device=1, epochs=16, hidden_size=500, load_weights=None, log_interval=100, lr=0.1, model='redfc2', momentum=0.9, no_cuda=False, r=5, save_model=None, save_results=True, seed=1, sparsity=0.75, use_relu=False, wd=0.0005)


Total time spent pruning/training: 1.68 minutes
Total number of parameters in model: 1991420
Number of parameters in pruned model: 497855
