Namespace(batch_size=64, bias=None, data='../data', device=1, epochs=150, hidden_size=500, load_weights=None, log_interval=100, lr=0.1, model='redfc2', momentum=0.9, no_cuda=False, r=5, save_model=None, save_results=True, seed=1, sparsity=0.5, use_relu=True, wd=0.0005) 

Pruning a Two-Layer Fully Connected Redundant Network ...
Train Epoch: 1 [6336/60000 (11%)]	Loss: 0.608760
Train Epoch: 1 [12736/60000 (21%)]	Loss: 0.459584
Train Epoch: 1 [19136/60000 (32%)]	Loss: 0.597425
Train Epoch: 1 [25536/60000 (43%)]	Loss: 0.285862
Train Epoch: 1 [31936/60000 (53%)]	Loss: 0.320813
Train Epoch: 1 [38336/60000 (64%)]	Loss: 0.236409
Train Epoch: 1 [44736/60000 (75%)]	Loss: 0.217564
Train Epoch: 1 [51136/60000 (85%)]	Loss: 0.218027
Train Epoch: 1 [57536/60000 (96%)]	Loss: 0.190102

Test set: Average loss: 0.2210, Accuracy: 9341/10000 (93%)

Train Epoch: 2 [6336/60000 (11%)]	Loss: 0.139047
Train Epoch: 2 [12736/60000 (21%)]	Loss: 0.319150
Train Epoch: 2 [19136/60000 (32%)]	Loss: 0.100631
Train Epoch: 2 [25536/60000 (43%)]	Loss: 0.215201
Train Epoch: 2 [31936/60000 (53%)]	Loss: 0.157599
Train Epoch: 2 [38336/60000 (64%)]	Loss: 0.294625
Train Epoch: 2 [44736/60000 (75%)]	Loss: 0.236737
Train Epoch: 2 [51136/60000 (85%)]	Loss: 0.290755
Train Epoch: 2 [57536/60000 (96%)]	Loss: 0.254029

Test set: Average loss: 0.2015, Accuracy: 9390/10000 (94%)

Train Epoch: 3 [6336/60000 (11%)]	Loss: 0.118705
Train Epoch: 3 [12736/60000 (21%)]	Loss: 0.143404
Train Epoch: 3 [19136/60000 (32%)]	Loss: 0.163499
Train Epoch: 3 [25536/60000 (43%)]	Loss: 0.208778
Train Epoch: 3 [31936/60000 (53%)]	Loss: 0.288901
Train Epoch: 3 [38336/60000 (64%)]	Loss: 0.256776
Train Epoch: 3 [44736/60000 (75%)]	Loss: 0.328951
Train Epoch: 3 [51136/60000 (85%)]	Loss: 0.296443
Train Epoch: 3 [57536/60000 (96%)]	Loss: 0.450309

Test set: Average loss: 0.2095, Accuracy: 9370/10000 (94%)

Train Epoch: 4 [6336/60000 (11%)]	Loss: 0.124209
Train Epoch: 4 [12736/60000 (21%)]	Loss: 0.398929
Train Epoch: 4 [19136/60000 (32%)]	Loss: 0.185416
Train Epoch: 4 [25536/60000 (43%)]	Loss: 0.176171
Train Epoch: 4 [31936/60000 (53%)]	Loss: 0.357983
Train Epoch: 4 [38336/60000 (64%)]	Loss: 0.273642
Train Epoch: 4 [44736/60000 (75%)]	Loss: 0.259115
Train Epoch: 4 [51136/60000 (85%)]	Loss: 0.220337
Train Epoch: 4 [57536/60000 (96%)]	Loss: 0.228708

Test set: Average loss: 0.2048, Accuracy: 9393/10000 (94%)

Train Epoch: 5 [6336/60000 (11%)]	Loss: 0.263001
Train Epoch: 5 [12736/60000 (21%)]	Loss: 0.154246
Train Epoch: 5 [19136/60000 (32%)]	Loss: 0.230602
Train Epoch: 5 [25536/60000 (43%)]	Loss: 0.325751
Train Epoch: 5 [31936/60000 (53%)]	Loss: 0.098129
Train Epoch: 5 [38336/60000 (64%)]	Loss: 0.268712
Train Epoch: 5 [44736/60000 (75%)]	Loss: 0.132883
Train Epoch: 5 [51136/60000 (85%)]	Loss: 0.248055
Train Epoch: 5 [57536/60000 (96%)]	Loss: 0.183512

Test set: Average loss: 0.2063, Accuracy: 9413/10000 (94%)

Train Epoch: 6 [6336/60000 (11%)]	Loss: 0.200080
Train Epoch: 6 [12736/60000 (21%)]	Loss: 0.146291
Train Epoch: 6 [19136/60000 (32%)]	Loss: 0.239226
Train Epoch: 6 [25536/60000 (43%)]	Loss: 0.152999
Train Epoch: 6 [31936/60000 (53%)]	Loss: 0.123824
Train Epoch: 6 [38336/60000 (64%)]	Loss: 0.189615
Train Epoch: 6 [44736/60000 (75%)]	Loss: 0.166992
Train Epoch: 6 [51136/60000 (85%)]	Loss: 0.118314
Train Epoch: 6 [57536/60000 (96%)]	Loss: 0.240112

Test set: Average loss: 0.2080, Accuracy: 9391/10000 (94%)

Train Epoch: 7 [6336/60000 (11%)]	Loss: 0.149675
Train Epoch: 7 [12736/60000 (21%)]	Loss: 0.150356
Train Epoch: 7 [19136/60000 (32%)]	Loss: 0.186113
Train Epoch: 7 [25536/60000 (43%)]	Loss: 0.153522
Train Epoch: 7 [31936/60000 (53%)]	Loss: 0.122206
Train Epoch: 7 [38336/60000 (64%)]	Loss: 0.165474
Train Epoch: 7 [44736/60000 (75%)]	Loss: 0.358645
Train Epoch: 7 [51136/60000 (85%)]	Loss: 0.257388
Train Epoch: 7 [57536/60000 (96%)]	Loss: 0.230130

Test set: Average loss: 0.2397, Accuracy: 9288/10000 (93%)

Train Epoch: 8 [6336/60000 (11%)]	Loss: 0.412284
Train Epoch: 8 [12736/60000 (21%)]	Loss: 0.174334
Train Epoch: 8 [19136/60000 (32%)]	Loss: 0.317858
Train Epoch: 8 [25536/60000 (43%)]	Loss: 0.362170
Train Epoch: 8 [31936/60000 (53%)]	Loss: 0.224779
Train Epoch: 8 [38336/60000 (64%)]	Loss: 0.108312
Train Epoch: 8 [44736/60000 (75%)]	Loss: 0.566330
Train Epoch: 8 [51136/60000 (85%)]	Loss: 0.222633
Train Epoch: 8 [57536/60000 (96%)]	Loss: 0.287421

Test set: Average loss: 0.2520, Accuracy: 9261/10000 (93%)

Train Epoch: 9 [6336/60000 (11%)]	Loss: 0.330169
Train Epoch: 9 [12736/60000 (21%)]	Loss: 0.291908
Train Epoch: 9 [19136/60000 (32%)]	Loss: 0.313026
Train Epoch: 9 [25536/60000 (43%)]	Loss: 0.354472
Train Epoch: 9 [31936/60000 (53%)]	Loss: 0.279304
Train Epoch: 9 [38336/60000 (64%)]	Loss: 0.290755
Train Epoch: 9 [44736/60000 (75%)]	Loss: 0.273508
Train Epoch: 9 [51136/60000 (85%)]	Loss: 0.577851
Train Epoch: 9 [57536/60000 (96%)]	Loss: 0.295382

Test set: Average loss: 0.2870, Accuracy: 9184/10000 (92%)

Train Epoch: 10 [6336/60000 (11%)]	Loss: 0.369428
Train Epoch: 10 [12736/60000 (21%)]	Loss: 0.377353
Train Epoch: 10 [19136/60000 (32%)]	Loss: 0.254359
Train Epoch: 10 [25536/60000 (43%)]	Loss: 0.307377
Train Epoch: 10 [31936/60000 (53%)]	Loss: 0.260070
Train Epoch: 10 [38336/60000 (64%)]	Loss: 0.357123
Train Epoch: 10 [44736/60000 (75%)]	Loss: 0.433371
Train Epoch: 10 [51136/60000 (85%)]	Loss: 0.265644
Train Epoch: 10 [57536/60000 (96%)]	Loss: 0.456376

Test set: Average loss: 0.3061, Accuracy: 9177/10000 (92%)

Train Epoch: 11 [6336/60000 (11%)]	Loss: 0.225941
Train Epoch: 11 [12736/60000 (21%)]	Loss: 0.310528
Train Epoch: 11 [19136/60000 (32%)]	Loss: 0.263565
Train Epoch: 11 [25536/60000 (43%)]	Loss: 0.331233
Train Epoch: 11 [31936/60000 (53%)]	Loss: 0.572930
Train Epoch: 11 [38336/60000 (64%)]	Loss: 0.308791
Train Epoch: 11 [44736/60000 (75%)]	Loss: 0.382443
Train Epoch: 11 [51136/60000 (85%)]	Loss: 0.393480
Train Epoch: 11 [57536/60000 (96%)]	Loss: 0.285197

Test set: Average loss: 0.3498, Accuracy: 8962/10000 (90%)

Train Epoch: 12 [6336/60000 (11%)]	Loss: 0.398762
Train Epoch: 12 [12736/60000 (21%)]	Loss: 0.377458
Train Epoch: 12 [19136/60000 (32%)]	Loss: 0.539173
Train Epoch: 12 [25536/60000 (43%)]	Loss: 0.357174
Train Epoch: 12 [31936/60000 (53%)]	Loss: 0.403782
Train Epoch: 12 [38336/60000 (64%)]	Loss: 0.588139
Train Epoch: 12 [44736/60000 (75%)]	Loss: 0.286809
Train Epoch: 12 [51136/60000 (85%)]	Loss: 0.346528
Train Epoch: 12 [57536/60000 (96%)]	Loss: 0.256959

Test set: Average loss: 0.3730, Accuracy: 9020/10000 (90%)

Train Epoch: 13 [6336/60000 (11%)]	Loss: 0.361939
Train Epoch: 13 [12736/60000 (21%)]	Loss: 0.347761
Train Epoch: 13 [19136/60000 (32%)]	Loss: 0.359045
Train Epoch: 13 [25536/60000 (43%)]	Loss: 0.500964
Train Epoch: 13 [31936/60000 (53%)]	Loss: 0.612775
Train Epoch: 13 [38336/60000 (64%)]	Loss: 0.635601
Train Epoch: 13 [44736/60000 (75%)]	Loss: 0.377144
Train Epoch: 13 [51136/60000 (85%)]	Loss: 0.470041
Train Epoch: 13 [57536/60000 (96%)]	Loss: 0.580524

Test set: Average loss: 0.5533, Accuracy: 8419/10000 (84%)

Train Epoch: 14 [6336/60000 (11%)]	Loss: 0.336589
Train Epoch: 14 [12736/60000 (21%)]	Loss: 0.527532
Train Epoch: 14 [19136/60000 (32%)]	Loss: 0.436971
Train Epoch: 14 [25536/60000 (43%)]	Loss: 0.316295
Train Epoch: 14 [31936/60000 (53%)]	Loss: 0.414035
Train Epoch: 14 [38336/60000 (64%)]	Loss: 0.714101
Train Epoch: 14 [44736/60000 (75%)]	Loss: 0.470588
Train Epoch: 14 [51136/60000 (85%)]	Loss: 0.586721
Train Epoch: 14 [57536/60000 (96%)]	Loss: 0.615429

Test set: Average loss: 0.5707, Accuracy: 8416/10000 (84%)

Train Epoch: 15 [6336/60000 (11%)]	Loss: 0.488234
Train Epoch: 15 [12736/60000 (21%)]	Loss: 0.557377
Train Epoch: 15 [19136/60000 (32%)]	Loss: 0.647480
Train Epoch: 15 [25536/60000 (43%)]	Loss: 0.556705
Train Epoch: 15 [31936/60000 (53%)]	Loss: 0.580134
Train Epoch: 15 [38336/60000 (64%)]	Loss: 0.833037
Train Epoch: 15 [44736/60000 (75%)]	Loss: 0.618406
Train Epoch: 15 [51136/60000 (85%)]	Loss: 0.882879
Train Epoch: 15 [57536/60000 (96%)]	Loss: 0.542675

Test set: Average loss: 0.7138, Accuracy: 7968/10000 (80%)

Train Epoch: 16 [6336/60000 (11%)]	Loss: 0.687394
Train Epoch: 16 [12736/60000 (21%)]	Loss: 0.624958
Train Epoch: 16 [19136/60000 (32%)]	Loss: 0.507050
Train Epoch: 16 [25536/60000 (43%)]	Loss: 0.750127
Train Epoch: 16 [31936/60000 (53%)]	Loss: 0.810998
Train Epoch: 16 [38336/60000 (64%)]	Loss: 0.825620
Train Epoch: 16 [44736/60000 (75%)]	Loss: 0.692006
Train Epoch: 16 [51136/60000 (85%)]	Loss: 0.709845
Train Epoch: 16 [57536/60000 (96%)]	Loss: 0.856565

Test set: Average loss: 0.7971, Accuracy: 7861/10000 (79%)

Train Epoch: 17 [6336/60000 (11%)]	Loss: 0.909679
Train Epoch: 17 [12736/60000 (21%)]	Loss: 0.854447
Train Epoch: 17 [19136/60000 (32%)]	Loss: 0.829033
Train Epoch: 17 [25536/60000 (43%)]	Loss: 0.812421
Train Epoch: 17 [31936/60000 (53%)]	Loss: 0.846535
Train Epoch: 17 [38336/60000 (64%)]	Loss: 0.867839
Train Epoch: 17 [44736/60000 (75%)]	Loss: 0.885496
Train Epoch: 17 [51136/60000 (85%)]	Loss: 0.984194
Train Epoch: 17 [57536/60000 (96%)]	Loss: 1.109466

Test set: Average loss: 0.9951, Accuracy: 7102/10000 (71%)

Train Epoch: 18 [6336/60000 (11%)]	Loss: 0.872926
Train Epoch: 18 [12736/60000 (21%)]	Loss: 0.989573
Train Epoch: 18 [19136/60000 (32%)]	Loss: 1.037552
Train Epoch: 18 [25536/60000 (43%)]	Loss: 1.030551
Train Epoch: 18 [31936/60000 (53%)]	Loss: 0.929850
Train Epoch: 18 [38336/60000 (64%)]	Loss: 0.948568
Train Epoch: 18 [44736/60000 (75%)]	Loss: 1.047392
Train Epoch: 18 [51136/60000 (85%)]	Loss: 1.118643
Train Epoch: 18 [57536/60000 (96%)]	Loss: 1.242898

Test set: Average loss: 1.1753, Accuracy: 6797/10000 (68%)

Train Epoch: 19 [6336/60000 (11%)]	Loss: 1.079846
Train Epoch: 19 [12736/60000 (21%)]	Loss: 1.225629
Train Epoch: 19 [19136/60000 (32%)]	Loss: 1.099326
Train Epoch: 19 [25536/60000 (43%)]	Loss: 1.306741
Train Epoch: 19 [31936/60000 (53%)]	Loss: 1.168390
Train Epoch: 19 [38336/60000 (64%)]	Loss: 1.222989
Train Epoch: 19 [44736/60000 (75%)]	Loss: 1.408551
Train Epoch: 19 [51136/60000 (85%)]	Loss: 1.338727
Train Epoch: 19 [57536/60000 (96%)]	Loss: 1.407328

Test set: Average loss: 1.3018, Accuracy: 6300/10000 (63%)

Train Epoch: 20 [6336/60000 (11%)]	Loss: 1.438575
Train Epoch: 20 [12736/60000 (21%)]	Loss: 1.320211
Train Epoch: 20 [19136/60000 (32%)]	Loss: 1.504344
Train Epoch: 20 [25536/60000 (43%)]	Loss: 1.378756
Train Epoch: 20 [31936/60000 (53%)]	Loss: 1.487734
Train Epoch: 20 [38336/60000 (64%)]	Loss: 1.424470
Train Epoch: 20 [44736/60000 (75%)]	Loss: 1.725984
Train Epoch: 20 [51136/60000 (85%)]	Loss: 1.698594
Train Epoch: 20 [57536/60000 (96%)]	Loss: 1.468872

Test set: Average loss: 1.4914, Accuracy: 5282/10000 (53%)

Train Epoch: 21 [6336/60000 (11%)]	Loss: 1.518327
Train Epoch: 21 [12736/60000 (21%)]	Loss: 1.598203
Train Epoch: 21 [19136/60000 (32%)]	Loss: 1.631220
Train Epoch: 21 [25536/60000 (43%)]	Loss: 1.450362
Train Epoch: 21 [31936/60000 (53%)]	Loss: 1.654581
Train Epoch: 21 [38336/60000 (64%)]	Loss: 1.592658
Train Epoch: 21 [44736/60000 (75%)]	Loss: 1.570724
Train Epoch: 21 [51136/60000 (85%)]	Loss: 1.711725
Train Epoch: 21 [57536/60000 (96%)]	Loss: 1.787907

Test set: Average loss: 1.6278, Accuracy: 4659/10000 (47%)

Train Epoch: 22 [6336/60000 (11%)]	Loss: 1.578649
Train Epoch: 22 [12736/60000 (21%)]	Loss: 1.624146
Train Epoch: 22 [19136/60000 (32%)]	Loss: 1.664553
Train Epoch: 22 [25536/60000 (43%)]	Loss: 1.635683
Train Epoch: 22 [31936/60000 (53%)]	Loss: 1.912745
Train Epoch: 22 [38336/60000 (64%)]	Loss: 1.826372
Train Epoch: 22 [44736/60000 (75%)]	Loss: 1.481497
Train Epoch: 22 [51136/60000 (85%)]	Loss: 1.593992
Train Epoch: 22 [57536/60000 (96%)]	Loss: 1.763143

Test set: Average loss: 1.7696, Accuracy: 3808/10000 (38%)

Train Epoch: 23 [6336/60000 (11%)]	Loss: 1.588804
Train Epoch: 23 [12736/60000 (21%)]	Loss: 1.894033
Train Epoch: 23 [19136/60000 (32%)]	Loss: 1.888740
Train Epoch: 23 [25536/60000 (43%)]	Loss: 1.828077
Train Epoch: 23 [31936/60000 (53%)]	Loss: 2.116108
Train Epoch: 23 [38336/60000 (64%)]	Loss: 1.821944
Train Epoch: 23 [44736/60000 (75%)]	Loss: 1.873302
Train Epoch: 23 [51136/60000 (85%)]	Loss: 1.928167
Train Epoch: 23 [57536/60000 (96%)]	Loss: 2.012784

Test set: Average loss: 1.8579, Accuracy: 3360/10000 (34%)

Train Epoch: 24 [6336/60000 (11%)]	Loss: 1.968704
Train Epoch: 24 [12736/60000 (21%)]	Loss: 2.029213
Train Epoch: 24 [19136/60000 (32%)]	Loss: 1.705622
Train Epoch: 24 [25536/60000 (43%)]	Loss: 1.987069
Train Epoch: 24 [31936/60000 (53%)]	Loss: 1.948251
Train Epoch: 24 [38336/60000 (64%)]	Loss: 1.777049
Train Epoch: 24 [44736/60000 (75%)]	Loss: 1.871597
Train Epoch: 24 [51136/60000 (85%)]	Loss: 2.157550
Train Epoch: 24 [57536/60000 (96%)]	Loss: 2.025871

Test set: Average loss: 1.9128, Accuracy: 3179/10000 (32%)

Train Epoch: 25 [6336/60000 (11%)]	Loss: 1.914554
Train Epoch: 25 [12736/60000 (21%)]	Loss: 1.816363
Train Epoch: 25 [19136/60000 (32%)]	Loss: 1.868135
Train Epoch: 25 [25536/60000 (43%)]	Loss: 2.039124
Train Epoch: 25 [31936/60000 (53%)]	Loss: 2.005814
Train Epoch: 25 [38336/60000 (64%)]	Loss: 2.298949
Train Epoch: 25 [44736/60000 (75%)]	Loss: 1.875231
Train Epoch: 25 [51136/60000 (85%)]	Loss: 1.962255
Train Epoch: 25 [57536/60000 (96%)]	Loss: 2.026457

Test set: Average loss: 1.9757, Accuracy: 3007/10000 (30%)

Train Epoch: 26 [6336/60000 (11%)]	Loss: 1.827142
Train Epoch: 26 [12736/60000 (21%)]	Loss: 2.170047
Train Epoch: 26 [19136/60000 (32%)]	Loss: 2.101405
Train Epoch: 26 [25536/60000 (43%)]	Loss: 1.887015
Train Epoch: 26 [31936/60000 (53%)]	Loss: 2.097286
Train Epoch: 26 [38336/60000 (64%)]	Loss: 1.888330
Train Epoch: 26 [44736/60000 (75%)]	Loss: 2.084512
Train Epoch: 26 [51136/60000 (85%)]	Loss: 2.016770
Train Epoch: 26 [57536/60000 (96%)]	Loss: 2.118501

Test set: Average loss: 2.0032, Accuracy: 2917/10000 (29%)

Train Epoch: 27 [6336/60000 (11%)]	Loss: 1.912472
Train Epoch: 27 [12736/60000 (21%)]	Loss: 1.947721
Train Epoch: 27 [19136/60000 (32%)]	Loss: 2.130887
Train Epoch: 27 [25536/60000 (43%)]	Loss: 1.951856
Train Epoch: 27 [31936/60000 (53%)]	Loss: 1.852129
Train Epoch: 27 [38336/60000 (64%)]	Loss: 2.170727
Train Epoch: 27 [44736/60000 (75%)]	Loss: 2.031615
Train Epoch: 27 [51136/60000 (85%)]	Loss: 2.258025
Train Epoch: 27 [57536/60000 (96%)]	Loss: 1.897541

Test set: Average loss: 2.0229, Accuracy: 2851/10000 (29%)

Train Epoch: 28 [6336/60000 (11%)]	Loss: 2.123116
Train Epoch: 28 [12736/60000 (21%)]	Loss: 1.986174
Train Epoch: 28 [19136/60000 (32%)]	Loss: 1.989558
Train Epoch: 28 [25536/60000 (43%)]	Loss: 1.979321
Train Epoch: 28 [31936/60000 (53%)]	Loss: 2.035135
Train Epoch: 28 [38336/60000 (64%)]	Loss: 2.030330
Train Epoch: 28 [44736/60000 (75%)]	Loss: 2.108021
Train Epoch: 28 [51136/60000 (85%)]	Loss: 2.059601
Train Epoch: 28 [57536/60000 (96%)]	Loss: 2.084782

Test set: Average loss: 2.0394, Accuracy: 2807/10000 (28%)

Train Epoch: 29 [6336/60000 (11%)]	Loss: 2.061365
Train Epoch: 29 [12736/60000 (21%)]	Loss: 2.062729
Train Epoch: 29 [19136/60000 (32%)]	Loss: 2.064163
Train Epoch: 29 [25536/60000 (43%)]	Loss: 2.189439
Train Epoch: 29 [31936/60000 (53%)]	Loss: 2.125376
Train Epoch: 29 [38336/60000 (64%)]	Loss: 2.244448
Train Epoch: 29 [44736/60000 (75%)]	Loss: 2.080878
Train Epoch: 29 [51136/60000 (85%)]	Loss: 2.095885
Train Epoch: 29 [57536/60000 (96%)]	Loss: 2.038738

Test set: Average loss: 2.0434, Accuracy: 2802/10000 (28%)

Train Epoch: 30 [6336/60000 (11%)]	Loss: 2.242882
Train Epoch: 30 [12736/60000 (21%)]	Loss: 2.247495
Train Epoch: 30 [19136/60000 (32%)]	Loss: 2.028349
Train Epoch: 30 [25536/60000 (43%)]	Loss: 2.062988
Train Epoch: 30 [31936/60000 (53%)]	Loss: 2.083588
Train Epoch: 30 [38336/60000 (64%)]	Loss: 2.153867
Train Epoch: 30 [44736/60000 (75%)]	Loss: 1.996609
Train Epoch: 30 [51136/60000 (85%)]	Loss: 1.927520
Train Epoch: 30 [57536/60000 (96%)]	Loss: 1.957248

Test set: Average loss: 2.0559, Accuracy: 2761/10000 (28%)

Train Epoch: 31 [6336/60000 (11%)]	Loss: 2.034439
Train Epoch: 31 [12736/60000 (21%)]	Loss: 2.300651
Train Epoch: 31 [19136/60000 (32%)]	Loss: 2.240427
Train Epoch: 31 [25536/60000 (43%)]	Loss: 2.227372
Train Epoch: 31 [31936/60000 (53%)]	Loss: 2.059099
Train Epoch: 31 [38336/60000 (64%)]	Loss: 2.069533
Train Epoch: 31 [44736/60000 (75%)]	Loss: 2.149571
Train Epoch: 31 [51136/60000 (85%)]	Loss: 2.142208
Train Epoch: 31 [57536/60000 (96%)]	Loss: 2.177311

Test set: Average loss: 2.0616, Accuracy: 2749/10000 (27%)

Train Epoch: 32 [6336/60000 (11%)]	Loss: 2.191623
Train Epoch: 32 [12736/60000 (21%)]	Loss: 2.117070
Train Epoch: 32 [19136/60000 (32%)]	Loss: 2.150922
Train Epoch: 32 [25536/60000 (43%)]	Loss: 2.176487
Train Epoch: 32 [31936/60000 (53%)]	Loss: 2.207032
Train Epoch: 32 [38336/60000 (64%)]	Loss: 2.234611
Train Epoch: 32 [44736/60000 (75%)]	Loss: 2.149478
Train Epoch: 32 [51136/60000 (85%)]	Loss: 2.050219
Train Epoch: 32 [57536/60000 (96%)]	Loss: 2.044039

Test set: Average loss: 2.0597, Accuracy: 2745/10000 (27%)

Train Epoch: 33 [6336/60000 (11%)]	Loss: 1.938001
Train Epoch: 33 [12736/60000 (21%)]	Loss: 2.276816
Train Epoch: 33 [19136/60000 (32%)]	Loss: 2.078468
Train Epoch: 33 [25536/60000 (43%)]	Loss: 2.181385
Train Epoch: 33 [31936/60000 (53%)]	Loss: 2.108278
Train Epoch: 33 [38336/60000 (64%)]	Loss: 1.955472
Train Epoch: 33 [44736/60000 (75%)]	Loss: 2.124968
Train Epoch: 33 [51136/60000 (85%)]	Loss: 2.163057
Train Epoch: 33 [57536/60000 (96%)]	Loss: 2.041991

Test set: Average loss: 2.0616, Accuracy: 2735/10000 (27%)

Train Epoch: 34 [6336/60000 (11%)]	Loss: 2.086910
Train Epoch: 34 [12736/60000 (21%)]	Loss: 2.169114
Train Epoch: 34 [19136/60000 (32%)]	Loss: 1.964881
Train Epoch: 34 [25536/60000 (43%)]	Loss: 2.010102
Train Epoch: 34 [31936/60000 (53%)]	Loss: 2.070633
Train Epoch: 34 [38336/60000 (64%)]	Loss: 2.455760
Train Epoch: 34 [44736/60000 (75%)]	Loss: 2.121794
Train Epoch: 34 [51136/60000 (85%)]	Loss: 2.076274
Train Epoch: 34 [57536/60000 (96%)]	Loss: 1.929395

Test set: Average loss: 2.0663, Accuracy: 2740/10000 (27%)

Train Epoch: 35 [6336/60000 (11%)]	Loss: 2.009432
Train Epoch: 35 [12736/60000 (21%)]	Loss: 2.185701
Train Epoch: 35 [19136/60000 (32%)]	Loss: 2.223238
Train Epoch: 35 [25536/60000 (43%)]	Loss: 2.130117
Train Epoch: 35 [31936/60000 (53%)]	Loss: 2.060674
Train Epoch: 35 [38336/60000 (64%)]	Loss: 2.191533
Train Epoch: 35 [44736/60000 (75%)]	Loss: 1.832452
Train Epoch: 35 [51136/60000 (85%)]	Loss: 1.853569
Train Epoch: 35 [57536/60000 (96%)]	Loss: 2.028669

Test set: Average loss: 2.0672, Accuracy: 2739/10000 (27%)

Train Epoch: 36 [6336/60000 (11%)]	Loss: 2.260712
Train Epoch: 36 [12736/60000 (21%)]	Loss: 2.066489
Train Epoch: 36 [19136/60000 (32%)]	Loss: 2.120684
Train Epoch: 36 [25536/60000 (43%)]	Loss: 1.959040
Train Epoch: 36 [31936/60000 (53%)]	Loss: 2.023894
Train Epoch: 36 [38336/60000 (64%)]	Loss: 2.270954
Train Epoch: 36 [44736/60000 (75%)]	Loss: 1.741083
Train Epoch: 36 [51136/60000 (85%)]	Loss: 2.101326
Train Epoch: 36 [57536/60000 (96%)]	Loss: 2.212080

Test set: Average loss: 2.0682, Accuracy: 2739/10000 (27%)

Train Epoch: 37 [6336/60000 (11%)]	Loss: 2.021774
Train Epoch: 37 [12736/60000 (21%)]	Loss: 2.153205
Train Epoch: 37 [19136/60000 (32%)]	Loss: 1.870041
Train Epoch: 37 [25536/60000 (43%)]	Loss: 1.863668
Train Epoch: 37 [31936/60000 (53%)]	Loss: 2.169924
Train Epoch: 37 [38336/60000 (64%)]	Loss: 1.991929
Train Epoch: 37 [44736/60000 (75%)]	Loss: 1.956835
Train Epoch: 37 [51136/60000 (85%)]	Loss: 2.085353
Train Epoch: 37 [57536/60000 (96%)]	Loss: 1.976967

Test set: Average loss: 2.0668, Accuracy: 2739/10000 (27%)

Train Epoch: 38 [6336/60000 (11%)]	Loss: 1.961786
Train Epoch: 38 [12736/60000 (21%)]	Loss: 2.019572
Train Epoch: 38 [19136/60000 (32%)]	Loss: 2.039520
Train Epoch: 38 [25536/60000 (43%)]	Loss: 2.093461
Train Epoch: 38 [31936/60000 (53%)]	Loss: 2.163229
Train Epoch: 38 [38336/60000 (64%)]	Loss: 1.987856
Train Epoch: 38 [44736/60000 (75%)]	Loss: 1.925549
Train Epoch: 38 [51136/60000 (85%)]	Loss: 2.118985
Train Epoch: 38 [57536/60000 (96%)]	Loss: 2.079574

Test set: Average loss: 2.0684, Accuracy: 2737/10000 (27%)

Train Epoch: 39 [6336/60000 (11%)]	Loss: 2.153545
Train Epoch: 39 [12736/60000 (21%)]	Loss: 1.946545
Train Epoch: 39 [19136/60000 (32%)]	Loss: 1.965284
Train Epoch: 39 [25536/60000 (43%)]	Loss: 2.375155
Train Epoch: 39 [31936/60000 (53%)]	Loss: 2.359447
Train Epoch: 39 [38336/60000 (64%)]	Loss: 2.047234
Train Epoch: 39 [44736/60000 (75%)]	Loss: 1.775216
Train Epoch: 39 [51136/60000 (85%)]	Loss: 2.019769
Train Epoch: 39 [57536/60000 (96%)]	Loss: 2.215672

Test set: Average loss: 2.0667, Accuracy: 2739/10000 (27%)

Train Epoch: 40 [6336/60000 (11%)]	Loss: 2.180405
Train Epoch: 40 [12736/60000 (21%)]	Loss: 2.138092
Train Epoch: 40 [19136/60000 (32%)]	Loss: 2.105102
Train Epoch: 40 [25536/60000 (43%)]	Loss: 2.080306
Train Epoch: 40 [31936/60000 (53%)]	Loss: 2.176466
Train Epoch: 40 [38336/60000 (64%)]	Loss: 1.877930
Train Epoch: 40 [44736/60000 (75%)]	Loss: 2.122879
Train Epoch: 40 [51136/60000 (85%)]	Loss: 2.017835
Train Epoch: 40 [57536/60000 (96%)]	Loss: 2.067057

Test set: Average loss: 2.0695, Accuracy: 2738/10000 (27%)

Train Epoch: 41 [6336/60000 (11%)]	Loss: 2.115040
Train Epoch: 41 [12736/60000 (21%)]	Loss: 2.058684
Train Epoch: 41 [19136/60000 (32%)]	Loss: 2.036106
Train Epoch: 41 [25536/60000 (43%)]	Loss: 2.144752
Train Epoch: 41 [31936/60000 (53%)]	Loss: 2.181884
Train Epoch: 41 [38336/60000 (64%)]	Loss: 2.185113
Train Epoch: 41 [44736/60000 (75%)]	Loss: 1.986875
Train Epoch: 41 [51136/60000 (85%)]	Loss: 2.127702
Train Epoch: 41 [57536/60000 (96%)]	Loss: 1.992007

Test set: Average loss: 2.0681, Accuracy: 2736/10000 (27%)

Train Epoch: 42 [6336/60000 (11%)]	Loss: 1.820709
Train Epoch: 42 [12736/60000 (21%)]	Loss: 2.047439
Train Epoch: 42 [19136/60000 (32%)]	Loss: 2.027881
Train Epoch: 42 [25536/60000 (43%)]	Loss: 2.114187
Train Epoch: 42 [31936/60000 (53%)]	Loss: 2.116678
Train Epoch: 42 [38336/60000 (64%)]	Loss: 2.274599
Train Epoch: 42 [44736/60000 (75%)]	Loss: 1.957845
Train Epoch: 42 [51136/60000 (85%)]	Loss: 2.036471
Train Epoch: 42 [57536/60000 (96%)]	Loss: 2.094293

Test set: Average loss: 2.0723, Accuracy: 2738/10000 (27%)

Train Epoch: 43 [6336/60000 (11%)]	Loss: 2.214269
Train Epoch: 43 [12736/60000 (21%)]	Loss: 2.030607
Train Epoch: 43 [19136/60000 (32%)]	Loss: 1.940446
Train Epoch: 43 [25536/60000 (43%)]	Loss: 2.144864
Train Epoch: 43 [31936/60000 (53%)]	Loss: 2.337643
Train Epoch: 43 [38336/60000 (64%)]	Loss: 2.186425
Train Epoch: 43 [44736/60000 (75%)]	Loss: 2.092240
Train Epoch: 43 [51136/60000 (85%)]	Loss: 2.177406
Train Epoch: 43 [57536/60000 (96%)]	Loss: 2.131959

Test set: Average loss: 2.0678, Accuracy: 2738/10000 (27%)

Train Epoch: 44 [6336/60000 (11%)]	Loss: 2.221159
Train Epoch: 44 [12736/60000 (21%)]	Loss: 2.117832
Train Epoch: 44 [19136/60000 (32%)]	Loss: 2.274725
Train Epoch: 44 [25536/60000 (43%)]	Loss: 2.216395
Train Epoch: 44 [31936/60000 (53%)]	Loss: 2.329364
Train Epoch: 44 [38336/60000 (64%)]	Loss: 2.222884
Train Epoch: 44 [44736/60000 (75%)]	Loss: 1.882549
Train Epoch: 44 [51136/60000 (85%)]	Loss: 2.315593
Train Epoch: 44 [57536/60000 (96%)]	Loss: 2.123547

Test set: Average loss: 2.0691, Accuracy: 2738/10000 (27%)

Train Epoch: 45 [6336/60000 (11%)]	Loss: 2.058291
Train Epoch: 45 [12736/60000 (21%)]	Loss: 1.961588
Train Epoch: 45 [19136/60000 (32%)]	Loss: 2.122228
Train Epoch: 45 [25536/60000 (43%)]	Loss: 1.857982
Train Epoch: 45 [31936/60000 (53%)]	Loss: 2.030711
Train Epoch: 45 [38336/60000 (64%)]	Loss: 2.174305
Train Epoch: 45 [44736/60000 (75%)]	Loss: 2.095671
Train Epoch: 45 [51136/60000 (85%)]	Loss: 2.101543
Train Epoch: 45 [57536/60000 (96%)]	Loss: 2.080371

Test set: Average loss: 2.0680, Accuracy: 2738/10000 (27%)

Train Epoch: 46 [6336/60000 (11%)]	Loss: 2.125659
Train Epoch: 46 [12736/60000 (21%)]	Loss: 1.988534
Train Epoch: 46 [19136/60000 (32%)]	Loss: 2.049730
Train Epoch: 46 [25536/60000 (43%)]	Loss: 2.270531
Train Epoch: 46 [31936/60000 (53%)]	Loss: 2.080364
Train Epoch: 46 [38336/60000 (64%)]	Loss: 1.902888
Train Epoch: 46 [44736/60000 (75%)]	Loss: 2.294627
Train Epoch: 46 [51136/60000 (85%)]	Loss: 2.076779
Train Epoch: 46 [57536/60000 (96%)]	Loss: 1.913582

Test set: Average loss: 2.0679, Accuracy: 2738/10000 (27%)

Train Epoch: 47 [6336/60000 (11%)]	Loss: 1.899924
Train Epoch: 47 [12736/60000 (21%)]	Loss: 1.955336
Train Epoch: 47 [19136/60000 (32%)]	Loss: 2.281797
Train Epoch: 47 [25536/60000 (43%)]	Loss: 2.150360
Train Epoch: 47 [31936/60000 (53%)]	Loss: 2.301055
Train Epoch: 47 [38336/60000 (64%)]	Loss: 1.966115
Train Epoch: 47 [44736/60000 (75%)]	Loss: 2.016513
Train Epoch: 47 [51136/60000 (85%)]	Loss: 2.077627
Train Epoch: 47 [57536/60000 (96%)]	Loss: 2.159700

Test set: Average loss: 2.0664, Accuracy: 2738/10000 (27%)

Train Epoch: 48 [6336/60000 (11%)]	Loss: 2.288661
Train Epoch: 48 [12736/60000 (21%)]	Loss: 2.133081
Train Epoch: 48 [19136/60000 (32%)]	Loss: 2.277313
Train Epoch: 48 [25536/60000 (43%)]	Loss: 2.048707
Train Epoch: 48 [31936/60000 (53%)]	Loss: 2.013071
Train Epoch: 48 [38336/60000 (64%)]	Loss: 2.243444
Train Epoch: 48 [44736/60000 (75%)]	Loss: 2.055788
Train Epoch: 48 [51136/60000 (85%)]	Loss: 2.105198
Train Epoch: 48 [57536/60000 (96%)]	Loss: 2.113781

Test set: Average loss: 2.0685, Accuracy: 2738/10000 (27%)

Train Epoch: 49 [6336/60000 (11%)]	Loss: 2.135243
Train Epoch: 49 [12736/60000 (21%)]	Loss: 1.837841
Train Epoch: 49 [19136/60000 (32%)]	Loss: 2.150282
Train Epoch: 49 [25536/60000 (43%)]	Loss: 2.193442
Train Epoch: 49 [31936/60000 (53%)]	Loss: 2.170141
Train Epoch: 49 [38336/60000 (64%)]	Loss: 2.274171
Train Epoch: 49 [44736/60000 (75%)]	Loss: 1.932568
Train Epoch: 49 [51136/60000 (85%)]	Loss: 2.171674
Train Epoch: 49 [57536/60000 (96%)]	Loss: 2.110451

Test set: Average loss: 2.0673, Accuracy: 2738/10000 (27%)

Train Epoch: 50 [6336/60000 (11%)]	Loss: 2.053403
Train Epoch: 50 [12736/60000 (21%)]	Loss: 1.965513
Train Epoch: 50 [19136/60000 (32%)]	Loss: 2.027567
Train Epoch: 50 [25536/60000 (43%)]	Loss: 2.090589
Train Epoch: 50 [31936/60000 (53%)]	Loss: 2.120394
Train Epoch: 50 [38336/60000 (64%)]	Loss: 2.289635
Train Epoch: 50 [44736/60000 (75%)]	Loss: 2.129368
Train Epoch: 50 [51136/60000 (85%)]	Loss: 2.132612
Train Epoch: 50 [57536/60000 (96%)]	Loss: 1.930489

Test set: Average loss: 2.0695, Accuracy: 2738/10000 (27%)

Train Epoch: 51 [6336/60000 (11%)]	Loss: 2.156847
Train Epoch: 51 [12736/60000 (21%)]	Loss: 1.891123
Train Epoch: 51 [19136/60000 (32%)]	Loss: 1.966613
Train Epoch: 51 [25536/60000 (43%)]	Loss: 2.157613
Train Epoch: 51 [31936/60000 (53%)]	Loss: 1.914153
Train Epoch: 51 [38336/60000 (64%)]	Loss: 2.164164
Train Epoch: 51 [44736/60000 (75%)]	Loss: 1.881733
Train Epoch: 51 [51136/60000 (85%)]	Loss: 2.281423
Train Epoch: 51 [57536/60000 (96%)]	Loss: 2.117501

Test set: Average loss: 2.0674, Accuracy: 2738/10000 (27%)

Train Epoch: 52 [6336/60000 (11%)]	Loss: 2.084767
Train Epoch: 52 [12736/60000 (21%)]	Loss: 2.252813
Train Epoch: 52 [19136/60000 (32%)]	Loss: 2.195693
Train Epoch: 52 [25536/60000 (43%)]	Loss: 2.134792
Train Epoch: 52 [31936/60000 (53%)]	Loss: 2.160403
Train Epoch: 52 [38336/60000 (64%)]	Loss: 2.074754
Train Epoch: 52 [44736/60000 (75%)]	Loss: 2.069019
Train Epoch: 52 [51136/60000 (85%)]	Loss: 2.219461
Train Epoch: 52 [57536/60000 (96%)]	Loss: 2.043402

Test set: Average loss: 2.0682, Accuracy: 2738/10000 (27%)

Train Epoch: 53 [6336/60000 (11%)]	Loss: 2.071719
Train Epoch: 53 [12736/60000 (21%)]	Loss: 2.097645
Train Epoch: 53 [19136/60000 (32%)]	Loss: 2.189949
Train Epoch: 53 [25536/60000 (43%)]	Loss: 1.821384
Train Epoch: 53 [31936/60000 (53%)]	Loss: 2.072389
Train Epoch: 53 [38336/60000 (64%)]	Loss: 1.906465
Train Epoch: 53 [44736/60000 (75%)]	Loss: 2.165463
Train Epoch: 53 [51136/60000 (85%)]	Loss: 2.010079
Train Epoch: 53 [57536/60000 (96%)]	Loss: 2.171206

Test set: Average loss: 2.0689, Accuracy: 2738/10000 (27%)

Train Epoch: 54 [6336/60000 (11%)]	Loss: 2.150985
Train Epoch: 54 [12736/60000 (21%)]	Loss: 2.015710
Train Epoch: 54 [19136/60000 (32%)]	Loss: 1.880857
Train Epoch: 54 [25536/60000 (43%)]	Loss: 1.933773
Train Epoch: 54 [31936/60000 (53%)]	Loss: 2.052252
Train Epoch: 54 [38336/60000 (64%)]	Loss: 2.232177
Train Epoch: 54 [44736/60000 (75%)]	Loss: 2.061056
Train Epoch: 54 [51136/60000 (85%)]	Loss: 2.037865
Train Epoch: 54 [57536/60000 (96%)]	Loss: 1.948194

Test set: Average loss: 2.0688, Accuracy: 2738/10000 (27%)

Train Epoch: 55 [6336/60000 (11%)]	Loss: 2.161491
Train Epoch: 55 [12736/60000 (21%)]	Loss: 2.003421
Train Epoch: 55 [19136/60000 (32%)]	Loss: 2.091644
Train Epoch: 55 [25536/60000 (43%)]	Loss: 2.197259
Train Epoch: 55 [31936/60000 (53%)]	Loss: 2.251768
Train Epoch: 55 [38336/60000 (64%)]	Loss: 1.912408
Train Epoch: 55 [44736/60000 (75%)]	Loss: 2.159148
Train Epoch: 55 [51136/60000 (85%)]	Loss: 2.209129
Train Epoch: 55 [57536/60000 (96%)]	Loss: 2.185011

Test set: Average loss: 2.0676, Accuracy: 2738/10000 (27%)

Train Epoch: 56 [6336/60000 (11%)]	Loss: 2.035173
Train Epoch: 56 [12736/60000 (21%)]	Loss: 1.895771
Train Epoch: 56 [19136/60000 (32%)]	Loss: 2.172188
Train Epoch: 56 [25536/60000 (43%)]	Loss: 1.983378
Train Epoch: 56 [31936/60000 (53%)]	Loss: 2.096521
Train Epoch: 56 [38336/60000 (64%)]	Loss: 1.852216
Train Epoch: 56 [44736/60000 (75%)]	Loss: 2.128477
Train Epoch: 56 [51136/60000 (85%)]	Loss: 2.062937
Train Epoch: 56 [57536/60000 (96%)]	Loss: 2.048218

Test set: Average loss: 2.0668, Accuracy: 2738/10000 (27%)

Train Epoch: 57 [6336/60000 (11%)]	Loss: 1.935483
Train Epoch: 57 [12736/60000 (21%)]	Loss: 2.201890
Train Epoch: 57 [19136/60000 (32%)]	Loss: 1.937096
Train Epoch: 57 [25536/60000 (43%)]	Loss: 2.068664
Train Epoch: 57 [31936/60000 (53%)]	Loss: 2.000473
Train Epoch: 57 [38336/60000 (64%)]	Loss: 2.280627
Train Epoch: 57 [44736/60000 (75%)]	Loss: 2.295902
Train Epoch: 57 [51136/60000 (85%)]	Loss: 2.072162
Train Epoch: 57 [57536/60000 (96%)]	Loss: 2.053030

Test set: Average loss: 2.0687, Accuracy: 2738/10000 (27%)

Train Epoch: 58 [6336/60000 (11%)]	Loss: 1.818825
Train Epoch: 58 [12736/60000 (21%)]	Loss: 1.821296
Train Epoch: 58 [19136/60000 (32%)]	Loss: 2.251652
Train Epoch: 58 [25536/60000 (43%)]	Loss: 2.061901
Train Epoch: 58 [31936/60000 (53%)]	Loss: 2.102846
Train Epoch: 58 [38336/60000 (64%)]	Loss: 1.954718
Train Epoch: 58 [44736/60000 (75%)]	Loss: 1.983594
Train Epoch: 58 [51136/60000 (85%)]	Loss: 2.095850
Train Epoch: 58 [57536/60000 (96%)]	Loss: 1.965459

Test set: Average loss: 2.0685, Accuracy: 2738/10000 (27%)

Train Epoch: 59 [6336/60000 (11%)]	Loss: 2.088046
Train Epoch: 59 [12736/60000 (21%)]	Loss: 2.235207
Train Epoch: 59 [19136/60000 (32%)]	Loss: 2.018015
Train Epoch: 59 [25536/60000 (43%)]	Loss: 1.991824
Train Epoch: 59 [31936/60000 (53%)]	Loss: 2.059661
Train Epoch: 59 [38336/60000 (64%)]	Loss: 2.158267
Train Epoch: 59 [44736/60000 (75%)]	Loss: 1.974995
Train Epoch: 59 [51136/60000 (85%)]	Loss: 1.973057
Train Epoch: 59 [57536/60000 (96%)]	Loss: 2.169720

Test set: Average loss: 2.0681, Accuracy: 2738/10000 (27%)

Train Epoch: 60 [6336/60000 (11%)]	Loss: 2.247202
Train Epoch: 60 [12736/60000 (21%)]	Loss: 2.013452
Train Epoch: 60 [19136/60000 (32%)]	Loss: 2.167683
Train Epoch: 60 [25536/60000 (43%)]	Loss: 2.121671
Train Epoch: 60 [31936/60000 (53%)]	Loss: 2.028580
Train Epoch: 60 [38336/60000 (64%)]	Loss: 2.139066
Train Epoch: 60 [44736/60000 (75%)]	Loss: 2.075144
Train Epoch: 60 [51136/60000 (85%)]	Loss: 2.184073
Train Epoch: 60 [57536/60000 (96%)]	Loss: 2.263905

Test set: Average loss: 2.0669, Accuracy: 2738/10000 (27%)

Train Epoch: 61 [6336/60000 (11%)]	Loss: 1.994765
Train Epoch: 61 [12736/60000 (21%)]	Loss: 2.073742
Train Epoch: 61 [19136/60000 (32%)]	Loss: 2.072304
Train Epoch: 61 [25536/60000 (43%)]	Loss: 2.280484
Train Epoch: 61 [31936/60000 (53%)]	Loss: 2.100214
Train Epoch: 61 [38336/60000 (64%)]	Loss: 2.030812
Train Epoch: 61 [44736/60000 (75%)]	Loss: 1.994559
Train Epoch: 61 [51136/60000 (85%)]	Loss: 1.894460
Train Epoch: 61 [57536/60000 (96%)]	Loss: 2.039383

Test set: Average loss: 2.0683, Accuracy: 2738/10000 (27%)

Train Epoch: 62 [6336/60000 (11%)]	Loss: 2.124760
Train Epoch: 62 [12736/60000 (21%)]	Loss: 2.120798
Train Epoch: 62 [19136/60000 (32%)]	Loss: 2.007878
Train Epoch: 62 [25536/60000 (43%)]	Loss: 2.137864
Train Epoch: 62 [31936/60000 (53%)]	Loss: 2.057106
Train Epoch: 62 [38336/60000 (64%)]	Loss: 2.111044
Train Epoch: 62 [44736/60000 (75%)]	Loss: 2.235196
Train Epoch: 62 [51136/60000 (85%)]	Loss: 2.051365
Train Epoch: 62 [57536/60000 (96%)]	Loss: 2.079153

Test set: Average loss: 2.0681, Accuracy: 2738/10000 (27%)

Train Epoch: 63 [6336/60000 (11%)]	Loss: 2.109052
Train Epoch: 63 [12736/60000 (21%)]	Loss: 2.119637
Train Epoch: 63 [19136/60000 (32%)]	Loss: 1.990420
Train Epoch: 63 [25536/60000 (43%)]	Loss: 2.185340
Train Epoch: 63 [31936/60000 (53%)]	Loss: 2.086108
Train Epoch: 63 [38336/60000 (64%)]	Loss: 2.072668
Train Epoch: 63 [44736/60000 (75%)]	Loss: 1.929844
Train Epoch: 63 [51136/60000 (85%)]	Loss: 2.241461
Train Epoch: 63 [57536/60000 (96%)]	Loss: 2.215946

Test set: Average loss: 2.0690, Accuracy: 2738/10000 (27%)

Train Epoch: 64 [6336/60000 (11%)]	Loss: 2.093238
Train Epoch: 64 [12736/60000 (21%)]	Loss: 2.050246
Train Epoch: 64 [19136/60000 (32%)]	Loss: 2.076464
Train Epoch: 64 [25536/60000 (43%)]	Loss: 1.980496
Train Epoch: 64 [31936/60000 (53%)]	Loss: 2.030209
Train Epoch: 64 [38336/60000 (64%)]	Loss: 2.208717
Train Epoch: 64 [44736/60000 (75%)]	Loss: 1.920659
Train Epoch: 64 [51136/60000 (85%)]	Loss: 2.135481
Train Epoch: 64 [57536/60000 (96%)]	Loss: 2.215167

Test set: Average loss: 2.0692, Accuracy: 2738/10000 (27%)

Train Epoch: 65 [6336/60000 (11%)]	Loss: 2.058807
Train Epoch: 65 [12736/60000 (21%)]	Loss: 1.881151
Train Epoch: 65 [19136/60000 (32%)]	Loss: 2.217868
Train Epoch: 65 [25536/60000 (43%)]	Loss: 2.093788
Train Epoch: 65 [31936/60000 (53%)]	Loss: 1.983504
Train Epoch: 65 [38336/60000 (64%)]	Loss: 2.067121
Train Epoch: 65 [44736/60000 (75%)]	Loss: 1.997986
Train Epoch: 65 [51136/60000 (85%)]	Loss: 2.217928
Train Epoch: 65 [57536/60000 (96%)]	Loss: 2.286174

Test set: Average loss: 2.0679, Accuracy: 2738/10000 (27%)

Train Epoch: 66 [6336/60000 (11%)]	Loss: 2.053996
Train Epoch: 66 [12736/60000 (21%)]	Loss: 1.798087
Train Epoch: 66 [19136/60000 (32%)]	Loss: 2.288931
Train Epoch: 66 [25536/60000 (43%)]	Loss: 2.116525
Train Epoch: 66 [31936/60000 (53%)]	Loss: 1.908582
Train Epoch: 66 [38336/60000 (64%)]	Loss: 1.982099
Train Epoch: 66 [44736/60000 (75%)]	Loss: 2.031434
Train Epoch: 66 [51136/60000 (85%)]	Loss: 1.937389
Train Epoch: 66 [57536/60000 (96%)]	Loss: 2.330291

Test set: Average loss: 2.0677, Accuracy: 2738/10000 (27%)

Train Epoch: 67 [6336/60000 (11%)]	Loss: 2.075407
Train Epoch: 67 [12736/60000 (21%)]	Loss: 2.152672
Train Epoch: 67 [19136/60000 (32%)]	Loss: 2.315073
Train Epoch: 67 [25536/60000 (43%)]	Loss: 2.026227
Train Epoch: 67 [31936/60000 (53%)]	Loss: 2.078784
Train Epoch: 67 [38336/60000 (64%)]	Loss: 1.953122
Train Epoch: 67 [44736/60000 (75%)]	Loss: 2.000958
Train Epoch: 67 [51136/60000 (85%)]	Loss: 2.225554
Train Epoch: 67 [57536/60000 (96%)]	Loss: 2.192879

Test set: Average loss: 2.0687, Accuracy: 2738/10000 (27%)

Train Epoch: 68 [6336/60000 (11%)]	Loss: 2.115693
Train Epoch: 68 [12736/60000 (21%)]	Loss: 2.109308
Train Epoch: 68 [19136/60000 (32%)]	Loss: 1.976275
Train Epoch: 68 [25536/60000 (43%)]	Loss: 2.302088
Train Epoch: 68 [31936/60000 (53%)]	Loss: 1.818582
Train Epoch: 68 [38336/60000 (64%)]	Loss: 2.133152
Train Epoch: 68 [44736/60000 (75%)]	Loss: 1.974622
Train Epoch: 68 [51136/60000 (85%)]	Loss: 1.952470
Train Epoch: 68 [57536/60000 (96%)]	Loss: 2.087813

Test set: Average loss: 2.0666, Accuracy: 2738/10000 (27%)

Train Epoch: 69 [6336/60000 (11%)]	Loss: 1.916507
Train Epoch: 69 [12736/60000 (21%)]	Loss: 2.118954
Train Epoch: 69 [19136/60000 (32%)]	Loss: 2.238675
Train Epoch: 69 [25536/60000 (43%)]	Loss: 2.050849
Train Epoch: 69 [31936/60000 (53%)]	Loss: 2.184360
Train Epoch: 69 [38336/60000 (64%)]	Loss: 1.682311
Train Epoch: 69 [44736/60000 (75%)]	Loss: 2.280348
Train Epoch: 69 [51136/60000 (85%)]	Loss: 2.037549
Train Epoch: 69 [57536/60000 (96%)]	Loss: 2.125967

Test set: Average loss: 2.0671, Accuracy: 2738/10000 (27%)

Train Epoch: 70 [6336/60000 (11%)]	Loss: 2.042802
Train Epoch: 70 [12736/60000 (21%)]	Loss: 2.377055
Train Epoch: 70 [19136/60000 (32%)]	Loss: 2.324765
Train Epoch: 70 [25536/60000 (43%)]	Loss: 2.160291
Train Epoch: 70 [31936/60000 (53%)]	Loss: 2.148916
Train Epoch: 70 [38336/60000 (64%)]	Loss: 2.258251
Train Epoch: 70 [44736/60000 (75%)]	Loss: 2.115492
Train Epoch: 70 [51136/60000 (85%)]	Loss: 2.116447
Train Epoch: 70 [57536/60000 (96%)]	Loss: 2.291504

Test set: Average loss: 2.0691, Accuracy: 2738/10000 (27%)

Train Epoch: 71 [6336/60000 (11%)]	Loss: 1.976124
Train Epoch: 71 [12736/60000 (21%)]	Loss: 1.978046
Train Epoch: 71 [19136/60000 (32%)]	Loss: 2.145042
Train Epoch: 71 [25536/60000 (43%)]	Loss: 2.108959
Train Epoch: 71 [31936/60000 (53%)]	Loss: 2.035878
Train Epoch: 71 [38336/60000 (64%)]	Loss: 2.299061
Train Epoch: 71 [44736/60000 (75%)]	Loss: 2.103528
Train Epoch: 71 [51136/60000 (85%)]	Loss: 2.055713
Train Epoch: 71 [57536/60000 (96%)]	Loss: 2.222347

Test set: Average loss: 2.0664, Accuracy: 2738/10000 (27%)

Train Epoch: 72 [6336/60000 (11%)]	Loss: 2.413510
Train Epoch: 72 [12736/60000 (21%)]	Loss: 2.007324
Train Epoch: 72 [19136/60000 (32%)]	Loss: 2.174144
Train Epoch: 72 [25536/60000 (43%)]	Loss: 2.097020
Train Epoch: 72 [31936/60000 (53%)]	Loss: 2.101709
Train Epoch: 72 [38336/60000 (64%)]	Loss: 1.952199
Train Epoch: 72 [44736/60000 (75%)]	Loss: 1.978512
Train Epoch: 72 [51136/60000 (85%)]	Loss: 2.218177
Train Epoch: 72 [57536/60000 (96%)]	Loss: 2.107060

Test set: Average loss: 2.0702, Accuracy: 2738/10000 (27%)

Train Epoch: 73 [6336/60000 (11%)]	Loss: 2.013772
Train Epoch: 73 [12736/60000 (21%)]	Loss: 2.087783
Train Epoch: 73 [19136/60000 (32%)]	Loss: 2.093964
Train Epoch: 73 [25536/60000 (43%)]	Loss: 2.214149
Train Epoch: 73 [31936/60000 (53%)]	Loss: 1.974307
Train Epoch: 73 [38336/60000 (64%)]	Loss: 1.998444
Train Epoch: 73 [44736/60000 (75%)]	Loss: 2.281039
Train Epoch: 73 [51136/60000 (85%)]	Loss: 2.195930
Train Epoch: 73 [57536/60000 (96%)]	Loss: 2.018395

Test set: Average loss: 2.0695, Accuracy: 2738/10000 (27%)

Train Epoch: 74 [6336/60000 (11%)]	Loss: 2.145222
Train Epoch: 74 [12736/60000 (21%)]	Loss: 2.123570
Train Epoch: 74 [19136/60000 (32%)]	Loss: 2.155723
Train Epoch: 74 [25536/60000 (43%)]	Loss: 1.893861
Train Epoch: 74 [31936/60000 (53%)]	Loss: 1.936216
Train Epoch: 74 [38336/60000 (64%)]	Loss: 1.853414
Train Epoch: 74 [44736/60000 (75%)]	Loss: 2.119914
Train Epoch: 74 [51136/60000 (85%)]	Loss: 2.049191
Train Epoch: 74 [57536/60000 (96%)]	Loss: 2.320946

Test set: Average loss: 2.0714, Accuracy: 2738/10000 (27%)

Train Epoch: 75 [6336/60000 (11%)]	Loss: 2.123300
Train Epoch: 75 [12736/60000 (21%)]	Loss: 2.128649
Train Epoch: 75 [19136/60000 (32%)]	Loss: 2.153291
Train Epoch: 75 [25536/60000 (43%)]	Loss: 2.215096
Train Epoch: 75 [31936/60000 (53%)]	Loss: 1.881960
Train Epoch: 75 [38336/60000 (64%)]	Loss: 2.152139
Train Epoch: 75 [44736/60000 (75%)]	Loss: 1.982718
Train Epoch: 75 [51136/60000 (85%)]	Loss: 2.150044
Train Epoch: 75 [57536/60000 (96%)]	Loss: 2.178627

Test set: Average loss: 2.0701, Accuracy: 2738/10000 (27%)

Train Epoch: 76 [6336/60000 (11%)]	Loss: 2.153347
Train Epoch: 76 [12736/60000 (21%)]	Loss: 1.953232
Train Epoch: 76 [19136/60000 (32%)]	Loss: 2.288001
Train Epoch: 76 [25536/60000 (43%)]	Loss: 2.161919
Train Epoch: 76 [31936/60000 (53%)]	Loss: 2.099447
Train Epoch: 76 [38336/60000 (64%)]	Loss: 2.153153
Train Epoch: 76 [44736/60000 (75%)]	Loss: 2.313475
Train Epoch: 76 [51136/60000 (85%)]	Loss: 2.190413
Train Epoch: 76 [57536/60000 (96%)]	Loss: 2.291149

Test set: Average loss: 2.0681, Accuracy: 2738/10000 (27%)

Train Epoch: 77 [6336/60000 (11%)]	Loss: 1.959704
Train Epoch: 77 [12736/60000 (21%)]	Loss: 2.252686
Train Epoch: 77 [19136/60000 (32%)]	Loss: 2.136414
Train Epoch: 77 [25536/60000 (43%)]	Loss: 2.003335
Train Epoch: 77 [31936/60000 (53%)]	Loss: 1.916268
Train Epoch: 77 [38336/60000 (64%)]	Loss: 2.078695
Train Epoch: 77 [44736/60000 (75%)]	Loss: 1.944649
Train Epoch: 77 [51136/60000 (85%)]	Loss: 2.027897
Train Epoch: 77 [57536/60000 (96%)]	Loss: 2.241211

Test set: Average loss: 2.0695, Accuracy: 2738/10000 (27%)

Train Epoch: 78 [6336/60000 (11%)]	Loss: 2.199451
Train Epoch: 78 [12736/60000 (21%)]	Loss: 2.000250
Train Epoch: 78 [19136/60000 (32%)]	Loss: 2.067211
Train Epoch: 78 [25536/60000 (43%)]	Loss: 1.993344
Train Epoch: 78 [31936/60000 (53%)]	Loss: 2.132176
Train Epoch: 78 [38336/60000 (64%)]	Loss: 2.055105
Train Epoch: 78 [44736/60000 (75%)]	Loss: 2.191128
Train Epoch: 78 [51136/60000 (85%)]	Loss: 1.856337
Train Epoch: 78 [57536/60000 (96%)]	Loss: 1.988536

Test set: Average loss: 2.0689, Accuracy: 2738/10000 (27%)

Train Epoch: 79 [6336/60000 (11%)]	Loss: 1.884054
Train Epoch: 79 [12736/60000 (21%)]	Loss: 2.240061
Train Epoch: 79 [19136/60000 (32%)]	Loss: 1.958897
Train Epoch: 79 [25536/60000 (43%)]	Loss: 2.126735
Train Epoch: 79 [31936/60000 (53%)]	Loss: 2.238696
Train Epoch: 79 [38336/60000 (64%)]	Loss: 1.781380
Train Epoch: 79 [44736/60000 (75%)]	Loss: 1.822892
Train Epoch: 79 [51136/60000 (85%)]	Loss: 2.138384
Train Epoch: 79 [57536/60000 (96%)]	Loss: 2.109677

Test set: Average loss: 2.0691, Accuracy: 2738/10000 (27%)

Train Epoch: 80 [6336/60000 (11%)]	Loss: 1.882983
Train Epoch: 80 [12736/60000 (21%)]	Loss: 2.139210
Train Epoch: 80 [19136/60000 (32%)]	Loss: 2.008144
Train Epoch: 80 [25536/60000 (43%)]	Loss: 2.312511
Train Epoch: 80 [31936/60000 (53%)]	Loss: 2.294211
Train Epoch: 80 [38336/60000 (64%)]	Loss: 1.914298
Train Epoch: 80 [44736/60000 (75%)]	Loss: 2.010679
Train Epoch: 80 [51136/60000 (85%)]	Loss: 2.240319
Train Epoch: 80 [57536/60000 (96%)]	Loss: 2.020258

Test set: Average loss: 2.0696, Accuracy: 2738/10000 (27%)

Train Epoch: 81 [6336/60000 (11%)]	Loss: 1.916765
Train Epoch: 81 [12736/60000 (21%)]	Loss: 2.110312
Train Epoch: 81 [19136/60000 (32%)]	Loss: 2.190598
Train Epoch: 81 [25536/60000 (43%)]	Loss: 2.208693
Train Epoch: 81 [31936/60000 (53%)]	Loss: 2.254038
Train Epoch: 81 [38336/60000 (64%)]	Loss: 1.996031
Train Epoch: 81 [44736/60000 (75%)]	Loss: 2.105163
Train Epoch: 81 [51136/60000 (85%)]	Loss: 1.925044
Train Epoch: 81 [57536/60000 (96%)]	Loss: 2.159832

Test set: Average loss: 2.0681, Accuracy: 2738/10000 (27%)

Train Epoch: 82 [6336/60000 (11%)]	Loss: 1.986758
Train Epoch: 82 [12736/60000 (21%)]	Loss: 2.328496
Train Epoch: 82 [19136/60000 (32%)]	Loss: 1.998681
Train Epoch: 82 [25536/60000 (43%)]	Loss: 2.267961
Train Epoch: 82 [31936/60000 (53%)]	Loss: 1.994371
Train Epoch: 82 [38336/60000 (64%)]	Loss: 1.986294
Train Epoch: 82 [44736/60000 (75%)]	Loss: 1.954570
Train Epoch: 82 [51136/60000 (85%)]	Loss: 2.079941
Train Epoch: 82 [57536/60000 (96%)]	Loss: 1.881305

Test set: Average loss: 2.0665, Accuracy: 2738/10000 (27%)

Train Epoch: 83 [6336/60000 (11%)]	Loss: 2.245795
Train Epoch: 83 [12736/60000 (21%)]	Loss: 2.077748
Train Epoch: 83 [19136/60000 (32%)]	Loss: 2.324499
Train Epoch: 83 [25536/60000 (43%)]	Loss: 1.973668
Train Epoch: 83 [31936/60000 (53%)]	Loss: 2.356528
Train Epoch: 83 [38336/60000 (64%)]	Loss: 2.264056
Train Epoch: 83 [44736/60000 (75%)]	Loss: 2.209267
Train Epoch: 83 [51136/60000 (85%)]	Loss: 2.291771
Train Epoch: 83 [57536/60000 (96%)]	Loss: 1.948454

Test set: Average loss: 2.0686, Accuracy: 2738/10000 (27%)

Train Epoch: 84 [6336/60000 (11%)]	Loss: 2.067365
Train Epoch: 84 [12736/60000 (21%)]	Loss: 1.930968
Train Epoch: 84 [19136/60000 (32%)]	Loss: 2.113513
Train Epoch: 84 [25536/60000 (43%)]	Loss: 1.978169
Train Epoch: 84 [31936/60000 (53%)]	Loss: 2.067607
Train Epoch: 84 [38336/60000 (64%)]	Loss: 1.965083
Train Epoch: 84 [44736/60000 (75%)]	Loss: 2.183386
Train Epoch: 84 [51136/60000 (85%)]	Loss: 2.191861
Train Epoch: 84 [57536/60000 (96%)]	Loss: 2.062210

Test set: Average loss: 2.0683, Accuracy: 2738/10000 (27%)

Train Epoch: 85 [6336/60000 (11%)]	Loss: 2.427773
Train Epoch: 85 [12736/60000 (21%)]	Loss: 2.169201
Train Epoch: 85 [19136/60000 (32%)]	Loss: 1.921478
Train Epoch: 85 [25536/60000 (43%)]	Loss: 2.212651
Train Epoch: 85 [31936/60000 (53%)]	Loss: 2.444224
Train Epoch: 85 [38336/60000 (64%)]	Loss: 2.235588
Train Epoch: 85 [44736/60000 (75%)]	Loss: 2.081799
Train Epoch: 85 [51136/60000 (85%)]	Loss: 2.192093
Train Epoch: 85 [57536/60000 (96%)]	Loss: 1.952666

Test set: Average loss: 2.0711, Accuracy: 2738/10000 (27%)

Train Epoch: 86 [6336/60000 (11%)]	Loss: 1.947021
Train Epoch: 86 [12736/60000 (21%)]	Loss: 2.163011
Train Epoch: 86 [19136/60000 (32%)]	Loss: 2.114469
Train Epoch: 86 [25536/60000 (43%)]	Loss: 2.231629
Train Epoch: 86 [31936/60000 (53%)]	Loss: 2.239187
Train Epoch: 86 [38336/60000 (64%)]	Loss: 2.211357
Train Epoch: 86 [44736/60000 (75%)]	Loss: 2.277898
Train Epoch: 86 [51136/60000 (85%)]	Loss: 1.992357
Train Epoch: 86 [57536/60000 (96%)]	Loss: 2.073912

Test set: Average loss: 2.0669, Accuracy: 2738/10000 (27%)

Train Epoch: 87 [6336/60000 (11%)]	Loss: 1.963139
Train Epoch: 87 [12736/60000 (21%)]	Loss: 1.965067
Train Epoch: 87 [19136/60000 (32%)]	Loss: 1.952719
Train Epoch: 87 [25536/60000 (43%)]	Loss: 2.069120
Train Epoch: 87 [31936/60000 (53%)]	Loss: 1.899945
Train Epoch: 87 [38336/60000 (64%)]	Loss: 2.018613
Train Epoch: 87 [44736/60000 (75%)]	Loss: 1.922737
Train Epoch: 87 [51136/60000 (85%)]	Loss: 1.946835
Train Epoch: 87 [57536/60000 (96%)]	Loss: 2.010372

Test set: Average loss: 2.0682, Accuracy: 2738/10000 (27%)

Train Epoch: 88 [6336/60000 (11%)]	Loss: 1.979316
Train Epoch: 88 [12736/60000 (21%)]	Loss: 2.249446
Train Epoch: 88 [19136/60000 (32%)]	Loss: 2.184584
Train Epoch: 88 [25536/60000 (43%)]	Loss: 2.222812
Train Epoch: 88 [31936/60000 (53%)]	Loss: 2.147389
Train Epoch: 88 [38336/60000 (64%)]	Loss: 1.978363
Train Epoch: 88 [44736/60000 (75%)]	Loss: 1.900624
Train Epoch: 88 [51136/60000 (85%)]	Loss: 1.922330
Train Epoch: 88 [57536/60000 (96%)]	Loss: 2.025077

Test set: Average loss: 2.0668, Accuracy: 2738/10000 (27%)

Train Epoch: 89 [6336/60000 (11%)]	Loss: 2.238760
Train Epoch: 89 [12736/60000 (21%)]	Loss: 2.199859
Train Epoch: 89 [19136/60000 (32%)]	Loss: 1.966691
Train Epoch: 89 [25536/60000 (43%)]	Loss: 1.978715
Train Epoch: 89 [31936/60000 (53%)]	Loss: 1.930506
Train Epoch: 89 [38336/60000 (64%)]	Loss: 2.107267
Train Epoch: 89 [44736/60000 (75%)]	Loss: 1.968910
Train Epoch: 89 [51136/60000 (85%)]	Loss: 2.134205
Train Epoch: 89 [57536/60000 (96%)]	Loss: 2.195459

Test set: Average loss: 2.0679, Accuracy: 2738/10000 (27%)

Train Epoch: 90 [6336/60000 (11%)]	Loss: 2.073032
Train Epoch: 90 [12736/60000 (21%)]	Loss: 1.965421
Train Epoch: 90 [19136/60000 (32%)]	Loss: 2.054916
Train Epoch: 90 [25536/60000 (43%)]	Loss: 2.140096
Train Epoch: 90 [31936/60000 (53%)]	Loss: 2.230083
Train Epoch: 90 [38336/60000 (64%)]	Loss: 2.195619
Train Epoch: 90 [44736/60000 (75%)]	Loss: 1.756637
Train Epoch: 90 [51136/60000 (85%)]	Loss: 2.094964
Train Epoch: 90 [57536/60000 (96%)]	Loss: 2.074047

Test set: Average loss: 2.0700, Accuracy: 2738/10000 (27%)

Train Epoch: 91 [6336/60000 (11%)]	Loss: 1.820792
Train Epoch: 91 [12736/60000 (21%)]	Loss: 2.272157
Train Epoch: 91 [19136/60000 (32%)]	Loss: 2.011872
Train Epoch: 91 [25536/60000 (43%)]	Loss: 2.236353
Train Epoch: 91 [31936/60000 (53%)]	Loss: 1.923307
Train Epoch: 91 [38336/60000 (64%)]	Loss: 2.280206
Train Epoch: 91 [44736/60000 (75%)]	Loss: 2.217761
Train Epoch: 91 [51136/60000 (85%)]	Loss: 2.189271
Train Epoch: 91 [57536/60000 (96%)]	Loss: 2.051011

Test set: Average loss: 2.0680, Accuracy: 2738/10000 (27%)

Train Epoch: 92 [6336/60000 (11%)]	Loss: 1.904472
Train Epoch: 92 [12736/60000 (21%)]	Loss: 2.142698
Train Epoch: 92 [19136/60000 (32%)]	Loss: 2.203426
Train Epoch: 92 [25536/60000 (43%)]	Loss: 1.904055
Train Epoch: 92 [31936/60000 (53%)]	Loss: 1.911429
Train Epoch: 92 [38336/60000 (64%)]	Loss: 1.931444
Train Epoch: 92 [44736/60000 (75%)]	Loss: 2.081547
Train Epoch: 92 [51136/60000 (85%)]	Loss: 1.939132
Train Epoch: 92 [57536/60000 (96%)]	Loss: 1.921825

Test set: Average loss: 2.0680, Accuracy: 2738/10000 (27%)

Train Epoch: 93 [6336/60000 (11%)]	Loss: 2.316400
Train Epoch: 93 [12736/60000 (21%)]	Loss: 2.113019
Train Epoch: 93 [19136/60000 (32%)]	Loss: 1.882944
Train Epoch: 93 [25536/60000 (43%)]	Loss: 2.133966
Train Epoch: 93 [31936/60000 (53%)]	Loss: 2.054976
Train Epoch: 93 [38336/60000 (64%)]	Loss: 2.131280
Train Epoch: 93 [44736/60000 (75%)]	Loss: 2.153009
Train Epoch: 93 [51136/60000 (85%)]	Loss: 1.999859
Train Epoch: 93 [57536/60000 (96%)]	Loss: 2.169786

Test set: Average loss: 2.0685, Accuracy: 2738/10000 (27%)

Train Epoch: 94 [6336/60000 (11%)]	Loss: 2.317527
Train Epoch: 94 [12736/60000 (21%)]	Loss: 1.944258
Train Epoch: 94 [19136/60000 (32%)]	Loss: 2.200930
Train Epoch: 94 [25536/60000 (43%)]	Loss: 2.005358
Train Epoch: 94 [31936/60000 (53%)]	Loss: 2.086877
Train Epoch: 94 [38336/60000 (64%)]	Loss: 2.067318
Train Epoch: 94 [44736/60000 (75%)]	Loss: 2.038413
Train Epoch: 94 [51136/60000 (85%)]	Loss: 2.189501
Train Epoch: 94 [57536/60000 (96%)]	Loss: 1.987795

Test set: Average loss: 2.0661, Accuracy: 2738/10000 (27%)

Train Epoch: 95 [6336/60000 (11%)]	Loss: 2.097718
Train Epoch: 95 [12736/60000 (21%)]	Loss: 2.038349
Train Epoch: 95 [19136/60000 (32%)]	Loss: 1.985206
Train Epoch: 95 [25536/60000 (43%)]	Loss: 1.893058
Train Epoch: 95 [31936/60000 (53%)]	Loss: 2.021306
Train Epoch: 95 [38336/60000 (64%)]	Loss: 1.890442
Train Epoch: 95 [44736/60000 (75%)]	Loss: 1.939523
Train Epoch: 95 [51136/60000 (85%)]	Loss: 1.984474
Train Epoch: 95 [57536/60000 (96%)]	Loss: 2.042809

Test set: Average loss: 2.0696, Accuracy: 2738/10000 (27%)

Train Epoch: 96 [6336/60000 (11%)]	Loss: 2.057111
Train Epoch: 96 [12736/60000 (21%)]	Loss: 2.005256
Train Epoch: 96 [19136/60000 (32%)]	Loss: 2.222897
Train Epoch: 96 [25536/60000 (43%)]	Loss: 2.054698
Train Epoch: 96 [31936/60000 (53%)]	Loss: 1.951695
Train Epoch: 96 [38336/60000 (64%)]	Loss: 2.195064
Train Epoch: 96 [44736/60000 (75%)]	Loss: 2.106866
Train Epoch: 96 [51136/60000 (85%)]	Loss: 2.144452
Train Epoch: 96 [57536/60000 (96%)]	Loss: 1.976100

Test set: Average loss: 2.0689, Accuracy: 2738/10000 (27%)

Train Epoch: 97 [6336/60000 (11%)]	Loss: 2.061333
Train Epoch: 97 [12736/60000 (21%)]	Loss: 2.082120
Train Epoch: 97 [19136/60000 (32%)]	Loss: 2.046194
Train Epoch: 97 [25536/60000 (43%)]	Loss: 2.210410
Train Epoch: 97 [31936/60000 (53%)]	Loss: 1.960165
Train Epoch: 97 [38336/60000 (64%)]	Loss: 1.868838
Train Epoch: 97 [44736/60000 (75%)]	Loss: 1.972017
Train Epoch: 97 [51136/60000 (85%)]	Loss: 2.146666
Train Epoch: 97 [57536/60000 (96%)]	Loss: 1.943220

Test set: Average loss: 2.0684, Accuracy: 2738/10000 (27%)

Train Epoch: 98 [6336/60000 (11%)]	Loss: 2.243442
Train Epoch: 98 [12736/60000 (21%)]	Loss: 2.200394
Train Epoch: 98 [19136/60000 (32%)]	Loss: 2.079295
Train Epoch: 98 [25536/60000 (43%)]	Loss: 2.270705
Train Epoch: 98 [31936/60000 (53%)]	Loss: 1.865898
Train Epoch: 98 [38336/60000 (64%)]	Loss: 2.186975
Train Epoch: 98 [44736/60000 (75%)]	Loss: 1.985680
Train Epoch: 98 [51136/60000 (85%)]	Loss: 2.045477
Train Epoch: 98 [57536/60000 (96%)]	Loss: 1.886803

Test set: Average loss: 2.0698, Accuracy: 2738/10000 (27%)

Train Epoch: 99 [6336/60000 (11%)]	Loss: 1.919396
Train Epoch: 99 [12736/60000 (21%)]	Loss: 1.981495
Train Epoch: 99 [19136/60000 (32%)]	Loss: 1.917190
Train Epoch: 99 [25536/60000 (43%)]	Loss: 2.086167
Train Epoch: 99 [31936/60000 (53%)]	Loss: 2.395451
Train Epoch: 99 [38336/60000 (64%)]	Loss: 2.006480
Train Epoch: 99 [44736/60000 (75%)]	Loss: 2.146800
Train Epoch: 99 [51136/60000 (85%)]	Loss: 2.114648
Train Epoch: 99 [57536/60000 (96%)]	Loss: 1.845750

Test set: Average loss: 2.0693, Accuracy: 2738/10000 (27%)

Train Epoch: 100 [6336/60000 (11%)]	Loss: 1.948634
Train Epoch: 100 [12736/60000 (21%)]	Loss: 1.861471
Train Epoch: 100 [19136/60000 (32%)]	Loss: 2.145956
Train Epoch: 100 [25536/60000 (43%)]	Loss: 1.988274
Train Epoch: 100 [31936/60000 (53%)]	Loss: 2.267350
Train Epoch: 100 [38336/60000 (64%)]	Loss: 2.047318
Train Epoch: 100 [44736/60000 (75%)]	Loss: 2.230790
Train Epoch: 100 [51136/60000 (85%)]	Loss: 2.150622
Train Epoch: 100 [57536/60000 (96%)]	Loss: 2.096168

Test set: Average loss: 2.0678, Accuracy: 2738/10000 (27%)

Train Epoch: 101 [6336/60000 (11%)]	Loss: 1.945574
Train Epoch: 101 [12736/60000 (21%)]	Loss: 1.935825
Train Epoch: 101 [19136/60000 (32%)]	Loss: 2.101541
Train Epoch: 101 [25536/60000 (43%)]	Loss: 1.995343
Train Epoch: 101 [31936/60000 (53%)]	Loss: 2.152864
Train Epoch: 101 [38336/60000 (64%)]	Loss: 2.053770
Train Epoch: 101 [44736/60000 (75%)]	Loss: 2.043174
Train Epoch: 101 [51136/60000 (85%)]	Loss: 1.778670
Train Epoch: 101 [57536/60000 (96%)]	Loss: 2.162446

Test set: Average loss: 2.0664, Accuracy: 2738/10000 (27%)

Train Epoch: 102 [6336/60000 (11%)]	Loss: 2.153296
Train Epoch: 102 [12736/60000 (21%)]	Loss: 2.217828
Train Epoch: 102 [19136/60000 (32%)]	Loss: 2.089686
Train Epoch: 102 [25536/60000 (43%)]	Loss: 2.183425
Train Epoch: 102 [31936/60000 (53%)]	Loss: 2.072327
Train Epoch: 102 [38336/60000 (64%)]	Loss: 2.089804
Train Epoch: 102 [44736/60000 (75%)]	Loss: 2.117125
Train Epoch: 102 [51136/60000 (85%)]	Loss: 2.131162
Train Epoch: 102 [57536/60000 (96%)]	Loss: 2.178287

Test set: Average loss: 2.0683, Accuracy: 2738/10000 (27%)

Train Epoch: 103 [6336/60000 (11%)]	Loss: 2.220847
Train Epoch: 103 [12736/60000 (21%)]	Loss: 2.171348
Train Epoch: 103 [19136/60000 (32%)]	Loss: 2.251589
Train Epoch: 103 [25536/60000 (43%)]	Loss: 2.070035
Train Epoch: 103 [31936/60000 (53%)]	Loss: 2.126866
Train Epoch: 103 [38336/60000 (64%)]	Loss: 2.049813
Train Epoch: 103 [44736/60000 (75%)]	Loss: 2.282306
Train Epoch: 103 [51136/60000 (85%)]	Loss: 2.063175
Train Epoch: 103 [57536/60000 (96%)]	Loss: 1.917882

Test set: Average loss: 2.0691, Accuracy: 2738/10000 (27%)

Train Epoch: 104 [6336/60000 (11%)]	Loss: 1.953526
Train Epoch: 104 [12736/60000 (21%)]	Loss: 2.097465
Train Epoch: 104 [19136/60000 (32%)]	Loss: 2.216019
Train Epoch: 104 [25536/60000 (43%)]	Loss: 2.202716
Train Epoch: 104 [31936/60000 (53%)]	Loss: 2.046566
Train Epoch: 104 [38336/60000 (64%)]	Loss: 2.104885
Train Epoch: 104 [44736/60000 (75%)]	Loss: 1.938810
Train Epoch: 104 [51136/60000 (85%)]	Loss: 2.011445
Train Epoch: 104 [57536/60000 (96%)]	Loss: 2.070820

Test set: Average loss: 2.0692, Accuracy: 2738/10000 (27%)

Train Epoch: 105 [6336/60000 (11%)]	Loss: 2.124713
Train Epoch: 105 [12736/60000 (21%)]	Loss: 2.062030
Train Epoch: 105 [19136/60000 (32%)]	Loss: 2.071280
Train Epoch: 105 [25536/60000 (43%)]	Loss: 2.115612
Train Epoch: 105 [31936/60000 (53%)]	Loss: 2.130482
Train Epoch: 105 [38336/60000 (64%)]	Loss: 2.117710
Train Epoch: 105 [44736/60000 (75%)]	Loss: 2.130440
Train Epoch: 105 [51136/60000 (85%)]	Loss: 2.253280
Train Epoch: 105 [57536/60000 (96%)]	Loss: 2.262327

Test set: Average loss: 2.0693, Accuracy: 2738/10000 (27%)

Train Epoch: 106 [6336/60000 (11%)]	Loss: 2.232656
Train Epoch: 106 [12736/60000 (21%)]	Loss: 1.876006
Train Epoch: 106 [19136/60000 (32%)]	Loss: 2.066882
Train Epoch: 106 [25536/60000 (43%)]	Loss: 2.277041
Train Epoch: 106 [31936/60000 (53%)]	Loss: 2.396262
Train Epoch: 106 [38336/60000 (64%)]	Loss: 2.221417
Train Epoch: 106 [44736/60000 (75%)]	Loss: 2.336179
Train Epoch: 106 [51136/60000 (85%)]	Loss: 2.283231
Train Epoch: 106 [57536/60000 (96%)]	Loss: 2.090615

Test set: Average loss: 2.0689, Accuracy: 2738/10000 (27%)

Train Epoch: 107 [6336/60000 (11%)]	Loss: 1.924678
Train Epoch: 107 [12736/60000 (21%)]	Loss: 2.088899
Train Epoch: 107 [19136/60000 (32%)]	Loss: 1.915245
Train Epoch: 107 [25536/60000 (43%)]	Loss: 2.193644
Train Epoch: 107 [31936/60000 (53%)]	Loss: 2.101607
Train Epoch: 107 [38336/60000 (64%)]	Loss: 2.165539
Train Epoch: 107 [44736/60000 (75%)]	Loss: 1.916376
Train Epoch: 107 [51136/60000 (85%)]	Loss: 1.926656
Train Epoch: 107 [57536/60000 (96%)]	Loss: 1.991302

Test set: Average loss: 2.0699, Accuracy: 2738/10000 (27%)

Train Epoch: 108 [6336/60000 (11%)]	Loss: 2.089295
Train Epoch: 108 [12736/60000 (21%)]	Loss: 2.148386
Train Epoch: 108 [19136/60000 (32%)]	Loss: 2.203715
Train Epoch: 108 [25536/60000 (43%)]	Loss: 2.141117
Train Epoch: 108 [31936/60000 (53%)]	Loss: 1.989014
Train Epoch: 108 [38336/60000 (64%)]	Loss: 1.923584
Train Epoch: 108 [44736/60000 (75%)]	Loss: 2.043946
Train Epoch: 108 [51136/60000 (85%)]	Loss: 2.060869
Train Epoch: 108 [57536/60000 (96%)]	Loss: 1.919219

Test set: Average loss: 2.0679, Accuracy: 2738/10000 (27%)

Train Epoch: 109 [6336/60000 (11%)]	Loss: 2.198495
Train Epoch: 109 [12736/60000 (21%)]	Loss: 2.214359
Train Epoch: 109 [19136/60000 (32%)]	Loss: 2.033011
Train Epoch: 109 [25536/60000 (43%)]	Loss: 1.985166
Train Epoch: 109 [31936/60000 (53%)]	Loss: 2.066708
Train Epoch: 109 [38336/60000 (64%)]	Loss: 2.233425
Train Epoch: 109 [44736/60000 (75%)]	Loss: 1.978609
Train Epoch: 109 [51136/60000 (85%)]	Loss: 2.145375
Train Epoch: 109 [57536/60000 (96%)]	Loss: 1.957687

Test set: Average loss: 2.0682, Accuracy: 2738/10000 (27%)

Train Epoch: 110 [6336/60000 (11%)]	Loss: 1.921090
Train Epoch: 110 [12736/60000 (21%)]	Loss: 1.767853
Train Epoch: 110 [19136/60000 (32%)]	Loss: 2.192138
Train Epoch: 110 [25536/60000 (43%)]	Loss: 2.035473
Train Epoch: 110 [31936/60000 (53%)]	Loss: 2.084425
Train Epoch: 110 [38336/60000 (64%)]	Loss: 2.149232
Train Epoch: 110 [44736/60000 (75%)]	Loss: 1.904277
Train Epoch: 110 [51136/60000 (85%)]	Loss: 1.983590
Train Epoch: 110 [57536/60000 (96%)]	Loss: 2.079077

Test set: Average loss: 2.0688, Accuracy: 2738/10000 (27%)

Train Epoch: 111 [6336/60000 (11%)]	Loss: 1.877266
Train Epoch: 111 [12736/60000 (21%)]	Loss: 2.044134
Train Epoch: 111 [19136/60000 (32%)]	Loss: 2.184698
Train Epoch: 111 [25536/60000 (43%)]	Loss: 2.181834
Train Epoch: 111 [31936/60000 (53%)]	Loss: 2.231512
Train Epoch: 111 [38336/60000 (64%)]	Loss: 2.031322
Train Epoch: 111 [44736/60000 (75%)]	Loss: 1.845132
Train Epoch: 111 [51136/60000 (85%)]	Loss: 2.018138
Train Epoch: 111 [57536/60000 (96%)]	Loss: 2.125803

Test set: Average loss: 2.0674, Accuracy: 2738/10000 (27%)

Train Epoch: 112 [6336/60000 (11%)]	Loss: 2.174865
Train Epoch: 112 [12736/60000 (21%)]	Loss: 2.184428
Train Epoch: 112 [19136/60000 (32%)]	Loss: 1.980198
Train Epoch: 112 [25536/60000 (43%)]	Loss: 2.265842
Train Epoch: 112 [31936/60000 (53%)]	Loss: 2.123402
Train Epoch: 112 [38336/60000 (64%)]	Loss: 2.164662
Train Epoch: 112 [44736/60000 (75%)]	Loss: 1.934386
Train Epoch: 112 [51136/60000 (85%)]	Loss: 2.013701
Train Epoch: 112 [57536/60000 (96%)]	Loss: 2.117871

Test set: Average loss: 2.0679, Accuracy: 2738/10000 (27%)

Train Epoch: 113 [6336/60000 (11%)]	Loss: 2.125017
Train Epoch: 113 [12736/60000 (21%)]	Loss: 2.420042
Train Epoch: 113 [19136/60000 (32%)]	Loss: 2.277902
Train Epoch: 113 [25536/60000 (43%)]	Loss: 1.935261
Train Epoch: 113 [31936/60000 (53%)]	Loss: 2.219415
Train Epoch: 113 [38336/60000 (64%)]	Loss: 1.735734
Train Epoch: 113 [44736/60000 (75%)]	Loss: 2.146917
Train Epoch: 113 [51136/60000 (85%)]	Loss: 2.186705
Train Epoch: 113 [57536/60000 (96%)]	Loss: 1.953210

Test set: Average loss: 2.0697, Accuracy: 2738/10000 (27%)

Train Epoch: 114 [6336/60000 (11%)]	Loss: 2.042644
Train Epoch: 114 [12736/60000 (21%)]	Loss: 2.005680
Train Epoch: 114 [19136/60000 (32%)]	Loss: 1.910313
Train Epoch: 114 [25536/60000 (43%)]	Loss: 2.003893
Train Epoch: 114 [31936/60000 (53%)]	Loss: 2.102054
Train Epoch: 114 [38336/60000 (64%)]	Loss: 2.156430
Train Epoch: 114 [44736/60000 (75%)]	Loss: 2.105596
Train Epoch: 114 [51136/60000 (85%)]	Loss: 2.079420
Train Epoch: 114 [57536/60000 (96%)]	Loss: 2.104972

Test set: Average loss: 2.0689, Accuracy: 2738/10000 (27%)

Train Epoch: 115 [6336/60000 (11%)]	Loss: 1.982951
Train Epoch: 115 [12736/60000 (21%)]	Loss: 2.128331
Train Epoch: 115 [19136/60000 (32%)]	Loss: 2.159545
Train Epoch: 115 [25536/60000 (43%)]	Loss: 2.232739
Train Epoch: 115 [31936/60000 (53%)]	Loss: 1.972780
Train Epoch: 115 [38336/60000 (64%)]	Loss: 2.228003
Train Epoch: 115 [44736/60000 (75%)]	Loss: 1.943544
Train Epoch: 115 [51136/60000 (85%)]	Loss: 2.132141
Train Epoch: 115 [57536/60000 (96%)]	Loss: 2.181382

Test set: Average loss: 2.0684, Accuracy: 2738/10000 (27%)

Train Epoch: 116 [6336/60000 (11%)]	Loss: 2.251166
Train Epoch: 116 [12736/60000 (21%)]	Loss: 1.960712
Train Epoch: 116 [19136/60000 (32%)]	Loss: 2.416878
Train Epoch: 116 [25536/60000 (43%)]	Loss: 1.940914
Train Epoch: 116 [31936/60000 (53%)]	Loss: 2.075464
Train Epoch: 116 [38336/60000 (64%)]	Loss: 2.296772
Train Epoch: 116 [44736/60000 (75%)]	Loss: 2.102700
Train Epoch: 116 [51136/60000 (85%)]	Loss: 2.064182
Train Epoch: 116 [57536/60000 (96%)]	Loss: 1.940961

Test set: Average loss: 2.0657, Accuracy: 2738/10000 (27%)

Train Epoch: 117 [6336/60000 (11%)]	Loss: 1.935619
Train Epoch: 117 [12736/60000 (21%)]	Loss: 2.105918
Train Epoch: 117 [19136/60000 (32%)]	Loss: 2.089197
Train Epoch: 117 [25536/60000 (43%)]	Loss: 1.983850
Train Epoch: 117 [31936/60000 (53%)]	Loss: 2.120109
Train Epoch: 117 [38336/60000 (64%)]	Loss: 2.071568
Train Epoch: 117 [44736/60000 (75%)]	Loss: 2.122468
Train Epoch: 117 [51136/60000 (85%)]	Loss: 1.829827
Train Epoch: 117 [57536/60000 (96%)]	Loss: 1.953918

Test set: Average loss: 2.0700, Accuracy: 2738/10000 (27%)

Train Epoch: 118 [6336/60000 (11%)]	Loss: 2.032408
Train Epoch: 118 [12736/60000 (21%)]	Loss: 1.909218
Train Epoch: 118 [19136/60000 (32%)]	Loss: 2.023372
Train Epoch: 118 [25536/60000 (43%)]	Loss: 2.111782
Train Epoch: 118 [31936/60000 (53%)]	Loss: 2.170789
Train Epoch: 118 [38336/60000 (64%)]	Loss: 2.111450
Train Epoch: 118 [44736/60000 (75%)]	Loss: 2.033474
Train Epoch: 118 [51136/60000 (85%)]	Loss: 2.121615
Train Epoch: 118 [57536/60000 (96%)]	Loss: 2.157289

Test set: Average loss: 2.0690, Accuracy: 2738/10000 (27%)

Train Epoch: 119 [6336/60000 (11%)]	Loss: 2.257046
Train Epoch: 119 [12736/60000 (21%)]	Loss: 1.922961
Train Epoch: 119 [19136/60000 (32%)]	Loss: 2.391082
Train Epoch: 119 [25536/60000 (43%)]	Loss: 1.936767
Train Epoch: 119 [31936/60000 (53%)]	Loss: 2.131573
Train Epoch: 119 [38336/60000 (64%)]	Loss: 2.514020
Train Epoch: 119 [44736/60000 (75%)]	Loss: 1.907858
Train Epoch: 119 [51136/60000 (85%)]	Loss: 2.153273
Train Epoch: 119 [57536/60000 (96%)]	Loss: 1.999294

Test set: Average loss: 2.0697, Accuracy: 2738/10000 (27%)

Train Epoch: 120 [6336/60000 (11%)]	Loss: 1.989722
Train Epoch: 120 [12736/60000 (21%)]	Loss: 2.163244
Train Epoch: 120 [19136/60000 (32%)]	Loss: 2.030389
Train Epoch: 120 [25536/60000 (43%)]	Loss: 2.109611
Train Epoch: 120 [31936/60000 (53%)]	Loss: 2.071420
Train Epoch: 120 [38336/60000 (64%)]	Loss: 1.999915
Train Epoch: 120 [44736/60000 (75%)]	Loss: 2.224385
Train Epoch: 120 [51136/60000 (85%)]	Loss: 2.244691
Train Epoch: 120 [57536/60000 (96%)]	Loss: 1.994454

Test set: Average loss: 2.0668, Accuracy: 2738/10000 (27%)

Train Epoch: 121 [6336/60000 (11%)]	Loss: 1.978581
Train Epoch: 121 [12736/60000 (21%)]	Loss: 2.209409
Train Epoch: 121 [19136/60000 (32%)]	Loss: 2.095054
Train Epoch: 121 [25536/60000 (43%)]	Loss: 2.027785
Train Epoch: 121 [31936/60000 (53%)]	Loss: 2.132548
Train Epoch: 121 [38336/60000 (64%)]	Loss: 2.120669
Train Epoch: 121 [44736/60000 (75%)]	Loss: 2.140306
Train Epoch: 121 [51136/60000 (85%)]	Loss: 2.109438
Train Epoch: 121 [57536/60000 (96%)]	Loss: 2.046619

Test set: Average loss: 2.0675, Accuracy: 2738/10000 (27%)

Train Epoch: 122 [6336/60000 (11%)]	Loss: 1.872344
Train Epoch: 122 [12736/60000 (21%)]	Loss: 2.082597
Train Epoch: 122 [19136/60000 (32%)]	Loss: 1.875653
Train Epoch: 122 [25536/60000 (43%)]	Loss: 2.067376
Train Epoch: 122 [31936/60000 (53%)]	Loss: 1.797720
Train Epoch: 122 [38336/60000 (64%)]	Loss: 2.321854
Train Epoch: 122 [44736/60000 (75%)]	Loss: 2.096477
Train Epoch: 122 [51136/60000 (85%)]	Loss: 2.149273
Train Epoch: 122 [57536/60000 (96%)]	Loss: 2.116509

Test set: Average loss: 2.0689, Accuracy: 2738/10000 (27%)

Train Epoch: 123 [6336/60000 (11%)]	Loss: 2.108879
Train Epoch: 123 [12736/60000 (21%)]	Loss: 1.839556
Train Epoch: 123 [19136/60000 (32%)]	Loss: 2.157629
Train Epoch: 123 [25536/60000 (43%)]	Loss: 2.090022
Train Epoch: 123 [31936/60000 (53%)]	Loss: 1.981052
Train Epoch: 123 [38336/60000 (64%)]	Loss: 2.306247
Train Epoch: 123 [44736/60000 (75%)]	Loss: 2.194016
Train Epoch: 123 [51136/60000 (85%)]	Loss: 2.337492
Train Epoch: 123 [57536/60000 (96%)]	Loss: 2.049032

Test set: Average loss: 2.0698, Accuracy: 2738/10000 (27%)

Train Epoch: 124 [6336/60000 (11%)]	Loss: 2.160950
Train Epoch: 124 [12736/60000 (21%)]	Loss: 2.152223
Train Epoch: 124 [19136/60000 (32%)]	Loss: 2.129628
Train Epoch: 124 [25536/60000 (43%)]	Loss: 2.128969
Train Epoch: 124 [31936/60000 (53%)]	Loss: 2.274840
Train Epoch: 124 [38336/60000 (64%)]	Loss: 1.856066
Train Epoch: 124 [44736/60000 (75%)]	Loss: 2.095053
Train Epoch: 124 [51136/60000 (85%)]	Loss: 2.197808
Train Epoch: 124 [57536/60000 (96%)]	Loss: 2.029180

Test set: Average loss: 2.0679, Accuracy: 2738/10000 (27%)

Train Epoch: 125 [6336/60000 (11%)]	Loss: 2.014046
Train Epoch: 125 [12736/60000 (21%)]	Loss: 2.043388
Train Epoch: 125 [19136/60000 (32%)]	Loss: 2.074783
Train Epoch: 125 [25536/60000 (43%)]	Loss: 2.118569
Train Epoch: 125 [31936/60000 (53%)]	Loss: 2.482726
Train Epoch: 125 [38336/60000 (64%)]	Loss: 2.139047
Train Epoch: 125 [44736/60000 (75%)]	Loss: 2.212526
Train Epoch: 125 [51136/60000 (85%)]	Loss: 1.897394
Train Epoch: 125 [57536/60000 (96%)]	Loss: 2.153557

Test set: Average loss: 2.0683, Accuracy: 2738/10000 (27%)

Train Epoch: 126 [6336/60000 (11%)]	Loss: 2.218973
Train Epoch: 126 [12736/60000 (21%)]	Loss: 2.224593
Train Epoch: 126 [19136/60000 (32%)]	Loss: 1.962310
Train Epoch: 126 [25536/60000 (43%)]	Loss: 2.172195
Train Epoch: 126 [31936/60000 (53%)]	Loss: 1.932909
Train Epoch: 126 [38336/60000 (64%)]	Loss: 2.034485
Train Epoch: 126 [44736/60000 (75%)]	Loss: 1.930929
Train Epoch: 126 [51136/60000 (85%)]	Loss: 1.923815
Train Epoch: 126 [57536/60000 (96%)]	Loss: 2.073527

Test set: Average loss: 2.0698, Accuracy: 2738/10000 (27%)

Train Epoch: 127 [6336/60000 (11%)]	Loss: 2.169676
Train Epoch: 127 [12736/60000 (21%)]	Loss: 1.953699
Train Epoch: 127 [19136/60000 (32%)]	Loss: 2.154585
Train Epoch: 127 [25536/60000 (43%)]	Loss: 2.185371
Train Epoch: 127 [31936/60000 (53%)]	Loss: 1.974416
Train Epoch: 127 [38336/60000 (64%)]	Loss: 1.827659
Train Epoch: 127 [44736/60000 (75%)]	Loss: 2.098454
Train Epoch: 127 [51136/60000 (85%)]	Loss: 2.234564
Train Epoch: 127 [57536/60000 (96%)]	Loss: 2.015212

Test set: Average loss: 2.0685, Accuracy: 2738/10000 (27%)

Train Epoch: 128 [6336/60000 (11%)]	Loss: 2.201738
Train Epoch: 128 [12736/60000 (21%)]	Loss: 1.858309
Train Epoch: 128 [19136/60000 (32%)]	Loss: 2.049907
Train Epoch: 128 [25536/60000 (43%)]	Loss: 2.146743
Train Epoch: 128 [31936/60000 (53%)]	Loss: 2.208470
Train Epoch: 128 [38336/60000 (64%)]	Loss: 2.239361
Train Epoch: 128 [44736/60000 (75%)]	Loss: 1.943470
Train Epoch: 128 [51136/60000 (85%)]	Loss: 2.031735
Train Epoch: 128 [57536/60000 (96%)]	Loss: 2.221194

Test set: Average loss: 2.0683, Accuracy: 2738/10000 (27%)

Train Epoch: 129 [6336/60000 (11%)]	Loss: 2.284990
Train Epoch: 129 [12736/60000 (21%)]	Loss: 2.169585
Train Epoch: 129 [19136/60000 (32%)]	Loss: 1.948136
Train Epoch: 129 [25536/60000 (43%)]	Loss: 2.011505
Train Epoch: 129 [31936/60000 (53%)]	Loss: 2.186782
Train Epoch: 129 [38336/60000 (64%)]	Loss: 2.162239
Train Epoch: 129 [44736/60000 (75%)]	Loss: 1.926986
Train Epoch: 129 [51136/60000 (85%)]	Loss: 2.214617
Train Epoch: 129 [57536/60000 (96%)]	Loss: 1.954429

Test set: Average loss: 2.0693, Accuracy: 2738/10000 (27%)

Train Epoch: 130 [6336/60000 (11%)]	Loss: 2.058855
Train Epoch: 130 [12736/60000 (21%)]	Loss: 1.741649
Train Epoch: 130 [19136/60000 (32%)]	Loss: 2.100730
Train Epoch: 130 [25536/60000 (43%)]	Loss: 2.250536
Train Epoch: 130 [31936/60000 (53%)]	Loss: 2.300536
Train Epoch: 130 [38336/60000 (64%)]	Loss: 2.085035
Train Epoch: 130 [44736/60000 (75%)]	Loss: 2.197968
Train Epoch: 130 [51136/60000 (85%)]	Loss: 2.224844
Train Epoch: 130 [57536/60000 (96%)]	Loss: 2.029422

Test set: Average loss: 2.0688, Accuracy: 2738/10000 (27%)

Train Epoch: 131 [6336/60000 (11%)]	Loss: 2.211346
Train Epoch: 131 [12736/60000 (21%)]	Loss: 1.933137
Train Epoch: 131 [19136/60000 (32%)]	Loss: 1.901075
Train Epoch: 131 [25536/60000 (43%)]	Loss: 2.038525
Train Epoch: 131 [31936/60000 (53%)]	Loss: 2.160938
Train Epoch: 131 [38336/60000 (64%)]	Loss: 2.254031
Train Epoch: 131 [44736/60000 (75%)]	Loss: 2.079604
Train Epoch: 131 [51136/60000 (85%)]	Loss: 1.993575
Train Epoch: 131 [57536/60000 (96%)]	Loss: 1.950402

Test set: Average loss: 2.0678, Accuracy: 2738/10000 (27%)

Train Epoch: 132 [6336/60000 (11%)]	Loss: 2.132197
Train Epoch: 132 [12736/60000 (21%)]	Loss: 1.977137
Train Epoch: 132 [19136/60000 (32%)]	Loss: 1.984763
Train Epoch: 132 [25536/60000 (43%)]	Loss: 2.242209
Train Epoch: 132 [31936/60000 (53%)]	Loss: 1.934853
Train Epoch: 132 [38336/60000 (64%)]	Loss: 2.433828
Train Epoch: 132 [44736/60000 (75%)]	Loss: 2.010183
Train Epoch: 132 [51136/60000 (85%)]	Loss: 2.315797
Train Epoch: 132 [57536/60000 (96%)]	Loss: 2.278281

Test set: Average loss: 2.0673, Accuracy: 2738/10000 (27%)

Train Epoch: 133 [6336/60000 (11%)]	Loss: 1.858438
Train Epoch: 133 [12736/60000 (21%)]	Loss: 2.039114
Train Epoch: 133 [19136/60000 (32%)]	Loss: 1.991281
Train Epoch: 133 [25536/60000 (43%)]	Loss: 1.941094
Train Epoch: 133 [31936/60000 (53%)]	Loss: 1.950905
Train Epoch: 133 [38336/60000 (64%)]	Loss: 1.842122
Train Epoch: 133 [44736/60000 (75%)]	Loss: 2.004831
Train Epoch: 133 [51136/60000 (85%)]	Loss: 2.117894
Train Epoch: 133 [57536/60000 (96%)]	Loss: 1.981168

Test set: Average loss: 2.0705, Accuracy: 2738/10000 (27%)

Train Epoch: 134 [6336/60000 (11%)]	Loss: 2.032362
Train Epoch: 134 [12736/60000 (21%)]	Loss: 2.288049
Train Epoch: 134 [19136/60000 (32%)]	Loss: 2.071329
Train Epoch: 134 [25536/60000 (43%)]	Loss: 1.897030
Train Epoch: 134 [31936/60000 (53%)]	Loss: 1.804397
Train Epoch: 134 [38336/60000 (64%)]	Loss: 2.140088
Train Epoch: 134 [44736/60000 (75%)]	Loss: 2.107864
Train Epoch: 134 [51136/60000 (85%)]	Loss: 2.009736
Train Epoch: 134 [57536/60000 (96%)]	Loss: 2.068565

Test set: Average loss: 2.0690, Accuracy: 2738/10000 (27%)

Train Epoch: 135 [6336/60000 (11%)]	Loss: 2.152310
Train Epoch: 135 [12736/60000 (21%)]	Loss: 1.909868
Train Epoch: 135 [19136/60000 (32%)]	Loss: 2.049557
Train Epoch: 135 [25536/60000 (43%)]	Loss: 2.348624
Train Epoch: 135 [31936/60000 (53%)]	Loss: 2.046982
Train Epoch: 135 [38336/60000 (64%)]	Loss: 2.003919
Train Epoch: 135 [44736/60000 (75%)]	Loss: 2.309074
Train Epoch: 135 [51136/60000 (85%)]	Loss: 2.072739
Train Epoch: 135 [57536/60000 (96%)]	Loss: 2.324462

Test set: Average loss: 2.0690, Accuracy: 2738/10000 (27%)

Train Epoch: 136 [6336/60000 (11%)]	Loss: 1.894849
Train Epoch: 136 [12736/60000 (21%)]	Loss: 2.101451
Train Epoch: 136 [19136/60000 (32%)]	Loss: 1.971360
Train Epoch: 136 [25536/60000 (43%)]	Loss: 2.246620
Train Epoch: 136 [31936/60000 (53%)]	Loss: 2.061160
Train Epoch: 136 [38336/60000 (64%)]	Loss: 2.143219
Train Epoch: 136 [44736/60000 (75%)]	Loss: 2.193046
Train Epoch: 136 [51136/60000 (85%)]	Loss: 2.050223
Train Epoch: 136 [57536/60000 (96%)]	Loss: 2.111770

Test set: Average loss: 2.0685, Accuracy: 2738/10000 (27%)

Train Epoch: 137 [6336/60000 (11%)]	Loss: 1.946795
Train Epoch: 137 [12736/60000 (21%)]	Loss: 1.820081
Train Epoch: 137 [19136/60000 (32%)]	Loss: 2.257042
Train Epoch: 137 [25536/60000 (43%)]	Loss: 1.856414
Train Epoch: 137 [31936/60000 (53%)]	Loss: 1.858478
Train Epoch: 137 [38336/60000 (64%)]	Loss: 1.998366
Train Epoch: 137 [44736/60000 (75%)]	Loss: 2.189620
Train Epoch: 137 [51136/60000 (85%)]	Loss: 2.047052
Train Epoch: 137 [57536/60000 (96%)]	Loss: 2.033341

Test set: Average loss: 2.0683, Accuracy: 2738/10000 (27%)

Train Epoch: 138 [6336/60000 (11%)]	Loss: 2.192032
Train Epoch: 138 [12736/60000 (21%)]	Loss: 2.192784
Train Epoch: 138 [19136/60000 (32%)]	Loss: 2.269929
Train Epoch: 138 [25536/60000 (43%)]	Loss: 1.849320
Train Epoch: 138 [31936/60000 (53%)]	Loss: 2.119802
Train Epoch: 138 [38336/60000 (64%)]	Loss: 1.974901
Train Epoch: 138 [44736/60000 (75%)]	Loss: 1.952254
Train Epoch: 138 [51136/60000 (85%)]	Loss: 2.207009
Train Epoch: 138 [57536/60000 (96%)]	Loss: 2.028379

Test set: Average loss: 2.0702, Accuracy: 2738/10000 (27%)

Train Epoch: 139 [6336/60000 (11%)]	Loss: 2.078506
Train Epoch: 139 [12736/60000 (21%)]	Loss: 1.814170
Train Epoch: 139 [19136/60000 (32%)]	Loss: 1.932077
Train Epoch: 139 [25536/60000 (43%)]	Loss: 2.208983
Train Epoch: 139 [31936/60000 (53%)]	Loss: 2.121449
Train Epoch: 139 [38336/60000 (64%)]	Loss: 2.063044
Train Epoch: 139 [44736/60000 (75%)]	Loss: 2.061651
Train Epoch: 139 [51136/60000 (85%)]	Loss: 2.075167
Train Epoch: 139 [57536/60000 (96%)]	Loss: 2.106493

Test set: Average loss: 2.0690, Accuracy: 2738/10000 (27%)

Train Epoch: 140 [6336/60000 (11%)]	Loss: 2.011290
Train Epoch: 140 [12736/60000 (21%)]	Loss: 2.096242
Train Epoch: 140 [19136/60000 (32%)]	Loss: 2.009912
Train Epoch: 140 [25536/60000 (43%)]	Loss: 2.084033
Train Epoch: 140 [31936/60000 (53%)]	Loss: 1.921340
Train Epoch: 140 [38336/60000 (64%)]	Loss: 1.927857
Train Epoch: 140 [44736/60000 (75%)]	Loss: 2.321525
Train Epoch: 140 [51136/60000 (85%)]	Loss: 1.980144
Train Epoch: 140 [57536/60000 (96%)]	Loss: 2.268652

Test set: Average loss: 2.0686, Accuracy: 2738/10000 (27%)

Train Epoch: 141 [6336/60000 (11%)]	Loss: 2.084173
Train Epoch: 141 [12736/60000 (21%)]	Loss: 2.056535
Train Epoch: 141 [19136/60000 (32%)]	Loss: 2.075549
Train Epoch: 141 [25536/60000 (43%)]	Loss: 2.110828
Train Epoch: 141 [31936/60000 (53%)]	Loss: 2.001778
Train Epoch: 141 [38336/60000 (64%)]	Loss: 1.970536
Train Epoch: 141 [44736/60000 (75%)]	Loss: 1.989528
Train Epoch: 141 [51136/60000 (85%)]	Loss: 2.050650
Train Epoch: 141 [57536/60000 (96%)]	Loss: 2.074815

Test set: Average loss: 2.0701, Accuracy: 2738/10000 (27%)

Train Epoch: 142 [6336/60000 (11%)]	Loss: 2.127872
Train Epoch: 142 [12736/60000 (21%)]	Loss: 2.069640
Train Epoch: 142 [19136/60000 (32%)]	Loss: 2.014558
Train Epoch: 142 [25536/60000 (43%)]	Loss: 2.133906
Train Epoch: 142 [31936/60000 (53%)]	Loss: 1.743567
Train Epoch: 142 [38336/60000 (64%)]	Loss: 1.902597
Train Epoch: 142 [44736/60000 (75%)]	Loss: 1.921352
Train Epoch: 142 [51136/60000 (85%)]	Loss: 2.340846
Train Epoch: 142 [57536/60000 (96%)]	Loss: 2.220110

Test set: Average loss: 2.0674, Accuracy: 2738/10000 (27%)

Train Epoch: 143 [6336/60000 (11%)]	Loss: 1.982580
Train Epoch: 143 [12736/60000 (21%)]	Loss: 2.056747
Train Epoch: 143 [19136/60000 (32%)]	Loss: 1.957955
Train Epoch: 143 [25536/60000 (43%)]	Loss: 2.183771
Train Epoch: 143 [31936/60000 (53%)]	Loss: 2.155806
Train Epoch: 143 [38336/60000 (64%)]	Loss: 2.029683
Train Epoch: 143 [44736/60000 (75%)]	Loss: 2.115155
Train Epoch: 143 [51136/60000 (85%)]	Loss: 2.124290
Train Epoch: 143 [57536/60000 (96%)]	Loss: 2.121501

Test set: Average loss: 2.0675, Accuracy: 2738/10000 (27%)

Train Epoch: 144 [6336/60000 (11%)]	Loss: 2.085965
Train Epoch: 144 [12736/60000 (21%)]	Loss: 1.909117
Train Epoch: 144 [19136/60000 (32%)]	Loss: 2.061035
Train Epoch: 144 [25536/60000 (43%)]	Loss: 2.127771
Train Epoch: 144 [31936/60000 (53%)]	Loss: 2.116997
Train Epoch: 144 [38336/60000 (64%)]	Loss: 2.013100
Train Epoch: 144 [44736/60000 (75%)]	Loss: 1.929141
Train Epoch: 144 [51136/60000 (85%)]	Loss: 1.885327
Train Epoch: 144 [57536/60000 (96%)]	Loss: 1.935734

Test set: Average loss: 2.0690, Accuracy: 2738/10000 (27%)

Train Epoch: 145 [6336/60000 (11%)]	Loss: 2.196820
Train Epoch: 145 [12736/60000 (21%)]	Loss: 2.139186
Train Epoch: 145 [19136/60000 (32%)]	Loss: 1.843165
Train Epoch: 145 [25536/60000 (43%)]	Loss: 1.956256
Train Epoch: 145 [31936/60000 (53%)]	Loss: 1.994725
Train Epoch: 145 [38336/60000 (64%)]	Loss: 2.150783
Train Epoch: 145 [44736/60000 (75%)]	Loss: 1.926586
Train Epoch: 145 [51136/60000 (85%)]	Loss: 2.049969
Train Epoch: 145 [57536/60000 (96%)]	Loss: 1.990059

Test set: Average loss: 2.0688, Accuracy: 2738/10000 (27%)

Train Epoch: 146 [6336/60000 (11%)]	Loss: 2.024601
Train Epoch: 146 [12736/60000 (21%)]	Loss: 2.010571
Train Epoch: 146 [19136/60000 (32%)]	Loss: 2.070080
Train Epoch: 146 [25536/60000 (43%)]	Loss: 2.219546
Train Epoch: 146 [31936/60000 (53%)]	Loss: 2.081260
Train Epoch: 146 [38336/60000 (64%)]	Loss: 1.999571
Train Epoch: 146 [44736/60000 (75%)]	Loss: 2.111451
Train Epoch: 146 [51136/60000 (85%)]	Loss: 2.087823
Train Epoch: 146 [57536/60000 (96%)]	Loss: 2.162965

Test set: Average loss: 2.0705, Accuracy: 2738/10000 (27%)

Train Epoch: 147 [6336/60000 (11%)]	Loss: 2.314867
Train Epoch: 147 [12736/60000 (21%)]	Loss: 2.074043
Train Epoch: 147 [19136/60000 (32%)]	Loss: 2.298251
Train Epoch: 147 [25536/60000 (43%)]	Loss: 2.145072
Train Epoch: 147 [31936/60000 (53%)]	Loss: 1.847013
Train Epoch: 147 [38336/60000 (64%)]	Loss: 2.255920
Train Epoch: 147 [44736/60000 (75%)]	Loss: 1.873950
Train Epoch: 147 [51136/60000 (85%)]	Loss: 1.937504
Train Epoch: 147 [57536/60000 (96%)]	Loss: 1.978260

Test set: Average loss: 2.0691, Accuracy: 2738/10000 (27%)

Train Epoch: 148 [6336/60000 (11%)]	Loss: 2.121030
Train Epoch: 148 [12736/60000 (21%)]	Loss: 1.898063
Train Epoch: 148 [19136/60000 (32%)]	Loss: 2.235518
Train Epoch: 148 [25536/60000 (43%)]	Loss: 1.896091
Train Epoch: 148 [31936/60000 (53%)]	Loss: 2.076501
Train Epoch: 148 [38336/60000 (64%)]	Loss: 2.171690
Train Epoch: 148 [44736/60000 (75%)]	Loss: 2.087840
Train Epoch: 148 [51136/60000 (85%)]	Loss: 2.034721
Train Epoch: 148 [57536/60000 (96%)]	Loss: 2.221093

Test set: Average loss: 2.0687, Accuracy: 2738/10000 (27%)

Train Epoch: 149 [6336/60000 (11%)]	Loss: 2.135798
Train Epoch: 149 [12736/60000 (21%)]	Loss: 2.108301
Train Epoch: 149 [19136/60000 (32%)]	Loss: 2.092532
Train Epoch: 149 [25536/60000 (43%)]	Loss: 1.966118
Train Epoch: 149 [31936/60000 (53%)]	Loss: 1.897544
Train Epoch: 149 [38336/60000 (64%)]	Loss: 2.072093
Train Epoch: 149 [44736/60000 (75%)]	Loss: 2.267797
Train Epoch: 149 [51136/60000 (85%)]	Loss: 2.135947
Train Epoch: 149 [57536/60000 (96%)]	Loss: 2.121638

Test set: Average loss: 2.0672, Accuracy: 2738/10000 (27%)

Train Epoch: 150 [6336/60000 (11%)]	Loss: 1.901550
Train Epoch: 150 [12736/60000 (21%)]	Loss: 1.994583
Train Epoch: 150 [19136/60000 (32%)]	Loss: 1.974016
Train Epoch: 150 [25536/60000 (43%)]	Loss: 1.970191
Train Epoch: 150 [31936/60000 (53%)]	Loss: 1.992169
Train Epoch: 150 [38336/60000 (64%)]	Loss: 2.119748
Train Epoch: 150 [44736/60000 (75%)]	Loss: 2.113719
Train Epoch: 150 [51136/60000 (85%)]	Loss: 2.093915
Train Epoch: 150 [57536/60000 (96%)]	Loss: 1.940092

Test set: Average loss: 2.0669, Accuracy: 2738/10000 (27%)

Namespace(batch_size=64, bias=None, data='../data', device=1, epochs=150, hidden_size=500, load_weights=None, log_interval=100, lr=0.1, model='redfc2', momentum=0.9, no_cuda=False, r=5, save_model=None, save_results=True, seed=1, sparsity=0.5, use_relu=True, wd=0.0005)


Total time spent pruning/training: 36.10 minutes
Total number of parameters in model: 1991420
Number of parameters in pruned model: 995710
