Namespace(batch_size=64, bias=None, data='../data', device=1, epochs=15, hidden_size=500, load_weights=None, log_interval=100, lr=0.1, model='redfc2', momentum=0.9, no_cuda=False, r=5, save_model=None, save_results=True, seed=1, sparsity=0.975, use_relu=True, wd=0.0005) 

Pruning a Two-Layer Fully Connected Redundant Network ...
Train Epoch: 1 [6336/60000 (11%)]	Loss: 2.275497
Train Epoch: 1 [12736/60000 (21%)]	Loss: 2.264668
Train Epoch: 1 [19136/60000 (32%)]	Loss: 2.248509
Train Epoch: 1 [25536/60000 (43%)]	Loss: 2.278043
Train Epoch: 1 [31936/60000 (53%)]	Loss: 2.261737
Train Epoch: 1 [38336/60000 (64%)]	Loss: 2.237067
Train Epoch: 1 [44736/60000 (75%)]	Loss: 2.227030
Train Epoch: 1 [51136/60000 (85%)]	Loss: 2.250111
Train Epoch: 1 [57536/60000 (96%)]	Loss: 2.256490

Test set: Average loss: 2.2380, Accuracy: 2144/10000 (21%)

Train Epoch: 2 [6336/60000 (11%)]	Loss: 2.232095
Train Epoch: 2 [12736/60000 (21%)]	Loss: 2.229059
Train Epoch: 2 [19136/60000 (32%)]	Loss: 2.242981
Train Epoch: 2 [25536/60000 (43%)]	Loss: 2.257414
Train Epoch: 2 [31936/60000 (53%)]	Loss: 2.242567
Train Epoch: 2 [38336/60000 (64%)]	Loss: 2.255633
Train Epoch: 2 [44736/60000 (75%)]	Loss: 2.226608
Train Epoch: 2 [51136/60000 (85%)]	Loss: 2.239050
Train Epoch: 2 [57536/60000 (96%)]	Loss: 2.248555

Test set: Average loss: 2.2392, Accuracy: 2024/10000 (20%)

Train Epoch: 3 [6336/60000 (11%)]	Loss: 2.196587
Train Epoch: 3 [12736/60000 (21%)]	Loss: 2.254126
Train Epoch: 3 [19136/60000 (32%)]	Loss: 2.243485
Train Epoch: 3 [25536/60000 (43%)]	Loss: 2.200653
Train Epoch: 3 [31936/60000 (53%)]	Loss: 2.244486
Train Epoch: 3 [38336/60000 (64%)]	Loss: 2.238566
Train Epoch: 3 [44736/60000 (75%)]	Loss: 2.250388
Train Epoch: 3 [51136/60000 (85%)]	Loss: 2.239686
Train Epoch: 3 [57536/60000 (96%)]	Loss: 2.227941

Test set: Average loss: 2.2299, Accuracy: 2862/10000 (29%)

Train Epoch: 4 [6336/60000 (11%)]	Loss: 2.241246
Train Epoch: 4 [12736/60000 (21%)]	Loss: 2.226619
Train Epoch: 4 [19136/60000 (32%)]	Loss: 2.234678
Train Epoch: 4 [25536/60000 (43%)]	Loss: 2.248510
Train Epoch: 4 [31936/60000 (53%)]	Loss: 2.192179
Train Epoch: 4 [38336/60000 (64%)]	Loss: 2.219862
Train Epoch: 4 [44736/60000 (75%)]	Loss: 2.213905
Train Epoch: 4 [51136/60000 (85%)]	Loss: 2.245694
Train Epoch: 4 [57536/60000 (96%)]	Loss: 2.272772

Test set: Average loss: 2.2181, Accuracy: 2791/10000 (28%)

Train Epoch: 5 [6336/60000 (11%)]	Loss: 2.223091
Train Epoch: 5 [12736/60000 (21%)]	Loss: 2.228751
Train Epoch: 5 [19136/60000 (32%)]	Loss: 2.175364
Train Epoch: 5 [25536/60000 (43%)]	Loss: 2.236674
Train Epoch: 5 [31936/60000 (53%)]	Loss: 2.208830
Train Epoch: 5 [38336/60000 (64%)]	Loss: 2.215534
Train Epoch: 5 [44736/60000 (75%)]	Loss: 2.243883
Train Epoch: 5 [51136/60000 (85%)]	Loss: 2.220129
Train Epoch: 5 [57536/60000 (96%)]	Loss: 2.245204

Test set: Average loss: 2.2110, Accuracy: 2903/10000 (29%)

Train Epoch: 6 [6336/60000 (11%)]	Loss: 2.207354
Train Epoch: 6 [12736/60000 (21%)]	Loss: 2.211066
Train Epoch: 6 [19136/60000 (32%)]	Loss: 2.253532
Train Epoch: 6 [25536/60000 (43%)]	Loss: 2.189591
Train Epoch: 6 [31936/60000 (53%)]	Loss: 2.201583
Train Epoch: 6 [38336/60000 (64%)]	Loss: 2.225959
Train Epoch: 6 [44736/60000 (75%)]	Loss: 2.205865
Train Epoch: 6 [51136/60000 (85%)]	Loss: 2.203797
Train Epoch: 6 [57536/60000 (96%)]	Loss: 2.187520

Test set: Average loss: 2.2078, Accuracy: 2873/10000 (29%)

Train Epoch: 7 [6336/60000 (11%)]	Loss: 2.195435
Train Epoch: 7 [12736/60000 (21%)]	Loss: 2.216637
Train Epoch: 7 [19136/60000 (32%)]	Loss: 2.200197
Train Epoch: 7 [25536/60000 (43%)]	Loss: 2.216014
Train Epoch: 7 [31936/60000 (53%)]	Loss: 2.188890
Train Epoch: 7 [38336/60000 (64%)]	Loss: 2.213291
Train Epoch: 7 [44736/60000 (75%)]	Loss: 2.224441
Train Epoch: 7 [51136/60000 (85%)]	Loss: 2.224383
Train Epoch: 7 [57536/60000 (96%)]	Loss: 2.205253

Test set: Average loss: 2.2042, Accuracy: 2744/10000 (27%)

Train Epoch: 8 [6336/60000 (11%)]	Loss: 2.218982
Train Epoch: 8 [12736/60000 (21%)]	Loss: 2.208575
Train Epoch: 8 [19136/60000 (32%)]	Loss: 2.217014
Train Epoch: 8 [25536/60000 (43%)]	Loss: 2.226253
Train Epoch: 8 [31936/60000 (53%)]	Loss: 2.192875
Train Epoch: 8 [38336/60000 (64%)]	Loss: 2.213937
Train Epoch: 8 [44736/60000 (75%)]	Loss: 2.221739
Train Epoch: 8 [51136/60000 (85%)]	Loss: 2.215088
Train Epoch: 8 [57536/60000 (96%)]	Loss: 2.216406

Test set: Average loss: 2.2108, Accuracy: 2699/10000 (27%)

Train Epoch: 9 [6336/60000 (11%)]	Loss: 2.206504
Train Epoch: 9 [12736/60000 (21%)]	Loss: 2.192196
Train Epoch: 9 [19136/60000 (32%)]	Loss: 2.209244
Train Epoch: 9 [25536/60000 (43%)]	Loss: 2.206118
Train Epoch: 9 [31936/60000 (53%)]	Loss: 2.156939
Train Epoch: 9 [38336/60000 (64%)]	Loss: 2.213864
Train Epoch: 9 [44736/60000 (75%)]	Loss: 2.231938
Train Epoch: 9 [51136/60000 (85%)]	Loss: 2.239415
Train Epoch: 9 [57536/60000 (96%)]	Loss: 2.186757

Test set: Average loss: 2.2017, Accuracy: 2848/10000 (28%)

Train Epoch: 10 [6336/60000 (11%)]	Loss: 2.193565
Train Epoch: 10 [12736/60000 (21%)]	Loss: 2.201836
Train Epoch: 10 [19136/60000 (32%)]	Loss: 2.225943
Train Epoch: 10 [25536/60000 (43%)]	Loss: 2.223154
Train Epoch: 10 [31936/60000 (53%)]	Loss: 2.207150
Train Epoch: 10 [38336/60000 (64%)]	Loss: 2.235246
Train Epoch: 10 [44736/60000 (75%)]	Loss: 2.211390
Train Epoch: 10 [51136/60000 (85%)]	Loss: 2.191286
Train Epoch: 10 [57536/60000 (96%)]	Loss: 2.209384

Test set: Average loss: 2.2060, Accuracy: 2957/10000 (30%)

Train Epoch: 11 [6336/60000 (11%)]	Loss: 2.196517
Train Epoch: 11 [12736/60000 (21%)]	Loss: 2.189120
Train Epoch: 11 [19136/60000 (32%)]	Loss: 2.187664
Train Epoch: 11 [25536/60000 (43%)]	Loss: 2.215848
Train Epoch: 11 [31936/60000 (53%)]	Loss: 2.211673
Train Epoch: 11 [38336/60000 (64%)]	Loss: 2.169667
Train Epoch: 11 [44736/60000 (75%)]	Loss: 2.211883
Train Epoch: 11 [51136/60000 (85%)]	Loss: 2.188241
Train Epoch: 11 [57536/60000 (96%)]	Loss: 2.186529

Test set: Average loss: 2.1997, Accuracy: 2827/10000 (28%)

Train Epoch: 12 [6336/60000 (11%)]	Loss: 2.218018
Train Epoch: 12 [12736/60000 (21%)]	Loss: 2.215218
Train Epoch: 12 [19136/60000 (32%)]	Loss: 2.186188
Train Epoch: 12 [25536/60000 (43%)]	Loss: 2.170393
Train Epoch: 12 [31936/60000 (53%)]	Loss: 2.228805
Train Epoch: 12 [38336/60000 (64%)]	Loss: 2.208656
Train Epoch: 12 [44736/60000 (75%)]	Loss: 2.189898
Train Epoch: 12 [51136/60000 (85%)]	Loss: 2.229267
Train Epoch: 12 [57536/60000 (96%)]	Loss: 2.189170

Test set: Average loss: 2.2011, Accuracy: 2805/10000 (28%)

Train Epoch: 13 [6336/60000 (11%)]	Loss: 2.197250
Train Epoch: 13 [12736/60000 (21%)]	Loss: 2.202846
Train Epoch: 13 [19136/60000 (32%)]	Loss: 2.170242
Train Epoch: 13 [25536/60000 (43%)]	Loss: 2.228348
Train Epoch: 13 [31936/60000 (53%)]	Loss: 2.218259
Train Epoch: 13 [38336/60000 (64%)]	Loss: 2.212627
Train Epoch: 13 [44736/60000 (75%)]	Loss: 2.165672
Train Epoch: 13 [51136/60000 (85%)]	Loss: 2.189703
Train Epoch: 13 [57536/60000 (96%)]	Loss: 2.198625

Test set: Average loss: 2.1984, Accuracy: 2700/10000 (27%)

Train Epoch: 14 [6336/60000 (11%)]	Loss: 2.196762
Train Epoch: 14 [12736/60000 (21%)]	Loss: 2.205848
Train Epoch: 14 [19136/60000 (32%)]	Loss: 2.220879
Train Epoch: 14 [25536/60000 (43%)]	Loss: 2.190675
Train Epoch: 14 [31936/60000 (53%)]	Loss: 2.221826
Train Epoch: 14 [38336/60000 (64%)]	Loss: 2.239783
Train Epoch: 14 [44736/60000 (75%)]	Loss: 2.214457
Train Epoch: 14 [51136/60000 (85%)]	Loss: 2.222307
Train Epoch: 14 [57536/60000 (96%)]	Loss: 2.171210

Test set: Average loss: 2.1985, Accuracy: 2689/10000 (27%)

Train Epoch: 15 [6336/60000 (11%)]	Loss: 2.215736
Train Epoch: 15 [12736/60000 (21%)]	Loss: 2.196946
Train Epoch: 15 [19136/60000 (32%)]	Loss: 2.190097
Train Epoch: 15 [25536/60000 (43%)]	Loss: 2.208965
Train Epoch: 15 [31936/60000 (53%)]	Loss: 2.199448
Train Epoch: 15 [38336/60000 (64%)]	Loss: 2.211895
Train Epoch: 15 [44736/60000 (75%)]	Loss: 2.167910
Train Epoch: 15 [51136/60000 (85%)]	Loss: 2.222256
Train Epoch: 15 [57536/60000 (96%)]	Loss: 2.211395

Test set: Average loss: 2.1987, Accuracy: 2814/10000 (28%)

Namespace(batch_size=64, bias=None, data='../data', device=1, epochs=15, hidden_size=500, load_weights=None, log_interval=100, lr=0.1, model='redfc2', momentum=0.9, no_cuda=False, r=5, save_model=None, save_results=True, seed=1, sparsity=0.975, use_relu=True, wd=0.0005)


Total time spent pruning/training: 1.64 minutes
Total number of parameters in model: 1991420
Number of parameters in pruned model: 49785
