Namespace(batch_size=64, bias=None, data='../data', device=1, epochs=10, hidden_size=500, load_weights=None, log_interval=100, lr=0.1, model='redfc2', momentum=0.9, no_cuda=False, r=5, save_model=None, save_results=True, seed=1, sparsity=0.02, use_relu=False, wd=0.0005) 

Pruning a Two-Layer Fully Connected Redundant Network ...
Train Epoch: 1 [6336/60000 (11%)]	Loss: 2.147642
Train Epoch: 1 [12736/60000 (21%)]	Loss: 2.262311
Train Epoch: 1 [19136/60000 (32%)]	Loss: 2.183369
Train Epoch: 1 [25536/60000 (43%)]	Loss: 1.792807
Train Epoch: 1 [31936/60000 (53%)]	Loss: 2.409176
Train Epoch: 1 [38336/60000 (64%)]	Loss: 4.080945
Train Epoch: 1 [44736/60000 (75%)]	Loss: 5.067652
Train Epoch: 1 [51136/60000 (85%)]	Loss: 5.304578
Train Epoch: 1 [57536/60000 (96%)]	Loss: 6.211132

Test set: Average loss: 6.7495, Accuracy: 3214/10000 (32%)

Train Epoch: 2 [6336/60000 (11%)]	Loss: 5.926901
Train Epoch: 2 [12736/60000 (21%)]	Loss: 7.634107
Train Epoch: 2 [19136/60000 (32%)]	Loss: 9.338860
Train Epoch: 2 [25536/60000 (43%)]	Loss: 11.062843
Train Epoch: 2 [31936/60000 (53%)]	Loss: 11.512030
Train Epoch: 2 [38336/60000 (64%)]	Loss: 11.159683
Train Epoch: 2 [44736/60000 (75%)]	Loss: 10.736842
Train Epoch: 2 [51136/60000 (85%)]	Loss: 11.292827
Train Epoch: 2 [57536/60000 (96%)]	Loss: 12.520954

Test set: Average loss: 11.2720, Accuracy: 1542/10000 (15%)

Train Epoch: 3 [6336/60000 (11%)]	Loss: 12.143840
Train Epoch: 3 [12736/60000 (21%)]	Loss: 14.153119
Train Epoch: 3 [19136/60000 (32%)]	Loss: 12.682161
Train Epoch: 3 [25536/60000 (43%)]	Loss: 12.416748
Train Epoch: 3 [31936/60000 (53%)]	Loss: 13.318531
Train Epoch: 3 [38336/60000 (64%)]	Loss: 13.894455
Train Epoch: 3 [44736/60000 (75%)]	Loss: 13.030647
Train Epoch: 3 [51136/60000 (85%)]	Loss: 13.592939
Train Epoch: 3 [57536/60000 (96%)]	Loss: 12.695290

Test set: Average loss: 12.4951, Accuracy: 1302/10000 (13%)

Train Epoch: 4 [6336/60000 (11%)]	Loss: 13.188621
Train Epoch: 4 [12736/60000 (21%)]	Loss: 13.810815
Train Epoch: 4 [19136/60000 (32%)]	Loss: 12.614350
Train Epoch: 4 [25536/60000 (43%)]	Loss: 15.422086
Train Epoch: 4 [31936/60000 (53%)]	Loss: 11.554825
Train Epoch: 4 [38336/60000 (64%)]	Loss: 12.015003
Train Epoch: 4 [44736/60000 (75%)]	Loss: 13.397655
Train Epoch: 4 [51136/60000 (85%)]	Loss: 11.807590
Train Epoch: 4 [57536/60000 (96%)]	Loss: 13.534528

Test set: Average loss: 13.8383, Accuracy: 1248/10000 (12%)

Train Epoch: 5 [6336/60000 (11%)]	Loss: 14.396091
Train Epoch: 5 [12736/60000 (21%)]	Loss: 14.306042
Train Epoch: 5 [19136/60000 (32%)]	Loss: 14.736341
Train Epoch: 5 [25536/60000 (43%)]	Loss: 13.788835
Train Epoch: 5 [31936/60000 (53%)]	Loss: 12.715783
Train Epoch: 5 [38336/60000 (64%)]	Loss: 13.057691
Train Epoch: 5 [44736/60000 (75%)]	Loss: 16.529318
Train Epoch: 5 [51136/60000 (85%)]	Loss: 16.557465
Train Epoch: 5 [57536/60000 (96%)]	Loss: 13.295018

Test set: Average loss: 14.2996, Accuracy: 1091/10000 (11%)

Train Epoch: 6 [6336/60000 (11%)]	Loss: 13.884480
Train Epoch: 6 [12736/60000 (21%)]	Loss: 12.168383
Train Epoch: 6 [19136/60000 (32%)]	Loss: 13.251362
Train Epoch: 6 [25536/60000 (43%)]	Loss: 14.011071
Train Epoch: 6 [31936/60000 (53%)]	Loss: 14.557793
Train Epoch: 6 [38336/60000 (64%)]	Loss: 15.930039
Train Epoch: 6 [44736/60000 (75%)]	Loss: 15.504996
Train Epoch: 6 [51136/60000 (85%)]	Loss: 15.150968
Train Epoch: 6 [57536/60000 (96%)]	Loss: 16.105381

Test set: Average loss: 14.6200, Accuracy: 1096/10000 (11%)

Train Epoch: 7 [6336/60000 (11%)]	Loss: 14.595211
Train Epoch: 7 [12736/60000 (21%)]	Loss: 14.467836
Train Epoch: 7 [19136/60000 (32%)]	Loss: 13.284131
Train Epoch: 7 [25536/60000 (43%)]	Loss: 13.118127
Train Epoch: 7 [31936/60000 (53%)]	Loss: 11.730633
Train Epoch: 7 [38336/60000 (64%)]	Loss: 15.111004
Train Epoch: 7 [44736/60000 (75%)]	Loss: 14.108947
Train Epoch: 7 [51136/60000 (85%)]	Loss: 13.122707
Train Epoch: 7 [57536/60000 (96%)]	Loss: 13.628771

Test set: Average loss: 14.9234, Accuracy: 1146/10000 (11%)

Train Epoch: 8 [6336/60000 (11%)]	Loss: 14.934698
Train Epoch: 8 [12736/60000 (21%)]	Loss: 15.094896
Train Epoch: 8 [19136/60000 (32%)]	Loss: 12.787192
Train Epoch: 8 [25536/60000 (43%)]	Loss: 14.475702
Train Epoch: 8 [31936/60000 (53%)]	Loss: 14.539371
Train Epoch: 8 [38336/60000 (64%)]	Loss: 13.798880
Train Epoch: 8 [44736/60000 (75%)]	Loss: 15.085254
Train Epoch: 8 [51136/60000 (85%)]	Loss: 13.852924
Train Epoch: 8 [57536/60000 (96%)]	Loss: 13.840150

Test set: Average loss: 14.8670, Accuracy: 1086/10000 (11%)

Train Epoch: 9 [6336/60000 (11%)]	Loss: 13.431747
Train Epoch: 9 [12736/60000 (21%)]	Loss: 12.904510
Train Epoch: 9 [19136/60000 (32%)]	Loss: 13.182890
Train Epoch: 9 [25536/60000 (43%)]	Loss: 14.949558
Train Epoch: 9 [31936/60000 (53%)]	Loss: 13.104966
Train Epoch: 9 [38336/60000 (64%)]	Loss: 15.704531
Train Epoch: 9 [44736/60000 (75%)]	Loss: 15.535503
Train Epoch: 9 [51136/60000 (85%)]	Loss: 16.447607
Train Epoch: 9 [57536/60000 (96%)]	Loss: 14.083998

Test set: Average loss: 14.9144, Accuracy: 1079/10000 (11%)

Train Epoch: 10 [6336/60000 (11%)]	Loss: 14.587452
Train Epoch: 10 [12736/60000 (21%)]	Loss: 13.205197
Train Epoch: 10 [19136/60000 (32%)]	Loss: 15.858930
Train Epoch: 10 [25536/60000 (43%)]	Loss: 14.419053
Train Epoch: 10 [31936/60000 (53%)]	Loss: 16.168558
Train Epoch: 10 [38336/60000 (64%)]	Loss: 15.862465
Train Epoch: 10 [44736/60000 (75%)]	Loss: 14.409313
Train Epoch: 10 [51136/60000 (85%)]	Loss: 16.327904
Train Epoch: 10 [57536/60000 (96%)]	Loss: 15.251678

Test set: Average loss: 14.8018, Accuracy: 1070/10000 (11%)

Namespace(batch_size=64, bias=None, data='../data', device=1, epochs=10, hidden_size=500, load_weights=None, log_interval=100, lr=0.1, model='redfc2', momentum=0.9, no_cuda=False, r=5, save_model=None, save_results=True, seed=1, sparsity=0.02, use_relu=False, wd=0.0005)


Total time spent pruning/training: 1.10 minutes
Total number of parameters in model: 1991420
Number of parameters in pruned model: 1951591
