Namespace(batch_size=64, bias=None, data='../data', device=1, epochs=17, hidden_size=500, load_weights=None, log_interval=100, lr=0.1, model='redfc2', momentum=0.9, no_cuda=False, r=5, save_model=None, save_results=True, seed=1, sparsity=0.9, use_relu=False, wd=0.0005) 

Pruning a Two-Layer Fully Connected Redundant Network ...
Train Epoch: 1 [6336/60000 (11%)]	Loss: 0.889037
Train Epoch: 1 [12736/60000 (21%)]	Loss: 0.605292
Train Epoch: 1 [19136/60000 (32%)]	Loss: 0.632215
Train Epoch: 1 [25536/60000 (43%)]	Loss: 0.495929
Train Epoch: 1 [31936/60000 (53%)]	Loss: 0.509614
Train Epoch: 1 [38336/60000 (64%)]	Loss: 0.406307
Train Epoch: 1 [44736/60000 (75%)]	Loss: 0.391303
Train Epoch: 1 [51136/60000 (85%)]	Loss: 0.353821
Train Epoch: 1 [57536/60000 (96%)]	Loss: 0.299610

Test set: Average loss: 0.3351, Accuracy: 9046/10000 (90%)

Train Epoch: 2 [6336/60000 (11%)]	Loss: 0.277128
Train Epoch: 2 [12736/60000 (21%)]	Loss: 0.374277
Train Epoch: 2 [19136/60000 (32%)]	Loss: 0.246085
Train Epoch: 2 [25536/60000 (43%)]	Loss: 0.353592
Train Epoch: 2 [31936/60000 (53%)]	Loss: 0.277147
Train Epoch: 2 [38336/60000 (64%)]	Loss: 0.295292
Train Epoch: 2 [44736/60000 (75%)]	Loss: 0.271201
Train Epoch: 2 [51136/60000 (85%)]	Loss: 0.363683
Train Epoch: 2 [57536/60000 (96%)]	Loss: 0.394548

Test set: Average loss: 0.2843, Accuracy: 9166/10000 (92%)

Train Epoch: 3 [6336/60000 (11%)]	Loss: 0.205385
Train Epoch: 3 [12736/60000 (21%)]	Loss: 0.224238
Train Epoch: 3 [19136/60000 (32%)]	Loss: 0.285444
Train Epoch: 3 [25536/60000 (43%)]	Loss: 0.344701
Train Epoch: 3 [31936/60000 (53%)]	Loss: 0.400444
Train Epoch: 3 [38336/60000 (64%)]	Loss: 0.316809
Train Epoch: 3 [44736/60000 (75%)]	Loss: 0.327159
Train Epoch: 3 [51136/60000 (85%)]	Loss: 0.276769
Train Epoch: 3 [57536/60000 (96%)]	Loss: 0.445319

Test set: Average loss: 0.2607, Accuracy: 9218/10000 (92%)

Train Epoch: 4 [6336/60000 (11%)]	Loss: 0.213780
Train Epoch: 4 [12736/60000 (21%)]	Loss: 0.495205
Train Epoch: 4 [19136/60000 (32%)]	Loss: 0.265705
Train Epoch: 4 [25536/60000 (43%)]	Loss: 0.330440
Train Epoch: 4 [31936/60000 (53%)]	Loss: 0.456372
Train Epoch: 4 [38336/60000 (64%)]	Loss: 0.356842
Train Epoch: 4 [44736/60000 (75%)]	Loss: 0.251437
Train Epoch: 4 [51136/60000 (85%)]	Loss: 0.185501
Train Epoch: 4 [57536/60000 (96%)]	Loss: 0.322654

Test set: Average loss: 0.2444, Accuracy: 9282/10000 (93%)

Train Epoch: 5 [6336/60000 (11%)]	Loss: 0.293686
Train Epoch: 5 [12736/60000 (21%)]	Loss: 0.251069
Train Epoch: 5 [19136/60000 (32%)]	Loss: 0.230491
Train Epoch: 5 [25536/60000 (43%)]	Loss: 0.299992
Train Epoch: 5 [31936/60000 (53%)]	Loss: 0.150466
Train Epoch: 5 [38336/60000 (64%)]	Loss: 0.298722
Train Epoch: 5 [44736/60000 (75%)]	Loss: 0.201287
Train Epoch: 5 [51136/60000 (85%)]	Loss: 0.313780
Train Epoch: 5 [57536/60000 (96%)]	Loss: 0.209060

Test set: Average loss: 0.2708, Accuracy: 9189/10000 (92%)

Train Epoch: 6 [6336/60000 (11%)]	Loss: 0.213076
Train Epoch: 6 [12736/60000 (21%)]	Loss: 0.276620
Train Epoch: 6 [19136/60000 (32%)]	Loss: 0.226914
Train Epoch: 6 [25536/60000 (43%)]	Loss: 0.171531
Train Epoch: 6 [31936/60000 (53%)]	Loss: 0.120481
Train Epoch: 6 [38336/60000 (64%)]	Loss: 0.285149
Train Epoch: 6 [44736/60000 (75%)]	Loss: 0.215367
Train Epoch: 6 [51136/60000 (85%)]	Loss: 0.219766
Train Epoch: 6 [57536/60000 (96%)]	Loss: 0.404755

Test set: Average loss: 0.2575, Accuracy: 9186/10000 (92%)

Train Epoch: 7 [6336/60000 (11%)]	Loss: 0.255631
Train Epoch: 7 [12736/60000 (21%)]	Loss: 0.166651
Train Epoch: 7 [19136/60000 (32%)]	Loss: 0.253509
Train Epoch: 7 [25536/60000 (43%)]	Loss: 0.234944
Train Epoch: 7 [31936/60000 (53%)]	Loss: 0.212908
Train Epoch: 7 [38336/60000 (64%)]	Loss: 0.299278
Train Epoch: 7 [44736/60000 (75%)]	Loss: 0.409696
Train Epoch: 7 [51136/60000 (85%)]	Loss: 0.236943
Train Epoch: 7 [57536/60000 (96%)]	Loss: 0.240022

Test set: Average loss: 0.2850, Accuracy: 9159/10000 (92%)

Train Epoch: 8 [6336/60000 (11%)]	Loss: 0.403550
Train Epoch: 8 [12736/60000 (21%)]	Loss: 0.185018
Train Epoch: 8 [19136/60000 (32%)]	Loss: 0.288128
Train Epoch: 8 [25536/60000 (43%)]	Loss: 0.398435
Train Epoch: 8 [31936/60000 (53%)]	Loss: 0.283381
Train Epoch: 8 [38336/60000 (64%)]	Loss: 0.169282
Train Epoch: 8 [44736/60000 (75%)]	Loss: 0.522972
Train Epoch: 8 [51136/60000 (85%)]	Loss: 0.315153
Train Epoch: 8 [57536/60000 (96%)]	Loss: 0.246150

Test set: Average loss: 0.2697, Accuracy: 9188/10000 (92%)

Train Epoch: 9 [6336/60000 (11%)]	Loss: 0.272660
Train Epoch: 9 [12736/60000 (21%)]	Loss: 0.196521
Train Epoch: 9 [19136/60000 (32%)]	Loss: 0.222875
Train Epoch: 9 [25536/60000 (43%)]	Loss: 0.334411
Train Epoch: 9 [31936/60000 (53%)]	Loss: 0.179202
Train Epoch: 9 [38336/60000 (64%)]	Loss: 0.242232
Train Epoch: 9 [44736/60000 (75%)]	Loss: 0.219210
Train Epoch: 9 [51136/60000 (85%)]	Loss: 0.460902
Train Epoch: 9 [57536/60000 (96%)]	Loss: 0.269975

Test set: Average loss: 0.2961, Accuracy: 9115/10000 (91%)

Train Epoch: 10 [6336/60000 (11%)]	Loss: 0.345828
Train Epoch: 10 [12736/60000 (21%)]	Loss: 0.385398
Train Epoch: 10 [19136/60000 (32%)]	Loss: 0.239464
Train Epoch: 10 [25536/60000 (43%)]	Loss: 0.289493
Train Epoch: 10 [31936/60000 (53%)]	Loss: 0.212927
Train Epoch: 10 [38336/60000 (64%)]	Loss: 0.384343
Train Epoch: 10 [44736/60000 (75%)]	Loss: 0.339551
Train Epoch: 10 [51136/60000 (85%)]	Loss: 0.199214
Train Epoch: 10 [57536/60000 (96%)]	Loss: 0.307724

Test set: Average loss: 0.2761, Accuracy: 9179/10000 (92%)

Train Epoch: 11 [6336/60000 (11%)]	Loss: 0.279031
Train Epoch: 11 [12736/60000 (21%)]	Loss: 0.197835
Train Epoch: 11 [19136/60000 (32%)]	Loss: 0.173643
Train Epoch: 11 [25536/60000 (43%)]	Loss: 0.279249
Train Epoch: 11 [31936/60000 (53%)]	Loss: 0.349509
Train Epoch: 11 [38336/60000 (64%)]	Loss: 0.169501
Train Epoch: 11 [44736/60000 (75%)]	Loss: 0.236287
Train Epoch: 11 [51136/60000 (85%)]	Loss: 0.313828
Train Epoch: 11 [57536/60000 (96%)]	Loss: 0.234229

Test set: Average loss: 0.2581, Accuracy: 9208/10000 (92%)

Train Epoch: 12 [6336/60000 (11%)]	Loss: 0.336108
Train Epoch: 12 [12736/60000 (21%)]	Loss: 0.247125
Train Epoch: 12 [19136/60000 (32%)]	Loss: 0.296663
Train Epoch: 12 [25536/60000 (43%)]	Loss: 0.144245
Train Epoch: 12 [31936/60000 (53%)]	Loss: 0.159333
Train Epoch: 12 [38336/60000 (64%)]	Loss: 0.422744
Train Epoch: 12 [44736/60000 (75%)]	Loss: 0.230643
Train Epoch: 12 [51136/60000 (85%)]	Loss: 0.250105
Train Epoch: 12 [57536/60000 (96%)]	Loss: 0.180142

Test set: Average loss: 0.2684, Accuracy: 9175/10000 (92%)

Train Epoch: 13 [6336/60000 (11%)]	Loss: 0.180054
Train Epoch: 13 [12736/60000 (21%)]	Loss: 0.261146
Train Epoch: 13 [19136/60000 (32%)]	Loss: 0.273893
Train Epoch: 13 [25536/60000 (43%)]	Loss: 0.298770
Train Epoch: 13 [31936/60000 (53%)]	Loss: 0.302149
Train Epoch: 13 [38336/60000 (64%)]	Loss: 0.397232
Train Epoch: 13 [44736/60000 (75%)]	Loss: 0.161331
Train Epoch: 13 [51136/60000 (85%)]	Loss: 0.378940
Train Epoch: 13 [57536/60000 (96%)]	Loss: 0.202367

Test set: Average loss: 0.2204, Accuracy: 9326/10000 (93%)

Train Epoch: 14 [6336/60000 (11%)]	Loss: 0.130618
Train Epoch: 14 [12736/60000 (21%)]	Loss: 0.270928
Train Epoch: 14 [19136/60000 (32%)]	Loss: 0.138866
Train Epoch: 14 [25536/60000 (43%)]	Loss: 0.078722
Train Epoch: 14 [31936/60000 (53%)]	Loss: 0.092094
Train Epoch: 14 [38336/60000 (64%)]	Loss: 0.165719
Train Epoch: 14 [44736/60000 (75%)]	Loss: 0.111459
Train Epoch: 14 [51136/60000 (85%)]	Loss: 0.158431
Train Epoch: 14 [57536/60000 (96%)]	Loss: 0.228980

Test set: Average loss: 0.2082, Accuracy: 9360/10000 (94%)

Train Epoch: 15 [6336/60000 (11%)]	Loss: 0.092142
Train Epoch: 15 [12736/60000 (21%)]	Loss: 0.113158
Train Epoch: 15 [19136/60000 (32%)]	Loss: 0.143342
Train Epoch: 15 [25536/60000 (43%)]	Loss: 0.154669
Train Epoch: 15 [31936/60000 (53%)]	Loss: 0.138385
Train Epoch: 15 [38336/60000 (64%)]	Loss: 0.442418
Train Epoch: 15 [44736/60000 (75%)]	Loss: 0.216125
Train Epoch: 15 [51136/60000 (85%)]	Loss: 0.331863
Train Epoch: 15 [57536/60000 (96%)]	Loss: 0.148292

Test set: Average loss: 0.1822, Accuracy: 9449/10000 (94%)

Train Epoch: 16 [6336/60000 (11%)]	Loss: 0.213588
Train Epoch: 16 [12736/60000 (21%)]	Loss: 0.091829
Train Epoch: 16 [19136/60000 (32%)]	Loss: 0.103135
Train Epoch: 16 [25536/60000 (43%)]	Loss: 0.149885
Train Epoch: 16 [31936/60000 (53%)]	Loss: 0.194797
Train Epoch: 16 [38336/60000 (64%)]	Loss: 0.147795
Train Epoch: 16 [44736/60000 (75%)]	Loss: 0.280827
Train Epoch: 16 [51136/60000 (85%)]	Loss: 0.173622
Train Epoch: 16 [57536/60000 (96%)]	Loss: 0.145838

Test set: Average loss: 0.1539, Accuracy: 9553/10000 (96%)

Train Epoch: 17 [6336/60000 (11%)]	Loss: 0.188827
Train Epoch: 17 [12736/60000 (21%)]	Loss: 0.137317
Train Epoch: 17 [19136/60000 (32%)]	Loss: 0.121725
Train Epoch: 17 [25536/60000 (43%)]	Loss: 0.062277
Train Epoch: 17 [31936/60000 (53%)]	Loss: 0.140338
Train Epoch: 17 [38336/60000 (64%)]	Loss: 0.108617
Train Epoch: 17 [44736/60000 (75%)]	Loss: 0.085808
Train Epoch: 17 [51136/60000 (85%)]	Loss: 0.205900
Train Epoch: 17 [57536/60000 (96%)]	Loss: 0.164142

Test set: Average loss: 0.1423, Accuracy: 9599/10000 (96%)

Namespace(batch_size=64, bias=None, data='../data', device=1, epochs=17, hidden_size=500, load_weights=None, log_interval=100, lr=0.1, model='redfc2', momentum=0.9, no_cuda=False, r=5, save_model=None, save_results=True, seed=1, sparsity=0.9, use_relu=False, wd=0.0005)


Total time spent pruning/training: 1.79 minutes
Total number of parameters in model: 1991420
Number of parameters in pruned model: 199141
