Namespace(batch_size=64, bias=None, data='../data', device=1, epochs=9, hidden_size=500, load_weights=None, log_interval=100, lr=0.1, model='redfc2', momentum=0.9, no_cuda=False, r=5, save_model=None, save_results=True, seed=1, sparsity=0.95, use_relu=True, wd=0.0005) 

Pruning a Two-Layer Fully Connected Redundant Network ...
Train Epoch: 1 [6336/60000 (11%)]	Loss: 2.172361
Train Epoch: 1 [12736/60000 (21%)]	Loss: 2.119385
Train Epoch: 1 [19136/60000 (32%)]	Loss: 1.997468
Train Epoch: 1 [25536/60000 (43%)]	Loss: 1.983955
Train Epoch: 1 [31936/60000 (53%)]	Loss: 1.959943
Train Epoch: 1 [38336/60000 (64%)]	Loss: 1.908838
Train Epoch: 1 [44736/60000 (75%)]	Loss: 1.930964
Train Epoch: 1 [51136/60000 (85%)]	Loss: 1.874552
Train Epoch: 1 [57536/60000 (96%)]	Loss: 1.870148

Test set: Average loss: 1.8692, Accuracy: 5038/10000 (50%)

Train Epoch: 2 [6336/60000 (11%)]	Loss: 1.928773
Train Epoch: 2 [12736/60000 (21%)]	Loss: 1.847266
Train Epoch: 2 [19136/60000 (32%)]	Loss: 1.889122
Train Epoch: 2 [25536/60000 (43%)]	Loss: 1.950957
Train Epoch: 2 [31936/60000 (53%)]	Loss: 1.875291
Train Epoch: 2 [38336/60000 (64%)]	Loss: 1.917657
Train Epoch: 2 [44736/60000 (75%)]	Loss: 1.830614
Train Epoch: 2 [51136/60000 (85%)]	Loss: 1.877311
Train Epoch: 2 [57536/60000 (96%)]	Loss: 1.827846

Test set: Average loss: 1.8474, Accuracy: 5208/10000 (52%)

Train Epoch: 3 [6336/60000 (11%)]	Loss: 1.798557
Train Epoch: 3 [12736/60000 (21%)]	Loss: 1.826099
Train Epoch: 3 [19136/60000 (32%)]	Loss: 1.926990
Train Epoch: 3 [25536/60000 (43%)]	Loss: 1.774190
Train Epoch: 3 [31936/60000 (53%)]	Loss: 1.803758
Train Epoch: 3 [38336/60000 (64%)]	Loss: 1.840023
Train Epoch: 3 [44736/60000 (75%)]	Loss: 1.914965
Train Epoch: 3 [51136/60000 (85%)]	Loss: 1.808268
Train Epoch: 3 [57536/60000 (96%)]	Loss: 1.818813

Test set: Average loss: 1.8357, Accuracy: 5707/10000 (57%)

Train Epoch: 4 [6336/60000 (11%)]	Loss: 1.828721
Train Epoch: 4 [12736/60000 (21%)]	Loss: 1.827946
Train Epoch: 4 [19136/60000 (32%)]	Loss: 1.866911
Train Epoch: 4 [25536/60000 (43%)]	Loss: 1.868673
Train Epoch: 4 [31936/60000 (53%)]	Loss: 1.797156
Train Epoch: 4 [38336/60000 (64%)]	Loss: 1.901813
Train Epoch: 4 [44736/60000 (75%)]	Loss: 1.828111
Train Epoch: 4 [51136/60000 (85%)]	Loss: 1.786063
Train Epoch: 4 [57536/60000 (96%)]	Loss: 1.918553

Test set: Average loss: 1.8429, Accuracy: 5257/10000 (53%)

Train Epoch: 5 [6336/60000 (11%)]	Loss: 1.827648
Train Epoch: 5 [12736/60000 (21%)]	Loss: 1.852086
Train Epoch: 5 [19136/60000 (32%)]	Loss: 1.784735
Train Epoch: 5 [25536/60000 (43%)]	Loss: 1.879312
Train Epoch: 5 [31936/60000 (53%)]	Loss: 1.796119
Train Epoch: 5 [38336/60000 (64%)]	Loss: 1.849369
Train Epoch: 5 [44736/60000 (75%)]	Loss: 1.834167
Train Epoch: 5 [51136/60000 (85%)]	Loss: 1.780797
Train Epoch: 5 [57536/60000 (96%)]	Loss: 1.882930

Test set: Average loss: 1.8285, Accuracy: 5063/10000 (51%)

Train Epoch: 6 [6336/60000 (11%)]	Loss: 1.820292
Train Epoch: 6 [12736/60000 (21%)]	Loss: 1.840693
Train Epoch: 6 [19136/60000 (32%)]	Loss: 1.877495
Train Epoch: 6 [25536/60000 (43%)]	Loss: 1.764278
Train Epoch: 6 [31936/60000 (53%)]	Loss: 1.784324
Train Epoch: 6 [38336/60000 (64%)]	Loss: 1.797077
Train Epoch: 6 [44736/60000 (75%)]	Loss: 1.770589
Train Epoch: 6 [51136/60000 (85%)]	Loss: 1.791696
Train Epoch: 6 [57536/60000 (96%)]	Loss: 1.736781

Test set: Average loss: 1.8148, Accuracy: 5777/10000 (58%)

Train Epoch: 7 [6336/60000 (11%)]	Loss: 1.768698
Train Epoch: 7 [12736/60000 (21%)]	Loss: 1.846340
Train Epoch: 7 [19136/60000 (32%)]	Loss: 1.798860
Train Epoch: 7 [25536/60000 (43%)]	Loss: 1.857731
Train Epoch: 7 [31936/60000 (53%)]	Loss: 1.737959
Train Epoch: 7 [38336/60000 (64%)]	Loss: 1.835674
Train Epoch: 7 [44736/60000 (75%)]	Loss: 1.833727
Train Epoch: 7 [51136/60000 (85%)]	Loss: 1.845044
Train Epoch: 7 [57536/60000 (96%)]	Loss: 1.749184

Test set: Average loss: 1.8159, Accuracy: 5573/10000 (56%)

Train Epoch: 8 [6336/60000 (11%)]	Loss: 1.881920
Train Epoch: 8 [12736/60000 (21%)]	Loss: 1.895125
Train Epoch: 8 [19136/60000 (32%)]	Loss: 1.842067
Train Epoch: 8 [25536/60000 (43%)]	Loss: 1.836537
Train Epoch: 8 [31936/60000 (53%)]	Loss: 1.836254
Train Epoch: 8 [38336/60000 (64%)]	Loss: 1.754924
Train Epoch: 8 [44736/60000 (75%)]	Loss: 1.865245
Train Epoch: 8 [51136/60000 (85%)]	Loss: 1.873273
Train Epoch: 8 [57536/60000 (96%)]	Loss: 1.837366

Test set: Average loss: 1.8113, Accuracy: 5792/10000 (58%)

Train Epoch: 9 [6336/60000 (11%)]	Loss: 1.823358
Train Epoch: 9 [12736/60000 (21%)]	Loss: 1.780633
Train Epoch: 9 [19136/60000 (32%)]	Loss: 1.820171
Train Epoch: 9 [25536/60000 (43%)]	Loss: 1.840992
Train Epoch: 9 [31936/60000 (53%)]	Loss: 1.757947
Train Epoch: 9 [38336/60000 (64%)]	Loss: 1.847651
Train Epoch: 9 [44736/60000 (75%)]	Loss: 1.881781
Train Epoch: 9 [51136/60000 (85%)]	Loss: 1.847036
Train Epoch: 9 [57536/60000 (96%)]	Loss: 1.804354

Test set: Average loss: 1.8123, Accuracy: 5715/10000 (57%)

Namespace(batch_size=64, bias=None, data='../data', device=1, epochs=9, hidden_size=500, load_weights=None, log_interval=100, lr=0.1, model='redfc2', momentum=0.9, no_cuda=False, r=5, save_model=None, save_results=True, seed=1, sparsity=0.95, use_relu=True, wd=0.0005)


Total time spent pruning/training: 0.99 minutes
Total number of parameters in model: 1991420
Number of parameters in pruned model: 99571
