Namespace(batch_size=64, bias=None, data='../data', device=1, epochs=7, hidden_size=500, load_weights=None, log_interval=100, lr=0.1, model='redfc2', momentum=0.9, no_cuda=False, r=5, save_model=None, save_results=True, seed=1, sparsity=0.95, use_relu=False, wd=0.0005) 

Pruning a Two-Layer Fully Connected Redundant Network ...
Train Epoch: 1 [6336/60000 (11%)]	Loss: 1.688149
Train Epoch: 1 [12736/60000 (21%)]	Loss: 1.259782
Train Epoch: 1 [19136/60000 (32%)]	Loss: 0.977365
Train Epoch: 1 [25536/60000 (43%)]	Loss: 0.930581
Train Epoch: 1 [31936/60000 (53%)]	Loss: 0.803980
Train Epoch: 1 [38336/60000 (64%)]	Loss: 0.693814
Train Epoch: 1 [44736/60000 (75%)]	Loss: 0.697378
Train Epoch: 1 [51136/60000 (85%)]	Loss: 0.529352
Train Epoch: 1 [57536/60000 (96%)]	Loss: 0.710539

Test set: Average loss: 0.5731, Accuracy: 8420/10000 (84%)

Train Epoch: 2 [6336/60000 (11%)]	Loss: 0.536304
Train Epoch: 2 [12736/60000 (21%)]	Loss: 0.565675
Train Epoch: 2 [19136/60000 (32%)]	Loss: 0.559140
Train Epoch: 2 [25536/60000 (43%)]	Loss: 0.703721
Train Epoch: 2 [31936/60000 (53%)]	Loss: 0.606801
Train Epoch: 2 [38336/60000 (64%)]	Loss: 0.511042
Train Epoch: 2 [44736/60000 (75%)]	Loss: 0.538054
Train Epoch: 2 [51136/60000 (85%)]	Loss: 0.603024
Train Epoch: 2 [57536/60000 (96%)]	Loss: 0.555668

Test set: Average loss: 0.4929, Accuracy: 8602/10000 (86%)

Train Epoch: 3 [6336/60000 (11%)]	Loss: 0.375897
Train Epoch: 3 [12736/60000 (21%)]	Loss: 0.483564
Train Epoch: 3 [19136/60000 (32%)]	Loss: 0.568735
Train Epoch: 3 [25536/60000 (43%)]	Loss: 0.481696
Train Epoch: 3 [31936/60000 (53%)]	Loss: 0.569538
Train Epoch: 3 [38336/60000 (64%)]	Loss: 0.483795
Train Epoch: 3 [44736/60000 (75%)]	Loss: 0.580800
Train Epoch: 3 [51136/60000 (85%)]	Loss: 0.532018
Train Epoch: 3 [57536/60000 (96%)]	Loss: 0.697125

Test set: Average loss: 0.4502, Accuracy: 8735/10000 (87%)

Train Epoch: 4 [6336/60000 (11%)]	Loss: 0.393879
Train Epoch: 4 [12736/60000 (21%)]	Loss: 0.559029
Train Epoch: 4 [19136/60000 (32%)]	Loss: 0.430877
Train Epoch: 4 [25536/60000 (43%)]	Loss: 0.516367
Train Epoch: 4 [31936/60000 (53%)]	Loss: 0.618861
Train Epoch: 4 [38336/60000 (64%)]	Loss: 0.527590
Train Epoch: 4 [44736/60000 (75%)]	Loss: 0.538712
Train Epoch: 4 [51136/60000 (85%)]	Loss: 0.283414
Train Epoch: 4 [57536/60000 (96%)]	Loss: 0.524208

Test set: Average loss: 0.4619, Accuracy: 8759/10000 (88%)

Train Epoch: 5 [6336/60000 (11%)]	Loss: 0.560298
Train Epoch: 5 [12736/60000 (21%)]	Loss: 0.437665
Train Epoch: 5 [19136/60000 (32%)]	Loss: 0.461518
Train Epoch: 5 [25536/60000 (43%)]	Loss: 0.501608
Train Epoch: 5 [31936/60000 (53%)]	Loss: 0.366615
Train Epoch: 5 [38336/60000 (64%)]	Loss: 0.507171
Train Epoch: 5 [44736/60000 (75%)]	Loss: 0.373025
Train Epoch: 5 [51136/60000 (85%)]	Loss: 0.457414
Train Epoch: 5 [57536/60000 (96%)]	Loss: 0.359324

Test set: Average loss: 0.4280, Accuracy: 8782/10000 (88%)

Train Epoch: 6 [6336/60000 (11%)]	Loss: 0.361803
Train Epoch: 6 [12736/60000 (21%)]	Loss: 0.423068
Train Epoch: 6 [19136/60000 (32%)]	Loss: 0.399003
Train Epoch: 6 [25536/60000 (43%)]	Loss: 0.305993
Train Epoch: 6 [31936/60000 (53%)]	Loss: 0.344831
Train Epoch: 6 [38336/60000 (64%)]	Loss: 0.355924
Train Epoch: 6 [44736/60000 (75%)]	Loss: 0.335183
Train Epoch: 6 [51136/60000 (85%)]	Loss: 0.366868
Train Epoch: 6 [57536/60000 (96%)]	Loss: 0.411778

Test set: Average loss: 0.4032, Accuracy: 8916/10000 (89%)

Train Epoch: 7 [6336/60000 (11%)]	Loss: 0.339605
Train Epoch: 7 [12736/60000 (21%)]	Loss: 0.417319
Train Epoch: 7 [19136/60000 (32%)]	Loss: 0.348728
Train Epoch: 7 [25536/60000 (43%)]	Loss: 0.318054
Train Epoch: 7 [31936/60000 (53%)]	Loss: 0.321482
Train Epoch: 7 [38336/60000 (64%)]	Loss: 0.481558
Train Epoch: 7 [44736/60000 (75%)]	Loss: 0.460632
Train Epoch: 7 [51136/60000 (85%)]	Loss: 0.500559
Train Epoch: 7 [57536/60000 (96%)]	Loss: 0.325744

Test set: Average loss: 0.3872, Accuracy: 8930/10000 (89%)

Namespace(batch_size=64, bias=None, data='../data', device=1, epochs=7, hidden_size=500, load_weights=None, log_interval=100, lr=0.1, model='redfc2', momentum=0.9, no_cuda=False, r=5, save_model=None, save_results=True, seed=1, sparsity=0.95, use_relu=False, wd=0.0005)


Total time spent pruning/training: 0.77 minutes
Total number of parameters in model: 1991420
Number of parameters in pruned model: 99571
