Namespace(batch_size=64, bias=None, data='../data', device=1, epochs=6, hidden_size=500, load_weights=None, log_interval=100, lr=0.1, model='redfc2', momentum=0.9, no_cuda=False, r=5, save_model=None, save_results=True, seed=1, sparsity=0.99, use_relu=False, wd=0.0005) 

Pruning a Two-Layer Fully Connected Redundant Network ...
Train Epoch: 1 [6336/60000 (11%)]	Loss: 2.302585
Train Epoch: 1 [12736/60000 (21%)]	Loss: 2.302585
Train Epoch: 1 [19136/60000 (32%)]	Loss: 2.302585
Train Epoch: 1 [25536/60000 (43%)]	Loss: 2.302585
Train Epoch: 1 [31936/60000 (53%)]	Loss: 2.302585
Train Epoch: 1 [38336/60000 (64%)]	Loss: 2.302585
Train Epoch: 1 [44736/60000 (75%)]	Loss: 2.302552
Train Epoch: 1 [51136/60000 (85%)]	Loss: 2.302529
Train Epoch: 1 [57536/60000 (96%)]	Loss: 2.302541

Test set: Average loss: 2.3024, Accuracy: 1007/10000 (10%)

Train Epoch: 2 [6336/60000 (11%)]	Loss: 2.302122
Train Epoch: 2 [12736/60000 (21%)]	Loss: 2.300373
Train Epoch: 2 [19136/60000 (32%)]	Loss: 2.299778
Train Epoch: 2 [25536/60000 (43%)]	Loss: 2.301467
Train Epoch: 2 [31936/60000 (53%)]	Loss: 2.300534
Train Epoch: 2 [38336/60000 (64%)]	Loss: 2.299884
Train Epoch: 2 [44736/60000 (75%)]	Loss: 2.298180
Train Epoch: 2 [51136/60000 (85%)]	Loss: 2.285478
Train Epoch: 2 [57536/60000 (96%)]	Loss: 2.305864

Test set: Average loss: 2.2794, Accuracy: 1489/10000 (15%)

Train Epoch: 3 [6336/60000 (11%)]	Loss: 2.269220
Train Epoch: 3 [12736/60000 (21%)]	Loss: 2.274600
Train Epoch: 3 [19136/60000 (32%)]	Loss: 2.287580
Train Epoch: 3 [25536/60000 (43%)]	Loss: 2.273909
Train Epoch: 3 [31936/60000 (53%)]	Loss: 2.274070
Train Epoch: 3 [38336/60000 (64%)]	Loss: 2.280873
Train Epoch: 3 [44736/60000 (75%)]	Loss: 2.260205
Train Epoch: 3 [51136/60000 (85%)]	Loss: 2.284135
Train Epoch: 3 [57536/60000 (96%)]	Loss: 2.277196

Test set: Average loss: 2.2642, Accuracy: 1635/10000 (16%)

Train Epoch: 4 [6336/60000 (11%)]	Loss: 2.284977
Train Epoch: 4 [12736/60000 (21%)]	Loss: 2.284046
Train Epoch: 4 [19136/60000 (32%)]	Loss: 2.254206
Train Epoch: 4 [25536/60000 (43%)]	Loss: 2.254872
Train Epoch: 4 [31936/60000 (53%)]	Loss: 2.239162
Train Epoch: 4 [38336/60000 (64%)]	Loss: 2.275163
Train Epoch: 4 [44736/60000 (75%)]	Loss: 2.239694
Train Epoch: 4 [51136/60000 (85%)]	Loss: 2.284464
Train Epoch: 4 [57536/60000 (96%)]	Loss: 2.261557

Test set: Average loss: 2.2479, Accuracy: 1676/10000 (17%)

Train Epoch: 5 [6336/60000 (11%)]	Loss: 2.251903
Train Epoch: 5 [12736/60000 (21%)]	Loss: 2.202119
Train Epoch: 5 [19136/60000 (32%)]	Loss: 2.263661
Train Epoch: 5 [25536/60000 (43%)]	Loss: 2.230832
Train Epoch: 5 [31936/60000 (53%)]	Loss: 2.230253
Train Epoch: 5 [38336/60000 (64%)]	Loss: 2.229232
Train Epoch: 5 [44736/60000 (75%)]	Loss: 2.218232
Train Epoch: 5 [51136/60000 (85%)]	Loss: 2.257363
Train Epoch: 5 [57536/60000 (96%)]	Loss: 2.240001

Test set: Average loss: 2.2436, Accuracy: 1538/10000 (15%)

Train Epoch: 6 [6336/60000 (11%)]	Loss: 2.263097
Train Epoch: 6 [12736/60000 (21%)]	Loss: 2.269798
Train Epoch: 6 [19136/60000 (32%)]	Loss: 2.244487
Train Epoch: 6 [25536/60000 (43%)]	Loss: 2.253395
Train Epoch: 6 [31936/60000 (53%)]	Loss: 2.230025
Train Epoch: 6 [38336/60000 (64%)]	Loss: 2.275512
Train Epoch: 6 [44736/60000 (75%)]	Loss: 2.248245
Train Epoch: 6 [51136/60000 (85%)]	Loss: 2.246946
Train Epoch: 6 [57536/60000 (96%)]	Loss: 2.260143

Test set: Average loss: 2.2439, Accuracy: 1448/10000 (14%)

Namespace(batch_size=64, bias=None, data='../data', device=1, epochs=6, hidden_size=500, load_weights=None, log_interval=100, lr=0.1, model='redfc2', momentum=0.9, no_cuda=False, r=5, save_model=None, save_results=True, seed=1, sparsity=0.99, use_relu=False, wd=0.0005)


Total time spent pruning/training: 0.66 minutes
Total number of parameters in model: 1991420
Number of parameters in pruned model: 19914
