Namespace(batch_size=64, bias=None, data='../data', device=1, epochs=8, hidden_size=500, load_weights=None, log_interval=100, lr=0.1, model='redfc2', momentum=0.9, no_cuda=False, r=5, save_model=None, save_results=True, seed=1, sparsity=0.95, use_relu=False, wd=0.0005) 

Pruning a Two-Layer Fully Connected Redundant Network ...
Train Epoch: 1 [6336/60000 (11%)]	Loss: 1.688149
Train Epoch: 1 [12736/60000 (21%)]	Loss: 1.259782
Train Epoch: 1 [19136/60000 (32%)]	Loss: 0.977365
Train Epoch: 1 [25536/60000 (43%)]	Loss: 0.930581
Train Epoch: 1 [31936/60000 (53%)]	Loss: 0.803980
Train Epoch: 1 [38336/60000 (64%)]	Loss: 0.693814
Train Epoch: 1 [44736/60000 (75%)]	Loss: 0.697378
Train Epoch: 1 [51136/60000 (85%)]	Loss: 0.529352
Train Epoch: 1 [57536/60000 (96%)]	Loss: 0.710539

Test set: Average loss: 0.5731, Accuracy: 8420/10000 (84%)

Train Epoch: 2 [6336/60000 (11%)]	Loss: 0.531808
Train Epoch: 2 [12736/60000 (21%)]	Loss: 0.603539
Train Epoch: 2 [19136/60000 (32%)]	Loss: 0.534017
Train Epoch: 2 [25536/60000 (43%)]	Loss: 0.698922
Train Epoch: 2 [31936/60000 (53%)]	Loss: 0.590978
Train Epoch: 2 [38336/60000 (64%)]	Loss: 0.510986
Train Epoch: 2 [44736/60000 (75%)]	Loss: 0.568475
Train Epoch: 2 [51136/60000 (85%)]	Loss: 0.640522
Train Epoch: 2 [57536/60000 (96%)]	Loss: 0.560290

Test set: Average loss: 0.4684, Accuracy: 8715/10000 (87%)

Train Epoch: 3 [6336/60000 (11%)]	Loss: 0.423181
Train Epoch: 3 [12736/60000 (21%)]	Loss: 0.451962
Train Epoch: 3 [19136/60000 (32%)]	Loss: 0.536970
Train Epoch: 3 [25536/60000 (43%)]	Loss: 0.521707
Train Epoch: 3 [31936/60000 (53%)]	Loss: 0.623906
Train Epoch: 3 [38336/60000 (64%)]	Loss: 0.460391
Train Epoch: 3 [44736/60000 (75%)]	Loss: 0.543570
Train Epoch: 3 [51136/60000 (85%)]	Loss: 0.564992
Train Epoch: 3 [57536/60000 (96%)]	Loss: 0.652257

Test set: Average loss: 0.4582, Accuracy: 8680/10000 (87%)

Train Epoch: 4 [6336/60000 (11%)]	Loss: 0.427137
Train Epoch: 4 [12736/60000 (21%)]	Loss: 0.646270
Train Epoch: 4 [19136/60000 (32%)]	Loss: 0.443785
Train Epoch: 4 [25536/60000 (43%)]	Loss: 0.518900
Train Epoch: 4 [31936/60000 (53%)]	Loss: 0.593921
Train Epoch: 4 [38336/60000 (64%)]	Loss: 0.542639
Train Epoch: 4 [44736/60000 (75%)]	Loss: 0.542687
Train Epoch: 4 [51136/60000 (85%)]	Loss: 0.356185
Train Epoch: 4 [57536/60000 (96%)]	Loss: 0.642995

Test set: Average loss: 0.4701, Accuracy: 8714/10000 (87%)

Train Epoch: 5 [6336/60000 (11%)]	Loss: 0.594461
Train Epoch: 5 [12736/60000 (21%)]	Loss: 0.451320
Train Epoch: 5 [19136/60000 (32%)]	Loss: 0.394514
Train Epoch: 5 [25536/60000 (43%)]	Loss: 0.518858
Train Epoch: 5 [31936/60000 (53%)]	Loss: 0.372146
Train Epoch: 5 [38336/60000 (64%)]	Loss: 0.542025
Train Epoch: 5 [44736/60000 (75%)]	Loss: 0.401710
Train Epoch: 5 [51136/60000 (85%)]	Loss: 0.495987
Train Epoch: 5 [57536/60000 (96%)]	Loss: 0.368400

Test set: Average loss: 0.4299, Accuracy: 8824/10000 (88%)

Train Epoch: 6 [6336/60000 (11%)]	Loss: 0.386559
Train Epoch: 6 [12736/60000 (21%)]	Loss: 0.437158
Train Epoch: 6 [19136/60000 (32%)]	Loss: 0.403790
Train Epoch: 6 [25536/60000 (43%)]	Loss: 0.284066
Train Epoch: 6 [31936/60000 (53%)]	Loss: 0.329938
Train Epoch: 6 [38336/60000 (64%)]	Loss: 0.381298
Train Epoch: 6 [44736/60000 (75%)]	Loss: 0.377603
Train Epoch: 6 [51136/60000 (85%)]	Loss: 0.380785
Train Epoch: 6 [57536/60000 (96%)]	Loss: 0.414536

Test set: Average loss: 0.4183, Accuracy: 8853/10000 (89%)

Train Epoch: 7 [6336/60000 (11%)]	Loss: 0.332138
Train Epoch: 7 [12736/60000 (21%)]	Loss: 0.398572
Train Epoch: 7 [19136/60000 (32%)]	Loss: 0.359662
Train Epoch: 7 [25536/60000 (43%)]	Loss: 0.339892
Train Epoch: 7 [31936/60000 (53%)]	Loss: 0.325764
Train Epoch: 7 [38336/60000 (64%)]	Loss: 0.484551
Train Epoch: 7 [44736/60000 (75%)]	Loss: 0.474697
Train Epoch: 7 [51136/60000 (85%)]	Loss: 0.522908
Train Epoch: 7 [57536/60000 (96%)]	Loss: 0.372923

Test set: Average loss: 0.3916, Accuracy: 8947/10000 (89%)

Train Epoch: 8 [6336/60000 (11%)]	Loss: 0.637297
Train Epoch: 8 [12736/60000 (21%)]	Loss: 0.413278
Train Epoch: 8 [19136/60000 (32%)]	Loss: 0.485183
Train Epoch: 8 [25536/60000 (43%)]	Loss: 0.465863
Train Epoch: 8 [31936/60000 (53%)]	Loss: 0.475263
Train Epoch: 8 [38336/60000 (64%)]	Loss: 0.317235
Train Epoch: 8 [44736/60000 (75%)]	Loss: 0.729414
Train Epoch: 8 [51136/60000 (85%)]	Loss: 0.488946
Train Epoch: 8 [57536/60000 (96%)]	Loss: 0.344499

Test set: Average loss: 0.3855, Accuracy: 8972/10000 (90%)

Namespace(batch_size=64, bias=None, data='../data', device=1, epochs=8, hidden_size=500, load_weights=None, log_interval=100, lr=0.1, model='redfc2', momentum=0.9, no_cuda=False, r=5, save_model=None, save_results=True, seed=1, sparsity=0.95, use_relu=False, wd=0.0005)


Total time spent pruning/training: 0.88 minutes
Total number of parameters in model: 1991420
Number of parameters in pruned model: 99571
