Namespace(batch_size=64, bias=None, data='../data', device=0, epochs=100, hidden_size=500, load_weights=None, log_interval=100, lr=0.1, milestones=[5, 7], model='redfc2', momentum=0.9, no_cuda=False, r=5, save_model=None, save_results=True, scheduler='cosine', seed=1, sparsity=0.25, use_relu=False, wd=0.0005) 

Pruning a Two-Layer Fully Connected Redundant Network ...
Train Epoch: 1 [0/60000 (0%)]	Loss: 12.385152
Train Epoch: 1 [6400/60000 (11%)]	Loss: 0.541552
Train Epoch: 1 [12800/60000 (21%)]	Loss: 0.353216
Train Epoch: 1 [19200/60000 (32%)]	Loss: 0.302316
Train Epoch: 1 [25600/60000 (43%)]	Loss: 0.203201
Train Epoch: 1 [32000/60000 (53%)]	Loss: 0.617878
Train Epoch: 1 [38400/60000 (64%)]	Loss: 0.261341
Train Epoch: 1 [44800/60000 (75%)]	Loss: 0.129482
Train Epoch: 1 [51200/60000 (85%)]	Loss: 0.291658
Train Epoch: 1 [57600/60000 (96%)]	Loss: 0.317040

Test set: Average loss: 0.1868, Accuracy: 9416/10000 (94%)

Train Epoch: 2 [0/60000 (0%)]	Loss: 0.258585
Train Epoch: 2 [6400/60000 (11%)]	Loss: 0.338984
Train Epoch: 2 [12800/60000 (21%)]	Loss: 0.216304
Train Epoch: 2 [19200/60000 (32%)]	Loss: 0.191276
Train Epoch: 2 [25600/60000 (43%)]	Loss: 0.118766
Train Epoch: 2 [32000/60000 (53%)]	Loss: 0.116315
Train Epoch: 2 [38400/60000 (64%)]	Loss: 0.059742
Train Epoch: 2 [44800/60000 (75%)]	Loss: 0.523874
Train Epoch: 2 [51200/60000 (85%)]	Loss: 0.151651
Train Epoch: 2 [57600/60000 (96%)]	Loss: 0.141722

Test set: Average loss: 0.1746, Accuracy: 9472/10000 (95%)

Train Epoch: 3 [0/60000 (0%)]	Loss: 0.147872
Train Epoch: 3 [6400/60000 (11%)]	Loss: 0.143809
Train Epoch: 3 [12800/60000 (21%)]	Loss: 0.202550
Train Epoch: 3 [19200/60000 (32%)]	Loss: 0.143298
Train Epoch: 3 [25600/60000 (43%)]	Loss: 0.202814
Train Epoch: 3 [32000/60000 (53%)]	Loss: 0.083714
Train Epoch: 3 [38400/60000 (64%)]	Loss: 0.199806
Train Epoch: 3 [44800/60000 (75%)]	Loss: 0.102975
Train Epoch: 3 [51200/60000 (85%)]	Loss: 0.292588
Train Epoch: 3 [57600/60000 (96%)]	Loss: 0.297689

Test set: Average loss: 0.2014, Accuracy: 9384/10000 (94%)

Train Epoch: 4 [0/60000 (0%)]	Loss: 0.208059
Train Epoch: 4 [6400/60000 (11%)]	Loss: 0.109001
Train Epoch: 4 [12800/60000 (21%)]	Loss: 0.208958
Train Epoch: 4 [19200/60000 (32%)]	Loss: 0.210302
Train Epoch: 4 [25600/60000 (43%)]	Loss: 0.441117
Train Epoch: 4 [32000/60000 (53%)]	Loss: 0.157051
Train Epoch: 4 [38400/60000 (64%)]	Loss: 0.184374
Train Epoch: 4 [44800/60000 (75%)]	Loss: 0.285330
Train Epoch: 4 [51200/60000 (85%)]	Loss: 0.093883
Train Epoch: 4 [57600/60000 (96%)]	Loss: 0.265661

Test set: Average loss: 0.2733, Accuracy: 9153/10000 (92%)

Train Epoch: 5 [0/60000 (0%)]	Loss: 0.101118
Train Epoch: 5 [6400/60000 (11%)]	Loss: 0.056489
Train Epoch: 5 [12800/60000 (21%)]	Loss: 0.365032
Train Epoch: 5 [19200/60000 (32%)]	Loss: 0.214818
Train Epoch: 5 [25600/60000 (43%)]	Loss: 0.298616
Train Epoch: 5 [32000/60000 (53%)]	Loss: 0.419176
Train Epoch: 5 [38400/60000 (64%)]	Loss: 0.288131
Train Epoch: 5 [44800/60000 (75%)]	Loss: 0.312449
Train Epoch: 5 [51200/60000 (85%)]	Loss: 0.260231
Train Epoch: 5 [57600/60000 (96%)]	Loss: 0.217569

Test set: Average loss: 0.3389, Accuracy: 8971/10000 (90%)

Train Epoch: 6 [0/60000 (0%)]	Loss: 0.268627
Train Epoch: 6 [6400/60000 (11%)]	Loss: 0.488084
Train Epoch: 6 [12800/60000 (21%)]	Loss: 0.312510
Train Epoch: 6 [19200/60000 (32%)]	Loss: 0.340938
Train Epoch: 6 [25600/60000 (43%)]	Loss: 0.262681
Train Epoch: 6 [32000/60000 (53%)]	Loss: 0.219865
Train Epoch: 6 [38400/60000 (64%)]	Loss: 0.405257
Train Epoch: 6 [44800/60000 (75%)]	Loss: 0.249031
Train Epoch: 6 [51200/60000 (85%)]	Loss: 0.417269
Train Epoch: 6 [57600/60000 (96%)]	Loss: 0.609447

Test set: Average loss: 0.2954, Accuracy: 9126/10000 (91%)

Train Epoch: 7 [0/60000 (0%)]	Loss: 0.323624
Train Epoch: 7 [6400/60000 (11%)]	Loss: 0.579985
Train Epoch: 7 [12800/60000 (21%)]	Loss: 0.284823
Train Epoch: 7 [19200/60000 (32%)]	Loss: 0.584365
Train Epoch: 7 [25600/60000 (43%)]	Loss: 0.339846
Train Epoch: 7 [32000/60000 (53%)]	Loss: 0.325667
Train Epoch: 7 [38400/60000 (64%)]	Loss: 0.341248
Train Epoch: 7 [44800/60000 (75%)]	Loss: 0.484600
Train Epoch: 7 [51200/60000 (85%)]	Loss: 0.610515
Train Epoch: 7 [57600/60000 (96%)]	Loss: 0.327757

Test set: Average loss: 0.3607, Accuracy: 8945/10000 (89%)

Train Epoch: 8 [0/60000 (0%)]	Loss: 0.351208
Train Epoch: 8 [6400/60000 (11%)]	Loss: 0.591236
Train Epoch: 8 [12800/60000 (21%)]	Loss: 0.425853
Train Epoch: 8 [19200/60000 (32%)]	Loss: 0.495516
Train Epoch: 8 [25600/60000 (43%)]	Loss: 0.748407
Train Epoch: 8 [32000/60000 (53%)]	Loss: 0.359294
Train Epoch: 8 [38400/60000 (64%)]	Loss: 0.520920
Train Epoch: 8 [44800/60000 (75%)]	Loss: 0.476417
Train Epoch: 8 [51200/60000 (85%)]	Loss: 0.678730
Train Epoch: 8 [57600/60000 (96%)]	Loss: 0.421675

Test set: Average loss: 0.5348, Accuracy: 8339/10000 (83%)

Train Epoch: 9 [0/60000 (0%)]	Loss: 0.649315
Train Epoch: 9 [6400/60000 (11%)]	Loss: 0.475511
Train Epoch: 9 [12800/60000 (21%)]	Loss: 0.831350
Train Epoch: 9 [19200/60000 (32%)]	Loss: 0.702939
Train Epoch: 9 [25600/60000 (43%)]	Loss: 0.583015
Train Epoch: 9 [32000/60000 (53%)]	Loss: 0.293729
Train Epoch: 9 [38400/60000 (64%)]	Loss: 0.834615
Train Epoch: 9 [44800/60000 (75%)]	Loss: 0.312820
Train Epoch: 9 [51200/60000 (85%)]	Loss: 0.620175
Train Epoch: 9 [57600/60000 (96%)]	Loss: 0.414465

Test set: Average loss: 0.4533, Accuracy: 8671/10000 (87%)

Train Epoch: 10 [0/60000 (0%)]	Loss: 0.623646
Train Epoch: 10 [6400/60000 (11%)]	Loss: 0.343165
Train Epoch: 10 [12800/60000 (21%)]	Loss: 0.594055
Train Epoch: 10 [19200/60000 (32%)]	Loss: 0.636261
Train Epoch: 10 [25600/60000 (43%)]	Loss: 0.659964
Train Epoch: 10 [32000/60000 (53%)]	Loss: 0.636380
Train Epoch: 10 [38400/60000 (64%)]	Loss: 0.517111
Train Epoch: 10 [44800/60000 (75%)]	Loss: 0.512828
Train Epoch: 10 [51200/60000 (85%)]	Loss: 0.830350
Train Epoch: 10 [57600/60000 (96%)]	Loss: 0.385519

Test set: Average loss: 0.6521, Accuracy: 8147/10000 (81%)

Train Epoch: 11 [0/60000 (0%)]	Loss: 0.884362
Train Epoch: 11 [6400/60000 (11%)]	Loss: 0.632003
Train Epoch: 11 [12800/60000 (21%)]	Loss: 0.333400
Train Epoch: 11 [19200/60000 (32%)]	Loss: 0.939734
Train Epoch: 11 [25600/60000 (43%)]	Loss: 0.266094
Train Epoch: 11 [32000/60000 (53%)]	Loss: 0.447779
Train Epoch: 11 [38400/60000 (64%)]	Loss: 1.387413
Train Epoch: 11 [44800/60000 (75%)]	Loss: 0.702605
Train Epoch: 11 [51200/60000 (85%)]	Loss: 0.671841
Train Epoch: 11 [57600/60000 (96%)]	Loss: 0.662301

Test set: Average loss: 0.6827, Accuracy: 8084/10000 (81%)

Train Epoch: 12 [0/60000 (0%)]	Loss: 0.965502
Train Epoch: 12 [6400/60000 (11%)]	Loss: 1.195144
Train Epoch: 12 [12800/60000 (21%)]	Loss: 1.105946
Train Epoch: 12 [19200/60000 (32%)]	Loss: 0.784810
Train Epoch: 12 [25600/60000 (43%)]	Loss: 0.661726
Train Epoch: 12 [32000/60000 (53%)]	Loss: 1.207301
Train Epoch: 12 [38400/60000 (64%)]	Loss: 0.691362
Train Epoch: 12 [44800/60000 (75%)]	Loss: 1.276752
Train Epoch: 12 [51200/60000 (85%)]	Loss: 1.242801
Train Epoch: 12 [57600/60000 (96%)]	Loss: 0.500364

Test set: Average loss: 0.8900, Accuracy: 7629/10000 (76%)

Train Epoch: 13 [0/60000 (0%)]	Loss: 0.844328
Train Epoch: 13 [6400/60000 (11%)]	Loss: 0.631873
Train Epoch: 13 [12800/60000 (21%)]	Loss: 0.904840
Train Epoch: 13 [19200/60000 (32%)]	Loss: 0.495239
Train Epoch: 13 [25600/60000 (43%)]	Loss: 1.033087
Train Epoch: 13 [32000/60000 (53%)]	Loss: 0.461576
Train Epoch: 13 [38400/60000 (64%)]	Loss: 0.997222
Train Epoch: 13 [44800/60000 (75%)]	Loss: 1.150774
Train Epoch: 13 [51200/60000 (85%)]	Loss: 0.827970
Train Epoch: 13 [57600/60000 (96%)]	Loss: 1.124965

Test set: Average loss: 1.2072, Accuracy: 7050/10000 (70%)

Train Epoch: 14 [0/60000 (0%)]	Loss: 1.007119
Train Epoch: 14 [6400/60000 (11%)]	Loss: 0.906627
Train Epoch: 14 [12800/60000 (21%)]	Loss: 1.834452
Train Epoch: 14 [19200/60000 (32%)]	Loss: 0.676829
Train Epoch: 14 [25600/60000 (43%)]	Loss: 1.302423
Train Epoch: 14 [32000/60000 (53%)]	Loss: 1.086502
Train Epoch: 14 [38400/60000 (64%)]	Loss: 1.461962
Train Epoch: 14 [44800/60000 (75%)]	Loss: 0.995073
Train Epoch: 14 [51200/60000 (85%)]	Loss: 1.110355
Train Epoch: 14 [57600/60000 (96%)]	Loss: 1.109739

Test set: Average loss: 1.1258, Accuracy: 7481/10000 (75%)

Train Epoch: 15 [0/60000 (0%)]	Loss: 0.992968
Train Epoch: 15 [6400/60000 (11%)]	Loss: 1.178281
Train Epoch: 15 [12800/60000 (21%)]	Loss: 1.024457
Train Epoch: 15 [19200/60000 (32%)]	Loss: 0.846122
Train Epoch: 15 [25600/60000 (43%)]	Loss: 1.465941
Train Epoch: 15 [32000/60000 (53%)]	Loss: 1.054375
Train Epoch: 15 [38400/60000 (64%)]	Loss: 2.247251
Train Epoch: 15 [44800/60000 (75%)]	Loss: 1.577200
Train Epoch: 15 [51200/60000 (85%)]	Loss: 2.103046
Train Epoch: 15 [57600/60000 (96%)]	Loss: 1.212319

Test set: Average loss: 1.6472, Accuracy: 6881/10000 (69%)

Train Epoch: 16 [0/60000 (0%)]	Loss: 1.600592
Train Epoch: 16 [6400/60000 (11%)]	Loss: 1.817131
Train Epoch: 16 [12800/60000 (21%)]	Loss: 1.663462
Train Epoch: 16 [19200/60000 (32%)]	Loss: 1.686047
Train Epoch: 16 [25600/60000 (43%)]	Loss: 1.371259
Train Epoch: 16 [32000/60000 (53%)]	Loss: 1.712948
Train Epoch: 16 [38400/60000 (64%)]	Loss: 2.446322
Train Epoch: 16 [44800/60000 (75%)]	Loss: 1.896170
Train Epoch: 16 [51200/60000 (85%)]	Loss: 2.876110
Train Epoch: 16 [57600/60000 (96%)]	Loss: 1.359194

Test set: Average loss: 2.3868, Accuracy: 5971/10000 (60%)

Train Epoch: 17 [0/60000 (0%)]	Loss: 1.718097
Train Epoch: 17 [6400/60000 (11%)]	Loss: 1.491743
Train Epoch: 17 [12800/60000 (21%)]	Loss: 2.118089
Train Epoch: 17 [19200/60000 (32%)]	Loss: 1.306048
Train Epoch: 17 [25600/60000 (43%)]	Loss: 1.862338
Train Epoch: 17 [32000/60000 (53%)]	Loss: 1.010610
Train Epoch: 17 [38400/60000 (64%)]	Loss: 0.866456
Train Epoch: 17 [44800/60000 (75%)]	Loss: 2.027945
Train Epoch: 17 [51200/60000 (85%)]	Loss: 1.591185
Train Epoch: 17 [57600/60000 (96%)]	Loss: 1.965839

Test set: Average loss: 1.5056, Accuracy: 6963/10000 (70%)

Train Epoch: 18 [0/60000 (0%)]	Loss: 2.013733
Train Epoch: 18 [6400/60000 (11%)]	Loss: 1.910994
Train Epoch: 18 [12800/60000 (21%)]	Loss: 2.145243
Train Epoch: 18 [19200/60000 (32%)]	Loss: 1.925051
Train Epoch: 18 [25600/60000 (43%)]	Loss: 2.521551
Train Epoch: 18 [32000/60000 (53%)]	Loss: 1.468237
Train Epoch: 18 [38400/60000 (64%)]	Loss: 1.746526
Train Epoch: 18 [44800/60000 (75%)]	Loss: 2.039296
Train Epoch: 18 [51200/60000 (85%)]	Loss: 1.394561
Train Epoch: 18 [57600/60000 (96%)]	Loss: 2.190821

Test set: Average loss: 1.6923, Accuracy: 6812/10000 (68%)

Train Epoch: 19 [0/60000 (0%)]	Loss: 1.823088
Train Epoch: 19 [6400/60000 (11%)]	Loss: 2.497836
Train Epoch: 19 [12800/60000 (21%)]	Loss: 1.210187
Train Epoch: 19 [19200/60000 (32%)]	Loss: 2.038722
Train Epoch: 19 [25600/60000 (43%)]	Loss: 2.014588
Train Epoch: 19 [32000/60000 (53%)]	Loss: 1.256983
Train Epoch: 19 [38400/60000 (64%)]	Loss: 1.710505
Train Epoch: 19 [44800/60000 (75%)]	Loss: 1.574895
Train Epoch: 19 [51200/60000 (85%)]	Loss: 0.868409
Train Epoch: 19 [57600/60000 (96%)]	Loss: 1.471008

Test set: Average loss: 1.6020, Accuracy: 7195/10000 (72%)

Train Epoch: 20 [0/60000 (0%)]	Loss: 2.512003
Train Epoch: 20 [6400/60000 (11%)]	Loss: 1.855588
Train Epoch: 20 [12800/60000 (21%)]	Loss: 1.422800
Train Epoch: 20 [19200/60000 (32%)]	Loss: 0.985160
Train Epoch: 20 [25600/60000 (43%)]	Loss: 1.102871
Train Epoch: 20 [32000/60000 (53%)]	Loss: 1.667699
Train Epoch: 20 [38400/60000 (64%)]	Loss: 1.118013
Train Epoch: 20 [44800/60000 (75%)]	Loss: 1.141887
Train Epoch: 20 [51200/60000 (85%)]	Loss: 1.165766
Train Epoch: 20 [57600/60000 (96%)]	Loss: 0.927826

Test set: Average loss: 1.3900, Accuracy: 7399/10000 (74%)

Train Epoch: 21 [0/60000 (0%)]	Loss: 1.373020
Train Epoch: 21 [6400/60000 (11%)]	Loss: 1.837091
Train Epoch: 21 [12800/60000 (21%)]	Loss: 1.553862
Train Epoch: 21 [19200/60000 (32%)]	Loss: 1.130879
Train Epoch: 21 [25600/60000 (43%)]	Loss: 0.862159
Train Epoch: 21 [32000/60000 (53%)]	Loss: 2.270708
Train Epoch: 21 [38400/60000 (64%)]	Loss: 0.763102
Train Epoch: 21 [44800/60000 (75%)]	Loss: 0.991567
Train Epoch: 21 [51200/60000 (85%)]	Loss: 1.881314
Train Epoch: 21 [57600/60000 (96%)]	Loss: 1.358648

Test set: Average loss: 1.3521, Accuracy: 7252/10000 (73%)

Train Epoch: 22 [0/60000 (0%)]	Loss: 1.491037
Train Epoch: 22 [6400/60000 (11%)]	Loss: 1.711823
Train Epoch: 22 [12800/60000 (21%)]	Loss: 1.751892
Train Epoch: 22 [19200/60000 (32%)]	Loss: 1.797082
Train Epoch: 22 [25600/60000 (43%)]	Loss: 1.416762
Train Epoch: 22 [32000/60000 (53%)]	Loss: 1.997287
Train Epoch: 22 [38400/60000 (64%)]	Loss: 1.757439
Train Epoch: 22 [44800/60000 (75%)]	Loss: 1.098258
Train Epoch: 22 [51200/60000 (85%)]	Loss: 2.369995
Train Epoch: 22 [57600/60000 (96%)]	Loss: 0.796364

Test set: Average loss: 1.4051, Accuracy: 7435/10000 (74%)

Train Epoch: 23 [0/60000 (0%)]	Loss: 0.824824
Train Epoch: 23 [6400/60000 (11%)]	Loss: 0.848559
Train Epoch: 23 [12800/60000 (21%)]	Loss: 1.509015
Train Epoch: 23 [19200/60000 (32%)]	Loss: 0.876364
Train Epoch: 23 [25600/60000 (43%)]	Loss: 2.451212
Train Epoch: 23 [32000/60000 (53%)]	Loss: 1.745569
Train Epoch: 23 [38400/60000 (64%)]	Loss: 1.483359
Train Epoch: 23 [44800/60000 (75%)]	Loss: 1.099537
Train Epoch: 23 [51200/60000 (85%)]	Loss: 1.324613
Train Epoch: 23 [57600/60000 (96%)]	Loss: 2.445978

Test set: Average loss: 1.3664, Accuracy: 7321/10000 (73%)

Train Epoch: 24 [0/60000 (0%)]	Loss: 1.305730
Train Epoch: 24 [6400/60000 (11%)]	Loss: 1.630154
Train Epoch: 24 [12800/60000 (21%)]	Loss: 1.779091
Train Epoch: 24 [19200/60000 (32%)]	Loss: 2.241649
Train Epoch: 24 [25600/60000 (43%)]	Loss: 1.005342
Train Epoch: 24 [32000/60000 (53%)]	Loss: 1.396160
Train Epoch: 24 [38400/60000 (64%)]	Loss: 1.249367
Train Epoch: 24 [44800/60000 (75%)]	Loss: 0.903980
Train Epoch: 24 [51200/60000 (85%)]	Loss: 1.508032
Train Epoch: 24 [57600/60000 (96%)]	Loss: 1.115857

Test set: Average loss: 2.6177, Accuracy: 6269/10000 (63%)

Train Epoch: 25 [0/60000 (0%)]	Loss: 2.379132
Train Epoch: 25 [6400/60000 (11%)]	Loss: 1.265537
Train Epoch: 25 [12800/60000 (21%)]	Loss: 1.150799
Train Epoch: 25 [19200/60000 (32%)]	Loss: 1.018648
Train Epoch: 25 [25600/60000 (43%)]	Loss: 1.703011
Train Epoch: 25 [32000/60000 (53%)]	Loss: 1.280197
Train Epoch: 25 [38400/60000 (64%)]	Loss: 0.935178
Train Epoch: 25 [44800/60000 (75%)]	Loss: 0.679180
Train Epoch: 25 [51200/60000 (85%)]	Loss: 1.841210
Train Epoch: 25 [57600/60000 (96%)]	Loss: 1.688112

Test set: Average loss: 1.6993, Accuracy: 6891/10000 (69%)

Train Epoch: 26 [0/60000 (0%)]	Loss: 1.645660
Train Epoch: 26 [6400/60000 (11%)]	Loss: 1.089298
Train Epoch: 26 [12800/60000 (21%)]	Loss: 1.760414
Train Epoch: 26 [19200/60000 (32%)]	Loss: 1.446682
Train Epoch: 26 [25600/60000 (43%)]	Loss: 1.580610
Train Epoch: 26 [32000/60000 (53%)]	Loss: 1.857346
Train Epoch: 26 [38400/60000 (64%)]	Loss: 1.607938
Train Epoch: 26 [44800/60000 (75%)]	Loss: 1.079417
Train Epoch: 26 [51200/60000 (85%)]	Loss: 1.683409
Train Epoch: 26 [57600/60000 (96%)]	Loss: 1.918720

Test set: Average loss: 2.4786, Accuracy: 5820/10000 (58%)

Train Epoch: 27 [0/60000 (0%)]	Loss: 1.958099
Train Epoch: 27 [6400/60000 (11%)]	Loss: 1.211721
Train Epoch: 27 [12800/60000 (21%)]	Loss: 1.139374
Train Epoch: 27 [19200/60000 (32%)]	Loss: 1.766375
Train Epoch: 27 [25600/60000 (43%)]	Loss: 1.341727
Train Epoch: 27 [32000/60000 (53%)]	Loss: 1.300241
Train Epoch: 27 [38400/60000 (64%)]	Loss: 1.455626
Train Epoch: 27 [44800/60000 (75%)]	Loss: 1.080154
Train Epoch: 27 [51200/60000 (85%)]	Loss: 1.414831
Train Epoch: 27 [57600/60000 (96%)]	Loss: 0.750697

Test set: Average loss: 2.0570, Accuracy: 6535/10000 (65%)

Train Epoch: 28 [0/60000 (0%)]	Loss: 2.127405
Train Epoch: 28 [6400/60000 (11%)]	Loss: 1.328528
Train Epoch: 28 [12800/60000 (21%)]	Loss: 1.359342
Train Epoch: 28 [19200/60000 (32%)]	Loss: 1.629371
Train Epoch: 28 [25600/60000 (43%)]	Loss: 1.162252
Train Epoch: 28 [32000/60000 (53%)]	Loss: 1.997423
Train Epoch: 28 [38400/60000 (64%)]	Loss: 2.199300
Train Epoch: 28 [44800/60000 (75%)]	Loss: 1.598449
Train Epoch: 28 [51200/60000 (85%)]	Loss: 1.094695
Train Epoch: 28 [57600/60000 (96%)]	Loss: 1.893947

Test set: Average loss: 1.8002, Accuracy: 6642/10000 (66%)

Train Epoch: 29 [0/60000 (0%)]	Loss: 0.885907
Train Epoch: 29 [6400/60000 (11%)]	Loss: 2.019486
Train Epoch: 29 [12800/60000 (21%)]	Loss: 0.915062
Train Epoch: 29 [19200/60000 (32%)]	Loss: 1.243124
Train Epoch: 29 [25600/60000 (43%)]	Loss: 1.419775
Train Epoch: 29 [32000/60000 (53%)]	Loss: 1.746225
Train Epoch: 29 [38400/60000 (64%)]	Loss: 1.043783
Train Epoch: 29 [44800/60000 (75%)]	Loss: 1.191899
Train Epoch: 29 [51200/60000 (85%)]	Loss: 1.221511
Train Epoch: 29 [57600/60000 (96%)]	Loss: 1.221396

Test set: Average loss: 1.1847, Accuracy: 7525/10000 (75%)

Train Epoch: 30 [0/60000 (0%)]	Loss: 1.171739
Train Epoch: 30 [6400/60000 (11%)]	Loss: 1.023988
Train Epoch: 30 [12800/60000 (21%)]	Loss: 1.152823
Train Epoch: 30 [19200/60000 (32%)]	Loss: 1.163131
Train Epoch: 30 [25600/60000 (43%)]	Loss: 0.552323
Train Epoch: 30 [32000/60000 (53%)]	Loss: 1.464373
Train Epoch: 30 [38400/60000 (64%)]	Loss: 1.611853
Train Epoch: 30 [44800/60000 (75%)]	Loss: 1.352969
Train Epoch: 30 [51200/60000 (85%)]	Loss: 1.565485
Train Epoch: 30 [57600/60000 (96%)]	Loss: 1.458215

Test set: Average loss: 1.4462, Accuracy: 7119/10000 (71%)

Train Epoch: 31 [0/60000 (0%)]	Loss: 1.039392
Train Epoch: 31 [6400/60000 (11%)]	Loss: 2.188069
Train Epoch: 31 [12800/60000 (21%)]	Loss: 1.443570
Train Epoch: 31 [19200/60000 (32%)]	Loss: 1.822518
Train Epoch: 31 [25600/60000 (43%)]	Loss: 1.249486
Train Epoch: 31 [32000/60000 (53%)]	Loss: 2.059057
Train Epoch: 31 [38400/60000 (64%)]	Loss: 1.816839
Train Epoch: 31 [44800/60000 (75%)]	Loss: 1.030485
Train Epoch: 31 [51200/60000 (85%)]	Loss: 1.155520
Train Epoch: 31 [57600/60000 (96%)]	Loss: 0.935400

Test set: Average loss: 1.4006, Accuracy: 7183/10000 (72%)

Train Epoch: 32 [0/60000 (0%)]	Loss: 1.055727
Train Epoch: 32 [6400/60000 (11%)]	Loss: 1.030194
Train Epoch: 32 [12800/60000 (21%)]	Loss: 1.600355
Train Epoch: 32 [19200/60000 (32%)]	Loss: 1.037526
Train Epoch: 32 [25600/60000 (43%)]	Loss: 1.558145
Train Epoch: 32 [32000/60000 (53%)]	Loss: 1.107555
Train Epoch: 32 [38400/60000 (64%)]	Loss: 1.456927
Train Epoch: 32 [44800/60000 (75%)]	Loss: 1.098460
Train Epoch: 32 [51200/60000 (85%)]	Loss: 1.498920
Train Epoch: 32 [57600/60000 (96%)]	Loss: 1.581744

Test set: Average loss: 1.7243, Accuracy: 6685/10000 (67%)

Train Epoch: 33 [0/60000 (0%)]	Loss: 2.040318
Train Epoch: 33 [6400/60000 (11%)]	Loss: 1.582928
Train Epoch: 33 [12800/60000 (21%)]	Loss: 1.739604
Train Epoch: 33 [19200/60000 (32%)]	Loss: 2.495938
Train Epoch: 33 [25600/60000 (43%)]	Loss: 1.829596
Train Epoch: 33 [32000/60000 (53%)]	Loss: 1.734116
Train Epoch: 33 [38400/60000 (64%)]	Loss: 1.486193
Train Epoch: 33 [44800/60000 (75%)]	Loss: 1.357212
Train Epoch: 33 [51200/60000 (85%)]	Loss: 2.019229
Train Epoch: 33 [57600/60000 (96%)]	Loss: 1.408769

Test set: Average loss: 1.4773, Accuracy: 7281/10000 (73%)

Train Epoch: 34 [0/60000 (0%)]	Loss: 1.985277
Train Epoch: 34 [6400/60000 (11%)]	Loss: 1.631079
Train Epoch: 34 [12800/60000 (21%)]	Loss: 1.063510
Train Epoch: 34 [19200/60000 (32%)]	Loss: 1.630410
Train Epoch: 34 [25600/60000 (43%)]	Loss: 1.887229
Train Epoch: 34 [32000/60000 (53%)]	Loss: 2.254035
Train Epoch: 34 [38400/60000 (64%)]	Loss: 2.233886
Train Epoch: 34 [44800/60000 (75%)]	Loss: 1.747535
Train Epoch: 34 [51200/60000 (85%)]	Loss: 1.390151
Train Epoch: 34 [57600/60000 (96%)]	Loss: 1.326257

Test set: Average loss: 2.0921, Accuracy: 6879/10000 (69%)

Train Epoch: 35 [0/60000 (0%)]	Loss: 1.745393
Train Epoch: 35 [6400/60000 (11%)]	Loss: 2.016618
Train Epoch: 35 [12800/60000 (21%)]	Loss: 1.370011
Train Epoch: 35 [19200/60000 (32%)]	Loss: 1.172919
Train Epoch: 35 [25600/60000 (43%)]	Loss: 1.671876
Train Epoch: 35 [32000/60000 (53%)]	Loss: 1.383113
Train Epoch: 35 [38400/60000 (64%)]	Loss: 1.061543
Train Epoch: 35 [44800/60000 (75%)]	Loss: 1.581909
Train Epoch: 35 [51200/60000 (85%)]	Loss: 1.539109
Train Epoch: 35 [57600/60000 (96%)]	Loss: 0.894958

Test set: Average loss: 2.0863, Accuracy: 6382/10000 (64%)

Train Epoch: 36 [0/60000 (0%)]	Loss: 1.764607
Train Epoch: 36 [6400/60000 (11%)]	Loss: 1.421672
Train Epoch: 36 [12800/60000 (21%)]	Loss: 1.719485
Train Epoch: 36 [19200/60000 (32%)]	Loss: 1.518460
Train Epoch: 36 [25600/60000 (43%)]	Loss: 1.625889
Train Epoch: 36 [32000/60000 (53%)]	Loss: 1.181371
Train Epoch: 36 [38400/60000 (64%)]	Loss: 1.624708
Train Epoch: 36 [44800/60000 (75%)]	Loss: 1.886473
Train Epoch: 36 [51200/60000 (85%)]	Loss: 2.183287
Train Epoch: 36 [57600/60000 (96%)]	Loss: 1.948050

Test set: Average loss: 1.7089, Accuracy: 6936/10000 (69%)

Train Epoch: 37 [0/60000 (0%)]	Loss: 1.077181
Train Epoch: 37 [6400/60000 (11%)]	Loss: 1.844209
Train Epoch: 37 [12800/60000 (21%)]	Loss: 1.297711
Train Epoch: 37 [19200/60000 (32%)]	Loss: 1.948763
Train Epoch: 37 [25600/60000 (43%)]	Loss: 1.591252
Train Epoch: 37 [32000/60000 (53%)]	Loss: 1.346135
Train Epoch: 37 [38400/60000 (64%)]	Loss: 1.859391
Train Epoch: 37 [44800/60000 (75%)]	Loss: 1.572724
Train Epoch: 37 [51200/60000 (85%)]	Loss: 1.551313
Train Epoch: 37 [57600/60000 (96%)]	Loss: 2.050840

Test set: Average loss: 1.5919, Accuracy: 7076/10000 (71%)

Train Epoch: 38 [0/60000 (0%)]	Loss: 2.161759
Train Epoch: 38 [6400/60000 (11%)]	Loss: 1.664598
Train Epoch: 38 [12800/60000 (21%)]	Loss: 1.315085
Train Epoch: 38 [19200/60000 (32%)]	Loss: 2.208700
Train Epoch: 38 [25600/60000 (43%)]	Loss: 0.732873
Train Epoch: 38 [32000/60000 (53%)]	Loss: 1.182371
Train Epoch: 38 [38400/60000 (64%)]	Loss: 0.926250
Train Epoch: 38 [44800/60000 (75%)]	Loss: 0.915112
Train Epoch: 38 [51200/60000 (85%)]	Loss: 1.642895
Train Epoch: 38 [57600/60000 (96%)]	Loss: 1.856279

Test set: Average loss: 1.4858, Accuracy: 7113/10000 (71%)

Train Epoch: 39 [0/60000 (0%)]	Loss: 1.503267
Train Epoch: 39 [6400/60000 (11%)]	Loss: 0.973460
Train Epoch: 39 [12800/60000 (21%)]	Loss: 1.104553
Train Epoch: 39 [19200/60000 (32%)]	Loss: 0.517869
Train Epoch: 39 [25600/60000 (43%)]	Loss: 1.113067
Train Epoch: 39 [32000/60000 (53%)]	Loss: 1.344389
Train Epoch: 39 [38400/60000 (64%)]	Loss: 0.997784
Train Epoch: 39 [44800/60000 (75%)]	Loss: 1.530451
Train Epoch: 39 [51200/60000 (85%)]	Loss: 1.163233
Train Epoch: 39 [57600/60000 (96%)]	Loss: 1.543487

Test set: Average loss: 1.7899, Accuracy: 6830/10000 (68%)

Train Epoch: 40 [0/60000 (0%)]	Loss: 2.135823
Train Epoch: 40 [6400/60000 (11%)]	Loss: 1.680141
Train Epoch: 40 [12800/60000 (21%)]	Loss: 1.205804
Train Epoch: 40 [19200/60000 (32%)]	Loss: 1.126806
Train Epoch: 40 [25600/60000 (43%)]	Loss: 1.591707
Train Epoch: 40 [32000/60000 (53%)]	Loss: 2.134863
Train Epoch: 40 [38400/60000 (64%)]	Loss: 2.865420
Train Epoch: 40 [44800/60000 (75%)]	Loss: 2.601973
Train Epoch: 40 [51200/60000 (85%)]	Loss: 1.179095
Train Epoch: 40 [57600/60000 (96%)]	Loss: 1.154654

Test set: Average loss: 1.3904, Accuracy: 7312/10000 (73%)

Train Epoch: 41 [0/60000 (0%)]	Loss: 1.013062
Train Epoch: 41 [6400/60000 (11%)]	Loss: 2.059004
Train Epoch: 41 [12800/60000 (21%)]	Loss: 1.502208
Train Epoch: 41 [19200/60000 (32%)]	Loss: 0.957430
Train Epoch: 41 [25600/60000 (43%)]	Loss: 1.817484
Train Epoch: 41 [32000/60000 (53%)]	Loss: 1.606360
Train Epoch: 41 [38400/60000 (64%)]	Loss: 0.840141
Train Epoch: 41 [44800/60000 (75%)]	Loss: 0.620853
Train Epoch: 41 [51200/60000 (85%)]	Loss: 1.488768
Train Epoch: 41 [57600/60000 (96%)]	Loss: 2.017444

Test set: Average loss: 1.3037, Accuracy: 7491/10000 (75%)

Train Epoch: 42 [0/60000 (0%)]	Loss: 1.760083
Train Epoch: 42 [6400/60000 (11%)]	Loss: 1.336299
Train Epoch: 42 [12800/60000 (21%)]	Loss: 1.344534
Train Epoch: 42 [19200/60000 (32%)]	Loss: 2.086693
Train Epoch: 42 [25600/60000 (43%)]	Loss: 0.957543
Train Epoch: 42 [32000/60000 (53%)]	Loss: 0.979862
Train Epoch: 42 [38400/60000 (64%)]	Loss: 1.156736
Train Epoch: 42 [44800/60000 (75%)]	Loss: 1.240439
Train Epoch: 42 [51200/60000 (85%)]	Loss: 1.303961
Train Epoch: 42 [57600/60000 (96%)]	Loss: 1.174538

Test set: Average loss: 1.4925, Accuracy: 6865/10000 (69%)

Train Epoch: 43 [0/60000 (0%)]	Loss: 2.572945
Train Epoch: 43 [6400/60000 (11%)]	Loss: 1.030222
Train Epoch: 43 [12800/60000 (21%)]	Loss: 1.587814
Train Epoch: 43 [19200/60000 (32%)]	Loss: 1.407896
Train Epoch: 43 [25600/60000 (43%)]	Loss: 1.654711
Train Epoch: 43 [32000/60000 (53%)]	Loss: 1.581159
Train Epoch: 43 [38400/60000 (64%)]	Loss: 1.442575
Train Epoch: 43 [44800/60000 (75%)]	Loss: 1.635701
Train Epoch: 43 [51200/60000 (85%)]	Loss: 0.886048
Train Epoch: 43 [57600/60000 (96%)]	Loss: 1.308205

Test set: Average loss: 1.3799, Accuracy: 7355/10000 (74%)

Train Epoch: 44 [0/60000 (0%)]	Loss: 0.692205
Train Epoch: 44 [6400/60000 (11%)]	Loss: 1.303400
Train Epoch: 44 [12800/60000 (21%)]	Loss: 1.001776
Train Epoch: 44 [19200/60000 (32%)]	Loss: 2.389171
Train Epoch: 44 [25600/60000 (43%)]	Loss: 1.424860
Train Epoch: 44 [32000/60000 (53%)]	Loss: 0.808376
Train Epoch: 44 [38400/60000 (64%)]	Loss: 1.458345
Train Epoch: 44 [44800/60000 (75%)]	Loss: 2.058972
Train Epoch: 44 [51200/60000 (85%)]	Loss: 1.877911
Train Epoch: 44 [57600/60000 (96%)]	Loss: 1.154964

Test set: Average loss: 1.5837, Accuracy: 7080/10000 (71%)

Train Epoch: 45 [0/60000 (0%)]	Loss: 1.619126
Train Epoch: 45 [6400/60000 (11%)]	Loss: 1.043112
Train Epoch: 45 [12800/60000 (21%)]	Loss: 1.545065
Train Epoch: 45 [19200/60000 (32%)]	Loss: 1.535317
Train Epoch: 45 [25600/60000 (43%)]	Loss: 1.567182
Train Epoch: 45 [32000/60000 (53%)]	Loss: 1.170044
Train Epoch: 45 [38400/60000 (64%)]	Loss: 2.671337
Train Epoch: 45 [44800/60000 (75%)]	Loss: 1.626605
Train Epoch: 45 [51200/60000 (85%)]	Loss: 1.384954
Train Epoch: 45 [57600/60000 (96%)]	Loss: 1.403244

Test set: Average loss: 1.7154, Accuracy: 6862/10000 (69%)

Train Epoch: 46 [0/60000 (0%)]	Loss: 1.589513
Train Epoch: 46 [6400/60000 (11%)]	Loss: 0.937738
Train Epoch: 46 [12800/60000 (21%)]	Loss: 2.364182
Train Epoch: 46 [19200/60000 (32%)]	Loss: 1.077858
Train Epoch: 46 [25600/60000 (43%)]	Loss: 1.561067
Train Epoch: 46 [32000/60000 (53%)]	Loss: 1.384497
Train Epoch: 46 [38400/60000 (64%)]	Loss: 1.413157
Train Epoch: 46 [44800/60000 (75%)]	Loss: 1.105886
Train Epoch: 46 [51200/60000 (85%)]	Loss: 1.177563
Train Epoch: 46 [57600/60000 (96%)]	Loss: 2.644689

Test set: Average loss: 1.3965, Accuracy: 7359/10000 (74%)

Train Epoch: 47 [0/60000 (0%)]	Loss: 1.962783
Train Epoch: 47 [6400/60000 (11%)]	Loss: 2.104158
Train Epoch: 47 [12800/60000 (21%)]	Loss: 1.574576
Train Epoch: 47 [19200/60000 (32%)]	Loss: 1.347730
Train Epoch: 47 [25600/60000 (43%)]	Loss: 1.411579
Train Epoch: 47 [32000/60000 (53%)]	Loss: 1.838933
Train Epoch: 47 [38400/60000 (64%)]	Loss: 1.307571
Train Epoch: 47 [44800/60000 (75%)]	Loss: 1.072578
Train Epoch: 47 [51200/60000 (85%)]	Loss: 1.589835
Train Epoch: 47 [57600/60000 (96%)]	Loss: 1.306616

Test set: Average loss: 1.4174, Accuracy: 7350/10000 (74%)

Train Epoch: 48 [0/60000 (0%)]	Loss: 2.488237
Train Epoch: 48 [6400/60000 (11%)]	Loss: 0.680563
Train Epoch: 48 [12800/60000 (21%)]	Loss: 2.000684
Train Epoch: 48 [19200/60000 (32%)]	Loss: 1.107109
Train Epoch: 48 [25600/60000 (43%)]	Loss: 1.663517
Train Epoch: 48 [32000/60000 (53%)]	Loss: 1.211353
Train Epoch: 48 [38400/60000 (64%)]	Loss: 1.220300
Train Epoch: 48 [44800/60000 (75%)]	Loss: 2.189934
Train Epoch: 48 [51200/60000 (85%)]	Loss: 0.719961
Train Epoch: 48 [57600/60000 (96%)]	Loss: 1.206022

Test set: Average loss: 2.2520, Accuracy: 6550/10000 (66%)

Train Epoch: 49 [0/60000 (0%)]	Loss: 1.781247
Train Epoch: 49 [6400/60000 (11%)]	Loss: 1.267236
Train Epoch: 49 [12800/60000 (21%)]	Loss: 1.196457
Train Epoch: 49 [19200/60000 (32%)]	Loss: 1.068392
Train Epoch: 49 [25600/60000 (43%)]	Loss: 1.951483
Train Epoch: 49 [32000/60000 (53%)]	Loss: 1.319555
Train Epoch: 49 [38400/60000 (64%)]	Loss: 1.402025
Train Epoch: 49 [44800/60000 (75%)]	Loss: 1.619529
Train Epoch: 49 [51200/60000 (85%)]	Loss: 1.554086
Train Epoch: 49 [57600/60000 (96%)]	Loss: 1.356988

Test set: Average loss: 1.2409, Accuracy: 7545/10000 (75%)

Train Epoch: 50 [0/60000 (0%)]	Loss: 1.555368
Train Epoch: 50 [6400/60000 (11%)]	Loss: 1.699280
Train Epoch: 50 [12800/60000 (21%)]	Loss: 1.187518
Train Epoch: 50 [19200/60000 (32%)]	Loss: 1.938120
Train Epoch: 50 [25600/60000 (43%)]	Loss: 2.079360
Train Epoch: 50 [32000/60000 (53%)]	Loss: 0.914266
Train Epoch: 50 [38400/60000 (64%)]	Loss: 1.196981
Train Epoch: 50 [44800/60000 (75%)]	Loss: 1.071102
Train Epoch: 50 [51200/60000 (85%)]	Loss: 0.739801
Train Epoch: 50 [57600/60000 (96%)]	Loss: 1.470710

Test set: Average loss: 2.0024, Accuracy: 6419/10000 (64%)

Train Epoch: 51 [0/60000 (0%)]	Loss: 2.260016
Train Epoch: 51 [6400/60000 (11%)]	Loss: 1.862355
Train Epoch: 51 [12800/60000 (21%)]	Loss: 0.696310
Train Epoch: 51 [19200/60000 (32%)]	Loss: 1.305408
Train Epoch: 51 [25600/60000 (43%)]	Loss: 1.256583
Train Epoch: 51 [32000/60000 (53%)]	Loss: 2.066793
Train Epoch: 51 [38400/60000 (64%)]	Loss: 1.130061
Train Epoch: 51 [44800/60000 (75%)]	Loss: 2.020972
Train Epoch: 51 [51200/60000 (85%)]	Loss: 1.099345
Train Epoch: 51 [57600/60000 (96%)]	Loss: 1.012978

Test set: Average loss: 1.6706, Accuracy: 7089/10000 (71%)

Train Epoch: 52 [0/60000 (0%)]	Loss: 1.151348
Train Epoch: 52 [6400/60000 (11%)]	Loss: 0.863407
Train Epoch: 52 [12800/60000 (21%)]	Loss: 1.800516
Train Epoch: 52 [19200/60000 (32%)]	Loss: 1.279125
Train Epoch: 52 [25600/60000 (43%)]	Loss: 1.950745
Train Epoch: 52 [32000/60000 (53%)]	Loss: 1.943640
Train Epoch: 52 [38400/60000 (64%)]	Loss: 1.313759
Train Epoch: 52 [44800/60000 (75%)]	Loss: 1.378522
Train Epoch: 52 [51200/60000 (85%)]	Loss: 2.056438
Train Epoch: 52 [57600/60000 (96%)]	Loss: 1.086368

Test set: Average loss: 1.6297, Accuracy: 7185/10000 (72%)

Train Epoch: 53 [0/60000 (0%)]	Loss: 1.695689
Train Epoch: 53 [6400/60000 (11%)]	Loss: 1.131680
Train Epoch: 53 [12800/60000 (21%)]	Loss: 1.361908
Train Epoch: 53 [19200/60000 (32%)]	Loss: 1.371864
Train Epoch: 53 [25600/60000 (43%)]	Loss: 1.637158
Train Epoch: 53 [32000/60000 (53%)]	Loss: 1.943742
Train Epoch: 53 [38400/60000 (64%)]	Loss: 1.470156
Train Epoch: 53 [44800/60000 (75%)]	Loss: 1.607697
Train Epoch: 53 [51200/60000 (85%)]	Loss: 1.968760
Train Epoch: 53 [57600/60000 (96%)]	Loss: 1.827329

Test set: Average loss: 1.2475, Accuracy: 7554/10000 (76%)

Train Epoch: 54 [0/60000 (0%)]	Loss: 1.861568
Train Epoch: 54 [6400/60000 (11%)]	Loss: 1.427548
Train Epoch: 54 [12800/60000 (21%)]	Loss: 0.930007
Train Epoch: 54 [19200/60000 (32%)]	Loss: 0.924225
Train Epoch: 54 [25600/60000 (43%)]	Loss: 1.581996
Train Epoch: 54 [32000/60000 (53%)]	Loss: 1.933331
Train Epoch: 54 [38400/60000 (64%)]	Loss: 1.136808
Train Epoch: 54 [44800/60000 (75%)]	Loss: 1.267822
Train Epoch: 54 [51200/60000 (85%)]	Loss: 1.332429
Train Epoch: 54 [57600/60000 (96%)]	Loss: 1.981327

Test set: Average loss: 1.7943, Accuracy: 6715/10000 (67%)

Train Epoch: 55 [0/60000 (0%)]	Loss: 1.573000
Train Epoch: 55 [6400/60000 (11%)]	Loss: 1.524000
Train Epoch: 55 [12800/60000 (21%)]	Loss: 0.944838
Train Epoch: 55 [19200/60000 (32%)]	Loss: 0.783200
Train Epoch: 55 [25600/60000 (43%)]	Loss: 1.754576
Train Epoch: 55 [32000/60000 (53%)]	Loss: 1.031325
Train Epoch: 55 [38400/60000 (64%)]	Loss: 1.249644
Train Epoch: 55 [44800/60000 (75%)]	Loss: 1.919576
Train Epoch: 55 [51200/60000 (85%)]	Loss: 1.490721
Train Epoch: 55 [57600/60000 (96%)]	Loss: 1.403604

Test set: Average loss: 2.4124, Accuracy: 6154/10000 (62%)

Train Epoch: 56 [0/60000 (0%)]	Loss: 2.647485
Train Epoch: 56 [6400/60000 (11%)]	Loss: 1.582473
Train Epoch: 56 [12800/60000 (21%)]	Loss: 1.709704
Train Epoch: 56 [19200/60000 (32%)]	Loss: 1.745141
Train Epoch: 56 [25600/60000 (43%)]	Loss: 0.966428
Train Epoch: 56 [32000/60000 (53%)]	Loss: 1.326844
Train Epoch: 56 [38400/60000 (64%)]	Loss: 1.763074
Train Epoch: 56 [44800/60000 (75%)]	Loss: 1.761461
Train Epoch: 56 [51200/60000 (85%)]	Loss: 1.529967
Train Epoch: 56 [57600/60000 (96%)]	Loss: 1.625543

Test set: Average loss: 1.4720, Accuracy: 7234/10000 (72%)

Train Epoch: 57 [0/60000 (0%)]	Loss: 2.234647
Train Epoch: 57 [6400/60000 (11%)]	Loss: 1.632903
Train Epoch: 57 [12800/60000 (21%)]	Loss: 1.757150
Train Epoch: 57 [19200/60000 (32%)]	Loss: 1.492958
Train Epoch: 57 [25600/60000 (43%)]	Loss: 1.099556
Train Epoch: 57 [32000/60000 (53%)]	Loss: 1.090793
Train Epoch: 57 [38400/60000 (64%)]	Loss: 1.668259
Train Epoch: 57 [44800/60000 (75%)]	Loss: 1.200243
Train Epoch: 57 [51200/60000 (85%)]	Loss: 1.408136
Train Epoch: 57 [57600/60000 (96%)]	Loss: 1.754877

Test set: Average loss: 1.7776, Accuracy: 6837/10000 (68%)

Train Epoch: 58 [0/60000 (0%)]	Loss: 0.997780
Train Epoch: 58 [6400/60000 (11%)]	Loss: 1.225573
Train Epoch: 58 [12800/60000 (21%)]	Loss: 1.205878
Train Epoch: 58 [19200/60000 (32%)]	Loss: 1.361931
Train Epoch: 58 [25600/60000 (43%)]	Loss: 1.361365
Train Epoch: 58 [32000/60000 (53%)]	Loss: 1.912679
Train Epoch: 58 [38400/60000 (64%)]	Loss: 1.251883
Train Epoch: 58 [44800/60000 (75%)]	Loss: 1.367250
Train Epoch: 58 [51200/60000 (85%)]	Loss: 1.831165
Train Epoch: 58 [57600/60000 (96%)]	Loss: 1.679199

Test set: Average loss: 1.8913, Accuracy: 6908/10000 (69%)

Train Epoch: 59 [0/60000 (0%)]	Loss: 1.778598
Train Epoch: 59 [6400/60000 (11%)]	Loss: 1.311845
Train Epoch: 59 [12800/60000 (21%)]	Loss: 1.114187
Train Epoch: 59 [19200/60000 (32%)]	Loss: 1.337655
Train Epoch: 59 [25600/60000 (43%)]	Loss: 2.287167
Train Epoch: 59 [32000/60000 (53%)]	Loss: 2.189439
Train Epoch: 59 [38400/60000 (64%)]	Loss: 1.274144
Train Epoch: 59 [44800/60000 (75%)]	Loss: 0.772969
Train Epoch: 59 [51200/60000 (85%)]	Loss: 0.775250
Train Epoch: 59 [57600/60000 (96%)]	Loss: 1.399159

Test set: Average loss: 1.3388, Accuracy: 7376/10000 (74%)

Train Epoch: 60 [0/60000 (0%)]	Loss: 1.410119
Train Epoch: 60 [6400/60000 (11%)]	Loss: 1.498065
Train Epoch: 60 [12800/60000 (21%)]	Loss: 1.069543
Train Epoch: 60 [19200/60000 (32%)]	Loss: 1.946000
Train Epoch: 60 [25600/60000 (43%)]	Loss: 1.055826
Train Epoch: 60 [32000/60000 (53%)]	Loss: 1.651918
Train Epoch: 60 [38400/60000 (64%)]	Loss: 1.932530
Train Epoch: 60 [44800/60000 (75%)]	Loss: 1.928726
Train Epoch: 60 [51200/60000 (85%)]	Loss: 2.235650
Train Epoch: 60 [57600/60000 (96%)]	Loss: 1.784792

Test set: Average loss: 1.3255, Accuracy: 7446/10000 (74%)

Train Epoch: 61 [0/60000 (0%)]	Loss: 1.700464
Train Epoch: 61 [6400/60000 (11%)]	Loss: 0.809594
Train Epoch: 61 [12800/60000 (21%)]	Loss: 1.278883
Train Epoch: 61 [19200/60000 (32%)]	Loss: 2.193224
Train Epoch: 61 [25600/60000 (43%)]	Loss: 0.745289
Train Epoch: 61 [32000/60000 (53%)]	Loss: 2.040149
Train Epoch: 61 [38400/60000 (64%)]	Loss: 1.384921
Train Epoch: 61 [44800/60000 (75%)]	Loss: 1.582718
Train Epoch: 61 [51200/60000 (85%)]	Loss: 1.971726
Train Epoch: 61 [57600/60000 (96%)]	Loss: 1.093129

Test set: Average loss: 1.5532, Accuracy: 7161/10000 (72%)

Train Epoch: 62 [0/60000 (0%)]	Loss: 1.704227
Train Epoch: 62 [6400/60000 (11%)]	Loss: 2.198332
Train Epoch: 62 [12800/60000 (21%)]	Loss: 1.332828
Train Epoch: 62 [19200/60000 (32%)]	Loss: 1.278735
Train Epoch: 62 [25600/60000 (43%)]	Loss: 1.424592
Train Epoch: 62 [32000/60000 (53%)]	Loss: 1.852436
Train Epoch: 62 [38400/60000 (64%)]	Loss: 1.426204
Train Epoch: 62 [44800/60000 (75%)]	Loss: 1.584170
Train Epoch: 62 [51200/60000 (85%)]	Loss: 1.320288
Train Epoch: 62 [57600/60000 (96%)]	Loss: 1.290356

Test set: Average loss: 1.6402, Accuracy: 7032/10000 (70%)

Train Epoch: 63 [0/60000 (0%)]	Loss: 2.290188
Train Epoch: 63 [6400/60000 (11%)]	Loss: 1.270753
Train Epoch: 63 [12800/60000 (21%)]	Loss: 0.938118
Train Epoch: 63 [19200/60000 (32%)]	Loss: 1.469180
Train Epoch: 63 [25600/60000 (43%)]	Loss: 1.851315
Train Epoch: 63 [32000/60000 (53%)]	Loss: 1.011997
Train Epoch: 63 [38400/60000 (64%)]	Loss: 1.271794
Train Epoch: 63 [44800/60000 (75%)]	Loss: 1.119997
Train Epoch: 63 [51200/60000 (85%)]	Loss: 1.262488
Train Epoch: 63 [57600/60000 (96%)]	Loss: 1.398763

Test set: Average loss: 1.2825, Accuracy: 7497/10000 (75%)

Train Epoch: 64 [0/60000 (0%)]	Loss: 1.653980
Train Epoch: 64 [6400/60000 (11%)]	Loss: 1.422026
Train Epoch: 64 [12800/60000 (21%)]	Loss: 0.764893
Train Epoch: 64 [19200/60000 (32%)]	Loss: 2.324481
Train Epoch: 64 [25600/60000 (43%)]	Loss: 0.859879
Train Epoch: 64 [32000/60000 (53%)]	Loss: 1.562037
Train Epoch: 64 [38400/60000 (64%)]	Loss: 0.890554
Train Epoch: 64 [44800/60000 (75%)]	Loss: 1.276719
Train Epoch: 64 [51200/60000 (85%)]	Loss: 1.244003
Train Epoch: 64 [57600/60000 (96%)]	Loss: 1.791841

Test set: Average loss: 1.1915, Accuracy: 7648/10000 (76%)

Train Epoch: 65 [0/60000 (0%)]	Loss: 1.159157
Train Epoch: 65 [6400/60000 (11%)]	Loss: 1.898821
Train Epoch: 65 [12800/60000 (21%)]	Loss: 1.530990
Train Epoch: 65 [19200/60000 (32%)]	Loss: 1.038588
Train Epoch: 65 [25600/60000 (43%)]	Loss: 0.807167
Train Epoch: 65 [32000/60000 (53%)]	Loss: 0.834270
Train Epoch: 65 [38400/60000 (64%)]	Loss: 2.302496
Train Epoch: 65 [44800/60000 (75%)]	Loss: 0.926996
Train Epoch: 65 [51200/60000 (85%)]	Loss: 0.880840
Train Epoch: 65 [57600/60000 (96%)]	Loss: 1.270960

Test set: Average loss: 1.3747, Accuracy: 7403/10000 (74%)

Train Epoch: 66 [0/60000 (0%)]	Loss: 1.008817
Train Epoch: 66 [6400/60000 (11%)]	Loss: 1.270079
Train Epoch: 66 [12800/60000 (21%)]	Loss: 1.764325
Train Epoch: 66 [19200/60000 (32%)]	Loss: 0.990226
Train Epoch: 66 [25600/60000 (43%)]	Loss: 0.822375
Train Epoch: 66 [32000/60000 (53%)]	Loss: 1.555408
Train Epoch: 66 [38400/60000 (64%)]	Loss: 1.252479
Train Epoch: 66 [44800/60000 (75%)]	Loss: 1.188005
Train Epoch: 66 [51200/60000 (85%)]	Loss: 1.078326
Train Epoch: 66 [57600/60000 (96%)]	Loss: 0.973289

Test set: Average loss: 1.5376, Accuracy: 7317/10000 (73%)

Train Epoch: 67 [0/60000 (0%)]	Loss: 1.995089
Train Epoch: 67 [6400/60000 (11%)]	Loss: 1.407550
Train Epoch: 67 [12800/60000 (21%)]	Loss: 0.951033
Train Epoch: 67 [19200/60000 (32%)]	Loss: 1.320016
Train Epoch: 67 [25600/60000 (43%)]	Loss: 1.763185
Train Epoch: 67 [32000/60000 (53%)]	Loss: 1.193946
Train Epoch: 67 [38400/60000 (64%)]	Loss: 1.311027
Train Epoch: 67 [44800/60000 (75%)]	Loss: 0.869124
Train Epoch: 67 [51200/60000 (85%)]	Loss: 1.328609
Train Epoch: 67 [57600/60000 (96%)]	Loss: 1.151083

Test set: Average loss: 1.2079, Accuracy: 7467/10000 (75%)

Train Epoch: 68 [0/60000 (0%)]	Loss: 1.101357
Train Epoch: 68 [6400/60000 (11%)]	Loss: 1.997660
Train Epoch: 68 [12800/60000 (21%)]	Loss: 1.156184
Train Epoch: 68 [19200/60000 (32%)]	Loss: 1.252212
Train Epoch: 68 [25600/60000 (43%)]	Loss: 1.325018
Train Epoch: 68 [32000/60000 (53%)]	Loss: 1.393307
Train Epoch: 68 [38400/60000 (64%)]	Loss: 1.292665
Train Epoch: 68 [44800/60000 (75%)]	Loss: 1.521337
Train Epoch: 68 [51200/60000 (85%)]	Loss: 1.361112
Train Epoch: 68 [57600/60000 (96%)]	Loss: 0.880126

Test set: Average loss: 1.5026, Accuracy: 7110/10000 (71%)

Train Epoch: 69 [0/60000 (0%)]	Loss: 1.214968
Train Epoch: 69 [6400/60000 (11%)]	Loss: 1.299293
Train Epoch: 69 [12800/60000 (21%)]	Loss: 0.866749
Train Epoch: 69 [19200/60000 (32%)]	Loss: 1.290582
Train Epoch: 69 [25600/60000 (43%)]	Loss: 1.400867
Train Epoch: 69 [32000/60000 (53%)]	Loss: 1.619688
Train Epoch: 69 [38400/60000 (64%)]	Loss: 1.687997
Train Epoch: 69 [44800/60000 (75%)]	Loss: 0.418936
Train Epoch: 69 [51200/60000 (85%)]	Loss: 2.076741
Train Epoch: 69 [57600/60000 (96%)]	Loss: 1.074992

Test set: Average loss: 1.3363, Accuracy: 7348/10000 (73%)

Train Epoch: 70 [0/60000 (0%)]	Loss: 0.966124
Train Epoch: 70 [6400/60000 (11%)]	Loss: 1.612149
Train Epoch: 70 [12800/60000 (21%)]	Loss: 1.596269
Train Epoch: 70 [19200/60000 (32%)]	Loss: 0.941349
Train Epoch: 70 [25600/60000 (43%)]	Loss: 1.475527
Train Epoch: 70 [32000/60000 (53%)]	Loss: 0.965790
Train Epoch: 70 [38400/60000 (64%)]	Loss: 0.779479
Train Epoch: 70 [44800/60000 (75%)]	Loss: 1.579453
Train Epoch: 70 [51200/60000 (85%)]	Loss: 1.516456
Train Epoch: 70 [57600/60000 (96%)]	Loss: 1.721495

Test set: Average loss: 1.7252, Accuracy: 6824/10000 (68%)

Train Epoch: 71 [0/60000 (0%)]	Loss: 1.608458
Train Epoch: 71 [6400/60000 (11%)]	Loss: 1.144752
Train Epoch: 71 [12800/60000 (21%)]	Loss: 1.342927
Train Epoch: 71 [19200/60000 (32%)]	Loss: 0.692606
Train Epoch: 71 [25600/60000 (43%)]	Loss: 1.690876
Train Epoch: 71 [32000/60000 (53%)]	Loss: 0.613488
Train Epoch: 71 [38400/60000 (64%)]	Loss: 0.776173
Train Epoch: 71 [44800/60000 (75%)]	Loss: 2.194784
Train Epoch: 71 [51200/60000 (85%)]	Loss: 1.117000
Train Epoch: 71 [57600/60000 (96%)]	Loss: 1.297992

Test set: Average loss: 1.4948, Accuracy: 6884/10000 (69%)

Train Epoch: 72 [0/60000 (0%)]	Loss: 1.004312
Train Epoch: 72 [6400/60000 (11%)]	Loss: 1.951233
Train Epoch: 72 [12800/60000 (21%)]	Loss: 1.413131
Train Epoch: 72 [19200/60000 (32%)]	Loss: 1.092252
Train Epoch: 72 [25600/60000 (43%)]	Loss: 1.277227
Train Epoch: 72 [32000/60000 (53%)]	Loss: 0.858236
Train Epoch: 72 [38400/60000 (64%)]	Loss: 1.568129
Train Epoch: 72 [44800/60000 (75%)]	Loss: 0.898134
Train Epoch: 72 [51200/60000 (85%)]	Loss: 1.129766
Train Epoch: 72 [57600/60000 (96%)]	Loss: 2.217324

Test set: Average loss: 1.8275, Accuracy: 6861/10000 (69%)

Train Epoch: 73 [0/60000 (0%)]	Loss: 1.844518
Train Epoch: 73 [6400/60000 (11%)]	Loss: 1.091880
Train Epoch: 73 [12800/60000 (21%)]	Loss: 1.195138
Train Epoch: 73 [19200/60000 (32%)]	Loss: 1.560500
Train Epoch: 73 [25600/60000 (43%)]	Loss: 1.183124
Train Epoch: 73 [32000/60000 (53%)]	Loss: 1.034722
Train Epoch: 73 [38400/60000 (64%)]	Loss: 0.814283
Train Epoch: 73 [44800/60000 (75%)]	Loss: 1.648203
Train Epoch: 73 [51200/60000 (85%)]	Loss: 1.133479
Train Epoch: 73 [57600/60000 (96%)]	Loss: 1.501308

Test set: Average loss: 1.5152, Accuracy: 7102/10000 (71%)

Train Epoch: 74 [0/60000 (0%)]	Loss: 0.814466
Train Epoch: 74 [6400/60000 (11%)]	Loss: 0.962283
Train Epoch: 74 [12800/60000 (21%)]	Loss: 1.698938
Train Epoch: 74 [19200/60000 (32%)]	Loss: 1.180378
Train Epoch: 74 [25600/60000 (43%)]	Loss: 0.534520
Train Epoch: 74 [32000/60000 (53%)]	Loss: 1.021494
Train Epoch: 74 [38400/60000 (64%)]	Loss: 0.639614
Train Epoch: 74 [44800/60000 (75%)]	Loss: 1.706693
Train Epoch: 74 [51200/60000 (85%)]	Loss: 1.526703
Train Epoch: 74 [57600/60000 (96%)]	Loss: 0.814633

Test set: Average loss: 1.3424, Accuracy: 7307/10000 (73%)

Train Epoch: 75 [0/60000 (0%)]	Loss: 2.017999
Train Epoch: 75 [6400/60000 (11%)]	Loss: 2.244426
Train Epoch: 75 [12800/60000 (21%)]	Loss: 1.808895
Train Epoch: 75 [19200/60000 (32%)]	Loss: 0.612972
Train Epoch: 75 [25600/60000 (43%)]	Loss: 0.906921
Train Epoch: 75 [32000/60000 (53%)]	Loss: 1.048211
Train Epoch: 75 [38400/60000 (64%)]	Loss: 0.713279
Train Epoch: 75 [44800/60000 (75%)]	Loss: 0.552039
Train Epoch: 75 [51200/60000 (85%)]	Loss: 0.985418
Train Epoch: 75 [57600/60000 (96%)]	Loss: 1.457632

Test set: Average loss: 1.2834, Accuracy: 7430/10000 (74%)

Train Epoch: 76 [0/60000 (0%)]	Loss: 1.456331
Train Epoch: 76 [6400/60000 (11%)]	Loss: 1.313934
Train Epoch: 76 [12800/60000 (21%)]	Loss: 1.100671
Train Epoch: 76 [19200/60000 (32%)]	Loss: 1.053483
Train Epoch: 76 [25600/60000 (43%)]	Loss: 0.545878
Train Epoch: 76 [32000/60000 (53%)]	Loss: 1.277960
Train Epoch: 76 [38400/60000 (64%)]	Loss: 1.161085
Train Epoch: 76 [44800/60000 (75%)]	Loss: 1.389848
Train Epoch: 76 [51200/60000 (85%)]	Loss: 1.108628
Train Epoch: 76 [57600/60000 (96%)]	Loss: 1.323828

Test set: Average loss: 1.3714, Accuracy: 7532/10000 (75%)

Train Epoch: 77 [0/60000 (0%)]	Loss: 1.076430
Train Epoch: 77 [6400/60000 (11%)]	Loss: 0.834638
Train Epoch: 77 [12800/60000 (21%)]	Loss: 1.321549
Train Epoch: 77 [19200/60000 (32%)]	Loss: 2.224149
Train Epoch: 77 [25600/60000 (43%)]	Loss: 1.289862
Train Epoch: 77 [32000/60000 (53%)]	Loss: 1.777739
Train Epoch: 77 [38400/60000 (64%)]	Loss: 1.221387
Train Epoch: 77 [44800/60000 (75%)]	Loss: 1.520101
Train Epoch: 77 [51200/60000 (85%)]	Loss: 1.264233
Train Epoch: 77 [57600/60000 (96%)]	Loss: 1.286600

Test set: Average loss: 1.1193, Accuracy: 7619/10000 (76%)

Train Epoch: 78 [0/60000 (0%)]	Loss: 0.646331
Train Epoch: 78 [6400/60000 (11%)]	Loss: 1.249124
Train Epoch: 78 [12800/60000 (21%)]	Loss: 1.436108
Train Epoch: 78 [19200/60000 (32%)]	Loss: 1.319123
Train Epoch: 78 [25600/60000 (43%)]	Loss: 1.184807
Train Epoch: 78 [32000/60000 (53%)]	Loss: 1.389194
Train Epoch: 78 [38400/60000 (64%)]	Loss: 0.882287
Train Epoch: 78 [44800/60000 (75%)]	Loss: 1.703336
Train Epoch: 78 [51200/60000 (85%)]	Loss: 0.950185
Train Epoch: 78 [57600/60000 (96%)]	Loss: 1.328909

Test set: Average loss: 1.2407, Accuracy: 7407/10000 (74%)

Train Epoch: 79 [0/60000 (0%)]	Loss: 0.932644
Train Epoch: 79 [6400/60000 (11%)]	Loss: 1.139441
Train Epoch: 79 [12800/60000 (21%)]	Loss: 0.453704
Train Epoch: 79 [19200/60000 (32%)]	Loss: 1.508928
Train Epoch: 79 [25600/60000 (43%)]	Loss: 1.243280
Train Epoch: 79 [32000/60000 (53%)]	Loss: 1.637147
Train Epoch: 79 [38400/60000 (64%)]	Loss: 0.918176
Train Epoch: 79 [44800/60000 (75%)]	Loss: 1.446846
Train Epoch: 79 [51200/60000 (85%)]	Loss: 1.604665
Train Epoch: 79 [57600/60000 (96%)]	Loss: 0.865701

Test set: Average loss: 1.3544, Accuracy: 7271/10000 (73%)

Train Epoch: 80 [0/60000 (0%)]	Loss: 1.582968
Train Epoch: 80 [6400/60000 (11%)]	Loss: 1.616489
Train Epoch: 80 [12800/60000 (21%)]	Loss: 0.474437
Train Epoch: 80 [19200/60000 (32%)]	Loss: 0.763752
Train Epoch: 80 [25600/60000 (43%)]	Loss: 1.447295
Train Epoch: 80 [32000/60000 (53%)]	Loss: 0.936399
Train Epoch: 80 [38400/60000 (64%)]	Loss: 1.670031
Train Epoch: 80 [44800/60000 (75%)]	Loss: 0.781273
Train Epoch: 80 [51200/60000 (85%)]	Loss: 1.548976
Train Epoch: 80 [57600/60000 (96%)]	Loss: 0.667902

Test set: Average loss: 1.1652, Accuracy: 7461/10000 (75%)

Train Epoch: 81 [0/60000 (0%)]	Loss: 1.336403
Train Epoch: 81 [6400/60000 (11%)]	Loss: 0.966590
Train Epoch: 81 [12800/60000 (21%)]	Loss: 1.854675
Train Epoch: 81 [19200/60000 (32%)]	Loss: 0.857777
Train Epoch: 81 [25600/60000 (43%)]	Loss: 1.246341
Train Epoch: 81 [32000/60000 (53%)]	Loss: 1.433645
Train Epoch: 81 [38400/60000 (64%)]	Loss: 0.772733
Train Epoch: 81 [44800/60000 (75%)]	Loss: 1.275095
Train Epoch: 81 [51200/60000 (85%)]	Loss: 0.869399
Train Epoch: 81 [57600/60000 (96%)]	Loss: 1.200266

Test set: Average loss: 1.1850, Accuracy: 7533/10000 (75%)

Train Epoch: 82 [0/60000 (0%)]	Loss: 1.100857
Train Epoch: 82 [6400/60000 (11%)]	Loss: 1.723890
Train Epoch: 82 [12800/60000 (21%)]	Loss: 1.536357
Train Epoch: 82 [19200/60000 (32%)]	Loss: 0.712182
Train Epoch: 82 [25600/60000 (43%)]	Loss: 0.912642
Train Epoch: 82 [32000/60000 (53%)]	Loss: 1.109974
Train Epoch: 82 [38400/60000 (64%)]	Loss: 1.234243
Train Epoch: 82 [44800/60000 (75%)]	Loss: 1.122945
Train Epoch: 82 [51200/60000 (85%)]	Loss: 0.991485
Train Epoch: 82 [57600/60000 (96%)]	Loss: 1.701381

Test set: Average loss: 1.0683, Accuracy: 7673/10000 (77%)

Train Epoch: 83 [0/60000 (0%)]	Loss: 1.311810
Train Epoch: 83 [6400/60000 (11%)]	Loss: 1.035052
Train Epoch: 83 [12800/60000 (21%)]	Loss: 1.917597
Train Epoch: 83 [19200/60000 (32%)]	Loss: 1.491186
Train Epoch: 83 [25600/60000 (43%)]	Loss: 1.504880
Train Epoch: 83 [32000/60000 (53%)]	Loss: 1.105326
Train Epoch: 83 [38400/60000 (64%)]	Loss: 1.459479
Train Epoch: 83 [44800/60000 (75%)]	Loss: 0.991179
Train Epoch: 83 [51200/60000 (85%)]	Loss: 0.601592
Train Epoch: 83 [57600/60000 (96%)]	Loss: 0.984828

Test set: Average loss: 1.1563, Accuracy: 7593/10000 (76%)

Train Epoch: 84 [0/60000 (0%)]	Loss: 0.842911
Train Epoch: 84 [6400/60000 (11%)]	Loss: 1.529131
Train Epoch: 84 [12800/60000 (21%)]	Loss: 1.172906
Train Epoch: 84 [19200/60000 (32%)]	Loss: 0.555063
Train Epoch: 84 [25600/60000 (43%)]	Loss: 0.875238
Train Epoch: 84 [32000/60000 (53%)]	Loss: 0.869858
Train Epoch: 84 [38400/60000 (64%)]	Loss: 0.647377
Train Epoch: 84 [44800/60000 (75%)]	Loss: 1.579165
Train Epoch: 84 [51200/60000 (85%)]	Loss: 1.910565
Train Epoch: 84 [57600/60000 (96%)]	Loss: 1.065076

Test set: Average loss: 1.0611, Accuracy: 7707/10000 (77%)

Train Epoch: 85 [0/60000 (0%)]	Loss: 0.598052
Train Epoch: 85 [6400/60000 (11%)]	Loss: 1.106278
Train Epoch: 85 [12800/60000 (21%)]	Loss: 1.414873
Train Epoch: 85 [19200/60000 (32%)]	Loss: 1.208218
Train Epoch: 85 [25600/60000 (43%)]	Loss: 0.510937
Train Epoch: 85 [32000/60000 (53%)]	Loss: 1.861338
Train Epoch: 85 [38400/60000 (64%)]	Loss: 1.340470
Train Epoch: 85 [44800/60000 (75%)]	Loss: 1.311189
Train Epoch: 85 [51200/60000 (85%)]	Loss: 1.182048
Train Epoch: 85 [57600/60000 (96%)]	Loss: 0.562711

Test set: Average loss: 0.9822, Accuracy: 7838/10000 (78%)

Train Epoch: 86 [0/60000 (0%)]	Loss: 0.787665
Train Epoch: 86 [6400/60000 (11%)]	Loss: 1.327588
Train Epoch: 86 [12800/60000 (21%)]	Loss: 0.993642
Train Epoch: 86 [19200/60000 (32%)]	Loss: 1.451685
Train Epoch: 86 [25600/60000 (43%)]	Loss: 0.894091
Train Epoch: 86 [32000/60000 (53%)]	Loss: 1.327778
Train Epoch: 86 [38400/60000 (64%)]	Loss: 1.291684
Train Epoch: 86 [44800/60000 (75%)]	Loss: 1.510284
Train Epoch: 86 [51200/60000 (85%)]	Loss: 1.069013
Train Epoch: 86 [57600/60000 (96%)]	Loss: 1.722578

Test set: Average loss: 1.1485, Accuracy: 7769/10000 (78%)

Train Epoch: 87 [0/60000 (0%)]	Loss: 1.240222
Train Epoch: 87 [6400/60000 (11%)]	Loss: 1.086928
Train Epoch: 87 [12800/60000 (21%)]	Loss: 0.780315
Train Epoch: 87 [19200/60000 (32%)]	Loss: 1.271627
Train Epoch: 87 [25600/60000 (43%)]	Loss: 0.844259
Train Epoch: 87 [32000/60000 (53%)]	Loss: 0.907856
Train Epoch: 87 [38400/60000 (64%)]	Loss: 1.180936
Train Epoch: 87 [44800/60000 (75%)]	Loss: 1.474866
Train Epoch: 87 [51200/60000 (85%)]	Loss: 1.204126
Train Epoch: 87 [57600/60000 (96%)]	Loss: 1.633746

Test set: Average loss: 1.6204, Accuracy: 6933/10000 (69%)

Train Epoch: 88 [0/60000 (0%)]	Loss: 1.751957
Train Epoch: 88 [6400/60000 (11%)]	Loss: 0.771899
Train Epoch: 88 [12800/60000 (21%)]	Loss: 1.342916
Train Epoch: 88 [19200/60000 (32%)]	Loss: 1.013860
Train Epoch: 88 [25600/60000 (43%)]	Loss: 1.442646
Train Epoch: 88 [32000/60000 (53%)]	Loss: 0.527811
Train Epoch: 88 [38400/60000 (64%)]	Loss: 1.006367
Train Epoch: 88 [44800/60000 (75%)]	Loss: 0.743526
Train Epoch: 88 [51200/60000 (85%)]	Loss: 1.104061
Train Epoch: 88 [57600/60000 (96%)]	Loss: 1.127911

Test set: Average loss: 1.2173, Accuracy: 7343/10000 (73%)

Train Epoch: 89 [0/60000 (0%)]	Loss: 1.184371
Train Epoch: 89 [6400/60000 (11%)]	Loss: 0.891012
Train Epoch: 89 [12800/60000 (21%)]	Loss: 0.248444
Train Epoch: 89 [19200/60000 (32%)]	Loss: 0.751950
Train Epoch: 89 [25600/60000 (43%)]	Loss: 1.015908
Train Epoch: 89 [32000/60000 (53%)]	Loss: 0.737374
Train Epoch: 89 [38400/60000 (64%)]	Loss: 1.640889
Train Epoch: 89 [44800/60000 (75%)]	Loss: 0.850682
Train Epoch: 89 [51200/60000 (85%)]	Loss: 0.989900
Train Epoch: 89 [57600/60000 (96%)]	Loss: 0.739576

Test set: Average loss: 1.1480, Accuracy: 7565/10000 (76%)

Train Epoch: 90 [0/60000 (0%)]	Loss: 1.420639
Train Epoch: 90 [6400/60000 (11%)]	Loss: 0.848571
Train Epoch: 90 [12800/60000 (21%)]	Loss: 0.861890
Train Epoch: 90 [19200/60000 (32%)]	Loss: 1.338895
Train Epoch: 90 [25600/60000 (43%)]	Loss: 0.764481
Train Epoch: 90 [32000/60000 (53%)]	Loss: 2.076600
Train Epoch: 90 [38400/60000 (64%)]	Loss: 0.673941
Train Epoch: 90 [44800/60000 (75%)]	Loss: 0.850672
Train Epoch: 90 [51200/60000 (85%)]	Loss: 0.764824
Train Epoch: 90 [57600/60000 (96%)]	Loss: 0.957817

Test set: Average loss: 1.0741, Accuracy: 7687/10000 (77%)

Train Epoch: 91 [0/60000 (0%)]	Loss: 1.281714
Train Epoch: 91 [6400/60000 (11%)]	Loss: 0.824944
Train Epoch: 91 [12800/60000 (21%)]	Loss: 0.849337
Train Epoch: 91 [19200/60000 (32%)]	Loss: 1.321164
Train Epoch: 91 [25600/60000 (43%)]	Loss: 1.381530
Train Epoch: 91 [32000/60000 (53%)]	Loss: 0.809494
Train Epoch: 91 [38400/60000 (64%)]	Loss: 0.706778
Train Epoch: 91 [44800/60000 (75%)]	Loss: 0.683199
Train Epoch: 91 [51200/60000 (85%)]	Loss: 0.913732
Train Epoch: 91 [57600/60000 (96%)]	Loss: 0.738483

Test set: Average loss: 0.8615, Accuracy: 8055/10000 (81%)

Train Epoch: 92 [0/60000 (0%)]	Loss: 0.582815
Train Epoch: 92 [6400/60000 (11%)]	Loss: 0.251791
Train Epoch: 92 [12800/60000 (21%)]	Loss: 1.269788
Train Epoch: 92 [19200/60000 (32%)]	Loss: 1.184950
Train Epoch: 92 [25600/60000 (43%)]	Loss: 1.389064
Train Epoch: 92 [32000/60000 (53%)]	Loss: 0.577050
Train Epoch: 92 [38400/60000 (64%)]	Loss: 1.150659
Train Epoch: 92 [44800/60000 (75%)]	Loss: 0.370322
Train Epoch: 92 [51200/60000 (85%)]	Loss: 1.478843
Train Epoch: 92 [57600/60000 (96%)]	Loss: 0.601331

Test set: Average loss: 0.8603, Accuracy: 7917/10000 (79%)

Train Epoch: 93 [0/60000 (0%)]	Loss: 0.592320
Train Epoch: 93 [6400/60000 (11%)]	Loss: 0.516611
Train Epoch: 93 [12800/60000 (21%)]	Loss: 1.070422
Train Epoch: 93 [19200/60000 (32%)]	Loss: 1.056469
Train Epoch: 93 [25600/60000 (43%)]	Loss: 0.623558
Train Epoch: 93 [32000/60000 (53%)]	Loss: 1.390602
Train Epoch: 93 [38400/60000 (64%)]	Loss: 0.583291
Train Epoch: 93 [44800/60000 (75%)]	Loss: 0.780375
Train Epoch: 93 [51200/60000 (85%)]	Loss: 1.021545
Train Epoch: 93 [57600/60000 (96%)]	Loss: 0.899396

Test set: Average loss: 1.0768, Accuracy: 7680/10000 (77%)

Train Epoch: 94 [0/60000 (0%)]	Loss: 1.141180
Train Epoch: 94 [6400/60000 (11%)]	Loss: 0.808002
Train Epoch: 94 [12800/60000 (21%)]	Loss: 0.537072
Train Epoch: 94 [19200/60000 (32%)]	Loss: 0.736312
Train Epoch: 94 [25600/60000 (43%)]	Loss: 0.590912
Train Epoch: 94 [32000/60000 (53%)]	Loss: 0.968280
Train Epoch: 94 [38400/60000 (64%)]	Loss: 0.762264
Train Epoch: 94 [44800/60000 (75%)]	Loss: 1.227038
Train Epoch: 94 [51200/60000 (85%)]	Loss: 1.117934
Train Epoch: 94 [57600/60000 (96%)]	Loss: 0.891952

Test set: Average loss: 0.7171, Accuracy: 8173/10000 (82%)

Train Epoch: 95 [0/60000 (0%)]	Loss: 0.620686
Train Epoch: 95 [6400/60000 (11%)]	Loss: 0.420474
Train Epoch: 95 [12800/60000 (21%)]	Loss: 0.567352
Train Epoch: 95 [19200/60000 (32%)]	Loss: 0.882703
Train Epoch: 95 [25600/60000 (43%)]	Loss: 0.547485
Train Epoch: 95 [32000/60000 (53%)]	Loss: 0.797606
Train Epoch: 95 [38400/60000 (64%)]	Loss: 0.623075
Train Epoch: 95 [44800/60000 (75%)]	Loss: 0.776467
Train Epoch: 95 [51200/60000 (85%)]	Loss: 0.718102
Train Epoch: 95 [57600/60000 (96%)]	Loss: 0.707663

Test set: Average loss: 0.8749, Accuracy: 7852/10000 (79%)

Train Epoch: 96 [0/60000 (0%)]	Loss: 1.319497
Train Epoch: 96 [6400/60000 (11%)]	Loss: 0.967177
Train Epoch: 96 [12800/60000 (21%)]	Loss: 0.491027
Train Epoch: 96 [19200/60000 (32%)]	Loss: 0.289464
Train Epoch: 96 [25600/60000 (43%)]	Loss: 0.973374
Train Epoch: 96 [32000/60000 (53%)]	Loss: 0.269538
Train Epoch: 96 [38400/60000 (64%)]	Loss: 0.771525
Train Epoch: 96 [44800/60000 (75%)]	Loss: 0.717373
Train Epoch: 96 [51200/60000 (85%)]	Loss: 0.863363
Train Epoch: 96 [57600/60000 (96%)]	Loss: 0.674007

Test set: Average loss: 0.7112, Accuracy: 8089/10000 (81%)

Train Epoch: 97 [0/60000 (0%)]	Loss: 0.467773
Train Epoch: 97 [6400/60000 (11%)]	Loss: 1.074551
Train Epoch: 97 [12800/60000 (21%)]	Loss: 0.404438
Train Epoch: 97 [19200/60000 (32%)]	Loss: 0.858295
Train Epoch: 97 [25600/60000 (43%)]	Loss: 0.499048
Train Epoch: 97 [32000/60000 (53%)]	Loss: 0.706667
Train Epoch: 97 [38400/60000 (64%)]	Loss: 0.752510
Train Epoch: 97 [44800/60000 (75%)]	Loss: 0.586977
Train Epoch: 97 [51200/60000 (85%)]	Loss: 0.622453
Train Epoch: 97 [57600/60000 (96%)]	Loss: 0.765598

Test set: Average loss: 0.7601, Accuracy: 7976/10000 (80%)

Train Epoch: 98 [0/60000 (0%)]	Loss: 0.640125
Train Epoch: 98 [6400/60000 (11%)]	Loss: 0.644971
Train Epoch: 98 [12800/60000 (21%)]	Loss: 0.357740
Train Epoch: 98 [19200/60000 (32%)]	Loss: 0.314144
Train Epoch: 98 [25600/60000 (43%)]	Loss: 0.438678
Train Epoch: 98 [32000/60000 (53%)]	Loss: 0.623279
Train Epoch: 98 [38400/60000 (64%)]	Loss: 0.423891
Train Epoch: 98 [44800/60000 (75%)]	Loss: 0.421455
Train Epoch: 98 [51200/60000 (85%)]	Loss: 0.612090
Train Epoch: 98 [57600/60000 (96%)]	Loss: 1.023388

Test set: Average loss: 0.5662, Accuracy: 8397/10000 (84%)

Train Epoch: 99 [0/60000 (0%)]	Loss: 0.583238
Train Epoch: 99 [6400/60000 (11%)]	Loss: 0.532877
Train Epoch: 99 [12800/60000 (21%)]	Loss: 0.325045
Train Epoch: 99 [19200/60000 (32%)]	Loss: 0.534233
Train Epoch: 99 [25600/60000 (43%)]	Loss: 0.578971
Train Epoch: 99 [32000/60000 (53%)]	Loss: 0.379801
Train Epoch: 99 [38400/60000 (64%)]	Loss: 0.286026
Train Epoch: 99 [44800/60000 (75%)]	Loss: 0.293933
Train Epoch: 99 [51200/60000 (85%)]	Loss: 0.253739
Train Epoch: 99 [57600/60000 (96%)]	Loss: 0.634854

Test set: Average loss: 0.5757, Accuracy: 8294/10000 (83%)

Train Epoch: 100 [0/60000 (0%)]	Loss: 0.551971
Train Epoch: 100 [6400/60000 (11%)]	Loss: 0.236865
Train Epoch: 100 [12800/60000 (21%)]	Loss: 0.315758
Train Epoch: 100 [19200/60000 (32%)]	Loss: 0.132362
Train Epoch: 100 [25600/60000 (43%)]	Loss: 0.369903
Train Epoch: 100 [32000/60000 (53%)]	Loss: 0.221946
Train Epoch: 100 [38400/60000 (64%)]	Loss: 0.296430
Train Epoch: 100 [44800/60000 (75%)]	Loss: 0.335026
Train Epoch: 100 [51200/60000 (85%)]	Loss: 0.597422
Train Epoch: 100 [57600/60000 (96%)]	Loss: 0.203204

Test set: Average loss: 0.2790, Accuracy: 9156/10000 (92%)

Namespace(batch_size=64, bias=None, data='../data', device=0, epochs=100, hidden_size=500, load_weights=None, log_interval=100, lr=0.1, milestones=[5, 7], model='redfc2', momentum=0.9, no_cuda=False, r=5, save_model=None, save_results=True, scheduler='cosine', seed=1, sparsity=0.25, use_relu=False, wd=0.0005)


Total time spent pruning/training: 30.00 minutes
Total number of parameters in model: 1991420
Number of parameters in pruned model: 1493565
