Namespace(batch_size=64, bias=None, data='../data', device=1, epochs=13, hidden_size=500, load_weights=None, log_interval=100, lr=0.1, model='redfc2', momentum=0.9, no_cuda=False, r=5, save_model=None, save_results=True, seed=1, sparsity=0.5, use_relu=False, wd=0.0005) 

Pruning a Two-Layer Fully Connected Redundant Network ...
Train Epoch: 1 [6336/60000 (11%)]	Loss: 0.462205
Train Epoch: 1 [12736/60000 (21%)]	Loss: 0.489329
Train Epoch: 1 [19136/60000 (32%)]	Loss: 0.568363
Train Epoch: 1 [25536/60000 (43%)]	Loss: 0.146712
Train Epoch: 1 [31936/60000 (53%)]	Loss: 0.247299
Train Epoch: 1 [38336/60000 (64%)]	Loss: 0.233009
Train Epoch: 1 [44736/60000 (75%)]	Loss: 0.128140
Train Epoch: 1 [51136/60000 (85%)]	Loss: 0.111584
Train Epoch: 1 [57536/60000 (96%)]	Loss: 0.143507

Test set: Average loss: 0.1609, Accuracy: 9505/10000 (95%)

Train Epoch: 2 [6336/60000 (11%)]	Loss: 0.023928
Train Epoch: 2 [12736/60000 (21%)]	Loss: 0.355758
Train Epoch: 2 [19136/60000 (32%)]	Loss: 0.076524
Train Epoch: 2 [25536/60000 (43%)]	Loss: 0.073921
Train Epoch: 2 [31936/60000 (53%)]	Loss: 0.144542
Train Epoch: 2 [38336/60000 (64%)]	Loss: 0.184954
Train Epoch: 2 [44736/60000 (75%)]	Loss: 0.209261
Train Epoch: 2 [51136/60000 (85%)]	Loss: 0.309866
Train Epoch: 2 [57536/60000 (96%)]	Loss: 0.247363

Test set: Average loss: 0.1794, Accuracy: 9434/10000 (94%)

Train Epoch: 3 [6336/60000 (11%)]	Loss: 0.028910
Train Epoch: 3 [12736/60000 (21%)]	Loss: 0.058933
Train Epoch: 3 [19136/60000 (32%)]	Loss: 0.078526
Train Epoch: 3 [25536/60000 (43%)]	Loss: 0.220749
Train Epoch: 3 [31936/60000 (53%)]	Loss: 0.340067
Train Epoch: 3 [38336/60000 (64%)]	Loss: 0.220138
Train Epoch: 3 [44736/60000 (75%)]	Loss: 0.257003
Train Epoch: 3 [51136/60000 (85%)]	Loss: 0.132759
Train Epoch: 3 [57536/60000 (96%)]	Loss: 0.427352

Test set: Average loss: 0.1541, Accuracy: 9510/10000 (95%)

Train Epoch: 4 [6336/60000 (11%)]	Loss: 0.056988
Train Epoch: 4 [12736/60000 (21%)]	Loss: 0.388337
Train Epoch: 4 [19136/60000 (32%)]	Loss: 0.090305
Train Epoch: 4 [25536/60000 (43%)]	Loss: 0.155531
Train Epoch: 4 [31936/60000 (53%)]	Loss: 0.331250
Train Epoch: 4 [38336/60000 (64%)]	Loss: 0.206064
Train Epoch: 4 [44736/60000 (75%)]	Loss: 0.120672
Train Epoch: 4 [51136/60000 (85%)]	Loss: 0.103132
Train Epoch: 4 [57536/60000 (96%)]	Loss: 0.217794

Test set: Average loss: 0.1955, Accuracy: 9405/10000 (94%)

Train Epoch: 5 [6336/60000 (11%)]	Loss: 0.106941
Train Epoch: 5 [12736/60000 (21%)]	Loss: 0.184750
Train Epoch: 5 [19136/60000 (32%)]	Loss: 0.186029
Train Epoch: 5 [25536/60000 (43%)]	Loss: 0.209220
Train Epoch: 5 [31936/60000 (53%)]	Loss: 0.097818
Train Epoch: 5 [38336/60000 (64%)]	Loss: 0.135470
Train Epoch: 5 [44736/60000 (75%)]	Loss: 0.128861
Train Epoch: 5 [51136/60000 (85%)]	Loss: 0.178036
Train Epoch: 5 [57536/60000 (96%)]	Loss: 0.078950

Test set: Average loss: 0.1760, Accuracy: 9463/10000 (95%)

Train Epoch: 6 [6336/60000 (11%)]	Loss: 0.110749
Train Epoch: 6 [12736/60000 (21%)]	Loss: 0.144938
Train Epoch: 6 [19136/60000 (32%)]	Loss: 0.148197
Train Epoch: 6 [25536/60000 (43%)]	Loss: 0.145279
Train Epoch: 6 [31936/60000 (53%)]	Loss: 0.086556
Train Epoch: 6 [38336/60000 (64%)]	Loss: 0.210636
Train Epoch: 6 [44736/60000 (75%)]	Loss: 0.057432
Train Epoch: 6 [51136/60000 (85%)]	Loss: 0.131005
Train Epoch: 6 [57536/60000 (96%)]	Loss: 0.266480

Test set: Average loss: 0.1607, Accuracy: 9508/10000 (95%)

Train Epoch: 7 [6336/60000 (11%)]	Loss: 0.087799
Train Epoch: 7 [12736/60000 (21%)]	Loss: 0.118092
Train Epoch: 7 [19136/60000 (32%)]	Loss: 0.103213
Train Epoch: 7 [25536/60000 (43%)]	Loss: 0.041228
Train Epoch: 7 [31936/60000 (53%)]	Loss: 0.038648
Train Epoch: 7 [38336/60000 (64%)]	Loss: 0.084638
Train Epoch: 7 [44736/60000 (75%)]	Loss: 0.277455
Train Epoch: 7 [51136/60000 (85%)]	Loss: 0.107629
Train Epoch: 7 [57536/60000 (96%)]	Loss: 0.217032

Test set: Average loss: 0.2075, Accuracy: 9370/10000 (94%)

Train Epoch: 8 [6336/60000 (11%)]	Loss: 0.271116
Train Epoch: 8 [12736/60000 (21%)]	Loss: 0.088916
Train Epoch: 8 [19136/60000 (32%)]	Loss: 0.073040
Train Epoch: 8 [25536/60000 (43%)]	Loss: 0.183943
Train Epoch: 8 [31936/60000 (53%)]	Loss: 0.200601
Train Epoch: 8 [38336/60000 (64%)]	Loss: 0.060348
Train Epoch: 8 [44736/60000 (75%)]	Loss: 0.348074
Train Epoch: 8 [51136/60000 (85%)]	Loss: 0.138933
Train Epoch: 8 [57536/60000 (96%)]	Loss: 0.101642

Test set: Average loss: 0.1661, Accuracy: 9498/10000 (95%)

Train Epoch: 9 [6336/60000 (11%)]	Loss: 0.121815
Train Epoch: 9 [12736/60000 (21%)]	Loss: 0.078741
Train Epoch: 9 [19136/60000 (32%)]	Loss: 0.058378
Train Epoch: 9 [25536/60000 (43%)]	Loss: 0.173710
Train Epoch: 9 [31936/60000 (53%)]	Loss: 0.114400
Train Epoch: 9 [38336/60000 (64%)]	Loss: 0.230141
Train Epoch: 9 [44736/60000 (75%)]	Loss: 0.096992
Train Epoch: 9 [51136/60000 (85%)]	Loss: 0.291175
Train Epoch: 9 [57536/60000 (96%)]	Loss: 0.036778

Test set: Average loss: 0.1556, Accuracy: 9534/10000 (95%)

Train Epoch: 10 [6336/60000 (11%)]	Loss: 0.073533
Train Epoch: 10 [12736/60000 (21%)]	Loss: 0.158280
Train Epoch: 10 [19136/60000 (32%)]	Loss: 0.083929
Train Epoch: 10 [25536/60000 (43%)]	Loss: 0.033062
Train Epoch: 10 [31936/60000 (53%)]	Loss: 0.077909
Train Epoch: 10 [38336/60000 (64%)]	Loss: 0.072005
Train Epoch: 10 [44736/60000 (75%)]	Loss: 0.081872
Train Epoch: 10 [51136/60000 (85%)]	Loss: 0.137636
Train Epoch: 10 [57536/60000 (96%)]	Loss: 0.124682

Test set: Average loss: 0.1098, Accuracy: 9669/10000 (97%)

Train Epoch: 11 [6336/60000 (11%)]	Loss: 0.034324
Train Epoch: 11 [12736/60000 (21%)]	Loss: 0.039453
Train Epoch: 11 [19136/60000 (32%)]	Loss: 0.031134
Train Epoch: 11 [25536/60000 (43%)]	Loss: 0.051030
Train Epoch: 11 [31936/60000 (53%)]	Loss: 0.051485
Train Epoch: 11 [38336/60000 (64%)]	Loss: 0.014621
Train Epoch: 11 [44736/60000 (75%)]	Loss: 0.080638
Train Epoch: 11 [51136/60000 (85%)]	Loss: 0.046208
Train Epoch: 11 [57536/60000 (96%)]	Loss: 0.078595

Test set: Average loss: 0.0949, Accuracy: 9701/10000 (97%)

Train Epoch: 12 [6336/60000 (11%)]	Loss: 0.037353
Train Epoch: 12 [12736/60000 (21%)]	Loss: 0.037943
Train Epoch: 12 [19136/60000 (32%)]	Loss: 0.012226
Train Epoch: 12 [25536/60000 (43%)]	Loss: 0.007149
Train Epoch: 12 [31936/60000 (53%)]	Loss: 0.005728
Train Epoch: 12 [38336/60000 (64%)]	Loss: 0.100468
Train Epoch: 12 [44736/60000 (75%)]	Loss: 0.052942
Train Epoch: 12 [51136/60000 (85%)]	Loss: 0.035282
Train Epoch: 12 [57536/60000 (96%)]	Loss: 0.004477

Test set: Average loss: 0.0826, Accuracy: 9768/10000 (98%)

Train Epoch: 13 [6336/60000 (11%)]	Loss: 0.011291
Train Epoch: 13 [12736/60000 (21%)]	Loss: 0.075316
Train Epoch: 13 [19136/60000 (32%)]	Loss: 0.074218
Train Epoch: 13 [25536/60000 (43%)]	Loss: 0.019959
Train Epoch: 13 [31936/60000 (53%)]	Loss: 0.045392
Train Epoch: 13 [38336/60000 (64%)]	Loss: 0.200581
Train Epoch: 13 [44736/60000 (75%)]	Loss: 0.002852
Train Epoch: 13 [51136/60000 (85%)]	Loss: 0.028172
Train Epoch: 13 [57536/60000 (96%)]	Loss: 0.006268

Test set: Average loss: 0.0715, Accuracy: 9793/10000 (98%)

Namespace(batch_size=64, bias=None, data='../data', device=1, epochs=13, hidden_size=500, load_weights=None, log_interval=100, lr=0.1, model='redfc2', momentum=0.9, no_cuda=False, r=5, save_model=None, save_results=True, seed=1, sparsity=0.5, use_relu=False, wd=0.0005)


Total time spent pruning/training: 1.42 minutes
Total number of parameters in model: 1991420
Number of parameters in pruned model: 995710
