Namespace(batch_size=64, bias=None, data='../data', device=0, epochs=50, hidden_size=500, load_weights=None, log_interval=100, lr=0.1, milestones=[5, 7], model='redfc2', momentum=0.9, no_cuda=False, r=5, save_model=None, save_results=True, scheduler='cosine', seed=1, sparsity=0.02, use_relu=False, wd=0.0005) 

Pruning a Two-Layer Fully Connected Redundant Network ...
Train Epoch: 1 [0/60000 (0%)]	Loss: 20.245411
Train Epoch: 1 [6400/60000 (11%)]	Loss: 1.421596
Train Epoch: 1 [12800/60000 (21%)]	Loss: 1.667079
Train Epoch: 1 [19200/60000 (32%)]	Loss: 2.842086
Train Epoch: 1 [25600/60000 (43%)]	Loss: 2.973621
Train Epoch: 1 [32000/60000 (53%)]	Loss: 4.229478
Train Epoch: 1 [38400/60000 (64%)]	Loss: 4.422503
Train Epoch: 1 [44800/60000 (75%)]	Loss: 6.681364
Train Epoch: 1 [51200/60000 (85%)]	Loss: 4.060755
Train Epoch: 1 [57600/60000 (96%)]	Loss: 5.912822

Test set: Average loss: 6.5813, Accuracy: 3118/10000 (31%)

Train Epoch: 2 [0/60000 (0%)]	Loss: 6.370110
Train Epoch: 2 [6400/60000 (11%)]	Loss: 8.340405
Train Epoch: 2 [12800/60000 (21%)]	Loss: 5.872896
Train Epoch: 2 [19200/60000 (32%)]	Loss: 7.613741
Train Epoch: 2 [25600/60000 (43%)]	Loss: 7.748769
Train Epoch: 2 [32000/60000 (53%)]	Loss: 10.286143
Train Epoch: 2 [38400/60000 (64%)]	Loss: 9.721497
Train Epoch: 2 [44800/60000 (75%)]	Loss: 9.753186
Train Epoch: 2 [51200/60000 (85%)]	Loss: 12.750495
Train Epoch: 2 [57600/60000 (96%)]	Loss: 12.263922

Test set: Average loss: 11.6255, Accuracy: 1421/10000 (14%)

Train Epoch: 3 [0/60000 (0%)]	Loss: 11.245342
Train Epoch: 3 [6400/60000 (11%)]	Loss: 12.022766
Train Epoch: 3 [12800/60000 (21%)]	Loss: 12.253995
Train Epoch: 3 [19200/60000 (32%)]	Loss: 10.264542
Train Epoch: 3 [25600/60000 (43%)]	Loss: 10.312071
Train Epoch: 3 [32000/60000 (53%)]	Loss: 11.715990
Train Epoch: 3 [38400/60000 (64%)]	Loss: 12.835319
Train Epoch: 3 [44800/60000 (75%)]	Loss: 13.506417
Train Epoch: 3 [51200/60000 (85%)]	Loss: 12.818307
Train Epoch: 3 [57600/60000 (96%)]	Loss: 12.692550

Test set: Average loss: 13.4101, Accuracy: 1165/10000 (12%)

Train Epoch: 4 [0/60000 (0%)]	Loss: 14.104437
Train Epoch: 4 [6400/60000 (11%)]	Loss: 12.015570
Train Epoch: 4 [12800/60000 (21%)]	Loss: 12.727784
Train Epoch: 4 [19200/60000 (32%)]	Loss: 12.301493
Train Epoch: 4 [25600/60000 (43%)]	Loss: 13.106866
Train Epoch: 4 [32000/60000 (53%)]	Loss: 14.792294
Train Epoch: 4 [38400/60000 (64%)]	Loss: 12.983308
Train Epoch: 4 [44800/60000 (75%)]	Loss: 13.576998
Train Epoch: 4 [51200/60000 (85%)]	Loss: 13.365056
Train Epoch: 4 [57600/60000 (96%)]	Loss: 15.404490

Test set: Average loss: 14.3003, Accuracy: 1175/10000 (12%)

Train Epoch: 5 [0/60000 (0%)]	Loss: 14.328954
Train Epoch: 5 [6400/60000 (11%)]	Loss: 12.892809
Train Epoch: 5 [12800/60000 (21%)]	Loss: 16.878122
Train Epoch: 5 [19200/60000 (32%)]	Loss: 14.205369
Train Epoch: 5 [25600/60000 (43%)]	Loss: 14.578222
Train Epoch: 5 [32000/60000 (53%)]	Loss: 15.572425
Train Epoch: 5 [38400/60000 (64%)]	Loss: 13.692362
Train Epoch: 5 [44800/60000 (75%)]	Loss: 13.446215
Train Epoch: 5 [51200/60000 (85%)]	Loss: 12.516993
Train Epoch: 5 [57600/60000 (96%)]	Loss: 13.837849

Test set: Average loss: 14.4015, Accuracy: 1055/10000 (11%)

Train Epoch: 6 [0/60000 (0%)]	Loss: 14.730279
Train Epoch: 6 [6400/60000 (11%)]	Loss: 12.470014
Train Epoch: 6 [12800/60000 (21%)]	Loss: 15.366826
Train Epoch: 6 [19200/60000 (32%)]	Loss: 13.046467
Train Epoch: 6 [25600/60000 (43%)]	Loss: 13.739111
Train Epoch: 6 [32000/60000 (53%)]	Loss: 12.485847
Train Epoch: 6 [38400/60000 (64%)]	Loss: 11.409521
Train Epoch: 6 [44800/60000 (75%)]	Loss: 17.249153
Train Epoch: 6 [51200/60000 (85%)]	Loss: 14.479736
Train Epoch: 6 [57600/60000 (96%)]	Loss: 16.531288

Test set: Average loss: 14.6860, Accuracy: 1032/10000 (10%)

Train Epoch: 7 [0/60000 (0%)]	Loss: 14.223481
Train Epoch: 7 [6400/60000 (11%)]	Loss: 14.629117
Train Epoch: 7 [12800/60000 (21%)]	Loss: 14.631146
Train Epoch: 7 [19200/60000 (32%)]	Loss: 15.116430
Train Epoch: 7 [25600/60000 (43%)]	Loss: 14.182467
Train Epoch: 7 [32000/60000 (53%)]	Loss: 12.956953
Train Epoch: 7 [38400/60000 (64%)]	Loss: 14.746427
Train Epoch: 7 [44800/60000 (75%)]	Loss: 15.670481
Train Epoch: 7 [51200/60000 (85%)]	Loss: 15.341634
Train Epoch: 7 [57600/60000 (96%)]	Loss: 14.586399

Test set: Average loss: 15.1948, Accuracy: 1046/10000 (10%)

Train Epoch: 8 [0/60000 (0%)]	Loss: 14.641941
Train Epoch: 8 [6400/60000 (11%)]	Loss: 14.674602
Train Epoch: 8 [12800/60000 (21%)]	Loss: 14.325404
Train Epoch: 8 [19200/60000 (32%)]	Loss: 17.005741
Train Epoch: 8 [25600/60000 (43%)]	Loss: 15.723351
Train Epoch: 8 [32000/60000 (53%)]	Loss: 13.997491
Train Epoch: 8 [38400/60000 (64%)]	Loss: 15.779815
Train Epoch: 8 [44800/60000 (75%)]	Loss: 14.027190
Train Epoch: 8 [51200/60000 (85%)]	Loss: 15.927443
Train Epoch: 8 [57600/60000 (96%)]	Loss: 14.758517

Test set: Average loss: 15.1285, Accuracy: 1033/10000 (10%)

Train Epoch: 9 [0/60000 (0%)]	Loss: 16.504139
Train Epoch: 9 [6400/60000 (11%)]	Loss: 14.824240
Train Epoch: 9 [12800/60000 (21%)]	Loss: 15.631498
Train Epoch: 9 [19200/60000 (32%)]	Loss: 19.071918
Train Epoch: 9 [25600/60000 (43%)]	Loss: 16.015657
Train Epoch: 9 [32000/60000 (53%)]	Loss: 15.596106
Train Epoch: 9 [38400/60000 (64%)]	Loss: 14.949710
Train Epoch: 9 [44800/60000 (75%)]	Loss: 15.323119
Train Epoch: 9 [51200/60000 (85%)]	Loss: 16.319006
Train Epoch: 9 [57600/60000 (96%)]	Loss: 15.147077

Test set: Average loss: 15.3651, Accuracy: 1089/10000 (11%)

Train Epoch: 10 [0/60000 (0%)]	Loss: 16.412632
Train Epoch: 10 [6400/60000 (11%)]	Loss: 14.731780
Train Epoch: 10 [12800/60000 (21%)]	Loss: 14.011628
Train Epoch: 10 [19200/60000 (32%)]	Loss: 14.134329
Train Epoch: 10 [25600/60000 (43%)]	Loss: 17.768377
Train Epoch: 10 [32000/60000 (53%)]	Loss: 14.739528
Train Epoch: 10 [38400/60000 (64%)]	Loss: 15.011918
Train Epoch: 10 [44800/60000 (75%)]	Loss: 16.042105
Train Epoch: 10 [51200/60000 (85%)]	Loss: 17.271727
Train Epoch: 10 [57600/60000 (96%)]	Loss: 15.403991

Test set: Average loss: 15.5435, Accuracy: 1066/10000 (11%)

Train Epoch: 11 [0/60000 (0%)]	Loss: 14.442499
Train Epoch: 11 [6400/60000 (11%)]	Loss: 17.053164
Train Epoch: 11 [12800/60000 (21%)]	Loss: 15.757415
Train Epoch: 11 [19200/60000 (32%)]	Loss: 14.997845
Train Epoch: 11 [25600/60000 (43%)]	Loss: 15.202400
Train Epoch: 11 [32000/60000 (53%)]	Loss: 16.652096
Train Epoch: 11 [38400/60000 (64%)]	Loss: 17.395817
Train Epoch: 11 [44800/60000 (75%)]	Loss: 14.099218
Train Epoch: 11 [51200/60000 (85%)]	Loss: 12.734835
Train Epoch: 11 [57600/60000 (96%)]	Loss: 14.930840

Test set: Average loss: 16.0898, Accuracy: 1008/10000 (10%)

Train Epoch: 12 [0/60000 (0%)]	Loss: 18.577742
Train Epoch: 12 [6400/60000 (11%)]	Loss: 16.629799
Train Epoch: 12 [12800/60000 (21%)]	Loss: 12.845718
Train Epoch: 12 [19200/60000 (32%)]	Loss: 14.492669
Train Epoch: 12 [25600/60000 (43%)]	Loss: 15.797941
Train Epoch: 12 [32000/60000 (53%)]	Loss: 14.314519
Train Epoch: 12 [38400/60000 (64%)]	Loss: 16.062721
Train Epoch: 12 [44800/60000 (75%)]	Loss: 12.833569
Train Epoch: 12 [51200/60000 (85%)]	Loss: 15.228274
Train Epoch: 12 [57600/60000 (96%)]	Loss: 14.460183

Test set: Average loss: 15.8143, Accuracy: 945/10000 (9%)

Train Epoch: 13 [0/60000 (0%)]	Loss: 15.578568
Train Epoch: 13 [6400/60000 (11%)]	Loss: 15.147133
Train Epoch: 13 [12800/60000 (21%)]	Loss: 15.690899
Train Epoch: 13 [19200/60000 (32%)]	Loss: 15.287097
Train Epoch: 13 [25600/60000 (43%)]	Loss: 15.745396
Train Epoch: 13 [32000/60000 (53%)]	Loss: 17.100397
Train Epoch: 13 [38400/60000 (64%)]	Loss: 12.700760
Train Epoch: 13 [44800/60000 (75%)]	Loss: 15.672526
Train Epoch: 13 [51200/60000 (85%)]	Loss: 15.982505
Train Epoch: 13 [57600/60000 (96%)]	Loss: 15.384392

Test set: Average loss: 15.5253, Accuracy: 1018/10000 (10%)

Train Epoch: 14 [0/60000 (0%)]	Loss: 16.440392
Train Epoch: 14 [6400/60000 (11%)]	Loss: 15.029119
Train Epoch: 14 [12800/60000 (21%)]	Loss: 13.951732
Train Epoch: 14 [19200/60000 (32%)]	Loss: 15.086894
Train Epoch: 14 [25600/60000 (43%)]	Loss: 16.564085
Train Epoch: 14 [32000/60000 (53%)]	Loss: 13.634972
Train Epoch: 14 [38400/60000 (64%)]	Loss: 16.938311
Train Epoch: 14 [44800/60000 (75%)]	Loss: 13.095858
Train Epoch: 14 [51200/60000 (85%)]	Loss: 15.127606
Train Epoch: 14 [57600/60000 (96%)]	Loss: 15.738528

Test set: Average loss: 15.3182, Accuracy: 994/10000 (10%)

Train Epoch: 15 [0/60000 (0%)]	Loss: 16.053562
Train Epoch: 15 [6400/60000 (11%)]	Loss: 14.592560
Train Epoch: 15 [12800/60000 (21%)]	Loss: 15.430109
Train Epoch: 15 [19200/60000 (32%)]	Loss: 16.321266
Train Epoch: 15 [25600/60000 (43%)]	Loss: 14.655522
Train Epoch: 15 [32000/60000 (53%)]	Loss: 17.193377
Train Epoch: 15 [38400/60000 (64%)]	Loss: 17.171906
Train Epoch: 15 [44800/60000 (75%)]	Loss: 15.818600
Train Epoch: 15 [51200/60000 (85%)]	Loss: 15.163194
Train Epoch: 15 [57600/60000 (96%)]	Loss: 15.267800

Test set: Average loss: 15.9034, Accuracy: 1059/10000 (11%)

Train Epoch: 16 [0/60000 (0%)]	Loss: 14.625524
Train Epoch: 16 [6400/60000 (11%)]	Loss: 14.540428
Train Epoch: 16 [12800/60000 (21%)]	Loss: 17.727396
Train Epoch: 16 [19200/60000 (32%)]	Loss: 15.023775
Train Epoch: 16 [25600/60000 (43%)]	Loss: 13.353245
Train Epoch: 16 [32000/60000 (53%)]	Loss: 15.655214
Train Epoch: 16 [38400/60000 (64%)]	Loss: 13.337225
Train Epoch: 16 [44800/60000 (75%)]	Loss: 17.277884
Train Epoch: 16 [51200/60000 (85%)]	Loss: 16.330166
Train Epoch: 16 [57600/60000 (96%)]	Loss: 15.744983

Test set: Average loss: 15.9703, Accuracy: 948/10000 (9%)

Train Epoch: 17 [0/60000 (0%)]	Loss: 16.004444
Train Epoch: 17 [6400/60000 (11%)]	Loss: 17.218058
Train Epoch: 17 [12800/60000 (21%)]	Loss: 15.548659
Train Epoch: 17 [19200/60000 (32%)]	Loss: 15.061774
Train Epoch: 17 [25600/60000 (43%)]	Loss: 18.106758
Train Epoch: 17 [32000/60000 (53%)]	Loss: 16.990705
Train Epoch: 17 [38400/60000 (64%)]	Loss: 14.079482
Train Epoch: 17 [44800/60000 (75%)]	Loss: 13.000957
Train Epoch: 17 [51200/60000 (85%)]	Loss: 14.159680
Train Epoch: 17 [57600/60000 (96%)]	Loss: 16.922915

Test set: Average loss: 15.9519, Accuracy: 1018/10000 (10%)

Train Epoch: 18 [0/60000 (0%)]	Loss: 14.048701
Train Epoch: 18 [6400/60000 (11%)]	Loss: 15.405860
Train Epoch: 18 [12800/60000 (21%)]	Loss: 15.904762
Train Epoch: 18 [19200/60000 (32%)]	Loss: 15.432134
Train Epoch: 18 [25600/60000 (43%)]	Loss: 15.704924
Train Epoch: 18 [32000/60000 (53%)]	Loss: 16.499247
Train Epoch: 18 [38400/60000 (64%)]	Loss: 15.023063
Train Epoch: 18 [44800/60000 (75%)]	Loss: 16.022049
Train Epoch: 18 [51200/60000 (85%)]	Loss: 17.156237
Train Epoch: 18 [57600/60000 (96%)]	Loss: 14.786259

Test set: Average loss: 15.5787, Accuracy: 1045/10000 (10%)

Train Epoch: 19 [0/60000 (0%)]	Loss: 13.423951
Train Epoch: 19 [6400/60000 (11%)]	Loss: 16.358103
Train Epoch: 19 [12800/60000 (21%)]	Loss: 15.548048
Train Epoch: 19 [19200/60000 (32%)]	Loss: 15.577198
Train Epoch: 19 [25600/60000 (43%)]	Loss: 12.568334
Train Epoch: 19 [32000/60000 (53%)]	Loss: 15.524136
Train Epoch: 19 [38400/60000 (64%)]	Loss: 14.926883
Train Epoch: 19 [44800/60000 (75%)]	Loss: 15.029681
Train Epoch: 19 [51200/60000 (85%)]	Loss: 13.429176
Train Epoch: 19 [57600/60000 (96%)]	Loss: 16.157185

Test set: Average loss: 15.4400, Accuracy: 1047/10000 (10%)

Train Epoch: 20 [0/60000 (0%)]	Loss: 16.255430
Train Epoch: 20 [6400/60000 (11%)]	Loss: 15.021735
Train Epoch: 20 [12800/60000 (21%)]	Loss: 15.319788
Train Epoch: 20 [19200/60000 (32%)]	Loss: 13.959351
Train Epoch: 20 [25600/60000 (43%)]	Loss: 13.688635
Train Epoch: 20 [32000/60000 (53%)]	Loss: 14.520960
Train Epoch: 20 [38400/60000 (64%)]	Loss: 14.784091
Train Epoch: 20 [44800/60000 (75%)]	Loss: 15.714869
Train Epoch: 20 [51200/60000 (85%)]	Loss: 16.146496
Train Epoch: 20 [57600/60000 (96%)]	Loss: 15.192242

Test set: Average loss: 16.1630, Accuracy: 979/10000 (10%)

Train Epoch: 21 [0/60000 (0%)]	Loss: 14.806494
Train Epoch: 21 [6400/60000 (11%)]	Loss: 17.110788
Train Epoch: 21 [12800/60000 (21%)]	Loss: 15.055225
Train Epoch: 21 [19200/60000 (32%)]	Loss: 13.322260
Train Epoch: 21 [25600/60000 (43%)]	Loss: 16.253923
Train Epoch: 21 [32000/60000 (53%)]	Loss: 15.204950
Train Epoch: 21 [38400/60000 (64%)]	Loss: 15.592355
Train Epoch: 21 [44800/60000 (75%)]	Loss: 14.686463
Train Epoch: 21 [51200/60000 (85%)]	Loss: 17.273239
Train Epoch: 21 [57600/60000 (96%)]	Loss: 16.173395

Test set: Average loss: 16.0075, Accuracy: 1015/10000 (10%)

Train Epoch: 22 [0/60000 (0%)]	Loss: 16.081713
Train Epoch: 22 [6400/60000 (11%)]	Loss: 16.890169
Train Epoch: 22 [12800/60000 (21%)]	Loss: 15.367909
Train Epoch: 22 [19200/60000 (32%)]	Loss: 14.217203
Train Epoch: 22 [25600/60000 (43%)]	Loss: 14.059576
Train Epoch: 22 [32000/60000 (53%)]	Loss: 12.959765
Train Epoch: 22 [38400/60000 (64%)]	Loss: 14.081509
Train Epoch: 22 [44800/60000 (75%)]	Loss: 14.956493
Train Epoch: 22 [51200/60000 (85%)]	Loss: 16.885902
Train Epoch: 22 [57600/60000 (96%)]	Loss: 15.798271

Test set: Average loss: 16.0892, Accuracy: 1026/10000 (10%)

Train Epoch: 23 [0/60000 (0%)]	Loss: 16.636021
Train Epoch: 23 [6400/60000 (11%)]	Loss: 14.575646
Train Epoch: 23 [12800/60000 (21%)]	Loss: 16.515886
Train Epoch: 23 [19200/60000 (32%)]	Loss: 13.239502
Train Epoch: 23 [25600/60000 (43%)]	Loss: 14.630275
Train Epoch: 23 [32000/60000 (53%)]	Loss: 15.309216
Train Epoch: 23 [38400/60000 (64%)]	Loss: 16.064291
Train Epoch: 23 [44800/60000 (75%)]	Loss: 15.196118
Train Epoch: 23 [51200/60000 (85%)]	Loss: 14.115976
Train Epoch: 23 [57600/60000 (96%)]	Loss: 16.185505

Test set: Average loss: 16.0445, Accuracy: 975/10000 (10%)

Train Epoch: 24 [0/60000 (0%)]	Loss: 14.506787
Train Epoch: 24 [6400/60000 (11%)]	Loss: 15.720933
Train Epoch: 24 [12800/60000 (21%)]	Loss: 13.747703
Train Epoch: 24 [19200/60000 (32%)]	Loss: 16.502874
Train Epoch: 24 [25600/60000 (43%)]	Loss: 14.569027
Train Epoch: 24 [32000/60000 (53%)]	Loss: 14.086223
Train Epoch: 24 [38400/60000 (64%)]	Loss: 14.338549
Train Epoch: 24 [44800/60000 (75%)]	Loss: 16.574972
Train Epoch: 24 [51200/60000 (85%)]	Loss: 18.182217
Train Epoch: 24 [57600/60000 (96%)]	Loss: 15.370000

Test set: Average loss: 15.6381, Accuracy: 1001/10000 (10%)

Train Epoch: 25 [0/60000 (0%)]	Loss: 13.601730
Train Epoch: 25 [6400/60000 (11%)]	Loss: 15.602857
Train Epoch: 25 [12800/60000 (21%)]	Loss: 17.606611
Train Epoch: 25 [19200/60000 (32%)]	Loss: 15.683745
Train Epoch: 25 [25600/60000 (43%)]	Loss: 14.231610
Train Epoch: 25 [32000/60000 (53%)]	Loss: 20.645271
Train Epoch: 25 [38400/60000 (64%)]	Loss: 16.040968
Train Epoch: 25 [44800/60000 (75%)]	Loss: 16.353981
Train Epoch: 25 [51200/60000 (85%)]	Loss: 14.352255
Train Epoch: 25 [57600/60000 (96%)]	Loss: 16.391487

Test set: Average loss: 15.2780, Accuracy: 1051/10000 (11%)

Train Epoch: 26 [0/60000 (0%)]	Loss: 17.049059
Train Epoch: 26 [6400/60000 (11%)]	Loss: 11.624200
Train Epoch: 26 [12800/60000 (21%)]	Loss: 14.685530
Train Epoch: 26 [19200/60000 (32%)]	Loss: 14.757796
Train Epoch: 26 [25600/60000 (43%)]	Loss: 16.553900
Train Epoch: 26 [32000/60000 (53%)]	Loss: 16.262722
Train Epoch: 26 [38400/60000 (64%)]	Loss: 16.037992
Train Epoch: 26 [44800/60000 (75%)]	Loss: 17.897631
Train Epoch: 26 [51200/60000 (85%)]	Loss: 16.035072
Train Epoch: 26 [57600/60000 (96%)]	Loss: 15.834033

Test set: Average loss: 15.9075, Accuracy: 1069/10000 (11%)

Train Epoch: 27 [0/60000 (0%)]	Loss: 13.429215
Train Epoch: 27 [6400/60000 (11%)]	Loss: 17.325420
Train Epoch: 27 [12800/60000 (21%)]	Loss: 15.224348
Train Epoch: 27 [19200/60000 (32%)]	Loss: 16.643579
Train Epoch: 27 [25600/60000 (43%)]	Loss: 16.428259
Train Epoch: 27 [32000/60000 (53%)]	Loss: 18.916409
Train Epoch: 27 [38400/60000 (64%)]	Loss: 15.708920
Train Epoch: 27 [44800/60000 (75%)]	Loss: 14.679564
Train Epoch: 27 [51200/60000 (85%)]	Loss: 16.880884
Train Epoch: 27 [57600/60000 (96%)]	Loss: 15.934258

Test set: Average loss: 16.0308, Accuracy: 1014/10000 (10%)

Train Epoch: 28 [0/60000 (0%)]	Loss: 16.495764
Train Epoch: 28 [6400/60000 (11%)]	Loss: 13.256747
Train Epoch: 28 [12800/60000 (21%)]	Loss: 16.053888
Train Epoch: 28 [19200/60000 (32%)]	Loss: 19.023808
Train Epoch: 28 [25600/60000 (43%)]	Loss: 14.938049
Train Epoch: 28 [32000/60000 (53%)]	Loss: 16.688122
Train Epoch: 28 [38400/60000 (64%)]	Loss: 16.641500
Train Epoch: 28 [44800/60000 (75%)]	Loss: 14.493600
Train Epoch: 28 [51200/60000 (85%)]	Loss: 15.874846
Train Epoch: 28 [57600/60000 (96%)]	Loss: 15.006218

Test set: Average loss: 16.2317, Accuracy: 995/10000 (10%)

Train Epoch: 29 [0/60000 (0%)]	Loss: 17.060200
Train Epoch: 29 [6400/60000 (11%)]	Loss: 15.381414
Train Epoch: 29 [12800/60000 (21%)]	Loss: 18.753355
Train Epoch: 29 [19200/60000 (32%)]	Loss: 14.568699
Train Epoch: 29 [25600/60000 (43%)]	Loss: 12.951214
Train Epoch: 29 [32000/60000 (53%)]	Loss: 14.666036
Train Epoch: 29 [38400/60000 (64%)]	Loss: 17.025276
Train Epoch: 29 [44800/60000 (75%)]	Loss: 14.313798
Train Epoch: 29 [51200/60000 (85%)]	Loss: 13.625601
Train Epoch: 29 [57600/60000 (96%)]	Loss: 16.396004

Test set: Average loss: 15.8671, Accuracy: 1038/10000 (10%)

Train Epoch: 30 [0/60000 (0%)]	Loss: 17.986448
Train Epoch: 30 [6400/60000 (11%)]	Loss: 17.294518
Train Epoch: 30 [12800/60000 (21%)]	Loss: 15.911876
Train Epoch: 30 [19200/60000 (32%)]	Loss: 14.291437
Train Epoch: 30 [25600/60000 (43%)]	Loss: 14.804746
Train Epoch: 30 [32000/60000 (53%)]	Loss: 13.514506
Train Epoch: 30 [38400/60000 (64%)]	Loss: 14.380523
Train Epoch: 30 [44800/60000 (75%)]	Loss: 16.272137
Train Epoch: 30 [51200/60000 (85%)]	Loss: 14.428686
Train Epoch: 30 [57600/60000 (96%)]	Loss: 13.776873

Test set: Average loss: 15.9367, Accuracy: 1043/10000 (10%)

Train Epoch: 31 [0/60000 (0%)]	Loss: 16.931919
Train Epoch: 31 [6400/60000 (11%)]	Loss: 14.675363
Train Epoch: 31 [12800/60000 (21%)]	Loss: 15.109547
Train Epoch: 31 [19200/60000 (32%)]	Loss: 15.635079
Train Epoch: 31 [25600/60000 (43%)]	Loss: 14.077468
Train Epoch: 31 [32000/60000 (53%)]	Loss: 15.222473
Train Epoch: 31 [38400/60000 (64%)]	Loss: 17.678288
Train Epoch: 31 [44800/60000 (75%)]	Loss: 17.223715
Train Epoch: 31 [51200/60000 (85%)]	Loss: 15.454255
Train Epoch: 31 [57600/60000 (96%)]	Loss: 14.265352

Test set: Average loss: 15.7716, Accuracy: 937/10000 (9%)

Train Epoch: 32 [0/60000 (0%)]	Loss: 17.040865
Train Epoch: 32 [6400/60000 (11%)]	Loss: 14.152617
Train Epoch: 32 [12800/60000 (21%)]	Loss: 15.676464
Train Epoch: 32 [19200/60000 (32%)]	Loss: 15.796586
Train Epoch: 32 [25600/60000 (43%)]	Loss: 15.082980
Train Epoch: 32 [32000/60000 (53%)]	Loss: 13.215624
Train Epoch: 32 [38400/60000 (64%)]	Loss: 15.766257
Train Epoch: 32 [44800/60000 (75%)]	Loss: 16.063648
Train Epoch: 32 [51200/60000 (85%)]	Loss: 13.513312
Train Epoch: 32 [57600/60000 (96%)]	Loss: 16.963917

Test set: Average loss: 15.5191, Accuracy: 1115/10000 (11%)

Train Epoch: 33 [0/60000 (0%)]	Loss: 13.518963
Train Epoch: 33 [6400/60000 (11%)]	Loss: 13.388231
Train Epoch: 33 [12800/60000 (21%)]	Loss: 13.458879
Train Epoch: 33 [19200/60000 (32%)]	Loss: 16.215349
Train Epoch: 33 [25600/60000 (43%)]	Loss: 16.499844
Train Epoch: 33 [32000/60000 (53%)]	Loss: 14.949249
Train Epoch: 33 [38400/60000 (64%)]	Loss: 16.385689
Train Epoch: 33 [44800/60000 (75%)]	Loss: 14.603934
Train Epoch: 33 [51200/60000 (85%)]	Loss: 14.921347
Train Epoch: 33 [57600/60000 (96%)]	Loss: 14.805601

Test set: Average loss: 16.2438, Accuracy: 1011/10000 (10%)

Train Epoch: 34 [0/60000 (0%)]	Loss: 15.845831
Train Epoch: 34 [6400/60000 (11%)]	Loss: 15.236838
Train Epoch: 34 [12800/60000 (21%)]	Loss: 15.038339
Train Epoch: 34 [19200/60000 (32%)]	Loss: 14.963711
Train Epoch: 34 [25600/60000 (43%)]	Loss: 16.655890
Train Epoch: 34 [32000/60000 (53%)]	Loss: 15.622331
Train Epoch: 34 [38400/60000 (64%)]	Loss: 16.180542
Train Epoch: 34 [44800/60000 (75%)]	Loss: 14.600747
Train Epoch: 34 [51200/60000 (85%)]	Loss: 15.416863
Train Epoch: 34 [57600/60000 (96%)]	Loss: 17.132044

Test set: Average loss: 15.5685, Accuracy: 1061/10000 (11%)

Train Epoch: 35 [0/60000 (0%)]	Loss: 15.185726
Train Epoch: 35 [6400/60000 (11%)]	Loss: 14.246386
Train Epoch: 35 [12800/60000 (21%)]	Loss: 16.720989
Train Epoch: 35 [19200/60000 (32%)]	Loss: 14.904113
Train Epoch: 35 [25600/60000 (43%)]	Loss: 13.292704
Train Epoch: 35 [32000/60000 (53%)]	Loss: 15.395077
Train Epoch: 35 [38400/60000 (64%)]	Loss: 14.338023
Train Epoch: 35 [44800/60000 (75%)]	Loss: 15.614439
Train Epoch: 35 [51200/60000 (85%)]	Loss: 15.284504
Train Epoch: 35 [57600/60000 (96%)]	Loss: 17.011303

Test set: Average loss: 16.0045, Accuracy: 1023/10000 (10%)

Train Epoch: 36 [0/60000 (0%)]	Loss: 15.771578
Train Epoch: 36 [6400/60000 (11%)]	Loss: 18.211056
Train Epoch: 36 [12800/60000 (21%)]	Loss: 13.554833
Train Epoch: 36 [19200/60000 (32%)]	Loss: 16.518864
Train Epoch: 36 [25600/60000 (43%)]	Loss: 17.010574
Train Epoch: 36 [32000/60000 (53%)]	Loss: 16.662655
Train Epoch: 36 [38400/60000 (64%)]	Loss: 12.914516
Train Epoch: 36 [44800/60000 (75%)]	Loss: 16.370295
Train Epoch: 36 [51200/60000 (85%)]	Loss: 14.718407
Train Epoch: 36 [57600/60000 (96%)]	Loss: 13.915504

Test set: Average loss: 15.3749, Accuracy: 970/10000 (10%)

Train Epoch: 37 [0/60000 (0%)]	Loss: 13.468260
Train Epoch: 37 [6400/60000 (11%)]	Loss: 17.951221
Train Epoch: 37 [12800/60000 (21%)]	Loss: 16.435884
Train Epoch: 37 [19200/60000 (32%)]	Loss: 17.799395
Train Epoch: 37 [25600/60000 (43%)]	Loss: 14.223629
Train Epoch: 37 [32000/60000 (53%)]	Loss: 17.301258
Train Epoch: 37 [38400/60000 (64%)]	Loss: 12.391114
Train Epoch: 37 [44800/60000 (75%)]	Loss: 15.528166
Train Epoch: 37 [51200/60000 (85%)]	Loss: 17.023855
Train Epoch: 37 [57600/60000 (96%)]	Loss: 14.338584

Test set: Average loss: 15.6651, Accuracy: 1006/10000 (10%)

Train Epoch: 38 [0/60000 (0%)]	Loss: 17.526089
Train Epoch: 38 [6400/60000 (11%)]	Loss: 14.526246
Train Epoch: 38 [12800/60000 (21%)]	Loss: 12.836276
Train Epoch: 38 [19200/60000 (32%)]	Loss: 16.367979
Train Epoch: 38 [25600/60000 (43%)]	Loss: 14.002299
Train Epoch: 38 [32000/60000 (53%)]	Loss: 17.354191
Train Epoch: 38 [38400/60000 (64%)]	Loss: 14.147296
Train Epoch: 38 [44800/60000 (75%)]	Loss: 15.159417
Train Epoch: 38 [51200/60000 (85%)]	Loss: 17.114449
Train Epoch: 38 [57600/60000 (96%)]	Loss: 17.778646

Test set: Average loss: 15.9778, Accuracy: 1027/10000 (10%)

Train Epoch: 39 [0/60000 (0%)]	Loss: 12.993525
Train Epoch: 39 [6400/60000 (11%)]	Loss: 17.557888
Train Epoch: 39 [12800/60000 (21%)]	Loss: 16.748833
Train Epoch: 39 [19200/60000 (32%)]	Loss: 16.407276
Train Epoch: 39 [25600/60000 (43%)]	Loss: 16.169872
Train Epoch: 39 [32000/60000 (53%)]	Loss: 15.688419
Train Epoch: 39 [38400/60000 (64%)]	Loss: 17.246466
Train Epoch: 39 [44800/60000 (75%)]	Loss: 16.933554
Train Epoch: 39 [51200/60000 (85%)]	Loss: 16.116022
Train Epoch: 39 [57600/60000 (96%)]	Loss: 14.960979

Test set: Average loss: 15.9706, Accuracy: 1036/10000 (10%)

Train Epoch: 40 [0/60000 (0%)]	Loss: 15.966944
Train Epoch: 40 [6400/60000 (11%)]	Loss: 15.752202
Train Epoch: 40 [12800/60000 (21%)]	Loss: 15.839554
Train Epoch: 40 [19200/60000 (32%)]	Loss: 14.816870
Train Epoch: 40 [25600/60000 (43%)]	Loss: 17.000778
Train Epoch: 40 [32000/60000 (53%)]	Loss: 17.574566
Train Epoch: 40 [38400/60000 (64%)]	Loss: 17.253038
Train Epoch: 40 [44800/60000 (75%)]	Loss: 16.866684
Train Epoch: 40 [51200/60000 (85%)]	Loss: 17.884958
Train Epoch: 40 [57600/60000 (96%)]	Loss: 15.433434

Test set: Average loss: 15.9323, Accuracy: 1027/10000 (10%)

Train Epoch: 41 [0/60000 (0%)]	Loss: 14.192981
Train Epoch: 41 [6400/60000 (11%)]	Loss: 18.311800
Train Epoch: 41 [12800/60000 (21%)]	Loss: 14.616229
Train Epoch: 41 [19200/60000 (32%)]	Loss: 12.738506
Train Epoch: 41 [25600/60000 (43%)]	Loss: 16.498135
Train Epoch: 41 [32000/60000 (53%)]	Loss: 16.310104
Train Epoch: 41 [38400/60000 (64%)]	Loss: 13.809948
Train Epoch: 41 [44800/60000 (75%)]	Loss: 14.687881
Train Epoch: 41 [51200/60000 (85%)]	Loss: 14.466569
Train Epoch: 41 [57600/60000 (96%)]	Loss: 16.547634

Test set: Average loss: 15.6375, Accuracy: 1100/10000 (11%)

Train Epoch: 42 [0/60000 (0%)]	Loss: 16.756063
Train Epoch: 42 [6400/60000 (11%)]	Loss: 14.953864
Train Epoch: 42 [12800/60000 (21%)]	Loss: 15.860139
Train Epoch: 42 [19200/60000 (32%)]	Loss: 18.254755
Train Epoch: 42 [25600/60000 (43%)]	Loss: 14.945300
Train Epoch: 42 [32000/60000 (53%)]	Loss: 16.496414
Train Epoch: 42 [38400/60000 (64%)]	Loss: 16.602674
Train Epoch: 42 [44800/60000 (75%)]	Loss: 18.756680
Train Epoch: 42 [51200/60000 (85%)]	Loss: 15.091270
Train Epoch: 42 [57600/60000 (96%)]	Loss: 15.851671

Test set: Average loss: 15.7840, Accuracy: 988/10000 (10%)

Train Epoch: 43 [0/60000 (0%)]	Loss: 15.031696
Train Epoch: 43 [6400/60000 (11%)]	Loss: 17.335709
Train Epoch: 43 [12800/60000 (21%)]	Loss: 16.197773
Train Epoch: 43 [19200/60000 (32%)]	Loss: 14.237537
Train Epoch: 43 [25600/60000 (43%)]	Loss: 14.003664
Train Epoch: 43 [32000/60000 (53%)]	Loss: 14.983627
Train Epoch: 43 [38400/60000 (64%)]	Loss: 13.819983
Train Epoch: 43 [44800/60000 (75%)]	Loss: 14.916525
Train Epoch: 43 [51200/60000 (85%)]	Loss: 13.875042
Train Epoch: 43 [57600/60000 (96%)]	Loss: 16.423571

Test set: Average loss: 15.9597, Accuracy: 995/10000 (10%)

Train Epoch: 44 [0/60000 (0%)]	Loss: 15.313571
Train Epoch: 44 [6400/60000 (11%)]	Loss: 16.449146
Train Epoch: 44 [12800/60000 (21%)]	Loss: 14.229294
Train Epoch: 44 [19200/60000 (32%)]	Loss: 15.103687
Train Epoch: 44 [25600/60000 (43%)]	Loss: 15.385149
Train Epoch: 44 [32000/60000 (53%)]	Loss: 15.459822
Train Epoch: 44 [38400/60000 (64%)]	Loss: 15.124202
Train Epoch: 44 [44800/60000 (75%)]	Loss: 15.176794
Train Epoch: 44 [51200/60000 (85%)]	Loss: 15.756101
Train Epoch: 44 [57600/60000 (96%)]	Loss: 15.847338

Test set: Average loss: 15.6526, Accuracy: 1028/10000 (10%)

Train Epoch: 45 [0/60000 (0%)]	Loss: 14.627289
Train Epoch: 45 [6400/60000 (11%)]	Loss: 12.154158
Train Epoch: 45 [12800/60000 (21%)]	Loss: 14.070497
Train Epoch: 45 [19200/60000 (32%)]	Loss: 14.392955
Train Epoch: 45 [25600/60000 (43%)]	Loss: 16.240923
Train Epoch: 45 [32000/60000 (53%)]	Loss: 16.526115
Train Epoch: 45 [38400/60000 (64%)]	Loss: 16.592375
Train Epoch: 45 [44800/60000 (75%)]	Loss: 14.558203
Train Epoch: 45 [51200/60000 (85%)]	Loss: 14.788326
Train Epoch: 45 [57600/60000 (96%)]	Loss: 13.794024

Test set: Average loss: 15.3440, Accuracy: 1045/10000 (10%)

Train Epoch: 46 [0/60000 (0%)]	Loss: 16.470949
Train Epoch: 46 [6400/60000 (11%)]	Loss: 15.431534
Train Epoch: 46 [12800/60000 (21%)]	Loss: 15.872243
Train Epoch: 46 [19200/60000 (32%)]	Loss: 15.515469
Train Epoch: 46 [25600/60000 (43%)]	Loss: 16.961792
Train Epoch: 46 [32000/60000 (53%)]	Loss: 15.901185
Train Epoch: 46 [38400/60000 (64%)]	Loss: 16.706017
Train Epoch: 46 [44800/60000 (75%)]	Loss: 15.560548
Train Epoch: 46 [51200/60000 (85%)]	Loss: 14.858110
Train Epoch: 46 [57600/60000 (96%)]	Loss: 15.843063

Test set: Average loss: 16.0156, Accuracy: 920/10000 (9%)

Train Epoch: 47 [0/60000 (0%)]	Loss: 16.222746
Train Epoch: 47 [6400/60000 (11%)]	Loss: 17.855701
Train Epoch: 47 [12800/60000 (21%)]	Loss: 13.754755
Train Epoch: 47 [19200/60000 (32%)]	Loss: 14.039313
Train Epoch: 47 [25600/60000 (43%)]	Loss: 15.552037
Train Epoch: 47 [32000/60000 (53%)]	Loss: 12.703384
Train Epoch: 47 [38400/60000 (64%)]	Loss: 15.536012
Train Epoch: 47 [44800/60000 (75%)]	Loss: 15.507945
Train Epoch: 47 [51200/60000 (85%)]	Loss: 16.171518
Train Epoch: 47 [57600/60000 (96%)]	Loss: 16.519047

Test set: Average loss: 15.7121, Accuracy: 998/10000 (10%)

Train Epoch: 48 [0/60000 (0%)]	Loss: 16.186241
Train Epoch: 48 [6400/60000 (11%)]	Loss: 15.536998
Train Epoch: 48 [12800/60000 (21%)]	Loss: 13.628035
Train Epoch: 48 [19200/60000 (32%)]	Loss: 15.331240
Train Epoch: 48 [25600/60000 (43%)]	Loss: 14.390800
Train Epoch: 48 [32000/60000 (53%)]	Loss: 16.844450
Train Epoch: 48 [38400/60000 (64%)]	Loss: 16.989580
Train Epoch: 48 [44800/60000 (75%)]	Loss: 15.871325
Train Epoch: 48 [51200/60000 (85%)]	Loss: 14.326904
Train Epoch: 48 [57600/60000 (96%)]	Loss: 16.870066

Test set: Average loss: 15.1413, Accuracy: 1038/10000 (10%)

Train Epoch: 49 [0/60000 (0%)]	Loss: 15.642247
Train Epoch: 49 [6400/60000 (11%)]	Loss: 15.746473
Train Epoch: 49 [12800/60000 (21%)]	Loss: 17.084373
Train Epoch: 49 [19200/60000 (32%)]	Loss: 14.728908
Train Epoch: 49 [25600/60000 (43%)]	Loss: 16.828192
Train Epoch: 49 [32000/60000 (53%)]	Loss: 15.362296
Train Epoch: 49 [38400/60000 (64%)]	Loss: 15.212015
Train Epoch: 49 [44800/60000 (75%)]	Loss: 15.431483
Train Epoch: 49 [51200/60000 (85%)]	Loss: 15.329762
Train Epoch: 49 [57600/60000 (96%)]	Loss: 12.730382

Test set: Average loss: 15.7686, Accuracy: 1053/10000 (11%)

Train Epoch: 50 [0/60000 (0%)]	Loss: 14.250624
Train Epoch: 50 [6400/60000 (11%)]	Loss: 16.853752
Train Epoch: 50 [12800/60000 (21%)]	Loss: 14.398517
Train Epoch: 50 [19200/60000 (32%)]	Loss: 15.008351
Train Epoch: 50 [25600/60000 (43%)]	Loss: 15.281365
Train Epoch: 50 [32000/60000 (53%)]	Loss: 13.598090
Train Epoch: 50 [38400/60000 (64%)]	Loss: 13.901336
Train Epoch: 50 [44800/60000 (75%)]	Loss: 15.885093
Train Epoch: 50 [51200/60000 (85%)]	Loss: 15.368531
Train Epoch: 50 [57600/60000 (96%)]	Loss: 16.413891

Test set: Average loss: 15.9995, Accuracy: 992/10000 (10%)

Namespace(batch_size=64, bias=None, data='../data', device=0, epochs=50, hidden_size=500, load_weights=None, log_interval=100, lr=0.1, milestones=[5, 7], model='redfc2', momentum=0.9, no_cuda=False, r=5, save_model=None, save_results=True, scheduler='cosine', seed=1, sparsity=0.02, use_relu=False, wd=0.0005)


Total time spent pruning/training: 14.57 minutes
Total number of parameters in model: 1991420
Number of parameters in pruned model: 1951591
