Namespace(batch_size=64, bias=None, data='../data', device=1, epochs=9, hidden_size=500, load_weights=None, log_interval=100, lr=0.1, model='redfc2', momentum=0.9, no_cuda=False, r=5, save_model=None, save_results=True, seed=1, sparsity=0.025, use_relu=True, wd=0.0005) 

Pruning a Two-Layer Fully Connected Redundant Network ...
Train Epoch: 1 [6336/60000 (11%)]	Loss: 0.551369
Train Epoch: 1 [12736/60000 (21%)]	Loss: 0.987207
Train Epoch: 1 [19136/60000 (32%)]	Loss: 0.831800
Train Epoch: 1 [25536/60000 (43%)]	Loss: 0.670769
Train Epoch: 1 [31936/60000 (53%)]	Loss: 0.599564
Train Epoch: 1 [38336/60000 (64%)]	Loss: 0.678785
Train Epoch: 1 [44736/60000 (75%)]	Loss: 0.786752
Train Epoch: 1 [51136/60000 (85%)]	Loss: 0.504479
Train Epoch: 1 [57536/60000 (96%)]	Loss: 0.486332

Test set: Average loss: 0.7313, Accuracy: 7783/10000 (78%)

Train Epoch: 2 [6336/60000 (11%)]	Loss: 0.614212
Train Epoch: 2 [12736/60000 (21%)]	Loss: 0.961960
Train Epoch: 2 [19136/60000 (32%)]	Loss: 1.267542
Train Epoch: 2 [25536/60000 (43%)]	Loss: 2.219149
Train Epoch: 2 [31936/60000 (53%)]	Loss: 0.983507
Train Epoch: 2 [38336/60000 (64%)]	Loss: 1.093820
Train Epoch: 2 [44736/60000 (75%)]	Loss: 1.052869
Train Epoch: 2 [51136/60000 (85%)]	Loss: 2.333695
Train Epoch: 2 [57536/60000 (96%)]	Loss: 1.179371

Test set: Average loss: 1.3596, Accuracy: 6266/10000 (63%)

Train Epoch: 3 [6336/60000 (11%)]	Loss: 1.495964
Train Epoch: 3 [12736/60000 (21%)]	Loss: 2.655161
Train Epoch: 3 [19136/60000 (32%)]	Loss: 1.911604
Train Epoch: 3 [25536/60000 (43%)]	Loss: 2.119041
Train Epoch: 3 [31936/60000 (53%)]	Loss: 2.922811
Train Epoch: 3 [38336/60000 (64%)]	Loss: 2.747089
Train Epoch: 3 [44736/60000 (75%)]	Loss: 2.971822
Train Epoch: 3 [51136/60000 (85%)]	Loss: 3.219157
Train Epoch: 3 [57536/60000 (96%)]	Loss: 2.931194

Test set: Average loss: 3.4398, Accuracy: 3066/10000 (31%)

Train Epoch: 4 [6336/60000 (11%)]	Loss: 4.380289
Train Epoch: 4 [12736/60000 (21%)]	Loss: 3.126079
Train Epoch: 4 [19136/60000 (32%)]	Loss: 3.915965
Train Epoch: 4 [25536/60000 (43%)]	Loss: 4.260997
Train Epoch: 4 [31936/60000 (53%)]	Loss: 3.949086
Train Epoch: 4 [38336/60000 (64%)]	Loss: 4.132012
Train Epoch: 4 [44736/60000 (75%)]	Loss: 3.824452
Train Epoch: 4 [51136/60000 (85%)]	Loss: 3.907492
Train Epoch: 4 [57536/60000 (96%)]	Loss: 4.878140

Test set: Average loss: 4.8115, Accuracy: 1821/10000 (18%)

Train Epoch: 5 [6336/60000 (11%)]	Loss: 5.070510
Train Epoch: 5 [12736/60000 (21%)]	Loss: 4.561962
Train Epoch: 5 [19136/60000 (32%)]	Loss: 5.360487
Train Epoch: 5 [25536/60000 (43%)]	Loss: 5.453056
Train Epoch: 5 [31936/60000 (53%)]	Loss: 4.964357
Train Epoch: 5 [38336/60000 (64%)]	Loss: 5.180953
Train Epoch: 5 [44736/60000 (75%)]	Loss: 5.418735
Train Epoch: 5 [51136/60000 (85%)]	Loss: 5.522578
Train Epoch: 5 [57536/60000 (96%)]	Loss: 5.179678

Test set: Average loss: 5.3527, Accuracy: 1474/10000 (15%)

Train Epoch: 6 [6336/60000 (11%)]	Loss: 4.884472
Train Epoch: 6 [12736/60000 (21%)]	Loss: 5.614452
Train Epoch: 6 [19136/60000 (32%)]	Loss: 5.254013
Train Epoch: 6 [25536/60000 (43%)]	Loss: 5.791192
Train Epoch: 6 [31936/60000 (53%)]	Loss: 5.326179
Train Epoch: 6 [38336/60000 (64%)]	Loss: 5.660777
Train Epoch: 6 [44736/60000 (75%)]	Loss: 6.237426
Train Epoch: 6 [51136/60000 (85%)]	Loss: 6.033752
Train Epoch: 6 [57536/60000 (96%)]	Loss: 5.849502

Test set: Average loss: 5.9117, Accuracy: 1221/10000 (12%)

Train Epoch: 7 [6336/60000 (11%)]	Loss: 5.639229
Train Epoch: 7 [12736/60000 (21%)]	Loss: 5.933730
Train Epoch: 7 [19136/60000 (32%)]	Loss: 5.774840
Train Epoch: 7 [25536/60000 (43%)]	Loss: 5.536067
Train Epoch: 7 [31936/60000 (53%)]	Loss: 5.542830
Train Epoch: 7 [38336/60000 (64%)]	Loss: 6.372512
Train Epoch: 7 [44736/60000 (75%)]	Loss: 5.942029
Train Epoch: 7 [51136/60000 (85%)]	Loss: 6.735562
Train Epoch: 7 [57536/60000 (96%)]	Loss: 6.874986

Test set: Average loss: 6.1715, Accuracy: 1135/10000 (11%)

Train Epoch: 8 [6336/60000 (11%)]	Loss: 6.818969
Train Epoch: 8 [12736/60000 (21%)]	Loss: 6.780887
Train Epoch: 8 [19136/60000 (32%)]	Loss: 5.195750
Train Epoch: 8 [25536/60000 (43%)]	Loss: 6.494483
Train Epoch: 8 [31936/60000 (53%)]	Loss: 5.480737
Train Epoch: 8 [38336/60000 (64%)]	Loss: 6.018657
Train Epoch: 8 [44736/60000 (75%)]	Loss: 7.470975
Train Epoch: 8 [51136/60000 (85%)]	Loss: 6.371224
Train Epoch: 8 [57536/60000 (96%)]	Loss: 7.251183

Test set: Average loss: 6.4321, Accuracy: 1277/10000 (13%)

Train Epoch: 9 [6336/60000 (11%)]	Loss: 6.238656
Train Epoch: 9 [12736/60000 (21%)]	Loss: 6.849838
Train Epoch: 9 [19136/60000 (32%)]	Loss: 6.833974
Train Epoch: 9 [25536/60000 (43%)]	Loss: 7.713363
Train Epoch: 9 [31936/60000 (53%)]	Loss: 6.246085
Train Epoch: 9 [38336/60000 (64%)]	Loss: 6.970908
Train Epoch: 9 [44736/60000 (75%)]	Loss: 7.619212
Train Epoch: 9 [51136/60000 (85%)]	Loss: 7.619626
Train Epoch: 9 [57536/60000 (96%)]	Loss: 7.366480

Test set: Average loss: 6.8939, Accuracy: 1073/10000 (11%)

Namespace(batch_size=64, bias=None, data='../data', device=1, epochs=9, hidden_size=500, load_weights=None, log_interval=100, lr=0.1, model='redfc2', momentum=0.9, no_cuda=False, r=5, save_model=None, save_results=True, seed=1, sparsity=0.025, use_relu=True, wd=0.0005)


Total time spent pruning/training: 1.00 minutes
Total number of parameters in model: 1991420
Number of parameters in pruned model: 1941634
