Namespace(batch_size=64, bias=None, data='../data', device=1, epochs=16, hidden_size=500, load_weights=None, log_interval=100, lr=0.1, model='redfc2', momentum=0.9, no_cuda=False, r=5, save_model=None, save_results=True, seed=1, sparsity=0.5, use_relu=False, wd=0.0005) 

Pruning a Two-Layer Fully Connected Redundant Network ...
Train Epoch: 1 [6336/60000 (11%)]	Loss: 0.462205
Train Epoch: 1 [12736/60000 (21%)]	Loss: 0.489329
Train Epoch: 1 [19136/60000 (32%)]	Loss: 0.568363
Train Epoch: 1 [25536/60000 (43%)]	Loss: 0.146712
Train Epoch: 1 [31936/60000 (53%)]	Loss: 0.247299
Train Epoch: 1 [38336/60000 (64%)]	Loss: 0.233009
Train Epoch: 1 [44736/60000 (75%)]	Loss: 0.128140
Train Epoch: 1 [51136/60000 (85%)]	Loss: 0.111584
Train Epoch: 1 [57536/60000 (96%)]	Loss: 0.143507

Test set: Average loss: 0.1609, Accuracy: 9505/10000 (95%)

Train Epoch: 2 [6336/60000 (11%)]	Loss: 0.030545
Train Epoch: 2 [12736/60000 (21%)]	Loss: 0.299952
Train Epoch: 2 [19136/60000 (32%)]	Loss: 0.086284
Train Epoch: 2 [25536/60000 (43%)]	Loss: 0.076974
Train Epoch: 2 [31936/60000 (53%)]	Loss: 0.119929
Train Epoch: 2 [38336/60000 (64%)]	Loss: 0.197460
Train Epoch: 2 [44736/60000 (75%)]	Loss: 0.212092
Train Epoch: 2 [51136/60000 (85%)]	Loss: 0.288355
Train Epoch: 2 [57536/60000 (96%)]	Loss: 0.267945

Test set: Average loss: 0.1623, Accuracy: 9518/10000 (95%)

Train Epoch: 3 [6336/60000 (11%)]	Loss: 0.052815
Train Epoch: 3 [12736/60000 (21%)]	Loss: 0.067736
Train Epoch: 3 [19136/60000 (32%)]	Loss: 0.160425
Train Epoch: 3 [25536/60000 (43%)]	Loss: 0.132632
Train Epoch: 3 [31936/60000 (53%)]	Loss: 0.199925
Train Epoch: 3 [38336/60000 (64%)]	Loss: 0.174781
Train Epoch: 3 [44736/60000 (75%)]	Loss: 0.145740
Train Epoch: 3 [51136/60000 (85%)]	Loss: 0.139520
Train Epoch: 3 [57536/60000 (96%)]	Loss: 0.387655

Test set: Average loss: 0.1523, Accuracy: 9524/10000 (95%)

Train Epoch: 4 [6336/60000 (11%)]	Loss: 0.078290
Train Epoch: 4 [12736/60000 (21%)]	Loss: 0.262024
Train Epoch: 4 [19136/60000 (32%)]	Loss: 0.178569
Train Epoch: 4 [25536/60000 (43%)]	Loss: 0.126513
Train Epoch: 4 [31936/60000 (53%)]	Loss: 0.288093
Train Epoch: 4 [38336/60000 (64%)]	Loss: 0.187142
Train Epoch: 4 [44736/60000 (75%)]	Loss: 0.129475
Train Epoch: 4 [51136/60000 (85%)]	Loss: 0.049559
Train Epoch: 4 [57536/60000 (96%)]	Loss: 0.198587

Test set: Average loss: 0.1788, Accuracy: 9431/10000 (94%)

Train Epoch: 5 [6336/60000 (11%)]	Loss: 0.129649
Train Epoch: 5 [12736/60000 (21%)]	Loss: 0.212959
Train Epoch: 5 [19136/60000 (32%)]	Loss: 0.132525
Train Epoch: 5 [25536/60000 (43%)]	Loss: 0.186949
Train Epoch: 5 [31936/60000 (53%)]	Loss: 0.098129
Train Epoch: 5 [38336/60000 (64%)]	Loss: 0.234454
Train Epoch: 5 [44736/60000 (75%)]	Loss: 0.187306
Train Epoch: 5 [51136/60000 (85%)]	Loss: 0.163533
Train Epoch: 5 [57536/60000 (96%)]	Loss: 0.123008

Test set: Average loss: 0.2057, Accuracy: 9370/10000 (94%)

Train Epoch: 6 [6336/60000 (11%)]	Loss: 0.178259
Train Epoch: 6 [12736/60000 (21%)]	Loss: 0.095221
Train Epoch: 6 [19136/60000 (32%)]	Loss: 0.129380
Train Epoch: 6 [25536/60000 (43%)]	Loss: 0.126867
Train Epoch: 6 [31936/60000 (53%)]	Loss: 0.130513
Train Epoch: 6 [38336/60000 (64%)]	Loss: 0.359128
Train Epoch: 6 [44736/60000 (75%)]	Loss: 0.141707
Train Epoch: 6 [51136/60000 (85%)]	Loss: 0.127675
Train Epoch: 6 [57536/60000 (96%)]	Loss: 0.250414

Test set: Average loss: 0.1941, Accuracy: 9414/10000 (94%)

Train Epoch: 7 [6336/60000 (11%)]	Loss: 0.233965
Train Epoch: 7 [12736/60000 (21%)]	Loss: 0.159645
Train Epoch: 7 [19136/60000 (32%)]	Loss: 0.158174
Train Epoch: 7 [25536/60000 (43%)]	Loss: 0.193126
Train Epoch: 7 [31936/60000 (53%)]	Loss: 0.048072
Train Epoch: 7 [38336/60000 (64%)]	Loss: 0.110603
Train Epoch: 7 [44736/60000 (75%)]	Loss: 0.371418
Train Epoch: 7 [51136/60000 (85%)]	Loss: 0.325271
Train Epoch: 7 [57536/60000 (96%)]	Loss: 0.215646

Test set: Average loss: 0.2415, Accuracy: 9263/10000 (93%)

Train Epoch: 8 [6336/60000 (11%)]	Loss: 0.247175
Train Epoch: 8 [12736/60000 (21%)]	Loss: 0.098346
Train Epoch: 8 [19136/60000 (32%)]	Loss: 0.220851
Train Epoch: 8 [25536/60000 (43%)]	Loss: 0.289460
Train Epoch: 8 [31936/60000 (53%)]	Loss: 0.213680
Train Epoch: 8 [38336/60000 (64%)]	Loss: 0.131369
Train Epoch: 8 [44736/60000 (75%)]	Loss: 0.501901
Train Epoch: 8 [51136/60000 (85%)]	Loss: 0.249255
Train Epoch: 8 [57536/60000 (96%)]	Loss: 0.151290

Test set: Average loss: 0.2271, Accuracy: 9285/10000 (93%)

Train Epoch: 9 [6336/60000 (11%)]	Loss: 0.143490
Train Epoch: 9 [12736/60000 (21%)]	Loss: 0.170420
Train Epoch: 9 [19136/60000 (32%)]	Loss: 0.123537
Train Epoch: 9 [25536/60000 (43%)]	Loss: 0.235041
Train Epoch: 9 [31936/60000 (53%)]	Loss: 0.180158
Train Epoch: 9 [38336/60000 (64%)]	Loss: 0.157894
Train Epoch: 9 [44736/60000 (75%)]	Loss: 0.126283
Train Epoch: 9 [51136/60000 (85%)]	Loss: 0.519797
Train Epoch: 9 [57536/60000 (96%)]	Loss: 0.092386

Test set: Average loss: 0.2301, Accuracy: 9281/10000 (93%)

Train Epoch: 10 [6336/60000 (11%)]	Loss: 0.128318
Train Epoch: 10 [12736/60000 (21%)]	Loss: 0.162209
Train Epoch: 10 [19136/60000 (32%)]	Loss: 0.262093
Train Epoch: 10 [25536/60000 (43%)]	Loss: 0.156409
Train Epoch: 10 [31936/60000 (53%)]	Loss: 0.090688
Train Epoch: 10 [38336/60000 (64%)]	Loss: 0.219700
Train Epoch: 10 [44736/60000 (75%)]	Loss: 0.157259
Train Epoch: 10 [51136/60000 (85%)]	Loss: 0.266998
Train Epoch: 10 [57536/60000 (96%)]	Loss: 0.195269

Test set: Average loss: 0.2023, Accuracy: 9402/10000 (94%)

Train Epoch: 11 [6336/60000 (11%)]	Loss: 0.128463
Train Epoch: 11 [12736/60000 (21%)]	Loss: 0.150900
Train Epoch: 11 [19136/60000 (32%)]	Loss: 0.080033
Train Epoch: 11 [25536/60000 (43%)]	Loss: 0.069874
Train Epoch: 11 [31936/60000 (53%)]	Loss: 0.212205
Train Epoch: 11 [38336/60000 (64%)]	Loss: 0.100809
Train Epoch: 11 [44736/60000 (75%)]	Loss: 0.264128
Train Epoch: 11 [51136/60000 (85%)]	Loss: 0.247546
Train Epoch: 11 [57536/60000 (96%)]	Loss: 0.129455

Test set: Average loss: 0.1676, Accuracy: 9462/10000 (95%)

Train Epoch: 12 [6336/60000 (11%)]	Loss: 0.088558
Train Epoch: 12 [12736/60000 (21%)]	Loss: 0.096292
Train Epoch: 12 [19136/60000 (32%)]	Loss: 0.038086
Train Epoch: 12 [25536/60000 (43%)]	Loss: 0.029091
Train Epoch: 12 [31936/60000 (53%)]	Loss: 0.099295
Train Epoch: 12 [38336/60000 (64%)]	Loss: 0.199350
Train Epoch: 12 [44736/60000 (75%)]	Loss: 0.226021
Train Epoch: 12 [51136/60000 (85%)]	Loss: 0.098865
Train Epoch: 12 [57536/60000 (96%)]	Loss: 0.023997

Test set: Average loss: 0.1697, Accuracy: 9467/10000 (95%)

Train Epoch: 13 [6336/60000 (11%)]	Loss: 0.069763
Train Epoch: 13 [12736/60000 (21%)]	Loss: 0.216057
Train Epoch: 13 [19136/60000 (32%)]	Loss: 0.248996
Train Epoch: 13 [25536/60000 (43%)]	Loss: 0.087828
Train Epoch: 13 [31936/60000 (53%)]	Loss: 0.116972
Train Epoch: 13 [38336/60000 (64%)]	Loss: 0.247774
Train Epoch: 13 [44736/60000 (75%)]	Loss: 0.018120
Train Epoch: 13 [51136/60000 (85%)]	Loss: 0.076617
Train Epoch: 13 [57536/60000 (96%)]	Loss: 0.063026

Test set: Average loss: 0.1155, Accuracy: 9639/10000 (96%)

Train Epoch: 14 [6336/60000 (11%)]	Loss: 0.078430
Train Epoch: 14 [12736/60000 (21%)]	Loss: 0.100817
Train Epoch: 14 [19136/60000 (32%)]	Loss: 0.016434
Train Epoch: 14 [25536/60000 (43%)]	Loss: 0.007939
Train Epoch: 14 [31936/60000 (53%)]	Loss: 0.009032
Train Epoch: 14 [38336/60000 (64%)]	Loss: 0.149908
Train Epoch: 14 [44736/60000 (75%)]	Loss: 0.063342
Train Epoch: 14 [51136/60000 (85%)]	Loss: 0.029308
Train Epoch: 14 [57536/60000 (96%)]	Loss: 0.062183

Test set: Average loss: 0.0960, Accuracy: 9714/10000 (97%)

Train Epoch: 15 [6336/60000 (11%)]	Loss: 0.009095
Train Epoch: 15 [12736/60000 (21%)]	Loss: 0.021013
Train Epoch: 15 [19136/60000 (32%)]	Loss: 0.095898
Train Epoch: 15 [25536/60000 (43%)]	Loss: 0.013544
Train Epoch: 15 [31936/60000 (53%)]	Loss: 0.023911
Train Epoch: 15 [38336/60000 (64%)]	Loss: 0.026957
Train Epoch: 15 [44736/60000 (75%)]	Loss: 0.035936
Train Epoch: 15 [51136/60000 (85%)]	Loss: 0.144597
Train Epoch: 15 [57536/60000 (96%)]	Loss: 0.028513

Test set: Average loss: 0.0754, Accuracy: 9778/10000 (98%)

Train Epoch: 16 [6336/60000 (11%)]	Loss: 0.045974
Train Epoch: 16 [12736/60000 (21%)]	Loss: 0.047883
Train Epoch: 16 [19136/60000 (32%)]	Loss: 0.005606
Train Epoch: 16 [25536/60000 (43%)]	Loss: 0.015383
Train Epoch: 16 [31936/60000 (53%)]	Loss: 0.022840
Train Epoch: 16 [38336/60000 (64%)]	Loss: 0.004666
Train Epoch: 16 [44736/60000 (75%)]	Loss: 0.010098
Train Epoch: 16 [51136/60000 (85%)]	Loss: 0.013932
Train Epoch: 16 [57536/60000 (96%)]	Loss: 0.013055

Test set: Average loss: 0.0708, Accuracy: 9790/10000 (98%)

Namespace(batch_size=64, bias=None, data='../data', device=1, epochs=16, hidden_size=500, load_weights=None, log_interval=100, lr=0.1, model='redfc2', momentum=0.9, no_cuda=False, r=5, save_model=None, save_results=True, seed=1, sparsity=0.5, use_relu=False, wd=0.0005)


Total time spent pruning/training: 1.67 minutes
Total number of parameters in model: 1991420
Number of parameters in pruned model: 995710
