Namespace(batch_size=64, bias=None, data='../data', device=1, epochs=150, hidden_size=500, load_weights=None, log_interval=100, lr=0.1, model='redfc2', momentum=0.9, no_cuda=False, r=5, save_model=None, save_results=True, seed=1, sparsity=0.5, use_relu=False, wd=0.0005) 

Pruning a Two-Layer Fully Connected Redundant Network ...
Train Epoch: 1 [6336/60000 (11%)]	Loss: 0.462205
Train Epoch: 1 [12736/60000 (21%)]	Loss: 0.489329
Train Epoch: 1 [19136/60000 (32%)]	Loss: 0.568363
Train Epoch: 1 [25536/60000 (43%)]	Loss: 0.146712
Train Epoch: 1 [31936/60000 (53%)]	Loss: 0.247299
Train Epoch: 1 [38336/60000 (64%)]	Loss: 0.233009
Train Epoch: 1 [44736/60000 (75%)]	Loss: 0.128140
Train Epoch: 1 [51136/60000 (85%)]	Loss: 0.111584
Train Epoch: 1 [57536/60000 (96%)]	Loss: 0.143507

Test set: Average loss: 0.1609, Accuracy: 9505/10000 (95%)

Train Epoch: 2 [6336/60000 (11%)]	Loss: 0.022684
Train Epoch: 2 [12736/60000 (21%)]	Loss: 0.255952
Train Epoch: 2 [19136/60000 (32%)]	Loss: 0.062350
Train Epoch: 2 [25536/60000 (43%)]	Loss: 0.054299
Train Epoch: 2 [31936/60000 (53%)]	Loss: 0.133389
Train Epoch: 2 [38336/60000 (64%)]	Loss: 0.339300
Train Epoch: 2 [44736/60000 (75%)]	Loss: 0.243973
Train Epoch: 2 [51136/60000 (85%)]	Loss: 0.232981
Train Epoch: 2 [57536/60000 (96%)]	Loss: 0.326061

Test set: Average loss: 0.1581, Accuracy: 9509/10000 (95%)

Train Epoch: 3 [6336/60000 (11%)]	Loss: 0.103591
Train Epoch: 3 [12736/60000 (21%)]	Loss: 0.136776
Train Epoch: 3 [19136/60000 (32%)]	Loss: 0.223502
Train Epoch: 3 [25536/60000 (43%)]	Loss: 0.155522
Train Epoch: 3 [31936/60000 (53%)]	Loss: 0.247414
Train Epoch: 3 [38336/60000 (64%)]	Loss: 0.178440
Train Epoch: 3 [44736/60000 (75%)]	Loss: 0.149308
Train Epoch: 3 [51136/60000 (85%)]	Loss: 0.199403
Train Epoch: 3 [57536/60000 (96%)]	Loss: 0.409318

Test set: Average loss: 0.1550, Accuracy: 9518/10000 (95%)

Train Epoch: 4 [6336/60000 (11%)]	Loss: 0.120648
Train Epoch: 4 [12736/60000 (21%)]	Loss: 0.353365
Train Epoch: 4 [19136/60000 (32%)]	Loss: 0.197798
Train Epoch: 4 [25536/60000 (43%)]	Loss: 0.124887
Train Epoch: 4 [31936/60000 (53%)]	Loss: 0.376945
Train Epoch: 4 [38336/60000 (64%)]	Loss: 0.273206
Train Epoch: 4 [44736/60000 (75%)]	Loss: 0.068603
Train Epoch: 4 [51136/60000 (85%)]	Loss: 0.039785
Train Epoch: 4 [57536/60000 (96%)]	Loss: 0.226848

Test set: Average loss: 0.2039, Accuracy: 9382/10000 (94%)

Train Epoch: 5 [6336/60000 (11%)]	Loss: 0.223026
Train Epoch: 5 [12736/60000 (21%)]	Loss: 0.153908
Train Epoch: 5 [19136/60000 (32%)]	Loss: 0.154998
Train Epoch: 5 [25536/60000 (43%)]	Loss: 0.256478
Train Epoch: 5 [31936/60000 (53%)]	Loss: 0.094300
Train Epoch: 5 [38336/60000 (64%)]	Loss: 0.246905
Train Epoch: 5 [44736/60000 (75%)]	Loss: 0.120575
Train Epoch: 5 [51136/60000 (85%)]	Loss: 0.118383
Train Epoch: 5 [57536/60000 (96%)]	Loss: 0.102387

Test set: Average loss: 0.2085, Accuracy: 9358/10000 (94%)

Train Epoch: 6 [6336/60000 (11%)]	Loss: 0.309077
Train Epoch: 6 [12736/60000 (21%)]	Loss: 0.136762
Train Epoch: 6 [19136/60000 (32%)]	Loss: 0.222130
Train Epoch: 6 [25536/60000 (43%)]	Loss: 0.152662
Train Epoch: 6 [31936/60000 (53%)]	Loss: 0.087499
Train Epoch: 6 [38336/60000 (64%)]	Loss: 0.468393
Train Epoch: 6 [44736/60000 (75%)]	Loss: 0.094572
Train Epoch: 6 [51136/60000 (85%)]	Loss: 0.149884
Train Epoch: 6 [57536/60000 (96%)]	Loss: 0.221737

Test set: Average loss: 0.2629, Accuracy: 9211/10000 (92%)

Train Epoch: 7 [6336/60000 (11%)]	Loss: 0.173783
Train Epoch: 7 [12736/60000 (21%)]	Loss: 0.205237
Train Epoch: 7 [19136/60000 (32%)]	Loss: 0.320377
Train Epoch: 7 [25536/60000 (43%)]	Loss: 0.203949
Train Epoch: 7 [31936/60000 (53%)]	Loss: 0.198610
Train Epoch: 7 [38336/60000 (64%)]	Loss: 0.290315
Train Epoch: 7 [44736/60000 (75%)]	Loss: 0.628240
Train Epoch: 7 [51136/60000 (85%)]	Loss: 0.296004
Train Epoch: 7 [57536/60000 (96%)]	Loss: 0.418779

Test set: Average loss: 0.3773, Accuracy: 8826/10000 (88%)

Train Epoch: 8 [6336/60000 (11%)]	Loss: 0.410897
Train Epoch: 8 [12736/60000 (21%)]	Loss: 0.222049
Train Epoch: 8 [19136/60000 (32%)]	Loss: 0.193613
Train Epoch: 8 [25536/60000 (43%)]	Loss: 0.277660
Train Epoch: 8 [31936/60000 (53%)]	Loss: 0.440454
Train Epoch: 8 [38336/60000 (64%)]	Loss: 0.231014
Train Epoch: 8 [44736/60000 (75%)]	Loss: 0.622369
Train Epoch: 8 [51136/60000 (85%)]	Loss: 0.324964
Train Epoch: 8 [57536/60000 (96%)]	Loss: 0.330308

Test set: Average loss: 0.3004, Accuracy: 9088/10000 (91%)

Train Epoch: 9 [6336/60000 (11%)]	Loss: 0.354955
Train Epoch: 9 [12736/60000 (21%)]	Loss: 0.294950
Train Epoch: 9 [19136/60000 (32%)]	Loss: 0.308089
Train Epoch: 9 [25536/60000 (43%)]	Loss: 0.408365
Train Epoch: 9 [31936/60000 (53%)]	Loss: 0.441271
Train Epoch: 9 [38336/60000 (64%)]	Loss: 0.334853
Train Epoch: 9 [44736/60000 (75%)]	Loss: 0.347902
Train Epoch: 9 [51136/60000 (85%)]	Loss: 0.838667
Train Epoch: 9 [57536/60000 (96%)]	Loss: 0.390855

Test set: Average loss: 0.4534, Accuracy: 8739/10000 (87%)

Train Epoch: 10 [6336/60000 (11%)]	Loss: 0.565165
Train Epoch: 10 [12736/60000 (21%)]	Loss: 0.733796
Train Epoch: 10 [19136/60000 (32%)]	Loss: 0.195943
Train Epoch: 10 [25536/60000 (43%)]	Loss: 0.334178
Train Epoch: 10 [31936/60000 (53%)]	Loss: 0.225240
Train Epoch: 10 [38336/60000 (64%)]	Loss: 0.300848
Train Epoch: 10 [44736/60000 (75%)]	Loss: 0.469550
Train Epoch: 10 [51136/60000 (85%)]	Loss: 0.336408
Train Epoch: 10 [57536/60000 (96%)]	Loss: 0.404716

Test set: Average loss: 0.3919, Accuracy: 8768/10000 (88%)

Train Epoch: 11 [6336/60000 (11%)]	Loss: 0.366080
Train Epoch: 11 [12736/60000 (21%)]	Loss: 0.238855
Train Epoch: 11 [19136/60000 (32%)]	Loss: 0.414236
Train Epoch: 11 [25536/60000 (43%)]	Loss: 0.441179
Train Epoch: 11 [31936/60000 (53%)]	Loss: 0.817643
Train Epoch: 11 [38336/60000 (64%)]	Loss: 0.326649
Train Epoch: 11 [44736/60000 (75%)]	Loss: 0.715444
Train Epoch: 11 [51136/60000 (85%)]	Loss: 0.408808
Train Epoch: 11 [57536/60000 (96%)]	Loss: 0.326018

Test set: Average loss: 0.4020, Accuracy: 8872/10000 (89%)

Train Epoch: 12 [6336/60000 (11%)]	Loss: 0.435242
Train Epoch: 12 [12736/60000 (21%)]	Loss: 0.390079
Train Epoch: 12 [19136/60000 (32%)]	Loss: 0.445434
Train Epoch: 12 [25536/60000 (43%)]	Loss: 0.283161
Train Epoch: 12 [31936/60000 (53%)]	Loss: 0.329684
Train Epoch: 12 [38336/60000 (64%)]	Loss: 0.703013
Train Epoch: 12 [44736/60000 (75%)]	Loss: 0.272438
Train Epoch: 12 [51136/60000 (85%)]	Loss: 0.596856
Train Epoch: 12 [57536/60000 (96%)]	Loss: 0.666994

Test set: Average loss: 0.4895, Accuracy: 8577/10000 (86%)

Train Epoch: 13 [6336/60000 (11%)]	Loss: 0.395262
Train Epoch: 13 [12736/60000 (21%)]	Loss: 0.390315
Train Epoch: 13 [19136/60000 (32%)]	Loss: 0.583508
Train Epoch: 13 [25536/60000 (43%)]	Loss: 0.670990
Train Epoch: 13 [31936/60000 (53%)]	Loss: 0.944320
Train Epoch: 13 [38336/60000 (64%)]	Loss: 0.748985
Train Epoch: 13 [44736/60000 (75%)]	Loss: 0.324389
Train Epoch: 13 [51136/60000 (85%)]	Loss: 0.476163
Train Epoch: 13 [57536/60000 (96%)]	Loss: 0.568076

Test set: Average loss: 0.6716, Accuracy: 7985/10000 (80%)

Train Epoch: 14 [6336/60000 (11%)]	Loss: 0.388748
Train Epoch: 14 [12736/60000 (21%)]	Loss: 0.637765
Train Epoch: 14 [19136/60000 (32%)]	Loss: 0.574501
Train Epoch: 14 [25536/60000 (43%)]	Loss: 0.147540
Train Epoch: 14 [31936/60000 (53%)]	Loss: 0.515086
Train Epoch: 14 [38336/60000 (64%)]	Loss: 0.647114
Train Epoch: 14 [44736/60000 (75%)]	Loss: 0.487166
Train Epoch: 14 [51136/60000 (85%)]	Loss: 0.318861
Train Epoch: 14 [57536/60000 (96%)]	Loss: 0.539942

Test set: Average loss: 0.5286, Accuracy: 8468/10000 (85%)

Train Epoch: 15 [6336/60000 (11%)]	Loss: 0.453360
Train Epoch: 15 [12736/60000 (21%)]	Loss: 0.450595
Train Epoch: 15 [19136/60000 (32%)]	Loss: 0.817175
Train Epoch: 15 [25536/60000 (43%)]	Loss: 0.603186
Train Epoch: 15 [31936/60000 (53%)]	Loss: 0.329120
Train Epoch: 15 [38336/60000 (64%)]	Loss: 0.687307
Train Epoch: 15 [44736/60000 (75%)]	Loss: 0.531439
Train Epoch: 15 [51136/60000 (85%)]	Loss: 0.752566
Train Epoch: 15 [57536/60000 (96%)]	Loss: 0.429715

Test set: Average loss: 0.5083, Accuracy: 8424/10000 (84%)

Train Epoch: 16 [6336/60000 (11%)]	Loss: 0.680443
Train Epoch: 16 [12736/60000 (21%)]	Loss: 0.433153
Train Epoch: 16 [19136/60000 (32%)]	Loss: 0.358337
Train Epoch: 16 [25536/60000 (43%)]	Loss: 0.276856
Train Epoch: 16 [31936/60000 (53%)]	Loss: 0.590013
Train Epoch: 16 [38336/60000 (64%)]	Loss: 0.743090
Train Epoch: 16 [44736/60000 (75%)]	Loss: 0.451480
Train Epoch: 16 [51136/60000 (85%)]	Loss: 0.424246
Train Epoch: 16 [57536/60000 (96%)]	Loss: 0.592372

Test set: Average loss: 0.5984, Accuracy: 8319/10000 (83%)

Train Epoch: 17 [6336/60000 (11%)]	Loss: 0.529150
Train Epoch: 17 [12736/60000 (21%)]	Loss: 0.541981
Train Epoch: 17 [19136/60000 (32%)]	Loss: 0.616035
Train Epoch: 17 [25536/60000 (43%)]	Loss: 0.456482
Train Epoch: 17 [31936/60000 (53%)]	Loss: 0.504393
Train Epoch: 17 [38336/60000 (64%)]	Loss: 0.493064
Train Epoch: 17 [44736/60000 (75%)]	Loss: 0.382836
Train Epoch: 17 [51136/60000 (85%)]	Loss: 0.470570
Train Epoch: 17 [57536/60000 (96%)]	Loss: 0.493167

Test set: Average loss: 0.5542, Accuracy: 8455/10000 (85%)

Train Epoch: 18 [6336/60000 (11%)]	Loss: 0.417648
Train Epoch: 18 [12736/60000 (21%)]	Loss: 0.889946
Train Epoch: 18 [19136/60000 (32%)]	Loss: 0.259800
Train Epoch: 18 [25536/60000 (43%)]	Loss: 0.496594
Train Epoch: 18 [31936/60000 (53%)]	Loss: 0.507153
Train Epoch: 18 [38336/60000 (64%)]	Loss: 0.630648
Train Epoch: 18 [44736/60000 (75%)]	Loss: 0.433828
Train Epoch: 18 [51136/60000 (85%)]	Loss: 0.419860
Train Epoch: 18 [57536/60000 (96%)]	Loss: 0.443764

Test set: Average loss: 0.6082, Accuracy: 8227/10000 (82%)

Train Epoch: 19 [6336/60000 (11%)]	Loss: 0.480420
Train Epoch: 19 [12736/60000 (21%)]	Loss: 0.591098
Train Epoch: 19 [19136/60000 (32%)]	Loss: 0.517693
Train Epoch: 19 [25536/60000 (43%)]	Loss: 0.576931
Train Epoch: 19 [31936/60000 (53%)]	Loss: 0.335385
Train Epoch: 19 [38336/60000 (64%)]	Loss: 0.424390
Train Epoch: 19 [44736/60000 (75%)]	Loss: 0.953922
Train Epoch: 19 [51136/60000 (85%)]	Loss: 0.553893
Train Epoch: 19 [57536/60000 (96%)]	Loss: 0.406167

Test set: Average loss: 0.4761, Accuracy: 8612/10000 (86%)

Train Epoch: 20 [6336/60000 (11%)]	Loss: 0.647801
Train Epoch: 20 [12736/60000 (21%)]	Loss: 0.793299
Train Epoch: 20 [19136/60000 (32%)]	Loss: 0.502077
Train Epoch: 20 [25536/60000 (43%)]	Loss: 0.587102
Train Epoch: 20 [31936/60000 (53%)]	Loss: 0.863291
Train Epoch: 20 [38336/60000 (64%)]	Loss: 0.517034
Train Epoch: 20 [44736/60000 (75%)]	Loss: 0.590502
Train Epoch: 20 [51136/60000 (85%)]	Loss: 0.852481
Train Epoch: 20 [57536/60000 (96%)]	Loss: 0.686558

Test set: Average loss: 0.5768, Accuracy: 8344/10000 (83%)

Train Epoch: 21 [6336/60000 (11%)]	Loss: 0.756128
Train Epoch: 21 [12736/60000 (21%)]	Loss: 0.732168
Train Epoch: 21 [19136/60000 (32%)]	Loss: 0.461951
Train Epoch: 21 [25536/60000 (43%)]	Loss: 0.285387
Train Epoch: 21 [31936/60000 (53%)]	Loss: 0.559770
Train Epoch: 21 [38336/60000 (64%)]	Loss: 0.665247
Train Epoch: 21 [44736/60000 (75%)]	Loss: 0.471856
Train Epoch: 21 [51136/60000 (85%)]	Loss: 0.406825
Train Epoch: 21 [57536/60000 (96%)]	Loss: 0.398651

Test set: Average loss: 0.6321, Accuracy: 8256/10000 (83%)

Train Epoch: 22 [6336/60000 (11%)]	Loss: 0.588972
Train Epoch: 22 [12736/60000 (21%)]	Loss: 0.617522
Train Epoch: 22 [19136/60000 (32%)]	Loss: 0.596952
Train Epoch: 22 [25536/60000 (43%)]	Loss: 0.691572
Train Epoch: 22 [31936/60000 (53%)]	Loss: 0.607349
Train Epoch: 22 [38336/60000 (64%)]	Loss: 0.472927
Train Epoch: 22 [44736/60000 (75%)]	Loss: 0.524003
Train Epoch: 22 [51136/60000 (85%)]	Loss: 0.662025
Train Epoch: 22 [57536/60000 (96%)]	Loss: 0.701274

Test set: Average loss: 0.5687, Accuracy: 8489/10000 (85%)

Train Epoch: 23 [6336/60000 (11%)]	Loss: 0.782451
Train Epoch: 23 [12736/60000 (21%)]	Loss: 0.530674
Train Epoch: 23 [19136/60000 (32%)]	Loss: 0.918600
Train Epoch: 23 [25536/60000 (43%)]	Loss: 0.393999
Train Epoch: 23 [31936/60000 (53%)]	Loss: 0.721228
Train Epoch: 23 [38336/60000 (64%)]	Loss: 0.762551
Train Epoch: 23 [44736/60000 (75%)]	Loss: 0.378734
Train Epoch: 23 [51136/60000 (85%)]	Loss: 0.595755
Train Epoch: 23 [57536/60000 (96%)]	Loss: 0.787890

Test set: Average loss: 0.6057, Accuracy: 8294/10000 (83%)

Train Epoch: 24 [6336/60000 (11%)]	Loss: 1.571500
Train Epoch: 24 [12736/60000 (21%)]	Loss: 0.658849
Train Epoch: 24 [19136/60000 (32%)]	Loss: 0.675341
Train Epoch: 24 [25536/60000 (43%)]	Loss: 0.530400
Train Epoch: 24 [31936/60000 (53%)]	Loss: 0.503720
Train Epoch: 24 [38336/60000 (64%)]	Loss: 1.072678
Train Epoch: 24 [44736/60000 (75%)]	Loss: 1.049381
Train Epoch: 24 [51136/60000 (85%)]	Loss: 0.660462
Train Epoch: 24 [57536/60000 (96%)]	Loss: 0.670024

Test set: Average loss: 0.7943, Accuracy: 7965/10000 (80%)

Train Epoch: 25 [6336/60000 (11%)]	Loss: 0.648961
Train Epoch: 25 [12736/60000 (21%)]	Loss: 0.896953
Train Epoch: 25 [19136/60000 (32%)]	Loss: 0.658678
Train Epoch: 25 [25536/60000 (43%)]	Loss: 0.942031
Train Epoch: 25 [31936/60000 (53%)]	Loss: 0.798995
Train Epoch: 25 [38336/60000 (64%)]	Loss: 0.885734
Train Epoch: 25 [44736/60000 (75%)]	Loss: 0.704572
Train Epoch: 25 [51136/60000 (85%)]	Loss: 0.532565
Train Epoch: 25 [57536/60000 (96%)]	Loss: 0.884172

Test set: Average loss: 0.6770, Accuracy: 8159/10000 (82%)

Train Epoch: 26 [6336/60000 (11%)]	Loss: 0.625558
Train Epoch: 26 [12736/60000 (21%)]	Loss: 1.037448
Train Epoch: 26 [19136/60000 (32%)]	Loss: 0.990390
Train Epoch: 26 [25536/60000 (43%)]	Loss: 1.171525
Train Epoch: 26 [31936/60000 (53%)]	Loss: 1.382299
Train Epoch: 26 [38336/60000 (64%)]	Loss: 0.479287
Train Epoch: 26 [44736/60000 (75%)]	Loss: 0.889899
Train Epoch: 26 [51136/60000 (85%)]	Loss: 0.950559
Train Epoch: 26 [57536/60000 (96%)]	Loss: 0.968456

Test set: Average loss: 0.8803, Accuracy: 7698/10000 (77%)

Train Epoch: 27 [6336/60000 (11%)]	Loss: 1.099436
Train Epoch: 27 [12736/60000 (21%)]	Loss: 0.794597
Train Epoch: 27 [19136/60000 (32%)]	Loss: 0.938154
Train Epoch: 27 [25536/60000 (43%)]	Loss: 0.819722
Train Epoch: 27 [31936/60000 (53%)]	Loss: 0.591134
Train Epoch: 27 [38336/60000 (64%)]	Loss: 0.860329
Train Epoch: 27 [44736/60000 (75%)]	Loss: 0.718250
Train Epoch: 27 [51136/60000 (85%)]	Loss: 0.709348
Train Epoch: 27 [57536/60000 (96%)]	Loss: 0.747205

Test set: Average loss: 0.9038, Accuracy: 7723/10000 (77%)

Train Epoch: 28 [6336/60000 (11%)]	Loss: 1.262760
Train Epoch: 28 [12736/60000 (21%)]	Loss: 0.784597
Train Epoch: 28 [19136/60000 (32%)]	Loss: 0.608465
Train Epoch: 28 [25536/60000 (43%)]	Loss: 0.908584
Train Epoch: 28 [31936/60000 (53%)]	Loss: 0.592962
Train Epoch: 28 [38336/60000 (64%)]	Loss: 0.965167
Train Epoch: 28 [44736/60000 (75%)]	Loss: 0.980441
Train Epoch: 28 [51136/60000 (85%)]	Loss: 0.542488
Train Epoch: 28 [57536/60000 (96%)]	Loss: 0.539588

Test set: Average loss: 0.7348, Accuracy: 7983/10000 (80%)

Train Epoch: 29 [6336/60000 (11%)]	Loss: 1.136612
Train Epoch: 29 [12736/60000 (21%)]	Loss: 0.834150
Train Epoch: 29 [19136/60000 (32%)]	Loss: 1.015447
Train Epoch: 29 [25536/60000 (43%)]	Loss: 0.702510
Train Epoch: 29 [31936/60000 (53%)]	Loss: 0.822958
Train Epoch: 29 [38336/60000 (64%)]	Loss: 1.766951
Train Epoch: 29 [44736/60000 (75%)]	Loss: 1.255525
Train Epoch: 29 [51136/60000 (85%)]	Loss: 0.671179
Train Epoch: 29 [57536/60000 (96%)]	Loss: 0.365060

Test set: Average loss: 0.7590, Accuracy: 8022/10000 (80%)

Train Epoch: 30 [6336/60000 (11%)]	Loss: 1.035254
Train Epoch: 30 [12736/60000 (21%)]	Loss: 0.804918
Train Epoch: 30 [19136/60000 (32%)]	Loss: 0.957706
Train Epoch: 30 [25536/60000 (43%)]	Loss: 0.786878
Train Epoch: 30 [31936/60000 (53%)]	Loss: 0.298040
Train Epoch: 30 [38336/60000 (64%)]	Loss: 0.934740
Train Epoch: 30 [44736/60000 (75%)]	Loss: 2.031009
Train Epoch: 30 [51136/60000 (85%)]	Loss: 0.928833
Train Epoch: 30 [57536/60000 (96%)]	Loss: 0.677873

Test set: Average loss: 1.1551, Accuracy: 7340/10000 (73%)

Train Epoch: 31 [6336/60000 (11%)]	Loss: 0.865908
Train Epoch: 31 [12736/60000 (21%)]	Loss: 0.755573
Train Epoch: 31 [19136/60000 (32%)]	Loss: 0.639501
Train Epoch: 31 [25536/60000 (43%)]	Loss: 0.798190
Train Epoch: 31 [31936/60000 (53%)]	Loss: 0.492818
Train Epoch: 31 [38336/60000 (64%)]	Loss: 0.845452
Train Epoch: 31 [44736/60000 (75%)]	Loss: 0.620655
Train Epoch: 31 [51136/60000 (85%)]	Loss: 0.455502
Train Epoch: 31 [57536/60000 (96%)]	Loss: 1.187807

Test set: Average loss: 0.6662, Accuracy: 8259/10000 (83%)

Train Epoch: 32 [6336/60000 (11%)]	Loss: 0.614664
Train Epoch: 32 [12736/60000 (21%)]	Loss: 0.824561
Train Epoch: 32 [19136/60000 (32%)]	Loss: 0.393865
Train Epoch: 32 [25536/60000 (43%)]	Loss: 1.158925
Train Epoch: 32 [31936/60000 (53%)]	Loss: 0.543435
Train Epoch: 32 [38336/60000 (64%)]	Loss: 0.645469
Train Epoch: 32 [44736/60000 (75%)]	Loss: 0.692231
Train Epoch: 32 [51136/60000 (85%)]	Loss: 0.482876
Train Epoch: 32 [57536/60000 (96%)]	Loss: 0.948772

Test set: Average loss: 0.7669, Accuracy: 8059/10000 (81%)

Train Epoch: 33 [6336/60000 (11%)]	Loss: 0.540950
Train Epoch: 33 [12736/60000 (21%)]	Loss: 0.981283
Train Epoch: 33 [19136/60000 (32%)]	Loss: 1.014042
Train Epoch: 33 [25536/60000 (43%)]	Loss: 0.913662
Train Epoch: 33 [31936/60000 (53%)]	Loss: 0.524635
Train Epoch: 33 [38336/60000 (64%)]	Loss: 0.151254
Train Epoch: 33 [44736/60000 (75%)]	Loss: 1.350932
Train Epoch: 33 [51136/60000 (85%)]	Loss: 0.460094
Train Epoch: 33 [57536/60000 (96%)]	Loss: 0.813506

Test set: Average loss: 0.7323, Accuracy: 8040/10000 (80%)

Train Epoch: 34 [6336/60000 (11%)]	Loss: 0.545450
Train Epoch: 34 [12736/60000 (21%)]	Loss: 1.038147
Train Epoch: 34 [19136/60000 (32%)]	Loss: 1.013869
Train Epoch: 34 [25536/60000 (43%)]	Loss: 0.748677
Train Epoch: 34 [31936/60000 (53%)]	Loss: 0.721287
Train Epoch: 34 [38336/60000 (64%)]	Loss: 0.592675
Train Epoch: 34 [44736/60000 (75%)]	Loss: 0.512755
Train Epoch: 34 [51136/60000 (85%)]	Loss: 0.831757
Train Epoch: 34 [57536/60000 (96%)]	Loss: 0.378100

Test set: Average loss: 0.8458, Accuracy: 7904/10000 (79%)

Train Epoch: 35 [6336/60000 (11%)]	Loss: 0.871617
Train Epoch: 35 [12736/60000 (21%)]	Loss: 0.548868
Train Epoch: 35 [19136/60000 (32%)]	Loss: 0.918032
Train Epoch: 35 [25536/60000 (43%)]	Loss: 0.502275
Train Epoch: 35 [31936/60000 (53%)]	Loss: 0.605091
Train Epoch: 35 [38336/60000 (64%)]	Loss: 0.640740
Train Epoch: 35 [44736/60000 (75%)]	Loss: 0.478952
Train Epoch: 35 [51136/60000 (85%)]	Loss: 0.569241
Train Epoch: 35 [57536/60000 (96%)]	Loss: 1.093832

Test set: Average loss: 1.1012, Accuracy: 7350/10000 (74%)

Train Epoch: 36 [6336/60000 (11%)]	Loss: 0.526876
Train Epoch: 36 [12736/60000 (21%)]	Loss: 0.655364
Train Epoch: 36 [19136/60000 (32%)]	Loss: 0.576685
Train Epoch: 36 [25536/60000 (43%)]	Loss: 0.741989
Train Epoch: 36 [31936/60000 (53%)]	Loss: 0.384761
Train Epoch: 36 [38336/60000 (64%)]	Loss: 0.776152
Train Epoch: 36 [44736/60000 (75%)]	Loss: 0.648365
Train Epoch: 36 [51136/60000 (85%)]	Loss: 0.733960
Train Epoch: 36 [57536/60000 (96%)]	Loss: 1.054184

Test set: Average loss: 0.7030, Accuracy: 8124/10000 (81%)

Train Epoch: 37 [6336/60000 (11%)]	Loss: 0.792656
Train Epoch: 37 [12736/60000 (21%)]	Loss: 0.763500
Train Epoch: 37 [19136/60000 (32%)]	Loss: 0.505603
Train Epoch: 37 [25536/60000 (43%)]	Loss: 0.737981
Train Epoch: 37 [31936/60000 (53%)]	Loss: 0.620688
Train Epoch: 37 [38336/60000 (64%)]	Loss: 0.734797
Train Epoch: 37 [44736/60000 (75%)]	Loss: 0.848589
Train Epoch: 37 [51136/60000 (85%)]	Loss: 0.569629
Train Epoch: 37 [57536/60000 (96%)]	Loss: 0.692952

Test set: Average loss: 0.7702, Accuracy: 7990/10000 (80%)

Train Epoch: 38 [6336/60000 (11%)]	Loss: 0.563214
Train Epoch: 38 [12736/60000 (21%)]	Loss: 0.562655
Train Epoch: 38 [19136/60000 (32%)]	Loss: 0.796475
Train Epoch: 38 [25536/60000 (43%)]	Loss: 0.485858
Train Epoch: 38 [31936/60000 (53%)]	Loss: 0.492463
Train Epoch: 38 [38336/60000 (64%)]	Loss: 0.610257
Train Epoch: 38 [44736/60000 (75%)]	Loss: 0.525260
Train Epoch: 38 [51136/60000 (85%)]	Loss: 0.513507
Train Epoch: 38 [57536/60000 (96%)]	Loss: 0.598896

Test set: Average loss: 0.6661, Accuracy: 8231/10000 (82%)

Train Epoch: 39 [6336/60000 (11%)]	Loss: 0.604203
Train Epoch: 39 [12736/60000 (21%)]	Loss: 0.468501
Train Epoch: 39 [19136/60000 (32%)]	Loss: 0.671754
Train Epoch: 39 [25536/60000 (43%)]	Loss: 1.222135
Train Epoch: 39 [31936/60000 (53%)]	Loss: 0.540695
Train Epoch: 39 [38336/60000 (64%)]	Loss: 0.588030
Train Epoch: 39 [44736/60000 (75%)]	Loss: 0.801913
Train Epoch: 39 [51136/60000 (85%)]	Loss: 0.449426
Train Epoch: 39 [57536/60000 (96%)]	Loss: 1.126252

Test set: Average loss: 0.8791, Accuracy: 7853/10000 (79%)

Train Epoch: 40 [6336/60000 (11%)]	Loss: 0.489754
Train Epoch: 40 [12736/60000 (21%)]	Loss: 0.719043
Train Epoch: 40 [19136/60000 (32%)]	Loss: 0.366242
Train Epoch: 40 [25536/60000 (43%)]	Loss: 0.691041
Train Epoch: 40 [31936/60000 (53%)]	Loss: 0.725816
Train Epoch: 40 [38336/60000 (64%)]	Loss: 0.658713
Train Epoch: 40 [44736/60000 (75%)]	Loss: 0.530428
Train Epoch: 40 [51136/60000 (85%)]	Loss: 0.792834
Train Epoch: 40 [57536/60000 (96%)]	Loss: 0.717754

Test set: Average loss: 1.2301, Accuracy: 7214/10000 (72%)

Train Epoch: 41 [6336/60000 (11%)]	Loss: 1.053118
Train Epoch: 41 [12736/60000 (21%)]	Loss: 0.495045
Train Epoch: 41 [19136/60000 (32%)]	Loss: 0.663336
Train Epoch: 41 [25536/60000 (43%)]	Loss: 0.648235
Train Epoch: 41 [31936/60000 (53%)]	Loss: 1.319928
Train Epoch: 41 [38336/60000 (64%)]	Loss: 1.319474
Train Epoch: 41 [44736/60000 (75%)]	Loss: 0.771388
Train Epoch: 41 [51136/60000 (85%)]	Loss: 0.529831
Train Epoch: 41 [57536/60000 (96%)]	Loss: 0.653424

Test set: Average loss: 1.0326, Accuracy: 7490/10000 (75%)

Train Epoch: 42 [6336/60000 (11%)]	Loss: 0.887589
Train Epoch: 42 [12736/60000 (21%)]	Loss: 0.834918
Train Epoch: 42 [19136/60000 (32%)]	Loss: 1.255899
Train Epoch: 42 [25536/60000 (43%)]	Loss: 0.692164
Train Epoch: 42 [31936/60000 (53%)]	Loss: 0.906328
Train Epoch: 42 [38336/60000 (64%)]	Loss: 0.380323
Train Epoch: 42 [44736/60000 (75%)]	Loss: 0.760428
Train Epoch: 42 [51136/60000 (85%)]	Loss: 0.970347
Train Epoch: 42 [57536/60000 (96%)]	Loss: 0.777282

Test set: Average loss: 1.0561, Accuracy: 7554/10000 (76%)

Train Epoch: 43 [6336/60000 (11%)]	Loss: 0.746180
Train Epoch: 43 [12736/60000 (21%)]	Loss: 0.568901
Train Epoch: 43 [19136/60000 (32%)]	Loss: 0.643061
Train Epoch: 43 [25536/60000 (43%)]	Loss: 1.046231
Train Epoch: 43 [31936/60000 (53%)]	Loss: 1.075745
Train Epoch: 43 [38336/60000 (64%)]	Loss: 0.760231
Train Epoch: 43 [44736/60000 (75%)]	Loss: 0.494503
Train Epoch: 43 [51136/60000 (85%)]	Loss: 1.069710
Train Epoch: 43 [57536/60000 (96%)]	Loss: 0.841084

Test set: Average loss: 0.8109, Accuracy: 7988/10000 (80%)

Train Epoch: 44 [6336/60000 (11%)]	Loss: 1.008505
Train Epoch: 44 [12736/60000 (21%)]	Loss: 0.793365
Train Epoch: 44 [19136/60000 (32%)]	Loss: 0.866224
Train Epoch: 44 [25536/60000 (43%)]	Loss: 0.646843
Train Epoch: 44 [31936/60000 (53%)]	Loss: 1.310927
Train Epoch: 44 [38336/60000 (64%)]	Loss: 1.550103
Train Epoch: 44 [44736/60000 (75%)]	Loss: 0.817950
Train Epoch: 44 [51136/60000 (85%)]	Loss: 0.896754
Train Epoch: 44 [57536/60000 (96%)]	Loss: 0.875138

Test set: Average loss: 0.8148, Accuracy: 7985/10000 (80%)

Train Epoch: 45 [6336/60000 (11%)]	Loss: 0.834583
Train Epoch: 45 [12736/60000 (21%)]	Loss: 0.645382
Train Epoch: 45 [19136/60000 (32%)]	Loss: 0.995259
Train Epoch: 45 [25536/60000 (43%)]	Loss: 0.908975
Train Epoch: 45 [31936/60000 (53%)]	Loss: 0.617528
Train Epoch: 45 [38336/60000 (64%)]	Loss: 0.507122
Train Epoch: 45 [44736/60000 (75%)]	Loss: 1.248064
Train Epoch: 45 [51136/60000 (85%)]	Loss: 0.836090
Train Epoch: 45 [57536/60000 (96%)]	Loss: 1.317712

Test set: Average loss: 0.9529, Accuracy: 7682/10000 (77%)

Train Epoch: 46 [6336/60000 (11%)]	Loss: 0.931544
Train Epoch: 46 [12736/60000 (21%)]	Loss: 1.279040
Train Epoch: 46 [19136/60000 (32%)]	Loss: 1.098389
Train Epoch: 46 [25536/60000 (43%)]	Loss: 0.855466
Train Epoch: 46 [31936/60000 (53%)]	Loss: 0.715243
Train Epoch: 46 [38336/60000 (64%)]	Loss: 0.679066
Train Epoch: 46 [44736/60000 (75%)]	Loss: 0.965621
Train Epoch: 46 [51136/60000 (85%)]	Loss: 1.178729
Train Epoch: 46 [57536/60000 (96%)]	Loss: 0.836591

Test set: Average loss: 0.9142, Accuracy: 7727/10000 (77%)

Train Epoch: 47 [6336/60000 (11%)]	Loss: 0.428620
Train Epoch: 47 [12736/60000 (21%)]	Loss: 0.586630
Train Epoch: 47 [19136/60000 (32%)]	Loss: 0.524383
Train Epoch: 47 [25536/60000 (43%)]	Loss: 0.409825
Train Epoch: 47 [31936/60000 (53%)]	Loss: 0.642216
Train Epoch: 47 [38336/60000 (64%)]	Loss: 0.873375
Train Epoch: 47 [44736/60000 (75%)]	Loss: 0.978963
Train Epoch: 47 [51136/60000 (85%)]	Loss: 0.719656
Train Epoch: 47 [57536/60000 (96%)]	Loss: 0.743790

Test set: Average loss: 0.8219, Accuracy: 7844/10000 (78%)

Train Epoch: 48 [6336/60000 (11%)]	Loss: 0.824968
Train Epoch: 48 [12736/60000 (21%)]	Loss: 0.642056
Train Epoch: 48 [19136/60000 (32%)]	Loss: 0.896921
Train Epoch: 48 [25536/60000 (43%)]	Loss: 0.547223
Train Epoch: 48 [31936/60000 (53%)]	Loss: 0.708919
Train Epoch: 48 [38336/60000 (64%)]	Loss: 0.436490
Train Epoch: 48 [44736/60000 (75%)]	Loss: 0.411706
Train Epoch: 48 [51136/60000 (85%)]	Loss: 0.641096
Train Epoch: 48 [57536/60000 (96%)]	Loss: 1.092359

Test set: Average loss: 1.4045, Accuracy: 6912/10000 (69%)

Train Epoch: 49 [6336/60000 (11%)]	Loss: 0.605383
Train Epoch: 49 [12736/60000 (21%)]	Loss: 0.647582
Train Epoch: 49 [19136/60000 (32%)]	Loss: 0.487766
Train Epoch: 49 [25536/60000 (43%)]	Loss: 0.902290
Train Epoch: 49 [31936/60000 (53%)]	Loss: 0.880627
Train Epoch: 49 [38336/60000 (64%)]	Loss: 0.253075
Train Epoch: 49 [44736/60000 (75%)]	Loss: 1.194479
Train Epoch: 49 [51136/60000 (85%)]	Loss: 0.500242
Train Epoch: 49 [57536/60000 (96%)]	Loss: 1.219905

Test set: Average loss: 0.7261, Accuracy: 8181/10000 (82%)

Train Epoch: 50 [6336/60000 (11%)]	Loss: 0.512394
Train Epoch: 50 [12736/60000 (21%)]	Loss: 0.858214
Train Epoch: 50 [19136/60000 (32%)]	Loss: 1.125030
Train Epoch: 50 [25536/60000 (43%)]	Loss: 1.024991
Train Epoch: 50 [31936/60000 (53%)]	Loss: 0.554750
Train Epoch: 50 [38336/60000 (64%)]	Loss: 0.646820
Train Epoch: 50 [44736/60000 (75%)]	Loss: 0.801332
Train Epoch: 50 [51136/60000 (85%)]	Loss: 0.662018
Train Epoch: 50 [57536/60000 (96%)]	Loss: 1.167106

Test set: Average loss: 0.9939, Accuracy: 7717/10000 (77%)

Train Epoch: 51 [6336/60000 (11%)]	Loss: 0.960361
Train Epoch: 51 [12736/60000 (21%)]	Loss: 0.625026
Train Epoch: 51 [19136/60000 (32%)]	Loss: 0.898457
Train Epoch: 51 [25536/60000 (43%)]	Loss: 0.879180
Train Epoch: 51 [31936/60000 (53%)]	Loss: 1.046846
Train Epoch: 51 [38336/60000 (64%)]	Loss: 1.189074
Train Epoch: 51 [44736/60000 (75%)]	Loss: 0.845056
Train Epoch: 51 [51136/60000 (85%)]	Loss: 0.220350
Train Epoch: 51 [57536/60000 (96%)]	Loss: 1.307113

Test set: Average loss: 0.8863, Accuracy: 7757/10000 (78%)

Train Epoch: 52 [6336/60000 (11%)]	Loss: 0.746255
Train Epoch: 52 [12736/60000 (21%)]	Loss: 1.214518
Train Epoch: 52 [19136/60000 (32%)]	Loss: 1.066320
Train Epoch: 52 [25536/60000 (43%)]	Loss: 0.183340
Train Epoch: 52 [31936/60000 (53%)]	Loss: 0.713020
Train Epoch: 52 [38336/60000 (64%)]	Loss: 1.152651
Train Epoch: 52 [44736/60000 (75%)]	Loss: 0.479606
Train Epoch: 52 [51136/60000 (85%)]	Loss: 0.597086
Train Epoch: 52 [57536/60000 (96%)]	Loss: 0.652310

Test set: Average loss: 0.9803, Accuracy: 7678/10000 (77%)

Train Epoch: 53 [6336/60000 (11%)]	Loss: 0.691465
Train Epoch: 53 [12736/60000 (21%)]	Loss: 0.466564
Train Epoch: 53 [19136/60000 (32%)]	Loss: 0.715489
Train Epoch: 53 [25536/60000 (43%)]	Loss: 1.106771
Train Epoch: 53 [31936/60000 (53%)]	Loss: 0.723127
Train Epoch: 53 [38336/60000 (64%)]	Loss: 0.690810
Train Epoch: 53 [44736/60000 (75%)]	Loss: 0.735641
Train Epoch: 53 [51136/60000 (85%)]	Loss: 1.120010
Train Epoch: 53 [57536/60000 (96%)]	Loss: 0.698434

Test set: Average loss: 0.6857, Accuracy: 8254/10000 (83%)

Train Epoch: 54 [6336/60000 (11%)]	Loss: 1.039970
Train Epoch: 54 [12736/60000 (21%)]	Loss: 0.366034
Train Epoch: 54 [19136/60000 (32%)]	Loss: 0.848125
Train Epoch: 54 [25536/60000 (43%)]	Loss: 0.767404
Train Epoch: 54 [31936/60000 (53%)]	Loss: 0.794449
Train Epoch: 54 [38336/60000 (64%)]	Loss: 0.409911
Train Epoch: 54 [44736/60000 (75%)]	Loss: 1.002888
Train Epoch: 54 [51136/60000 (85%)]	Loss: 0.487939
Train Epoch: 54 [57536/60000 (96%)]	Loss: 0.742579

Test set: Average loss: 0.9588, Accuracy: 7691/10000 (77%)

Train Epoch: 55 [6336/60000 (11%)]	Loss: 1.102110
Train Epoch: 55 [12736/60000 (21%)]	Loss: 0.740626
Train Epoch: 55 [19136/60000 (32%)]	Loss: 0.729382
Train Epoch: 55 [25536/60000 (43%)]	Loss: 0.876687
Train Epoch: 55 [31936/60000 (53%)]	Loss: 0.675183
Train Epoch: 55 [38336/60000 (64%)]	Loss: 1.273026
Train Epoch: 55 [44736/60000 (75%)]	Loss: 1.127400
Train Epoch: 55 [51136/60000 (85%)]	Loss: 0.933932
Train Epoch: 55 [57536/60000 (96%)]	Loss: 0.917615

Test set: Average loss: 0.8287, Accuracy: 7847/10000 (78%)

Train Epoch: 56 [6336/60000 (11%)]	Loss: 1.191707
Train Epoch: 56 [12736/60000 (21%)]	Loss: 0.767809
Train Epoch: 56 [19136/60000 (32%)]	Loss: 1.038700
Train Epoch: 56 [25536/60000 (43%)]	Loss: 0.723165
Train Epoch: 56 [31936/60000 (53%)]	Loss: 0.595009
Train Epoch: 56 [38336/60000 (64%)]	Loss: 0.842168
Train Epoch: 56 [44736/60000 (75%)]	Loss: 0.628890
Train Epoch: 56 [51136/60000 (85%)]	Loss: 1.563697
Train Epoch: 56 [57536/60000 (96%)]	Loss: 0.927594

Test set: Average loss: 0.7766, Accuracy: 7965/10000 (80%)

Train Epoch: 57 [6336/60000 (11%)]	Loss: 0.657923
Train Epoch: 57 [12736/60000 (21%)]	Loss: 0.763318
Train Epoch: 57 [19136/60000 (32%)]	Loss: 0.700208
Train Epoch: 57 [25536/60000 (43%)]	Loss: 0.657353
Train Epoch: 57 [31936/60000 (53%)]	Loss: 0.386196
Train Epoch: 57 [38336/60000 (64%)]	Loss: 1.319812
Train Epoch: 57 [44736/60000 (75%)]	Loss: 0.483153
Train Epoch: 57 [51136/60000 (85%)]	Loss: 0.542587
Train Epoch: 57 [57536/60000 (96%)]	Loss: 0.796742

Test set: Average loss: 0.7818, Accuracy: 7955/10000 (80%)

Train Epoch: 58 [6336/60000 (11%)]	Loss: 0.996412
Train Epoch: 58 [12736/60000 (21%)]	Loss: 0.700355
Train Epoch: 58 [19136/60000 (32%)]	Loss: 1.039144
Train Epoch: 58 [25536/60000 (43%)]	Loss: 0.724848
Train Epoch: 58 [31936/60000 (53%)]	Loss: 0.920443
Train Epoch: 58 [38336/60000 (64%)]	Loss: 0.670950
Train Epoch: 58 [44736/60000 (75%)]	Loss: 0.646078
Train Epoch: 58 [51136/60000 (85%)]	Loss: 1.220102
Train Epoch: 58 [57536/60000 (96%)]	Loss: 0.893122

Test set: Average loss: 0.8591, Accuracy: 7892/10000 (79%)

Train Epoch: 59 [6336/60000 (11%)]	Loss: 0.358352
Train Epoch: 59 [12736/60000 (21%)]	Loss: 0.565353
Train Epoch: 59 [19136/60000 (32%)]	Loss: 0.659992
Train Epoch: 59 [25536/60000 (43%)]	Loss: 0.702426
Train Epoch: 59 [31936/60000 (53%)]	Loss: 0.386291
Train Epoch: 59 [38336/60000 (64%)]	Loss: 1.025711
Train Epoch: 59 [44736/60000 (75%)]	Loss: 0.536318
Train Epoch: 59 [51136/60000 (85%)]	Loss: 0.399452
Train Epoch: 59 [57536/60000 (96%)]	Loss: 0.736376

Test set: Average loss: 0.8694, Accuracy: 7752/10000 (78%)

Train Epoch: 60 [6336/60000 (11%)]	Loss: 0.648486
Train Epoch: 60 [12736/60000 (21%)]	Loss: 0.666351
Train Epoch: 60 [19136/60000 (32%)]	Loss: 0.526128
Train Epoch: 60 [25536/60000 (43%)]	Loss: 0.996339
Train Epoch: 60 [31936/60000 (53%)]	Loss: 0.453174
Train Epoch: 60 [38336/60000 (64%)]	Loss: 1.372897
Train Epoch: 60 [44736/60000 (75%)]	Loss: 0.686414
Train Epoch: 60 [51136/60000 (85%)]	Loss: 0.566485
Train Epoch: 60 [57536/60000 (96%)]	Loss: 1.158650

Test set: Average loss: 0.8131, Accuracy: 7965/10000 (80%)

Train Epoch: 61 [6336/60000 (11%)]	Loss: 1.033613
Train Epoch: 61 [12736/60000 (21%)]	Loss: 0.584865
Train Epoch: 61 [19136/60000 (32%)]	Loss: 0.834389
Train Epoch: 61 [25536/60000 (43%)]	Loss: 1.207574
Train Epoch: 61 [31936/60000 (53%)]	Loss: 1.098072
Train Epoch: 61 [38336/60000 (64%)]	Loss: 1.713391
Train Epoch: 61 [44736/60000 (75%)]	Loss: 0.506887
Train Epoch: 61 [51136/60000 (85%)]	Loss: 0.802000
Train Epoch: 61 [57536/60000 (96%)]	Loss: 0.546346

Test set: Average loss: 0.7353, Accuracy: 8119/10000 (81%)

Train Epoch: 62 [6336/60000 (11%)]	Loss: 0.710136
Train Epoch: 62 [12736/60000 (21%)]	Loss: 0.997001
Train Epoch: 62 [19136/60000 (32%)]	Loss: 1.046454
Train Epoch: 62 [25536/60000 (43%)]	Loss: 0.794860
Train Epoch: 62 [31936/60000 (53%)]	Loss: 1.041379
Train Epoch: 62 [38336/60000 (64%)]	Loss: 0.985895
Train Epoch: 62 [44736/60000 (75%)]	Loss: 0.920745
Train Epoch: 62 [51136/60000 (85%)]	Loss: 0.617371
Train Epoch: 62 [57536/60000 (96%)]	Loss: 0.519458

Test set: Average loss: 0.8131, Accuracy: 8080/10000 (81%)

Train Epoch: 63 [6336/60000 (11%)]	Loss: 0.930675
Train Epoch: 63 [12736/60000 (21%)]	Loss: 0.776337
Train Epoch: 63 [19136/60000 (32%)]	Loss: 0.632734
Train Epoch: 63 [25536/60000 (43%)]	Loss: 0.947906
Train Epoch: 63 [31936/60000 (53%)]	Loss: 1.021497
Train Epoch: 63 [38336/60000 (64%)]	Loss: 1.477943
Train Epoch: 63 [44736/60000 (75%)]	Loss: 0.697119
Train Epoch: 63 [51136/60000 (85%)]	Loss: 0.461221
Train Epoch: 63 [57536/60000 (96%)]	Loss: 0.624538

Test set: Average loss: 0.9765, Accuracy: 7712/10000 (77%)

Train Epoch: 64 [6336/60000 (11%)]	Loss: 0.846912
Train Epoch: 64 [12736/60000 (21%)]	Loss: 0.478079
Train Epoch: 64 [19136/60000 (32%)]	Loss: 0.609272
Train Epoch: 64 [25536/60000 (43%)]	Loss: 0.393393
Train Epoch: 64 [31936/60000 (53%)]	Loss: 1.103069
Train Epoch: 64 [38336/60000 (64%)]	Loss: 0.409550
Train Epoch: 64 [44736/60000 (75%)]	Loss: 1.212255
Train Epoch: 64 [51136/60000 (85%)]	Loss: 0.634366
Train Epoch: 64 [57536/60000 (96%)]	Loss: 0.838505

Test set: Average loss: 0.8404, Accuracy: 7948/10000 (79%)

Train Epoch: 65 [6336/60000 (11%)]	Loss: 0.704548
Train Epoch: 65 [12736/60000 (21%)]	Loss: 0.722474
Train Epoch: 65 [19136/60000 (32%)]	Loss: 0.825724
Train Epoch: 65 [25536/60000 (43%)]	Loss: 0.866512
Train Epoch: 65 [31936/60000 (53%)]	Loss: 0.757619
Train Epoch: 65 [38336/60000 (64%)]	Loss: 0.826386
Train Epoch: 65 [44736/60000 (75%)]	Loss: 0.456969
Train Epoch: 65 [51136/60000 (85%)]	Loss: 0.697856
Train Epoch: 65 [57536/60000 (96%)]	Loss: 0.981775

Test set: Average loss: 0.7382, Accuracy: 8086/10000 (81%)

Train Epoch: 66 [6336/60000 (11%)]	Loss: 0.882986
Train Epoch: 66 [12736/60000 (21%)]	Loss: 0.617866
Train Epoch: 66 [19136/60000 (32%)]	Loss: 0.782178
Train Epoch: 66 [25536/60000 (43%)]	Loss: 0.646766
Train Epoch: 66 [31936/60000 (53%)]	Loss: 0.900056
Train Epoch: 66 [38336/60000 (64%)]	Loss: 0.720647
Train Epoch: 66 [44736/60000 (75%)]	Loss: 0.745796
Train Epoch: 66 [51136/60000 (85%)]	Loss: 0.685381
Train Epoch: 66 [57536/60000 (96%)]	Loss: 0.261288

Test set: Average loss: 0.6793, Accuracy: 8206/10000 (82%)

Train Epoch: 67 [6336/60000 (11%)]	Loss: 0.644293
Train Epoch: 67 [12736/60000 (21%)]	Loss: 0.523424
Train Epoch: 67 [19136/60000 (32%)]	Loss: 0.772695
Train Epoch: 67 [25536/60000 (43%)]	Loss: 0.643916
Train Epoch: 67 [31936/60000 (53%)]	Loss: 0.816124
Train Epoch: 67 [38336/60000 (64%)]	Loss: 1.088311
Train Epoch: 67 [44736/60000 (75%)]	Loss: 1.003693
Train Epoch: 67 [51136/60000 (85%)]	Loss: 0.924600
Train Epoch: 67 [57536/60000 (96%)]	Loss: 0.957525

Test set: Average loss: 0.7289, Accuracy: 8064/10000 (81%)

Train Epoch: 68 [6336/60000 (11%)]	Loss: 0.368555
Train Epoch: 68 [12736/60000 (21%)]	Loss: 0.722711
Train Epoch: 68 [19136/60000 (32%)]	Loss: 0.284201
Train Epoch: 68 [25536/60000 (43%)]	Loss: 0.300182
Train Epoch: 68 [31936/60000 (53%)]	Loss: 0.649849
Train Epoch: 68 [38336/60000 (64%)]	Loss: 0.528876
Train Epoch: 68 [44736/60000 (75%)]	Loss: 0.955201
Train Epoch: 68 [51136/60000 (85%)]	Loss: 0.894829
Train Epoch: 68 [57536/60000 (96%)]	Loss: 0.733101

Test set: Average loss: 0.8683, Accuracy: 7749/10000 (77%)

Train Epoch: 69 [6336/60000 (11%)]	Loss: 0.698132
Train Epoch: 69 [12736/60000 (21%)]	Loss: 0.581310
Train Epoch: 69 [19136/60000 (32%)]	Loss: 0.694774
Train Epoch: 69 [25536/60000 (43%)]	Loss: 0.956714
Train Epoch: 69 [31936/60000 (53%)]	Loss: 1.288216
Train Epoch: 69 [38336/60000 (64%)]	Loss: 0.576735
Train Epoch: 69 [44736/60000 (75%)]	Loss: 1.037922
Train Epoch: 69 [51136/60000 (85%)]	Loss: 0.574362
Train Epoch: 69 [57536/60000 (96%)]	Loss: 0.873986

Test set: Average loss: 0.5753, Accuracy: 8455/10000 (85%)

Train Epoch: 70 [6336/60000 (11%)]	Loss: 1.187191
Train Epoch: 70 [12736/60000 (21%)]	Loss: 0.425030
Train Epoch: 70 [19136/60000 (32%)]	Loss: 0.679362
Train Epoch: 70 [25536/60000 (43%)]	Loss: 0.744131
Train Epoch: 70 [31936/60000 (53%)]	Loss: 1.333592
Train Epoch: 70 [38336/60000 (64%)]	Loss: 0.680854
Train Epoch: 70 [44736/60000 (75%)]	Loss: 0.724726
Train Epoch: 70 [51136/60000 (85%)]	Loss: 0.946743
Train Epoch: 70 [57536/60000 (96%)]	Loss: 1.712438

Test set: Average loss: 0.8473, Accuracy: 7845/10000 (78%)

Train Epoch: 71 [6336/60000 (11%)]	Loss: 0.767962
Train Epoch: 71 [12736/60000 (21%)]	Loss: 1.037924
Train Epoch: 71 [19136/60000 (32%)]	Loss: 0.773072
Train Epoch: 71 [25536/60000 (43%)]	Loss: 0.602136
Train Epoch: 71 [31936/60000 (53%)]	Loss: 0.534379
Train Epoch: 71 [38336/60000 (64%)]	Loss: 0.821943
Train Epoch: 71 [44736/60000 (75%)]	Loss: 1.103012
Train Epoch: 71 [51136/60000 (85%)]	Loss: 0.799358
Train Epoch: 71 [57536/60000 (96%)]	Loss: 0.778134

Test set: Average loss: 0.7579, Accuracy: 7988/10000 (80%)

Train Epoch: 72 [6336/60000 (11%)]	Loss: 0.751293
Train Epoch: 72 [12736/60000 (21%)]	Loss: 0.998479
Train Epoch: 72 [19136/60000 (32%)]	Loss: 0.738709
Train Epoch: 72 [25536/60000 (43%)]	Loss: 0.641979
Train Epoch: 72 [31936/60000 (53%)]	Loss: 1.122528
Train Epoch: 72 [38336/60000 (64%)]	Loss: 0.762552
Train Epoch: 72 [44736/60000 (75%)]	Loss: 1.091452
Train Epoch: 72 [51136/60000 (85%)]	Loss: 0.926815
Train Epoch: 72 [57536/60000 (96%)]	Loss: 1.452420

Test set: Average loss: 0.6842, Accuracy: 8249/10000 (82%)

Train Epoch: 73 [6336/60000 (11%)]	Loss: 0.822070
Train Epoch: 73 [12736/60000 (21%)]	Loss: 0.831023
Train Epoch: 73 [19136/60000 (32%)]	Loss: 0.590572
Train Epoch: 73 [25536/60000 (43%)]	Loss: 0.782152
Train Epoch: 73 [31936/60000 (53%)]	Loss: 1.067459
Train Epoch: 73 [38336/60000 (64%)]	Loss: 0.852851
Train Epoch: 73 [44736/60000 (75%)]	Loss: 1.014702
Train Epoch: 73 [51136/60000 (85%)]	Loss: 0.600616
Train Epoch: 73 [57536/60000 (96%)]	Loss: 0.537566

Test set: Average loss: 0.6450, Accuracy: 8322/10000 (83%)

Train Epoch: 74 [6336/60000 (11%)]	Loss: 0.595673
Train Epoch: 74 [12736/60000 (21%)]	Loss: 0.727092
Train Epoch: 74 [19136/60000 (32%)]	Loss: 1.101989
Train Epoch: 74 [25536/60000 (43%)]	Loss: 1.136884
Train Epoch: 74 [31936/60000 (53%)]	Loss: 0.640778
Train Epoch: 74 [38336/60000 (64%)]	Loss: 0.809474
Train Epoch: 74 [44736/60000 (75%)]	Loss: 1.271774
Train Epoch: 74 [51136/60000 (85%)]	Loss: 0.727495
Train Epoch: 74 [57536/60000 (96%)]	Loss: 0.643003

Test set: Average loss: 0.6947, Accuracy: 8269/10000 (83%)

Train Epoch: 75 [6336/60000 (11%)]	Loss: 1.066781
Train Epoch: 75 [12736/60000 (21%)]	Loss: 0.705855
Train Epoch: 75 [19136/60000 (32%)]	Loss: 0.630165
Train Epoch: 75 [25536/60000 (43%)]	Loss: 0.627479
Train Epoch: 75 [31936/60000 (53%)]	Loss: 0.761966
Train Epoch: 75 [38336/60000 (64%)]	Loss: 0.772527
Train Epoch: 75 [44736/60000 (75%)]	Loss: 0.550873
Train Epoch: 75 [51136/60000 (85%)]	Loss: 0.673659
Train Epoch: 75 [57536/60000 (96%)]	Loss: 0.977054

Test set: Average loss: 0.8528, Accuracy: 7878/10000 (79%)

Train Epoch: 76 [6336/60000 (11%)]	Loss: 1.032732
Train Epoch: 76 [12736/60000 (21%)]	Loss: 0.419854
Train Epoch: 76 [19136/60000 (32%)]	Loss: 1.109055
Train Epoch: 76 [25536/60000 (43%)]	Loss: 0.785934
Train Epoch: 76 [31936/60000 (53%)]	Loss: 0.720327
Train Epoch: 76 [38336/60000 (64%)]	Loss: 1.156687
Train Epoch: 76 [44736/60000 (75%)]	Loss: 0.875910
Train Epoch: 76 [51136/60000 (85%)]	Loss: 0.671236
Train Epoch: 76 [57536/60000 (96%)]	Loss: 0.732653

Test set: Average loss: 0.7706, Accuracy: 7984/10000 (80%)

Train Epoch: 77 [6336/60000 (11%)]	Loss: 0.447330
Train Epoch: 77 [12736/60000 (21%)]	Loss: 0.852123
Train Epoch: 77 [19136/60000 (32%)]	Loss: 0.594521
Train Epoch: 77 [25536/60000 (43%)]	Loss: 0.505311
Train Epoch: 77 [31936/60000 (53%)]	Loss: 0.361608
Train Epoch: 77 [38336/60000 (64%)]	Loss: 1.334788
Train Epoch: 77 [44736/60000 (75%)]	Loss: 0.792258
Train Epoch: 77 [51136/60000 (85%)]	Loss: 0.903200
Train Epoch: 77 [57536/60000 (96%)]	Loss: 0.744803

Test set: Average loss: 0.6468, Accuracy: 8323/10000 (83%)

Train Epoch: 78 [6336/60000 (11%)]	Loss: 0.408232
Train Epoch: 78 [12736/60000 (21%)]	Loss: 0.876541
Train Epoch: 78 [19136/60000 (32%)]	Loss: 0.813721
Train Epoch: 78 [25536/60000 (43%)]	Loss: 0.782959
Train Epoch: 78 [31936/60000 (53%)]	Loss: 1.179357
Train Epoch: 78 [38336/60000 (64%)]	Loss: 1.134533
Train Epoch: 78 [44736/60000 (75%)]	Loss: 0.890633
Train Epoch: 78 [51136/60000 (85%)]	Loss: 0.638827
Train Epoch: 78 [57536/60000 (96%)]	Loss: 1.058747

Test set: Average loss: 0.6864, Accuracy: 8284/10000 (83%)

Train Epoch: 79 [6336/60000 (11%)]	Loss: 0.659343
Train Epoch: 79 [12736/60000 (21%)]	Loss: 0.724715
Train Epoch: 79 [19136/60000 (32%)]	Loss: 1.156303
Train Epoch: 79 [25536/60000 (43%)]	Loss: 1.515727
Train Epoch: 79 [31936/60000 (53%)]	Loss: 1.110173
Train Epoch: 79 [38336/60000 (64%)]	Loss: 0.507109
Train Epoch: 79 [44736/60000 (75%)]	Loss: 0.889119
Train Epoch: 79 [51136/60000 (85%)]	Loss: 0.710494
Train Epoch: 79 [57536/60000 (96%)]	Loss: 0.786570

Test set: Average loss: 1.0041, Accuracy: 7481/10000 (75%)

Train Epoch: 80 [6336/60000 (11%)]	Loss: 0.445134
Train Epoch: 80 [12736/60000 (21%)]	Loss: 0.453666
Train Epoch: 80 [19136/60000 (32%)]	Loss: 0.447892
Train Epoch: 80 [25536/60000 (43%)]	Loss: 0.930478
Train Epoch: 80 [31936/60000 (53%)]	Loss: 1.135572
Train Epoch: 80 [38336/60000 (64%)]	Loss: 0.481912
Train Epoch: 80 [44736/60000 (75%)]	Loss: 0.882949
Train Epoch: 80 [51136/60000 (85%)]	Loss: 0.598658
Train Epoch: 80 [57536/60000 (96%)]	Loss: 0.508075

Test set: Average loss: 0.7356, Accuracy: 8011/10000 (80%)

Train Epoch: 81 [6336/60000 (11%)]	Loss: 0.857042
Train Epoch: 81 [12736/60000 (21%)]	Loss: 0.605892
Train Epoch: 81 [19136/60000 (32%)]	Loss: 0.773940
Train Epoch: 81 [25536/60000 (43%)]	Loss: 1.309745
Train Epoch: 81 [31936/60000 (53%)]	Loss: 0.877974
Train Epoch: 81 [38336/60000 (64%)]	Loss: 1.127537
Train Epoch: 81 [44736/60000 (75%)]	Loss: 0.624566
Train Epoch: 81 [51136/60000 (85%)]	Loss: 0.676803
Train Epoch: 81 [57536/60000 (96%)]	Loss: 1.212569

Test set: Average loss: 0.7615, Accuracy: 8072/10000 (81%)

Train Epoch: 82 [6336/60000 (11%)]	Loss: 0.511046
Train Epoch: 82 [12736/60000 (21%)]	Loss: 0.859832
Train Epoch: 82 [19136/60000 (32%)]	Loss: 0.348900
Train Epoch: 82 [25536/60000 (43%)]	Loss: 0.540999
Train Epoch: 82 [31936/60000 (53%)]	Loss: 0.621473
Train Epoch: 82 [38336/60000 (64%)]	Loss: 0.681807
Train Epoch: 82 [44736/60000 (75%)]	Loss: 1.018244
Train Epoch: 82 [51136/60000 (85%)]	Loss: 0.793914
Train Epoch: 82 [57536/60000 (96%)]	Loss: 0.706295

Test set: Average loss: 0.7861, Accuracy: 7903/10000 (79%)

Train Epoch: 83 [6336/60000 (11%)]	Loss: 0.855467
Train Epoch: 83 [12736/60000 (21%)]	Loss: 0.398893
Train Epoch: 83 [19136/60000 (32%)]	Loss: 0.658406
Train Epoch: 83 [25536/60000 (43%)]	Loss: 0.716730
Train Epoch: 83 [31936/60000 (53%)]	Loss: 0.682691
Train Epoch: 83 [38336/60000 (64%)]	Loss: 0.979233
Train Epoch: 83 [44736/60000 (75%)]	Loss: 1.154475
Train Epoch: 83 [51136/60000 (85%)]	Loss: 0.963600
Train Epoch: 83 [57536/60000 (96%)]	Loss: 0.875589

Test set: Average loss: 0.7484, Accuracy: 8031/10000 (80%)

Train Epoch: 84 [6336/60000 (11%)]	Loss: 0.633281
Train Epoch: 84 [12736/60000 (21%)]	Loss: 0.599548
Train Epoch: 84 [19136/60000 (32%)]	Loss: 0.961923
Train Epoch: 84 [25536/60000 (43%)]	Loss: 0.968782
Train Epoch: 84 [31936/60000 (53%)]	Loss: 0.911512
Train Epoch: 84 [38336/60000 (64%)]	Loss: 0.626255
Train Epoch: 84 [44736/60000 (75%)]	Loss: 0.696831
Train Epoch: 84 [51136/60000 (85%)]	Loss: 0.972448
Train Epoch: 84 [57536/60000 (96%)]	Loss: 1.003327

Test set: Average loss: 0.6931, Accuracy: 8157/10000 (82%)

Train Epoch: 85 [6336/60000 (11%)]	Loss: 1.059128
Train Epoch: 85 [12736/60000 (21%)]	Loss: 0.629495
Train Epoch: 85 [19136/60000 (32%)]	Loss: 0.760693
Train Epoch: 85 [25536/60000 (43%)]	Loss: 0.584880
Train Epoch: 85 [31936/60000 (53%)]	Loss: 0.882171
Train Epoch: 85 [38336/60000 (64%)]	Loss: 1.280852
Train Epoch: 85 [44736/60000 (75%)]	Loss: 0.612931
Train Epoch: 85 [51136/60000 (85%)]	Loss: 0.748674
Train Epoch: 85 [57536/60000 (96%)]	Loss: 0.798078

Test set: Average loss: 0.6893, Accuracy: 8156/10000 (82%)

Train Epoch: 86 [6336/60000 (11%)]	Loss: 0.617793
Train Epoch: 86 [12736/60000 (21%)]	Loss: 0.682240
Train Epoch: 86 [19136/60000 (32%)]	Loss: 0.858106
Train Epoch: 86 [25536/60000 (43%)]	Loss: 0.570304
Train Epoch: 86 [31936/60000 (53%)]	Loss: 1.010167
Train Epoch: 86 [38336/60000 (64%)]	Loss: 0.779100
Train Epoch: 86 [44736/60000 (75%)]	Loss: 0.745968
Train Epoch: 86 [51136/60000 (85%)]	Loss: 0.810900
Train Epoch: 86 [57536/60000 (96%)]	Loss: 0.601792

Test set: Average loss: 0.8439, Accuracy: 8091/10000 (81%)

Train Epoch: 87 [6336/60000 (11%)]	Loss: 0.451167
Train Epoch: 87 [12736/60000 (21%)]	Loss: 0.863834
Train Epoch: 87 [19136/60000 (32%)]	Loss: 0.884055
Train Epoch: 87 [25536/60000 (43%)]	Loss: 0.630828
Train Epoch: 87 [31936/60000 (53%)]	Loss: 0.474623
Train Epoch: 87 [38336/60000 (64%)]	Loss: 0.329392
Train Epoch: 87 [44736/60000 (75%)]	Loss: 0.861782
Train Epoch: 87 [51136/60000 (85%)]	Loss: 0.526583
Train Epoch: 87 [57536/60000 (96%)]	Loss: 0.833609

Test set: Average loss: 0.7165, Accuracy: 8119/10000 (81%)

Train Epoch: 88 [6336/60000 (11%)]	Loss: 0.795410
Train Epoch: 88 [12736/60000 (21%)]	Loss: 1.137689
Train Epoch: 88 [19136/60000 (32%)]	Loss: 0.792390
Train Epoch: 88 [25536/60000 (43%)]	Loss: 0.300165
Train Epoch: 88 [31936/60000 (53%)]	Loss: 0.688528
Train Epoch: 88 [38336/60000 (64%)]	Loss: 1.286718
Train Epoch: 88 [44736/60000 (75%)]	Loss: 0.754912
Train Epoch: 88 [51136/60000 (85%)]	Loss: 1.172552
Train Epoch: 88 [57536/60000 (96%)]	Loss: 1.018475

Test set: Average loss: 0.7629, Accuracy: 7992/10000 (80%)

Train Epoch: 89 [6336/60000 (11%)]	Loss: 1.034850
Train Epoch: 89 [12736/60000 (21%)]	Loss: 0.685347
Train Epoch: 89 [19136/60000 (32%)]	Loss: 0.780808
Train Epoch: 89 [25536/60000 (43%)]	Loss: 0.985547
Train Epoch: 89 [31936/60000 (53%)]	Loss: 1.057371
Train Epoch: 89 [38336/60000 (64%)]	Loss: 0.973657
Train Epoch: 89 [44736/60000 (75%)]	Loss: 1.135373
Train Epoch: 89 [51136/60000 (85%)]	Loss: 0.627524
Train Epoch: 89 [57536/60000 (96%)]	Loss: 0.833651

Test set: Average loss: 0.9302, Accuracy: 7731/10000 (77%)

Train Epoch: 90 [6336/60000 (11%)]	Loss: 0.807197
Train Epoch: 90 [12736/60000 (21%)]	Loss: 0.766564
Train Epoch: 90 [19136/60000 (32%)]	Loss: 0.763207
Train Epoch: 90 [25536/60000 (43%)]	Loss: 0.669173
Train Epoch: 90 [31936/60000 (53%)]	Loss: 1.073068
Train Epoch: 90 [38336/60000 (64%)]	Loss: 0.654742
Train Epoch: 90 [44736/60000 (75%)]	Loss: 0.768007
Train Epoch: 90 [51136/60000 (85%)]	Loss: 0.751883
Train Epoch: 90 [57536/60000 (96%)]	Loss: 0.978111

Test set: Average loss: 0.6327, Accuracy: 8362/10000 (84%)

Train Epoch: 91 [6336/60000 (11%)]	Loss: 0.861053
Train Epoch: 91 [12736/60000 (21%)]	Loss: 0.689527
Train Epoch: 91 [19136/60000 (32%)]	Loss: 0.838281
Train Epoch: 91 [25536/60000 (43%)]	Loss: 0.762113
Train Epoch: 91 [31936/60000 (53%)]	Loss: 0.804076
Train Epoch: 91 [38336/60000 (64%)]	Loss: 1.260111
Train Epoch: 91 [44736/60000 (75%)]	Loss: 0.773307
Train Epoch: 91 [51136/60000 (85%)]	Loss: 0.671174
Train Epoch: 91 [57536/60000 (96%)]	Loss: 0.552570

Test set: Average loss: 0.7686, Accuracy: 8181/10000 (82%)

Train Epoch: 92 [6336/60000 (11%)]	Loss: 0.545569
Train Epoch: 92 [12736/60000 (21%)]	Loss: 0.835155
Train Epoch: 92 [19136/60000 (32%)]	Loss: 0.582428
Train Epoch: 92 [25536/60000 (43%)]	Loss: 0.518679
Train Epoch: 92 [31936/60000 (53%)]	Loss: 0.649242
Train Epoch: 92 [38336/60000 (64%)]	Loss: 0.545988
Train Epoch: 92 [44736/60000 (75%)]	Loss: 0.755144
Train Epoch: 92 [51136/60000 (85%)]	Loss: 0.445579
Train Epoch: 92 [57536/60000 (96%)]	Loss: 0.374494

Test set: Average loss: 0.7363, Accuracy: 8014/10000 (80%)

Train Epoch: 93 [6336/60000 (11%)]	Loss: 0.390186
Train Epoch: 93 [12736/60000 (21%)]	Loss: 0.413370
Train Epoch: 93 [19136/60000 (32%)]	Loss: 0.827961
Train Epoch: 93 [25536/60000 (43%)]	Loss: 0.318491
Train Epoch: 93 [31936/60000 (53%)]	Loss: 0.907752
Train Epoch: 93 [38336/60000 (64%)]	Loss: 0.804764
Train Epoch: 93 [44736/60000 (75%)]	Loss: 0.979066
Train Epoch: 93 [51136/60000 (85%)]	Loss: 0.757903
Train Epoch: 93 [57536/60000 (96%)]	Loss: 1.057792

Test set: Average loss: 0.7749, Accuracy: 7941/10000 (79%)

Train Epoch: 94 [6336/60000 (11%)]	Loss: 1.006593
Train Epoch: 94 [12736/60000 (21%)]	Loss: 0.651732
Train Epoch: 94 [19136/60000 (32%)]	Loss: 0.667984
Train Epoch: 94 [25536/60000 (43%)]	Loss: 0.796627
Train Epoch: 94 [31936/60000 (53%)]	Loss: 0.776400
Train Epoch: 94 [38336/60000 (64%)]	Loss: 0.544185
Train Epoch: 94 [44736/60000 (75%)]	Loss: 0.832735
Train Epoch: 94 [51136/60000 (85%)]	Loss: 0.953938
Train Epoch: 94 [57536/60000 (96%)]	Loss: 0.605250

Test set: Average loss: 0.6732, Accuracy: 8102/10000 (81%)

Train Epoch: 95 [6336/60000 (11%)]	Loss: 0.521349
Train Epoch: 95 [12736/60000 (21%)]	Loss: 0.862004
Train Epoch: 95 [19136/60000 (32%)]	Loss: 0.575159
Train Epoch: 95 [25536/60000 (43%)]	Loss: 1.313654
Train Epoch: 95 [31936/60000 (53%)]	Loss: 1.054915
Train Epoch: 95 [38336/60000 (64%)]	Loss: 0.431412
Train Epoch: 95 [44736/60000 (75%)]	Loss: 0.936433
Train Epoch: 95 [51136/60000 (85%)]	Loss: 0.631345
Train Epoch: 95 [57536/60000 (96%)]	Loss: 0.844108

Test set: Average loss: 0.7879, Accuracy: 8024/10000 (80%)

Train Epoch: 96 [6336/60000 (11%)]	Loss: 0.845492
Train Epoch: 96 [12736/60000 (21%)]	Loss: 0.994285
Train Epoch: 96 [19136/60000 (32%)]	Loss: 0.700408
Train Epoch: 96 [25536/60000 (43%)]	Loss: 0.529178
Train Epoch: 96 [31936/60000 (53%)]	Loss: 0.363403
Train Epoch: 96 [38336/60000 (64%)]	Loss: 1.116198
Train Epoch: 96 [44736/60000 (75%)]	Loss: 0.817277
Train Epoch: 96 [51136/60000 (85%)]	Loss: 0.511238
Train Epoch: 96 [57536/60000 (96%)]	Loss: 1.200111

Test set: Average loss: 0.9013, Accuracy: 7677/10000 (77%)

Train Epoch: 97 [6336/60000 (11%)]	Loss: 0.805179
Train Epoch: 97 [12736/60000 (21%)]	Loss: 1.009158
Train Epoch: 97 [19136/60000 (32%)]	Loss: 0.559559
Train Epoch: 97 [25536/60000 (43%)]	Loss: 0.597166
Train Epoch: 97 [31936/60000 (53%)]	Loss: 0.937779
Train Epoch: 97 [38336/60000 (64%)]	Loss: 0.679229
Train Epoch: 97 [44736/60000 (75%)]	Loss: 0.517933
Train Epoch: 97 [51136/60000 (85%)]	Loss: 0.964289
Train Epoch: 97 [57536/60000 (96%)]	Loss: 0.485144

Test set: Average loss: 0.7128, Accuracy: 8103/10000 (81%)

Train Epoch: 98 [6336/60000 (11%)]	Loss: 0.522415
Train Epoch: 98 [12736/60000 (21%)]	Loss: 0.915503
Train Epoch: 98 [19136/60000 (32%)]	Loss: 0.445941
Train Epoch: 98 [25536/60000 (43%)]	Loss: 0.582882
Train Epoch: 98 [31936/60000 (53%)]	Loss: 0.896637
Train Epoch: 98 [38336/60000 (64%)]	Loss: 0.668256
Train Epoch: 98 [44736/60000 (75%)]	Loss: 0.799854
Train Epoch: 98 [51136/60000 (85%)]	Loss: 1.548461
Train Epoch: 98 [57536/60000 (96%)]	Loss: 0.821917

Test set: Average loss: 0.8196, Accuracy: 7970/10000 (80%)

Train Epoch: 99 [6336/60000 (11%)]	Loss: 0.561809
Train Epoch: 99 [12736/60000 (21%)]	Loss: 0.935687
Train Epoch: 99 [19136/60000 (32%)]	Loss: 0.857451
Train Epoch: 99 [25536/60000 (43%)]	Loss: 0.788695
Train Epoch: 99 [31936/60000 (53%)]	Loss: 0.858450
Train Epoch: 99 [38336/60000 (64%)]	Loss: 0.532724
Train Epoch: 99 [44736/60000 (75%)]	Loss: 1.277634
Train Epoch: 99 [51136/60000 (85%)]	Loss: 0.434321
Train Epoch: 99 [57536/60000 (96%)]	Loss: 0.908655

Test set: Average loss: 0.7320, Accuracy: 8099/10000 (81%)

Train Epoch: 100 [6336/60000 (11%)]	Loss: 0.403999
Train Epoch: 100 [12736/60000 (21%)]	Loss: 0.785098
Train Epoch: 100 [19136/60000 (32%)]	Loss: 0.626171
Train Epoch: 100 [25536/60000 (43%)]	Loss: 0.817944
Train Epoch: 100 [31936/60000 (53%)]	Loss: 1.036906
Train Epoch: 100 [38336/60000 (64%)]	Loss: 0.470361
Train Epoch: 100 [44736/60000 (75%)]	Loss: 0.697726
Train Epoch: 100 [51136/60000 (85%)]	Loss: 0.633178
Train Epoch: 100 [57536/60000 (96%)]	Loss: 1.279632

Test set: Average loss: 0.8509, Accuracy: 7966/10000 (80%)

Train Epoch: 101 [6336/60000 (11%)]	Loss: 0.410401
Train Epoch: 101 [12736/60000 (21%)]	Loss: 1.022185
Train Epoch: 101 [19136/60000 (32%)]	Loss: 0.691010
Train Epoch: 101 [25536/60000 (43%)]	Loss: 0.957507
Train Epoch: 101 [31936/60000 (53%)]	Loss: 0.951324
Train Epoch: 101 [38336/60000 (64%)]	Loss: 1.048649
Train Epoch: 101 [44736/60000 (75%)]	Loss: 0.529026
Train Epoch: 101 [51136/60000 (85%)]	Loss: 0.745328
Train Epoch: 101 [57536/60000 (96%)]	Loss: 0.292221

Test set: Average loss: 0.6992, Accuracy: 8188/10000 (82%)

Train Epoch: 102 [6336/60000 (11%)]	Loss: 0.500915
Train Epoch: 102 [12736/60000 (21%)]	Loss: 1.036605
Train Epoch: 102 [19136/60000 (32%)]	Loss: 0.765204
Train Epoch: 102 [25536/60000 (43%)]	Loss: 0.398220
Train Epoch: 102 [31936/60000 (53%)]	Loss: 0.783071
Train Epoch: 102 [38336/60000 (64%)]	Loss: 0.801143
Train Epoch: 102 [44736/60000 (75%)]	Loss: 0.771128
Train Epoch: 102 [51136/60000 (85%)]	Loss: 0.774095
Train Epoch: 102 [57536/60000 (96%)]	Loss: 1.030924

Test set: Average loss: 0.8971, Accuracy: 7735/10000 (77%)

Train Epoch: 103 [6336/60000 (11%)]	Loss: 0.495718
Train Epoch: 103 [12736/60000 (21%)]	Loss: 0.690802
Train Epoch: 103 [19136/60000 (32%)]	Loss: 0.791507
Train Epoch: 103 [25536/60000 (43%)]	Loss: 0.742247
Train Epoch: 103 [31936/60000 (53%)]	Loss: 1.064896
Train Epoch: 103 [38336/60000 (64%)]	Loss: 0.764438
Train Epoch: 103 [44736/60000 (75%)]	Loss: 0.949515
Train Epoch: 103 [51136/60000 (85%)]	Loss: 1.170968
Train Epoch: 103 [57536/60000 (96%)]	Loss: 0.641097

Test set: Average loss: 0.8243, Accuracy: 7858/10000 (79%)

Train Epoch: 104 [6336/60000 (11%)]	Loss: 0.343999
Train Epoch: 104 [12736/60000 (21%)]	Loss: 1.127455
Train Epoch: 104 [19136/60000 (32%)]	Loss: 0.604263
Train Epoch: 104 [25536/60000 (43%)]	Loss: 0.688793
Train Epoch: 104 [31936/60000 (53%)]	Loss: 0.736087
Train Epoch: 104 [38336/60000 (64%)]	Loss: 0.633950
Train Epoch: 104 [44736/60000 (75%)]	Loss: 0.952720
Train Epoch: 104 [51136/60000 (85%)]	Loss: 0.530620
Train Epoch: 104 [57536/60000 (96%)]	Loss: 1.174569

Test set: Average loss: 0.6890, Accuracy: 8189/10000 (82%)

Train Epoch: 105 [6336/60000 (11%)]	Loss: 0.645701
Train Epoch: 105 [12736/60000 (21%)]	Loss: 0.564681
Train Epoch: 105 [19136/60000 (32%)]	Loss: 0.489311
Train Epoch: 105 [25536/60000 (43%)]	Loss: 0.773967
Train Epoch: 105 [31936/60000 (53%)]	Loss: 0.704966
Train Epoch: 105 [38336/60000 (64%)]	Loss: 0.463746
Train Epoch: 105 [44736/60000 (75%)]	Loss: 0.661499
Train Epoch: 105 [51136/60000 (85%)]	Loss: 0.474787
Train Epoch: 105 [57536/60000 (96%)]	Loss: 0.662477

Test set: Average loss: 0.7327, Accuracy: 8138/10000 (81%)

Train Epoch: 106 [6336/60000 (11%)]	Loss: 0.725965
Train Epoch: 106 [12736/60000 (21%)]	Loss: 0.382171
Train Epoch: 106 [19136/60000 (32%)]	Loss: 0.953456
Train Epoch: 106 [25536/60000 (43%)]	Loss: 0.648570
Train Epoch: 106 [31936/60000 (53%)]	Loss: 1.010891
Train Epoch: 106 [38336/60000 (64%)]	Loss: 0.557424
Train Epoch: 106 [44736/60000 (75%)]	Loss: 0.704190
Train Epoch: 106 [51136/60000 (85%)]	Loss: 0.635198
Train Epoch: 106 [57536/60000 (96%)]	Loss: 0.712501

Test set: Average loss: 0.7020, Accuracy: 8155/10000 (82%)

Train Epoch: 107 [6336/60000 (11%)]	Loss: 0.691096
Train Epoch: 107 [12736/60000 (21%)]	Loss: 0.703792
Train Epoch: 107 [19136/60000 (32%)]	Loss: 0.772834
Train Epoch: 107 [25536/60000 (43%)]	Loss: 1.031418
Train Epoch: 107 [31936/60000 (53%)]	Loss: 0.829061
Train Epoch: 107 [38336/60000 (64%)]	Loss: 0.760156
Train Epoch: 107 [44736/60000 (75%)]	Loss: 0.942157
Train Epoch: 107 [51136/60000 (85%)]	Loss: 0.551037
Train Epoch: 107 [57536/60000 (96%)]	Loss: 0.854077

Test set: Average loss: 0.6262, Accuracy: 8287/10000 (83%)

Train Epoch: 108 [6336/60000 (11%)]	Loss: 0.792645
Train Epoch: 108 [12736/60000 (21%)]	Loss: 0.618911
Train Epoch: 108 [19136/60000 (32%)]	Loss: 0.572908
Train Epoch: 108 [25536/60000 (43%)]	Loss: 0.432472
Train Epoch: 108 [31936/60000 (53%)]	Loss: 0.949907
Train Epoch: 108 [38336/60000 (64%)]	Loss: 0.793815
Train Epoch: 108 [44736/60000 (75%)]	Loss: 0.857086
Train Epoch: 108 [51136/60000 (85%)]	Loss: 0.726750
Train Epoch: 108 [57536/60000 (96%)]	Loss: 0.489114

Test set: Average loss: 0.7194, Accuracy: 8028/10000 (80%)

Train Epoch: 109 [6336/60000 (11%)]	Loss: 0.891067
Train Epoch: 109 [12736/60000 (21%)]	Loss: 0.386857
Train Epoch: 109 [19136/60000 (32%)]	Loss: 0.491725
Train Epoch: 109 [25536/60000 (43%)]	Loss: 0.714611
Train Epoch: 109 [31936/60000 (53%)]	Loss: 0.416491
Train Epoch: 109 [38336/60000 (64%)]	Loss: 0.609888
Train Epoch: 109 [44736/60000 (75%)]	Loss: 0.841485
Train Epoch: 109 [51136/60000 (85%)]	Loss: 0.752408
Train Epoch: 109 [57536/60000 (96%)]	Loss: 0.565784

Test set: Average loss: 0.7803, Accuracy: 8119/10000 (81%)

Train Epoch: 110 [6336/60000 (11%)]	Loss: 0.910852
Train Epoch: 110 [12736/60000 (21%)]	Loss: 0.417112
Train Epoch: 110 [19136/60000 (32%)]	Loss: 0.889570
Train Epoch: 110 [25536/60000 (43%)]	Loss: 0.435054
Train Epoch: 110 [31936/60000 (53%)]	Loss: 0.772955
Train Epoch: 110 [38336/60000 (64%)]	Loss: 0.657064
Train Epoch: 110 [44736/60000 (75%)]	Loss: 0.231769
Train Epoch: 110 [51136/60000 (85%)]	Loss: 0.489017
Train Epoch: 110 [57536/60000 (96%)]	Loss: 0.957275

Test set: Average loss: 0.6921, Accuracy: 8273/10000 (83%)

Train Epoch: 111 [6336/60000 (11%)]	Loss: 0.799430
Train Epoch: 111 [12736/60000 (21%)]	Loss: 0.948859
Train Epoch: 111 [19136/60000 (32%)]	Loss: 0.848955
Train Epoch: 111 [25536/60000 (43%)]	Loss: 0.937394
Train Epoch: 111 [31936/60000 (53%)]	Loss: 0.459638
Train Epoch: 111 [38336/60000 (64%)]	Loss: 0.388748
Train Epoch: 111 [44736/60000 (75%)]	Loss: 0.484185
Train Epoch: 111 [51136/60000 (85%)]	Loss: 0.955287
Train Epoch: 111 [57536/60000 (96%)]	Loss: 0.878148

Test set: Average loss: 0.7749, Accuracy: 8087/10000 (81%)

Train Epoch: 112 [6336/60000 (11%)]	Loss: 0.708815
Train Epoch: 112 [12736/60000 (21%)]	Loss: 0.460062
Train Epoch: 112 [19136/60000 (32%)]	Loss: 0.425712
Train Epoch: 112 [25536/60000 (43%)]	Loss: 0.488361
Train Epoch: 112 [31936/60000 (53%)]	Loss: 0.674171
Train Epoch: 112 [38336/60000 (64%)]	Loss: 1.042127
Train Epoch: 112 [44736/60000 (75%)]	Loss: 0.476752
Train Epoch: 112 [51136/60000 (85%)]	Loss: 0.727335
Train Epoch: 112 [57536/60000 (96%)]	Loss: 0.300712

Test set: Average loss: 0.7424, Accuracy: 7955/10000 (80%)

Train Epoch: 113 [6336/60000 (11%)]	Loss: 0.762753
Train Epoch: 113 [12736/60000 (21%)]	Loss: 0.725920
Train Epoch: 113 [19136/60000 (32%)]	Loss: 1.304119
Train Epoch: 113 [25536/60000 (43%)]	Loss: 0.758698
Train Epoch: 113 [31936/60000 (53%)]	Loss: 0.583186
Train Epoch: 113 [38336/60000 (64%)]	Loss: 0.594613
Train Epoch: 113 [44736/60000 (75%)]	Loss: 0.824601
Train Epoch: 113 [51136/60000 (85%)]	Loss: 1.040103
Train Epoch: 113 [57536/60000 (96%)]	Loss: 0.721183

Test set: Average loss: 0.6982, Accuracy: 8218/10000 (82%)

Train Epoch: 114 [6336/60000 (11%)]	Loss: 0.399731
Train Epoch: 114 [12736/60000 (21%)]	Loss: 0.793908
Train Epoch: 114 [19136/60000 (32%)]	Loss: 0.726892
Train Epoch: 114 [25536/60000 (43%)]	Loss: 1.227013
Train Epoch: 114 [31936/60000 (53%)]	Loss: 0.677493
Train Epoch: 114 [38336/60000 (64%)]	Loss: 0.604872
Train Epoch: 114 [44736/60000 (75%)]	Loss: 0.474402
Train Epoch: 114 [51136/60000 (85%)]	Loss: 0.667385
Train Epoch: 114 [57536/60000 (96%)]	Loss: 0.359222

Test set: Average loss: 0.7608, Accuracy: 7804/10000 (78%)

Train Epoch: 115 [6336/60000 (11%)]	Loss: 0.686278
Train Epoch: 115 [12736/60000 (21%)]	Loss: 0.577183
Train Epoch: 115 [19136/60000 (32%)]	Loss: 1.134149
Train Epoch: 115 [25536/60000 (43%)]	Loss: 0.367902
Train Epoch: 115 [31936/60000 (53%)]	Loss: 0.394469
Train Epoch: 115 [38336/60000 (64%)]	Loss: 0.607657
Train Epoch: 115 [44736/60000 (75%)]	Loss: 0.476447
Train Epoch: 115 [51136/60000 (85%)]	Loss: 0.517231
Train Epoch: 115 [57536/60000 (96%)]	Loss: 0.565874

Test set: Average loss: 0.7528, Accuracy: 7958/10000 (80%)

Train Epoch: 116 [6336/60000 (11%)]	Loss: 0.845565
Train Epoch: 116 [12736/60000 (21%)]	Loss: 0.807316
Train Epoch: 116 [19136/60000 (32%)]	Loss: 0.370266
Train Epoch: 116 [25536/60000 (43%)]	Loss: 0.144007
Train Epoch: 116 [31936/60000 (53%)]	Loss: 0.508029
Train Epoch: 116 [38336/60000 (64%)]	Loss: 0.788270
Train Epoch: 116 [44736/60000 (75%)]	Loss: 0.388016
Train Epoch: 116 [51136/60000 (85%)]	Loss: 0.663288
Train Epoch: 116 [57536/60000 (96%)]	Loss: 0.562865

Test set: Average loss: 0.7198, Accuracy: 7981/10000 (80%)

Train Epoch: 117 [6336/60000 (11%)]	Loss: 0.501584
Train Epoch: 117 [12736/60000 (21%)]	Loss: 0.885536
Train Epoch: 117 [19136/60000 (32%)]	Loss: 0.920455
Train Epoch: 117 [25536/60000 (43%)]	Loss: 0.489641
Train Epoch: 117 [31936/60000 (53%)]	Loss: 0.764604
Train Epoch: 117 [38336/60000 (64%)]	Loss: 0.612880
Train Epoch: 117 [44736/60000 (75%)]	Loss: 0.716628
Train Epoch: 117 [51136/60000 (85%)]	Loss: 0.575719
Train Epoch: 117 [57536/60000 (96%)]	Loss: 0.360476

Test set: Average loss: 0.8101, Accuracy: 7838/10000 (78%)

Train Epoch: 118 [6336/60000 (11%)]	Loss: 0.438828
Train Epoch: 118 [12736/60000 (21%)]	Loss: 0.749652
Train Epoch: 118 [19136/60000 (32%)]	Loss: 0.484231
Train Epoch: 118 [25536/60000 (43%)]	Loss: 0.795469
Train Epoch: 118 [31936/60000 (53%)]	Loss: 0.560416
Train Epoch: 118 [38336/60000 (64%)]	Loss: 0.910485
Train Epoch: 118 [44736/60000 (75%)]	Loss: 1.178852
Train Epoch: 118 [51136/60000 (85%)]	Loss: 0.768543
Train Epoch: 118 [57536/60000 (96%)]	Loss: 0.389684

Test set: Average loss: 0.7435, Accuracy: 7970/10000 (80%)

Train Epoch: 119 [6336/60000 (11%)]	Loss: 0.882912
Train Epoch: 119 [12736/60000 (21%)]	Loss: 0.504227
Train Epoch: 119 [19136/60000 (32%)]	Loss: 0.985874
Train Epoch: 119 [25536/60000 (43%)]	Loss: 0.911635
Train Epoch: 119 [31936/60000 (53%)]	Loss: 0.595327
Train Epoch: 119 [38336/60000 (64%)]	Loss: 0.963919
Train Epoch: 119 [44736/60000 (75%)]	Loss: 0.518344
Train Epoch: 119 [51136/60000 (85%)]	Loss: 0.565388
Train Epoch: 119 [57536/60000 (96%)]	Loss: 0.471184

Test set: Average loss: 0.5696, Accuracy: 8472/10000 (85%)

Train Epoch: 120 [6336/60000 (11%)]	Loss: 0.391980
Train Epoch: 120 [12736/60000 (21%)]	Loss: 0.394023
Train Epoch: 120 [19136/60000 (32%)]	Loss: 0.795431
Train Epoch: 120 [25536/60000 (43%)]	Loss: 0.672717
Train Epoch: 120 [31936/60000 (53%)]	Loss: 0.340914
Train Epoch: 120 [38336/60000 (64%)]	Loss: 0.545643
Train Epoch: 120 [44736/60000 (75%)]	Loss: 0.396712
Train Epoch: 120 [51136/60000 (85%)]	Loss: 0.261028
Train Epoch: 120 [57536/60000 (96%)]	Loss: 0.377577

Test set: Average loss: 0.7210, Accuracy: 8073/10000 (81%)

Train Epoch: 121 [6336/60000 (11%)]	Loss: 0.177636
Train Epoch: 121 [12736/60000 (21%)]	Loss: 0.882817
Train Epoch: 121 [19136/60000 (32%)]	Loss: 0.544001
Train Epoch: 121 [25536/60000 (43%)]	Loss: 0.549709
Train Epoch: 121 [31936/60000 (53%)]	Loss: 0.717318
Train Epoch: 121 [38336/60000 (64%)]	Loss: 0.484343
Train Epoch: 121 [44736/60000 (75%)]	Loss: 0.599273
Train Epoch: 121 [51136/60000 (85%)]	Loss: 0.374366
Train Epoch: 121 [57536/60000 (96%)]	Loss: 0.445759

Test set: Average loss: 0.7122, Accuracy: 8049/10000 (80%)

Train Epoch: 122 [6336/60000 (11%)]	Loss: 0.442000
Train Epoch: 122 [12736/60000 (21%)]	Loss: 0.550742
Train Epoch: 122 [19136/60000 (32%)]	Loss: 0.825137
Train Epoch: 122 [25536/60000 (43%)]	Loss: 0.394551
Train Epoch: 122 [31936/60000 (53%)]	Loss: 0.357686
Train Epoch: 122 [38336/60000 (64%)]	Loss: 0.850318
Train Epoch: 122 [44736/60000 (75%)]	Loss: 0.803235
Train Epoch: 122 [51136/60000 (85%)]	Loss: 0.579627
Train Epoch: 122 [57536/60000 (96%)]	Loss: 0.989925

Test set: Average loss: 0.6256, Accuracy: 8296/10000 (83%)

Train Epoch: 123 [6336/60000 (11%)]	Loss: 0.591131
Train Epoch: 123 [12736/60000 (21%)]	Loss: 0.602689
Train Epoch: 123 [19136/60000 (32%)]	Loss: 0.503041
Train Epoch: 123 [25536/60000 (43%)]	Loss: 0.663640
Train Epoch: 123 [31936/60000 (53%)]	Loss: 0.527669
Train Epoch: 123 [38336/60000 (64%)]	Loss: 0.607596
Train Epoch: 123 [44736/60000 (75%)]	Loss: 0.791693
Train Epoch: 123 [51136/60000 (85%)]	Loss: 0.686006
Train Epoch: 123 [57536/60000 (96%)]	Loss: 0.616881

Test set: Average loss: 0.7007, Accuracy: 8069/10000 (81%)

Train Epoch: 124 [6336/60000 (11%)]	Loss: 1.037375
Train Epoch: 124 [12736/60000 (21%)]	Loss: 0.452134
Train Epoch: 124 [19136/60000 (32%)]	Loss: 0.280646
Train Epoch: 124 [25536/60000 (43%)]	Loss: 0.649430
Train Epoch: 124 [31936/60000 (53%)]	Loss: 0.926026
Train Epoch: 124 [38336/60000 (64%)]	Loss: 0.763089
Train Epoch: 124 [44736/60000 (75%)]	Loss: 0.809830
Train Epoch: 124 [51136/60000 (85%)]	Loss: 0.487453
Train Epoch: 124 [57536/60000 (96%)]	Loss: 0.486492

Test set: Average loss: 0.5739, Accuracy: 8433/10000 (84%)

Train Epoch: 125 [6336/60000 (11%)]	Loss: 0.645615
Train Epoch: 125 [12736/60000 (21%)]	Loss: 0.897965
Train Epoch: 125 [19136/60000 (32%)]	Loss: 0.565497
Train Epoch: 125 [25536/60000 (43%)]	Loss: 0.566680
Train Epoch: 125 [31936/60000 (53%)]	Loss: 0.892188
Train Epoch: 125 [38336/60000 (64%)]	Loss: 0.496835
Train Epoch: 125 [44736/60000 (75%)]	Loss: 0.840755
Train Epoch: 125 [51136/60000 (85%)]	Loss: 0.897310
Train Epoch: 125 [57536/60000 (96%)]	Loss: 0.597281

Test set: Average loss: 0.7143, Accuracy: 8071/10000 (81%)

Train Epoch: 126 [6336/60000 (11%)]	Loss: 0.571425
Train Epoch: 126 [12736/60000 (21%)]	Loss: 0.544028
Train Epoch: 126 [19136/60000 (32%)]	Loss: 0.464465
Train Epoch: 126 [25536/60000 (43%)]	Loss: 0.482110
Train Epoch: 126 [31936/60000 (53%)]	Loss: 0.820410
Train Epoch: 126 [38336/60000 (64%)]	Loss: 0.775411
Train Epoch: 126 [44736/60000 (75%)]	Loss: 0.736179
Train Epoch: 126 [51136/60000 (85%)]	Loss: 0.531982
Train Epoch: 126 [57536/60000 (96%)]	Loss: 0.873691

Test set: Average loss: 0.7370, Accuracy: 8128/10000 (81%)

Train Epoch: 127 [6336/60000 (11%)]	Loss: 0.756206
Train Epoch: 127 [12736/60000 (21%)]	Loss: 0.124628
Train Epoch: 127 [19136/60000 (32%)]	Loss: 0.232562
Train Epoch: 127 [25536/60000 (43%)]	Loss: 0.562558
Train Epoch: 127 [31936/60000 (53%)]	Loss: 0.740515
Train Epoch: 127 [38336/60000 (64%)]	Loss: 0.647375
Train Epoch: 127 [44736/60000 (75%)]	Loss: 0.814531
Train Epoch: 127 [51136/60000 (85%)]	Loss: 0.890865
Train Epoch: 127 [57536/60000 (96%)]	Loss: 0.758065

Test set: Average loss: 0.6815, Accuracy: 8116/10000 (81%)

Train Epoch: 128 [6336/60000 (11%)]	Loss: 0.530097
Train Epoch: 128 [12736/60000 (21%)]	Loss: 0.441493
Train Epoch: 128 [19136/60000 (32%)]	Loss: 0.503601
Train Epoch: 128 [25536/60000 (43%)]	Loss: 0.791012
Train Epoch: 128 [31936/60000 (53%)]	Loss: 0.744922
Train Epoch: 128 [38336/60000 (64%)]	Loss: 0.803452
Train Epoch: 128 [44736/60000 (75%)]	Loss: 0.681332
Train Epoch: 128 [51136/60000 (85%)]	Loss: 0.601509
Train Epoch: 128 [57536/60000 (96%)]	Loss: 0.438719

Test set: Average loss: 0.7764, Accuracy: 7950/10000 (80%)

Train Epoch: 129 [6336/60000 (11%)]	Loss: 0.658323
Train Epoch: 129 [12736/60000 (21%)]	Loss: 0.502666
Train Epoch: 129 [19136/60000 (32%)]	Loss: 0.661019
Train Epoch: 129 [25536/60000 (43%)]	Loss: 0.717796
Train Epoch: 129 [31936/60000 (53%)]	Loss: 0.371930
Train Epoch: 129 [38336/60000 (64%)]	Loss: 0.756235
Train Epoch: 129 [44736/60000 (75%)]	Loss: 0.456399
Train Epoch: 129 [51136/60000 (85%)]	Loss: 0.552118
Train Epoch: 129 [57536/60000 (96%)]	Loss: 0.716205

Test set: Average loss: 0.5454, Accuracy: 8495/10000 (85%)

Train Epoch: 130 [6336/60000 (11%)]	Loss: 0.568949
Train Epoch: 130 [12736/60000 (21%)]	Loss: 0.499532
Train Epoch: 130 [19136/60000 (32%)]	Loss: 0.645148
Train Epoch: 130 [25536/60000 (43%)]	Loss: 0.908638
Train Epoch: 130 [31936/60000 (53%)]	Loss: 0.429455
Train Epoch: 130 [38336/60000 (64%)]	Loss: 0.347073
Train Epoch: 130 [44736/60000 (75%)]	Loss: 0.641310
Train Epoch: 130 [51136/60000 (85%)]	Loss: 0.331422
Train Epoch: 130 [57536/60000 (96%)]	Loss: 0.640533

Test set: Average loss: 0.5853, Accuracy: 8401/10000 (84%)

Train Epoch: 131 [6336/60000 (11%)]	Loss: 0.576421
Train Epoch: 131 [12736/60000 (21%)]	Loss: 0.685210
Train Epoch: 131 [19136/60000 (32%)]	Loss: 0.688722
Train Epoch: 131 [25536/60000 (43%)]	Loss: 0.537978
Train Epoch: 131 [31936/60000 (53%)]	Loss: 0.661128
Train Epoch: 131 [38336/60000 (64%)]	Loss: 0.805171
Train Epoch: 131 [44736/60000 (75%)]	Loss: 0.777918
Train Epoch: 131 [51136/60000 (85%)]	Loss: 0.619848
Train Epoch: 131 [57536/60000 (96%)]	Loss: 0.731195

Test set: Average loss: 0.6336, Accuracy: 8265/10000 (83%)

Train Epoch: 132 [6336/60000 (11%)]	Loss: 0.986162
Train Epoch: 132 [12736/60000 (21%)]	Loss: 0.743489
Train Epoch: 132 [19136/60000 (32%)]	Loss: 0.325796
Train Epoch: 132 [25536/60000 (43%)]	Loss: 0.979810
Train Epoch: 132 [31936/60000 (53%)]	Loss: 0.420175
Train Epoch: 132 [38336/60000 (64%)]	Loss: 0.604759
Train Epoch: 132 [44736/60000 (75%)]	Loss: 0.750691
Train Epoch: 132 [51136/60000 (85%)]	Loss: 1.155381
Train Epoch: 132 [57536/60000 (96%)]	Loss: 0.783631

Test set: Average loss: 0.7712, Accuracy: 7889/10000 (79%)

Train Epoch: 133 [6336/60000 (11%)]	Loss: 0.846371
Train Epoch: 133 [12736/60000 (21%)]	Loss: 0.667053
Train Epoch: 133 [19136/60000 (32%)]	Loss: 0.644033
Train Epoch: 133 [25536/60000 (43%)]	Loss: 0.524527
Train Epoch: 133 [31936/60000 (53%)]	Loss: 0.325141
Train Epoch: 133 [38336/60000 (64%)]	Loss: 0.563419
Train Epoch: 133 [44736/60000 (75%)]	Loss: 0.451031
Train Epoch: 133 [51136/60000 (85%)]	Loss: 0.406319
Train Epoch: 133 [57536/60000 (96%)]	Loss: 0.913263

Test set: Average loss: 0.5707, Accuracy: 8351/10000 (84%)

Train Epoch: 134 [6336/60000 (11%)]	Loss: 0.311068
Train Epoch: 134 [12736/60000 (21%)]	Loss: 0.714700
Train Epoch: 134 [19136/60000 (32%)]	Loss: 0.576852
Train Epoch: 134 [25536/60000 (43%)]	Loss: 0.359663
Train Epoch: 134 [31936/60000 (53%)]	Loss: 0.441738
Train Epoch: 134 [38336/60000 (64%)]	Loss: 0.493233
Train Epoch: 134 [44736/60000 (75%)]	Loss: 0.428677
Train Epoch: 134 [51136/60000 (85%)]	Loss: 0.481579
Train Epoch: 134 [57536/60000 (96%)]	Loss: 0.694712

Test set: Average loss: 0.5061, Accuracy: 8574/10000 (86%)

Train Epoch: 135 [6336/60000 (11%)]	Loss: 0.715467
Train Epoch: 135 [12736/60000 (21%)]	Loss: 0.627547
Train Epoch: 135 [19136/60000 (32%)]	Loss: 0.215334
Train Epoch: 135 [25536/60000 (43%)]	Loss: 0.538700
Train Epoch: 135 [31936/60000 (53%)]	Loss: 0.575560
Train Epoch: 135 [38336/60000 (64%)]	Loss: 1.095207
Train Epoch: 135 [44736/60000 (75%)]	Loss: 0.472996
Train Epoch: 135 [51136/60000 (85%)]	Loss: 0.341857
Train Epoch: 135 [57536/60000 (96%)]	Loss: 0.701317

Test set: Average loss: 0.6315, Accuracy: 8282/10000 (83%)

Train Epoch: 136 [6336/60000 (11%)]	Loss: 0.622160
Train Epoch: 136 [12736/60000 (21%)]	Loss: 0.578663
Train Epoch: 136 [19136/60000 (32%)]	Loss: 0.350491
Train Epoch: 136 [25536/60000 (43%)]	Loss: 0.605718
Train Epoch: 136 [31936/60000 (53%)]	Loss: 0.462505
Train Epoch: 136 [38336/60000 (64%)]	Loss: 0.790450
Train Epoch: 136 [44736/60000 (75%)]	Loss: 0.465963
Train Epoch: 136 [51136/60000 (85%)]	Loss: 0.282165
Train Epoch: 136 [57536/60000 (96%)]	Loss: 0.463046

Test set: Average loss: 0.6274, Accuracy: 8230/10000 (82%)

Train Epoch: 137 [6336/60000 (11%)]	Loss: 0.622552
Train Epoch: 137 [12736/60000 (21%)]	Loss: 0.525418
Train Epoch: 137 [19136/60000 (32%)]	Loss: 0.479647
Train Epoch: 137 [25536/60000 (43%)]	Loss: 0.363649
Train Epoch: 137 [31936/60000 (53%)]	Loss: 0.760265
Train Epoch: 137 [38336/60000 (64%)]	Loss: 0.728182
Train Epoch: 137 [44736/60000 (75%)]	Loss: 0.631185
Train Epoch: 137 [51136/60000 (85%)]	Loss: 0.754430
Train Epoch: 137 [57536/60000 (96%)]	Loss: 0.625721

Test set: Average loss: 0.5321, Accuracy: 8491/10000 (85%)

Train Epoch: 138 [6336/60000 (11%)]	Loss: 0.436559
Train Epoch: 138 [12736/60000 (21%)]	Loss: 0.581662
Train Epoch: 138 [19136/60000 (32%)]	Loss: 0.469566
Train Epoch: 138 [25536/60000 (43%)]	Loss: 0.429876
Train Epoch: 138 [31936/60000 (53%)]	Loss: 0.521819
Train Epoch: 138 [38336/60000 (64%)]	Loss: 0.785452
Train Epoch: 138 [44736/60000 (75%)]	Loss: 0.694316
Train Epoch: 138 [51136/60000 (85%)]	Loss: 0.754964
Train Epoch: 138 [57536/60000 (96%)]	Loss: 0.624034

Test set: Average loss: 0.6107, Accuracy: 8219/10000 (82%)

Train Epoch: 139 [6336/60000 (11%)]	Loss: 0.874126
Train Epoch: 139 [12736/60000 (21%)]	Loss: 0.242048
Train Epoch: 139 [19136/60000 (32%)]	Loss: 0.415853
Train Epoch: 139 [25536/60000 (43%)]	Loss: 0.593134
Train Epoch: 139 [31936/60000 (53%)]	Loss: 0.967383
Train Epoch: 139 [38336/60000 (64%)]	Loss: 0.481253
Train Epoch: 139 [44736/60000 (75%)]	Loss: 0.513759
Train Epoch: 139 [51136/60000 (85%)]	Loss: 0.525254
Train Epoch: 139 [57536/60000 (96%)]	Loss: 0.743076

Test set: Average loss: 0.5854, Accuracy: 8483/10000 (85%)

Train Epoch: 140 [6336/60000 (11%)]	Loss: 0.501283
Train Epoch: 140 [12736/60000 (21%)]	Loss: 0.466310
Train Epoch: 140 [19136/60000 (32%)]	Loss: 0.790513
Train Epoch: 140 [25536/60000 (43%)]	Loss: 0.668426
Train Epoch: 140 [31936/60000 (53%)]	Loss: 0.451331
Train Epoch: 140 [38336/60000 (64%)]	Loss: 0.337609
Train Epoch: 140 [44736/60000 (75%)]	Loss: 0.428312
Train Epoch: 140 [51136/60000 (85%)]	Loss: 0.705340
Train Epoch: 140 [57536/60000 (96%)]	Loss: 0.482789

Test set: Average loss: 0.5907, Accuracy: 8330/10000 (83%)

Train Epoch: 141 [6336/60000 (11%)]	Loss: 0.658228
Train Epoch: 141 [12736/60000 (21%)]	Loss: 0.576346
Train Epoch: 141 [19136/60000 (32%)]	Loss: 0.482764
Train Epoch: 141 [25536/60000 (43%)]	Loss: 0.298939
Train Epoch: 141 [31936/60000 (53%)]	Loss: 0.767808
Train Epoch: 141 [38336/60000 (64%)]	Loss: 0.443804
Train Epoch: 141 [44736/60000 (75%)]	Loss: 0.589866
Train Epoch: 141 [51136/60000 (85%)]	Loss: 0.537056
Train Epoch: 141 [57536/60000 (96%)]	Loss: 0.321299

Test set: Average loss: 0.5588, Accuracy: 8444/10000 (84%)

Train Epoch: 142 [6336/60000 (11%)]	Loss: 0.613780
Train Epoch: 142 [12736/60000 (21%)]	Loss: 0.782203
Train Epoch: 142 [19136/60000 (32%)]	Loss: 0.394936
Train Epoch: 142 [25536/60000 (43%)]	Loss: 0.414069
Train Epoch: 142 [31936/60000 (53%)]	Loss: 0.587963
Train Epoch: 142 [38336/60000 (64%)]	Loss: 0.310269
Train Epoch: 142 [44736/60000 (75%)]	Loss: 0.510722
Train Epoch: 142 [51136/60000 (85%)]	Loss: 0.382826
Train Epoch: 142 [57536/60000 (96%)]	Loss: 0.375833

Test set: Average loss: 0.6069, Accuracy: 8337/10000 (83%)

Train Epoch: 143 [6336/60000 (11%)]	Loss: 0.434591
Train Epoch: 143 [12736/60000 (21%)]	Loss: 0.355580
Train Epoch: 143 [19136/60000 (32%)]	Loss: 0.254865
Train Epoch: 143 [25536/60000 (43%)]	Loss: 0.488415
Train Epoch: 143 [31936/60000 (53%)]	Loss: 0.381323
Train Epoch: 143 [38336/60000 (64%)]	Loss: 0.670663
Train Epoch: 143 [44736/60000 (75%)]	Loss: 0.223740
Train Epoch: 143 [51136/60000 (85%)]	Loss: 0.459851
Train Epoch: 143 [57536/60000 (96%)]	Loss: 0.336900

Test set: Average loss: 0.4540, Accuracy: 8639/10000 (86%)

Train Epoch: 144 [6336/60000 (11%)]	Loss: 0.422919
Train Epoch: 144 [12736/60000 (21%)]	Loss: 0.566479
Train Epoch: 144 [19136/60000 (32%)]	Loss: 0.366258
Train Epoch: 144 [25536/60000 (43%)]	Loss: 0.320168
Train Epoch: 144 [31936/60000 (53%)]	Loss: 0.519277
Train Epoch: 144 [38336/60000 (64%)]	Loss: 0.423066
Train Epoch: 144 [44736/60000 (75%)]	Loss: 0.360719
Train Epoch: 144 [51136/60000 (85%)]	Loss: 0.630123
Train Epoch: 144 [57536/60000 (96%)]	Loss: 0.309924

Test set: Average loss: 0.4279, Accuracy: 8747/10000 (87%)

Train Epoch: 145 [6336/60000 (11%)]	Loss: 0.347047
Train Epoch: 145 [12736/60000 (21%)]	Loss: 0.368626
Train Epoch: 145 [19136/60000 (32%)]	Loss: 0.748313
Train Epoch: 145 [25536/60000 (43%)]	Loss: 0.337195
Train Epoch: 145 [31936/60000 (53%)]	Loss: 0.420215
Train Epoch: 145 [38336/60000 (64%)]	Loss: 0.487533
Train Epoch: 145 [44736/60000 (75%)]	Loss: 0.437856
Train Epoch: 145 [51136/60000 (85%)]	Loss: 0.578151
Train Epoch: 145 [57536/60000 (96%)]	Loss: 0.450878

Test set: Average loss: 0.4857, Accuracy: 8533/10000 (85%)

Train Epoch: 146 [6336/60000 (11%)]	Loss: 0.428147
Train Epoch: 146 [12736/60000 (21%)]	Loss: 0.321417
Train Epoch: 146 [19136/60000 (32%)]	Loss: 0.416872
Train Epoch: 146 [25536/60000 (43%)]	Loss: 0.272005
Train Epoch: 146 [31936/60000 (53%)]	Loss: 0.736446
Train Epoch: 146 [38336/60000 (64%)]	Loss: 0.439606
Train Epoch: 146 [44736/60000 (75%)]	Loss: 0.339778
Train Epoch: 146 [51136/60000 (85%)]	Loss: 0.462425
Train Epoch: 146 [57536/60000 (96%)]	Loss: 0.560336

Test set: Average loss: 0.4874, Accuracy: 8520/10000 (85%)

Train Epoch: 147 [6336/60000 (11%)]	Loss: 0.587840
Train Epoch: 147 [12736/60000 (21%)]	Loss: 0.321970
Train Epoch: 147 [19136/60000 (32%)]	Loss: 0.297424
Train Epoch: 147 [25536/60000 (43%)]	Loss: 0.386075
Train Epoch: 147 [31936/60000 (53%)]	Loss: 0.385333
Train Epoch: 147 [38336/60000 (64%)]	Loss: 0.376087
Train Epoch: 147 [44736/60000 (75%)]	Loss: 0.560906
Train Epoch: 147 [51136/60000 (85%)]	Loss: 0.289857
Train Epoch: 147 [57536/60000 (96%)]	Loss: 0.233273

Test set: Average loss: 0.4082, Accuracy: 8790/10000 (88%)

Train Epoch: 148 [6336/60000 (11%)]	Loss: 0.361643
Train Epoch: 148 [12736/60000 (21%)]	Loss: 0.119757
Train Epoch: 148 [19136/60000 (32%)]	Loss: 0.386288
Train Epoch: 148 [25536/60000 (43%)]	Loss: 0.430980
Train Epoch: 148 [31936/60000 (53%)]	Loss: 0.121199
Train Epoch: 148 [38336/60000 (64%)]	Loss: 0.600401
Train Epoch: 148 [44736/60000 (75%)]	Loss: 0.250824
Train Epoch: 148 [51136/60000 (85%)]	Loss: 0.264428
Train Epoch: 148 [57536/60000 (96%)]	Loss: 0.472809

Test set: Average loss: 0.3478, Accuracy: 8961/10000 (90%)

Train Epoch: 149 [6336/60000 (11%)]	Loss: 0.174962
Train Epoch: 149 [12736/60000 (21%)]	Loss: 0.200169
Train Epoch: 149 [19136/60000 (32%)]	Loss: 0.252949
Train Epoch: 149 [25536/60000 (43%)]	Loss: 0.527971
Train Epoch: 149 [31936/60000 (53%)]	Loss: 0.149441
Train Epoch: 149 [38336/60000 (64%)]	Loss: 0.190558
Train Epoch: 149 [44736/60000 (75%)]	Loss: 0.323856
Train Epoch: 149 [51136/60000 (85%)]	Loss: 0.330061
Train Epoch: 149 [57536/60000 (96%)]	Loss: 0.154042

Test set: Average loss: 0.3569, Accuracy: 8924/10000 (89%)

Train Epoch: 150 [6336/60000 (11%)]	Loss: 0.209472
Train Epoch: 150 [12736/60000 (21%)]	Loss: 0.153133
Train Epoch: 150 [19136/60000 (32%)]	Loss: 0.188133
Train Epoch: 150 [25536/60000 (43%)]	Loss: 0.167586
Train Epoch: 150 [31936/60000 (53%)]	Loss: 0.087117
Train Epoch: 150 [38336/60000 (64%)]	Loss: 0.291805
Train Epoch: 150 [44736/60000 (75%)]	Loss: 0.132542
Train Epoch: 150 [51136/60000 (85%)]	Loss: 0.177821
Train Epoch: 150 [57536/60000 (96%)]	Loss: 0.263788

Test set: Average loss: 0.2359, Accuracy: 9305/10000 (93%)

Namespace(batch_size=64, bias=None, data='../data', device=1, epochs=150, hidden_size=500, load_weights=None, log_interval=100, lr=0.1, model='redfc2', momentum=0.9, no_cuda=False, r=5, save_model=None, save_results=True, seed=1, sparsity=0.5, use_relu=False, wd=0.0005)


Total time spent pruning/training: 35.68 minutes
Total number of parameters in model: 1991420
Number of parameters in pruned model: 995710
