Namespace(batch_size=64, bias=None, data='../data', device=1, epochs=12, hidden_size=500, load_weights=None, log_interval=100, lr=0.1, model='redfc2', momentum=0.9, no_cuda=False, r=5, save_model=None, save_results=True, seed=1, sparsity=0.01, use_relu=False, wd=0.0005) 

Pruning a Two-Layer Fully Connected Redundant Network ...
Train Epoch: 1 [6336/60000 (11%)]	Loss: 6.319695
Train Epoch: 1 [12736/60000 (21%)]	Loss: 7.282774
Train Epoch: 1 [19136/60000 (32%)]	Loss: 11.757396
Train Epoch: 1 [25536/60000 (43%)]	Loss: 11.550618
Train Epoch: 1 [31936/60000 (53%)]	Loss: 12.442515
Train Epoch: 1 [38336/60000 (64%)]	Loss: 10.038383
Train Epoch: 1 [44736/60000 (75%)]	Loss: 14.018641
Train Epoch: 1 [51136/60000 (85%)]	Loss: 13.866883
Train Epoch: 1 [57536/60000 (96%)]	Loss: 13.986225

Test set: Average loss: 14.9508, Accuracy: 1055/10000 (11%)

Train Epoch: 2 [6336/60000 (11%)]	Loss: 13.652569
Train Epoch: 2 [12736/60000 (21%)]	Loss: 15.002443
Train Epoch: 2 [19136/60000 (32%)]	Loss: 16.778671
Train Epoch: 2 [25536/60000 (43%)]	Loss: 17.343632
Train Epoch: 2 [31936/60000 (53%)]	Loss: 16.862844
Train Epoch: 2 [38336/60000 (64%)]	Loss: 16.953552
Train Epoch: 2 [44736/60000 (75%)]	Loss: 15.118800
Train Epoch: 2 [51136/60000 (85%)]	Loss: 16.632593
Train Epoch: 2 [57536/60000 (96%)]	Loss: 16.752953

Test set: Average loss: 16.2001, Accuracy: 1013/10000 (10%)

Train Epoch: 3 [6336/60000 (11%)]	Loss: 17.343283
Train Epoch: 3 [12736/60000 (21%)]	Loss: 18.264471
Train Epoch: 3 [19136/60000 (32%)]	Loss: 17.300316
Train Epoch: 3 [25536/60000 (43%)]	Loss: 16.540579
Train Epoch: 3 [31936/60000 (53%)]	Loss: 17.880997
Train Epoch: 3 [38336/60000 (64%)]	Loss: 17.089314
Train Epoch: 3 [44736/60000 (75%)]	Loss: 16.945442
Train Epoch: 3 [51136/60000 (85%)]	Loss: 17.520966
Train Epoch: 3 [57536/60000 (96%)]	Loss: 15.796831

Test set: Average loss: 17.2270, Accuracy: 924/10000 (9%)

Train Epoch: 4 [6336/60000 (11%)]	Loss: 16.724262
Train Epoch: 4 [12736/60000 (21%)]	Loss: 17.585913
Train Epoch: 4 [19136/60000 (32%)]	Loss: 15.518023
Train Epoch: 4 [25536/60000 (43%)]	Loss: 19.591461
Train Epoch: 4 [31936/60000 (53%)]	Loss: 15.794614
Train Epoch: 4 [38336/60000 (64%)]	Loss: 14.880103
Train Epoch: 4 [44736/60000 (75%)]	Loss: 16.698620
Train Epoch: 4 [51136/60000 (85%)]	Loss: 15.124682
Train Epoch: 4 [57536/60000 (96%)]	Loss: 16.820326

Test set: Average loss: 17.4849, Accuracy: 963/10000 (10%)

Train Epoch: 5 [6336/60000 (11%)]	Loss: 16.546377
Train Epoch: 5 [12736/60000 (21%)]	Loss: 18.349174
Train Epoch: 5 [19136/60000 (32%)]	Loss: 17.839354
Train Epoch: 5 [25536/60000 (43%)]	Loss: 17.632488
Train Epoch: 5 [31936/60000 (53%)]	Loss: 15.562719
Train Epoch: 5 [38336/60000 (64%)]	Loss: 16.358738
Train Epoch: 5 [44736/60000 (75%)]	Loss: 20.843477
Train Epoch: 5 [51136/60000 (85%)]	Loss: 19.714357
Train Epoch: 5 [57536/60000 (96%)]	Loss: 17.007929

Test set: Average loss: 17.5636, Accuracy: 947/10000 (9%)

Train Epoch: 6 [6336/60000 (11%)]	Loss: 16.027008
Train Epoch: 6 [12736/60000 (21%)]	Loss: 14.753598
Train Epoch: 6 [19136/60000 (32%)]	Loss: 16.458662
Train Epoch: 6 [25536/60000 (43%)]	Loss: 17.017269
Train Epoch: 6 [31936/60000 (53%)]	Loss: 17.095160
Train Epoch: 6 [38336/60000 (64%)]	Loss: 19.905790
Train Epoch: 6 [44736/60000 (75%)]	Loss: 18.274689
Train Epoch: 6 [51136/60000 (85%)]	Loss: 18.631134
Train Epoch: 6 [57536/60000 (96%)]	Loss: 18.824917

Test set: Average loss: 17.5648, Accuracy: 915/10000 (9%)

Train Epoch: 7 [6336/60000 (11%)]	Loss: 17.320360
Train Epoch: 7 [12736/60000 (21%)]	Loss: 17.715504
Train Epoch: 7 [19136/60000 (32%)]	Loss: 15.534035
Train Epoch: 7 [25536/60000 (43%)]	Loss: 16.110224
Train Epoch: 7 [31936/60000 (53%)]	Loss: 14.156000
Train Epoch: 7 [38336/60000 (64%)]	Loss: 18.208368
Train Epoch: 7 [44736/60000 (75%)]	Loss: 16.893005
Train Epoch: 7 [51136/60000 (85%)]	Loss: 16.760900
Train Epoch: 7 [57536/60000 (96%)]	Loss: 16.011524

Test set: Average loss: 17.6491, Accuracy: 912/10000 (9%)

Train Epoch: 8 [6336/60000 (11%)]	Loss: 18.588467
Train Epoch: 8 [12736/60000 (21%)]	Loss: 18.841986
Train Epoch: 8 [19136/60000 (32%)]	Loss: 14.975411
Train Epoch: 8 [25536/60000 (43%)]	Loss: 17.874905
Train Epoch: 8 [31936/60000 (53%)]	Loss: 17.547613
Train Epoch: 8 [38336/60000 (64%)]	Loss: 17.238234
Train Epoch: 8 [44736/60000 (75%)]	Loss: 17.414471
Train Epoch: 8 [51136/60000 (85%)]	Loss: 16.414646
Train Epoch: 8 [57536/60000 (96%)]	Loss: 16.719093

Test set: Average loss: 18.0935, Accuracy: 949/10000 (9%)

Train Epoch: 9 [6336/60000 (11%)]	Loss: 16.266314
Train Epoch: 9 [12736/60000 (21%)]	Loss: 15.965809
Train Epoch: 9 [19136/60000 (32%)]	Loss: 16.467005
Train Epoch: 9 [25536/60000 (43%)]	Loss: 18.174034
Train Epoch: 9 [31936/60000 (53%)]	Loss: 15.931551
Train Epoch: 9 [38336/60000 (64%)]	Loss: 18.417646
Train Epoch: 9 [44736/60000 (75%)]	Loss: 18.802242
Train Epoch: 9 [51136/60000 (85%)]	Loss: 18.788843
Train Epoch: 9 [57536/60000 (96%)]	Loss: 16.569490

Test set: Average loss: 18.1143, Accuracy: 965/10000 (10%)

Train Epoch: 10 [6336/60000 (11%)]	Loss: 17.258026
Train Epoch: 10 [12736/60000 (21%)]	Loss: 15.745313
Train Epoch: 10 [19136/60000 (32%)]	Loss: 18.472630
Train Epoch: 10 [25536/60000 (43%)]	Loss: 17.863098
Train Epoch: 10 [31936/60000 (53%)]	Loss: 19.679228
Train Epoch: 10 [38336/60000 (64%)]	Loss: 18.885139
Train Epoch: 10 [44736/60000 (75%)]	Loss: 17.234034
Train Epoch: 10 [51136/60000 (85%)]	Loss: 19.643829
Train Epoch: 10 [57536/60000 (96%)]	Loss: 17.360382

Test set: Average loss: 17.9323, Accuracy: 948/10000 (9%)

Train Epoch: 11 [6336/60000 (11%)]	Loss: 16.431194
Train Epoch: 11 [12736/60000 (21%)]	Loss: 14.727920
Train Epoch: 11 [19136/60000 (32%)]	Loss: 13.134360
Train Epoch: 11 [25536/60000 (43%)]	Loss: 17.626104
Train Epoch: 11 [31936/60000 (53%)]	Loss: 16.113104
Train Epoch: 11 [38336/60000 (64%)]	Loss: 17.062479
Train Epoch: 11 [44736/60000 (75%)]	Loss: 18.709631
Train Epoch: 11 [51136/60000 (85%)]	Loss: 14.856952
Train Epoch: 11 [57536/60000 (96%)]	Loss: 17.138062

Test set: Average loss: 17.8164, Accuracy: 916/10000 (9%)

Train Epoch: 12 [6336/60000 (11%)]	Loss: 18.820658
Train Epoch: 12 [12736/60000 (21%)]	Loss: 18.575893
Train Epoch: 12 [19136/60000 (32%)]	Loss: 17.060808
Train Epoch: 12 [25536/60000 (43%)]	Loss: 15.463130
Train Epoch: 12 [31936/60000 (53%)]	Loss: 17.590984
Train Epoch: 12 [38336/60000 (64%)]	Loss: 18.344574
Train Epoch: 12 [44736/60000 (75%)]	Loss: 18.325308
Train Epoch: 12 [51136/60000 (85%)]	Loss: 18.534145
Train Epoch: 12 [57536/60000 (96%)]	Loss: 17.078232

Test set: Average loss: 17.9231, Accuracy: 873/10000 (9%)

Namespace(batch_size=64, bias=None, data='../data', device=1, epochs=12, hidden_size=500, load_weights=None, log_interval=100, lr=0.1, model='redfc2', momentum=0.9, no_cuda=False, r=5, save_model=None, save_results=True, seed=1, sparsity=0.01, use_relu=False, wd=0.0005)


Total time spent pruning/training: 1.31 minutes
Total number of parameters in model: 1991420
Number of parameters in pruned model: 1971505
