Namespace(batch_size=64, bias=None, data='../data', device=1, epochs=16, hidden_size=500, load_weights=None, log_interval=100, lr=0.1, model='redfc2', momentum=0.9, no_cuda=False, r=5, save_model=None, save_results=True, seed=1, sparsity=0.025, use_relu=False, wd=0.0005) 

Pruning a Two-Layer Fully Connected Redundant Network ...
Train Epoch: 1 [6336/60000 (11%)]	Loss: 1.659309
Train Epoch: 1 [12736/60000 (21%)]	Loss: 1.421875
Train Epoch: 1 [19136/60000 (32%)]	Loss: 1.776607
Train Epoch: 1 [25536/60000 (43%)]	Loss: 1.598150
Train Epoch: 1 [31936/60000 (53%)]	Loss: 1.630796
Train Epoch: 1 [38336/60000 (64%)]	Loss: 1.568500
Train Epoch: 1 [44736/60000 (75%)]	Loss: 2.402976
Train Epoch: 1 [51136/60000 (85%)]	Loss: 3.034821
Train Epoch: 1 [57536/60000 (96%)]	Loss: 3.336103

Test set: Average loss: 4.6209, Accuracy: 4382/10000 (44%)

Train Epoch: 2 [6336/60000 (11%)]	Loss: 4.407574
Train Epoch: 2 [12736/60000 (21%)]	Loss: 5.111015
Train Epoch: 2 [19136/60000 (32%)]	Loss: 5.187661
Train Epoch: 2 [25536/60000 (43%)]	Loss: 7.354246
Train Epoch: 2 [31936/60000 (53%)]	Loss: 7.883058
Train Epoch: 2 [38336/60000 (64%)]	Loss: 6.996884
Train Epoch: 2 [44736/60000 (75%)]	Loss: 7.441243
Train Epoch: 2 [51136/60000 (85%)]	Loss: 7.876756
Train Epoch: 2 [57536/60000 (96%)]	Loss: 9.063223

Test set: Average loss: 7.7730, Accuracy: 2683/10000 (27%)

Train Epoch: 3 [6336/60000 (11%)]	Loss: 8.091169
Train Epoch: 3 [12736/60000 (21%)]	Loss: 11.129653
Train Epoch: 3 [19136/60000 (32%)]	Loss: 10.683351
Train Epoch: 3 [25536/60000 (43%)]	Loss: 8.934203
Train Epoch: 3 [31936/60000 (53%)]	Loss: 10.173456
Train Epoch: 3 [38336/60000 (64%)]	Loss: 11.766289
Train Epoch: 3 [44736/60000 (75%)]	Loss: 10.194445
Train Epoch: 3 [51136/60000 (85%)]	Loss: 11.008517
Train Epoch: 3 [57536/60000 (96%)]	Loss: 10.417155

Test set: Average loss: 10.8352, Accuracy: 1709/10000 (17%)

Train Epoch: 4 [6336/60000 (11%)]	Loss: 10.476548
Train Epoch: 4 [12736/60000 (21%)]	Loss: 12.586970
Train Epoch: 4 [19136/60000 (32%)]	Loss: 10.330508
Train Epoch: 4 [25536/60000 (43%)]	Loss: 13.916894
Train Epoch: 4 [31936/60000 (53%)]	Loss: 10.234137
Train Epoch: 4 [38336/60000 (64%)]	Loss: 9.878483
Train Epoch: 4 [44736/60000 (75%)]	Loss: 11.814290
Train Epoch: 4 [51136/60000 (85%)]	Loss: 10.263896
Train Epoch: 4 [57536/60000 (96%)]	Loss: 11.888385

Test set: Average loss: 12.5565, Accuracy: 1384/10000 (14%)

Train Epoch: 5 [6336/60000 (11%)]	Loss: 13.037088
Train Epoch: 5 [12736/60000 (21%)]	Loss: 12.006224
Train Epoch: 5 [19136/60000 (32%)]	Loss: 12.623171
Train Epoch: 5 [25536/60000 (43%)]	Loss: 11.574631
Train Epoch: 5 [31936/60000 (53%)]	Loss: 11.262332
Train Epoch: 5 [38336/60000 (64%)]	Loss: 12.353014
Train Epoch: 5 [44736/60000 (75%)]	Loss: 15.308612
Train Epoch: 5 [51136/60000 (85%)]	Loss: 15.207679
Train Epoch: 5 [57536/60000 (96%)]	Loss: 12.736951

Test set: Average loss: 12.8857, Accuracy: 1256/10000 (13%)

Train Epoch: 6 [6336/60000 (11%)]	Loss: 12.229519
Train Epoch: 6 [12736/60000 (21%)]	Loss: 11.190799
Train Epoch: 6 [19136/60000 (32%)]	Loss: 12.116845
Train Epoch: 6 [25536/60000 (43%)]	Loss: 12.378715
Train Epoch: 6 [31936/60000 (53%)]	Loss: 13.352163
Train Epoch: 6 [38336/60000 (64%)]	Loss: 14.245438
Train Epoch: 6 [44736/60000 (75%)]	Loss: 13.823467
Train Epoch: 6 [51136/60000 (85%)]	Loss: 13.295924
Train Epoch: 6 [57536/60000 (96%)]	Loss: 15.064457

Test set: Average loss: 13.1258, Accuracy: 1249/10000 (12%)

Train Epoch: 7 [6336/60000 (11%)]	Loss: 13.163032
Train Epoch: 7 [12736/60000 (21%)]	Loss: 13.481953
Train Epoch: 7 [19136/60000 (32%)]	Loss: 12.492879
Train Epoch: 7 [25536/60000 (43%)]	Loss: 12.012737
Train Epoch: 7 [31936/60000 (53%)]	Loss: 10.345674
Train Epoch: 7 [38336/60000 (64%)]	Loss: 13.761388
Train Epoch: 7 [44736/60000 (75%)]	Loss: 13.120878
Train Epoch: 7 [51136/60000 (85%)]	Loss: 11.754475
Train Epoch: 7 [57536/60000 (96%)]	Loss: 12.251307

Test set: Average loss: 13.5801, Accuracy: 1236/10000 (12%)

Train Epoch: 8 [6336/60000 (11%)]	Loss: 14.196734
Train Epoch: 8 [12736/60000 (21%)]	Loss: 14.296032
Train Epoch: 8 [19136/60000 (32%)]	Loss: 11.849886
Train Epoch: 8 [25536/60000 (43%)]	Loss: 13.480381
Train Epoch: 8 [31936/60000 (53%)]	Loss: 13.898415
Train Epoch: 8 [38336/60000 (64%)]	Loss: 12.532135
Train Epoch: 8 [44736/60000 (75%)]	Loss: 14.073102
Train Epoch: 8 [51136/60000 (85%)]	Loss: 12.860403
Train Epoch: 8 [57536/60000 (96%)]	Loss: 12.627428

Test set: Average loss: 13.4841, Accuracy: 1204/10000 (12%)

Train Epoch: 9 [6336/60000 (11%)]	Loss: 12.539726
Train Epoch: 9 [12736/60000 (21%)]	Loss: 12.032037
Train Epoch: 9 [19136/60000 (32%)]	Loss: 13.076067
Train Epoch: 9 [25536/60000 (43%)]	Loss: 13.928065
Train Epoch: 9 [31936/60000 (53%)]	Loss: 12.390446
Train Epoch: 9 [38336/60000 (64%)]	Loss: 14.705853
Train Epoch: 9 [44736/60000 (75%)]	Loss: 15.092386
Train Epoch: 9 [51136/60000 (85%)]	Loss: 15.229324
Train Epoch: 9 [57536/60000 (96%)]	Loss: 12.933721

Test set: Average loss: 14.0093, Accuracy: 1155/10000 (12%)

Train Epoch: 10 [6336/60000 (11%)]	Loss: 14.219773
Train Epoch: 10 [12736/60000 (21%)]	Loss: 12.266975
Train Epoch: 10 [19136/60000 (32%)]	Loss: 15.245694
Train Epoch: 10 [25536/60000 (43%)]	Loss: 13.075289
Train Epoch: 10 [31936/60000 (53%)]	Loss: 15.536934
Train Epoch: 10 [38336/60000 (64%)]	Loss: 15.303715
Train Epoch: 10 [44736/60000 (75%)]	Loss: 13.174220
Train Epoch: 10 [51136/60000 (85%)]	Loss: 16.230953
Train Epoch: 10 [57536/60000 (96%)]	Loss: 14.796494

Test set: Average loss: 14.0257, Accuracy: 1121/10000 (11%)

Train Epoch: 11 [6336/60000 (11%)]	Loss: 12.943125
Train Epoch: 11 [12736/60000 (21%)]	Loss: 11.131058
Train Epoch: 11 [19136/60000 (32%)]	Loss: 11.032272
Train Epoch: 11 [25536/60000 (43%)]	Loss: 13.690203
Train Epoch: 11 [31936/60000 (53%)]	Loss: 12.270926
Train Epoch: 11 [38336/60000 (64%)]	Loss: 13.403864
Train Epoch: 11 [44736/60000 (75%)]	Loss: 14.731796
Train Epoch: 11 [51136/60000 (85%)]	Loss: 12.029983
Train Epoch: 11 [57536/60000 (96%)]	Loss: 12.641001

Test set: Average loss: 13.7872, Accuracy: 1236/10000 (12%)

Train Epoch: 12 [6336/60000 (11%)]	Loss: 14.768609
Train Epoch: 12 [12736/60000 (21%)]	Loss: 14.212224
Train Epoch: 12 [19136/60000 (32%)]	Loss: 13.767181
Train Epoch: 12 [25536/60000 (43%)]	Loss: 11.638906
Train Epoch: 12 [31936/60000 (53%)]	Loss: 13.704927
Train Epoch: 12 [38336/60000 (64%)]	Loss: 14.460062
Train Epoch: 12 [44736/60000 (75%)]	Loss: 14.683956
Train Epoch: 12 [51136/60000 (85%)]	Loss: 14.508175
Train Epoch: 12 [57536/60000 (96%)]	Loss: 13.331476

Test set: Average loss: 14.3485, Accuracy: 1023/10000 (10%)

Train Epoch: 13 [6336/60000 (11%)]	Loss: 14.487730
Train Epoch: 13 [12736/60000 (21%)]	Loss: 15.841761
Train Epoch: 13 [19136/60000 (32%)]	Loss: 14.335876
Train Epoch: 13 [25536/60000 (43%)]	Loss: 13.739142
Train Epoch: 13 [31936/60000 (53%)]	Loss: 14.427884
Train Epoch: 13 [38336/60000 (64%)]	Loss: 14.294991
Train Epoch: 13 [44736/60000 (75%)]	Loss: 11.475986
Train Epoch: 13 [51136/60000 (85%)]	Loss: 15.338745
Train Epoch: 13 [57536/60000 (96%)]	Loss: 14.069524

Test set: Average loss: 14.2080, Accuracy: 1132/10000 (11%)

Train Epoch: 14 [6336/60000 (11%)]	Loss: 11.112776
Train Epoch: 14 [12736/60000 (21%)]	Loss: 12.826978
Train Epoch: 14 [19136/60000 (32%)]	Loss: 16.231148
Train Epoch: 14 [25536/60000 (43%)]	Loss: 12.487600
Train Epoch: 14 [31936/60000 (53%)]	Loss: 14.111843
Train Epoch: 14 [38336/60000 (64%)]	Loss: 17.640684
Train Epoch: 14 [44736/60000 (75%)]	Loss: 12.979198
Train Epoch: 14 [51136/60000 (85%)]	Loss: 15.290692
Train Epoch: 14 [57536/60000 (96%)]	Loss: 14.651035

Test set: Average loss: 13.9868, Accuracy: 1100/10000 (11%)

Train Epoch: 15 [6336/60000 (11%)]	Loss: 13.129417
Train Epoch: 15 [12736/60000 (21%)]	Loss: 13.885315
Train Epoch: 15 [19136/60000 (32%)]	Loss: 14.035953
Train Epoch: 15 [25536/60000 (43%)]	Loss: 13.341615
Train Epoch: 15 [31936/60000 (53%)]	Loss: 14.267610
Train Epoch: 15 [38336/60000 (64%)]	Loss: 14.852468
Train Epoch: 15 [44736/60000 (75%)]	Loss: 11.219864
Train Epoch: 15 [51136/60000 (85%)]	Loss: 12.670478
Train Epoch: 15 [57536/60000 (96%)]	Loss: 14.804743

Test set: Average loss: 13.8008, Accuracy: 1170/10000 (12%)

Train Epoch: 16 [6336/60000 (11%)]	Loss: 12.298459
Train Epoch: 16 [12736/60000 (21%)]	Loss: 13.532660
Train Epoch: 16 [19136/60000 (32%)]	Loss: 14.006505
Train Epoch: 16 [25536/60000 (43%)]	Loss: 12.974906
Train Epoch: 16 [31936/60000 (53%)]	Loss: 14.071387
Train Epoch: 16 [38336/60000 (64%)]	Loss: 15.057706
Train Epoch: 16 [44736/60000 (75%)]	Loss: 17.427822
Train Epoch: 16 [51136/60000 (85%)]	Loss: 13.742368
Train Epoch: 16 [57536/60000 (96%)]	Loss: 12.947355

Test set: Average loss: 14.0686, Accuracy: 1103/10000 (11%)

Namespace(batch_size=64, bias=None, data='../data', device=1, epochs=16, hidden_size=500, load_weights=None, log_interval=100, lr=0.1, model='redfc2', momentum=0.9, no_cuda=False, r=5, save_model=None, save_results=True, seed=1, sparsity=0.025, use_relu=False, wd=0.0005)


Total time spent pruning/training: 1.69 minutes
Total number of parameters in model: 1991420
Number of parameters in pruned model: 1941634
