Namespace(batch_size=64, bias=None, data='../data', device=1, epochs=12, hidden_size=500, load_weights=None, log_interval=100, lr=0.1, model='redfc2', momentum=0.9, no_cuda=False, r=5, save_model=None, save_results=True, seed=1, sparsity=0.025, use_relu=False, wd=0.0005) 

Pruning a Two-Layer Fully Connected Redundant Network ...
Train Epoch: 1 [6336/60000 (11%)]	Loss: 1.659309
Train Epoch: 1 [12736/60000 (21%)]	Loss: 1.421875
Train Epoch: 1 [19136/60000 (32%)]	Loss: 1.776607
Train Epoch: 1 [25536/60000 (43%)]	Loss: 1.598150
Train Epoch: 1 [31936/60000 (53%)]	Loss: 1.630796
Train Epoch: 1 [38336/60000 (64%)]	Loss: 1.568500
Train Epoch: 1 [44736/60000 (75%)]	Loss: 2.402976
Train Epoch: 1 [51136/60000 (85%)]	Loss: 3.034821
Train Epoch: 1 [57536/60000 (96%)]	Loss: 3.336103

Test set: Average loss: 4.6209, Accuracy: 4382/10000 (44%)

Train Epoch: 2 [6336/60000 (11%)]	Loss: 3.546427
Train Epoch: 2 [12736/60000 (21%)]	Loss: 4.501420
Train Epoch: 2 [19136/60000 (32%)]	Loss: 6.846500
Train Epoch: 2 [25536/60000 (43%)]	Loss: 7.488943
Train Epoch: 2 [31936/60000 (53%)]	Loss: 6.979453
Train Epoch: 2 [38336/60000 (64%)]	Loss: 7.207122
Train Epoch: 2 [44736/60000 (75%)]	Loss: 7.254160
Train Epoch: 2 [51136/60000 (85%)]	Loss: 8.139757
Train Epoch: 2 [57536/60000 (96%)]	Loss: 9.565635

Test set: Average loss: 7.8181, Accuracy: 2451/10000 (25%)

Train Epoch: 3 [6336/60000 (11%)]	Loss: 7.998436
Train Epoch: 3 [12736/60000 (21%)]	Loss: 10.066974
Train Epoch: 3 [19136/60000 (32%)]	Loss: 10.424756
Train Epoch: 3 [25536/60000 (43%)]	Loss: 9.480738
Train Epoch: 3 [31936/60000 (53%)]	Loss: 10.046670
Train Epoch: 3 [38336/60000 (64%)]	Loss: 11.304155
Train Epoch: 3 [44736/60000 (75%)]	Loss: 10.503884
Train Epoch: 3 [51136/60000 (85%)]	Loss: 11.613143
Train Epoch: 3 [57536/60000 (96%)]	Loss: 10.982462

Test set: Average loss: 10.9097, Accuracy: 1562/10000 (16%)

Train Epoch: 4 [6336/60000 (11%)]	Loss: 10.842259
Train Epoch: 4 [12736/60000 (21%)]	Loss: 12.154910
Train Epoch: 4 [19136/60000 (32%)]	Loss: 10.890382
Train Epoch: 4 [25536/60000 (43%)]	Loss: 13.835445
Train Epoch: 4 [31936/60000 (53%)]	Loss: 10.050747
Train Epoch: 4 [38336/60000 (64%)]	Loss: 9.697522
Train Epoch: 4 [44736/60000 (75%)]	Loss: 11.010376
Train Epoch: 4 [51136/60000 (85%)]	Loss: 10.241010
Train Epoch: 4 [57536/60000 (96%)]	Loss: 11.980471

Test set: Average loss: 12.2630, Accuracy: 1392/10000 (14%)

Train Epoch: 5 [6336/60000 (11%)]	Loss: 12.835646
Train Epoch: 5 [12736/60000 (21%)]	Loss: 12.193694
Train Epoch: 5 [19136/60000 (32%)]	Loss: 12.756175
Train Epoch: 5 [25536/60000 (43%)]	Loss: 11.635636
Train Epoch: 5 [31936/60000 (53%)]	Loss: 11.764462
Train Epoch: 5 [38336/60000 (64%)]	Loss: 12.382463
Train Epoch: 5 [44736/60000 (75%)]	Loss: 15.390524
Train Epoch: 5 [51136/60000 (85%)]	Loss: 14.773180
Train Epoch: 5 [57536/60000 (96%)]	Loss: 12.832018

Test set: Average loss: 12.9653, Accuracy: 1247/10000 (12%)

Train Epoch: 6 [6336/60000 (11%)]	Loss: 12.030106
Train Epoch: 6 [12736/60000 (21%)]	Loss: 10.898232
Train Epoch: 6 [19136/60000 (32%)]	Loss: 11.289909
Train Epoch: 6 [25536/60000 (43%)]	Loss: 12.345173
Train Epoch: 6 [31936/60000 (53%)]	Loss: 13.012304
Train Epoch: 6 [38336/60000 (64%)]	Loss: 15.302273
Train Epoch: 6 [44736/60000 (75%)]	Loss: 13.247226
Train Epoch: 6 [51136/60000 (85%)]	Loss: 12.701458
Train Epoch: 6 [57536/60000 (96%)]	Loss: 14.826369

Test set: Average loss: 13.3002, Accuracy: 1140/10000 (11%)

Train Epoch: 7 [6336/60000 (11%)]	Loss: 13.270134
Train Epoch: 7 [12736/60000 (21%)]	Loss: 13.351536
Train Epoch: 7 [19136/60000 (32%)]	Loss: 12.526840
Train Epoch: 7 [25536/60000 (43%)]	Loss: 11.905828
Train Epoch: 7 [31936/60000 (53%)]	Loss: 11.073092
Train Epoch: 7 [38336/60000 (64%)]	Loss: 14.252075
Train Epoch: 7 [44736/60000 (75%)]	Loss: 12.544919
Train Epoch: 7 [51136/60000 (85%)]	Loss: 12.245488
Train Epoch: 7 [57536/60000 (96%)]	Loss: 11.596169

Test set: Average loss: 13.3703, Accuracy: 1213/10000 (12%)

Train Epoch: 8 [6336/60000 (11%)]	Loss: 13.093434
Train Epoch: 8 [12736/60000 (21%)]	Loss: 14.017546
Train Epoch: 8 [19136/60000 (32%)]	Loss: 11.211634
Train Epoch: 8 [25536/60000 (43%)]	Loss: 13.424520
Train Epoch: 8 [31936/60000 (53%)]	Loss: 13.856651
Train Epoch: 8 [38336/60000 (64%)]	Loss: 12.739583
Train Epoch: 8 [44736/60000 (75%)]	Loss: 13.976974
Train Epoch: 8 [51136/60000 (85%)]	Loss: 12.328841
Train Epoch: 8 [57536/60000 (96%)]	Loss: 12.590039

Test set: Average loss: 13.3079, Accuracy: 1145/10000 (11%)

Train Epoch: 9 [6336/60000 (11%)]	Loss: 12.355721
Train Epoch: 9 [12736/60000 (21%)]	Loss: 11.499614
Train Epoch: 9 [19136/60000 (32%)]	Loss: 12.570356
Train Epoch: 9 [25536/60000 (43%)]	Loss: 13.076748
Train Epoch: 9 [31936/60000 (53%)]	Loss: 11.989872
Train Epoch: 9 [38336/60000 (64%)]	Loss: 14.083078
Train Epoch: 9 [44736/60000 (75%)]	Loss: 15.224143
Train Epoch: 9 [51136/60000 (85%)]	Loss: 15.015557
Train Epoch: 9 [57536/60000 (96%)]	Loss: 12.225447

Test set: Average loss: 13.4084, Accuracy: 1250/10000 (12%)

Train Epoch: 10 [6336/60000 (11%)]	Loss: 13.561279
Train Epoch: 10 [12736/60000 (21%)]	Loss: 11.951892
Train Epoch: 10 [19136/60000 (32%)]	Loss: 14.579997
Train Epoch: 10 [25536/60000 (43%)]	Loss: 13.366113
Train Epoch: 10 [31936/60000 (53%)]	Loss: 15.053847
Train Epoch: 10 [38336/60000 (64%)]	Loss: 15.068265
Train Epoch: 10 [44736/60000 (75%)]	Loss: 13.054066
Train Epoch: 10 [51136/60000 (85%)]	Loss: 15.676751
Train Epoch: 10 [57536/60000 (96%)]	Loss: 14.721314

Test set: Average loss: 13.5774, Accuracy: 1266/10000 (13%)

Train Epoch: 11 [6336/60000 (11%)]	Loss: 12.711432
Train Epoch: 11 [12736/60000 (21%)]	Loss: 11.561901
Train Epoch: 11 [19136/60000 (32%)]	Loss: 10.170238
Train Epoch: 11 [25536/60000 (43%)]	Loss: 12.817064
Train Epoch: 11 [31936/60000 (53%)]	Loss: 12.284022
Train Epoch: 11 [38336/60000 (64%)]	Loss: 13.158986
Train Epoch: 11 [44736/60000 (75%)]	Loss: 14.043072
Train Epoch: 11 [51136/60000 (85%)]	Loss: 11.725781
Train Epoch: 11 [57536/60000 (96%)]	Loss: 13.191605

Test set: Average loss: 13.8533, Accuracy: 1192/10000 (12%)

Train Epoch: 12 [6336/60000 (11%)]	Loss: 14.541335
Train Epoch: 12 [12736/60000 (21%)]	Loss: 14.020787
Train Epoch: 12 [19136/60000 (32%)]	Loss: 12.807139
Train Epoch: 12 [25536/60000 (43%)]	Loss: 11.936586
Train Epoch: 12 [31936/60000 (53%)]	Loss: 13.308762
Train Epoch: 12 [38336/60000 (64%)]	Loss: 14.548946
Train Epoch: 12 [44736/60000 (75%)]	Loss: 14.399628
Train Epoch: 12 [51136/60000 (85%)]	Loss: 14.157081
Train Epoch: 12 [57536/60000 (96%)]	Loss: 12.274083

Test set: Average loss: 13.8797, Accuracy: 1040/10000 (10%)

Namespace(batch_size=64, bias=None, data='../data', device=1, epochs=12, hidden_size=500, load_weights=None, log_interval=100, lr=0.1, model='redfc2', momentum=0.9, no_cuda=False, r=5, save_model=None, save_results=True, seed=1, sparsity=0.025, use_relu=False, wd=0.0005)


Total time spent pruning/training: 1.30 minutes
Total number of parameters in model: 1991420
Number of parameters in pruned model: 1941634
