Namespace(batch_size=64, bias=None, data='../data', device=1, epochs=20, hidden_size=500, load_weights=None, log_interval=100, lr=0.1, model='redfc2', momentum=0.9, no_cuda=False, r=5, save_model=None, save_results=True, seed=1, sparsity=0.9, use_relu=True, wd=0.0005) 

Pruning a Two-Layer Fully Connected Redundant Network ...
Train Epoch: 1 [6336/60000 (11%)]	Loss: 1.659353
Train Epoch: 1 [12736/60000 (21%)]	Loss: 1.427297
Train Epoch: 1 [19136/60000 (32%)]	Loss: 1.388729
Train Epoch: 1 [25536/60000 (43%)]	Loss: 1.330133
Train Epoch: 1 [31936/60000 (53%)]	Loss: 1.270936
Train Epoch: 1 [38336/60000 (64%)]	Loss: 1.301834
Train Epoch: 1 [44736/60000 (75%)]	Loss: 1.206731
Train Epoch: 1 [51136/60000 (85%)]	Loss: 1.221573
Train Epoch: 1 [57536/60000 (96%)]	Loss: 1.199756

Test set: Average loss: 1.1385, Accuracy: 7013/10000 (70%)

Train Epoch: 2 [6336/60000 (11%)]	Loss: 1.087916
Train Epoch: 2 [12736/60000 (21%)]	Loss: 1.087068
Train Epoch: 2 [19136/60000 (32%)]	Loss: 1.198488
Train Epoch: 2 [25536/60000 (43%)]	Loss: 1.273475
Train Epoch: 2 [31936/60000 (53%)]	Loss: 1.126468
Train Epoch: 2 [38336/60000 (64%)]	Loss: 1.113992
Train Epoch: 2 [44736/60000 (75%)]	Loss: 1.037386
Train Epoch: 2 [51136/60000 (85%)]	Loss: 1.172039
Train Epoch: 2 [57536/60000 (96%)]	Loss: 1.135751

Test set: Average loss: 1.0327, Accuracy: 7466/10000 (75%)

Train Epoch: 3 [6336/60000 (11%)]	Loss: 1.030853
Train Epoch: 3 [12736/60000 (21%)]	Loss: 0.949413
Train Epoch: 3 [19136/60000 (32%)]	Loss: 1.128220
Train Epoch: 3 [25536/60000 (43%)]	Loss: 1.037209
Train Epoch: 3 [31936/60000 (53%)]	Loss: 0.957047
Train Epoch: 3 [38336/60000 (64%)]	Loss: 1.077749
Train Epoch: 3 [44736/60000 (75%)]	Loss: 1.146140
Train Epoch: 3 [51136/60000 (85%)]	Loss: 1.040571
Train Epoch: 3 [57536/60000 (96%)]	Loss: 1.087518

Test set: Average loss: 1.0288, Accuracy: 7560/10000 (76%)

Train Epoch: 4 [6336/60000 (11%)]	Loss: 1.001898
Train Epoch: 4 [12736/60000 (21%)]	Loss: 1.167964
Train Epoch: 4 [19136/60000 (32%)]	Loss: 1.135786
Train Epoch: 4 [25536/60000 (43%)]	Loss: 1.094472
Train Epoch: 4 [31936/60000 (53%)]	Loss: 1.168435
Train Epoch: 4 [38336/60000 (64%)]	Loss: 1.135888
Train Epoch: 4 [44736/60000 (75%)]	Loss: 1.065005
Train Epoch: 4 [51136/60000 (85%)]	Loss: 0.997053
Train Epoch: 4 [57536/60000 (96%)]	Loss: 1.165039

Test set: Average loss: 1.0757, Accuracy: 7264/10000 (73%)

Train Epoch: 5 [6336/60000 (11%)]	Loss: 1.094941
Train Epoch: 5 [12736/60000 (21%)]	Loss: 1.113004
Train Epoch: 5 [19136/60000 (32%)]	Loss: 1.011092
Train Epoch: 5 [25536/60000 (43%)]	Loss: 1.101827
Train Epoch: 5 [31936/60000 (53%)]	Loss: 0.985897
Train Epoch: 5 [38336/60000 (64%)]	Loss: 1.159297
Train Epoch: 5 [44736/60000 (75%)]	Loss: 1.041191
Train Epoch: 5 [51136/60000 (85%)]	Loss: 1.155582
Train Epoch: 5 [57536/60000 (96%)]	Loss: 1.151631

Test set: Average loss: 1.0931, Accuracy: 7088/10000 (71%)

Train Epoch: 6 [6336/60000 (11%)]	Loss: 1.141149
Train Epoch: 6 [12736/60000 (21%)]	Loss: 1.204327
Train Epoch: 6 [19136/60000 (32%)]	Loss: 1.288106
Train Epoch: 6 [25536/60000 (43%)]	Loss: 1.025735
Train Epoch: 6 [31936/60000 (53%)]	Loss: 1.055351
Train Epoch: 6 [38336/60000 (64%)]	Loss: 1.041127
Train Epoch: 6 [44736/60000 (75%)]	Loss: 0.984101
Train Epoch: 6 [51136/60000 (85%)]	Loss: 1.098813
Train Epoch: 6 [57536/60000 (96%)]	Loss: 1.005688

Test set: Average loss: 1.1143, Accuracy: 7213/10000 (72%)

Train Epoch: 7 [6336/60000 (11%)]	Loss: 1.135048
Train Epoch: 7 [12736/60000 (21%)]	Loss: 1.205639
Train Epoch: 7 [19136/60000 (32%)]	Loss: 1.110924
Train Epoch: 7 [25536/60000 (43%)]	Loss: 1.218277
Train Epoch: 7 [31936/60000 (53%)]	Loss: 1.059863
Train Epoch: 7 [38336/60000 (64%)]	Loss: 1.292679
Train Epoch: 7 [44736/60000 (75%)]	Loss: 1.267453
Train Epoch: 7 [51136/60000 (85%)]	Loss: 1.185286
Train Epoch: 7 [57536/60000 (96%)]	Loss: 1.172900

Test set: Average loss: 1.1613, Accuracy: 6914/10000 (69%)

Train Epoch: 8 [6336/60000 (11%)]	Loss: 1.351238
Train Epoch: 8 [12736/60000 (21%)]	Loss: 1.176490
Train Epoch: 8 [19136/60000 (32%)]	Loss: 1.268405
Train Epoch: 8 [25536/60000 (43%)]	Loss: 1.235226
Train Epoch: 8 [31936/60000 (53%)]	Loss: 1.249829
Train Epoch: 8 [38336/60000 (64%)]	Loss: 1.088575
Train Epoch: 8 [44736/60000 (75%)]	Loss: 1.338258
Train Epoch: 8 [51136/60000 (85%)]	Loss: 1.238762
Train Epoch: 8 [57536/60000 (96%)]	Loss: 1.254461

Test set: Average loss: 1.2390, Accuracy: 6542/10000 (65%)

Train Epoch: 9 [6336/60000 (11%)]	Loss: 1.198900
Train Epoch: 9 [12736/60000 (21%)]	Loss: 1.251852
Train Epoch: 9 [19136/60000 (32%)]	Loss: 1.171660
Train Epoch: 9 [25536/60000 (43%)]	Loss: 1.168724
Train Epoch: 9 [31936/60000 (53%)]	Loss: 1.211938
Train Epoch: 9 [38336/60000 (64%)]	Loss: 1.206573
Train Epoch: 9 [44736/60000 (75%)]	Loss: 1.288785
Train Epoch: 9 [51136/60000 (85%)]	Loss: 1.463658
Train Epoch: 9 [57536/60000 (96%)]	Loss: 1.276167

Test set: Average loss: 1.2757, Accuracy: 6523/10000 (65%)

Train Epoch: 10 [6336/60000 (11%)]	Loss: 1.238721
Train Epoch: 10 [12736/60000 (21%)]	Loss: 1.256458
Train Epoch: 10 [19136/60000 (32%)]	Loss: 1.271226
Train Epoch: 10 [25536/60000 (43%)]	Loss: 1.373620
Train Epoch: 10 [31936/60000 (53%)]	Loss: 1.272126
Train Epoch: 10 [38336/60000 (64%)]	Loss: 1.293442
Train Epoch: 10 [44736/60000 (75%)]	Loss: 1.329342
Train Epoch: 10 [51136/60000 (85%)]	Loss: 1.229434
Train Epoch: 10 [57536/60000 (96%)]	Loss: 1.462645

Test set: Average loss: 1.2466, Accuracy: 7013/10000 (70%)

Train Epoch: 11 [6336/60000 (11%)]	Loss: 1.192802
Train Epoch: 11 [12736/60000 (21%)]	Loss: 1.132534
Train Epoch: 11 [19136/60000 (32%)]	Loss: 1.208023
Train Epoch: 11 [25536/60000 (43%)]	Loss: 1.251570
Train Epoch: 11 [31936/60000 (53%)]	Loss: 1.467628
Train Epoch: 11 [38336/60000 (64%)]	Loss: 1.236773
Train Epoch: 11 [44736/60000 (75%)]	Loss: 1.299668
Train Epoch: 11 [51136/60000 (85%)]	Loss: 1.264870
Train Epoch: 11 [57536/60000 (96%)]	Loss: 1.235504

Test set: Average loss: 1.2872, Accuracy: 6569/10000 (66%)

Train Epoch: 12 [6336/60000 (11%)]	Loss: 1.388929
Train Epoch: 12 [12736/60000 (21%)]	Loss: 1.403736
Train Epoch: 12 [19136/60000 (32%)]	Loss: 1.343164
Train Epoch: 12 [25536/60000 (43%)]	Loss: 1.220330
Train Epoch: 12 [31936/60000 (53%)]	Loss: 1.394431
Train Epoch: 12 [38336/60000 (64%)]	Loss: 1.353176
Train Epoch: 12 [44736/60000 (75%)]	Loss: 1.160175
Train Epoch: 12 [51136/60000 (85%)]	Loss: 1.206193
Train Epoch: 12 [57536/60000 (96%)]	Loss: 1.200788

Test set: Average loss: 1.2603, Accuracy: 6977/10000 (70%)

Train Epoch: 13 [6336/60000 (11%)]	Loss: 1.311229
Train Epoch: 13 [12736/60000 (21%)]	Loss: 1.323608
Train Epoch: 13 [19136/60000 (32%)]	Loss: 1.216613
Train Epoch: 13 [25536/60000 (43%)]	Loss: 1.209684
Train Epoch: 13 [31936/60000 (53%)]	Loss: 1.273175
Train Epoch: 13 [38336/60000 (64%)]	Loss: 1.374012
Train Epoch: 13 [44736/60000 (75%)]	Loss: 1.237021
Train Epoch: 13 [51136/60000 (85%)]	Loss: 1.254666
Train Epoch: 13 [57536/60000 (96%)]	Loss: 1.403017

Test set: Average loss: 1.2874, Accuracy: 6762/10000 (68%)

Train Epoch: 14 [6336/60000 (11%)]	Loss: 1.216378
Train Epoch: 14 [12736/60000 (21%)]	Loss: 1.284760
Train Epoch: 14 [19136/60000 (32%)]	Loss: 1.304951
Train Epoch: 14 [25536/60000 (43%)]	Loss: 1.156300
Train Epoch: 14 [31936/60000 (53%)]	Loss: 1.186221
Train Epoch: 14 [38336/60000 (64%)]	Loss: 1.259897
Train Epoch: 14 [44736/60000 (75%)]	Loss: 1.343527
Train Epoch: 14 [51136/60000 (85%)]	Loss: 1.300094
Train Epoch: 14 [57536/60000 (96%)]	Loss: 1.241428

Test set: Average loss: 1.2726, Accuracy: 6659/10000 (67%)

Train Epoch: 15 [6336/60000 (11%)]	Loss: 1.107595
Train Epoch: 15 [12736/60000 (21%)]	Loss: 1.264406
Train Epoch: 15 [19136/60000 (32%)]	Loss: 1.181955
Train Epoch: 15 [25536/60000 (43%)]	Loss: 1.168655
Train Epoch: 15 [31936/60000 (53%)]	Loss: 1.226036
Train Epoch: 15 [38336/60000 (64%)]	Loss: 1.252956
Train Epoch: 15 [44736/60000 (75%)]	Loss: 1.226547
Train Epoch: 15 [51136/60000 (85%)]	Loss: 1.389869
Train Epoch: 15 [57536/60000 (96%)]	Loss: 1.199086

Test set: Average loss: 1.2513, Accuracy: 6469/10000 (65%)

Train Epoch: 16 [6336/60000 (11%)]	Loss: 1.147636
Train Epoch: 16 [12736/60000 (21%)]	Loss: 1.140258
Train Epoch: 16 [19136/60000 (32%)]	Loss: 1.021812
Train Epoch: 16 [25536/60000 (43%)]	Loss: 1.250914
Train Epoch: 16 [31936/60000 (53%)]	Loss: 1.246503
Train Epoch: 16 [38336/60000 (64%)]	Loss: 1.197546
Train Epoch: 16 [44736/60000 (75%)]	Loss: 1.163970
Train Epoch: 16 [51136/60000 (85%)]	Loss: 1.067530
Train Epoch: 16 [57536/60000 (96%)]	Loss: 1.199705

Test set: Average loss: 1.1678, Accuracy: 7379/10000 (74%)

Train Epoch: 17 [6336/60000 (11%)]	Loss: 1.249043
Train Epoch: 17 [12736/60000 (21%)]	Loss: 1.164094
Train Epoch: 17 [19136/60000 (32%)]	Loss: 1.107131
Train Epoch: 17 [25536/60000 (43%)]	Loss: 1.041651
Train Epoch: 17 [31936/60000 (53%)]	Loss: 1.180471
Train Epoch: 17 [38336/60000 (64%)]	Loss: 1.178041
Train Epoch: 17 [44736/60000 (75%)]	Loss: 1.217095
Train Epoch: 17 [51136/60000 (85%)]	Loss: 1.171865
Train Epoch: 17 [57536/60000 (96%)]	Loss: 1.387238

Test set: Average loss: 1.1558, Accuracy: 7140/10000 (71%)

Train Epoch: 18 [6336/60000 (11%)]	Loss: 1.011998
Train Epoch: 18 [12736/60000 (21%)]	Loss: 1.089439
Train Epoch: 18 [19136/60000 (32%)]	Loss: 1.108921
Train Epoch: 18 [25536/60000 (43%)]	Loss: 1.089735
Train Epoch: 18 [31936/60000 (53%)]	Loss: 1.024930
Train Epoch: 18 [38336/60000 (64%)]	Loss: 1.079445
Train Epoch: 18 [44736/60000 (75%)]	Loss: 1.074906
Train Epoch: 18 [51136/60000 (85%)]	Loss: 1.004572
Train Epoch: 18 [57536/60000 (96%)]	Loss: 1.044344

Test set: Average loss: 1.1071, Accuracy: 7390/10000 (74%)

Train Epoch: 19 [6336/60000 (11%)]	Loss: 0.961966
Train Epoch: 19 [12736/60000 (21%)]	Loss: 1.045895
Train Epoch: 19 [19136/60000 (32%)]	Loss: 1.036615
Train Epoch: 19 [25536/60000 (43%)]	Loss: 1.014837
Train Epoch: 19 [31936/60000 (53%)]	Loss: 0.988551
Train Epoch: 19 [38336/60000 (64%)]	Loss: 1.077279
Train Epoch: 19 [44736/60000 (75%)]	Loss: 1.133666
Train Epoch: 19 [51136/60000 (85%)]	Loss: 1.268147
Train Epoch: 19 [57536/60000 (96%)]	Loss: 1.032265

Test set: Average loss: 1.0771, Accuracy: 7483/10000 (75%)

Train Epoch: 20 [6336/60000 (11%)]	Loss: 1.175100
Train Epoch: 20 [12736/60000 (21%)]	Loss: 1.022508
Train Epoch: 20 [19136/60000 (32%)]	Loss: 1.014697
Train Epoch: 20 [25536/60000 (43%)]	Loss: 0.968653
Train Epoch: 20 [31936/60000 (53%)]	Loss: 1.089336
Train Epoch: 20 [38336/60000 (64%)]	Loss: 1.052382
Train Epoch: 20 [44736/60000 (75%)]	Loss: 1.077011
Train Epoch: 20 [51136/60000 (85%)]	Loss: 1.191739
Train Epoch: 20 [57536/60000 (96%)]	Loss: 1.126516

Test set: Average loss: 1.0550, Accuracy: 7648/10000 (76%)

Namespace(batch_size=64, bias=None, data='../data', device=1, epochs=20, hidden_size=500, load_weights=None, log_interval=100, lr=0.1, model='redfc2', momentum=0.9, no_cuda=False, r=5, save_model=None, save_results=True, seed=1, sparsity=0.9, use_relu=True, wd=0.0005)


Total time spent pruning/training: 2.09 minutes
Total number of parameters in model: 1991420
Number of parameters in pruned model: 199141
