Namespace(batch_size=64, bias=None, data='../data', device=1, epochs=9, hidden_size=500, load_weights=None, log_interval=100, lr=0.1, model='redfc2', momentum=0.9, no_cuda=False, r=5, save_model=None, save_results=True, seed=1, sparsity=0.1, use_relu=False, wd=0.0005) 

Pruning a Two-Layer Fully Connected Redundant Network ...
Train Epoch: 1 [6336/60000 (11%)]	Loss: 0.714665
Train Epoch: 1 [12736/60000 (21%)]	Loss: 0.521458
Train Epoch: 1 [19136/60000 (32%)]	Loss: 0.961602
Train Epoch: 1 [25536/60000 (43%)]	Loss: 0.457438
Train Epoch: 1 [31936/60000 (53%)]	Loss: 0.356019
Train Epoch: 1 [38336/60000 (64%)]	Loss: 0.245949
Train Epoch: 1 [44736/60000 (75%)]	Loss: 0.198593
Train Epoch: 1 [51136/60000 (85%)]	Loss: 0.100592
Train Epoch: 1 [57536/60000 (96%)]	Loss: 0.192516

Test set: Average loss: 0.2620, Accuracy: 9226/10000 (92%)

Train Epoch: 2 [6336/60000 (11%)]	Loss: 0.112577
Train Epoch: 2 [12736/60000 (21%)]	Loss: 0.428740
Train Epoch: 2 [19136/60000 (32%)]	Loss: 0.079505
Train Epoch: 2 [25536/60000 (43%)]	Loss: 0.259196
Train Epoch: 2 [31936/60000 (53%)]	Loss: 0.318292
Train Epoch: 2 [38336/60000 (64%)]	Loss: 0.308727
Train Epoch: 2 [44736/60000 (75%)]	Loss: 0.308627
Train Epoch: 2 [51136/60000 (85%)]	Loss: 0.474084
Train Epoch: 2 [57536/60000 (96%)]	Loss: 0.347430

Test set: Average loss: 0.2886, Accuracy: 9179/10000 (92%)

Train Epoch: 3 [6336/60000 (11%)]	Loss: 0.159882
Train Epoch: 3 [12736/60000 (21%)]	Loss: 0.249502
Train Epoch: 3 [19136/60000 (32%)]	Loss: 0.357880
Train Epoch: 3 [25536/60000 (43%)]	Loss: 0.332333
Train Epoch: 3 [31936/60000 (53%)]	Loss: 0.321213
Train Epoch: 3 [38336/60000 (64%)]	Loss: 0.232291
Train Epoch: 3 [44736/60000 (75%)]	Loss: 0.463644
Train Epoch: 3 [51136/60000 (85%)]	Loss: 0.298185
Train Epoch: 3 [57536/60000 (96%)]	Loss: 0.612206

Test set: Average loss: 0.3029, Accuracy: 9097/10000 (91%)

Train Epoch: 4 [6336/60000 (11%)]	Loss: 0.275547
Train Epoch: 4 [12736/60000 (21%)]	Loss: 0.677027
Train Epoch: 4 [19136/60000 (32%)]	Loss: 0.128387
Train Epoch: 4 [25536/60000 (43%)]	Loss: 0.131589
Train Epoch: 4 [31936/60000 (53%)]	Loss: 0.308535
Train Epoch: 4 [38336/60000 (64%)]	Loss: 0.479636
Train Epoch: 4 [44736/60000 (75%)]	Loss: 0.492396
Train Epoch: 4 [51136/60000 (85%)]	Loss: 0.206127
Train Epoch: 4 [57536/60000 (96%)]	Loss: 0.570337

Test set: Average loss: 0.3481, Accuracy: 8994/10000 (90%)

Train Epoch: 5 [6336/60000 (11%)]	Loss: 0.327255
Train Epoch: 5 [12736/60000 (21%)]	Loss: 0.301808
Train Epoch: 5 [19136/60000 (32%)]	Loss: 0.224982
Train Epoch: 5 [25536/60000 (43%)]	Loss: 0.384233
Train Epoch: 5 [31936/60000 (53%)]	Loss: 0.334224
Train Epoch: 5 [38336/60000 (64%)]	Loss: 0.353046
Train Epoch: 5 [44736/60000 (75%)]	Loss: 0.281928
Train Epoch: 5 [51136/60000 (85%)]	Loss: 0.671670
Train Epoch: 5 [57536/60000 (96%)]	Loss: 0.358627

Test set: Average loss: 0.3728, Accuracy: 8868/10000 (89%)

Train Epoch: 6 [6336/60000 (11%)]	Loss: 0.217098
Train Epoch: 6 [12736/60000 (21%)]	Loss: 0.180069
Train Epoch: 6 [19136/60000 (32%)]	Loss: 0.180602
Train Epoch: 6 [25536/60000 (43%)]	Loss: 0.257573
Train Epoch: 6 [31936/60000 (53%)]	Loss: 0.210415
Train Epoch: 6 [38336/60000 (64%)]	Loss: 0.170444
Train Epoch: 6 [44736/60000 (75%)]	Loss: 0.140220
Train Epoch: 6 [51136/60000 (85%)]	Loss: 0.223309
Train Epoch: 6 [57536/60000 (96%)]	Loss: 0.248725

Test set: Average loss: 0.3015, Accuracy: 9105/10000 (91%)

Train Epoch: 7 [6336/60000 (11%)]	Loss: 0.270121
Train Epoch: 7 [12736/60000 (21%)]	Loss: 0.179982
Train Epoch: 7 [19136/60000 (32%)]	Loss: 0.216002
Train Epoch: 7 [25536/60000 (43%)]	Loss: 0.079193
Train Epoch: 7 [31936/60000 (53%)]	Loss: 0.129524
Train Epoch: 7 [38336/60000 (64%)]	Loss: 0.199338
Train Epoch: 7 [44736/60000 (75%)]	Loss: 0.323600
Train Epoch: 7 [51136/60000 (85%)]	Loss: 0.280075
Train Epoch: 7 [57536/60000 (96%)]	Loss: 0.393782

Test set: Average loss: 0.3096, Accuracy: 9025/10000 (90%)

Train Epoch: 8 [6336/60000 (11%)]	Loss: 0.452357
Train Epoch: 8 [12736/60000 (21%)]	Loss: 0.103383
Train Epoch: 8 [19136/60000 (32%)]	Loss: 0.146057
Train Epoch: 8 [25536/60000 (43%)]	Loss: 0.528877
Train Epoch: 8 [31936/60000 (53%)]	Loss: 0.273904
Train Epoch: 8 [38336/60000 (64%)]	Loss: 0.107101
Train Epoch: 8 [44736/60000 (75%)]	Loss: 0.333625
Train Epoch: 8 [51136/60000 (85%)]	Loss: 0.150322
Train Epoch: 8 [57536/60000 (96%)]	Loss: 0.126503

Test set: Average loss: 0.2572, Accuracy: 9231/10000 (92%)

Train Epoch: 9 [6336/60000 (11%)]	Loss: 0.156429
Train Epoch: 9 [12736/60000 (21%)]	Loss: 0.074002
Train Epoch: 9 [19136/60000 (32%)]	Loss: 0.063479
Train Epoch: 9 [25536/60000 (43%)]	Loss: 0.180818
Train Epoch: 9 [31936/60000 (53%)]	Loss: 0.211807
Train Epoch: 9 [38336/60000 (64%)]	Loss: 0.132351
Train Epoch: 9 [44736/60000 (75%)]	Loss: 0.130032
Train Epoch: 9 [51136/60000 (85%)]	Loss: 0.322168
Train Epoch: 9 [57536/60000 (96%)]	Loss: 0.056202

Test set: Average loss: 0.1331, Accuracy: 9607/10000 (96%)

Namespace(batch_size=64, bias=None, data='../data', device=1, epochs=9, hidden_size=500, load_weights=None, log_interval=100, lr=0.1, model='redfc2', momentum=0.9, no_cuda=False, r=5, save_model=None, save_results=True, seed=1, sparsity=0.1, use_relu=False, wd=0.0005)


Total time spent pruning/training: 0.98 minutes
Total number of parameters in model: 1991420
Number of parameters in pruned model: 1792278
