Namespace(batch_size=64, bias=None, data='../data', device=1, epochs=18, hidden_size=500, load_weights=None, log_interval=100, lr=0.1, model='redfc2', momentum=0.9, no_cuda=False, r=5, save_model=None, save_results=True, seed=1, sparsity=0.1, use_relu=True, wd=0.0005) 

Pruning a Two-Layer Fully Connected Redundant Network ...
Train Epoch: 1 [6336/60000 (11%)]	Loss: 0.466836
Train Epoch: 1 [12736/60000 (21%)]	Loss: 0.572155
Train Epoch: 1 [19136/60000 (32%)]	Loss: 0.525000
Train Epoch: 1 [25536/60000 (43%)]	Loss: 0.386608
Train Epoch: 1 [31936/60000 (53%)]	Loss: 0.340176
Train Epoch: 1 [38336/60000 (64%)]	Loss: 0.254994
Train Epoch: 1 [44736/60000 (75%)]	Loss: 0.222446
Train Epoch: 1 [51136/60000 (85%)]	Loss: 0.171231
Train Epoch: 1 [57536/60000 (96%)]	Loss: 0.297344

Test set: Average loss: 0.2921, Accuracy: 9085/10000 (91%)

Train Epoch: 2 [6336/60000 (11%)]	Loss: 0.214290
Train Epoch: 2 [12736/60000 (21%)]	Loss: 0.287977
Train Epoch: 2 [19136/60000 (32%)]	Loss: 0.098377
Train Epoch: 2 [25536/60000 (43%)]	Loss: 0.171475
Train Epoch: 2 [31936/60000 (53%)]	Loss: 0.145362
Train Epoch: 2 [38336/60000 (64%)]	Loss: 0.252539
Train Epoch: 2 [44736/60000 (75%)]	Loss: 0.262140
Train Epoch: 2 [51136/60000 (85%)]	Loss: 0.288516
Train Epoch: 2 [57536/60000 (96%)]	Loss: 0.350318

Test set: Average loss: 0.2248, Accuracy: 9297/10000 (93%)

Train Epoch: 3 [6336/60000 (11%)]	Loss: 0.134655
Train Epoch: 3 [12736/60000 (21%)]	Loss: 0.159093
Train Epoch: 3 [19136/60000 (32%)]	Loss: 0.300668
Train Epoch: 3 [25536/60000 (43%)]	Loss: 0.294306
Train Epoch: 3 [31936/60000 (53%)]	Loss: 0.419236
Train Epoch: 3 [38336/60000 (64%)]	Loss: 0.250070
Train Epoch: 3 [44736/60000 (75%)]	Loss: 0.293227
Train Epoch: 3 [51136/60000 (85%)]	Loss: 0.386274
Train Epoch: 3 [57536/60000 (96%)]	Loss: 0.511169

Test set: Average loss: 0.2987, Accuracy: 9075/10000 (91%)

Train Epoch: 4 [6336/60000 (11%)]	Loss: 0.156869
Train Epoch: 4 [12736/60000 (21%)]	Loss: 0.511828
Train Epoch: 4 [19136/60000 (32%)]	Loss: 0.263135
Train Epoch: 4 [25536/60000 (43%)]	Loss: 0.327083
Train Epoch: 4 [31936/60000 (53%)]	Loss: 0.457401
Train Epoch: 4 [38336/60000 (64%)]	Loss: 0.412978
Train Epoch: 4 [44736/60000 (75%)]	Loss: 0.283906
Train Epoch: 4 [51136/60000 (85%)]	Loss: 0.350515
Train Epoch: 4 [57536/60000 (96%)]	Loss: 0.498332

Test set: Average loss: 0.2677, Accuracy: 9184/10000 (92%)

Train Epoch: 5 [6336/60000 (11%)]	Loss: 0.475051
Train Epoch: 5 [12736/60000 (21%)]	Loss: 0.292317
Train Epoch: 5 [19136/60000 (32%)]	Loss: 0.289274
Train Epoch: 5 [25536/60000 (43%)]	Loss: 0.306560
Train Epoch: 5 [31936/60000 (53%)]	Loss: 0.269407
Train Epoch: 5 [38336/60000 (64%)]	Loss: 0.365188
Train Epoch: 5 [44736/60000 (75%)]	Loss: 0.174191
Train Epoch: 5 [51136/60000 (85%)]	Loss: 0.469142
Train Epoch: 5 [57536/60000 (96%)]	Loss: 0.298502

Test set: Average loss: 0.3522, Accuracy: 8868/10000 (89%)

Train Epoch: 6 [6336/60000 (11%)]	Loss: 0.285839
Train Epoch: 6 [12736/60000 (21%)]	Loss: 0.209288
Train Epoch: 6 [19136/60000 (32%)]	Loss: 0.245849
Train Epoch: 6 [25536/60000 (43%)]	Loss: 0.292801
Train Epoch: 6 [31936/60000 (53%)]	Loss: 0.307367
Train Epoch: 6 [38336/60000 (64%)]	Loss: 0.298994
Train Epoch: 6 [44736/60000 (75%)]	Loss: 0.260238
Train Epoch: 6 [51136/60000 (85%)]	Loss: 0.294571
Train Epoch: 6 [57536/60000 (96%)]	Loss: 0.393600

Test set: Average loss: 0.3026, Accuracy: 8990/10000 (90%)

Train Epoch: 7 [6336/60000 (11%)]	Loss: 0.331254
Train Epoch: 7 [12736/60000 (21%)]	Loss: 0.364686
Train Epoch: 7 [19136/60000 (32%)]	Loss: 0.282803
Train Epoch: 7 [25536/60000 (43%)]	Loss: 0.425075
Train Epoch: 7 [31936/60000 (53%)]	Loss: 0.393925
Train Epoch: 7 [38336/60000 (64%)]	Loss: 0.362583
Train Epoch: 7 [44736/60000 (75%)]	Loss: 0.404819
Train Epoch: 7 [51136/60000 (85%)]	Loss: 0.337968
Train Epoch: 7 [57536/60000 (96%)]	Loss: 0.318254

Test set: Average loss: 0.3812, Accuracy: 8736/10000 (87%)

Train Epoch: 8 [6336/60000 (11%)]	Loss: 0.472577
Train Epoch: 8 [12736/60000 (21%)]	Loss: 0.436236
Train Epoch: 8 [19136/60000 (32%)]	Loss: 0.677686
Train Epoch: 8 [25536/60000 (43%)]	Loss: 0.554266
Train Epoch: 8 [31936/60000 (53%)]	Loss: 0.423505
Train Epoch: 8 [38336/60000 (64%)]	Loss: 0.350370
Train Epoch: 8 [44736/60000 (75%)]	Loss: 0.785698
Train Epoch: 8 [51136/60000 (85%)]	Loss: 0.574845
Train Epoch: 8 [57536/60000 (96%)]	Loss: 0.660328

Test set: Average loss: 0.6282, Accuracy: 8163/10000 (82%)

Train Epoch: 9 [6336/60000 (11%)]	Loss: 0.567184
Train Epoch: 9 [12736/60000 (21%)]	Loss: 0.448593
Train Epoch: 9 [19136/60000 (32%)]	Loss: 0.633516
Train Epoch: 9 [25536/60000 (43%)]	Loss: 0.403692
Train Epoch: 9 [31936/60000 (53%)]	Loss: 0.352159
Train Epoch: 9 [38336/60000 (64%)]	Loss: 0.378473
Train Epoch: 9 [44736/60000 (75%)]	Loss: 0.507064
Train Epoch: 9 [51136/60000 (85%)]	Loss: 0.788035
Train Epoch: 9 [57536/60000 (96%)]	Loss: 0.698682

Test set: Average loss: 0.7130, Accuracy: 7657/10000 (77%)

Train Epoch: 10 [6336/60000 (11%)]	Loss: 0.542317
Train Epoch: 10 [12736/60000 (21%)]	Loss: 0.724796
Train Epoch: 10 [19136/60000 (32%)]	Loss: 0.734949
Train Epoch: 10 [25536/60000 (43%)]	Loss: 0.811389
Train Epoch: 10 [31936/60000 (53%)]	Loss: 0.535693
Train Epoch: 10 [38336/60000 (64%)]	Loss: 0.871322
Train Epoch: 10 [44736/60000 (75%)]	Loss: 0.629316
Train Epoch: 10 [51136/60000 (85%)]	Loss: 0.598065
Train Epoch: 10 [57536/60000 (96%)]	Loss: 0.933639

Test set: Average loss: 0.8508, Accuracy: 7283/10000 (73%)

Train Epoch: 11 [6336/60000 (11%)]	Loss: 0.552303
Train Epoch: 11 [12736/60000 (21%)]	Loss: 0.657266
Train Epoch: 11 [19136/60000 (32%)]	Loss: 0.624019
Train Epoch: 11 [25536/60000 (43%)]	Loss: 0.770235
Train Epoch: 11 [31936/60000 (53%)]	Loss: 1.145043
Train Epoch: 11 [38336/60000 (64%)]	Loss: 0.582353
Train Epoch: 11 [44736/60000 (75%)]	Loss: 0.692119
Train Epoch: 11 [51136/60000 (85%)]	Loss: 1.259469
Train Epoch: 11 [57536/60000 (96%)]	Loss: 1.017306

Test set: Average loss: 0.8152, Accuracy: 7453/10000 (75%)

Train Epoch: 12 [6336/60000 (11%)]	Loss: 0.921001
Train Epoch: 12 [12736/60000 (21%)]	Loss: 0.803044
Train Epoch: 12 [19136/60000 (32%)]	Loss: 0.752768
Train Epoch: 12 [25536/60000 (43%)]	Loss: 0.465477
Train Epoch: 12 [31936/60000 (53%)]	Loss: 0.810324
Train Epoch: 12 [38336/60000 (64%)]	Loss: 1.078117
Train Epoch: 12 [44736/60000 (75%)]	Loss: 0.752679
Train Epoch: 12 [51136/60000 (85%)]	Loss: 0.777454
Train Epoch: 12 [57536/60000 (96%)]	Loss: 0.832880

Test set: Average loss: 1.2326, Accuracy: 6426/10000 (64%)

Train Epoch: 13 [6336/60000 (11%)]	Loss: 1.061086
Train Epoch: 13 [12736/60000 (21%)]	Loss: 1.333044
Train Epoch: 13 [19136/60000 (32%)]	Loss: 0.813573
Train Epoch: 13 [25536/60000 (43%)]	Loss: 0.736462
Train Epoch: 13 [31936/60000 (53%)]	Loss: 0.767802
Train Epoch: 13 [38336/60000 (64%)]	Loss: 1.175228
Train Epoch: 13 [44736/60000 (75%)]	Loss: 0.664780
Train Epoch: 13 [51136/60000 (85%)]	Loss: 0.578760
Train Epoch: 13 [57536/60000 (96%)]	Loss: 0.886097

Test set: Average loss: 1.0227, Accuracy: 6891/10000 (69%)

Train Epoch: 14 [6336/60000 (11%)]	Loss: 0.897057
Train Epoch: 14 [12736/60000 (21%)]	Loss: 1.033548
Train Epoch: 14 [19136/60000 (32%)]	Loss: 0.891440
Train Epoch: 14 [25536/60000 (43%)]	Loss: 0.671650
Train Epoch: 14 [31936/60000 (53%)]	Loss: 0.556269
Train Epoch: 14 [38336/60000 (64%)]	Loss: 2.037876
Train Epoch: 14 [44736/60000 (75%)]	Loss: 1.185283
Train Epoch: 14 [51136/60000 (85%)]	Loss: 0.946961
Train Epoch: 14 [57536/60000 (96%)]	Loss: 0.960683

Test set: Average loss: 0.8875, Accuracy: 7316/10000 (73%)

Train Epoch: 15 [6336/60000 (11%)]	Loss: 0.575109
Train Epoch: 15 [12736/60000 (21%)]	Loss: 0.526710
Train Epoch: 15 [19136/60000 (32%)]	Loss: 1.560136
Train Epoch: 15 [25536/60000 (43%)]	Loss: 0.641535
Train Epoch: 15 [31936/60000 (53%)]	Loss: 0.850310
Train Epoch: 15 [38336/60000 (64%)]	Loss: 1.505702
Train Epoch: 15 [44736/60000 (75%)]	Loss: 0.720126
Train Epoch: 15 [51136/60000 (85%)]	Loss: 1.646569
Train Epoch: 15 [57536/60000 (96%)]	Loss: 0.955194

Test set: Average loss: 1.2335, Accuracy: 6791/10000 (68%)

Train Epoch: 16 [6336/60000 (11%)]	Loss: 0.808597
Train Epoch: 16 [12736/60000 (21%)]	Loss: 0.490414
Train Epoch: 16 [19136/60000 (32%)]	Loss: 0.308476
Train Epoch: 16 [25536/60000 (43%)]	Loss: 1.192773
Train Epoch: 16 [31936/60000 (53%)]	Loss: 0.877560
Train Epoch: 16 [38336/60000 (64%)]	Loss: 1.156782
Train Epoch: 16 [44736/60000 (75%)]	Loss: 0.823278
Train Epoch: 16 [51136/60000 (85%)]	Loss: 0.696118
Train Epoch: 16 [57536/60000 (96%)]	Loss: 0.820737

Test set: Average loss: 0.8510, Accuracy: 7271/10000 (73%)

Train Epoch: 17 [6336/60000 (11%)]	Loss: 0.805673
Train Epoch: 17 [12736/60000 (21%)]	Loss: 0.784423
Train Epoch: 17 [19136/60000 (32%)]	Loss: 0.699612
Train Epoch: 17 [25536/60000 (43%)]	Loss: 0.461678
Train Epoch: 17 [31936/60000 (53%)]	Loss: 0.804057
Train Epoch: 17 [38336/60000 (64%)]	Loss: 0.672548
Train Epoch: 17 [44736/60000 (75%)]	Loss: 0.653312
Train Epoch: 17 [51136/60000 (85%)]	Loss: 0.602375
Train Epoch: 17 [57536/60000 (96%)]	Loss: 0.892516

Test set: Average loss: 0.7370, Accuracy: 7801/10000 (78%)

Train Epoch: 18 [6336/60000 (11%)]	Loss: 0.279012
Train Epoch: 18 [12736/60000 (21%)]	Loss: 0.509006
Train Epoch: 18 [19136/60000 (32%)]	Loss: 0.439607
Train Epoch: 18 [25536/60000 (43%)]	Loss: 0.487736
Train Epoch: 18 [31936/60000 (53%)]	Loss: 0.442992
Train Epoch: 18 [38336/60000 (64%)]	Loss: 0.257490
Train Epoch: 18 [44736/60000 (75%)]	Loss: 0.417321
Train Epoch: 18 [51136/60000 (85%)]	Loss: 0.274248
Train Epoch: 18 [57536/60000 (96%)]	Loss: 0.389163

Test set: Average loss: 0.7088, Accuracy: 7856/10000 (79%)

Namespace(batch_size=64, bias=None, data='../data', device=1, epochs=18, hidden_size=500, load_weights=None, log_interval=100, lr=0.1, model='redfc2', momentum=0.9, no_cuda=False, r=5, save_model=None, save_results=True, seed=1, sparsity=0.1, use_relu=True, wd=0.0005)


Total time spent pruning/training: 1.88 minutes
Total number of parameters in model: 1991420
Number of parameters in pruned model: 1792278
