Namespace(batch_size=64, bias=None, data='../data', device=1, epochs=16, hidden_size=500, load_weights=None, log_interval=100, lr=0.1, model='redfc2', momentum=0.9, no_cuda=False, r=5, save_model=None, save_results=True, seed=1, sparsity=0.95, use_relu=False, wd=0.0005) 

Pruning a Two-Layer Fully Connected Redundant Network ...
Train Epoch: 1 [6336/60000 (11%)]	Loss: 1.688149
Train Epoch: 1 [12736/60000 (21%)]	Loss: 1.259782
Train Epoch: 1 [19136/60000 (32%)]	Loss: 0.977365
Train Epoch: 1 [25536/60000 (43%)]	Loss: 0.930581
Train Epoch: 1 [31936/60000 (53%)]	Loss: 0.803980
Train Epoch: 1 [38336/60000 (64%)]	Loss: 0.693814
Train Epoch: 1 [44736/60000 (75%)]	Loss: 0.697378
Train Epoch: 1 [51136/60000 (85%)]	Loss: 0.529352
Train Epoch: 1 [57536/60000 (96%)]	Loss: 0.710539

Test set: Average loss: 0.5731, Accuracy: 8420/10000 (84%)

Train Epoch: 2 [6336/60000 (11%)]	Loss: 0.523116
Train Epoch: 2 [12736/60000 (21%)]	Loss: 0.561411
Train Epoch: 2 [19136/60000 (32%)]	Loss: 0.554585
Train Epoch: 2 [25536/60000 (43%)]	Loss: 0.674229
Train Epoch: 2 [31936/60000 (53%)]	Loss: 0.563195
Train Epoch: 2 [38336/60000 (64%)]	Loss: 0.491235
Train Epoch: 2 [44736/60000 (75%)]	Loss: 0.578167
Train Epoch: 2 [51136/60000 (85%)]	Loss: 0.665102
Train Epoch: 2 [57536/60000 (96%)]	Loss: 0.592452

Test set: Average loss: 0.4974, Accuracy: 8612/10000 (86%)

Train Epoch: 3 [6336/60000 (11%)]	Loss: 0.392718
Train Epoch: 3 [12736/60000 (21%)]	Loss: 0.483183
Train Epoch: 3 [19136/60000 (32%)]	Loss: 0.515650
Train Epoch: 3 [25536/60000 (43%)]	Loss: 0.527204
Train Epoch: 3 [31936/60000 (53%)]	Loss: 0.603786
Train Epoch: 3 [38336/60000 (64%)]	Loss: 0.487819
Train Epoch: 3 [44736/60000 (75%)]	Loss: 0.630389
Train Epoch: 3 [51136/60000 (85%)]	Loss: 0.536941
Train Epoch: 3 [57536/60000 (96%)]	Loss: 0.666003

Test set: Average loss: 0.4848, Accuracy: 8664/10000 (87%)

Train Epoch: 4 [6336/60000 (11%)]	Loss: 0.518282
Train Epoch: 4 [12736/60000 (21%)]	Loss: 0.661330
Train Epoch: 4 [19136/60000 (32%)]	Loss: 0.456388
Train Epoch: 4 [25536/60000 (43%)]	Loss: 0.617577
Train Epoch: 4 [31936/60000 (53%)]	Loss: 0.680688
Train Epoch: 4 [38336/60000 (64%)]	Loss: 0.595339
Train Epoch: 4 [44736/60000 (75%)]	Loss: 0.577538
Train Epoch: 4 [51136/60000 (85%)]	Loss: 0.372088
Train Epoch: 4 [57536/60000 (96%)]	Loss: 0.628372

Test set: Average loss: 0.5204, Accuracy: 8550/10000 (86%)

Train Epoch: 5 [6336/60000 (11%)]	Loss: 0.609891
Train Epoch: 5 [12736/60000 (21%)]	Loss: 0.496724
Train Epoch: 5 [19136/60000 (32%)]	Loss: 0.396983
Train Epoch: 5 [25536/60000 (43%)]	Loss: 0.578167
Train Epoch: 5 [31936/60000 (53%)]	Loss: 0.419148
Train Epoch: 5 [38336/60000 (64%)]	Loss: 0.597279
Train Epoch: 5 [44736/60000 (75%)]	Loss: 0.480127
Train Epoch: 5 [51136/60000 (85%)]	Loss: 0.574685
Train Epoch: 5 [57536/60000 (96%)]	Loss: 0.508284

Test set: Average loss: 0.5238, Accuracy: 8503/10000 (85%)

Train Epoch: 6 [6336/60000 (11%)]	Loss: 0.561885
Train Epoch: 6 [12736/60000 (21%)]	Loss: 0.570786
Train Epoch: 6 [19136/60000 (32%)]	Loss: 0.550768
Train Epoch: 6 [25536/60000 (43%)]	Loss: 0.380485
Train Epoch: 6 [31936/60000 (53%)]	Loss: 0.403950
Train Epoch: 6 [38336/60000 (64%)]	Loss: 0.447787
Train Epoch: 6 [44736/60000 (75%)]	Loss: 0.427516
Train Epoch: 6 [51136/60000 (85%)]	Loss: 0.558131
Train Epoch: 6 [57536/60000 (96%)]	Loss: 0.571721

Test set: Average loss: 0.5157, Accuracy: 8563/10000 (86%)

Train Epoch: 7 [6336/60000 (11%)]	Loss: 0.461630
Train Epoch: 7 [12736/60000 (21%)]	Loss: 0.573666
Train Epoch: 7 [19136/60000 (32%)]	Loss: 0.536485
Train Epoch: 7 [25536/60000 (43%)]	Loss: 0.583971
Train Epoch: 7 [31936/60000 (53%)]	Loss: 0.492007
Train Epoch: 7 [38336/60000 (64%)]	Loss: 0.637801
Train Epoch: 7 [44736/60000 (75%)]	Loss: 0.628601
Train Epoch: 7 [51136/60000 (85%)]	Loss: 0.680543
Train Epoch: 7 [57536/60000 (96%)]	Loss: 0.588948

Test set: Average loss: 0.5542, Accuracy: 8388/10000 (84%)

Train Epoch: 8 [6336/60000 (11%)]	Loss: 0.758824
Train Epoch: 8 [12736/60000 (21%)]	Loss: 0.549303
Train Epoch: 8 [19136/60000 (32%)]	Loss: 0.653473
Train Epoch: 8 [25536/60000 (43%)]	Loss: 0.623167
Train Epoch: 8 [31936/60000 (53%)]	Loss: 0.618074
Train Epoch: 8 [38336/60000 (64%)]	Loss: 0.446811
Train Epoch: 8 [44736/60000 (75%)]	Loss: 0.877338
Train Epoch: 8 [51136/60000 (85%)]	Loss: 0.754200
Train Epoch: 8 [57536/60000 (96%)]	Loss: 0.584335

Test set: Average loss: 0.6329, Accuracy: 8011/10000 (80%)

Train Epoch: 9 [6336/60000 (11%)]	Loss: 0.567368
Train Epoch: 9 [12736/60000 (21%)]	Loss: 0.540040
Train Epoch: 9 [19136/60000 (32%)]	Loss: 0.603091
Train Epoch: 9 [25536/60000 (43%)]	Loss: 0.638696
Train Epoch: 9 [31936/60000 (53%)]	Loss: 0.534949
Train Epoch: 9 [38336/60000 (64%)]	Loss: 0.527021
Train Epoch: 9 [44736/60000 (75%)]	Loss: 0.579004
Train Epoch: 9 [51136/60000 (85%)]	Loss: 0.738495
Train Epoch: 9 [57536/60000 (96%)]	Loss: 0.667786

Test set: Average loss: 0.5385, Accuracy: 8531/10000 (85%)

Train Epoch: 10 [6336/60000 (11%)]	Loss: 0.632694
Train Epoch: 10 [12736/60000 (21%)]	Loss: 0.592293
Train Epoch: 10 [19136/60000 (32%)]	Loss: 0.453686
Train Epoch: 10 [25536/60000 (43%)]	Loss: 0.542561
Train Epoch: 10 [31936/60000 (53%)]	Loss: 0.509895
Train Epoch: 10 [38336/60000 (64%)]	Loss: 0.613779
Train Epoch: 10 [44736/60000 (75%)]	Loss: 0.705445
Train Epoch: 10 [51136/60000 (85%)]	Loss: 0.570797
Train Epoch: 10 [57536/60000 (96%)]	Loss: 0.671905

Test set: Average loss: 0.5566, Accuracy: 8386/10000 (84%)

Train Epoch: 11 [6336/60000 (11%)]	Loss: 0.541649
Train Epoch: 11 [12736/60000 (21%)]	Loss: 0.520950
Train Epoch: 11 [19136/60000 (32%)]	Loss: 0.469316
Train Epoch: 11 [25536/60000 (43%)]	Loss: 0.595736
Train Epoch: 11 [31936/60000 (53%)]	Loss: 0.670116
Train Epoch: 11 [38336/60000 (64%)]	Loss: 0.486663
Train Epoch: 11 [44736/60000 (75%)]	Loss: 0.639273
Train Epoch: 11 [51136/60000 (85%)]	Loss: 0.445220
Train Epoch: 11 [57536/60000 (96%)]	Loss: 0.476850

Test set: Average loss: 0.5347, Accuracy: 8490/10000 (85%)

Train Epoch: 12 [6336/60000 (11%)]	Loss: 0.499723
Train Epoch: 12 [12736/60000 (21%)]	Loss: 0.643830
Train Epoch: 12 [19136/60000 (32%)]	Loss: 0.747086
Train Epoch: 12 [25536/60000 (43%)]	Loss: 0.389226
Train Epoch: 12 [31936/60000 (53%)]	Loss: 0.516103
Train Epoch: 12 [38336/60000 (64%)]	Loss: 0.677911
Train Epoch: 12 [44736/60000 (75%)]	Loss: 0.552234
Train Epoch: 12 [51136/60000 (85%)]	Loss: 0.576174
Train Epoch: 12 [57536/60000 (96%)]	Loss: 0.469846

Test set: Average loss: 0.5587, Accuracy: 8296/10000 (83%)

Train Epoch: 13 [6336/60000 (11%)]	Loss: 0.498843
Train Epoch: 13 [12736/60000 (21%)]	Loss: 0.454706
Train Epoch: 13 [19136/60000 (32%)]	Loss: 0.502991
Train Epoch: 13 [25536/60000 (43%)]	Loss: 0.552912
Train Epoch: 13 [31936/60000 (53%)]	Loss: 0.608564
Train Epoch: 13 [38336/60000 (64%)]	Loss: 0.614751
Train Epoch: 13 [44736/60000 (75%)]	Loss: 0.373581
Train Epoch: 13 [51136/60000 (85%)]	Loss: 0.554115
Train Epoch: 13 [57536/60000 (96%)]	Loss: 0.501647

Test set: Average loss: 0.4967, Accuracy: 8693/10000 (87%)

Train Epoch: 14 [6336/60000 (11%)]	Loss: 0.363315
Train Epoch: 14 [12736/60000 (21%)]	Loss: 0.543797
Train Epoch: 14 [19136/60000 (32%)]	Loss: 0.391534
Train Epoch: 14 [25536/60000 (43%)]	Loss: 0.326086
Train Epoch: 14 [31936/60000 (53%)]	Loss: 0.310836
Train Epoch: 14 [38336/60000 (64%)]	Loss: 0.467360
Train Epoch: 14 [44736/60000 (75%)]	Loss: 0.547537
Train Epoch: 14 [51136/60000 (85%)]	Loss: 0.461765
Train Epoch: 14 [57536/60000 (96%)]	Loss: 0.477555

Test set: Average loss: 0.4736, Accuracy: 8643/10000 (86%)

Train Epoch: 15 [6336/60000 (11%)]	Loss: 0.328854
Train Epoch: 15 [12736/60000 (21%)]	Loss: 0.367661
Train Epoch: 15 [19136/60000 (32%)]	Loss: 0.543540
Train Epoch: 15 [25536/60000 (43%)]	Loss: 0.460118
Train Epoch: 15 [31936/60000 (53%)]	Loss: 0.419353
Train Epoch: 15 [38336/60000 (64%)]	Loss: 0.591104
Train Epoch: 15 [44736/60000 (75%)]	Loss: 0.495036
Train Epoch: 15 [51136/60000 (85%)]	Loss: 0.603041
Train Epoch: 15 [57536/60000 (96%)]	Loss: 0.296078

Test set: Average loss: 0.4081, Accuracy: 8860/10000 (89%)

Train Epoch: 16 [6336/60000 (11%)]	Loss: 0.445982
Train Epoch: 16 [12736/60000 (21%)]	Loss: 0.329947
Train Epoch: 16 [19136/60000 (32%)]	Loss: 0.258700
Train Epoch: 16 [25536/60000 (43%)]	Loss: 0.573931
Train Epoch: 16 [31936/60000 (53%)]	Loss: 0.483918
Train Epoch: 16 [38336/60000 (64%)]	Loss: 0.474629
Train Epoch: 16 [44736/60000 (75%)]	Loss: 0.453613
Train Epoch: 16 [51136/60000 (85%)]	Loss: 0.496707
Train Epoch: 16 [57536/60000 (96%)]	Loss: 0.366937

Test set: Average loss: 0.3962, Accuracy: 8885/10000 (89%)

Namespace(batch_size=64, bias=None, data='../data', device=1, epochs=16, hidden_size=500, load_weights=None, log_interval=100, lr=0.1, model='redfc2', momentum=0.9, no_cuda=False, r=5, save_model=None, save_results=True, seed=1, sparsity=0.95, use_relu=False, wd=0.0005)


Total time spent pruning/training: 1.69 minutes
Total number of parameters in model: 1991420
Number of parameters in pruned model: 99571
