Namespace(batch_size=64, bias=None, data='../data', device=1, epochs=11, hidden_size=500, load_weights=None, log_interval=100, lr=0.1, model='redfc2', momentum=0.9, no_cuda=False, r=5, save_model=None, save_results=True, seed=1, sparsity=0.05, use_relu=True, wd=0.0005) 

Pruning a Two-Layer Fully Connected Redundant Network ...
Train Epoch: 1 [6336/60000 (11%)]	Loss: 0.517663
Train Epoch: 1 [12736/60000 (21%)]	Loss: 0.645766
Train Epoch: 1 [19136/60000 (32%)]	Loss: 0.763680
Train Epoch: 1 [25536/60000 (43%)]	Loss: 0.387334
Train Epoch: 1 [31936/60000 (53%)]	Loss: 0.408293
Train Epoch: 1 [38336/60000 (64%)]	Loss: 0.336996
Train Epoch: 1 [44736/60000 (75%)]	Loss: 0.442142
Train Epoch: 1 [51136/60000 (85%)]	Loss: 0.232538
Train Epoch: 1 [57536/60000 (96%)]	Loss: 0.307562

Test set: Average loss: 0.3110, Accuracy: 8997/10000 (90%)

Train Epoch: 2 [6336/60000 (11%)]	Loss: 0.151856
Train Epoch: 2 [12736/60000 (21%)]	Loss: 0.392487
Train Epoch: 2 [19136/60000 (32%)]	Loss: 0.171759
Train Epoch: 2 [25536/60000 (43%)]	Loss: 0.264770
Train Epoch: 2 [31936/60000 (53%)]	Loss: 0.295484
Train Epoch: 2 [38336/60000 (64%)]	Loss: 0.344007
Train Epoch: 2 [44736/60000 (75%)]	Loss: 0.393397
Train Epoch: 2 [51136/60000 (85%)]	Loss: 0.397741
Train Epoch: 2 [57536/60000 (96%)]	Loss: 0.445052

Test set: Average loss: 0.3145, Accuracy: 9040/10000 (90%)

Train Epoch: 3 [6336/60000 (11%)]	Loss: 0.252182
Train Epoch: 3 [12736/60000 (21%)]	Loss: 0.233914
Train Epoch: 3 [19136/60000 (32%)]	Loss: 0.367292
Train Epoch: 3 [25536/60000 (43%)]	Loss: 0.311334
Train Epoch: 3 [31936/60000 (53%)]	Loss: 0.562746
Train Epoch: 3 [38336/60000 (64%)]	Loss: 0.384771
Train Epoch: 3 [44736/60000 (75%)]	Loss: 0.295422
Train Epoch: 3 [51136/60000 (85%)]	Loss: 0.342371
Train Epoch: 3 [57536/60000 (96%)]	Loss: 0.660350

Test set: Average loss: 0.3360, Accuracy: 8917/10000 (89%)

Train Epoch: 4 [6336/60000 (11%)]	Loss: 0.276048
Train Epoch: 4 [12736/60000 (21%)]	Loss: 0.798491
Train Epoch: 4 [19136/60000 (32%)]	Loss: 0.304536
Train Epoch: 4 [25536/60000 (43%)]	Loss: 0.502857
Train Epoch: 4 [31936/60000 (53%)]	Loss: 0.572705
Train Epoch: 4 [38336/60000 (64%)]	Loss: 0.576135
Train Epoch: 4 [44736/60000 (75%)]	Loss: 0.501629
Train Epoch: 4 [51136/60000 (85%)]	Loss: 0.316515
Train Epoch: 4 [57536/60000 (96%)]	Loss: 0.523869

Test set: Average loss: 0.4761, Accuracy: 8475/10000 (85%)

Train Epoch: 5 [6336/60000 (11%)]	Loss: 0.780011
Train Epoch: 5 [12736/60000 (21%)]	Loss: 0.498834
Train Epoch: 5 [19136/60000 (32%)]	Loss: 0.670066
Train Epoch: 5 [25536/60000 (43%)]	Loss: 0.424638
Train Epoch: 5 [31936/60000 (53%)]	Loss: 0.498239
Train Epoch: 5 [38336/60000 (64%)]	Loss: 0.756020
Train Epoch: 5 [44736/60000 (75%)]	Loss: 0.388371
Train Epoch: 5 [51136/60000 (85%)]	Loss: 0.611048
Train Epoch: 5 [57536/60000 (96%)]	Loss: 0.578576

Test set: Average loss: 0.9981, Accuracy: 7073/10000 (71%)

Train Epoch: 6 [6336/60000 (11%)]	Loss: 0.570396
Train Epoch: 6 [12736/60000 (21%)]	Loss: 0.626794
Train Epoch: 6 [19136/60000 (32%)]	Loss: 0.866566
Train Epoch: 6 [25536/60000 (43%)]	Loss: 1.042433
Train Epoch: 6 [31936/60000 (53%)]	Loss: 0.862078
Train Epoch: 6 [38336/60000 (64%)]	Loss: 0.574793
Train Epoch: 6 [44736/60000 (75%)]	Loss: 0.803782
Train Epoch: 6 [51136/60000 (85%)]	Loss: 0.781989
Train Epoch: 6 [57536/60000 (96%)]	Loss: 1.014609

Test set: Average loss: 1.2400, Accuracy: 6504/10000 (65%)

Train Epoch: 7 [6336/60000 (11%)]	Loss: 0.708029
Train Epoch: 7 [12736/60000 (21%)]	Loss: 0.866374
Train Epoch: 7 [19136/60000 (32%)]	Loss: 1.301118
Train Epoch: 7 [25536/60000 (43%)]	Loss: 0.731824
Train Epoch: 7 [31936/60000 (53%)]	Loss: 1.031757
Train Epoch: 7 [38336/60000 (64%)]	Loss: 1.523862
Train Epoch: 7 [44736/60000 (75%)]	Loss: 1.167914
Train Epoch: 7 [51136/60000 (85%)]	Loss: 1.709481
Train Epoch: 7 [57536/60000 (96%)]	Loss: 1.167767

Test set: Average loss: 1.5348, Accuracy: 5830/10000 (58%)

Train Epoch: 8 [6336/60000 (11%)]	Loss: 2.363871
Train Epoch: 8 [12736/60000 (21%)]	Loss: 1.060012
Train Epoch: 8 [19136/60000 (32%)]	Loss: 1.501542
Train Epoch: 8 [25536/60000 (43%)]	Loss: 1.419990
Train Epoch: 8 [31936/60000 (53%)]	Loss: 1.801553
Train Epoch: 8 [38336/60000 (64%)]	Loss: 0.770639
Train Epoch: 8 [44736/60000 (75%)]	Loss: 2.126252
Train Epoch: 8 [51136/60000 (85%)]	Loss: 1.594945
Train Epoch: 8 [57536/60000 (96%)]	Loss: 1.660514

Test set: Average loss: 1.6684, Accuracy: 5753/10000 (58%)

Train Epoch: 9 [6336/60000 (11%)]	Loss: 1.295802
Train Epoch: 9 [12736/60000 (21%)]	Loss: 1.148947
Train Epoch: 9 [19136/60000 (32%)]	Loss: 1.439425
Train Epoch: 9 [25536/60000 (43%)]	Loss: 1.822979
Train Epoch: 9 [31936/60000 (53%)]	Loss: 1.193059
Train Epoch: 9 [38336/60000 (64%)]	Loss: 1.454742
Train Epoch: 9 [44736/60000 (75%)]	Loss: 1.676458
Train Epoch: 9 [51136/60000 (85%)]	Loss: 2.723562
Train Epoch: 9 [57536/60000 (96%)]	Loss: 1.605087

Test set: Average loss: 1.9090, Accuracy: 5435/10000 (54%)

Train Epoch: 10 [6336/60000 (11%)]	Loss: 2.447294
Train Epoch: 10 [12736/60000 (21%)]	Loss: 1.833568
Train Epoch: 10 [19136/60000 (32%)]	Loss: 1.717745
Train Epoch: 10 [25536/60000 (43%)]	Loss: 2.372596
Train Epoch: 10 [31936/60000 (53%)]	Loss: 1.539500
Train Epoch: 10 [38336/60000 (64%)]	Loss: 2.100201
Train Epoch: 10 [44736/60000 (75%)]	Loss: 1.895437
Train Epoch: 10 [51136/60000 (85%)]	Loss: 1.715390
Train Epoch: 10 [57536/60000 (96%)]	Loss: 2.389073

Test set: Average loss: 1.9558, Accuracy: 4906/10000 (49%)

Train Epoch: 11 [6336/60000 (11%)]	Loss: 1.090499
Train Epoch: 11 [12736/60000 (21%)]	Loss: 1.674260
Train Epoch: 11 [19136/60000 (32%)]	Loss: 1.769970
Train Epoch: 11 [25536/60000 (43%)]	Loss: 1.681969
Train Epoch: 11 [31936/60000 (53%)]	Loss: 1.906310
Train Epoch: 11 [38336/60000 (64%)]	Loss: 1.724382
Train Epoch: 11 [44736/60000 (75%)]	Loss: 1.474843
Train Epoch: 11 [51136/60000 (85%)]	Loss: 1.342640
Train Epoch: 11 [57536/60000 (96%)]	Loss: 1.907308

Test set: Average loss: 1.7342, Accuracy: 5536/10000 (55%)

Namespace(batch_size=64, bias=None, data='../data', device=1, epochs=11, hidden_size=500, load_weights=None, log_interval=100, lr=0.1, model='redfc2', momentum=0.9, no_cuda=False, r=5, save_model=None, save_results=True, seed=1, sparsity=0.05, use_relu=True, wd=0.0005)


Total time spent pruning/training: 1.20 minutes
Total number of parameters in model: 1991420
Number of parameters in pruned model: 1891849
