Namespace(batch_size=64, bias=None, data='../data', device=1, epochs=8, hidden_size=500, load_weights=None, log_interval=100, lr=0.1, model='redfc2', momentum=0.9, no_cuda=False, r=5, save_model=None, save_results=True, seed=1, sparsity=0.5, use_relu=True, wd=0.0005) 

Pruning a Two-Layer Fully Connected Redundant Network ...
Train Epoch: 1 [6336/60000 (11%)]	Loss: 0.608760
Train Epoch: 1 [12736/60000 (21%)]	Loss: 0.459584
Train Epoch: 1 [19136/60000 (32%)]	Loss: 0.597425
Train Epoch: 1 [25536/60000 (43%)]	Loss: 0.285862
Train Epoch: 1 [31936/60000 (53%)]	Loss: 0.320813
Train Epoch: 1 [38336/60000 (64%)]	Loss: 0.236409
Train Epoch: 1 [44736/60000 (75%)]	Loss: 0.217564
Train Epoch: 1 [51136/60000 (85%)]	Loss: 0.218027
Train Epoch: 1 [57536/60000 (96%)]	Loss: 0.190102

Test set: Average loss: 0.2210, Accuracy: 9341/10000 (93%)

Train Epoch: 2 [6336/60000 (11%)]	Loss: 0.129071
Train Epoch: 2 [12736/60000 (21%)]	Loss: 0.304944
Train Epoch: 2 [19136/60000 (32%)]	Loss: 0.105532
Train Epoch: 2 [25536/60000 (43%)]	Loss: 0.218614
Train Epoch: 2 [31936/60000 (53%)]	Loss: 0.159800
Train Epoch: 2 [38336/60000 (64%)]	Loss: 0.273103
Train Epoch: 2 [44736/60000 (75%)]	Loss: 0.266854
Train Epoch: 2 [51136/60000 (85%)]	Loss: 0.283810
Train Epoch: 2 [57536/60000 (96%)]	Loss: 0.274344

Test set: Average loss: 0.1980, Accuracy: 9407/10000 (94%)

Train Epoch: 3 [6336/60000 (11%)]	Loss: 0.148587
Train Epoch: 3 [12736/60000 (21%)]	Loss: 0.092593
Train Epoch: 3 [19136/60000 (32%)]	Loss: 0.204296
Train Epoch: 3 [25536/60000 (43%)]	Loss: 0.230048
Train Epoch: 3 [31936/60000 (53%)]	Loss: 0.289685
Train Epoch: 3 [38336/60000 (64%)]	Loss: 0.205035
Train Epoch: 3 [44736/60000 (75%)]	Loss: 0.288051
Train Epoch: 3 [51136/60000 (85%)]	Loss: 0.258614
Train Epoch: 3 [57536/60000 (96%)]	Loss: 0.428555

Test set: Average loss: 0.1804, Accuracy: 9481/10000 (95%)

Train Epoch: 4 [6336/60000 (11%)]	Loss: 0.132309
Train Epoch: 4 [12736/60000 (21%)]	Loss: 0.350273
Train Epoch: 4 [19136/60000 (32%)]	Loss: 0.204445
Train Epoch: 4 [25536/60000 (43%)]	Loss: 0.204976
Train Epoch: 4 [31936/60000 (53%)]	Loss: 0.369287
Train Epoch: 4 [38336/60000 (64%)]	Loss: 0.172886
Train Epoch: 4 [44736/60000 (75%)]	Loss: 0.180713
Train Epoch: 4 [51136/60000 (85%)]	Loss: 0.170126
Train Epoch: 4 [57536/60000 (96%)]	Loss: 0.191905

Test set: Average loss: 0.1880, Accuracy: 9446/10000 (94%)

Train Epoch: 5 [6336/60000 (11%)]	Loss: 0.216308
Train Epoch: 5 [12736/60000 (21%)]	Loss: 0.153558
Train Epoch: 5 [19136/60000 (32%)]	Loss: 0.210663
Train Epoch: 5 [25536/60000 (43%)]	Loss: 0.226701
Train Epoch: 5 [31936/60000 (53%)]	Loss: 0.122932
Train Epoch: 5 [38336/60000 (64%)]	Loss: 0.226621
Train Epoch: 5 [44736/60000 (75%)]	Loss: 0.088234
Train Epoch: 5 [51136/60000 (85%)]	Loss: 0.247603
Train Epoch: 5 [57536/60000 (96%)]	Loss: 0.114146

Test set: Average loss: 0.1731, Accuracy: 9521/10000 (95%)

Train Epoch: 6 [6336/60000 (11%)]	Loss: 0.160203
Train Epoch: 6 [12736/60000 (21%)]	Loss: 0.118922
Train Epoch: 6 [19136/60000 (32%)]	Loss: 0.128590
Train Epoch: 6 [25536/60000 (43%)]	Loss: 0.083706
Train Epoch: 6 [31936/60000 (53%)]	Loss: 0.079209
Train Epoch: 6 [38336/60000 (64%)]	Loss: 0.101742
Train Epoch: 6 [44736/60000 (75%)]	Loss: 0.127976
Train Epoch: 6 [51136/60000 (85%)]	Loss: 0.086955
Train Epoch: 6 [57536/60000 (96%)]	Loss: 0.191176

Test set: Average loss: 0.1440, Accuracy: 9574/10000 (96%)

Train Epoch: 7 [6336/60000 (11%)]	Loss: 0.049759
Train Epoch: 7 [12736/60000 (21%)]	Loss: 0.071341
Train Epoch: 7 [19136/60000 (32%)]	Loss: 0.076613
Train Epoch: 7 [25536/60000 (43%)]	Loss: 0.068837
Train Epoch: 7 [31936/60000 (53%)]	Loss: 0.065094
Train Epoch: 7 [38336/60000 (64%)]	Loss: 0.100904
Train Epoch: 7 [44736/60000 (75%)]	Loss: 0.183522
Train Epoch: 7 [51136/60000 (85%)]	Loss: 0.140873
Train Epoch: 7 [57536/60000 (96%)]	Loss: 0.092472

Test set: Average loss: 0.1353, Accuracy: 9611/10000 (96%)

Train Epoch: 8 [6336/60000 (11%)]	Loss: 0.268251
Train Epoch: 8 [12736/60000 (21%)]	Loss: 0.097433
Train Epoch: 8 [19136/60000 (32%)]	Loss: 0.117031
Train Epoch: 8 [25536/60000 (43%)]	Loss: 0.133180
Train Epoch: 8 [31936/60000 (53%)]	Loss: 0.168739
Train Epoch: 8 [38336/60000 (64%)]	Loss: 0.061982
Train Epoch: 8 [44736/60000 (75%)]	Loss: 0.279498
Train Epoch: 8 [51136/60000 (85%)]	Loss: 0.092114
Train Epoch: 8 [57536/60000 (96%)]	Loss: 0.083358

Test set: Average loss: 0.1255, Accuracy: 9652/10000 (97%)

Namespace(batch_size=64, bias=None, data='../data', device=1, epochs=8, hidden_size=500, load_weights=None, log_interval=100, lr=0.1, model='redfc2', momentum=0.9, no_cuda=False, r=5, save_model=None, save_results=True, seed=1, sparsity=0.5, use_relu=True, wd=0.0005)


Total time spent pruning/training: 0.88 minutes
Total number of parameters in model: 1991420
Number of parameters in pruned model: 995710
