Namespace(batch_size=64, bias=None, data='../data', device=1, epochs=11, hidden_size=500, load_weights=None, log_interval=100, lr=0.1, model='redfc4', momentum=0.9, no_cuda=False, r=5, save_model=None, save_results=True, seed=1, sparsity=0.025, use_relu=True, wd=0.0005) 

Pruning a Four-Layer Fully Connected Redundant Network ...
Train Epoch: 1 [6336/60000 (11%)]	Loss: 2.105241
Train Epoch: 1 [12736/60000 (21%)]	Loss: 1.579383
Train Epoch: 1 [19136/60000 (32%)]	Loss: 1.894165
Train Epoch: 1 [25536/60000 (43%)]	Loss: 1.707363
Train Epoch: 1 [31936/60000 (53%)]	Loss: 1.101653
Train Epoch: 1 [38336/60000 (64%)]	Loss: 1.119172
Train Epoch: 1 [44736/60000 (75%)]	Loss: 1.084754
Train Epoch: 1 [51136/60000 (85%)]	Loss: 3.099892
Train Epoch: 1 [57536/60000 (96%)]	Loss: 3.121449

Test set: Average loss: 2.1653, Accuracy: 7379/10000 (74%)

Train Epoch: 2 [6336/60000 (11%)]	Loss: 5.205405
Train Epoch: 2 [12736/60000 (21%)]	Loss: 1.796833
Train Epoch: 2 [19136/60000 (32%)]	Loss: 3.176315
Train Epoch: 2 [25536/60000 (43%)]	Loss: 2.334166
Train Epoch: 2 [31936/60000 (53%)]	Loss: 2.022188
Train Epoch: 2 [38336/60000 (64%)]	Loss: 3.800851
Train Epoch: 2 [44736/60000 (75%)]	Loss: 3.958132
Train Epoch: 2 [51136/60000 (85%)]	Loss: 3.668928
Train Epoch: 2 [57536/60000 (96%)]	Loss: 2.331657

Test set: Average loss: 3.7487, Accuracy: 6638/10000 (66%)

Train Epoch: 3 [6336/60000 (11%)]	Loss: 6.761828
Train Epoch: 3 [12736/60000 (21%)]	Loss: 3.998950
Train Epoch: 3 [19136/60000 (32%)]	Loss: 4.027830
Train Epoch: 3 [25536/60000 (43%)]	Loss: 2.268677
Train Epoch: 3 [31936/60000 (53%)]	Loss: 3.151900
Train Epoch: 3 [38336/60000 (64%)]	Loss: 5.722218
Train Epoch: 3 [44736/60000 (75%)]	Loss: 5.576565
Train Epoch: 3 [51136/60000 (85%)]	Loss: 5.862844
Train Epoch: 3 [57536/60000 (96%)]	Loss: 6.452955

Test set: Average loss: 8.4992, Accuracy: 4320/10000 (43%)

Train Epoch: 4 [6336/60000 (11%)]	Loss: 7.246569
Train Epoch: 4 [12736/60000 (21%)]	Loss: 7.931901
Train Epoch: 4 [19136/60000 (32%)]	Loss: 6.411492
Train Epoch: 4 [25536/60000 (43%)]	Loss: 7.938507
Train Epoch: 4 [31936/60000 (53%)]	Loss: 8.294273
Train Epoch: 4 [38336/60000 (64%)]	Loss: 9.661950
Train Epoch: 4 [44736/60000 (75%)]	Loss: 9.308030
Train Epoch: 4 [51136/60000 (85%)]	Loss: 8.303800
Train Epoch: 4 [57536/60000 (96%)]	Loss: 6.613297

Test set: Average loss: 10.8803, Accuracy: 3420/10000 (34%)

Train Epoch: 5 [6336/60000 (11%)]	Loss: 10.452314
Train Epoch: 5 [12736/60000 (21%)]	Loss: 11.275342
Train Epoch: 5 [19136/60000 (32%)]	Loss: 9.331354
Train Epoch: 5 [25536/60000 (43%)]	Loss: 10.337881
Train Epoch: 5 [31936/60000 (53%)]	Loss: 14.099228
Train Epoch: 5 [38336/60000 (64%)]	Loss: 13.798309
Train Epoch: 5 [44736/60000 (75%)]	Loss: 14.376620
Train Epoch: 5 [51136/60000 (85%)]	Loss: 15.748305
Train Epoch: 5 [57536/60000 (96%)]	Loss: 15.197677

Test set: Average loss: 13.6334, Accuracy: 2586/10000 (26%)

Train Epoch: 6 [6336/60000 (11%)]	Loss: 13.568810
Train Epoch: 6 [12736/60000 (21%)]	Loss: 14.544756
Train Epoch: 6 [19136/60000 (32%)]	Loss: 17.233706
Train Epoch: 6 [25536/60000 (43%)]	Loss: 14.263510
Train Epoch: 6 [31936/60000 (53%)]	Loss: 14.308086
Train Epoch: 6 [38336/60000 (64%)]	Loss: 15.667167
Train Epoch: 6 [44736/60000 (75%)]	Loss: 16.864769
Train Epoch: 6 [51136/60000 (85%)]	Loss: 18.080576
Train Epoch: 6 [57536/60000 (96%)]	Loss: 16.746870

Test set: Average loss: 16.6946, Accuracy: 2514/10000 (25%)

Train Epoch: 7 [6336/60000 (11%)]	Loss: 14.508486
Train Epoch: 7 [12736/60000 (21%)]	Loss: 14.772509
Train Epoch: 7 [19136/60000 (32%)]	Loss: 15.344389
Train Epoch: 7 [25536/60000 (43%)]	Loss: 15.278823
Train Epoch: 7 [31936/60000 (53%)]	Loss: 18.695301
Train Epoch: 7 [38336/60000 (64%)]	Loss: 16.861113
Train Epoch: 7 [44736/60000 (75%)]	Loss: 15.411418
Train Epoch: 7 [51136/60000 (85%)]	Loss: 14.701732
Train Epoch: 7 [57536/60000 (96%)]	Loss: 18.149361

Test set: Average loss: 17.5392, Accuracy: 2075/10000 (21%)

Train Epoch: 8 [6336/60000 (11%)]	Loss: 16.805841
Train Epoch: 8 [12736/60000 (21%)]	Loss: 10.507307
Train Epoch: 8 [19136/60000 (32%)]	Loss: 16.756596
Train Epoch: 8 [25536/60000 (43%)]	Loss: 13.920911
Train Epoch: 8 [31936/60000 (53%)]	Loss: 14.168218
Train Epoch: 8 [38336/60000 (64%)]	Loss: 17.772018
Train Epoch: 8 [44736/60000 (75%)]	Loss: 14.598512
Train Epoch: 8 [51136/60000 (85%)]	Loss: 16.392029
Train Epoch: 8 [57536/60000 (96%)]	Loss: 17.271385

Test set: Average loss: 15.0034, Accuracy: 2513/10000 (25%)

Train Epoch: 9 [6336/60000 (11%)]	Loss: 15.790634
Train Epoch: 9 [12736/60000 (21%)]	Loss: 14.914441
Train Epoch: 9 [19136/60000 (32%)]	Loss: 16.187422
Train Epoch: 9 [25536/60000 (43%)]	Loss: 12.356054
Train Epoch: 9 [31936/60000 (53%)]	Loss: 14.184978
Train Epoch: 9 [38336/60000 (64%)]	Loss: 15.632276
Train Epoch: 9 [44736/60000 (75%)]	Loss: 16.235332
Train Epoch: 9 [51136/60000 (85%)]	Loss: 13.445810
Train Epoch: 9 [57536/60000 (96%)]	Loss: 17.844782

Test set: Average loss: 15.2970, Accuracy: 2238/10000 (22%)

Train Epoch: 10 [6336/60000 (11%)]	Loss: 15.279068
Train Epoch: 10 [12736/60000 (21%)]	Loss: 13.864697
Train Epoch: 10 [19136/60000 (32%)]	Loss: 14.292388
Train Epoch: 10 [25536/60000 (43%)]	Loss: 12.146780
Train Epoch: 10 [31936/60000 (53%)]	Loss: 16.820833
Train Epoch: 10 [38336/60000 (64%)]	Loss: 13.572264
Train Epoch: 10 [44736/60000 (75%)]	Loss: 16.497293
Train Epoch: 10 [51136/60000 (85%)]	Loss: 14.577729
Train Epoch: 10 [57536/60000 (96%)]	Loss: 13.215022

Test set: Average loss: 13.9524, Accuracy: 2535/10000 (25%)

Train Epoch: 11 [6336/60000 (11%)]	Loss: 11.117004
Train Epoch: 11 [12736/60000 (21%)]	Loss: 11.241858
Train Epoch: 11 [19136/60000 (32%)]	Loss: 10.208580
Train Epoch: 11 [25536/60000 (43%)]	Loss: 12.857012
Train Epoch: 11 [31936/60000 (53%)]	Loss: 11.578875
Train Epoch: 11 [38336/60000 (64%)]	Loss: 11.912336
Train Epoch: 11 [44736/60000 (75%)]	Loss: 10.809158
Train Epoch: 11 [51136/60000 (85%)]	Loss: 12.441766
Train Epoch: 11 [57536/60000 (96%)]	Loss: 14.433870

Test set: Average loss: 13.3344, Accuracy: 2803/10000 (28%)

Namespace(batch_size=64, bias=None, data='../data', device=1, epochs=11, hidden_size=500, load_weights=None, log_interval=100, lr=0.1, model='redfc4', momentum=0.9, no_cuda=False, r=5, save_model=None, save_results=True, seed=1, sparsity=0.025, use_relu=True, wd=0.0005)


Total time spent pruning/training: 2.22 minutes
Total number of parameters in model: 4496420
Number of parameters in pruned model: 4384009
