Namespace(batch_size=64, bias=None, data='../data', device=1, epochs=18, hidden_size=500, load_weights=None, log_interval=100, lr=0.1, model='redfc4', momentum=0.9, no_cuda=False, r=5, save_model=None, save_results=True, seed=1, sparsity=0.25, use_relu=False, wd=0.0005) 

Pruning a Four-Layer Fully Connected Redundant Network ...
Train Epoch: 1 [6336/60000 (11%)]	Loss: 0.947687
Train Epoch: 1 [12736/60000 (21%)]	Loss: 0.479536
Train Epoch: 1 [19136/60000 (32%)]	Loss: 0.393960
Train Epoch: 1 [25536/60000 (43%)]	Loss: 0.431756
Train Epoch: 1 [31936/60000 (53%)]	Loss: 0.251921
Train Epoch: 1 [38336/60000 (64%)]	Loss: 0.333686
Train Epoch: 1 [44736/60000 (75%)]	Loss: 0.134160
Train Epoch: 1 [51136/60000 (85%)]	Loss: 0.586530
Train Epoch: 1 [57536/60000 (96%)]	Loss: 0.438262

Test set: Average loss: 0.2589, Accuracy: 9247/10000 (92%)

Train Epoch: 2 [6336/60000 (11%)]	Loss: 0.390910
Train Epoch: 2 [12736/60000 (21%)]	Loss: 0.125601
Train Epoch: 2 [19136/60000 (32%)]	Loss: 0.453462
Train Epoch: 2 [25536/60000 (43%)]	Loss: 0.133783
Train Epoch: 2 [31936/60000 (53%)]	Loss: 0.272570
Train Epoch: 2 [38336/60000 (64%)]	Loss: 0.362402
Train Epoch: 2 [44736/60000 (75%)]	Loss: 0.345312
Train Epoch: 2 [51136/60000 (85%)]	Loss: 0.166126
Train Epoch: 2 [57536/60000 (96%)]	Loss: 0.200476

Test set: Average loss: 0.2551, Accuracy: 9196/10000 (92%)

Train Epoch: 3 [6336/60000 (11%)]	Loss: 0.297453
Train Epoch: 3 [12736/60000 (21%)]	Loss: 0.078286
Train Epoch: 3 [19136/60000 (32%)]	Loss: 0.032604
Train Epoch: 3 [25536/60000 (43%)]	Loss: 0.330079
Train Epoch: 3 [31936/60000 (53%)]	Loss: 0.183346
Train Epoch: 3 [38336/60000 (64%)]	Loss: 0.158256
Train Epoch: 3 [44736/60000 (75%)]	Loss: 0.495057
Train Epoch: 3 [51136/60000 (85%)]	Loss: 0.232747
Train Epoch: 3 [57536/60000 (96%)]	Loss: 0.217532

Test set: Average loss: 0.2391, Accuracy: 9268/10000 (93%)

Train Epoch: 4 [6336/60000 (11%)]	Loss: 0.332816
Train Epoch: 4 [12736/60000 (21%)]	Loss: 0.564962
Train Epoch: 4 [19136/60000 (32%)]	Loss: 0.520339
Train Epoch: 4 [25536/60000 (43%)]	Loss: 0.453596
Train Epoch: 4 [31936/60000 (53%)]	Loss: 0.399788
Train Epoch: 4 [38336/60000 (64%)]	Loss: 0.404736
Train Epoch: 4 [44736/60000 (75%)]	Loss: 0.506184
Train Epoch: 4 [51136/60000 (85%)]	Loss: 0.160235
Train Epoch: 4 [57536/60000 (96%)]	Loss: 0.200870

Test set: Average loss: 0.3763, Accuracy: 8814/10000 (88%)

Train Epoch: 5 [6336/60000 (11%)]	Loss: 0.612743
Train Epoch: 5 [12736/60000 (21%)]	Loss: 0.228799
Train Epoch: 5 [19136/60000 (32%)]	Loss: 0.345668
Train Epoch: 5 [25536/60000 (43%)]	Loss: 0.140571
Train Epoch: 5 [31936/60000 (53%)]	Loss: 0.371842
Train Epoch: 5 [38336/60000 (64%)]	Loss: 0.448816
Train Epoch: 5 [44736/60000 (75%)]	Loss: 0.336981
Train Epoch: 5 [51136/60000 (85%)]	Loss: 0.308625
Train Epoch: 5 [57536/60000 (96%)]	Loss: 0.385480

Test set: Average loss: 0.5453, Accuracy: 8446/10000 (84%)

Train Epoch: 6 [6336/60000 (11%)]	Loss: 0.465552
Train Epoch: 6 [12736/60000 (21%)]	Loss: 0.331409
Train Epoch: 6 [19136/60000 (32%)]	Loss: 0.410820
Train Epoch: 6 [25536/60000 (43%)]	Loss: 0.590440
Train Epoch: 6 [31936/60000 (53%)]	Loss: 0.568016
Train Epoch: 6 [38336/60000 (64%)]	Loss: 0.244137
Train Epoch: 6 [44736/60000 (75%)]	Loss: 0.461753
Train Epoch: 6 [51136/60000 (85%)]	Loss: 0.509104
Train Epoch: 6 [57536/60000 (96%)]	Loss: 0.277487

Test set: Average loss: 0.3248, Accuracy: 9063/10000 (91%)

Train Epoch: 7 [6336/60000 (11%)]	Loss: 0.238168
Train Epoch: 7 [12736/60000 (21%)]	Loss: 0.382069
Train Epoch: 7 [19136/60000 (32%)]	Loss: 0.335860
Train Epoch: 7 [25536/60000 (43%)]	Loss: 0.620658
Train Epoch: 7 [31936/60000 (53%)]	Loss: 0.246089
Train Epoch: 7 [38336/60000 (64%)]	Loss: 0.386887
Train Epoch: 7 [44736/60000 (75%)]	Loss: 0.453400
Train Epoch: 7 [51136/60000 (85%)]	Loss: 0.483578
Train Epoch: 7 [57536/60000 (96%)]	Loss: 0.622859

Test set: Average loss: 0.4274, Accuracy: 8658/10000 (87%)

Train Epoch: 8 [6336/60000 (11%)]	Loss: 0.185401
Train Epoch: 8 [12736/60000 (21%)]	Loss: 0.150389
Train Epoch: 8 [19136/60000 (32%)]	Loss: 0.446194
Train Epoch: 8 [25536/60000 (43%)]	Loss: 0.371987
Train Epoch: 8 [31936/60000 (53%)]	Loss: 0.276325
Train Epoch: 8 [38336/60000 (64%)]	Loss: 0.450001
Train Epoch: 8 [44736/60000 (75%)]	Loss: 0.516490
Train Epoch: 8 [51136/60000 (85%)]	Loss: 0.240755
Train Epoch: 8 [57536/60000 (96%)]	Loss: 0.149848

Test set: Average loss: 0.3984, Accuracy: 8817/10000 (88%)

Train Epoch: 9 [6336/60000 (11%)]	Loss: 0.246530
Train Epoch: 9 [12736/60000 (21%)]	Loss: 0.359942
Train Epoch: 9 [19136/60000 (32%)]	Loss: 0.381177
Train Epoch: 9 [25536/60000 (43%)]	Loss: 0.239285
Train Epoch: 9 [31936/60000 (53%)]	Loss: 0.331729
Train Epoch: 9 [38336/60000 (64%)]	Loss: 0.483254
Train Epoch: 9 [44736/60000 (75%)]	Loss: 0.541329
Train Epoch: 9 [51136/60000 (85%)]	Loss: 0.212305
Train Epoch: 9 [57536/60000 (96%)]	Loss: 0.447462

Test set: Average loss: 0.3491, Accuracy: 8970/10000 (90%)

Train Epoch: 10 [6336/60000 (11%)]	Loss: 0.334582
Train Epoch: 10 [12736/60000 (21%)]	Loss: 0.302000
Train Epoch: 10 [19136/60000 (32%)]	Loss: 0.408026
Train Epoch: 10 [25536/60000 (43%)]	Loss: 0.665205
Train Epoch: 10 [31936/60000 (53%)]	Loss: 0.341655
Train Epoch: 10 [38336/60000 (64%)]	Loss: 0.396519
Train Epoch: 10 [44736/60000 (75%)]	Loss: 0.176692
Train Epoch: 10 [51136/60000 (85%)]	Loss: 0.539529
Train Epoch: 10 [57536/60000 (96%)]	Loss: 0.307303

Test set: Average loss: 0.3222, Accuracy: 9069/10000 (91%)

Train Epoch: 11 [6336/60000 (11%)]	Loss: 0.154154
Train Epoch: 11 [12736/60000 (21%)]	Loss: 0.187606
Train Epoch: 11 [19136/60000 (32%)]	Loss: 0.250518
Train Epoch: 11 [25536/60000 (43%)]	Loss: 0.217415
Train Epoch: 11 [31936/60000 (53%)]	Loss: 0.461468
Train Epoch: 11 [38336/60000 (64%)]	Loss: 0.241204
Train Epoch: 11 [44736/60000 (75%)]	Loss: 0.290950
Train Epoch: 11 [51136/60000 (85%)]	Loss: 0.364825
Train Epoch: 11 [57536/60000 (96%)]	Loss: 0.431666

Test set: Average loss: 0.3884, Accuracy: 8870/10000 (89%)

Train Epoch: 12 [6336/60000 (11%)]	Loss: 0.356738
Train Epoch: 12 [12736/60000 (21%)]	Loss: 0.313632
Train Epoch: 12 [19136/60000 (32%)]	Loss: 0.191675
Train Epoch: 12 [25536/60000 (43%)]	Loss: 0.399022
Train Epoch: 12 [31936/60000 (53%)]	Loss: 0.264222
Train Epoch: 12 [38336/60000 (64%)]	Loss: 0.184526
Train Epoch: 12 [44736/60000 (75%)]	Loss: 0.462390
Train Epoch: 12 [51136/60000 (85%)]	Loss: 0.130013
Train Epoch: 12 [57536/60000 (96%)]	Loss: 0.497277

Test set: Average loss: 0.3280, Accuracy: 9010/10000 (90%)

Train Epoch: 13 [6336/60000 (11%)]	Loss: 0.288701
Train Epoch: 13 [12736/60000 (21%)]	Loss: 0.256106
Train Epoch: 13 [19136/60000 (32%)]	Loss: 0.237310
Train Epoch: 13 [25536/60000 (43%)]	Loss: 0.230955
Train Epoch: 13 [31936/60000 (53%)]	Loss: 0.338897
Train Epoch: 13 [38336/60000 (64%)]	Loss: 0.240433
Train Epoch: 13 [44736/60000 (75%)]	Loss: 0.116038
Train Epoch: 13 [51136/60000 (85%)]	Loss: 0.215825
Train Epoch: 13 [57536/60000 (96%)]	Loss: 0.326045

Test set: Average loss: 0.2901, Accuracy: 9171/10000 (92%)

Train Epoch: 14 [6336/60000 (11%)]	Loss: 0.327597
Train Epoch: 14 [12736/60000 (21%)]	Loss: 0.231667
Train Epoch: 14 [19136/60000 (32%)]	Loss: 0.279874
Train Epoch: 14 [25536/60000 (43%)]	Loss: 0.207345
Train Epoch: 14 [31936/60000 (53%)]	Loss: 0.333222
Train Epoch: 14 [38336/60000 (64%)]	Loss: 0.162421
Train Epoch: 14 [44736/60000 (75%)]	Loss: 0.313746
Train Epoch: 14 [51136/60000 (85%)]	Loss: 0.097203
Train Epoch: 14 [57536/60000 (96%)]	Loss: 0.183918

Test set: Average loss: 0.2119, Accuracy: 9346/10000 (93%)

Train Epoch: 15 [6336/60000 (11%)]	Loss: 0.077991
Train Epoch: 15 [12736/60000 (21%)]	Loss: 0.209616
Train Epoch: 15 [19136/60000 (32%)]	Loss: 0.296116
Train Epoch: 15 [25536/60000 (43%)]	Loss: 0.159573
Train Epoch: 15 [31936/60000 (53%)]	Loss: 0.229186
Train Epoch: 15 [38336/60000 (64%)]	Loss: 0.308194
Train Epoch: 15 [44736/60000 (75%)]	Loss: 0.099765
Train Epoch: 15 [51136/60000 (85%)]	Loss: 0.206159
Train Epoch: 15 [57536/60000 (96%)]	Loss: 0.269830

Test set: Average loss: 0.2033, Accuracy: 9418/10000 (94%)

Train Epoch: 16 [6336/60000 (11%)]	Loss: 0.013877
Train Epoch: 16 [12736/60000 (21%)]	Loss: 0.090992
Train Epoch: 16 [19136/60000 (32%)]	Loss: 0.225175
Train Epoch: 16 [25536/60000 (43%)]	Loss: 0.135190
Train Epoch: 16 [31936/60000 (53%)]	Loss: 0.114569
Train Epoch: 16 [38336/60000 (64%)]	Loss: 0.161407
Train Epoch: 16 [44736/60000 (75%)]	Loss: 0.022026
Train Epoch: 16 [51136/60000 (85%)]	Loss: 0.201234
Train Epoch: 16 [57536/60000 (96%)]	Loss: 0.107504

Test set: Average loss: 0.1475, Accuracy: 9572/10000 (96%)

Train Epoch: 17 [6336/60000 (11%)]	Loss: 0.032879
Train Epoch: 17 [12736/60000 (21%)]	Loss: 0.134651
Train Epoch: 17 [19136/60000 (32%)]	Loss: 0.072739
Train Epoch: 17 [25536/60000 (43%)]	Loss: 0.110490
Train Epoch: 17 [31936/60000 (53%)]	Loss: 0.088917
Train Epoch: 17 [38336/60000 (64%)]	Loss: 0.059476
Train Epoch: 17 [44736/60000 (75%)]	Loss: 0.072961
Train Epoch: 17 [51136/60000 (85%)]	Loss: 0.092565
Train Epoch: 17 [57536/60000 (96%)]	Loss: 0.050530

Test set: Average loss: 0.0995, Accuracy: 9699/10000 (97%)

Train Epoch: 18 [6336/60000 (11%)]	Loss: 0.092575
Train Epoch: 18 [12736/60000 (21%)]	Loss: 0.100384
Train Epoch: 18 [19136/60000 (32%)]	Loss: 0.060616
Train Epoch: 18 [25536/60000 (43%)]	Loss: 0.108254
Train Epoch: 18 [31936/60000 (53%)]	Loss: 0.101557
Train Epoch: 18 [38336/60000 (64%)]	Loss: 0.079099
Train Epoch: 18 [44736/60000 (75%)]	Loss: 0.029073
Train Epoch: 18 [51136/60000 (85%)]	Loss: 0.044901
Train Epoch: 18 [57536/60000 (96%)]	Loss: 0.015372

Test set: Average loss: 0.0830, Accuracy: 9754/10000 (98%)

Namespace(batch_size=64, bias=None, data='../data', device=1, epochs=18, hidden_size=500, load_weights=None, log_interval=100, lr=0.1, model='redfc4', momentum=0.9, no_cuda=False, r=5, save_model=None, save_results=True, seed=1, sparsity=0.25, use_relu=False, wd=0.0005)


Total time spent pruning/training: 3.58 minutes
Total number of parameters in model: 4496420
Number of parameters in pruned model: 3372315
