Namespace(batch_size=64, bias=None, data='../data', device=1, epochs=8, hidden_size=500, load_weights=None, log_interval=100, lr=0.1, model='redfc4', momentum=0.9, no_cuda=False, r=5, save_model=None, save_results=True, seed=1, sparsity=0.025, use_relu=False, wd=0.0005) 

Pruning a Four-Layer Fully Connected Redundant Network ...
Train Epoch: 1 [6336/60000 (11%)]	Loss: 11.195581
Train Epoch: 1 [12736/60000 (21%)]	Loss: 11.993148
Train Epoch: 1 [19136/60000 (32%)]	Loss: 18.973293
Train Epoch: 1 [25536/60000 (43%)]	Loss: 13.737168
Train Epoch: 1 [31936/60000 (53%)]	Loss: 21.636826
Train Epoch: 1 [38336/60000 (64%)]	Loss: 23.369637
Train Epoch: 1 [44736/60000 (75%)]	Loss: 18.424709
Train Epoch: 1 [51136/60000 (85%)]	Loss: 25.789642
Train Epoch: 1 [57536/60000 (96%)]	Loss: 34.440708

Test set: Average loss: 33.2640, Accuracy: 5096/10000 (51%)

Train Epoch: 2 [6336/60000 (11%)]	Loss: 55.150108
Train Epoch: 2 [12736/60000 (21%)]	Loss: 23.273422
Train Epoch: 2 [19136/60000 (32%)]	Loss: 36.053055
Train Epoch: 2 [25536/60000 (43%)]	Loss: 34.691769
Train Epoch: 2 [31936/60000 (53%)]	Loss: 38.042397
Train Epoch: 2 [38336/60000 (64%)]	Loss: 41.643856
Train Epoch: 2 [44736/60000 (75%)]	Loss: 41.387104
Train Epoch: 2 [51136/60000 (85%)]	Loss: 44.179359
Train Epoch: 2 [57536/60000 (96%)]	Loss: 35.970772

Test set: Average loss: 44.1657, Accuracy: 3967/10000 (40%)

Train Epoch: 3 [6336/60000 (11%)]	Loss: 46.493099
Train Epoch: 3 [12736/60000 (21%)]	Loss: 41.645145
Train Epoch: 3 [19136/60000 (32%)]	Loss: 55.675835
Train Epoch: 3 [25536/60000 (43%)]	Loss: 52.417599
Train Epoch: 3 [31936/60000 (53%)]	Loss: 45.415592
Train Epoch: 3 [38336/60000 (64%)]	Loss: 47.074673
Train Epoch: 3 [44736/60000 (75%)]	Loss: 49.297825
Train Epoch: 3 [51136/60000 (85%)]	Loss: 54.500633
Train Epoch: 3 [57536/60000 (96%)]	Loss: 54.255665

Test set: Average loss: 53.9842, Accuracy: 3323/10000 (33%)

Train Epoch: 4 [6336/60000 (11%)]	Loss: 48.661659
Train Epoch: 4 [12736/60000 (21%)]	Loss: 77.754257
Train Epoch: 4 [19136/60000 (32%)]	Loss: 50.509758
Train Epoch: 4 [25536/60000 (43%)]	Loss: 55.459946
Train Epoch: 4 [31936/60000 (53%)]	Loss: 55.708515
Train Epoch: 4 [38336/60000 (64%)]	Loss: 65.372002
Train Epoch: 4 [44736/60000 (75%)]	Loss: 56.003609
Train Epoch: 4 [51136/60000 (85%)]	Loss: 61.637165
Train Epoch: 4 [57536/60000 (96%)]	Loss: 47.450542

Test set: Average loss: 59.1007, Accuracy: 3215/10000 (32%)

Train Epoch: 5 [6336/60000 (11%)]	Loss: 56.969906
Train Epoch: 5 [12736/60000 (21%)]	Loss: 58.289612
Train Epoch: 5 [19136/60000 (32%)]	Loss: 66.535690
Train Epoch: 5 [25536/60000 (43%)]	Loss: 66.893723
Train Epoch: 5 [31936/60000 (53%)]	Loss: 59.534256
Train Epoch: 5 [38336/60000 (64%)]	Loss: 53.438171
Train Epoch: 5 [44736/60000 (75%)]	Loss: 56.288506
Train Epoch: 5 [51136/60000 (85%)]	Loss: 61.717831
Train Epoch: 5 [57536/60000 (96%)]	Loss: 68.566559

Test set: Average loss: 61.8538, Accuracy: 2799/10000 (28%)

Train Epoch: 6 [6336/60000 (11%)]	Loss: 67.740005
Train Epoch: 6 [12736/60000 (21%)]	Loss: 62.868423
Train Epoch: 6 [19136/60000 (32%)]	Loss: 70.201370
Train Epoch: 6 [25536/60000 (43%)]	Loss: 62.805050
Train Epoch: 6 [31936/60000 (53%)]	Loss: 75.652367
Train Epoch: 6 [38336/60000 (64%)]	Loss: 66.364761
Train Epoch: 6 [44736/60000 (75%)]	Loss: 66.202896
Train Epoch: 6 [51136/60000 (85%)]	Loss: 60.309132
Train Epoch: 6 [57536/60000 (96%)]	Loss: 56.871952

Test set: Average loss: 62.8943, Accuracy: 2943/10000 (29%)

Train Epoch: 7 [6336/60000 (11%)]	Loss: 63.487343
Train Epoch: 7 [12736/60000 (21%)]	Loss: 62.053535
Train Epoch: 7 [19136/60000 (32%)]	Loss: 69.183464
Train Epoch: 7 [25536/60000 (43%)]	Loss: 58.570831
Train Epoch: 7 [31936/60000 (53%)]	Loss: 58.527767
Train Epoch: 7 [38336/60000 (64%)]	Loss: 68.066841
Train Epoch: 7 [44736/60000 (75%)]	Loss: 74.965126
Train Epoch: 7 [51136/60000 (85%)]	Loss: 53.882183
Train Epoch: 7 [57536/60000 (96%)]	Loss: 76.942421

Test set: Average loss: 63.9786, Accuracy: 2825/10000 (28%)

Train Epoch: 8 [6336/60000 (11%)]	Loss: 60.863029
Train Epoch: 8 [12736/60000 (21%)]	Loss: 49.310501
Train Epoch: 8 [19136/60000 (32%)]	Loss: 55.404907
Train Epoch: 8 [25536/60000 (43%)]	Loss: 57.680546
Train Epoch: 8 [31936/60000 (53%)]	Loss: 60.374550
Train Epoch: 8 [38336/60000 (64%)]	Loss: 59.351658
Train Epoch: 8 [44736/60000 (75%)]	Loss: 75.156174
Train Epoch: 8 [51136/60000 (85%)]	Loss: 59.434742
Train Epoch: 8 [57536/60000 (96%)]	Loss: 49.937820

Test set: Average loss: 72.7478, Accuracy: 2183/10000 (22%)

Namespace(batch_size=64, bias=None, data='../data', device=1, epochs=8, hidden_size=500, load_weights=None, log_interval=100, lr=0.1, model='redfc4', momentum=0.9, no_cuda=False, r=5, save_model=None, save_results=True, seed=1, sparsity=0.025, use_relu=False, wd=0.0005)


Total time spent pruning/training: 1.60 minutes
Total number of parameters in model: 4496420
Number of parameters in pruned model: 4384009
