Namespace(batch_size=64, bias=None, data='../data', device=1, epochs=4, hidden_size=500, load_weights=None, log_interval=100, lr=0.1, model='redfc4', momentum=0.9, no_cuda=False, r=5, save_model=None, save_results=True, seed=1, sparsity=0.05, use_relu=False, wd=0.0005) 

Pruning a Four-Layer Fully Connected Redundant Network ...
Train Epoch: 1 [6336/60000 (11%)]	Loss: 7.931054
Train Epoch: 1 [12736/60000 (21%)]	Loss: 4.265900
Train Epoch: 1 [19136/60000 (32%)]	Loss: 4.155206
Train Epoch: 1 [25536/60000 (43%)]	Loss: 3.430566
Train Epoch: 1 [31936/60000 (53%)]	Loss: 7.702818
Train Epoch: 1 [38336/60000 (64%)]	Loss: 6.903853
Train Epoch: 1 [44736/60000 (75%)]	Loss: 7.440998
Train Epoch: 1 [51136/60000 (85%)]	Loss: 8.445874
Train Epoch: 1 [57536/60000 (96%)]	Loss: 7.460360

Test set: Average loss: 9.1489, Accuracy: 7426/10000 (74%)

Train Epoch: 2 [6336/60000 (11%)]	Loss: 16.960258
Train Epoch: 2 [12736/60000 (21%)]	Loss: 10.358004
Train Epoch: 2 [19136/60000 (32%)]	Loss: 8.719045
Train Epoch: 2 [25536/60000 (43%)]	Loss: 5.766750
Train Epoch: 2 [31936/60000 (53%)]	Loss: 7.522542
Train Epoch: 2 [38336/60000 (64%)]	Loss: 27.679205
Train Epoch: 2 [44736/60000 (75%)]	Loss: 10.262771
Train Epoch: 2 [51136/60000 (85%)]	Loss: 19.329683
Train Epoch: 2 [57536/60000 (96%)]	Loss: 14.393497

Test set: Average loss: 15.0020, Accuracy: 6814/10000 (68%)

Train Epoch: 3 [6336/60000 (11%)]	Loss: 5.995371
Train Epoch: 3 [12736/60000 (21%)]	Loss: 9.201449
Train Epoch: 3 [19136/60000 (32%)]	Loss: 6.041214
Train Epoch: 3 [25536/60000 (43%)]	Loss: 9.928095
Train Epoch: 3 [31936/60000 (53%)]	Loss: 11.060497
Train Epoch: 3 [38336/60000 (64%)]	Loss: 13.464903
Train Epoch: 3 [44736/60000 (75%)]	Loss: 20.298964
Train Epoch: 3 [51136/60000 (85%)]	Loss: 12.063254
Train Epoch: 3 [57536/60000 (96%)]	Loss: 13.638636

Test set: Average loss: 21.0006, Accuracy: 6065/10000 (61%)

Train Epoch: 4 [6336/60000 (11%)]	Loss: 4.706334
Train Epoch: 4 [12736/60000 (21%)]	Loss: 11.619778
Train Epoch: 4 [19136/60000 (32%)]	Loss: 11.197498
Train Epoch: 4 [25536/60000 (43%)]	Loss: 7.885550
Train Epoch: 4 [31936/60000 (53%)]	Loss: 9.403773
Train Epoch: 4 [38336/60000 (64%)]	Loss: 11.221790
Train Epoch: 4 [44736/60000 (75%)]	Loss: 9.404257
Train Epoch: 4 [51136/60000 (85%)]	Loss: 6.535890
Train Epoch: 4 [57536/60000 (96%)]	Loss: 3.044189

Test set: Average loss: 12.4774, Accuracy: 7195/10000 (72%)

Namespace(batch_size=64, bias=None, data='../data', device=1, epochs=4, hidden_size=500, load_weights=None, log_interval=100, lr=0.1, model='redfc4', momentum=0.9, no_cuda=False, r=5, save_model=None, save_results=True, seed=1, sparsity=0.05, use_relu=False, wd=0.0005)


Total time spent pruning/training: 0.89 minutes
Total number of parameters in model: 4496420
Number of parameters in pruned model: 4271599
