Namespace(batch_size=64, bias=None, data='../data', device=1, epochs=19, hidden_size=500, load_weights=None, log_interval=100, lr=0.1, model='redfc4', momentum=0.9, no_cuda=False, r=5, save_model=None, save_results=True, seed=1, sparsity=0.02, use_relu=False, wd=0.0005) 

Pruning a Four-Layer Fully Connected Redundant Network ...
Train Epoch: 1 [6336/60000 (11%)]	Loss: 7.253252
Train Epoch: 1 [12736/60000 (21%)]	Loss: 25.429331
Train Epoch: 1 [19136/60000 (32%)]	Loss: 34.917747
Train Epoch: 1 [25536/60000 (43%)]	Loss: 38.026100
Train Epoch: 1 [31936/60000 (53%)]	Loss: 29.555229
Train Epoch: 1 [38336/60000 (64%)]	Loss: 27.226795
Train Epoch: 1 [44736/60000 (75%)]	Loss: 33.277142
Train Epoch: 1 [51136/60000 (85%)]	Loss: 45.097240
Train Epoch: 1 [57536/60000 (96%)]	Loss: 48.676105

Test set: Average loss: 47.5576, Accuracy: 3854/10000 (39%)

Train Epoch: 2 [6336/60000 (11%)]	Loss: 50.072884
Train Epoch: 2 [12736/60000 (21%)]	Loss: 40.163769
Train Epoch: 2 [19136/60000 (32%)]	Loss: 56.538364
Train Epoch: 2 [25536/60000 (43%)]	Loss: 52.018208
Train Epoch: 2 [31936/60000 (53%)]	Loss: 49.542191
Train Epoch: 2 [38336/60000 (64%)]	Loss: 59.643532
Train Epoch: 2 [44736/60000 (75%)]	Loss: 66.961433
Train Epoch: 2 [51136/60000 (85%)]	Loss: 65.435982
Train Epoch: 2 [57536/60000 (96%)]	Loss: 63.946262

Test set: Average loss: 69.7088, Accuracy: 2263/10000 (23%)

Train Epoch: 3 [6336/60000 (11%)]	Loss: 77.128578
Train Epoch: 3 [12736/60000 (21%)]	Loss: 78.948532
Train Epoch: 3 [19136/60000 (32%)]	Loss: 81.095055
Train Epoch: 3 [25536/60000 (43%)]	Loss: 86.435150
Train Epoch: 3 [31936/60000 (53%)]	Loss: 66.553360
Train Epoch: 3 [38336/60000 (64%)]	Loss: 70.599426
Train Epoch: 3 [44736/60000 (75%)]	Loss: 75.069405
Train Epoch: 3 [51136/60000 (85%)]	Loss: 70.093964
Train Epoch: 3 [57536/60000 (96%)]	Loss: 84.074409

Test set: Average loss: 79.5020, Accuracy: 2312/10000 (23%)

Train Epoch: 4 [6336/60000 (11%)]	Loss: 70.298584
Train Epoch: 4 [12736/60000 (21%)]	Loss: 109.949326
Train Epoch: 4 [19136/60000 (32%)]	Loss: 76.450554
Train Epoch: 4 [25536/60000 (43%)]	Loss: 92.630035
Train Epoch: 4 [31936/60000 (53%)]	Loss: 94.953217
Train Epoch: 4 [38336/60000 (64%)]	Loss: 96.428040
Train Epoch: 4 [44736/60000 (75%)]	Loss: 79.393478
Train Epoch: 4 [51136/60000 (85%)]	Loss: 91.170113
Train Epoch: 4 [57536/60000 (96%)]	Loss: 72.688660

Test set: Average loss: 87.7155, Accuracy: 2016/10000 (20%)

Train Epoch: 5 [6336/60000 (11%)]	Loss: 93.884590
Train Epoch: 5 [12736/60000 (21%)]	Loss: 94.854889
Train Epoch: 5 [19136/60000 (32%)]	Loss: 89.882721
Train Epoch: 5 [25536/60000 (43%)]	Loss: 83.995186
Train Epoch: 5 [31936/60000 (53%)]	Loss: 99.332985
Train Epoch: 5 [38336/60000 (64%)]	Loss: 85.485077
Train Epoch: 5 [44736/60000 (75%)]	Loss: 90.983513
Train Epoch: 5 [51136/60000 (85%)]	Loss: 87.266602
Train Epoch: 5 [57536/60000 (96%)]	Loss: 107.054848

Test set: Average loss: 90.9674, Accuracy: 1867/10000 (19%)

Train Epoch: 6 [6336/60000 (11%)]	Loss: 83.911652
Train Epoch: 6 [12736/60000 (21%)]	Loss: 79.515320
Train Epoch: 6 [19136/60000 (32%)]	Loss: 108.112152
Train Epoch: 6 [25536/60000 (43%)]	Loss: 93.319717
Train Epoch: 6 [31936/60000 (53%)]	Loss: 112.811867
Train Epoch: 6 [38336/60000 (64%)]	Loss: 91.709602
Train Epoch: 6 [44736/60000 (75%)]	Loss: 87.711105
Train Epoch: 6 [51136/60000 (85%)]	Loss: 88.589417
Train Epoch: 6 [57536/60000 (96%)]	Loss: 101.187012

Test set: Average loss: 94.4679, Accuracy: 1722/10000 (17%)

Train Epoch: 7 [6336/60000 (11%)]	Loss: 99.886589
Train Epoch: 7 [12736/60000 (21%)]	Loss: 95.106468
Train Epoch: 7 [19136/60000 (32%)]	Loss: 108.077515
Train Epoch: 7 [25536/60000 (43%)]	Loss: 83.492294
Train Epoch: 7 [31936/60000 (53%)]	Loss: 91.299507
Train Epoch: 7 [38336/60000 (64%)]	Loss: 105.390663
Train Epoch: 7 [44736/60000 (75%)]	Loss: 88.189323
Train Epoch: 7 [51136/60000 (85%)]	Loss: 88.081367
Train Epoch: 7 [57536/60000 (96%)]	Loss: 104.286850

Test set: Average loss: 92.5004, Accuracy: 1786/10000 (18%)

Train Epoch: 8 [6336/60000 (11%)]	Loss: 93.808685
Train Epoch: 8 [12736/60000 (21%)]	Loss: 76.610077
Train Epoch: 8 [19136/60000 (32%)]	Loss: 95.302666
Train Epoch: 8 [25536/60000 (43%)]	Loss: 96.038208
Train Epoch: 8 [31936/60000 (53%)]	Loss: 92.219025
Train Epoch: 8 [38336/60000 (64%)]	Loss: 98.276337
Train Epoch: 8 [44736/60000 (75%)]	Loss: 102.399315
Train Epoch: 8 [51136/60000 (85%)]	Loss: 95.398415
Train Epoch: 8 [57536/60000 (96%)]	Loss: 87.400734

Test set: Average loss: 96.0813, Accuracy: 1825/10000 (18%)

Train Epoch: 9 [6336/60000 (11%)]	Loss: 91.029022
Train Epoch: 9 [12736/60000 (21%)]	Loss: 88.253319
Train Epoch: 9 [19136/60000 (32%)]	Loss: 105.576355
Train Epoch: 9 [25536/60000 (43%)]	Loss: 85.256805
Train Epoch: 9 [31936/60000 (53%)]	Loss: 94.028015
Train Epoch: 9 [38336/60000 (64%)]	Loss: 103.818176
Train Epoch: 9 [44736/60000 (75%)]	Loss: 96.199677
Train Epoch: 9 [51136/60000 (85%)]	Loss: 92.930573
Train Epoch: 9 [57536/60000 (96%)]	Loss: 108.388786

Test set: Average loss: 97.1369, Accuracy: 1541/10000 (15%)

Train Epoch: 10 [6336/60000 (11%)]	Loss: 100.007744
Train Epoch: 10 [12736/60000 (21%)]	Loss: 93.528809
Train Epoch: 10 [19136/60000 (32%)]	Loss: 98.403465
Train Epoch: 10 [25536/60000 (43%)]	Loss: 111.845078
Train Epoch: 10 [31936/60000 (53%)]	Loss: 118.261276
Train Epoch: 10 [38336/60000 (64%)]	Loss: 92.883209
Train Epoch: 10 [44736/60000 (75%)]	Loss: 99.120605
Train Epoch: 10 [51136/60000 (85%)]	Loss: 117.337784
Train Epoch: 10 [57536/60000 (96%)]	Loss: 86.292854

Test set: Average loss: 94.1740, Accuracy: 1516/10000 (15%)

Train Epoch: 11 [6336/60000 (11%)]	Loss: 92.540001
Train Epoch: 11 [12736/60000 (21%)]	Loss: 95.777771
Train Epoch: 11 [19136/60000 (32%)]	Loss: 105.381516
Train Epoch: 11 [25536/60000 (43%)]	Loss: 92.956635
Train Epoch: 11 [31936/60000 (53%)]	Loss: 93.438477
Train Epoch: 11 [38336/60000 (64%)]	Loss: 89.341064
Train Epoch: 11 [44736/60000 (75%)]	Loss: 90.895958
Train Epoch: 11 [51136/60000 (85%)]	Loss: 103.366989
Train Epoch: 11 [57536/60000 (96%)]	Loss: 102.838013

Test set: Average loss: 98.9044, Accuracy: 1473/10000 (15%)

Train Epoch: 12 [6336/60000 (11%)]	Loss: 88.657852
Train Epoch: 12 [12736/60000 (21%)]	Loss: 105.988731
Train Epoch: 12 [19136/60000 (32%)]	Loss: 120.740860
Train Epoch: 12 [25536/60000 (43%)]	Loss: 108.531548
Train Epoch: 12 [31936/60000 (53%)]	Loss: 96.215492
Train Epoch: 12 [38336/60000 (64%)]	Loss: 102.885132
Train Epoch: 12 [44736/60000 (75%)]	Loss: 97.121521
Train Epoch: 12 [51136/60000 (85%)]	Loss: 111.009636
Train Epoch: 12 [57536/60000 (96%)]	Loss: 98.722130

Test set: Average loss: 97.2026, Accuracy: 1500/10000 (15%)

Train Epoch: 13 [6336/60000 (11%)]	Loss: 105.879189
Train Epoch: 13 [12736/60000 (21%)]	Loss: 87.300354
Train Epoch: 13 [19136/60000 (32%)]	Loss: 128.579681
Train Epoch: 13 [25536/60000 (43%)]	Loss: 92.895470
Train Epoch: 13 [31936/60000 (53%)]	Loss: 109.716934
Train Epoch: 13 [38336/60000 (64%)]	Loss: 94.290535
Train Epoch: 13 [44736/60000 (75%)]	Loss: 96.658188
Train Epoch: 13 [51136/60000 (85%)]	Loss: 80.256744
Train Epoch: 13 [57536/60000 (96%)]	Loss: 92.767517

Test set: Average loss: 91.3723, Accuracy: 1637/10000 (16%)

Train Epoch: 14 [6336/60000 (11%)]	Loss: 109.230453
Train Epoch: 14 [12736/60000 (21%)]	Loss: 86.101280
Train Epoch: 14 [19136/60000 (32%)]	Loss: 122.794754
Train Epoch: 14 [25536/60000 (43%)]	Loss: 90.099236
Train Epoch: 14 [31936/60000 (53%)]	Loss: 103.140862
Train Epoch: 14 [38336/60000 (64%)]	Loss: 87.705063
Train Epoch: 14 [44736/60000 (75%)]	Loss: 98.840553
Train Epoch: 14 [51136/60000 (85%)]	Loss: 106.981300
Train Epoch: 14 [57536/60000 (96%)]	Loss: 98.444740

Test set: Average loss: 101.7846, Accuracy: 1495/10000 (15%)

Train Epoch: 15 [6336/60000 (11%)]	Loss: 107.309021
Train Epoch: 15 [12736/60000 (21%)]	Loss: 87.714142
Train Epoch: 15 [19136/60000 (32%)]	Loss: 105.871765
Train Epoch: 15 [25536/60000 (43%)]	Loss: 102.003609
Train Epoch: 15 [31936/60000 (53%)]	Loss: 117.766647
Train Epoch: 15 [38336/60000 (64%)]	Loss: 105.977142
Train Epoch: 15 [44736/60000 (75%)]	Loss: 116.833611
Train Epoch: 15 [51136/60000 (85%)]	Loss: 103.188980
Train Epoch: 15 [57536/60000 (96%)]	Loss: 74.842758

Test set: Average loss: 101.2768, Accuracy: 1730/10000 (17%)

Train Epoch: 16 [6336/60000 (11%)]	Loss: 92.632111
Train Epoch: 16 [12736/60000 (21%)]	Loss: 99.957077
Train Epoch: 16 [19136/60000 (32%)]	Loss: 107.996399
Train Epoch: 16 [25536/60000 (43%)]	Loss: 102.220840
Train Epoch: 16 [31936/60000 (53%)]	Loss: 95.793083
Train Epoch: 16 [38336/60000 (64%)]	Loss: 98.099823
Train Epoch: 16 [44736/60000 (75%)]	Loss: 86.260040
Train Epoch: 16 [51136/60000 (85%)]	Loss: 95.713921
Train Epoch: 16 [57536/60000 (96%)]	Loss: 86.015297

Test set: Average loss: 102.4947, Accuracy: 1628/10000 (16%)

Train Epoch: 17 [6336/60000 (11%)]	Loss: 109.285339
Train Epoch: 17 [12736/60000 (21%)]	Loss: 91.175774
Train Epoch: 17 [19136/60000 (32%)]	Loss: 111.605225
Train Epoch: 17 [25536/60000 (43%)]	Loss: 88.256950
Train Epoch: 17 [31936/60000 (53%)]	Loss: 104.081032
Train Epoch: 17 [38336/60000 (64%)]	Loss: 102.477875
Train Epoch: 17 [44736/60000 (75%)]	Loss: 107.555931
Train Epoch: 17 [51136/60000 (85%)]	Loss: 99.614395
Train Epoch: 17 [57536/60000 (96%)]	Loss: 126.788559

Test set: Average loss: 93.6336, Accuracy: 1495/10000 (15%)

Train Epoch: 18 [6336/60000 (11%)]	Loss: 99.851685
Train Epoch: 18 [12736/60000 (21%)]	Loss: 110.585678
Train Epoch: 18 [19136/60000 (32%)]	Loss: 96.696068
Train Epoch: 18 [25536/60000 (43%)]	Loss: 94.299583
Train Epoch: 18 [31936/60000 (53%)]	Loss: 73.039116
Train Epoch: 18 [38336/60000 (64%)]	Loss: 104.630836
Train Epoch: 18 [44736/60000 (75%)]	Loss: 119.189087
Train Epoch: 18 [51136/60000 (85%)]	Loss: 83.873535
Train Epoch: 18 [57536/60000 (96%)]	Loss: 96.604210

Test set: Average loss: 102.1890, Accuracy: 1464/10000 (15%)

Train Epoch: 19 [6336/60000 (11%)]	Loss: 85.457031
Train Epoch: 19 [12736/60000 (21%)]	Loss: 83.395317
Train Epoch: 19 [19136/60000 (32%)]	Loss: 93.459183
Train Epoch: 19 [25536/60000 (43%)]	Loss: 93.099396
Train Epoch: 19 [31936/60000 (53%)]	Loss: 94.721161
Train Epoch: 19 [38336/60000 (64%)]	Loss: 96.411461
Train Epoch: 19 [44736/60000 (75%)]	Loss: 100.097778
Train Epoch: 19 [51136/60000 (85%)]	Loss: 92.884315
Train Epoch: 19 [57536/60000 (96%)]	Loss: 97.493614

Test set: Average loss: 97.6126, Accuracy: 1478/10000 (15%)

Namespace(batch_size=64, bias=None, data='../data', device=1, epochs=19, hidden_size=500, load_weights=None, log_interval=100, lr=0.1, model='redfc4', momentum=0.9, no_cuda=False, r=5, save_model=None, save_results=True, seed=1, sparsity=0.02, use_relu=False, wd=0.0005)


Total time spent pruning/training: 3.76 minutes
Total number of parameters in model: 4496420
Number of parameters in pruned model: 4406491
