Namespace(batch_size=64, bias=None, data='../data', device=1, epochs=9, hidden_size=500, load_weights=None, log_interval=100, lr=0.1, model='redfc4', momentum=0.9, no_cuda=False, r=5, save_model=None, save_results=True, seed=1, sparsity=0.9, use_relu=True, wd=0.0005) 

Pruning a Four-Layer Fully Connected Redundant Network ...
Train Epoch: 1 [6336/60000 (11%)]	Loss: 2.289122
Train Epoch: 1 [12736/60000 (21%)]	Loss: 2.147004
Train Epoch: 1 [19136/60000 (32%)]	Loss: 1.863841
Train Epoch: 1 [25536/60000 (43%)]	Loss: 1.630867
Train Epoch: 1 [31936/60000 (53%)]	Loss: 1.389572
Train Epoch: 1 [38336/60000 (64%)]	Loss: 1.312210
Train Epoch: 1 [44736/60000 (75%)]	Loss: 1.253644
Train Epoch: 1 [51136/60000 (85%)]	Loss: 1.326354
Train Epoch: 1 [57536/60000 (96%)]	Loss: 1.322239

Test set: Average loss: 1.1150, Accuracy: 6762/10000 (68%)

Train Epoch: 2 [6336/60000 (11%)]	Loss: 1.156826
Train Epoch: 2 [12736/60000 (21%)]	Loss: 1.051642
Train Epoch: 2 [19136/60000 (32%)]	Loss: 1.156739
Train Epoch: 2 [25536/60000 (43%)]	Loss: 0.868416
Train Epoch: 2 [31936/60000 (53%)]	Loss: 0.899933
Train Epoch: 2 [38336/60000 (64%)]	Loss: 0.928467
Train Epoch: 2 [44736/60000 (75%)]	Loss: 0.995646
Train Epoch: 2 [51136/60000 (85%)]	Loss: 0.887056
Train Epoch: 2 [57536/60000 (96%)]	Loss: 0.908013

Test set: Average loss: 0.9029, Accuracy: 7401/10000 (74%)

Train Epoch: 3 [6336/60000 (11%)]	Loss: 1.043412
Train Epoch: 3 [12736/60000 (21%)]	Loss: 0.826963
Train Epoch: 3 [19136/60000 (32%)]	Loss: 0.744664
Train Epoch: 3 [25536/60000 (43%)]	Loss: 0.936080
Train Epoch: 3 [31936/60000 (53%)]	Loss: 0.685044
Train Epoch: 3 [38336/60000 (64%)]	Loss: 0.849160
Train Epoch: 3 [44736/60000 (75%)]	Loss: 0.823537
Train Epoch: 3 [51136/60000 (85%)]	Loss: 0.816314
Train Epoch: 3 [57536/60000 (96%)]	Loss: 0.789670

Test set: Average loss: 0.8864, Accuracy: 7587/10000 (76%)

Train Epoch: 4 [6336/60000 (11%)]	Loss: 0.927559
Train Epoch: 4 [12736/60000 (21%)]	Loss: 0.910624
Train Epoch: 4 [19136/60000 (32%)]	Loss: 0.845155
Train Epoch: 4 [25536/60000 (43%)]	Loss: 0.952815
Train Epoch: 4 [31936/60000 (53%)]	Loss: 0.982017
Train Epoch: 4 [38336/60000 (64%)]	Loss: 0.902438
Train Epoch: 4 [44736/60000 (75%)]	Loss: 0.843872
Train Epoch: 4 [51136/60000 (85%)]	Loss: 0.862880
Train Epoch: 4 [57536/60000 (96%)]	Loss: 0.684244

Test set: Average loss: 0.8065, Accuracy: 7789/10000 (78%)

Train Epoch: 5 [6336/60000 (11%)]	Loss: 1.011335
Train Epoch: 5 [12736/60000 (21%)]	Loss: 0.891345
Train Epoch: 5 [19136/60000 (32%)]	Loss: 0.697430
Train Epoch: 5 [25536/60000 (43%)]	Loss: 0.710174
Train Epoch: 5 [31936/60000 (53%)]	Loss: 0.889273
Train Epoch: 5 [38336/60000 (64%)]	Loss: 0.971002
Train Epoch: 5 [44736/60000 (75%)]	Loss: 0.747343
Train Epoch: 5 [51136/60000 (85%)]	Loss: 0.794788
Train Epoch: 5 [57536/60000 (96%)]	Loss: 0.929444

Test set: Average loss: 0.8640, Accuracy: 7225/10000 (72%)

Train Epoch: 6 [6336/60000 (11%)]	Loss: 0.779777
Train Epoch: 6 [12736/60000 (21%)]	Loss: 0.810974
Train Epoch: 6 [19136/60000 (32%)]	Loss: 0.853884
Train Epoch: 6 [25536/60000 (43%)]	Loss: 0.909676
Train Epoch: 6 [31936/60000 (53%)]	Loss: 0.776499
Train Epoch: 6 [38336/60000 (64%)]	Loss: 0.797555
Train Epoch: 6 [44736/60000 (75%)]	Loss: 0.725990
Train Epoch: 6 [51136/60000 (85%)]	Loss: 0.700243
Train Epoch: 6 [57536/60000 (96%)]	Loss: 0.715439

Test set: Average loss: 0.7923, Accuracy: 7772/10000 (78%)

Train Epoch: 7 [6336/60000 (11%)]	Loss: 0.765204
Train Epoch: 7 [12736/60000 (21%)]	Loss: 0.707036
Train Epoch: 7 [19136/60000 (32%)]	Loss: 0.732802
Train Epoch: 7 [25536/60000 (43%)]	Loss: 0.762722
Train Epoch: 7 [31936/60000 (53%)]	Loss: 0.738605
Train Epoch: 7 [38336/60000 (64%)]	Loss: 0.865295
Train Epoch: 7 [44736/60000 (75%)]	Loss: 0.662652
Train Epoch: 7 [51136/60000 (85%)]	Loss: 0.824755
Train Epoch: 7 [57536/60000 (96%)]	Loss: 0.837716

Test set: Average loss: 0.7420, Accuracy: 7724/10000 (77%)

Train Epoch: 8 [6336/60000 (11%)]	Loss: 0.697107
Train Epoch: 8 [12736/60000 (21%)]	Loss: 0.642318
Train Epoch: 8 [19136/60000 (32%)]	Loss: 0.718436
Train Epoch: 8 [25536/60000 (43%)]	Loss: 0.641645
Train Epoch: 8 [31936/60000 (53%)]	Loss: 0.779661
Train Epoch: 8 [38336/60000 (64%)]	Loss: 0.676964
Train Epoch: 8 [44736/60000 (75%)]	Loss: 0.720719
Train Epoch: 8 [51136/60000 (85%)]	Loss: 0.762577
Train Epoch: 8 [57536/60000 (96%)]	Loss: 0.666680

Test set: Average loss: 0.6986, Accuracy: 8091/10000 (81%)

Train Epoch: 9 [6336/60000 (11%)]	Loss: 0.630158
Train Epoch: 9 [12736/60000 (21%)]	Loss: 0.686232
Train Epoch: 9 [19136/60000 (32%)]	Loss: 0.713987
Train Epoch: 9 [25536/60000 (43%)]	Loss: 0.757731
Train Epoch: 9 [31936/60000 (53%)]	Loss: 0.701385
Train Epoch: 9 [38336/60000 (64%)]	Loss: 0.762952
Train Epoch: 9 [44736/60000 (75%)]	Loss: 0.741029
Train Epoch: 9 [51136/60000 (85%)]	Loss: 0.644821
Train Epoch: 9 [57536/60000 (96%)]	Loss: 0.561410

Test set: Average loss: 0.6709, Accuracy: 8138/10000 (81%)

Namespace(batch_size=64, bias=None, data='../data', device=1, epochs=9, hidden_size=500, load_weights=None, log_interval=100, lr=0.1, model='redfc4', momentum=0.9, no_cuda=False, r=5, save_model=None, save_results=True, seed=1, sparsity=0.9, use_relu=True, wd=0.0005)


Total time spent pruning/training: 1.81 minutes
Total number of parameters in model: 4496420
Number of parameters in pruned model: 449641
