Namespace(batch_size=64, bias=None, data='../data', device=1, epochs=6, hidden_size=500, load_weights=None, log_interval=100, lr=0.1, model='redfc4', momentum=0.9, no_cuda=False, r=5, save_model=None, save_results=True, seed=1, sparsity=0.025, use_relu=True, wd=0.0005) 

Pruning a Four-Layer Fully Connected Redundant Network ...
Train Epoch: 1 [6336/60000 (11%)]	Loss: 2.105241
Train Epoch: 1 [12736/60000 (21%)]	Loss: 1.579383
Train Epoch: 1 [19136/60000 (32%)]	Loss: 1.894165
Train Epoch: 1 [25536/60000 (43%)]	Loss: 1.707363
Train Epoch: 1 [31936/60000 (53%)]	Loss: 1.101653
Train Epoch: 1 [38336/60000 (64%)]	Loss: 1.119172
Train Epoch: 1 [44736/60000 (75%)]	Loss: 1.084754
Train Epoch: 1 [51136/60000 (85%)]	Loss: 3.099892
Train Epoch: 1 [57536/60000 (96%)]	Loss: 3.121449

Test set: Average loss: 2.1653, Accuracy: 7379/10000 (74%)

Train Epoch: 2 [6336/60000 (11%)]	Loss: 3.948813
Train Epoch: 2 [12736/60000 (21%)]	Loss: 3.092222
Train Epoch: 2 [19136/60000 (32%)]	Loss: 2.205639
Train Epoch: 2 [25536/60000 (43%)]	Loss: 3.691987
Train Epoch: 2 [31936/60000 (53%)]	Loss: 1.705848
Train Epoch: 2 [38336/60000 (64%)]	Loss: 4.544415
Train Epoch: 2 [44736/60000 (75%)]	Loss: 5.089251
Train Epoch: 2 [51136/60000 (85%)]	Loss: 3.114842
Train Epoch: 2 [57536/60000 (96%)]	Loss: 3.360676

Test set: Average loss: 4.1853, Accuracy: 6033/10000 (60%)

Train Epoch: 3 [6336/60000 (11%)]	Loss: 6.490311
Train Epoch: 3 [12736/60000 (21%)]	Loss: 4.679115
Train Epoch: 3 [19136/60000 (32%)]	Loss: 4.513927
Train Epoch: 3 [25536/60000 (43%)]	Loss: 4.064695
Train Epoch: 3 [31936/60000 (53%)]	Loss: 3.593376
Train Epoch: 3 [38336/60000 (64%)]	Loss: 4.360653
Train Epoch: 3 [44736/60000 (75%)]	Loss: 5.191728
Train Epoch: 3 [51136/60000 (85%)]	Loss: 4.034779
Train Epoch: 3 [57536/60000 (96%)]	Loss: 5.372260

Test set: Average loss: 6.5062, Accuracy: 5262/10000 (53%)

Train Epoch: 4 [6336/60000 (11%)]	Loss: 8.086293
Train Epoch: 4 [12736/60000 (21%)]	Loss: 6.229563
Train Epoch: 4 [19136/60000 (32%)]	Loss: 5.426003
Train Epoch: 4 [25536/60000 (43%)]	Loss: 4.754005
Train Epoch: 4 [31936/60000 (53%)]	Loss: 6.547428
Train Epoch: 4 [38336/60000 (64%)]	Loss: 6.951388
Train Epoch: 4 [44736/60000 (75%)]	Loss: 5.963919
Train Epoch: 4 [51136/60000 (85%)]	Loss: 9.164672
Train Epoch: 4 [57536/60000 (96%)]	Loss: 3.831207

Test set: Average loss: 7.2776, Accuracy: 4819/10000 (48%)

Train Epoch: 5 [6336/60000 (11%)]	Loss: 6.525669
Train Epoch: 5 [12736/60000 (21%)]	Loss: 6.785700
Train Epoch: 5 [19136/60000 (32%)]	Loss: 4.707456
Train Epoch: 5 [25536/60000 (43%)]	Loss: 4.908420
Train Epoch: 5 [31936/60000 (53%)]	Loss: 8.232646
Train Epoch: 5 [38336/60000 (64%)]	Loss: 6.893000
Train Epoch: 5 [44736/60000 (75%)]	Loss: 6.468634
Train Epoch: 5 [51136/60000 (85%)]	Loss: 8.862306
Train Epoch: 5 [57536/60000 (96%)]	Loss: 6.567053

Test set: Average loss: 7.6634, Accuracy: 4670/10000 (47%)

Train Epoch: 6 [6336/60000 (11%)]	Loss: 5.284280
Train Epoch: 6 [12736/60000 (21%)]	Loss: 8.781943
Train Epoch: 6 [19136/60000 (32%)]	Loss: 10.858065
Train Epoch: 6 [25536/60000 (43%)]	Loss: 7.471880
Train Epoch: 6 [31936/60000 (53%)]	Loss: 5.807161
Train Epoch: 6 [38336/60000 (64%)]	Loss: 7.446922
Train Epoch: 6 [44736/60000 (75%)]	Loss: 6.227123
Train Epoch: 6 [51136/60000 (85%)]	Loss: 6.466265
Train Epoch: 6 [57536/60000 (96%)]	Loss: 7.872410

Test set: Average loss: 6.3827, Accuracy: 5383/10000 (54%)

Namespace(batch_size=64, bias=None, data='../data', device=1, epochs=6, hidden_size=500, load_weights=None, log_interval=100, lr=0.1, model='redfc4', momentum=0.9, no_cuda=False, r=5, save_model=None, save_results=True, seed=1, sparsity=0.025, use_relu=True, wd=0.0005)


Total time spent pruning/training: 1.21 minutes
Total number of parameters in model: 4496420
Number of parameters in pruned model: 4384009
