Namespace(batch_size=64, bias=None, data='../data', device=1, epochs=7, hidden_size=500, load_weights=None, log_interval=100, lr=0.1, model='redfc4', momentum=0.9, no_cuda=False, r=5, save_model=None, save_results=True, seed=1, sparsity=0.75, use_relu=True, wd=0.0005) 

Pruning a Four-Layer Fully Connected Redundant Network ...
Train Epoch: 1 [6336/60000 (11%)]	Loss: 0.754217
Train Epoch: 1 [12736/60000 (21%)]	Loss: 0.551139
Train Epoch: 1 [19136/60000 (32%)]	Loss: 0.417676
Train Epoch: 1 [25536/60000 (43%)]	Loss: 0.590541
Train Epoch: 1 [31936/60000 (53%)]	Loss: 0.364165
Train Epoch: 1 [38336/60000 (64%)]	Loss: 0.444462
Train Epoch: 1 [44736/60000 (75%)]	Loss: 0.318790
Train Epoch: 1 [51136/60000 (85%)]	Loss: 0.518097
Train Epoch: 1 [57536/60000 (96%)]	Loss: 0.372523

Test set: Average loss: 0.3082, Accuracy: 9058/10000 (91%)

Train Epoch: 2 [6336/60000 (11%)]	Loss: 0.455921
Train Epoch: 2 [12736/60000 (21%)]	Loss: 0.169856
Train Epoch: 2 [19136/60000 (32%)]	Loss: 0.371898
Train Epoch: 2 [25536/60000 (43%)]	Loss: 0.190362
Train Epoch: 2 [31936/60000 (53%)]	Loss: 0.291865
Train Epoch: 2 [38336/60000 (64%)]	Loss: 0.367720
Train Epoch: 2 [44736/60000 (75%)]	Loss: 0.269504
Train Epoch: 2 [51136/60000 (85%)]	Loss: 0.324717
Train Epoch: 2 [57536/60000 (96%)]	Loss: 0.276141

Test set: Average loss: 0.3015, Accuracy: 9104/10000 (91%)

Train Epoch: 3 [6336/60000 (11%)]	Loss: 0.323513
Train Epoch: 3 [12736/60000 (21%)]	Loss: 0.160126
Train Epoch: 3 [19136/60000 (32%)]	Loss: 0.104650
Train Epoch: 3 [25536/60000 (43%)]	Loss: 0.305265
Train Epoch: 3 [31936/60000 (53%)]	Loss: 0.213578
Train Epoch: 3 [38336/60000 (64%)]	Loss: 0.192623
Train Epoch: 3 [44736/60000 (75%)]	Loss: 0.263460
Train Epoch: 3 [51136/60000 (85%)]	Loss: 0.110171
Train Epoch: 3 [57536/60000 (96%)]	Loss: 0.197158

Test set: Average loss: 0.2521, Accuracy: 9220/10000 (92%)

Train Epoch: 4 [6336/60000 (11%)]	Loss: 0.168310
Train Epoch: 4 [12736/60000 (21%)]	Loss: 0.376447
Train Epoch: 4 [19136/60000 (32%)]	Loss: 0.326365
Train Epoch: 4 [25536/60000 (43%)]	Loss: 0.257264
Train Epoch: 4 [31936/60000 (53%)]	Loss: 0.242085
Train Epoch: 4 [38336/60000 (64%)]	Loss: 0.215384
Train Epoch: 4 [44736/60000 (75%)]	Loss: 0.333394
Train Epoch: 4 [51136/60000 (85%)]	Loss: 0.150632
Train Epoch: 4 [57536/60000 (96%)]	Loss: 0.144252

Test set: Average loss: 0.2032, Accuracy: 9373/10000 (94%)

Train Epoch: 5 [6336/60000 (11%)]	Loss: 0.357221
Train Epoch: 5 [12736/60000 (21%)]	Loss: 0.147788
Train Epoch: 5 [19136/60000 (32%)]	Loss: 0.311311
Train Epoch: 5 [25536/60000 (43%)]	Loss: 0.121796
Train Epoch: 5 [31936/60000 (53%)]	Loss: 0.294560
Train Epoch: 5 [38336/60000 (64%)]	Loss: 0.222101
Train Epoch: 5 [44736/60000 (75%)]	Loss: 0.202629
Train Epoch: 5 [51136/60000 (85%)]	Loss: 0.189716
Train Epoch: 5 [57536/60000 (96%)]	Loss: 0.229667

Test set: Average loss: 0.1951, Accuracy: 9398/10000 (94%)

Train Epoch: 6 [6336/60000 (11%)]	Loss: 0.076950
Train Epoch: 6 [12736/60000 (21%)]	Loss: 0.188929
Train Epoch: 6 [19136/60000 (32%)]	Loss: 0.153975
Train Epoch: 6 [25536/60000 (43%)]	Loss: 0.281199
Train Epoch: 6 [31936/60000 (53%)]	Loss: 0.261172
Train Epoch: 6 [38336/60000 (64%)]	Loss: 0.081788
Train Epoch: 6 [44736/60000 (75%)]	Loss: 0.202344
Train Epoch: 6 [51136/60000 (85%)]	Loss: 0.217007
Train Epoch: 6 [57536/60000 (96%)]	Loss: 0.204195

Test set: Average loss: 0.1734, Accuracy: 9467/10000 (95%)

Train Epoch: 7 [6336/60000 (11%)]	Loss: 0.117360
Train Epoch: 7 [12736/60000 (21%)]	Loss: 0.104068
Train Epoch: 7 [19136/60000 (32%)]	Loss: 0.100187
Train Epoch: 7 [25536/60000 (43%)]	Loss: 0.212414
Train Epoch: 7 [31936/60000 (53%)]	Loss: 0.131872
Train Epoch: 7 [38336/60000 (64%)]	Loss: 0.165620
Train Epoch: 7 [44736/60000 (75%)]	Loss: 0.120821
Train Epoch: 7 [51136/60000 (85%)]	Loss: 0.198378
Train Epoch: 7 [57536/60000 (96%)]	Loss: 0.123384

Test set: Average loss: 0.1660, Accuracy: 9504/10000 (95%)

Namespace(batch_size=64, bias=None, data='../data', device=1, epochs=7, hidden_size=500, load_weights=None, log_interval=100, lr=0.1, model='redfc4', momentum=0.9, no_cuda=False, r=5, save_model=None, save_results=True, seed=1, sparsity=0.75, use_relu=True, wd=0.0005)


Total time spent pruning/training: 1.41 minutes
Total number of parameters in model: 4496420
Number of parameters in pruned model: 1124105
