Namespace(batch_size=64, bias=None, data='../data', device=1, epochs=14, hidden_size=500, load_weights=None, log_interval=100, lr=0.1, model='redfc4', momentum=0.9, no_cuda=False, r=5, save_model=None, save_results=True, seed=1, sparsity=0.05, use_relu=False, wd=0.0005) 

Pruning a Four-Layer Fully Connected Redundant Network ...
Train Epoch: 1 [6336/60000 (11%)]	Loss: 7.931054
Train Epoch: 1 [12736/60000 (21%)]	Loss: 4.265900
Train Epoch: 1 [19136/60000 (32%)]	Loss: 4.155206
Train Epoch: 1 [25536/60000 (43%)]	Loss: 3.430566
Train Epoch: 1 [31936/60000 (53%)]	Loss: 7.702818
Train Epoch: 1 [38336/60000 (64%)]	Loss: 6.903853
Train Epoch: 1 [44736/60000 (75%)]	Loss: 7.440998
Train Epoch: 1 [51136/60000 (85%)]	Loss: 8.445874
Train Epoch: 1 [57536/60000 (96%)]	Loss: 7.460360

Test set: Average loss: 9.1489, Accuracy: 7426/10000 (74%)

Train Epoch: 2 [6336/60000 (11%)]	Loss: 9.792683
Train Epoch: 2 [12736/60000 (21%)]	Loss: 19.325369
Train Epoch: 2 [19136/60000 (32%)]	Loss: 12.517347
Train Epoch: 2 [25536/60000 (43%)]	Loss: 6.589662
Train Epoch: 2 [31936/60000 (53%)]	Loss: 10.037442
Train Epoch: 2 [38336/60000 (64%)]	Loss: 11.050325
Train Epoch: 2 [44736/60000 (75%)]	Loss: 9.696685
Train Epoch: 2 [51136/60000 (85%)]	Loss: 13.656004
Train Epoch: 2 [57536/60000 (96%)]	Loss: 13.528690

Test set: Average loss: 23.7895, Accuracy: 5832/10000 (58%)

Train Epoch: 3 [6336/60000 (11%)]	Loss: 29.719879
Train Epoch: 3 [12736/60000 (21%)]	Loss: 19.856386
Train Epoch: 3 [19136/60000 (32%)]	Loss: 10.955815
Train Epoch: 3 [25536/60000 (43%)]	Loss: 17.783007
Train Epoch: 3 [31936/60000 (53%)]	Loss: 20.050291
Train Epoch: 3 [38336/60000 (64%)]	Loss: 13.615574
Train Epoch: 3 [44736/60000 (75%)]	Loss: 29.628803
Train Epoch: 3 [51136/60000 (85%)]	Loss: 21.218586
Train Epoch: 3 [57536/60000 (96%)]	Loss: 13.344688

Test set: Average loss: 18.4964, Accuracy: 6504/10000 (65%)

Train Epoch: 4 [6336/60000 (11%)]	Loss: 14.006993
Train Epoch: 4 [12736/60000 (21%)]	Loss: 35.517170
Train Epoch: 4 [19136/60000 (32%)]	Loss: 23.495575
Train Epoch: 4 [25536/60000 (43%)]	Loss: 27.489033
Train Epoch: 4 [31936/60000 (53%)]	Loss: 29.801262
Train Epoch: 4 [38336/60000 (64%)]	Loss: 19.757030
Train Epoch: 4 [44736/60000 (75%)]	Loss: 8.842690
Train Epoch: 4 [51136/60000 (85%)]	Loss: 20.869949
Train Epoch: 4 [57536/60000 (96%)]	Loss: 12.881380

Test set: Average loss: 18.3790, Accuracy: 6427/10000 (64%)

Train Epoch: 5 [6336/60000 (11%)]	Loss: 27.086876
Train Epoch: 5 [12736/60000 (21%)]	Loss: 21.291170
Train Epoch: 5 [19136/60000 (32%)]	Loss: 20.440796
Train Epoch: 5 [25536/60000 (43%)]	Loss: 20.209345
Train Epoch: 5 [31936/60000 (53%)]	Loss: 18.564299
Train Epoch: 5 [38336/60000 (64%)]	Loss: 18.521017
Train Epoch: 5 [44736/60000 (75%)]	Loss: 18.106930
Train Epoch: 5 [51136/60000 (85%)]	Loss: 21.494268
Train Epoch: 5 [57536/60000 (96%)]	Loss: 19.832945

Test set: Average loss: 24.5974, Accuracy: 5405/10000 (54%)

Train Epoch: 6 [6336/60000 (11%)]	Loss: 18.101923
Train Epoch: 6 [12736/60000 (21%)]	Loss: 21.195276
Train Epoch: 6 [19136/60000 (32%)]	Loss: 33.932823
Train Epoch: 6 [25536/60000 (43%)]	Loss: 26.681986
Train Epoch: 6 [31936/60000 (53%)]	Loss: 33.408012
Train Epoch: 6 [38336/60000 (64%)]	Loss: 28.846869
Train Epoch: 6 [44736/60000 (75%)]	Loss: 40.932579
Train Epoch: 6 [51136/60000 (85%)]	Loss: 29.283859
Train Epoch: 6 [57536/60000 (96%)]	Loss: 23.979437

Test set: Average loss: 21.5423, Accuracy: 6032/10000 (60%)

Train Epoch: 7 [6336/60000 (11%)]	Loss: 25.308687
Train Epoch: 7 [12736/60000 (21%)]	Loss: 21.812811
Train Epoch: 7 [19136/60000 (32%)]	Loss: 30.134060
Train Epoch: 7 [25536/60000 (43%)]	Loss: 39.950790
Train Epoch: 7 [31936/60000 (53%)]	Loss: 17.825150
Train Epoch: 7 [38336/60000 (64%)]	Loss: 14.425989
Train Epoch: 7 [44736/60000 (75%)]	Loss: 21.680765
Train Epoch: 7 [51136/60000 (85%)]	Loss: 22.437750
Train Epoch: 7 [57536/60000 (96%)]	Loss: 32.805141

Test set: Average loss: 33.5138, Accuracy: 5323/10000 (53%)

Train Epoch: 8 [6336/60000 (11%)]	Loss: 13.498396
Train Epoch: 8 [12736/60000 (21%)]	Loss: 19.159616
Train Epoch: 8 [19136/60000 (32%)]	Loss: 19.355467
Train Epoch: 8 [25536/60000 (43%)]	Loss: 29.779438
Train Epoch: 8 [31936/60000 (53%)]	Loss: 27.932919
Train Epoch: 8 [38336/60000 (64%)]	Loss: 28.220961
Train Epoch: 8 [44736/60000 (75%)]	Loss: 37.116680
Train Epoch: 8 [51136/60000 (85%)]	Loss: 17.969711
Train Epoch: 8 [57536/60000 (96%)]	Loss: 31.110529

Test set: Average loss: 24.4130, Accuracy: 5485/10000 (55%)

Train Epoch: 9 [6336/60000 (11%)]	Loss: 28.048576
Train Epoch: 9 [12736/60000 (21%)]	Loss: 17.350653
Train Epoch: 9 [19136/60000 (32%)]	Loss: 29.466198
Train Epoch: 9 [25536/60000 (43%)]	Loss: 27.491508
Train Epoch: 9 [31936/60000 (53%)]	Loss: 15.564652
Train Epoch: 9 [38336/60000 (64%)]	Loss: 26.955381
Train Epoch: 9 [44736/60000 (75%)]	Loss: 27.033642
Train Epoch: 9 [51136/60000 (85%)]	Loss: 17.759445
Train Epoch: 9 [57536/60000 (96%)]	Loss: 23.296986

Test set: Average loss: 26.5416, Accuracy: 5460/10000 (55%)

Train Epoch: 10 [6336/60000 (11%)]	Loss: 23.806372
Train Epoch: 10 [12736/60000 (21%)]	Loss: 18.197426
Train Epoch: 10 [19136/60000 (32%)]	Loss: 18.405979
Train Epoch: 10 [25536/60000 (43%)]	Loss: 26.539743
Train Epoch: 10 [31936/60000 (53%)]	Loss: 37.375080
Train Epoch: 10 [38336/60000 (64%)]	Loss: 25.398523
Train Epoch: 10 [44736/60000 (75%)]	Loss: 31.741405
Train Epoch: 10 [51136/60000 (85%)]	Loss: 40.771904
Train Epoch: 10 [57536/60000 (96%)]	Loss: 16.361721

Test set: Average loss: 22.8014, Accuracy: 5597/10000 (56%)

Train Epoch: 11 [6336/60000 (11%)]	Loss: 18.404257
Train Epoch: 11 [12736/60000 (21%)]	Loss: 20.021614
Train Epoch: 11 [19136/60000 (32%)]	Loss: 22.666630
Train Epoch: 11 [25536/60000 (43%)]	Loss: 26.661234
Train Epoch: 11 [31936/60000 (53%)]	Loss: 17.606396
Train Epoch: 11 [38336/60000 (64%)]	Loss: 32.710873
Train Epoch: 11 [44736/60000 (75%)]	Loss: 13.203176
Train Epoch: 11 [51136/60000 (85%)]	Loss: 27.394381
Train Epoch: 11 [57536/60000 (96%)]	Loss: 21.108829

Test set: Average loss: 32.7165, Accuracy: 5109/10000 (51%)

Train Epoch: 12 [6336/60000 (11%)]	Loss: 14.332990
Train Epoch: 12 [12736/60000 (21%)]	Loss: 29.088152
Train Epoch: 12 [19136/60000 (32%)]	Loss: 18.751814
Train Epoch: 12 [25536/60000 (43%)]	Loss: 15.648111
Train Epoch: 12 [31936/60000 (53%)]	Loss: 24.514963
Train Epoch: 12 [38336/60000 (64%)]	Loss: 17.711954
Train Epoch: 12 [44736/60000 (75%)]	Loss: 25.555262
Train Epoch: 12 [51136/60000 (85%)]	Loss: 27.904428
Train Epoch: 12 [57536/60000 (96%)]	Loss: 29.020071

Test set: Average loss: 30.3055, Accuracy: 5522/10000 (55%)

Train Epoch: 13 [6336/60000 (11%)]	Loss: 26.165047
Train Epoch: 13 [12736/60000 (21%)]	Loss: 14.932442
Train Epoch: 13 [19136/60000 (32%)]	Loss: 33.824253
Train Epoch: 13 [25536/60000 (43%)]	Loss: 12.891302
Train Epoch: 13 [31936/60000 (53%)]	Loss: 13.268478
Train Epoch: 13 [38336/60000 (64%)]	Loss: 19.350679
Train Epoch: 13 [44736/60000 (75%)]	Loss: 13.306973
Train Epoch: 13 [51136/60000 (85%)]	Loss: 17.645422
Train Epoch: 13 [57536/60000 (96%)]	Loss: 25.952461

Test set: Average loss: 21.3542, Accuracy: 5911/10000 (59%)

Train Epoch: 14 [6336/60000 (11%)]	Loss: 15.280544
Train Epoch: 14 [12736/60000 (21%)]	Loss: 20.581835
Train Epoch: 14 [19136/60000 (32%)]	Loss: 24.604336
Train Epoch: 14 [25536/60000 (43%)]	Loss: 14.561661
Train Epoch: 14 [31936/60000 (53%)]	Loss: 17.305208
Train Epoch: 14 [38336/60000 (64%)]	Loss: 15.074682
Train Epoch: 14 [44736/60000 (75%)]	Loss: 16.425220
Train Epoch: 14 [51136/60000 (85%)]	Loss: 20.485159
Train Epoch: 14 [57536/60000 (96%)]	Loss: 18.598835

Test set: Average loss: 31.6823, Accuracy: 5574/10000 (56%)

Namespace(batch_size=64, bias=None, data='../data', device=1, epochs=14, hidden_size=500, load_weights=None, log_interval=100, lr=0.1, model='redfc4', momentum=0.9, no_cuda=False, r=5, save_model=None, save_results=True, seed=1, sparsity=0.05, use_relu=False, wd=0.0005)


Total time spent pruning/training: 2.79 minutes
Total number of parameters in model: 4496420
Number of parameters in pruned model: 4271599
