Namespace(batch_size=64, bias=None, data='../data', device=1, epochs=20, hidden_size=500, load_weights=None, log_interval=100, lr=0.1, model='redfc4', momentum=0.9, no_cuda=False, r=5, save_model=None, save_results=True, seed=1, sparsity=0.05, use_relu=False, wd=0.0005) 

Pruning a Four-Layer Fully Connected Redundant Network ...
Train Epoch: 1 [6336/60000 (11%)]	Loss: 7.931054
Train Epoch: 1 [12736/60000 (21%)]	Loss: 4.265900
Train Epoch: 1 [19136/60000 (32%)]	Loss: 4.155206
Train Epoch: 1 [25536/60000 (43%)]	Loss: 3.430566
Train Epoch: 1 [31936/60000 (53%)]	Loss: 7.702818
Train Epoch: 1 [38336/60000 (64%)]	Loss: 6.903853
Train Epoch: 1 [44736/60000 (75%)]	Loss: 7.440998
Train Epoch: 1 [51136/60000 (85%)]	Loss: 8.445874
Train Epoch: 1 [57536/60000 (96%)]	Loss: 7.460360

Test set: Average loss: 9.1489, Accuracy: 7426/10000 (74%)

Train Epoch: 2 [6336/60000 (11%)]	Loss: 36.412525
Train Epoch: 2 [12736/60000 (21%)]	Loss: 5.342531
Train Epoch: 2 [19136/60000 (32%)]	Loss: 12.017066
Train Epoch: 2 [25536/60000 (43%)]	Loss: 15.636854
Train Epoch: 2 [31936/60000 (53%)]	Loss: 9.266505
Train Epoch: 2 [38336/60000 (64%)]	Loss: 30.202784
Train Epoch: 2 [44736/60000 (75%)]	Loss: 12.188949
Train Epoch: 2 [51136/60000 (85%)]	Loss: 13.284845
Train Epoch: 2 [57536/60000 (96%)]	Loss: 16.716415

Test set: Average loss: 14.2298, Accuracy: 7012/10000 (70%)

Train Epoch: 3 [6336/60000 (11%)]	Loss: 14.294751
Train Epoch: 3 [12736/60000 (21%)]	Loss: 13.065692
Train Epoch: 3 [19136/60000 (32%)]	Loss: 9.736746
Train Epoch: 3 [25536/60000 (43%)]	Loss: 17.901989
Train Epoch: 3 [31936/60000 (53%)]	Loss: 12.630829
Train Epoch: 3 [38336/60000 (64%)]	Loss: 18.668230
Train Epoch: 3 [44736/60000 (75%)]	Loss: 24.378956
Train Epoch: 3 [51136/60000 (85%)]	Loss: 20.558043
Train Epoch: 3 [57536/60000 (96%)]	Loss: 15.039650

Test set: Average loss: 25.4729, Accuracy: 5668/10000 (57%)

Train Epoch: 4 [6336/60000 (11%)]	Loss: 24.354946
Train Epoch: 4 [12736/60000 (21%)]	Loss: 25.877039
Train Epoch: 4 [19136/60000 (32%)]	Loss: 15.723363
Train Epoch: 4 [25536/60000 (43%)]	Loss: 20.189631
Train Epoch: 4 [31936/60000 (53%)]	Loss: 23.895504
Train Epoch: 4 [38336/60000 (64%)]	Loss: 24.261389
Train Epoch: 4 [44736/60000 (75%)]	Loss: 18.249340
Train Epoch: 4 [51136/60000 (85%)]	Loss: 25.524586
Train Epoch: 4 [57536/60000 (96%)]	Loss: 18.189783

Test set: Average loss: 23.6594, Accuracy: 6095/10000 (61%)

Train Epoch: 5 [6336/60000 (11%)]	Loss: 28.468603
Train Epoch: 5 [12736/60000 (21%)]	Loss: 17.389278
Train Epoch: 5 [19136/60000 (32%)]	Loss: 18.703251
Train Epoch: 5 [25536/60000 (43%)]	Loss: 15.863374
Train Epoch: 5 [31936/60000 (53%)]	Loss: 14.035669
Train Epoch: 5 [38336/60000 (64%)]	Loss: 18.506887
Train Epoch: 5 [44736/60000 (75%)]	Loss: 19.116234
Train Epoch: 5 [51136/60000 (85%)]	Loss: 23.605286
Train Epoch: 5 [57536/60000 (96%)]	Loss: 24.160070

Test set: Average loss: 22.8477, Accuracy: 5461/10000 (55%)

Train Epoch: 6 [6336/60000 (11%)]	Loss: 20.111994
Train Epoch: 6 [12736/60000 (21%)]	Loss: 35.354519
Train Epoch: 6 [19136/60000 (32%)]	Loss: 22.218447
Train Epoch: 6 [25536/60000 (43%)]	Loss: 29.494270
Train Epoch: 6 [31936/60000 (53%)]	Loss: 30.264898
Train Epoch: 6 [38336/60000 (64%)]	Loss: 22.715191
Train Epoch: 6 [44736/60000 (75%)]	Loss: 37.342117
Train Epoch: 6 [51136/60000 (85%)]	Loss: 27.944702
Train Epoch: 6 [57536/60000 (96%)]	Loss: 30.813793

Test set: Average loss: 36.4186, Accuracy: 5293/10000 (53%)

Train Epoch: 7 [6336/60000 (11%)]	Loss: 35.712986
Train Epoch: 7 [12736/60000 (21%)]	Loss: 29.942337
Train Epoch: 7 [19136/60000 (32%)]	Loss: 29.769705
Train Epoch: 7 [25536/60000 (43%)]	Loss: 30.391239
Train Epoch: 7 [31936/60000 (53%)]	Loss: 31.663778
Train Epoch: 7 [38336/60000 (64%)]	Loss: 27.831774
Train Epoch: 7 [44736/60000 (75%)]	Loss: 25.295481
Train Epoch: 7 [51136/60000 (85%)]	Loss: 24.569679
Train Epoch: 7 [57536/60000 (96%)]	Loss: 44.926941

Test set: Average loss: 23.6108, Accuracy: 5692/10000 (57%)

Train Epoch: 8 [6336/60000 (11%)]	Loss: 32.948528
Train Epoch: 8 [12736/60000 (21%)]	Loss: 18.986935
Train Epoch: 8 [19136/60000 (32%)]	Loss: 24.271517
Train Epoch: 8 [25536/60000 (43%)]	Loss: 30.762737
Train Epoch: 8 [31936/60000 (53%)]	Loss: 30.032696
Train Epoch: 8 [38336/60000 (64%)]	Loss: 40.759151
Train Epoch: 8 [44736/60000 (75%)]	Loss: 37.219402
Train Epoch: 8 [51136/60000 (85%)]	Loss: 25.534954
Train Epoch: 8 [57536/60000 (96%)]	Loss: 24.979351

Test set: Average loss: 35.9095, Accuracy: 4546/10000 (45%)

Train Epoch: 9 [6336/60000 (11%)]	Loss: 29.010025
Train Epoch: 9 [12736/60000 (21%)]	Loss: 23.838425
Train Epoch: 9 [19136/60000 (32%)]	Loss: 39.724167
Train Epoch: 9 [25536/60000 (43%)]	Loss: 39.999088
Train Epoch: 9 [31936/60000 (53%)]	Loss: 21.798185
Train Epoch: 9 [38336/60000 (64%)]	Loss: 25.545433
Train Epoch: 9 [44736/60000 (75%)]	Loss: 30.823400
Train Epoch: 9 [51136/60000 (85%)]	Loss: 25.954651
Train Epoch: 9 [57536/60000 (96%)]	Loss: 33.446159

Test set: Average loss: 39.4729, Accuracy: 4657/10000 (47%)

Train Epoch: 10 [6336/60000 (11%)]	Loss: 33.122131
Train Epoch: 10 [12736/60000 (21%)]	Loss: 28.209953
Train Epoch: 10 [19136/60000 (32%)]	Loss: 26.725004
Train Epoch: 10 [25536/60000 (43%)]	Loss: 33.073910
Train Epoch: 10 [31936/60000 (53%)]	Loss: 45.302090
Train Epoch: 10 [38336/60000 (64%)]	Loss: 28.630972
Train Epoch: 10 [44736/60000 (75%)]	Loss: 34.133484
Train Epoch: 10 [51136/60000 (85%)]	Loss: 36.976002
Train Epoch: 10 [57536/60000 (96%)]	Loss: 31.776447

Test set: Average loss: 29.4362, Accuracy: 5228/10000 (52%)

Train Epoch: 11 [6336/60000 (11%)]	Loss: 28.855379
Train Epoch: 11 [12736/60000 (21%)]	Loss: 28.500101
Train Epoch: 11 [19136/60000 (32%)]	Loss: 38.475334
Train Epoch: 11 [25536/60000 (43%)]	Loss: 36.063435
Train Epoch: 11 [31936/60000 (53%)]	Loss: 31.780918
Train Epoch: 11 [38336/60000 (64%)]	Loss: 35.529018
Train Epoch: 11 [44736/60000 (75%)]	Loss: 25.304203
Train Epoch: 11 [51136/60000 (85%)]	Loss: 29.871574
Train Epoch: 11 [57536/60000 (96%)]	Loss: 30.160107

Test set: Average loss: 41.3666, Accuracy: 4313/10000 (43%)

Train Epoch: 12 [6336/60000 (11%)]	Loss: 22.804804
Train Epoch: 12 [12736/60000 (21%)]	Loss: 43.830803
Train Epoch: 12 [19136/60000 (32%)]	Loss: 36.752598
Train Epoch: 12 [25536/60000 (43%)]	Loss: 33.952049
Train Epoch: 12 [31936/60000 (53%)]	Loss: 36.840336
Train Epoch: 12 [38336/60000 (64%)]	Loss: 19.311911
Train Epoch: 12 [44736/60000 (75%)]	Loss: 37.167603
Train Epoch: 12 [51136/60000 (85%)]	Loss: 39.818779
Train Epoch: 12 [57536/60000 (96%)]	Loss: 38.376930

Test set: Average loss: 27.8670, Accuracy: 5216/10000 (52%)

Train Epoch: 13 [6336/60000 (11%)]	Loss: 27.040272
Train Epoch: 13 [12736/60000 (21%)]	Loss: 27.626486
Train Epoch: 13 [19136/60000 (32%)]	Loss: 48.968811
Train Epoch: 13 [25536/60000 (43%)]	Loss: 24.155529
Train Epoch: 13 [31936/60000 (53%)]	Loss: 32.976513
Train Epoch: 13 [38336/60000 (64%)]	Loss: 38.246380
Train Epoch: 13 [44736/60000 (75%)]	Loss: 33.541973
Train Epoch: 13 [51136/60000 (85%)]	Loss: 21.533100
Train Epoch: 13 [57536/60000 (96%)]	Loss: 37.483006

Test set: Average loss: 35.8994, Accuracy: 4373/10000 (44%)

Train Epoch: 14 [6336/60000 (11%)]	Loss: 26.616934
Train Epoch: 14 [12736/60000 (21%)]	Loss: 26.993187
Train Epoch: 14 [19136/60000 (32%)]	Loss: 43.168079
Train Epoch: 14 [25536/60000 (43%)]	Loss: 40.561855
Train Epoch: 14 [31936/60000 (53%)]	Loss: 42.486580
Train Epoch: 14 [38336/60000 (64%)]	Loss: 31.794521
Train Epoch: 14 [44736/60000 (75%)]	Loss: 22.418936
Train Epoch: 14 [51136/60000 (85%)]	Loss: 31.768064
Train Epoch: 14 [57536/60000 (96%)]	Loss: 35.067265

Test set: Average loss: 37.3963, Accuracy: 4922/10000 (49%)

Train Epoch: 15 [6336/60000 (11%)]	Loss: 39.839279
Train Epoch: 15 [12736/60000 (21%)]	Loss: 21.262409
Train Epoch: 15 [19136/60000 (32%)]	Loss: 39.209648
Train Epoch: 15 [25536/60000 (43%)]	Loss: 27.765440
Train Epoch: 15 [31936/60000 (53%)]	Loss: 53.357956
Train Epoch: 15 [38336/60000 (64%)]	Loss: 34.717701
Train Epoch: 15 [44736/60000 (75%)]	Loss: 37.028305
Train Epoch: 15 [51136/60000 (85%)]	Loss: 33.900299
Train Epoch: 15 [57536/60000 (96%)]	Loss: 29.968967

Test set: Average loss: 28.5604, Accuracy: 5301/10000 (53%)

Train Epoch: 16 [6336/60000 (11%)]	Loss: 22.303230
Train Epoch: 16 [12736/60000 (21%)]	Loss: 30.418669
Train Epoch: 16 [19136/60000 (32%)]	Loss: 43.928883
Train Epoch: 16 [25536/60000 (43%)]	Loss: 32.982533
Train Epoch: 16 [31936/60000 (53%)]	Loss: 24.941975
Train Epoch: 16 [38336/60000 (64%)]	Loss: 25.086470
Train Epoch: 16 [44736/60000 (75%)]	Loss: 23.881031
Train Epoch: 16 [51136/60000 (85%)]	Loss: 27.931992
Train Epoch: 16 [57536/60000 (96%)]	Loss: 32.768764

Test set: Average loss: 30.9248, Accuracy: 5054/10000 (51%)

Train Epoch: 17 [6336/60000 (11%)]	Loss: 37.301487
Train Epoch: 17 [12736/60000 (21%)]	Loss: 20.884911
Train Epoch: 17 [19136/60000 (32%)]	Loss: 30.718111
Train Epoch: 17 [25536/60000 (43%)]	Loss: 29.271965
Train Epoch: 17 [31936/60000 (53%)]	Loss: 33.627983
Train Epoch: 17 [38336/60000 (64%)]	Loss: 32.291958
Train Epoch: 17 [44736/60000 (75%)]	Loss: 25.615782
Train Epoch: 17 [51136/60000 (85%)]	Loss: 43.552280
Train Epoch: 17 [57536/60000 (96%)]	Loss: 28.520687

Test set: Average loss: 35.3106, Accuracy: 4692/10000 (47%)

Train Epoch: 18 [6336/60000 (11%)]	Loss: 23.497015
Train Epoch: 18 [12736/60000 (21%)]	Loss: 43.217712
Train Epoch: 18 [19136/60000 (32%)]	Loss: 19.620232
Train Epoch: 18 [25536/60000 (43%)]	Loss: 26.123510
Train Epoch: 18 [31936/60000 (53%)]	Loss: 16.880678
Train Epoch: 18 [38336/60000 (64%)]	Loss: 39.854534
Train Epoch: 18 [44736/60000 (75%)]	Loss: 32.151428
Train Epoch: 18 [51136/60000 (85%)]	Loss: 21.701178
Train Epoch: 18 [57536/60000 (96%)]	Loss: 22.242855

Test set: Average loss: 25.2131, Accuracy: 5763/10000 (58%)

Train Epoch: 19 [6336/60000 (11%)]	Loss: 29.100813
Train Epoch: 19 [12736/60000 (21%)]	Loss: 22.270821
Train Epoch: 19 [19136/60000 (32%)]	Loss: 23.103716
Train Epoch: 19 [25536/60000 (43%)]	Loss: 19.735729
Train Epoch: 19 [31936/60000 (53%)]	Loss: 18.044125
Train Epoch: 19 [38336/60000 (64%)]	Loss: 23.565554
Train Epoch: 19 [44736/60000 (75%)]	Loss: 22.328333
Train Epoch: 19 [51136/60000 (85%)]	Loss: 19.676376
Train Epoch: 19 [57536/60000 (96%)]	Loss: 15.010942

Test set: Average loss: 37.1257, Accuracy: 5417/10000 (54%)

Train Epoch: 20 [6336/60000 (11%)]	Loss: 9.085228
Train Epoch: 20 [12736/60000 (21%)]	Loss: 12.242893
Train Epoch: 20 [19136/60000 (32%)]	Loss: 10.835164
Train Epoch: 20 [25536/60000 (43%)]	Loss: 25.710094
Train Epoch: 20 [31936/60000 (53%)]	Loss: 19.284006
Train Epoch: 20 [38336/60000 (64%)]	Loss: 24.568113
Train Epoch: 20 [44736/60000 (75%)]	Loss: 11.979124
Train Epoch: 20 [51136/60000 (85%)]	Loss: 10.216647
Train Epoch: 20 [57536/60000 (96%)]	Loss: 17.119308

Test set: Average loss: 29.7624, Accuracy: 5792/10000 (58%)

Namespace(batch_size=64, bias=None, data='../data', device=1, epochs=20, hidden_size=500, load_weights=None, log_interval=100, lr=0.1, model='redfc4', momentum=0.9, no_cuda=False, r=5, save_model=None, save_results=True, seed=1, sparsity=0.05, use_relu=False, wd=0.0005)


Total time spent pruning/training: 3.96 minutes
Total number of parameters in model: 4496420
Number of parameters in pruned model: 4271599
