Namespace(batch_size=64, bias=None, data='../data', device=1, epochs=19, hidden_size=500, load_weights=None, log_interval=100, lr=0.1, model='redfc4', momentum=0.9, no_cuda=False, r=5, save_model=None, save_results=True, seed=1, sparsity=0.01, use_relu=True, wd=0.0005) 

Pruning a Four-Layer Fully Connected Redundant Network ...
Train Epoch: 1 [6336/60000 (11%)]	Loss: 4.100196
Train Epoch: 1 [12736/60000 (21%)]	Loss: 6.280535
Train Epoch: 1 [19136/60000 (32%)]	Loss: 8.182125
Train Epoch: 1 [25536/60000 (43%)]	Loss: 11.816093
Train Epoch: 1 [31936/60000 (53%)]	Loss: 9.195341
Train Epoch: 1 [38336/60000 (64%)]	Loss: 10.442177
Train Epoch: 1 [44736/60000 (75%)]	Loss: 14.871454
Train Epoch: 1 [51136/60000 (85%)]	Loss: 17.012016
Train Epoch: 1 [57536/60000 (96%)]	Loss: 19.724110

Test set: Average loss: 18.5289, Accuracy: 2239/10000 (22%)

Train Epoch: 2 [6336/60000 (11%)]	Loss: 17.021166
Train Epoch: 2 [12736/60000 (21%)]	Loss: 22.751467
Train Epoch: 2 [19136/60000 (32%)]	Loss: 23.523428
Train Epoch: 2 [25536/60000 (43%)]	Loss: 21.773138
Train Epoch: 2 [31936/60000 (53%)]	Loss: 21.496099
Train Epoch: 2 [38336/60000 (64%)]	Loss: 24.013905
Train Epoch: 2 [44736/60000 (75%)]	Loss: 27.867674
Train Epoch: 2 [51136/60000 (85%)]	Loss: 25.181824
Train Epoch: 2 [57536/60000 (96%)]	Loss: 26.132725

Test set: Average loss: 27.0103, Accuracy: 1689/10000 (17%)

Train Epoch: 3 [6336/60000 (11%)]	Loss: 21.499321
Train Epoch: 3 [12736/60000 (21%)]	Loss: 25.563799
Train Epoch: 3 [19136/60000 (32%)]	Loss: 23.804180
Train Epoch: 3 [25536/60000 (43%)]	Loss: 24.785913
Train Epoch: 3 [31936/60000 (53%)]	Loss: 27.646109
Train Epoch: 3 [38336/60000 (64%)]	Loss: 30.931488
Train Epoch: 3 [44736/60000 (75%)]	Loss: 25.904892
Train Epoch: 3 [51136/60000 (85%)]	Loss: 22.881947
Train Epoch: 3 [57536/60000 (96%)]	Loss: 27.827236

Test set: Average loss: 29.4619, Accuracy: 1538/10000 (15%)

Train Epoch: 4 [6336/60000 (11%)]	Loss: 27.367247
Train Epoch: 4 [12736/60000 (21%)]	Loss: 31.638212
Train Epoch: 4 [19136/60000 (32%)]	Loss: 34.060787
Train Epoch: 4 [25536/60000 (43%)]	Loss: 33.468056
Train Epoch: 4 [31936/60000 (53%)]	Loss: 31.601055
Train Epoch: 4 [38336/60000 (64%)]	Loss: 27.886009
Train Epoch: 4 [44736/60000 (75%)]	Loss: 30.881577
Train Epoch: 4 [51136/60000 (85%)]	Loss: 26.096737
Train Epoch: 4 [57536/60000 (96%)]	Loss: 23.032621

Test set: Average loss: 30.9836, Accuracy: 1522/10000 (15%)

Train Epoch: 5 [6336/60000 (11%)]	Loss: 32.381039
Train Epoch: 5 [12736/60000 (21%)]	Loss: 27.707027
Train Epoch: 5 [19136/60000 (32%)]	Loss: 29.510254
Train Epoch: 5 [25536/60000 (43%)]	Loss: 30.266861
Train Epoch: 5 [31936/60000 (53%)]	Loss: 32.388996
Train Epoch: 5 [38336/60000 (64%)]	Loss: 29.269039
Train Epoch: 5 [44736/60000 (75%)]	Loss: 33.736214
Train Epoch: 5 [51136/60000 (85%)]	Loss: 31.363386
Train Epoch: 5 [57536/60000 (96%)]	Loss: 35.943806

Test set: Average loss: 33.0538, Accuracy: 1491/10000 (15%)

Train Epoch: 6 [6336/60000 (11%)]	Loss: 30.814362
Train Epoch: 6 [12736/60000 (21%)]	Loss: 33.437840
Train Epoch: 6 [19136/60000 (32%)]	Loss: 34.584599
Train Epoch: 6 [25536/60000 (43%)]	Loss: 28.582254
Train Epoch: 6 [31936/60000 (53%)]	Loss: 32.731976
Train Epoch: 6 [38336/60000 (64%)]	Loss: 31.829151
Train Epoch: 6 [44736/60000 (75%)]	Loss: 37.477791
Train Epoch: 6 [51136/60000 (85%)]	Loss: 36.201717
Train Epoch: 6 [57536/60000 (96%)]	Loss: 37.169575

Test set: Average loss: 33.2551, Accuracy: 1481/10000 (15%)

Train Epoch: 7 [6336/60000 (11%)]	Loss: 32.110344
Train Epoch: 7 [12736/60000 (21%)]	Loss: 27.542219
Train Epoch: 7 [19136/60000 (32%)]	Loss: 30.694569
Train Epoch: 7 [25536/60000 (43%)]	Loss: 35.451729
Train Epoch: 7 [31936/60000 (53%)]	Loss: 40.130699
Train Epoch: 7 [38336/60000 (64%)]	Loss: 31.888187
Train Epoch: 7 [44736/60000 (75%)]	Loss: 35.330605
Train Epoch: 7 [51136/60000 (85%)]	Loss: 31.689384
Train Epoch: 7 [57536/60000 (96%)]	Loss: 35.023769

Test set: Average loss: 33.5922, Accuracy: 1429/10000 (14%)

Train Epoch: 8 [6336/60000 (11%)]	Loss: 36.795967
Train Epoch: 8 [12736/60000 (21%)]	Loss: 26.195457
Train Epoch: 8 [19136/60000 (32%)]	Loss: 35.390305
Train Epoch: 8 [25536/60000 (43%)]	Loss: 32.143135
Train Epoch: 8 [31936/60000 (53%)]	Loss: 29.434540
Train Epoch: 8 [38336/60000 (64%)]	Loss: 38.135456
Train Epoch: 8 [44736/60000 (75%)]	Loss: 33.649956
Train Epoch: 8 [51136/60000 (85%)]	Loss: 35.232552
Train Epoch: 8 [57536/60000 (96%)]	Loss: 34.236847

Test set: Average loss: 34.6908, Accuracy: 1462/10000 (15%)

Train Epoch: 9 [6336/60000 (11%)]	Loss: 36.039677
Train Epoch: 9 [12736/60000 (21%)]	Loss: 33.397926
Train Epoch: 9 [19136/60000 (32%)]	Loss: 38.352371
Train Epoch: 9 [25536/60000 (43%)]	Loss: 28.608322
Train Epoch: 9 [31936/60000 (53%)]	Loss: 31.891924
Train Epoch: 9 [38336/60000 (64%)]	Loss: 35.568279
Train Epoch: 9 [44736/60000 (75%)]	Loss: 32.043674
Train Epoch: 9 [51136/60000 (85%)]	Loss: 31.448112
Train Epoch: 9 [57536/60000 (96%)]	Loss: 38.979923

Test set: Average loss: 34.8737, Accuracy: 1424/10000 (14%)

Train Epoch: 10 [6336/60000 (11%)]	Loss: 36.757301
Train Epoch: 10 [12736/60000 (21%)]	Loss: 35.577827
Train Epoch: 10 [19136/60000 (32%)]	Loss: 37.816082
Train Epoch: 10 [25536/60000 (43%)]	Loss: 30.722593
Train Epoch: 10 [31936/60000 (53%)]	Loss: 37.622868
Train Epoch: 10 [38336/60000 (64%)]	Loss: 34.193428
Train Epoch: 10 [44736/60000 (75%)]	Loss: 39.818974
Train Epoch: 10 [51136/60000 (85%)]	Loss: 36.854660
Train Epoch: 10 [57536/60000 (96%)]	Loss: 32.923637

Test set: Average loss: 35.0927, Accuracy: 1435/10000 (14%)

Train Epoch: 11 [6336/60000 (11%)]	Loss: 36.543694
Train Epoch: 11 [12736/60000 (21%)]	Loss: 38.670891
Train Epoch: 11 [19136/60000 (32%)]	Loss: 34.826679
Train Epoch: 11 [25536/60000 (43%)]	Loss: 34.747578
Train Epoch: 11 [31936/60000 (53%)]	Loss: 32.567600
Train Epoch: 11 [38336/60000 (64%)]	Loss: 34.403297
Train Epoch: 11 [44736/60000 (75%)]	Loss: 36.288044
Train Epoch: 11 [51136/60000 (85%)]	Loss: 35.833344
Train Epoch: 11 [57536/60000 (96%)]	Loss: 40.303410

Test set: Average loss: 34.9456, Accuracy: 1390/10000 (14%)

Train Epoch: 12 [6336/60000 (11%)]	Loss: 35.450634
Train Epoch: 12 [12736/60000 (21%)]	Loss: 28.508152
Train Epoch: 12 [19136/60000 (32%)]	Loss: 37.297825
Train Epoch: 12 [25536/60000 (43%)]	Loss: 36.020351
Train Epoch: 12 [31936/60000 (53%)]	Loss: 33.362438
Train Epoch: 12 [38336/60000 (64%)]	Loss: 36.346603
Train Epoch: 12 [44736/60000 (75%)]	Loss: 36.836384
Train Epoch: 12 [51136/60000 (85%)]	Loss: 35.318523
Train Epoch: 12 [57536/60000 (96%)]	Loss: 35.578377

Test set: Average loss: 35.2749, Accuracy: 1459/10000 (15%)

Train Epoch: 13 [6336/60000 (11%)]	Loss: 36.293900
Train Epoch: 13 [12736/60000 (21%)]	Loss: 36.479424
Train Epoch: 13 [19136/60000 (32%)]	Loss: 39.240349
Train Epoch: 13 [25536/60000 (43%)]	Loss: 42.139400
Train Epoch: 13 [31936/60000 (53%)]	Loss: 37.865219
Train Epoch: 13 [38336/60000 (64%)]	Loss: 36.975651
Train Epoch: 13 [44736/60000 (75%)]	Loss: 32.606304
Train Epoch: 13 [51136/60000 (85%)]	Loss: 39.618946
Train Epoch: 13 [57536/60000 (96%)]	Loss: 33.932415

Test set: Average loss: 35.5608, Accuracy: 1467/10000 (15%)

Train Epoch: 14 [6336/60000 (11%)]	Loss: 37.062515
Train Epoch: 14 [12736/60000 (21%)]	Loss: 33.483376
Train Epoch: 14 [19136/60000 (32%)]	Loss: 34.578682
Train Epoch: 14 [25536/60000 (43%)]	Loss: 29.572289
Train Epoch: 14 [31936/60000 (53%)]	Loss: 38.513268
Train Epoch: 14 [38336/60000 (64%)]	Loss: 30.342020
Train Epoch: 14 [44736/60000 (75%)]	Loss: 37.461105
Train Epoch: 14 [51136/60000 (85%)]	Loss: 34.273514
Train Epoch: 14 [57536/60000 (96%)]	Loss: 39.950974

Test set: Average loss: 35.4715, Accuracy: 1471/10000 (15%)

Train Epoch: 15 [6336/60000 (11%)]	Loss: 35.933689
Train Epoch: 15 [12736/60000 (21%)]	Loss: 36.727119
Train Epoch: 15 [19136/60000 (32%)]	Loss: 37.018974
Train Epoch: 15 [25536/60000 (43%)]	Loss: 35.241722
Train Epoch: 15 [31936/60000 (53%)]	Loss: 34.315937
Train Epoch: 15 [38336/60000 (64%)]	Loss: 34.251961
Train Epoch: 15 [44736/60000 (75%)]	Loss: 38.218605
Train Epoch: 15 [51136/60000 (85%)]	Loss: 31.299158
Train Epoch: 15 [57536/60000 (96%)]	Loss: 33.147274

Test set: Average loss: 35.0474, Accuracy: 1454/10000 (15%)

Train Epoch: 16 [6336/60000 (11%)]	Loss: 38.799938
Train Epoch: 16 [12736/60000 (21%)]	Loss: 30.680752
Train Epoch: 16 [19136/60000 (32%)]	Loss: 34.502831
Train Epoch: 16 [25536/60000 (43%)]	Loss: 31.409676
Train Epoch: 16 [31936/60000 (53%)]	Loss: 35.188145
Train Epoch: 16 [38336/60000 (64%)]	Loss: 33.990082
Train Epoch: 16 [44736/60000 (75%)]	Loss: 37.247208
Train Epoch: 16 [51136/60000 (85%)]	Loss: 38.141060
Train Epoch: 16 [57536/60000 (96%)]	Loss: 30.617111

Test set: Average loss: 34.1655, Accuracy: 1500/10000 (15%)

Train Epoch: 17 [6336/60000 (11%)]	Loss: 39.562168
Train Epoch: 17 [12736/60000 (21%)]	Loss: 33.979752
Train Epoch: 17 [19136/60000 (32%)]	Loss: 35.404884
Train Epoch: 17 [25536/60000 (43%)]	Loss: 35.348351
Train Epoch: 17 [31936/60000 (53%)]	Loss: 36.879608
Train Epoch: 17 [38336/60000 (64%)]	Loss: 36.908524
Train Epoch: 17 [44736/60000 (75%)]	Loss: 37.168468
Train Epoch: 17 [51136/60000 (85%)]	Loss: 35.355888
Train Epoch: 17 [57536/60000 (96%)]	Loss: 36.182076

Test set: Average loss: 34.5218, Accuracy: 1457/10000 (15%)

Train Epoch: 18 [6336/60000 (11%)]	Loss: 29.348591
Train Epoch: 18 [12736/60000 (21%)]	Loss: 28.170156
Train Epoch: 18 [19136/60000 (32%)]	Loss: 37.207085
Train Epoch: 18 [25536/60000 (43%)]	Loss: 33.435123
Train Epoch: 18 [31936/60000 (53%)]	Loss: 32.543770
Train Epoch: 18 [38336/60000 (64%)]	Loss: 33.012383
Train Epoch: 18 [44736/60000 (75%)]	Loss: 38.079369
Train Epoch: 18 [51136/60000 (85%)]	Loss: 30.537762
Train Epoch: 18 [57536/60000 (96%)]	Loss: 34.133652

Test set: Average loss: 32.7781, Accuracy: 1327/10000 (13%)

Train Epoch: 19 [6336/60000 (11%)]	Loss: 31.137348
Train Epoch: 19 [12736/60000 (21%)]	Loss: 33.675972
Train Epoch: 19 [19136/60000 (32%)]	Loss: 30.573177
Train Epoch: 19 [25536/60000 (43%)]	Loss: 28.222916
Train Epoch: 19 [31936/60000 (53%)]	Loss: 30.845013
Train Epoch: 19 [38336/60000 (64%)]	Loss: 31.806002
Train Epoch: 19 [44736/60000 (75%)]	Loss: 31.563639
Train Epoch: 19 [51136/60000 (85%)]	Loss: 34.403790
Train Epoch: 19 [57536/60000 (96%)]	Loss: 29.426018

Test set: Average loss: 33.4507, Accuracy: 1451/10000 (15%)

Namespace(batch_size=64, bias=None, data='../data', device=1, epochs=19, hidden_size=500, load_weights=None, log_interval=100, lr=0.1, model='redfc4', momentum=0.9, no_cuda=False, r=5, save_model=None, save_results=True, seed=1, sparsity=0.01, use_relu=True, wd=0.0005)


Total time spent pruning/training: 3.80 minutes
Total number of parameters in model: 4496420
Number of parameters in pruned model: 4451455
