Namespace(batch_size=64, bias=None, data='../data', device=1, epochs=19, hidden_size=500, load_weights=None, log_interval=100, lr=0.1, model='redfc4', momentum=0.9, no_cuda=False, r=5, save_model=None, save_results=True, seed=1, sparsity=0.05, use_relu=False, wd=0.0005) 

Pruning a Four-Layer Fully Connected Redundant Network ...
Train Epoch: 1 [6336/60000 (11%)]	Loss: 7.931054
Train Epoch: 1 [12736/60000 (21%)]	Loss: 4.265900
Train Epoch: 1 [19136/60000 (32%)]	Loss: 4.155206
Train Epoch: 1 [25536/60000 (43%)]	Loss: 3.430566
Train Epoch: 1 [31936/60000 (53%)]	Loss: 7.702818
Train Epoch: 1 [38336/60000 (64%)]	Loss: 6.903853
Train Epoch: 1 [44736/60000 (75%)]	Loss: 7.440998
Train Epoch: 1 [51136/60000 (85%)]	Loss: 8.445874
Train Epoch: 1 [57536/60000 (96%)]	Loss: 7.460360

Test set: Average loss: 9.1489, Accuracy: 7426/10000 (74%)

Train Epoch: 2 [6336/60000 (11%)]	Loss: 20.932262
Train Epoch: 2 [12736/60000 (21%)]	Loss: 2.914048
Train Epoch: 2 [19136/60000 (32%)]	Loss: 21.399830
Train Epoch: 2 [25536/60000 (43%)]	Loss: 9.246895
Train Epoch: 2 [31936/60000 (53%)]	Loss: 4.362612
Train Epoch: 2 [38336/60000 (64%)]	Loss: 20.408842
Train Epoch: 2 [44736/60000 (75%)]	Loss: 10.225093
Train Epoch: 2 [51136/60000 (85%)]	Loss: 15.213051
Train Epoch: 2 [57536/60000 (96%)]	Loss: 12.171006

Test set: Average loss: 16.6798, Accuracy: 6773/10000 (68%)

Train Epoch: 3 [6336/60000 (11%)]	Loss: 10.352542
Train Epoch: 3 [12736/60000 (21%)]	Loss: 12.961269
Train Epoch: 3 [19136/60000 (32%)]	Loss: 14.580828
Train Epoch: 3 [25536/60000 (43%)]	Loss: 17.043846
Train Epoch: 3 [31936/60000 (53%)]	Loss: 17.154636
Train Epoch: 3 [38336/60000 (64%)]	Loss: 13.732890
Train Epoch: 3 [44736/60000 (75%)]	Loss: 24.820202
Train Epoch: 3 [51136/60000 (85%)]	Loss: 15.223131
Train Epoch: 3 [57536/60000 (96%)]	Loss: 20.052025

Test set: Average loss: 18.6212, Accuracy: 6501/10000 (65%)

Train Epoch: 4 [6336/60000 (11%)]	Loss: 16.260191
Train Epoch: 4 [12736/60000 (21%)]	Loss: 26.717249
Train Epoch: 4 [19136/60000 (32%)]	Loss: 24.076235
Train Epoch: 4 [25536/60000 (43%)]	Loss: 18.206081
Train Epoch: 4 [31936/60000 (53%)]	Loss: 29.818987
Train Epoch: 4 [38336/60000 (64%)]	Loss: 19.462599
Train Epoch: 4 [44736/60000 (75%)]	Loss: 13.300434
Train Epoch: 4 [51136/60000 (85%)]	Loss: 21.840469
Train Epoch: 4 [57536/60000 (96%)]	Loss: 12.182065

Test set: Average loss: 26.5768, Accuracy: 5756/10000 (58%)

Train Epoch: 5 [6336/60000 (11%)]	Loss: 18.525522
Train Epoch: 5 [12736/60000 (21%)]	Loss: 35.865807
Train Epoch: 5 [19136/60000 (32%)]	Loss: 19.137047
Train Epoch: 5 [25536/60000 (43%)]	Loss: 17.685167
Train Epoch: 5 [31936/60000 (53%)]	Loss: 18.246557
Train Epoch: 5 [38336/60000 (64%)]	Loss: 23.827879
Train Epoch: 5 [44736/60000 (75%)]	Loss: 12.363832
Train Epoch: 5 [51136/60000 (85%)]	Loss: 28.472818
Train Epoch: 5 [57536/60000 (96%)]	Loss: 34.663895

Test set: Average loss: 24.5243, Accuracy: 5453/10000 (55%)

Train Epoch: 6 [6336/60000 (11%)]	Loss: 24.983883
Train Epoch: 6 [12736/60000 (21%)]	Loss: 20.330450
Train Epoch: 6 [19136/60000 (32%)]	Loss: 29.319370
Train Epoch: 6 [25536/60000 (43%)]	Loss: 44.223816
Train Epoch: 6 [31936/60000 (53%)]	Loss: 34.769436
Train Epoch: 6 [38336/60000 (64%)]	Loss: 20.469746
Train Epoch: 6 [44736/60000 (75%)]	Loss: 27.526735
Train Epoch: 6 [51136/60000 (85%)]	Loss: 25.569279
Train Epoch: 6 [57536/60000 (96%)]	Loss: 33.918072

Test set: Average loss: 35.3254, Accuracy: 5054/10000 (51%)

Train Epoch: 7 [6336/60000 (11%)]	Loss: 19.060848
Train Epoch: 7 [12736/60000 (21%)]	Loss: 24.782238
Train Epoch: 7 [19136/60000 (32%)]	Loss: 28.379103
Train Epoch: 7 [25536/60000 (43%)]	Loss: 37.490746
Train Epoch: 7 [31936/60000 (53%)]	Loss: 26.524410
Train Epoch: 7 [38336/60000 (64%)]	Loss: 31.938509
Train Epoch: 7 [44736/60000 (75%)]	Loss: 25.530394
Train Epoch: 7 [51136/60000 (85%)]	Loss: 30.360764
Train Epoch: 7 [57536/60000 (96%)]	Loss: 30.714005

Test set: Average loss: 32.5961, Accuracy: 5026/10000 (50%)

Train Epoch: 8 [6336/60000 (11%)]	Loss: 23.471321
Train Epoch: 8 [12736/60000 (21%)]	Loss: 16.685593
Train Epoch: 8 [19136/60000 (32%)]	Loss: 25.868118
Train Epoch: 8 [25536/60000 (43%)]	Loss: 20.618502
Train Epoch: 8 [31936/60000 (53%)]	Loss: 28.076708
Train Epoch: 8 [38336/60000 (64%)]	Loss: 29.454334
Train Epoch: 8 [44736/60000 (75%)]	Loss: 40.655560
Train Epoch: 8 [51136/60000 (85%)]	Loss: 20.420658
Train Epoch: 8 [57536/60000 (96%)]	Loss: 24.358160

Test set: Average loss: 30.0258, Accuracy: 5071/10000 (51%)

Train Epoch: 9 [6336/60000 (11%)]	Loss: 32.300915
Train Epoch: 9 [12736/60000 (21%)]	Loss: 26.082996
Train Epoch: 9 [19136/60000 (32%)]	Loss: 36.687630
Train Epoch: 9 [25536/60000 (43%)]	Loss: 33.954807
Train Epoch: 9 [31936/60000 (53%)]	Loss: 27.757141
Train Epoch: 9 [38336/60000 (64%)]	Loss: 25.595951
Train Epoch: 9 [44736/60000 (75%)]	Loss: 41.172234
Train Epoch: 9 [51136/60000 (85%)]	Loss: 26.484138
Train Epoch: 9 [57536/60000 (96%)]	Loss: 25.084444

Test set: Average loss: 42.7397, Accuracy: 4509/10000 (45%)

Train Epoch: 10 [6336/60000 (11%)]	Loss: 48.780167
Train Epoch: 10 [12736/60000 (21%)]	Loss: 28.528276
Train Epoch: 10 [19136/60000 (32%)]	Loss: 23.930410
Train Epoch: 10 [25536/60000 (43%)]	Loss: 35.192249
Train Epoch: 10 [31936/60000 (53%)]	Loss: 37.782551
Train Epoch: 10 [38336/60000 (64%)]	Loss: 32.905914
Train Epoch: 10 [44736/60000 (75%)]	Loss: 28.676012
Train Epoch: 10 [51136/60000 (85%)]	Loss: 34.438522
Train Epoch: 10 [57536/60000 (96%)]	Loss: 28.596220

Test set: Average loss: 31.8865, Accuracy: 4503/10000 (45%)

Train Epoch: 11 [6336/60000 (11%)]	Loss: 22.552860
Train Epoch: 11 [12736/60000 (21%)]	Loss: 32.438602
Train Epoch: 11 [19136/60000 (32%)]	Loss: 42.695919
Train Epoch: 11 [25536/60000 (43%)]	Loss: 34.285923
Train Epoch: 11 [31936/60000 (53%)]	Loss: 28.965454
Train Epoch: 11 [38336/60000 (64%)]	Loss: 19.112463
Train Epoch: 11 [44736/60000 (75%)]	Loss: 22.001154
Train Epoch: 11 [51136/60000 (85%)]	Loss: 28.443407
Train Epoch: 11 [57536/60000 (96%)]	Loss: 30.794117

Test set: Average loss: 33.2702, Accuracy: 4596/10000 (46%)

Train Epoch: 12 [6336/60000 (11%)]	Loss: 31.136246
Train Epoch: 12 [12736/60000 (21%)]	Loss: 34.537304
Train Epoch: 12 [19136/60000 (32%)]	Loss: 35.366875
Train Epoch: 12 [25536/60000 (43%)]	Loss: 34.385056
Train Epoch: 12 [31936/60000 (53%)]	Loss: 32.742115
Train Epoch: 12 [38336/60000 (64%)]	Loss: 17.567429
Train Epoch: 12 [44736/60000 (75%)]	Loss: 33.794144
Train Epoch: 12 [51136/60000 (85%)]	Loss: 37.158909
Train Epoch: 12 [57536/60000 (96%)]	Loss: 37.495037

Test set: Average loss: 33.7778, Accuracy: 4412/10000 (44%)

Train Epoch: 13 [6336/60000 (11%)]	Loss: 32.887043
Train Epoch: 13 [12736/60000 (21%)]	Loss: 26.439554
Train Epoch: 13 [19136/60000 (32%)]	Loss: 44.865517
Train Epoch: 13 [25536/60000 (43%)]	Loss: 26.051373
Train Epoch: 13 [31936/60000 (53%)]	Loss: 18.963886
Train Epoch: 13 [38336/60000 (64%)]	Loss: 24.563824
Train Epoch: 13 [44736/60000 (75%)]	Loss: 30.182699
Train Epoch: 13 [51136/60000 (85%)]	Loss: 25.025307
Train Epoch: 13 [57536/60000 (96%)]	Loss: 30.495762

Test set: Average loss: 38.6499, Accuracy: 4170/10000 (42%)

Train Epoch: 14 [6336/60000 (11%)]	Loss: 27.039072
Train Epoch: 14 [12736/60000 (21%)]	Loss: 43.486263
Train Epoch: 14 [19136/60000 (32%)]	Loss: 46.145191
Train Epoch: 14 [25536/60000 (43%)]	Loss: 30.442677
Train Epoch: 14 [31936/60000 (53%)]	Loss: 34.566540
Train Epoch: 14 [38336/60000 (64%)]	Loss: 27.965748
Train Epoch: 14 [44736/60000 (75%)]	Loss: 31.893478
Train Epoch: 14 [51136/60000 (85%)]	Loss: 34.257008
Train Epoch: 14 [57536/60000 (96%)]	Loss: 28.073027

Test set: Average loss: 35.0865, Accuracy: 5047/10000 (50%)

Train Epoch: 15 [6336/60000 (11%)]	Loss: 33.689289
Train Epoch: 15 [12736/60000 (21%)]	Loss: 21.665312
Train Epoch: 15 [19136/60000 (32%)]	Loss: 33.991997
Train Epoch: 15 [25536/60000 (43%)]	Loss: 25.203430
Train Epoch: 15 [31936/60000 (53%)]	Loss: 58.196281
Train Epoch: 15 [38336/60000 (64%)]	Loss: 43.030552
Train Epoch: 15 [44736/60000 (75%)]	Loss: 32.589725
Train Epoch: 15 [51136/60000 (85%)]	Loss: 33.388546
Train Epoch: 15 [57536/60000 (96%)]	Loss: 31.623674

Test set: Average loss: 34.4352, Accuracy: 4746/10000 (47%)

Train Epoch: 16 [6336/60000 (11%)]	Loss: 24.319603
Train Epoch: 16 [12736/60000 (21%)]	Loss: 20.593979
Train Epoch: 16 [19136/60000 (32%)]	Loss: 25.323904
Train Epoch: 16 [25536/60000 (43%)]	Loss: 21.229176
Train Epoch: 16 [31936/60000 (53%)]	Loss: 35.941784
Train Epoch: 16 [38336/60000 (64%)]	Loss: 31.828609
Train Epoch: 16 [44736/60000 (75%)]	Loss: 22.744604
Train Epoch: 16 [51136/60000 (85%)]	Loss: 22.250952
Train Epoch: 16 [57536/60000 (96%)]	Loss: 27.604546

Test set: Average loss: 31.2904, Accuracy: 5193/10000 (52%)

Train Epoch: 17 [6336/60000 (11%)]	Loss: 28.712757
Train Epoch: 17 [12736/60000 (21%)]	Loss: 31.777584
Train Epoch: 17 [19136/60000 (32%)]	Loss: 27.861664
Train Epoch: 17 [25536/60000 (43%)]	Loss: 22.252298
Train Epoch: 17 [31936/60000 (53%)]	Loss: 26.653656
Train Epoch: 17 [38336/60000 (64%)]	Loss: 30.519960
Train Epoch: 17 [44736/60000 (75%)]	Loss: 23.029940
Train Epoch: 17 [51136/60000 (85%)]	Loss: 34.560574
Train Epoch: 17 [57536/60000 (96%)]	Loss: 16.310469

Test set: Average loss: 22.8776, Accuracy: 5915/10000 (59%)

Train Epoch: 18 [6336/60000 (11%)]	Loss: 24.364143
Train Epoch: 18 [12736/60000 (21%)]	Loss: 30.935705
Train Epoch: 18 [19136/60000 (32%)]	Loss: 15.990950
Train Epoch: 18 [25536/60000 (43%)]	Loss: 28.578691
Train Epoch: 18 [31936/60000 (53%)]	Loss: 12.195839
Train Epoch: 18 [38336/60000 (64%)]	Loss: 22.648167
Train Epoch: 18 [44736/60000 (75%)]	Loss: 29.218458
Train Epoch: 18 [51136/60000 (85%)]	Loss: 16.721813
Train Epoch: 18 [57536/60000 (96%)]	Loss: 15.284744

Test set: Average loss: 19.9871, Accuracy: 6225/10000 (62%)

Train Epoch: 19 [6336/60000 (11%)]	Loss: 16.156452
Train Epoch: 19 [12736/60000 (21%)]	Loss: 26.117540
Train Epoch: 19 [19136/60000 (32%)]	Loss: 18.093216
Train Epoch: 19 [25536/60000 (43%)]	Loss: 14.170285
Train Epoch: 19 [31936/60000 (53%)]	Loss: 14.962875
Train Epoch: 19 [38336/60000 (64%)]	Loss: 33.827202
Train Epoch: 19 [44736/60000 (75%)]	Loss: 17.987724
Train Epoch: 19 [51136/60000 (85%)]	Loss: 21.148024
Train Epoch: 19 [57536/60000 (96%)]	Loss: 16.118084

Test set: Average loss: 34.7885, Accuracy: 5449/10000 (54%)

Namespace(batch_size=64, bias=None, data='../data', device=1, epochs=19, hidden_size=500, load_weights=None, log_interval=100, lr=0.1, model='redfc4', momentum=0.9, no_cuda=False, r=5, save_model=None, save_results=True, seed=1, sparsity=0.05, use_relu=False, wd=0.0005)


Total time spent pruning/training: 3.76 minutes
Total number of parameters in model: 4496420
Number of parameters in pruned model: 4271599
