Namespace(batch_size=64, bias=None, data='../data', device=1, epochs=20, hidden_size=500, load_weights=None, log_interval=100, lr=0.1, model='redfc4', momentum=0.9, no_cuda=False, r=5, save_model=None, save_results=True, seed=1, sparsity=0.9, use_relu=True, wd=0.0005) 

Pruning a Four-Layer Fully Connected Redundant Network ...
Train Epoch: 1 [6336/60000 (11%)]	Loss: 2.289122
Train Epoch: 1 [12736/60000 (21%)]	Loss: 2.147004
Train Epoch: 1 [19136/60000 (32%)]	Loss: 1.863841
Train Epoch: 1 [25536/60000 (43%)]	Loss: 1.630867
Train Epoch: 1 [31936/60000 (53%)]	Loss: 1.389572
Train Epoch: 1 [38336/60000 (64%)]	Loss: 1.312210
Train Epoch: 1 [44736/60000 (75%)]	Loss: 1.253644
Train Epoch: 1 [51136/60000 (85%)]	Loss: 1.326354
Train Epoch: 1 [57536/60000 (96%)]	Loss: 1.322239

Test set: Average loss: 1.1150, Accuracy: 6762/10000 (68%)

Train Epoch: 2 [6336/60000 (11%)]	Loss: 1.208218
Train Epoch: 2 [12736/60000 (21%)]	Loss: 1.040122
Train Epoch: 2 [19136/60000 (32%)]	Loss: 1.080041
Train Epoch: 2 [25536/60000 (43%)]	Loss: 0.819961
Train Epoch: 2 [31936/60000 (53%)]	Loss: 0.884833
Train Epoch: 2 [38336/60000 (64%)]	Loss: 1.011854
Train Epoch: 2 [44736/60000 (75%)]	Loss: 1.089379
Train Epoch: 2 [51136/60000 (85%)]	Loss: 0.840953
Train Epoch: 2 [57536/60000 (96%)]	Loss: 0.911202

Test set: Average loss: 0.8948, Accuracy: 7395/10000 (74%)

Train Epoch: 3 [6336/60000 (11%)]	Loss: 1.026513
Train Epoch: 3 [12736/60000 (21%)]	Loss: 0.860749
Train Epoch: 3 [19136/60000 (32%)]	Loss: 0.702807
Train Epoch: 3 [25536/60000 (43%)]	Loss: 1.036522
Train Epoch: 3 [31936/60000 (53%)]	Loss: 0.720409
Train Epoch: 3 [38336/60000 (64%)]	Loss: 0.895642
Train Epoch: 3 [44736/60000 (75%)]	Loss: 0.836196
Train Epoch: 3 [51136/60000 (85%)]	Loss: 0.770591
Train Epoch: 3 [57536/60000 (96%)]	Loss: 0.768031

Test set: Average loss: 0.8497, Accuracy: 7599/10000 (76%)

Train Epoch: 4 [6336/60000 (11%)]	Loss: 0.964219
Train Epoch: 4 [12736/60000 (21%)]	Loss: 0.961365
Train Epoch: 4 [19136/60000 (32%)]	Loss: 0.828307
Train Epoch: 4 [25536/60000 (43%)]	Loss: 0.961684
Train Epoch: 4 [31936/60000 (53%)]	Loss: 0.921747
Train Epoch: 4 [38336/60000 (64%)]	Loss: 0.876622
Train Epoch: 4 [44736/60000 (75%)]	Loss: 0.941701
Train Epoch: 4 [51136/60000 (85%)]	Loss: 0.937016
Train Epoch: 4 [57536/60000 (96%)]	Loss: 0.656703

Test set: Average loss: 0.8213, Accuracy: 7698/10000 (77%)

Train Epoch: 5 [6336/60000 (11%)]	Loss: 1.095617
Train Epoch: 5 [12736/60000 (21%)]	Loss: 0.863307
Train Epoch: 5 [19136/60000 (32%)]	Loss: 0.781553
Train Epoch: 5 [25536/60000 (43%)]	Loss: 0.775949
Train Epoch: 5 [31936/60000 (53%)]	Loss: 1.009434
Train Epoch: 5 [38336/60000 (64%)]	Loss: 1.034627
Train Epoch: 5 [44736/60000 (75%)]	Loss: 0.790861
Train Epoch: 5 [51136/60000 (85%)]	Loss: 0.848212
Train Epoch: 5 [57536/60000 (96%)]	Loss: 0.957470

Test set: Average loss: 0.9738, Accuracy: 7004/10000 (70%)

Train Epoch: 6 [6336/60000 (11%)]	Loss: 0.968866
Train Epoch: 6 [12736/60000 (21%)]	Loss: 0.940805
Train Epoch: 6 [19136/60000 (32%)]	Loss: 1.005882
Train Epoch: 6 [25536/60000 (43%)]	Loss: 0.959610
Train Epoch: 6 [31936/60000 (53%)]	Loss: 1.021073
Train Epoch: 6 [38336/60000 (64%)]	Loss: 0.913770
Train Epoch: 6 [44736/60000 (75%)]	Loss: 0.862681
Train Epoch: 6 [51136/60000 (85%)]	Loss: 0.795154
Train Epoch: 6 [57536/60000 (96%)]	Loss: 0.789962

Test set: Average loss: 0.8992, Accuracy: 7517/10000 (75%)

Train Epoch: 7 [6336/60000 (11%)]	Loss: 0.968494
Train Epoch: 7 [12736/60000 (21%)]	Loss: 0.744004
Train Epoch: 7 [19136/60000 (32%)]	Loss: 0.996643
Train Epoch: 7 [25536/60000 (43%)]	Loss: 1.026515
Train Epoch: 7 [31936/60000 (53%)]	Loss: 0.847499
Train Epoch: 7 [38336/60000 (64%)]	Loss: 1.094435
Train Epoch: 7 [44736/60000 (75%)]	Loss: 0.891978
Train Epoch: 7 [51136/60000 (85%)]	Loss: 0.956637
Train Epoch: 7 [57536/60000 (96%)]	Loss: 1.089146

Test set: Average loss: 0.9521, Accuracy: 7136/10000 (71%)

Train Epoch: 8 [6336/60000 (11%)]	Loss: 0.969082
Train Epoch: 8 [12736/60000 (21%)]	Loss: 0.933405
Train Epoch: 8 [19136/60000 (32%)]	Loss: 0.949862
Train Epoch: 8 [25536/60000 (43%)]	Loss: 0.849035
Train Epoch: 8 [31936/60000 (53%)]	Loss: 1.105530
Train Epoch: 8 [38336/60000 (64%)]	Loss: 0.999875
Train Epoch: 8 [44736/60000 (75%)]	Loss: 0.934035
Train Epoch: 8 [51136/60000 (85%)]	Loss: 1.009587
Train Epoch: 8 [57536/60000 (96%)]	Loss: 0.899349

Test set: Average loss: 1.0295, Accuracy: 6936/10000 (69%)

Train Epoch: 9 [6336/60000 (11%)]	Loss: 0.935153
Train Epoch: 9 [12736/60000 (21%)]	Loss: 1.009300
Train Epoch: 9 [19136/60000 (32%)]	Loss: 1.088739
Train Epoch: 9 [25536/60000 (43%)]	Loss: 1.155431
Train Epoch: 9 [31936/60000 (53%)]	Loss: 0.889040
Train Epoch: 9 [38336/60000 (64%)]	Loss: 0.884400
Train Epoch: 9 [44736/60000 (75%)]	Loss: 1.093316
Train Epoch: 9 [51136/60000 (85%)]	Loss: 1.005821
Train Epoch: 9 [57536/60000 (96%)]	Loss: 0.953614

Test set: Average loss: 1.0407, Accuracy: 7205/10000 (72%)

Train Epoch: 10 [6336/60000 (11%)]	Loss: 1.029584
Train Epoch: 10 [12736/60000 (21%)]	Loss: 0.946361
Train Epoch: 10 [19136/60000 (32%)]	Loss: 0.983533
Train Epoch: 10 [25536/60000 (43%)]	Loss: 1.156469
Train Epoch: 10 [31936/60000 (53%)]	Loss: 1.017116
Train Epoch: 10 [38336/60000 (64%)]	Loss: 1.200402
Train Epoch: 10 [44736/60000 (75%)]	Loss: 1.062909
Train Epoch: 10 [51136/60000 (85%)]	Loss: 1.078492
Train Epoch: 10 [57536/60000 (96%)]	Loss: 0.937958

Test set: Average loss: 0.9993, Accuracy: 7420/10000 (74%)

Train Epoch: 11 [6336/60000 (11%)]	Loss: 1.102672
Train Epoch: 11 [12736/60000 (21%)]	Loss: 0.971508
Train Epoch: 11 [19136/60000 (32%)]	Loss: 0.840422
Train Epoch: 11 [25536/60000 (43%)]	Loss: 1.182505
Train Epoch: 11 [31936/60000 (53%)]	Loss: 1.210979
Train Epoch: 11 [38336/60000 (64%)]	Loss: 0.973469
Train Epoch: 11 [44736/60000 (75%)]	Loss: 0.955184
Train Epoch: 11 [51136/60000 (85%)]	Loss: 1.111212
Train Epoch: 11 [57536/60000 (96%)]	Loss: 1.119843

Test set: Average loss: 1.1047, Accuracy: 6884/10000 (69%)

Train Epoch: 12 [6336/60000 (11%)]	Loss: 1.129279
Train Epoch: 12 [12736/60000 (21%)]	Loss: 1.071626
Train Epoch: 12 [19136/60000 (32%)]	Loss: 0.976093
Train Epoch: 12 [25536/60000 (43%)]	Loss: 0.835613
Train Epoch: 12 [31936/60000 (53%)]	Loss: 0.961913
Train Epoch: 12 [38336/60000 (64%)]	Loss: 0.877970
Train Epoch: 12 [44736/60000 (75%)]	Loss: 1.138582
Train Epoch: 12 [51136/60000 (85%)]	Loss: 0.968945
Train Epoch: 12 [57536/60000 (96%)]	Loss: 1.210907

Test set: Average loss: 1.0649, Accuracy: 7224/10000 (72%)

Train Epoch: 13 [6336/60000 (11%)]	Loss: 1.038401
Train Epoch: 13 [12736/60000 (21%)]	Loss: 1.074726
Train Epoch: 13 [19136/60000 (32%)]	Loss: 1.099899
Train Epoch: 13 [25536/60000 (43%)]	Loss: 1.035810
Train Epoch: 13 [31936/60000 (53%)]	Loss: 1.071549
Train Epoch: 13 [38336/60000 (64%)]	Loss: 0.982974
Train Epoch: 13 [44736/60000 (75%)]	Loss: 0.908885
Train Epoch: 13 [51136/60000 (85%)]	Loss: 0.974903
Train Epoch: 13 [57536/60000 (96%)]	Loss: 1.252098

Test set: Average loss: 1.0917, Accuracy: 6342/10000 (63%)

Train Epoch: 14 [6336/60000 (11%)]	Loss: 1.165555
Train Epoch: 14 [12736/60000 (21%)]	Loss: 1.067895
Train Epoch: 14 [19136/60000 (32%)]	Loss: 1.045920
Train Epoch: 14 [25536/60000 (43%)]	Loss: 0.935038
Train Epoch: 14 [31936/60000 (53%)]	Loss: 1.239726
Train Epoch: 14 [38336/60000 (64%)]	Loss: 1.065822
Train Epoch: 14 [44736/60000 (75%)]	Loss: 1.048152
Train Epoch: 14 [51136/60000 (85%)]	Loss: 0.969384
Train Epoch: 14 [57536/60000 (96%)]	Loss: 1.243727

Test set: Average loss: 0.9678, Accuracy: 7458/10000 (75%)

Train Epoch: 15 [6336/60000 (11%)]	Loss: 1.190053
Train Epoch: 15 [12736/60000 (21%)]	Loss: 0.935720
Train Epoch: 15 [19136/60000 (32%)]	Loss: 1.157037
Train Epoch: 15 [25536/60000 (43%)]	Loss: 1.000787
Train Epoch: 15 [31936/60000 (53%)]	Loss: 0.998605
Train Epoch: 15 [38336/60000 (64%)]	Loss: 1.078620
Train Epoch: 15 [44736/60000 (75%)]	Loss: 1.051848
Train Epoch: 15 [51136/60000 (85%)]	Loss: 0.923976
Train Epoch: 15 [57536/60000 (96%)]	Loss: 1.056605

Test set: Average loss: 1.0357, Accuracy: 6668/10000 (67%)

Train Epoch: 16 [6336/60000 (11%)]	Loss: 0.869602
Train Epoch: 16 [12736/60000 (21%)]	Loss: 0.918520
Train Epoch: 16 [19136/60000 (32%)]	Loss: 0.969063
Train Epoch: 16 [25536/60000 (43%)]	Loss: 0.911978
Train Epoch: 16 [31936/60000 (53%)]	Loss: 0.973735
Train Epoch: 16 [38336/60000 (64%)]	Loss: 0.952314
Train Epoch: 16 [44736/60000 (75%)]	Loss: 0.921695
Train Epoch: 16 [51136/60000 (85%)]	Loss: 0.907607
Train Epoch: 16 [57536/60000 (96%)]	Loss: 0.978974

Test set: Average loss: 0.9112, Accuracy: 7720/10000 (77%)

Train Epoch: 17 [6336/60000 (11%)]	Loss: 0.956504
Train Epoch: 17 [12736/60000 (21%)]	Loss: 0.898816
Train Epoch: 17 [19136/60000 (32%)]	Loss: 0.815222
Train Epoch: 17 [25536/60000 (43%)]	Loss: 0.911478
Train Epoch: 17 [31936/60000 (53%)]	Loss: 0.781494
Train Epoch: 17 [38336/60000 (64%)]	Loss: 0.851522
Train Epoch: 17 [44736/60000 (75%)]	Loss: 0.911644
Train Epoch: 17 [51136/60000 (85%)]	Loss: 0.900500
Train Epoch: 17 [57536/60000 (96%)]	Loss: 0.914553

Test set: Average loss: 0.8490, Accuracy: 7465/10000 (75%)

Train Epoch: 18 [6336/60000 (11%)]	Loss: 0.822266
Train Epoch: 18 [12736/60000 (21%)]	Loss: 0.839498
Train Epoch: 18 [19136/60000 (32%)]	Loss: 0.779609
Train Epoch: 18 [25536/60000 (43%)]	Loss: 0.895353
Train Epoch: 18 [31936/60000 (53%)]	Loss: 0.712382
Train Epoch: 18 [38336/60000 (64%)]	Loss: 0.746206
Train Epoch: 18 [44736/60000 (75%)]	Loss: 0.781167
Train Epoch: 18 [51136/60000 (85%)]	Loss: 0.832867
Train Epoch: 18 [57536/60000 (96%)]	Loss: 0.682557

Test set: Average loss: 0.8020, Accuracy: 7781/10000 (78%)

Train Epoch: 19 [6336/60000 (11%)]	Loss: 0.811494
Train Epoch: 19 [12736/60000 (21%)]	Loss: 0.645313
Train Epoch: 19 [19136/60000 (32%)]	Loss: 0.813393
Train Epoch: 19 [25536/60000 (43%)]	Loss: 0.775257
Train Epoch: 19 [31936/60000 (53%)]	Loss: 0.671930
Train Epoch: 19 [38336/60000 (64%)]	Loss: 0.601205
Train Epoch: 19 [44736/60000 (75%)]	Loss: 0.756437
Train Epoch: 19 [51136/60000 (85%)]	Loss: 0.662925
Train Epoch: 19 [57536/60000 (96%)]	Loss: 0.637424

Test set: Average loss: 0.7115, Accuracy: 8071/10000 (81%)

Train Epoch: 20 [6336/60000 (11%)]	Loss: 0.713034
Train Epoch: 20 [12736/60000 (21%)]	Loss: 0.574433
Train Epoch: 20 [19136/60000 (32%)]	Loss: 0.895605
Train Epoch: 20 [25536/60000 (43%)]	Loss: 0.697799
Train Epoch: 20 [31936/60000 (53%)]	Loss: 0.780673
Train Epoch: 20 [38336/60000 (64%)]	Loss: 1.047146
Train Epoch: 20 [44736/60000 (75%)]	Loss: 0.679499
Train Epoch: 20 [51136/60000 (85%)]	Loss: 0.740831
Train Epoch: 20 [57536/60000 (96%)]	Loss: 0.688341

Test set: Average loss: 0.6697, Accuracy: 8194/10000 (82%)

Namespace(batch_size=64, bias=None, data='../data', device=1, epochs=20, hidden_size=500, load_weights=None, log_interval=100, lr=0.1, model='redfc4', momentum=0.9, no_cuda=False, r=5, save_model=None, save_results=True, seed=1, sparsity=0.9, use_relu=True, wd=0.0005)


Total time spent pruning/training: 3.99 minutes
Total number of parameters in model: 4496420
Number of parameters in pruned model: 449641
