Namespace(batch_size=64, bias=None, data='../data', device=1, epochs=10, hidden_size=500, load_weights=None, log_interval=100, lr=0.1, model='redfc4', momentum=0.9, no_cuda=False, r=5, save_model=None, save_results=True, seed=1, sparsity=0.1, use_relu=False, wd=0.0005) 

Pruning a Four-Layer Fully Connected Redundant Network ...
Train Epoch: 1 [6336/60000 (11%)]	Loss: 2.223536
Train Epoch: 1 [12736/60000 (21%)]	Loss: 1.354595
Train Epoch: 1 [19136/60000 (32%)]	Loss: 0.591434
Train Epoch: 1 [25536/60000 (43%)]	Loss: 0.734150
Train Epoch: 1 [31936/60000 (53%)]	Loss: 0.232104
Train Epoch: 1 [38336/60000 (64%)]	Loss: 0.433798
Train Epoch: 1 [44736/60000 (75%)]	Loss: 0.372117
Train Epoch: 1 [51136/60000 (85%)]	Loss: 0.605690
Train Epoch: 1 [57536/60000 (96%)]	Loss: 0.426766

Test set: Average loss: 0.4709, Accuracy: 8678/10000 (87%)

Train Epoch: 2 [6336/60000 (11%)]	Loss: 0.478082
Train Epoch: 2 [12736/60000 (21%)]	Loss: 0.517466
Train Epoch: 2 [19136/60000 (32%)]	Loss: 0.451689
Train Epoch: 2 [25536/60000 (43%)]	Loss: 0.394737
Train Epoch: 2 [31936/60000 (53%)]	Loss: 0.330641
Train Epoch: 2 [38336/60000 (64%)]	Loss: 0.745445
Train Epoch: 2 [44736/60000 (75%)]	Loss: 0.397244
Train Epoch: 2 [51136/60000 (85%)]	Loss: 0.698368
Train Epoch: 2 [57536/60000 (96%)]	Loss: 0.441826

Test set: Average loss: 0.4774, Accuracy: 8603/10000 (86%)

Train Epoch: 3 [6336/60000 (11%)]	Loss: 0.447391
Train Epoch: 3 [12736/60000 (21%)]	Loss: 0.187753
Train Epoch: 3 [19136/60000 (32%)]	Loss: 0.147878
Train Epoch: 3 [25536/60000 (43%)]	Loss: 0.610678
Train Epoch: 3 [31936/60000 (53%)]	Loss: 0.452493
Train Epoch: 3 [38336/60000 (64%)]	Loss: 0.462373
Train Epoch: 3 [44736/60000 (75%)]	Loss: 0.665511
Train Epoch: 3 [51136/60000 (85%)]	Loss: 0.285713
Train Epoch: 3 [57536/60000 (96%)]	Loss: 0.347390

Test set: Average loss: 0.7378, Accuracy: 7963/10000 (80%)

Train Epoch: 4 [6336/60000 (11%)]	Loss: 0.443380
Train Epoch: 4 [12736/60000 (21%)]	Loss: 0.650542
Train Epoch: 4 [19136/60000 (32%)]	Loss: 0.589713
Train Epoch: 4 [25536/60000 (43%)]	Loss: 0.938411
Train Epoch: 4 [31936/60000 (53%)]	Loss: 0.407512
Train Epoch: 4 [38336/60000 (64%)]	Loss: 0.591926
Train Epoch: 4 [44736/60000 (75%)]	Loss: 0.526041
Train Epoch: 4 [51136/60000 (85%)]	Loss: 0.783459
Train Epoch: 4 [57536/60000 (96%)]	Loss: 0.744417

Test set: Average loss: 0.6500, Accuracy: 8264/10000 (83%)

Train Epoch: 5 [6336/60000 (11%)]	Loss: 0.694527
Train Epoch: 5 [12736/60000 (21%)]	Loss: 0.741776
Train Epoch: 5 [19136/60000 (32%)]	Loss: 0.668083
Train Epoch: 5 [25536/60000 (43%)]	Loss: 0.709729
Train Epoch: 5 [31936/60000 (53%)]	Loss: 0.817872
Train Epoch: 5 [38336/60000 (64%)]	Loss: 0.862922
Train Epoch: 5 [44736/60000 (75%)]	Loss: 0.650192
Train Epoch: 5 [51136/60000 (85%)]	Loss: 0.626902
Train Epoch: 5 [57536/60000 (96%)]	Loss: 1.509596

Test set: Average loss: 0.9877, Accuracy: 7664/10000 (77%)

Train Epoch: 6 [6336/60000 (11%)]	Loss: 0.956150
Train Epoch: 6 [12736/60000 (21%)]	Loss: 0.707106
Train Epoch: 6 [19136/60000 (32%)]	Loss: 1.178551
Train Epoch: 6 [25536/60000 (43%)]	Loss: 0.551551
Train Epoch: 6 [31936/60000 (53%)]	Loss: 1.491056
Train Epoch: 6 [38336/60000 (64%)]	Loss: 0.446917
Train Epoch: 6 [44736/60000 (75%)]	Loss: 0.906107
Train Epoch: 6 [51136/60000 (85%)]	Loss: 0.924905
Train Epoch: 6 [57536/60000 (96%)]	Loss: 0.990745

Test set: Average loss: 1.6217, Accuracy: 7365/10000 (74%)

Train Epoch: 7 [6336/60000 (11%)]	Loss: 0.963148
Train Epoch: 7 [12736/60000 (21%)]	Loss: 1.060039
Train Epoch: 7 [19136/60000 (32%)]	Loss: 1.239570
Train Epoch: 7 [25536/60000 (43%)]	Loss: 1.261737
Train Epoch: 7 [31936/60000 (53%)]	Loss: 1.241311
Train Epoch: 7 [38336/60000 (64%)]	Loss: 1.081349
Train Epoch: 7 [44736/60000 (75%)]	Loss: 0.749404
Train Epoch: 7 [51136/60000 (85%)]	Loss: 2.293229
Train Epoch: 7 [57536/60000 (96%)]	Loss: 2.777804

Test set: Average loss: 3.0981, Accuracy: 6827/10000 (68%)

Train Epoch: 8 [6336/60000 (11%)]	Loss: 0.831894
Train Epoch: 8 [12736/60000 (21%)]	Loss: 0.817866
Train Epoch: 8 [19136/60000 (32%)]	Loss: 1.112540
Train Epoch: 8 [25536/60000 (43%)]	Loss: 0.787339
Train Epoch: 8 [31936/60000 (53%)]	Loss: 1.234251
Train Epoch: 8 [38336/60000 (64%)]	Loss: 2.809812
Train Epoch: 8 [44736/60000 (75%)]	Loss: 1.632973
Train Epoch: 8 [51136/60000 (85%)]	Loss: 1.248871
Train Epoch: 8 [57536/60000 (96%)]	Loss: 1.420942

Test set: Average loss: 1.7325, Accuracy: 7436/10000 (74%)

Train Epoch: 9 [6336/60000 (11%)]	Loss: 0.745786
Train Epoch: 9 [12736/60000 (21%)]	Loss: 0.838077
Train Epoch: 9 [19136/60000 (32%)]	Loss: 1.035350
Train Epoch: 9 [25536/60000 (43%)]	Loss: 0.618454
Train Epoch: 9 [31936/60000 (53%)]	Loss: 0.503135
Train Epoch: 9 [38336/60000 (64%)]	Loss: 0.652393
Train Epoch: 9 [44736/60000 (75%)]	Loss: 0.766833
Train Epoch: 9 [51136/60000 (85%)]	Loss: 0.563550
Train Epoch: 9 [57536/60000 (96%)]	Loss: 0.726332

Test set: Average loss: 0.4862, Accuracy: 8669/10000 (87%)

Train Epoch: 10 [6336/60000 (11%)]	Loss: 0.299961
Train Epoch: 10 [12736/60000 (21%)]	Loss: 0.177967
Train Epoch: 10 [19136/60000 (32%)]	Loss: 0.095960
Train Epoch: 10 [25536/60000 (43%)]	Loss: 0.388707
Train Epoch: 10 [31936/60000 (53%)]	Loss: 0.306257
Train Epoch: 10 [38336/60000 (64%)]	Loss: 0.173336
Train Epoch: 10 [44736/60000 (75%)]	Loss: 0.411832
Train Epoch: 10 [51136/60000 (85%)]	Loss: 0.302407
Train Epoch: 10 [57536/60000 (96%)]	Loss: 0.331345

Test set: Average loss: 0.2510, Accuracy: 9253/10000 (93%)

Namespace(batch_size=64, bias=None, data='../data', device=1, epochs=10, hidden_size=500, load_weights=None, log_interval=100, lr=0.1, model='redfc4', momentum=0.9, no_cuda=False, r=5, save_model=None, save_results=True, seed=1, sparsity=0.1, use_relu=False, wd=0.0005)


Total time spent pruning/training: 2.00 minutes
Total number of parameters in model: 4496420
Number of parameters in pruned model: 4046778
