Namespace(batch_size=64, bias=None, data='../data', device=1, epochs=17, hidden_size=500, load_weights=None, log_interval=100, lr=0.1, model='redfc4', momentum=0.9, no_cuda=False, r=5, save_model=None, save_results=True, seed=1, sparsity=0.01, use_relu=False, wd=0.0005) 

Pruning a Four-Layer Fully Connected Redundant Network ...
Train Epoch: 1 [6336/60000 (11%)]	Loss: 31.911699
Train Epoch: 1 [12736/60000 (21%)]	Loss: 61.911823
Train Epoch: 1 [19136/60000 (32%)]	Loss: 91.175339
Train Epoch: 1 [25536/60000 (43%)]	Loss: 93.368652
Train Epoch: 1 [31936/60000 (53%)]	Loss: 97.209946
Train Epoch: 1 [38336/60000 (64%)]	Loss: 109.680611
Train Epoch: 1 [44736/60000 (75%)]	Loss: 124.418159
Train Epoch: 1 [51136/60000 (85%)]	Loss: 113.008614
Train Epoch: 1 [57536/60000 (96%)]	Loss: 135.440491

Test set: Average loss: 126.7376, Accuracy: 1154/10000 (12%)

Train Epoch: 2 [6336/60000 (11%)]	Loss: 117.644882
Train Epoch: 2 [12736/60000 (21%)]	Loss: 130.541077
Train Epoch: 2 [19136/60000 (32%)]	Loss: 128.858078
Train Epoch: 2 [25536/60000 (43%)]	Loss: 137.746155
Train Epoch: 2 [31936/60000 (53%)]	Loss: 125.547989
Train Epoch: 2 [38336/60000 (64%)]	Loss: 145.486694
Train Epoch: 2 [44736/60000 (75%)]	Loss: 136.014709
Train Epoch: 2 [51136/60000 (85%)]	Loss: 153.375549
Train Epoch: 2 [57536/60000 (96%)]	Loss: 157.536301

Test set: Average loss: 144.7430, Accuracy: 1136/10000 (11%)

Train Epoch: 3 [6336/60000 (11%)]	Loss: 124.719154
Train Epoch: 3 [12736/60000 (21%)]	Loss: 151.317001
Train Epoch: 3 [19136/60000 (32%)]	Loss: 157.033524
Train Epoch: 3 [25536/60000 (43%)]	Loss: 166.928497
Train Epoch: 3 [31936/60000 (53%)]	Loss: 141.851730
Train Epoch: 3 [38336/60000 (64%)]	Loss: 143.876343
Train Epoch: 3 [44736/60000 (75%)]	Loss: 141.187714
Train Epoch: 3 [51136/60000 (85%)]	Loss: 142.886841
Train Epoch: 3 [57536/60000 (96%)]	Loss: 146.100357

Test set: Average loss: 149.4496, Accuracy: 1099/10000 (11%)

Train Epoch: 4 [6336/60000 (11%)]	Loss: 134.485840
Train Epoch: 4 [12736/60000 (21%)]	Loss: 186.161057
Train Epoch: 4 [19136/60000 (32%)]	Loss: 151.676270
Train Epoch: 4 [25536/60000 (43%)]	Loss: 158.236618
Train Epoch: 4 [31936/60000 (53%)]	Loss: 155.808533
Train Epoch: 4 [38336/60000 (64%)]	Loss: 165.415894
Train Epoch: 4 [44736/60000 (75%)]	Loss: 139.310715
Train Epoch: 4 [51136/60000 (85%)]	Loss: 154.456375
Train Epoch: 4 [57536/60000 (96%)]	Loss: 115.415367

Test set: Average loss: 150.6808, Accuracy: 1065/10000 (11%)

Train Epoch: 5 [6336/60000 (11%)]	Loss: 160.232574
Train Epoch: 5 [12736/60000 (21%)]	Loss: 153.435150
Train Epoch: 5 [19136/60000 (32%)]	Loss: 144.474884
Train Epoch: 5 [25536/60000 (43%)]	Loss: 150.632324
Train Epoch: 5 [31936/60000 (53%)]	Loss: 163.174911
Train Epoch: 5 [38336/60000 (64%)]	Loss: 143.150345
Train Epoch: 5 [44736/60000 (75%)]	Loss: 165.483856
Train Epoch: 5 [51136/60000 (85%)]	Loss: 146.609329
Train Epoch: 5 [57536/60000 (96%)]	Loss: 168.699799

Test set: Average loss: 155.2753, Accuracy: 1096/10000 (11%)

Train Epoch: 6 [6336/60000 (11%)]	Loss: 141.863785
Train Epoch: 6 [12736/60000 (21%)]	Loss: 127.991287
Train Epoch: 6 [19136/60000 (32%)]	Loss: 171.474854
Train Epoch: 6 [25536/60000 (43%)]	Loss: 156.493515
Train Epoch: 6 [31936/60000 (53%)]	Loss: 179.259552
Train Epoch: 6 [38336/60000 (64%)]	Loss: 159.092438
Train Epoch: 6 [44736/60000 (75%)]	Loss: 155.700821
Train Epoch: 6 [51136/60000 (85%)]	Loss: 168.071320
Train Epoch: 6 [57536/60000 (96%)]	Loss: 166.798187

Test set: Average loss: 158.1659, Accuracy: 1098/10000 (11%)

Train Epoch: 7 [6336/60000 (11%)]	Loss: 157.356537
Train Epoch: 7 [12736/60000 (21%)]	Loss: 165.609390
Train Epoch: 7 [19136/60000 (32%)]	Loss: 166.294510
Train Epoch: 7 [25536/60000 (43%)]	Loss: 145.738831
Train Epoch: 7 [31936/60000 (53%)]	Loss: 169.382690
Train Epoch: 7 [38336/60000 (64%)]	Loss: 165.393372
Train Epoch: 7 [44736/60000 (75%)]	Loss: 151.570236
Train Epoch: 7 [51136/60000 (85%)]	Loss: 149.032700
Train Epoch: 7 [57536/60000 (96%)]	Loss: 175.294098

Test set: Average loss: 155.8302, Accuracy: 1070/10000 (11%)

Train Epoch: 8 [6336/60000 (11%)]	Loss: 150.629837
Train Epoch: 8 [12736/60000 (21%)]	Loss: 140.669540
Train Epoch: 8 [19136/60000 (32%)]	Loss: 165.439423
Train Epoch: 8 [25536/60000 (43%)]	Loss: 157.879181
Train Epoch: 8 [31936/60000 (53%)]	Loss: 146.994400
Train Epoch: 8 [38336/60000 (64%)]	Loss: 149.247894
Train Epoch: 8 [44736/60000 (75%)]	Loss: 153.863358
Train Epoch: 8 [51136/60000 (85%)]	Loss: 147.588699
Train Epoch: 8 [57536/60000 (96%)]	Loss: 148.649231

Test set: Average loss: 161.0605, Accuracy: 1069/10000 (11%)

Train Epoch: 9 [6336/60000 (11%)]	Loss: 155.983475
Train Epoch: 9 [12736/60000 (21%)]	Loss: 158.497360
Train Epoch: 9 [19136/60000 (32%)]	Loss: 163.002686
Train Epoch: 9 [25536/60000 (43%)]	Loss: 151.299713
Train Epoch: 9 [31936/60000 (53%)]	Loss: 166.285431
Train Epoch: 9 [38336/60000 (64%)]	Loss: 157.871841
Train Epoch: 9 [44736/60000 (75%)]	Loss: 161.805389
Train Epoch: 9 [51136/60000 (85%)]	Loss: 165.510544
Train Epoch: 9 [57536/60000 (96%)]	Loss: 177.176041

Test set: Average loss: 158.8292, Accuracy: 1078/10000 (11%)

Train Epoch: 10 [6336/60000 (11%)]	Loss: 165.265976
Train Epoch: 10 [12736/60000 (21%)]	Loss: 153.696350
Train Epoch: 10 [19136/60000 (32%)]	Loss: 162.410446
Train Epoch: 10 [25536/60000 (43%)]	Loss: 172.387100
Train Epoch: 10 [31936/60000 (53%)]	Loss: 204.982422
Train Epoch: 10 [38336/60000 (64%)]	Loss: 157.259567
Train Epoch: 10 [44736/60000 (75%)]	Loss: 165.580978
Train Epoch: 10 [51136/60000 (85%)]	Loss: 184.110016
Train Epoch: 10 [57536/60000 (96%)]	Loss: 158.908264

Test set: Average loss: 159.7019, Accuracy: 1073/10000 (11%)

Train Epoch: 11 [6336/60000 (11%)]	Loss: 145.385742
Train Epoch: 11 [12736/60000 (21%)]	Loss: 163.555801
Train Epoch: 11 [19136/60000 (32%)]	Loss: 177.572128
Train Epoch: 11 [25536/60000 (43%)]	Loss: 133.189575
Train Epoch: 11 [31936/60000 (53%)]	Loss: 165.766129
Train Epoch: 11 [38336/60000 (64%)]	Loss: 150.357162
Train Epoch: 11 [44736/60000 (75%)]	Loss: 160.814301
Train Epoch: 11 [51136/60000 (85%)]	Loss: 166.678131
Train Epoch: 11 [57536/60000 (96%)]	Loss: 169.679901

Test set: Average loss: 153.2121, Accuracy: 1072/10000 (11%)

Train Epoch: 12 [6336/60000 (11%)]	Loss: 147.441696
Train Epoch: 12 [12736/60000 (21%)]	Loss: 164.640518
Train Epoch: 12 [19136/60000 (32%)]	Loss: 181.617172
Train Epoch: 12 [25536/60000 (43%)]	Loss: 171.218887
Train Epoch: 12 [31936/60000 (53%)]	Loss: 157.160995
Train Epoch: 12 [38336/60000 (64%)]	Loss: 161.605225
Train Epoch: 12 [44736/60000 (75%)]	Loss: 155.301071
Train Epoch: 12 [51136/60000 (85%)]	Loss: 172.750488
Train Epoch: 12 [57536/60000 (96%)]	Loss: 151.007828

Test set: Average loss: 155.9630, Accuracy: 1090/10000 (11%)

Train Epoch: 13 [6336/60000 (11%)]	Loss: 167.750320
Train Epoch: 13 [12736/60000 (21%)]	Loss: 146.852921
Train Epoch: 13 [19136/60000 (32%)]	Loss: 192.009125
Train Epoch: 13 [25536/60000 (43%)]	Loss: 165.415421
Train Epoch: 13 [31936/60000 (53%)]	Loss: 165.392395
Train Epoch: 13 [38336/60000 (64%)]	Loss: 158.121979
Train Epoch: 13 [44736/60000 (75%)]	Loss: 162.811264
Train Epoch: 13 [51136/60000 (85%)]	Loss: 145.432068
Train Epoch: 13 [57536/60000 (96%)]	Loss: 156.056931

Test set: Average loss: 163.9319, Accuracy: 1106/10000 (11%)

Train Epoch: 14 [6336/60000 (11%)]	Loss: 191.638535
Train Epoch: 14 [12736/60000 (21%)]	Loss: 132.042313
Train Epoch: 14 [19136/60000 (32%)]	Loss: 180.393570
Train Epoch: 14 [25536/60000 (43%)]	Loss: 153.827164
Train Epoch: 14 [31936/60000 (53%)]	Loss: 170.658325
Train Epoch: 14 [38336/60000 (64%)]	Loss: 144.962891
Train Epoch: 14 [44736/60000 (75%)]	Loss: 162.763855
Train Epoch: 14 [51136/60000 (85%)]	Loss: 170.122635
Train Epoch: 14 [57536/60000 (96%)]	Loss: 146.567642

Test set: Average loss: 161.5843, Accuracy: 1096/10000 (11%)

Train Epoch: 15 [6336/60000 (11%)]	Loss: 163.001129
Train Epoch: 15 [12736/60000 (21%)]	Loss: 158.249878
Train Epoch: 15 [19136/60000 (32%)]	Loss: 177.339203
Train Epoch: 15 [25536/60000 (43%)]	Loss: 169.608932
Train Epoch: 15 [31936/60000 (53%)]	Loss: 204.198425
Train Epoch: 15 [38336/60000 (64%)]	Loss: 167.581360
Train Epoch: 15 [44736/60000 (75%)]	Loss: 190.912277
Train Epoch: 15 [51136/60000 (85%)]	Loss: 152.663269
Train Epoch: 15 [57536/60000 (96%)]	Loss: 129.087143

Test set: Average loss: 155.7171, Accuracy: 1104/10000 (11%)

Train Epoch: 16 [6336/60000 (11%)]	Loss: 162.896362
Train Epoch: 16 [12736/60000 (21%)]	Loss: 168.682922
Train Epoch: 16 [19136/60000 (32%)]	Loss: 178.061417
Train Epoch: 16 [25536/60000 (43%)]	Loss: 165.733444
Train Epoch: 16 [31936/60000 (53%)]	Loss: 162.966263
Train Epoch: 16 [38336/60000 (64%)]	Loss: 152.067856
Train Epoch: 16 [44736/60000 (75%)]	Loss: 144.857971
Train Epoch: 16 [51136/60000 (85%)]	Loss: 160.801483
Train Epoch: 16 [57536/60000 (96%)]	Loss: 150.378586

Test set: Average loss: 156.3975, Accuracy: 1084/10000 (11%)

Train Epoch: 17 [6336/60000 (11%)]	Loss: 185.923325
Train Epoch: 17 [12736/60000 (21%)]	Loss: 158.048187
Train Epoch: 17 [19136/60000 (32%)]	Loss: 168.672180
Train Epoch: 17 [25536/60000 (43%)]	Loss: 153.329391
Train Epoch: 17 [31936/60000 (53%)]	Loss: 174.516602
Train Epoch: 17 [38336/60000 (64%)]	Loss: 179.880234
Train Epoch: 17 [44736/60000 (75%)]	Loss: 157.197525
Train Epoch: 17 [51136/60000 (85%)]	Loss: 155.088730
Train Epoch: 17 [57536/60000 (96%)]	Loss: 198.908646

Test set: Average loss: 162.1446, Accuracy: 1089/10000 (11%)

Namespace(batch_size=64, bias=None, data='../data', device=1, epochs=17, hidden_size=500, load_weights=None, log_interval=100, lr=0.1, model='redfc4', momentum=0.9, no_cuda=False, r=5, save_model=None, save_results=True, seed=1, sparsity=0.01, use_relu=False, wd=0.0005)


Total time spent pruning/training: 3.37 minutes
Total number of parameters in model: 4496420
Number of parameters in pruned model: 4451455
