Namespace(batch_size=64, bias=None, data='../data', device=1, epochs=19, hidden_size=500, load_weights=None, log_interval=100, lr=0.1, model='redfc4', momentum=0.9, no_cuda=False, r=5, save_model=None, save_results=True, seed=1, sparsity=0.5, use_relu=True, wd=0.0005) 

Pruning a Four-Layer Fully Connected Redundant Network ...
Train Epoch: 1 [6336/60000 (11%)]	Loss: 0.579354
Train Epoch: 1 [12736/60000 (21%)]	Loss: 0.361615
Train Epoch: 1 [19136/60000 (32%)]	Loss: 0.294225
Train Epoch: 1 [25536/60000 (43%)]	Loss: 0.529803
Train Epoch: 1 [31936/60000 (53%)]	Loss: 0.144529
Train Epoch: 1 [38336/60000 (64%)]	Loss: 0.373440
Train Epoch: 1 [44736/60000 (75%)]	Loss: 0.109743
Train Epoch: 1 [51136/60000 (85%)]	Loss: 0.421380
Train Epoch: 1 [57536/60000 (96%)]	Loss: 0.254875

Test set: Average loss: 0.2252, Accuracy: 9266/10000 (93%)

Train Epoch: 2 [6336/60000 (11%)]	Loss: 0.305943
Train Epoch: 2 [12736/60000 (21%)]	Loss: 0.031502
Train Epoch: 2 [19136/60000 (32%)]	Loss: 0.238698
Train Epoch: 2 [25536/60000 (43%)]	Loss: 0.134713
Train Epoch: 2 [31936/60000 (53%)]	Loss: 0.151649
Train Epoch: 2 [38336/60000 (64%)]	Loss: 0.336443
Train Epoch: 2 [44736/60000 (75%)]	Loss: 0.321416
Train Epoch: 2 [51136/60000 (85%)]	Loss: 0.198906
Train Epoch: 2 [57536/60000 (96%)]	Loss: 0.200149

Test set: Average loss: 0.1947, Accuracy: 9373/10000 (94%)

Train Epoch: 3 [6336/60000 (11%)]	Loss: 0.192661
Train Epoch: 3 [12736/60000 (21%)]	Loss: 0.130401
Train Epoch: 3 [19136/60000 (32%)]	Loss: 0.014344
Train Epoch: 3 [25536/60000 (43%)]	Loss: 0.167072
Train Epoch: 3 [31936/60000 (53%)]	Loss: 0.071190
Train Epoch: 3 [38336/60000 (64%)]	Loss: 0.128921
Train Epoch: 3 [44736/60000 (75%)]	Loss: 0.115134
Train Epoch: 3 [51136/60000 (85%)]	Loss: 0.078025
Train Epoch: 3 [57536/60000 (96%)]	Loss: 0.159830

Test set: Average loss: 0.1591, Accuracy: 9494/10000 (95%)

Train Epoch: 4 [6336/60000 (11%)]	Loss: 0.093108
Train Epoch: 4 [12736/60000 (21%)]	Loss: 0.276719
Train Epoch: 4 [19136/60000 (32%)]	Loss: 0.398434
Train Epoch: 4 [25536/60000 (43%)]	Loss: 0.221539
Train Epoch: 4 [31936/60000 (53%)]	Loss: 0.186022
Train Epoch: 4 [38336/60000 (64%)]	Loss: 0.290858
Train Epoch: 4 [44736/60000 (75%)]	Loss: 0.127819
Train Epoch: 4 [51136/60000 (85%)]	Loss: 0.068272
Train Epoch: 4 [57536/60000 (96%)]	Loss: 0.134812

Test set: Average loss: 0.1621, Accuracy: 9485/10000 (95%)

Train Epoch: 5 [6336/60000 (11%)]	Loss: 0.418245
Train Epoch: 5 [12736/60000 (21%)]	Loss: 0.079116
Train Epoch: 5 [19136/60000 (32%)]	Loss: 0.208862
Train Epoch: 5 [25536/60000 (43%)]	Loss: 0.121859
Train Epoch: 5 [31936/60000 (53%)]	Loss: 0.368187
Train Epoch: 5 [38336/60000 (64%)]	Loss: 0.182417
Train Epoch: 5 [44736/60000 (75%)]	Loss: 0.213376
Train Epoch: 5 [51136/60000 (85%)]	Loss: 0.102493
Train Epoch: 5 [57536/60000 (96%)]	Loss: 0.238888

Test set: Average loss: 0.2241, Accuracy: 9272/10000 (93%)

Train Epoch: 6 [6336/60000 (11%)]	Loss: 0.119399
Train Epoch: 6 [12736/60000 (21%)]	Loss: 0.107162
Train Epoch: 6 [19136/60000 (32%)]	Loss: 0.170030
Train Epoch: 6 [25536/60000 (43%)]	Loss: 0.202085
Train Epoch: 6 [31936/60000 (53%)]	Loss: 0.349045
Train Epoch: 6 [38336/60000 (64%)]	Loss: 0.073429
Train Epoch: 6 [44736/60000 (75%)]	Loss: 0.234065
Train Epoch: 6 [51136/60000 (85%)]	Loss: 0.278666
Train Epoch: 6 [57536/60000 (96%)]	Loss: 0.204618

Test set: Average loss: 0.1877, Accuracy: 9427/10000 (94%)

Train Epoch: 7 [6336/60000 (11%)]	Loss: 0.139665
Train Epoch: 7 [12736/60000 (21%)]	Loss: 0.105835
Train Epoch: 7 [19136/60000 (32%)]	Loss: 0.138111
Train Epoch: 7 [25536/60000 (43%)]	Loss: 0.300976
Train Epoch: 7 [31936/60000 (53%)]	Loss: 0.225804
Train Epoch: 7 [38336/60000 (64%)]	Loss: 0.252316
Train Epoch: 7 [44736/60000 (75%)]	Loss: 0.156286
Train Epoch: 7 [51136/60000 (85%)]	Loss: 0.169934
Train Epoch: 7 [57536/60000 (96%)]	Loss: 0.316440

Test set: Average loss: 0.2155, Accuracy: 9364/10000 (94%)

Train Epoch: 8 [6336/60000 (11%)]	Loss: 0.060069
Train Epoch: 8 [12736/60000 (21%)]	Loss: 0.233509
Train Epoch: 8 [19136/60000 (32%)]	Loss: 0.196905
Train Epoch: 8 [25536/60000 (43%)]	Loss: 0.183290
Train Epoch: 8 [31936/60000 (53%)]	Loss: 0.189224
Train Epoch: 8 [38336/60000 (64%)]	Loss: 0.233793
Train Epoch: 8 [44736/60000 (75%)]	Loss: 0.252619
Train Epoch: 8 [51136/60000 (85%)]	Loss: 0.224061
Train Epoch: 8 [57536/60000 (96%)]	Loss: 0.218827

Test set: Average loss: 0.2893, Accuracy: 9074/10000 (91%)

Train Epoch: 9 [6336/60000 (11%)]	Loss: 0.145290
Train Epoch: 9 [12736/60000 (21%)]	Loss: 0.322570
Train Epoch: 9 [19136/60000 (32%)]	Loss: 0.401260
Train Epoch: 9 [25536/60000 (43%)]	Loss: 0.388820
Train Epoch: 9 [31936/60000 (53%)]	Loss: 0.130753
Train Epoch: 9 [38336/60000 (64%)]	Loss: 0.213986
Train Epoch: 9 [44736/60000 (75%)]	Loss: 0.152018
Train Epoch: 9 [51136/60000 (85%)]	Loss: 0.199083
Train Epoch: 9 [57536/60000 (96%)]	Loss: 0.287415

Test set: Average loss: 0.2178, Accuracy: 9324/10000 (93%)

Train Epoch: 10 [6336/60000 (11%)]	Loss: 0.142243
Train Epoch: 10 [12736/60000 (21%)]	Loss: 0.182663
Train Epoch: 10 [19136/60000 (32%)]	Loss: 0.158661
Train Epoch: 10 [25536/60000 (43%)]	Loss: 0.371380
Train Epoch: 10 [31936/60000 (53%)]	Loss: 0.151964
Train Epoch: 10 [38336/60000 (64%)]	Loss: 0.088733
Train Epoch: 10 [44736/60000 (75%)]	Loss: 0.213555
Train Epoch: 10 [51136/60000 (85%)]	Loss: 0.321825
Train Epoch: 10 [57536/60000 (96%)]	Loss: 0.310880

Test set: Average loss: 0.1913, Accuracy: 9419/10000 (94%)

Train Epoch: 11 [6336/60000 (11%)]	Loss: 0.209011
Train Epoch: 11 [12736/60000 (21%)]	Loss: 0.092285
Train Epoch: 11 [19136/60000 (32%)]	Loss: 0.158146
Train Epoch: 11 [25536/60000 (43%)]	Loss: 0.165045
Train Epoch: 11 [31936/60000 (53%)]	Loss: 0.392188
Train Epoch: 11 [38336/60000 (64%)]	Loss: 0.107277
Train Epoch: 11 [44736/60000 (75%)]	Loss: 0.248351
Train Epoch: 11 [51136/60000 (85%)]	Loss: 0.130092
Train Epoch: 11 [57536/60000 (96%)]	Loss: 0.090242

Test set: Average loss: 0.2108, Accuracy: 9366/10000 (94%)

Train Epoch: 12 [6336/60000 (11%)]	Loss: 0.230829
Train Epoch: 12 [12736/60000 (21%)]	Loss: 0.325711
Train Epoch: 12 [19136/60000 (32%)]	Loss: 0.172218
Train Epoch: 12 [25536/60000 (43%)]	Loss: 0.118011
Train Epoch: 12 [31936/60000 (53%)]	Loss: 0.266306
Train Epoch: 12 [38336/60000 (64%)]	Loss: 0.102868
Train Epoch: 12 [44736/60000 (75%)]	Loss: 0.283361
Train Epoch: 12 [51136/60000 (85%)]	Loss: 0.058113
Train Epoch: 12 [57536/60000 (96%)]	Loss: 0.336411

Test set: Average loss: 0.2706, Accuracy: 9165/10000 (92%)

Train Epoch: 13 [6336/60000 (11%)]	Loss: 0.095122
Train Epoch: 13 [12736/60000 (21%)]	Loss: 0.352824
Train Epoch: 13 [19136/60000 (32%)]	Loss: 0.200807
Train Epoch: 13 [25536/60000 (43%)]	Loss: 0.216146
Train Epoch: 13 [31936/60000 (53%)]	Loss: 0.239495
Train Epoch: 13 [38336/60000 (64%)]	Loss: 0.224773
Train Epoch: 13 [44736/60000 (75%)]	Loss: 0.070967
Train Epoch: 13 [51136/60000 (85%)]	Loss: 0.077932
Train Epoch: 13 [57536/60000 (96%)]	Loss: 0.208687

Test set: Average loss: 0.2037, Accuracy: 9380/10000 (94%)

Train Epoch: 14 [6336/60000 (11%)]	Loss: 0.186872
Train Epoch: 14 [12736/60000 (21%)]	Loss: 0.128134
Train Epoch: 14 [19136/60000 (32%)]	Loss: 0.272958
Train Epoch: 14 [25536/60000 (43%)]	Loss: 0.168664
Train Epoch: 14 [31936/60000 (53%)]	Loss: 0.228543
Train Epoch: 14 [38336/60000 (64%)]	Loss: 0.150547
Train Epoch: 14 [44736/60000 (75%)]	Loss: 0.229551
Train Epoch: 14 [51136/60000 (85%)]	Loss: 0.088280
Train Epoch: 14 [57536/60000 (96%)]	Loss: 0.206925

Test set: Average loss: 0.1816, Accuracy: 9403/10000 (94%)

Train Epoch: 15 [6336/60000 (11%)]	Loss: 0.139159
Train Epoch: 15 [12736/60000 (21%)]	Loss: 0.088918
Train Epoch: 15 [19136/60000 (32%)]	Loss: 0.294161
Train Epoch: 15 [25536/60000 (43%)]	Loss: 0.203604
Train Epoch: 15 [31936/60000 (53%)]	Loss: 0.238433
Train Epoch: 15 [38336/60000 (64%)]	Loss: 0.345532
Train Epoch: 15 [44736/60000 (75%)]	Loss: 0.154362
Train Epoch: 15 [51136/60000 (85%)]	Loss: 0.123892
Train Epoch: 15 [57536/60000 (96%)]	Loss: 0.267160

Test set: Average loss: 0.1513, Accuracy: 9526/10000 (95%)

Train Epoch: 16 [6336/60000 (11%)]	Loss: 0.052306
Train Epoch: 16 [12736/60000 (21%)]	Loss: 0.159309
Train Epoch: 16 [19136/60000 (32%)]	Loss: 0.169322
Train Epoch: 16 [25536/60000 (43%)]	Loss: 0.183542
Train Epoch: 16 [31936/60000 (53%)]	Loss: 0.163691
Train Epoch: 16 [38336/60000 (64%)]	Loss: 0.126423
Train Epoch: 16 [44736/60000 (75%)]	Loss: 0.057499
Train Epoch: 16 [51136/60000 (85%)]	Loss: 0.085680
Train Epoch: 16 [57536/60000 (96%)]	Loss: 0.276545

Test set: Average loss: 0.1301, Accuracy: 9598/10000 (96%)

Train Epoch: 17 [6336/60000 (11%)]	Loss: 0.087511
Train Epoch: 17 [12736/60000 (21%)]	Loss: 0.087772
Train Epoch: 17 [19136/60000 (32%)]	Loss: 0.128821
Train Epoch: 17 [25536/60000 (43%)]	Loss: 0.142880
Train Epoch: 17 [31936/60000 (53%)]	Loss: 0.134941
Train Epoch: 17 [38336/60000 (64%)]	Loss: 0.028706
Train Epoch: 17 [44736/60000 (75%)]	Loss: 0.076638
Train Epoch: 17 [51136/60000 (85%)]	Loss: 0.092276
Train Epoch: 17 [57536/60000 (96%)]	Loss: 0.031994

Test set: Average loss: 0.1131, Accuracy: 9654/10000 (97%)

Train Epoch: 18 [6336/60000 (11%)]	Loss: 0.082180
Train Epoch: 18 [12736/60000 (21%)]	Loss: 0.064235
Train Epoch: 18 [19136/60000 (32%)]	Loss: 0.154821
Train Epoch: 18 [25536/60000 (43%)]	Loss: 0.134366
Train Epoch: 18 [31936/60000 (53%)]	Loss: 0.108903
Train Epoch: 18 [38336/60000 (64%)]	Loss: 0.043143
Train Epoch: 18 [44736/60000 (75%)]	Loss: 0.122863
Train Epoch: 18 [51136/60000 (85%)]	Loss: 0.105981
Train Epoch: 18 [57536/60000 (96%)]	Loss: 0.052995

Test set: Average loss: 0.1027, Accuracy: 9692/10000 (97%)

Train Epoch: 19 [6336/60000 (11%)]	Loss: 0.075999
Train Epoch: 19 [12736/60000 (21%)]	Loss: 0.069682
Train Epoch: 19 [19136/60000 (32%)]	Loss: 0.201043
Train Epoch: 19 [25536/60000 (43%)]	Loss: 0.104006
Train Epoch: 19 [31936/60000 (53%)]	Loss: 0.040704
Train Epoch: 19 [38336/60000 (64%)]	Loss: 0.071469
Train Epoch: 19 [44736/60000 (75%)]	Loss: 0.049562
Train Epoch: 19 [51136/60000 (85%)]	Loss: 0.059561
Train Epoch: 19 [57536/60000 (96%)]	Loss: 0.072208

Test set: Average loss: 0.0920, Accuracy: 9715/10000 (97%)

Namespace(batch_size=64, bias=None, data='../data', device=1, epochs=19, hidden_size=500, load_weights=None, log_interval=100, lr=0.1, model='redfc4', momentum=0.9, no_cuda=False, r=5, save_model=None, save_results=True, seed=1, sparsity=0.5, use_relu=True, wd=0.0005)


Total time spent pruning/training: 3.80 minutes
Total number of parameters in model: 4496420
Number of parameters in pruned model: 2248210
