Namespace(batch_size=64, bias=None, data='../data', device=1, epochs=2, hidden_size=500, load_weights=None, log_interval=100, lr=0.1, model='redfc4', momentum=0.9, no_cuda=False, r=5, save_model=None, save_results=True, seed=1, sparsity=0.25, use_relu=True, wd=0.0005) 

Pruning a Four-Layer Fully Connected Redundant Network ...
Train Epoch: 1 [6336/60000 (11%)]	Loss: 0.424802
Train Epoch: 1 [12736/60000 (21%)]	Loss: 0.296040
Train Epoch: 1 [19136/60000 (32%)]	Loss: 0.318156
Train Epoch: 1 [25536/60000 (43%)]	Loss: 0.457824
Train Epoch: 1 [31936/60000 (53%)]	Loss: 0.147762
Train Epoch: 1 [38336/60000 (64%)]	Loss: 0.289172
Train Epoch: 1 [44736/60000 (75%)]	Loss: 0.156736
Train Epoch: 1 [51136/60000 (85%)]	Loss: 0.517177
Train Epoch: 1 [57536/60000 (96%)]	Loss: 0.466296

Test set: Average loss: 0.2197, Accuracy: 9308/10000 (93%)

Train Epoch: 2 [6336/60000 (11%)]	Loss: 0.320606
Train Epoch: 2 [12736/60000 (21%)]	Loss: 0.072751
Train Epoch: 2 [19136/60000 (32%)]	Loss: 0.168597
Train Epoch: 2 [25536/60000 (43%)]	Loss: 0.072219
Train Epoch: 2 [31936/60000 (53%)]	Loss: 0.175394
Train Epoch: 2 [38336/60000 (64%)]	Loss: 0.280189
Train Epoch: 2 [44736/60000 (75%)]	Loss: 0.306141
Train Epoch: 2 [51136/60000 (85%)]	Loss: 0.151734
Train Epoch: 2 [57536/60000 (96%)]	Loss: 0.117229

Test set: Average loss: 0.1613, Accuracy: 9502/10000 (95%)

Namespace(batch_size=64, bias=None, data='../data', device=1, epochs=2, hidden_size=500, load_weights=None, log_interval=100, lr=0.1, model='redfc4', momentum=0.9, no_cuda=False, r=5, save_model=None, save_results=True, seed=1, sparsity=0.25, use_relu=True, wd=0.0005)


Total time spent pruning/training: 0.44 minutes
Total number of parameters in model: 4496420
Number of parameters in pruned model: 3372315
