Namespace(batch_size=64, bias=None, data='../data', device=1, epochs=16, hidden_size=500, load_weights=None, log_interval=100, lr=0.1, model='redfc4', momentum=0.9, no_cuda=False, r=5, save_model=None, save_results=True, seed=1, sparsity=0.95, use_relu=True, wd=0.0005) 

Pruning a Four-Layer Fully Connected Redundant Network ...
Train Epoch: 1 [6336/60000 (11%)]	Loss: 2.302583
Train Epoch: 1 [12736/60000 (21%)]	Loss: 2.302449
Train Epoch: 1 [19136/60000 (32%)]	Loss: 2.302224
Train Epoch: 1 [25536/60000 (43%)]	Loss: 2.302287
Train Epoch: 1 [31936/60000 (53%)]	Loss: 2.301998
Train Epoch: 1 [38336/60000 (64%)]	Loss: 2.299843
Train Epoch: 1 [44736/60000 (75%)]	Loss: 2.300602
Train Epoch: 1 [51136/60000 (85%)]	Loss: 2.295126
Train Epoch: 1 [57536/60000 (96%)]	Loss: 2.287957

Test set: Average loss: 2.2887, Accuracy: 1160/10000 (12%)

Train Epoch: 2 [6336/60000 (11%)]	Loss: 2.275890
Train Epoch: 2 [12736/60000 (21%)]	Loss: 2.284176
Train Epoch: 2 [19136/60000 (32%)]	Loss: 2.293660
Train Epoch: 2 [25536/60000 (43%)]	Loss: 2.246860
Train Epoch: 2 [31936/60000 (53%)]	Loss: 2.238434
Train Epoch: 2 [38336/60000 (64%)]	Loss: 2.257002
Train Epoch: 2 [44736/60000 (75%)]	Loss: 2.244958
Train Epoch: 2 [51136/60000 (85%)]	Loss: 2.197143
Train Epoch: 2 [57536/60000 (96%)]	Loss: 2.155044

Test set: Average loss: 2.1801, Accuracy: 1751/10000 (18%)

Train Epoch: 3 [6336/60000 (11%)]	Loss: 2.131808
Train Epoch: 3 [12736/60000 (21%)]	Loss: 2.051195
Train Epoch: 3 [19136/60000 (32%)]	Loss: 2.103242
Train Epoch: 3 [25536/60000 (43%)]	Loss: 2.048820
Train Epoch: 3 [31936/60000 (53%)]	Loss: 2.036276
Train Epoch: 3 [38336/60000 (64%)]	Loss: 2.045793
Train Epoch: 3 [44736/60000 (75%)]	Loss: 2.039112
Train Epoch: 3 [51136/60000 (85%)]	Loss: 2.021773
Train Epoch: 3 [57536/60000 (96%)]	Loss: 2.013310

Test set: Average loss: 2.0055, Accuracy: 2516/10000 (25%)

Train Epoch: 4 [6336/60000 (11%)]	Loss: 1.980161
Train Epoch: 4 [12736/60000 (21%)]	Loss: 2.032480
Train Epoch: 4 [19136/60000 (32%)]	Loss: 1.964529
Train Epoch: 4 [25536/60000 (43%)]	Loss: 1.986497
Train Epoch: 4 [31936/60000 (53%)]	Loss: 1.985618
Train Epoch: 4 [38336/60000 (64%)]	Loss: 1.926019
Train Epoch: 4 [44736/60000 (75%)]	Loss: 1.953287
Train Epoch: 4 [51136/60000 (85%)]	Loss: 1.941783
Train Epoch: 4 [57536/60000 (96%)]	Loss: 1.907657

Test set: Average loss: 1.9210, Accuracy: 3390/10000 (34%)

Train Epoch: 5 [6336/60000 (11%)]	Loss: 1.961692
Train Epoch: 5 [12736/60000 (21%)]	Loss: 1.990938
Train Epoch: 5 [19136/60000 (32%)]	Loss: 1.875203
Train Epoch: 5 [25536/60000 (43%)]	Loss: 1.883994
Train Epoch: 5 [31936/60000 (53%)]	Loss: 1.887775
Train Epoch: 5 [38336/60000 (64%)]	Loss: 1.974193
Train Epoch: 5 [44736/60000 (75%)]	Loss: 1.916638
Train Epoch: 5 [51136/60000 (85%)]	Loss: 1.910937
Train Epoch: 5 [57536/60000 (96%)]	Loss: 1.960531

Test set: Average loss: 1.9325, Accuracy: 3354/10000 (34%)

Train Epoch: 6 [6336/60000 (11%)]	Loss: 1.953673
Train Epoch: 6 [12736/60000 (21%)]	Loss: 1.889748
Train Epoch: 6 [19136/60000 (32%)]	Loss: 1.925578
Train Epoch: 6 [25536/60000 (43%)]	Loss: 1.928823
Train Epoch: 6 [31936/60000 (53%)]	Loss: 1.900385
Train Epoch: 6 [38336/60000 (64%)]	Loss: 1.928869
Train Epoch: 6 [44736/60000 (75%)]	Loss: 1.933250
Train Epoch: 6 [51136/60000 (85%)]	Loss: 1.924613
Train Epoch: 6 [57536/60000 (96%)]	Loss: 1.927370

Test set: Average loss: 1.9117, Accuracy: 3545/10000 (35%)

Train Epoch: 7 [6336/60000 (11%)]	Loss: 1.909378
Train Epoch: 7 [12736/60000 (21%)]	Loss: 1.903467
Train Epoch: 7 [19136/60000 (32%)]	Loss: 1.970935
Train Epoch: 7 [25536/60000 (43%)]	Loss: 1.896236
Train Epoch: 7 [31936/60000 (53%)]	Loss: 1.953277
Train Epoch: 7 [38336/60000 (64%)]	Loss: 1.934906
Train Epoch: 7 [44736/60000 (75%)]	Loss: 1.957536
Train Epoch: 7 [51136/60000 (85%)]	Loss: 1.955450
Train Epoch: 7 [57536/60000 (96%)]	Loss: 1.945261

Test set: Average loss: 1.9219, Accuracy: 3476/10000 (35%)

Train Epoch: 8 [6336/60000 (11%)]	Loss: 1.888031
Train Epoch: 8 [12736/60000 (21%)]	Loss: 1.964711
Train Epoch: 8 [19136/60000 (32%)]	Loss: 1.881910
Train Epoch: 8 [25536/60000 (43%)]	Loss: 1.916175
Train Epoch: 8 [31936/60000 (53%)]	Loss: 1.881505
Train Epoch: 8 [38336/60000 (64%)]	Loss: 1.894434
Train Epoch: 8 [44736/60000 (75%)]	Loss: 1.880280
Train Epoch: 8 [51136/60000 (85%)]	Loss: 1.948864
Train Epoch: 8 [57536/60000 (96%)]	Loss: 1.917477

Test set: Average loss: 1.9293, Accuracy: 3906/10000 (39%)

Train Epoch: 9 [6336/60000 (11%)]	Loss: 1.944998
Train Epoch: 9 [12736/60000 (21%)]	Loss: 1.885469
Train Epoch: 9 [19136/60000 (32%)]	Loss: 1.887046
Train Epoch: 9 [25536/60000 (43%)]	Loss: 1.945814
Train Epoch: 9 [31936/60000 (53%)]	Loss: 1.947096
Train Epoch: 9 [38336/60000 (64%)]	Loss: 1.935028
Train Epoch: 9 [44736/60000 (75%)]	Loss: 1.946968
Train Epoch: 9 [51136/60000 (85%)]	Loss: 1.879061
Train Epoch: 9 [57536/60000 (96%)]	Loss: 1.898549

Test set: Average loss: 1.9220, Accuracy: 3634/10000 (36%)

Train Epoch: 10 [6336/60000 (11%)]	Loss: 1.885487
Train Epoch: 10 [12736/60000 (21%)]	Loss: 1.901889
Train Epoch: 10 [19136/60000 (32%)]	Loss: 1.909313
Train Epoch: 10 [25536/60000 (43%)]	Loss: 1.977118
Train Epoch: 10 [31936/60000 (53%)]	Loss: 1.896636
Train Epoch: 10 [38336/60000 (64%)]	Loss: 1.920888
Train Epoch: 10 [44736/60000 (75%)]	Loss: 1.966715
Train Epoch: 10 [51136/60000 (85%)]	Loss: 1.919682
Train Epoch: 10 [57536/60000 (96%)]	Loss: 1.866107

Test set: Average loss: 1.8906, Accuracy: 3579/10000 (36%)

Train Epoch: 11 [6336/60000 (11%)]	Loss: 1.873796
Train Epoch: 11 [12736/60000 (21%)]	Loss: 1.838880
Train Epoch: 11 [19136/60000 (32%)]	Loss: 1.906157
Train Epoch: 11 [25536/60000 (43%)]	Loss: 1.987583
Train Epoch: 11 [31936/60000 (53%)]	Loss: 1.923187
Train Epoch: 11 [38336/60000 (64%)]	Loss: 1.906032
Train Epoch: 11 [44736/60000 (75%)]	Loss: 1.883269
Train Epoch: 11 [51136/60000 (85%)]	Loss: 1.867225
Train Epoch: 11 [57536/60000 (96%)]	Loss: 1.957576

Test set: Average loss: 1.8945, Accuracy: 3296/10000 (33%)

Train Epoch: 12 [6336/60000 (11%)]	Loss: 1.985234
Train Epoch: 12 [12736/60000 (21%)]	Loss: 1.896436
Train Epoch: 12 [19136/60000 (32%)]	Loss: 1.903443
Train Epoch: 12 [25536/60000 (43%)]	Loss: 1.826494
Train Epoch: 12 [31936/60000 (53%)]	Loss: 1.833136
Train Epoch: 12 [38336/60000 (64%)]	Loss: 1.894300
Train Epoch: 12 [44736/60000 (75%)]	Loss: 1.911548
Train Epoch: 12 [51136/60000 (85%)]	Loss: 1.886138
Train Epoch: 12 [57536/60000 (96%)]	Loss: 1.898174

Test set: Average loss: 1.8881, Accuracy: 4536/10000 (45%)

Train Epoch: 13 [6336/60000 (11%)]	Loss: 1.891218
Train Epoch: 13 [12736/60000 (21%)]	Loss: 1.886224
Train Epoch: 13 [19136/60000 (32%)]	Loss: 1.903017
Train Epoch: 13 [25536/60000 (43%)]	Loss: 1.850355
Train Epoch: 13 [31936/60000 (53%)]	Loss: 1.887898
Train Epoch: 13 [38336/60000 (64%)]	Loss: 1.840380
Train Epoch: 13 [44736/60000 (75%)]	Loss: 1.867281
Train Epoch: 13 [51136/60000 (85%)]	Loss: 1.850913
Train Epoch: 13 [57536/60000 (96%)]	Loss: 1.923426

Test set: Average loss: 1.8600, Accuracy: 4346/10000 (43%)

Train Epoch: 14 [6336/60000 (11%)]	Loss: 1.931075
Train Epoch: 14 [12736/60000 (21%)]	Loss: 1.903749
Train Epoch: 14 [19136/60000 (32%)]	Loss: 1.885222
Train Epoch: 14 [25536/60000 (43%)]	Loss: 1.841648
Train Epoch: 14 [31936/60000 (53%)]	Loss: 1.907810
Train Epoch: 14 [38336/60000 (64%)]	Loss: 1.860223
Train Epoch: 14 [44736/60000 (75%)]	Loss: 1.869173
Train Epoch: 14 [51136/60000 (85%)]	Loss: 1.792392
Train Epoch: 14 [57536/60000 (96%)]	Loss: 1.868861

Test set: Average loss: 1.8548, Accuracy: 4539/10000 (45%)

Train Epoch: 15 [6336/60000 (11%)]	Loss: 1.948625
Train Epoch: 15 [12736/60000 (21%)]	Loss: 1.853399
Train Epoch: 15 [19136/60000 (32%)]	Loss: 1.870285
Train Epoch: 15 [25536/60000 (43%)]	Loss: 1.827348
Train Epoch: 15 [31936/60000 (53%)]	Loss: 1.879476
Train Epoch: 15 [38336/60000 (64%)]	Loss: 1.880444
Train Epoch: 15 [44736/60000 (75%)]	Loss: 1.912402
Train Epoch: 15 [51136/60000 (85%)]	Loss: 1.815742
Train Epoch: 15 [57536/60000 (96%)]	Loss: 1.858651

Test set: Average loss: 1.8515, Accuracy: 4364/10000 (44%)

Train Epoch: 16 [6336/60000 (11%)]	Loss: 1.815433
Train Epoch: 16 [12736/60000 (21%)]	Loss: 1.857623
Train Epoch: 16 [19136/60000 (32%)]	Loss: 1.855343
Train Epoch: 16 [25536/60000 (43%)]	Loss: 1.874910
Train Epoch: 16 [31936/60000 (53%)]	Loss: 1.858568
Train Epoch: 16 [38336/60000 (64%)]	Loss: 1.835752
Train Epoch: 16 [44736/60000 (75%)]	Loss: 1.848595
Train Epoch: 16 [51136/60000 (85%)]	Loss: 1.865128
Train Epoch: 16 [57536/60000 (96%)]	Loss: 1.872203

Test set: Average loss: 1.8531, Accuracy: 4479/10000 (45%)

Namespace(batch_size=64, bias=None, data='../data', device=1, epochs=16, hidden_size=500, load_weights=None, log_interval=100, lr=0.1, model='redfc4', momentum=0.9, no_cuda=False, r=5, save_model=None, save_results=True, seed=1, sparsity=0.95, use_relu=True, wd=0.0005)


Total time spent pruning/training: 3.20 minutes
Total number of parameters in model: 4496420
Number of parameters in pruned model: 224821
