Namespace(batch_size=64, bias=None, data='../data', device=0, epochs=30, hidden_size=500, load_weights=None, log_interval=100, lr=0.1, milestones=[5, 7], model='redfc4', momentum=0.9, no_cuda=False, r=5, save_model=None, save_results=True, scheduler='cosine', seed=1, sparsity=0.01, use_relu=True, wd=0.0005) 

Pruning a Four-Layer Fully Connected Redundant Network ...
Train Epoch: 1 [0/60000 (0%)]	Loss: 42.827858
Train Epoch: 1 [6400/60000 (11%)]	Loss: 4.500846
Train Epoch: 1 [12800/60000 (21%)]	Loss: 6.306717
Train Epoch: 1 [19200/60000 (32%)]	Loss: 8.655298
Train Epoch: 1 [25600/60000 (43%)]	Loss: 9.884814
Train Epoch: 1 [32000/60000 (53%)]	Loss: 10.803399
Train Epoch: 1 [38400/60000 (64%)]	Loss: 10.653674
Train Epoch: 1 [44800/60000 (75%)]	Loss: 13.569635
Train Epoch: 1 [51200/60000 (85%)]	Loss: 13.956288
Train Epoch: 1 [57600/60000 (96%)]	Loss: 18.031244

Test set: Average loss: 18.5289, Accuracy: 2239/10000 (22%)

Train Epoch: 2 [0/60000 (0%)]	Loss: 22.920412
Train Epoch: 2 [6400/60000 (11%)]	Loss: 21.656958
Train Epoch: 2 [12800/60000 (21%)]	Loss: 18.760998
Train Epoch: 2 [19200/60000 (32%)]	Loss: 17.692362
Train Epoch: 2 [25600/60000 (43%)]	Loss: 23.581829
Train Epoch: 2 [32000/60000 (53%)]	Loss: 22.830751
Train Epoch: 2 [38400/60000 (64%)]	Loss: 25.223045
Train Epoch: 2 [44800/60000 (75%)]	Loss: 26.673141
Train Epoch: 2 [51200/60000 (85%)]	Loss: 27.276144
Train Epoch: 2 [57600/60000 (96%)]	Loss: 25.706913

Test set: Average loss: 27.5167, Accuracy: 1681/10000 (17%)

Train Epoch: 3 [0/60000 (0%)]	Loss: 29.292370
Train Epoch: 3 [6400/60000 (11%)]	Loss: 29.874319
Train Epoch: 3 [12800/60000 (21%)]	Loss: 25.278276
Train Epoch: 3 [19200/60000 (32%)]	Loss: 32.741203
Train Epoch: 3 [25600/60000 (43%)]	Loss: 25.199705
Train Epoch: 3 [32000/60000 (53%)]	Loss: 27.760590
Train Epoch: 3 [38400/60000 (64%)]	Loss: 31.299793
Train Epoch: 3 [44800/60000 (75%)]	Loss: 26.744797
Train Epoch: 3 [51200/60000 (85%)]	Loss: 23.333397
Train Epoch: 3 [57600/60000 (96%)]	Loss: 31.602491

Test set: Average loss: 30.0234, Accuracy: 1513/10000 (15%)

Train Epoch: 4 [0/60000 (0%)]	Loss: 27.911499
Train Epoch: 4 [6400/60000 (11%)]	Loss: 26.072699
Train Epoch: 4 [12800/60000 (21%)]	Loss: 26.632786
Train Epoch: 4 [19200/60000 (32%)]	Loss: 30.866186
Train Epoch: 4 [25600/60000 (43%)]	Loss: 33.193996
Train Epoch: 4 [32000/60000 (53%)]	Loss: 31.063734
Train Epoch: 4 [38400/60000 (64%)]	Loss: 31.131554
Train Epoch: 4 [44800/60000 (75%)]	Loss: 31.701452
Train Epoch: 4 [51200/60000 (85%)]	Loss: 28.393703
Train Epoch: 4 [57600/60000 (96%)]	Loss: 30.545004

Test set: Average loss: 31.0648, Accuracy: 1542/10000 (15%)

Train Epoch: 5 [0/60000 (0%)]	Loss: 31.351831
Train Epoch: 5 [6400/60000 (11%)]	Loss: 25.146891
Train Epoch: 5 [12800/60000 (21%)]	Loss: 24.510098
Train Epoch: 5 [19200/60000 (32%)]	Loss: 28.016260
Train Epoch: 5 [25600/60000 (43%)]	Loss: 26.262501
Train Epoch: 5 [32000/60000 (53%)]	Loss: 34.911076
Train Epoch: 5 [38400/60000 (64%)]	Loss: 36.531860
Train Epoch: 5 [44800/60000 (75%)]	Loss: 30.926859
Train Epoch: 5 [51200/60000 (85%)]	Loss: 30.436150
Train Epoch: 5 [57600/60000 (96%)]	Loss: 32.485401

Test set: Average loss: 32.7455, Accuracy: 1455/10000 (15%)

Train Epoch: 6 [0/60000 (0%)]	Loss: 31.256683
Train Epoch: 6 [6400/60000 (11%)]	Loss: 31.982866
Train Epoch: 6 [12800/60000 (21%)]	Loss: 34.942081
Train Epoch: 6 [19200/60000 (32%)]	Loss: 36.563049
Train Epoch: 6 [25600/60000 (43%)]	Loss: 34.630859
Train Epoch: 6 [32000/60000 (53%)]	Loss: 34.740524
Train Epoch: 6 [38400/60000 (64%)]	Loss: 33.981079
Train Epoch: 6 [44800/60000 (75%)]	Loss: 36.973343
Train Epoch: 6 [51200/60000 (85%)]	Loss: 35.630569
Train Epoch: 6 [57600/60000 (96%)]	Loss: 31.114059

Test set: Average loss: 33.7466, Accuracy: 1452/10000 (15%)

Train Epoch: 7 [0/60000 (0%)]	Loss: 29.651413
Train Epoch: 7 [6400/60000 (11%)]	Loss: 31.241224
Train Epoch: 7 [12800/60000 (21%)]	Loss: 33.152893
Train Epoch: 7 [19200/60000 (32%)]	Loss: 33.346214
Train Epoch: 7 [25600/60000 (43%)]	Loss: 33.798145
Train Epoch: 7 [32000/60000 (53%)]	Loss: 34.713131
Train Epoch: 7 [38400/60000 (64%)]	Loss: 38.989388
Train Epoch: 7 [44800/60000 (75%)]	Loss: 28.887047
Train Epoch: 7 [51200/60000 (85%)]	Loss: 34.005363
Train Epoch: 7 [57600/60000 (96%)]	Loss: 32.684666

Test set: Average loss: 33.8868, Accuracy: 1422/10000 (14%)

Train Epoch: 8 [0/60000 (0%)]	Loss: 32.949619
Train Epoch: 8 [6400/60000 (11%)]	Loss: 34.435863
Train Epoch: 8 [12800/60000 (21%)]	Loss: 37.142796
Train Epoch: 8 [19200/60000 (32%)]	Loss: 33.315960
Train Epoch: 8 [25600/60000 (43%)]	Loss: 41.396461
Train Epoch: 8 [32000/60000 (53%)]	Loss: 33.277420
Train Epoch: 8 [38400/60000 (64%)]	Loss: 35.349899
Train Epoch: 8 [44800/60000 (75%)]	Loss: 34.442398
Train Epoch: 8 [51200/60000 (85%)]	Loss: 36.298401
Train Epoch: 8 [57600/60000 (96%)]	Loss: 35.035175

Test set: Average loss: 34.5969, Accuracy: 1446/10000 (14%)

Train Epoch: 9 [0/60000 (0%)]	Loss: 42.729996
Train Epoch: 9 [6400/60000 (11%)]	Loss: 35.505135
Train Epoch: 9 [12800/60000 (21%)]	Loss: 39.818356
Train Epoch: 9 [19200/60000 (32%)]	Loss: 35.271141
Train Epoch: 9 [25600/60000 (43%)]	Loss: 40.445919
Train Epoch: 9 [32000/60000 (53%)]	Loss: 30.216698
Train Epoch: 9 [38400/60000 (64%)]	Loss: 29.968716
Train Epoch: 9 [44800/60000 (75%)]	Loss: 37.250820
Train Epoch: 9 [51200/60000 (85%)]	Loss: 32.136826
Train Epoch: 9 [57600/60000 (96%)]	Loss: 35.862629

Test set: Average loss: 35.5055, Accuracy: 1406/10000 (14%)

Train Epoch: 10 [0/60000 (0%)]	Loss: 30.713223
Train Epoch: 10 [6400/60000 (11%)]	Loss: 41.036697
Train Epoch: 10 [12800/60000 (21%)]	Loss: 34.335125
Train Epoch: 10 [19200/60000 (32%)]	Loss: 35.467522
Train Epoch: 10 [25600/60000 (43%)]	Loss: 30.441477
Train Epoch: 10 [32000/60000 (53%)]	Loss: 40.059456
Train Epoch: 10 [38400/60000 (64%)]	Loss: 31.472000
Train Epoch: 10 [44800/60000 (75%)]	Loss: 36.281395
Train Epoch: 10 [51200/60000 (85%)]	Loss: 35.466370
Train Epoch: 10 [57600/60000 (96%)]	Loss: 37.398258

Test set: Average loss: 36.2613, Accuracy: 1381/10000 (14%)

Train Epoch: 11 [0/60000 (0%)]	Loss: 31.801529
Train Epoch: 11 [6400/60000 (11%)]	Loss: 32.143158
Train Epoch: 11 [12800/60000 (21%)]	Loss: 33.456234
Train Epoch: 11 [19200/60000 (32%)]	Loss: 36.032810
Train Epoch: 11 [25600/60000 (43%)]	Loss: 34.055500
Train Epoch: 11 [32000/60000 (53%)]	Loss: 45.102619
Train Epoch: 11 [38400/60000 (64%)]	Loss: 33.564060
Train Epoch: 11 [44800/60000 (75%)]	Loss: 32.748898
Train Epoch: 11 [51200/60000 (85%)]	Loss: 32.699459
Train Epoch: 11 [57600/60000 (96%)]	Loss: 34.885006

Test set: Average loss: 36.4524, Accuracy: 1394/10000 (14%)

Train Epoch: 12 [0/60000 (0%)]	Loss: 29.920330
Train Epoch: 12 [6400/60000 (11%)]	Loss: 34.754135
Train Epoch: 12 [12800/60000 (21%)]	Loss: 35.604649
Train Epoch: 12 [19200/60000 (32%)]	Loss: 30.010000
Train Epoch: 12 [25600/60000 (43%)]	Loss: 34.693592
Train Epoch: 12 [32000/60000 (53%)]	Loss: 31.559011
Train Epoch: 12 [38400/60000 (64%)]	Loss: 34.934704
Train Epoch: 12 [44800/60000 (75%)]	Loss: 41.712242
Train Epoch: 12 [51200/60000 (85%)]	Loss: 33.136204
Train Epoch: 12 [57600/60000 (96%)]	Loss: 44.704128

Test set: Average loss: 36.8160, Accuracy: 1394/10000 (14%)

Train Epoch: 13 [0/60000 (0%)]	Loss: 34.496666
Train Epoch: 13 [6400/60000 (11%)]	Loss: 33.728607
Train Epoch: 13 [12800/60000 (21%)]	Loss: 35.307236
Train Epoch: 13 [19200/60000 (32%)]	Loss: 44.768986
Train Epoch: 13 [25600/60000 (43%)]	Loss: 39.062096
Train Epoch: 13 [32000/60000 (53%)]	Loss: 39.393364
Train Epoch: 13 [38400/60000 (64%)]	Loss: 40.315826
Train Epoch: 13 [44800/60000 (75%)]	Loss: 36.146217
Train Epoch: 13 [51200/60000 (85%)]	Loss: 41.367771
Train Epoch: 13 [57600/60000 (96%)]	Loss: 37.203522

Test set: Average loss: 37.4481, Accuracy: 1410/10000 (14%)

Train Epoch: 14 [0/60000 (0%)]	Loss: 34.660980
Train Epoch: 14 [6400/60000 (11%)]	Loss: 34.443203
Train Epoch: 14 [12800/60000 (21%)]	Loss: 44.430367
Train Epoch: 14 [19200/60000 (32%)]	Loss: 37.263233
Train Epoch: 14 [25600/60000 (43%)]	Loss: 35.350574
Train Epoch: 14 [32000/60000 (53%)]	Loss: 36.726173
Train Epoch: 14 [38400/60000 (64%)]	Loss: 39.462814
Train Epoch: 14 [44800/60000 (75%)]	Loss: 34.824966
Train Epoch: 14 [51200/60000 (85%)]	Loss: 35.992680
Train Epoch: 14 [57600/60000 (96%)]	Loss: 33.351055

Test set: Average loss: 37.5045, Accuracy: 1376/10000 (14%)

Train Epoch: 15 [0/60000 (0%)]	Loss: 34.826397
Train Epoch: 15 [6400/60000 (11%)]	Loss: 35.935089
Train Epoch: 15 [12800/60000 (21%)]	Loss: 36.727703
Train Epoch: 15 [19200/60000 (32%)]	Loss: 39.116291
Train Epoch: 15 [25600/60000 (43%)]	Loss: 31.586746
Train Epoch: 15 [32000/60000 (53%)]	Loss: 39.968693
Train Epoch: 15 [38400/60000 (64%)]	Loss: 32.873028
Train Epoch: 15 [44800/60000 (75%)]	Loss: 39.225544
Train Epoch: 15 [51200/60000 (85%)]	Loss: 45.083858
Train Epoch: 15 [57600/60000 (96%)]	Loss: 41.238285

Test set: Average loss: 37.7701, Accuracy: 1395/10000 (14%)

Train Epoch: 16 [0/60000 (0%)]	Loss: 34.427513
Train Epoch: 16 [6400/60000 (11%)]	Loss: 31.048998
Train Epoch: 16 [12800/60000 (21%)]	Loss: 35.266556
Train Epoch: 16 [19200/60000 (32%)]	Loss: 33.230793
Train Epoch: 16 [25600/60000 (43%)]	Loss: 36.214626
Train Epoch: 16 [32000/60000 (53%)]	Loss: 39.808857
Train Epoch: 16 [38400/60000 (64%)]	Loss: 32.026218
Train Epoch: 16 [44800/60000 (75%)]	Loss: 33.289711
Train Epoch: 16 [51200/60000 (85%)]	Loss: 36.339405
Train Epoch: 16 [57600/60000 (96%)]	Loss: 37.881840

Test set: Average loss: 37.9838, Accuracy: 1385/10000 (14%)

Train Epoch: 17 [0/60000 (0%)]	Loss: 33.113453
Train Epoch: 17 [6400/60000 (11%)]	Loss: 41.592407
Train Epoch: 17 [12800/60000 (21%)]	Loss: 34.397064
Train Epoch: 17 [19200/60000 (32%)]	Loss: 39.090961
Train Epoch: 17 [25600/60000 (43%)]	Loss: 45.494541
Train Epoch: 17 [32000/60000 (53%)]	Loss: 31.858465
Train Epoch: 17 [38400/60000 (64%)]	Loss: 39.621292
Train Epoch: 17 [44800/60000 (75%)]	Loss: 31.756018
Train Epoch: 17 [51200/60000 (85%)]	Loss: 35.208450
Train Epoch: 17 [57600/60000 (96%)]	Loss: 41.137199

Test set: Average loss: 37.6355, Accuracy: 1403/10000 (14%)

Train Epoch: 18 [0/60000 (0%)]	Loss: 43.788441
Train Epoch: 18 [6400/60000 (11%)]	Loss: 41.517372
Train Epoch: 18 [12800/60000 (21%)]	Loss: 35.079773
Train Epoch: 18 [19200/60000 (32%)]	Loss: 38.465813
Train Epoch: 18 [25600/60000 (43%)]	Loss: 38.232746
Train Epoch: 18 [32000/60000 (53%)]	Loss: 41.385658
Train Epoch: 18 [38400/60000 (64%)]	Loss: 39.805328
Train Epoch: 18 [44800/60000 (75%)]	Loss: 31.953918
Train Epoch: 18 [51200/60000 (85%)]	Loss: 45.400337
Train Epoch: 18 [57600/60000 (96%)]	Loss: 42.667061

Test set: Average loss: 38.0055, Accuracy: 1372/10000 (14%)

Train Epoch: 19 [0/60000 (0%)]	Loss: 40.255375
Train Epoch: 19 [6400/60000 (11%)]	Loss: 35.753922
Train Epoch: 19 [12800/60000 (21%)]	Loss: 33.795139
Train Epoch: 19 [19200/60000 (32%)]	Loss: 41.661530
Train Epoch: 19 [25600/60000 (43%)]	Loss: 38.419716
Train Epoch: 19 [32000/60000 (53%)]	Loss: 37.303574
Train Epoch: 19 [38400/60000 (64%)]	Loss: 47.327515
Train Epoch: 19 [44800/60000 (75%)]	Loss: 35.757942
Train Epoch: 19 [51200/60000 (85%)]	Loss: 38.236782
Train Epoch: 19 [57600/60000 (96%)]	Loss: 40.311745

Test set: Average loss: 38.2777, Accuracy: 1369/10000 (14%)

Train Epoch: 20 [0/60000 (0%)]	Loss: 38.063713
Train Epoch: 20 [6400/60000 (11%)]	Loss: 36.830070
Train Epoch: 20 [12800/60000 (21%)]	Loss: 35.953041
Train Epoch: 20 [19200/60000 (32%)]	Loss: 40.846409
Train Epoch: 20 [25600/60000 (43%)]	Loss: 34.416733
Train Epoch: 20 [32000/60000 (53%)]	Loss: 30.862268
Train Epoch: 20 [38400/60000 (64%)]	Loss: 35.235275
Train Epoch: 20 [44800/60000 (75%)]	Loss: 41.100674
Train Epoch: 20 [51200/60000 (85%)]	Loss: 36.063232
Train Epoch: 20 [57600/60000 (96%)]	Loss: 38.577335

Test set: Average loss: 38.1742, Accuracy: 1381/10000 (14%)

Train Epoch: 21 [0/60000 (0%)]	Loss: 35.335831
Train Epoch: 21 [6400/60000 (11%)]	Loss: 41.553272
Train Epoch: 21 [12800/60000 (21%)]	Loss: 38.776768
Train Epoch: 21 [19200/60000 (32%)]	Loss: 37.024712
Train Epoch: 21 [25600/60000 (43%)]	Loss: 39.929646
Train Epoch: 21 [32000/60000 (53%)]	Loss: 36.212048
Train Epoch: 21 [38400/60000 (64%)]	Loss: 34.383427
Train Epoch: 21 [44800/60000 (75%)]	Loss: 34.645435
Train Epoch: 21 [51200/60000 (85%)]	Loss: 43.318031
Train Epoch: 21 [57600/60000 (96%)]	Loss: 34.972683

Test set: Average loss: 38.3232, Accuracy: 1369/10000 (14%)

Train Epoch: 22 [0/60000 (0%)]	Loss: 36.048668
Train Epoch: 22 [6400/60000 (11%)]	Loss: 35.286148
Train Epoch: 22 [12800/60000 (21%)]	Loss: 41.403408
Train Epoch: 22 [19200/60000 (32%)]	Loss: 36.006977
Train Epoch: 22 [25600/60000 (43%)]	Loss: 39.430195
Train Epoch: 22 [32000/60000 (53%)]	Loss: 35.162357
Train Epoch: 22 [38400/60000 (64%)]	Loss: 33.812141
Train Epoch: 22 [44800/60000 (75%)]	Loss: 32.098339
Train Epoch: 22 [51200/60000 (85%)]	Loss: 43.911327
Train Epoch: 22 [57600/60000 (96%)]	Loss: 35.665707

Test set: Average loss: 38.1688, Accuracy: 1379/10000 (14%)

Train Epoch: 23 [0/60000 (0%)]	Loss: 37.403233
Train Epoch: 23 [6400/60000 (11%)]	Loss: 34.912865
Train Epoch: 23 [12800/60000 (21%)]	Loss: 34.807560
Train Epoch: 23 [19200/60000 (32%)]	Loss: 36.432838
Train Epoch: 23 [25600/60000 (43%)]	Loss: 29.747343
Train Epoch: 23 [32000/60000 (53%)]	Loss: 38.740646
Train Epoch: 23 [38400/60000 (64%)]	Loss: 30.512274
Train Epoch: 23 [44800/60000 (75%)]	Loss: 36.644230
Train Epoch: 23 [51200/60000 (85%)]	Loss: 38.438969
Train Epoch: 23 [57600/60000 (96%)]	Loss: 37.541340

Test set: Average loss: 38.0367, Accuracy: 1389/10000 (14%)

Train Epoch: 24 [0/60000 (0%)]	Loss: 42.712219
Train Epoch: 24 [6400/60000 (11%)]	Loss: 42.695992
Train Epoch: 24 [12800/60000 (21%)]	Loss: 34.966728
Train Epoch: 24 [19200/60000 (32%)]	Loss: 29.979591
Train Epoch: 24 [25600/60000 (43%)]	Loss: 40.302334
Train Epoch: 24 [32000/60000 (53%)]	Loss: 36.810905
Train Epoch: 24 [38400/60000 (64%)]	Loss: 33.428406
Train Epoch: 24 [44800/60000 (75%)]	Loss: 37.019642
Train Epoch: 24 [51200/60000 (85%)]	Loss: 36.231369
Train Epoch: 24 [57600/60000 (96%)]	Loss: 35.035618

Test set: Average loss: 38.0903, Accuracy: 1390/10000 (14%)

Train Epoch: 25 [0/60000 (0%)]	Loss: 42.785706
Train Epoch: 25 [6400/60000 (11%)]	Loss: 40.476288
Train Epoch: 25 [12800/60000 (21%)]	Loss: 39.936440
Train Epoch: 25 [19200/60000 (32%)]	Loss: 38.203434
Train Epoch: 25 [25600/60000 (43%)]	Loss: 38.756531
Train Epoch: 25 [32000/60000 (53%)]	Loss: 36.917381
Train Epoch: 25 [38400/60000 (64%)]	Loss: 41.931202
Train Epoch: 25 [44800/60000 (75%)]	Loss: 36.714588
Train Epoch: 25 [51200/60000 (85%)]	Loss: 37.735592
Train Epoch: 25 [57600/60000 (96%)]	Loss: 31.947992

Test set: Average loss: 37.5621, Accuracy: 1398/10000 (14%)

Train Epoch: 26 [0/60000 (0%)]	Loss: 33.981968
Train Epoch: 26 [6400/60000 (11%)]	Loss: 38.095547
Train Epoch: 26 [12800/60000 (21%)]	Loss: 39.120247
Train Epoch: 26 [19200/60000 (32%)]	Loss: 37.901127
Train Epoch: 26 [25600/60000 (43%)]	Loss: 34.802746
Train Epoch: 26 [32000/60000 (53%)]	Loss: 42.113155
Train Epoch: 26 [38400/60000 (64%)]	Loss: 44.354286
Train Epoch: 26 [44800/60000 (75%)]	Loss: 38.288750
Train Epoch: 26 [51200/60000 (85%)]	Loss: 31.576143
Train Epoch: 26 [57600/60000 (96%)]	Loss: 40.190414

Test set: Average loss: 37.0372, Accuracy: 1386/10000 (14%)

Train Epoch: 27 [0/60000 (0%)]	Loss: 36.766102
Train Epoch: 27 [6400/60000 (11%)]	Loss: 32.925629
Train Epoch: 27 [12800/60000 (21%)]	Loss: 31.406672
Train Epoch: 27 [19200/60000 (32%)]	Loss: 31.976233
Train Epoch: 27 [25600/60000 (43%)]	Loss: 35.203545
Train Epoch: 27 [32000/60000 (53%)]	Loss: 33.519215
Train Epoch: 27 [38400/60000 (64%)]	Loss: 34.089066
Train Epoch: 27 [44800/60000 (75%)]	Loss: 39.840649
Train Epoch: 27 [51200/60000 (85%)]	Loss: 35.974358
Train Epoch: 27 [57600/60000 (96%)]	Loss: 34.627140

Test set: Average loss: 36.9167, Accuracy: 1403/10000 (14%)

Train Epoch: 28 [0/60000 (0%)]	Loss: 35.178959
Train Epoch: 28 [6400/60000 (11%)]	Loss: 40.085342
Train Epoch: 28 [12800/60000 (21%)]	Loss: 35.620419
Train Epoch: 28 [19200/60000 (32%)]	Loss: 36.448528
Train Epoch: 28 [25600/60000 (43%)]	Loss: 40.660042
Train Epoch: 28 [32000/60000 (53%)]	Loss: 38.597927
Train Epoch: 28 [38400/60000 (64%)]	Loss: 31.931673
Train Epoch: 28 [44800/60000 (75%)]	Loss: 39.089424
Train Epoch: 28 [51200/60000 (85%)]	Loss: 35.217430
Train Epoch: 28 [57600/60000 (96%)]	Loss: 37.127174

Test set: Average loss: 36.3837, Accuracy: 1439/10000 (14%)

Train Epoch: 29 [0/60000 (0%)]	Loss: 36.374123
Train Epoch: 29 [6400/60000 (11%)]	Loss: 31.941996
Train Epoch: 29 [12800/60000 (21%)]	Loss: 42.408195
Train Epoch: 29 [19200/60000 (32%)]	Loss: 39.832756
Train Epoch: 29 [25600/60000 (43%)]	Loss: 36.529419
Train Epoch: 29 [32000/60000 (53%)]	Loss: 33.686024
Train Epoch: 29 [38400/60000 (64%)]	Loss: 37.055859
Train Epoch: 29 [44800/60000 (75%)]	Loss: 34.357281
Train Epoch: 29 [51200/60000 (85%)]	Loss: 28.408985
Train Epoch: 29 [57600/60000 (96%)]	Loss: 40.747181

Test set: Average loss: 35.4490, Accuracy: 1431/10000 (14%)

Train Epoch: 30 [0/60000 (0%)]	Loss: 35.955353
Train Epoch: 30 [6400/60000 (11%)]	Loss: 34.853458
Train Epoch: 30 [12800/60000 (21%)]	Loss: 42.658077
Train Epoch: 30 [19200/60000 (32%)]	Loss: 32.705223
Train Epoch: 30 [25600/60000 (43%)]	Loss: 35.907604
Train Epoch: 30 [32000/60000 (53%)]	Loss: 30.951357
Train Epoch: 30 [38400/60000 (64%)]	Loss: 39.443855
Train Epoch: 30 [44800/60000 (75%)]	Loss: 40.134468
Train Epoch: 30 [51200/60000 (85%)]	Loss: 33.296230
Train Epoch: 30 [57600/60000 (96%)]	Loss: 33.896137

Test set: Average loss: 34.7044, Accuracy: 1464/10000 (15%)

Namespace(batch_size=64, bias=None, data='../data', device=0, epochs=30, hidden_size=500, load_weights=None, log_interval=100, lr=0.1, milestones=[5, 7], model='redfc4', momentum=0.9, no_cuda=False, r=5, save_model=None, save_results=True, scheduler='cosine', seed=1, sparsity=0.01, use_relu=True, wd=0.0005)


Total time spent pruning/training: 5.98 minutes
Total number of parameters in model: 4496420
Number of parameters in pruned model: 4451455
