Namespace(batch_size=64, bias=None, data='../data', device=1, epochs=8, hidden_size=500, load_weights=None, log_interval=100, lr=0.1, model='redfc4', momentum=0.9, no_cuda=False, r=5, save_model=None, save_results=True, seed=1, sparsity=0.5, use_relu=True, wd=0.0005) 

Pruning a Four-Layer Fully Connected Redundant Network ...
Train Epoch: 1 [6336/60000 (11%)]	Loss: 0.579354
Train Epoch: 1 [12736/60000 (21%)]	Loss: 0.361615
Train Epoch: 1 [19136/60000 (32%)]	Loss: 0.294225
Train Epoch: 1 [25536/60000 (43%)]	Loss: 0.529803
Train Epoch: 1 [31936/60000 (53%)]	Loss: 0.144529
Train Epoch: 1 [38336/60000 (64%)]	Loss: 0.373440
Train Epoch: 1 [44736/60000 (75%)]	Loss: 0.109743
Train Epoch: 1 [51136/60000 (85%)]	Loss: 0.421380
Train Epoch: 1 [57536/60000 (96%)]	Loss: 0.254875

Test set: Average loss: 0.2252, Accuracy: 9266/10000 (93%)

Train Epoch: 2 [6336/60000 (11%)]	Loss: 0.313352
Train Epoch: 2 [12736/60000 (21%)]	Loss: 0.051701
Train Epoch: 2 [19136/60000 (32%)]	Loss: 0.176827
Train Epoch: 2 [25536/60000 (43%)]	Loss: 0.181287
Train Epoch: 2 [31936/60000 (53%)]	Loss: 0.120978
Train Epoch: 2 [38336/60000 (64%)]	Loss: 0.257131
Train Epoch: 2 [44736/60000 (75%)]	Loss: 0.284540
Train Epoch: 2 [51136/60000 (85%)]	Loss: 0.190949
Train Epoch: 2 [57536/60000 (96%)]	Loss: 0.230448

Test set: Average loss: 0.1907, Accuracy: 9412/10000 (94%)

Train Epoch: 3 [6336/60000 (11%)]	Loss: 0.209597
Train Epoch: 3 [12736/60000 (21%)]	Loss: 0.136711
Train Epoch: 3 [19136/60000 (32%)]	Loss: 0.009221
Train Epoch: 3 [25536/60000 (43%)]	Loss: 0.111439
Train Epoch: 3 [31936/60000 (53%)]	Loss: 0.061318
Train Epoch: 3 [38336/60000 (64%)]	Loss: 0.107678
Train Epoch: 3 [44736/60000 (75%)]	Loss: 0.132021
Train Epoch: 3 [51136/60000 (85%)]	Loss: 0.075416
Train Epoch: 3 [57536/60000 (96%)]	Loss: 0.142947

Test set: Average loss: 0.1572, Accuracy: 9526/10000 (95%)

Train Epoch: 4 [6336/60000 (11%)]	Loss: 0.103223
Train Epoch: 4 [12736/60000 (21%)]	Loss: 0.196090
Train Epoch: 4 [19136/60000 (32%)]	Loss: 0.228060
Train Epoch: 4 [25536/60000 (43%)]	Loss: 0.162576
Train Epoch: 4 [31936/60000 (53%)]	Loss: 0.199886
Train Epoch: 4 [38336/60000 (64%)]	Loss: 0.163365
Train Epoch: 4 [44736/60000 (75%)]	Loss: 0.100089
Train Epoch: 4 [51136/60000 (85%)]	Loss: 0.058819
Train Epoch: 4 [57536/60000 (96%)]	Loss: 0.066862

Test set: Average loss: 0.1351, Accuracy: 9552/10000 (96%)

Train Epoch: 5 [6336/60000 (11%)]	Loss: 0.197676
Train Epoch: 5 [12736/60000 (21%)]	Loss: 0.052190
Train Epoch: 5 [19136/60000 (32%)]	Loss: 0.115791
Train Epoch: 5 [25536/60000 (43%)]	Loss: 0.089477
Train Epoch: 5 [31936/60000 (53%)]	Loss: 0.277585
Train Epoch: 5 [38336/60000 (64%)]	Loss: 0.183599
Train Epoch: 5 [44736/60000 (75%)]	Loss: 0.202514
Train Epoch: 5 [51136/60000 (85%)]	Loss: 0.076596
Train Epoch: 5 [57536/60000 (96%)]	Loss: 0.092586

Test set: Average loss: 0.1488, Accuracy: 9543/10000 (95%)

Train Epoch: 6 [6336/60000 (11%)]	Loss: 0.072891
Train Epoch: 6 [12736/60000 (21%)]	Loss: 0.084416
Train Epoch: 6 [19136/60000 (32%)]	Loss: 0.097627
Train Epoch: 6 [25536/60000 (43%)]	Loss: 0.132456
Train Epoch: 6 [31936/60000 (53%)]	Loss: 0.114630
Train Epoch: 6 [38336/60000 (64%)]	Loss: 0.022617
Train Epoch: 6 [44736/60000 (75%)]	Loss: 0.088963
Train Epoch: 6 [51136/60000 (85%)]	Loss: 0.096582
Train Epoch: 6 [57536/60000 (96%)]	Loss: 0.178098

Test set: Average loss: 0.1102, Accuracy: 9650/10000 (96%)

Train Epoch: 7 [6336/60000 (11%)]	Loss: 0.029401
Train Epoch: 7 [12736/60000 (21%)]	Loss: 0.023407
Train Epoch: 7 [19136/60000 (32%)]	Loss: 0.051940
Train Epoch: 7 [25536/60000 (43%)]	Loss: 0.074392
Train Epoch: 7 [31936/60000 (53%)]	Loss: 0.041619
Train Epoch: 7 [38336/60000 (64%)]	Loss: 0.055248
Train Epoch: 7 [44736/60000 (75%)]	Loss: 0.040454
Train Epoch: 7 [51136/60000 (85%)]	Loss: 0.096609
Train Epoch: 7 [57536/60000 (96%)]	Loss: 0.085487

Test set: Average loss: 0.0850, Accuracy: 9725/10000 (97%)

Train Epoch: 8 [6336/60000 (11%)]	Loss: 0.006466
Train Epoch: 8 [12736/60000 (21%)]	Loss: 0.059818
Train Epoch: 8 [19136/60000 (32%)]	Loss: 0.101779
Train Epoch: 8 [25536/60000 (43%)]	Loss: 0.069431
Train Epoch: 8 [31936/60000 (53%)]	Loss: 0.016453
Train Epoch: 8 [38336/60000 (64%)]	Loss: 0.076169
Train Epoch: 8 [44736/60000 (75%)]	Loss: 0.023067
Train Epoch: 8 [51136/60000 (85%)]	Loss: 0.031406
Train Epoch: 8 [57536/60000 (96%)]	Loss: 0.031161

Test set: Average loss: 0.0766, Accuracy: 9762/10000 (98%)

Namespace(batch_size=64, bias=None, data='../data', device=1, epochs=8, hidden_size=500, load_weights=None, log_interval=100, lr=0.1, model='redfc4', momentum=0.9, no_cuda=False, r=5, save_model=None, save_results=True, seed=1, sparsity=0.5, use_relu=True, wd=0.0005)


Total time spent pruning/training: 1.61 minutes
Total number of parameters in model: 4496420
Number of parameters in pruned model: 2248210
