Namespace(batch_size=64, bias=None, data='../data', device=1, epochs=16, hidden_size=500, load_weights=None, log_interval=100, lr=0.1, model='redfc4', momentum=0.9, no_cuda=False, r=5, save_model=None, save_results=True, seed=1, sparsity=0.025, use_relu=True, wd=0.0005) 

Pruning a Four-Layer Fully Connected Redundant Network ...
Train Epoch: 1 [6336/60000 (11%)]	Loss: 2.105241
Train Epoch: 1 [12736/60000 (21%)]	Loss: 1.579383
Train Epoch: 1 [19136/60000 (32%)]	Loss: 1.894165
Train Epoch: 1 [25536/60000 (43%)]	Loss: 1.707363
Train Epoch: 1 [31936/60000 (53%)]	Loss: 1.101653
Train Epoch: 1 [38336/60000 (64%)]	Loss: 1.119172
Train Epoch: 1 [44736/60000 (75%)]	Loss: 1.084754
Train Epoch: 1 [51136/60000 (85%)]	Loss: 3.099892
Train Epoch: 1 [57536/60000 (96%)]	Loss: 3.121449

Test set: Average loss: 2.1653, Accuracy: 7379/10000 (74%)

Train Epoch: 2 [6336/60000 (11%)]	Loss: 5.310964
Train Epoch: 2 [12736/60000 (21%)]	Loss: 2.932917
Train Epoch: 2 [19136/60000 (32%)]	Loss: 3.332412
Train Epoch: 2 [25536/60000 (43%)]	Loss: 2.173099
Train Epoch: 2 [31936/60000 (53%)]	Loss: 2.491832
Train Epoch: 2 [38336/60000 (64%)]	Loss: 4.129164
Train Epoch: 2 [44736/60000 (75%)]	Loss: 6.172618
Train Epoch: 2 [51136/60000 (85%)]	Loss: 5.701524
Train Epoch: 2 [57536/60000 (96%)]	Loss: 2.510732

Test set: Average loss: 4.2475, Accuracy: 5966/10000 (60%)

Train Epoch: 3 [6336/60000 (11%)]	Loss: 3.525229
Train Epoch: 3 [12736/60000 (21%)]	Loss: 5.928876
Train Epoch: 3 [19136/60000 (32%)]	Loss: 2.549845
Train Epoch: 3 [25536/60000 (43%)]	Loss: 4.746584
Train Epoch: 3 [31936/60000 (53%)]	Loss: 4.890843
Train Epoch: 3 [38336/60000 (64%)]	Loss: 6.494615
Train Epoch: 3 [44736/60000 (75%)]	Loss: 7.318589
Train Epoch: 3 [51136/60000 (85%)]	Loss: 5.339056
Train Epoch: 3 [57536/60000 (96%)]	Loss: 10.374105

Test set: Average loss: 8.3720, Accuracy: 4389/10000 (44%)

Train Epoch: 4 [6336/60000 (11%)]	Loss: 6.517527
Train Epoch: 4 [12736/60000 (21%)]	Loss: 7.283138
Train Epoch: 4 [19136/60000 (32%)]	Loss: 6.867894
Train Epoch: 4 [25536/60000 (43%)]	Loss: 8.454197
Train Epoch: 4 [31936/60000 (53%)]	Loss: 9.499519
Train Epoch: 4 [38336/60000 (64%)]	Loss: 9.205963
Train Epoch: 4 [44736/60000 (75%)]	Loss: 11.149408
Train Epoch: 4 [51136/60000 (85%)]	Loss: 11.017944
Train Epoch: 4 [57536/60000 (96%)]	Loss: 6.988894

Test set: Average loss: 12.0801, Accuracy: 2984/10000 (30%)

Train Epoch: 5 [6336/60000 (11%)]	Loss: 11.984756
Train Epoch: 5 [12736/60000 (21%)]	Loss: 11.659104
Train Epoch: 5 [19136/60000 (32%)]	Loss: 11.069236
Train Epoch: 5 [25536/60000 (43%)]	Loss: 11.718204
Train Epoch: 5 [31936/60000 (53%)]	Loss: 16.822523
Train Epoch: 5 [38336/60000 (64%)]	Loss: 15.794939
Train Epoch: 5 [44736/60000 (75%)]	Loss: 17.591438
Train Epoch: 5 [51136/60000 (85%)]	Loss: 17.054304
Train Epoch: 5 [57536/60000 (96%)]	Loss: 18.330280

Test set: Average loss: 15.8408, Accuracy: 2291/10000 (23%)

Train Epoch: 6 [6336/60000 (11%)]	Loss: 16.561522
Train Epoch: 6 [12736/60000 (21%)]	Loss: 18.114594
Train Epoch: 6 [19136/60000 (32%)]	Loss: 19.916147
Train Epoch: 6 [25536/60000 (43%)]	Loss: 15.818872
Train Epoch: 6 [31936/60000 (53%)]	Loss: 17.084761
Train Epoch: 6 [38336/60000 (64%)]	Loss: 18.865211
Train Epoch: 6 [44736/60000 (75%)]	Loss: 20.131355
Train Epoch: 6 [51136/60000 (85%)]	Loss: 21.242414
Train Epoch: 6 [57536/60000 (96%)]	Loss: 20.026083

Test set: Average loss: 19.8161, Accuracy: 1967/10000 (20%)

Train Epoch: 7 [6336/60000 (11%)]	Loss: 16.816202
Train Epoch: 7 [12736/60000 (21%)]	Loss: 17.492695
Train Epoch: 7 [19136/60000 (32%)]	Loss: 18.810728
Train Epoch: 7 [25536/60000 (43%)]	Loss: 18.786274
Train Epoch: 7 [31936/60000 (53%)]	Loss: 23.564823
Train Epoch: 7 [38336/60000 (64%)]	Loss: 20.754295
Train Epoch: 7 [44736/60000 (75%)]	Loss: 20.743874
Train Epoch: 7 [51136/60000 (85%)]	Loss: 17.730064
Train Epoch: 7 [57536/60000 (96%)]	Loss: 21.334164

Test set: Average loss: 20.9251, Accuracy: 1809/10000 (18%)

Train Epoch: 8 [6336/60000 (11%)]	Loss: 22.061937
Train Epoch: 8 [12736/60000 (21%)]	Loss: 14.358624
Train Epoch: 8 [19136/60000 (32%)]	Loss: 23.196360
Train Epoch: 8 [25536/60000 (43%)]	Loss: 18.718697
Train Epoch: 8 [31936/60000 (53%)]	Loss: 17.721216
Train Epoch: 8 [38336/60000 (64%)]	Loss: 23.855253
Train Epoch: 8 [44736/60000 (75%)]	Loss: 20.695742
Train Epoch: 8 [51136/60000 (85%)]	Loss: 22.947254
Train Epoch: 8 [57536/60000 (96%)]	Loss: 22.328665

Test set: Average loss: 22.6261, Accuracy: 1729/10000 (17%)

Train Epoch: 9 [6336/60000 (11%)]	Loss: 23.015131
Train Epoch: 9 [12736/60000 (21%)]	Loss: 20.492456
Train Epoch: 9 [19136/60000 (32%)]	Loss: 23.455572
Train Epoch: 9 [25536/60000 (43%)]	Loss: 18.264818
Train Epoch: 9 [31936/60000 (53%)]	Loss: 21.445084
Train Epoch: 9 [38336/60000 (64%)]	Loss: 23.684292
Train Epoch: 9 [44736/60000 (75%)]	Loss: 20.978954
Train Epoch: 9 [51136/60000 (85%)]	Loss: 21.313808
Train Epoch: 9 [57536/60000 (96%)]	Loss: 26.923664

Test set: Average loss: 23.3346, Accuracy: 1703/10000 (17%)

Train Epoch: 10 [6336/60000 (11%)]	Loss: 24.245287
Train Epoch: 10 [12736/60000 (21%)]	Loss: 23.447618
Train Epoch: 10 [19136/60000 (32%)]	Loss: 25.677065
Train Epoch: 10 [25536/60000 (43%)]	Loss: 21.132484
Train Epoch: 10 [31936/60000 (53%)]	Loss: 25.885241
Train Epoch: 10 [38336/60000 (64%)]	Loss: 22.015003
Train Epoch: 10 [44736/60000 (75%)]	Loss: 26.412624
Train Epoch: 10 [51136/60000 (85%)]	Loss: 25.966373
Train Epoch: 10 [57536/60000 (96%)]	Loss: 21.955078

Test set: Average loss: 23.4862, Accuracy: 1685/10000 (17%)

Train Epoch: 11 [6336/60000 (11%)]	Loss: 21.301292
Train Epoch: 11 [12736/60000 (21%)]	Loss: 24.453901
Train Epoch: 11 [19136/60000 (32%)]	Loss: 22.181055
Train Epoch: 11 [25536/60000 (43%)]	Loss: 23.443399
Train Epoch: 11 [31936/60000 (53%)]	Loss: 20.851223
Train Epoch: 11 [38336/60000 (64%)]	Loss: 22.401993
Train Epoch: 11 [44736/60000 (75%)]	Loss: 21.039833
Train Epoch: 11 [51136/60000 (85%)]	Loss: 24.173143
Train Epoch: 11 [57536/60000 (96%)]	Loss: 24.831907

Test set: Average loss: 23.2681, Accuracy: 1769/10000 (18%)

Train Epoch: 12 [6336/60000 (11%)]	Loss: 20.473492
Train Epoch: 12 [12736/60000 (21%)]	Loss: 18.048203
Train Epoch: 12 [19136/60000 (32%)]	Loss: 24.837759
Train Epoch: 12 [25536/60000 (43%)]	Loss: 22.465559
Train Epoch: 12 [31936/60000 (53%)]	Loss: 22.319666
Train Epoch: 12 [38336/60000 (64%)]	Loss: 22.776300
Train Epoch: 12 [44736/60000 (75%)]	Loss: 24.709915
Train Epoch: 12 [51136/60000 (85%)]	Loss: 22.844271
Train Epoch: 12 [57536/60000 (96%)]	Loss: 23.933445

Test set: Average loss: 23.5407, Accuracy: 1818/10000 (18%)

Train Epoch: 13 [6336/60000 (11%)]	Loss: 22.699095
Train Epoch: 13 [12736/60000 (21%)]	Loss: 23.604969
Train Epoch: 13 [19136/60000 (32%)]	Loss: 24.317556
Train Epoch: 13 [25536/60000 (43%)]	Loss: 27.963383
Train Epoch: 13 [31936/60000 (53%)]	Loss: 23.390478
Train Epoch: 13 [38336/60000 (64%)]	Loss: 25.115370
Train Epoch: 13 [44736/60000 (75%)]	Loss: 20.558178
Train Epoch: 13 [51136/60000 (85%)]	Loss: 23.417933
Train Epoch: 13 [57536/60000 (96%)]	Loss: 23.848291

Test set: Average loss: 23.6996, Accuracy: 1854/10000 (19%)

Train Epoch: 14 [6336/60000 (11%)]	Loss: 22.329821
Train Epoch: 14 [12736/60000 (21%)]	Loss: 19.817383
Train Epoch: 14 [19136/60000 (32%)]	Loss: 19.175461
Train Epoch: 14 [25536/60000 (43%)]	Loss: 17.247961
Train Epoch: 14 [31936/60000 (53%)]	Loss: 23.692711
Train Epoch: 14 [38336/60000 (64%)]	Loss: 19.925919
Train Epoch: 14 [44736/60000 (75%)]	Loss: 19.746382
Train Epoch: 14 [51136/60000 (85%)]	Loss: 21.661726
Train Epoch: 14 [57536/60000 (96%)]	Loss: 23.296253

Test set: Average loss: 21.8487, Accuracy: 1911/10000 (19%)

Train Epoch: 15 [6336/60000 (11%)]	Loss: 18.478945
Train Epoch: 15 [12736/60000 (21%)]	Loss: 18.040850
Train Epoch: 15 [19136/60000 (32%)]	Loss: 17.681419
Train Epoch: 15 [25536/60000 (43%)]	Loss: 18.415913
Train Epoch: 15 [31936/60000 (53%)]	Loss: 18.100536
Train Epoch: 15 [38336/60000 (64%)]	Loss: 18.566267
Train Epoch: 15 [44736/60000 (75%)]	Loss: 19.106379
Train Epoch: 15 [51136/60000 (85%)]	Loss: 16.298281
Train Epoch: 15 [57536/60000 (96%)]	Loss: 17.328365

Test set: Average loss: 18.5733, Accuracy: 2122/10000 (21%)

Train Epoch: 16 [6336/60000 (11%)]	Loss: 13.740928
Train Epoch: 16 [12736/60000 (21%)]	Loss: 12.034842
Train Epoch: 16 [19136/60000 (32%)]	Loss: 13.418556
Train Epoch: 16 [25536/60000 (43%)]	Loss: 12.496831
Train Epoch: 16 [31936/60000 (53%)]	Loss: 17.622070
Train Epoch: 16 [38336/60000 (64%)]	Loss: 14.977606
Train Epoch: 16 [44736/60000 (75%)]	Loss: 18.725668
Train Epoch: 16 [51136/60000 (85%)]	Loss: 17.037449
Train Epoch: 16 [57536/60000 (96%)]	Loss: 13.283317

Test set: Average loss: 16.5287, Accuracy: 2232/10000 (22%)

Namespace(batch_size=64, bias=None, data='../data', device=1, epochs=16, hidden_size=500, load_weights=None, log_interval=100, lr=0.1, model='redfc4', momentum=0.9, no_cuda=False, r=5, save_model=None, save_results=True, seed=1, sparsity=0.025, use_relu=True, wd=0.0005)


Total time spent pruning/training: 3.20 minutes
Total number of parameters in model: 4496420
Number of parameters in pruned model: 4384009
