Namespace(batch_size=64, bias=None, data='../data', device=1, epochs=11, hidden_size=500, load_weights=None, log_interval=100, lr=0.1, model='redfc4', momentum=0.9, no_cuda=False, r=5, save_model=None, save_results=True, seed=1, sparsity=0.01, use_relu=False, wd=0.0005) 

Pruning a Four-Layer Fully Connected Redundant Network ...
Train Epoch: 1 [6336/60000 (11%)]	Loss: 31.911699
Train Epoch: 1 [12736/60000 (21%)]	Loss: 61.911823
Train Epoch: 1 [19136/60000 (32%)]	Loss: 91.175339
Train Epoch: 1 [25536/60000 (43%)]	Loss: 93.368652
Train Epoch: 1 [31936/60000 (53%)]	Loss: 97.209946
Train Epoch: 1 [38336/60000 (64%)]	Loss: 109.680611
Train Epoch: 1 [44736/60000 (75%)]	Loss: 124.418159
Train Epoch: 1 [51136/60000 (85%)]	Loss: 113.008614
Train Epoch: 1 [57536/60000 (96%)]	Loss: 135.440491

Test set: Average loss: 126.7376, Accuracy: 1154/10000 (12%)

Train Epoch: 2 [6336/60000 (11%)]	Loss: 112.681442
Train Epoch: 2 [12736/60000 (21%)]	Loss: 122.418152
Train Epoch: 2 [19136/60000 (32%)]	Loss: 126.742126
Train Epoch: 2 [25536/60000 (43%)]	Loss: 134.764343
Train Epoch: 2 [31936/60000 (53%)]	Loss: 122.986588
Train Epoch: 2 [38336/60000 (64%)]	Loss: 154.565094
Train Epoch: 2 [44736/60000 (75%)]	Loss: 129.668472
Train Epoch: 2 [51136/60000 (85%)]	Loss: 150.371140
Train Epoch: 2 [57536/60000 (96%)]	Loss: 155.933060

Test set: Average loss: 141.1203, Accuracy: 1113/10000 (11%)

Train Epoch: 3 [6336/60000 (11%)]	Loss: 120.829376
Train Epoch: 3 [12736/60000 (21%)]	Loss: 143.287369
Train Epoch: 3 [19136/60000 (32%)]	Loss: 157.300949
Train Epoch: 3 [25536/60000 (43%)]	Loss: 164.678360
Train Epoch: 3 [31936/60000 (53%)]	Loss: 143.961899
Train Epoch: 3 [38336/60000 (64%)]	Loss: 137.409912
Train Epoch: 3 [44736/60000 (75%)]	Loss: 142.000488
Train Epoch: 3 [51136/60000 (85%)]	Loss: 141.401489
Train Epoch: 3 [57536/60000 (96%)]	Loss: 142.815308

Test set: Average loss: 144.9825, Accuracy: 1105/10000 (11%)

Train Epoch: 4 [6336/60000 (11%)]	Loss: 136.431732
Train Epoch: 4 [12736/60000 (21%)]	Loss: 187.715836
Train Epoch: 4 [19136/60000 (32%)]	Loss: 152.149338
Train Epoch: 4 [25536/60000 (43%)]	Loss: 162.774734
Train Epoch: 4 [31936/60000 (53%)]	Loss: 150.658051
Train Epoch: 4 [38336/60000 (64%)]	Loss: 171.187149
Train Epoch: 4 [44736/60000 (75%)]	Loss: 141.016800
Train Epoch: 4 [51136/60000 (85%)]	Loss: 158.177505
Train Epoch: 4 [57536/60000 (96%)]	Loss: 122.308868

Test set: Average loss: 148.7542, Accuracy: 1107/10000 (11%)

Train Epoch: 5 [6336/60000 (11%)]	Loss: 159.075836
Train Epoch: 5 [12736/60000 (21%)]	Loss: 155.804977
Train Epoch: 5 [19136/60000 (32%)]	Loss: 147.104080
Train Epoch: 5 [25536/60000 (43%)]	Loss: 151.194763
Train Epoch: 5 [31936/60000 (53%)]	Loss: 164.135651
Train Epoch: 5 [38336/60000 (64%)]	Loss: 142.864014
Train Epoch: 5 [44736/60000 (75%)]	Loss: 164.915115
Train Epoch: 5 [51136/60000 (85%)]	Loss: 146.394318
Train Epoch: 5 [57536/60000 (96%)]	Loss: 168.046448

Test set: Average loss: 157.7992, Accuracy: 1059/10000 (11%)

Train Epoch: 6 [6336/60000 (11%)]	Loss: 141.038223
Train Epoch: 6 [12736/60000 (21%)]	Loss: 134.963547
Train Epoch: 6 [19136/60000 (32%)]	Loss: 168.301987
Train Epoch: 6 [25536/60000 (43%)]	Loss: 153.208588
Train Epoch: 6 [31936/60000 (53%)]	Loss: 174.717514
Train Epoch: 6 [38336/60000 (64%)]	Loss: 149.091156
Train Epoch: 6 [44736/60000 (75%)]	Loss: 153.089005
Train Epoch: 6 [51136/60000 (85%)]	Loss: 163.305618
Train Epoch: 6 [57536/60000 (96%)]	Loss: 168.183243

Test set: Average loss: 156.5623, Accuracy: 1066/10000 (11%)

Train Epoch: 7 [6336/60000 (11%)]	Loss: 153.848740
Train Epoch: 7 [12736/60000 (21%)]	Loss: 157.258621
Train Epoch: 7 [19136/60000 (32%)]	Loss: 168.937027
Train Epoch: 7 [25536/60000 (43%)]	Loss: 149.082718
Train Epoch: 7 [31936/60000 (53%)]	Loss: 169.195602
Train Epoch: 7 [38336/60000 (64%)]	Loss: 167.464645
Train Epoch: 7 [44736/60000 (75%)]	Loss: 155.732132
Train Epoch: 7 [51136/60000 (85%)]	Loss: 142.926712
Train Epoch: 7 [57536/60000 (96%)]	Loss: 172.410522

Test set: Average loss: 157.8218, Accuracy: 1078/10000 (11%)

Train Epoch: 8 [6336/60000 (11%)]	Loss: 152.505814
Train Epoch: 8 [12736/60000 (21%)]	Loss: 138.276993
Train Epoch: 8 [19136/60000 (32%)]	Loss: 162.856949
Train Epoch: 8 [25536/60000 (43%)]	Loss: 154.383682
Train Epoch: 8 [31936/60000 (53%)]	Loss: 148.220215
Train Epoch: 8 [38336/60000 (64%)]	Loss: 150.334320
Train Epoch: 8 [44736/60000 (75%)]	Loss: 151.113068
Train Epoch: 8 [51136/60000 (85%)]	Loss: 152.342941
Train Epoch: 8 [57536/60000 (96%)]	Loss: 149.804306

Test set: Average loss: 157.2901, Accuracy: 1081/10000 (11%)

Train Epoch: 9 [6336/60000 (11%)]	Loss: 148.330780
Train Epoch: 9 [12736/60000 (21%)]	Loss: 146.893127
Train Epoch: 9 [19136/60000 (32%)]	Loss: 162.089981
Train Epoch: 9 [25536/60000 (43%)]	Loss: 142.098511
Train Epoch: 9 [31936/60000 (53%)]	Loss: 160.708954
Train Epoch: 9 [38336/60000 (64%)]	Loss: 161.665527
Train Epoch: 9 [44736/60000 (75%)]	Loss: 156.561951
Train Epoch: 9 [51136/60000 (85%)]	Loss: 163.619965
Train Epoch: 9 [57536/60000 (96%)]	Loss: 184.975754

Test set: Average loss: 159.8032, Accuracy: 1054/10000 (11%)

Train Epoch: 10 [6336/60000 (11%)]	Loss: 161.312332
Train Epoch: 10 [12736/60000 (21%)]	Loss: 152.301468
Train Epoch: 10 [19136/60000 (32%)]	Loss: 161.700928
Train Epoch: 10 [25536/60000 (43%)]	Loss: 162.941269
Train Epoch: 10 [31936/60000 (53%)]	Loss: 200.709442
Train Epoch: 10 [38336/60000 (64%)]	Loss: 158.345596
Train Epoch: 10 [44736/60000 (75%)]	Loss: 162.782883
Train Epoch: 10 [51136/60000 (85%)]	Loss: 181.622757
Train Epoch: 10 [57536/60000 (96%)]	Loss: 145.525452

Test set: Average loss: 161.0696, Accuracy: 1064/10000 (11%)

Train Epoch: 11 [6336/60000 (11%)]	Loss: 147.568802
Train Epoch: 11 [12736/60000 (21%)]	Loss: 157.944183
Train Epoch: 11 [19136/60000 (32%)]	Loss: 176.636078
Train Epoch: 11 [25536/60000 (43%)]	Loss: 128.325729
Train Epoch: 11 [31936/60000 (53%)]	Loss: 166.316086
Train Epoch: 11 [38336/60000 (64%)]	Loss: 150.101730
Train Epoch: 11 [44736/60000 (75%)]	Loss: 157.192963
Train Epoch: 11 [51136/60000 (85%)]	Loss: 168.105667
Train Epoch: 11 [57536/60000 (96%)]	Loss: 170.166946

Test set: Average loss: 150.6484, Accuracy: 1071/10000 (11%)

Namespace(batch_size=64, bias=None, data='../data', device=1, epochs=11, hidden_size=500, load_weights=None, log_interval=100, lr=0.1, model='redfc4', momentum=0.9, no_cuda=False, r=5, save_model=None, save_results=True, seed=1, sparsity=0.01, use_relu=False, wd=0.0005)


Total time spent pruning/training: 2.20 minutes
Total number of parameters in model: 4496420
Number of parameters in pruned model: 4451455
