Namespace(batch_size=64, bias=None, data='../data', device=1, epochs=2, hidden_size=500, load_weights=None, log_interval=100, lr=0.1, model='redfc4', momentum=0.9, no_cuda=False, r=5, save_model=None, save_results=True, seed=1, sparsity=0.02, use_relu=True, wd=0.0005) 

Pruning a Four-Layer Fully Connected Redundant Network ...
Train Epoch: 1 [6336/60000 (11%)]	Loss: 2.904168
Train Epoch: 1 [12736/60000 (21%)]	Loss: 3.295049
Train Epoch: 1 [19136/60000 (32%)]	Loss: 2.552685
Train Epoch: 1 [25536/60000 (43%)]	Loss: 2.573287
Train Epoch: 1 [31936/60000 (53%)]	Loss: 2.663903
Train Epoch: 1 [38336/60000 (64%)]	Loss: 2.334898
Train Epoch: 1 [44736/60000 (75%)]	Loss: 4.441846
Train Epoch: 1 [51136/60000 (85%)]	Loss: 3.991321
Train Epoch: 1 [57536/60000 (96%)]	Loss: 3.708132

Test set: Average loss: 4.7151, Accuracy: 5944/10000 (59%)

Train Epoch: 2 [6336/60000 (11%)]	Loss: 6.513805
Train Epoch: 2 [12736/60000 (21%)]	Loss: 1.705346
Train Epoch: 2 [19136/60000 (32%)]	Loss: 7.359516
Train Epoch: 2 [25536/60000 (43%)]	Loss: 2.716347
Train Epoch: 2 [31936/60000 (53%)]	Loss: 6.212473
Train Epoch: 2 [38336/60000 (64%)]	Loss: 5.275901
Train Epoch: 2 [44736/60000 (75%)]	Loss: 3.943268
Train Epoch: 2 [51136/60000 (85%)]	Loss: 5.231659
Train Epoch: 2 [57536/60000 (96%)]	Loss: 3.476357

Test set: Average loss: 4.7249, Accuracy: 6317/10000 (63%)

Namespace(batch_size=64, bias=None, data='../data', device=1, epochs=2, hidden_size=500, load_weights=None, log_interval=100, lr=0.1, model='redfc4', momentum=0.9, no_cuda=False, r=5, save_model=None, save_results=True, seed=1, sparsity=0.02, use_relu=True, wd=0.0005)


Total time spent pruning/training: 0.45 minutes
Total number of parameters in model: 4496420
Number of parameters in pruned model: 4406491
