Namespace(batch_size=64, bias=None, data='../data', device=1, epochs=6, hidden_size=500, load_weights=None, log_interval=100, lr=0.1, model='redfc4', momentum=0.9, no_cuda=False, r=5, save_model=None, save_results=True, seed=1, sparsity=0.9, use_relu=True, wd=0.0005) 

Pruning a Four-Layer Fully Connected Redundant Network ...
Train Epoch: 1 [6336/60000 (11%)]	Loss: 2.289122
Train Epoch: 1 [12736/60000 (21%)]	Loss: 2.147004
Train Epoch: 1 [19136/60000 (32%)]	Loss: 1.863841
Train Epoch: 1 [25536/60000 (43%)]	Loss: 1.630867
Train Epoch: 1 [31936/60000 (53%)]	Loss: 1.389572
Train Epoch: 1 [38336/60000 (64%)]	Loss: 1.312210
Train Epoch: 1 [44736/60000 (75%)]	Loss: 1.253644
Train Epoch: 1 [51136/60000 (85%)]	Loss: 1.326354
Train Epoch: 1 [57536/60000 (96%)]	Loss: 1.322239

Test set: Average loss: 1.1150, Accuracy: 6762/10000 (68%)

Train Epoch: 2 [6336/60000 (11%)]	Loss: 1.145157
Train Epoch: 2 [12736/60000 (21%)]	Loss: 0.967152
Train Epoch: 2 [19136/60000 (32%)]	Loss: 1.098723
Train Epoch: 2 [25536/60000 (43%)]	Loss: 0.853148
Train Epoch: 2 [31936/60000 (53%)]	Loss: 0.874115
Train Epoch: 2 [38336/60000 (64%)]	Loss: 0.944278
Train Epoch: 2 [44736/60000 (75%)]	Loss: 1.111242
Train Epoch: 2 [51136/60000 (85%)]	Loss: 0.844381
Train Epoch: 2 [57536/60000 (96%)]	Loss: 0.912954

Test set: Average loss: 0.8676, Accuracy: 7614/10000 (76%)

Train Epoch: 3 [6336/60000 (11%)]	Loss: 1.076376
Train Epoch: 3 [12736/60000 (21%)]	Loss: 0.816108
Train Epoch: 3 [19136/60000 (32%)]	Loss: 0.695311
Train Epoch: 3 [25536/60000 (43%)]	Loss: 0.913304
Train Epoch: 3 [31936/60000 (53%)]	Loss: 0.722088
Train Epoch: 3 [38336/60000 (64%)]	Loss: 0.779360
Train Epoch: 3 [44736/60000 (75%)]	Loss: 0.786995
Train Epoch: 3 [51136/60000 (85%)]	Loss: 0.730782
Train Epoch: 3 [57536/60000 (96%)]	Loss: 0.771310

Test set: Average loss: 0.9192, Accuracy: 7114/10000 (71%)

Train Epoch: 4 [6336/60000 (11%)]	Loss: 0.878943
Train Epoch: 4 [12736/60000 (21%)]	Loss: 0.835499
Train Epoch: 4 [19136/60000 (32%)]	Loss: 0.836485
Train Epoch: 4 [25536/60000 (43%)]	Loss: 0.945281
Train Epoch: 4 [31936/60000 (53%)]	Loss: 1.138241
Train Epoch: 4 [38336/60000 (64%)]	Loss: 0.814517
Train Epoch: 4 [44736/60000 (75%)]	Loss: 0.833824
Train Epoch: 4 [51136/60000 (85%)]	Loss: 0.837809
Train Epoch: 4 [57536/60000 (96%)]	Loss: 0.658041

Test set: Average loss: 0.8204, Accuracy: 7656/10000 (77%)

Train Epoch: 5 [6336/60000 (11%)]	Loss: 0.988252
Train Epoch: 5 [12736/60000 (21%)]	Loss: 0.834446
Train Epoch: 5 [19136/60000 (32%)]	Loss: 0.667933
Train Epoch: 5 [25536/60000 (43%)]	Loss: 0.653294
Train Epoch: 5 [31936/60000 (53%)]	Loss: 0.765248
Train Epoch: 5 [38336/60000 (64%)]	Loss: 0.824163
Train Epoch: 5 [44736/60000 (75%)]	Loss: 0.701540
Train Epoch: 5 [51136/60000 (85%)]	Loss: 0.717735
Train Epoch: 5 [57536/60000 (96%)]	Loss: 0.861623

Test set: Average loss: 0.7527, Accuracy: 7765/10000 (78%)

Train Epoch: 6 [6336/60000 (11%)]	Loss: 0.812117
Train Epoch: 6 [12736/60000 (21%)]	Loss: 0.759689
Train Epoch: 6 [19136/60000 (32%)]	Loss: 0.742877
Train Epoch: 6 [25536/60000 (43%)]	Loss: 0.866628
Train Epoch: 6 [31936/60000 (53%)]	Loss: 0.730509
Train Epoch: 6 [38336/60000 (64%)]	Loss: 0.690955
Train Epoch: 6 [44736/60000 (75%)]	Loss: 0.687985
Train Epoch: 6 [51136/60000 (85%)]	Loss: 0.777157
Train Epoch: 6 [57536/60000 (96%)]	Loss: 0.651726

Test set: Average loss: 0.7148, Accuracy: 8003/10000 (80%)

Namespace(batch_size=64, bias=None, data='../data', device=1, epochs=6, hidden_size=500, load_weights=None, log_interval=100, lr=0.1, model='redfc4', momentum=0.9, no_cuda=False, r=5, save_model=None, save_results=True, seed=1, sparsity=0.9, use_relu=True, wd=0.0005)


Total time spent pruning/training: 1.21 minutes
Total number of parameters in model: 4496420
Number of parameters in pruned model: 449641
