Namespace(batch_size=64, bias=None, data='../data', device=0, epochs=30, hidden_size=500, load_weights=None, log_interval=100, lr=0.1, milestones=[5, 7], model='redfc4', momentum=0.9, no_cuda=False, r=5, save_model=None, save_results=True, scheduler='cosine', seed=1, sparsity=0.5, use_relu=False, wd=0.0005) 

Pruning a Four-Layer Fully Connected Redundant Network ...
Train Epoch: 1 [0/60000 (0%)]	Loss: 12.298700
Train Epoch: 1 [6400/60000 (11%)]	Loss: 0.403048
Train Epoch: 1 [12800/60000 (21%)]	Loss: 0.185687
Train Epoch: 1 [19200/60000 (32%)]	Loss: 0.384511
Train Epoch: 1 [25600/60000 (43%)]	Loss: 0.473135
Train Epoch: 1 [32000/60000 (53%)]	Loss: 0.184269
Train Epoch: 1 [38400/60000 (64%)]	Loss: 0.142266
Train Epoch: 1 [44800/60000 (75%)]	Loss: 0.187402
Train Epoch: 1 [51200/60000 (85%)]	Loss: 0.320485
Train Epoch: 1 [57600/60000 (96%)]	Loss: 0.223319

Test set: Average loss: 0.2157, Accuracy: 9338/10000 (93%)

Train Epoch: 2 [0/60000 (0%)]	Loss: 0.190427
Train Epoch: 2 [6400/60000 (11%)]	Loss: 0.120199
Train Epoch: 2 [12800/60000 (21%)]	Loss: 0.491571
Train Epoch: 2 [19200/60000 (32%)]	Loss: 0.179950
Train Epoch: 2 [25600/60000 (43%)]	Loss: 0.326832
Train Epoch: 2 [32000/60000 (53%)]	Loss: 0.395358
Train Epoch: 2 [38400/60000 (64%)]	Loss: 0.242799
Train Epoch: 2 [44800/60000 (75%)]	Loss: 0.185625
Train Epoch: 2 [51200/60000 (85%)]	Loss: 0.128598
Train Epoch: 2 [57600/60000 (96%)]	Loss: 0.177873

Test set: Average loss: 0.1883, Accuracy: 9452/10000 (95%)

Train Epoch: 3 [0/60000 (0%)]	Loss: 0.196877
Train Epoch: 3 [6400/60000 (11%)]	Loss: 0.111216
Train Epoch: 3 [12800/60000 (21%)]	Loss: 0.187272
Train Epoch: 3 [19200/60000 (32%)]	Loss: 0.300500
Train Epoch: 3 [25600/60000 (43%)]	Loss: 0.096232
Train Epoch: 3 [32000/60000 (53%)]	Loss: 0.260951
Train Epoch: 3 [38400/60000 (64%)]	Loss: 0.280541
Train Epoch: 3 [44800/60000 (75%)]	Loss: 0.194334
Train Epoch: 3 [51200/60000 (85%)]	Loss: 0.050759
Train Epoch: 3 [57600/60000 (96%)]	Loss: 0.345608

Test set: Average loss: 0.2005, Accuracy: 9371/10000 (94%)

Train Epoch: 4 [0/60000 (0%)]	Loss: 0.081972
Train Epoch: 4 [6400/60000 (11%)]	Loss: 0.136843
Train Epoch: 4 [12800/60000 (21%)]	Loss: 0.114138
Train Epoch: 4 [19200/60000 (32%)]	Loss: 0.134211
Train Epoch: 4 [25600/60000 (43%)]	Loss: 0.352648
Train Epoch: 4 [32000/60000 (53%)]	Loss: 0.251083
Train Epoch: 4 [38400/60000 (64%)]	Loss: 0.358639
Train Epoch: 4 [44800/60000 (75%)]	Loss: 0.075328
Train Epoch: 4 [51200/60000 (85%)]	Loss: 0.278606
Train Epoch: 4 [57600/60000 (96%)]	Loss: 0.208490

Test set: Average loss: 0.2184, Accuracy: 9361/10000 (94%)

Train Epoch: 5 [0/60000 (0%)]	Loss: 0.111897
Train Epoch: 5 [6400/60000 (11%)]	Loss: 0.185980
Train Epoch: 5 [12800/60000 (21%)]	Loss: 0.251530
Train Epoch: 5 [19200/60000 (32%)]	Loss: 0.390064
Train Epoch: 5 [25600/60000 (43%)]	Loss: 0.148475
Train Epoch: 5 [32000/60000 (53%)]	Loss: 0.132584
Train Epoch: 5 [38400/60000 (64%)]	Loss: 0.304038
Train Epoch: 5 [44800/60000 (75%)]	Loss: 0.224766
Train Epoch: 5 [51200/60000 (85%)]	Loss: 0.249840
Train Epoch: 5 [57600/60000 (96%)]	Loss: 0.180185

Test set: Average loss: 0.3508, Accuracy: 8946/10000 (89%)

Train Epoch: 6 [0/60000 (0%)]	Loss: 0.269171
Train Epoch: 6 [6400/60000 (11%)]	Loss: 0.218598
Train Epoch: 6 [12800/60000 (21%)]	Loss: 0.240841
Train Epoch: 6 [19200/60000 (32%)]	Loss: 0.369257
Train Epoch: 6 [25600/60000 (43%)]	Loss: 0.316955
Train Epoch: 6 [32000/60000 (53%)]	Loss: 0.273993
Train Epoch: 6 [38400/60000 (64%)]	Loss: 0.634755
Train Epoch: 6 [44800/60000 (75%)]	Loss: 0.358478
Train Epoch: 6 [51200/60000 (85%)]	Loss: 0.525016
Train Epoch: 6 [57600/60000 (96%)]	Loss: 0.218060

Test set: Average loss: 0.2465, Accuracy: 9298/10000 (93%)

Train Epoch: 7 [0/60000 (0%)]	Loss: 0.178952
Train Epoch: 7 [6400/60000 (11%)]	Loss: 0.559609
Train Epoch: 7 [12800/60000 (21%)]	Loss: 0.332459
Train Epoch: 7 [19200/60000 (32%)]	Loss: 0.476147
Train Epoch: 7 [25600/60000 (43%)]	Loss: 0.253231
Train Epoch: 7 [32000/60000 (53%)]	Loss: 0.454841
Train Epoch: 7 [38400/60000 (64%)]	Loss: 0.324574
Train Epoch: 7 [44800/60000 (75%)]	Loss: 0.356562
Train Epoch: 7 [51200/60000 (85%)]	Loss: 0.392883
Train Epoch: 7 [57600/60000 (96%)]	Loss: 0.252719

Test set: Average loss: 0.2958, Accuracy: 9091/10000 (91%)

Train Epoch: 8 [0/60000 (0%)]	Loss: 0.163839
Train Epoch: 8 [6400/60000 (11%)]	Loss: 0.283499
Train Epoch: 8 [12800/60000 (21%)]	Loss: 0.327017
Train Epoch: 8 [19200/60000 (32%)]	Loss: 0.210908
Train Epoch: 8 [25600/60000 (43%)]	Loss: 0.348800
Train Epoch: 8 [32000/60000 (53%)]	Loss: 0.359768
Train Epoch: 8 [38400/60000 (64%)]	Loss: 0.377351
Train Epoch: 8 [44800/60000 (75%)]	Loss: 0.237573
Train Epoch: 8 [51200/60000 (85%)]	Loss: 0.229885
Train Epoch: 8 [57600/60000 (96%)]	Loss: 0.505983

Test set: Average loss: 0.3432, Accuracy: 9013/10000 (90%)

Train Epoch: 9 [0/60000 (0%)]	Loss: 0.353254
Train Epoch: 9 [6400/60000 (11%)]	Loss: 0.421163
Train Epoch: 9 [12800/60000 (21%)]	Loss: 0.213433
Train Epoch: 9 [19200/60000 (32%)]	Loss: 0.417902
Train Epoch: 9 [25600/60000 (43%)]	Loss: 0.335712
Train Epoch: 9 [32000/60000 (53%)]	Loss: 0.349031
Train Epoch: 9 [38400/60000 (64%)]	Loss: 0.180100
Train Epoch: 9 [44800/60000 (75%)]	Loss: 0.322029
Train Epoch: 9 [51200/60000 (85%)]	Loss: 0.366554
Train Epoch: 9 [57600/60000 (96%)]	Loss: 0.467407

Test set: Average loss: 0.3351, Accuracy: 9023/10000 (90%)

Train Epoch: 10 [0/60000 (0%)]	Loss: 0.280041
Train Epoch: 10 [6400/60000 (11%)]	Loss: 0.523435
Train Epoch: 10 [12800/60000 (21%)]	Loss: 0.335379
Train Epoch: 10 [19200/60000 (32%)]	Loss: 0.349961
Train Epoch: 10 [25600/60000 (43%)]	Loss: 0.586703
Train Epoch: 10 [32000/60000 (53%)]	Loss: 0.270308
Train Epoch: 10 [38400/60000 (64%)]	Loss: 0.134601
Train Epoch: 10 [44800/60000 (75%)]	Loss: 0.303940
Train Epoch: 10 [51200/60000 (85%)]	Loss: 0.450546
Train Epoch: 10 [57600/60000 (96%)]	Loss: 0.452459

Test set: Average loss: 0.4542, Accuracy: 8650/10000 (86%)

Train Epoch: 11 [0/60000 (0%)]	Loss: 0.409921
Train Epoch: 11 [6400/60000 (11%)]	Loss: 0.341587
Train Epoch: 11 [12800/60000 (21%)]	Loss: 0.302960
Train Epoch: 11 [19200/60000 (32%)]	Loss: 0.211941
Train Epoch: 11 [25600/60000 (43%)]	Loss: 0.227793
Train Epoch: 11 [32000/60000 (53%)]	Loss: 0.236794
Train Epoch: 11 [38400/60000 (64%)]	Loss: 0.314694
Train Epoch: 11 [44800/60000 (75%)]	Loss: 0.206085
Train Epoch: 11 [51200/60000 (85%)]	Loss: 0.257584
Train Epoch: 11 [57600/60000 (96%)]	Loss: 0.397634

Test set: Average loss: 0.3943, Accuracy: 8801/10000 (88%)

Train Epoch: 12 [0/60000 (0%)]	Loss: 0.400200
Train Epoch: 12 [6400/60000 (11%)]	Loss: 0.342496
Train Epoch: 12 [12800/60000 (21%)]	Loss: 0.499694
Train Epoch: 12 [19200/60000 (32%)]	Loss: 0.517625
Train Epoch: 12 [25600/60000 (43%)]	Loss: 0.386299
Train Epoch: 12 [32000/60000 (53%)]	Loss: 0.712832
Train Epoch: 12 [38400/60000 (64%)]	Loss: 0.527522
Train Epoch: 12 [44800/60000 (75%)]	Loss: 0.777906
Train Epoch: 12 [51200/60000 (85%)]	Loss: 0.686059
Train Epoch: 12 [57600/60000 (96%)]	Loss: 0.595808

Test set: Average loss: 0.6430, Accuracy: 8018/10000 (80%)

Train Epoch: 13 [0/60000 (0%)]	Loss: 0.762655
Train Epoch: 13 [6400/60000 (11%)]	Loss: 0.482899
Train Epoch: 13 [12800/60000 (21%)]	Loss: 0.945101
Train Epoch: 13 [19200/60000 (32%)]	Loss: 0.490684
Train Epoch: 13 [25600/60000 (43%)]	Loss: 0.425846
Train Epoch: 13 [32000/60000 (53%)]	Loss: 0.735237
Train Epoch: 13 [38400/60000 (64%)]	Loss: 0.350410
Train Epoch: 13 [44800/60000 (75%)]	Loss: 0.993446
Train Epoch: 13 [51200/60000 (85%)]	Loss: 0.429468
Train Epoch: 13 [57600/60000 (96%)]	Loss: 1.401909

Test set: Average loss: 0.6649, Accuracy: 8099/10000 (81%)

Train Epoch: 14 [0/60000 (0%)]	Loss: 1.120547
Train Epoch: 14 [6400/60000 (11%)]	Loss: 0.474752
Train Epoch: 14 [12800/60000 (21%)]	Loss: 0.646218
Train Epoch: 14 [19200/60000 (32%)]	Loss: 0.509670
Train Epoch: 14 [25600/60000 (43%)]	Loss: 0.610059
Train Epoch: 14 [32000/60000 (53%)]	Loss: 0.708171
Train Epoch: 14 [38400/60000 (64%)]	Loss: 1.075480
Train Epoch: 14 [44800/60000 (75%)]	Loss: 0.918577
Train Epoch: 14 [51200/60000 (85%)]	Loss: 0.649565
Train Epoch: 14 [57600/60000 (96%)]	Loss: 0.594192

Test set: Average loss: 1.0335, Accuracy: 7416/10000 (74%)

Train Epoch: 15 [0/60000 (0%)]	Loss: 1.045840
Train Epoch: 15 [6400/60000 (11%)]	Loss: 0.905399
Train Epoch: 15 [12800/60000 (21%)]	Loss: 0.893740
Train Epoch: 15 [19200/60000 (32%)]	Loss: 1.016885
Train Epoch: 15 [25600/60000 (43%)]	Loss: 0.476179
Train Epoch: 15 [32000/60000 (53%)]	Loss: 0.699961
Train Epoch: 15 [38400/60000 (64%)]	Loss: 1.031744
Train Epoch: 15 [44800/60000 (75%)]	Loss: 0.443609
Train Epoch: 15 [51200/60000 (85%)]	Loss: 0.422926
Train Epoch: 15 [57600/60000 (96%)]	Loss: 0.912039

Test set: Average loss: 0.8347, Accuracy: 7752/10000 (78%)

Train Epoch: 16 [0/60000 (0%)]	Loss: 0.848426
Train Epoch: 16 [6400/60000 (11%)]	Loss: 0.409121
Train Epoch: 16 [12800/60000 (21%)]	Loss: 0.500931
Train Epoch: 16 [19200/60000 (32%)]	Loss: 0.416349
Train Epoch: 16 [25600/60000 (43%)]	Loss: 0.901622
Train Epoch: 16 [32000/60000 (53%)]	Loss: 0.518259
Train Epoch: 16 [38400/60000 (64%)]	Loss: 1.009032
Train Epoch: 16 [44800/60000 (75%)]	Loss: 0.897150
Train Epoch: 16 [51200/60000 (85%)]	Loss: 0.704566
Train Epoch: 16 [57600/60000 (96%)]	Loss: 1.021585

Test set: Average loss: 0.8175, Accuracy: 7896/10000 (79%)

Train Epoch: 17 [0/60000 (0%)]	Loss: 0.743715
Train Epoch: 17 [6400/60000 (11%)]	Loss: 1.351587
Train Epoch: 17 [12800/60000 (21%)]	Loss: 0.557921
Train Epoch: 17 [19200/60000 (32%)]	Loss: 1.110806
Train Epoch: 17 [25600/60000 (43%)]	Loss: 0.806179
Train Epoch: 17 [32000/60000 (53%)]	Loss: 0.505062
Train Epoch: 17 [38400/60000 (64%)]	Loss: 0.860311
Train Epoch: 17 [44800/60000 (75%)]	Loss: 1.252366
Train Epoch: 17 [51200/60000 (85%)]	Loss: 0.350421
Train Epoch: 17 [57600/60000 (96%)]	Loss: 0.942937

Test set: Average loss: 0.8603, Accuracy: 7951/10000 (80%)

Train Epoch: 18 [0/60000 (0%)]	Loss: 1.003393
Train Epoch: 18 [6400/60000 (11%)]	Loss: 0.939226
Train Epoch: 18 [12800/60000 (21%)]	Loss: 0.603546
Train Epoch: 18 [19200/60000 (32%)]	Loss: 0.751435
Train Epoch: 18 [25600/60000 (43%)]	Loss: 0.341492
Train Epoch: 18 [32000/60000 (53%)]	Loss: 0.944650
Train Epoch: 18 [38400/60000 (64%)]	Loss: 0.452481
Train Epoch: 18 [44800/60000 (75%)]	Loss: 0.622455
Train Epoch: 18 [51200/60000 (85%)]	Loss: 0.779793
Train Epoch: 18 [57600/60000 (96%)]	Loss: 0.814455

Test set: Average loss: 0.4792, Accuracy: 8622/10000 (86%)

Train Epoch: 19 [0/60000 (0%)]	Loss: 0.271217
Train Epoch: 19 [6400/60000 (11%)]	Loss: 0.602184
Train Epoch: 19 [12800/60000 (21%)]	Loss: 0.316723
Train Epoch: 19 [19200/60000 (32%)]	Loss: 0.423729
Train Epoch: 19 [25600/60000 (43%)]	Loss: 0.734993
Train Epoch: 19 [32000/60000 (53%)]	Loss: 0.722458
Train Epoch: 19 [38400/60000 (64%)]	Loss: 0.833865
Train Epoch: 19 [44800/60000 (75%)]	Loss: 0.412512
Train Epoch: 19 [51200/60000 (85%)]	Loss: 0.792551
Train Epoch: 19 [57600/60000 (96%)]	Loss: 0.461798

Test set: Average loss: 0.6563, Accuracy: 8243/10000 (82%)

Train Epoch: 20 [0/60000 (0%)]	Loss: 0.759592
Train Epoch: 20 [6400/60000 (11%)]	Loss: 0.647403
Train Epoch: 20 [12800/60000 (21%)]	Loss: 0.362979
Train Epoch: 20 [19200/60000 (32%)]	Loss: 1.013133
Train Epoch: 20 [25600/60000 (43%)]	Loss: 0.789879
Train Epoch: 20 [32000/60000 (53%)]	Loss: 0.616417
Train Epoch: 20 [38400/60000 (64%)]	Loss: 0.432306
Train Epoch: 20 [44800/60000 (75%)]	Loss: 0.543984
Train Epoch: 20 [51200/60000 (85%)]	Loss: 0.682904
Train Epoch: 20 [57600/60000 (96%)]	Loss: 0.482065

Test set: Average loss: 0.5598, Accuracy: 8433/10000 (84%)

Train Epoch: 21 [0/60000 (0%)]	Loss: 0.830692
Train Epoch: 21 [6400/60000 (11%)]	Loss: 0.819859
Train Epoch: 21 [12800/60000 (21%)]	Loss: 0.568304
Train Epoch: 21 [19200/60000 (32%)]	Loss: 0.749190
Train Epoch: 21 [25600/60000 (43%)]	Loss: 0.528573
Train Epoch: 21 [32000/60000 (53%)]	Loss: 0.386060
Train Epoch: 21 [38400/60000 (64%)]	Loss: 0.416550
Train Epoch: 21 [44800/60000 (75%)]	Loss: 0.406208
Train Epoch: 21 [51200/60000 (85%)]	Loss: 0.506935
Train Epoch: 21 [57600/60000 (96%)]	Loss: 0.712675

Test set: Average loss: 0.5283, Accuracy: 8451/10000 (85%)

Train Epoch: 22 [0/60000 (0%)]	Loss: 0.676551
Train Epoch: 22 [6400/60000 (11%)]	Loss: 0.386883
Train Epoch: 22 [12800/60000 (21%)]	Loss: 0.286221
Train Epoch: 22 [19200/60000 (32%)]	Loss: 0.275769
Train Epoch: 22 [25600/60000 (43%)]	Loss: 0.387114
Train Epoch: 22 [32000/60000 (53%)]	Loss: 0.403746
Train Epoch: 22 [38400/60000 (64%)]	Loss: 0.710141
Train Epoch: 22 [44800/60000 (75%)]	Loss: 0.610920
Train Epoch: 22 [51200/60000 (85%)]	Loss: 0.342741
Train Epoch: 22 [57600/60000 (96%)]	Loss: 0.267794

Test set: Average loss: 0.4880, Accuracy: 8508/10000 (85%)

Train Epoch: 23 [0/60000 (0%)]	Loss: 0.427678
Train Epoch: 23 [6400/60000 (11%)]	Loss: 0.236863
Train Epoch: 23 [12800/60000 (21%)]	Loss: 0.651367
Train Epoch: 23 [19200/60000 (32%)]	Loss: 0.165468
Train Epoch: 23 [25600/60000 (43%)]	Loss: 0.173240
Train Epoch: 23 [32000/60000 (53%)]	Loss: 0.454857
Train Epoch: 23 [38400/60000 (64%)]	Loss: 0.724009
Train Epoch: 23 [44800/60000 (75%)]	Loss: 0.422696
Train Epoch: 23 [51200/60000 (85%)]	Loss: 0.435230
Train Epoch: 23 [57600/60000 (96%)]	Loss: 0.442583

Test set: Average loss: 0.3327, Accuracy: 9028/10000 (90%)

Train Epoch: 24 [0/60000 (0%)]	Loss: 0.300818
Train Epoch: 24 [6400/60000 (11%)]	Loss: 0.488652
Train Epoch: 24 [12800/60000 (21%)]	Loss: 0.282978
Train Epoch: 24 [19200/60000 (32%)]	Loss: 0.392862
Train Epoch: 24 [25600/60000 (43%)]	Loss: 0.417304
Train Epoch: 24 [32000/60000 (53%)]	Loss: 0.362512
Train Epoch: 24 [38400/60000 (64%)]	Loss: 0.531584
Train Epoch: 24 [44800/60000 (75%)]	Loss: 0.785064
Train Epoch: 24 [51200/60000 (85%)]	Loss: 0.283069
Train Epoch: 24 [57600/60000 (96%)]	Loss: 0.153463

Test set: Average loss: 0.3147, Accuracy: 9033/10000 (90%)

Train Epoch: 25 [0/60000 (0%)]	Loss: 0.297589
Train Epoch: 25 [6400/60000 (11%)]	Loss: 0.294890
Train Epoch: 25 [12800/60000 (21%)]	Loss: 0.238751
Train Epoch: 25 [19200/60000 (32%)]	Loss: 0.131286
Train Epoch: 25 [25600/60000 (43%)]	Loss: 0.450329
Train Epoch: 25 [32000/60000 (53%)]	Loss: 0.111448
Train Epoch: 25 [38400/60000 (64%)]	Loss: 0.178282
Train Epoch: 25 [44800/60000 (75%)]	Loss: 0.141636
Train Epoch: 25 [51200/60000 (85%)]	Loss: 0.213151
Train Epoch: 25 [57600/60000 (96%)]	Loss: 0.158983

Test set: Average loss: 0.2625, Accuracy: 9207/10000 (92%)

Train Epoch: 26 [0/60000 (0%)]	Loss: 0.289877
Train Epoch: 26 [6400/60000 (11%)]	Loss: 0.383527
Train Epoch: 26 [12800/60000 (21%)]	Loss: 0.332810
Train Epoch: 26 [19200/60000 (32%)]	Loss: 0.083373
Train Epoch: 26 [25600/60000 (43%)]	Loss: 0.147688
Train Epoch: 26 [32000/60000 (53%)]	Loss: 0.243656
Train Epoch: 26 [38400/60000 (64%)]	Loss: 0.156922
Train Epoch: 26 [44800/60000 (75%)]	Loss: 0.258886
Train Epoch: 26 [51200/60000 (85%)]	Loss: 0.132120
Train Epoch: 26 [57600/60000 (96%)]	Loss: 0.014388

Test set: Average loss: 0.2527, Accuracy: 9235/10000 (92%)

Train Epoch: 27 [0/60000 (0%)]	Loss: 0.112796
Train Epoch: 27 [6400/60000 (11%)]	Loss: 0.195313
Train Epoch: 27 [12800/60000 (21%)]	Loss: 0.135519
Train Epoch: 27 [19200/60000 (32%)]	Loss: 0.134477
Train Epoch: 27 [25600/60000 (43%)]	Loss: 0.232307
Train Epoch: 27 [32000/60000 (53%)]	Loss: 0.074386
Train Epoch: 27 [38400/60000 (64%)]	Loss: 0.458526
Train Epoch: 27 [44800/60000 (75%)]	Loss: 0.090046
Train Epoch: 27 [51200/60000 (85%)]	Loss: 0.217527
Train Epoch: 27 [57600/60000 (96%)]	Loss: 0.105714

Test set: Average loss: 0.1734, Accuracy: 9476/10000 (95%)

Train Epoch: 28 [0/60000 (0%)]	Loss: 0.053239
Train Epoch: 28 [6400/60000 (11%)]	Loss: 0.136650
Train Epoch: 28 [12800/60000 (21%)]	Loss: 0.044247
Train Epoch: 28 [19200/60000 (32%)]	Loss: 0.060864
Train Epoch: 28 [25600/60000 (43%)]	Loss: 0.054991
Train Epoch: 28 [32000/60000 (53%)]	Loss: 0.096141
Train Epoch: 28 [38400/60000 (64%)]	Loss: 0.234027
Train Epoch: 28 [44800/60000 (75%)]	Loss: 0.055655
Train Epoch: 28 [51200/60000 (85%)]	Loss: 0.089807
Train Epoch: 28 [57600/60000 (96%)]	Loss: 0.166904

Test set: Average loss: 0.1426, Accuracy: 9571/10000 (96%)

Train Epoch: 29 [0/60000 (0%)]	Loss: 0.095155
Train Epoch: 29 [6400/60000 (11%)]	Loss: 0.021066
Train Epoch: 29 [12800/60000 (21%)]	Loss: 0.058081
Train Epoch: 29 [19200/60000 (32%)]	Loss: 0.237106
Train Epoch: 29 [25600/60000 (43%)]	Loss: 0.160737
Train Epoch: 29 [32000/60000 (53%)]	Loss: 0.084056
Train Epoch: 29 [38400/60000 (64%)]	Loss: 0.058570
Train Epoch: 29 [44800/60000 (75%)]	Loss: 0.102664
Train Epoch: 29 [51200/60000 (85%)]	Loss: 0.020142
Train Epoch: 29 [57600/60000 (96%)]	Loss: 0.154452

Test set: Average loss: 0.1139, Accuracy: 9658/10000 (97%)

Train Epoch: 30 [0/60000 (0%)]	Loss: 0.020375
Train Epoch: 30 [6400/60000 (11%)]	Loss: 0.102891
Train Epoch: 30 [12800/60000 (21%)]	Loss: 0.015886
Train Epoch: 30 [19200/60000 (32%)]	Loss: 0.048132
Train Epoch: 30 [25600/60000 (43%)]	Loss: 0.014973
Train Epoch: 30 [32000/60000 (53%)]	Loss: 0.018934
Train Epoch: 30 [38400/60000 (64%)]	Loss: 0.033724
Train Epoch: 30 [44800/60000 (75%)]	Loss: 0.007594
Train Epoch: 30 [51200/60000 (85%)]	Loss: 0.021920
Train Epoch: 30 [57600/60000 (96%)]	Loss: 0.055426

Test set: Average loss: 0.0977, Accuracy: 9702/10000 (97%)

Namespace(batch_size=64, bias=None, data='../data', device=0, epochs=30, hidden_size=500, load_weights=None, log_interval=100, lr=0.1, milestones=[5, 7], model='redfc4', momentum=0.9, no_cuda=False, r=5, save_model=None, save_results=True, scheduler='cosine', seed=1, sparsity=0.5, use_relu=False, wd=0.0005)


Total time spent pruning/training: 5.76 minutes
Total number of parameters in model: 4496420
Number of parameters in pruned model: 2248210
