Namespace(batch_size=64, bias=None, data='../data', device=1, epochs=6, hidden_size=500, load_weights=None, log_interval=100, lr=0.1, model='widefc2', momentum=0.9, no_cuda=False, r=5, save_model=None, save_results=True, seed=1, sparsity=0.975, use_relu=False, wd=0.0005) 

Pruning a Wide Two-Layer Fully Connected network ...
Train Epoch: 1 [6336/60000 (11%)]	Loss: 0.905182
Train Epoch: 1 [12736/60000 (21%)]	Loss: 0.724479
Train Epoch: 1 [19136/60000 (32%)]	Loss: 0.568863
Train Epoch: 1 [25536/60000 (43%)]	Loss: 0.556393
Train Epoch: 1 [31936/60000 (53%)]	Loss: 0.468835
Train Epoch: 1 [38336/60000 (64%)]	Loss: 0.412400
Train Epoch: 1 [44736/60000 (75%)]	Loss: 0.494015
Train Epoch: 1 [51136/60000 (85%)]	Loss: 0.489236
Train Epoch: 1 [57536/60000 (96%)]	Loss: 0.449041

Test set: Average loss: 0.4002, Accuracy: 8998/10000 (90%)

Train Epoch: 2 [6336/60000 (11%)]	Loss: 0.435994
Train Epoch: 2 [12736/60000 (21%)]	Loss: 0.326413
Train Epoch: 2 [19136/60000 (32%)]	Loss: 0.411678
Train Epoch: 2 [25536/60000 (43%)]	Loss: 0.463570
Train Epoch: 2 [31936/60000 (53%)]	Loss: 0.455296
Train Epoch: 2 [38336/60000 (64%)]	Loss: 0.270201
Train Epoch: 2 [44736/60000 (75%)]	Loss: 0.333352
Train Epoch: 2 [51136/60000 (85%)]	Loss: 0.279339
Train Epoch: 2 [57536/60000 (96%)]	Loss: 0.375472

Test set: Average loss: 0.3544, Accuracy: 9088/10000 (91%)

Train Epoch: 3 [6336/60000 (11%)]	Loss: 0.276402
Train Epoch: 3 [12736/60000 (21%)]	Loss: 0.216984
Train Epoch: 3 [19136/60000 (32%)]	Loss: 0.254621
Train Epoch: 3 [25536/60000 (43%)]	Loss: 0.338311
Train Epoch: 3 [31936/60000 (53%)]	Loss: 0.346107
Train Epoch: 3 [38336/60000 (64%)]	Loss: 0.274674
Train Epoch: 3 [44736/60000 (75%)]	Loss: 0.370416
Train Epoch: 3 [51136/60000 (85%)]	Loss: 0.491750
Train Epoch: 3 [57536/60000 (96%)]	Loss: 0.283359

Test set: Average loss: 0.3374, Accuracy: 9143/10000 (91%)

Train Epoch: 4 [6336/60000 (11%)]	Loss: 0.416626
Train Epoch: 4 [12736/60000 (21%)]	Loss: 0.400626
Train Epoch: 4 [19136/60000 (32%)]	Loss: 0.431038
Train Epoch: 4 [25536/60000 (43%)]	Loss: 0.373195
Train Epoch: 4 [31936/60000 (53%)]	Loss: 0.375018
Train Epoch: 4 [38336/60000 (64%)]	Loss: 0.369411
Train Epoch: 4 [44736/60000 (75%)]	Loss: 0.314014
Train Epoch: 4 [51136/60000 (85%)]	Loss: 0.317838
Train Epoch: 4 [57536/60000 (96%)]	Loss: 0.322746

Test set: Average loss: 0.3309, Accuracy: 9159/10000 (92%)

Train Epoch: 5 [6336/60000 (11%)]	Loss: 0.220607
Train Epoch: 5 [12736/60000 (21%)]	Loss: 0.251022
Train Epoch: 5 [19136/60000 (32%)]	Loss: 0.317542
Train Epoch: 5 [25536/60000 (43%)]	Loss: 0.350168
Train Epoch: 5 [31936/60000 (53%)]	Loss: 0.351858
Train Epoch: 5 [38336/60000 (64%)]	Loss: 0.546054
Train Epoch: 5 [44736/60000 (75%)]	Loss: 0.294138
Train Epoch: 5 [51136/60000 (85%)]	Loss: 0.286667
Train Epoch: 5 [57536/60000 (96%)]	Loss: 0.297690

Test set: Average loss: 0.3281, Accuracy: 9157/10000 (92%)

Train Epoch: 6 [6336/60000 (11%)]	Loss: 0.366979
Train Epoch: 6 [12736/60000 (21%)]	Loss: 0.340311
Train Epoch: 6 [19136/60000 (32%)]	Loss: 0.349454
Train Epoch: 6 [25536/60000 (43%)]	Loss: 0.345269
Train Epoch: 6 [31936/60000 (53%)]	Loss: 0.337166
Train Epoch: 6 [38336/60000 (64%)]	Loss: 0.279687
Train Epoch: 6 [44736/60000 (75%)]	Loss: 0.254555
Train Epoch: 6 [51136/60000 (85%)]	Loss: 0.317057
Train Epoch: 6 [57536/60000 (96%)]	Loss: 0.291056

Test set: Average loss: 0.3266, Accuracy: 9165/10000 (92%)

Namespace(batch_size=64, bias=None, data='../data', device=1, epochs=6, hidden_size=500, load_weights=None, log_interval=100, lr=0.1, model='widefc2', momentum=0.9, no_cuda=False, r=5, save_model=None, save_results=True, seed=1, sparsity=0.975, use_relu=False, wd=0.0005)


Total time spent pruning/training: 0.63 minutes
Total number of parameters in model: 1991352
Number of parameters in pruned model: 49783
