Namespace(batch_size=64, bias=None, data='../data', device=1, epochs=12, hidden_size=500, load_weights=None, log_interval=100, lr=0.1, model='widefc2', momentum=0.9, no_cuda=False, r=5, save_model=None, save_results=True, seed=1, sparsity=0.02, use_relu=False, wd=0.0005) 

Pruning a Wide Two-Layer Fully Connected network ...
Train Epoch: 1 [6336/60000 (11%)]	Loss: 0.436037
Train Epoch: 1 [12736/60000 (21%)]	Loss: 0.454252
Train Epoch: 1 [19136/60000 (32%)]	Loss: 0.342930
Train Epoch: 1 [25536/60000 (43%)]	Loss: 0.439145
Train Epoch: 1 [31936/60000 (53%)]	Loss: 0.410088
Train Epoch: 1 [38336/60000 (64%)]	Loss: 0.350460
Train Epoch: 1 [44736/60000 (75%)]	Loss: 0.460197
Train Epoch: 1 [51136/60000 (85%)]	Loss: 0.588626
Train Epoch: 1 [57536/60000 (96%)]	Loss: 0.498986

Test set: Average loss: 0.6032, Accuracy: 8047/10000 (80%)

Train Epoch: 2 [6336/60000 (11%)]	Loss: 0.506035
Train Epoch: 2 [12736/60000 (21%)]	Loss: 0.546936
Train Epoch: 2 [19136/60000 (32%)]	Loss: 0.671924
Train Epoch: 2 [25536/60000 (43%)]	Loss: 0.978931
Train Epoch: 2 [31936/60000 (53%)]	Loss: 0.771585
Train Epoch: 2 [38336/60000 (64%)]	Loss: 0.738616
Train Epoch: 2 [44736/60000 (75%)]	Loss: 0.777704
Train Epoch: 2 [51136/60000 (85%)]	Loss: 0.925079
Train Epoch: 2 [57536/60000 (96%)]	Loss: 0.875116

Test set: Average loss: 0.9965, Accuracy: 6950/10000 (70%)

Train Epoch: 3 [6336/60000 (11%)]	Loss: 0.944703
Train Epoch: 3 [12736/60000 (21%)]	Loss: 1.083764
Train Epoch: 3 [19136/60000 (32%)]	Loss: 0.951440
Train Epoch: 3 [25536/60000 (43%)]	Loss: 1.287135
Train Epoch: 3 [31936/60000 (53%)]	Loss: 1.243818
Train Epoch: 3 [38336/60000 (64%)]	Loss: 1.203103
Train Epoch: 3 [44736/60000 (75%)]	Loss: 1.322048
Train Epoch: 3 [51136/60000 (85%)]	Loss: 1.450370
Train Epoch: 3 [57536/60000 (96%)]	Loss: 1.454373

Test set: Average loss: 1.5002, Accuracy: 5037/10000 (50%)

Train Epoch: 4 [6336/60000 (11%)]	Loss: 1.588446
Train Epoch: 4 [12736/60000 (21%)]	Loss: 1.430139
Train Epoch: 4 [19136/60000 (32%)]	Loss: 1.453805
Train Epoch: 4 [25536/60000 (43%)]	Loss: 1.477167
Train Epoch: 4 [31936/60000 (53%)]	Loss: 1.589621
Train Epoch: 4 [38336/60000 (64%)]	Loss: 1.615956
Train Epoch: 4 [44736/60000 (75%)]	Loss: 1.729647
Train Epoch: 4 [51136/60000 (85%)]	Loss: 1.656218
Train Epoch: 4 [57536/60000 (96%)]	Loss: 1.882023

Test set: Average loss: 1.7105, Accuracy: 4352/10000 (44%)

Train Epoch: 5 [6336/60000 (11%)]	Loss: 1.707343
Train Epoch: 5 [12736/60000 (21%)]	Loss: 1.811442
Train Epoch: 5 [19136/60000 (32%)]	Loss: 1.736019
Train Epoch: 5 [25536/60000 (43%)]	Loss: 1.866108
Train Epoch: 5 [31936/60000 (53%)]	Loss: 1.735092
Train Epoch: 5 [38336/60000 (64%)]	Loss: 1.914340
Train Epoch: 5 [44736/60000 (75%)]	Loss: 1.840692
Train Epoch: 5 [51136/60000 (85%)]	Loss: 1.631559
Train Epoch: 5 [57536/60000 (96%)]	Loss: 1.829000

Test set: Average loss: 1.8318, Accuracy: 4018/10000 (40%)

Train Epoch: 6 [6336/60000 (11%)]	Loss: 1.857862
Train Epoch: 6 [12736/60000 (21%)]	Loss: 1.858052
Train Epoch: 6 [19136/60000 (32%)]	Loss: 1.729958
Train Epoch: 6 [25536/60000 (43%)]	Loss: 1.796923
Train Epoch: 6 [31936/60000 (53%)]	Loss: 1.793906
Train Epoch: 6 [38336/60000 (64%)]	Loss: 1.805202
Train Epoch: 6 [44736/60000 (75%)]	Loss: 1.802645
Train Epoch: 6 [51136/60000 (85%)]	Loss: 1.864220
Train Epoch: 6 [57536/60000 (96%)]	Loss: 1.855323

Test set: Average loss: 1.8918, Accuracy: 3918/10000 (39%)

Train Epoch: 7 [6336/60000 (11%)]	Loss: 1.785007
Train Epoch: 7 [12736/60000 (21%)]	Loss: 1.927079
Train Epoch: 7 [19136/60000 (32%)]	Loss: 2.002715
Train Epoch: 7 [25536/60000 (43%)]	Loss: 1.813940
Train Epoch: 7 [31936/60000 (53%)]	Loss: 1.838081
Train Epoch: 7 [38336/60000 (64%)]	Loss: 1.997256
Train Epoch: 7 [44736/60000 (75%)]	Loss: 2.050181
Train Epoch: 7 [51136/60000 (85%)]	Loss: 1.789041
Train Epoch: 7 [57536/60000 (96%)]	Loss: 1.934568

Test set: Average loss: 1.9308, Accuracy: 3888/10000 (39%)

Train Epoch: 8 [6336/60000 (11%)]	Loss: 2.029030
Train Epoch: 8 [12736/60000 (21%)]	Loss: 2.014869
Train Epoch: 8 [19136/60000 (32%)]	Loss: 2.096765
Train Epoch: 8 [25536/60000 (43%)]	Loss: 1.975445
Train Epoch: 8 [31936/60000 (53%)]	Loss: 2.122805
Train Epoch: 8 [38336/60000 (64%)]	Loss: 1.956498
Train Epoch: 8 [44736/60000 (75%)]	Loss: 1.745918
Train Epoch: 8 [51136/60000 (85%)]	Loss: 1.918614
Train Epoch: 8 [57536/60000 (96%)]	Loss: 1.913992

Test set: Average loss: 1.9568, Accuracy: 3459/10000 (35%)

Train Epoch: 9 [6336/60000 (11%)]	Loss: 1.667930
Train Epoch: 9 [12736/60000 (21%)]	Loss: 1.747256
Train Epoch: 9 [19136/60000 (32%)]	Loss: 2.111528
Train Epoch: 9 [25536/60000 (43%)]	Loss: 2.133301
Train Epoch: 9 [31936/60000 (53%)]	Loss: 2.141437
Train Epoch: 9 [38336/60000 (64%)]	Loss: 2.116725
Train Epoch: 9 [44736/60000 (75%)]	Loss: 2.060809
Train Epoch: 9 [51136/60000 (85%)]	Loss: 2.190986
Train Epoch: 9 [57536/60000 (96%)]	Loss: 2.028473

Test set: Average loss: 1.9419, Accuracy: 3577/10000 (36%)

Train Epoch: 10 [6336/60000 (11%)]	Loss: 2.045406
Train Epoch: 10 [12736/60000 (21%)]	Loss: 1.877457
Train Epoch: 10 [19136/60000 (32%)]	Loss: 2.159967
Train Epoch: 10 [25536/60000 (43%)]	Loss: 1.878398
Train Epoch: 10 [31936/60000 (53%)]	Loss: 1.939858
Train Epoch: 10 [38336/60000 (64%)]	Loss: 2.100739
Train Epoch: 10 [44736/60000 (75%)]	Loss: 2.096379
Train Epoch: 10 [51136/60000 (85%)]	Loss: 1.991870
Train Epoch: 10 [57536/60000 (96%)]	Loss: 2.053104

Test set: Average loss: 1.9737, Accuracy: 3554/10000 (36%)

Train Epoch: 11 [6336/60000 (11%)]	Loss: 1.825433
Train Epoch: 11 [12736/60000 (21%)]	Loss: 1.988101
Train Epoch: 11 [19136/60000 (32%)]	Loss: 1.984984
Train Epoch: 11 [25536/60000 (43%)]	Loss: 2.075764
Train Epoch: 11 [31936/60000 (53%)]	Loss: 2.091467
Train Epoch: 11 [38336/60000 (64%)]	Loss: 1.997596
Train Epoch: 11 [44736/60000 (75%)]	Loss: 2.030208
Train Epoch: 11 [51136/60000 (85%)]	Loss: 1.965664
Train Epoch: 11 [57536/60000 (96%)]	Loss: 1.994261

Test set: Average loss: 2.0016, Accuracy: 3454/10000 (35%)

Train Epoch: 12 [6336/60000 (11%)]	Loss: 2.042303
Train Epoch: 12 [12736/60000 (21%)]	Loss: 1.976151
Train Epoch: 12 [19136/60000 (32%)]	Loss: 1.992728
Train Epoch: 12 [25536/60000 (43%)]	Loss: 1.699230
Train Epoch: 12 [31936/60000 (53%)]	Loss: 1.929205
Train Epoch: 12 [38336/60000 (64%)]	Loss: 1.924498
Train Epoch: 12 [44736/60000 (75%)]	Loss: 1.994393
Train Epoch: 12 [51136/60000 (85%)]	Loss: 2.151942
Train Epoch: 12 [57536/60000 (96%)]	Loss: 2.135573

Test set: Average loss: 1.9840, Accuracy: 3434/10000 (34%)

Namespace(batch_size=64, bias=None, data='../data', device=1, epochs=12, hidden_size=500, load_weights=None, log_interval=100, lr=0.1, model='widefc2', momentum=0.9, no_cuda=False, r=5, save_model=None, save_results=True, seed=1, sparsity=0.02, use_relu=False, wd=0.0005)


Total time spent pruning/training: 1.28 minutes
Total number of parameters in model: 1991352
Number of parameters in pruned model: 1951524
