Namespace(batch_size=64, bias=None, data='../data', device=1, epochs=18, hidden_size=500, load_weights=None, log_interval=100, lr=0.1, model='widefc2', momentum=0.9, no_cuda=False, r=5, save_model=None, save_results=True, seed=1, sparsity=0.98, use_relu=False, wd=0.0005) 

Pruning a Wide Two-Layer Fully Connected network ...
Train Epoch: 1 [6336/60000 (11%)]	Loss: 0.976493
Train Epoch: 1 [12736/60000 (21%)]	Loss: 0.779079
Train Epoch: 1 [19136/60000 (32%)]	Loss: 0.632973
Train Epoch: 1 [25536/60000 (43%)]	Loss: 0.596070
Train Epoch: 1 [31936/60000 (53%)]	Loss: 0.507519
Train Epoch: 1 [38336/60000 (64%)]	Loss: 0.468656
Train Epoch: 1 [44736/60000 (75%)]	Loss: 0.522956
Train Epoch: 1 [51136/60000 (85%)]	Loss: 0.524211
Train Epoch: 1 [57536/60000 (96%)]	Loss: 0.491059

Test set: Average loss: 0.4384, Accuracy: 8946/10000 (89%)

Train Epoch: 2 [6336/60000 (11%)]	Loss: 0.477123
Train Epoch: 2 [12736/60000 (21%)]	Loss: 0.368016
Train Epoch: 2 [19136/60000 (32%)]	Loss: 0.445188
Train Epoch: 2 [25536/60000 (43%)]	Loss: 0.501420
Train Epoch: 2 [31936/60000 (53%)]	Loss: 0.485644
Train Epoch: 2 [38336/60000 (64%)]	Loss: 0.316311
Train Epoch: 2 [44736/60000 (75%)]	Loss: 0.372713
Train Epoch: 2 [51136/60000 (85%)]	Loss: 0.328228
Train Epoch: 2 [57536/60000 (96%)]	Loss: 0.419834

Test set: Average loss: 0.3928, Accuracy: 9038/10000 (90%)

Train Epoch: 3 [6336/60000 (11%)]	Loss: 0.315011
Train Epoch: 3 [12736/60000 (21%)]	Loss: 0.253628
Train Epoch: 3 [19136/60000 (32%)]	Loss: 0.288225
Train Epoch: 3 [25536/60000 (43%)]	Loss: 0.391502
Train Epoch: 3 [31936/60000 (53%)]	Loss: 0.387266
Train Epoch: 3 [38336/60000 (64%)]	Loss: 0.335964
Train Epoch: 3 [44736/60000 (75%)]	Loss: 0.402762
Train Epoch: 3 [51136/60000 (85%)]	Loss: 0.514529
Train Epoch: 3 [57536/60000 (96%)]	Loss: 0.348609

Test set: Average loss: 0.3786, Accuracy: 9089/10000 (91%)

Train Epoch: 4 [6336/60000 (11%)]	Loss: 0.475194
Train Epoch: 4 [12736/60000 (21%)]	Loss: 0.447577
Train Epoch: 4 [19136/60000 (32%)]	Loss: 0.478889
Train Epoch: 4 [25536/60000 (43%)]	Loss: 0.425283
Train Epoch: 4 [31936/60000 (53%)]	Loss: 0.416932
Train Epoch: 4 [38336/60000 (64%)]	Loss: 0.401996
Train Epoch: 4 [44736/60000 (75%)]	Loss: 0.353155
Train Epoch: 4 [51136/60000 (85%)]	Loss: 0.365460
Train Epoch: 4 [57536/60000 (96%)]	Loss: 0.369723

Test set: Average loss: 0.3722, Accuracy: 9106/10000 (91%)

Train Epoch: 5 [6336/60000 (11%)]	Loss: 0.270016
Train Epoch: 5 [12736/60000 (21%)]	Loss: 0.302461
Train Epoch: 5 [19136/60000 (32%)]	Loss: 0.376970
Train Epoch: 5 [25536/60000 (43%)]	Loss: 0.399574
Train Epoch: 5 [31936/60000 (53%)]	Loss: 0.388976
Train Epoch: 5 [38336/60000 (64%)]	Loss: 0.577562
Train Epoch: 5 [44736/60000 (75%)]	Loss: 0.332770
Train Epoch: 5 [51136/60000 (85%)]	Loss: 0.329251
Train Epoch: 5 [57536/60000 (96%)]	Loss: 0.349553

Test set: Average loss: 0.3706, Accuracy: 9106/10000 (91%)

Train Epoch: 6 [6336/60000 (11%)]	Loss: 0.418380
Train Epoch: 6 [12736/60000 (21%)]	Loss: 0.390237
Train Epoch: 6 [19136/60000 (32%)]	Loss: 0.418793
Train Epoch: 6 [25536/60000 (43%)]	Loss: 0.371359
Train Epoch: 6 [31936/60000 (53%)]	Loss: 0.389436
Train Epoch: 6 [38336/60000 (64%)]	Loss: 0.325354
Train Epoch: 6 [44736/60000 (75%)]	Loss: 0.300578
Train Epoch: 6 [51136/60000 (85%)]	Loss: 0.381091
Train Epoch: 6 [57536/60000 (96%)]	Loss: 0.349829

Test set: Average loss: 0.3720, Accuracy: 9085/10000 (91%)

Train Epoch: 7 [6336/60000 (11%)]	Loss: 0.271734
Train Epoch: 7 [12736/60000 (21%)]	Loss: 0.329712
Train Epoch: 7 [19136/60000 (32%)]	Loss: 0.433672
Train Epoch: 7 [25536/60000 (43%)]	Loss: 0.281946
Train Epoch: 7 [31936/60000 (53%)]	Loss: 0.400273
Train Epoch: 7 [38336/60000 (64%)]	Loss: 0.386845
Train Epoch: 7 [44736/60000 (75%)]	Loss: 0.404123
Train Epoch: 7 [51136/60000 (85%)]	Loss: 0.320675
Train Epoch: 7 [57536/60000 (96%)]	Loss: 0.439422

Test set: Average loss: 0.3687, Accuracy: 9112/10000 (91%)

Train Epoch: 8 [6336/60000 (11%)]	Loss: 0.660393
Train Epoch: 8 [12736/60000 (21%)]	Loss: 0.357531
Train Epoch: 8 [19136/60000 (32%)]	Loss: 0.286590
Train Epoch: 8 [25536/60000 (43%)]	Loss: 0.431643
Train Epoch: 8 [31936/60000 (53%)]	Loss: 0.459475
Train Epoch: 8 [38336/60000 (64%)]	Loss: 0.263849
Train Epoch: 8 [44736/60000 (75%)]	Loss: 0.309091
Train Epoch: 8 [51136/60000 (85%)]	Loss: 0.347555
Train Epoch: 8 [57536/60000 (96%)]	Loss: 0.410422

Test set: Average loss: 0.3661, Accuracy: 9114/10000 (91%)

Train Epoch: 9 [6336/60000 (11%)]	Loss: 0.311585
Train Epoch: 9 [12736/60000 (21%)]	Loss: 0.328936
Train Epoch: 9 [19136/60000 (32%)]	Loss: 0.287074
Train Epoch: 9 [25536/60000 (43%)]	Loss: 0.257693
Train Epoch: 9 [31936/60000 (53%)]	Loss: 0.388538
Train Epoch: 9 [38336/60000 (64%)]	Loss: 0.344189
Train Epoch: 9 [44736/60000 (75%)]	Loss: 0.408342
Train Epoch: 9 [51136/60000 (85%)]	Loss: 0.465774
Train Epoch: 9 [57536/60000 (96%)]	Loss: 0.493980

Test set: Average loss: 0.3662, Accuracy: 9091/10000 (91%)

Train Epoch: 10 [6336/60000 (11%)]	Loss: 0.378838
Train Epoch: 10 [12736/60000 (21%)]	Loss: 0.356584
Train Epoch: 10 [19136/60000 (32%)]	Loss: 0.306213
Train Epoch: 10 [25536/60000 (43%)]	Loss: 0.340143
Train Epoch: 10 [31936/60000 (53%)]	Loss: 0.464106
Train Epoch: 10 [38336/60000 (64%)]	Loss: 0.272723
Train Epoch: 10 [44736/60000 (75%)]	Loss: 0.438434
Train Epoch: 10 [51136/60000 (85%)]	Loss: 0.322456
Train Epoch: 10 [57536/60000 (96%)]	Loss: 0.438635

Test set: Average loss: 0.3643, Accuracy: 9134/10000 (91%)

Train Epoch: 11 [6336/60000 (11%)]	Loss: 0.411560
Train Epoch: 11 [12736/60000 (21%)]	Loss: 0.267553
Train Epoch: 11 [19136/60000 (32%)]	Loss: 0.251280
Train Epoch: 11 [25536/60000 (43%)]	Loss: 0.344519
Train Epoch: 11 [31936/60000 (53%)]	Loss: 0.474809
Train Epoch: 11 [38336/60000 (64%)]	Loss: 0.340361
Train Epoch: 11 [44736/60000 (75%)]	Loss: 0.274354
Train Epoch: 11 [51136/60000 (85%)]	Loss: 0.342927
Train Epoch: 11 [57536/60000 (96%)]	Loss: 0.329413

Test set: Average loss: 0.3650, Accuracy: 9133/10000 (91%)

Train Epoch: 12 [6336/60000 (11%)]	Loss: 0.337070
Train Epoch: 12 [12736/60000 (21%)]	Loss: 0.375647
Train Epoch: 12 [19136/60000 (32%)]	Loss: 0.418545
Train Epoch: 12 [25536/60000 (43%)]	Loss: 0.268331
Train Epoch: 12 [31936/60000 (53%)]	Loss: 0.397138
Train Epoch: 12 [38336/60000 (64%)]	Loss: 0.468951
Train Epoch: 12 [44736/60000 (75%)]	Loss: 0.316269
Train Epoch: 12 [51136/60000 (85%)]	Loss: 0.402963
Train Epoch: 12 [57536/60000 (96%)]	Loss: 0.413885

Test set: Average loss: 0.3656, Accuracy: 9119/10000 (91%)

Train Epoch: 13 [6336/60000 (11%)]	Loss: 0.400657
Train Epoch: 13 [12736/60000 (21%)]	Loss: 0.278828
Train Epoch: 13 [19136/60000 (32%)]	Loss: 0.337136
Train Epoch: 13 [25536/60000 (43%)]	Loss: 0.394492
Train Epoch: 13 [31936/60000 (53%)]	Loss: 0.415868
Train Epoch: 13 [38336/60000 (64%)]	Loss: 0.549036
Train Epoch: 13 [44736/60000 (75%)]	Loss: 0.263424
Train Epoch: 13 [51136/60000 (85%)]	Loss: 0.398151
Train Epoch: 13 [57536/60000 (96%)]	Loss: 0.396342

Test set: Average loss: 0.3644, Accuracy: 9125/10000 (91%)

Train Epoch: 14 [6336/60000 (11%)]	Loss: 0.402931
Train Epoch: 14 [12736/60000 (21%)]	Loss: 0.424652
Train Epoch: 14 [19136/60000 (32%)]	Loss: 0.405330
Train Epoch: 14 [25536/60000 (43%)]	Loss: 0.401121
Train Epoch: 14 [31936/60000 (53%)]	Loss: 0.473196
Train Epoch: 14 [38336/60000 (64%)]	Loss: 0.390084
Train Epoch: 14 [44736/60000 (75%)]	Loss: 0.346031
Train Epoch: 14 [51136/60000 (85%)]	Loss: 0.372320
Train Epoch: 14 [57536/60000 (96%)]	Loss: 0.389198

Test set: Average loss: 0.3645, Accuracy: 9133/10000 (91%)

Train Epoch: 15 [6336/60000 (11%)]	Loss: 0.421647
Train Epoch: 15 [12736/60000 (21%)]	Loss: 0.379105
Train Epoch: 15 [19136/60000 (32%)]	Loss: 0.448026
Train Epoch: 15 [25536/60000 (43%)]	Loss: 0.268456
Train Epoch: 15 [31936/60000 (53%)]	Loss: 0.456010
Train Epoch: 15 [38336/60000 (64%)]	Loss: 0.426436
Train Epoch: 15 [44736/60000 (75%)]	Loss: 0.341689
Train Epoch: 15 [51136/60000 (85%)]	Loss: 0.381571
Train Epoch: 15 [57536/60000 (96%)]	Loss: 0.408530

Test set: Average loss: 0.3664, Accuracy: 9103/10000 (91%)

Train Epoch: 16 [6336/60000 (11%)]	Loss: 0.423157
Train Epoch: 16 [12736/60000 (21%)]	Loss: 0.486850
Train Epoch: 16 [19136/60000 (32%)]	Loss: 0.316004
Train Epoch: 16 [25536/60000 (43%)]	Loss: 0.373883
Train Epoch: 16 [31936/60000 (53%)]	Loss: 0.367736
Train Epoch: 16 [38336/60000 (64%)]	Loss: 0.296638
Train Epoch: 16 [44736/60000 (75%)]	Loss: 0.273014
Train Epoch: 16 [51136/60000 (85%)]	Loss: 0.409194
Train Epoch: 16 [57536/60000 (96%)]	Loss: 0.397964

Test set: Average loss: 0.3639, Accuracy: 9128/10000 (91%)

Train Epoch: 17 [6336/60000 (11%)]	Loss: 0.440249
Train Epoch: 17 [12736/60000 (21%)]	Loss: 0.292917
Train Epoch: 17 [19136/60000 (32%)]	Loss: 0.249483
Train Epoch: 17 [25536/60000 (43%)]	Loss: 0.237389
Train Epoch: 17 [31936/60000 (53%)]	Loss: 0.426949
Train Epoch: 17 [38336/60000 (64%)]	Loss: 0.426908
Train Epoch: 17 [44736/60000 (75%)]	Loss: 0.390300
Train Epoch: 17 [51136/60000 (85%)]	Loss: 0.399385
Train Epoch: 17 [57536/60000 (96%)]	Loss: 0.342428

Test set: Average loss: 0.3658, Accuracy: 9137/10000 (91%)

Train Epoch: 18 [6336/60000 (11%)]	Loss: 0.346462
Train Epoch: 18 [12736/60000 (21%)]	Loss: 0.335037
Train Epoch: 18 [19136/60000 (32%)]	Loss: 0.347757
Train Epoch: 18 [25536/60000 (43%)]	Loss: 0.238723
Train Epoch: 18 [31936/60000 (53%)]	Loss: 0.241262
Train Epoch: 18 [38336/60000 (64%)]	Loss: 0.321947
Train Epoch: 18 [44736/60000 (75%)]	Loss: 0.465844
Train Epoch: 18 [51136/60000 (85%)]	Loss: 0.324673
Train Epoch: 18 [57536/60000 (96%)]	Loss: 0.317551

Test set: Average loss: 0.3636, Accuracy: 9122/10000 (91%)

Namespace(batch_size=64, bias=None, data='../data', device=1, epochs=18, hidden_size=500, load_weights=None, log_interval=100, lr=0.1, model='widefc2', momentum=0.9, no_cuda=False, r=5, save_model=None, save_results=True, seed=1, sparsity=0.98, use_relu=False, wd=0.0005)


Total time spent pruning/training: 1.92 minutes
Total number of parameters in model: 1991352
Number of parameters in pruned model: 39827
