Namespace(batch_size=64, bias=None, data='../data', device=1, epochs=11, hidden_size=500, load_weights=None, log_interval=100, lr=0.1, model='widefc2', momentum=0.9, no_cuda=False, r=5, save_model=None, save_results=True, seed=1, sparsity=0.05, use_relu=False, wd=0.0005) 

Pruning a Wide Two-Layer Fully Connected network ...
Train Epoch: 1 [6336/60000 (11%)]	Loss: 0.389971
Train Epoch: 1 [12736/60000 (21%)]	Loss: 0.382826
Train Epoch: 1 [19136/60000 (32%)]	Loss: 0.257850
Train Epoch: 1 [25536/60000 (43%)]	Loss: 0.298013
Train Epoch: 1 [31936/60000 (53%)]	Loss: 0.249405
Train Epoch: 1 [38336/60000 (64%)]	Loss: 0.139879
Train Epoch: 1 [44736/60000 (75%)]	Loss: 0.282409
Train Epoch: 1 [51136/60000 (85%)]	Loss: 0.331697
Train Epoch: 1 [57536/60000 (96%)]	Loss: 0.206839

Test set: Average loss: 0.2049, Accuracy: 9392/10000 (94%)

Train Epoch: 2 [6336/60000 (11%)]	Loss: 0.256941
Train Epoch: 2 [12736/60000 (21%)]	Loss: 0.176172
Train Epoch: 2 [19136/60000 (32%)]	Loss: 0.177882
Train Epoch: 2 [25536/60000 (43%)]	Loss: 0.326898
Train Epoch: 2 [31936/60000 (53%)]	Loss: 0.259437
Train Epoch: 2 [38336/60000 (64%)]	Loss: 0.178968
Train Epoch: 2 [44736/60000 (75%)]	Loss: 0.154714
Train Epoch: 2 [51136/60000 (85%)]	Loss: 0.153789
Train Epoch: 2 [57536/60000 (96%)]	Loss: 0.093671

Test set: Average loss: 0.2062, Accuracy: 9407/10000 (94%)

Train Epoch: 3 [6336/60000 (11%)]	Loss: 0.173696
Train Epoch: 3 [12736/60000 (21%)]	Loss: 0.106925
Train Epoch: 3 [19136/60000 (32%)]	Loss: 0.117404
Train Epoch: 3 [25536/60000 (43%)]	Loss: 0.163478
Train Epoch: 3 [31936/60000 (53%)]	Loss: 0.315912
Train Epoch: 3 [38336/60000 (64%)]	Loss: 0.172124
Train Epoch: 3 [44736/60000 (75%)]	Loss: 0.236612
Train Epoch: 3 [51136/60000 (85%)]	Loss: 0.392564
Train Epoch: 3 [57536/60000 (96%)]	Loss: 0.112783

Test set: Average loss: 0.2502, Accuracy: 9194/10000 (92%)

Train Epoch: 4 [6336/60000 (11%)]	Loss: 0.293923
Train Epoch: 4 [12736/60000 (21%)]	Loss: 0.383953
Train Epoch: 4 [19136/60000 (32%)]	Loss: 0.225073
Train Epoch: 4 [25536/60000 (43%)]	Loss: 0.197978
Train Epoch: 4 [31936/60000 (53%)]	Loss: 0.264624
Train Epoch: 4 [38336/60000 (64%)]	Loss: 0.309400
Train Epoch: 4 [44736/60000 (75%)]	Loss: 0.223571
Train Epoch: 4 [51136/60000 (85%)]	Loss: 0.245803
Train Epoch: 4 [57536/60000 (96%)]	Loss: 0.275262

Test set: Average loss: 0.3277, Accuracy: 8987/10000 (90%)

Train Epoch: 5 [6336/60000 (11%)]	Loss: 0.250039
Train Epoch: 5 [12736/60000 (21%)]	Loss: 0.366712
Train Epoch: 5 [19136/60000 (32%)]	Loss: 0.228761
Train Epoch: 5 [25536/60000 (43%)]	Loss: 0.397483
Train Epoch: 5 [31936/60000 (53%)]	Loss: 0.390613
Train Epoch: 5 [38336/60000 (64%)]	Loss: 0.382304
Train Epoch: 5 [44736/60000 (75%)]	Loss: 0.234643
Train Epoch: 5 [51136/60000 (85%)]	Loss: 0.280136
Train Epoch: 5 [57536/60000 (96%)]	Loss: 0.498806

Test set: Average loss: 0.3888, Accuracy: 8828/10000 (88%)

Train Epoch: 6 [6336/60000 (11%)]	Loss: 0.390548
Train Epoch: 6 [12736/60000 (21%)]	Loss: 0.381931
Train Epoch: 6 [19136/60000 (32%)]	Loss: 0.422218
Train Epoch: 6 [25536/60000 (43%)]	Loss: 0.378080
Train Epoch: 6 [31936/60000 (53%)]	Loss: 0.478210
Train Epoch: 6 [38336/60000 (64%)]	Loss: 0.369960
Train Epoch: 6 [44736/60000 (75%)]	Loss: 0.420436
Train Epoch: 6 [51136/60000 (85%)]	Loss: 0.367832
Train Epoch: 6 [57536/60000 (96%)]	Loss: 0.327217

Test set: Average loss: 0.4950, Accuracy: 8468/10000 (85%)

Train Epoch: 7 [6336/60000 (11%)]	Loss: 0.461027
Train Epoch: 7 [12736/60000 (21%)]	Loss: 0.506827
Train Epoch: 7 [19136/60000 (32%)]	Loss: 0.475912
Train Epoch: 7 [25536/60000 (43%)]	Loss: 0.371537
Train Epoch: 7 [31936/60000 (53%)]	Loss: 0.380641
Train Epoch: 7 [38336/60000 (64%)]	Loss: 0.682754
Train Epoch: 7 [44736/60000 (75%)]	Loss: 0.657369
Train Epoch: 7 [51136/60000 (85%)]	Loss: 0.505791
Train Epoch: 7 [57536/60000 (96%)]	Loss: 0.559351

Test set: Average loss: 0.6728, Accuracy: 7714/10000 (77%)

Train Epoch: 8 [6336/60000 (11%)]	Loss: 0.830666
Train Epoch: 8 [12736/60000 (21%)]	Loss: 0.564870
Train Epoch: 8 [19136/60000 (32%)]	Loss: 0.613428
Train Epoch: 8 [25536/60000 (43%)]	Loss: 0.698269
Train Epoch: 8 [31936/60000 (53%)]	Loss: 0.789498
Train Epoch: 8 [38336/60000 (64%)]	Loss: 0.495921
Train Epoch: 8 [44736/60000 (75%)]	Loss: 0.565386
Train Epoch: 8 [51136/60000 (85%)]	Loss: 0.534021
Train Epoch: 8 [57536/60000 (96%)]	Loss: 1.098165

Test set: Average loss: 0.7221, Accuracy: 7691/10000 (77%)

Train Epoch: 9 [6336/60000 (11%)]	Loss: 0.481718
Train Epoch: 9 [12736/60000 (21%)]	Loss: 0.580924
Train Epoch: 9 [19136/60000 (32%)]	Loss: 0.866517
Train Epoch: 9 [25536/60000 (43%)]	Loss: 0.545013
Train Epoch: 9 [31936/60000 (53%)]	Loss: 0.799014
Train Epoch: 9 [38336/60000 (64%)]	Loss: 0.815854
Train Epoch: 9 [44736/60000 (75%)]	Loss: 0.572441
Train Epoch: 9 [51136/60000 (85%)]	Loss: 0.859150
Train Epoch: 9 [57536/60000 (96%)]	Loss: 0.927717

Test set: Average loss: 0.7335, Accuracy: 7542/10000 (75%)

Train Epoch: 10 [6336/60000 (11%)]	Loss: 0.983828
Train Epoch: 10 [12736/60000 (21%)]	Loss: 0.643392
Train Epoch: 10 [19136/60000 (32%)]	Loss: 0.917179
Train Epoch: 10 [25536/60000 (43%)]	Loss: 0.703603
Train Epoch: 10 [31936/60000 (53%)]	Loss: 1.010009
Train Epoch: 10 [38336/60000 (64%)]	Loss: 0.850432
Train Epoch: 10 [44736/60000 (75%)]	Loss: 0.922236
Train Epoch: 10 [51136/60000 (85%)]	Loss: 0.618630
Train Epoch: 10 [57536/60000 (96%)]	Loss: 0.844980

Test set: Average loss: 0.7236, Accuracy: 7687/10000 (77%)

Train Epoch: 11 [6336/60000 (11%)]	Loss: 0.565105
Train Epoch: 11 [12736/60000 (21%)]	Loss: 0.506419
Train Epoch: 11 [19136/60000 (32%)]	Loss: 0.690753
Train Epoch: 11 [25536/60000 (43%)]	Loss: 0.625177
Train Epoch: 11 [31936/60000 (53%)]	Loss: 0.978027
Train Epoch: 11 [38336/60000 (64%)]	Loss: 0.688416
Train Epoch: 11 [44736/60000 (75%)]	Loss: 0.617893
Train Epoch: 11 [51136/60000 (85%)]	Loss: 0.725898
Train Epoch: 11 [57536/60000 (96%)]	Loss: 0.723271

Test set: Average loss: 0.8328, Accuracy: 7250/10000 (72%)

Namespace(batch_size=64, bias=None, data='../data', device=1, epochs=11, hidden_size=500, load_weights=None, log_interval=100, lr=0.1, model='widefc2', momentum=0.9, no_cuda=False, r=5, save_model=None, save_results=True, seed=1, sparsity=0.05, use_relu=False, wd=0.0005)


Total time spent pruning/training: 1.16 minutes
Total number of parameters in model: 1991352
Number of parameters in pruned model: 1891784
