Namespace(batch_size=64, bias=None, data='../data', device=1, epochs=20, hidden_size=500, load_weights=None, log_interval=100, lr=0.1, model='widefc2', momentum=0.9, no_cuda=False, r=5, save_model=None, save_results=True, seed=1, sparsity=0.05, use_relu=False, wd=0.0005) 

Pruning a Wide Two-Layer Fully Connected network ...
Train Epoch: 1 [6336/60000 (11%)]	Loss: 0.389971
Train Epoch: 1 [12736/60000 (21%)]	Loss: 0.382826
Train Epoch: 1 [19136/60000 (32%)]	Loss: 0.257850
Train Epoch: 1 [25536/60000 (43%)]	Loss: 0.298013
Train Epoch: 1 [31936/60000 (53%)]	Loss: 0.249405
Train Epoch: 1 [38336/60000 (64%)]	Loss: 0.139879
Train Epoch: 1 [44736/60000 (75%)]	Loss: 0.282409
Train Epoch: 1 [51136/60000 (85%)]	Loss: 0.331697
Train Epoch: 1 [57536/60000 (96%)]	Loss: 0.206839

Test set: Average loss: 0.2049, Accuracy: 9392/10000 (94%)

Train Epoch: 2 [6336/60000 (11%)]	Loss: 0.255079
Train Epoch: 2 [12736/60000 (21%)]	Loss: 0.179520
Train Epoch: 2 [19136/60000 (32%)]	Loss: 0.162044
Train Epoch: 2 [25536/60000 (43%)]	Loss: 0.352203
Train Epoch: 2 [31936/60000 (53%)]	Loss: 0.284040
Train Epoch: 2 [38336/60000 (64%)]	Loss: 0.183195
Train Epoch: 2 [44736/60000 (75%)]	Loss: 0.154355
Train Epoch: 2 [51136/60000 (85%)]	Loss: 0.151872
Train Epoch: 2 [57536/60000 (96%)]	Loss: 0.103652

Test set: Average loss: 0.2079, Accuracy: 9397/10000 (94%)

Train Epoch: 3 [6336/60000 (11%)]	Loss: 0.169053
Train Epoch: 3 [12736/60000 (21%)]	Loss: 0.104752
Train Epoch: 3 [19136/60000 (32%)]	Loss: 0.114129
Train Epoch: 3 [25536/60000 (43%)]	Loss: 0.154154
Train Epoch: 3 [31936/60000 (53%)]	Loss: 0.330442
Train Epoch: 3 [38336/60000 (64%)]	Loss: 0.151152
Train Epoch: 3 [44736/60000 (75%)]	Loss: 0.244667
Train Epoch: 3 [51136/60000 (85%)]	Loss: 0.403400
Train Epoch: 3 [57536/60000 (96%)]	Loss: 0.098780

Test set: Average loss: 0.2490, Accuracy: 9221/10000 (92%)

Train Epoch: 4 [6336/60000 (11%)]	Loss: 0.341413
Train Epoch: 4 [12736/60000 (21%)]	Loss: 0.390023
Train Epoch: 4 [19136/60000 (32%)]	Loss: 0.239189
Train Epoch: 4 [25536/60000 (43%)]	Loss: 0.231783
Train Epoch: 4 [31936/60000 (53%)]	Loss: 0.277656
Train Epoch: 4 [38336/60000 (64%)]	Loss: 0.346331
Train Epoch: 4 [44736/60000 (75%)]	Loss: 0.228474
Train Epoch: 4 [51136/60000 (85%)]	Loss: 0.270709
Train Epoch: 4 [57536/60000 (96%)]	Loss: 0.283147

Test set: Average loss: 0.3733, Accuracy: 8825/10000 (88%)

Train Epoch: 5 [6336/60000 (11%)]	Loss: 0.256807
Train Epoch: 5 [12736/60000 (21%)]	Loss: 0.516535
Train Epoch: 5 [19136/60000 (32%)]	Loss: 0.272599
Train Epoch: 5 [25536/60000 (43%)]	Loss: 0.413179
Train Epoch: 5 [31936/60000 (53%)]	Loss: 0.468157
Train Epoch: 5 [38336/60000 (64%)]	Loss: 0.453119
Train Epoch: 5 [44736/60000 (75%)]	Loss: 0.342169
Train Epoch: 5 [51136/60000 (85%)]	Loss: 0.307641
Train Epoch: 5 [57536/60000 (96%)]	Loss: 0.920217

Test set: Average loss: 0.4412, Accuracy: 8652/10000 (87%)

Train Epoch: 6 [6336/60000 (11%)]	Loss: 0.529664
Train Epoch: 6 [12736/60000 (21%)]	Loss: 0.468613
Train Epoch: 6 [19136/60000 (32%)]	Loss: 0.517351
Train Epoch: 6 [25536/60000 (43%)]	Loss: 0.510410
Train Epoch: 6 [31936/60000 (53%)]	Loss: 0.803012
Train Epoch: 6 [38336/60000 (64%)]	Loss: 0.573704
Train Epoch: 6 [44736/60000 (75%)]	Loss: 0.519341
Train Epoch: 6 [51136/60000 (85%)]	Loss: 0.623384
Train Epoch: 6 [57536/60000 (96%)]	Loss: 0.532968

Test set: Average loss: 0.7378, Accuracy: 7585/10000 (76%)

Train Epoch: 7 [6336/60000 (11%)]	Loss: 0.782023
Train Epoch: 7 [12736/60000 (21%)]	Loss: 0.818963
Train Epoch: 7 [19136/60000 (32%)]	Loss: 0.718880
Train Epoch: 7 [25536/60000 (43%)]	Loss: 0.614870
Train Epoch: 7 [31936/60000 (53%)]	Loss: 0.679758
Train Epoch: 7 [38336/60000 (64%)]	Loss: 0.846950
Train Epoch: 7 [44736/60000 (75%)]	Loss: 1.067121
Train Epoch: 7 [51136/60000 (85%)]	Loss: 0.750906
Train Epoch: 7 [57536/60000 (96%)]	Loss: 0.910593

Test set: Average loss: 0.9174, Accuracy: 6934/10000 (69%)

Train Epoch: 8 [6336/60000 (11%)]	Loss: 1.153536
Train Epoch: 8 [12736/60000 (21%)]	Loss: 0.938604
Train Epoch: 8 [19136/60000 (32%)]	Loss: 0.969319
Train Epoch: 8 [25536/60000 (43%)]	Loss: 1.018098
Train Epoch: 8 [31936/60000 (53%)]	Loss: 1.166295
Train Epoch: 8 [38336/60000 (64%)]	Loss: 0.875188
Train Epoch: 8 [44736/60000 (75%)]	Loss: 0.784593
Train Epoch: 8 [51136/60000 (85%)]	Loss: 0.849750
Train Epoch: 8 [57536/60000 (96%)]	Loss: 1.205780

Test set: Average loss: 1.0098, Accuracy: 6945/10000 (69%)

Train Epoch: 9 [6336/60000 (11%)]	Loss: 0.817717
Train Epoch: 9 [12736/60000 (21%)]	Loss: 0.845740
Train Epoch: 9 [19136/60000 (32%)]	Loss: 1.117310
Train Epoch: 9 [25536/60000 (43%)]	Loss: 0.973848
Train Epoch: 9 [31936/60000 (53%)]	Loss: 1.194667
Train Epoch: 9 [38336/60000 (64%)]	Loss: 1.262008
Train Epoch: 9 [44736/60000 (75%)]	Loss: 1.042654
Train Epoch: 9 [51136/60000 (85%)]	Loss: 1.263295
Train Epoch: 9 [57536/60000 (96%)]	Loss: 1.277168

Test set: Average loss: 1.0674, Accuracy: 6656/10000 (67%)

Train Epoch: 10 [6336/60000 (11%)]	Loss: 1.246371
Train Epoch: 10 [12736/60000 (21%)]	Loss: 1.028806
Train Epoch: 10 [19136/60000 (32%)]	Loss: 1.426114
Train Epoch: 10 [25536/60000 (43%)]	Loss: 1.109309
Train Epoch: 10 [31936/60000 (53%)]	Loss: 1.085725
Train Epoch: 10 [38336/60000 (64%)]	Loss: 1.139906
Train Epoch: 10 [44736/60000 (75%)]	Loss: 1.413317
Train Epoch: 10 [51136/60000 (85%)]	Loss: 1.121605
Train Epoch: 10 [57536/60000 (96%)]	Loss: 1.302776

Test set: Average loss: 1.1215, Accuracy: 6530/10000 (65%)

Train Epoch: 11 [6336/60000 (11%)]	Loss: 1.039530
Train Epoch: 11 [12736/60000 (21%)]	Loss: 1.060124
Train Epoch: 11 [19136/60000 (32%)]	Loss: 1.120117
Train Epoch: 11 [25536/60000 (43%)]	Loss: 1.215678
Train Epoch: 11 [31936/60000 (53%)]	Loss: 1.477201
Train Epoch: 11 [38336/60000 (64%)]	Loss: 1.144604
Train Epoch: 11 [44736/60000 (75%)]	Loss: 1.092489
Train Epoch: 11 [51136/60000 (85%)]	Loss: 1.146873
Train Epoch: 11 [57536/60000 (96%)]	Loss: 1.252243

Test set: Average loss: 1.2516, Accuracy: 5891/10000 (59%)

Train Epoch: 12 [6336/60000 (11%)]	Loss: 1.259653
Train Epoch: 12 [12736/60000 (21%)]	Loss: 1.230466
Train Epoch: 12 [19136/60000 (32%)]	Loss: 1.146007
Train Epoch: 12 [25536/60000 (43%)]	Loss: 0.997108
Train Epoch: 12 [31936/60000 (53%)]	Loss: 1.146466
Train Epoch: 12 [38336/60000 (64%)]	Loss: 1.251917
Train Epoch: 12 [44736/60000 (75%)]	Loss: 1.289129
Train Epoch: 12 [51136/60000 (85%)]	Loss: 1.286355
Train Epoch: 12 [57536/60000 (96%)]	Loss: 1.376078

Test set: Average loss: 1.4132, Accuracy: 4867/10000 (49%)

Train Epoch: 13 [6336/60000 (11%)]	Loss: 1.180464
Train Epoch: 13 [12736/60000 (21%)]	Loss: 1.065549
Train Epoch: 13 [19136/60000 (32%)]	Loss: 1.253320
Train Epoch: 13 [25536/60000 (43%)]	Loss: 1.329475
Train Epoch: 13 [31936/60000 (53%)]	Loss: 1.369217
Train Epoch: 13 [38336/60000 (64%)]	Loss: 1.350000
Train Epoch: 13 [44736/60000 (75%)]	Loss: 1.270450
Train Epoch: 13 [51136/60000 (85%)]	Loss: 1.271613
Train Epoch: 13 [57536/60000 (96%)]	Loss: 1.266442

Test set: Average loss: 1.3208, Accuracy: 5524/10000 (55%)

Train Epoch: 14 [6336/60000 (11%)]	Loss: 1.221887
Train Epoch: 14 [12736/60000 (21%)]	Loss: 1.178645
Train Epoch: 14 [19136/60000 (32%)]	Loss: 1.328336
Train Epoch: 14 [25536/60000 (43%)]	Loss: 1.194689
Train Epoch: 14 [31936/60000 (53%)]	Loss: 1.336716
Train Epoch: 14 [38336/60000 (64%)]	Loss: 1.358286
Train Epoch: 14 [44736/60000 (75%)]	Loss: 1.119698
Train Epoch: 14 [51136/60000 (85%)]	Loss: 1.176110
Train Epoch: 14 [57536/60000 (96%)]	Loss: 1.507320

Test set: Average loss: 1.2194, Accuracy: 5902/10000 (59%)

Train Epoch: 15 [6336/60000 (11%)]	Loss: 1.263614
Train Epoch: 15 [12736/60000 (21%)]	Loss: 1.318933
Train Epoch: 15 [19136/60000 (32%)]	Loss: 1.476785
Train Epoch: 15 [25536/60000 (43%)]	Loss: 1.066644
Train Epoch: 15 [31936/60000 (53%)]	Loss: 1.218576
Train Epoch: 15 [38336/60000 (64%)]	Loss: 1.281760
Train Epoch: 15 [44736/60000 (75%)]	Loss: 1.213247
Train Epoch: 15 [51136/60000 (85%)]	Loss: 1.109878
Train Epoch: 15 [57536/60000 (96%)]	Loss: 1.349067

Test set: Average loss: 1.2311, Accuracy: 5953/10000 (60%)

Train Epoch: 16 [6336/60000 (11%)]	Loss: 1.188891
Train Epoch: 16 [12736/60000 (21%)]	Loss: 1.126646
Train Epoch: 16 [19136/60000 (32%)]	Loss: 1.267473
Train Epoch: 16 [25536/60000 (43%)]	Loss: 1.308122
Train Epoch: 16 [31936/60000 (53%)]	Loss: 1.057603
Train Epoch: 16 [38336/60000 (64%)]	Loss: 1.029126
Train Epoch: 16 [44736/60000 (75%)]	Loss: 1.353674
Train Epoch: 16 [51136/60000 (85%)]	Loss: 1.525473
Train Epoch: 16 [57536/60000 (96%)]	Loss: 1.199218

Test set: Average loss: 1.3863, Accuracy: 4977/10000 (50%)

Train Epoch: 17 [6336/60000 (11%)]	Loss: 1.379604
Train Epoch: 17 [12736/60000 (21%)]	Loss: 1.058784
Train Epoch: 17 [19136/60000 (32%)]	Loss: 1.097944
Train Epoch: 17 [25536/60000 (43%)]	Loss: 1.108072
Train Epoch: 17 [31936/60000 (53%)]	Loss: 1.341293
Train Epoch: 17 [38336/60000 (64%)]	Loss: 1.130157
Train Epoch: 17 [44736/60000 (75%)]	Loss: 1.319112
Train Epoch: 17 [51136/60000 (85%)]	Loss: 1.315718
Train Epoch: 17 [57536/60000 (96%)]	Loss: 1.123698

Test set: Average loss: 1.3226, Accuracy: 5425/10000 (54%)

Train Epoch: 18 [6336/60000 (11%)]	Loss: 1.280429
Train Epoch: 18 [12736/60000 (21%)]	Loss: 1.087949
Train Epoch: 18 [19136/60000 (32%)]	Loss: 1.077538
Train Epoch: 18 [25536/60000 (43%)]	Loss: 1.495167
Train Epoch: 18 [31936/60000 (53%)]	Loss: 1.115972
Train Epoch: 18 [38336/60000 (64%)]	Loss: 1.201712
Train Epoch: 18 [44736/60000 (75%)]	Loss: 1.439324
Train Epoch: 18 [51136/60000 (85%)]	Loss: 1.147750
Train Epoch: 18 [57536/60000 (96%)]	Loss: 1.338834

Test set: Average loss: 1.2720, Accuracy: 5927/10000 (59%)

Train Epoch: 19 [6336/60000 (11%)]	Loss: 1.107802
Train Epoch: 19 [12736/60000 (21%)]	Loss: 1.065105
Train Epoch: 19 [19136/60000 (32%)]	Loss: 1.275363
Train Epoch: 19 [25536/60000 (43%)]	Loss: 1.098004
Train Epoch: 19 [31936/60000 (53%)]	Loss: 1.265935
Train Epoch: 19 [38336/60000 (64%)]	Loss: 1.298986
Train Epoch: 19 [44736/60000 (75%)]	Loss: 1.174591
Train Epoch: 19 [51136/60000 (85%)]	Loss: 1.340202
Train Epoch: 19 [57536/60000 (96%)]	Loss: 1.264451

Test set: Average loss: 1.2970, Accuracy: 5715/10000 (57%)

Train Epoch: 20 [6336/60000 (11%)]	Loss: 1.021546
Train Epoch: 20 [12736/60000 (21%)]	Loss: 1.139457
Train Epoch: 20 [19136/60000 (32%)]	Loss: 1.225490
Train Epoch: 20 [25536/60000 (43%)]	Loss: 1.649793
Train Epoch: 20 [31936/60000 (53%)]	Loss: 1.325971
Train Epoch: 20 [38336/60000 (64%)]	Loss: 1.672553
Train Epoch: 20 [44736/60000 (75%)]	Loss: 1.242561
Train Epoch: 20 [51136/60000 (85%)]	Loss: 1.267111
Train Epoch: 20 [57536/60000 (96%)]	Loss: 1.086855

Test set: Average loss: 1.2220, Accuracy: 6101/10000 (61%)

Namespace(batch_size=64, bias=None, data='../data', device=1, epochs=20, hidden_size=500, load_weights=None, log_interval=100, lr=0.1, model='widefc2', momentum=0.9, no_cuda=False, r=5, save_model=None, save_results=True, seed=1, sparsity=0.05, use_relu=False, wd=0.0005)


Total time spent pruning/training: 2.11 minutes
Total number of parameters in model: 1991352
Number of parameters in pruned model: 1891784
