Namespace(batch_size=64, bias=None, data='../data', device=1, epochs=7, hidden_size=500, load_weights=None, log_interval=100, lr=0.1, model='widefc2', momentum=0.9, no_cuda=False, r=5, save_model=None, save_results=True, seed=1, sparsity=0.975, use_relu=False, wd=0.0005) 

Pruning a Wide Two-Layer Fully Connected network ...
Train Epoch: 1 [6336/60000 (11%)]	Loss: 0.905182
Train Epoch: 1 [12736/60000 (21%)]	Loss: 0.724479
Train Epoch: 1 [19136/60000 (32%)]	Loss: 0.568863
Train Epoch: 1 [25536/60000 (43%)]	Loss: 0.556393
Train Epoch: 1 [31936/60000 (53%)]	Loss: 0.468835
Train Epoch: 1 [38336/60000 (64%)]	Loss: 0.412400
Train Epoch: 1 [44736/60000 (75%)]	Loss: 0.494015
Train Epoch: 1 [51136/60000 (85%)]	Loss: 0.489236
Train Epoch: 1 [57536/60000 (96%)]	Loss: 0.449041

Test set: Average loss: 0.4002, Accuracy: 8998/10000 (90%)

Train Epoch: 2 [6336/60000 (11%)]	Loss: 0.435986
Train Epoch: 2 [12736/60000 (21%)]	Loss: 0.326973
Train Epoch: 2 [19136/60000 (32%)]	Loss: 0.410343
Train Epoch: 2 [25536/60000 (43%)]	Loss: 0.464555
Train Epoch: 2 [31936/60000 (53%)]	Loss: 0.455751
Train Epoch: 2 [38336/60000 (64%)]	Loss: 0.266569
Train Epoch: 2 [44736/60000 (75%)]	Loss: 0.329157
Train Epoch: 2 [51136/60000 (85%)]	Loss: 0.280151
Train Epoch: 2 [57536/60000 (96%)]	Loss: 0.375192

Test set: Average loss: 0.3540, Accuracy: 9081/10000 (91%)

Train Epoch: 3 [6336/60000 (11%)]	Loss: 0.277855
Train Epoch: 3 [12736/60000 (21%)]	Loss: 0.215035
Train Epoch: 3 [19136/60000 (32%)]	Loss: 0.253038
Train Epoch: 3 [25536/60000 (43%)]	Loss: 0.338407
Train Epoch: 3 [31936/60000 (53%)]	Loss: 0.343131
Train Epoch: 3 [38336/60000 (64%)]	Loss: 0.274887
Train Epoch: 3 [44736/60000 (75%)]	Loss: 0.369489
Train Epoch: 3 [51136/60000 (85%)]	Loss: 0.494175
Train Epoch: 3 [57536/60000 (96%)]	Loss: 0.283467

Test set: Average loss: 0.3367, Accuracy: 9144/10000 (91%)

Train Epoch: 4 [6336/60000 (11%)]	Loss: 0.415239
Train Epoch: 4 [12736/60000 (21%)]	Loss: 0.400940
Train Epoch: 4 [19136/60000 (32%)]	Loss: 0.430156
Train Epoch: 4 [25536/60000 (43%)]	Loss: 0.372251
Train Epoch: 4 [31936/60000 (53%)]	Loss: 0.371640
Train Epoch: 4 [38336/60000 (64%)]	Loss: 0.364536
Train Epoch: 4 [44736/60000 (75%)]	Loss: 0.310461
Train Epoch: 4 [51136/60000 (85%)]	Loss: 0.314285
Train Epoch: 4 [57536/60000 (96%)]	Loss: 0.320221

Test set: Average loss: 0.3290, Accuracy: 9160/10000 (92%)

Train Epoch: 5 [6336/60000 (11%)]	Loss: 0.219153
Train Epoch: 5 [12736/60000 (21%)]	Loss: 0.248001
Train Epoch: 5 [19136/60000 (32%)]	Loss: 0.315873
Train Epoch: 5 [25536/60000 (43%)]	Loss: 0.351464
Train Epoch: 5 [31936/60000 (53%)]	Loss: 0.352047
Train Epoch: 5 [38336/60000 (64%)]	Loss: 0.549397
Train Epoch: 5 [44736/60000 (75%)]	Loss: 0.295653
Train Epoch: 5 [51136/60000 (85%)]	Loss: 0.284130
Train Epoch: 5 [57536/60000 (96%)]	Loss: 0.297814

Test set: Average loss: 0.3258, Accuracy: 9162/10000 (92%)

Train Epoch: 6 [6336/60000 (11%)]	Loss: 0.365395
Train Epoch: 6 [12736/60000 (21%)]	Loss: 0.335286
Train Epoch: 6 [19136/60000 (32%)]	Loss: 0.345725
Train Epoch: 6 [25536/60000 (43%)]	Loss: 0.342074
Train Epoch: 6 [31936/60000 (53%)]	Loss: 0.335839
Train Epoch: 6 [38336/60000 (64%)]	Loss: 0.280997
Train Epoch: 6 [44736/60000 (75%)]	Loss: 0.253347
Train Epoch: 6 [51136/60000 (85%)]	Loss: 0.321413
Train Epoch: 6 [57536/60000 (96%)]	Loss: 0.284161

Test set: Average loss: 0.3246, Accuracy: 9178/10000 (92%)

Train Epoch: 7 [6336/60000 (11%)]	Loss: 0.229109
Train Epoch: 7 [12736/60000 (21%)]	Loss: 0.269207
Train Epoch: 7 [19136/60000 (32%)]	Loss: 0.373472
Train Epoch: 7 [25536/60000 (43%)]	Loss: 0.232126
Train Epoch: 7 [31936/60000 (53%)]	Loss: 0.359718
Train Epoch: 7 [38336/60000 (64%)]	Loss: 0.328249
Train Epoch: 7 [44736/60000 (75%)]	Loss: 0.356605
Train Epoch: 7 [51136/60000 (85%)]	Loss: 0.277654
Train Epoch: 7 [57536/60000 (96%)]	Loss: 0.363377

Test set: Average loss: 0.3228, Accuracy: 9177/10000 (92%)

Namespace(batch_size=64, bias=None, data='../data', device=1, epochs=7, hidden_size=500, load_weights=None, log_interval=100, lr=0.1, model='widefc2', momentum=0.9, no_cuda=False, r=5, save_model=None, save_results=True, seed=1, sparsity=0.975, use_relu=False, wd=0.0005)


Total time spent pruning/training: 0.74 minutes
Total number of parameters in model: 1991352
Number of parameters in pruned model: 49783
