Namespace(batch_size=64, bias=None, data='../data', device=1, epochs=15, hidden_size=500, load_weights=None, log_interval=100, lr=0.1, model='widefc2', momentum=0.9, no_cuda=False, r=5, save_model=None, save_results=True, seed=1, sparsity=0.99, use_relu=False, wd=0.0005) 

Pruning a Wide Two-Layer Fully Connected network ...
Train Epoch: 1 [6336/60000 (11%)]	Loss: 1.317138
Train Epoch: 1 [12736/60000 (21%)]	Loss: 1.091027
Train Epoch: 1 [19136/60000 (32%)]	Loss: 0.899554
Train Epoch: 1 [25536/60000 (43%)]	Loss: 0.847896
Train Epoch: 1 [31936/60000 (53%)]	Loss: 0.702438
Train Epoch: 1 [38336/60000 (64%)]	Loss: 0.735262
Train Epoch: 1 [44736/60000 (75%)]	Loss: 0.798211
Train Epoch: 1 [51136/60000 (85%)]	Loss: 0.783741
Train Epoch: 1 [57536/60000 (96%)]	Loss: 0.797000

Test set: Average loss: 0.7062, Accuracy: 8653/10000 (87%)

Train Epoch: 2 [6336/60000 (11%)]	Loss: 0.744954
Train Epoch: 2 [12736/60000 (21%)]	Loss: 0.652219
Train Epoch: 2 [19136/60000 (32%)]	Loss: 0.741522
Train Epoch: 2 [25536/60000 (43%)]	Loss: 0.771732
Train Epoch: 2 [31936/60000 (53%)]	Loss: 0.740340
Train Epoch: 2 [38336/60000 (64%)]	Loss: 0.611292
Train Epoch: 2 [44736/60000 (75%)]	Loss: 0.715881
Train Epoch: 2 [51136/60000 (85%)]	Loss: 0.644218
Train Epoch: 2 [57536/60000 (96%)]	Loss: 0.741809

Test set: Average loss: 0.6799, Accuracy: 8731/10000 (87%)

Train Epoch: 3 [6336/60000 (11%)]	Loss: 0.622351
Train Epoch: 3 [12736/60000 (21%)]	Loss: 0.591802
Train Epoch: 3 [19136/60000 (32%)]	Loss: 0.552172
Train Epoch: 3 [25536/60000 (43%)]	Loss: 0.703781
Train Epoch: 3 [31936/60000 (53%)]	Loss: 0.631826
Train Epoch: 3 [38336/60000 (64%)]	Loss: 0.707664
Train Epoch: 3 [44736/60000 (75%)]	Loss: 0.731650
Train Epoch: 3 [51136/60000 (85%)]	Loss: 0.700441
Train Epoch: 3 [57536/60000 (96%)]	Loss: 0.717404

Test set: Average loss: 0.6738, Accuracy: 8757/10000 (88%)

Train Epoch: 4 [6336/60000 (11%)]	Loss: 0.796014
Train Epoch: 4 [12736/60000 (21%)]	Loss: 0.713132
Train Epoch: 4 [19136/60000 (32%)]	Loss: 0.734421
Train Epoch: 4 [25536/60000 (43%)]	Loss: 0.714868
Train Epoch: 4 [31936/60000 (53%)]	Loss: 0.669321
Train Epoch: 4 [38336/60000 (64%)]	Loss: 0.687680
Train Epoch: 4 [44736/60000 (75%)]	Loss: 0.652766
Train Epoch: 4 [51136/60000 (85%)]	Loss: 0.683856
Train Epoch: 4 [57536/60000 (96%)]	Loss: 0.702075

Test set: Average loss: 0.6705, Accuracy: 8766/10000 (88%)

Train Epoch: 5 [6336/60000 (11%)]	Loss: 0.574656
Train Epoch: 5 [12736/60000 (21%)]	Loss: 0.626389
Train Epoch: 5 [19136/60000 (32%)]	Loss: 0.712692
Train Epoch: 5 [25536/60000 (43%)]	Loss: 0.737231
Train Epoch: 5 [31936/60000 (53%)]	Loss: 0.679521
Train Epoch: 5 [38336/60000 (64%)]	Loss: 0.813067
Train Epoch: 5 [44736/60000 (75%)]	Loss: 0.618921
Train Epoch: 5 [51136/60000 (85%)]	Loss: 0.641378
Train Epoch: 5 [57536/60000 (96%)]	Loss: 0.670596

Test set: Average loss: 0.6706, Accuracy: 8769/10000 (88%)

Train Epoch: 6 [6336/60000 (11%)]	Loss: 0.741204
Train Epoch: 6 [12736/60000 (21%)]	Loss: 0.783034
Train Epoch: 6 [19136/60000 (32%)]	Loss: 0.782869
Train Epoch: 6 [25536/60000 (43%)]	Loss: 0.664525
Train Epoch: 6 [31936/60000 (53%)]	Loss: 0.700892
Train Epoch: 6 [38336/60000 (64%)]	Loss: 0.583194
Train Epoch: 6 [44736/60000 (75%)]	Loss: 0.622866
Train Epoch: 6 [51136/60000 (85%)]	Loss: 0.720348
Train Epoch: 6 [57536/60000 (96%)]	Loss: 0.667699

Test set: Average loss: 0.6712, Accuracy: 8781/10000 (88%)

Train Epoch: 7 [6336/60000 (11%)]	Loss: 0.577555
Train Epoch: 7 [12736/60000 (21%)]	Loss: 0.641131
Train Epoch: 7 [19136/60000 (32%)]	Loss: 0.716218
Train Epoch: 7 [25536/60000 (43%)]	Loss: 0.629985
Train Epoch: 7 [31936/60000 (53%)]	Loss: 0.640352
Train Epoch: 7 [38336/60000 (64%)]	Loss: 0.761348
Train Epoch: 7 [44736/60000 (75%)]	Loss: 0.732699
Train Epoch: 7 [51136/60000 (85%)]	Loss: 0.676507
Train Epoch: 7 [57536/60000 (96%)]	Loss: 0.772826

Test set: Average loss: 0.6711, Accuracy: 8777/10000 (88%)

Train Epoch: 8 [6336/60000 (11%)]	Loss: 0.949704
Train Epoch: 8 [12736/60000 (21%)]	Loss: 0.722821
Train Epoch: 8 [19136/60000 (32%)]	Loss: 0.582027
Train Epoch: 8 [25536/60000 (43%)]	Loss: 0.736624
Train Epoch: 8 [31936/60000 (53%)]	Loss: 0.791168
Train Epoch: 8 [38336/60000 (64%)]	Loss: 0.606114
Train Epoch: 8 [44736/60000 (75%)]	Loss: 0.639047
Train Epoch: 8 [51136/60000 (85%)]	Loss: 0.643999
Train Epoch: 8 [57536/60000 (96%)]	Loss: 0.708627

Test set: Average loss: 0.6682, Accuracy: 8786/10000 (88%)

Train Epoch: 9 [6336/60000 (11%)]	Loss: 0.591579
Train Epoch: 9 [12736/60000 (21%)]	Loss: 0.640339
Train Epoch: 9 [19136/60000 (32%)]	Loss: 0.608903
Train Epoch: 9 [25536/60000 (43%)]	Loss: 0.584330
Train Epoch: 9 [31936/60000 (53%)]	Loss: 0.678170
Train Epoch: 9 [38336/60000 (64%)]	Loss: 0.670577
Train Epoch: 9 [44736/60000 (75%)]	Loss: 0.709350
Train Epoch: 9 [51136/60000 (85%)]	Loss: 0.760321
Train Epoch: 9 [57536/60000 (96%)]	Loss: 0.751491

Test set: Average loss: 0.6681, Accuracy: 8780/10000 (88%)

Train Epoch: 10 [6336/60000 (11%)]	Loss: 0.763025
Train Epoch: 10 [12736/60000 (21%)]	Loss: 0.671780
Train Epoch: 10 [19136/60000 (32%)]	Loss: 0.659937
Train Epoch: 10 [25536/60000 (43%)]	Loss: 0.617687
Train Epoch: 10 [31936/60000 (53%)]	Loss: 0.763911
Train Epoch: 10 [38336/60000 (64%)]	Loss: 0.622438
Train Epoch: 10 [44736/60000 (75%)]	Loss: 0.779261
Train Epoch: 10 [51136/60000 (85%)]	Loss: 0.705684
Train Epoch: 10 [57536/60000 (96%)]	Loss: 0.796984

Test set: Average loss: 0.6684, Accuracy: 8790/10000 (88%)

Train Epoch: 11 [6336/60000 (11%)]	Loss: 0.773403
Train Epoch: 11 [12736/60000 (21%)]	Loss: 0.575546
Train Epoch: 11 [19136/60000 (32%)]	Loss: 0.544409
Train Epoch: 11 [25536/60000 (43%)]	Loss: 0.664612
Train Epoch: 11 [31936/60000 (53%)]	Loss: 0.815394
Train Epoch: 11 [38336/60000 (64%)]	Loss: 0.662112
Train Epoch: 11 [44736/60000 (75%)]	Loss: 0.590829
Train Epoch: 11 [51136/60000 (85%)]	Loss: 0.757596
Train Epoch: 11 [57536/60000 (96%)]	Loss: 0.605836

Test set: Average loss: 0.6688, Accuracy: 8764/10000 (88%)

Train Epoch: 12 [6336/60000 (11%)]	Loss: 0.662332
Train Epoch: 12 [12736/60000 (21%)]	Loss: 0.712465
Train Epoch: 12 [19136/60000 (32%)]	Loss: 0.681387
Train Epoch: 12 [25536/60000 (43%)]	Loss: 0.605911
Train Epoch: 12 [31936/60000 (53%)]	Loss: 0.656644
Train Epoch: 12 [38336/60000 (64%)]	Loss: 0.765133
Train Epoch: 12 [44736/60000 (75%)]	Loss: 0.663523
Train Epoch: 12 [51136/60000 (85%)]	Loss: 0.732052
Train Epoch: 12 [57536/60000 (96%)]	Loss: 0.755206

Test set: Average loss: 0.6696, Accuracy: 8769/10000 (88%)

Train Epoch: 13 [6336/60000 (11%)]	Loss: 0.683639
Train Epoch: 13 [12736/60000 (21%)]	Loss: 0.616398
Train Epoch: 13 [19136/60000 (32%)]	Loss: 0.678569
Train Epoch: 13 [25536/60000 (43%)]	Loss: 0.684389
Train Epoch: 13 [31936/60000 (53%)]	Loss: 0.721846
Train Epoch: 13 [38336/60000 (64%)]	Loss: 0.817930
Train Epoch: 13 [44736/60000 (75%)]	Loss: 0.602913
Train Epoch: 13 [51136/60000 (85%)]	Loss: 0.672289
Train Epoch: 13 [57536/60000 (96%)]	Loss: 0.721990

Test set: Average loss: 0.6685, Accuracy: 8776/10000 (88%)

Train Epoch: 14 [6336/60000 (11%)]	Loss: 0.711836
Train Epoch: 14 [12736/60000 (21%)]	Loss: 0.750990
Train Epoch: 14 [19136/60000 (32%)]	Loss: 0.726617
Train Epoch: 14 [25536/60000 (43%)]	Loss: 0.720795
Train Epoch: 14 [31936/60000 (53%)]	Loss: 0.756524
Train Epoch: 14 [38336/60000 (64%)]	Loss: 0.717367
Train Epoch: 14 [44736/60000 (75%)]	Loss: 0.646659
Train Epoch: 14 [51136/60000 (85%)]	Loss: 0.693811
Train Epoch: 14 [57536/60000 (96%)]	Loss: 0.713961

Test set: Average loss: 0.6688, Accuracy: 8778/10000 (88%)

Train Epoch: 15 [6336/60000 (11%)]	Loss: 0.750680
Train Epoch: 15 [12736/60000 (21%)]	Loss: 0.738318
Train Epoch: 15 [19136/60000 (32%)]	Loss: 0.777537
Train Epoch: 15 [25536/60000 (43%)]	Loss: 0.581389
Train Epoch: 15 [31936/60000 (53%)]	Loss: 0.672949
Train Epoch: 15 [38336/60000 (64%)]	Loss: 0.731825
Train Epoch: 15 [44736/60000 (75%)]	Loss: 0.697165
Train Epoch: 15 [51136/60000 (85%)]	Loss: 0.728525
Train Epoch: 15 [57536/60000 (96%)]	Loss: 0.746169

Test set: Average loss: 0.6703, Accuracy: 8770/10000 (88%)

Namespace(batch_size=64, bias=None, data='../data', device=1, epochs=15, hidden_size=500, load_weights=None, log_interval=100, lr=0.1, model='widefc2', momentum=0.9, no_cuda=False, r=5, save_model=None, save_results=True, seed=1, sparsity=0.99, use_relu=False, wd=0.0005)


Total time spent pruning/training: 1.62 minutes
Total number of parameters in model: 1991352
Number of parameters in pruned model: 19913
