Namespace(batch_size=64, bias=None, data='../data', device=1, epochs=9, hidden_size=500, load_weights=None, log_interval=100, lr=0.1, model='widefc2', momentum=0.9, no_cuda=False, r=5, save_model=None, save_results=True, seed=1, sparsity=0.025, use_relu=False, wd=0.0005) 

Pruning a Wide Two-Layer Fully Connected network ...
Train Epoch: 1 [6336/60000 (11%)]	Loss: 0.449582
Train Epoch: 1 [12736/60000 (21%)]	Loss: 0.404629
Train Epoch: 1 [19136/60000 (32%)]	Loss: 0.292543
Train Epoch: 1 [25536/60000 (43%)]	Loss: 0.344189
Train Epoch: 1 [31936/60000 (53%)]	Loss: 0.334094
Train Epoch: 1 [38336/60000 (64%)]	Loss: 0.284673
Train Epoch: 1 [44736/60000 (75%)]	Loss: 0.401256
Train Epoch: 1 [51136/60000 (85%)]	Loss: 0.457978
Train Epoch: 1 [57536/60000 (96%)]	Loss: 0.266256

Test set: Average loss: 0.3108, Accuracy: 9183/10000 (92%)

Train Epoch: 2 [6336/60000 (11%)]	Loss: 0.377679
Train Epoch: 2 [12736/60000 (21%)]	Loss: 0.371346
Train Epoch: 2 [19136/60000 (32%)]	Loss: 0.443126
Train Epoch: 2 [25536/60000 (43%)]	Loss: 0.717600
Train Epoch: 2 [31936/60000 (53%)]	Loss: 0.564646
Train Epoch: 2 [38336/60000 (64%)]	Loss: 0.423014
Train Epoch: 2 [44736/60000 (75%)]	Loss: 0.483998
Train Epoch: 2 [51136/60000 (85%)]	Loss: 0.455226
Train Epoch: 2 [57536/60000 (96%)]	Loss: 0.446321

Test set: Average loss: 0.5484, Accuracy: 8390/10000 (84%)

Train Epoch: 3 [6336/60000 (11%)]	Loss: 0.483420
Train Epoch: 3 [12736/60000 (21%)]	Loss: 0.510012
Train Epoch: 3 [19136/60000 (32%)]	Loss: 0.438985
Train Epoch: 3 [25536/60000 (43%)]	Loss: 0.720661
Train Epoch: 3 [31936/60000 (53%)]	Loss: 0.698167
Train Epoch: 3 [38336/60000 (64%)]	Loss: 0.652080
Train Epoch: 3 [44736/60000 (75%)]	Loss: 0.772079
Train Epoch: 3 [51136/60000 (85%)]	Loss: 0.984418
Train Epoch: 3 [57536/60000 (96%)]	Loss: 0.900777

Test set: Average loss: 1.0074, Accuracy: 6823/10000 (68%)

Train Epoch: 4 [6336/60000 (11%)]	Loss: 1.105244
Train Epoch: 4 [12736/60000 (21%)]	Loss: 1.038953
Train Epoch: 4 [19136/60000 (32%)]	Loss: 0.988695
Train Epoch: 4 [25536/60000 (43%)]	Loss: 1.030235
Train Epoch: 4 [31936/60000 (53%)]	Loss: 1.167685
Train Epoch: 4 [38336/60000 (64%)]	Loss: 1.154669
Train Epoch: 4 [44736/60000 (75%)]	Loss: 1.222449
Train Epoch: 4 [51136/60000 (85%)]	Loss: 1.241737
Train Epoch: 4 [57536/60000 (96%)]	Loss: 1.438690

Test set: Average loss: 1.3719, Accuracy: 5451/10000 (55%)

Train Epoch: 5 [6336/60000 (11%)]	Loss: 1.287074
Train Epoch: 5 [12736/60000 (21%)]	Loss: 1.500134
Train Epoch: 5 [19136/60000 (32%)]	Loss: 1.303083
Train Epoch: 5 [25536/60000 (43%)]	Loss: 1.561056
Train Epoch: 5 [31936/60000 (53%)]	Loss: 1.358052
Train Epoch: 5 [38336/60000 (64%)]	Loss: 1.573494
Train Epoch: 5 [44736/60000 (75%)]	Loss: 1.468692
Train Epoch: 5 [51136/60000 (85%)]	Loss: 1.321455
Train Epoch: 5 [57536/60000 (96%)]	Loss: 1.495356

Test set: Average loss: 1.5010, Accuracy: 5290/10000 (53%)

Train Epoch: 6 [6336/60000 (11%)]	Loss: 1.535676
Train Epoch: 6 [12736/60000 (21%)]	Loss: 1.543334
Train Epoch: 6 [19136/60000 (32%)]	Loss: 1.442395
Train Epoch: 6 [25536/60000 (43%)]	Loss: 1.461458
Train Epoch: 6 [31936/60000 (53%)]	Loss: 1.531861
Train Epoch: 6 [38336/60000 (64%)]	Loss: 1.513928
Train Epoch: 6 [44736/60000 (75%)]	Loss: 1.446575
Train Epoch: 6 [51136/60000 (85%)]	Loss: 1.533725
Train Epoch: 6 [57536/60000 (96%)]	Loss: 1.517888

Test set: Average loss: 1.6098, Accuracy: 4755/10000 (48%)

Train Epoch: 7 [6336/60000 (11%)]	Loss: 1.462929
Train Epoch: 7 [12736/60000 (21%)]	Loss: 1.611078
Train Epoch: 7 [19136/60000 (32%)]	Loss: 1.705163
Train Epoch: 7 [25536/60000 (43%)]	Loss: 1.514727
Train Epoch: 7 [31936/60000 (53%)]	Loss: 1.521222
Train Epoch: 7 [38336/60000 (64%)]	Loss: 1.708628
Train Epoch: 7 [44736/60000 (75%)]	Loss: 1.732590
Train Epoch: 7 [51136/60000 (85%)]	Loss: 1.527736
Train Epoch: 7 [57536/60000 (96%)]	Loss: 1.609746

Test set: Average loss: 1.6356, Accuracy: 4911/10000 (49%)

Train Epoch: 8 [6336/60000 (11%)]	Loss: 1.733485
Train Epoch: 8 [12736/60000 (21%)]	Loss: 1.737010
Train Epoch: 8 [19136/60000 (32%)]	Loss: 1.750880
Train Epoch: 8 [25536/60000 (43%)]	Loss: 1.700816
Train Epoch: 8 [31936/60000 (53%)]	Loss: 1.778628
Train Epoch: 8 [38336/60000 (64%)]	Loss: 1.641678
Train Epoch: 8 [44736/60000 (75%)]	Loss: 1.373899
Train Epoch: 8 [51136/60000 (85%)]	Loss: 1.562347
Train Epoch: 8 [57536/60000 (96%)]	Loss: 1.606433

Test set: Average loss: 1.6359, Accuracy: 4843/10000 (48%)

Train Epoch: 9 [6336/60000 (11%)]	Loss: 1.332336
Train Epoch: 9 [12736/60000 (21%)]	Loss: 1.420116
Train Epoch: 9 [19136/60000 (32%)]	Loss: 1.739323
Train Epoch: 9 [25536/60000 (43%)]	Loss: 1.691496
Train Epoch: 9 [31936/60000 (53%)]	Loss: 1.737104
Train Epoch: 9 [38336/60000 (64%)]	Loss: 1.788047
Train Epoch: 9 [44736/60000 (75%)]	Loss: 1.713695
Train Epoch: 9 [51136/60000 (85%)]	Loss: 1.857148
Train Epoch: 9 [57536/60000 (96%)]	Loss: 1.757257

Test set: Average loss: 1.6328, Accuracy: 4568/10000 (46%)

Namespace(batch_size=64, bias=None, data='../data', device=1, epochs=9, hidden_size=500, load_weights=None, log_interval=100, lr=0.1, model='widefc2', momentum=0.9, no_cuda=False, r=5, save_model=None, save_results=True, seed=1, sparsity=0.025, use_relu=False, wd=0.0005)


Total time spent pruning/training: 0.95 minutes
Total number of parameters in model: 1991352
Number of parameters in pruned model: 1941568
