Namespace(batch_size=64, bias=None, data='../data', device=1, epochs=17, hidden_size=500, load_weights=None, log_interval=100, lr=0.1, model='widefc2', momentum=0.9, no_cuda=False, r=5, save_model=None, save_results=True, seed=1, sparsity=0.9, use_relu=False, wd=0.0005) 

Pruning a Wide Two-Layer Fully Connected network ...
Train Epoch: 1 [6336/60000 (11%)]	Loss: 0.531287
Train Epoch: 1 [12736/60000 (21%)]	Loss: 0.484917
Train Epoch: 1 [19136/60000 (32%)]	Loss: 0.378034
Train Epoch: 1 [25536/60000 (43%)]	Loss: 0.393386
Train Epoch: 1 [31936/60000 (53%)]	Loss: 0.356634
Train Epoch: 1 [38336/60000 (64%)]	Loss: 0.259089
Train Epoch: 1 [44736/60000 (75%)]	Loss: 0.381510
Train Epoch: 1 [51136/60000 (85%)]	Loss: 0.368591
Train Epoch: 1 [57536/60000 (96%)]	Loss: 0.254703

Test set: Average loss: 0.2576, Accuracy: 9310/10000 (93%)

Train Epoch: 2 [6336/60000 (11%)]	Loss: 0.302855
Train Epoch: 2 [12736/60000 (21%)]	Loss: 0.163157
Train Epoch: 2 [19136/60000 (32%)]	Loss: 0.239337
Train Epoch: 2 [25536/60000 (43%)]	Loss: 0.327877
Train Epoch: 2 [31936/60000 (53%)]	Loss: 0.338693
Train Epoch: 2 [38336/60000 (64%)]	Loss: 0.152988
Train Epoch: 2 [44736/60000 (75%)]	Loss: 0.170521
Train Epoch: 2 [51136/60000 (85%)]	Loss: 0.163654
Train Epoch: 2 [57536/60000 (96%)]	Loss: 0.149962

Test set: Average loss: 0.2078, Accuracy: 9427/10000 (94%)

Train Epoch: 3 [6336/60000 (11%)]	Loss: 0.183724
Train Epoch: 3 [12736/60000 (21%)]	Loss: 0.107118
Train Epoch: 3 [19136/60000 (32%)]	Loss: 0.134039
Train Epoch: 3 [25536/60000 (43%)]	Loss: 0.154073
Train Epoch: 3 [31936/60000 (53%)]	Loss: 0.268512
Train Epoch: 3 [38336/60000 (64%)]	Loss: 0.110805
Train Epoch: 3 [44736/60000 (75%)]	Loss: 0.198697
Train Epoch: 3 [51136/60000 (85%)]	Loss: 0.374325
Train Epoch: 3 [57536/60000 (96%)]	Loss: 0.107801

Test set: Average loss: 0.1753, Accuracy: 9521/10000 (95%)

Train Epoch: 4 [6336/60000 (11%)]	Loss: 0.197629
Train Epoch: 4 [12736/60000 (21%)]	Loss: 0.240170
Train Epoch: 4 [19136/60000 (32%)]	Loss: 0.170376
Train Epoch: 4 [25536/60000 (43%)]	Loss: 0.186462
Train Epoch: 4 [31936/60000 (53%)]	Loss: 0.197008
Train Epoch: 4 [38336/60000 (64%)]	Loss: 0.193822
Train Epoch: 4 [44736/60000 (75%)]	Loss: 0.159419
Train Epoch: 4 [51136/60000 (85%)]	Loss: 0.149187
Train Epoch: 4 [57536/60000 (96%)]	Loss: 0.138744

Test set: Average loss: 0.1649, Accuracy: 9544/10000 (95%)

Train Epoch: 5 [6336/60000 (11%)]	Loss: 0.076601
Train Epoch: 5 [12736/60000 (21%)]	Loss: 0.062996
Train Epoch: 5 [19136/60000 (32%)]	Loss: 0.082260
Train Epoch: 5 [25536/60000 (43%)]	Loss: 0.173992
Train Epoch: 5 [31936/60000 (53%)]	Loss: 0.178217
Train Epoch: 5 [38336/60000 (64%)]	Loss: 0.255085
Train Epoch: 5 [44736/60000 (75%)]	Loss: 0.116298
Train Epoch: 5 [51136/60000 (85%)]	Loss: 0.071760
Train Epoch: 5 [57536/60000 (96%)]	Loss: 0.107888

Test set: Average loss: 0.1494, Accuracy: 9594/10000 (96%)

Train Epoch: 6 [6336/60000 (11%)]	Loss: 0.203182
Train Epoch: 6 [12736/60000 (21%)]	Loss: 0.128252
Train Epoch: 6 [19136/60000 (32%)]	Loss: 0.136731
Train Epoch: 6 [25536/60000 (43%)]	Loss: 0.177537
Train Epoch: 6 [31936/60000 (53%)]	Loss: 0.110313
Train Epoch: 6 [38336/60000 (64%)]	Loss: 0.142607
Train Epoch: 6 [44736/60000 (75%)]	Loss: 0.087902
Train Epoch: 6 [51136/60000 (85%)]	Loss: 0.153696
Train Epoch: 6 [57536/60000 (96%)]	Loss: 0.103641

Test set: Average loss: 0.1453, Accuracy: 9587/10000 (96%)

Train Epoch: 7 [6336/60000 (11%)]	Loss: 0.073115
Train Epoch: 7 [12736/60000 (21%)]	Loss: 0.106807
Train Epoch: 7 [19136/60000 (32%)]	Loss: 0.148769
Train Epoch: 7 [25536/60000 (43%)]	Loss: 0.100523
Train Epoch: 7 [31936/60000 (53%)]	Loss: 0.192940
Train Epoch: 7 [38336/60000 (64%)]	Loss: 0.156932
Train Epoch: 7 [44736/60000 (75%)]	Loss: 0.168976
Train Epoch: 7 [51136/60000 (85%)]	Loss: 0.048001
Train Epoch: 7 [57536/60000 (96%)]	Loss: 0.111831

Test set: Average loss: 0.1328, Accuracy: 9632/10000 (96%)

Train Epoch: 8 [6336/60000 (11%)]	Loss: 0.246142
Train Epoch: 8 [12736/60000 (21%)]	Loss: 0.135941
Train Epoch: 8 [19136/60000 (32%)]	Loss: 0.075280
Train Epoch: 8 [25536/60000 (43%)]	Loss: 0.186802
Train Epoch: 8 [31936/60000 (53%)]	Loss: 0.228091
Train Epoch: 8 [38336/60000 (64%)]	Loss: 0.103929
Train Epoch: 8 [44736/60000 (75%)]	Loss: 0.108308
Train Epoch: 8 [51136/60000 (85%)]	Loss: 0.085579
Train Epoch: 8 [57536/60000 (96%)]	Loss: 0.209510

Test set: Average loss: 0.1269, Accuracy: 9639/10000 (96%)

Train Epoch: 9 [6336/60000 (11%)]	Loss: 0.091734
Train Epoch: 9 [12736/60000 (21%)]	Loss: 0.070821
Train Epoch: 9 [19136/60000 (32%)]	Loss: 0.072339
Train Epoch: 9 [25536/60000 (43%)]	Loss: 0.072806
Train Epoch: 9 [31936/60000 (53%)]	Loss: 0.104870
Train Epoch: 9 [38336/60000 (64%)]	Loss: 0.072330
Train Epoch: 9 [44736/60000 (75%)]	Loss: 0.114338
Train Epoch: 9 [51136/60000 (85%)]	Loss: 0.143767
Train Epoch: 9 [57536/60000 (96%)]	Loss: 0.206359

Test set: Average loss: 0.1250, Accuracy: 9634/10000 (96%)

Train Epoch: 10 [6336/60000 (11%)]	Loss: 0.132840
Train Epoch: 10 [12736/60000 (21%)]	Loss: 0.084234
Train Epoch: 10 [19136/60000 (32%)]	Loss: 0.097267
Train Epoch: 10 [25536/60000 (43%)]	Loss: 0.106394
Train Epoch: 10 [31936/60000 (53%)]	Loss: 0.207173
Train Epoch: 10 [38336/60000 (64%)]	Loss: 0.074168
Train Epoch: 10 [44736/60000 (75%)]	Loss: 0.142297
Train Epoch: 10 [51136/60000 (85%)]	Loss: 0.055749
Train Epoch: 10 [57536/60000 (96%)]	Loss: 0.125468

Test set: Average loss: 0.1256, Accuracy: 9644/10000 (96%)

Train Epoch: 11 [6336/60000 (11%)]	Loss: 0.083548
Train Epoch: 11 [12736/60000 (21%)]	Loss: 0.037126
Train Epoch: 11 [19136/60000 (32%)]	Loss: 0.058407
Train Epoch: 11 [25536/60000 (43%)]	Loss: 0.068927
Train Epoch: 11 [31936/60000 (53%)]	Loss: 0.114618
Train Epoch: 11 [38336/60000 (64%)]	Loss: 0.135565
Train Epoch: 11 [44736/60000 (75%)]	Loss: 0.076933
Train Epoch: 11 [51136/60000 (85%)]	Loss: 0.054814
Train Epoch: 11 [57536/60000 (96%)]	Loss: 0.070983

Test set: Average loss: 0.1211, Accuracy: 9677/10000 (97%)

Train Epoch: 12 [6336/60000 (11%)]	Loss: 0.078797
Train Epoch: 12 [12736/60000 (21%)]	Loss: 0.106017
Train Epoch: 12 [19136/60000 (32%)]	Loss: 0.123477
Train Epoch: 12 [25536/60000 (43%)]	Loss: 0.046350
Train Epoch: 12 [31936/60000 (53%)]	Loss: 0.095003
Train Epoch: 12 [38336/60000 (64%)]	Loss: 0.149134
Train Epoch: 12 [44736/60000 (75%)]	Loss: 0.067700
Train Epoch: 12 [51136/60000 (85%)]	Loss: 0.140830
Train Epoch: 12 [57536/60000 (96%)]	Loss: 0.149925

Test set: Average loss: 0.1168, Accuracy: 9678/10000 (97%)

Train Epoch: 13 [6336/60000 (11%)]	Loss: 0.154353
Train Epoch: 13 [12736/60000 (21%)]	Loss: 0.056668
Train Epoch: 13 [19136/60000 (32%)]	Loss: 0.106286
Train Epoch: 13 [25536/60000 (43%)]	Loss: 0.120125
Train Epoch: 13 [31936/60000 (53%)]	Loss: 0.109033
Train Epoch: 13 [38336/60000 (64%)]	Loss: 0.261280
Train Epoch: 13 [44736/60000 (75%)]	Loss: 0.056111
Train Epoch: 13 [51136/60000 (85%)]	Loss: 0.167111
Train Epoch: 13 [57536/60000 (96%)]	Loss: 0.164936

Test set: Average loss: 0.1163, Accuracy: 9681/10000 (97%)

Train Epoch: 14 [6336/60000 (11%)]	Loss: 0.127976
Train Epoch: 14 [12736/60000 (21%)]	Loss: 0.095819
Train Epoch: 14 [19136/60000 (32%)]	Loss: 0.104250
Train Epoch: 14 [25536/60000 (43%)]	Loss: 0.097270
Train Epoch: 14 [31936/60000 (53%)]	Loss: 0.108910
Train Epoch: 14 [38336/60000 (64%)]	Loss: 0.067271
Train Epoch: 14 [44736/60000 (75%)]	Loss: 0.067352
Train Epoch: 14 [51136/60000 (85%)]	Loss: 0.112718
Train Epoch: 14 [57536/60000 (96%)]	Loss: 0.118964

Test set: Average loss: 0.1147, Accuracy: 9689/10000 (97%)

Train Epoch: 15 [6336/60000 (11%)]	Loss: 0.128720
Train Epoch: 15 [12736/60000 (21%)]	Loss: 0.069673
Train Epoch: 15 [19136/60000 (32%)]	Loss: 0.101426
Train Epoch: 15 [25536/60000 (43%)]	Loss: 0.085944
Train Epoch: 15 [31936/60000 (53%)]	Loss: 0.240121
Train Epoch: 15 [38336/60000 (64%)]	Loss: 0.123955
Train Epoch: 15 [44736/60000 (75%)]	Loss: 0.060627
Train Epoch: 15 [51136/60000 (85%)]	Loss: 0.085382
Train Epoch: 15 [57536/60000 (96%)]	Loss: 0.103824

Test set: Average loss: 0.1129, Accuracy: 9694/10000 (97%)

Train Epoch: 16 [6336/60000 (11%)]	Loss: 0.092057
Train Epoch: 16 [12736/60000 (21%)]	Loss: 0.148120
Train Epoch: 16 [19136/60000 (32%)]	Loss: 0.051751
Train Epoch: 16 [25536/60000 (43%)]	Loss: 0.082820
Train Epoch: 16 [31936/60000 (53%)]	Loss: 0.086209
Train Epoch: 16 [38336/60000 (64%)]	Loss: 0.062138
Train Epoch: 16 [44736/60000 (75%)]	Loss: 0.044374
Train Epoch: 16 [51136/60000 (85%)]	Loss: 0.116918
Train Epoch: 16 [57536/60000 (96%)]	Loss: 0.106422

Test set: Average loss: 0.1105, Accuracy: 9709/10000 (97%)

Train Epoch: 17 [6336/60000 (11%)]	Loss: 0.128090
Train Epoch: 17 [12736/60000 (21%)]	Loss: 0.105204
Train Epoch: 17 [19136/60000 (32%)]	Loss: 0.035252
Train Epoch: 17 [25536/60000 (43%)]	Loss: 0.039251
Train Epoch: 17 [31936/60000 (53%)]	Loss: 0.095022
Train Epoch: 17 [38336/60000 (64%)]	Loss: 0.108076
Train Epoch: 17 [44736/60000 (75%)]	Loss: 0.086111
Train Epoch: 17 [51136/60000 (85%)]	Loss: 0.099530
Train Epoch: 17 [57536/60000 (96%)]	Loss: 0.053476

Test set: Average loss: 0.1116, Accuracy: 9709/10000 (97%)

Namespace(batch_size=64, bias=None, data='../data', device=1, epochs=17, hidden_size=500, load_weights=None, log_interval=100, lr=0.1, model='widefc2', momentum=0.9, no_cuda=False, r=5, save_model=None, save_results=True, seed=1, sparsity=0.9, use_relu=False, wd=0.0005)


Total time spent pruning/training: 1.77 minutes
Total number of parameters in model: 1991352
Number of parameters in pruned model: 199135
