Namespace(batch_size=64, bias=None, data='../data', device=1, epochs=7, hidden_size=500, load_weights=None, log_interval=100, lr=0.1, model='widefc2', momentum=0.9, no_cuda=False, r=5, save_model=None, save_results=True, seed=1, sparsity=0.25, use_relu=False, wd=0.0005) 

Pruning a Wide Two-Layer Fully Connected network ...
Train Epoch: 1 [6336/60000 (11%)]	Loss: 0.434021
Train Epoch: 1 [12736/60000 (21%)]	Loss: 0.374906
Train Epoch: 1 [19136/60000 (32%)]	Loss: 0.285321
Train Epoch: 1 [25536/60000 (43%)]	Loss: 0.288763
Train Epoch: 1 [31936/60000 (53%)]	Loss: 0.218542
Train Epoch: 1 [38336/60000 (64%)]	Loss: 0.137963
Train Epoch: 1 [44736/60000 (75%)]	Loss: 0.246978
Train Epoch: 1 [51136/60000 (85%)]	Loss: 0.281482
Train Epoch: 1 [57536/60000 (96%)]	Loss: 0.156065

Test set: Average loss: 0.1634, Accuracy: 9536/10000 (95%)

Train Epoch: 2 [6336/60000 (11%)]	Loss: 0.161515
Train Epoch: 2 [12736/60000 (21%)]	Loss: 0.107392
Train Epoch: 2 [19136/60000 (32%)]	Loss: 0.106501
Train Epoch: 2 [25536/60000 (43%)]	Loss: 0.202616
Train Epoch: 2 [31936/60000 (53%)]	Loss: 0.175961
Train Epoch: 2 [38336/60000 (64%)]	Loss: 0.112047
Train Epoch: 2 [44736/60000 (75%)]	Loss: 0.158508
Train Epoch: 2 [51136/60000 (85%)]	Loss: 0.099274
Train Epoch: 2 [57536/60000 (96%)]	Loss: 0.066854

Test set: Average loss: 0.1254, Accuracy: 9645/10000 (96%)

Train Epoch: 3 [6336/60000 (11%)]	Loss: 0.097624
Train Epoch: 3 [12736/60000 (21%)]	Loss: 0.058011
Train Epoch: 3 [19136/60000 (32%)]	Loss: 0.042807
Train Epoch: 3 [25536/60000 (43%)]	Loss: 0.076838
Train Epoch: 3 [31936/60000 (53%)]	Loss: 0.161427
Train Epoch: 3 [38336/60000 (64%)]	Loss: 0.060870
Train Epoch: 3 [44736/60000 (75%)]	Loss: 0.077642
Train Epoch: 3 [51136/60000 (85%)]	Loss: 0.284755
Train Epoch: 3 [57536/60000 (96%)]	Loss: 0.050833

Test set: Average loss: 0.1098, Accuracy: 9670/10000 (97%)

Train Epoch: 4 [6336/60000 (11%)]	Loss: 0.067674
Train Epoch: 4 [12736/60000 (21%)]	Loss: 0.136890
Train Epoch: 4 [19136/60000 (32%)]	Loss: 0.055797
Train Epoch: 4 [25536/60000 (43%)]	Loss: 0.085885
Train Epoch: 4 [31936/60000 (53%)]	Loss: 0.101479
Train Epoch: 4 [38336/60000 (64%)]	Loss: 0.100591
Train Epoch: 4 [44736/60000 (75%)]	Loss: 0.097171
Train Epoch: 4 [51136/60000 (85%)]	Loss: 0.086046
Train Epoch: 4 [57536/60000 (96%)]	Loss: 0.050061

Test set: Average loss: 0.1072, Accuracy: 9677/10000 (97%)

Train Epoch: 5 [6336/60000 (11%)]	Loss: 0.024440
Train Epoch: 5 [12736/60000 (21%)]	Loss: 0.021973
Train Epoch: 5 [19136/60000 (32%)]	Loss: 0.026613
Train Epoch: 5 [25536/60000 (43%)]	Loss: 0.118170
Train Epoch: 5 [31936/60000 (53%)]	Loss: 0.106775
Train Epoch: 5 [38336/60000 (64%)]	Loss: 0.105249
Train Epoch: 5 [44736/60000 (75%)]	Loss: 0.039774
Train Epoch: 5 [51136/60000 (85%)]	Loss: 0.017997
Train Epoch: 5 [57536/60000 (96%)]	Loss: 0.041715

Test set: Average loss: 0.0914, Accuracy: 9729/10000 (97%)

Train Epoch: 6 [6336/60000 (11%)]	Loss: 0.093421
Train Epoch: 6 [12736/60000 (21%)]	Loss: 0.044154
Train Epoch: 6 [19136/60000 (32%)]	Loss: 0.037455
Train Epoch: 6 [25536/60000 (43%)]	Loss: 0.078838
Train Epoch: 6 [31936/60000 (53%)]	Loss: 0.030485
Train Epoch: 6 [38336/60000 (64%)]	Loss: 0.065822
Train Epoch: 6 [44736/60000 (75%)]	Loss: 0.042664
Train Epoch: 6 [51136/60000 (85%)]	Loss: 0.066016
Train Epoch: 6 [57536/60000 (96%)]	Loss: 0.026898

Test set: Average loss: 0.0845, Accuracy: 9751/10000 (98%)

Train Epoch: 7 [6336/60000 (11%)]	Loss: 0.015298
Train Epoch: 7 [12736/60000 (21%)]	Loss: 0.040447
Train Epoch: 7 [19136/60000 (32%)]	Loss: 0.058801
Train Epoch: 7 [25536/60000 (43%)]	Loss: 0.032946
Train Epoch: 7 [31936/60000 (53%)]	Loss: 0.072669
Train Epoch: 7 [38336/60000 (64%)]	Loss: 0.088520
Train Epoch: 7 [44736/60000 (75%)]	Loss: 0.056884
Train Epoch: 7 [51136/60000 (85%)]	Loss: 0.022279
Train Epoch: 7 [57536/60000 (96%)]	Loss: 0.035607

Test set: Average loss: 0.0785, Accuracy: 9775/10000 (98%)

Namespace(batch_size=64, bias=None, data='../data', device=1, epochs=7, hidden_size=500, load_weights=None, log_interval=100, lr=0.1, model='widefc2', momentum=0.9, no_cuda=False, r=5, save_model=None, save_results=True, seed=1, sparsity=0.25, use_relu=False, wd=0.0005)


Total time spent pruning/training: 0.74 minutes
Total number of parameters in model: 1991352
Number of parameters in pruned model: 1493514
