Namespace(batch_size=64, bias=None, data='../data', device=1, epochs=13, hidden_size=500, load_weights=None, log_interval=100, lr=0.1, model='widefc2', momentum=0.9, no_cuda=False, r=5, save_model=None, save_results=True, seed=1, sparsity=0.25, use_relu=False, wd=0.0005) 

Pruning a Wide Two-Layer Fully Connected network ...
Train Epoch: 1 [6336/60000 (11%)]	Loss: 0.434021
Train Epoch: 1 [12736/60000 (21%)]	Loss: 0.374906
Train Epoch: 1 [19136/60000 (32%)]	Loss: 0.285321
Train Epoch: 1 [25536/60000 (43%)]	Loss: 0.288763
Train Epoch: 1 [31936/60000 (53%)]	Loss: 0.218542
Train Epoch: 1 [38336/60000 (64%)]	Loss: 0.137963
Train Epoch: 1 [44736/60000 (75%)]	Loss: 0.246978
Train Epoch: 1 [51136/60000 (85%)]	Loss: 0.281482
Train Epoch: 1 [57536/60000 (96%)]	Loss: 0.156065

Test set: Average loss: 0.1634, Accuracy: 9536/10000 (95%)

Train Epoch: 2 [6336/60000 (11%)]	Loss: 0.160053
Train Epoch: 2 [12736/60000 (21%)]	Loss: 0.112149
Train Epoch: 2 [19136/60000 (32%)]	Loss: 0.106214
Train Epoch: 2 [25536/60000 (43%)]	Loss: 0.201638
Train Epoch: 2 [31936/60000 (53%)]	Loss: 0.164092
Train Epoch: 2 [38336/60000 (64%)]	Loss: 0.118742
Train Epoch: 2 [44736/60000 (75%)]	Loss: 0.151701
Train Epoch: 2 [51136/60000 (85%)]	Loss: 0.096835
Train Epoch: 2 [57536/60000 (96%)]	Loss: 0.061311

Test set: Average loss: 0.1286, Accuracy: 9617/10000 (96%)

Train Epoch: 3 [6336/60000 (11%)]	Loss: 0.095135
Train Epoch: 3 [12736/60000 (21%)]	Loss: 0.050751
Train Epoch: 3 [19136/60000 (32%)]	Loss: 0.050687
Train Epoch: 3 [25536/60000 (43%)]	Loss: 0.079107
Train Epoch: 3 [31936/60000 (53%)]	Loss: 0.170962
Train Epoch: 3 [38336/60000 (64%)]	Loss: 0.061060
Train Epoch: 3 [44736/60000 (75%)]	Loss: 0.087298
Train Epoch: 3 [51136/60000 (85%)]	Loss: 0.281983
Train Epoch: 3 [57536/60000 (96%)]	Loss: 0.052577

Test set: Average loss: 0.1120, Accuracy: 9659/10000 (97%)

Train Epoch: 4 [6336/60000 (11%)]	Loss: 0.070017
Train Epoch: 4 [12736/60000 (21%)]	Loss: 0.181810
Train Epoch: 4 [19136/60000 (32%)]	Loss: 0.052115
Train Epoch: 4 [25536/60000 (43%)]	Loss: 0.074661
Train Epoch: 4 [31936/60000 (53%)]	Loss: 0.113957
Train Epoch: 4 [38336/60000 (64%)]	Loss: 0.099774
Train Epoch: 4 [44736/60000 (75%)]	Loss: 0.117691
Train Epoch: 4 [51136/60000 (85%)]	Loss: 0.080215
Train Epoch: 4 [57536/60000 (96%)]	Loss: 0.057875

Test set: Average loss: 0.1166, Accuracy: 9644/10000 (96%)

Train Epoch: 5 [6336/60000 (11%)]	Loss: 0.030235
Train Epoch: 5 [12736/60000 (21%)]	Loss: 0.023959
Train Epoch: 5 [19136/60000 (32%)]	Loss: 0.031265
Train Epoch: 5 [25536/60000 (43%)]	Loss: 0.112554
Train Epoch: 5 [31936/60000 (53%)]	Loss: 0.130130
Train Epoch: 5 [38336/60000 (64%)]	Loss: 0.122975
Train Epoch: 5 [44736/60000 (75%)]	Loss: 0.051122
Train Epoch: 5 [51136/60000 (85%)]	Loss: 0.027296
Train Epoch: 5 [57536/60000 (96%)]	Loss: 0.045293

Test set: Average loss: 0.1172, Accuracy: 9640/10000 (96%)

Train Epoch: 6 [6336/60000 (11%)]	Loss: 0.116971
Train Epoch: 6 [12736/60000 (21%)]	Loss: 0.037939
Train Epoch: 6 [19136/60000 (32%)]	Loss: 0.075707
Train Epoch: 6 [25536/60000 (43%)]	Loss: 0.121401
Train Epoch: 6 [31936/60000 (53%)]	Loss: 0.038823
Train Epoch: 6 [38336/60000 (64%)]	Loss: 0.098246
Train Epoch: 6 [44736/60000 (75%)]	Loss: 0.095869
Train Epoch: 6 [51136/60000 (85%)]	Loss: 0.133906
Train Epoch: 6 [57536/60000 (96%)]	Loss: 0.056044

Test set: Average loss: 0.1055, Accuracy: 9697/10000 (97%)

Train Epoch: 7 [6336/60000 (11%)]	Loss: 0.026209
Train Epoch: 7 [12736/60000 (21%)]	Loss: 0.048594
Train Epoch: 7 [19136/60000 (32%)]	Loss: 0.095538
Train Epoch: 7 [25536/60000 (43%)]	Loss: 0.077757
Train Epoch: 7 [31936/60000 (53%)]	Loss: 0.138655
Train Epoch: 7 [38336/60000 (64%)]	Loss: 0.148152
Train Epoch: 7 [44736/60000 (75%)]	Loss: 0.126665
Train Epoch: 7 [51136/60000 (85%)]	Loss: 0.046268
Train Epoch: 7 [57536/60000 (96%)]	Loss: 0.037980

Test set: Average loss: 0.0957, Accuracy: 9725/10000 (97%)

Train Epoch: 8 [6336/60000 (11%)]	Loss: 0.077074
Train Epoch: 8 [12736/60000 (21%)]	Loss: 0.043347
Train Epoch: 8 [19136/60000 (32%)]	Loss: 0.029801
Train Epoch: 8 [25536/60000 (43%)]	Loss: 0.116371
Train Epoch: 8 [31936/60000 (53%)]	Loss: 0.175719
Train Epoch: 8 [38336/60000 (64%)]	Loss: 0.055617
Train Epoch: 8 [44736/60000 (75%)]	Loss: 0.056186
Train Epoch: 8 [51136/60000 (85%)]	Loss: 0.059745
Train Epoch: 8 [57536/60000 (96%)]	Loss: 0.092958

Test set: Average loss: 0.0933, Accuracy: 9707/10000 (97%)

Train Epoch: 9 [6336/60000 (11%)]	Loss: 0.048934
Train Epoch: 9 [12736/60000 (21%)]	Loss: 0.028897
Train Epoch: 9 [19136/60000 (32%)]	Loss: 0.027533
Train Epoch: 9 [25536/60000 (43%)]	Loss: 0.043307
Train Epoch: 9 [31936/60000 (53%)]	Loss: 0.047921
Train Epoch: 9 [38336/60000 (64%)]	Loss: 0.032624
Train Epoch: 9 [44736/60000 (75%)]	Loss: 0.036891
Train Epoch: 9 [51136/60000 (85%)]	Loss: 0.066613
Train Epoch: 9 [57536/60000 (96%)]	Loss: 0.083173

Test set: Average loss: 0.0861, Accuracy: 9731/10000 (97%)

Train Epoch: 10 [6336/60000 (11%)]	Loss: 0.069573
Train Epoch: 10 [12736/60000 (21%)]	Loss: 0.045403
Train Epoch: 10 [19136/60000 (32%)]	Loss: 0.040019
Train Epoch: 10 [25536/60000 (43%)]	Loss: 0.035221
Train Epoch: 10 [31936/60000 (53%)]	Loss: 0.141346
Train Epoch: 10 [38336/60000 (64%)]	Loss: 0.037982
Train Epoch: 10 [44736/60000 (75%)]	Loss: 0.038132
Train Epoch: 10 [51136/60000 (85%)]	Loss: 0.016982
Train Epoch: 10 [57536/60000 (96%)]	Loss: 0.043043

Test set: Average loss: 0.0761, Accuracy: 9769/10000 (98%)

Train Epoch: 11 [6336/60000 (11%)]	Loss: 0.023392
Train Epoch: 11 [12736/60000 (21%)]	Loss: 0.010304
Train Epoch: 11 [19136/60000 (32%)]	Loss: 0.020250
Train Epoch: 11 [25536/60000 (43%)]	Loss: 0.016921
Train Epoch: 11 [31936/60000 (53%)]	Loss: 0.039714
Train Epoch: 11 [38336/60000 (64%)]	Loss: 0.041091
Train Epoch: 11 [44736/60000 (75%)]	Loss: 0.024288
Train Epoch: 11 [51136/60000 (85%)]	Loss: 0.012796
Train Epoch: 11 [57536/60000 (96%)]	Loss: 0.021061

Test set: Average loss: 0.0657, Accuracy: 9807/10000 (98%)

Train Epoch: 12 [6336/60000 (11%)]	Loss: 0.011824
Train Epoch: 12 [12736/60000 (21%)]	Loss: 0.027283
Train Epoch: 12 [19136/60000 (32%)]	Loss: 0.023280
Train Epoch: 12 [25536/60000 (43%)]	Loss: 0.011314
Train Epoch: 12 [31936/60000 (53%)]	Loss: 0.016790
Train Epoch: 12 [38336/60000 (64%)]	Loss: 0.039334
Train Epoch: 12 [44736/60000 (75%)]	Loss: 0.014111
Train Epoch: 12 [51136/60000 (85%)]	Loss: 0.035015
Train Epoch: 12 [57536/60000 (96%)]	Loss: 0.043458

Test set: Average loss: 0.0650, Accuracy: 9818/10000 (98%)

Train Epoch: 13 [6336/60000 (11%)]	Loss: 0.030229
Train Epoch: 13 [12736/60000 (21%)]	Loss: 0.011408
Train Epoch: 13 [19136/60000 (32%)]	Loss: 0.028352
Train Epoch: 13 [25536/60000 (43%)]	Loss: 0.044875
Train Epoch: 13 [31936/60000 (53%)]	Loss: 0.025702
Train Epoch: 13 [38336/60000 (64%)]	Loss: 0.051525
Train Epoch: 13 [44736/60000 (75%)]	Loss: 0.016037
Train Epoch: 13 [51136/60000 (85%)]	Loss: 0.045238
Train Epoch: 13 [57536/60000 (96%)]	Loss: 0.048216

Test set: Average loss: 0.0637, Accuracy: 9816/10000 (98%)

Namespace(batch_size=64, bias=None, data='../data', device=1, epochs=13, hidden_size=500, load_weights=None, log_interval=100, lr=0.1, model='widefc2', momentum=0.9, no_cuda=False, r=5, save_model=None, save_results=True, seed=1, sparsity=0.25, use_relu=False, wd=0.0005)


Total time spent pruning/training: 1.37 minutes
Total number of parameters in model: 1991352
Number of parameters in pruned model: 1493514
