Namespace(batch_size=64, bias=None, data='../data', device=1, epochs=12, hidden_size=500, load_weights=None, log_interval=100, lr=0.1, model='widefc2', momentum=0.9, no_cuda=False, r=5, save_model=None, save_results=True, seed=1, sparsity=0.025, use_relu=False, wd=0.0005) 

Pruning a Wide Two-Layer Fully Connected network ...
Train Epoch: 1 [6336/60000 (11%)]	Loss: 0.449582
Train Epoch: 1 [12736/60000 (21%)]	Loss: 0.404629
Train Epoch: 1 [19136/60000 (32%)]	Loss: 0.292543
Train Epoch: 1 [25536/60000 (43%)]	Loss: 0.344189
Train Epoch: 1 [31936/60000 (53%)]	Loss: 0.334094
Train Epoch: 1 [38336/60000 (64%)]	Loss: 0.284673
Train Epoch: 1 [44736/60000 (75%)]	Loss: 0.401256
Train Epoch: 1 [51136/60000 (85%)]	Loss: 0.457978
Train Epoch: 1 [57536/60000 (96%)]	Loss: 0.266256

Test set: Average loss: 0.3108, Accuracy: 9183/10000 (92%)

Train Epoch: 2 [6336/60000 (11%)]	Loss: 0.359567
Train Epoch: 2 [12736/60000 (21%)]	Loss: 0.352301
Train Epoch: 2 [19136/60000 (32%)]	Loss: 0.433470
Train Epoch: 2 [25536/60000 (43%)]	Loss: 0.727321
Train Epoch: 2 [31936/60000 (53%)]	Loss: 0.559345
Train Epoch: 2 [38336/60000 (64%)]	Loss: 0.410938
Train Epoch: 2 [44736/60000 (75%)]	Loss: 0.424968
Train Epoch: 2 [51136/60000 (85%)]	Loss: 0.463338
Train Epoch: 2 [57536/60000 (96%)]	Loss: 0.444792

Test set: Average loss: 0.5634, Accuracy: 8217/10000 (82%)

Train Epoch: 3 [6336/60000 (11%)]	Loss: 0.474890
Train Epoch: 3 [12736/60000 (21%)]	Loss: 0.530611
Train Epoch: 3 [19136/60000 (32%)]	Loss: 0.469119
Train Epoch: 3 [25536/60000 (43%)]	Loss: 0.726317
Train Epoch: 3 [31936/60000 (53%)]	Loss: 0.704993
Train Epoch: 3 [38336/60000 (64%)]	Loss: 0.679580
Train Epoch: 3 [44736/60000 (75%)]	Loss: 0.766609
Train Epoch: 3 [51136/60000 (85%)]	Loss: 0.989947
Train Epoch: 3 [57536/60000 (96%)]	Loss: 0.961256

Test set: Average loss: 1.0219, Accuracy: 6766/10000 (68%)

Train Epoch: 4 [6336/60000 (11%)]	Loss: 1.133112
Train Epoch: 4 [12736/60000 (21%)]	Loss: 1.102603
Train Epoch: 4 [19136/60000 (32%)]	Loss: 1.029066
Train Epoch: 4 [25536/60000 (43%)]	Loss: 1.069833
Train Epoch: 4 [31936/60000 (53%)]	Loss: 1.188020
Train Epoch: 4 [38336/60000 (64%)]	Loss: 1.214152
Train Epoch: 4 [44736/60000 (75%)]	Loss: 1.309835
Train Epoch: 4 [51136/60000 (85%)]	Loss: 1.290919
Train Epoch: 4 [57536/60000 (96%)]	Loss: 1.479494

Test set: Average loss: 1.4097, Accuracy: 5379/10000 (54%)

Train Epoch: 5 [6336/60000 (11%)]	Loss: 1.401444
Train Epoch: 5 [12736/60000 (21%)]	Loss: 1.539816
Train Epoch: 5 [19136/60000 (32%)]	Loss: 1.413512
Train Epoch: 5 [25536/60000 (43%)]	Loss: 1.639414
Train Epoch: 5 [31936/60000 (53%)]	Loss: 1.419971
Train Epoch: 5 [38336/60000 (64%)]	Loss: 1.646097
Train Epoch: 5 [44736/60000 (75%)]	Loss: 1.515387
Train Epoch: 5 [51136/60000 (85%)]	Loss: 1.373181
Train Epoch: 5 [57536/60000 (96%)]	Loss: 1.616593

Test set: Average loss: 1.5552, Accuracy: 5121/10000 (51%)

Train Epoch: 6 [6336/60000 (11%)]	Loss: 1.609199
Train Epoch: 6 [12736/60000 (21%)]	Loss: 1.638061
Train Epoch: 6 [19136/60000 (32%)]	Loss: 1.511001
Train Epoch: 6 [25536/60000 (43%)]	Loss: 1.556255
Train Epoch: 6 [31936/60000 (53%)]	Loss: 1.597152
Train Epoch: 6 [38336/60000 (64%)]	Loss: 1.571426
Train Epoch: 6 [44736/60000 (75%)]	Loss: 1.529549
Train Epoch: 6 [51136/60000 (85%)]	Loss: 1.602646
Train Epoch: 6 [57536/60000 (96%)]	Loss: 1.608741

Test set: Average loss: 1.7051, Accuracy: 4480/10000 (45%)

Train Epoch: 7 [6336/60000 (11%)]	Loss: 1.505317
Train Epoch: 7 [12736/60000 (21%)]	Loss: 1.671643
Train Epoch: 7 [19136/60000 (32%)]	Loss: 1.763449
Train Epoch: 7 [25536/60000 (43%)]	Loss: 1.556831
Train Epoch: 7 [31936/60000 (53%)]	Loss: 1.664074
Train Epoch: 7 [38336/60000 (64%)]	Loss: 1.768799
Train Epoch: 7 [44736/60000 (75%)]	Loss: 1.843427
Train Epoch: 7 [51136/60000 (85%)]	Loss: 1.627736
Train Epoch: 7 [57536/60000 (96%)]	Loss: 1.708243

Test set: Average loss: 1.7286, Accuracy: 4632/10000 (46%)

Train Epoch: 8 [6336/60000 (11%)]	Loss: 1.826368
Train Epoch: 8 [12736/60000 (21%)]	Loss: 1.807122
Train Epoch: 8 [19136/60000 (32%)]	Loss: 1.887839
Train Epoch: 8 [25536/60000 (43%)]	Loss: 1.800818
Train Epoch: 8 [31936/60000 (53%)]	Loss: 1.903524
Train Epoch: 8 [38336/60000 (64%)]	Loss: 1.755136
Train Epoch: 8 [44736/60000 (75%)]	Loss: 1.523176
Train Epoch: 8 [51136/60000 (85%)]	Loss: 1.730278
Train Epoch: 8 [57536/60000 (96%)]	Loss: 1.700535

Test set: Average loss: 1.7889, Accuracy: 4055/10000 (41%)

Train Epoch: 9 [6336/60000 (11%)]	Loss: 1.458131
Train Epoch: 9 [12736/60000 (21%)]	Loss: 1.550339
Train Epoch: 9 [19136/60000 (32%)]	Loss: 1.882614
Train Epoch: 9 [25536/60000 (43%)]	Loss: 1.868386
Train Epoch: 9 [31936/60000 (53%)]	Loss: 1.897600
Train Epoch: 9 [38336/60000 (64%)]	Loss: 1.895288
Train Epoch: 9 [44736/60000 (75%)]	Loss: 1.840055
Train Epoch: 9 [51136/60000 (85%)]	Loss: 1.975036
Train Epoch: 9 [57536/60000 (96%)]	Loss: 1.872115

Test set: Average loss: 1.7803, Accuracy: 4043/10000 (40%)

Train Epoch: 10 [6336/60000 (11%)]	Loss: 1.848202
Train Epoch: 10 [12736/60000 (21%)]	Loss: 1.716883
Train Epoch: 10 [19136/60000 (32%)]	Loss: 1.950344
Train Epoch: 10 [25536/60000 (43%)]	Loss: 1.634274
Train Epoch: 10 [31936/60000 (53%)]	Loss: 1.735581
Train Epoch: 10 [38336/60000 (64%)]	Loss: 1.888540
Train Epoch: 10 [44736/60000 (75%)]	Loss: 1.916399
Train Epoch: 10 [51136/60000 (85%)]	Loss: 1.777071
Train Epoch: 10 [57536/60000 (96%)]	Loss: 1.884696

Test set: Average loss: 1.7696, Accuracy: 4396/10000 (44%)

Train Epoch: 11 [6336/60000 (11%)]	Loss: 1.651177
Train Epoch: 11 [12736/60000 (21%)]	Loss: 1.757562
Train Epoch: 11 [19136/60000 (32%)]	Loss: 1.777838
Train Epoch: 11 [25536/60000 (43%)]	Loss: 1.873654
Train Epoch: 11 [31936/60000 (53%)]	Loss: 1.951256
Train Epoch: 11 [38336/60000 (64%)]	Loss: 1.829887
Train Epoch: 11 [44736/60000 (75%)]	Loss: 1.803182
Train Epoch: 11 [51136/60000 (85%)]	Loss: 1.807374
Train Epoch: 11 [57536/60000 (96%)]	Loss: 1.851162

Test set: Average loss: 1.8044, Accuracy: 4287/10000 (43%)

Train Epoch: 12 [6336/60000 (11%)]	Loss: 1.864218
Train Epoch: 12 [12736/60000 (21%)]	Loss: 1.784124
Train Epoch: 12 [19136/60000 (32%)]	Loss: 1.792845
Train Epoch: 12 [25536/60000 (43%)]	Loss: 1.553046
Train Epoch: 12 [31936/60000 (53%)]	Loss: 1.764183
Train Epoch: 12 [38336/60000 (64%)]	Loss: 1.778739
Train Epoch: 12 [44736/60000 (75%)]	Loss: 1.844378
Train Epoch: 12 [51136/60000 (85%)]	Loss: 1.959947
Train Epoch: 12 [57536/60000 (96%)]	Loss: 1.979491

Test set: Average loss: 1.8147, Accuracy: 3958/10000 (40%)

Namespace(batch_size=64, bias=None, data='../data', device=1, epochs=12, hidden_size=500, load_weights=None, log_interval=100, lr=0.1, model='widefc2', momentum=0.9, no_cuda=False, r=5, save_model=None, save_results=True, seed=1, sparsity=0.025, use_relu=False, wd=0.0005)


Total time spent pruning/training: 1.28 minutes
Total number of parameters in model: 1991352
Number of parameters in pruned model: 1941568
