Namespace(batch_size=64, bias=None, data='../data', device=1, epochs=30, hidden_size=500, load_weights=None, log_interval=100, lr=0.1, milestones=[5, 7], model='prunefc2', momentum=0.9, no_cuda=False, r=5, save_model=None, save_results=True, scheduler='cosine', seed=1, sparsity=0.05, use_relu=False, wd=0.0005) 

Pruning a Two-Layer Fully Connected network ...
Train Epoch: 1 [0/60000 (0%)]	Loss: 2.703354
Train Epoch: 1 [6400/60000 (11%)]	Loss: 0.337077
Train Epoch: 1 [12800/60000 (21%)]	Loss: 0.279997
Train Epoch: 1 [19200/60000 (32%)]	Loss: 0.276240
Train Epoch: 1 [25600/60000 (43%)]	Loss: 0.230316
Train Epoch: 1 [32000/60000 (53%)]	Loss: 0.297277
Train Epoch: 1 [38400/60000 (64%)]	Loss: 0.157855
Train Epoch: 1 [44800/60000 (75%)]	Loss: 0.143094
Train Epoch: 1 [51200/60000 (85%)]	Loss: 0.174948
Train Epoch: 1 [57600/60000 (96%)]	Loss: 0.208623

Test set: Average loss: 0.2049, Accuracy: 9392/10000 (94%)

Train Epoch: 2 [0/60000 (0%)]	Loss: 0.155437
Train Epoch: 2 [6400/60000 (11%)]	Loss: 0.195775
Train Epoch: 2 [12800/60000 (21%)]	Loss: 0.177867
Train Epoch: 2 [19200/60000 (32%)]	Loss: 0.124037
Train Epoch: 2 [25600/60000 (43%)]	Loss: 0.165443
Train Epoch: 2 [32000/60000 (53%)]	Loss: 0.207646
Train Epoch: 2 [38400/60000 (64%)]	Loss: 0.196664
Train Epoch: 2 [44800/60000 (75%)]	Loss: 0.217691
Train Epoch: 2 [51200/60000 (85%)]	Loss: 0.297228
Train Epoch: 2 [57600/60000 (96%)]	Loss: 0.180604

Test set: Average loss: 0.2068, Accuracy: 9383/10000 (94%)

Train Epoch: 3 [0/60000 (0%)]	Loss: 0.240330
Train Epoch: 3 [6400/60000 (11%)]	Loss: 0.238537
Train Epoch: 3 [12800/60000 (21%)]	Loss: 0.236801
Train Epoch: 3 [19200/60000 (32%)]	Loss: 0.134880
Train Epoch: 3 [25600/60000 (43%)]	Loss: 0.188852
Train Epoch: 3 [32000/60000 (53%)]	Loss: 0.183383
Train Epoch: 3 [38400/60000 (64%)]	Loss: 0.199431
Train Epoch: 3 [44800/60000 (75%)]	Loss: 0.258198
Train Epoch: 3 [51200/60000 (85%)]	Loss: 0.294052
Train Epoch: 3 [57600/60000 (96%)]	Loss: 0.156649

Test set: Average loss: 0.2594, Accuracy: 9180/10000 (92%)

Train Epoch: 4 [0/60000 (0%)]	Loss: 0.120918
Train Epoch: 4 [6400/60000 (11%)]	Loss: 0.200211
Train Epoch: 4 [12800/60000 (21%)]	Loss: 0.153376
Train Epoch: 4 [19200/60000 (32%)]	Loss: 0.281864
Train Epoch: 4 [25600/60000 (43%)]	Loss: 0.250341
Train Epoch: 4 [32000/60000 (53%)]	Loss: 0.491435
Train Epoch: 4 [38400/60000 (64%)]	Loss: 0.510714
Train Epoch: 4 [44800/60000 (75%)]	Loss: 0.193090
Train Epoch: 4 [51200/60000 (85%)]	Loss: 0.395553
Train Epoch: 4 [57600/60000 (96%)]	Loss: 0.237151

Test set: Average loss: 0.4326, Accuracy: 8614/10000 (86%)

Train Epoch: 5 [0/60000 (0%)]	Loss: 0.210652
Train Epoch: 5 [6400/60000 (11%)]	Loss: 0.256953
Train Epoch: 5 [12800/60000 (21%)]	Loss: 0.396320
Train Epoch: 5 [19200/60000 (32%)]	Loss: 0.328489
Train Epoch: 5 [25600/60000 (43%)]	Loss: 0.354009
Train Epoch: 5 [32000/60000 (53%)]	Loss: 0.404971
Train Epoch: 5 [38400/60000 (64%)]	Loss: 0.496763
Train Epoch: 5 [44800/60000 (75%)]	Loss: 0.509219
Train Epoch: 5 [51200/60000 (85%)]	Loss: 0.423088
Train Epoch: 5 [57600/60000 (96%)]	Loss: 0.816220

Test set: Average loss: 0.4422, Accuracy: 8727/10000 (87%)

Train Epoch: 6 [0/60000 (0%)]	Loss: 0.410346
Train Epoch: 6 [6400/60000 (11%)]	Loss: 0.481572
Train Epoch: 6 [12800/60000 (21%)]	Loss: 0.353633
Train Epoch: 6 [19200/60000 (32%)]	Loss: 0.545069
Train Epoch: 6 [25600/60000 (43%)]	Loss: 0.639138
Train Epoch: 6 [32000/60000 (53%)]	Loss: 0.536056
Train Epoch: 6 [38400/60000 (64%)]	Loss: 0.737340
Train Epoch: 6 [44800/60000 (75%)]	Loss: 0.597586
Train Epoch: 6 [51200/60000 (85%)]	Loss: 0.616298
Train Epoch: 6 [57600/60000 (96%)]	Loss: 0.794456

Test set: Average loss: 0.8223, Accuracy: 7180/10000 (72%)

Train Epoch: 7 [0/60000 (0%)]	Loss: 1.100340
Train Epoch: 7 [6400/60000 (11%)]	Loss: 0.658538
Train Epoch: 7 [12800/60000 (21%)]	Loss: 0.842501
Train Epoch: 7 [19200/60000 (32%)]	Loss: 1.217732
Train Epoch: 7 [25600/60000 (43%)]	Loss: 0.847972
Train Epoch: 7 [32000/60000 (53%)]	Loss: 0.890047
Train Epoch: 7 [38400/60000 (64%)]	Loss: 0.860993
Train Epoch: 7 [44800/60000 (75%)]	Loss: 0.888662
Train Epoch: 7 [51200/60000 (85%)]	Loss: 0.976502
Train Epoch: 7 [57600/60000 (96%)]	Loss: 1.021271

Test set: Average loss: 0.9867, Accuracy: 6689/10000 (67%)

Train Epoch: 8 [0/60000 (0%)]	Loss: 1.150138
Train Epoch: 8 [6400/60000 (11%)]	Loss: 0.944178
Train Epoch: 8 [12800/60000 (21%)]	Loss: 1.004486
Train Epoch: 8 [19200/60000 (32%)]	Loss: 1.060067
Train Epoch: 8 [25600/60000 (43%)]	Loss: 0.931698
Train Epoch: 8 [32000/60000 (53%)]	Loss: 1.204040
Train Epoch: 8 [38400/60000 (64%)]	Loss: 1.094556
Train Epoch: 8 [44800/60000 (75%)]	Loss: 0.765188
Train Epoch: 8 [51200/60000 (85%)]	Loss: 0.895400
Train Epoch: 8 [57600/60000 (96%)]	Loss: 1.108922

Test set: Average loss: 1.0910, Accuracy: 6643/10000 (66%)

Train Epoch: 9 [0/60000 (0%)]	Loss: 1.237184
Train Epoch: 9 [6400/60000 (11%)]	Loss: 1.139431
Train Epoch: 9 [12800/60000 (21%)]	Loss: 1.308992
Train Epoch: 9 [19200/60000 (32%)]	Loss: 1.212081
Train Epoch: 9 [25600/60000 (43%)]	Loss: 1.152252
Train Epoch: 9 [32000/60000 (53%)]	Loss: 1.335332
Train Epoch: 9 [38400/60000 (64%)]	Loss: 1.280732
Train Epoch: 9 [44800/60000 (75%)]	Loss: 0.904532
Train Epoch: 9 [51200/60000 (85%)]	Loss: 1.230036
Train Epoch: 9 [57600/60000 (96%)]	Loss: 1.055565

Test set: Average loss: 1.2007, Accuracy: 5947/10000 (59%)

Train Epoch: 10 [0/60000 (0%)]	Loss: 1.368900
Train Epoch: 10 [6400/60000 (11%)]	Loss: 1.216163
Train Epoch: 10 [12800/60000 (21%)]	Loss: 1.160849
Train Epoch: 10 [19200/60000 (32%)]	Loss: 1.121321
Train Epoch: 10 [25600/60000 (43%)]	Loss: 1.415052
Train Epoch: 10 [32000/60000 (53%)]	Loss: 1.347605
Train Epoch: 10 [38400/60000 (64%)]	Loss: 1.423774
Train Epoch: 10 [44800/60000 (75%)]	Loss: 1.407106
Train Epoch: 10 [51200/60000 (85%)]	Loss: 1.114281
Train Epoch: 10 [57600/60000 (96%)]	Loss: 1.276055

Test set: Average loss: 1.1872, Accuracy: 6381/10000 (64%)

Train Epoch: 11 [0/60000 (0%)]	Loss: 1.259474
Train Epoch: 11 [6400/60000 (11%)]	Loss: 1.347316
Train Epoch: 11 [12800/60000 (21%)]	Loss: 1.298800
Train Epoch: 11 [19200/60000 (32%)]	Loss: 1.294601
Train Epoch: 11 [25600/60000 (43%)]	Loss: 1.069812
Train Epoch: 11 [32000/60000 (53%)]	Loss: 1.382421
Train Epoch: 11 [38400/60000 (64%)]	Loss: 1.380274
Train Epoch: 11 [44800/60000 (75%)]	Loss: 1.455330
Train Epoch: 11 [51200/60000 (85%)]	Loss: 1.469271
Train Epoch: 11 [57600/60000 (96%)]	Loss: 1.335516

Test set: Average loss: 1.2977, Accuracy: 5753/10000 (58%)

Train Epoch: 12 [0/60000 (0%)]	Loss: 1.263687
Train Epoch: 12 [6400/60000 (11%)]	Loss: 1.222059
Train Epoch: 12 [12800/60000 (21%)]	Loss: 1.494408
Train Epoch: 12 [19200/60000 (32%)]	Loss: 1.271299
Train Epoch: 12 [25600/60000 (43%)]	Loss: 1.418650
Train Epoch: 12 [32000/60000 (53%)]	Loss: 1.450231
Train Epoch: 12 [38400/60000 (64%)]	Loss: 1.161246
Train Epoch: 12 [44800/60000 (75%)]	Loss: 1.375199
Train Epoch: 12 [51200/60000 (85%)]	Loss: 1.374200
Train Epoch: 12 [57600/60000 (96%)]	Loss: 1.260457

Test set: Average loss: 1.4337, Accuracy: 4911/10000 (49%)

Train Epoch: 13 [0/60000 (0%)]	Loss: 1.479198
Train Epoch: 13 [6400/60000 (11%)]	Loss: 1.154661
Train Epoch: 13 [12800/60000 (21%)]	Loss: 1.171535
Train Epoch: 13 [19200/60000 (32%)]	Loss: 1.220193
Train Epoch: 13 [25600/60000 (43%)]	Loss: 1.234613
Train Epoch: 13 [32000/60000 (53%)]	Loss: 1.208794
Train Epoch: 13 [38400/60000 (64%)]	Loss: 1.213644
Train Epoch: 13 [44800/60000 (75%)]	Loss: 1.316512
Train Epoch: 13 [51200/60000 (85%)]	Loss: 1.276025
Train Epoch: 13 [57600/60000 (96%)]	Loss: 1.227594

Test set: Average loss: 1.3218, Accuracy: 5628/10000 (56%)

Train Epoch: 14 [0/60000 (0%)]	Loss: 1.159123
Train Epoch: 14 [6400/60000 (11%)]	Loss: 1.160586
Train Epoch: 14 [12800/60000 (21%)]	Loss: 1.276502
Train Epoch: 14 [19200/60000 (32%)]	Loss: 1.140798
Train Epoch: 14 [25600/60000 (43%)]	Loss: 1.513337
Train Epoch: 14 [32000/60000 (53%)]	Loss: 1.494095
Train Epoch: 14 [38400/60000 (64%)]	Loss: 1.219338
Train Epoch: 14 [44800/60000 (75%)]	Loss: 1.130089
Train Epoch: 14 [51200/60000 (85%)]	Loss: 1.581220
Train Epoch: 14 [57600/60000 (96%)]	Loss: 1.384152

Test set: Average loss: 1.2850, Accuracy: 5762/10000 (58%)

Train Epoch: 15 [0/60000 (0%)]	Loss: 1.442909
Train Epoch: 15 [6400/60000 (11%)]	Loss: 1.332768
Train Epoch: 15 [12800/60000 (21%)]	Loss: 1.537093
Train Epoch: 15 [19200/60000 (32%)]	Loss: 1.184525
Train Epoch: 15 [25600/60000 (43%)]	Loss: 1.144598
Train Epoch: 15 [32000/60000 (53%)]	Loss: 1.265826
Train Epoch: 15 [38400/60000 (64%)]	Loss: 1.310053
Train Epoch: 15 [44800/60000 (75%)]	Loss: 1.390479
Train Epoch: 15 [51200/60000 (85%)]	Loss: 1.340317
Train Epoch: 15 [57600/60000 (96%)]	Loss: 1.407265

Test set: Average loss: 1.3119, Accuracy: 5677/10000 (57%)

Train Epoch: 16 [0/60000 (0%)]	Loss: 1.258770
Train Epoch: 16 [6400/60000 (11%)]	Loss: 1.136306
Train Epoch: 16 [12800/60000 (21%)]	Loss: 1.430282
Train Epoch: 16 [19200/60000 (32%)]	Loss: 1.239125
Train Epoch: 16 [25600/60000 (43%)]	Loss: 1.521191
Train Epoch: 16 [32000/60000 (53%)]	Loss: 1.661009
Train Epoch: 16 [38400/60000 (64%)]	Loss: 1.308283
Train Epoch: 16 [44800/60000 (75%)]	Loss: 1.358303
Train Epoch: 16 [51200/60000 (85%)]	Loss: 1.296217
Train Epoch: 16 [57600/60000 (96%)]	Loss: 1.519202

Test set: Average loss: 1.3888, Accuracy: 5220/10000 (52%)

Train Epoch: 17 [0/60000 (0%)]	Loss: 1.433366
Train Epoch: 17 [6400/60000 (11%)]	Loss: 1.326456
Train Epoch: 17 [12800/60000 (21%)]	Loss: 1.259068
Train Epoch: 17 [19200/60000 (32%)]	Loss: 1.341821
Train Epoch: 17 [25600/60000 (43%)]	Loss: 1.215627
Train Epoch: 17 [32000/60000 (53%)]	Loss: 1.167071
Train Epoch: 17 [38400/60000 (64%)]	Loss: 1.416735
Train Epoch: 17 [44800/60000 (75%)]	Loss: 1.119578
Train Epoch: 17 [51200/60000 (85%)]	Loss: 1.212626
Train Epoch: 17 [57600/60000 (96%)]	Loss: 1.191407

Test set: Average loss: 1.3433, Accuracy: 5480/10000 (55%)

Train Epoch: 18 [0/60000 (0%)]	Loss: 1.485111
Train Epoch: 18 [6400/60000 (11%)]	Loss: 1.483239
Train Epoch: 18 [12800/60000 (21%)]	Loss: 1.306392
Train Epoch: 18 [19200/60000 (32%)]	Loss: 1.374291
Train Epoch: 18 [25600/60000 (43%)]	Loss: 1.251985
Train Epoch: 18 [32000/60000 (53%)]	Loss: 1.388797
Train Epoch: 18 [38400/60000 (64%)]	Loss: 1.271262
Train Epoch: 18 [44800/60000 (75%)]	Loss: 1.297042
Train Epoch: 18 [51200/60000 (85%)]	Loss: 1.464267
Train Epoch: 18 [57600/60000 (96%)]	Loss: 1.301203

Test set: Average loss: 1.3502, Accuracy: 5769/10000 (58%)

Train Epoch: 19 [0/60000 (0%)]	Loss: 1.565617
Train Epoch: 19 [6400/60000 (11%)]	Loss: 1.284785
Train Epoch: 19 [12800/60000 (21%)]	Loss: 1.159318
Train Epoch: 19 [19200/60000 (32%)]	Loss: 1.176363
Train Epoch: 19 [25600/60000 (43%)]	Loss: 1.208553
Train Epoch: 19 [32000/60000 (53%)]	Loss: 1.404442
Train Epoch: 19 [38400/60000 (64%)]	Loss: 1.369004
Train Epoch: 19 [44800/60000 (75%)]	Loss: 1.301047
Train Epoch: 19 [51200/60000 (85%)]	Loss: 1.435149
Train Epoch: 19 [57600/60000 (96%)]	Loss: 1.573235

Test set: Average loss: 1.3333, Accuracy: 5717/10000 (57%)

Train Epoch: 20 [0/60000 (0%)]	Loss: 1.402763
Train Epoch: 20 [6400/60000 (11%)]	Loss: 1.168656
Train Epoch: 20 [12800/60000 (21%)]	Loss: 1.502050
Train Epoch: 20 [19200/60000 (32%)]	Loss: 1.517642
Train Epoch: 20 [25600/60000 (43%)]	Loss: 1.444604
Train Epoch: 20 [32000/60000 (53%)]	Loss: 1.343032
Train Epoch: 20 [38400/60000 (64%)]	Loss: 1.344375
Train Epoch: 20 [44800/60000 (75%)]	Loss: 1.280997
Train Epoch: 20 [51200/60000 (85%)]	Loss: 1.222504
Train Epoch: 20 [57600/60000 (96%)]	Loss: 1.731920

Test set: Average loss: 1.3162, Accuracy: 5643/10000 (56%)

Train Epoch: 21 [0/60000 (0%)]	Loss: 1.353114
Train Epoch: 21 [6400/60000 (11%)]	Loss: 1.252681
Train Epoch: 21 [12800/60000 (21%)]	Loss: 1.396534
Train Epoch: 21 [19200/60000 (32%)]	Loss: 1.375577
Train Epoch: 21 [25600/60000 (43%)]	Loss: 1.247813
Train Epoch: 21 [32000/60000 (53%)]	Loss: 1.365981
Train Epoch: 21 [38400/60000 (64%)]	Loss: 1.481658
Train Epoch: 21 [44800/60000 (75%)]	Loss: 1.247896
Train Epoch: 21 [51200/60000 (85%)]	Loss: 1.193554
Train Epoch: 21 [57600/60000 (96%)]	Loss: 1.365663

Test set: Average loss: 1.3152, Accuracy: 5910/10000 (59%)

Train Epoch: 22 [0/60000 (0%)]	Loss: 1.147647
Train Epoch: 22 [6400/60000 (11%)]	Loss: 1.647456
Train Epoch: 22 [12800/60000 (21%)]	Loss: 1.602666
Train Epoch: 22 [19200/60000 (32%)]	Loss: 1.249962
Train Epoch: 22 [25600/60000 (43%)]	Loss: 1.358807
Train Epoch: 22 [32000/60000 (53%)]	Loss: 1.084684
Train Epoch: 22 [38400/60000 (64%)]	Loss: 1.222332
Train Epoch: 22 [44800/60000 (75%)]	Loss: 1.487039
Train Epoch: 22 [51200/60000 (85%)]	Loss: 1.311466
Train Epoch: 22 [57600/60000 (96%)]	Loss: 1.224252

Test set: Average loss: 1.3930, Accuracy: 5611/10000 (56%)

Train Epoch: 23 [0/60000 (0%)]	Loss: 1.439473
Train Epoch: 23 [6400/60000 (11%)]	Loss: 1.476557
Train Epoch: 23 [12800/60000 (21%)]	Loss: 1.420216
Train Epoch: 23 [19200/60000 (32%)]	Loss: 1.282802
Train Epoch: 23 [25600/60000 (43%)]	Loss: 1.275332
Train Epoch: 23 [32000/60000 (53%)]	Loss: 1.316693
Train Epoch: 23 [38400/60000 (64%)]	Loss: 1.031947
Train Epoch: 23 [44800/60000 (75%)]	Loss: 1.339696
Train Epoch: 23 [51200/60000 (85%)]	Loss: 1.355555
Train Epoch: 23 [57600/60000 (96%)]	Loss: 1.317174

Test set: Average loss: 1.3464, Accuracy: 5447/10000 (54%)

Train Epoch: 24 [0/60000 (0%)]	Loss: 1.271953
Train Epoch: 24 [6400/60000 (11%)]	Loss: 1.313194
Train Epoch: 24 [12800/60000 (21%)]	Loss: 1.340842
Train Epoch: 24 [19200/60000 (32%)]	Loss: 1.155437
Train Epoch: 24 [25600/60000 (43%)]	Loss: 1.149244
Train Epoch: 24 [32000/60000 (53%)]	Loss: 1.318478
Train Epoch: 24 [38400/60000 (64%)]	Loss: 1.354370
Train Epoch: 24 [44800/60000 (75%)]	Loss: 1.255280
Train Epoch: 24 [51200/60000 (85%)]	Loss: 1.293188
Train Epoch: 24 [57600/60000 (96%)]	Loss: 1.228096

Test set: Average loss: 1.3289, Accuracy: 5681/10000 (57%)

Train Epoch: 25 [0/60000 (0%)]	Loss: 1.219840
Train Epoch: 25 [6400/60000 (11%)]	Loss: 1.489948
Train Epoch: 25 [12800/60000 (21%)]	Loss: 1.107905
Train Epoch: 25 [19200/60000 (32%)]	Loss: 1.487426
Train Epoch: 25 [25600/60000 (43%)]	Loss: 1.365638
Train Epoch: 25 [32000/60000 (53%)]	Loss: 1.238923
Train Epoch: 25 [38400/60000 (64%)]	Loss: 1.332688
Train Epoch: 25 [44800/60000 (75%)]	Loss: 1.312355
Train Epoch: 25 [51200/60000 (85%)]	Loss: 1.234148
Train Epoch: 25 [57600/60000 (96%)]	Loss: 1.399822

Test set: Average loss: 1.3973, Accuracy: 5233/10000 (52%)

Train Epoch: 26 [0/60000 (0%)]	Loss: 1.731162
Train Epoch: 26 [6400/60000 (11%)]	Loss: 1.198131
Train Epoch: 26 [12800/60000 (21%)]	Loss: 1.297788
Train Epoch: 26 [19200/60000 (32%)]	Loss: 1.240812
Train Epoch: 26 [25600/60000 (43%)]	Loss: 1.187585
Train Epoch: 26 [32000/60000 (53%)]	Loss: 1.227789
Train Epoch: 26 [38400/60000 (64%)]	Loss: 1.446730
Train Epoch: 26 [44800/60000 (75%)]	Loss: 1.348335
Train Epoch: 26 [51200/60000 (85%)]	Loss: 1.203128
Train Epoch: 26 [57600/60000 (96%)]	Loss: 1.440256

Test set: Average loss: 1.3449, Accuracy: 5433/10000 (54%)

Train Epoch: 27 [0/60000 (0%)]	Loss: 1.258374
Train Epoch: 27 [6400/60000 (11%)]	Loss: 1.362472
Train Epoch: 27 [12800/60000 (21%)]	Loss: 1.033642
Train Epoch: 27 [19200/60000 (32%)]	Loss: 1.383536
Train Epoch: 27 [25600/60000 (43%)]	Loss: 1.225595
Train Epoch: 27 [32000/60000 (53%)]	Loss: 1.442441
Train Epoch: 27 [38400/60000 (64%)]	Loss: 1.451210
Train Epoch: 27 [44800/60000 (75%)]	Loss: 1.189958
Train Epoch: 27 [51200/60000 (85%)]	Loss: 1.394383
Train Epoch: 27 [57600/60000 (96%)]	Loss: 1.321991

Test set: Average loss: 1.3125, Accuracy: 5692/10000 (57%)

Train Epoch: 28 [0/60000 (0%)]	Loss: 1.335682
Train Epoch: 28 [6400/60000 (11%)]	Loss: 1.297617
Train Epoch: 28 [12800/60000 (21%)]	Loss: 1.297009
Train Epoch: 28 [19200/60000 (32%)]	Loss: 1.244288
Train Epoch: 28 [25600/60000 (43%)]	Loss: 1.373878
Train Epoch: 28 [32000/60000 (53%)]	Loss: 1.260286
Train Epoch: 28 [38400/60000 (64%)]	Loss: 1.248945
Train Epoch: 28 [44800/60000 (75%)]	Loss: 1.503189
Train Epoch: 28 [51200/60000 (85%)]	Loss: 1.186549
Train Epoch: 28 [57600/60000 (96%)]	Loss: 1.243259

Test set: Average loss: 1.3555, Accuracy: 5203/10000 (52%)

Train Epoch: 29 [0/60000 (0%)]	Loss: 1.524633
Train Epoch: 29 [6400/60000 (11%)]	Loss: 1.326023
Train Epoch: 29 [12800/60000 (21%)]	Loss: 1.248400
Train Epoch: 29 [19200/60000 (32%)]	Loss: 1.356634
Train Epoch: 29 [25600/60000 (43%)]	Loss: 1.169776
Train Epoch: 29 [32000/60000 (53%)]	Loss: 1.181172
Train Epoch: 29 [38400/60000 (64%)]	Loss: 1.282574
Train Epoch: 29 [44800/60000 (75%)]	Loss: 1.448026
Train Epoch: 29 [51200/60000 (85%)]	Loss: 1.349216
Train Epoch: 29 [57600/60000 (96%)]	Loss: 1.331164

Test set: Average loss: 1.3364, Accuracy: 5610/10000 (56%)

Train Epoch: 30 [0/60000 (0%)]	Loss: 1.464422
Train Epoch: 30 [6400/60000 (11%)]	Loss: 1.193599
Train Epoch: 30 [12800/60000 (21%)]	Loss: 1.190740
Train Epoch: 30 [19200/60000 (32%)]	Loss: 1.122868
Train Epoch: 30 [25600/60000 (43%)]	Loss: 1.123075
Train Epoch: 30 [32000/60000 (53%)]	Loss: 1.228213
Train Epoch: 30 [38400/60000 (64%)]	Loss: 1.282038
Train Epoch: 30 [44800/60000 (75%)]	Loss: 1.302742
Train Epoch: 30 [51200/60000 (85%)]	Loss: 1.245354
Train Epoch: 30 [57600/60000 (96%)]	Loss: 1.272263

Test set: Average loss: 1.3344, Accuracy: 5599/10000 (56%)

Namespace(batch_size=64, bias=None, data='../data', device=1, epochs=30, hidden_size=500, load_weights=None, log_interval=100, lr=0.1, milestones=[5, 7], model='prunefc2', momentum=0.9, no_cuda=False, r=5, save_model=None, save_results=True, scheduler='cosine', seed=1, sparsity=0.05, use_relu=False, wd=0.0005)


Total time spent pruning/training: 3.25 minutes
Total number of parameters in model: 1991352
Number of parameters in pruned model: 1891784
