Namespace(batch_size=64, bias=None, data='../data', device=1, epochs=30, hidden_size=500, load_weights=None, log_interval=100, lr=0.1, milestones=[5, 7], model='prunefc2', momentum=0.9, no_cuda=False, r=5, save_model=None, save_results=True, scheduler='cosine', seed=1, sparsity=0.99, use_relu=False, wd=0.0005) 

Pruning a Two-Layer Fully Connected network ...
Train Epoch: 1 [0/60000 (0%)]	Loss: 2.304068
Train Epoch: 1 [6400/60000 (11%)]	Loss: 1.390267
Train Epoch: 1 [12800/60000 (21%)]	Loss: 0.942337
Train Epoch: 1 [19200/60000 (32%)]	Loss: 0.882802
Train Epoch: 1 [25600/60000 (43%)]	Loss: 0.849733
Train Epoch: 1 [32000/60000 (53%)]	Loss: 0.836643
Train Epoch: 1 [38400/60000 (64%)]	Loss: 0.729000
Train Epoch: 1 [44800/60000 (75%)]	Loss: 0.789834
Train Epoch: 1 [51200/60000 (85%)]	Loss: 0.662075
Train Epoch: 1 [57600/60000 (96%)]	Loss: 0.787049

Test set: Average loss: 0.7062, Accuracy: 8653/10000 (87%)

Train Epoch: 2 [0/60000 (0%)]	Loss: 0.546884
Train Epoch: 2 [6400/60000 (11%)]	Loss: 0.676728
Train Epoch: 2 [12800/60000 (21%)]	Loss: 0.624892
Train Epoch: 2 [19200/60000 (32%)]	Loss: 0.707252
Train Epoch: 2 [25600/60000 (43%)]	Loss: 0.629869
Train Epoch: 2 [32000/60000 (53%)]	Loss: 0.670528
Train Epoch: 2 [38400/60000 (64%)]	Loss: 0.712774
Train Epoch: 2 [44800/60000 (75%)]	Loss: 0.778758
Train Epoch: 2 [51200/60000 (85%)]	Loss: 0.681159
Train Epoch: 2 [57600/60000 (96%)]	Loss: 0.819254

Test set: Average loss: 0.6800, Accuracy: 8740/10000 (87%)

Train Epoch: 3 [0/60000 (0%)]	Loss: 0.700631
Train Epoch: 3 [6400/60000 (11%)]	Loss: 0.727201
Train Epoch: 3 [12800/60000 (21%)]	Loss: 0.680609
Train Epoch: 3 [19200/60000 (32%)]	Loss: 0.607366
Train Epoch: 3 [25600/60000 (43%)]	Loss: 0.671780
Train Epoch: 3 [32000/60000 (53%)]	Loss: 0.695553
Train Epoch: 3 [38400/60000 (64%)]	Loss: 0.684603
Train Epoch: 3 [44800/60000 (75%)]	Loss: 0.724641
Train Epoch: 3 [51200/60000 (85%)]	Loss: 0.614801
Train Epoch: 3 [57600/60000 (96%)]	Loss: 0.553511

Test set: Average loss: 0.6735, Accuracy: 8751/10000 (88%)

Train Epoch: 4 [0/60000 (0%)]	Loss: 0.651722
Train Epoch: 4 [6400/60000 (11%)]	Loss: 0.661878
Train Epoch: 4 [12800/60000 (21%)]	Loss: 0.575913
Train Epoch: 4 [19200/60000 (32%)]	Loss: 0.719315
Train Epoch: 4 [25600/60000 (43%)]	Loss: 0.693670
Train Epoch: 4 [32000/60000 (53%)]	Loss: 0.751215
Train Epoch: 4 [38400/60000 (64%)]	Loss: 0.780160
Train Epoch: 4 [44800/60000 (75%)]	Loss: 0.633707
Train Epoch: 4 [51200/60000 (85%)]	Loss: 0.728614
Train Epoch: 4 [57600/60000 (96%)]	Loss: 0.785017

Test set: Average loss: 0.6704, Accuracy: 8763/10000 (88%)

Train Epoch: 5 [0/60000 (0%)]	Loss: 0.631183
Train Epoch: 5 [6400/60000 (11%)]	Loss: 0.640104
Train Epoch: 5 [12800/60000 (21%)]	Loss: 0.742822
Train Epoch: 5 [19200/60000 (32%)]	Loss: 0.758939
Train Epoch: 5 [25600/60000 (43%)]	Loss: 0.662766
Train Epoch: 5 [32000/60000 (53%)]	Loss: 0.727898
Train Epoch: 5 [38400/60000 (64%)]	Loss: 0.669868
Train Epoch: 5 [44800/60000 (75%)]	Loss: 0.754933
Train Epoch: 5 [51200/60000 (85%)]	Loss: 0.601059
Train Epoch: 5 [57600/60000 (96%)]	Loss: 0.623851

Test set: Average loss: 0.6704, Accuracy: 8771/10000 (88%)

Train Epoch: 6 [0/60000 (0%)]	Loss: 0.648750
Train Epoch: 6 [6400/60000 (11%)]	Loss: 0.589901
Train Epoch: 6 [12800/60000 (21%)]	Loss: 0.590936
Train Epoch: 6 [19200/60000 (32%)]	Loss: 0.758534
Train Epoch: 6 [25600/60000 (43%)]	Loss: 0.725563
Train Epoch: 6 [32000/60000 (53%)]	Loss: 0.661367
Train Epoch: 6 [38400/60000 (64%)]	Loss: 0.643437
Train Epoch: 6 [44800/60000 (75%)]	Loss: 0.608698
Train Epoch: 6 [51200/60000 (85%)]	Loss: 0.688282
Train Epoch: 6 [57600/60000 (96%)]	Loss: 0.700807

Test set: Average loss: 0.6708, Accuracy: 8782/10000 (88%)

Train Epoch: 7 [0/60000 (0%)]	Loss: 0.812522
Train Epoch: 7 [6400/60000 (11%)]	Loss: 0.582336
Train Epoch: 7 [12800/60000 (21%)]	Loss: 0.638545
Train Epoch: 7 [19200/60000 (32%)]	Loss: 0.884879
Train Epoch: 7 [25600/60000 (43%)]	Loss: 0.662042
Train Epoch: 7 [32000/60000 (53%)]	Loss: 0.677270
Train Epoch: 7 [38400/60000 (64%)]	Loss: 0.657702
Train Epoch: 7 [44800/60000 (75%)]	Loss: 0.679976
Train Epoch: 7 [51200/60000 (85%)]	Loss: 0.675217
Train Epoch: 7 [57600/60000 (96%)]	Loss: 0.734517

Test set: Average loss: 0.6714, Accuracy: 8763/10000 (88%)

Train Epoch: 8 [0/60000 (0%)]	Loss: 0.764499
Train Epoch: 8 [6400/60000 (11%)]	Loss: 0.604703
Train Epoch: 8 [12800/60000 (21%)]	Loss: 0.826146
Train Epoch: 8 [19200/60000 (32%)]	Loss: 0.742190
Train Epoch: 8 [25600/60000 (43%)]	Loss: 0.692313
Train Epoch: 8 [32000/60000 (53%)]	Loss: 0.790805
Train Epoch: 8 [38400/60000 (64%)]	Loss: 0.604805
Train Epoch: 8 [44800/60000 (75%)]	Loss: 0.595688
Train Epoch: 8 [51200/60000 (85%)]	Loss: 0.711540
Train Epoch: 8 [57600/60000 (96%)]	Loss: 0.676306

Test set: Average loss: 0.6680, Accuracy: 8782/10000 (88%)

Train Epoch: 9 [0/60000 (0%)]	Loss: 0.700163
Train Epoch: 9 [6400/60000 (11%)]	Loss: 0.807742
Train Epoch: 9 [12800/60000 (21%)]	Loss: 0.777728
Train Epoch: 9 [19200/60000 (32%)]	Loss: 0.729641
Train Epoch: 9 [25600/60000 (43%)]	Loss: 0.716397
Train Epoch: 9 [32000/60000 (53%)]	Loss: 0.770284
Train Epoch: 9 [38400/60000 (64%)]	Loss: 0.713322
Train Epoch: 9 [44800/60000 (75%)]	Loss: 0.545718
Train Epoch: 9 [51200/60000 (85%)]	Loss: 0.716258
Train Epoch: 9 [57600/60000 (96%)]	Loss: 0.630473

Test set: Average loss: 0.6682, Accuracy: 8769/10000 (88%)

Train Epoch: 10 [0/60000 (0%)]	Loss: 0.606241
Train Epoch: 10 [6400/60000 (11%)]	Loss: 0.562400
Train Epoch: 10 [12800/60000 (21%)]	Loss: 0.697711
Train Epoch: 10 [19200/60000 (32%)]	Loss: 0.632513
Train Epoch: 10 [25600/60000 (43%)]	Loss: 0.742977
Train Epoch: 10 [32000/60000 (53%)]	Loss: 0.662522
Train Epoch: 10 [38400/60000 (64%)]	Loss: 0.752745
Train Epoch: 10 [44800/60000 (75%)]	Loss: 0.646849
Train Epoch: 10 [51200/60000 (85%)]	Loss: 0.630924
Train Epoch: 10 [57600/60000 (96%)]	Loss: 0.674342

Test set: Average loss: 0.6682, Accuracy: 8783/10000 (88%)

Train Epoch: 11 [0/60000 (0%)]	Loss: 0.682835
Train Epoch: 11 [6400/60000 (11%)]	Loss: 0.698877
Train Epoch: 11 [12800/60000 (21%)]	Loss: 0.882923
Train Epoch: 11 [19200/60000 (32%)]	Loss: 0.624220
Train Epoch: 11 [25600/60000 (43%)]	Loss: 0.696822
Train Epoch: 11 [32000/60000 (53%)]	Loss: 0.761466
Train Epoch: 11 [38400/60000 (64%)]	Loss: 0.678729
Train Epoch: 11 [44800/60000 (75%)]	Loss: 0.804940
Train Epoch: 11 [51200/60000 (85%)]	Loss: 0.688632
Train Epoch: 11 [57600/60000 (96%)]	Loss: 0.688287

Test set: Average loss: 0.6690, Accuracy: 8757/10000 (88%)

Train Epoch: 12 [0/60000 (0%)]	Loss: 0.584686
Train Epoch: 12 [6400/60000 (11%)]	Loss: 0.610923
Train Epoch: 12 [12800/60000 (21%)]	Loss: 0.790715
Train Epoch: 12 [19200/60000 (32%)]	Loss: 0.763470
Train Epoch: 12 [25600/60000 (43%)]	Loss: 0.585810
Train Epoch: 12 [32000/60000 (53%)]	Loss: 0.857691
Train Epoch: 12 [38400/60000 (64%)]	Loss: 0.555359
Train Epoch: 12 [44800/60000 (75%)]	Loss: 0.741784
Train Epoch: 12 [51200/60000 (85%)]	Loss: 0.724792
Train Epoch: 12 [57600/60000 (96%)]	Loss: 0.600526

Test set: Average loss: 0.6699, Accuracy: 8764/10000 (88%)

Train Epoch: 13 [0/60000 (0%)]	Loss: 0.667193
Train Epoch: 13 [6400/60000 (11%)]	Loss: 0.776009
Train Epoch: 13 [12800/60000 (21%)]	Loss: 0.668018
Train Epoch: 13 [19200/60000 (32%)]	Loss: 0.777511
Train Epoch: 13 [25600/60000 (43%)]	Loss: 0.663640
Train Epoch: 13 [32000/60000 (53%)]	Loss: 0.753610
Train Epoch: 13 [38400/60000 (64%)]	Loss: 0.735265
Train Epoch: 13 [44800/60000 (75%)]	Loss: 0.738550
Train Epoch: 13 [51200/60000 (85%)]	Loss: 0.666499
Train Epoch: 13 [57600/60000 (96%)]	Loss: 0.712250

Test set: Average loss: 0.6689, Accuracy: 8783/10000 (88%)

Train Epoch: 14 [0/60000 (0%)]	Loss: 0.615791
Train Epoch: 14 [6400/60000 (11%)]	Loss: 0.633184
Train Epoch: 14 [12800/60000 (21%)]	Loss: 0.813472
Train Epoch: 14 [19200/60000 (32%)]	Loss: 0.668284
Train Epoch: 14 [25600/60000 (43%)]	Loss: 0.919643
Train Epoch: 14 [32000/60000 (53%)]	Loss: 0.785514
Train Epoch: 14 [38400/60000 (64%)]	Loss: 0.690117
Train Epoch: 14 [44800/60000 (75%)]	Loss: 0.635754
Train Epoch: 14 [51200/60000 (85%)]	Loss: 0.837628
Train Epoch: 14 [57600/60000 (96%)]	Loss: 0.751736

Test set: Average loss: 0.6690, Accuracy: 8784/10000 (88%)

Train Epoch: 15 [0/60000 (0%)]	Loss: 0.691648
Train Epoch: 15 [6400/60000 (11%)]	Loss: 0.831314
Train Epoch: 15 [12800/60000 (21%)]	Loss: 0.663952
Train Epoch: 15 [19200/60000 (32%)]	Loss: 0.765229
Train Epoch: 15 [25600/60000 (43%)]	Loss: 0.588941
Train Epoch: 15 [32000/60000 (53%)]	Loss: 0.579432
Train Epoch: 15 [38400/60000 (64%)]	Loss: 0.656645
Train Epoch: 15 [44800/60000 (75%)]	Loss: 0.684467
Train Epoch: 15 [51200/60000 (85%)]	Loss: 0.637426
Train Epoch: 15 [57600/60000 (96%)]	Loss: 0.760187

Test set: Average loss: 0.6703, Accuracy: 8772/10000 (88%)

Train Epoch: 16 [0/60000 (0%)]	Loss: 0.819517
Train Epoch: 16 [6400/60000 (11%)]	Loss: 0.624479
Train Epoch: 16 [12800/60000 (21%)]	Loss: 0.681347
Train Epoch: 16 [19200/60000 (32%)]	Loss: 0.588904
Train Epoch: 16 [25600/60000 (43%)]	Loss: 0.713019
Train Epoch: 16 [32000/60000 (53%)]	Loss: 0.891507
Train Epoch: 16 [38400/60000 (64%)]	Loss: 0.659061
Train Epoch: 16 [44800/60000 (75%)]	Loss: 0.704935
Train Epoch: 16 [51200/60000 (85%)]	Loss: 0.698721
Train Epoch: 16 [57600/60000 (96%)]	Loss: 0.778654

Test set: Average loss: 0.6693, Accuracy: 8777/10000 (88%)

Train Epoch: 17 [0/60000 (0%)]	Loss: 0.686111
Train Epoch: 17 [6400/60000 (11%)]	Loss: 0.701907
Train Epoch: 17 [12800/60000 (21%)]	Loss: 0.641921
Train Epoch: 17 [19200/60000 (32%)]	Loss: 0.682268
Train Epoch: 17 [25600/60000 (43%)]	Loss: 0.761263
Train Epoch: 17 [32000/60000 (53%)]	Loss: 0.639856
Train Epoch: 17 [38400/60000 (64%)]	Loss: 0.755179
Train Epoch: 17 [44800/60000 (75%)]	Loss: 0.669323
Train Epoch: 17 [51200/60000 (85%)]	Loss: 0.711256
Train Epoch: 17 [57600/60000 (96%)]	Loss: 0.589537

Test set: Average loss: 0.6698, Accuracy: 8783/10000 (88%)

Train Epoch: 18 [0/60000 (0%)]	Loss: 0.890674
Train Epoch: 18 [6400/60000 (11%)]	Loss: 0.626985
Train Epoch: 18 [12800/60000 (21%)]	Loss: 0.686067
Train Epoch: 18 [19200/60000 (32%)]	Loss: 0.665479
Train Epoch: 18 [25600/60000 (43%)]	Loss: 0.661232
Train Epoch: 18 [32000/60000 (53%)]	Loss: 0.610167
Train Epoch: 18 [38400/60000 (64%)]	Loss: 0.614322
Train Epoch: 18 [44800/60000 (75%)]	Loss: 0.683369
Train Epoch: 18 [51200/60000 (85%)]	Loss: 0.730825
Train Epoch: 18 [57600/60000 (96%)]	Loss: 0.564674

Test set: Average loss: 0.6691, Accuracy: 8763/10000 (88%)

Train Epoch: 19 [0/60000 (0%)]	Loss: 0.805408
Train Epoch: 19 [6400/60000 (11%)]	Loss: 0.676713
Train Epoch: 19 [12800/60000 (21%)]	Loss: 0.708182
Train Epoch: 19 [19200/60000 (32%)]	Loss: 0.672522
Train Epoch: 19 [25600/60000 (43%)]	Loss: 0.580639
Train Epoch: 19 [32000/60000 (53%)]	Loss: 0.714902
Train Epoch: 19 [38400/60000 (64%)]	Loss: 0.811818
Train Epoch: 19 [44800/60000 (75%)]	Loss: 0.665818
Train Epoch: 19 [51200/60000 (85%)]	Loss: 0.759342
Train Epoch: 19 [57600/60000 (96%)]	Loss: 0.795804

Test set: Average loss: 0.6680, Accuracy: 8769/10000 (88%)

Train Epoch: 20 [0/60000 (0%)]	Loss: 0.714146
Train Epoch: 20 [6400/60000 (11%)]	Loss: 0.653644
Train Epoch: 20 [12800/60000 (21%)]	Loss: 0.939149
Train Epoch: 20 [19200/60000 (32%)]	Loss: 0.636535
Train Epoch: 20 [25600/60000 (43%)]	Loss: 0.793566
Train Epoch: 20 [32000/60000 (53%)]	Loss: 0.752930
Train Epoch: 20 [38400/60000 (64%)]	Loss: 0.775232
Train Epoch: 20 [44800/60000 (75%)]	Loss: 0.529788
Train Epoch: 20 [51200/60000 (85%)]	Loss: 0.647867
Train Epoch: 20 [57600/60000 (96%)]	Loss: 0.743618

Test set: Average loss: 0.6670, Accuracy: 8756/10000 (88%)

Train Epoch: 21 [0/60000 (0%)]	Loss: 0.677872
Train Epoch: 21 [6400/60000 (11%)]	Loss: 0.707124
Train Epoch: 21 [12800/60000 (21%)]	Loss: 0.709595
Train Epoch: 21 [19200/60000 (32%)]	Loss: 0.746828
Train Epoch: 21 [25600/60000 (43%)]	Loss: 0.664030
Train Epoch: 21 [32000/60000 (53%)]	Loss: 0.676895
Train Epoch: 21 [38400/60000 (64%)]	Loss: 0.690942
Train Epoch: 21 [44800/60000 (75%)]	Loss: 0.717356
Train Epoch: 21 [51200/60000 (85%)]	Loss: 0.648709
Train Epoch: 21 [57600/60000 (96%)]	Loss: 0.632083

Test set: Average loss: 0.6669, Accuracy: 8770/10000 (88%)

Train Epoch: 22 [0/60000 (0%)]	Loss: 0.577304
Train Epoch: 22 [6400/60000 (11%)]	Loss: 0.782129
Train Epoch: 22 [12800/60000 (21%)]	Loss: 0.802161
Train Epoch: 22 [19200/60000 (32%)]	Loss: 0.694935
Train Epoch: 22 [25600/60000 (43%)]	Loss: 0.692587
Train Epoch: 22 [32000/60000 (53%)]	Loss: 0.629025
Train Epoch: 22 [38400/60000 (64%)]	Loss: 0.752558
Train Epoch: 22 [44800/60000 (75%)]	Loss: 0.766405
Train Epoch: 22 [51200/60000 (85%)]	Loss: 0.819766
Train Epoch: 22 [57600/60000 (96%)]	Loss: 0.604435

Test set: Average loss: 0.6674, Accuracy: 8771/10000 (88%)

Train Epoch: 23 [0/60000 (0%)]	Loss: 0.759164
Train Epoch: 23 [6400/60000 (11%)]	Loss: 0.721146
Train Epoch: 23 [12800/60000 (21%)]	Loss: 0.753547
Train Epoch: 23 [19200/60000 (32%)]	Loss: 0.603242
Train Epoch: 23 [25600/60000 (43%)]	Loss: 0.702456
Train Epoch: 23 [32000/60000 (53%)]	Loss: 0.677412
Train Epoch: 23 [38400/60000 (64%)]	Loss: 0.538135
Train Epoch: 23 [44800/60000 (75%)]	Loss: 0.731027
Train Epoch: 23 [51200/60000 (85%)]	Loss: 0.827426
Train Epoch: 23 [57600/60000 (96%)]	Loss: 0.722175

Test set: Average loss: 0.6674, Accuracy: 8770/10000 (88%)

Train Epoch: 24 [0/60000 (0%)]	Loss: 0.602607
Train Epoch: 24 [6400/60000 (11%)]	Loss: 0.714681
Train Epoch: 24 [12800/60000 (21%)]	Loss: 0.624896
Train Epoch: 24 [19200/60000 (32%)]	Loss: 0.553039
Train Epoch: 24 [25600/60000 (43%)]	Loss: 0.622926
Train Epoch: 24 [32000/60000 (53%)]	Loss: 0.723348
Train Epoch: 24 [38400/60000 (64%)]	Loss: 0.663965
Train Epoch: 24 [44800/60000 (75%)]	Loss: 0.646041
Train Epoch: 24 [51200/60000 (85%)]	Loss: 0.680711
Train Epoch: 24 [57600/60000 (96%)]	Loss: 0.703458

Test set: Average loss: 0.6673, Accuracy: 8787/10000 (88%)

Train Epoch: 25 [0/60000 (0%)]	Loss: 0.686812
Train Epoch: 25 [6400/60000 (11%)]	Loss: 0.776653
Train Epoch: 25 [12800/60000 (21%)]	Loss: 0.598018
Train Epoch: 25 [19200/60000 (32%)]	Loss: 0.673637
Train Epoch: 25 [25600/60000 (43%)]	Loss: 0.728829
Train Epoch: 25 [32000/60000 (53%)]	Loss: 0.601962
Train Epoch: 25 [38400/60000 (64%)]	Loss: 0.737649
Train Epoch: 25 [44800/60000 (75%)]	Loss: 0.639410
Train Epoch: 25 [51200/60000 (85%)]	Loss: 0.629634
Train Epoch: 25 [57600/60000 (96%)]	Loss: 0.634880

Test set: Average loss: 0.6659, Accuracy: 8781/10000 (88%)

Train Epoch: 26 [0/60000 (0%)]	Loss: 0.816833
Train Epoch: 26 [6400/60000 (11%)]	Loss: 0.616864
Train Epoch: 26 [12800/60000 (21%)]	Loss: 0.799071
Train Epoch: 26 [19200/60000 (32%)]	Loss: 0.636750
Train Epoch: 26 [25600/60000 (43%)]	Loss: 0.592451
Train Epoch: 26 [32000/60000 (53%)]	Loss: 0.673749
Train Epoch: 26 [38400/60000 (64%)]	Loss: 0.625698
Train Epoch: 26 [44800/60000 (75%)]	Loss: 0.738393
Train Epoch: 26 [51200/60000 (85%)]	Loss: 0.696787
Train Epoch: 26 [57600/60000 (96%)]	Loss: 0.657464

Test set: Average loss: 0.6675, Accuracy: 8768/10000 (88%)

Train Epoch: 27 [0/60000 (0%)]	Loss: 0.704453
Train Epoch: 27 [6400/60000 (11%)]	Loss: 0.753955
Train Epoch: 27 [12800/60000 (21%)]	Loss: 0.702257
Train Epoch: 27 [19200/60000 (32%)]	Loss: 0.773775
Train Epoch: 27 [25600/60000 (43%)]	Loss: 0.655477
Train Epoch: 27 [32000/60000 (53%)]	Loss: 0.760125
Train Epoch: 27 [38400/60000 (64%)]	Loss: 0.661342
Train Epoch: 27 [44800/60000 (75%)]	Loss: 0.699224
Train Epoch: 27 [51200/60000 (85%)]	Loss: 0.702458
Train Epoch: 27 [57600/60000 (96%)]	Loss: 0.663484

Test set: Average loss: 0.6657, Accuracy: 8775/10000 (88%)

Train Epoch: 28 [0/60000 (0%)]	Loss: 0.693170
Train Epoch: 28 [6400/60000 (11%)]	Loss: 0.715554
Train Epoch: 28 [12800/60000 (21%)]	Loss: 0.709320
Train Epoch: 28 [19200/60000 (32%)]	Loss: 0.647601
Train Epoch: 28 [25600/60000 (43%)]	Loss: 0.763663
Train Epoch: 28 [32000/60000 (53%)]	Loss: 0.638510
Train Epoch: 28 [38400/60000 (64%)]	Loss: 0.757669
Train Epoch: 28 [44800/60000 (75%)]	Loss: 0.738582
Train Epoch: 28 [51200/60000 (85%)]	Loss: 0.542999
Train Epoch: 28 [57600/60000 (96%)]	Loss: 0.598690

Test set: Average loss: 0.6660, Accuracy: 8787/10000 (88%)

Train Epoch: 29 [0/60000 (0%)]	Loss: 0.809066
Train Epoch: 29 [6400/60000 (11%)]	Loss: 0.774180
Train Epoch: 29 [12800/60000 (21%)]	Loss: 0.759888
Train Epoch: 29 [19200/60000 (32%)]	Loss: 0.692587
Train Epoch: 29 [25600/60000 (43%)]	Loss: 0.774305
Train Epoch: 29 [32000/60000 (53%)]	Loss: 0.745104
Train Epoch: 29 [38400/60000 (64%)]	Loss: 0.726836
Train Epoch: 29 [44800/60000 (75%)]	Loss: 0.767001
Train Epoch: 29 [51200/60000 (85%)]	Loss: 0.696571
Train Epoch: 29 [57600/60000 (96%)]	Loss: 0.665236

Test set: Average loss: 0.6663, Accuracy: 8778/10000 (88%)

Train Epoch: 30 [0/60000 (0%)]	Loss: 0.585858
Train Epoch: 30 [6400/60000 (11%)]	Loss: 0.702184
Train Epoch: 30 [12800/60000 (21%)]	Loss: 0.713099
Train Epoch: 30 [19200/60000 (32%)]	Loss: 0.646659
Train Epoch: 30 [25600/60000 (43%)]	Loss: 0.732913
Train Epoch: 30 [32000/60000 (53%)]	Loss: 0.618229
Train Epoch: 30 [38400/60000 (64%)]	Loss: 0.710544
Train Epoch: 30 [44800/60000 (75%)]	Loss: 0.798846
Train Epoch: 30 [51200/60000 (85%)]	Loss: 0.630429
Train Epoch: 30 [57600/60000 (96%)]	Loss: 0.671210

Test set: Average loss: 0.6660, Accuracy: 8779/10000 (88%)

Namespace(batch_size=64, bias=None, data='../data', device=1, epochs=30, hidden_size=500, load_weights=None, log_interval=100, lr=0.1, milestones=[5, 7], model='prunefc2', momentum=0.9, no_cuda=False, r=5, save_model=None, save_results=True, scheduler='cosine', seed=1, sparsity=0.99, use_relu=False, wd=0.0005)


Total time spent pruning/training: 3.16 minutes
Total number of parameters in model: 1991352
Number of parameters in pruned model: 19913
