Namespace(batch_size=64, bias=None, data='../data', device=1, epochs=5, hidden_size=500, load_weights=None, log_interval=100, lr=0.1, model='widefc2', momentum=0.9, no_cuda=False, r=5, save_model=None, save_results=True, seed=1, sparsity=0.75, use_relu=False, wd=0.0005) 

Pruning a Wide Two-Layer Fully Connected network ...
Train Epoch: 1 [6336/60000 (11%)]	Loss: 0.459534
Train Epoch: 1 [12736/60000 (21%)]	Loss: 0.404926
Train Epoch: 1 [19136/60000 (32%)]	Loss: 0.302269
Train Epoch: 1 [25536/60000 (43%)]	Loss: 0.323539
Train Epoch: 1 [31936/60000 (53%)]	Loss: 0.278083
Train Epoch: 1 [38336/60000 (64%)]	Loss: 0.173084
Train Epoch: 1 [44736/60000 (75%)]	Loss: 0.316158
Train Epoch: 1 [51136/60000 (85%)]	Loss: 0.315274
Train Epoch: 1 [57536/60000 (96%)]	Loss: 0.173689

Test set: Average loss: 0.1899, Accuracy: 9467/10000 (95%)

Train Epoch: 2 [6336/60000 (11%)]	Loss: 0.225775
Train Epoch: 2 [12736/60000 (21%)]	Loss: 0.110716
Train Epoch: 2 [19136/60000 (32%)]	Loss: 0.150144
Train Epoch: 2 [25536/60000 (43%)]	Loss: 0.229121
Train Epoch: 2 [31936/60000 (53%)]	Loss: 0.234998
Train Epoch: 2 [38336/60000 (64%)]	Loss: 0.105129
Train Epoch: 2 [44736/60000 (75%)]	Loss: 0.156322
Train Epoch: 2 [51136/60000 (85%)]	Loss: 0.117103
Train Epoch: 2 [57536/60000 (96%)]	Loss: 0.090229

Test set: Average loss: 0.1499, Accuracy: 9574/10000 (96%)

Train Epoch: 3 [6336/60000 (11%)]	Loss: 0.139615
Train Epoch: 3 [12736/60000 (21%)]	Loss: 0.055232
Train Epoch: 3 [19136/60000 (32%)]	Loss: 0.072359
Train Epoch: 3 [25536/60000 (43%)]	Loss: 0.091114
Train Epoch: 3 [31936/60000 (53%)]	Loss: 0.197749
Train Epoch: 3 [38336/60000 (64%)]	Loss: 0.080449
Train Epoch: 3 [44736/60000 (75%)]	Loss: 0.145284
Train Epoch: 3 [51136/60000 (85%)]	Loss: 0.298290
Train Epoch: 3 [57536/60000 (96%)]	Loss: 0.079977

Test set: Average loss: 0.1270, Accuracy: 9641/10000 (96%)

Train Epoch: 4 [6336/60000 (11%)]	Loss: 0.120883
Train Epoch: 4 [12736/60000 (21%)]	Loss: 0.166986
Train Epoch: 4 [19136/60000 (32%)]	Loss: 0.099891
Train Epoch: 4 [25536/60000 (43%)]	Loss: 0.133393
Train Epoch: 4 [31936/60000 (53%)]	Loss: 0.123311
Train Epoch: 4 [38336/60000 (64%)]	Loss: 0.129320
Train Epoch: 4 [44736/60000 (75%)]	Loss: 0.129484
Train Epoch: 4 [51136/60000 (85%)]	Loss: 0.107693
Train Epoch: 4 [57536/60000 (96%)]	Loss: 0.079339

Test set: Average loss: 0.1188, Accuracy: 9676/10000 (97%)

Train Epoch: 5 [6336/60000 (11%)]	Loss: 0.041110
Train Epoch: 5 [12736/60000 (21%)]	Loss: 0.039118
Train Epoch: 5 [19136/60000 (32%)]	Loss: 0.038344
Train Epoch: 5 [25536/60000 (43%)]	Loss: 0.119575
Train Epoch: 5 [31936/60000 (53%)]	Loss: 0.135052
Train Epoch: 5 [38336/60000 (64%)]	Loss: 0.155623
Train Epoch: 5 [44736/60000 (75%)]	Loss: 0.065331
Train Epoch: 5 [51136/60000 (85%)]	Loss: 0.041487
Train Epoch: 5 [57536/60000 (96%)]	Loss: 0.053516

Test set: Average loss: 0.1139, Accuracy: 9697/10000 (97%)

Namespace(batch_size=64, bias=None, data='../data', device=1, epochs=5, hidden_size=500, load_weights=None, log_interval=100, lr=0.1, model='widefc2', momentum=0.9, no_cuda=False, r=5, save_model=None, save_results=True, seed=1, sparsity=0.75, use_relu=False, wd=0.0005)


Total time spent pruning/training: 0.53 minutes
Total number of parameters in model: 1991352
Number of parameters in pruned model: 497838
