Namespace(batch_size=64, bias=None, data='../data', device=1, epochs=3, hidden_size=500, load_weights=None, log_interval=100, lr=0.1, model='widefc2', momentum=0.9, no_cuda=False, r=5, save_model=None, save_results=True, seed=1, sparsity=0.05, use_relu=False, wd=0.0005) 

Pruning a Wide Two-Layer Fully Connected network ...
Train Epoch: 1 [6336/60000 (11%)]	Loss: 0.389971
Train Epoch: 1 [12736/60000 (21%)]	Loss: 0.382826
Train Epoch: 1 [19136/60000 (32%)]	Loss: 0.257850
Train Epoch: 1 [25536/60000 (43%)]	Loss: 0.298013
Train Epoch: 1 [31936/60000 (53%)]	Loss: 0.249405
Train Epoch: 1 [38336/60000 (64%)]	Loss: 0.139879
Train Epoch: 1 [44736/60000 (75%)]	Loss: 0.282409
Train Epoch: 1 [51136/60000 (85%)]	Loss: 0.331697
Train Epoch: 1 [57536/60000 (96%)]	Loss: 0.206839

Test set: Average loss: 0.2049, Accuracy: 9392/10000 (94%)

Train Epoch: 2 [6336/60000 (11%)]	Loss: 0.228932
Train Epoch: 2 [12736/60000 (21%)]	Loss: 0.148585
Train Epoch: 2 [19136/60000 (32%)]	Loss: 0.141631
Train Epoch: 2 [25536/60000 (43%)]	Loss: 0.290283
Train Epoch: 2 [31936/60000 (53%)]	Loss: 0.255138
Train Epoch: 2 [38336/60000 (64%)]	Loss: 0.186536
Train Epoch: 2 [44736/60000 (75%)]	Loss: 0.143005
Train Epoch: 2 [51136/60000 (85%)]	Loss: 0.128354
Train Epoch: 2 [57536/60000 (96%)]	Loss: 0.075321

Test set: Average loss: 0.1786, Accuracy: 9488/10000 (95%)

Train Epoch: 3 [6336/60000 (11%)]	Loss: 0.130291
Train Epoch: 3 [12736/60000 (21%)]	Loss: 0.092903
Train Epoch: 3 [19136/60000 (32%)]	Loss: 0.076827
Train Epoch: 3 [25536/60000 (43%)]	Loss: 0.107146
Train Epoch: 3 [31936/60000 (53%)]	Loss: 0.189359
Train Epoch: 3 [38336/60000 (64%)]	Loss: 0.089753
Train Epoch: 3 [44736/60000 (75%)]	Loss: 0.126918
Train Epoch: 3 [51136/60000 (85%)]	Loss: 0.352297
Train Epoch: 3 [57536/60000 (96%)]	Loss: 0.073408

Test set: Average loss: 0.1413, Accuracy: 9578/10000 (96%)

Namespace(batch_size=64, bias=None, data='../data', device=1, epochs=3, hidden_size=500, load_weights=None, log_interval=100, lr=0.1, model='widefc2', momentum=0.9, no_cuda=False, r=5, save_model=None, save_results=True, seed=1, sparsity=0.05, use_relu=False, wd=0.0005)


Total time spent pruning/training: 0.32 minutes
Total number of parameters in model: 1991352
Number of parameters in pruned model: 1891784
