Namespace(batch_size=64, bias=None, data='../data', device=1, epochs=4, hidden_size=500, load_weights=None, log_interval=100, lr=0.1, model='widefc2', momentum=0.9, no_cuda=False, r=5, save_model=None, save_results=True, seed=1, sparsity=0.99, use_relu=False, wd=0.0005) 

Pruning a Wide Two-Layer Fully Connected network ...
Train Epoch: 1 [6336/60000 (11%)]	Loss: 1.317138
Train Epoch: 1 [12736/60000 (21%)]	Loss: 1.091027
Train Epoch: 1 [19136/60000 (32%)]	Loss: 0.899554
Train Epoch: 1 [25536/60000 (43%)]	Loss: 0.847896
Train Epoch: 1 [31936/60000 (53%)]	Loss: 0.702438
Train Epoch: 1 [38336/60000 (64%)]	Loss: 0.735262
Train Epoch: 1 [44736/60000 (75%)]	Loss: 0.798211
Train Epoch: 1 [51136/60000 (85%)]	Loss: 0.783741
Train Epoch: 1 [57536/60000 (96%)]	Loss: 0.797000

Test set: Average loss: 0.7062, Accuracy: 8653/10000 (87%)

Train Epoch: 2 [6336/60000 (11%)]	Loss: 0.746403
Train Epoch: 2 [12736/60000 (21%)]	Loss: 0.654260
Train Epoch: 2 [19136/60000 (32%)]	Loss: 0.741566
Train Epoch: 2 [25536/60000 (43%)]	Loss: 0.773142
Train Epoch: 2 [31936/60000 (53%)]	Loss: 0.741167
Train Epoch: 2 [38336/60000 (64%)]	Loss: 0.614004
Train Epoch: 2 [44736/60000 (75%)]	Loss: 0.720399
Train Epoch: 2 [51136/60000 (85%)]	Loss: 0.645777
Train Epoch: 2 [57536/60000 (96%)]	Loss: 0.743634

Test set: Average loss: 0.6818, Accuracy: 8730/10000 (87%)

Train Epoch: 3 [6336/60000 (11%)]	Loss: 0.624140
Train Epoch: 3 [12736/60000 (21%)]	Loss: 0.597124
Train Epoch: 3 [19136/60000 (32%)]	Loss: 0.551837
Train Epoch: 3 [25536/60000 (43%)]	Loss: 0.707578
Train Epoch: 3 [31936/60000 (53%)]	Loss: 0.631123
Train Epoch: 3 [38336/60000 (64%)]	Loss: 0.704342
Train Epoch: 3 [44736/60000 (75%)]	Loss: 0.732940
Train Epoch: 3 [51136/60000 (85%)]	Loss: 0.692524
Train Epoch: 3 [57536/60000 (96%)]	Loss: 0.723006

Test set: Average loss: 0.6772, Accuracy: 8738/10000 (87%)

Train Epoch: 4 [6336/60000 (11%)]	Loss: 0.794810
Train Epoch: 4 [12736/60000 (21%)]	Loss: 0.716454
Train Epoch: 4 [19136/60000 (32%)]	Loss: 0.736760
Train Epoch: 4 [25536/60000 (43%)]	Loss: 0.718872
Train Epoch: 4 [31936/60000 (53%)]	Loss: 0.668903
Train Epoch: 4 [38336/60000 (64%)]	Loss: 0.694851
Train Epoch: 4 [44736/60000 (75%)]	Loss: 0.657808
Train Epoch: 4 [51136/60000 (85%)]	Loss: 0.691071
Train Epoch: 4 [57536/60000 (96%)]	Loss: 0.711392

Test set: Average loss: 0.6754, Accuracy: 8741/10000 (87%)

Namespace(batch_size=64, bias=None, data='../data', device=1, epochs=4, hidden_size=500, load_weights=None, log_interval=100, lr=0.1, model='widefc2', momentum=0.9, no_cuda=False, r=5, save_model=None, save_results=True, seed=1, sparsity=0.99, use_relu=False, wd=0.0005)


Total time spent pruning/training: 0.42 minutes
Total number of parameters in model: 1991352
Number of parameters in pruned model: 19913
