Namespace(batch_size=64, bias=None, data='../data', device=1, epochs=6, hidden_size=500, load_weights=None, log_interval=100, lr=0.1, model='widefc4', momentum=0.9, no_cuda=False, r=5, save_model=None, save_results=True, seed=1, sparsity=0.5, use_relu=False, wd=0.0005) 

Pruning a Wide Four-Layer Fully Connected network ...
Train Epoch: 1 [6336/60000 (11%)]	Loss: 0.499110
Train Epoch: 1 [12736/60000 (21%)]	Loss: 0.159885
Train Epoch: 1 [19136/60000 (32%)]	Loss: 0.386934
Train Epoch: 1 [25536/60000 (43%)]	Loss: 0.228791
Train Epoch: 1 [31936/60000 (53%)]	Loss: 0.265494
Train Epoch: 1 [38336/60000 (64%)]	Loss: 0.294636
Train Epoch: 1 [44736/60000 (75%)]	Loss: 0.070511
Train Epoch: 1 [51136/60000 (85%)]	Loss: 0.133597
Train Epoch: 1 [57536/60000 (96%)]	Loss: 0.081535

Test set: Average loss: 0.1238, Accuracy: 9620/10000 (96%)

Train Epoch: 2 [6336/60000 (11%)]	Loss: 0.050667
Train Epoch: 2 [12736/60000 (21%)]	Loss: 0.104598
Train Epoch: 2 [19136/60000 (32%)]	Loss: 0.132558
Train Epoch: 2 [25536/60000 (43%)]	Loss: 0.087242
Train Epoch: 2 [31936/60000 (53%)]	Loss: 0.207919
Train Epoch: 2 [38336/60000 (64%)]	Loss: 0.132656
Train Epoch: 2 [44736/60000 (75%)]	Loss: 0.234314
Train Epoch: 2 [51136/60000 (85%)]	Loss: 0.146300
Train Epoch: 2 [57536/60000 (96%)]	Loss: 0.020398

Test set: Average loss: 0.1155, Accuracy: 9621/10000 (96%)

Train Epoch: 3 [6336/60000 (11%)]	Loss: 0.068657
Train Epoch: 3 [12736/60000 (21%)]	Loss: 0.058396
Train Epoch: 3 [19136/60000 (32%)]	Loss: 0.154226
Train Epoch: 3 [25536/60000 (43%)]	Loss: 0.048759
Train Epoch: 3 [31936/60000 (53%)]	Loss: 0.052808
Train Epoch: 3 [38336/60000 (64%)]	Loss: 0.063131
Train Epoch: 3 [44736/60000 (75%)]	Loss: 0.030603
Train Epoch: 3 [51136/60000 (85%)]	Loss: 0.025717
Train Epoch: 3 [57536/60000 (96%)]	Loss: 0.051634

Test set: Average loss: 0.0823, Accuracy: 9734/10000 (97%)

Train Epoch: 4 [6336/60000 (11%)]	Loss: 0.017384
Train Epoch: 4 [12736/60000 (21%)]	Loss: 0.022056
Train Epoch: 4 [19136/60000 (32%)]	Loss: 0.014004
Train Epoch: 4 [25536/60000 (43%)]	Loss: 0.088349
Train Epoch: 4 [31936/60000 (53%)]	Loss: 0.027785
Train Epoch: 4 [38336/60000 (64%)]	Loss: 0.082260
Train Epoch: 4 [44736/60000 (75%)]	Loss: 0.024309
Train Epoch: 4 [51136/60000 (85%)]	Loss: 0.033247
Train Epoch: 4 [57536/60000 (96%)]	Loss: 0.088417

Test set: Average loss: 0.0938, Accuracy: 9701/10000 (97%)

Train Epoch: 5 [6336/60000 (11%)]	Loss: 0.021917
Train Epoch: 5 [12736/60000 (21%)]	Loss: 0.010659
Train Epoch: 5 [19136/60000 (32%)]	Loss: 0.014441
Train Epoch: 5 [25536/60000 (43%)]	Loss: 0.024764
Train Epoch: 5 [31936/60000 (53%)]	Loss: 0.023917
Train Epoch: 5 [38336/60000 (64%)]	Loss: 0.004901
Train Epoch: 5 [44736/60000 (75%)]	Loss: 0.075902
Train Epoch: 5 [51136/60000 (85%)]	Loss: 0.029260
Train Epoch: 5 [57536/60000 (96%)]	Loss: 0.044210

Test set: Average loss: 0.0696, Accuracy: 9783/10000 (98%)

Train Epoch: 6 [6336/60000 (11%)]	Loss: 0.010158
Train Epoch: 6 [12736/60000 (21%)]	Loss: 0.003324
Train Epoch: 6 [19136/60000 (32%)]	Loss: 0.017843
Train Epoch: 6 [25536/60000 (43%)]	Loss: 0.011717
Train Epoch: 6 [31936/60000 (53%)]	Loss: 0.012610
Train Epoch: 6 [38336/60000 (64%)]	Loss: 0.008576
Train Epoch: 6 [44736/60000 (75%)]	Loss: 0.008148
Train Epoch: 6 [51136/60000 (85%)]	Loss: 0.068879
Train Epoch: 6 [57536/60000 (96%)]	Loss: 0.012831

Test set: Average loss: 0.0570, Accuracy: 9819/10000 (98%)

Namespace(batch_size=64, bias=None, data='../data', device=1, epochs=6, hidden_size=500, load_weights=None, log_interval=100, lr=0.1, model='widefc4', momentum=0.9, no_cuda=False, r=5, save_model=None, save_results=True, seed=1, sparsity=0.5, use_relu=False, wd=0.0005)


Total time spent pruning/training: 1.07 minutes
Total number of parameters in model: 4496508
Number of parameters in pruned model: 2248254
