Namespace(batch_size=64, bias=None, data='../data', device=1, epochs=7, hidden_size=500, load_weights=None, log_interval=100, lr=0.1, model='widefc4', momentum=0.9, no_cuda=False, r=5, save_model=None, save_results=True, seed=1, sparsity=0.9, use_relu=False, wd=0.0005) 

Pruning a Wide Four-Layer Fully Connected network ...
Train Epoch: 1 [6336/60000 (11%)]	Loss: 1.809920
Train Epoch: 1 [12736/60000 (21%)]	Loss: 0.548499
Train Epoch: 1 [19136/60000 (32%)]	Loss: 0.609535
Train Epoch: 1 [25536/60000 (43%)]	Loss: 0.491973
Train Epoch: 1 [31936/60000 (53%)]	Loss: 0.494373
Train Epoch: 1 [38336/60000 (64%)]	Loss: 0.408616
Train Epoch: 1 [44736/60000 (75%)]	Loss: 0.241437
Train Epoch: 1 [51136/60000 (85%)]	Loss: 0.215838
Train Epoch: 1 [57536/60000 (96%)]	Loss: 0.226073

Test set: Average loss: 0.2312, Accuracy: 9317/10000 (93%)

Train Epoch: 2 [6336/60000 (11%)]	Loss: 0.101330
Train Epoch: 2 [12736/60000 (21%)]	Loss: 0.287066
Train Epoch: 2 [19136/60000 (32%)]	Loss: 0.204388
Train Epoch: 2 [25536/60000 (43%)]	Loss: 0.171019
Train Epoch: 2 [31936/60000 (53%)]	Loss: 0.271477
Train Epoch: 2 [38336/60000 (64%)]	Loss: 0.177938
Train Epoch: 2 [44736/60000 (75%)]	Loss: 0.247126
Train Epoch: 2 [51136/60000 (85%)]	Loss: 0.155353
Train Epoch: 2 [57536/60000 (96%)]	Loss: 0.080572

Test set: Average loss: 0.1671, Accuracy: 9474/10000 (95%)

Train Epoch: 3 [6336/60000 (11%)]	Loss: 0.149927
Train Epoch: 3 [12736/60000 (21%)]	Loss: 0.104909
Train Epoch: 3 [19136/60000 (32%)]	Loss: 0.194429
Train Epoch: 3 [25536/60000 (43%)]	Loss: 0.109690
Train Epoch: 3 [31936/60000 (53%)]	Loss: 0.069707
Train Epoch: 3 [38336/60000 (64%)]	Loss: 0.083561
Train Epoch: 3 [44736/60000 (75%)]	Loss: 0.060678
Train Epoch: 3 [51136/60000 (85%)]	Loss: 0.052927
Train Epoch: 3 [57536/60000 (96%)]	Loss: 0.091804

Test set: Average loss: 0.1113, Accuracy: 9663/10000 (97%)

Train Epoch: 4 [6336/60000 (11%)]	Loss: 0.080679
Train Epoch: 4 [12736/60000 (21%)]	Loss: 0.065153
Train Epoch: 4 [19136/60000 (32%)]	Loss: 0.033615
Train Epoch: 4 [25536/60000 (43%)]	Loss: 0.104986
Train Epoch: 4 [31936/60000 (53%)]	Loss: 0.042354
Train Epoch: 4 [38336/60000 (64%)]	Loss: 0.114662
Train Epoch: 4 [44736/60000 (75%)]	Loss: 0.126396
Train Epoch: 4 [51136/60000 (85%)]	Loss: 0.113791
Train Epoch: 4 [57536/60000 (96%)]	Loss: 0.062767

Test set: Average loss: 0.0974, Accuracy: 9706/10000 (97%)

Train Epoch: 5 [6336/60000 (11%)]	Loss: 0.086897
Train Epoch: 5 [12736/60000 (21%)]	Loss: 0.026806
Train Epoch: 5 [19136/60000 (32%)]	Loss: 0.023650
Train Epoch: 5 [25536/60000 (43%)]	Loss: 0.089060
Train Epoch: 5 [31936/60000 (53%)]	Loss: 0.041413
Train Epoch: 5 [38336/60000 (64%)]	Loss: 0.014245
Train Epoch: 5 [44736/60000 (75%)]	Loss: 0.156088
Train Epoch: 5 [51136/60000 (85%)]	Loss: 0.115319
Train Epoch: 5 [57536/60000 (96%)]	Loss: 0.205235

Test set: Average loss: 0.0905, Accuracy: 9719/10000 (97%)

Train Epoch: 6 [6336/60000 (11%)]	Loss: 0.028420
Train Epoch: 6 [12736/60000 (21%)]	Loss: 0.019850
Train Epoch: 6 [19136/60000 (32%)]	Loss: 0.072761
Train Epoch: 6 [25536/60000 (43%)]	Loss: 0.025910
Train Epoch: 6 [31936/60000 (53%)]	Loss: 0.046532
Train Epoch: 6 [38336/60000 (64%)]	Loss: 0.024919
Train Epoch: 6 [44736/60000 (75%)]	Loss: 0.062539
Train Epoch: 6 [51136/60000 (85%)]	Loss: 0.101404
Train Epoch: 6 [57536/60000 (96%)]	Loss: 0.054824

Test set: Average loss: 0.0755, Accuracy: 9760/10000 (98%)

Train Epoch: 7 [6336/60000 (11%)]	Loss: 0.039261
Train Epoch: 7 [12736/60000 (21%)]	Loss: 0.043588
Train Epoch: 7 [19136/60000 (32%)]	Loss: 0.049247
Train Epoch: 7 [25536/60000 (43%)]	Loss: 0.030740
Train Epoch: 7 [31936/60000 (53%)]	Loss: 0.016071
Train Epoch: 7 [38336/60000 (64%)]	Loss: 0.022386
Train Epoch: 7 [44736/60000 (75%)]	Loss: 0.029788
Train Epoch: 7 [51136/60000 (85%)]	Loss: 0.082659
Train Epoch: 7 [57536/60000 (96%)]	Loss: 0.073743

Test set: Average loss: 0.0647, Accuracy: 9799/10000 (98%)

Namespace(batch_size=64, bias=None, data='../data', device=1, epochs=7, hidden_size=500, load_weights=None, log_interval=100, lr=0.1, model='widefc4', momentum=0.9, no_cuda=False, r=5, save_model=None, save_results=True, seed=1, sparsity=0.9, use_relu=False, wd=0.0005)


Total time spent pruning/training: 1.24 minutes
Total number of parameters in model: 4496508
Number of parameters in pruned model: 449650
