Namespace(batch_size=64, bias=None, data='../data', device=1, epochs=16, hidden_size=500, load_weights=None, log_interval=100, lr=0.1, model='widefc4', momentum=0.9, no_cuda=False, r=5, save_model=None, save_results=True, seed=1, sparsity=0.9, use_relu=False, wd=0.0005) 

Pruning a Wide Four-Layer Fully Connected network ...
Train Epoch: 1 [6336/60000 (11%)]	Loss: 1.809920
Train Epoch: 1 [12736/60000 (21%)]	Loss: 0.548499
Train Epoch: 1 [19136/60000 (32%)]	Loss: 0.609535
Train Epoch: 1 [25536/60000 (43%)]	Loss: 0.491973
Train Epoch: 1 [31936/60000 (53%)]	Loss: 0.494373
Train Epoch: 1 [38336/60000 (64%)]	Loss: 0.408616
Train Epoch: 1 [44736/60000 (75%)]	Loss: 0.241437
Train Epoch: 1 [51136/60000 (85%)]	Loss: 0.215838
Train Epoch: 1 [57536/60000 (96%)]	Loss: 0.226073

Test set: Average loss: 0.2312, Accuracy: 9317/10000 (93%)

Train Epoch: 2 [6336/60000 (11%)]	Loss: 0.102539
Train Epoch: 2 [12736/60000 (21%)]	Loss: 0.287495
Train Epoch: 2 [19136/60000 (32%)]	Loss: 0.206099
Train Epoch: 2 [25536/60000 (43%)]	Loss: 0.174865
Train Epoch: 2 [31936/60000 (53%)]	Loss: 0.259111
Train Epoch: 2 [38336/60000 (64%)]	Loss: 0.175896
Train Epoch: 2 [44736/60000 (75%)]	Loss: 0.253737
Train Epoch: 2 [51136/60000 (85%)]	Loss: 0.158824
Train Epoch: 2 [57536/60000 (96%)]	Loss: 0.077044

Test set: Average loss: 0.1715, Accuracy: 9472/10000 (95%)

Train Epoch: 3 [6336/60000 (11%)]	Loss: 0.137668
Train Epoch: 3 [12736/60000 (21%)]	Loss: 0.109400
Train Epoch: 3 [19136/60000 (32%)]	Loss: 0.198611
Train Epoch: 3 [25536/60000 (43%)]	Loss: 0.104263
Train Epoch: 3 [31936/60000 (53%)]	Loss: 0.065159
Train Epoch: 3 [38336/60000 (64%)]	Loss: 0.071252
Train Epoch: 3 [44736/60000 (75%)]	Loss: 0.058257
Train Epoch: 3 [51136/60000 (85%)]	Loss: 0.058931
Train Epoch: 3 [57536/60000 (96%)]	Loss: 0.099597

Test set: Average loss: 0.1072, Accuracy: 9670/10000 (97%)

Train Epoch: 4 [6336/60000 (11%)]	Loss: 0.073331
Train Epoch: 4 [12736/60000 (21%)]	Loss: 0.075210
Train Epoch: 4 [19136/60000 (32%)]	Loss: 0.029568
Train Epoch: 4 [25536/60000 (43%)]	Loss: 0.133862
Train Epoch: 4 [31936/60000 (53%)]	Loss: 0.067936
Train Epoch: 4 [38336/60000 (64%)]	Loss: 0.118376
Train Epoch: 4 [44736/60000 (75%)]	Loss: 0.124406
Train Epoch: 4 [51136/60000 (85%)]	Loss: 0.135221
Train Epoch: 4 [57536/60000 (96%)]	Loss: 0.064327

Test set: Average loss: 0.0989, Accuracy: 9704/10000 (97%)

Train Epoch: 5 [6336/60000 (11%)]	Loss: 0.117907
Train Epoch: 5 [12736/60000 (21%)]	Loss: 0.046555
Train Epoch: 5 [19136/60000 (32%)]	Loss: 0.028770
Train Epoch: 5 [25536/60000 (43%)]	Loss: 0.150132
Train Epoch: 5 [31936/60000 (53%)]	Loss: 0.043616
Train Epoch: 5 [38336/60000 (64%)]	Loss: 0.022877
Train Epoch: 5 [44736/60000 (75%)]	Loss: 0.191723
Train Epoch: 5 [51136/60000 (85%)]	Loss: 0.142932
Train Epoch: 5 [57536/60000 (96%)]	Loss: 0.252265

Test set: Average loss: 0.0935, Accuracy: 9705/10000 (97%)

Train Epoch: 6 [6336/60000 (11%)]	Loss: 0.034619
Train Epoch: 6 [12736/60000 (21%)]	Loss: 0.044555
Train Epoch: 6 [19136/60000 (32%)]	Loss: 0.095339
Train Epoch: 6 [25536/60000 (43%)]	Loss: 0.047512
Train Epoch: 6 [31936/60000 (53%)]	Loss: 0.106663
Train Epoch: 6 [38336/60000 (64%)]	Loss: 0.042611
Train Epoch: 6 [44736/60000 (75%)]	Loss: 0.071596
Train Epoch: 6 [51136/60000 (85%)]	Loss: 0.090098
Train Epoch: 6 [57536/60000 (96%)]	Loss: 0.055447

Test set: Average loss: 0.1088, Accuracy: 9658/10000 (97%)

Train Epoch: 7 [6336/60000 (11%)]	Loss: 0.061484
Train Epoch: 7 [12736/60000 (21%)]	Loss: 0.100924
Train Epoch: 7 [19136/60000 (32%)]	Loss: 0.051476
Train Epoch: 7 [25536/60000 (43%)]	Loss: 0.064522
Train Epoch: 7 [31936/60000 (53%)]	Loss: 0.123336
Train Epoch: 7 [38336/60000 (64%)]	Loss: 0.125970
Train Epoch: 7 [44736/60000 (75%)]	Loss: 0.095024
Train Epoch: 7 [51136/60000 (85%)]	Loss: 0.206167
Train Epoch: 7 [57536/60000 (96%)]	Loss: 0.098820

Test set: Average loss: 0.1235, Accuracy: 9616/10000 (96%)

Train Epoch: 8 [6336/60000 (11%)]	Loss: 0.099893
Train Epoch: 8 [12736/60000 (21%)]	Loss: 0.024694
Train Epoch: 8 [19136/60000 (32%)]	Loss: 0.085572
Train Epoch: 8 [25536/60000 (43%)]	Loss: 0.091302
Train Epoch: 8 [31936/60000 (53%)]	Loss: 0.037941
Train Epoch: 8 [38336/60000 (64%)]	Loss: 0.072172
Train Epoch: 8 [44736/60000 (75%)]	Loss: 0.014175
Train Epoch: 8 [51136/60000 (85%)]	Loss: 0.092631
Train Epoch: 8 [57536/60000 (96%)]	Loss: 0.117651

Test set: Average loss: 0.0931, Accuracy: 9715/10000 (97%)

Train Epoch: 9 [6336/60000 (11%)]	Loss: 0.075786
Train Epoch: 9 [12736/60000 (21%)]	Loss: 0.020689
Train Epoch: 9 [19136/60000 (32%)]	Loss: 0.037453
Train Epoch: 9 [25536/60000 (43%)]	Loss: 0.056031
Train Epoch: 9 [31936/60000 (53%)]	Loss: 0.112638
Train Epoch: 9 [38336/60000 (64%)]	Loss: 0.038493
Train Epoch: 9 [44736/60000 (75%)]	Loss: 0.026882
Train Epoch: 9 [51136/60000 (85%)]	Loss: 0.163682
Train Epoch: 9 [57536/60000 (96%)]	Loss: 0.065543

Test set: Average loss: 0.1086, Accuracy: 9645/10000 (96%)

Train Epoch: 10 [6336/60000 (11%)]	Loss: 0.030368
Train Epoch: 10 [12736/60000 (21%)]	Loss: 0.077422
Train Epoch: 10 [19136/60000 (32%)]	Loss: 0.043014
Train Epoch: 10 [25536/60000 (43%)]	Loss: 0.042650
Train Epoch: 10 [31936/60000 (53%)]	Loss: 0.154821
Train Epoch: 10 [38336/60000 (64%)]	Loss: 0.036002
Train Epoch: 10 [44736/60000 (75%)]	Loss: 0.014996
Train Epoch: 10 [51136/60000 (85%)]	Loss: 0.071977
Train Epoch: 10 [57536/60000 (96%)]	Loss: 0.093872

Test set: Average loss: 0.0849, Accuracy: 9721/10000 (97%)

Train Epoch: 11 [6336/60000 (11%)]	Loss: 0.009348
Train Epoch: 11 [12736/60000 (21%)]	Loss: 0.031298
Train Epoch: 11 [19136/60000 (32%)]	Loss: 0.008090
Train Epoch: 11 [25536/60000 (43%)]	Loss: 0.013548
Train Epoch: 11 [31936/60000 (53%)]	Loss: 0.054651
Train Epoch: 11 [38336/60000 (64%)]	Loss: 0.042820
Train Epoch: 11 [44736/60000 (75%)]	Loss: 0.020379
Train Epoch: 11 [51136/60000 (85%)]	Loss: 0.009179
Train Epoch: 11 [57536/60000 (96%)]	Loss: 0.003413

Test set: Average loss: 0.0737, Accuracy: 9769/10000 (98%)

Train Epoch: 12 [6336/60000 (11%)]	Loss: 0.038306
Train Epoch: 12 [12736/60000 (21%)]	Loss: 0.011693
Train Epoch: 12 [19136/60000 (32%)]	Loss: 0.016790
Train Epoch: 12 [25536/60000 (43%)]	Loss: 0.002176
Train Epoch: 12 [31936/60000 (53%)]	Loss: 0.002583
Train Epoch: 12 [38336/60000 (64%)]	Loss: 0.061556
Train Epoch: 12 [44736/60000 (75%)]	Loss: 0.023841
Train Epoch: 12 [51136/60000 (85%)]	Loss: 0.024986
Train Epoch: 12 [57536/60000 (96%)]	Loss: 0.015516

Test set: Average loss: 0.0628, Accuracy: 9796/10000 (98%)

Train Epoch: 13 [6336/60000 (11%)]	Loss: 0.003147
Train Epoch: 13 [12736/60000 (21%)]	Loss: 0.004873
Train Epoch: 13 [19136/60000 (32%)]	Loss: 0.020307
Train Epoch: 13 [25536/60000 (43%)]	Loss: 0.017605
Train Epoch: 13 [31936/60000 (53%)]	Loss: 0.030156
Train Epoch: 13 [38336/60000 (64%)]	Loss: 0.012148
Train Epoch: 13 [44736/60000 (75%)]	Loss: 0.005567
Train Epoch: 13 [51136/60000 (85%)]	Loss: 0.032662
Train Epoch: 13 [57536/60000 (96%)]	Loss: 0.001911

Test set: Average loss: 0.0580, Accuracy: 9831/10000 (98%)

Train Epoch: 14 [6336/60000 (11%)]	Loss: 0.001053
Train Epoch: 14 [12736/60000 (21%)]	Loss: 0.009006
Train Epoch: 14 [19136/60000 (32%)]	Loss: 0.002866
Train Epoch: 14 [25536/60000 (43%)]	Loss: 0.002904
Train Epoch: 14 [31936/60000 (53%)]	Loss: 0.003786
Train Epoch: 14 [38336/60000 (64%)]	Loss: 0.003822
Train Epoch: 14 [44736/60000 (75%)]	Loss: 0.022607
Train Epoch: 14 [51136/60000 (85%)]	Loss: 0.006060
Train Epoch: 14 [57536/60000 (96%)]	Loss: 0.003228

Test set: Average loss: 0.0537, Accuracy: 9840/10000 (98%)

Train Epoch: 15 [6336/60000 (11%)]	Loss: 0.001658
Train Epoch: 15 [12736/60000 (21%)]	Loss: 0.001534
Train Epoch: 15 [19136/60000 (32%)]	Loss: 0.001929
Train Epoch: 15 [25536/60000 (43%)]	Loss: 0.003109
Train Epoch: 15 [31936/60000 (53%)]	Loss: 0.012183
Train Epoch: 15 [38336/60000 (64%)]	Loss: 0.001288
Train Epoch: 15 [44736/60000 (75%)]	Loss: 0.002627
Train Epoch: 15 [51136/60000 (85%)]	Loss: 0.003411
Train Epoch: 15 [57536/60000 (96%)]	Loss: 0.024532

Test set: Average loss: 0.0520, Accuracy: 9844/10000 (98%)

Train Epoch: 16 [6336/60000 (11%)]	Loss: 0.001733
Train Epoch: 16 [12736/60000 (21%)]	Loss: 0.001212
Train Epoch: 16 [19136/60000 (32%)]	Loss: 0.000653
Train Epoch: 16 [25536/60000 (43%)]	Loss: 0.000770
Train Epoch: 16 [31936/60000 (53%)]	Loss: 0.000931
Train Epoch: 16 [38336/60000 (64%)]	Loss: 0.002313
Train Epoch: 16 [44736/60000 (75%)]	Loss: 0.003149
Train Epoch: 16 [51136/60000 (85%)]	Loss: 0.002018
Train Epoch: 16 [57536/60000 (96%)]	Loss: 0.002406

Test set: Average loss: 0.0520, Accuracy: 9847/10000 (98%)

Namespace(batch_size=64, bias=None, data='../data', device=1, epochs=16, hidden_size=500, load_weights=None, log_interval=100, lr=0.1, model='widefc4', momentum=0.9, no_cuda=False, r=5, save_model=None, save_results=True, seed=1, sparsity=0.9, use_relu=False, wd=0.0005)


Total time spent pruning/training: 2.84 minutes
Total number of parameters in model: 4496508
Number of parameters in pruned model: 449650
