Namespace(batch_size=64, bias=None, data='../data', device=0, epochs=50, hidden_size=500, load_weights=None, log_interval=100, lr=0.1, milestones=[5, 7], model='prunefc4', momentum=0.9, no_cuda=False, r=5, save_model=None, save_results=True, scheduler='cosine', seed=1, sparsity=0.99, use_relu=False, wd=0.0005) 

Pruning a Four-Layer Fully Connected network ...
Train Epoch: 1 [0/60000 (0%)]	Loss: 2.302584
Train Epoch: 1 [6400/60000 (11%)]	Loss: 2.302401
Train Epoch: 1 [12800/60000 (21%)]	Loss: 2.302120
Train Epoch: 1 [19200/60000 (32%)]	Loss: 2.301656
Train Epoch: 1 [25600/60000 (43%)]	Loss: 2.300513
Train Epoch: 1 [32000/60000 (53%)]	Loss: 2.299627
Train Epoch: 1 [38400/60000 (64%)]	Loss: 2.293254
Train Epoch: 1 [44800/60000 (75%)]	Loss: 2.271385
Train Epoch: 1 [51200/60000 (85%)]	Loss: 2.151923
Train Epoch: 1 [57600/60000 (96%)]	Loss: 1.808828

Test set: Average loss: 1.6486, Accuracy: 4805/10000 (48%)

Train Epoch: 2 [0/60000 (0%)]	Loss: 1.727392
Train Epoch: 2 [6400/60000 (11%)]	Loss: 1.307343
Train Epoch: 2 [12800/60000 (21%)]	Loss: 1.099555
Train Epoch: 2 [19200/60000 (32%)]	Loss: 1.092687
Train Epoch: 2 [25600/60000 (43%)]	Loss: 1.086871
Train Epoch: 2 [32000/60000 (53%)]	Loss: 1.017318
Train Epoch: 2 [38400/60000 (64%)]	Loss: 0.847081
Train Epoch: 2 [44800/60000 (75%)]	Loss: 1.000140
Train Epoch: 2 [51200/60000 (85%)]	Loss: 0.697866
Train Epoch: 2 [57600/60000 (96%)]	Loss: 0.688435

Test set: Average loss: 0.7427, Accuracy: 8219/10000 (82%)

Train Epoch: 3 [0/60000 (0%)]	Loss: 0.787255
Train Epoch: 3 [6400/60000 (11%)]	Loss: 0.686135
Train Epoch: 3 [12800/60000 (21%)]	Loss: 0.684085
Train Epoch: 3 [19200/60000 (32%)]	Loss: 0.712746
Train Epoch: 3 [25600/60000 (43%)]	Loss: 0.711361
Train Epoch: 3 [32000/60000 (53%)]	Loss: 0.829305
Train Epoch: 3 [38400/60000 (64%)]	Loss: 0.720091
Train Epoch: 3 [44800/60000 (75%)]	Loss: 0.661564
Train Epoch: 3 [51200/60000 (85%)]	Loss: 0.665455
Train Epoch: 3 [57600/60000 (96%)]	Loss: 0.890275

Test set: Average loss: 0.6484, Accuracy: 8491/10000 (85%)

Train Epoch: 4 [0/60000 (0%)]	Loss: 0.772031
Train Epoch: 4 [6400/60000 (11%)]	Loss: 0.772142
Train Epoch: 4 [12800/60000 (21%)]	Loss: 0.700150
Train Epoch: 4 [19200/60000 (32%)]	Loss: 0.642474
Train Epoch: 4 [25600/60000 (43%)]	Loss: 0.575766
Train Epoch: 4 [32000/60000 (53%)]	Loss: 0.768536
Train Epoch: 4 [38400/60000 (64%)]	Loss: 0.601325
Train Epoch: 4 [44800/60000 (75%)]	Loss: 0.778297
Train Epoch: 4 [51200/60000 (85%)]	Loss: 0.679556
Train Epoch: 4 [57600/60000 (96%)]	Loss: 0.742952

Test set: Average loss: 0.6222, Accuracy: 8538/10000 (85%)

Train Epoch: 5 [0/60000 (0%)]	Loss: 0.586763
Train Epoch: 5 [6400/60000 (11%)]	Loss: 0.731648
Train Epoch: 5 [12800/60000 (21%)]	Loss: 0.716321
Train Epoch: 5 [19200/60000 (32%)]	Loss: 0.615719
Train Epoch: 5 [25600/60000 (43%)]	Loss: 0.511614
Train Epoch: 5 [32000/60000 (53%)]	Loss: 0.701923
Train Epoch: 5 [38400/60000 (64%)]	Loss: 0.668836
Train Epoch: 5 [44800/60000 (75%)]	Loss: 0.547794
Train Epoch: 5 [51200/60000 (85%)]	Loss: 0.565535
Train Epoch: 5 [57600/60000 (96%)]	Loss: 0.575337

Test set: Average loss: 0.5984, Accuracy: 8637/10000 (86%)

Train Epoch: 6 [0/60000 (0%)]	Loss: 0.608749
Train Epoch: 6 [6400/60000 (11%)]	Loss: 0.562119
Train Epoch: 6 [12800/60000 (21%)]	Loss: 0.478871
Train Epoch: 6 [19200/60000 (32%)]	Loss: 0.656057
Train Epoch: 6 [25600/60000 (43%)]	Loss: 0.548002
Train Epoch: 6 [32000/60000 (53%)]	Loss: 0.556194
Train Epoch: 6 [38400/60000 (64%)]	Loss: 0.488099
Train Epoch: 6 [44800/60000 (75%)]	Loss: 0.559896
Train Epoch: 6 [51200/60000 (85%)]	Loss: 0.602801
Train Epoch: 6 [57600/60000 (96%)]	Loss: 0.653441

Test set: Average loss: 0.5913, Accuracy: 8626/10000 (86%)

Train Epoch: 7 [0/60000 (0%)]	Loss: 0.810855
Train Epoch: 7 [6400/60000 (11%)]	Loss: 0.684855
Train Epoch: 7 [12800/60000 (21%)]	Loss: 0.556322
Train Epoch: 7 [19200/60000 (32%)]	Loss: 0.681773
Train Epoch: 7 [25600/60000 (43%)]	Loss: 0.556498
Train Epoch: 7 [32000/60000 (53%)]	Loss: 0.732520
Train Epoch: 7 [38400/60000 (64%)]	Loss: 0.601346
Train Epoch: 7 [44800/60000 (75%)]	Loss: 0.585746
Train Epoch: 7 [51200/60000 (85%)]	Loss: 0.514378
Train Epoch: 7 [57600/60000 (96%)]	Loss: 0.546608

Test set: Average loss: 0.5794, Accuracy: 8686/10000 (87%)

Train Epoch: 8 [0/60000 (0%)]	Loss: 0.644980
Train Epoch: 8 [6400/60000 (11%)]	Loss: 0.595875
Train Epoch: 8 [12800/60000 (21%)]	Loss: 0.585640
Train Epoch: 8 [19200/60000 (32%)]	Loss: 0.903921
Train Epoch: 8 [25600/60000 (43%)]	Loss: 0.606216
Train Epoch: 8 [32000/60000 (53%)]	Loss: 0.532160
Train Epoch: 8 [38400/60000 (64%)]	Loss: 0.555558
Train Epoch: 8 [44800/60000 (75%)]	Loss: 0.716786
Train Epoch: 8 [51200/60000 (85%)]	Loss: 0.375001
Train Epoch: 8 [57600/60000 (96%)]	Loss: 0.577961

Test set: Average loss: 0.5756, Accuracy: 8664/10000 (87%)

Train Epoch: 9 [0/60000 (0%)]	Loss: 0.582374
Train Epoch: 9 [6400/60000 (11%)]	Loss: 0.633670
Train Epoch: 9 [12800/60000 (21%)]	Loss: 0.482196
Train Epoch: 9 [19200/60000 (32%)]	Loss: 0.586536
Train Epoch: 9 [25600/60000 (43%)]	Loss: 0.654395
Train Epoch: 9 [32000/60000 (53%)]	Loss: 0.558173
Train Epoch: 9 [38400/60000 (64%)]	Loss: 0.447664
Train Epoch: 9 [44800/60000 (75%)]	Loss: 0.675412
Train Epoch: 9 [51200/60000 (85%)]	Loss: 0.670647
Train Epoch: 9 [57600/60000 (96%)]	Loss: 0.639225

Test set: Average loss: 0.5680, Accuracy: 8693/10000 (87%)

Train Epoch: 10 [0/60000 (0%)]	Loss: 0.634277
Train Epoch: 10 [6400/60000 (11%)]	Loss: 0.599332
Train Epoch: 10 [12800/60000 (21%)]	Loss: 0.524107
Train Epoch: 10 [19200/60000 (32%)]	Loss: 0.482904
Train Epoch: 10 [25600/60000 (43%)]	Loss: 0.521399
Train Epoch: 10 [32000/60000 (53%)]	Loss: 0.573355
Train Epoch: 10 [38400/60000 (64%)]	Loss: 0.611348
Train Epoch: 10 [44800/60000 (75%)]	Loss: 0.511146
Train Epoch: 10 [51200/60000 (85%)]	Loss: 0.492886
Train Epoch: 10 [57600/60000 (96%)]	Loss: 0.548585

Test set: Average loss: 0.5592, Accuracy: 8723/10000 (87%)

Train Epoch: 11 [0/60000 (0%)]	Loss: 0.700182
Train Epoch: 11 [6400/60000 (11%)]	Loss: 0.611636
Train Epoch: 11 [12800/60000 (21%)]	Loss: 0.632959
Train Epoch: 11 [19200/60000 (32%)]	Loss: 0.729496
Train Epoch: 11 [25600/60000 (43%)]	Loss: 0.680780
Train Epoch: 11 [32000/60000 (53%)]	Loss: 0.485517
Train Epoch: 11 [38400/60000 (64%)]	Loss: 0.761534
Train Epoch: 11 [44800/60000 (75%)]	Loss: 0.604852
Train Epoch: 11 [51200/60000 (85%)]	Loss: 0.663390
Train Epoch: 11 [57600/60000 (96%)]	Loss: 0.554855

Test set: Average loss: 0.5530, Accuracy: 8728/10000 (87%)

Train Epoch: 12 [0/60000 (0%)]	Loss: 0.568256
Train Epoch: 12 [6400/60000 (11%)]	Loss: 0.605628
Train Epoch: 12 [12800/60000 (21%)]	Loss: 0.570033
Train Epoch: 12 [19200/60000 (32%)]	Loss: 0.620272
Train Epoch: 12 [25600/60000 (43%)]	Loss: 0.473485
Train Epoch: 12 [32000/60000 (53%)]	Loss: 0.833915
Train Epoch: 12 [38400/60000 (64%)]	Loss: 0.543293
Train Epoch: 12 [44800/60000 (75%)]	Loss: 0.645421
Train Epoch: 12 [51200/60000 (85%)]	Loss: 0.611983
Train Epoch: 12 [57600/60000 (96%)]	Loss: 0.494945

Test set: Average loss: 0.5454, Accuracy: 8748/10000 (87%)

Train Epoch: 13 [0/60000 (0%)]	Loss: 0.614747
Train Epoch: 13 [6400/60000 (11%)]	Loss: 0.443078
Train Epoch: 13 [12800/60000 (21%)]	Loss: 0.598931
Train Epoch: 13 [19200/60000 (32%)]	Loss: 0.661957
Train Epoch: 13 [25600/60000 (43%)]	Loss: 0.478337
Train Epoch: 13 [32000/60000 (53%)]	Loss: 0.374327
Train Epoch: 13 [38400/60000 (64%)]	Loss: 0.474211
Train Epoch: 13 [44800/60000 (75%)]	Loss: 0.562602
Train Epoch: 13 [51200/60000 (85%)]	Loss: 0.507541
Train Epoch: 13 [57600/60000 (96%)]	Loss: 0.532826

Test set: Average loss: 0.5374, Accuracy: 8796/10000 (88%)

Train Epoch: 14 [0/60000 (0%)]	Loss: 0.587844
Train Epoch: 14 [6400/60000 (11%)]	Loss: 0.422079
Train Epoch: 14 [12800/60000 (21%)]	Loss: 0.525097
Train Epoch: 14 [19200/60000 (32%)]	Loss: 0.563085
Train Epoch: 14 [25600/60000 (43%)]	Loss: 0.673118
Train Epoch: 14 [32000/60000 (53%)]	Loss: 0.445069
Train Epoch: 14 [38400/60000 (64%)]	Loss: 0.630410
Train Epoch: 14 [44800/60000 (75%)]	Loss: 0.603121
Train Epoch: 14 [51200/60000 (85%)]	Loss: 0.432852
Train Epoch: 14 [57600/60000 (96%)]	Loss: 0.499937

Test set: Average loss: 0.5362, Accuracy: 8783/10000 (88%)

Train Epoch: 15 [0/60000 (0%)]	Loss: 0.679337
Train Epoch: 15 [6400/60000 (11%)]	Loss: 0.438683
Train Epoch: 15 [12800/60000 (21%)]	Loss: 0.523166
Train Epoch: 15 [19200/60000 (32%)]	Loss: 0.528814
Train Epoch: 15 [25600/60000 (43%)]	Loss: 0.622175
Train Epoch: 15 [32000/60000 (53%)]	Loss: 0.494409
Train Epoch: 15 [38400/60000 (64%)]	Loss: 0.428921
Train Epoch: 15 [44800/60000 (75%)]	Loss: 0.579771
Train Epoch: 15 [51200/60000 (85%)]	Loss: 0.496906
Train Epoch: 15 [57600/60000 (96%)]	Loss: 0.553110

Test set: Average loss: 0.5310, Accuracy: 8802/10000 (88%)

Train Epoch: 16 [0/60000 (0%)]	Loss: 0.463649
Train Epoch: 16 [6400/60000 (11%)]	Loss: 0.456229
Train Epoch: 16 [12800/60000 (21%)]	Loss: 0.656926
Train Epoch: 16 [19200/60000 (32%)]	Loss: 0.609388
Train Epoch: 16 [25600/60000 (43%)]	Loss: 0.496257
Train Epoch: 16 [32000/60000 (53%)]	Loss: 0.728518
Train Epoch: 16 [38400/60000 (64%)]	Loss: 0.526573
Train Epoch: 16 [44800/60000 (75%)]	Loss: 0.614075
Train Epoch: 16 [51200/60000 (85%)]	Loss: 0.507882
Train Epoch: 16 [57600/60000 (96%)]	Loss: 0.598864

Test set: Average loss: 0.5298, Accuracy: 8805/10000 (88%)

Train Epoch: 17 [0/60000 (0%)]	Loss: 0.454929
Train Epoch: 17 [6400/60000 (11%)]	Loss: 0.535226
Train Epoch: 17 [12800/60000 (21%)]	Loss: 0.530857
Train Epoch: 17 [19200/60000 (32%)]	Loss: 0.654034
Train Epoch: 17 [25600/60000 (43%)]	Loss: 0.590034
Train Epoch: 17 [32000/60000 (53%)]	Loss: 0.504708
Train Epoch: 17 [38400/60000 (64%)]	Loss: 0.523873
Train Epoch: 17 [44800/60000 (75%)]	Loss: 0.544422
Train Epoch: 17 [51200/60000 (85%)]	Loss: 0.537466
Train Epoch: 17 [57600/60000 (96%)]	Loss: 0.442610

Test set: Average loss: 0.5260, Accuracy: 8823/10000 (88%)

Train Epoch: 18 [0/60000 (0%)]	Loss: 0.518680
Train Epoch: 18 [6400/60000 (11%)]	Loss: 0.566450
Train Epoch: 18 [12800/60000 (21%)]	Loss: 0.487342
Train Epoch: 18 [19200/60000 (32%)]	Loss: 0.548257
Train Epoch: 18 [25600/60000 (43%)]	Loss: 0.561230
Train Epoch: 18 [32000/60000 (53%)]	Loss: 0.676536
Train Epoch: 18 [38400/60000 (64%)]	Loss: 0.489789
Train Epoch: 18 [44800/60000 (75%)]	Loss: 0.560287
Train Epoch: 18 [51200/60000 (85%)]	Loss: 0.491763
Train Epoch: 18 [57600/60000 (96%)]	Loss: 0.465026

Test set: Average loss: 0.5286, Accuracy: 8840/10000 (88%)

Train Epoch: 19 [0/60000 (0%)]	Loss: 0.558156
Train Epoch: 19 [6400/60000 (11%)]	Loss: 0.514305
Train Epoch: 19 [12800/60000 (21%)]	Loss: 0.557807
Train Epoch: 19 [19200/60000 (32%)]	Loss: 0.401571
Train Epoch: 19 [25600/60000 (43%)]	Loss: 0.766288
Train Epoch: 19 [32000/60000 (53%)]	Loss: 0.411377
Train Epoch: 19 [38400/60000 (64%)]	Loss: 0.543854
Train Epoch: 19 [44800/60000 (75%)]	Loss: 0.595593
Train Epoch: 19 [51200/60000 (85%)]	Loss: 0.685266
Train Epoch: 19 [57600/60000 (96%)]	Loss: 0.611865

Test set: Average loss: 0.5259, Accuracy: 8817/10000 (88%)

Train Epoch: 20 [0/60000 (0%)]	Loss: 0.578210
Train Epoch: 20 [6400/60000 (11%)]	Loss: 0.571550
Train Epoch: 20 [12800/60000 (21%)]	Loss: 0.562112
Train Epoch: 20 [19200/60000 (32%)]	Loss: 0.601231
Train Epoch: 20 [25600/60000 (43%)]	Loss: 0.424268
Train Epoch: 20 [32000/60000 (53%)]	Loss: 0.572395
Train Epoch: 20 [38400/60000 (64%)]	Loss: 0.427030
Train Epoch: 20 [44800/60000 (75%)]	Loss: 0.485711
Train Epoch: 20 [51200/60000 (85%)]	Loss: 0.650485
Train Epoch: 20 [57600/60000 (96%)]	Loss: 0.579148

Test set: Average loss: 0.5258, Accuracy: 8802/10000 (88%)

Train Epoch: 21 [0/60000 (0%)]	Loss: 0.578424
Train Epoch: 21 [6400/60000 (11%)]	Loss: 0.502566
Train Epoch: 21 [12800/60000 (21%)]	Loss: 0.427516
Train Epoch: 21 [19200/60000 (32%)]	Loss: 0.481262
Train Epoch: 21 [25600/60000 (43%)]	Loss: 0.644720
Train Epoch: 21 [32000/60000 (53%)]	Loss: 0.489856
Train Epoch: 21 [38400/60000 (64%)]	Loss: 0.456747
Train Epoch: 21 [44800/60000 (75%)]	Loss: 0.378411
Train Epoch: 21 [51200/60000 (85%)]	Loss: 0.543209
Train Epoch: 21 [57600/60000 (96%)]	Loss: 0.426223

Test set: Average loss: 0.5252, Accuracy: 8851/10000 (89%)

Train Epoch: 22 [0/60000 (0%)]	Loss: 0.405739
Train Epoch: 22 [6400/60000 (11%)]	Loss: 0.609018
Train Epoch: 22 [12800/60000 (21%)]	Loss: 0.581848
Train Epoch: 22 [19200/60000 (32%)]	Loss: 0.496371
Train Epoch: 22 [25600/60000 (43%)]	Loss: 0.586328
Train Epoch: 22 [32000/60000 (53%)]	Loss: 0.407282
Train Epoch: 22 [38400/60000 (64%)]	Loss: 0.483958
Train Epoch: 22 [44800/60000 (75%)]	Loss: 0.501462
Train Epoch: 22 [51200/60000 (85%)]	Loss: 0.544957
Train Epoch: 22 [57600/60000 (96%)]	Loss: 0.582585

Test set: Average loss: 0.5220, Accuracy: 8815/10000 (88%)

Train Epoch: 23 [0/60000 (0%)]	Loss: 0.594313
Train Epoch: 23 [6400/60000 (11%)]	Loss: 0.573540
Train Epoch: 23 [12800/60000 (21%)]	Loss: 0.605670
Train Epoch: 23 [19200/60000 (32%)]	Loss: 0.434067
Train Epoch: 23 [25600/60000 (43%)]	Loss: 0.497796
Train Epoch: 23 [32000/60000 (53%)]	Loss: 0.535515
Train Epoch: 23 [38400/60000 (64%)]	Loss: 0.625398
Train Epoch: 23 [44800/60000 (75%)]	Loss: 0.407591
Train Epoch: 23 [51200/60000 (85%)]	Loss: 0.640884
Train Epoch: 23 [57600/60000 (96%)]	Loss: 0.551936

Test set: Average loss: 0.5208, Accuracy: 8832/10000 (88%)

Train Epoch: 24 [0/60000 (0%)]	Loss: 0.522288
Train Epoch: 24 [6400/60000 (11%)]	Loss: 0.621704
Train Epoch: 24 [12800/60000 (21%)]	Loss: 0.353738
Train Epoch: 24 [19200/60000 (32%)]	Loss: 0.577895
Train Epoch: 24 [25600/60000 (43%)]	Loss: 0.498191
Train Epoch: 24 [32000/60000 (53%)]	Loss: 0.604095
Train Epoch: 24 [38400/60000 (64%)]	Loss: 0.422042
Train Epoch: 24 [44800/60000 (75%)]	Loss: 0.630110
Train Epoch: 24 [51200/60000 (85%)]	Loss: 0.716515
Train Epoch: 24 [57600/60000 (96%)]	Loss: 0.641357

Test set: Average loss: 0.5201, Accuracy: 8829/10000 (88%)

Train Epoch: 25 [0/60000 (0%)]	Loss: 0.447335
Train Epoch: 25 [6400/60000 (11%)]	Loss: 0.580347
Train Epoch: 25 [12800/60000 (21%)]	Loss: 0.664205
Train Epoch: 25 [19200/60000 (32%)]	Loss: 0.433592
Train Epoch: 25 [25600/60000 (43%)]	Loss: 0.617632
Train Epoch: 25 [32000/60000 (53%)]	Loss: 0.405682
Train Epoch: 25 [38400/60000 (64%)]	Loss: 0.520775
Train Epoch: 25 [44800/60000 (75%)]	Loss: 0.533902
Train Epoch: 25 [51200/60000 (85%)]	Loss: 0.450079
Train Epoch: 25 [57600/60000 (96%)]	Loss: 0.511873

Test set: Average loss: 0.5210, Accuracy: 8806/10000 (88%)

Train Epoch: 26 [0/60000 (0%)]	Loss: 0.581892
Train Epoch: 26 [6400/60000 (11%)]	Loss: 0.684993
Train Epoch: 26 [12800/60000 (21%)]	Loss: 0.496684
Train Epoch: 26 [19200/60000 (32%)]	Loss: 0.477294
Train Epoch: 26 [25600/60000 (43%)]	Loss: 0.445718
Train Epoch: 26 [32000/60000 (53%)]	Loss: 0.469791
Train Epoch: 26 [38400/60000 (64%)]	Loss: 0.621914
Train Epoch: 26 [44800/60000 (75%)]	Loss: 0.703748
Train Epoch: 26 [51200/60000 (85%)]	Loss: 0.471615
Train Epoch: 26 [57600/60000 (96%)]	Loss: 0.528688

Test set: Average loss: 0.5197, Accuracy: 8843/10000 (88%)

Train Epoch: 27 [0/60000 (0%)]	Loss: 0.455419
Train Epoch: 27 [6400/60000 (11%)]	Loss: 0.652627
Train Epoch: 27 [12800/60000 (21%)]	Loss: 0.703989
Train Epoch: 27 [19200/60000 (32%)]	Loss: 0.457496
Train Epoch: 27 [25600/60000 (43%)]	Loss: 0.575068
Train Epoch: 27 [32000/60000 (53%)]	Loss: 0.522251
Train Epoch: 27 [38400/60000 (64%)]	Loss: 0.559562
Train Epoch: 27 [44800/60000 (75%)]	Loss: 0.476962
Train Epoch: 27 [51200/60000 (85%)]	Loss: 0.364274
Train Epoch: 27 [57600/60000 (96%)]	Loss: 0.434954

Test set: Average loss: 0.5181, Accuracy: 8842/10000 (88%)

Train Epoch: 28 [0/60000 (0%)]	Loss: 0.602640
Train Epoch: 28 [6400/60000 (11%)]	Loss: 0.458331
Train Epoch: 28 [12800/60000 (21%)]	Loss: 0.559700
Train Epoch: 28 [19200/60000 (32%)]	Loss: 0.527610
Train Epoch: 28 [25600/60000 (43%)]	Loss: 0.416945
Train Epoch: 28 [32000/60000 (53%)]	Loss: 0.513983
Train Epoch: 28 [38400/60000 (64%)]	Loss: 0.729831
Train Epoch: 28 [44800/60000 (75%)]	Loss: 0.581109
Train Epoch: 28 [51200/60000 (85%)]	Loss: 0.552805
Train Epoch: 28 [57600/60000 (96%)]	Loss: 0.515007

Test set: Average loss: 0.5175, Accuracy: 8842/10000 (88%)

Train Epoch: 29 [0/60000 (0%)]	Loss: 0.474277
Train Epoch: 29 [6400/60000 (11%)]	Loss: 0.485013
Train Epoch: 29 [12800/60000 (21%)]	Loss: 0.519268
Train Epoch: 29 [19200/60000 (32%)]	Loss: 0.600976
Train Epoch: 29 [25600/60000 (43%)]	Loss: 0.471435
Train Epoch: 29 [32000/60000 (53%)]	Loss: 0.625401
Train Epoch: 29 [38400/60000 (64%)]	Loss: 0.565506
Train Epoch: 29 [44800/60000 (75%)]	Loss: 0.662316
Train Epoch: 29 [51200/60000 (85%)]	Loss: 0.461299
Train Epoch: 29 [57600/60000 (96%)]	Loss: 0.753809

Test set: Average loss: 0.5180, Accuracy: 8848/10000 (88%)

Train Epoch: 30 [0/60000 (0%)]	Loss: 0.438524
Train Epoch: 30 [6400/60000 (11%)]	Loss: 0.602018
Train Epoch: 30 [12800/60000 (21%)]	Loss: 0.414534
Train Epoch: 30 [19200/60000 (32%)]	Loss: 0.570566
Train Epoch: 30 [25600/60000 (43%)]	Loss: 0.522636
Train Epoch: 30 [32000/60000 (53%)]	Loss: 0.595613
Train Epoch: 30 [38400/60000 (64%)]	Loss: 0.506192
Train Epoch: 30 [44800/60000 (75%)]	Loss: 0.474547
Train Epoch: 30 [51200/60000 (85%)]	Loss: 0.507624
Train Epoch: 30 [57600/60000 (96%)]	Loss: 0.526484

Test set: Average loss: 0.5179, Accuracy: 8860/10000 (89%)

Train Epoch: 31 [0/60000 (0%)]	Loss: 0.457097
Train Epoch: 31 [6400/60000 (11%)]	Loss: 0.552083
Train Epoch: 31 [12800/60000 (21%)]	Loss: 0.453407
Train Epoch: 31 [19200/60000 (32%)]	Loss: 0.421209
Train Epoch: 31 [25600/60000 (43%)]	Loss: 0.514590
Train Epoch: 31 [32000/60000 (53%)]	Loss: 0.474021
Train Epoch: 31 [38400/60000 (64%)]	Loss: 0.751390
Train Epoch: 31 [44800/60000 (75%)]	Loss: 0.547332
Train Epoch: 31 [51200/60000 (85%)]	Loss: 0.633815
Train Epoch: 31 [57600/60000 (96%)]	Loss: 0.488274

Test set: Average loss: 0.5175, Accuracy: 8848/10000 (88%)

Train Epoch: 32 [0/60000 (0%)]	Loss: 0.716166
Train Epoch: 32 [6400/60000 (11%)]	Loss: 0.467482
Train Epoch: 32 [12800/60000 (21%)]	Loss: 0.474419
Train Epoch: 32 [19200/60000 (32%)]	Loss: 0.596207
Train Epoch: 32 [25600/60000 (43%)]	Loss: 0.592358
Train Epoch: 32 [32000/60000 (53%)]	Loss: 0.474147
Train Epoch: 32 [38400/60000 (64%)]	Loss: 0.583941
Train Epoch: 32 [44800/60000 (75%)]	Loss: 0.626567
Train Epoch: 32 [51200/60000 (85%)]	Loss: 0.552567
Train Epoch: 32 [57600/60000 (96%)]	Loss: 0.430463

Test set: Average loss: 0.5165, Accuracy: 8854/10000 (89%)

Train Epoch: 33 [0/60000 (0%)]	Loss: 0.538510
Train Epoch: 33 [6400/60000 (11%)]	Loss: 0.571374
Train Epoch: 33 [12800/60000 (21%)]	Loss: 0.568371
Train Epoch: 33 [19200/60000 (32%)]	Loss: 0.415256
Train Epoch: 33 [25600/60000 (43%)]	Loss: 0.417175
Train Epoch: 33 [32000/60000 (53%)]	Loss: 0.509059
Train Epoch: 33 [38400/60000 (64%)]	Loss: 0.428414
Train Epoch: 33 [44800/60000 (75%)]	Loss: 0.540301
Train Epoch: 33 [51200/60000 (85%)]	Loss: 0.589882
Train Epoch: 33 [57600/60000 (96%)]	Loss: 0.429149

Test set: Average loss: 0.5144, Accuracy: 8850/10000 (88%)

Train Epoch: 34 [0/60000 (0%)]	Loss: 0.513099
Train Epoch: 34 [6400/60000 (11%)]	Loss: 0.621110
Train Epoch: 34 [12800/60000 (21%)]	Loss: 0.637577
Train Epoch: 34 [19200/60000 (32%)]	Loss: 0.522304
Train Epoch: 34 [25600/60000 (43%)]	Loss: 0.400256
Train Epoch: 34 [32000/60000 (53%)]	Loss: 0.527443
Train Epoch: 34 [38400/60000 (64%)]	Loss: 0.611321
Train Epoch: 34 [44800/60000 (75%)]	Loss: 0.532364
Train Epoch: 34 [51200/60000 (85%)]	Loss: 0.466104
Train Epoch: 34 [57600/60000 (96%)]	Loss: 0.583833

Test set: Average loss: 0.5155, Accuracy: 8859/10000 (89%)

Train Epoch: 35 [0/60000 (0%)]	Loss: 0.662361
Train Epoch: 35 [6400/60000 (11%)]	Loss: 0.527119
Train Epoch: 35 [12800/60000 (21%)]	Loss: 0.599263
Train Epoch: 35 [19200/60000 (32%)]	Loss: 0.630494
Train Epoch: 35 [25600/60000 (43%)]	Loss: 0.497299
Train Epoch: 35 [32000/60000 (53%)]	Loss: 0.609128
Train Epoch: 35 [38400/60000 (64%)]	Loss: 0.509978
Train Epoch: 35 [44800/60000 (75%)]	Loss: 0.577765
Train Epoch: 35 [51200/60000 (85%)]	Loss: 0.553174
Train Epoch: 35 [57600/60000 (96%)]	Loss: 0.484769

Test set: Average loss: 0.5158, Accuracy: 8867/10000 (89%)

Train Epoch: 36 [0/60000 (0%)]	Loss: 0.374999
Train Epoch: 36 [6400/60000 (11%)]	Loss: 0.528831
Train Epoch: 36 [12800/60000 (21%)]	Loss: 0.657202
Train Epoch: 36 [19200/60000 (32%)]	Loss: 0.588025
Train Epoch: 36 [25600/60000 (43%)]	Loss: 0.415613
Train Epoch: 36 [32000/60000 (53%)]	Loss: 0.520488
Train Epoch: 36 [38400/60000 (64%)]	Loss: 0.470155
Train Epoch: 36 [44800/60000 (75%)]	Loss: 0.506058
Train Epoch: 36 [51200/60000 (85%)]	Loss: 0.560777
Train Epoch: 36 [57600/60000 (96%)]	Loss: 0.404251

Test set: Average loss: 0.5171, Accuracy: 8864/10000 (89%)

Train Epoch: 37 [0/60000 (0%)]	Loss: 0.433114
Train Epoch: 37 [6400/60000 (11%)]	Loss: 0.467688
Train Epoch: 37 [12800/60000 (21%)]	Loss: 0.565273
Train Epoch: 37 [19200/60000 (32%)]	Loss: 0.497809
Train Epoch: 37 [25600/60000 (43%)]	Loss: 0.525004
Train Epoch: 37 [32000/60000 (53%)]	Loss: 0.531672
Train Epoch: 37 [38400/60000 (64%)]	Loss: 0.501432
Train Epoch: 37 [44800/60000 (75%)]	Loss: 0.413438
Train Epoch: 37 [51200/60000 (85%)]	Loss: 0.558912
Train Epoch: 37 [57600/60000 (96%)]	Loss: 0.446193

Test set: Average loss: 0.5157, Accuracy: 8861/10000 (89%)

Train Epoch: 38 [0/60000 (0%)]	Loss: 0.602936
Train Epoch: 38 [6400/60000 (11%)]	Loss: 0.351423
Train Epoch: 38 [12800/60000 (21%)]	Loss: 0.504339
Train Epoch: 38 [19200/60000 (32%)]	Loss: 0.433689
Train Epoch: 38 [25600/60000 (43%)]	Loss: 0.462133
Train Epoch: 38 [32000/60000 (53%)]	Loss: 0.578774
Train Epoch: 38 [38400/60000 (64%)]	Loss: 0.550377
Train Epoch: 38 [44800/60000 (75%)]	Loss: 0.477823
Train Epoch: 38 [51200/60000 (85%)]	Loss: 0.506314
Train Epoch: 38 [57600/60000 (96%)]	Loss: 0.405340

Test set: Average loss: 0.5133, Accuracy: 8847/10000 (88%)

Train Epoch: 39 [0/60000 (0%)]	Loss: 0.608161
Train Epoch: 39 [6400/60000 (11%)]	Loss: 0.617410
Train Epoch: 39 [12800/60000 (21%)]	Loss: 0.609810
Train Epoch: 39 [19200/60000 (32%)]	Loss: 0.499583
Train Epoch: 39 [25600/60000 (43%)]	Loss: 0.505220
Train Epoch: 39 [32000/60000 (53%)]	Loss: 0.524113
Train Epoch: 39 [38400/60000 (64%)]	Loss: 0.433048
Train Epoch: 39 [44800/60000 (75%)]	Loss: 0.650353
Train Epoch: 39 [51200/60000 (85%)]	Loss: 0.732578
Train Epoch: 39 [57600/60000 (96%)]	Loss: 0.472453

Test set: Average loss: 0.5152, Accuracy: 8849/10000 (88%)

Train Epoch: 40 [0/60000 (0%)]	Loss: 0.519331
Train Epoch: 40 [6400/60000 (11%)]	Loss: 0.496312
Train Epoch: 40 [12800/60000 (21%)]	Loss: 0.517619
Train Epoch: 40 [19200/60000 (32%)]	Loss: 0.511015
Train Epoch: 40 [25600/60000 (43%)]	Loss: 0.545836
Train Epoch: 40 [32000/60000 (53%)]	Loss: 0.502025
Train Epoch: 40 [38400/60000 (64%)]	Loss: 0.394763
Train Epoch: 40 [44800/60000 (75%)]	Loss: 0.708877
Train Epoch: 40 [51200/60000 (85%)]	Loss: 0.531983
Train Epoch: 40 [57600/60000 (96%)]	Loss: 0.487538

Test set: Average loss: 0.5136, Accuracy: 8846/10000 (88%)

Train Epoch: 41 [0/60000 (0%)]	Loss: 0.586850
Train Epoch: 41 [6400/60000 (11%)]	Loss: 0.404009
Train Epoch: 41 [12800/60000 (21%)]	Loss: 0.533355
Train Epoch: 41 [19200/60000 (32%)]	Loss: 0.479723
Train Epoch: 41 [25600/60000 (43%)]	Loss: 0.408806
Train Epoch: 41 [32000/60000 (53%)]	Loss: 0.500244
Train Epoch: 41 [38400/60000 (64%)]	Loss: 0.470209
Train Epoch: 41 [44800/60000 (75%)]	Loss: 0.430336
Train Epoch: 41 [51200/60000 (85%)]	Loss: 0.469355
Train Epoch: 41 [57600/60000 (96%)]	Loss: 0.471157

Test set: Average loss: 0.5152, Accuracy: 8852/10000 (89%)

Train Epoch: 42 [0/60000 (0%)]	Loss: 0.417766
Train Epoch: 42 [6400/60000 (11%)]	Loss: 0.626254
Train Epoch: 42 [12800/60000 (21%)]	Loss: 0.495108
Train Epoch: 42 [19200/60000 (32%)]	Loss: 0.505762
Train Epoch: 42 [25600/60000 (43%)]	Loss: 0.544475
Train Epoch: 42 [32000/60000 (53%)]	Loss: 0.674004
Train Epoch: 42 [38400/60000 (64%)]	Loss: 0.567201
Train Epoch: 42 [44800/60000 (75%)]	Loss: 0.526961
Train Epoch: 42 [51200/60000 (85%)]	Loss: 0.635666
Train Epoch: 42 [57600/60000 (96%)]	Loss: 0.477957

Test set: Average loss: 0.5134, Accuracy: 8857/10000 (89%)

Train Epoch: 43 [0/60000 (0%)]	Loss: 0.517051
Train Epoch: 43 [6400/60000 (11%)]	Loss: 0.452178
Train Epoch: 43 [12800/60000 (21%)]	Loss: 0.533310
Train Epoch: 43 [19200/60000 (32%)]	Loss: 0.559961
Train Epoch: 43 [25600/60000 (43%)]	Loss: 0.580515
Train Epoch: 43 [32000/60000 (53%)]	Loss: 0.596431
Train Epoch: 43 [38400/60000 (64%)]	Loss: 0.545291
Train Epoch: 43 [44800/60000 (75%)]	Loss: 0.574866
Train Epoch: 43 [51200/60000 (85%)]	Loss: 0.391178
Train Epoch: 43 [57600/60000 (96%)]	Loss: 0.588243

Test set: Average loss: 0.5151, Accuracy: 8863/10000 (89%)

Train Epoch: 44 [0/60000 (0%)]	Loss: 0.544684
Train Epoch: 44 [6400/60000 (11%)]	Loss: 0.549273
Train Epoch: 44 [12800/60000 (21%)]	Loss: 0.401526
Train Epoch: 44 [19200/60000 (32%)]	Loss: 0.470329
Train Epoch: 44 [25600/60000 (43%)]	Loss: 0.492807
Train Epoch: 44 [32000/60000 (53%)]	Loss: 0.535787
Train Epoch: 44 [38400/60000 (64%)]	Loss: 0.407855
Train Epoch: 44 [44800/60000 (75%)]	Loss: 0.494086
Train Epoch: 44 [51200/60000 (85%)]	Loss: 0.582244
Train Epoch: 44 [57600/60000 (96%)]	Loss: 0.540647

Test set: Average loss: 0.5140, Accuracy: 8857/10000 (89%)

Train Epoch: 45 [0/60000 (0%)]	Loss: 0.644713
Train Epoch: 45 [6400/60000 (11%)]	Loss: 0.639614
Train Epoch: 45 [12800/60000 (21%)]	Loss: 0.572838
Train Epoch: 45 [19200/60000 (32%)]	Loss: 0.500676
Train Epoch: 45 [25600/60000 (43%)]	Loss: 0.533086
Train Epoch: 45 [32000/60000 (53%)]	Loss: 0.494243
Train Epoch: 45 [38400/60000 (64%)]	Loss: 0.649997
Train Epoch: 45 [44800/60000 (75%)]	Loss: 0.628431
Train Epoch: 45 [51200/60000 (85%)]	Loss: 0.510741
Train Epoch: 45 [57600/60000 (96%)]	Loss: 0.518743

Test set: Average loss: 0.5146, Accuracy: 8875/10000 (89%)

Train Epoch: 46 [0/60000 (0%)]	Loss: 0.505856
Train Epoch: 46 [6400/60000 (11%)]	Loss: 0.485612
Train Epoch: 46 [12800/60000 (21%)]	Loss: 0.520094
Train Epoch: 46 [19200/60000 (32%)]	Loss: 0.503367
Train Epoch: 46 [25600/60000 (43%)]	Loss: 0.479773
Train Epoch: 46 [32000/60000 (53%)]	Loss: 0.568271
Train Epoch: 46 [38400/60000 (64%)]	Loss: 0.577740
Train Epoch: 46 [44800/60000 (75%)]	Loss: 0.469912
Train Epoch: 46 [51200/60000 (85%)]	Loss: 0.372709
Train Epoch: 46 [57600/60000 (96%)]	Loss: 0.593300

Test set: Average loss: 0.5134, Accuracy: 8853/10000 (89%)

Train Epoch: 47 [0/60000 (0%)]	Loss: 0.536305
Train Epoch: 47 [6400/60000 (11%)]	Loss: 0.599980
Train Epoch: 47 [12800/60000 (21%)]	Loss: 0.505143
Train Epoch: 47 [19200/60000 (32%)]	Loss: 0.740896
Train Epoch: 47 [25600/60000 (43%)]	Loss: 0.450357
Train Epoch: 47 [32000/60000 (53%)]	Loss: 0.706755
Train Epoch: 47 [38400/60000 (64%)]	Loss: 0.510057
Train Epoch: 47 [44800/60000 (75%)]	Loss: 0.517918
Train Epoch: 47 [51200/60000 (85%)]	Loss: 0.735363
Train Epoch: 47 [57600/60000 (96%)]	Loss: 0.466941

Test set: Average loss: 0.5168, Accuracy: 8857/10000 (89%)

Train Epoch: 48 [0/60000 (0%)]	Loss: 0.549525
Train Epoch: 48 [6400/60000 (11%)]	Loss: 0.548994
Train Epoch: 48 [12800/60000 (21%)]	Loss: 0.634611
Train Epoch: 48 [19200/60000 (32%)]	Loss: 0.558657
Train Epoch: 48 [25600/60000 (43%)]	Loss: 0.555532
Train Epoch: 48 [32000/60000 (53%)]	Loss: 0.425454
Train Epoch: 48 [38400/60000 (64%)]	Loss: 0.597683
Train Epoch: 48 [44800/60000 (75%)]	Loss: 0.552772
Train Epoch: 48 [51200/60000 (85%)]	Loss: 0.475961
Train Epoch: 48 [57600/60000 (96%)]	Loss: 0.624402

Test set: Average loss: 0.5149, Accuracy: 8865/10000 (89%)

Train Epoch: 49 [0/60000 (0%)]	Loss: 0.552028
Train Epoch: 49 [6400/60000 (11%)]	Loss: 0.587268
Train Epoch: 49 [12800/60000 (21%)]	Loss: 0.455766
Train Epoch: 49 [19200/60000 (32%)]	Loss: 0.417772
Train Epoch: 49 [25600/60000 (43%)]	Loss: 0.489308
Train Epoch: 49 [32000/60000 (53%)]	Loss: 0.578339
Train Epoch: 49 [38400/60000 (64%)]	Loss: 0.533503
Train Epoch: 49 [44800/60000 (75%)]	Loss: 0.581130
Train Epoch: 49 [51200/60000 (85%)]	Loss: 0.544143
Train Epoch: 49 [57600/60000 (96%)]	Loss: 0.562352

Test set: Average loss: 0.5137, Accuracy: 8856/10000 (89%)

Train Epoch: 50 [0/60000 (0%)]	Loss: 0.491729
Train Epoch: 50 [6400/60000 (11%)]	Loss: 0.620670
Train Epoch: 50 [12800/60000 (21%)]	Loss: 0.599395
Train Epoch: 50 [19200/60000 (32%)]	Loss: 0.418859
Train Epoch: 50 [25600/60000 (43%)]	Loss: 0.478111
Train Epoch: 50 [32000/60000 (53%)]	Loss: 0.396167
Train Epoch: 50 [38400/60000 (64%)]	Loss: 0.521255
Train Epoch: 50 [44800/60000 (75%)]	Loss: 0.499766
Train Epoch: 50 [51200/60000 (85%)]	Loss: 0.408144
Train Epoch: 50 [57600/60000 (96%)]	Loss: 0.650248

Test set: Average loss: 0.5121, Accuracy: 8873/10000 (89%)

Namespace(batch_size=64, bias=None, data='../data', device=0, epochs=50, hidden_size=500, load_weights=None, log_interval=100, lr=0.1, milestones=[5, 7], model='prunefc4', momentum=0.9, no_cuda=False, r=5, save_model=None, save_results=True, scheduler='cosine', seed=1, sparsity=0.99, use_relu=False, wd=0.0005)


Total time spent pruning/training: 16.35 minutes
Total number of parameters in model: 4496508
Number of parameters in pruned model: 44965
