Namespace(batch_size=64, bias=None, data='../data', device=1, epochs=11, hidden_size=500, load_weights=None, log_interval=100, lr=0.1, model='widefc4', momentum=0.9, no_cuda=False, r=5, save_model=None, save_results=True, seed=1, sparsity=0.1, use_relu=False, wd=0.0005) 

Pruning a Wide Four-Layer Fully Connected network ...
Train Epoch: 1 [6336/60000 (11%)]	Loss: 0.394193
Train Epoch: 1 [12736/60000 (21%)]	Loss: 0.104627
Train Epoch: 1 [19136/60000 (32%)]	Loss: 0.351914
Train Epoch: 1 [25536/60000 (43%)]	Loss: 0.167223
Train Epoch: 1 [31936/60000 (53%)]	Loss: 0.212197
Train Epoch: 1 [38336/60000 (64%)]	Loss: 0.305658
Train Epoch: 1 [44736/60000 (75%)]	Loss: 0.063929
Train Epoch: 1 [51136/60000 (85%)]	Loss: 0.110521
Train Epoch: 1 [57536/60000 (96%)]	Loss: 0.073956

Test set: Average loss: 0.1394, Accuracy: 9546/10000 (95%)

Train Epoch: 2 [6336/60000 (11%)]	Loss: 0.050143
Train Epoch: 2 [12736/60000 (21%)]	Loss: 0.085672
Train Epoch: 2 [19136/60000 (32%)]	Loss: 0.124228
Train Epoch: 2 [25536/60000 (43%)]	Loss: 0.109206
Train Epoch: 2 [31936/60000 (53%)]	Loss: 0.208732
Train Epoch: 2 [38336/60000 (64%)]	Loss: 0.117024
Train Epoch: 2 [44736/60000 (75%)]	Loss: 0.280722
Train Epoch: 2 [51136/60000 (85%)]	Loss: 0.087341
Train Epoch: 2 [57536/60000 (96%)]	Loss: 0.034212

Test set: Average loss: 0.1525, Accuracy: 9483/10000 (95%)

Train Epoch: 3 [6336/60000 (11%)]	Loss: 0.083783
Train Epoch: 3 [12736/60000 (21%)]	Loss: 0.070198
Train Epoch: 3 [19136/60000 (32%)]	Loss: 0.181111
Train Epoch: 3 [25536/60000 (43%)]	Loss: 0.072849
Train Epoch: 3 [31936/60000 (53%)]	Loss: 0.119861
Train Epoch: 3 [38336/60000 (64%)]	Loss: 0.029818
Train Epoch: 3 [44736/60000 (75%)]	Loss: 0.034478
Train Epoch: 3 [51136/60000 (85%)]	Loss: 0.058280
Train Epoch: 3 [57536/60000 (96%)]	Loss: 0.074115

Test set: Average loss: 0.1276, Accuracy: 9610/10000 (96%)

Train Epoch: 4 [6336/60000 (11%)]	Loss: 0.067632
Train Epoch: 4 [12736/60000 (21%)]	Loss: 0.090838
Train Epoch: 4 [19136/60000 (32%)]	Loss: 0.029161
Train Epoch: 4 [25536/60000 (43%)]	Loss: 0.247087
Train Epoch: 4 [31936/60000 (53%)]	Loss: 0.074675
Train Epoch: 4 [38336/60000 (64%)]	Loss: 0.128120
Train Epoch: 4 [44736/60000 (75%)]	Loss: 0.155447
Train Epoch: 4 [51136/60000 (85%)]	Loss: 0.150177
Train Epoch: 4 [57536/60000 (96%)]	Loss: 0.114600

Test set: Average loss: 0.1432, Accuracy: 9536/10000 (95%)

Train Epoch: 5 [6336/60000 (11%)]	Loss: 0.157987
Train Epoch: 5 [12736/60000 (21%)]	Loss: 0.066904
Train Epoch: 5 [19136/60000 (32%)]	Loss: 0.039872
Train Epoch: 5 [25536/60000 (43%)]	Loss: 0.149194
Train Epoch: 5 [31936/60000 (53%)]	Loss: 0.041359
Train Epoch: 5 [38336/60000 (64%)]	Loss: 0.040108
Train Epoch: 5 [44736/60000 (75%)]	Loss: 0.253453
Train Epoch: 5 [51136/60000 (85%)]	Loss: 0.083979
Train Epoch: 5 [57536/60000 (96%)]	Loss: 0.377067

Test set: Average loss: 0.1267, Accuracy: 9591/10000 (96%)

Train Epoch: 6 [6336/60000 (11%)]	Loss: 0.083462
Train Epoch: 6 [12736/60000 (21%)]	Loss: 0.043829
Train Epoch: 6 [19136/60000 (32%)]	Loss: 0.117827
Train Epoch: 6 [25536/60000 (43%)]	Loss: 0.154092
Train Epoch: 6 [31936/60000 (53%)]	Loss: 0.129878
Train Epoch: 6 [38336/60000 (64%)]	Loss: 0.115266
Train Epoch: 6 [44736/60000 (75%)]	Loss: 0.123683
Train Epoch: 6 [51136/60000 (85%)]	Loss: 0.141842
Train Epoch: 6 [57536/60000 (96%)]	Loss: 0.095270

Test set: Average loss: 0.1335, Accuracy: 9594/10000 (96%)

Train Epoch: 7 [6336/60000 (11%)]	Loss: 0.116204
Train Epoch: 7 [12736/60000 (21%)]	Loss: 0.033931
Train Epoch: 7 [19136/60000 (32%)]	Loss: 0.056543
Train Epoch: 7 [25536/60000 (43%)]	Loss: 0.043116
Train Epoch: 7 [31936/60000 (53%)]	Loss: 0.058962
Train Epoch: 7 [38336/60000 (64%)]	Loss: 0.174473
Train Epoch: 7 [44736/60000 (75%)]	Loss: 0.086274
Train Epoch: 7 [51136/60000 (85%)]	Loss: 0.205142
Train Epoch: 7 [57536/60000 (96%)]	Loss: 0.073015

Test set: Average loss: 0.1391, Accuracy: 9566/10000 (96%)

Train Epoch: 8 [6336/60000 (11%)]	Loss: 0.145987
Train Epoch: 8 [12736/60000 (21%)]	Loss: 0.039578
Train Epoch: 8 [19136/60000 (32%)]	Loss: 0.073019
Train Epoch: 8 [25536/60000 (43%)]	Loss: 0.085578
Train Epoch: 8 [31936/60000 (53%)]	Loss: 0.057285
Train Epoch: 8 [38336/60000 (64%)]	Loss: 0.094120
Train Epoch: 8 [44736/60000 (75%)]	Loss: 0.020762
Train Epoch: 8 [51136/60000 (85%)]	Loss: 0.125776
Train Epoch: 8 [57536/60000 (96%)]	Loss: 0.098774

Test set: Average loss: 0.0958, Accuracy: 9691/10000 (97%)

Train Epoch: 9 [6336/60000 (11%)]	Loss: 0.053005
Train Epoch: 9 [12736/60000 (21%)]	Loss: 0.020957
Train Epoch: 9 [19136/60000 (32%)]	Loss: 0.066038
Train Epoch: 9 [25536/60000 (43%)]	Loss: 0.115179
Train Epoch: 9 [31936/60000 (53%)]	Loss: 0.073338
Train Epoch: 9 [38336/60000 (64%)]	Loss: 0.041542
Train Epoch: 9 [44736/60000 (75%)]	Loss: 0.025134
Train Epoch: 9 [51136/60000 (85%)]	Loss: 0.107740
Train Epoch: 9 [57536/60000 (96%)]	Loss: 0.144106

Test set: Average loss: 0.0994, Accuracy: 9684/10000 (97%)

Train Epoch: 10 [6336/60000 (11%)]	Loss: 0.008379
Train Epoch: 10 [12736/60000 (21%)]	Loss: 0.019797
Train Epoch: 10 [19136/60000 (32%)]	Loss: 0.014394
Train Epoch: 10 [25536/60000 (43%)]	Loss: 0.011888
Train Epoch: 10 [31936/60000 (53%)]	Loss: 0.129997
Train Epoch: 10 [38336/60000 (64%)]	Loss: 0.015037
Train Epoch: 10 [44736/60000 (75%)]	Loss: 0.011656
Train Epoch: 10 [51136/60000 (85%)]	Loss: 0.033103
Train Epoch: 10 [57536/60000 (96%)]	Loss: 0.057454

Test set: Average loss: 0.0563, Accuracy: 9815/10000 (98%)

Train Epoch: 11 [6336/60000 (11%)]	Loss: 0.008595
Train Epoch: 11 [12736/60000 (21%)]	Loss: 0.009004
Train Epoch: 11 [19136/60000 (32%)]	Loss: 0.003312
Train Epoch: 11 [25536/60000 (43%)]	Loss: 0.001419
Train Epoch: 11 [31936/60000 (53%)]	Loss: 0.002589
Train Epoch: 11 [38336/60000 (64%)]	Loss: 0.003700
Train Epoch: 11 [44736/60000 (75%)]	Loss: 0.001745
Train Epoch: 11 [51136/60000 (85%)]	Loss: 0.003993
Train Epoch: 11 [57536/60000 (96%)]	Loss: 0.001874

Test set: Average loss: 0.0492, Accuracy: 9844/10000 (98%)

Namespace(batch_size=64, bias=None, data='../data', device=1, epochs=11, hidden_size=500, load_weights=None, log_interval=100, lr=0.1, model='widefc4', momentum=0.9, no_cuda=False, r=5, save_model=None, save_results=True, seed=1, sparsity=0.1, use_relu=False, wd=0.0005)


Total time spent pruning/training: 1.96 minutes
Total number of parameters in model: 4496508
Number of parameters in pruned model: 4046857
