Namespace(batch_size=64, bias=None, data='../data', device=1, epochs=17, hidden_size=500, load_weights=None, log_interval=100, lr=0.1, model='widefc4', momentum=0.9, no_cuda=False, r=5, save_model=None, save_results=True, seed=1, sparsity=0.5, use_relu=False, wd=0.0005) 

Pruning a Wide Four-Layer Fully Connected network ...
Train Epoch: 1 [6336/60000 (11%)]	Loss: 0.499110
Train Epoch: 1 [12736/60000 (21%)]	Loss: 0.159885
Train Epoch: 1 [19136/60000 (32%)]	Loss: 0.386934
Train Epoch: 1 [25536/60000 (43%)]	Loss: 0.228791
Train Epoch: 1 [31936/60000 (53%)]	Loss: 0.265494
Train Epoch: 1 [38336/60000 (64%)]	Loss: 0.294636
Train Epoch: 1 [44736/60000 (75%)]	Loss: 0.070511
Train Epoch: 1 [51136/60000 (85%)]	Loss: 0.133597
Train Epoch: 1 [57536/60000 (96%)]	Loss: 0.081535

Test set: Average loss: 0.1238, Accuracy: 9620/10000 (96%)

Train Epoch: 2 [6336/60000 (11%)]	Loss: 0.051041
Train Epoch: 2 [12736/60000 (21%)]	Loss: 0.121056
Train Epoch: 2 [19136/60000 (32%)]	Loss: 0.118307
Train Epoch: 2 [25536/60000 (43%)]	Loss: 0.082438
Train Epoch: 2 [31936/60000 (53%)]	Loss: 0.202868
Train Epoch: 2 [38336/60000 (64%)]	Loss: 0.129655
Train Epoch: 2 [44736/60000 (75%)]	Loss: 0.228862
Train Epoch: 2 [51136/60000 (85%)]	Loss: 0.130154
Train Epoch: 2 [57536/60000 (96%)]	Loss: 0.020464

Test set: Average loss: 0.1142, Accuracy: 9633/10000 (96%)

Train Epoch: 3 [6336/60000 (11%)]	Loss: 0.056756
Train Epoch: 3 [12736/60000 (21%)]	Loss: 0.066120
Train Epoch: 3 [19136/60000 (32%)]	Loss: 0.171103
Train Epoch: 3 [25536/60000 (43%)]	Loss: 0.060583
Train Epoch: 3 [31936/60000 (53%)]	Loss: 0.052787
Train Epoch: 3 [38336/60000 (64%)]	Loss: 0.062810
Train Epoch: 3 [44736/60000 (75%)]	Loss: 0.020967
Train Epoch: 3 [51136/60000 (85%)]	Loss: 0.037116
Train Epoch: 3 [57536/60000 (96%)]	Loss: 0.069026

Test set: Average loss: 0.0890, Accuracy: 9716/10000 (97%)

Train Epoch: 4 [6336/60000 (11%)]	Loss: 0.033785
Train Epoch: 4 [12736/60000 (21%)]	Loss: 0.041832
Train Epoch: 4 [19136/60000 (32%)]	Loss: 0.016162
Train Epoch: 4 [25536/60000 (43%)]	Loss: 0.119507
Train Epoch: 4 [31936/60000 (53%)]	Loss: 0.074087
Train Epoch: 4 [38336/60000 (64%)]	Loss: 0.202000
Train Epoch: 4 [44736/60000 (75%)]	Loss: 0.108274
Train Epoch: 4 [51136/60000 (85%)]	Loss: 0.070177
Train Epoch: 4 [57536/60000 (96%)]	Loss: 0.135632

Test set: Average loss: 0.1017, Accuracy: 9692/10000 (97%)

Train Epoch: 5 [6336/60000 (11%)]	Loss: 0.144154
Train Epoch: 5 [12736/60000 (21%)]	Loss: 0.065182
Train Epoch: 5 [19136/60000 (32%)]	Loss: 0.018545
Train Epoch: 5 [25536/60000 (43%)]	Loss: 0.159216
Train Epoch: 5 [31936/60000 (53%)]	Loss: 0.049934
Train Epoch: 5 [38336/60000 (64%)]	Loss: 0.016881
Train Epoch: 5 [44736/60000 (75%)]	Loss: 0.262661
Train Epoch: 5 [51136/60000 (85%)]	Loss: 0.110471
Train Epoch: 5 [57536/60000 (96%)]	Loss: 0.347891

Test set: Average loss: 0.1047, Accuracy: 9657/10000 (97%)

Train Epoch: 6 [6336/60000 (11%)]	Loss: 0.045318
Train Epoch: 6 [12736/60000 (21%)]	Loss: 0.015542
Train Epoch: 6 [19136/60000 (32%)]	Loss: 0.107601
Train Epoch: 6 [25536/60000 (43%)]	Loss: 0.025440
Train Epoch: 6 [31936/60000 (53%)]	Loss: 0.157565
Train Epoch: 6 [38336/60000 (64%)]	Loss: 0.059923
Train Epoch: 6 [44736/60000 (75%)]	Loss: 0.046246
Train Epoch: 6 [51136/60000 (85%)]	Loss: 0.093002
Train Epoch: 6 [57536/60000 (96%)]	Loss: 0.069257

Test set: Average loss: 0.1119, Accuracy: 9643/10000 (96%)

Train Epoch: 7 [6336/60000 (11%)]	Loss: 0.055273
Train Epoch: 7 [12736/60000 (21%)]	Loss: 0.134141
Train Epoch: 7 [19136/60000 (32%)]	Loss: 0.037951
Train Epoch: 7 [25536/60000 (43%)]	Loss: 0.031148
Train Epoch: 7 [31936/60000 (53%)]	Loss: 0.036676
Train Epoch: 7 [38336/60000 (64%)]	Loss: 0.068186
Train Epoch: 7 [44736/60000 (75%)]	Loss: 0.051714
Train Epoch: 7 [51136/60000 (85%)]	Loss: 0.253732
Train Epoch: 7 [57536/60000 (96%)]	Loss: 0.078170

Test set: Average loss: 0.1133, Accuracy: 9633/10000 (96%)

Train Epoch: 8 [6336/60000 (11%)]	Loss: 0.238776
Train Epoch: 8 [12736/60000 (21%)]	Loss: 0.034949
Train Epoch: 8 [19136/60000 (32%)]	Loss: 0.083625
Train Epoch: 8 [25536/60000 (43%)]	Loss: 0.191763
Train Epoch: 8 [31936/60000 (53%)]	Loss: 0.036226
Train Epoch: 8 [38336/60000 (64%)]	Loss: 0.071032
Train Epoch: 8 [44736/60000 (75%)]	Loss: 0.009331
Train Epoch: 8 [51136/60000 (85%)]	Loss: 0.104228
Train Epoch: 8 [57536/60000 (96%)]	Loss: 0.085986

Test set: Average loss: 0.1222, Accuracy: 9612/10000 (96%)

Train Epoch: 9 [6336/60000 (11%)]	Loss: 0.036122
Train Epoch: 9 [12736/60000 (21%)]	Loss: 0.039950
Train Epoch: 9 [19136/60000 (32%)]	Loss: 0.132086
Train Epoch: 9 [25536/60000 (43%)]	Loss: 0.169644
Train Epoch: 9 [31936/60000 (53%)]	Loss: 0.081834
Train Epoch: 9 [38336/60000 (64%)]	Loss: 0.205792
Train Epoch: 9 [44736/60000 (75%)]	Loss: 0.037112
Train Epoch: 9 [51136/60000 (85%)]	Loss: 0.097796
Train Epoch: 9 [57536/60000 (96%)]	Loss: 0.068598

Test set: Average loss: 0.1149, Accuracy: 9639/10000 (96%)

Train Epoch: 10 [6336/60000 (11%)]	Loss: 0.016271
Train Epoch: 10 [12736/60000 (21%)]	Loss: 0.120261
Train Epoch: 10 [19136/60000 (32%)]	Loss: 0.065867
Train Epoch: 10 [25536/60000 (43%)]	Loss: 0.045373
Train Epoch: 10 [31936/60000 (53%)]	Loss: 0.252237
Train Epoch: 10 [38336/60000 (64%)]	Loss: 0.039535
Train Epoch: 10 [44736/60000 (75%)]	Loss: 0.062651
Train Epoch: 10 [51136/60000 (85%)]	Loss: 0.125910
Train Epoch: 10 [57536/60000 (96%)]	Loss: 0.167389

Test set: Average loss: 0.1478, Accuracy: 9525/10000 (95%)

Train Epoch: 11 [6336/60000 (11%)]	Loss: 0.017197
Train Epoch: 11 [12736/60000 (21%)]	Loss: 0.035134
Train Epoch: 11 [19136/60000 (32%)]	Loss: 0.067046
Train Epoch: 11 [25536/60000 (43%)]	Loss: 0.023520
Train Epoch: 11 [31936/60000 (53%)]	Loss: 0.181677
Train Epoch: 11 [38336/60000 (64%)]	Loss: 0.041440
Train Epoch: 11 [44736/60000 (75%)]	Loss: 0.127968
Train Epoch: 11 [51136/60000 (85%)]	Loss: 0.128665
Train Epoch: 11 [57536/60000 (96%)]	Loss: 0.015541

Test set: Average loss: 0.1028, Accuracy: 9690/10000 (97%)

Train Epoch: 12 [6336/60000 (11%)]	Loss: 0.070381
Train Epoch: 12 [12736/60000 (21%)]	Loss: 0.024686
Train Epoch: 12 [19136/60000 (32%)]	Loss: 0.020573
Train Epoch: 12 [25536/60000 (43%)]	Loss: 0.003547
Train Epoch: 12 [31936/60000 (53%)]	Loss: 0.003393
Train Epoch: 12 [38336/60000 (64%)]	Loss: 0.101712
Train Epoch: 12 [44736/60000 (75%)]	Loss: 0.053529
Train Epoch: 12 [51136/60000 (85%)]	Loss: 0.121138
Train Epoch: 12 [57536/60000 (96%)]	Loss: 0.051657

Test set: Average loss: 0.0846, Accuracy: 9740/10000 (97%)

Train Epoch: 13 [6336/60000 (11%)]	Loss: 0.005547
Train Epoch: 13 [12736/60000 (21%)]	Loss: 0.003821
Train Epoch: 13 [19136/60000 (32%)]	Loss: 0.018211
Train Epoch: 13 [25536/60000 (43%)]	Loss: 0.029704
Train Epoch: 13 [31936/60000 (53%)]	Loss: 0.012748
Train Epoch: 13 [38336/60000 (64%)]	Loss: 0.006472
Train Epoch: 13 [44736/60000 (75%)]	Loss: 0.001858
Train Epoch: 13 [51136/60000 (85%)]	Loss: 0.052875
Train Epoch: 13 [57536/60000 (96%)]	Loss: 0.012841

Test set: Average loss: 0.0757, Accuracy: 9770/10000 (98%)

Train Epoch: 14 [6336/60000 (11%)]	Loss: 0.001644
Train Epoch: 14 [12736/60000 (21%)]	Loss: 0.006640
Train Epoch: 14 [19136/60000 (32%)]	Loss: 0.001932
Train Epoch: 14 [25536/60000 (43%)]	Loss: 0.004449
Train Epoch: 14 [31936/60000 (53%)]	Loss: 0.008217
Train Epoch: 14 [38336/60000 (64%)]	Loss: 0.022083
Train Epoch: 14 [44736/60000 (75%)]	Loss: 0.040199
Train Epoch: 14 [51136/60000 (85%)]	Loss: 0.001588
Train Epoch: 14 [57536/60000 (96%)]	Loss: 0.002981

Test set: Average loss: 0.0600, Accuracy: 9814/10000 (98%)

Train Epoch: 15 [6336/60000 (11%)]	Loss: 0.001369
Train Epoch: 15 [12736/60000 (21%)]	Loss: 0.000934
Train Epoch: 15 [19136/60000 (32%)]	Loss: 0.004104
Train Epoch: 15 [25536/60000 (43%)]	Loss: 0.001231
Train Epoch: 15 [31936/60000 (53%)]	Loss: 0.003211
Train Epoch: 15 [38336/60000 (64%)]	Loss: 0.000227
Train Epoch: 15 [44736/60000 (75%)]	Loss: 0.002062
Train Epoch: 15 [51136/60000 (85%)]	Loss: 0.004245
Train Epoch: 15 [57536/60000 (96%)]	Loss: 0.032958

Test set: Average loss: 0.0485, Accuracy: 9864/10000 (99%)

Train Epoch: 16 [6336/60000 (11%)]	Loss: 0.000479
Train Epoch: 16 [12736/60000 (21%)]	Loss: 0.000803
Train Epoch: 16 [19136/60000 (32%)]	Loss: 0.000088
Train Epoch: 16 [25536/60000 (43%)]	Loss: 0.000633
Train Epoch: 16 [31936/60000 (53%)]	Loss: 0.000304
Train Epoch: 16 [38336/60000 (64%)]	Loss: 0.000673
Train Epoch: 16 [44736/60000 (75%)]	Loss: 0.001118
Train Epoch: 16 [51136/60000 (85%)]	Loss: 0.000829
Train Epoch: 16 [57536/60000 (96%)]	Loss: 0.000555

Test set: Average loss: 0.0501, Accuracy: 9865/10000 (99%)

Train Epoch: 17 [6336/60000 (11%)]	Loss: 0.000807
Train Epoch: 17 [12736/60000 (21%)]	Loss: 0.000937
Train Epoch: 17 [19136/60000 (32%)]	Loss: 0.000296
Train Epoch: 17 [25536/60000 (43%)]	Loss: 0.000134
Train Epoch: 17 [31936/60000 (53%)]	Loss: 0.001516
Train Epoch: 17 [38336/60000 (64%)]	Loss: 0.000617
Train Epoch: 17 [44736/60000 (75%)]	Loss: 0.000986
Train Epoch: 17 [51136/60000 (85%)]	Loss: 0.000970
Train Epoch: 17 [57536/60000 (96%)]	Loss: 0.000224

Test set: Average loss: 0.0496, Accuracy: 9871/10000 (99%)

Namespace(batch_size=64, bias=None, data='../data', device=1, epochs=17, hidden_size=500, load_weights=None, log_interval=100, lr=0.1, model='widefc4', momentum=0.9, no_cuda=False, r=5, save_model=None, save_results=True, seed=1, sparsity=0.5, use_relu=False, wd=0.0005)


Total time spent pruning/training: 3.02 minutes
Total number of parameters in model: 4496508
Number of parameters in pruned model: 2248254
