Namespace(batch_size=64, bias=None, data='../data', device=1, epochs=13, hidden_size=500, load_weights=None, log_interval=100, lr=0.1, model='widefc4', momentum=0.9, no_cuda=False, r=5, save_model=None, save_results=True, seed=1, sparsity=0.02, use_relu=False, wd=0.0005) 

Pruning a Wide Four-Layer Fully Connected network ...
Train Epoch: 1 [6336/60000 (11%)]	Loss: 0.434348
Train Epoch: 1 [12736/60000 (21%)]	Loss: 0.213677
Train Epoch: 1 [19136/60000 (32%)]	Loss: 0.455440
Train Epoch: 1 [25536/60000 (43%)]	Loss: 0.205159
Train Epoch: 1 [31936/60000 (53%)]	Loss: 0.281525
Train Epoch: 1 [38336/60000 (64%)]	Loss: 0.444896
Train Epoch: 1 [44736/60000 (75%)]	Loss: 0.154133
Train Epoch: 1 [51136/60000 (85%)]	Loss: 0.210653
Train Epoch: 1 [57536/60000 (96%)]	Loss: 0.346843

Test set: Average loss: 0.2798, Accuracy: 9135/10000 (91%)

Train Epoch: 2 [6336/60000 (11%)]	Loss: 0.090905
Train Epoch: 2 [12736/60000 (21%)]	Loss: 0.319218
Train Epoch: 2 [19136/60000 (32%)]	Loss: 0.371879
Train Epoch: 2 [25536/60000 (43%)]	Loss: 0.161395
Train Epoch: 2 [31936/60000 (53%)]	Loss: 0.324381
Train Epoch: 2 [38336/60000 (64%)]	Loss: 0.386590
Train Epoch: 2 [44736/60000 (75%)]	Loss: 0.493131
Train Epoch: 2 [51136/60000 (85%)]	Loss: 0.321666
Train Epoch: 2 [57536/60000 (96%)]	Loss: 0.203209

Test set: Average loss: 0.4333, Accuracy: 8561/10000 (86%)

Train Epoch: 3 [6336/60000 (11%)]	Loss: 0.384275
Train Epoch: 3 [12736/60000 (21%)]	Loss: 0.318891
Train Epoch: 3 [19136/60000 (32%)]	Loss: 0.324543
Train Epoch: 3 [25536/60000 (43%)]	Loss: 0.424670
Train Epoch: 3 [31936/60000 (53%)]	Loss: 0.439692
Train Epoch: 3 [38336/60000 (64%)]	Loss: 0.770125
Train Epoch: 3 [44736/60000 (75%)]	Loss: 0.506253
Train Epoch: 3 [51136/60000 (85%)]	Loss: 0.604493
Train Epoch: 3 [57536/60000 (96%)]	Loss: 0.621295

Test set: Average loss: 0.4375, Accuracy: 8767/10000 (88%)

Train Epoch: 4 [6336/60000 (11%)]	Loss: 1.284256
Train Epoch: 4 [12736/60000 (21%)]	Loss: 0.475653
Train Epoch: 4 [19136/60000 (32%)]	Loss: 0.782802
Train Epoch: 4 [25536/60000 (43%)]	Loss: 0.777964
Train Epoch: 4 [31936/60000 (53%)]	Loss: 0.600781
Train Epoch: 4 [38336/60000 (64%)]	Loss: 0.589921
Train Epoch: 4 [44736/60000 (75%)]	Loss: 0.739701
Train Epoch: 4 [51136/60000 (85%)]	Loss: 0.683014
Train Epoch: 4 [57536/60000 (96%)]	Loss: 0.722682

Test set: Average loss: 0.7940, Accuracy: 7142/10000 (71%)

Train Epoch: 5 [6336/60000 (11%)]	Loss: 0.698894
Train Epoch: 5 [12736/60000 (21%)]	Loss: 0.694267
Train Epoch: 5 [19136/60000 (32%)]	Loss: 0.702853
Train Epoch: 5 [25536/60000 (43%)]	Loss: 0.532843
Train Epoch: 5 [31936/60000 (53%)]	Loss: 0.718852
Train Epoch: 5 [38336/60000 (64%)]	Loss: 0.737476
Train Epoch: 5 [44736/60000 (75%)]	Loss: 0.882338
Train Epoch: 5 [51136/60000 (85%)]	Loss: 0.875127
Train Epoch: 5 [57536/60000 (96%)]	Loss: 1.219211

Test set: Average loss: 0.8331, Accuracy: 7673/10000 (77%)

Train Epoch: 6 [6336/60000 (11%)]	Loss: 0.719495
Train Epoch: 6 [12736/60000 (21%)]	Loss: 0.907469
Train Epoch: 6 [19136/60000 (32%)]	Loss: 1.039561
Train Epoch: 6 [25536/60000 (43%)]	Loss: 0.989272
Train Epoch: 6 [31936/60000 (53%)]	Loss: 0.968652
Train Epoch: 6 [38336/60000 (64%)]	Loss: 0.941351
Train Epoch: 6 [44736/60000 (75%)]	Loss: 1.079268
Train Epoch: 6 [51136/60000 (85%)]	Loss: 0.850508
Train Epoch: 6 [57536/60000 (96%)]	Loss: 0.997196

Test set: Average loss: 1.0174, Accuracy: 6970/10000 (70%)

Train Epoch: 7 [6336/60000 (11%)]	Loss: 1.136473
Train Epoch: 7 [12736/60000 (21%)]	Loss: 1.145972
Train Epoch: 7 [19136/60000 (32%)]	Loss: 1.117758
Train Epoch: 7 [25536/60000 (43%)]	Loss: 1.010339
Train Epoch: 7 [31936/60000 (53%)]	Loss: 1.346465
Train Epoch: 7 [38336/60000 (64%)]	Loss: 1.224301
Train Epoch: 7 [44736/60000 (75%)]	Loss: 1.161443
Train Epoch: 7 [51136/60000 (85%)]	Loss: 1.281336
Train Epoch: 7 [57536/60000 (96%)]	Loss: 1.057585

Test set: Average loss: 1.1816, Accuracy: 6334/10000 (63%)

Train Epoch: 8 [6336/60000 (11%)]	Loss: 0.931532
Train Epoch: 8 [12736/60000 (21%)]	Loss: 1.220823
Train Epoch: 8 [19136/60000 (32%)]	Loss: 1.252028
Train Epoch: 8 [25536/60000 (43%)]	Loss: 1.118669
Train Epoch: 8 [31936/60000 (53%)]	Loss: 1.174752
Train Epoch: 8 [38336/60000 (64%)]	Loss: 1.146590
Train Epoch: 8 [44736/60000 (75%)]	Loss: 1.107921
Train Epoch: 8 [51136/60000 (85%)]	Loss: 1.284128
Train Epoch: 8 [57536/60000 (96%)]	Loss: 1.128660

Test set: Average loss: 1.1913, Accuracy: 6610/10000 (66%)

Train Epoch: 9 [6336/60000 (11%)]	Loss: 1.211158
Train Epoch: 9 [12736/60000 (21%)]	Loss: 1.222082
Train Epoch: 9 [19136/60000 (32%)]	Loss: 1.205791
Train Epoch: 9 [25536/60000 (43%)]	Loss: 1.075572
Train Epoch: 9 [31936/60000 (53%)]	Loss: 1.287954
Train Epoch: 9 [38336/60000 (64%)]	Loss: 1.145555
Train Epoch: 9 [44736/60000 (75%)]	Loss: 1.282447
Train Epoch: 9 [51136/60000 (85%)]	Loss: 1.318601
Train Epoch: 9 [57536/60000 (96%)]	Loss: 1.408244

Test set: Average loss: 1.2919, Accuracy: 5934/10000 (59%)

Train Epoch: 10 [6336/60000 (11%)]	Loss: 1.381842
Train Epoch: 10 [12736/60000 (21%)]	Loss: 1.267011
Train Epoch: 10 [19136/60000 (32%)]	Loss: 1.172372
Train Epoch: 10 [25536/60000 (43%)]	Loss: 1.337649
Train Epoch: 10 [31936/60000 (53%)]	Loss: 1.312096
Train Epoch: 10 [38336/60000 (64%)]	Loss: 1.257660
Train Epoch: 10 [44736/60000 (75%)]	Loss: 1.350209
Train Epoch: 10 [51136/60000 (85%)]	Loss: 1.357482
Train Epoch: 10 [57536/60000 (96%)]	Loss: 1.476485

Test set: Average loss: 1.2746, Accuracy: 6234/10000 (62%)

Train Epoch: 11 [6336/60000 (11%)]	Loss: 1.175353
Train Epoch: 11 [12736/60000 (21%)]	Loss: 1.240875
Train Epoch: 11 [19136/60000 (32%)]	Loss: 1.230742
Train Epoch: 11 [25536/60000 (43%)]	Loss: 1.278306
Train Epoch: 11 [31936/60000 (53%)]	Loss: 1.241820
Train Epoch: 11 [38336/60000 (64%)]	Loss: 1.229871
Train Epoch: 11 [44736/60000 (75%)]	Loss: 1.240116
Train Epoch: 11 [51136/60000 (85%)]	Loss: 1.308692
Train Epoch: 11 [57536/60000 (96%)]	Loss: 1.457470

Test set: Average loss: 1.2909, Accuracy: 6124/10000 (61%)

Train Epoch: 12 [6336/60000 (11%)]	Loss: 1.318098
Train Epoch: 12 [12736/60000 (21%)]	Loss: 1.213255
Train Epoch: 12 [19136/60000 (32%)]	Loss: 1.168437
Train Epoch: 12 [25536/60000 (43%)]	Loss: 1.311858
Train Epoch: 12 [31936/60000 (53%)]	Loss: 1.378361
Train Epoch: 12 [38336/60000 (64%)]	Loss: 1.303802
Train Epoch: 12 [44736/60000 (75%)]	Loss: 1.356714
Train Epoch: 12 [51136/60000 (85%)]	Loss: 1.346873
Train Epoch: 12 [57536/60000 (96%)]	Loss: 1.275954

Test set: Average loss: 1.3369, Accuracy: 5757/10000 (58%)

Train Epoch: 13 [6336/60000 (11%)]	Loss: 1.295107
Train Epoch: 13 [12736/60000 (21%)]	Loss: 1.069539
Train Epoch: 13 [19136/60000 (32%)]	Loss: 1.358389
Train Epoch: 13 [25536/60000 (43%)]	Loss: 1.322308
Train Epoch: 13 [31936/60000 (53%)]	Loss: 1.296629
Train Epoch: 13 [38336/60000 (64%)]	Loss: 1.529780
Train Epoch: 13 [44736/60000 (75%)]	Loss: 1.262669
Train Epoch: 13 [51136/60000 (85%)]	Loss: 1.264810
Train Epoch: 13 [57536/60000 (96%)]	Loss: 1.438945

Test set: Average loss: 1.2990, Accuracy: 6167/10000 (62%)

Namespace(batch_size=64, bias=None, data='../data', device=1, epochs=13, hidden_size=500, load_weights=None, log_interval=100, lr=0.1, model='widefc4', momentum=0.9, no_cuda=False, r=5, save_model=None, save_results=True, seed=1, sparsity=0.02, use_relu=False, wd=0.0005)


Total time spent pruning/training: 2.31 minutes
Total number of parameters in model: 4496508
Number of parameters in pruned model: 4406577
