Namespace(batch_size=64, bias=None, data='../data', device=1, epochs=30, hidden_size=500, load_weights=None, log_interval=100, lr=0.1, milestones=[5, 7], model='prunefc4', momentum=0.9, no_cuda=False, r=5, save_model=None, save_results=True, scheduler='cosine', seed=1, sparsity=0.25, use_relu=False, wd=0.0005) 

Pruning a Four-Layer Fully Connected network ...
Train Epoch: 1 [0/60000 (0%)]	Loss: 2.540152
Train Epoch: 1 [6400/60000 (11%)]	Loss: 0.383014
Train Epoch: 1 [12800/60000 (21%)]	Loss: 0.349382
Train Epoch: 1 [19200/60000 (32%)]	Loss: 0.101011
Train Epoch: 1 [25600/60000 (43%)]	Loss: 0.193004
Train Epoch: 1 [32000/60000 (53%)]	Loss: 0.203313
Train Epoch: 1 [38400/60000 (64%)]	Loss: 0.108660
Train Epoch: 1 [44800/60000 (75%)]	Loss: 0.173324
Train Epoch: 1 [51200/60000 (85%)]	Loss: 0.191992
Train Epoch: 1 [57600/60000 (96%)]	Loss: 0.260619

Test set: Average loss: 0.1134, Accuracy: 9652/10000 (97%)

Train Epoch: 2 [0/60000 (0%)]	Loss: 0.108903
Train Epoch: 2 [6400/60000 (11%)]	Loss: 0.109862
Train Epoch: 2 [12800/60000 (21%)]	Loss: 0.057312
Train Epoch: 2 [19200/60000 (32%)]	Loss: 0.056005
Train Epoch: 2 [25600/60000 (43%)]	Loss: 0.044521
Train Epoch: 2 [32000/60000 (53%)]	Loss: 0.080972
Train Epoch: 2 [38400/60000 (64%)]	Loss: 0.091321
Train Epoch: 2 [44800/60000 (75%)]	Loss: 0.177476
Train Epoch: 2 [51200/60000 (85%)]	Loss: 0.023201
Train Epoch: 2 [57600/60000 (96%)]	Loss: 0.050940

Test set: Average loss: 0.1011, Accuracy: 9667/10000 (97%)

Train Epoch: 3 [0/60000 (0%)]	Loss: 0.080881
Train Epoch: 3 [6400/60000 (11%)]	Loss: 0.029997
Train Epoch: 3 [12800/60000 (21%)]	Loss: 0.066881
Train Epoch: 3 [19200/60000 (32%)]	Loss: 0.074963
Train Epoch: 3 [25600/60000 (43%)]	Loss: 0.082501
Train Epoch: 3 [32000/60000 (53%)]	Loss: 0.039013
Train Epoch: 3 [38400/60000 (64%)]	Loss: 0.083381
Train Epoch: 3 [44800/60000 (75%)]	Loss: 0.113163
Train Epoch: 3 [51200/60000 (85%)]	Loss: 0.049478
Train Epoch: 3 [57600/60000 (96%)]	Loss: 0.162409

Test set: Average loss: 0.1103, Accuracy: 9648/10000 (96%)

Train Epoch: 4 [0/60000 (0%)]	Loss: 0.113703
Train Epoch: 4 [6400/60000 (11%)]	Loss: 0.015061
Train Epoch: 4 [12800/60000 (21%)]	Loss: 0.131270
Train Epoch: 4 [19200/60000 (32%)]	Loss: 0.069981
Train Epoch: 4 [25600/60000 (43%)]	Loss: 0.067135
Train Epoch: 4 [32000/60000 (53%)]	Loss: 0.250292
Train Epoch: 4 [38400/60000 (64%)]	Loss: 0.108362
Train Epoch: 4 [44800/60000 (75%)]	Loss: 0.110880
Train Epoch: 4 [51200/60000 (85%)]	Loss: 0.058652
Train Epoch: 4 [57600/60000 (96%)]	Loss: 0.184470

Test set: Average loss: 0.1153, Accuracy: 9628/10000 (96%)

Train Epoch: 5 [0/60000 (0%)]	Loss: 0.045240
Train Epoch: 5 [6400/60000 (11%)]	Loss: 0.109691
Train Epoch: 5 [12800/60000 (21%)]	Loss: 0.160270
Train Epoch: 5 [19200/60000 (32%)]	Loss: 0.119887
Train Epoch: 5 [25600/60000 (43%)]	Loss: 0.112656
Train Epoch: 5 [32000/60000 (53%)]	Loss: 0.054776
Train Epoch: 5 [38400/60000 (64%)]	Loss: 0.107710
Train Epoch: 5 [44800/60000 (75%)]	Loss: 0.178564
Train Epoch: 5 [51200/60000 (85%)]	Loss: 0.106042
Train Epoch: 5 [57600/60000 (96%)]	Loss: 0.234962

Test set: Average loss: 0.1241, Accuracy: 9593/10000 (96%)

Train Epoch: 6 [0/60000 (0%)]	Loss: 0.081556
Train Epoch: 6 [6400/60000 (11%)]	Loss: 0.112056
Train Epoch: 6 [12800/60000 (21%)]	Loss: 0.038530
Train Epoch: 6 [19200/60000 (32%)]	Loss: 0.154738
Train Epoch: 6 [25600/60000 (43%)]	Loss: 0.057106
Train Epoch: 6 [32000/60000 (53%)]	Loss: 0.085233
Train Epoch: 6 [38400/60000 (64%)]	Loss: 0.080486
Train Epoch: 6 [44800/60000 (75%)]	Loss: 0.023238
Train Epoch: 6 [51200/60000 (85%)]	Loss: 0.067113
Train Epoch: 6 [57600/60000 (96%)]	Loss: 0.134730

Test set: Average loss: 0.1344, Accuracy: 9572/10000 (96%)

Train Epoch: 7 [0/60000 (0%)]	Loss: 0.210450
Train Epoch: 7 [6400/60000 (11%)]	Loss: 0.101079
Train Epoch: 7 [12800/60000 (21%)]	Loss: 0.078159
Train Epoch: 7 [19200/60000 (32%)]	Loss: 0.098422
Train Epoch: 7 [25600/60000 (43%)]	Loss: 0.065027
Train Epoch: 7 [32000/60000 (53%)]	Loss: 0.318919
Train Epoch: 7 [38400/60000 (64%)]	Loss: 0.086905
Train Epoch: 7 [44800/60000 (75%)]	Loss: 0.121495
Train Epoch: 7 [51200/60000 (85%)]	Loss: 0.051974
Train Epoch: 7 [57600/60000 (96%)]	Loss: 0.074089

Test set: Average loss: 0.1729, Accuracy: 9434/10000 (94%)

Train Epoch: 8 [0/60000 (0%)]	Loss: 0.211045
Train Epoch: 8 [6400/60000 (11%)]	Loss: 0.189968
Train Epoch: 8 [12800/60000 (21%)]	Loss: 0.390664
Train Epoch: 8 [19200/60000 (32%)]	Loss: 0.455330
Train Epoch: 8 [25600/60000 (43%)]	Loss: 0.190770
Train Epoch: 8 [32000/60000 (53%)]	Loss: 0.160523
Train Epoch: 8 [38400/60000 (64%)]	Loss: 0.039072
Train Epoch: 8 [44800/60000 (75%)]	Loss: 0.144010
Train Epoch: 8 [51200/60000 (85%)]	Loss: 0.091743
Train Epoch: 8 [57600/60000 (96%)]	Loss: 0.266328

Test set: Average loss: 0.2062, Accuracy: 9343/10000 (93%)

Train Epoch: 9 [0/60000 (0%)]	Loss: 0.126037
Train Epoch: 9 [6400/60000 (11%)]	Loss: 0.261675
Train Epoch: 9 [12800/60000 (21%)]	Loss: 0.045048
Train Epoch: 9 [19200/60000 (32%)]	Loss: 0.158453
Train Epoch: 9 [25600/60000 (43%)]	Loss: 0.102343
Train Epoch: 9 [32000/60000 (53%)]	Loss: 0.049446
Train Epoch: 9 [38400/60000 (64%)]	Loss: 0.028142
Train Epoch: 9 [44800/60000 (75%)]	Loss: 0.158255
Train Epoch: 9 [51200/60000 (85%)]	Loss: 0.247782
Train Epoch: 9 [57600/60000 (96%)]	Loss: 0.228889

Test set: Average loss: 0.1940, Accuracy: 9409/10000 (94%)

Train Epoch: 10 [0/60000 (0%)]	Loss: 0.181466
Train Epoch: 10 [6400/60000 (11%)]	Loss: 0.098966
Train Epoch: 10 [12800/60000 (21%)]	Loss: 0.181862
Train Epoch: 10 [19200/60000 (32%)]	Loss: 0.123291
Train Epoch: 10 [25600/60000 (43%)]	Loss: 0.220375
Train Epoch: 10 [32000/60000 (53%)]	Loss: 0.197173
Train Epoch: 10 [38400/60000 (64%)]	Loss: 0.263767
Train Epoch: 10 [44800/60000 (75%)]	Loss: 0.169832
Train Epoch: 10 [51200/60000 (85%)]	Loss: 0.217611
Train Epoch: 10 [57600/60000 (96%)]	Loss: 0.360898

Test set: Average loss: 0.2094, Accuracy: 9341/10000 (93%)

Train Epoch: 11 [0/60000 (0%)]	Loss: 0.197974
Train Epoch: 11 [6400/60000 (11%)]	Loss: 0.228531
Train Epoch: 11 [12800/60000 (21%)]	Loss: 0.181916
Train Epoch: 11 [19200/60000 (32%)]	Loss: 0.211268
Train Epoch: 11 [25600/60000 (43%)]	Loss: 0.196530
Train Epoch: 11 [32000/60000 (53%)]	Loss: 0.228783
Train Epoch: 11 [38400/60000 (64%)]	Loss: 0.406279
Train Epoch: 11 [44800/60000 (75%)]	Loss: 0.361205
Train Epoch: 11 [51200/60000 (85%)]	Loss: 0.234342
Train Epoch: 11 [57600/60000 (96%)]	Loss: 0.263814

Test set: Average loss: 0.3179, Accuracy: 8975/10000 (90%)

Train Epoch: 12 [0/60000 (0%)]	Loss: 0.411715
Train Epoch: 12 [6400/60000 (11%)]	Loss: 0.218868
Train Epoch: 12 [12800/60000 (21%)]	Loss: 0.221311
Train Epoch: 12 [19200/60000 (32%)]	Loss: 0.256982
Train Epoch: 12 [25600/60000 (43%)]	Loss: 0.208398
Train Epoch: 12 [32000/60000 (53%)]	Loss: 0.420812
Train Epoch: 12 [38400/60000 (64%)]	Loss: 0.188106
Train Epoch: 12 [44800/60000 (75%)]	Loss: 0.195609
Train Epoch: 12 [51200/60000 (85%)]	Loss: 0.258271
Train Epoch: 12 [57600/60000 (96%)]	Loss: 0.355537

Test set: Average loss: 0.2333, Accuracy: 9277/10000 (93%)

Train Epoch: 13 [0/60000 (0%)]	Loss: 0.325674
Train Epoch: 13 [6400/60000 (11%)]	Loss: 0.094265
Train Epoch: 13 [12800/60000 (21%)]	Loss: 0.263394
Train Epoch: 13 [19200/60000 (32%)]	Loss: 0.326559
Train Epoch: 13 [25600/60000 (43%)]	Loss: 0.104106
Train Epoch: 13 [32000/60000 (53%)]	Loss: 0.136602
Train Epoch: 13 [38400/60000 (64%)]	Loss: 0.093214
Train Epoch: 13 [44800/60000 (75%)]	Loss: 0.305693
Train Epoch: 13 [51200/60000 (85%)]	Loss: 0.252216
Train Epoch: 13 [57600/60000 (96%)]	Loss: 0.348940

Test set: Average loss: 0.3018, Accuracy: 9011/10000 (90%)

Train Epoch: 14 [0/60000 (0%)]	Loss: 0.373784
Train Epoch: 14 [6400/60000 (11%)]	Loss: 0.219606
Train Epoch: 14 [12800/60000 (21%)]	Loss: 0.139493
Train Epoch: 14 [19200/60000 (32%)]	Loss: 0.265474
Train Epoch: 14 [25600/60000 (43%)]	Loss: 0.308177
Train Epoch: 14 [32000/60000 (53%)]	Loss: 0.157423
Train Epoch: 14 [38400/60000 (64%)]	Loss: 0.193935
Train Epoch: 14 [44800/60000 (75%)]	Loss: 0.227774
Train Epoch: 14 [51200/60000 (85%)]	Loss: 0.133835
Train Epoch: 14 [57600/60000 (96%)]	Loss: 0.129504

Test set: Average loss: 0.2199, Accuracy: 9296/10000 (93%)

Train Epoch: 15 [0/60000 (0%)]	Loss: 0.249123
Train Epoch: 15 [6400/60000 (11%)]	Loss: 0.234693
Train Epoch: 15 [12800/60000 (21%)]	Loss: 0.122696
Train Epoch: 15 [19200/60000 (32%)]	Loss: 0.140947
Train Epoch: 15 [25600/60000 (43%)]	Loss: 0.243751
Train Epoch: 15 [32000/60000 (53%)]	Loss: 0.210730
Train Epoch: 15 [38400/60000 (64%)]	Loss: 0.139690
Train Epoch: 15 [44800/60000 (75%)]	Loss: 0.147835
Train Epoch: 15 [51200/60000 (85%)]	Loss: 0.221054
Train Epoch: 15 [57600/60000 (96%)]	Loss: 0.216203

Test set: Average loss: 0.2564, Accuracy: 9183/10000 (92%)

Train Epoch: 16 [0/60000 (0%)]	Loss: 0.229118
Train Epoch: 16 [6400/60000 (11%)]	Loss: 0.181773
Train Epoch: 16 [12800/60000 (21%)]	Loss: 0.311665
Train Epoch: 16 [19200/60000 (32%)]	Loss: 0.304435
Train Epoch: 16 [25600/60000 (43%)]	Loss: 0.193392
Train Epoch: 16 [32000/60000 (53%)]	Loss: 0.214354
Train Epoch: 16 [38400/60000 (64%)]	Loss: 0.324200
Train Epoch: 16 [44800/60000 (75%)]	Loss: 0.332224
Train Epoch: 16 [51200/60000 (85%)]	Loss: 0.182093
Train Epoch: 16 [57600/60000 (96%)]	Loss: 0.223724

Test set: Average loss: 0.2588, Accuracy: 9142/10000 (91%)

Train Epoch: 17 [0/60000 (0%)]	Loss: 0.278780
Train Epoch: 17 [6400/60000 (11%)]	Loss: 0.149647
Train Epoch: 17 [12800/60000 (21%)]	Loss: 0.165041
Train Epoch: 17 [19200/60000 (32%)]	Loss: 0.282619
Train Epoch: 17 [25600/60000 (43%)]	Loss: 0.262070
Train Epoch: 17 [32000/60000 (53%)]	Loss: 0.206237
Train Epoch: 17 [38400/60000 (64%)]	Loss: 0.184970
Train Epoch: 17 [44800/60000 (75%)]	Loss: 0.249429
Train Epoch: 17 [51200/60000 (85%)]	Loss: 0.300592
Train Epoch: 17 [57600/60000 (96%)]	Loss: 0.069993

Test set: Average loss: 0.1935, Accuracy: 9393/10000 (94%)

Train Epoch: 18 [0/60000 (0%)]	Loss: 0.174349
Train Epoch: 18 [6400/60000 (11%)]	Loss: 0.318727
Train Epoch: 18 [12800/60000 (21%)]	Loss: 0.284228
Train Epoch: 18 [19200/60000 (32%)]	Loss: 0.181035
Train Epoch: 18 [25600/60000 (43%)]	Loss: 0.250269
Train Epoch: 18 [32000/60000 (53%)]	Loss: 0.230795
Train Epoch: 18 [38400/60000 (64%)]	Loss: 0.203377
Train Epoch: 18 [44800/60000 (75%)]	Loss: 0.184976
Train Epoch: 18 [51200/60000 (85%)]	Loss: 0.141832
Train Epoch: 18 [57600/60000 (96%)]	Loss: 0.098340

Test set: Average loss: 0.2063, Accuracy: 9335/10000 (93%)

Train Epoch: 19 [0/60000 (0%)]	Loss: 0.122701
Train Epoch: 19 [6400/60000 (11%)]	Loss: 0.079920
Train Epoch: 19 [12800/60000 (21%)]	Loss: 0.094416
Train Epoch: 19 [19200/60000 (32%)]	Loss: 0.105727
Train Epoch: 19 [25600/60000 (43%)]	Loss: 0.355273
Train Epoch: 19 [32000/60000 (53%)]	Loss: 0.101899
Train Epoch: 19 [38400/60000 (64%)]	Loss: 0.119266
Train Epoch: 19 [44800/60000 (75%)]	Loss: 0.411360
Train Epoch: 19 [51200/60000 (85%)]	Loss: 0.141005
Train Epoch: 19 [57600/60000 (96%)]	Loss: 0.329618

Test set: Average loss: 0.2875, Accuracy: 9048/10000 (90%)

Train Epoch: 20 [0/60000 (0%)]	Loss: 0.258123
Train Epoch: 20 [6400/60000 (11%)]	Loss: 0.320134
Train Epoch: 20 [12800/60000 (21%)]	Loss: 0.304177
Train Epoch: 20 [19200/60000 (32%)]	Loss: 0.148017
Train Epoch: 20 [25600/60000 (43%)]	Loss: 0.115836
Train Epoch: 20 [32000/60000 (53%)]	Loss: 0.175498
Train Epoch: 20 [38400/60000 (64%)]	Loss: 0.331005
Train Epoch: 20 [44800/60000 (75%)]	Loss: 0.213585
Train Epoch: 20 [51200/60000 (85%)]	Loss: 0.228545
Train Epoch: 20 [57600/60000 (96%)]	Loss: 0.301822

Test set: Average loss: 0.1886, Accuracy: 9438/10000 (94%)

Train Epoch: 21 [0/60000 (0%)]	Loss: 0.183708
Train Epoch: 21 [6400/60000 (11%)]	Loss: 0.087019
Train Epoch: 21 [12800/60000 (21%)]	Loss: 0.144186
Train Epoch: 21 [19200/60000 (32%)]	Loss: 0.170716
Train Epoch: 21 [25600/60000 (43%)]	Loss: 0.181873
Train Epoch: 21 [32000/60000 (53%)]	Loss: 0.104310
Train Epoch: 21 [38400/60000 (64%)]	Loss: 0.143369
Train Epoch: 21 [44800/60000 (75%)]	Loss: 0.135970
Train Epoch: 21 [51200/60000 (85%)]	Loss: 0.242347
Train Epoch: 21 [57600/60000 (96%)]	Loss: 0.167386

Test set: Average loss: 0.1828, Accuracy: 9412/10000 (94%)

Train Epoch: 22 [0/60000 (0%)]	Loss: 0.094147
Train Epoch: 22 [6400/60000 (11%)]	Loss: 0.271462
Train Epoch: 22 [12800/60000 (21%)]	Loss: 0.150124
Train Epoch: 22 [19200/60000 (32%)]	Loss: 0.312951
Train Epoch: 22 [25600/60000 (43%)]	Loss: 0.200086
Train Epoch: 22 [32000/60000 (53%)]	Loss: 0.155156
Train Epoch: 22 [38400/60000 (64%)]	Loss: 0.243003
Train Epoch: 22 [44800/60000 (75%)]	Loss: 0.071682
Train Epoch: 22 [51200/60000 (85%)]	Loss: 0.118720
Train Epoch: 22 [57600/60000 (96%)]	Loss: 0.155575

Test set: Average loss: 0.1796, Accuracy: 9411/10000 (94%)

Train Epoch: 23 [0/60000 (0%)]	Loss: 0.199360
Train Epoch: 23 [6400/60000 (11%)]	Loss: 0.153535
Train Epoch: 23 [12800/60000 (21%)]	Loss: 0.256344
Train Epoch: 23 [19200/60000 (32%)]	Loss: 0.202307
Train Epoch: 23 [25600/60000 (43%)]	Loss: 0.165779
Train Epoch: 23 [32000/60000 (53%)]	Loss: 0.128383
Train Epoch: 23 [38400/60000 (64%)]	Loss: 0.305896
Train Epoch: 23 [44800/60000 (75%)]	Loss: 0.049600
Train Epoch: 23 [51200/60000 (85%)]	Loss: 0.118402
Train Epoch: 23 [57600/60000 (96%)]	Loss: 0.162853

Test set: Average loss: 0.1382, Accuracy: 9552/10000 (96%)

Train Epoch: 24 [0/60000 (0%)]	Loss: 0.105409
Train Epoch: 24 [6400/60000 (11%)]	Loss: 0.113465
Train Epoch: 24 [12800/60000 (21%)]	Loss: 0.040180
Train Epoch: 24 [19200/60000 (32%)]	Loss: 0.132384
Train Epoch: 24 [25600/60000 (43%)]	Loss: 0.082387
Train Epoch: 24 [32000/60000 (53%)]	Loss: 0.214325
Train Epoch: 24 [38400/60000 (64%)]	Loss: 0.017857
Train Epoch: 24 [44800/60000 (75%)]	Loss: 0.103533
Train Epoch: 24 [51200/60000 (85%)]	Loss: 0.322887
Train Epoch: 24 [57600/60000 (96%)]	Loss: 0.179022

Test set: Average loss: 0.1287, Accuracy: 9607/10000 (96%)

Train Epoch: 25 [0/60000 (0%)]	Loss: 0.026600
Train Epoch: 25 [6400/60000 (11%)]	Loss: 0.184958
Train Epoch: 25 [12800/60000 (21%)]	Loss: 0.217926
Train Epoch: 25 [19200/60000 (32%)]	Loss: 0.081543
Train Epoch: 25 [25600/60000 (43%)]	Loss: 0.150561
Train Epoch: 25 [32000/60000 (53%)]	Loss: 0.088712
Train Epoch: 25 [38400/60000 (64%)]	Loss: 0.091645
Train Epoch: 25 [44800/60000 (75%)]	Loss: 0.124932
Train Epoch: 25 [51200/60000 (85%)]	Loss: 0.033878
Train Epoch: 25 [57600/60000 (96%)]	Loss: 0.067017

Test set: Average loss: 0.1225, Accuracy: 9613/10000 (96%)

Train Epoch: 26 [0/60000 (0%)]	Loss: 0.089838
Train Epoch: 26 [6400/60000 (11%)]	Loss: 0.057441
Train Epoch: 26 [12800/60000 (21%)]	Loss: 0.021283
Train Epoch: 26 [19200/60000 (32%)]	Loss: 0.044094
Train Epoch: 26 [25600/60000 (43%)]	Loss: 0.009988
Train Epoch: 26 [32000/60000 (53%)]	Loss: 0.040625
Train Epoch: 26 [38400/60000 (64%)]	Loss: 0.171911
Train Epoch: 26 [44800/60000 (75%)]	Loss: 0.350789
Train Epoch: 26 [51200/60000 (85%)]	Loss: 0.085324
Train Epoch: 26 [57600/60000 (96%)]	Loss: 0.072804

Test set: Average loss: 0.1232, Accuracy: 9595/10000 (96%)

Train Epoch: 27 [0/60000 (0%)]	Loss: 0.122456
Train Epoch: 27 [6400/60000 (11%)]	Loss: 0.024520
Train Epoch: 27 [12800/60000 (21%)]	Loss: 0.182862
Train Epoch: 27 [19200/60000 (32%)]	Loss: 0.159004
Train Epoch: 27 [25600/60000 (43%)]	Loss: 0.066202
Train Epoch: 27 [32000/60000 (53%)]	Loss: 0.029390
Train Epoch: 27 [38400/60000 (64%)]	Loss: 0.090289
Train Epoch: 27 [44800/60000 (75%)]	Loss: 0.096077
Train Epoch: 27 [51200/60000 (85%)]	Loss: 0.026549
Train Epoch: 27 [57600/60000 (96%)]	Loss: 0.079560

Test set: Average loss: 0.0960, Accuracy: 9685/10000 (97%)

Train Epoch: 28 [0/60000 (0%)]	Loss: 0.096480
Train Epoch: 28 [6400/60000 (11%)]	Loss: 0.007629
Train Epoch: 28 [12800/60000 (21%)]	Loss: 0.020648
Train Epoch: 28 [19200/60000 (32%)]	Loss: 0.009394
Train Epoch: 28 [25600/60000 (43%)]	Loss: 0.098306
Train Epoch: 28 [32000/60000 (53%)]	Loss: 0.006300
Train Epoch: 28 [38400/60000 (64%)]	Loss: 0.144828
Train Epoch: 28 [44800/60000 (75%)]	Loss: 0.014936
Train Epoch: 28 [51200/60000 (85%)]	Loss: 0.012769
Train Epoch: 28 [57600/60000 (96%)]	Loss: 0.023573

Test set: Average loss: 0.0667, Accuracy: 9789/10000 (98%)

Train Epoch: 29 [0/60000 (0%)]	Loss: 0.006507
Train Epoch: 29 [6400/60000 (11%)]	Loss: 0.014966
Train Epoch: 29 [12800/60000 (21%)]	Loss: 0.003448
Train Epoch: 29 [19200/60000 (32%)]	Loss: 0.022117
Train Epoch: 29 [25600/60000 (43%)]	Loss: 0.007131
Train Epoch: 29 [32000/60000 (53%)]	Loss: 0.002750
Train Epoch: 29 [38400/60000 (64%)]	Loss: 0.007873
Train Epoch: 29 [44800/60000 (75%)]	Loss: 0.014525
Train Epoch: 29 [51200/60000 (85%)]	Loss: 0.013576
Train Epoch: 29 [57600/60000 (96%)]	Loss: 0.008935

Test set: Average loss: 0.0515, Accuracy: 9848/10000 (98%)

Train Epoch: 30 [0/60000 (0%)]	Loss: 0.008618
Train Epoch: 30 [6400/60000 (11%)]	Loss: 0.006565
Train Epoch: 30 [12800/60000 (21%)]	Loss: 0.002787
Train Epoch: 30 [19200/60000 (32%)]	Loss: 0.002204
Train Epoch: 30 [25600/60000 (43%)]	Loss: 0.003024
Train Epoch: 30 [32000/60000 (53%)]	Loss: 0.003638
Train Epoch: 30 [38400/60000 (64%)]	Loss: 0.004665
Train Epoch: 30 [44800/60000 (75%)]	Loss: 0.001906
Train Epoch: 30 [51200/60000 (85%)]	Loss: 0.001808
Train Epoch: 30 [57600/60000 (96%)]	Loss: 0.022316

Test set: Average loss: 0.0492, Accuracy: 9859/10000 (99%)

Namespace(batch_size=64, bias=None, data='../data', device=1, epochs=30, hidden_size=500, load_weights=None, log_interval=100, lr=0.1, milestones=[5, 7], model='prunefc4', momentum=0.9, no_cuda=False, r=5, save_model=None, save_results=True, scheduler='cosine', seed=1, sparsity=0.25, use_relu=False, wd=0.0005)


Total time spent pruning/training: 5.33 minutes
Total number of parameters in model: 4496508
Number of parameters in pruned model: 3372381
