Namespace(batch_size=64, bias=None, data='../data', device=1, epochs=11, hidden_size=500, load_weights=None, log_interval=100, lr=0.1, model='widefc4', momentum=0.9, no_cuda=False, r=5, save_model=None, save_results=True, seed=1, sparsity=0.025, use_relu=False, wd=0.0005) 

Pruning a Wide Four-Layer Fully Connected network ...
Train Epoch: 1 [6336/60000 (11%)]	Loss: 0.438271
Train Epoch: 1 [12736/60000 (21%)]	Loss: 0.193287
Train Epoch: 1 [19136/60000 (32%)]	Loss: 0.502275
Train Epoch: 1 [25536/60000 (43%)]	Loss: 0.234330
Train Epoch: 1 [31936/60000 (53%)]	Loss: 0.281237
Train Epoch: 1 [38336/60000 (64%)]	Loss: 0.501562
Train Epoch: 1 [44736/60000 (75%)]	Loss: 0.129462
Train Epoch: 1 [51136/60000 (85%)]	Loss: 0.174747
Train Epoch: 1 [57536/60000 (96%)]	Loss: 0.240347

Test set: Average loss: 0.3205, Accuracy: 8956/10000 (90%)

Train Epoch: 2 [6336/60000 (11%)]	Loss: 0.132494
Train Epoch: 2 [12736/60000 (21%)]	Loss: 0.226976
Train Epoch: 2 [19136/60000 (32%)]	Loss: 0.325857
Train Epoch: 2 [25536/60000 (43%)]	Loss: 0.171266
Train Epoch: 2 [31936/60000 (53%)]	Loss: 0.320231
Train Epoch: 2 [38336/60000 (64%)]	Loss: 0.242216
Train Epoch: 2 [44736/60000 (75%)]	Loss: 0.505878
Train Epoch: 2 [51136/60000 (85%)]	Loss: 0.277562
Train Epoch: 2 [57536/60000 (96%)]	Loss: 0.190903

Test set: Average loss: 0.3271, Accuracy: 8941/10000 (89%)

Train Epoch: 3 [6336/60000 (11%)]	Loss: 0.445386
Train Epoch: 3 [12736/60000 (21%)]	Loss: 0.149887
Train Epoch: 3 [19136/60000 (32%)]	Loss: 0.261277
Train Epoch: 3 [25536/60000 (43%)]	Loss: 0.450821
Train Epoch: 3 [31936/60000 (53%)]	Loss: 0.249949
Train Epoch: 3 [38336/60000 (64%)]	Loss: 0.404372
Train Epoch: 3 [44736/60000 (75%)]	Loss: 0.395333
Train Epoch: 3 [51136/60000 (85%)]	Loss: 0.624968
Train Epoch: 3 [57536/60000 (96%)]	Loss: 0.343314

Test set: Average loss: 0.4106, Accuracy: 8777/10000 (88%)

Train Epoch: 4 [6336/60000 (11%)]	Loss: 0.863687
Train Epoch: 4 [12736/60000 (21%)]	Loss: 0.284293
Train Epoch: 4 [19136/60000 (32%)]	Loss: 0.496059
Train Epoch: 4 [25536/60000 (43%)]	Loss: 0.794563
Train Epoch: 4 [31936/60000 (53%)]	Loss: 0.394173
Train Epoch: 4 [38336/60000 (64%)]	Loss: 0.360919
Train Epoch: 4 [44736/60000 (75%)]	Loss: 0.743274
Train Epoch: 4 [51136/60000 (85%)]	Loss: 0.452599
Train Epoch: 4 [57536/60000 (96%)]	Loss: 0.500551

Test set: Average loss: 0.7717, Accuracy: 7132/10000 (71%)

Train Epoch: 5 [6336/60000 (11%)]	Loss: 0.523671
Train Epoch: 5 [12736/60000 (21%)]	Loss: 0.399975
Train Epoch: 5 [19136/60000 (32%)]	Loss: 0.331343
Train Epoch: 5 [25536/60000 (43%)]	Loss: 0.389619
Train Epoch: 5 [31936/60000 (53%)]	Loss: 0.486978
Train Epoch: 5 [38336/60000 (64%)]	Loss: 0.682127
Train Epoch: 5 [44736/60000 (75%)]	Loss: 0.540697
Train Epoch: 5 [51136/60000 (85%)]	Loss: 0.678209
Train Epoch: 5 [57536/60000 (96%)]	Loss: 0.972886

Test set: Average loss: 0.4929, Accuracy: 8594/10000 (86%)

Train Epoch: 6 [6336/60000 (11%)]	Loss: 0.475764
Train Epoch: 6 [12736/60000 (21%)]	Loss: 0.818316
Train Epoch: 6 [19136/60000 (32%)]	Loss: 0.845708
Train Epoch: 6 [25536/60000 (43%)]	Loss: 0.641639
Train Epoch: 6 [31936/60000 (53%)]	Loss: 0.677983
Train Epoch: 6 [38336/60000 (64%)]	Loss: 0.782942
Train Epoch: 6 [44736/60000 (75%)]	Loss: 0.782716
Train Epoch: 6 [51136/60000 (85%)]	Loss: 0.555278
Train Epoch: 6 [57536/60000 (96%)]	Loss: 0.736426

Test set: Average loss: 0.7804, Accuracy: 7532/10000 (75%)

Train Epoch: 7 [6336/60000 (11%)]	Loss: 0.943471
Train Epoch: 7 [12736/60000 (21%)]	Loss: 0.754390
Train Epoch: 7 [19136/60000 (32%)]	Loss: 0.617100
Train Epoch: 7 [25536/60000 (43%)]	Loss: 0.651562
Train Epoch: 7 [31936/60000 (53%)]	Loss: 1.067538
Train Epoch: 7 [38336/60000 (64%)]	Loss: 0.688383
Train Epoch: 7 [44736/60000 (75%)]	Loss: 0.751873
Train Epoch: 7 [51136/60000 (85%)]	Loss: 0.885948
Train Epoch: 7 [57536/60000 (96%)]	Loss: 0.741766

Test set: Average loss: 0.8785, Accuracy: 6917/10000 (69%)

Train Epoch: 8 [6336/60000 (11%)]	Loss: 0.554693
Train Epoch: 8 [12736/60000 (21%)]	Loss: 0.861354
Train Epoch: 8 [19136/60000 (32%)]	Loss: 0.921147
Train Epoch: 8 [25536/60000 (43%)]	Loss: 0.697689
Train Epoch: 8 [31936/60000 (53%)]	Loss: 0.771769
Train Epoch: 8 [38336/60000 (64%)]	Loss: 0.754050
Train Epoch: 8 [44736/60000 (75%)]	Loss: 0.691263
Train Epoch: 8 [51136/60000 (85%)]	Loss: 0.884889
Train Epoch: 8 [57536/60000 (96%)]	Loss: 0.594329

Test set: Average loss: 0.7988, Accuracy: 7640/10000 (76%)

Train Epoch: 9 [6336/60000 (11%)]	Loss: 0.844537
Train Epoch: 9 [12736/60000 (21%)]	Loss: 0.792977
Train Epoch: 9 [19136/60000 (32%)]	Loss: 0.769249
Train Epoch: 9 [25536/60000 (43%)]	Loss: 0.696428
Train Epoch: 9 [31936/60000 (53%)]	Loss: 0.932661
Train Epoch: 9 [38336/60000 (64%)]	Loss: 0.738633
Train Epoch: 9 [44736/60000 (75%)]	Loss: 0.915249
Train Epoch: 9 [51136/60000 (85%)]	Loss: 0.849324
Train Epoch: 9 [57536/60000 (96%)]	Loss: 1.023414

Test set: Average loss: 0.9419, Accuracy: 6991/10000 (70%)

Train Epoch: 10 [6336/60000 (11%)]	Loss: 0.903572
Train Epoch: 10 [12736/60000 (21%)]	Loss: 0.831098
Train Epoch: 10 [19136/60000 (32%)]	Loss: 0.730917
Train Epoch: 10 [25536/60000 (43%)]	Loss: 0.900819
Train Epoch: 10 [31936/60000 (53%)]	Loss: 1.002352
Train Epoch: 10 [38336/60000 (64%)]	Loss: 0.705044
Train Epoch: 10 [44736/60000 (75%)]	Loss: 0.921672
Train Epoch: 10 [51136/60000 (85%)]	Loss: 0.940524
Train Epoch: 10 [57536/60000 (96%)]	Loss: 0.923932

Test set: Average loss: 0.7749, Accuracy: 7789/10000 (78%)

Train Epoch: 11 [6336/60000 (11%)]	Loss: 0.643387
Train Epoch: 11 [12736/60000 (21%)]	Loss: 0.805566
Train Epoch: 11 [19136/60000 (32%)]	Loss: 0.761622
Train Epoch: 11 [25536/60000 (43%)]	Loss: 0.875404
Train Epoch: 11 [31936/60000 (53%)]	Loss: 0.667760
Train Epoch: 11 [38336/60000 (64%)]	Loss: 0.788121
Train Epoch: 11 [44736/60000 (75%)]	Loss: 0.760529
Train Epoch: 11 [51136/60000 (85%)]	Loss: 0.895777
Train Epoch: 11 [57536/60000 (96%)]	Loss: 0.985900

Test set: Average loss: 0.9082, Accuracy: 7253/10000 (73%)

Namespace(batch_size=64, bias=None, data='../data', device=1, epochs=11, hidden_size=500, load_weights=None, log_interval=100, lr=0.1, model='widefc4', momentum=0.9, no_cuda=False, r=5, save_model=None, save_results=True, seed=1, sparsity=0.025, use_relu=False, wd=0.0005)


Total time spent pruning/training: 1.95 minutes
Total number of parameters in model: 4496508
Number of parameters in pruned model: 4384095
