Namespace(batch_size=64, bias=None, data='../data', device=1, epochs=9, hidden_size=500, load_weights=None, log_interval=100, lr=0.1, model='widefc4', momentum=0.9, no_cuda=False, r=5, save_model=None, save_results=True, seed=1, sparsity=0.98, use_relu=False, wd=0.0005) 

Pruning a Wide Four-Layer Fully Connected network ...
Train Epoch: 1 [6336/60000 (11%)]	Loss: 2.301661
Train Epoch: 1 [12736/60000 (21%)]	Loss: 2.299005
Train Epoch: 1 [19136/60000 (32%)]	Loss: 2.290699
Train Epoch: 1 [25536/60000 (43%)]	Loss: 2.268749
Train Epoch: 1 [31936/60000 (53%)]	Loss: 2.027142
Train Epoch: 1 [38336/60000 (64%)]	Loss: 1.247308
Train Epoch: 1 [44736/60000 (75%)]	Loss: 0.868213
Train Epoch: 1 [51136/60000 (85%)]	Loss: 0.681624
Train Epoch: 1 [57536/60000 (96%)]	Loss: 0.757622

Test set: Average loss: 0.5902, Accuracy: 8332/10000 (83%)

Train Epoch: 2 [6336/60000 (11%)]	Loss: 0.434598
Train Epoch: 2 [12736/60000 (21%)]	Loss: 0.609141
Train Epoch: 2 [19136/60000 (32%)]	Loss: 0.583275
Train Epoch: 2 [25536/60000 (43%)]	Loss: 0.498551
Train Epoch: 2 [31936/60000 (53%)]	Loss: 0.571713
Train Epoch: 2 [38336/60000 (64%)]	Loss: 0.377241
Train Epoch: 2 [44736/60000 (75%)]	Loss: 0.562436
Train Epoch: 2 [51136/60000 (85%)]	Loss: 0.439122
Train Epoch: 2 [57536/60000 (96%)]	Loss: 0.348346

Test set: Average loss: 0.3462, Accuracy: 9036/10000 (90%)

Train Epoch: 3 [6336/60000 (11%)]	Loss: 0.417108
Train Epoch: 3 [12736/60000 (21%)]	Loss: 0.290604
Train Epoch: 3 [19136/60000 (32%)]	Loss: 0.306055
Train Epoch: 3 [25536/60000 (43%)]	Loss: 0.472399
Train Epoch: 3 [31936/60000 (53%)]	Loss: 0.293287
Train Epoch: 3 [38336/60000 (64%)]	Loss: 0.236108
Train Epoch: 3 [44736/60000 (75%)]	Loss: 0.203665
Train Epoch: 3 [51136/60000 (85%)]	Loss: 0.212222
Train Epoch: 3 [57536/60000 (96%)]	Loss: 0.312374

Test set: Average loss: 0.2723, Accuracy: 9234/10000 (92%)

Train Epoch: 4 [6336/60000 (11%)]	Loss: 0.283433
Train Epoch: 4 [12736/60000 (21%)]	Loss: 0.209100
Train Epoch: 4 [19136/60000 (32%)]	Loss: 0.235156
Train Epoch: 4 [25536/60000 (43%)]	Loss: 0.269374
Train Epoch: 4 [31936/60000 (53%)]	Loss: 0.247651
Train Epoch: 4 [38336/60000 (64%)]	Loss: 0.284212
Train Epoch: 4 [44736/60000 (75%)]	Loss: 0.355678
Train Epoch: 4 [51136/60000 (85%)]	Loss: 0.320538
Train Epoch: 4 [57536/60000 (96%)]	Loss: 0.170655

Test set: Average loss: 0.2452, Accuracy: 9324/10000 (93%)

Train Epoch: 5 [6336/60000 (11%)]	Loss: 0.228866
Train Epoch: 5 [12736/60000 (21%)]	Loss: 0.160354
Train Epoch: 5 [19136/60000 (32%)]	Loss: 0.191703
Train Epoch: 5 [25536/60000 (43%)]	Loss: 0.230633
Train Epoch: 5 [31936/60000 (53%)]	Loss: 0.233126
Train Epoch: 5 [38336/60000 (64%)]	Loss: 0.217058
Train Epoch: 5 [44736/60000 (75%)]	Loss: 0.308310
Train Epoch: 5 [51136/60000 (85%)]	Loss: 0.277761
Train Epoch: 5 [57536/60000 (96%)]	Loss: 0.458207

Test set: Average loss: 0.2299, Accuracy: 9372/10000 (94%)

Train Epoch: 6 [6336/60000 (11%)]	Loss: 0.195244
Train Epoch: 6 [12736/60000 (21%)]	Loss: 0.197723
Train Epoch: 6 [19136/60000 (32%)]	Loss: 0.264737
Train Epoch: 6 [25536/60000 (43%)]	Loss: 0.194577
Train Epoch: 6 [31936/60000 (53%)]	Loss: 0.243934
Train Epoch: 6 [38336/60000 (64%)]	Loss: 0.198940
Train Epoch: 6 [44736/60000 (75%)]	Loss: 0.269352
Train Epoch: 6 [51136/60000 (85%)]	Loss: 0.215080
Train Epoch: 6 [57536/60000 (96%)]	Loss: 0.296898

Test set: Average loss: 0.2116, Accuracy: 9435/10000 (94%)

Train Epoch: 7 [6336/60000 (11%)]	Loss: 0.171232
Train Epoch: 7 [12736/60000 (21%)]	Loss: 0.189455
Train Epoch: 7 [19136/60000 (32%)]	Loss: 0.245261
Train Epoch: 7 [25536/60000 (43%)]	Loss: 0.198998
Train Epoch: 7 [31936/60000 (53%)]	Loss: 0.206771
Train Epoch: 7 [38336/60000 (64%)]	Loss: 0.210741
Train Epoch: 7 [44736/60000 (75%)]	Loss: 0.189700
Train Epoch: 7 [51136/60000 (85%)]	Loss: 0.257494
Train Epoch: 7 [57536/60000 (96%)]	Loss: 0.207860

Test set: Average loss: 0.2076, Accuracy: 9446/10000 (94%)

Train Epoch: 8 [6336/60000 (11%)]	Loss: 0.249718
Train Epoch: 8 [12736/60000 (21%)]	Loss: 0.170840
Train Epoch: 8 [19136/60000 (32%)]	Loss: 0.278766
Train Epoch: 8 [25536/60000 (43%)]	Loss: 0.230302
Train Epoch: 8 [31936/60000 (53%)]	Loss: 0.244194
Train Epoch: 8 [38336/60000 (64%)]	Loss: 0.237349
Train Epoch: 8 [44736/60000 (75%)]	Loss: 0.197980
Train Epoch: 8 [51136/60000 (85%)]	Loss: 0.283145
Train Epoch: 8 [57536/60000 (96%)]	Loss: 0.251903

Test set: Average loss: 0.2027, Accuracy: 9450/10000 (94%)

Train Epoch: 9 [6336/60000 (11%)]	Loss: 0.217577
Train Epoch: 9 [12736/60000 (21%)]	Loss: 0.153838
Train Epoch: 9 [19136/60000 (32%)]	Loss: 0.157084
Train Epoch: 9 [25536/60000 (43%)]	Loss: 0.201987
Train Epoch: 9 [31936/60000 (53%)]	Loss: 0.345694
Train Epoch: 9 [38336/60000 (64%)]	Loss: 0.244342
Train Epoch: 9 [44736/60000 (75%)]	Loss: 0.151116
Train Epoch: 9 [51136/60000 (85%)]	Loss: 0.224963
Train Epoch: 9 [57536/60000 (96%)]	Loss: 0.222373

Test set: Average loss: 0.2005, Accuracy: 9460/10000 (95%)

Namespace(batch_size=64, bias=None, data='../data', device=1, epochs=9, hidden_size=500, load_weights=None, log_interval=100, lr=0.1, model='widefc4', momentum=0.9, no_cuda=False, r=5, save_model=None, save_results=True, seed=1, sparsity=0.98, use_relu=False, wd=0.0005)


Total time spent pruning/training: 1.60 minutes
Total number of parameters in model: 4496508
Number of parameters in pruned model: 89930
