Namespace(batch_size=64, bias=None, data='../data', device=1, epochs=8, hidden_size=500, load_weights=None, log_interval=100, lr=0.1, model='widefc4', momentum=0.9, no_cuda=False, r=5, save_model=None, save_results=True, seed=1, sparsity=0.98, use_relu=False, wd=0.0005) 

Pruning a Wide Four-Layer Fully Connected network ...
Train Epoch: 1 [6336/60000 (11%)]	Loss: 2.301661
Train Epoch: 1 [12736/60000 (21%)]	Loss: 2.299005
Train Epoch: 1 [19136/60000 (32%)]	Loss: 2.290699
Train Epoch: 1 [25536/60000 (43%)]	Loss: 2.268749
Train Epoch: 1 [31936/60000 (53%)]	Loss: 2.027142
Train Epoch: 1 [38336/60000 (64%)]	Loss: 1.247308
Train Epoch: 1 [44736/60000 (75%)]	Loss: 0.868213
Train Epoch: 1 [51136/60000 (85%)]	Loss: 0.681624
Train Epoch: 1 [57536/60000 (96%)]	Loss: 0.757622

Test set: Average loss: 0.5902, Accuracy: 8332/10000 (83%)

Train Epoch: 2 [6336/60000 (11%)]	Loss: 0.433669
Train Epoch: 2 [12736/60000 (21%)]	Loss: 0.614563
Train Epoch: 2 [19136/60000 (32%)]	Loss: 0.582461
Train Epoch: 2 [25536/60000 (43%)]	Loss: 0.497829
Train Epoch: 2 [31936/60000 (53%)]	Loss: 0.574486
Train Epoch: 2 [38336/60000 (64%)]	Loss: 0.373535
Train Epoch: 2 [44736/60000 (75%)]	Loss: 0.560879
Train Epoch: 2 [51136/60000 (85%)]	Loss: 0.442186
Train Epoch: 2 [57536/60000 (96%)]	Loss: 0.362688

Test set: Average loss: 0.3437, Accuracy: 9046/10000 (90%)

Train Epoch: 3 [6336/60000 (11%)]	Loss: 0.427049
Train Epoch: 3 [12736/60000 (21%)]	Loss: 0.294627
Train Epoch: 3 [19136/60000 (32%)]	Loss: 0.314207
Train Epoch: 3 [25536/60000 (43%)]	Loss: 0.511773
Train Epoch: 3 [31936/60000 (53%)]	Loss: 0.303495
Train Epoch: 3 [38336/60000 (64%)]	Loss: 0.245020
Train Epoch: 3 [44736/60000 (75%)]	Loss: 0.204517
Train Epoch: 3 [51136/60000 (85%)]	Loss: 0.216775
Train Epoch: 3 [57536/60000 (96%)]	Loss: 0.309925

Test set: Average loss: 0.2787, Accuracy: 9213/10000 (92%)

Train Epoch: 4 [6336/60000 (11%)]	Loss: 0.273487
Train Epoch: 4 [12736/60000 (21%)]	Loss: 0.213704
Train Epoch: 4 [19136/60000 (32%)]	Loss: 0.245280
Train Epoch: 4 [25536/60000 (43%)]	Loss: 0.268751
Train Epoch: 4 [31936/60000 (53%)]	Loss: 0.255183
Train Epoch: 4 [38336/60000 (64%)]	Loss: 0.282901
Train Epoch: 4 [44736/60000 (75%)]	Loss: 0.325106
Train Epoch: 4 [51136/60000 (85%)]	Loss: 0.327441
Train Epoch: 4 [57536/60000 (96%)]	Loss: 0.177855

Test set: Average loss: 0.2487, Accuracy: 9303/10000 (93%)

Train Epoch: 5 [6336/60000 (11%)]	Loss: 0.229141
Train Epoch: 5 [12736/60000 (21%)]	Loss: 0.155716
Train Epoch: 5 [19136/60000 (32%)]	Loss: 0.201741
Train Epoch: 5 [25536/60000 (43%)]	Loss: 0.218029
Train Epoch: 5 [31936/60000 (53%)]	Loss: 0.245817
Train Epoch: 5 [38336/60000 (64%)]	Loss: 0.220211
Train Epoch: 5 [44736/60000 (75%)]	Loss: 0.311453
Train Epoch: 5 [51136/60000 (85%)]	Loss: 0.280888
Train Epoch: 5 [57536/60000 (96%)]	Loss: 0.456363

Test set: Average loss: 0.2331, Accuracy: 9360/10000 (94%)

Train Epoch: 6 [6336/60000 (11%)]	Loss: 0.189683
Train Epoch: 6 [12736/60000 (21%)]	Loss: 0.200248
Train Epoch: 6 [19136/60000 (32%)]	Loss: 0.264249
Train Epoch: 6 [25536/60000 (43%)]	Loss: 0.196425
Train Epoch: 6 [31936/60000 (53%)]	Loss: 0.236879
Train Epoch: 6 [38336/60000 (64%)]	Loss: 0.201580
Train Epoch: 6 [44736/60000 (75%)]	Loss: 0.281507
Train Epoch: 6 [51136/60000 (85%)]	Loss: 0.227701
Train Epoch: 6 [57536/60000 (96%)]	Loss: 0.297276

Test set: Average loss: 0.2165, Accuracy: 9426/10000 (94%)

Train Epoch: 7 [6336/60000 (11%)]	Loss: 0.175700
Train Epoch: 7 [12736/60000 (21%)]	Loss: 0.186375
Train Epoch: 7 [19136/60000 (32%)]	Loss: 0.248106
Train Epoch: 7 [25536/60000 (43%)]	Loss: 0.199250
Train Epoch: 7 [31936/60000 (53%)]	Loss: 0.213923
Train Epoch: 7 [38336/60000 (64%)]	Loss: 0.207986
Train Epoch: 7 [44736/60000 (75%)]	Loss: 0.189474
Train Epoch: 7 [51136/60000 (85%)]	Loss: 0.257047
Train Epoch: 7 [57536/60000 (96%)]	Loss: 0.219147

Test set: Average loss: 0.2139, Accuracy: 9429/10000 (94%)

Train Epoch: 8 [6336/60000 (11%)]	Loss: 0.261070
Train Epoch: 8 [12736/60000 (21%)]	Loss: 0.182155
Train Epoch: 8 [19136/60000 (32%)]	Loss: 0.288038
Train Epoch: 8 [25536/60000 (43%)]	Loss: 0.237292
Train Epoch: 8 [31936/60000 (53%)]	Loss: 0.245527
Train Epoch: 8 [38336/60000 (64%)]	Loss: 0.254500
Train Epoch: 8 [44736/60000 (75%)]	Loss: 0.206883
Train Epoch: 8 [51136/60000 (85%)]	Loss: 0.285462
Train Epoch: 8 [57536/60000 (96%)]	Loss: 0.258734

Test set: Average loss: 0.2100, Accuracy: 9439/10000 (94%)

Namespace(batch_size=64, bias=None, data='../data', device=1, epochs=8, hidden_size=500, load_weights=None, log_interval=100, lr=0.1, model='widefc4', momentum=0.9, no_cuda=False, r=5, save_model=None, save_results=True, seed=1, sparsity=0.98, use_relu=False, wd=0.0005)


Total time spent pruning/training: 1.42 minutes
Total number of parameters in model: 4496508
Number of parameters in pruned model: 89930
