Namespace(batch_size=64, bias=None, data='../data', device=1, epochs=17, hidden_size=500, load_weights=None, log_interval=100, lr=0.1, model='widefc4', momentum=0.9, no_cuda=False, r=5, save_model=None, save_results=True, seed=1, sparsity=0.99, use_relu=False, wd=0.0005) 

Pruning a Wide Four-Layer Fully Connected network ...
Train Epoch: 1 [6336/60000 (11%)]	Loss: 2.302414
Train Epoch: 1 [12736/60000 (21%)]	Loss: 2.302206
Train Epoch: 1 [19136/60000 (32%)]	Loss: 2.301864
Train Epoch: 1 [25536/60000 (43%)]	Loss: 2.301445
Train Epoch: 1 [31936/60000 (53%)]	Loss: 2.299501
Train Epoch: 1 [38336/60000 (64%)]	Loss: 2.296583
Train Epoch: 1 [44736/60000 (75%)]	Loss: 2.279047
Train Epoch: 1 [51136/60000 (85%)]	Loss: 2.187970
Train Epoch: 1 [57536/60000 (96%)]	Loss: 1.938409

Test set: Average loss: 1.6486, Accuracy: 4805/10000 (48%)

Train Epoch: 2 [6336/60000 (11%)]	Loss: 1.354045
Train Epoch: 2 [12736/60000 (21%)]	Loss: 1.341482
Train Epoch: 2 [19136/60000 (32%)]	Loss: 1.278627
Train Epoch: 2 [25536/60000 (43%)]	Loss: 1.067920
Train Epoch: 2 [31936/60000 (53%)]	Loss: 0.989777
Train Epoch: 2 [38336/60000 (64%)]	Loss: 0.836166
Train Epoch: 2 [44736/60000 (75%)]	Loss: 0.971667
Train Epoch: 2 [51136/60000 (85%)]	Loss: 0.910324
Train Epoch: 2 [57536/60000 (96%)]	Loss: 0.716584

Test set: Average loss: 0.7385, Accuracy: 8241/10000 (82%)

Train Epoch: 3 [6336/60000 (11%)]	Loss: 0.871771
Train Epoch: 3 [12736/60000 (21%)]	Loss: 0.673320
Train Epoch: 3 [19136/60000 (32%)]	Loss: 0.717029
Train Epoch: 3 [25536/60000 (43%)]	Loss: 0.897573
Train Epoch: 3 [31936/60000 (53%)]	Loss: 0.655823
Train Epoch: 3 [38336/60000 (64%)]	Loss: 0.640727
Train Epoch: 3 [44736/60000 (75%)]	Loss: 0.690340
Train Epoch: 3 [51136/60000 (85%)]	Loss: 0.701221
Train Epoch: 3 [57536/60000 (96%)]	Loss: 0.735927

Test set: Average loss: 0.6512, Accuracy: 8429/10000 (84%)

Train Epoch: 4 [6336/60000 (11%)]	Loss: 0.713773
Train Epoch: 4 [12736/60000 (21%)]	Loss: 0.641641
Train Epoch: 4 [19136/60000 (32%)]	Loss: 0.668653
Train Epoch: 4 [25536/60000 (43%)]	Loss: 0.641728
Train Epoch: 4 [31936/60000 (53%)]	Loss: 0.750111
Train Epoch: 4 [38336/60000 (64%)]	Loss: 0.588134
Train Epoch: 4 [44736/60000 (75%)]	Loss: 0.708510
Train Epoch: 4 [51136/60000 (85%)]	Loss: 0.676194
Train Epoch: 4 [57536/60000 (96%)]	Loss: 0.601879

Test set: Average loss: 0.6144, Accuracy: 8561/10000 (86%)

Train Epoch: 5 [6336/60000 (11%)]	Loss: 0.620569
Train Epoch: 5 [12736/60000 (21%)]	Loss: 0.549334
Train Epoch: 5 [19136/60000 (32%)]	Loss: 0.494955
Train Epoch: 5 [25536/60000 (43%)]	Loss: 0.465757
Train Epoch: 5 [31936/60000 (53%)]	Loss: 0.742973
Train Epoch: 5 [38336/60000 (64%)]	Loss: 0.630819
Train Epoch: 5 [44736/60000 (75%)]	Loss: 0.720326
Train Epoch: 5 [51136/60000 (85%)]	Loss: 0.658628
Train Epoch: 5 [57536/60000 (96%)]	Loss: 0.789699

Test set: Average loss: 0.5999, Accuracy: 8600/10000 (86%)

Train Epoch: 6 [6336/60000 (11%)]	Loss: 0.537017
Train Epoch: 6 [12736/60000 (21%)]	Loss: 0.690489
Train Epoch: 6 [19136/60000 (32%)]	Loss: 0.623678
Train Epoch: 6 [25536/60000 (43%)]	Loss: 0.551679
Train Epoch: 6 [31936/60000 (53%)]	Loss: 0.578284
Train Epoch: 6 [38336/60000 (64%)]	Loss: 0.769090
Train Epoch: 6 [44736/60000 (75%)]	Loss: 0.661541
Train Epoch: 6 [51136/60000 (85%)]	Loss: 0.500917
Train Epoch: 6 [57536/60000 (96%)]	Loss: 0.681256

Test set: Average loss: 0.5881, Accuracy: 8652/10000 (87%)

Train Epoch: 7 [6336/60000 (11%)]	Loss: 0.599981
Train Epoch: 7 [12736/60000 (21%)]	Loss: 0.645691
Train Epoch: 7 [19136/60000 (32%)]	Loss: 0.576418
Train Epoch: 7 [25536/60000 (43%)]	Loss: 0.581465
Train Epoch: 7 [31936/60000 (53%)]	Loss: 0.631777
Train Epoch: 7 [38336/60000 (64%)]	Loss: 0.624327
Train Epoch: 7 [44736/60000 (75%)]	Loss: 0.589071
Train Epoch: 7 [51136/60000 (85%)]	Loss: 0.705561
Train Epoch: 7 [57536/60000 (96%)]	Loss: 0.654817

Test set: Average loss: 0.5806, Accuracy: 8673/10000 (87%)

Train Epoch: 8 [6336/60000 (11%)]	Loss: 0.564082
Train Epoch: 8 [12736/60000 (21%)]	Loss: 0.578679
Train Epoch: 8 [19136/60000 (32%)]	Loss: 0.691853
Train Epoch: 8 [25536/60000 (43%)]	Loss: 0.758194
Train Epoch: 8 [31936/60000 (53%)]	Loss: 0.736932
Train Epoch: 8 [38336/60000 (64%)]	Loss: 0.649067
Train Epoch: 8 [44736/60000 (75%)]	Loss: 0.633070
Train Epoch: 8 [51136/60000 (85%)]	Loss: 0.594635
Train Epoch: 8 [57536/60000 (96%)]	Loss: 0.653926

Test set: Average loss: 0.5740, Accuracy: 8669/10000 (87%)

Train Epoch: 9 [6336/60000 (11%)]	Loss: 0.674047
Train Epoch: 9 [12736/60000 (21%)]	Loss: 0.581018
Train Epoch: 9 [19136/60000 (32%)]	Loss: 0.483096
Train Epoch: 9 [25536/60000 (43%)]	Loss: 0.514010
Train Epoch: 9 [31936/60000 (53%)]	Loss: 0.770140
Train Epoch: 9 [38336/60000 (64%)]	Loss: 0.626946
Train Epoch: 9 [44736/60000 (75%)]	Loss: 0.570729
Train Epoch: 9 [51136/60000 (85%)]	Loss: 0.611804
Train Epoch: 9 [57536/60000 (96%)]	Loss: 0.715873

Test set: Average loss: 0.5699, Accuracy: 8711/10000 (87%)

Train Epoch: 10 [6336/60000 (11%)]	Loss: 0.594061
Train Epoch: 10 [12736/60000 (21%)]	Loss: 0.662235
Train Epoch: 10 [19136/60000 (32%)]	Loss: 0.434817
Train Epoch: 10 [25536/60000 (43%)]	Loss: 0.597130
Train Epoch: 10 [31936/60000 (53%)]	Loss: 0.707732
Train Epoch: 10 [38336/60000 (64%)]	Loss: 0.659039
Train Epoch: 10 [44736/60000 (75%)]	Loss: 0.579721
Train Epoch: 10 [51136/60000 (85%)]	Loss: 0.549875
Train Epoch: 10 [57536/60000 (96%)]	Loss: 0.587585

Test set: Average loss: 0.5743, Accuracy: 8591/10000 (86%)

Train Epoch: 11 [6336/60000 (11%)]	Loss: 0.454031
Train Epoch: 11 [12736/60000 (21%)]	Loss: 0.584413
Train Epoch: 11 [19136/60000 (32%)]	Loss: 0.641360
Train Epoch: 11 [25536/60000 (43%)]	Loss: 0.485344
Train Epoch: 11 [31936/60000 (53%)]	Loss: 0.560598
Train Epoch: 11 [38336/60000 (64%)]	Loss: 0.612317
Train Epoch: 11 [44736/60000 (75%)]	Loss: 0.573910
Train Epoch: 11 [51136/60000 (85%)]	Loss: 0.610265
Train Epoch: 11 [57536/60000 (96%)]	Loss: 0.628396

Test set: Average loss: 0.5624, Accuracy: 8698/10000 (87%)

Train Epoch: 12 [6336/60000 (11%)]	Loss: 0.660395
Train Epoch: 12 [12736/60000 (21%)]	Loss: 0.559220
Train Epoch: 12 [19136/60000 (32%)]	Loss: 0.455217
Train Epoch: 12 [25536/60000 (43%)]	Loss: 0.539324
Train Epoch: 12 [31936/60000 (53%)]	Loss: 0.649523
Train Epoch: 12 [38336/60000 (64%)]	Loss: 0.580227
Train Epoch: 12 [44736/60000 (75%)]	Loss: 0.532062
Train Epoch: 12 [51136/60000 (85%)]	Loss: 0.570821
Train Epoch: 12 [57536/60000 (96%)]	Loss: 0.556754

Test set: Average loss: 0.5610, Accuracy: 8723/10000 (87%)

Train Epoch: 13 [6336/60000 (11%)]	Loss: 0.501082
Train Epoch: 13 [12736/60000 (21%)]	Loss: 0.423802
Train Epoch: 13 [19136/60000 (32%)]	Loss: 0.585467
Train Epoch: 13 [25536/60000 (43%)]	Loss: 0.542311
Train Epoch: 13 [31936/60000 (53%)]	Loss: 0.595836
Train Epoch: 13 [38336/60000 (64%)]	Loss: 0.628084
Train Epoch: 13 [44736/60000 (75%)]	Loss: 0.500712
Train Epoch: 13 [51136/60000 (85%)]	Loss: 0.496473
Train Epoch: 13 [57536/60000 (96%)]	Loss: 0.583809

Test set: Average loss: 0.5582, Accuracy: 8723/10000 (87%)

Train Epoch: 14 [6336/60000 (11%)]	Loss: 0.635445
Train Epoch: 14 [12736/60000 (21%)]	Loss: 0.739904
Train Epoch: 14 [19136/60000 (32%)]	Loss: 0.580242
Train Epoch: 14 [25536/60000 (43%)]	Loss: 0.625975
Train Epoch: 14 [31936/60000 (53%)]	Loss: 0.469293
Train Epoch: 14 [38336/60000 (64%)]	Loss: 0.544954
Train Epoch: 14 [44736/60000 (75%)]	Loss: 0.523658
Train Epoch: 14 [51136/60000 (85%)]	Loss: 0.516214
Train Epoch: 14 [57536/60000 (96%)]	Loss: 0.464733

Test set: Average loss: 0.5595, Accuracy: 8724/10000 (87%)

Train Epoch: 15 [6336/60000 (11%)]	Loss: 0.521764
Train Epoch: 15 [12736/60000 (21%)]	Loss: 0.523031
Train Epoch: 15 [19136/60000 (32%)]	Loss: 0.479029
Train Epoch: 15 [25536/60000 (43%)]	Loss: 0.515280
Train Epoch: 15 [31936/60000 (53%)]	Loss: 0.688997
Train Epoch: 15 [38336/60000 (64%)]	Loss: 0.556087
Train Epoch: 15 [44736/60000 (75%)]	Loss: 0.605810
Train Epoch: 15 [51136/60000 (85%)]	Loss: 0.753618
Train Epoch: 15 [57536/60000 (96%)]	Loss: 0.624668

Test set: Average loss: 0.5559, Accuracy: 8733/10000 (87%)

Train Epoch: 16 [6336/60000 (11%)]	Loss: 0.615795
Train Epoch: 16 [12736/60000 (21%)]	Loss: 0.571040
Train Epoch: 16 [19136/60000 (32%)]	Loss: 0.450898
Train Epoch: 16 [25536/60000 (43%)]	Loss: 0.545771
Train Epoch: 16 [31936/60000 (53%)]	Loss: 0.580922
Train Epoch: 16 [38336/60000 (64%)]	Loss: 0.541376
Train Epoch: 16 [44736/60000 (75%)]	Loss: 0.626337
Train Epoch: 16 [51136/60000 (85%)]	Loss: 0.614550
Train Epoch: 16 [57536/60000 (96%)]	Loss: 0.471641

Test set: Average loss: 0.5564, Accuracy: 8730/10000 (87%)

Train Epoch: 17 [6336/60000 (11%)]	Loss: 0.615072
Train Epoch: 17 [12736/60000 (21%)]	Loss: 0.472129
Train Epoch: 17 [19136/60000 (32%)]	Loss: 0.637645
Train Epoch: 17 [25536/60000 (43%)]	Loss: 0.494333
Train Epoch: 17 [31936/60000 (53%)]	Loss: 0.580785
Train Epoch: 17 [38336/60000 (64%)]	Loss: 0.678007
Train Epoch: 17 [44736/60000 (75%)]	Loss: 0.590991
Train Epoch: 17 [51136/60000 (85%)]	Loss: 0.731288
Train Epoch: 17 [57536/60000 (96%)]	Loss: 0.702726

Test set: Average loss: 0.5550, Accuracy: 8735/10000 (87%)

Namespace(batch_size=64, bias=None, data='../data', device=1, epochs=17, hidden_size=500, load_weights=None, log_interval=100, lr=0.1, model='widefc4', momentum=0.9, no_cuda=False, r=5, save_model=None, save_results=True, seed=1, sparsity=0.99, use_relu=False, wd=0.0005)


Total time spent pruning/training: 3.01 minutes
Total number of parameters in model: 4496508
Number of parameters in pruned model: 44965
