Namespace(batch_size=64, bias=None, data='../data', device=0, epochs=11, hidden_size=500, load_weights=None, log_interval=100, lr=0.1, model='fc2', momentum=0.9, no_cuda=False, r=5, save_model=None, save_results=True, seed=1, sparsity=0.5, use_relu=False, wd=0.0005) 

Training a Two-Layer Fully Connected Network ...
Train Epoch: 1 [6336/60000 (11%)]	Loss: 0.321193
Train Epoch: 1 [12736/60000 (21%)]	Loss: 0.163486
Train Epoch: 1 [19136/60000 (32%)]	Loss: 0.305233
Train Epoch: 1 [25536/60000 (43%)]	Loss: 0.403972
Train Epoch: 1 [31936/60000 (53%)]	Loss: 0.112285
Train Epoch: 1 [38336/60000 (64%)]	Loss: 0.238192
Train Epoch: 1 [44736/60000 (75%)]	Loss: 0.287881
Train Epoch: 1 [51136/60000 (85%)]	Loss: 0.101344
Train Epoch: 1 [57536/60000 (96%)]	Loss: 0.274161

Test set: Average loss: 0.2375, Accuracy: 9395/10000 (94%)

Train Epoch: 2 [6336/60000 (11%)]	Loss: 0.403774
Train Epoch: 2 [12736/60000 (21%)]	Loss: 0.088304
Train Epoch: 2 [19136/60000 (32%)]	Loss: 0.313305
Train Epoch: 2 [25536/60000 (43%)]	Loss: 0.173229
Train Epoch: 2 [31936/60000 (53%)]	Loss: 0.158708
Train Epoch: 2 [38336/60000 (64%)]	Loss: 0.285615
Train Epoch: 2 [44736/60000 (75%)]	Loss: 0.141876
Train Epoch: 2 [51136/60000 (85%)]	Loss: 0.152301
Train Epoch: 2 [57536/60000 (96%)]	Loss: 0.319152

Test set: Average loss: 0.1988, Accuracy: 9472/10000 (95%)

Train Epoch: 3 [6336/60000 (11%)]	Loss: 0.060547
Train Epoch: 3 [12736/60000 (21%)]	Loss: 0.216013
Train Epoch: 3 [19136/60000 (32%)]	Loss: 0.219131
Train Epoch: 3 [25536/60000 (43%)]	Loss: 0.085392
Train Epoch: 3 [31936/60000 (53%)]	Loss: 0.104199
Train Epoch: 3 [38336/60000 (64%)]	Loss: 0.096583
Train Epoch: 3 [44736/60000 (75%)]	Loss: 0.057605
Train Epoch: 3 [51136/60000 (85%)]	Loss: 0.312907
Train Epoch: 3 [57536/60000 (96%)]	Loss: 0.109440

Test set: Average loss: 0.1899, Accuracy: 9485/10000 (95%)

Train Epoch: 4 [6336/60000 (11%)]	Loss: 0.157781
Train Epoch: 4 [12736/60000 (21%)]	Loss: 0.053646
Train Epoch: 4 [19136/60000 (32%)]	Loss: 0.128644
Train Epoch: 4 [25536/60000 (43%)]	Loss: 0.180442
Train Epoch: 4 [31936/60000 (53%)]	Loss: 0.157320
Train Epoch: 4 [38336/60000 (64%)]	Loss: 0.012706
Train Epoch: 4 [44736/60000 (75%)]	Loss: 0.080659
Train Epoch: 4 [51136/60000 (85%)]	Loss: 0.114784
Train Epoch: 4 [57536/60000 (96%)]	Loss: 0.086739

Test set: Average loss: 0.1240, Accuracy: 9632/10000 (96%)

Train Epoch: 5 [6336/60000 (11%)]	Loss: 0.200731
Train Epoch: 5 [12736/60000 (21%)]	Loss: 0.005524
Train Epoch: 5 [19136/60000 (32%)]	Loss: 0.152224
Train Epoch: 5 [25536/60000 (43%)]	Loss: 0.131407
Train Epoch: 5 [31936/60000 (53%)]	Loss: 0.182807
Train Epoch: 5 [38336/60000 (64%)]	Loss: 0.118159
Train Epoch: 5 [44736/60000 (75%)]	Loss: 0.069874
Train Epoch: 5 [51136/60000 (85%)]	Loss: 0.239316
Train Epoch: 5 [57536/60000 (96%)]	Loss: 0.216873

Test set: Average loss: 0.1403, Accuracy: 9594/10000 (96%)

Train Epoch: 6 [6336/60000 (11%)]	Loss: 0.034014
Train Epoch: 6 [12736/60000 (21%)]	Loss: 0.012844
Train Epoch: 6 [19136/60000 (32%)]	Loss: 0.086548
Train Epoch: 6 [25536/60000 (43%)]	Loss: 0.027224
Train Epoch: 6 [31936/60000 (53%)]	Loss: 0.032222
Train Epoch: 6 [38336/60000 (64%)]	Loss: 0.117978
Train Epoch: 6 [44736/60000 (75%)]	Loss: 0.019004
Train Epoch: 6 [51136/60000 (85%)]	Loss: 0.082235
Train Epoch: 6 [57536/60000 (96%)]	Loss: 0.064328

Test set: Average loss: 0.0914, Accuracy: 9721/10000 (97%)

Train Epoch: 7 [6336/60000 (11%)]	Loss: 0.050237
Train Epoch: 7 [12736/60000 (21%)]	Loss: 0.014381
Train Epoch: 7 [19136/60000 (32%)]	Loss: 0.092180
Train Epoch: 7 [25536/60000 (43%)]	Loss: 0.036888
Train Epoch: 7 [31936/60000 (53%)]	Loss: 0.025402
Train Epoch: 7 [38336/60000 (64%)]	Loss: 0.012941
Train Epoch: 7 [44736/60000 (75%)]	Loss: 0.006912
Train Epoch: 7 [51136/60000 (85%)]	Loss: 0.060191
Train Epoch: 7 [57536/60000 (96%)]	Loss: 0.137927

Test set: Average loss: 0.0640, Accuracy: 9809/10000 (98%)

Train Epoch: 8 [6336/60000 (11%)]	Loss: 0.021064
Train Epoch: 8 [12736/60000 (21%)]	Loss: 0.030126
Train Epoch: 8 [19136/60000 (32%)]	Loss: 0.067826
Train Epoch: 8 [25536/60000 (43%)]	Loss: 0.009969
Train Epoch: 8 [31936/60000 (53%)]	Loss: 0.003341
Train Epoch: 8 [38336/60000 (64%)]	Loss: 0.008083
Train Epoch: 8 [44736/60000 (75%)]	Loss: 0.012826
Train Epoch: 8 [51136/60000 (85%)]	Loss: 0.032368
Train Epoch: 8 [57536/60000 (96%)]	Loss: 0.007907

Test set: Average loss: 0.0565, Accuracy: 9828/10000 (98%)

Train Epoch: 9 [6336/60000 (11%)]	Loss: 0.002434
Train Epoch: 9 [12736/60000 (21%)]	Loss: 0.002064
Train Epoch: 9 [19136/60000 (32%)]	Loss: 0.004610
Train Epoch: 9 [25536/60000 (43%)]	Loss: 0.004264
Train Epoch: 9 [31936/60000 (53%)]	Loss: 0.009207
Train Epoch: 9 [38336/60000 (64%)]	Loss: 0.003806
Train Epoch: 9 [44736/60000 (75%)]	Loss: 0.038486
Train Epoch: 9 [51136/60000 (85%)]	Loss: 0.012639
Train Epoch: 9 [57536/60000 (96%)]	Loss: 0.007007

Test set: Average loss: 0.0503, Accuracy: 9846/10000 (98%)

Train Epoch: 10 [6336/60000 (11%)]	Loss: 0.004008
Train Epoch: 10 [12736/60000 (21%)]	Loss: 0.006475
Train Epoch: 10 [19136/60000 (32%)]	Loss: 0.005377
Train Epoch: 10 [25536/60000 (43%)]	Loss: 0.010010
Train Epoch: 10 [31936/60000 (53%)]	Loss: 0.005428
Train Epoch: 10 [38336/60000 (64%)]	Loss: 0.015614
Train Epoch: 10 [44736/60000 (75%)]	Loss: 0.003747
Train Epoch: 10 [51136/60000 (85%)]	Loss: 0.016920
Train Epoch: 10 [57536/60000 (96%)]	Loss: 0.037870

Test set: Average loss: 0.0500, Accuracy: 9850/10000 (98%)

Train Epoch: 11 [6336/60000 (11%)]	Loss: 0.005957
Train Epoch: 11 [12736/60000 (21%)]	Loss: 0.008450
Train Epoch: 11 [19136/60000 (32%)]	Loss: 0.008672
Train Epoch: 11 [25536/60000 (43%)]	Loss: 0.008579
Train Epoch: 11 [31936/60000 (53%)]	Loss: 0.005248
Train Epoch: 11 [38336/60000 (64%)]	Loss: 0.003144
Train Epoch: 11 [44736/60000 (75%)]	Loss: 0.008889
Train Epoch: 11 [51136/60000 (85%)]	Loss: 0.008314
Train Epoch: 11 [57536/60000 (96%)]	Loss: 0.008114

Test set: Average loss: 0.0481, Accuracy: 9848/10000 (98%)

Namespace(batch_size=64, bias=None, data='../data', device=0, epochs=11, hidden_size=500, load_weights=None, log_interval=100, lr=0.1, model='fc2', momentum=0.9, no_cuda=False, r=5, save_model=None, save_results=True, seed=1, sparsity=0.5, use_relu=False, wd=0.0005)


Total time spent pruning/training: 1.36 minutes
Total number of parameters in model: 397000
