Namespace(batch_size=64, bias=None, data='../data', device=1, epochs=150, hidden_size=500, load_weights=None, log_interval=100, lr=0.1, model='fc2', momentum=0.9, no_cuda=False, r=5, save_model=None, save_results=True, seed=1, sparsity=0.5, use_relu=False, wd=0.0005) 

Training a Two-Layer Fully Connected Network ...
Train Epoch: 1 [6336/60000 (11%)]	Loss: 0.321193
Train Epoch: 1 [12736/60000 (21%)]	Loss: 0.163486
Train Epoch: 1 [19136/60000 (32%)]	Loss: 0.305233
Train Epoch: 1 [25536/60000 (43%)]	Loss: 0.403972
Train Epoch: 1 [31936/60000 (53%)]	Loss: 0.112285
Train Epoch: 1 [38336/60000 (64%)]	Loss: 0.238192
Train Epoch: 1 [44736/60000 (75%)]	Loss: 0.287881
Train Epoch: 1 [51136/60000 (85%)]	Loss: 0.101344
Train Epoch: 1 [57536/60000 (96%)]	Loss: 0.274161

Test set: Average loss: 0.2375, Accuracy: 9395/10000 (94%)

Train Epoch: 2 [6336/60000 (11%)]	Loss: 0.448363
Train Epoch: 2 [12736/60000 (21%)]	Loss: 0.106991
Train Epoch: 2 [19136/60000 (32%)]	Loss: 0.261649
Train Epoch: 2 [25536/60000 (43%)]	Loss: 0.203286
Train Epoch: 2 [31936/60000 (53%)]	Loss: 0.300007
Train Epoch: 2 [38336/60000 (64%)]	Loss: 0.111890
Train Epoch: 2 [44736/60000 (75%)]	Loss: 0.165091
Train Epoch: 2 [51136/60000 (85%)]	Loss: 0.107902
Train Epoch: 2 [57536/60000 (96%)]	Loss: 0.099079

Test set: Average loss: 0.2145, Accuracy: 9426/10000 (94%)

Train Epoch: 3 [6336/60000 (11%)]	Loss: 0.094591
Train Epoch: 3 [12736/60000 (21%)]	Loss: 0.129596
Train Epoch: 3 [19136/60000 (32%)]	Loss: 0.198310
Train Epoch: 3 [25536/60000 (43%)]	Loss: 0.141288
Train Epoch: 3 [31936/60000 (53%)]	Loss: 0.061125
Train Epoch: 3 [38336/60000 (64%)]	Loss: 0.207068
Train Epoch: 3 [44736/60000 (75%)]	Loss: 0.180998
Train Epoch: 3 [51136/60000 (85%)]	Loss: 0.350557
Train Epoch: 3 [57536/60000 (96%)]	Loss: 0.218907

Test set: Average loss: 0.2353, Accuracy: 9439/10000 (94%)

Train Epoch: 4 [6336/60000 (11%)]	Loss: 0.138365
Train Epoch: 4 [12736/60000 (21%)]	Loss: 0.101794
Train Epoch: 4 [19136/60000 (32%)]	Loss: 0.074564
Train Epoch: 4 [25536/60000 (43%)]	Loss: 0.428794
Train Epoch: 4 [31936/60000 (53%)]	Loss: 0.306574
Train Epoch: 4 [38336/60000 (64%)]	Loss: 0.054229
Train Epoch: 4 [44736/60000 (75%)]	Loss: 0.147810
Train Epoch: 4 [51136/60000 (85%)]	Loss: 0.283303
Train Epoch: 4 [57536/60000 (96%)]	Loss: 0.121464

Test set: Average loss: 0.1834, Accuracy: 9502/10000 (95%)

Train Epoch: 5 [6336/60000 (11%)]	Loss: 0.188541
Train Epoch: 5 [12736/60000 (21%)]	Loss: 0.086530
Train Epoch: 5 [19136/60000 (32%)]	Loss: 0.348136
Train Epoch: 5 [25536/60000 (43%)]	Loss: 0.311598
Train Epoch: 5 [31936/60000 (53%)]	Loss: 0.265749
Train Epoch: 5 [38336/60000 (64%)]	Loss: 0.129822
Train Epoch: 5 [44736/60000 (75%)]	Loss: 0.061042
Train Epoch: 5 [51136/60000 (85%)]	Loss: 0.228144
Train Epoch: 5 [57536/60000 (96%)]	Loss: 0.421453

Test set: Average loss: 0.2815, Accuracy: 9305/10000 (93%)

Train Epoch: 6 [6336/60000 (11%)]	Loss: 0.161932
Train Epoch: 6 [12736/60000 (21%)]	Loss: 0.109141
Train Epoch: 6 [19136/60000 (32%)]	Loss: 0.153140
Train Epoch: 6 [25536/60000 (43%)]	Loss: 0.043810
Train Epoch: 6 [31936/60000 (53%)]	Loss: 0.237656
Train Epoch: 6 [38336/60000 (64%)]	Loss: 0.206922
Train Epoch: 6 [44736/60000 (75%)]	Loss: 0.148841
Train Epoch: 6 [51136/60000 (85%)]	Loss: 0.323691
Train Epoch: 6 [57536/60000 (96%)]	Loss: 0.353444

Test set: Average loss: 0.2396, Accuracy: 9417/10000 (94%)

Train Epoch: 7 [6336/60000 (11%)]	Loss: 0.072340
Train Epoch: 7 [12736/60000 (21%)]	Loss: 0.227608
Train Epoch: 7 [19136/60000 (32%)]	Loss: 0.184744
Train Epoch: 7 [25536/60000 (43%)]	Loss: 0.192030
Train Epoch: 7 [31936/60000 (53%)]	Loss: 0.412317
Train Epoch: 7 [38336/60000 (64%)]	Loss: 0.164337
Train Epoch: 7 [44736/60000 (75%)]	Loss: 0.055063
Train Epoch: 7 [51136/60000 (85%)]	Loss: 0.386387
Train Epoch: 7 [57536/60000 (96%)]	Loss: 0.670957

Test set: Average loss: 0.2081, Accuracy: 9450/10000 (94%)

Train Epoch: 8 [6336/60000 (11%)]	Loss: 0.054036
Train Epoch: 8 [12736/60000 (21%)]	Loss: 0.127203
Train Epoch: 8 [19136/60000 (32%)]	Loss: 0.570438
Train Epoch: 8 [25536/60000 (43%)]	Loss: 0.185481
Train Epoch: 8 [31936/60000 (53%)]	Loss: 0.120534
Train Epoch: 8 [38336/60000 (64%)]	Loss: 0.260763
Train Epoch: 8 [44736/60000 (75%)]	Loss: 0.108012
Train Epoch: 8 [51136/60000 (85%)]	Loss: 0.259652
Train Epoch: 8 [57536/60000 (96%)]	Loss: 0.184856

Test set: Average loss: 0.1999, Accuracy: 9477/10000 (95%)

Train Epoch: 9 [6336/60000 (11%)]	Loss: 0.048137
Train Epoch: 9 [12736/60000 (21%)]	Loss: 0.081079
Train Epoch: 9 [19136/60000 (32%)]	Loss: 0.139232
Train Epoch: 9 [25536/60000 (43%)]	Loss: 0.087693
Train Epoch: 9 [31936/60000 (53%)]	Loss: 0.358019
Train Epoch: 9 [38336/60000 (64%)]	Loss: 0.046808
Train Epoch: 9 [44736/60000 (75%)]	Loss: 0.344564
Train Epoch: 9 [51136/60000 (85%)]	Loss: 0.385846
Train Epoch: 9 [57536/60000 (96%)]	Loss: 0.126291

Test set: Average loss: 0.1666, Accuracy: 9566/10000 (96%)

Train Epoch: 10 [6336/60000 (11%)]	Loss: 0.161719
Train Epoch: 10 [12736/60000 (21%)]	Loss: 0.152150
Train Epoch: 10 [19136/60000 (32%)]	Loss: 0.162652
Train Epoch: 10 [25536/60000 (43%)]	Loss: 0.189578
Train Epoch: 10 [31936/60000 (53%)]	Loss: 0.152915
Train Epoch: 10 [38336/60000 (64%)]	Loss: 0.372148
Train Epoch: 10 [44736/60000 (75%)]	Loss: 0.081700
Train Epoch: 10 [51136/60000 (85%)]	Loss: 0.168436
Train Epoch: 10 [57536/60000 (96%)]	Loss: 0.152750

Test set: Average loss: 0.2183, Accuracy: 9483/10000 (95%)

Train Epoch: 11 [6336/60000 (11%)]	Loss: 0.089646
Train Epoch: 11 [12736/60000 (21%)]	Loss: 0.130157
Train Epoch: 11 [19136/60000 (32%)]	Loss: 0.165064
Train Epoch: 11 [25536/60000 (43%)]	Loss: 0.215605
Train Epoch: 11 [31936/60000 (53%)]	Loss: 0.014297
Train Epoch: 11 [38336/60000 (64%)]	Loss: 0.080179
Train Epoch: 11 [44736/60000 (75%)]	Loss: 0.054431
Train Epoch: 11 [51136/60000 (85%)]	Loss: 0.217838
Train Epoch: 11 [57536/60000 (96%)]	Loss: 0.154091

Test set: Average loss: 0.1892, Accuracy: 9490/10000 (95%)

Train Epoch: 12 [6336/60000 (11%)]	Loss: 0.071248
Train Epoch: 12 [12736/60000 (21%)]	Loss: 0.084365
Train Epoch: 12 [19136/60000 (32%)]	Loss: 0.122264
Train Epoch: 12 [25536/60000 (43%)]	Loss: 0.115901
Train Epoch: 12 [31936/60000 (53%)]	Loss: 0.181837
Train Epoch: 12 [38336/60000 (64%)]	Loss: 0.210699
Train Epoch: 12 [44736/60000 (75%)]	Loss: 0.150695
Train Epoch: 12 [51136/60000 (85%)]	Loss: 0.130073
Train Epoch: 12 [57536/60000 (96%)]	Loss: 0.219859

Test set: Average loss: 0.2527, Accuracy: 9401/10000 (94%)

Train Epoch: 13 [6336/60000 (11%)]	Loss: 0.161713
Train Epoch: 13 [12736/60000 (21%)]	Loss: 0.213812
Train Epoch: 13 [19136/60000 (32%)]	Loss: 0.045059
Train Epoch: 13 [25536/60000 (43%)]	Loss: 0.117933
Train Epoch: 13 [31936/60000 (53%)]	Loss: 0.156948
Train Epoch: 13 [38336/60000 (64%)]	Loss: 0.279777
Train Epoch: 13 [44736/60000 (75%)]	Loss: 0.028125
Train Epoch: 13 [51136/60000 (85%)]	Loss: 0.171617
Train Epoch: 13 [57536/60000 (96%)]	Loss: 0.050224

Test set: Average loss: 0.1732, Accuracy: 9564/10000 (96%)

Train Epoch: 14 [6336/60000 (11%)]	Loss: 0.297078
Train Epoch: 14 [12736/60000 (21%)]	Loss: 0.114544
Train Epoch: 14 [19136/60000 (32%)]	Loss: 0.201528
Train Epoch: 14 [25536/60000 (43%)]	Loss: 0.089907
Train Epoch: 14 [31936/60000 (53%)]	Loss: 0.076338
Train Epoch: 14 [38336/60000 (64%)]	Loss: 0.136198
Train Epoch: 14 [44736/60000 (75%)]	Loss: 0.138212
Train Epoch: 14 [51136/60000 (85%)]	Loss: 0.326840
Train Epoch: 14 [57536/60000 (96%)]	Loss: 0.077159

Test set: Average loss: 0.2084, Accuracy: 9491/10000 (95%)

Train Epoch: 15 [6336/60000 (11%)]	Loss: 0.260146
Train Epoch: 15 [12736/60000 (21%)]	Loss: 0.302357
Train Epoch: 15 [19136/60000 (32%)]	Loss: 0.189141
Train Epoch: 15 [25536/60000 (43%)]	Loss: 0.214909
Train Epoch: 15 [31936/60000 (53%)]	Loss: 0.127105
Train Epoch: 15 [38336/60000 (64%)]	Loss: 0.082858
Train Epoch: 15 [44736/60000 (75%)]	Loss: 0.072286
Train Epoch: 15 [51136/60000 (85%)]	Loss: 0.350675
Train Epoch: 15 [57536/60000 (96%)]	Loss: 0.156859

Test set: Average loss: 0.1805, Accuracy: 9510/10000 (95%)

Train Epoch: 16 [6336/60000 (11%)]	Loss: 0.081205
Train Epoch: 16 [12736/60000 (21%)]	Loss: 0.255430
Train Epoch: 16 [19136/60000 (32%)]	Loss: 0.150873
Train Epoch: 16 [25536/60000 (43%)]	Loss: 0.212484
Train Epoch: 16 [31936/60000 (53%)]	Loss: 0.044444
Train Epoch: 16 [38336/60000 (64%)]	Loss: 0.356944
Train Epoch: 16 [44736/60000 (75%)]	Loss: 0.236801
Train Epoch: 16 [51136/60000 (85%)]	Loss: 0.043273
Train Epoch: 16 [57536/60000 (96%)]	Loss: 0.259811

Test set: Average loss: 0.2112, Accuracy: 9453/10000 (95%)

Train Epoch: 17 [6336/60000 (11%)]	Loss: 0.076862
Train Epoch: 17 [12736/60000 (21%)]	Loss: 0.115596
Train Epoch: 17 [19136/60000 (32%)]	Loss: 0.197326
Train Epoch: 17 [25536/60000 (43%)]	Loss: 0.244703
Train Epoch: 17 [31936/60000 (53%)]	Loss: 0.073430
Train Epoch: 17 [38336/60000 (64%)]	Loss: 0.233083
Train Epoch: 17 [44736/60000 (75%)]	Loss: 0.064101
Train Epoch: 17 [51136/60000 (85%)]	Loss: 0.223680
Train Epoch: 17 [57536/60000 (96%)]	Loss: 0.110564

Test set: Average loss: 0.2407, Accuracy: 9422/10000 (94%)

Train Epoch: 18 [6336/60000 (11%)]	Loss: 0.169545
Train Epoch: 18 [12736/60000 (21%)]	Loss: 0.089859
Train Epoch: 18 [19136/60000 (32%)]	Loss: 0.252580
Train Epoch: 18 [25536/60000 (43%)]	Loss: 0.128460
Train Epoch: 18 [31936/60000 (53%)]	Loss: 0.343945
Train Epoch: 18 [38336/60000 (64%)]	Loss: 0.156561
Train Epoch: 18 [44736/60000 (75%)]	Loss: 0.202872
Train Epoch: 18 [51136/60000 (85%)]	Loss: 0.219376
Train Epoch: 18 [57536/60000 (96%)]	Loss: 0.125206

Test set: Average loss: 0.2059, Accuracy: 9463/10000 (95%)

Train Epoch: 19 [6336/60000 (11%)]	Loss: 0.177915
Train Epoch: 19 [12736/60000 (21%)]	Loss: 0.094218
Train Epoch: 19 [19136/60000 (32%)]	Loss: 0.094113
Train Epoch: 19 [25536/60000 (43%)]	Loss: 0.135079
Train Epoch: 19 [31936/60000 (53%)]	Loss: 0.058937
Train Epoch: 19 [38336/60000 (64%)]	Loss: 0.148274
Train Epoch: 19 [44736/60000 (75%)]	Loss: 0.265490
Train Epoch: 19 [51136/60000 (85%)]	Loss: 0.039682
Train Epoch: 19 [57536/60000 (96%)]	Loss: 0.072213

Test set: Average loss: 0.2085, Accuracy: 9437/10000 (94%)

Train Epoch: 20 [6336/60000 (11%)]	Loss: 0.018450
Train Epoch: 20 [12736/60000 (21%)]	Loss: 0.103610
Train Epoch: 20 [19136/60000 (32%)]	Loss: 0.131909
Train Epoch: 20 [25536/60000 (43%)]	Loss: 0.202532
Train Epoch: 20 [31936/60000 (53%)]	Loss: 0.027356
Train Epoch: 20 [38336/60000 (64%)]	Loss: 0.179409
Train Epoch: 20 [44736/60000 (75%)]	Loss: 0.135966
Train Epoch: 20 [51136/60000 (85%)]	Loss: 0.115567
Train Epoch: 20 [57536/60000 (96%)]	Loss: 0.435841

Test set: Average loss: 0.1531, Accuracy: 9593/10000 (96%)

Train Epoch: 21 [6336/60000 (11%)]	Loss: 0.128627
Train Epoch: 21 [12736/60000 (21%)]	Loss: 0.112397
Train Epoch: 21 [19136/60000 (32%)]	Loss: 0.329975
Train Epoch: 21 [25536/60000 (43%)]	Loss: 0.256946
Train Epoch: 21 [31936/60000 (53%)]	Loss: 0.124631
Train Epoch: 21 [38336/60000 (64%)]	Loss: 0.142629
Train Epoch: 21 [44736/60000 (75%)]	Loss: 0.211083
Train Epoch: 21 [51136/60000 (85%)]	Loss: 0.067067
Train Epoch: 21 [57536/60000 (96%)]	Loss: 0.289558

Test set: Average loss: 0.1775, Accuracy: 9560/10000 (96%)

Train Epoch: 22 [6336/60000 (11%)]	Loss: 0.091661
Train Epoch: 22 [12736/60000 (21%)]	Loss: 0.017127
Train Epoch: 22 [19136/60000 (32%)]	Loss: 0.190427
Train Epoch: 22 [25536/60000 (43%)]	Loss: 0.078317
Train Epoch: 22 [31936/60000 (53%)]	Loss: 0.271014
Train Epoch: 22 [38336/60000 (64%)]	Loss: 0.128675
Train Epoch: 22 [44736/60000 (75%)]	Loss: 0.104768
Train Epoch: 22 [51136/60000 (85%)]	Loss: 0.096724
Train Epoch: 22 [57536/60000 (96%)]	Loss: 0.016840

Test set: Average loss: 0.1606, Accuracy: 9562/10000 (96%)

Train Epoch: 23 [6336/60000 (11%)]	Loss: 0.173241
Train Epoch: 23 [12736/60000 (21%)]	Loss: 0.275213
Train Epoch: 23 [19136/60000 (32%)]	Loss: 0.089698
Train Epoch: 23 [25536/60000 (43%)]	Loss: 0.140783
Train Epoch: 23 [31936/60000 (53%)]	Loss: 0.191961
Train Epoch: 23 [38336/60000 (64%)]	Loss: 0.164936
Train Epoch: 23 [44736/60000 (75%)]	Loss: 0.110265
Train Epoch: 23 [51136/60000 (85%)]	Loss: 0.370260
Train Epoch: 23 [57536/60000 (96%)]	Loss: 0.115400

Test set: Average loss: 0.2374, Accuracy: 9405/10000 (94%)

Train Epoch: 24 [6336/60000 (11%)]	Loss: 0.231144
Train Epoch: 24 [12736/60000 (21%)]	Loss: 0.030471
Train Epoch: 24 [19136/60000 (32%)]	Loss: 0.034949
Train Epoch: 24 [25536/60000 (43%)]	Loss: 0.233473
Train Epoch: 24 [31936/60000 (53%)]	Loss: 0.243592
Train Epoch: 24 [38336/60000 (64%)]	Loss: 0.088977
Train Epoch: 24 [44736/60000 (75%)]	Loss: 0.177224
Train Epoch: 24 [51136/60000 (85%)]	Loss: 0.159295
Train Epoch: 24 [57536/60000 (96%)]	Loss: 0.165391

Test set: Average loss: 0.2107, Accuracy: 9452/10000 (95%)

Train Epoch: 25 [6336/60000 (11%)]	Loss: 0.173530
Train Epoch: 25 [12736/60000 (21%)]	Loss: 0.152137
Train Epoch: 25 [19136/60000 (32%)]	Loss: 0.162790
Train Epoch: 25 [25536/60000 (43%)]	Loss: 0.130332
Train Epoch: 25 [31936/60000 (53%)]	Loss: 0.024453
Train Epoch: 25 [38336/60000 (64%)]	Loss: 0.071525
Train Epoch: 25 [44736/60000 (75%)]	Loss: 0.190374
Train Epoch: 25 [51136/60000 (85%)]	Loss: 0.089684
Train Epoch: 25 [57536/60000 (96%)]	Loss: 0.034581

Test set: Average loss: 0.1804, Accuracy: 9539/10000 (95%)

Train Epoch: 26 [6336/60000 (11%)]	Loss: 0.297302
Train Epoch: 26 [12736/60000 (21%)]	Loss: 0.127374
Train Epoch: 26 [19136/60000 (32%)]	Loss: 0.182408
Train Epoch: 26 [25536/60000 (43%)]	Loss: 0.260717
Train Epoch: 26 [31936/60000 (53%)]	Loss: 0.203762
Train Epoch: 26 [38336/60000 (64%)]	Loss: 0.199440
Train Epoch: 26 [44736/60000 (75%)]	Loss: 0.134942
Train Epoch: 26 [51136/60000 (85%)]	Loss: 0.133569
Train Epoch: 26 [57536/60000 (96%)]	Loss: 0.063252

Test set: Average loss: 0.1700, Accuracy: 9569/10000 (96%)

Train Epoch: 27 [6336/60000 (11%)]	Loss: 0.147454
Train Epoch: 27 [12736/60000 (21%)]	Loss: 0.372998
Train Epoch: 27 [19136/60000 (32%)]	Loss: 0.089004
Train Epoch: 27 [25536/60000 (43%)]	Loss: 0.412292
Train Epoch: 27 [31936/60000 (53%)]	Loss: 0.114778
Train Epoch: 27 [38336/60000 (64%)]	Loss: 0.437158
Train Epoch: 27 [44736/60000 (75%)]	Loss: 0.423238
Train Epoch: 27 [51136/60000 (85%)]	Loss: 0.281835
Train Epoch: 27 [57536/60000 (96%)]	Loss: 0.244754

Test set: Average loss: 0.2277, Accuracy: 9411/10000 (94%)

Train Epoch: 28 [6336/60000 (11%)]	Loss: 0.054797
Train Epoch: 28 [12736/60000 (21%)]	Loss: 0.131453
Train Epoch: 28 [19136/60000 (32%)]	Loss: 0.458492
Train Epoch: 28 [25536/60000 (43%)]	Loss: 0.017834
Train Epoch: 28 [31936/60000 (53%)]	Loss: 0.316781
Train Epoch: 28 [38336/60000 (64%)]	Loss: 0.138699
Train Epoch: 28 [44736/60000 (75%)]	Loss: 0.489971
Train Epoch: 28 [51136/60000 (85%)]	Loss: 0.160502
Train Epoch: 28 [57536/60000 (96%)]	Loss: 0.143263

Test set: Average loss: 0.1838, Accuracy: 9520/10000 (95%)

Train Epoch: 29 [6336/60000 (11%)]	Loss: 0.294274
Train Epoch: 29 [12736/60000 (21%)]	Loss: 0.023511
Train Epoch: 29 [19136/60000 (32%)]	Loss: 0.070862
Train Epoch: 29 [25536/60000 (43%)]	Loss: 0.042143
Train Epoch: 29 [31936/60000 (53%)]	Loss: 0.054753
Train Epoch: 29 [38336/60000 (64%)]	Loss: 0.021736
Train Epoch: 29 [44736/60000 (75%)]	Loss: 0.110713
Train Epoch: 29 [51136/60000 (85%)]	Loss: 0.158758
Train Epoch: 29 [57536/60000 (96%)]	Loss: 0.104764

Test set: Average loss: 0.1463, Accuracy: 9610/10000 (96%)

Train Epoch: 30 [6336/60000 (11%)]	Loss: 0.027479
Train Epoch: 30 [12736/60000 (21%)]	Loss: 0.373692
Train Epoch: 30 [19136/60000 (32%)]	Loss: 0.302481
Train Epoch: 30 [25536/60000 (43%)]	Loss: 0.026912
Train Epoch: 30 [31936/60000 (53%)]	Loss: 0.231637
Train Epoch: 30 [38336/60000 (64%)]	Loss: 0.138445
Train Epoch: 30 [44736/60000 (75%)]	Loss: 0.078293
Train Epoch: 30 [51136/60000 (85%)]	Loss: 0.227630
Train Epoch: 30 [57536/60000 (96%)]	Loss: 0.170888

Test set: Average loss: 0.1502, Accuracy: 9597/10000 (96%)

Train Epoch: 31 [6336/60000 (11%)]	Loss: 0.086262
Train Epoch: 31 [12736/60000 (21%)]	Loss: 0.119038
Train Epoch: 31 [19136/60000 (32%)]	Loss: 0.046858
Train Epoch: 31 [25536/60000 (43%)]	Loss: 0.086598
Train Epoch: 31 [31936/60000 (53%)]	Loss: 0.095291
Train Epoch: 31 [38336/60000 (64%)]	Loss: 0.140216
Train Epoch: 31 [44736/60000 (75%)]	Loss: 0.166090
Train Epoch: 31 [51136/60000 (85%)]	Loss: 0.433860
Train Epoch: 31 [57536/60000 (96%)]	Loss: 0.137336

Test set: Average loss: 0.1730, Accuracy: 9535/10000 (95%)

Train Epoch: 32 [6336/60000 (11%)]	Loss: 0.283352
Train Epoch: 32 [12736/60000 (21%)]	Loss: 0.065341
Train Epoch: 32 [19136/60000 (32%)]	Loss: 0.095480
Train Epoch: 32 [25536/60000 (43%)]	Loss: 0.671373
Train Epoch: 32 [31936/60000 (53%)]	Loss: 0.376540
Train Epoch: 32 [38336/60000 (64%)]	Loss: 0.136231
Train Epoch: 32 [44736/60000 (75%)]	Loss: 0.130083
Train Epoch: 32 [51136/60000 (85%)]	Loss: 0.304885
Train Epoch: 32 [57536/60000 (96%)]	Loss: 0.228404

Test set: Average loss: 0.1942, Accuracy: 9483/10000 (95%)

Train Epoch: 33 [6336/60000 (11%)]	Loss: 0.191138
Train Epoch: 33 [12736/60000 (21%)]	Loss: 0.384066
Train Epoch: 33 [19136/60000 (32%)]	Loss: 0.013197
Train Epoch: 33 [25536/60000 (43%)]	Loss: 0.119064
Train Epoch: 33 [31936/60000 (53%)]	Loss: 0.111442
Train Epoch: 33 [38336/60000 (64%)]	Loss: 0.243821
Train Epoch: 33 [44736/60000 (75%)]	Loss: 0.116239
Train Epoch: 33 [51136/60000 (85%)]	Loss: 0.059602
Train Epoch: 33 [57536/60000 (96%)]	Loss: 0.261052

Test set: Average loss: 0.1928, Accuracy: 9525/10000 (95%)

Train Epoch: 34 [6336/60000 (11%)]	Loss: 0.325608
Train Epoch: 34 [12736/60000 (21%)]	Loss: 0.031119
Train Epoch: 34 [19136/60000 (32%)]	Loss: 0.171057
Train Epoch: 34 [25536/60000 (43%)]	Loss: 0.076614
Train Epoch: 34 [31936/60000 (53%)]	Loss: 0.255703
Train Epoch: 34 [38336/60000 (64%)]	Loss: 0.179202
Train Epoch: 34 [44736/60000 (75%)]	Loss: 0.134213
Train Epoch: 34 [51136/60000 (85%)]	Loss: 0.049025
Train Epoch: 34 [57536/60000 (96%)]	Loss: 0.158518

Test set: Average loss: 0.2108, Accuracy: 9480/10000 (95%)

Train Epoch: 35 [6336/60000 (11%)]	Loss: 0.212468
Train Epoch: 35 [12736/60000 (21%)]	Loss: 0.066661
Train Epoch: 35 [19136/60000 (32%)]	Loss: 0.060059
Train Epoch: 35 [25536/60000 (43%)]	Loss: 0.278698
Train Epoch: 35 [31936/60000 (53%)]	Loss: 0.109209
Train Epoch: 35 [38336/60000 (64%)]	Loss: 0.060245
Train Epoch: 35 [44736/60000 (75%)]	Loss: 0.052046
Train Epoch: 35 [51136/60000 (85%)]	Loss: 0.111076
Train Epoch: 35 [57536/60000 (96%)]	Loss: 0.029128

Test set: Average loss: 0.2050, Accuracy: 9488/10000 (95%)

Train Epoch: 36 [6336/60000 (11%)]	Loss: 0.329858
Train Epoch: 36 [12736/60000 (21%)]	Loss: 0.047890
Train Epoch: 36 [19136/60000 (32%)]	Loss: 0.021246
Train Epoch: 36 [25536/60000 (43%)]	Loss: 0.070245
Train Epoch: 36 [31936/60000 (53%)]	Loss: 0.143555
Train Epoch: 36 [38336/60000 (64%)]	Loss: 0.121690
Train Epoch: 36 [44736/60000 (75%)]	Loss: 0.163899
Train Epoch: 36 [51136/60000 (85%)]	Loss: 0.191347
Train Epoch: 36 [57536/60000 (96%)]	Loss: 0.112007

Test set: Average loss: 0.1591, Accuracy: 9568/10000 (96%)

Train Epoch: 37 [6336/60000 (11%)]	Loss: 0.239516
Train Epoch: 37 [12736/60000 (21%)]	Loss: 0.169854
Train Epoch: 37 [19136/60000 (32%)]	Loss: 0.134954
Train Epoch: 37 [25536/60000 (43%)]	Loss: 0.307960
Train Epoch: 37 [31936/60000 (53%)]	Loss: 0.280739
Train Epoch: 37 [38336/60000 (64%)]	Loss: 0.021825
Train Epoch: 37 [44736/60000 (75%)]	Loss: 0.092088
Train Epoch: 37 [51136/60000 (85%)]	Loss: 0.179814
Train Epoch: 37 [57536/60000 (96%)]	Loss: 0.093604

Test set: Average loss: 0.1531, Accuracy: 9592/10000 (96%)

Train Epoch: 38 [6336/60000 (11%)]	Loss: 0.112593
Train Epoch: 38 [12736/60000 (21%)]	Loss: 0.020205
Train Epoch: 38 [19136/60000 (32%)]	Loss: 0.099262
Train Epoch: 38 [25536/60000 (43%)]	Loss: 0.090962
Train Epoch: 38 [31936/60000 (53%)]	Loss: 0.145965
Train Epoch: 38 [38336/60000 (64%)]	Loss: 0.058789
Train Epoch: 38 [44736/60000 (75%)]	Loss: 0.126000
Train Epoch: 38 [51136/60000 (85%)]	Loss: 0.112550
Train Epoch: 38 [57536/60000 (96%)]	Loss: 0.025644

Test set: Average loss: 0.1658, Accuracy: 9543/10000 (95%)

Train Epoch: 39 [6336/60000 (11%)]	Loss: 0.147399
Train Epoch: 39 [12736/60000 (21%)]	Loss: 0.155920
Train Epoch: 39 [19136/60000 (32%)]	Loss: 0.190463
Train Epoch: 39 [25536/60000 (43%)]	Loss: 0.032998
Train Epoch: 39 [31936/60000 (53%)]	Loss: 0.108976
Train Epoch: 39 [38336/60000 (64%)]	Loss: 0.199022
Train Epoch: 39 [44736/60000 (75%)]	Loss: 0.123140
Train Epoch: 39 [51136/60000 (85%)]	Loss: 0.115313
Train Epoch: 39 [57536/60000 (96%)]	Loss: 0.444198

Test set: Average loss: 0.1542, Accuracy: 9575/10000 (96%)

Train Epoch: 40 [6336/60000 (11%)]	Loss: 0.046710
Train Epoch: 40 [12736/60000 (21%)]	Loss: 0.152990
Train Epoch: 40 [19136/60000 (32%)]	Loss: 0.099394
Train Epoch: 40 [25536/60000 (43%)]	Loss: 0.040488
Train Epoch: 40 [31936/60000 (53%)]	Loss: 0.415246
Train Epoch: 40 [38336/60000 (64%)]	Loss: 0.256066
Train Epoch: 40 [44736/60000 (75%)]	Loss: 0.078564
Train Epoch: 40 [51136/60000 (85%)]	Loss: 0.026134
Train Epoch: 40 [57536/60000 (96%)]	Loss: 0.099903

Test set: Average loss: 0.2392, Accuracy: 9404/10000 (94%)

Train Epoch: 41 [6336/60000 (11%)]	Loss: 0.050442
Train Epoch: 41 [12736/60000 (21%)]	Loss: 0.038283
Train Epoch: 41 [19136/60000 (32%)]	Loss: 0.071860
Train Epoch: 41 [25536/60000 (43%)]	Loss: 0.096763
Train Epoch: 41 [31936/60000 (53%)]	Loss: 0.016323
Train Epoch: 41 [38336/60000 (64%)]	Loss: 0.025844
Train Epoch: 41 [44736/60000 (75%)]	Loss: 0.059145
Train Epoch: 41 [51136/60000 (85%)]	Loss: 0.187033
Train Epoch: 41 [57536/60000 (96%)]	Loss: 0.208920

Test set: Average loss: 0.1656, Accuracy: 9559/10000 (96%)

Train Epoch: 42 [6336/60000 (11%)]	Loss: 0.256765
Train Epoch: 42 [12736/60000 (21%)]	Loss: 0.162559
Train Epoch: 42 [19136/60000 (32%)]	Loss: 0.118598
Train Epoch: 42 [25536/60000 (43%)]	Loss: 0.105917
Train Epoch: 42 [31936/60000 (53%)]	Loss: 0.143570
Train Epoch: 42 [38336/60000 (64%)]	Loss: 0.017217
Train Epoch: 42 [44736/60000 (75%)]	Loss: 0.130807
Train Epoch: 42 [51136/60000 (85%)]	Loss: 0.150342
Train Epoch: 42 [57536/60000 (96%)]	Loss: 0.271207

Test set: Average loss: 0.1467, Accuracy: 9584/10000 (96%)

Train Epoch: 43 [6336/60000 (11%)]	Loss: 0.008760
Train Epoch: 43 [12736/60000 (21%)]	Loss: 0.119562
Train Epoch: 43 [19136/60000 (32%)]	Loss: 0.328938
Train Epoch: 43 [25536/60000 (43%)]	Loss: 0.104841
Train Epoch: 43 [31936/60000 (53%)]	Loss: 0.160923
Train Epoch: 43 [38336/60000 (64%)]	Loss: 0.080623
Train Epoch: 43 [44736/60000 (75%)]	Loss: 0.037722
Train Epoch: 43 [51136/60000 (85%)]	Loss: 0.286183
Train Epoch: 43 [57536/60000 (96%)]	Loss: 0.146613

Test set: Average loss: 0.1754, Accuracy: 9553/10000 (96%)

Train Epoch: 44 [6336/60000 (11%)]	Loss: 0.016992
Train Epoch: 44 [12736/60000 (21%)]	Loss: 0.217120
Train Epoch: 44 [19136/60000 (32%)]	Loss: 0.146252
Train Epoch: 44 [25536/60000 (43%)]	Loss: 0.051303
Train Epoch: 44 [31936/60000 (53%)]	Loss: 0.051269
Train Epoch: 44 [38336/60000 (64%)]	Loss: 0.055429
Train Epoch: 44 [44736/60000 (75%)]	Loss: 0.178786
Train Epoch: 44 [51136/60000 (85%)]	Loss: 0.076545
Train Epoch: 44 [57536/60000 (96%)]	Loss: 0.191747

Test set: Average loss: 0.1368, Accuracy: 9621/10000 (96%)

Train Epoch: 45 [6336/60000 (11%)]	Loss: 0.035292
Train Epoch: 45 [12736/60000 (21%)]	Loss: 0.103456
Train Epoch: 45 [19136/60000 (32%)]	Loss: 0.287057
Train Epoch: 45 [25536/60000 (43%)]	Loss: 0.139525
Train Epoch: 45 [31936/60000 (53%)]	Loss: 0.054484
Train Epoch: 45 [38336/60000 (64%)]	Loss: 0.017549
Train Epoch: 45 [44736/60000 (75%)]	Loss: 0.125341
Train Epoch: 45 [51136/60000 (85%)]	Loss: 0.139978
Train Epoch: 45 [57536/60000 (96%)]	Loss: 0.105478

Test set: Average loss: 0.1546, Accuracy: 9558/10000 (96%)

Train Epoch: 46 [6336/60000 (11%)]	Loss: 0.083875
Train Epoch: 46 [12736/60000 (21%)]	Loss: 0.101026
Train Epoch: 46 [19136/60000 (32%)]	Loss: 0.100421
Train Epoch: 46 [25536/60000 (43%)]	Loss: 0.068673
Train Epoch: 46 [31936/60000 (53%)]	Loss: 0.027565
Train Epoch: 46 [38336/60000 (64%)]	Loss: 0.119598
Train Epoch: 46 [44736/60000 (75%)]	Loss: 0.311820
Train Epoch: 46 [51136/60000 (85%)]	Loss: 0.086011
Train Epoch: 46 [57536/60000 (96%)]	Loss: 0.095940

Test set: Average loss: 0.1421, Accuracy: 9583/10000 (96%)

Train Epoch: 47 [6336/60000 (11%)]	Loss: 0.038940
Train Epoch: 47 [12736/60000 (21%)]	Loss: 0.259650
Train Epoch: 47 [19136/60000 (32%)]	Loss: 0.187569
Train Epoch: 47 [25536/60000 (43%)]	Loss: 0.012005
Train Epoch: 47 [31936/60000 (53%)]	Loss: 0.079355
Train Epoch: 47 [38336/60000 (64%)]	Loss: 0.308552
Train Epoch: 47 [44736/60000 (75%)]	Loss: 0.136379
Train Epoch: 47 [51136/60000 (85%)]	Loss: 0.069252
Train Epoch: 47 [57536/60000 (96%)]	Loss: 0.065985

Test set: Average loss: 0.1307, Accuracy: 9620/10000 (96%)

Train Epoch: 48 [6336/60000 (11%)]	Loss: 0.013187
Train Epoch: 48 [12736/60000 (21%)]	Loss: 0.128052
Train Epoch: 48 [19136/60000 (32%)]	Loss: 0.066772
Train Epoch: 48 [25536/60000 (43%)]	Loss: 0.172575
Train Epoch: 48 [31936/60000 (53%)]	Loss: 0.081240
Train Epoch: 48 [38336/60000 (64%)]	Loss: 0.115704
Train Epoch: 48 [44736/60000 (75%)]	Loss: 0.099384
Train Epoch: 48 [51136/60000 (85%)]	Loss: 0.216749
Train Epoch: 48 [57536/60000 (96%)]	Loss: 0.035356

Test set: Average loss: 0.1462, Accuracy: 9609/10000 (96%)

Train Epoch: 49 [6336/60000 (11%)]	Loss: 0.041628
Train Epoch: 49 [12736/60000 (21%)]	Loss: 0.019350
Train Epoch: 49 [19136/60000 (32%)]	Loss: 0.043732
Train Epoch: 49 [25536/60000 (43%)]	Loss: 0.057967
Train Epoch: 49 [31936/60000 (53%)]	Loss: 0.046315
Train Epoch: 49 [38336/60000 (64%)]	Loss: 0.031930
Train Epoch: 49 [44736/60000 (75%)]	Loss: 0.138335
Train Epoch: 49 [51136/60000 (85%)]	Loss: 0.077620
Train Epoch: 49 [57536/60000 (96%)]	Loss: 0.218430

Test set: Average loss: 0.1390, Accuracy: 9606/10000 (96%)

Train Epoch: 50 [6336/60000 (11%)]	Loss: 0.051402
Train Epoch: 50 [12736/60000 (21%)]	Loss: 0.057027
Train Epoch: 50 [19136/60000 (32%)]	Loss: 0.056492
Train Epoch: 50 [25536/60000 (43%)]	Loss: 0.211761
Train Epoch: 50 [31936/60000 (53%)]	Loss: 0.021013
Train Epoch: 50 [38336/60000 (64%)]	Loss: 0.079514
Train Epoch: 50 [44736/60000 (75%)]	Loss: 0.046707
Train Epoch: 50 [51136/60000 (85%)]	Loss: 0.008068
Train Epoch: 50 [57536/60000 (96%)]	Loss: 0.085154

Test set: Average loss: 0.1231, Accuracy: 9643/10000 (96%)

Train Epoch: 51 [6336/60000 (11%)]	Loss: 0.053984
Train Epoch: 51 [12736/60000 (21%)]	Loss: 0.023240
Train Epoch: 51 [19136/60000 (32%)]	Loss: 0.241575
Train Epoch: 51 [25536/60000 (43%)]	Loss: 0.016047
Train Epoch: 51 [31936/60000 (53%)]	Loss: 0.228542
Train Epoch: 51 [38336/60000 (64%)]	Loss: 0.260060
Train Epoch: 51 [44736/60000 (75%)]	Loss: 0.117535
Train Epoch: 51 [51136/60000 (85%)]	Loss: 0.064221
Train Epoch: 51 [57536/60000 (96%)]	Loss: 0.007721

Test set: Average loss: 0.1304, Accuracy: 9636/10000 (96%)

Train Epoch: 52 [6336/60000 (11%)]	Loss: 0.078582
Train Epoch: 52 [12736/60000 (21%)]	Loss: 0.012651
Train Epoch: 52 [19136/60000 (32%)]	Loss: 0.107014
Train Epoch: 52 [25536/60000 (43%)]	Loss: 0.090615
Train Epoch: 52 [31936/60000 (53%)]	Loss: 0.160368
Train Epoch: 52 [38336/60000 (64%)]	Loss: 0.246523
Train Epoch: 52 [44736/60000 (75%)]	Loss: 0.170452
Train Epoch: 52 [51136/60000 (85%)]	Loss: 0.023893
Train Epoch: 52 [57536/60000 (96%)]	Loss: 0.314507

Test set: Average loss: 0.1213, Accuracy: 9659/10000 (97%)

Train Epoch: 53 [6336/60000 (11%)]	Loss: 0.072263
Train Epoch: 53 [12736/60000 (21%)]	Loss: 0.097254
Train Epoch: 53 [19136/60000 (32%)]	Loss: 0.090678
Train Epoch: 53 [25536/60000 (43%)]	Loss: 0.079705
Train Epoch: 53 [31936/60000 (53%)]	Loss: 0.027764
Train Epoch: 53 [38336/60000 (64%)]	Loss: 0.093948
Train Epoch: 53 [44736/60000 (75%)]	Loss: 0.096473
Train Epoch: 53 [51136/60000 (85%)]	Loss: 0.158556
Train Epoch: 53 [57536/60000 (96%)]	Loss: 0.168081

Test set: Average loss: 0.1174, Accuracy: 9641/10000 (96%)

Train Epoch: 54 [6336/60000 (11%)]	Loss: 0.072922
Train Epoch: 54 [12736/60000 (21%)]	Loss: 0.087126
Train Epoch: 54 [19136/60000 (32%)]	Loss: 0.081251
Train Epoch: 54 [25536/60000 (43%)]	Loss: 0.078506
Train Epoch: 54 [31936/60000 (53%)]	Loss: 0.005554
Train Epoch: 54 [38336/60000 (64%)]	Loss: 0.028077
Train Epoch: 54 [44736/60000 (75%)]	Loss: 0.198593
Train Epoch: 54 [51136/60000 (85%)]	Loss: 0.559972
Train Epoch: 54 [57536/60000 (96%)]	Loss: 0.056396

Test set: Average loss: 0.1343, Accuracy: 9625/10000 (96%)

Train Epoch: 55 [6336/60000 (11%)]	Loss: 0.085737
Train Epoch: 55 [12736/60000 (21%)]	Loss: 0.034389
Train Epoch: 55 [19136/60000 (32%)]	Loss: 0.263758
Train Epoch: 55 [25536/60000 (43%)]	Loss: 0.089223
Train Epoch: 55 [31936/60000 (53%)]	Loss: 0.174526
Train Epoch: 55 [38336/60000 (64%)]	Loss: 0.026862
Train Epoch: 55 [44736/60000 (75%)]	Loss: 0.162174
Train Epoch: 55 [51136/60000 (85%)]	Loss: 0.034100
Train Epoch: 55 [57536/60000 (96%)]	Loss: 0.172766

Test set: Average loss: 0.1255, Accuracy: 9633/10000 (96%)

Train Epoch: 56 [6336/60000 (11%)]	Loss: 0.007442
Train Epoch: 56 [12736/60000 (21%)]	Loss: 0.119865
Train Epoch: 56 [19136/60000 (32%)]	Loss: 0.138331
Train Epoch: 56 [25536/60000 (43%)]	Loss: 0.005491
Train Epoch: 56 [31936/60000 (53%)]	Loss: 0.014452
Train Epoch: 56 [38336/60000 (64%)]	Loss: 0.038860
Train Epoch: 56 [44736/60000 (75%)]	Loss: 0.240447
Train Epoch: 56 [51136/60000 (85%)]	Loss: 0.080789
Train Epoch: 56 [57536/60000 (96%)]	Loss: 0.059302

Test set: Average loss: 0.0967, Accuracy: 9717/10000 (97%)

Train Epoch: 57 [6336/60000 (11%)]	Loss: 0.085319
Train Epoch: 57 [12736/60000 (21%)]	Loss: 0.033921
Train Epoch: 57 [19136/60000 (32%)]	Loss: 0.016102
Train Epoch: 57 [25536/60000 (43%)]	Loss: 0.053456
Train Epoch: 57 [31936/60000 (53%)]	Loss: 0.106529
Train Epoch: 57 [38336/60000 (64%)]	Loss: 0.160720
Train Epoch: 57 [44736/60000 (75%)]	Loss: 0.087781
Train Epoch: 57 [51136/60000 (85%)]	Loss: 0.072886
Train Epoch: 57 [57536/60000 (96%)]	Loss: 0.100008

Test set: Average loss: 0.1537, Accuracy: 9568/10000 (96%)

Train Epoch: 58 [6336/60000 (11%)]	Loss: 0.024187
Train Epoch: 58 [12736/60000 (21%)]	Loss: 0.171815
Train Epoch: 58 [19136/60000 (32%)]	Loss: 0.021013
Train Epoch: 58 [25536/60000 (43%)]	Loss: 0.016723
Train Epoch: 58 [31936/60000 (53%)]	Loss: 0.079190
Train Epoch: 58 [38336/60000 (64%)]	Loss: 0.095294
Train Epoch: 58 [44736/60000 (75%)]	Loss: 0.170872
Train Epoch: 58 [51136/60000 (85%)]	Loss: 0.047132
Train Epoch: 58 [57536/60000 (96%)]	Loss: 0.162098

Test set: Average loss: 0.1023, Accuracy: 9713/10000 (97%)

Train Epoch: 59 [6336/60000 (11%)]	Loss: 0.012781
Train Epoch: 59 [12736/60000 (21%)]	Loss: 0.004756
Train Epoch: 59 [19136/60000 (32%)]	Loss: 0.031733
Train Epoch: 59 [25536/60000 (43%)]	Loss: 0.044765
Train Epoch: 59 [31936/60000 (53%)]	Loss: 0.047853
Train Epoch: 59 [38336/60000 (64%)]	Loss: 0.174899
Train Epoch: 59 [44736/60000 (75%)]	Loss: 0.056765
Train Epoch: 59 [51136/60000 (85%)]	Loss: 0.010934
Train Epoch: 59 [57536/60000 (96%)]	Loss: 0.010595

Test set: Average loss: 0.1139, Accuracy: 9671/10000 (97%)

Train Epoch: 60 [6336/60000 (11%)]	Loss: 0.142683
Train Epoch: 60 [12736/60000 (21%)]	Loss: 0.103960
Train Epoch: 60 [19136/60000 (32%)]	Loss: 0.015966
Train Epoch: 60 [25536/60000 (43%)]	Loss: 0.035390
Train Epoch: 60 [31936/60000 (53%)]	Loss: 0.096041
Train Epoch: 60 [38336/60000 (64%)]	Loss: 0.007067
Train Epoch: 60 [44736/60000 (75%)]	Loss: 0.063948
Train Epoch: 60 [51136/60000 (85%)]	Loss: 0.020005
Train Epoch: 60 [57536/60000 (96%)]	Loss: 0.012400

Test set: Average loss: 0.1083, Accuracy: 9692/10000 (97%)

Train Epoch: 61 [6336/60000 (11%)]	Loss: 0.025104
Train Epoch: 61 [12736/60000 (21%)]	Loss: 0.006226
Train Epoch: 61 [19136/60000 (32%)]	Loss: 0.027876
Train Epoch: 61 [25536/60000 (43%)]	Loss: 0.146027
Train Epoch: 61 [31936/60000 (53%)]	Loss: 0.120034
Train Epoch: 61 [38336/60000 (64%)]	Loss: 0.008899
Train Epoch: 61 [44736/60000 (75%)]	Loss: 0.107859
Train Epoch: 61 [51136/60000 (85%)]	Loss: 0.083967
Train Epoch: 61 [57536/60000 (96%)]	Loss: 0.126286

Test set: Average loss: 0.0959, Accuracy: 9727/10000 (97%)

Train Epoch: 62 [6336/60000 (11%)]	Loss: 0.071383
Train Epoch: 62 [12736/60000 (21%)]	Loss: 0.017737
Train Epoch: 62 [19136/60000 (32%)]	Loss: 0.124552
Train Epoch: 62 [25536/60000 (43%)]	Loss: 0.082603
Train Epoch: 62 [31936/60000 (53%)]	Loss: 0.131664
Train Epoch: 62 [38336/60000 (64%)]	Loss: 0.007552
Train Epoch: 62 [44736/60000 (75%)]	Loss: 0.055360
Train Epoch: 62 [51136/60000 (85%)]	Loss: 0.105479
Train Epoch: 62 [57536/60000 (96%)]	Loss: 0.062322

Test set: Average loss: 0.0895, Accuracy: 9727/10000 (97%)

Train Epoch: 63 [6336/60000 (11%)]	Loss: 0.004901
Train Epoch: 63 [12736/60000 (21%)]	Loss: 0.102192
Train Epoch: 63 [19136/60000 (32%)]	Loss: 0.053949
Train Epoch: 63 [25536/60000 (43%)]	Loss: 0.054625
Train Epoch: 63 [31936/60000 (53%)]	Loss: 0.036098
Train Epoch: 63 [38336/60000 (64%)]	Loss: 0.050247
Train Epoch: 63 [44736/60000 (75%)]	Loss: 0.015447
Train Epoch: 63 [51136/60000 (85%)]	Loss: 0.258193
Train Epoch: 63 [57536/60000 (96%)]	Loss: 0.132123

Test set: Average loss: 0.0948, Accuracy: 9717/10000 (97%)

Train Epoch: 64 [6336/60000 (11%)]	Loss: 0.092515
Train Epoch: 64 [12736/60000 (21%)]	Loss: 0.044012
Train Epoch: 64 [19136/60000 (32%)]	Loss: 0.218256
Train Epoch: 64 [25536/60000 (43%)]	Loss: 0.036108
Train Epoch: 64 [31936/60000 (53%)]	Loss: 0.102824
Train Epoch: 64 [38336/60000 (64%)]	Loss: 0.059932
Train Epoch: 64 [44736/60000 (75%)]	Loss: 0.011741
Train Epoch: 64 [51136/60000 (85%)]	Loss: 0.029231
Train Epoch: 64 [57536/60000 (96%)]	Loss: 0.099187

Test set: Average loss: 0.0929, Accuracy: 9726/10000 (97%)

Train Epoch: 65 [6336/60000 (11%)]	Loss: 0.044555
Train Epoch: 65 [12736/60000 (21%)]	Loss: 0.069314
Train Epoch: 65 [19136/60000 (32%)]	Loss: 0.092848
Train Epoch: 65 [25536/60000 (43%)]	Loss: 0.021966
Train Epoch: 65 [31936/60000 (53%)]	Loss: 0.032256
Train Epoch: 65 [38336/60000 (64%)]	Loss: 0.036467
Train Epoch: 65 [44736/60000 (75%)]	Loss: 0.072123
Train Epoch: 65 [51136/60000 (85%)]	Loss: 0.029947
Train Epoch: 65 [57536/60000 (96%)]	Loss: 0.042499

Test set: Average loss: 0.1008, Accuracy: 9713/10000 (97%)

Train Epoch: 66 [6336/60000 (11%)]	Loss: 0.034136
Train Epoch: 66 [12736/60000 (21%)]	Loss: 0.005235
Train Epoch: 66 [19136/60000 (32%)]	Loss: 0.002619
Train Epoch: 66 [25536/60000 (43%)]	Loss: 0.062504
Train Epoch: 66 [31936/60000 (53%)]	Loss: 0.009054
Train Epoch: 66 [38336/60000 (64%)]	Loss: 0.134922
Train Epoch: 66 [44736/60000 (75%)]	Loss: 0.013992
Train Epoch: 66 [51136/60000 (85%)]	Loss: 0.123168
Train Epoch: 66 [57536/60000 (96%)]	Loss: 0.083301

Test set: Average loss: 0.0976, Accuracy: 9714/10000 (97%)

Train Epoch: 67 [6336/60000 (11%)]	Loss: 0.032539
Train Epoch: 67 [12736/60000 (21%)]	Loss: 0.027012
Train Epoch: 67 [19136/60000 (32%)]	Loss: 0.083520
Train Epoch: 67 [25536/60000 (43%)]	Loss: 0.036641
Train Epoch: 67 [31936/60000 (53%)]	Loss: 0.011502
Train Epoch: 67 [38336/60000 (64%)]	Loss: 0.033871
Train Epoch: 67 [44736/60000 (75%)]	Loss: 0.116712
Train Epoch: 67 [51136/60000 (85%)]	Loss: 0.017940
Train Epoch: 67 [57536/60000 (96%)]	Loss: 0.066614

Test set: Average loss: 0.0838, Accuracy: 9751/10000 (98%)

Train Epoch: 68 [6336/60000 (11%)]	Loss: 0.013006
Train Epoch: 68 [12736/60000 (21%)]	Loss: 0.088150
Train Epoch: 68 [19136/60000 (32%)]	Loss: 0.018794
Train Epoch: 68 [25536/60000 (43%)]	Loss: 0.023893
Train Epoch: 68 [31936/60000 (53%)]	Loss: 0.122742
Train Epoch: 68 [38336/60000 (64%)]	Loss: 0.083632
Train Epoch: 68 [44736/60000 (75%)]	Loss: 0.102001
Train Epoch: 68 [51136/60000 (85%)]	Loss: 0.018103
Train Epoch: 68 [57536/60000 (96%)]	Loss: 0.023316

Test set: Average loss: 0.0775, Accuracy: 9771/10000 (98%)

Train Epoch: 69 [6336/60000 (11%)]	Loss: 0.047029
Train Epoch: 69 [12736/60000 (21%)]	Loss: 0.024313
Train Epoch: 69 [19136/60000 (32%)]	Loss: 0.002740
Train Epoch: 69 [25536/60000 (43%)]	Loss: 0.129565
Train Epoch: 69 [31936/60000 (53%)]	Loss: 0.041195
Train Epoch: 69 [38336/60000 (64%)]	Loss: 0.012105
Train Epoch: 69 [44736/60000 (75%)]	Loss: 0.045821
Train Epoch: 69 [51136/60000 (85%)]	Loss: 0.054436
Train Epoch: 69 [57536/60000 (96%)]	Loss: 0.225193

Test set: Average loss: 0.0900, Accuracy: 9740/10000 (97%)

Train Epoch: 70 [6336/60000 (11%)]	Loss: 0.012376
Train Epoch: 70 [12736/60000 (21%)]	Loss: 0.008766
Train Epoch: 70 [19136/60000 (32%)]	Loss: 0.079292
Train Epoch: 70 [25536/60000 (43%)]	Loss: 0.036062
Train Epoch: 70 [31936/60000 (53%)]	Loss: 0.008142
Train Epoch: 70 [38336/60000 (64%)]	Loss: 0.045175
Train Epoch: 70 [44736/60000 (75%)]	Loss: 0.038608
Train Epoch: 70 [51136/60000 (85%)]	Loss: 0.112634
Train Epoch: 70 [57536/60000 (96%)]	Loss: 0.047198

Test set: Average loss: 0.0989, Accuracy: 9704/10000 (97%)

Train Epoch: 71 [6336/60000 (11%)]	Loss: 0.014857
Train Epoch: 71 [12736/60000 (21%)]	Loss: 0.056126
Train Epoch: 71 [19136/60000 (32%)]	Loss: 0.054476
Train Epoch: 71 [25536/60000 (43%)]	Loss: 0.020282
Train Epoch: 71 [31936/60000 (53%)]	Loss: 0.046498
Train Epoch: 71 [38336/60000 (64%)]	Loss: 0.016138
Train Epoch: 71 [44736/60000 (75%)]	Loss: 0.038682
Train Epoch: 71 [51136/60000 (85%)]	Loss: 0.034677
Train Epoch: 71 [57536/60000 (96%)]	Loss: 0.053021

Test set: Average loss: 0.0829, Accuracy: 9751/10000 (98%)

Train Epoch: 72 [6336/60000 (11%)]	Loss: 0.022438
Train Epoch: 72 [12736/60000 (21%)]	Loss: 0.091776
Train Epoch: 72 [19136/60000 (32%)]	Loss: 0.018633
Train Epoch: 72 [25536/60000 (43%)]	Loss: 0.009035
Train Epoch: 72 [31936/60000 (53%)]	Loss: 0.003690
Train Epoch: 72 [38336/60000 (64%)]	Loss: 0.026948
Train Epoch: 72 [44736/60000 (75%)]	Loss: 0.034262
Train Epoch: 72 [51136/60000 (85%)]	Loss: 0.014972
Train Epoch: 72 [57536/60000 (96%)]	Loss: 0.083954

Test set: Average loss: 0.0828, Accuracy: 9765/10000 (98%)

Train Epoch: 73 [6336/60000 (11%)]	Loss: 0.054969
Train Epoch: 73 [12736/60000 (21%)]	Loss: 0.030193
Train Epoch: 73 [19136/60000 (32%)]	Loss: 0.014350
Train Epoch: 73 [25536/60000 (43%)]	Loss: 0.016947
Train Epoch: 73 [31936/60000 (53%)]	Loss: 0.167844
Train Epoch: 73 [38336/60000 (64%)]	Loss: 0.017233
Train Epoch: 73 [44736/60000 (75%)]	Loss: 0.028412
Train Epoch: 73 [51136/60000 (85%)]	Loss: 0.026674
Train Epoch: 73 [57536/60000 (96%)]	Loss: 0.074969

Test set: Average loss: 0.0703, Accuracy: 9798/10000 (98%)

Train Epoch: 74 [6336/60000 (11%)]	Loss: 0.077241
Train Epoch: 74 [12736/60000 (21%)]	Loss: 0.020436
Train Epoch: 74 [19136/60000 (32%)]	Loss: 0.013373
Train Epoch: 74 [25536/60000 (43%)]	Loss: 0.018052
Train Epoch: 74 [31936/60000 (53%)]	Loss: 0.006886
Train Epoch: 74 [38336/60000 (64%)]	Loss: 0.026854
Train Epoch: 74 [44736/60000 (75%)]	Loss: 0.041505
Train Epoch: 74 [51136/60000 (85%)]	Loss: 0.027779
Train Epoch: 74 [57536/60000 (96%)]	Loss: 0.067563

Test set: Average loss: 0.0828, Accuracy: 9744/10000 (97%)

Train Epoch: 75 [6336/60000 (11%)]	Loss: 0.075379
Train Epoch: 75 [12736/60000 (21%)]	Loss: 0.003055
Train Epoch: 75 [19136/60000 (32%)]	Loss: 0.022425
Train Epoch: 75 [25536/60000 (43%)]	Loss: 0.018703
Train Epoch: 75 [31936/60000 (53%)]	Loss: 0.048166
Train Epoch: 75 [38336/60000 (64%)]	Loss: 0.016966
Train Epoch: 75 [44736/60000 (75%)]	Loss: 0.036389
Train Epoch: 75 [51136/60000 (85%)]	Loss: 0.052895
Train Epoch: 75 [57536/60000 (96%)]	Loss: 0.057310

Test set: Average loss: 0.0695, Accuracy: 9800/10000 (98%)

Train Epoch: 76 [6336/60000 (11%)]	Loss: 0.003530
Train Epoch: 76 [12736/60000 (21%)]	Loss: 0.094235
Train Epoch: 76 [19136/60000 (32%)]	Loss: 0.013208
Train Epoch: 76 [25536/60000 (43%)]	Loss: 0.050063
Train Epoch: 76 [31936/60000 (53%)]	Loss: 0.027883
Train Epoch: 76 [38336/60000 (64%)]	Loss: 0.038351
Train Epoch: 76 [44736/60000 (75%)]	Loss: 0.014685
Train Epoch: 76 [51136/60000 (85%)]	Loss: 0.015291
Train Epoch: 76 [57536/60000 (96%)]	Loss: 0.016242

Test set: Average loss: 0.0880, Accuracy: 9737/10000 (97%)

Train Epoch: 77 [6336/60000 (11%)]	Loss: 0.010313
Train Epoch: 77 [12736/60000 (21%)]	Loss: 0.010216
Train Epoch: 77 [19136/60000 (32%)]	Loss: 0.012582
Train Epoch: 77 [25536/60000 (43%)]	Loss: 0.047391
Train Epoch: 77 [31936/60000 (53%)]	Loss: 0.003015
Train Epoch: 77 [38336/60000 (64%)]	Loss: 0.052042
Train Epoch: 77 [44736/60000 (75%)]	Loss: 0.018911
Train Epoch: 77 [51136/60000 (85%)]	Loss: 0.037107
Train Epoch: 77 [57536/60000 (96%)]	Loss: 0.064636

Test set: Average loss: 0.0809, Accuracy: 9752/10000 (98%)

Train Epoch: 78 [6336/60000 (11%)]	Loss: 0.018331
Train Epoch: 78 [12736/60000 (21%)]	Loss: 0.017854
Train Epoch: 78 [19136/60000 (32%)]	Loss: 0.015943
Train Epoch: 78 [25536/60000 (43%)]	Loss: 0.014612
Train Epoch: 78 [31936/60000 (53%)]	Loss: 0.004610
Train Epoch: 78 [38336/60000 (64%)]	Loss: 0.017205
Train Epoch: 78 [44736/60000 (75%)]	Loss: 0.018362
Train Epoch: 78 [51136/60000 (85%)]	Loss: 0.075413
Train Epoch: 78 [57536/60000 (96%)]	Loss: 0.201655

Test set: Average loss: 0.0722, Accuracy: 9770/10000 (98%)

Train Epoch: 79 [6336/60000 (11%)]	Loss: 0.012558
Train Epoch: 79 [12736/60000 (21%)]	Loss: 0.062117
Train Epoch: 79 [19136/60000 (32%)]	Loss: 0.025837
Train Epoch: 79 [25536/60000 (43%)]	Loss: 0.023190
Train Epoch: 79 [31936/60000 (53%)]	Loss: 0.004050
Train Epoch: 79 [38336/60000 (64%)]	Loss: 0.013929
Train Epoch: 79 [44736/60000 (75%)]	Loss: 0.067913
Train Epoch: 79 [51136/60000 (85%)]	Loss: 0.007818
Train Epoch: 79 [57536/60000 (96%)]	Loss: 0.056180

Test set: Average loss: 0.0718, Accuracy: 9773/10000 (98%)

Train Epoch: 80 [6336/60000 (11%)]	Loss: 0.016528
Train Epoch: 80 [12736/60000 (21%)]	Loss: 0.052875
Train Epoch: 80 [19136/60000 (32%)]	Loss: 0.058660
Train Epoch: 80 [25536/60000 (43%)]	Loss: 0.010272
Train Epoch: 80 [31936/60000 (53%)]	Loss: 0.091132
Train Epoch: 80 [38336/60000 (64%)]	Loss: 0.048497
Train Epoch: 80 [44736/60000 (75%)]	Loss: 0.061604
Train Epoch: 80 [51136/60000 (85%)]	Loss: 0.012664
Train Epoch: 80 [57536/60000 (96%)]	Loss: 0.038698

Test set: Average loss: 0.0616, Accuracy: 9827/10000 (98%)

Train Epoch: 81 [6336/60000 (11%)]	Loss: 0.037222
Train Epoch: 81 [12736/60000 (21%)]	Loss: 0.010115
Train Epoch: 81 [19136/60000 (32%)]	Loss: 0.013396
Train Epoch: 81 [25536/60000 (43%)]	Loss: 0.012756
Train Epoch: 81 [31936/60000 (53%)]	Loss: 0.005481
Train Epoch: 81 [38336/60000 (64%)]	Loss: 0.011795
Train Epoch: 81 [44736/60000 (75%)]	Loss: 0.019924
Train Epoch: 81 [51136/60000 (85%)]	Loss: 0.022046
Train Epoch: 81 [57536/60000 (96%)]	Loss: 0.020157

Test set: Average loss: 0.0757, Accuracy: 9757/10000 (98%)

Train Epoch: 82 [6336/60000 (11%)]	Loss: 0.008129
Train Epoch: 82 [12736/60000 (21%)]	Loss: 0.006664
Train Epoch: 82 [19136/60000 (32%)]	Loss: 0.025332
Train Epoch: 82 [25536/60000 (43%)]	Loss: 0.008607
Train Epoch: 82 [31936/60000 (53%)]	Loss: 0.012642
Train Epoch: 82 [38336/60000 (64%)]	Loss: 0.007727
Train Epoch: 82 [44736/60000 (75%)]	Loss: 0.044134
Train Epoch: 82 [51136/60000 (85%)]	Loss: 0.016170
Train Epoch: 82 [57536/60000 (96%)]	Loss: 0.016853

Test set: Average loss: 0.0656, Accuracy: 9796/10000 (98%)

Train Epoch: 83 [6336/60000 (11%)]	Loss: 0.006483
Train Epoch: 83 [12736/60000 (21%)]	Loss: 0.066804
Train Epoch: 83 [19136/60000 (32%)]	Loss: 0.042858
Train Epoch: 83 [25536/60000 (43%)]	Loss: 0.019778
Train Epoch: 83 [31936/60000 (53%)]	Loss: 0.016613
Train Epoch: 83 [38336/60000 (64%)]	Loss: 0.046697
Train Epoch: 83 [44736/60000 (75%)]	Loss: 0.005996
Train Epoch: 83 [51136/60000 (85%)]	Loss: 0.025525
Train Epoch: 83 [57536/60000 (96%)]	Loss: 0.018682

Test set: Average loss: 0.0595, Accuracy: 9829/10000 (98%)

Train Epoch: 84 [6336/60000 (11%)]	Loss: 0.035167
Train Epoch: 84 [12736/60000 (21%)]	Loss: 0.020911
Train Epoch: 84 [19136/60000 (32%)]	Loss: 0.020412
Train Epoch: 84 [25536/60000 (43%)]	Loss: 0.006486
Train Epoch: 84 [31936/60000 (53%)]	Loss: 0.068673
Train Epoch: 84 [38336/60000 (64%)]	Loss: 0.009423
Train Epoch: 84 [44736/60000 (75%)]	Loss: 0.002114
Train Epoch: 84 [51136/60000 (85%)]	Loss: 0.028527
Train Epoch: 84 [57536/60000 (96%)]	Loss: 0.008679

Test set: Average loss: 0.0640, Accuracy: 9806/10000 (98%)

Train Epoch: 85 [6336/60000 (11%)]	Loss: 0.010228
Train Epoch: 85 [12736/60000 (21%)]	Loss: 0.012485
Train Epoch: 85 [19136/60000 (32%)]	Loss: 0.011531
Train Epoch: 85 [25536/60000 (43%)]	Loss: 0.026217
Train Epoch: 85 [31936/60000 (53%)]	Loss: 0.029767
Train Epoch: 85 [38336/60000 (64%)]	Loss: 0.023325
Train Epoch: 85 [44736/60000 (75%)]	Loss: 0.046737
Train Epoch: 85 [51136/60000 (85%)]	Loss: 0.034991
Train Epoch: 85 [57536/60000 (96%)]	Loss: 0.011915

Test set: Average loss: 0.0647, Accuracy: 9802/10000 (98%)

Train Epoch: 86 [6336/60000 (11%)]	Loss: 0.008580
Train Epoch: 86 [12736/60000 (21%)]	Loss: 0.002718
Train Epoch: 86 [19136/60000 (32%)]	Loss: 0.003517
Train Epoch: 86 [25536/60000 (43%)]	Loss: 0.034807
Train Epoch: 86 [31936/60000 (53%)]	Loss: 0.005628
Train Epoch: 86 [38336/60000 (64%)]	Loss: 0.018558
Train Epoch: 86 [44736/60000 (75%)]	Loss: 0.033685
Train Epoch: 86 [51136/60000 (85%)]	Loss: 0.066785
Train Epoch: 86 [57536/60000 (96%)]	Loss: 0.006000

Test set: Average loss: 0.0578, Accuracy: 9822/10000 (98%)

Train Epoch: 87 [6336/60000 (11%)]	Loss: 0.014116
Train Epoch: 87 [12736/60000 (21%)]	Loss: 0.004642
Train Epoch: 87 [19136/60000 (32%)]	Loss: 0.005392
Train Epoch: 87 [25536/60000 (43%)]	Loss: 0.005712
Train Epoch: 87 [31936/60000 (53%)]	Loss: 0.011776
Train Epoch: 87 [38336/60000 (64%)]	Loss: 0.054975
Train Epoch: 87 [44736/60000 (75%)]	Loss: 0.012331
Train Epoch: 87 [51136/60000 (85%)]	Loss: 0.055835
Train Epoch: 87 [57536/60000 (96%)]	Loss: 0.014815

Test set: Average loss: 0.0658, Accuracy: 9803/10000 (98%)

Train Epoch: 88 [6336/60000 (11%)]	Loss: 0.022037
Train Epoch: 88 [12736/60000 (21%)]	Loss: 0.012431
Train Epoch: 88 [19136/60000 (32%)]	Loss: 0.015059
Train Epoch: 88 [25536/60000 (43%)]	Loss: 0.009103
Train Epoch: 88 [31936/60000 (53%)]	Loss: 0.013131
Train Epoch: 88 [38336/60000 (64%)]	Loss: 0.006899
Train Epoch: 88 [44736/60000 (75%)]	Loss: 0.053686
Train Epoch: 88 [51136/60000 (85%)]	Loss: 0.012665
Train Epoch: 88 [57536/60000 (96%)]	Loss: 0.023472

Test set: Average loss: 0.0611, Accuracy: 9811/10000 (98%)

Train Epoch: 89 [6336/60000 (11%)]	Loss: 0.022410
Train Epoch: 89 [12736/60000 (21%)]	Loss: 0.004956
Train Epoch: 89 [19136/60000 (32%)]	Loss: 0.009702
Train Epoch: 89 [25536/60000 (43%)]	Loss: 0.008319
Train Epoch: 89 [31936/60000 (53%)]	Loss: 0.003789
Train Epoch: 89 [38336/60000 (64%)]	Loss: 0.032556
Train Epoch: 89 [44736/60000 (75%)]	Loss: 0.046585
Train Epoch: 89 [51136/60000 (85%)]	Loss: 0.039665
Train Epoch: 89 [57536/60000 (96%)]	Loss: 0.023630

Test set: Average loss: 0.0549, Accuracy: 9832/10000 (98%)

Train Epoch: 90 [6336/60000 (11%)]	Loss: 0.006393
Train Epoch: 90 [12736/60000 (21%)]	Loss: 0.022398
Train Epoch: 90 [19136/60000 (32%)]	Loss: 0.005670
Train Epoch: 90 [25536/60000 (43%)]	Loss: 0.009502
Train Epoch: 90 [31936/60000 (53%)]	Loss: 0.013498
Train Epoch: 90 [38336/60000 (64%)]	Loss: 0.010342
Train Epoch: 90 [44736/60000 (75%)]	Loss: 0.009842
Train Epoch: 90 [51136/60000 (85%)]	Loss: 0.044610
Train Epoch: 90 [57536/60000 (96%)]	Loss: 0.019689

Test set: Average loss: 0.0640, Accuracy: 9811/10000 (98%)

Train Epoch: 91 [6336/60000 (11%)]	Loss: 0.018172
Train Epoch: 91 [12736/60000 (21%)]	Loss: 0.014005
Train Epoch: 91 [19136/60000 (32%)]	Loss: 0.031261
Train Epoch: 91 [25536/60000 (43%)]	Loss: 0.026083
Train Epoch: 91 [31936/60000 (53%)]	Loss: 0.016261
Train Epoch: 91 [38336/60000 (64%)]	Loss: 0.019839
Train Epoch: 91 [44736/60000 (75%)]	Loss: 0.017456
Train Epoch: 91 [51136/60000 (85%)]	Loss: 0.006362
Train Epoch: 91 [57536/60000 (96%)]	Loss: 0.086415

Test set: Average loss: 0.0516, Accuracy: 9844/10000 (98%)

Train Epoch: 92 [6336/60000 (11%)]	Loss: 0.008867
Train Epoch: 92 [12736/60000 (21%)]	Loss: 0.038195
Train Epoch: 92 [19136/60000 (32%)]	Loss: 0.019395
Train Epoch: 92 [25536/60000 (43%)]	Loss: 0.022252
Train Epoch: 92 [31936/60000 (53%)]	Loss: 0.001904
Train Epoch: 92 [38336/60000 (64%)]	Loss: 0.014383
Train Epoch: 92 [44736/60000 (75%)]	Loss: 0.011564
Train Epoch: 92 [51136/60000 (85%)]	Loss: 0.019448
Train Epoch: 92 [57536/60000 (96%)]	Loss: 0.005877

Test set: Average loss: 0.0593, Accuracy: 9824/10000 (98%)

Train Epoch: 93 [6336/60000 (11%)]	Loss: 0.015598
Train Epoch: 93 [12736/60000 (21%)]	Loss: 0.013892
Train Epoch: 93 [19136/60000 (32%)]	Loss: 0.012318
Train Epoch: 93 [25536/60000 (43%)]	Loss: 0.009502
Train Epoch: 93 [31936/60000 (53%)]	Loss: 0.022604
Train Epoch: 93 [38336/60000 (64%)]	Loss: 0.022423
Train Epoch: 93 [44736/60000 (75%)]	Loss: 0.008982
Train Epoch: 93 [51136/60000 (85%)]	Loss: 0.028001
Train Epoch: 93 [57536/60000 (96%)]	Loss: 0.002738

Test set: Average loss: 0.0579, Accuracy: 9841/10000 (98%)

Train Epoch: 94 [6336/60000 (11%)]	Loss: 0.005535
Train Epoch: 94 [12736/60000 (21%)]	Loss: 0.007971
Train Epoch: 94 [19136/60000 (32%)]	Loss: 0.036090
Train Epoch: 94 [25536/60000 (43%)]	Loss: 0.051234
Train Epoch: 94 [31936/60000 (53%)]	Loss: 0.027268
Train Epoch: 94 [38336/60000 (64%)]	Loss: 0.009434
Train Epoch: 94 [44736/60000 (75%)]	Loss: 0.006483
Train Epoch: 94 [51136/60000 (85%)]	Loss: 0.008412
Train Epoch: 94 [57536/60000 (96%)]	Loss: 0.026510

Test set: Average loss: 0.0547, Accuracy: 9828/10000 (98%)

Train Epoch: 95 [6336/60000 (11%)]	Loss: 0.014615
Train Epoch: 95 [12736/60000 (21%)]	Loss: 0.004173
Train Epoch: 95 [19136/60000 (32%)]	Loss: 0.006748
Train Epoch: 95 [25536/60000 (43%)]	Loss: 0.008381
Train Epoch: 95 [31936/60000 (53%)]	Loss: 0.039752
Train Epoch: 95 [38336/60000 (64%)]	Loss: 0.007450
Train Epoch: 95 [44736/60000 (75%)]	Loss: 0.010921
Train Epoch: 95 [51136/60000 (85%)]	Loss: 0.008716
Train Epoch: 95 [57536/60000 (96%)]	Loss: 0.007250

Test set: Average loss: 0.0550, Accuracy: 9835/10000 (98%)

Train Epoch: 96 [6336/60000 (11%)]	Loss: 0.003505
Train Epoch: 96 [12736/60000 (21%)]	Loss: 0.004769
Train Epoch: 96 [19136/60000 (32%)]	Loss: 0.030128
Train Epoch: 96 [25536/60000 (43%)]	Loss: 0.048708
Train Epoch: 96 [31936/60000 (53%)]	Loss: 0.008217
Train Epoch: 96 [38336/60000 (64%)]	Loss: 0.009095
Train Epoch: 96 [44736/60000 (75%)]	Loss: 0.017867
Train Epoch: 96 [51136/60000 (85%)]	Loss: 0.031813
Train Epoch: 96 [57536/60000 (96%)]	Loss: 0.020896

Test set: Average loss: 0.0615, Accuracy: 9805/10000 (98%)

Train Epoch: 97 [6336/60000 (11%)]	Loss: 0.012755
Train Epoch: 97 [12736/60000 (21%)]	Loss: 0.013560
Train Epoch: 97 [19136/60000 (32%)]	Loss: 0.013513
Train Epoch: 97 [25536/60000 (43%)]	Loss: 0.028353
Train Epoch: 97 [31936/60000 (53%)]	Loss: 0.011979
Train Epoch: 97 [38336/60000 (64%)]	Loss: 0.028188
Train Epoch: 97 [44736/60000 (75%)]	Loss: 0.013327
Train Epoch: 97 [51136/60000 (85%)]	Loss: 0.027085
Train Epoch: 97 [57536/60000 (96%)]	Loss: 0.008373

Test set: Average loss: 0.0540, Accuracy: 9842/10000 (98%)

Train Epoch: 98 [6336/60000 (11%)]	Loss: 0.033765
Train Epoch: 98 [12736/60000 (21%)]	Loss: 0.016396
Train Epoch: 98 [19136/60000 (32%)]	Loss: 0.007211
Train Epoch: 98 [25536/60000 (43%)]	Loss: 0.011151
Train Epoch: 98 [31936/60000 (53%)]	Loss: 0.003225
Train Epoch: 98 [38336/60000 (64%)]	Loss: 0.004788
Train Epoch: 98 [44736/60000 (75%)]	Loss: 0.042980
Train Epoch: 98 [51136/60000 (85%)]	Loss: 0.012718
Train Epoch: 98 [57536/60000 (96%)]	Loss: 0.019936

Test set: Average loss: 0.0542, Accuracy: 9822/10000 (98%)

Train Epoch: 99 [6336/60000 (11%)]	Loss: 0.007001
Train Epoch: 99 [12736/60000 (21%)]	Loss: 0.018420
Train Epoch: 99 [19136/60000 (32%)]	Loss: 0.002341
Train Epoch: 99 [25536/60000 (43%)]	Loss: 0.020871
Train Epoch: 99 [31936/60000 (53%)]	Loss: 0.003918
Train Epoch: 99 [38336/60000 (64%)]	Loss: 0.030898
Train Epoch: 99 [44736/60000 (75%)]	Loss: 0.013520
Train Epoch: 99 [51136/60000 (85%)]	Loss: 0.016621
Train Epoch: 99 [57536/60000 (96%)]	Loss: 0.007414

Test set: Average loss: 0.0516, Accuracy: 9841/10000 (98%)

Train Epoch: 100 [6336/60000 (11%)]	Loss: 0.010188
Train Epoch: 100 [12736/60000 (21%)]	Loss: 0.025018
Train Epoch: 100 [19136/60000 (32%)]	Loss: 0.008135
Train Epoch: 100 [25536/60000 (43%)]	Loss: 0.011745
Train Epoch: 100 [31936/60000 (53%)]	Loss: 0.008985
Train Epoch: 100 [38336/60000 (64%)]	Loss: 0.003080
Train Epoch: 100 [44736/60000 (75%)]	Loss: 0.028254
Train Epoch: 100 [51136/60000 (85%)]	Loss: 0.031418
Train Epoch: 100 [57536/60000 (96%)]	Loss: 0.012574

Test set: Average loss: 0.0520, Accuracy: 9843/10000 (98%)

Train Epoch: 101 [6336/60000 (11%)]	Loss: 0.009811
Train Epoch: 101 [12736/60000 (21%)]	Loss: 0.006192
Train Epoch: 101 [19136/60000 (32%)]	Loss: 0.005058
Train Epoch: 101 [25536/60000 (43%)]	Loss: 0.007992
Train Epoch: 101 [31936/60000 (53%)]	Loss: 0.012279
Train Epoch: 101 [38336/60000 (64%)]	Loss: 0.008423
Train Epoch: 101 [44736/60000 (75%)]	Loss: 0.005025
Train Epoch: 101 [51136/60000 (85%)]	Loss: 0.070453
Train Epoch: 101 [57536/60000 (96%)]	Loss: 0.019377

Test set: Average loss: 0.0560, Accuracy: 9841/10000 (98%)

Train Epoch: 102 [6336/60000 (11%)]	Loss: 0.016187
Train Epoch: 102 [12736/60000 (21%)]	Loss: 0.015592
Train Epoch: 102 [19136/60000 (32%)]	Loss: 0.032070
Train Epoch: 102 [25536/60000 (43%)]	Loss: 0.016299
Train Epoch: 102 [31936/60000 (53%)]	Loss: 0.008787
Train Epoch: 102 [38336/60000 (64%)]	Loss: 0.008983
Train Epoch: 102 [44736/60000 (75%)]	Loss: 0.041056
Train Epoch: 102 [51136/60000 (85%)]	Loss: 0.002024
Train Epoch: 102 [57536/60000 (96%)]	Loss: 0.007251

Test set: Average loss: 0.0483, Accuracy: 9851/10000 (99%)

Train Epoch: 103 [6336/60000 (11%)]	Loss: 0.006920
Train Epoch: 103 [12736/60000 (21%)]	Loss: 0.007395
Train Epoch: 103 [19136/60000 (32%)]	Loss: 0.008593
Train Epoch: 103 [25536/60000 (43%)]	Loss: 0.009325
Train Epoch: 103 [31936/60000 (53%)]	Loss: 0.019502
Train Epoch: 103 [38336/60000 (64%)]	Loss: 0.014407
Train Epoch: 103 [44736/60000 (75%)]	Loss: 0.021307
Train Epoch: 103 [51136/60000 (85%)]	Loss: 0.003863
Train Epoch: 103 [57536/60000 (96%)]	Loss: 0.030565

Test set: Average loss: 0.0520, Accuracy: 9845/10000 (98%)

Train Epoch: 104 [6336/60000 (11%)]	Loss: 0.016514
Train Epoch: 104 [12736/60000 (21%)]	Loss: 0.004880
Train Epoch: 104 [19136/60000 (32%)]	Loss: 0.009978
Train Epoch: 104 [25536/60000 (43%)]	Loss: 0.010580
Train Epoch: 104 [31936/60000 (53%)]	Loss: 0.011409
Train Epoch: 104 [38336/60000 (64%)]	Loss: 0.005735
Train Epoch: 104 [44736/60000 (75%)]	Loss: 0.010945
Train Epoch: 104 [51136/60000 (85%)]	Loss: 0.013011
Train Epoch: 104 [57536/60000 (96%)]	Loss: 0.015745

Test set: Average loss: 0.0492, Accuracy: 9840/10000 (98%)

Train Epoch: 105 [6336/60000 (11%)]	Loss: 0.010897
Train Epoch: 105 [12736/60000 (21%)]	Loss: 0.028250
Train Epoch: 105 [19136/60000 (32%)]	Loss: 0.004718
Train Epoch: 105 [25536/60000 (43%)]	Loss: 0.002975
Train Epoch: 105 [31936/60000 (53%)]	Loss: 0.016629
Train Epoch: 105 [38336/60000 (64%)]	Loss: 0.010655
Train Epoch: 105 [44736/60000 (75%)]	Loss: 0.022721
Train Epoch: 105 [51136/60000 (85%)]	Loss: 0.006799
Train Epoch: 105 [57536/60000 (96%)]	Loss: 0.019491

Test set: Average loss: 0.0490, Accuracy: 9849/10000 (98%)

Train Epoch: 106 [6336/60000 (11%)]	Loss: 0.011597
Train Epoch: 106 [12736/60000 (21%)]	Loss: 0.006044
Train Epoch: 106 [19136/60000 (32%)]	Loss: 0.010785
Train Epoch: 106 [25536/60000 (43%)]	Loss: 0.013341
Train Epoch: 106 [31936/60000 (53%)]	Loss: 0.014262
Train Epoch: 106 [38336/60000 (64%)]	Loss: 0.012206
Train Epoch: 106 [44736/60000 (75%)]	Loss: 0.003011
Train Epoch: 106 [51136/60000 (85%)]	Loss: 0.006216
Train Epoch: 106 [57536/60000 (96%)]	Loss: 0.022964

Test set: Average loss: 0.0511, Accuracy: 9847/10000 (98%)

Train Epoch: 107 [6336/60000 (11%)]	Loss: 0.005392
Train Epoch: 107 [12736/60000 (21%)]	Loss: 0.016042
Train Epoch: 107 [19136/60000 (32%)]	Loss: 0.015964
Train Epoch: 107 [25536/60000 (43%)]	Loss: 0.013949
Train Epoch: 107 [31936/60000 (53%)]	Loss: 0.004089
Train Epoch: 107 [38336/60000 (64%)]	Loss: 0.009451
Train Epoch: 107 [44736/60000 (75%)]	Loss: 0.002080
Train Epoch: 107 [51136/60000 (85%)]	Loss: 0.014871
Train Epoch: 107 [57536/60000 (96%)]	Loss: 0.020216

Test set: Average loss: 0.0519, Accuracy: 9837/10000 (98%)

Train Epoch: 108 [6336/60000 (11%)]	Loss: 0.009773
Train Epoch: 108 [12736/60000 (21%)]	Loss: 0.007567
Train Epoch: 108 [19136/60000 (32%)]	Loss: 0.010364
Train Epoch: 108 [25536/60000 (43%)]	Loss: 0.004700
Train Epoch: 108 [31936/60000 (53%)]	Loss: 0.008721
Train Epoch: 108 [38336/60000 (64%)]	Loss: 0.006414
Train Epoch: 108 [44736/60000 (75%)]	Loss: 0.011511
Train Epoch: 108 [51136/60000 (85%)]	Loss: 0.006827
Train Epoch: 108 [57536/60000 (96%)]	Loss: 0.005324

Test set: Average loss: 0.0514, Accuracy: 9840/10000 (98%)

Train Epoch: 109 [6336/60000 (11%)]	Loss: 0.006097
Train Epoch: 109 [12736/60000 (21%)]	Loss: 0.003665
Train Epoch: 109 [19136/60000 (32%)]	Loss: 0.010761
Train Epoch: 109 [25536/60000 (43%)]	Loss: 0.011111
Train Epoch: 109 [31936/60000 (53%)]	Loss: 0.009125
Train Epoch: 109 [38336/60000 (64%)]	Loss: 0.004368
Train Epoch: 109 [44736/60000 (75%)]	Loss: 0.008341
Train Epoch: 109 [51136/60000 (85%)]	Loss: 0.005026
Train Epoch: 109 [57536/60000 (96%)]	Loss: 0.006585

Test set: Average loss: 0.0473, Accuracy: 9859/10000 (99%)

Train Epoch: 110 [6336/60000 (11%)]	Loss: 0.003506
Train Epoch: 110 [12736/60000 (21%)]	Loss: 0.015566
Train Epoch: 110 [19136/60000 (32%)]	Loss: 0.005477
Train Epoch: 110 [25536/60000 (43%)]	Loss: 0.005886
Train Epoch: 110 [31936/60000 (53%)]	Loss: 0.007394
Train Epoch: 110 [38336/60000 (64%)]	Loss: 0.006031
Train Epoch: 110 [44736/60000 (75%)]	Loss: 0.003070
Train Epoch: 110 [51136/60000 (85%)]	Loss: 0.005097
Train Epoch: 110 [57536/60000 (96%)]	Loss: 0.010559

Test set: Average loss: 0.0500, Accuracy: 9839/10000 (98%)

Train Epoch: 111 [6336/60000 (11%)]	Loss: 0.024280
Train Epoch: 111 [12736/60000 (21%)]	Loss: 0.002343
Train Epoch: 111 [19136/60000 (32%)]	Loss: 0.006999
Train Epoch: 111 [25536/60000 (43%)]	Loss: 0.009104
Train Epoch: 111 [31936/60000 (53%)]	Loss: 0.003983
Train Epoch: 111 [38336/60000 (64%)]	Loss: 0.004620
Train Epoch: 111 [44736/60000 (75%)]	Loss: 0.005380
Train Epoch: 111 [51136/60000 (85%)]	Loss: 0.009688
Train Epoch: 111 [57536/60000 (96%)]	Loss: 0.008067

Test set: Average loss: 0.0485, Accuracy: 9854/10000 (99%)

Train Epoch: 112 [6336/60000 (11%)]	Loss: 0.017016
Train Epoch: 112 [12736/60000 (21%)]	Loss: 0.009742
Train Epoch: 112 [19136/60000 (32%)]	Loss: 0.007937
Train Epoch: 112 [25536/60000 (43%)]	Loss: 0.010137
Train Epoch: 112 [31936/60000 (53%)]	Loss: 0.011195
Train Epoch: 112 [38336/60000 (64%)]	Loss: 0.006547
Train Epoch: 112 [44736/60000 (75%)]	Loss: 0.013972
Train Epoch: 112 [51136/60000 (85%)]	Loss: 0.028185
Train Epoch: 112 [57536/60000 (96%)]	Loss: 0.009362

Test set: Average loss: 0.0491, Accuracy: 9847/10000 (98%)

Train Epoch: 113 [6336/60000 (11%)]	Loss: 0.007849
Train Epoch: 113 [12736/60000 (21%)]	Loss: 0.011740
Train Epoch: 113 [19136/60000 (32%)]	Loss: 0.024059
Train Epoch: 113 [25536/60000 (43%)]	Loss: 0.011956
Train Epoch: 113 [31936/60000 (53%)]	Loss: 0.005977
Train Epoch: 113 [38336/60000 (64%)]	Loss: 0.010112
Train Epoch: 113 [44736/60000 (75%)]	Loss: 0.005822
Train Epoch: 113 [51136/60000 (85%)]	Loss: 0.014166
Train Epoch: 113 [57536/60000 (96%)]	Loss: 0.012397

Test set: Average loss: 0.0471, Accuracy: 9855/10000 (99%)

Train Epoch: 114 [6336/60000 (11%)]	Loss: 0.012237
Train Epoch: 114 [12736/60000 (21%)]	Loss: 0.008949
Train Epoch: 114 [19136/60000 (32%)]	Loss: 0.010612
Train Epoch: 114 [25536/60000 (43%)]	Loss: 0.030965
Train Epoch: 114 [31936/60000 (53%)]	Loss: 0.009939
Train Epoch: 114 [38336/60000 (64%)]	Loss: 0.012020
Train Epoch: 114 [44736/60000 (75%)]	Loss: 0.020283
Train Epoch: 114 [51136/60000 (85%)]	Loss: 0.011990
Train Epoch: 114 [57536/60000 (96%)]	Loss: 0.012926

Test set: Average loss: 0.0486, Accuracy: 9850/10000 (98%)

Train Epoch: 115 [6336/60000 (11%)]	Loss: 0.002762
Train Epoch: 115 [12736/60000 (21%)]	Loss: 0.018437
Train Epoch: 115 [19136/60000 (32%)]	Loss: 0.010594
Train Epoch: 115 [25536/60000 (43%)]	Loss: 0.007595
Train Epoch: 115 [31936/60000 (53%)]	Loss: 0.008515
Train Epoch: 115 [38336/60000 (64%)]	Loss: 0.009210
Train Epoch: 115 [44736/60000 (75%)]	Loss: 0.023755
Train Epoch: 115 [51136/60000 (85%)]	Loss: 0.012684
Train Epoch: 115 [57536/60000 (96%)]	Loss: 0.021450

Test set: Average loss: 0.0476, Accuracy: 9855/10000 (99%)

Train Epoch: 116 [6336/60000 (11%)]	Loss: 0.008028
Train Epoch: 116 [12736/60000 (21%)]	Loss: 0.003647
Train Epoch: 116 [19136/60000 (32%)]	Loss: 0.005903
Train Epoch: 116 [25536/60000 (43%)]	Loss: 0.008095
Train Epoch: 116 [31936/60000 (53%)]	Loss: 0.014282
Train Epoch: 116 [38336/60000 (64%)]	Loss: 0.005508
Train Epoch: 116 [44736/60000 (75%)]	Loss: 0.019073
Train Epoch: 116 [51136/60000 (85%)]	Loss: 0.022768
Train Epoch: 116 [57536/60000 (96%)]	Loss: 0.002533

Test set: Average loss: 0.0484, Accuracy: 9846/10000 (98%)

Train Epoch: 117 [6336/60000 (11%)]	Loss: 0.006167
Train Epoch: 117 [12736/60000 (21%)]	Loss: 0.010218
Train Epoch: 117 [19136/60000 (32%)]	Loss: 0.004722
Train Epoch: 117 [25536/60000 (43%)]	Loss: 0.004198
Train Epoch: 117 [31936/60000 (53%)]	Loss: 0.018987
Train Epoch: 117 [38336/60000 (64%)]	Loss: 0.004857
Train Epoch: 117 [44736/60000 (75%)]	Loss: 0.004220
Train Epoch: 117 [51136/60000 (85%)]	Loss: 0.012437
Train Epoch: 117 [57536/60000 (96%)]	Loss: 0.009432

Test set: Average loss: 0.0473, Accuracy: 9855/10000 (99%)

Train Epoch: 118 [6336/60000 (11%)]	Loss: 0.009966
Train Epoch: 118 [12736/60000 (21%)]	Loss: 0.006945
Train Epoch: 118 [19136/60000 (32%)]	Loss: 0.007123
Train Epoch: 118 [25536/60000 (43%)]	Loss: 0.010362
Train Epoch: 118 [31936/60000 (53%)]	Loss: 0.007840
Train Epoch: 118 [38336/60000 (64%)]	Loss: 0.007959
Train Epoch: 118 [44736/60000 (75%)]	Loss: 0.003151
Train Epoch: 118 [51136/60000 (85%)]	Loss: 0.007168
Train Epoch: 118 [57536/60000 (96%)]	Loss: 0.010963

Test set: Average loss: 0.0485, Accuracy: 9863/10000 (99%)

Train Epoch: 119 [6336/60000 (11%)]	Loss: 0.008740
Train Epoch: 119 [12736/60000 (21%)]	Loss: 0.010876
Train Epoch: 119 [19136/60000 (32%)]	Loss: 0.014414
Train Epoch: 119 [25536/60000 (43%)]	Loss: 0.006764
Train Epoch: 119 [31936/60000 (53%)]	Loss: 0.024319
Train Epoch: 119 [38336/60000 (64%)]	Loss: 0.009960
Train Epoch: 119 [44736/60000 (75%)]	Loss: 0.009712
Train Epoch: 119 [51136/60000 (85%)]	Loss: 0.007714
Train Epoch: 119 [57536/60000 (96%)]	Loss: 0.003167

Test set: Average loss: 0.0491, Accuracy: 9851/10000 (99%)

Train Epoch: 120 [6336/60000 (11%)]	Loss: 0.003479
Train Epoch: 120 [12736/60000 (21%)]	Loss: 0.014301
Train Epoch: 120 [19136/60000 (32%)]	Loss: 0.007507
Train Epoch: 120 [25536/60000 (43%)]	Loss: 0.008625
Train Epoch: 120 [31936/60000 (53%)]	Loss: 0.010547
Train Epoch: 120 [38336/60000 (64%)]	Loss: 0.005653
Train Epoch: 120 [44736/60000 (75%)]	Loss: 0.013621
Train Epoch: 120 [51136/60000 (85%)]	Loss: 0.017959
Train Epoch: 120 [57536/60000 (96%)]	Loss: 0.012089

Test set: Average loss: 0.0477, Accuracy: 9863/10000 (99%)

Train Epoch: 121 [6336/60000 (11%)]	Loss: 0.008773
Train Epoch: 121 [12736/60000 (21%)]	Loss: 0.003606
Train Epoch: 121 [19136/60000 (32%)]	Loss: 0.012354
Train Epoch: 121 [25536/60000 (43%)]	Loss: 0.014124
Train Epoch: 121 [31936/60000 (53%)]	Loss: 0.008501
Train Epoch: 121 [38336/60000 (64%)]	Loss: 0.009728
Train Epoch: 121 [44736/60000 (75%)]	Loss: 0.005002
Train Epoch: 121 [51136/60000 (85%)]	Loss: 0.005313
Train Epoch: 121 [57536/60000 (96%)]	Loss: 0.018415

Test set: Average loss: 0.0473, Accuracy: 9851/10000 (99%)

Train Epoch: 122 [6336/60000 (11%)]	Loss: 0.005947
Train Epoch: 122 [12736/60000 (21%)]	Loss: 0.011347
Train Epoch: 122 [19136/60000 (32%)]	Loss: 0.006489
Train Epoch: 122 [25536/60000 (43%)]	Loss: 0.019197
Train Epoch: 122 [31936/60000 (53%)]	Loss: 0.002698
Train Epoch: 122 [38336/60000 (64%)]	Loss: 0.008321
Train Epoch: 122 [44736/60000 (75%)]	Loss: 0.007897
Train Epoch: 122 [51136/60000 (85%)]	Loss: 0.007390
Train Epoch: 122 [57536/60000 (96%)]	Loss: 0.008143

Test set: Average loss: 0.0473, Accuracy: 9852/10000 (99%)

Train Epoch: 123 [6336/60000 (11%)]	Loss: 0.007783
Train Epoch: 123 [12736/60000 (21%)]	Loss: 0.011369
Train Epoch: 123 [19136/60000 (32%)]	Loss: 0.004336
Train Epoch: 123 [25536/60000 (43%)]	Loss: 0.010371
Train Epoch: 123 [31936/60000 (53%)]	Loss: 0.008313
Train Epoch: 123 [38336/60000 (64%)]	Loss: 0.013733
Train Epoch: 123 [44736/60000 (75%)]	Loss: 0.006363
Train Epoch: 123 [51136/60000 (85%)]	Loss: 0.010455
Train Epoch: 123 [57536/60000 (96%)]	Loss: 0.024032

Test set: Average loss: 0.0473, Accuracy: 9861/10000 (99%)

Train Epoch: 124 [6336/60000 (11%)]	Loss: 0.020581
Train Epoch: 124 [12736/60000 (21%)]	Loss: 0.002603
Train Epoch: 124 [19136/60000 (32%)]	Loss: 0.018205
Train Epoch: 124 [25536/60000 (43%)]	Loss: 0.009289
Train Epoch: 124 [31936/60000 (53%)]	Loss: 0.006215
Train Epoch: 124 [38336/60000 (64%)]	Loss: 0.011957
Train Epoch: 124 [44736/60000 (75%)]	Loss: 0.008103
Train Epoch: 124 [51136/60000 (85%)]	Loss: 0.007023
Train Epoch: 124 [57536/60000 (96%)]	Loss: 0.012897

Test set: Average loss: 0.0483, Accuracy: 9848/10000 (98%)

Train Epoch: 125 [6336/60000 (11%)]	Loss: 0.006402
Train Epoch: 125 [12736/60000 (21%)]	Loss: 0.011001
Train Epoch: 125 [19136/60000 (32%)]	Loss: 0.004146
Train Epoch: 125 [25536/60000 (43%)]	Loss: 0.003863
Train Epoch: 125 [31936/60000 (53%)]	Loss: 0.014005
Train Epoch: 125 [38336/60000 (64%)]	Loss: 0.009881
Train Epoch: 125 [44736/60000 (75%)]	Loss: 0.006245
Train Epoch: 125 [51136/60000 (85%)]	Loss: 0.008539
Train Epoch: 125 [57536/60000 (96%)]	Loss: 0.019601

Test set: Average loss: 0.0484, Accuracy: 9850/10000 (98%)

Train Epoch: 126 [6336/60000 (11%)]	Loss: 0.007811
Train Epoch: 126 [12736/60000 (21%)]	Loss: 0.012527
Train Epoch: 126 [19136/60000 (32%)]	Loss: 0.009684
Train Epoch: 126 [25536/60000 (43%)]	Loss: 0.005824
Train Epoch: 126 [31936/60000 (53%)]	Loss: 0.017241
Train Epoch: 126 [38336/60000 (64%)]	Loss: 0.011826
Train Epoch: 126 [44736/60000 (75%)]	Loss: 0.004870
Train Epoch: 126 [51136/60000 (85%)]	Loss: 0.008557
Train Epoch: 126 [57536/60000 (96%)]	Loss: 0.014820

Test set: Average loss: 0.0471, Accuracy: 9852/10000 (99%)

Train Epoch: 127 [6336/60000 (11%)]	Loss: 0.008925
Train Epoch: 127 [12736/60000 (21%)]	Loss: 0.014334
Train Epoch: 127 [19136/60000 (32%)]	Loss: 0.007750
Train Epoch: 127 [25536/60000 (43%)]	Loss: 0.004710
Train Epoch: 127 [31936/60000 (53%)]	Loss: 0.013573
Train Epoch: 127 [38336/60000 (64%)]	Loss: 0.003096
Train Epoch: 127 [44736/60000 (75%)]	Loss: 0.011416
Train Epoch: 127 [51136/60000 (85%)]	Loss: 0.009837
Train Epoch: 127 [57536/60000 (96%)]	Loss: 0.007692

Test set: Average loss: 0.0472, Accuracy: 9854/10000 (99%)

Train Epoch: 128 [6336/60000 (11%)]	Loss: 0.011419
Train Epoch: 128 [12736/60000 (21%)]	Loss: 0.010364
Train Epoch: 128 [19136/60000 (32%)]	Loss: 0.007367
Train Epoch: 128 [25536/60000 (43%)]	Loss: 0.008731
Train Epoch: 128 [31936/60000 (53%)]	Loss: 0.025657
Train Epoch: 128 [38336/60000 (64%)]	Loss: 0.005663
Train Epoch: 128 [44736/60000 (75%)]	Loss: 0.019654
Train Epoch: 128 [51136/60000 (85%)]	Loss: 0.008153
Train Epoch: 128 [57536/60000 (96%)]	Loss: 0.004127

Test set: Average loss: 0.0477, Accuracy: 9860/10000 (99%)

Train Epoch: 129 [6336/60000 (11%)]	Loss: 0.008650
Train Epoch: 129 [12736/60000 (21%)]	Loss: 0.006399
Train Epoch: 129 [19136/60000 (32%)]	Loss: 0.020992
Train Epoch: 129 [25536/60000 (43%)]	Loss: 0.008050
Train Epoch: 129 [31936/60000 (53%)]	Loss: 0.004208
Train Epoch: 129 [38336/60000 (64%)]	Loss: 0.009090
Train Epoch: 129 [44736/60000 (75%)]	Loss: 0.009289
Train Epoch: 129 [51136/60000 (85%)]	Loss: 0.010218
Train Epoch: 129 [57536/60000 (96%)]	Loss: 0.006703

Test set: Average loss: 0.0473, Accuracy: 9856/10000 (99%)

Train Epoch: 130 [6336/60000 (11%)]	Loss: 0.011624
Train Epoch: 130 [12736/60000 (21%)]	Loss: 0.005059
Train Epoch: 130 [19136/60000 (32%)]	Loss: 0.009664
Train Epoch: 130 [25536/60000 (43%)]	Loss: 0.015887
Train Epoch: 130 [31936/60000 (53%)]	Loss: 0.014929
Train Epoch: 130 [38336/60000 (64%)]	Loss: 0.015562
Train Epoch: 130 [44736/60000 (75%)]	Loss: 0.013288
Train Epoch: 130 [51136/60000 (85%)]	Loss: 0.008649
Train Epoch: 130 [57536/60000 (96%)]	Loss: 0.012335

Test set: Average loss: 0.0475, Accuracy: 9851/10000 (99%)

Train Epoch: 131 [6336/60000 (11%)]	Loss: 0.007525
Train Epoch: 131 [12736/60000 (21%)]	Loss: 0.015658
Train Epoch: 131 [19136/60000 (32%)]	Loss: 0.009781
Train Epoch: 131 [25536/60000 (43%)]	Loss: 0.003728
Train Epoch: 131 [31936/60000 (53%)]	Loss: 0.011830
Train Epoch: 131 [38336/60000 (64%)]	Loss: 0.010584
Train Epoch: 131 [44736/60000 (75%)]	Loss: 0.007673
Train Epoch: 131 [51136/60000 (85%)]	Loss: 0.005708
Train Epoch: 131 [57536/60000 (96%)]	Loss: 0.011756

Test set: Average loss: 0.0477, Accuracy: 9859/10000 (99%)

Train Epoch: 132 [6336/60000 (11%)]	Loss: 0.010561
Train Epoch: 132 [12736/60000 (21%)]	Loss: 0.010956
Train Epoch: 132 [19136/60000 (32%)]	Loss: 0.004750
Train Epoch: 132 [25536/60000 (43%)]	Loss: 0.015366
Train Epoch: 132 [31936/60000 (53%)]	Loss: 0.007293
Train Epoch: 132 [38336/60000 (64%)]	Loss: 0.003425
Train Epoch: 132 [44736/60000 (75%)]	Loss: 0.018996
Train Epoch: 132 [51136/60000 (85%)]	Loss: 0.013583
Train Epoch: 132 [57536/60000 (96%)]	Loss: 0.007954

Test set: Average loss: 0.0474, Accuracy: 9851/10000 (99%)

Train Epoch: 133 [6336/60000 (11%)]	Loss: 0.003024
Train Epoch: 133 [12736/60000 (21%)]	Loss: 0.012971
Train Epoch: 133 [19136/60000 (32%)]	Loss: 0.019425
Train Epoch: 133 [25536/60000 (43%)]	Loss: 0.011424
Train Epoch: 133 [31936/60000 (53%)]	Loss: 0.008245
Train Epoch: 133 [38336/60000 (64%)]	Loss: 0.006986
Train Epoch: 133 [44736/60000 (75%)]	Loss: 0.013457
Train Epoch: 133 [51136/60000 (85%)]	Loss: 0.007974
Train Epoch: 133 [57536/60000 (96%)]	Loss: 0.011574

Test set: Average loss: 0.0480, Accuracy: 9858/10000 (99%)

Train Epoch: 134 [6336/60000 (11%)]	Loss: 0.006686
Train Epoch: 134 [12736/60000 (21%)]	Loss: 0.011336
Train Epoch: 134 [19136/60000 (32%)]	Loss: 0.011084
Train Epoch: 134 [25536/60000 (43%)]	Loss: 0.009195
Train Epoch: 134 [31936/60000 (53%)]	Loss: 0.006900
Train Epoch: 134 [38336/60000 (64%)]	Loss: 0.013337
Train Epoch: 134 [44736/60000 (75%)]	Loss: 0.007972
Train Epoch: 134 [51136/60000 (85%)]	Loss: 0.021621
Train Epoch: 134 [57536/60000 (96%)]	Loss: 0.004821

Test set: Average loss: 0.0473, Accuracy: 9853/10000 (99%)

Train Epoch: 135 [6336/60000 (11%)]	Loss: 0.008372
Train Epoch: 135 [12736/60000 (21%)]	Loss: 0.005564
Train Epoch: 135 [19136/60000 (32%)]	Loss: 0.005129
Train Epoch: 135 [25536/60000 (43%)]	Loss: 0.019763
Train Epoch: 135 [31936/60000 (53%)]	Loss: 0.005114
Train Epoch: 135 [38336/60000 (64%)]	Loss: 0.005185
Train Epoch: 135 [44736/60000 (75%)]	Loss: 0.004653
Train Epoch: 135 [51136/60000 (85%)]	Loss: 0.008392
Train Epoch: 135 [57536/60000 (96%)]	Loss: 0.010386

Test set: Average loss: 0.0473, Accuracy: 9857/10000 (99%)

Train Epoch: 136 [6336/60000 (11%)]	Loss: 0.006589
Train Epoch: 136 [12736/60000 (21%)]	Loss: 0.004221
Train Epoch: 136 [19136/60000 (32%)]	Loss: 0.007388
Train Epoch: 136 [25536/60000 (43%)]	Loss: 0.008904
Train Epoch: 136 [31936/60000 (53%)]	Loss: 0.010659
Train Epoch: 136 [38336/60000 (64%)]	Loss: 0.008353
Train Epoch: 136 [44736/60000 (75%)]	Loss: 0.007024
Train Epoch: 136 [51136/60000 (85%)]	Loss: 0.005024
Train Epoch: 136 [57536/60000 (96%)]	Loss: 0.008236

Test set: Average loss: 0.0478, Accuracy: 9854/10000 (99%)

Train Epoch: 137 [6336/60000 (11%)]	Loss: 0.009140
Train Epoch: 137 [12736/60000 (21%)]	Loss: 0.005486
Train Epoch: 137 [19136/60000 (32%)]	Loss: 0.006958
Train Epoch: 137 [25536/60000 (43%)]	Loss: 0.011134
Train Epoch: 137 [31936/60000 (53%)]	Loss: 0.008185
Train Epoch: 137 [38336/60000 (64%)]	Loss: 0.012876
Train Epoch: 137 [44736/60000 (75%)]	Loss: 0.005470
Train Epoch: 137 [51136/60000 (85%)]	Loss: 0.006539
Train Epoch: 137 [57536/60000 (96%)]	Loss: 0.006063

Test set: Average loss: 0.0474, Accuracy: 9856/10000 (99%)

Train Epoch: 138 [6336/60000 (11%)]	Loss: 0.008562
Train Epoch: 138 [12736/60000 (21%)]	Loss: 0.005616
Train Epoch: 138 [19136/60000 (32%)]	Loss: 0.020158
Train Epoch: 138 [25536/60000 (43%)]	Loss: 0.008047
Train Epoch: 138 [31936/60000 (53%)]	Loss: 0.004380
Train Epoch: 138 [38336/60000 (64%)]	Loss: 0.002526
Train Epoch: 138 [44736/60000 (75%)]	Loss: 0.006248
Train Epoch: 138 [51136/60000 (85%)]	Loss: 0.004805
Train Epoch: 138 [57536/60000 (96%)]	Loss: 0.009498

Test set: Average loss: 0.0469, Accuracy: 9858/10000 (99%)

Train Epoch: 139 [6336/60000 (11%)]	Loss: 0.017029
Train Epoch: 139 [12736/60000 (21%)]	Loss: 0.007699
Train Epoch: 139 [19136/60000 (32%)]	Loss: 0.011937
Train Epoch: 139 [25536/60000 (43%)]	Loss: 0.009752
Train Epoch: 139 [31936/60000 (53%)]	Loss: 0.012380
Train Epoch: 139 [38336/60000 (64%)]	Loss: 0.006391
Train Epoch: 139 [44736/60000 (75%)]	Loss: 0.003101
Train Epoch: 139 [51136/60000 (85%)]	Loss: 0.006591
Train Epoch: 139 [57536/60000 (96%)]	Loss: 0.016061

Test set: Average loss: 0.0471, Accuracy: 9853/10000 (99%)

Train Epoch: 140 [6336/60000 (11%)]	Loss: 0.010365
Train Epoch: 140 [12736/60000 (21%)]	Loss: 0.004823
Train Epoch: 140 [19136/60000 (32%)]	Loss: 0.007076
Train Epoch: 140 [25536/60000 (43%)]	Loss: 0.002419
Train Epoch: 140 [31936/60000 (53%)]	Loss: 0.003956
Train Epoch: 140 [38336/60000 (64%)]	Loss: 0.007956
Train Epoch: 140 [44736/60000 (75%)]	Loss: 0.005936
Train Epoch: 140 [51136/60000 (85%)]	Loss: 0.006025
Train Epoch: 140 [57536/60000 (96%)]	Loss: 0.013385

Test set: Average loss: 0.0472, Accuracy: 9855/10000 (99%)

Train Epoch: 141 [6336/60000 (11%)]	Loss: 0.008470
Train Epoch: 141 [12736/60000 (21%)]	Loss: 0.008526
Train Epoch: 141 [19136/60000 (32%)]	Loss: 0.004421
Train Epoch: 141 [25536/60000 (43%)]	Loss: 0.006936
Train Epoch: 141 [31936/60000 (53%)]	Loss: 0.009273
Train Epoch: 141 [38336/60000 (64%)]	Loss: 0.005596
Train Epoch: 141 [44736/60000 (75%)]	Loss: 0.004269
Train Epoch: 141 [51136/60000 (85%)]	Loss: 0.005251
Train Epoch: 141 [57536/60000 (96%)]	Loss: 0.008468

Test set: Average loss: 0.0474, Accuracy: 9853/10000 (99%)

Train Epoch: 142 [6336/60000 (11%)]	Loss: 0.011595
Train Epoch: 142 [12736/60000 (21%)]	Loss: 0.006898
Train Epoch: 142 [19136/60000 (32%)]	Loss: 0.017871
Train Epoch: 142 [25536/60000 (43%)]	Loss: 0.004321
Train Epoch: 142 [31936/60000 (53%)]	Loss: 0.003998
Train Epoch: 142 [38336/60000 (64%)]	Loss: 0.007682
Train Epoch: 142 [44736/60000 (75%)]	Loss: 0.007428
Train Epoch: 142 [51136/60000 (85%)]	Loss: 0.012309
Train Epoch: 142 [57536/60000 (96%)]	Loss: 0.007170

Test set: Average loss: 0.0472, Accuracy: 9854/10000 (99%)

Train Epoch: 143 [6336/60000 (11%)]	Loss: 0.006057
Train Epoch: 143 [12736/60000 (21%)]	Loss: 0.008550
Train Epoch: 143 [19136/60000 (32%)]	Loss: 0.005032
Train Epoch: 143 [25536/60000 (43%)]	Loss: 0.015666
Train Epoch: 143 [31936/60000 (53%)]	Loss: 0.008954
Train Epoch: 143 [38336/60000 (64%)]	Loss: 0.011198
Train Epoch: 143 [44736/60000 (75%)]	Loss: 0.004170
Train Epoch: 143 [51136/60000 (85%)]	Loss: 0.004507
Train Epoch: 143 [57536/60000 (96%)]	Loss: 0.004826

Test set: Average loss: 0.0472, Accuracy: 9855/10000 (99%)

Train Epoch: 144 [6336/60000 (11%)]	Loss: 0.006681
Train Epoch: 144 [12736/60000 (21%)]	Loss: 0.002240
Train Epoch: 144 [19136/60000 (32%)]	Loss: 0.006422
Train Epoch: 144 [25536/60000 (43%)]	Loss: 0.007790
Train Epoch: 144 [31936/60000 (53%)]	Loss: 0.014757
Train Epoch: 144 [38336/60000 (64%)]	Loss: 0.010661
Train Epoch: 144 [44736/60000 (75%)]	Loss: 0.004585
Train Epoch: 144 [51136/60000 (85%)]	Loss: 0.014678
Train Epoch: 144 [57536/60000 (96%)]	Loss: 0.006486

Test set: Average loss: 0.0486, Accuracy: 9855/10000 (99%)

Train Epoch: 145 [6336/60000 (11%)]	Loss: 0.014548
Train Epoch: 145 [12736/60000 (21%)]	Loss: 0.004480
Train Epoch: 145 [19136/60000 (32%)]	Loss: 0.006355
Train Epoch: 145 [25536/60000 (43%)]	Loss: 0.007750
Train Epoch: 145 [31936/60000 (53%)]	Loss: 0.012530
Train Epoch: 145 [38336/60000 (64%)]	Loss: 0.007883
Train Epoch: 145 [44736/60000 (75%)]	Loss: 0.014158
Train Epoch: 145 [51136/60000 (85%)]	Loss: 0.010662
Train Epoch: 145 [57536/60000 (96%)]	Loss: 0.013640

Test set: Average loss: 0.0473, Accuracy: 9855/10000 (99%)

Train Epoch: 146 [6336/60000 (11%)]	Loss: 0.005993
Train Epoch: 146 [12736/60000 (21%)]	Loss: 0.007148
Train Epoch: 146 [19136/60000 (32%)]	Loss: 0.008175
Train Epoch: 146 [25536/60000 (43%)]	Loss: 0.007946
Train Epoch: 146 [31936/60000 (53%)]	Loss: 0.009318
Train Epoch: 146 [38336/60000 (64%)]	Loss: 0.017390
Train Epoch: 146 [44736/60000 (75%)]	Loss: 0.007202
Train Epoch: 146 [51136/60000 (85%)]	Loss: 0.010806
Train Epoch: 146 [57536/60000 (96%)]	Loss: 0.009147

Test set: Average loss: 0.0471, Accuracy: 9855/10000 (99%)

Train Epoch: 147 [6336/60000 (11%)]	Loss: 0.015099
Train Epoch: 147 [12736/60000 (21%)]	Loss: 0.005857
Train Epoch: 147 [19136/60000 (32%)]	Loss: 0.008708
Train Epoch: 147 [25536/60000 (43%)]	Loss: 0.009255
Train Epoch: 147 [31936/60000 (53%)]	Loss: 0.005418
Train Epoch: 147 [38336/60000 (64%)]	Loss: 0.012293
Train Epoch: 147 [44736/60000 (75%)]	Loss: 0.011263
Train Epoch: 147 [51136/60000 (85%)]	Loss: 0.007455
Train Epoch: 147 [57536/60000 (96%)]	Loss: 0.008211

Test set: Average loss: 0.0472, Accuracy: 9855/10000 (99%)

Train Epoch: 148 [6336/60000 (11%)]	Loss: 0.008684
Train Epoch: 148 [12736/60000 (21%)]	Loss: 0.006525
Train Epoch: 148 [19136/60000 (32%)]	Loss: 0.009214
Train Epoch: 148 [25536/60000 (43%)]	Loss: 0.007872
Train Epoch: 148 [31936/60000 (53%)]	Loss: 0.009400
Train Epoch: 148 [38336/60000 (64%)]	Loss: 0.011472
Train Epoch: 148 [44736/60000 (75%)]	Loss: 0.003085
Train Epoch: 148 [51136/60000 (85%)]	Loss: 0.015724
Train Epoch: 148 [57536/60000 (96%)]	Loss: 0.008794

Test set: Average loss: 0.0472, Accuracy: 9855/10000 (99%)

Train Epoch: 149 [6336/60000 (11%)]	Loss: 0.006269
Train Epoch: 149 [12736/60000 (21%)]	Loss: 0.008513
Train Epoch: 149 [19136/60000 (32%)]	Loss: 0.004424
Train Epoch: 149 [25536/60000 (43%)]	Loss: 0.004391
Train Epoch: 149 [31936/60000 (53%)]	Loss: 0.009539
Train Epoch: 149 [38336/60000 (64%)]	Loss: 0.012754
Train Epoch: 149 [44736/60000 (75%)]	Loss: 0.006808
Train Epoch: 149 [51136/60000 (85%)]	Loss: 0.007025
Train Epoch: 149 [57536/60000 (96%)]	Loss: 0.014203

Test set: Average loss: 0.0472, Accuracy: 9855/10000 (99%)

Train Epoch: 150 [6336/60000 (11%)]	Loss: 0.007973
Train Epoch: 150 [12736/60000 (21%)]	Loss: 0.008207
Train Epoch: 150 [19136/60000 (32%)]	Loss: 0.004518
Train Epoch: 150 [25536/60000 (43%)]	Loss: 0.010378
Train Epoch: 150 [31936/60000 (53%)]	Loss: 0.012392
Train Epoch: 150 [38336/60000 (64%)]	Loss: 0.005818
Train Epoch: 150 [44736/60000 (75%)]	Loss: 0.007984
Train Epoch: 150 [51136/60000 (85%)]	Loss: 0.014399
Train Epoch: 150 [57536/60000 (96%)]	Loss: 0.006773

Test set: Average loss: 0.0473, Accuracy: 9855/10000 (99%)

Namespace(batch_size=64, bias=None, data='../data', device=1, epochs=150, hidden_size=500, load_weights=None, log_interval=100, lr=0.1, model='fc2', momentum=0.9, no_cuda=False, r=5, save_model=None, save_results=True, seed=1, sparsity=0.5, use_relu=False, wd=0.0005)


Total time spent pruning/training: 15.91 minutes
Total number of parameters in model: 397000
