Namespace(batch_size=64, bias=None, data='../data', device=0, epochs=11, hidden_size=500, load_weights='./paper/lenet5/lenet5_e50_h500.pt', log_interval=100, lr=0.01, model='redlenet5', momentum=0.9, no_cuda=False, r=5, save_model=None, save_results=True, seed=1, sparsity=0.02, use_relu=False, wd=0.0005) 

Training a RedLeNet5 network ...
Train Epoch: 1 [6336/60000 (11%)]	Loss: 1.589047
Train Epoch: 1 [12736/60000 (21%)]	Loss: 1.203286
Train Epoch: 1 [19136/60000 (32%)]	Loss: 0.767450
Train Epoch: 1 [25536/60000 (43%)]	Loss: 0.981925
Train Epoch: 1 [31936/60000 (53%)]	Loss: 1.849517
Train Epoch: 1 [38336/60000 (64%)]	Loss: 1.697098
Train Epoch: 1 [44736/60000 (75%)]	Loss: 1.336214
Train Epoch: 1 [51136/60000 (85%)]	Loss: 1.568365
Train Epoch: 1 [57536/60000 (96%)]	Loss: 1.212293

Test set: Average loss: 1.8664, Accuracy: 5650/10000 (56%)

Train Epoch: 2 [6336/60000 (11%)]	Loss: 2.147060
Train Epoch: 2 [12736/60000 (21%)]	Loss: 2.954078
Train Epoch: 2 [19136/60000 (32%)]	Loss: 1.117089
Train Epoch: 2 [25536/60000 (43%)]	Loss: 3.753039
Train Epoch: 2 [31936/60000 (53%)]	Loss: 3.053051
Train Epoch: 2 [38336/60000 (64%)]	Loss: 3.167108
Train Epoch: 2 [44736/60000 (75%)]	Loss: 2.583981
Train Epoch: 2 [51136/60000 (85%)]	Loss: 4.685894
Train Epoch: 2 [57536/60000 (96%)]	Loss: 4.461020

Test set: Average loss: 4.7274, Accuracy: 3718/10000 (37%)

Train Epoch: 3 [6336/60000 (11%)]	Loss: 3.813135
Train Epoch: 3 [12736/60000 (21%)]	Loss: 4.086847
Train Epoch: 3 [19136/60000 (32%)]	Loss: 4.401288
Train Epoch: 3 [25536/60000 (43%)]	Loss: 5.698522
Train Epoch: 3 [31936/60000 (53%)]	Loss: 5.820120
Train Epoch: 3 [38336/60000 (64%)]	Loss: 5.037422
Train Epoch: 3 [44736/60000 (75%)]	Loss: 4.253576
Train Epoch: 3 [51136/60000 (85%)]	Loss: 4.304724
Train Epoch: 3 [57536/60000 (96%)]	Loss: 4.293627

Test set: Average loss: 5.2452, Accuracy: 3006/10000 (30%)

Train Epoch: 4 [6336/60000 (11%)]	Loss: 5.849567
Train Epoch: 4 [12736/60000 (21%)]	Loss: 7.056020
Train Epoch: 4 [19136/60000 (32%)]	Loss: 5.689912
Train Epoch: 4 [25536/60000 (43%)]	Loss: 5.287626
Train Epoch: 4 [31936/60000 (53%)]	Loss: 5.297821
Train Epoch: 4 [38336/60000 (64%)]	Loss: 6.058676
Train Epoch: 4 [44736/60000 (75%)]	Loss: 5.981311
Train Epoch: 4 [51136/60000 (85%)]	Loss: 4.999942
Train Epoch: 4 [57536/60000 (96%)]	Loss: 6.536818

Test set: Average loss: 6.2852, Accuracy: 2357/10000 (24%)

Train Epoch: 5 [6336/60000 (11%)]	Loss: 5.673204
Train Epoch: 5 [12736/60000 (21%)]	Loss: 6.564657
Train Epoch: 5 [19136/60000 (32%)]	Loss: 6.521727
Train Epoch: 5 [25536/60000 (43%)]	Loss: 6.779253
Train Epoch: 5 [31936/60000 (53%)]	Loss: 6.759442
Train Epoch: 5 [38336/60000 (64%)]	Loss: 8.201387
Train Epoch: 5 [44736/60000 (75%)]	Loss: 7.552294
Train Epoch: 5 [51136/60000 (85%)]	Loss: 7.338448
Train Epoch: 5 [57536/60000 (96%)]	Loss: 7.453666

Test set: Average loss: 7.4597, Accuracy: 2262/10000 (23%)

Train Epoch: 6 [6336/60000 (11%)]	Loss: 8.513074
Train Epoch: 6 [12736/60000 (21%)]	Loss: 7.126743
Train Epoch: 6 [19136/60000 (32%)]	Loss: 7.719295
Train Epoch: 6 [25536/60000 (43%)]	Loss: 8.874106
Train Epoch: 6 [31936/60000 (53%)]	Loss: 7.352138
Train Epoch: 6 [38336/60000 (64%)]	Loss: 7.634207
Train Epoch: 6 [44736/60000 (75%)]	Loss: 8.314704
Train Epoch: 6 [51136/60000 (85%)]	Loss: 8.226750
Train Epoch: 6 [57536/60000 (96%)]	Loss: 8.014131

Test set: Average loss: 7.6048, Accuracy: 1932/10000 (19%)

Train Epoch: 7 [6336/60000 (11%)]	Loss: 7.866795
Train Epoch: 7 [12736/60000 (21%)]	Loss: 8.673333
Train Epoch: 7 [19136/60000 (32%)]	Loss: 8.418889
Train Epoch: 7 [25536/60000 (43%)]	Loss: 7.201786
Train Epoch: 7 [31936/60000 (53%)]	Loss: 7.712887
Train Epoch: 7 [38336/60000 (64%)]	Loss: 8.680363
Train Epoch: 7 [44736/60000 (75%)]	Loss: 9.266348
Train Epoch: 7 [51136/60000 (85%)]	Loss: 9.898214
Train Epoch: 7 [57536/60000 (96%)]	Loss: 8.467457

Test set: Average loss: 9.0764, Accuracy: 1740/10000 (17%)

Train Epoch: 8 [6336/60000 (11%)]	Loss: 7.713006
Train Epoch: 8 [12736/60000 (21%)]	Loss: 6.783551
Train Epoch: 8 [19136/60000 (32%)]	Loss: 7.611865
Train Epoch: 8 [25536/60000 (43%)]	Loss: 8.250491
Train Epoch: 8 [31936/60000 (53%)]	Loss: 6.066393
Train Epoch: 8 [38336/60000 (64%)]	Loss: 8.282346
Train Epoch: 8 [44736/60000 (75%)]	Loss: 8.565151
Train Epoch: 8 [51136/60000 (85%)]	Loss: 7.531958
Train Epoch: 8 [57536/60000 (96%)]	Loss: 9.548782

Test set: Average loss: 8.8396, Accuracy: 1517/10000 (15%)

Train Epoch: 9 [6336/60000 (11%)]	Loss: 9.631788
Train Epoch: 9 [12736/60000 (21%)]	Loss: 8.669055
Train Epoch: 9 [19136/60000 (32%)]	Loss: 8.088690
Train Epoch: 9 [25536/60000 (43%)]	Loss: 10.359804
Train Epoch: 9 [31936/60000 (53%)]	Loss: 8.461864
Train Epoch: 9 [38336/60000 (64%)]	Loss: 10.458427
Train Epoch: 9 [44736/60000 (75%)]	Loss: 8.586039
Train Epoch: 9 [51136/60000 (85%)]	Loss: 7.317698
Train Epoch: 9 [57536/60000 (96%)]	Loss: 9.081419

Test set: Average loss: 8.6247, Accuracy: 1679/10000 (17%)

Train Epoch: 10 [6336/60000 (11%)]	Loss: 8.389604
Train Epoch: 10 [12736/60000 (21%)]	Loss: 8.265201
Train Epoch: 10 [19136/60000 (32%)]	Loss: 8.255731
Train Epoch: 10 [25536/60000 (43%)]	Loss: 10.202185
Train Epoch: 10 [31936/60000 (53%)]	Loss: 9.167127
Train Epoch: 10 [38336/60000 (64%)]	Loss: 8.975530
Train Epoch: 10 [44736/60000 (75%)]	Loss: 8.010270
Train Epoch: 10 [51136/60000 (85%)]	Loss: 8.641627
Train Epoch: 10 [57536/60000 (96%)]	Loss: 7.035066

Test set: Average loss: 9.2826, Accuracy: 1679/10000 (17%)

Train Epoch: 11 [6336/60000 (11%)]	Loss: 10.246813
Train Epoch: 11 [12736/60000 (21%)]	Loss: 8.956142
Train Epoch: 11 [19136/60000 (32%)]	Loss: 7.822597
Train Epoch: 11 [25536/60000 (43%)]	Loss: 6.507091
Train Epoch: 11 [31936/60000 (53%)]	Loss: 10.146571
Train Epoch: 11 [38336/60000 (64%)]	Loss: 8.021065
Train Epoch: 11 [44736/60000 (75%)]	Loss: 8.815074
Train Epoch: 11 [51136/60000 (85%)]	Loss: 7.681784
Train Epoch: 11 [57536/60000 (96%)]	Loss: 8.586686

Test set: Average loss: 9.2520, Accuracy: 1616/10000 (16%)

Namespace(batch_size=64, bias=None, data='../data', device=0, epochs=11, hidden_size=500, load_weights='./paper/lenet5/lenet5_e50_h500.pt', log_interval=100, lr=0.01, model='redlenet5', momentum=0.9, no_cuda=False, r=5, save_model=None, save_results=True, seed=1, sparsity=0.02, use_relu=False, wd=0.0005)


Total time spent pruning/training: 1.21 minutes
Total number of parameters in model: 300170
Number of parameters in pruned model: 294218
