Namespace(batch_size=64, bias=None, data='../data', device=0, epochs=150, hidden_size=500, load_weights='./paper/lenet5/lenet5_e50_h500.pt', log_interval=100, lr=0.01, model='redlenet5', momentum=0.9, no_cuda=False, r=5, save_model=None, save_results=True, seed=1, sparsity=0.95, use_relu=True, wd=0.0005) 

Training a RedLeNet5 network ...
Train Epoch: 1 [6336/60000 (11%)]	Loss: 2.302585
Train Epoch: 1 [12736/60000 (21%)]	Loss: 2.302583
Train Epoch: 1 [19136/60000 (32%)]	Loss: 2.302583
Train Epoch: 1 [25536/60000 (43%)]	Loss: 2.302585
Train Epoch: 1 [31936/60000 (53%)]	Loss: 2.302584
Train Epoch: 1 [38336/60000 (64%)]	Loss: 2.302583
Train Epoch: 1 [44736/60000 (75%)]	Loss: 2.302584
Train Epoch: 1 [51136/60000 (85%)]	Loss: 2.302587
Train Epoch: 1 [57536/60000 (96%)]	Loss: 2.302584

Test set: Average loss: 2.3026, Accuracy: 1169/10000 (12%)

Train Epoch: 2 [6336/60000 (11%)]	Loss: 2.302585
Train Epoch: 2 [12736/60000 (21%)]	Loss: 2.302584
Train Epoch: 2 [19136/60000 (32%)]	Loss: 2.302584
Train Epoch: 2 [25536/60000 (43%)]	Loss: 2.302583
Train Epoch: 2 [31936/60000 (53%)]	Loss: 2.302586
Train Epoch: 2 [38336/60000 (64%)]	Loss: 2.302583
Train Epoch: 2 [44736/60000 (75%)]	Loss: 2.302584
Train Epoch: 2 [51136/60000 (85%)]	Loss: 2.302584
Train Epoch: 2 [57536/60000 (96%)]	Loss: 2.302583

Test set: Average loss: 2.3026, Accuracy: 1169/10000 (12%)

Train Epoch: 3 [6336/60000 (11%)]	Loss: 2.302584
Train Epoch: 3 [12736/60000 (21%)]	Loss: 2.302584
Train Epoch: 3 [19136/60000 (32%)]	Loss: 2.302585
Train Epoch: 3 [25536/60000 (43%)]	Loss: 2.302584
Train Epoch: 3 [31936/60000 (53%)]	Loss: 2.302584
Train Epoch: 3 [38336/60000 (64%)]	Loss: 2.302585
Train Epoch: 3 [44736/60000 (75%)]	Loss: 2.302584
Train Epoch: 3 [51136/60000 (85%)]	Loss: 2.302585
Train Epoch: 3 [57536/60000 (96%)]	Loss: 2.302585

Test set: Average loss: 2.3026, Accuracy: 1169/10000 (12%)

Train Epoch: 4 [6336/60000 (11%)]	Loss: 2.302584
Train Epoch: 4 [12736/60000 (21%)]	Loss: 2.302584
Train Epoch: 4 [19136/60000 (32%)]	Loss: 2.302584
Train Epoch: 4 [25536/60000 (43%)]	Loss: 2.302585
Train Epoch: 4 [31936/60000 (53%)]	Loss: 2.302585
Train Epoch: 4 [38336/60000 (64%)]	Loss: 2.302583
Train Epoch: 4 [44736/60000 (75%)]	Loss: 2.302584
Train Epoch: 4 [51136/60000 (85%)]	Loss: 2.302584
Train Epoch: 4 [57536/60000 (96%)]	Loss: 2.302584

Test set: Average loss: 2.3026, Accuracy: 1169/10000 (12%)

Train Epoch: 5 [6336/60000 (11%)]	Loss: 2.302585
Train Epoch: 5 [12736/60000 (21%)]	Loss: 2.302587
Train Epoch: 5 [19136/60000 (32%)]	Loss: 2.302585
Train Epoch: 5 [25536/60000 (43%)]	Loss: 2.302584
Train Epoch: 5 [31936/60000 (53%)]	Loss: 2.302584
Train Epoch: 5 [38336/60000 (64%)]	Loss: 2.302584
Train Epoch: 5 [44736/60000 (75%)]	Loss: 2.302584
Train Epoch: 5 [51136/60000 (85%)]	Loss: 2.302585
Train Epoch: 5 [57536/60000 (96%)]	Loss: 2.302583

Test set: Average loss: 2.3026, Accuracy: 1169/10000 (12%)

Train Epoch: 6 [6336/60000 (11%)]	Loss: 2.302584
Train Epoch: 6 [12736/60000 (21%)]	Loss: 2.302584
Train Epoch: 6 [19136/60000 (32%)]	Loss: 2.302584
Train Epoch: 6 [25536/60000 (43%)]	Loss: 2.302583
Train Epoch: 6 [31936/60000 (53%)]	Loss: 2.302585
Train Epoch: 6 [38336/60000 (64%)]	Loss: 2.302585
Train Epoch: 6 [44736/60000 (75%)]	Loss: 2.302584
Train Epoch: 6 [51136/60000 (85%)]	Loss: 2.302584
Train Epoch: 6 [57536/60000 (96%)]	Loss: 2.302585

Test set: Average loss: 2.3026, Accuracy: 1169/10000 (12%)

Train Epoch: 7 [6336/60000 (11%)]	Loss: 2.302585
Train Epoch: 7 [12736/60000 (21%)]	Loss: 2.302584
Train Epoch: 7 [19136/60000 (32%)]	Loss: 2.302584
Train Epoch: 7 [25536/60000 (43%)]	Loss: 2.302585
Train Epoch: 7 [31936/60000 (53%)]	Loss: 2.302584
Train Epoch: 7 [38336/60000 (64%)]	Loss: 2.302584
Train Epoch: 7 [44736/60000 (75%)]	Loss: 2.302583
Train Epoch: 7 [51136/60000 (85%)]	Loss: 2.302583
Train Epoch: 7 [57536/60000 (96%)]	Loss: 2.302585

Test set: Average loss: 2.3026, Accuracy: 1169/10000 (12%)

Train Epoch: 8 [6336/60000 (11%)]	Loss: 2.302585
Train Epoch: 8 [12736/60000 (21%)]	Loss: 2.302585
Train Epoch: 8 [19136/60000 (32%)]	Loss: 2.302585
Train Epoch: 8 [25536/60000 (43%)]	Loss: 2.302584
Train Epoch: 8 [31936/60000 (53%)]	Loss: 2.302583
Train Epoch: 8 [38336/60000 (64%)]	Loss: 2.302583
Train Epoch: 8 [44736/60000 (75%)]	Loss: 2.302585
Train Epoch: 8 [51136/60000 (85%)]	Loss: 2.302585
Train Epoch: 8 [57536/60000 (96%)]	Loss: 2.302583

Test set: Average loss: 2.3026, Accuracy: 1169/10000 (12%)

Train Epoch: 9 [6336/60000 (11%)]	Loss: 2.302584
Train Epoch: 9 [12736/60000 (21%)]	Loss: 2.302584
Train Epoch: 9 [19136/60000 (32%)]	Loss: 2.302585
Train Epoch: 9 [25536/60000 (43%)]	Loss: 2.302583
Train Epoch: 9 [31936/60000 (53%)]	Loss: 2.302584
Train Epoch: 9 [38336/60000 (64%)]	Loss: 2.302584
Train Epoch: 9 [44736/60000 (75%)]	Loss: 2.302584
Train Epoch: 9 [51136/60000 (85%)]	Loss: 2.302584
Train Epoch: 9 [57536/60000 (96%)]	Loss: 2.302585

Test set: Average loss: 2.3026, Accuracy: 1169/10000 (12%)

Train Epoch: 10 [6336/60000 (11%)]	Loss: 2.302584
Train Epoch: 10 [12736/60000 (21%)]	Loss: 2.302584
Train Epoch: 10 [19136/60000 (32%)]	Loss: 2.302584
Train Epoch: 10 [25536/60000 (43%)]	Loss: 2.302584
Train Epoch: 10 [31936/60000 (53%)]	Loss: 2.302584
Train Epoch: 10 [38336/60000 (64%)]	Loss: 2.302584
Train Epoch: 10 [44736/60000 (75%)]	Loss: 2.302584
Train Epoch: 10 [51136/60000 (85%)]	Loss: 2.302584
Train Epoch: 10 [57536/60000 (96%)]	Loss: 2.302583

Test set: Average loss: 2.3026, Accuracy: 1169/10000 (12%)

Train Epoch: 11 [6336/60000 (11%)]	Loss: 2.302585
Train Epoch: 11 [12736/60000 (21%)]	Loss: 2.302584
Train Epoch: 11 [19136/60000 (32%)]	Loss: 2.302585
Train Epoch: 11 [25536/60000 (43%)]	Loss: 2.302587
Train Epoch: 11 [31936/60000 (53%)]	Loss: 2.302583
Train Epoch: 11 [38336/60000 (64%)]	Loss: 2.302585
Train Epoch: 11 [44736/60000 (75%)]	Loss: 2.302583
Train Epoch: 11 [51136/60000 (85%)]	Loss: 2.302584
Train Epoch: 11 [57536/60000 (96%)]	Loss: 2.302584

Test set: Average loss: 2.3026, Accuracy: 1169/10000 (12%)

Train Epoch: 12 [6336/60000 (11%)]	Loss: 2.302584
Train Epoch: 12 [12736/60000 (21%)]	Loss: 2.302587
Train Epoch: 12 [19136/60000 (32%)]	Loss: 2.302581
Train Epoch: 12 [25536/60000 (43%)]	Loss: 2.302583
Train Epoch: 12 [31936/60000 (53%)]	Loss: 2.302584
Train Epoch: 12 [38336/60000 (64%)]	Loss: 2.302580
Train Epoch: 12 [44736/60000 (75%)]	Loss: 2.302586
Train Epoch: 12 [51136/60000 (85%)]	Loss: 2.302587
Train Epoch: 12 [57536/60000 (96%)]	Loss: 2.302583

Test set: Average loss: 2.3026, Accuracy: 1348/10000 (13%)

Train Epoch: 13 [6336/60000 (11%)]	Loss: 2.302587
Train Epoch: 13 [12736/60000 (21%)]	Loss: 2.302583
Train Epoch: 13 [19136/60000 (32%)]	Loss: 2.302583
Train Epoch: 13 [25536/60000 (43%)]	Loss: 2.302581
Train Epoch: 13 [31936/60000 (53%)]	Loss: 2.302590
Train Epoch: 13 [38336/60000 (64%)]	Loss: 2.302587
Train Epoch: 13 [44736/60000 (75%)]	Loss: 2.302577
Train Epoch: 13 [51136/60000 (85%)]	Loss: 2.302581
Train Epoch: 13 [57536/60000 (96%)]	Loss: 2.302584

Test set: Average loss: 2.3026, Accuracy: 1348/10000 (13%)

Train Epoch: 14 [6336/60000 (11%)]	Loss: 2.302581
Train Epoch: 14 [12736/60000 (21%)]	Loss: 2.302576
Train Epoch: 14 [19136/60000 (32%)]	Loss: 2.302584
Train Epoch: 14 [25536/60000 (43%)]	Loss: 2.302576
Train Epoch: 14 [31936/60000 (53%)]	Loss: 2.302581
Train Epoch: 14 [38336/60000 (64%)]	Loss: 2.302583
Train Epoch: 14 [44736/60000 (75%)]	Loss: 2.302578
Train Epoch: 14 [51136/60000 (85%)]	Loss: 2.302581
Train Epoch: 14 [57536/60000 (96%)]	Loss: 2.302576

Test set: Average loss: 2.3026, Accuracy: 1348/10000 (13%)

Train Epoch: 15 [6336/60000 (11%)]	Loss: 2.302590
Train Epoch: 15 [12736/60000 (21%)]	Loss: 2.302578
Train Epoch: 15 [19136/60000 (32%)]	Loss: 2.302585
Train Epoch: 15 [25536/60000 (43%)]	Loss: 2.302578
Train Epoch: 15 [31936/60000 (53%)]	Loss: 2.302580
Train Epoch: 15 [38336/60000 (64%)]	Loss: 2.302579
Train Epoch: 15 [44736/60000 (75%)]	Loss: 2.302571
Train Epoch: 15 [51136/60000 (85%)]	Loss: 2.302578
Train Epoch: 15 [57536/60000 (96%)]	Loss: 2.302578

Test set: Average loss: 2.3026, Accuracy: 1348/10000 (13%)

Train Epoch: 16 [6336/60000 (11%)]	Loss: 2.302583
Train Epoch: 16 [12736/60000 (21%)]	Loss: 2.302575
Train Epoch: 16 [19136/60000 (32%)]	Loss: 2.302576
Train Epoch: 16 [25536/60000 (43%)]	Loss: 2.302580
Train Epoch: 16 [31936/60000 (53%)]	Loss: 2.302585
Train Epoch: 16 [38336/60000 (64%)]	Loss: 2.302578
Train Epoch: 16 [44736/60000 (75%)]	Loss: 2.302584
Train Epoch: 16 [51136/60000 (85%)]	Loss: 2.302578
Train Epoch: 16 [57536/60000 (96%)]	Loss: 2.302579

Test set: Average loss: 2.3026, Accuracy: 1348/10000 (13%)

Train Epoch: 17 [6336/60000 (11%)]	Loss: 2.302583
Train Epoch: 17 [12736/60000 (21%)]	Loss: 2.302580
Train Epoch: 17 [19136/60000 (32%)]	Loss: 2.302584
Train Epoch: 17 [25536/60000 (43%)]	Loss: 2.302582
Train Epoch: 17 [31936/60000 (53%)]	Loss: 2.302578
Train Epoch: 17 [38336/60000 (64%)]	Loss: 2.302580
Train Epoch: 17 [44736/60000 (75%)]	Loss: 2.302581
Train Epoch: 17 [51136/60000 (85%)]	Loss: 2.302593
Train Epoch: 17 [57536/60000 (96%)]	Loss: 2.302589

Test set: Average loss: 2.3026, Accuracy: 1348/10000 (13%)

Train Epoch: 18 [6336/60000 (11%)]	Loss: 2.302585
Train Epoch: 18 [12736/60000 (21%)]	Loss: 2.302577
Train Epoch: 18 [19136/60000 (32%)]	Loss: 2.302577
Train Epoch: 18 [25536/60000 (43%)]	Loss: 2.302582
Train Epoch: 18 [31936/60000 (53%)]	Loss: 2.302581
Train Epoch: 18 [38336/60000 (64%)]	Loss: 2.302586
Train Epoch: 18 [44736/60000 (75%)]	Loss: 2.302579
Train Epoch: 18 [51136/60000 (85%)]	Loss: 2.302582
Train Epoch: 18 [57536/60000 (96%)]	Loss: 2.302579

Test set: Average loss: 2.3026, Accuracy: 1349/10000 (13%)

Train Epoch: 19 [6336/60000 (11%)]	Loss: 2.302588
Train Epoch: 19 [12736/60000 (21%)]	Loss: 2.302588
Train Epoch: 19 [19136/60000 (32%)]	Loss: 2.302581
Train Epoch: 19 [25536/60000 (43%)]	Loss: 2.302579
Train Epoch: 19 [31936/60000 (53%)]	Loss: 2.302587
Train Epoch: 19 [38336/60000 (64%)]	Loss: 2.302581
Train Epoch: 19 [44736/60000 (75%)]	Loss: 2.302584
Train Epoch: 19 [51136/60000 (85%)]	Loss: 2.302583
Train Epoch: 19 [57536/60000 (96%)]	Loss: 2.302583

Test set: Average loss: 2.3026, Accuracy: 1349/10000 (13%)

Train Epoch: 20 [6336/60000 (11%)]	Loss: 2.302582
Train Epoch: 20 [12736/60000 (21%)]	Loss: 2.302576
Train Epoch: 20 [19136/60000 (32%)]	Loss: 2.302575
Train Epoch: 20 [25536/60000 (43%)]	Loss: 2.302580
Train Epoch: 20 [31936/60000 (53%)]	Loss: 2.302578
Train Epoch: 20 [38336/60000 (64%)]	Loss: 2.302582
Train Epoch: 20 [44736/60000 (75%)]	Loss: 2.302583
Train Epoch: 20 [51136/60000 (85%)]	Loss: 2.302583
Train Epoch: 20 [57536/60000 (96%)]	Loss: 2.302578

Test set: Average loss: 2.3026, Accuracy: 1349/10000 (13%)

Train Epoch: 21 [6336/60000 (11%)]	Loss: 2.302582
Train Epoch: 21 [12736/60000 (21%)]	Loss: 2.302583
Train Epoch: 21 [19136/60000 (32%)]	Loss: 2.302579
Train Epoch: 21 [25536/60000 (43%)]	Loss: 2.302579
Train Epoch: 21 [31936/60000 (53%)]	Loss: 2.302580
Train Epoch: 21 [38336/60000 (64%)]	Loss: 2.302582
Train Epoch: 21 [44736/60000 (75%)]	Loss: 2.302577
Train Epoch: 21 [51136/60000 (85%)]	Loss: 2.302578
Train Epoch: 21 [57536/60000 (96%)]	Loss: 2.302578

Test set: Average loss: 2.3026, Accuracy: 1349/10000 (13%)

Train Epoch: 22 [6336/60000 (11%)]	Loss: 2.302587
Train Epoch: 22 [12736/60000 (21%)]	Loss: 2.302583
Train Epoch: 22 [19136/60000 (32%)]	Loss: 2.302586
Train Epoch: 22 [25536/60000 (43%)]	Loss: 2.302582
Train Epoch: 22 [31936/60000 (53%)]	Loss: 2.302587
Train Epoch: 22 [38336/60000 (64%)]	Loss: 2.302576
Train Epoch: 22 [44736/60000 (75%)]	Loss: 2.302575
Train Epoch: 22 [51136/60000 (85%)]	Loss: 2.302583
Train Epoch: 22 [57536/60000 (96%)]	Loss: 2.302587

Test set: Average loss: 2.3026, Accuracy: 1349/10000 (13%)

Train Epoch: 23 [6336/60000 (11%)]	Loss: 2.302577
Train Epoch: 23 [12736/60000 (21%)]	Loss: 2.302584
Train Epoch: 23 [19136/60000 (32%)]	Loss: 2.302583
Train Epoch: 23 [25536/60000 (43%)]	Loss: 2.302576
Train Epoch: 23 [31936/60000 (53%)]	Loss: 2.302581
Train Epoch: 23 [38336/60000 (64%)]	Loss: 2.302573
Train Epoch: 23 [44736/60000 (75%)]	Loss: 2.302577
Train Epoch: 23 [51136/60000 (85%)]	Loss: 2.302582
Train Epoch: 23 [57536/60000 (96%)]	Loss: 2.302582

Test set: Average loss: 2.3026, Accuracy: 1349/10000 (13%)

Train Epoch: 24 [6336/60000 (11%)]	Loss: 2.302583
Train Epoch: 24 [12736/60000 (21%)]	Loss: 2.302584
Train Epoch: 24 [19136/60000 (32%)]	Loss: 2.302577
Train Epoch: 24 [25536/60000 (43%)]	Loss: 2.302581
Train Epoch: 24 [31936/60000 (53%)]	Loss: 2.302579
Train Epoch: 24 [38336/60000 (64%)]	Loss: 2.302562
Train Epoch: 24 [44736/60000 (75%)]	Loss: 2.302539
Train Epoch: 24 [51136/60000 (85%)]	Loss: 2.302559
Train Epoch: 24 [57536/60000 (96%)]	Loss: 2.302567

Test set: Average loss: 2.3026, Accuracy: 1375/10000 (14%)

Train Epoch: 25 [6336/60000 (11%)]	Loss: 2.302483
Train Epoch: 25 [12736/60000 (21%)]	Loss: 2.302466
Train Epoch: 25 [19136/60000 (32%)]	Loss: 2.302557
Train Epoch: 25 [25536/60000 (43%)]	Loss: 2.302456
Train Epoch: 25 [31936/60000 (53%)]	Loss: 2.302484
Train Epoch: 25 [38336/60000 (64%)]	Loss: 2.302547
Train Epoch: 25 [44736/60000 (75%)]	Loss: 2.302335
Train Epoch: 25 [51136/60000 (85%)]	Loss: 2.302515
Train Epoch: 25 [57536/60000 (96%)]	Loss: 2.302498

Test set: Average loss: 2.3024, Accuracy: 1010/10000 (10%)

Train Epoch: 26 [6336/60000 (11%)]	Loss: 2.302441
Train Epoch: 26 [12736/60000 (21%)]	Loss: 2.302499
Train Epoch: 26 [19136/60000 (32%)]	Loss: 2.302536
Train Epoch: 26 [25536/60000 (43%)]	Loss: 2.302455
Train Epoch: 26 [31936/60000 (53%)]	Loss: 2.302574
Train Epoch: 26 [38336/60000 (64%)]	Loss: 2.302398
Train Epoch: 26 [44736/60000 (75%)]	Loss: 2.302389
Train Epoch: 26 [51136/60000 (85%)]	Loss: 2.302484
Train Epoch: 26 [57536/60000 (96%)]	Loss: 2.302221

Test set: Average loss: 2.3023, Accuracy: 1227/10000 (12%)

Train Epoch: 27 [6336/60000 (11%)]	Loss: 2.302282
Train Epoch: 27 [12736/60000 (21%)]	Loss: 2.302177
Train Epoch: 27 [19136/60000 (32%)]	Loss: 2.302127
Train Epoch: 27 [25536/60000 (43%)]	Loss: 2.302270
Train Epoch: 27 [31936/60000 (53%)]	Loss: 2.302291
Train Epoch: 27 [38336/60000 (64%)]	Loss: 2.302347
Train Epoch: 27 [44736/60000 (75%)]	Loss: 2.302189
Train Epoch: 27 [51136/60000 (85%)]	Loss: 2.302671
Train Epoch: 27 [57536/60000 (96%)]	Loss: 2.302247

Test set: Average loss: 2.3023, Accuracy: 1227/10000 (12%)

Train Epoch: 28 [6336/60000 (11%)]	Loss: 2.302322
Train Epoch: 28 [12736/60000 (21%)]	Loss: 2.302433
Train Epoch: 28 [19136/60000 (32%)]	Loss: 2.302292
Train Epoch: 28 [25536/60000 (43%)]	Loss: 2.302436
Train Epoch: 28 [31936/60000 (53%)]	Loss: 2.302017
Train Epoch: 28 [38336/60000 (64%)]	Loss: 2.302280
Train Epoch: 28 [44736/60000 (75%)]	Loss: 2.302164
Train Epoch: 28 [51136/60000 (85%)]	Loss: 2.301851
Train Epoch: 28 [57536/60000 (96%)]	Loss: 2.302168

Test set: Average loss: 2.3022, Accuracy: 1056/10000 (11%)

Train Epoch: 29 [6336/60000 (11%)]	Loss: 2.302199
Train Epoch: 29 [12736/60000 (21%)]	Loss: 2.302214
Train Epoch: 29 [19136/60000 (32%)]	Loss: 2.302299
Train Epoch: 29 [25536/60000 (43%)]	Loss: 2.302166
Train Epoch: 29 [31936/60000 (53%)]	Loss: 2.301760
Train Epoch: 29 [38336/60000 (64%)]	Loss: 2.302395
Train Epoch: 29 [44736/60000 (75%)]	Loss: 2.302487
Train Epoch: 29 [51136/60000 (85%)]	Loss: 2.301997
Train Epoch: 29 [57536/60000 (96%)]	Loss: 2.302230

Test set: Average loss: 2.3022, Accuracy: 1066/10000 (11%)

Train Epoch: 30 [6336/60000 (11%)]	Loss: 2.302329
Train Epoch: 30 [12736/60000 (21%)]	Loss: 2.301701
Train Epoch: 30 [19136/60000 (32%)]	Loss: 2.302337
Train Epoch: 30 [25536/60000 (43%)]	Loss: 2.301987
Train Epoch: 30 [31936/60000 (53%)]	Loss: 2.302415
Train Epoch: 30 [38336/60000 (64%)]	Loss: 2.302273
Train Epoch: 30 [44736/60000 (75%)]	Loss: 2.302236
Train Epoch: 30 [51136/60000 (85%)]	Loss: 2.302542
Train Epoch: 30 [57536/60000 (96%)]	Loss: 2.301987

Test set: Average loss: 2.3022, Accuracy: 1049/10000 (10%)

Train Epoch: 31 [6336/60000 (11%)]	Loss: 2.302177
Train Epoch: 31 [12736/60000 (21%)]	Loss: 2.302304
Train Epoch: 31 [19136/60000 (32%)]	Loss: 2.302302
Train Epoch: 31 [25536/60000 (43%)]	Loss: 2.301981
Train Epoch: 31 [31936/60000 (53%)]	Loss: 2.302224
Train Epoch: 31 [38336/60000 (64%)]	Loss: 2.302397
Train Epoch: 31 [44736/60000 (75%)]	Loss: 2.301883
Train Epoch: 31 [51136/60000 (85%)]	Loss: 2.302217
Train Epoch: 31 [57536/60000 (96%)]	Loss: 2.301574

Test set: Average loss: 2.3021, Accuracy: 1013/10000 (10%)

Train Epoch: 32 [6336/60000 (11%)]	Loss: 2.302141
Train Epoch: 32 [12736/60000 (21%)]	Loss: 2.302063
Train Epoch: 32 [19136/60000 (32%)]	Loss: 2.302491
Train Epoch: 32 [25536/60000 (43%)]	Loss: 2.301947
Train Epoch: 32 [31936/60000 (53%)]	Loss: 2.301968
Train Epoch: 32 [38336/60000 (64%)]	Loss: 2.301994
Train Epoch: 32 [44736/60000 (75%)]	Loss: 2.302142
Train Epoch: 32 [51136/60000 (85%)]	Loss: 2.302443
Train Epoch: 32 [57536/60000 (96%)]	Loss: 2.302057

Test set: Average loss: 2.3020, Accuracy: 996/10000 (10%)

Train Epoch: 33 [6336/60000 (11%)]	Loss: 2.301616
Train Epoch: 33 [12736/60000 (21%)]	Loss: 2.302676
Train Epoch: 33 [19136/60000 (32%)]	Loss: 2.301877
Train Epoch: 33 [25536/60000 (43%)]	Loss: 2.302098
Train Epoch: 33 [31936/60000 (53%)]	Loss: 2.302035
Train Epoch: 33 [38336/60000 (64%)]	Loss: 2.301964
Train Epoch: 33 [44736/60000 (75%)]	Loss: 2.301809
Train Epoch: 33 [51136/60000 (85%)]	Loss: 2.302297
Train Epoch: 33 [57536/60000 (96%)]	Loss: 2.302127

Test set: Average loss: 2.3020, Accuracy: 986/10000 (10%)

Train Epoch: 34 [6336/60000 (11%)]	Loss: 2.301780
Train Epoch: 34 [12736/60000 (21%)]	Loss: 2.301749
Train Epoch: 34 [19136/60000 (32%)]	Loss: 2.302131
Train Epoch: 34 [25536/60000 (43%)]	Loss: 2.301757
Train Epoch: 34 [31936/60000 (53%)]	Loss: 2.301835
Train Epoch: 34 [38336/60000 (64%)]	Loss: 2.302392
Train Epoch: 34 [44736/60000 (75%)]	Loss: 2.301850
Train Epoch: 34 [51136/60000 (85%)]	Loss: 2.301885
Train Epoch: 34 [57536/60000 (96%)]	Loss: 2.301909

Test set: Average loss: 2.3020, Accuracy: 985/10000 (10%)

Train Epoch: 35 [6336/60000 (11%)]	Loss: 2.302438
Train Epoch: 35 [12736/60000 (21%)]	Loss: 2.301999
Train Epoch: 35 [19136/60000 (32%)]	Loss: 2.301160
Train Epoch: 35 [25536/60000 (43%)]	Loss: 2.302107
Train Epoch: 35 [31936/60000 (53%)]	Loss: 2.301682
Train Epoch: 35 [38336/60000 (64%)]	Loss: 2.301749
Train Epoch: 35 [44736/60000 (75%)]	Loss: 2.301773
Train Epoch: 35 [51136/60000 (85%)]	Loss: 2.301823
Train Epoch: 35 [57536/60000 (96%)]	Loss: 2.302150

Test set: Average loss: 2.3019, Accuracy: 993/10000 (10%)

Train Epoch: 36 [6336/60000 (11%)]	Loss: 2.301662
Train Epoch: 36 [12736/60000 (21%)]	Loss: 2.301386
Train Epoch: 36 [19136/60000 (32%)]	Loss: 2.301758
Train Epoch: 36 [25536/60000 (43%)]	Loss: 2.301924
Train Epoch: 36 [31936/60000 (53%)]	Loss: 2.301917
Train Epoch: 36 [38336/60000 (64%)]	Loss: 2.301733
Train Epoch: 36 [44736/60000 (75%)]	Loss: 2.302145
Train Epoch: 36 [51136/60000 (85%)]	Loss: 2.302167
Train Epoch: 36 [57536/60000 (96%)]	Loss: 2.302109

Test set: Average loss: 2.3018, Accuracy: 993/10000 (10%)

Train Epoch: 37 [6336/60000 (11%)]	Loss: 2.302115
Train Epoch: 37 [12736/60000 (21%)]	Loss: 2.302088
Train Epoch: 37 [19136/60000 (32%)]	Loss: 2.301978
Train Epoch: 37 [25536/60000 (43%)]	Loss: 2.302081
Train Epoch: 37 [31936/60000 (53%)]	Loss: 2.301061
Train Epoch: 37 [38336/60000 (64%)]	Loss: 2.301860
Train Epoch: 37 [44736/60000 (75%)]	Loss: 2.301346
Train Epoch: 37 [51136/60000 (85%)]	Loss: 2.301416
Train Epoch: 37 [57536/60000 (96%)]	Loss: 2.302027

Test set: Average loss: 2.3018, Accuracy: 988/10000 (10%)

Train Epoch: 38 [6336/60000 (11%)]	Loss: 2.301626
Train Epoch: 38 [12736/60000 (21%)]	Loss: 2.301361
Train Epoch: 38 [19136/60000 (32%)]	Loss: 2.301907
Train Epoch: 38 [25536/60000 (43%)]	Loss: 2.301830
Train Epoch: 38 [31936/60000 (53%)]	Loss: 2.302118
Train Epoch: 38 [38336/60000 (64%)]	Loss: 2.301967
Train Epoch: 38 [44736/60000 (75%)]	Loss: 2.301960
Train Epoch: 38 [51136/60000 (85%)]	Loss: 2.302176
Train Epoch: 38 [57536/60000 (96%)]	Loss: 2.302036

Test set: Average loss: 2.3018, Accuracy: 988/10000 (10%)

Train Epoch: 39 [6336/60000 (11%)]	Loss: 2.302328
Train Epoch: 39 [12736/60000 (21%)]	Loss: 2.301754
Train Epoch: 39 [19136/60000 (32%)]	Loss: 2.301979
Train Epoch: 39 [25536/60000 (43%)]	Loss: 2.301698
Train Epoch: 39 [31936/60000 (53%)]	Loss: 2.301727
Train Epoch: 39 [38336/60000 (64%)]	Loss: 2.302093
Train Epoch: 39 [44736/60000 (75%)]	Loss: 2.301514
Train Epoch: 39 [51136/60000 (85%)]	Loss: 2.301490
Train Epoch: 39 [57536/60000 (96%)]	Loss: 2.301439

Test set: Average loss: 2.3018, Accuracy: 990/10000 (10%)

Train Epoch: 40 [6336/60000 (11%)]	Loss: 2.302125
Train Epoch: 40 [12736/60000 (21%)]	Loss: 2.301952
Train Epoch: 40 [19136/60000 (32%)]	Loss: 2.301958
Train Epoch: 40 [25536/60000 (43%)]	Loss: 2.301801
Train Epoch: 40 [31936/60000 (53%)]	Loss: 2.301996
Train Epoch: 40 [38336/60000 (64%)]	Loss: 2.301628
Train Epoch: 40 [44736/60000 (75%)]	Loss: 2.301686
Train Epoch: 40 [51136/60000 (85%)]	Loss: 2.301542
Train Epoch: 40 [57536/60000 (96%)]	Loss: 2.301663

Test set: Average loss: 2.3018, Accuracy: 990/10000 (10%)

Train Epoch: 41 [6336/60000 (11%)]	Loss: 2.301778
Train Epoch: 41 [12736/60000 (21%)]	Loss: 2.301507
Train Epoch: 41 [19136/60000 (32%)]	Loss: 2.301611
Train Epoch: 41 [25536/60000 (43%)]	Loss: 2.301464
Train Epoch: 41 [31936/60000 (53%)]	Loss: 2.302283
Train Epoch: 41 [38336/60000 (64%)]	Loss: 2.301763
Train Epoch: 41 [44736/60000 (75%)]	Loss: 2.301312
Train Epoch: 41 [51136/60000 (85%)]	Loss: 2.302097
Train Epoch: 41 [57536/60000 (96%)]	Loss: 2.301303

Test set: Average loss: 2.3017, Accuracy: 990/10000 (10%)

Train Epoch: 42 [6336/60000 (11%)]	Loss: 2.300819
Train Epoch: 42 [12736/60000 (21%)]	Loss: 2.301477
Train Epoch: 42 [19136/60000 (32%)]	Loss: 2.300863
Train Epoch: 42 [25536/60000 (43%)]	Loss: 2.301023
Train Epoch: 42 [31936/60000 (53%)]	Loss: 2.302297
Train Epoch: 42 [38336/60000 (64%)]	Loss: 2.301022
Train Epoch: 42 [44736/60000 (75%)]	Loss: 2.302325
Train Epoch: 42 [51136/60000 (85%)]	Loss: 2.301079
Train Epoch: 42 [57536/60000 (96%)]	Loss: 2.301941

Test set: Average loss: 2.3017, Accuracy: 990/10000 (10%)

Train Epoch: 43 [6336/60000 (11%)]	Loss: 2.301502
Train Epoch: 43 [12736/60000 (21%)]	Loss: 2.301732
Train Epoch: 43 [19136/60000 (32%)]	Loss: 2.301896
Train Epoch: 43 [25536/60000 (43%)]	Loss: 2.302077
Train Epoch: 43 [31936/60000 (53%)]	Loss: 2.301371
Train Epoch: 43 [38336/60000 (64%)]	Loss: 2.301787
Train Epoch: 43 [44736/60000 (75%)]	Loss: 2.301317
Train Epoch: 43 [51136/60000 (85%)]	Loss: 2.302173
Train Epoch: 43 [57536/60000 (96%)]	Loss: 2.302146

Test set: Average loss: 2.3017, Accuracy: 990/10000 (10%)

Train Epoch: 44 [6336/60000 (11%)]	Loss: 2.301663
Train Epoch: 44 [12736/60000 (21%)]	Loss: 2.301644
Train Epoch: 44 [19136/60000 (32%)]	Loss: 2.301427
Train Epoch: 44 [25536/60000 (43%)]	Loss: 2.301307
Train Epoch: 44 [31936/60000 (53%)]	Loss: 2.301192
Train Epoch: 44 [38336/60000 (64%)]	Loss: 2.301670
Train Epoch: 44 [44736/60000 (75%)]	Loss: 2.301756
Train Epoch: 44 [51136/60000 (85%)]	Loss: 2.301438
Train Epoch: 44 [57536/60000 (96%)]	Loss: 2.301611

Test set: Average loss: 2.3017, Accuracy: 990/10000 (10%)

Train Epoch: 45 [6336/60000 (11%)]	Loss: 2.301338
Train Epoch: 45 [12736/60000 (21%)]	Loss: 2.302267
Train Epoch: 45 [19136/60000 (32%)]	Loss: 2.302052
Train Epoch: 45 [25536/60000 (43%)]	Loss: 2.301208
Train Epoch: 45 [31936/60000 (53%)]	Loss: 2.301438
Train Epoch: 45 [38336/60000 (64%)]	Loss: 2.302052
Train Epoch: 45 [44736/60000 (75%)]	Loss: 2.301526
Train Epoch: 45 [51136/60000 (85%)]	Loss: 2.301251
Train Epoch: 45 [57536/60000 (96%)]	Loss: 2.302424

Test set: Average loss: 2.3017, Accuracy: 990/10000 (10%)

Train Epoch: 46 [6336/60000 (11%)]	Loss: 2.301327
Train Epoch: 46 [12736/60000 (21%)]	Loss: 2.301270
Train Epoch: 46 [19136/60000 (32%)]	Loss: 2.301985
Train Epoch: 46 [25536/60000 (43%)]	Loss: 2.301925
Train Epoch: 46 [31936/60000 (53%)]	Loss: 2.301762
Train Epoch: 46 [38336/60000 (64%)]	Loss: 2.301815
Train Epoch: 46 [44736/60000 (75%)]	Loss: 2.302282
Train Epoch: 46 [51136/60000 (85%)]	Loss: 2.301698
Train Epoch: 46 [57536/60000 (96%)]	Loss: 2.301556

Test set: Average loss: 2.3015, Accuracy: 992/10000 (10%)

Train Epoch: 47 [6336/60000 (11%)]	Loss: 2.301914
Train Epoch: 47 [12736/60000 (21%)]	Loss: 2.301731
Train Epoch: 47 [19136/60000 (32%)]	Loss: 2.301573
Train Epoch: 47 [25536/60000 (43%)]	Loss: 2.300637
Train Epoch: 47 [31936/60000 (53%)]	Loss: 2.302775
Train Epoch: 47 [38336/60000 (64%)]	Loss: 2.301987
Train Epoch: 47 [44736/60000 (75%)]	Loss: 2.300997
Train Epoch: 47 [51136/60000 (85%)]	Loss: 2.301477
Train Epoch: 47 [57536/60000 (96%)]	Loss: 2.301666

Test set: Average loss: 2.3015, Accuracy: 992/10000 (10%)

Train Epoch: 48 [6336/60000 (11%)]	Loss: 2.301656
Train Epoch: 48 [12736/60000 (21%)]	Loss: 2.301603
Train Epoch: 48 [19136/60000 (32%)]	Loss: 2.301861
Train Epoch: 48 [25536/60000 (43%)]	Loss: 2.302172
Train Epoch: 48 [31936/60000 (53%)]	Loss: 2.300843
Train Epoch: 48 [38336/60000 (64%)]	Loss: 2.302594
Train Epoch: 48 [44736/60000 (75%)]	Loss: 2.301511
Train Epoch: 48 [51136/60000 (85%)]	Loss: 2.301628
Train Epoch: 48 [57536/60000 (96%)]	Loss: 2.302193

Test set: Average loss: 2.3015, Accuracy: 996/10000 (10%)

Train Epoch: 49 [6336/60000 (11%)]	Loss: 2.301163
Train Epoch: 49 [12736/60000 (21%)]	Loss: 2.301833
Train Epoch: 49 [19136/60000 (32%)]	Loss: 2.300668
Train Epoch: 49 [25536/60000 (43%)]	Loss: 2.301819
Train Epoch: 49 [31936/60000 (53%)]	Loss: 2.301435
Train Epoch: 49 [38336/60000 (64%)]	Loss: 2.301856
Train Epoch: 49 [44736/60000 (75%)]	Loss: 2.301348
Train Epoch: 49 [51136/60000 (85%)]	Loss: 2.301584
Train Epoch: 49 [57536/60000 (96%)]	Loss: 2.301121

Test set: Average loss: 2.3013, Accuracy: 1000/10000 (10%)

Train Epoch: 50 [6336/60000 (11%)]	Loss: 2.301961
Train Epoch: 50 [12736/60000 (21%)]	Loss: 2.302111
Train Epoch: 50 [19136/60000 (32%)]	Loss: 2.300428
Train Epoch: 50 [25536/60000 (43%)]	Loss: 2.300260
Train Epoch: 50 [31936/60000 (53%)]	Loss: 2.302093
Train Epoch: 50 [38336/60000 (64%)]	Loss: 2.300890
Train Epoch: 50 [44736/60000 (75%)]	Loss: 2.302263
Train Epoch: 50 [51136/60000 (85%)]	Loss: 2.302150
Train Epoch: 50 [57536/60000 (96%)]	Loss: 2.301577

Test set: Average loss: 2.3013, Accuracy: 996/10000 (10%)

Train Epoch: 51 [6336/60000 (11%)]	Loss: 2.300483
Train Epoch: 51 [12736/60000 (21%)]	Loss: 2.301124
Train Epoch: 51 [19136/60000 (32%)]	Loss: 2.301828
Train Epoch: 51 [25536/60000 (43%)]	Loss: 2.301074
Train Epoch: 51 [31936/60000 (53%)]	Loss: 2.301183
Train Epoch: 51 [38336/60000 (64%)]	Loss: 2.302356
Train Epoch: 51 [44736/60000 (75%)]	Loss: 2.302443
Train Epoch: 51 [51136/60000 (85%)]	Loss: 2.302362
Train Epoch: 51 [57536/60000 (96%)]	Loss: 2.301954

Test set: Average loss: 2.3012, Accuracy: 1003/10000 (10%)

Train Epoch: 52 [6336/60000 (11%)]	Loss: 2.300163
Train Epoch: 52 [12736/60000 (21%)]	Loss: 2.301734
Train Epoch: 52 [19136/60000 (32%)]	Loss: 2.301746
Train Epoch: 52 [25536/60000 (43%)]	Loss: 2.300826
Train Epoch: 52 [31936/60000 (53%)]	Loss: 2.300898
Train Epoch: 52 [38336/60000 (64%)]	Loss: 2.301913
Train Epoch: 52 [44736/60000 (75%)]	Loss: 2.301606
Train Epoch: 52 [51136/60000 (85%)]	Loss: 2.301018
Train Epoch: 52 [57536/60000 (96%)]	Loss: 2.300745

Test set: Average loss: 2.3012, Accuracy: 998/10000 (10%)

Train Epoch: 53 [6336/60000 (11%)]	Loss: 2.300654
Train Epoch: 53 [12736/60000 (21%)]	Loss: 2.301769
Train Epoch: 53 [19136/60000 (32%)]	Loss: 2.300522
Train Epoch: 53 [25536/60000 (43%)]	Loss: 2.301413
Train Epoch: 53 [31936/60000 (53%)]	Loss: 2.301266
Train Epoch: 53 [38336/60000 (64%)]	Loss: 2.301006
Train Epoch: 53 [44736/60000 (75%)]	Loss: 2.301258
Train Epoch: 53 [51136/60000 (85%)]	Loss: 2.300463
Train Epoch: 53 [57536/60000 (96%)]	Loss: 2.301164

Test set: Average loss: 2.3012, Accuracy: 999/10000 (10%)

Train Epoch: 54 [6336/60000 (11%)]	Loss: 2.301118
Train Epoch: 54 [12736/60000 (21%)]	Loss: 2.301797
Train Epoch: 54 [19136/60000 (32%)]	Loss: 2.301681
Train Epoch: 54 [25536/60000 (43%)]	Loss: 2.301459
Train Epoch: 54 [31936/60000 (53%)]	Loss: 2.301323
Train Epoch: 54 [38336/60000 (64%)]	Loss: 2.300782
Train Epoch: 54 [44736/60000 (75%)]	Loss: 2.300411
Train Epoch: 54 [51136/60000 (85%)]	Loss: 2.300805
Train Epoch: 54 [57536/60000 (96%)]	Loss: 2.301124

Test set: Average loss: 2.3012, Accuracy: 1003/10000 (10%)

Train Epoch: 55 [6336/60000 (11%)]	Loss: 2.301769
Train Epoch: 55 [12736/60000 (21%)]	Loss: 2.301097
Train Epoch: 55 [19136/60000 (32%)]	Loss: 2.301586
Train Epoch: 55 [25536/60000 (43%)]	Loss: 2.301087
Train Epoch: 55 [31936/60000 (53%)]	Loss: 2.301737
Train Epoch: 55 [38336/60000 (64%)]	Loss: 2.300523
Train Epoch: 55 [44736/60000 (75%)]	Loss: 2.302607
Train Epoch: 55 [51136/60000 (85%)]	Loss: 2.301708
Train Epoch: 55 [57536/60000 (96%)]	Loss: 2.301419

Test set: Average loss: 2.3012, Accuracy: 1003/10000 (10%)

Train Epoch: 56 [6336/60000 (11%)]	Loss: 2.301299
Train Epoch: 56 [12736/60000 (21%)]	Loss: 2.301764
Train Epoch: 56 [19136/60000 (32%)]	Loss: 2.301589
Train Epoch: 56 [25536/60000 (43%)]	Loss: 2.300980
Train Epoch: 56 [31936/60000 (53%)]	Loss: 2.301454
Train Epoch: 56 [38336/60000 (64%)]	Loss: 2.301284
Train Epoch: 56 [44736/60000 (75%)]	Loss: 2.300542
Train Epoch: 56 [51136/60000 (85%)]	Loss: 2.301252
Train Epoch: 56 [57536/60000 (96%)]	Loss: 2.301087

Test set: Average loss: 2.3011, Accuracy: 1003/10000 (10%)

Train Epoch: 57 [6336/60000 (11%)]	Loss: 2.301277
Train Epoch: 57 [12736/60000 (21%)]	Loss: 2.301412
Train Epoch: 57 [19136/60000 (32%)]	Loss: 2.299716
Train Epoch: 57 [25536/60000 (43%)]	Loss: 2.301629
Train Epoch: 57 [31936/60000 (53%)]	Loss: 2.302078
Train Epoch: 57 [38336/60000 (64%)]	Loss: 2.300485
Train Epoch: 57 [44736/60000 (75%)]	Loss: 2.299927
Train Epoch: 57 [51136/60000 (85%)]	Loss: 2.301529
Train Epoch: 57 [57536/60000 (96%)]	Loss: 2.301766

Test set: Average loss: 2.3011, Accuracy: 994/10000 (10%)

Train Epoch: 58 [6336/60000 (11%)]	Loss: 2.301535
Train Epoch: 58 [12736/60000 (21%)]	Loss: 2.299988
Train Epoch: 58 [19136/60000 (32%)]	Loss: 2.301635
Train Epoch: 58 [25536/60000 (43%)]	Loss: 2.301384
Train Epoch: 58 [31936/60000 (53%)]	Loss: 2.300561
Train Epoch: 58 [38336/60000 (64%)]	Loss: 2.301977
Train Epoch: 58 [44736/60000 (75%)]	Loss: 2.300797
Train Epoch: 58 [51136/60000 (85%)]	Loss: 2.301828
Train Epoch: 58 [57536/60000 (96%)]	Loss: 2.301154

Test set: Average loss: 2.3011, Accuracy: 990/10000 (10%)

Train Epoch: 59 [6336/60000 (11%)]	Loss: 2.300443
Train Epoch: 59 [12736/60000 (21%)]	Loss: 2.301557
Train Epoch: 59 [19136/60000 (32%)]	Loss: 2.301237
Train Epoch: 59 [25536/60000 (43%)]	Loss: 2.300655
Train Epoch: 59 [31936/60000 (53%)]	Loss: 2.300953
Train Epoch: 59 [38336/60000 (64%)]	Loss: 2.299886
Train Epoch: 59 [44736/60000 (75%)]	Loss: 2.300897
Train Epoch: 59 [51136/60000 (85%)]	Loss: 2.301409
Train Epoch: 59 [57536/60000 (96%)]	Loss: 2.301034

Test set: Average loss: 2.3011, Accuracy: 990/10000 (10%)

Train Epoch: 60 [6336/60000 (11%)]	Loss: 2.301453
Train Epoch: 60 [12736/60000 (21%)]	Loss: 2.301373
Train Epoch: 60 [19136/60000 (32%)]	Loss: 2.301915
Train Epoch: 60 [25536/60000 (43%)]	Loss: 2.301044
Train Epoch: 60 [31936/60000 (53%)]	Loss: 2.301486
Train Epoch: 60 [38336/60000 (64%)]	Loss: 2.300386
Train Epoch: 60 [44736/60000 (75%)]	Loss: 2.302094
Train Epoch: 60 [51136/60000 (85%)]	Loss: 2.301273
Train Epoch: 60 [57536/60000 (96%)]	Loss: 2.300813

Test set: Average loss: 2.3011, Accuracy: 999/10000 (10%)

Train Epoch: 61 [6336/60000 (11%)]	Loss: 2.301658
Train Epoch: 61 [12736/60000 (21%)]	Loss: 2.301713
Train Epoch: 61 [19136/60000 (32%)]	Loss: 2.300862
Train Epoch: 61 [25536/60000 (43%)]	Loss: 2.301057
Train Epoch: 61 [31936/60000 (53%)]	Loss: 2.300500
Train Epoch: 61 [38336/60000 (64%)]	Loss: 2.301993
Train Epoch: 61 [44736/60000 (75%)]	Loss: 2.300195
Train Epoch: 61 [51136/60000 (85%)]	Loss: 2.300360
Train Epoch: 61 [57536/60000 (96%)]	Loss: 2.301024

Test set: Average loss: 2.3011, Accuracy: 1007/10000 (10%)

Train Epoch: 62 [6336/60000 (11%)]	Loss: 2.300805
Train Epoch: 62 [12736/60000 (21%)]	Loss: 2.300674
Train Epoch: 62 [19136/60000 (32%)]	Loss: 2.302106
Train Epoch: 62 [25536/60000 (43%)]	Loss: 2.301083
Train Epoch: 62 [31936/60000 (53%)]	Loss: 2.300949
Train Epoch: 62 [38336/60000 (64%)]	Loss: 2.301439
Train Epoch: 62 [44736/60000 (75%)]	Loss: 2.300664
Train Epoch: 62 [51136/60000 (85%)]	Loss: 2.301973
Train Epoch: 62 [57536/60000 (96%)]	Loss: 2.301137

Test set: Average loss: 2.3011, Accuracy: 981/10000 (10%)

Train Epoch: 63 [6336/60000 (11%)]	Loss: 2.302224
Train Epoch: 63 [12736/60000 (21%)]	Loss: 2.302857
Train Epoch: 63 [19136/60000 (32%)]	Loss: 2.301321
Train Epoch: 63 [25536/60000 (43%)]	Loss: 2.301170
Train Epoch: 63 [31936/60000 (53%)]	Loss: 2.300818
Train Epoch: 63 [38336/60000 (64%)]	Loss: 2.300924
Train Epoch: 63 [44736/60000 (75%)]	Loss: 2.301653
Train Epoch: 63 [51136/60000 (85%)]	Loss: 2.301088
Train Epoch: 63 [57536/60000 (96%)]	Loss: 2.301522

Test set: Average loss: 2.3011, Accuracy: 980/10000 (10%)

Train Epoch: 64 [6336/60000 (11%)]	Loss: 2.301576
Train Epoch: 64 [12736/60000 (21%)]	Loss: 2.301114
Train Epoch: 64 [19136/60000 (32%)]	Loss: 2.301495
Train Epoch: 64 [25536/60000 (43%)]	Loss: 2.300806
Train Epoch: 64 [31936/60000 (53%)]	Loss: 2.300642
Train Epoch: 64 [38336/60000 (64%)]	Loss: 2.300798
Train Epoch: 64 [44736/60000 (75%)]	Loss: 2.300994
Train Epoch: 64 [51136/60000 (85%)]	Loss: 2.301465
Train Epoch: 64 [57536/60000 (96%)]	Loss: 2.300158

Test set: Average loss: 2.3011, Accuracy: 981/10000 (10%)

Train Epoch: 65 [6336/60000 (11%)]	Loss: 2.301245
Train Epoch: 65 [12736/60000 (21%)]	Loss: 2.300323
Train Epoch: 65 [19136/60000 (32%)]	Loss: 2.300651
Train Epoch: 65 [25536/60000 (43%)]	Loss: 2.301806
Train Epoch: 65 [31936/60000 (53%)]	Loss: 2.300600
Train Epoch: 65 [38336/60000 (64%)]	Loss: 2.299995
Train Epoch: 65 [44736/60000 (75%)]	Loss: 2.301710
Train Epoch: 65 [51136/60000 (85%)]	Loss: 2.301528
Train Epoch: 65 [57536/60000 (96%)]	Loss: 2.301113

Test set: Average loss: 2.3010, Accuracy: 993/10000 (10%)

Train Epoch: 66 [6336/60000 (11%)]	Loss: 2.301008
Train Epoch: 66 [12736/60000 (21%)]	Loss: 2.300962
Train Epoch: 66 [19136/60000 (32%)]	Loss: 2.300227
Train Epoch: 66 [25536/60000 (43%)]	Loss: 2.301785
Train Epoch: 66 [31936/60000 (53%)]	Loss: 2.300230
Train Epoch: 66 [38336/60000 (64%)]	Loss: 2.301379
Train Epoch: 66 [44736/60000 (75%)]	Loss: 2.301539
Train Epoch: 66 [51136/60000 (85%)]	Loss: 2.300287
Train Epoch: 66 [57536/60000 (96%)]	Loss: 2.300092

Test set: Average loss: 2.3009, Accuracy: 991/10000 (10%)

Train Epoch: 67 [6336/60000 (11%)]	Loss: 2.300919
Train Epoch: 67 [12736/60000 (21%)]	Loss: 2.300653
Train Epoch: 67 [19136/60000 (32%)]	Loss: 2.301090
Train Epoch: 67 [25536/60000 (43%)]	Loss: 2.300889
Train Epoch: 67 [31936/60000 (53%)]	Loss: 2.301150
Train Epoch: 67 [38336/60000 (64%)]	Loss: 2.301049
Train Epoch: 67 [44736/60000 (75%)]	Loss: 2.301585
Train Epoch: 67 [51136/60000 (85%)]	Loss: 2.299419
Train Epoch: 67 [57536/60000 (96%)]	Loss: 2.301573

Test set: Average loss: 2.3009, Accuracy: 1009/10000 (10%)

Train Epoch: 68 [6336/60000 (11%)]	Loss: 2.300827
Train Epoch: 68 [12736/60000 (21%)]	Loss: 2.301450
Train Epoch: 68 [19136/60000 (32%)]	Loss: 2.301089
Train Epoch: 68 [25536/60000 (43%)]	Loss: 2.299950
Train Epoch: 68 [31936/60000 (53%)]	Loss: 2.300215
Train Epoch: 68 [38336/60000 (64%)]	Loss: 2.300318
Train Epoch: 68 [44736/60000 (75%)]	Loss: 2.299983
Train Epoch: 68 [51136/60000 (85%)]	Loss: 2.301353
Train Epoch: 68 [57536/60000 (96%)]	Loss: 2.300048

Test set: Average loss: 2.3008, Accuracy: 1009/10000 (10%)

Train Epoch: 69 [6336/60000 (11%)]	Loss: 2.300962
Train Epoch: 69 [12736/60000 (21%)]	Loss: 2.301716
Train Epoch: 69 [19136/60000 (32%)]	Loss: 2.301367
Train Epoch: 69 [25536/60000 (43%)]	Loss: 2.301216
Train Epoch: 69 [31936/60000 (53%)]	Loss: 2.300664
Train Epoch: 69 [38336/60000 (64%)]	Loss: 2.300023
Train Epoch: 69 [44736/60000 (75%)]	Loss: 2.299834
Train Epoch: 69 [51136/60000 (85%)]	Loss: 2.300564
Train Epoch: 69 [57536/60000 (96%)]	Loss: 2.300911

Test set: Average loss: 2.3008, Accuracy: 992/10000 (10%)

Train Epoch: 70 [6336/60000 (11%)]	Loss: 2.301195
Train Epoch: 70 [12736/60000 (21%)]	Loss: 2.300395
Train Epoch: 70 [19136/60000 (32%)]	Loss: 2.300366
Train Epoch: 70 [25536/60000 (43%)]	Loss: 2.301460
Train Epoch: 70 [31936/60000 (53%)]	Loss: 2.299625
Train Epoch: 70 [38336/60000 (64%)]	Loss: 2.300491
Train Epoch: 70 [44736/60000 (75%)]	Loss: 2.300796
Train Epoch: 70 [51136/60000 (85%)]	Loss: 2.299311
Train Epoch: 70 [57536/60000 (96%)]	Loss: 2.300838

Test set: Average loss: 2.3008, Accuracy: 1017/10000 (10%)

Train Epoch: 71 [6336/60000 (11%)]	Loss: 2.299492
Train Epoch: 71 [12736/60000 (21%)]	Loss: 2.300191
Train Epoch: 71 [19136/60000 (32%)]	Loss: 2.300928
Train Epoch: 71 [25536/60000 (43%)]	Loss: 2.300942
Train Epoch: 71 [31936/60000 (53%)]	Loss: 2.300635
Train Epoch: 71 [38336/60000 (64%)]	Loss: 2.300400
Train Epoch: 71 [44736/60000 (75%)]	Loss: 2.300140
Train Epoch: 71 [51136/60000 (85%)]	Loss: 2.299659
Train Epoch: 71 [57536/60000 (96%)]	Loss: 2.301365

Test set: Average loss: 2.3008, Accuracy: 1013/10000 (10%)

Train Epoch: 72 [6336/60000 (11%)]	Loss: 2.300720
Train Epoch: 72 [12736/60000 (21%)]	Loss: 2.300413
Train Epoch: 72 [19136/60000 (32%)]	Loss: 2.300899
Train Epoch: 72 [25536/60000 (43%)]	Loss: 2.300480
Train Epoch: 72 [31936/60000 (53%)]	Loss: 2.300821
Train Epoch: 72 [38336/60000 (64%)]	Loss: 2.302138
Train Epoch: 72 [44736/60000 (75%)]	Loss: 2.300332
Train Epoch: 72 [51136/60000 (85%)]	Loss: 2.300981
Train Epoch: 72 [57536/60000 (96%)]	Loss: 2.300292

Test set: Average loss: 2.3011, Accuracy: 1004/10000 (10%)

Train Epoch: 73 [6336/60000 (11%)]	Loss: 2.300295
Train Epoch: 73 [12736/60000 (21%)]	Loss: 2.300048
Train Epoch: 73 [19136/60000 (32%)]	Loss: 2.301248
Train Epoch: 73 [25536/60000 (43%)]	Loss: 2.301547
Train Epoch: 73 [31936/60000 (53%)]	Loss: 2.300915
Train Epoch: 73 [38336/60000 (64%)]	Loss: 2.300591
Train Epoch: 73 [44736/60000 (75%)]	Loss: 2.300039
Train Epoch: 73 [51136/60000 (85%)]	Loss: 2.300821
Train Epoch: 73 [57536/60000 (96%)]	Loss: 2.302130

Test set: Average loss: 2.3009, Accuracy: 1012/10000 (10%)

Train Epoch: 74 [6336/60000 (11%)]	Loss: 2.301455
Train Epoch: 74 [12736/60000 (21%)]	Loss: 2.302219
Train Epoch: 74 [19136/60000 (32%)]	Loss: 2.300181
Train Epoch: 74 [25536/60000 (43%)]	Loss: 2.301123
Train Epoch: 74 [31936/60000 (53%)]	Loss: 2.300608
Train Epoch: 74 [38336/60000 (64%)]	Loss: 2.300819
Train Epoch: 74 [44736/60000 (75%)]	Loss: 2.300389
Train Epoch: 74 [51136/60000 (85%)]	Loss: 2.301085
Train Epoch: 74 [57536/60000 (96%)]	Loss: 2.299888

Test set: Average loss: 2.3007, Accuracy: 971/10000 (10%)

Train Epoch: 75 [6336/60000 (11%)]	Loss: 2.300961
Train Epoch: 75 [12736/60000 (21%)]	Loss: 2.300822
Train Epoch: 75 [19136/60000 (32%)]	Loss: 2.299859
Train Epoch: 75 [25536/60000 (43%)]	Loss: 2.301913
Train Epoch: 75 [31936/60000 (53%)]	Loss: 2.301191
Train Epoch: 75 [38336/60000 (64%)]	Loss: 2.300539
Train Epoch: 75 [44736/60000 (75%)]	Loss: 2.301663
Train Epoch: 75 [51136/60000 (85%)]	Loss: 2.300929
Train Epoch: 75 [57536/60000 (96%)]	Loss: 2.299588

Test set: Average loss: 2.3008, Accuracy: 964/10000 (10%)

Train Epoch: 76 [6336/60000 (11%)]	Loss: 2.300333
Train Epoch: 76 [12736/60000 (21%)]	Loss: 2.301465
Train Epoch: 76 [19136/60000 (32%)]	Loss: 2.300482
Train Epoch: 76 [25536/60000 (43%)]	Loss: 2.300250
Train Epoch: 76 [31936/60000 (53%)]	Loss: 2.301049
Train Epoch: 76 [38336/60000 (64%)]	Loss: 2.300803
Train Epoch: 76 [44736/60000 (75%)]	Loss: 2.300711
Train Epoch: 76 [51136/60000 (85%)]	Loss: 2.300325
Train Epoch: 76 [57536/60000 (96%)]	Loss: 2.301280

Test set: Average loss: 2.3007, Accuracy: 970/10000 (10%)

Train Epoch: 77 [6336/60000 (11%)]	Loss: 2.300875
Train Epoch: 77 [12736/60000 (21%)]	Loss: 2.302003
Train Epoch: 77 [19136/60000 (32%)]	Loss: 2.300958
Train Epoch: 77 [25536/60000 (43%)]	Loss: 2.301496
Train Epoch: 77 [31936/60000 (53%)]	Loss: 2.301043
Train Epoch: 77 [38336/60000 (64%)]	Loss: 2.300832
Train Epoch: 77 [44736/60000 (75%)]	Loss: 2.300178
Train Epoch: 77 [51136/60000 (85%)]	Loss: 2.300766
Train Epoch: 77 [57536/60000 (96%)]	Loss: 2.300199

Test set: Average loss: 2.3007, Accuracy: 959/10000 (10%)

Train Epoch: 78 [6336/60000 (11%)]	Loss: 2.300334
Train Epoch: 78 [12736/60000 (21%)]	Loss: 2.301335
Train Epoch: 78 [19136/60000 (32%)]	Loss: 2.300985
Train Epoch: 78 [25536/60000 (43%)]	Loss: 2.302244
Train Epoch: 78 [31936/60000 (53%)]	Loss: 2.300868
Train Epoch: 78 [38336/60000 (64%)]	Loss: 2.300387
Train Epoch: 78 [44736/60000 (75%)]	Loss: 2.300560
Train Epoch: 78 [51136/60000 (85%)]	Loss: 2.301064
Train Epoch: 78 [57536/60000 (96%)]	Loss: 2.299665

Test set: Average loss: 2.3009, Accuracy: 967/10000 (10%)

Train Epoch: 79 [6336/60000 (11%)]	Loss: 2.300288
Train Epoch: 79 [12736/60000 (21%)]	Loss: 2.301938
Train Epoch: 79 [19136/60000 (32%)]	Loss: 2.300205
Train Epoch: 79 [25536/60000 (43%)]	Loss: 2.299435
Train Epoch: 79 [31936/60000 (53%)]	Loss: 2.301145
Train Epoch: 79 [38336/60000 (64%)]	Loss: 2.300995
Train Epoch: 79 [44736/60000 (75%)]	Loss: 2.299786
Train Epoch: 79 [51136/60000 (85%)]	Loss: 2.301674
Train Epoch: 79 [57536/60000 (96%)]	Loss: 2.301392

Test set: Average loss: 2.3007, Accuracy: 969/10000 (10%)

Train Epoch: 80 [6336/60000 (11%)]	Loss: 2.300615
Train Epoch: 80 [12736/60000 (21%)]	Loss: 2.299933
Train Epoch: 80 [19136/60000 (32%)]	Loss: 2.299951
Train Epoch: 80 [25536/60000 (43%)]	Loss: 2.299994
Train Epoch: 80 [31936/60000 (53%)]	Loss: 2.300264
Train Epoch: 80 [38336/60000 (64%)]	Loss: 2.299909
Train Epoch: 80 [44736/60000 (75%)]	Loss: 2.300481
Train Epoch: 80 [51136/60000 (85%)]	Loss: 2.301063
Train Epoch: 80 [57536/60000 (96%)]	Loss: 2.301484

Test set: Average loss: 2.3010, Accuracy: 967/10000 (10%)

Train Epoch: 81 [6336/60000 (11%)]	Loss: 2.299778
Train Epoch: 81 [12736/60000 (21%)]	Loss: 2.300251
Train Epoch: 81 [19136/60000 (32%)]	Loss: 2.300659
Train Epoch: 81 [25536/60000 (43%)]	Loss: 2.300161
Train Epoch: 81 [31936/60000 (53%)]	Loss: 2.299803
Train Epoch: 81 [38336/60000 (64%)]	Loss: 2.301526
Train Epoch: 81 [44736/60000 (75%)]	Loss: 2.301015
Train Epoch: 81 [51136/60000 (85%)]	Loss: 2.300427
Train Epoch: 81 [57536/60000 (96%)]	Loss: 2.300668

Test set: Average loss: 2.3007, Accuracy: 969/10000 (10%)

Train Epoch: 82 [6336/60000 (11%)]	Loss: 2.301752
Train Epoch: 82 [12736/60000 (21%)]	Loss: 2.301869
Train Epoch: 82 [19136/60000 (32%)]	Loss: 2.300736
Train Epoch: 82 [25536/60000 (43%)]	Loss: 2.300541
Train Epoch: 82 [31936/60000 (53%)]	Loss: 2.301788
Train Epoch: 82 [38336/60000 (64%)]	Loss: 2.300916
Train Epoch: 82 [44736/60000 (75%)]	Loss: 2.301162
Train Epoch: 82 [51136/60000 (85%)]	Loss: 2.300418
Train Epoch: 82 [57536/60000 (96%)]	Loss: 2.299106

Test set: Average loss: 2.3008, Accuracy: 970/10000 (10%)

Train Epoch: 83 [6336/60000 (11%)]	Loss: 2.301082
Train Epoch: 83 [12736/60000 (21%)]	Loss: 2.300217
Train Epoch: 83 [19136/60000 (32%)]	Loss: 2.301385
Train Epoch: 83 [25536/60000 (43%)]	Loss: 2.299952
Train Epoch: 83 [31936/60000 (53%)]	Loss: 2.300837
Train Epoch: 83 [38336/60000 (64%)]	Loss: 2.299348
Train Epoch: 83 [44736/60000 (75%)]	Loss: 2.300041
Train Epoch: 83 [51136/60000 (85%)]	Loss: 2.300409
Train Epoch: 83 [57536/60000 (96%)]	Loss: 2.299937

Test set: Average loss: 2.3008, Accuracy: 970/10000 (10%)

Train Epoch: 84 [6336/60000 (11%)]	Loss: 2.301093
Train Epoch: 84 [12736/60000 (21%)]	Loss: 2.300487
Train Epoch: 84 [19136/60000 (32%)]	Loss: 2.300535
Train Epoch: 84 [25536/60000 (43%)]	Loss: 2.300698
Train Epoch: 84 [31936/60000 (53%)]	Loss: 2.301082
Train Epoch: 84 [38336/60000 (64%)]	Loss: 2.300279
Train Epoch: 84 [44736/60000 (75%)]	Loss: 2.299892
Train Epoch: 84 [51136/60000 (85%)]	Loss: 2.300658
Train Epoch: 84 [57536/60000 (96%)]	Loss: 2.300557

Test set: Average loss: 2.3007, Accuracy: 968/10000 (10%)

Train Epoch: 85 [6336/60000 (11%)]	Loss: 2.299785
Train Epoch: 85 [12736/60000 (21%)]	Loss: 2.301276
Train Epoch: 85 [19136/60000 (32%)]	Loss: 2.299149
Train Epoch: 85 [25536/60000 (43%)]	Loss: 2.300267
Train Epoch: 85 [31936/60000 (53%)]	Loss: 2.299475
Train Epoch: 85 [38336/60000 (64%)]	Loss: 2.300452
Train Epoch: 85 [44736/60000 (75%)]	Loss: 2.299553
Train Epoch: 85 [51136/60000 (85%)]	Loss: 2.301538
Train Epoch: 85 [57536/60000 (96%)]	Loss: 2.299950

Test set: Average loss: 2.3007, Accuracy: 969/10000 (10%)

Train Epoch: 86 [6336/60000 (11%)]	Loss: 2.301000
Train Epoch: 86 [12736/60000 (21%)]	Loss: 2.298892
Train Epoch: 86 [19136/60000 (32%)]	Loss: 2.301782
Train Epoch: 86 [25536/60000 (43%)]	Loss: 2.301550
Train Epoch: 86 [31936/60000 (53%)]	Loss: 2.301492
Train Epoch: 86 [38336/60000 (64%)]	Loss: 2.299734
Train Epoch: 86 [44736/60000 (75%)]	Loss: 2.300396
Train Epoch: 86 [51136/60000 (85%)]	Loss: 2.301623
Train Epoch: 86 [57536/60000 (96%)]	Loss: 2.299954

Test set: Average loss: 2.3009, Accuracy: 967/10000 (10%)

Train Epoch: 87 [6336/60000 (11%)]	Loss: 2.300426
Train Epoch: 87 [12736/60000 (21%)]	Loss: 2.299750
Train Epoch: 87 [19136/60000 (32%)]	Loss: 2.301372
Train Epoch: 87 [25536/60000 (43%)]	Loss: 2.300008
Train Epoch: 87 [31936/60000 (53%)]	Loss: 2.300070
Train Epoch: 87 [38336/60000 (64%)]	Loss: 2.300588
Train Epoch: 87 [44736/60000 (75%)]	Loss: 2.300851
Train Epoch: 87 [51136/60000 (85%)]	Loss: 2.300914
Train Epoch: 87 [57536/60000 (96%)]	Loss: 2.301147

Test set: Average loss: 2.3007, Accuracy: 968/10000 (10%)

Train Epoch: 88 [6336/60000 (11%)]	Loss: 2.301737
Train Epoch: 88 [12736/60000 (21%)]	Loss: 2.300896
Train Epoch: 88 [19136/60000 (32%)]	Loss: 2.300600
Train Epoch: 88 [25536/60000 (43%)]	Loss: 2.300170
Train Epoch: 88 [31936/60000 (53%)]	Loss: 2.299067
Train Epoch: 88 [38336/60000 (64%)]	Loss: 2.298637
Train Epoch: 88 [44736/60000 (75%)]	Loss: 2.300910
Train Epoch: 88 [51136/60000 (85%)]	Loss: 2.302168
Train Epoch: 88 [57536/60000 (96%)]	Loss: 2.300696

Test set: Average loss: 2.3007, Accuracy: 969/10000 (10%)

Train Epoch: 89 [6336/60000 (11%)]	Loss: 2.299688
Train Epoch: 89 [12736/60000 (21%)]	Loss: 2.300587
Train Epoch: 89 [19136/60000 (32%)]	Loss: 2.301581
Train Epoch: 89 [25536/60000 (43%)]	Loss: 2.301159
Train Epoch: 89 [31936/60000 (53%)]	Loss: 2.302399
Train Epoch: 89 [38336/60000 (64%)]	Loss: 2.301175
Train Epoch: 89 [44736/60000 (75%)]	Loss: 2.299093
Train Epoch: 89 [51136/60000 (85%)]	Loss: 2.299300
Train Epoch: 89 [57536/60000 (96%)]	Loss: 2.300045

Test set: Average loss: 2.3007, Accuracy: 969/10000 (10%)

Train Epoch: 90 [6336/60000 (11%)]	Loss: 2.299690
Train Epoch: 90 [12736/60000 (21%)]	Loss: 2.300470
Train Epoch: 90 [19136/60000 (32%)]	Loss: 2.300873
Train Epoch: 90 [25536/60000 (43%)]	Loss: 2.299978
Train Epoch: 90 [31936/60000 (53%)]	Loss: 2.299917
Train Epoch: 90 [38336/60000 (64%)]	Loss: 2.300799
Train Epoch: 90 [44736/60000 (75%)]	Loss: 2.300225
Train Epoch: 90 [51136/60000 (85%)]	Loss: 2.300340
Train Epoch: 90 [57536/60000 (96%)]	Loss: 2.301072

Test set: Average loss: 2.3007, Accuracy: 969/10000 (10%)

Train Epoch: 91 [6336/60000 (11%)]	Loss: 2.300516
Train Epoch: 91 [12736/60000 (21%)]	Loss: 2.301691
Train Epoch: 91 [19136/60000 (32%)]	Loss: 2.302343
Train Epoch: 91 [25536/60000 (43%)]	Loss: 2.300014
Train Epoch: 91 [31936/60000 (53%)]	Loss: 2.300287
Train Epoch: 91 [38336/60000 (64%)]	Loss: 2.301715
Train Epoch: 91 [44736/60000 (75%)]	Loss: 2.301451
Train Epoch: 91 [51136/60000 (85%)]	Loss: 2.299878
Train Epoch: 91 [57536/60000 (96%)]	Loss: 2.301222

Test set: Average loss: 2.3007, Accuracy: 969/10000 (10%)

Train Epoch: 92 [6336/60000 (11%)]	Loss: 2.300356
Train Epoch: 92 [12736/60000 (21%)]	Loss: 2.302484
Train Epoch: 92 [19136/60000 (32%)]	Loss: 2.300357
Train Epoch: 92 [25536/60000 (43%)]	Loss: 2.300468
Train Epoch: 92 [31936/60000 (53%)]	Loss: 2.299742
Train Epoch: 92 [38336/60000 (64%)]	Loss: 2.301764
Train Epoch: 92 [44736/60000 (75%)]	Loss: 2.299315
Train Epoch: 92 [51136/60000 (85%)]	Loss: 2.300380
Train Epoch: 92 [57536/60000 (96%)]	Loss: 2.300492

Test set: Average loss: 2.3010, Accuracy: 972/10000 (10%)

Train Epoch: 93 [6336/60000 (11%)]	Loss: 2.302339
Train Epoch: 93 [12736/60000 (21%)]	Loss: 2.299094
Train Epoch: 93 [19136/60000 (32%)]	Loss: 2.301080
Train Epoch: 93 [25536/60000 (43%)]	Loss: 2.299635
Train Epoch: 93 [31936/60000 (53%)]	Loss: 2.299648
Train Epoch: 93 [38336/60000 (64%)]	Loss: 2.299919
Train Epoch: 93 [44736/60000 (75%)]	Loss: 2.299770
Train Epoch: 93 [51136/60000 (85%)]	Loss: 2.299534
Train Epoch: 93 [57536/60000 (96%)]	Loss: 2.301598

Test set: Average loss: 2.3007, Accuracy: 969/10000 (10%)

Train Epoch: 94 [6336/60000 (11%)]	Loss: 2.300556
Train Epoch: 94 [12736/60000 (21%)]	Loss: 2.300798
Train Epoch: 94 [19136/60000 (32%)]	Loss: 2.300529
Train Epoch: 94 [25536/60000 (43%)]	Loss: 2.300510
Train Epoch: 94 [31936/60000 (53%)]	Loss: 2.303453
Train Epoch: 94 [38336/60000 (64%)]	Loss: 2.301521
Train Epoch: 94 [44736/60000 (75%)]	Loss: 2.301081
Train Epoch: 94 [51136/60000 (85%)]	Loss: 2.300550
Train Epoch: 94 [57536/60000 (96%)]	Loss: 2.298590

Test set: Average loss: 2.3007, Accuracy: 969/10000 (10%)

Train Epoch: 95 [6336/60000 (11%)]	Loss: 2.302663
Train Epoch: 95 [12736/60000 (21%)]	Loss: 2.299181
Train Epoch: 95 [19136/60000 (32%)]	Loss: 2.300997
Train Epoch: 95 [25536/60000 (43%)]	Loss: 2.300990
Train Epoch: 95 [31936/60000 (53%)]	Loss: 2.300677
Train Epoch: 95 [38336/60000 (64%)]	Loss: 2.300446
Train Epoch: 95 [44736/60000 (75%)]	Loss: 2.300375
Train Epoch: 95 [51136/60000 (85%)]	Loss: 2.299877
Train Epoch: 95 [57536/60000 (96%)]	Loss: 2.299695

Test set: Average loss: 2.3007, Accuracy: 969/10000 (10%)

Train Epoch: 96 [6336/60000 (11%)]	Loss: 2.300911
Train Epoch: 96 [12736/60000 (21%)]	Loss: 2.300782
Train Epoch: 96 [19136/60000 (32%)]	Loss: 2.299674
Train Epoch: 96 [25536/60000 (43%)]	Loss: 2.300121
Train Epoch: 96 [31936/60000 (53%)]	Loss: 2.301196
Train Epoch: 96 [38336/60000 (64%)]	Loss: 2.301278
Train Epoch: 96 [44736/60000 (75%)]	Loss: 2.301310
Train Epoch: 96 [51136/60000 (85%)]	Loss: 2.300350
Train Epoch: 96 [57536/60000 (96%)]	Loss: 2.301189

Test set: Average loss: 2.3007, Accuracy: 969/10000 (10%)

Train Epoch: 97 [6336/60000 (11%)]	Loss: 2.301152
Train Epoch: 97 [12736/60000 (21%)]	Loss: 2.300748
Train Epoch: 97 [19136/60000 (32%)]	Loss: 2.301262
Train Epoch: 97 [25536/60000 (43%)]	Loss: 2.301639
Train Epoch: 97 [31936/60000 (53%)]	Loss: 2.300517
Train Epoch: 97 [38336/60000 (64%)]	Loss: 2.301442
Train Epoch: 97 [44736/60000 (75%)]	Loss: 2.300514
Train Epoch: 97 [51136/60000 (85%)]	Loss: 2.298685
Train Epoch: 97 [57536/60000 (96%)]	Loss: 2.300592

Test set: Average loss: 2.3007, Accuracy: 975/10000 (10%)

Train Epoch: 98 [6336/60000 (11%)]	Loss: 2.300920
Train Epoch: 98 [12736/60000 (21%)]	Loss: 2.301528
Train Epoch: 98 [19136/60000 (32%)]	Loss: 2.300429
Train Epoch: 98 [25536/60000 (43%)]	Loss: 2.300686
Train Epoch: 98 [31936/60000 (53%)]	Loss: 2.300777
Train Epoch: 98 [38336/60000 (64%)]	Loss: 2.300683
Train Epoch: 98 [44736/60000 (75%)]	Loss: 2.302472
Train Epoch: 98 [51136/60000 (85%)]	Loss: 2.300542
Train Epoch: 98 [57536/60000 (96%)]	Loss: 2.300669

Test set: Average loss: 2.3007, Accuracy: 969/10000 (10%)

Train Epoch: 99 [6336/60000 (11%)]	Loss: 2.302198
Train Epoch: 99 [12736/60000 (21%)]	Loss: 2.300245
Train Epoch: 99 [19136/60000 (32%)]	Loss: 2.301330
Train Epoch: 99 [25536/60000 (43%)]	Loss: 2.299581
Train Epoch: 99 [31936/60000 (53%)]	Loss: 2.302345
Train Epoch: 99 [38336/60000 (64%)]	Loss: 2.301134
Train Epoch: 99 [44736/60000 (75%)]	Loss: 2.300434
Train Epoch: 99 [51136/60000 (85%)]	Loss: 2.301670
Train Epoch: 99 [57536/60000 (96%)]	Loss: 2.300501

Test set: Average loss: 2.3008, Accuracy: 970/10000 (10%)

Train Epoch: 100 [6336/60000 (11%)]	Loss: 2.299953
Train Epoch: 100 [12736/60000 (21%)]	Loss: 2.300578
Train Epoch: 100 [19136/60000 (32%)]	Loss: 2.300637
Train Epoch: 100 [25536/60000 (43%)]	Loss: 2.300743
Train Epoch: 100 [31936/60000 (53%)]	Loss: 2.301502
Train Epoch: 100 [38336/60000 (64%)]	Loss: 2.300532
Train Epoch: 100 [44736/60000 (75%)]	Loss: 2.299965
Train Epoch: 100 [51136/60000 (85%)]	Loss: 2.300611
Train Epoch: 100 [57536/60000 (96%)]	Loss: 2.298295

Test set: Average loss: 2.3007, Accuracy: 969/10000 (10%)

Train Epoch: 101 [6336/60000 (11%)]	Loss: 2.300175
Train Epoch: 101 [12736/60000 (21%)]	Loss: 2.300759
Train Epoch: 101 [19136/60000 (32%)]	Loss: 2.301266
Train Epoch: 101 [25536/60000 (43%)]	Loss: 2.301467
Train Epoch: 101 [31936/60000 (53%)]	Loss: 2.299819
Train Epoch: 101 [38336/60000 (64%)]	Loss: 2.300392
Train Epoch: 101 [44736/60000 (75%)]	Loss: 2.300442
Train Epoch: 101 [51136/60000 (85%)]	Loss: 2.299976
Train Epoch: 101 [57536/60000 (96%)]	Loss: 2.300190

Test set: Average loss: 2.3007, Accuracy: 969/10000 (10%)

Train Epoch: 102 [6336/60000 (11%)]	Loss: 2.298498
Train Epoch: 102 [12736/60000 (21%)]	Loss: 2.300455
Train Epoch: 102 [19136/60000 (32%)]	Loss: 2.299563
Train Epoch: 102 [25536/60000 (43%)]	Loss: 2.300813
Train Epoch: 102 [31936/60000 (53%)]	Loss: 2.301092
Train Epoch: 102 [38336/60000 (64%)]	Loss: 2.300235
Train Epoch: 102 [44736/60000 (75%)]	Loss: 2.299855
Train Epoch: 102 [51136/60000 (85%)]	Loss: 2.301082
Train Epoch: 102 [57536/60000 (96%)]	Loss: 2.299557

Test set: Average loss: 2.3009, Accuracy: 965/10000 (10%)

Train Epoch: 103 [6336/60000 (11%)]	Loss: 2.302268
Train Epoch: 103 [12736/60000 (21%)]	Loss: 2.299566
Train Epoch: 103 [19136/60000 (32%)]	Loss: 2.300807
Train Epoch: 103 [25536/60000 (43%)]	Loss: 2.300850
Train Epoch: 103 [31936/60000 (53%)]	Loss: 2.298340
Train Epoch: 103 [38336/60000 (64%)]	Loss: 2.300976
Train Epoch: 103 [44736/60000 (75%)]	Loss: 2.300061
Train Epoch: 103 [51136/60000 (85%)]	Loss: 2.300683
Train Epoch: 103 [57536/60000 (96%)]	Loss: 2.300632

Test set: Average loss: 2.3007, Accuracy: 965/10000 (10%)

Train Epoch: 104 [6336/60000 (11%)]	Loss: 2.300653
Train Epoch: 104 [12736/60000 (21%)]	Loss: 2.299035
Train Epoch: 104 [19136/60000 (32%)]	Loss: 2.300271
Train Epoch: 104 [25536/60000 (43%)]	Loss: 2.300937
Train Epoch: 104 [31936/60000 (53%)]	Loss: 2.299602
Train Epoch: 104 [38336/60000 (64%)]	Loss: 2.300891
Train Epoch: 104 [44736/60000 (75%)]	Loss: 2.301383
Train Epoch: 104 [51136/60000 (85%)]	Loss: 2.301778
Train Epoch: 104 [57536/60000 (96%)]	Loss: 2.300388

Test set: Average loss: 2.3007, Accuracy: 968/10000 (10%)

Train Epoch: 105 [6336/60000 (11%)]	Loss: 2.299852
Train Epoch: 105 [12736/60000 (21%)]	Loss: 2.299100
Train Epoch: 105 [19136/60000 (32%)]	Loss: 2.301076
Train Epoch: 105 [25536/60000 (43%)]	Loss: 2.299854
Train Epoch: 105 [31936/60000 (53%)]	Loss: 2.301197
Train Epoch: 105 [38336/60000 (64%)]	Loss: 2.300097
Train Epoch: 105 [44736/60000 (75%)]	Loss: 2.299864
Train Epoch: 105 [51136/60000 (85%)]	Loss: 2.301896
Train Epoch: 105 [57536/60000 (96%)]	Loss: 2.298792

Test set: Average loss: 2.3007, Accuracy: 965/10000 (10%)

Train Epoch: 106 [6336/60000 (11%)]	Loss: 2.302702
Train Epoch: 106 [12736/60000 (21%)]	Loss: 2.301024
Train Epoch: 106 [19136/60000 (32%)]	Loss: 2.300289
Train Epoch: 106 [25536/60000 (43%)]	Loss: 2.301400
Train Epoch: 106 [31936/60000 (53%)]	Loss: 2.300741
Train Epoch: 106 [38336/60000 (64%)]	Loss: 2.301830
Train Epoch: 106 [44736/60000 (75%)]	Loss: 2.299747
Train Epoch: 106 [51136/60000 (85%)]	Loss: 2.301854
Train Epoch: 106 [57536/60000 (96%)]	Loss: 2.298806

Test set: Average loss: 2.3008, Accuracy: 968/10000 (10%)

Train Epoch: 107 [6336/60000 (11%)]	Loss: 2.300451
Train Epoch: 107 [12736/60000 (21%)]	Loss: 2.299645
Train Epoch: 107 [19136/60000 (32%)]	Loss: 2.301353
Train Epoch: 107 [25536/60000 (43%)]	Loss: 2.300958
Train Epoch: 107 [31936/60000 (53%)]	Loss: 2.299375
Train Epoch: 107 [38336/60000 (64%)]	Loss: 2.300000
Train Epoch: 107 [44736/60000 (75%)]	Loss: 2.300040
Train Epoch: 107 [51136/60000 (85%)]	Loss: 2.300589
Train Epoch: 107 [57536/60000 (96%)]	Loss: 2.301225

Test set: Average loss: 2.3007, Accuracy: 967/10000 (10%)

Train Epoch: 108 [6336/60000 (11%)]	Loss: 2.300848
Train Epoch: 108 [12736/60000 (21%)]	Loss: 2.301418
Train Epoch: 108 [19136/60000 (32%)]	Loss: 2.301348
Train Epoch: 108 [25536/60000 (43%)]	Loss: 2.300235
Train Epoch: 108 [31936/60000 (53%)]	Loss: 2.301230
Train Epoch: 108 [38336/60000 (64%)]	Loss: 2.301785
Train Epoch: 108 [44736/60000 (75%)]	Loss: 2.297274
Train Epoch: 108 [51136/60000 (85%)]	Loss: 2.301219
Train Epoch: 108 [57536/60000 (96%)]	Loss: 2.299541

Test set: Average loss: 2.3007, Accuracy: 965/10000 (10%)

Train Epoch: 109 [6336/60000 (11%)]	Loss: 2.302679
Train Epoch: 109 [12736/60000 (21%)]	Loss: 2.299396
Train Epoch: 109 [19136/60000 (32%)]	Loss: 2.299775
Train Epoch: 109 [25536/60000 (43%)]	Loss: 2.301224
Train Epoch: 109 [31936/60000 (53%)]	Loss: 2.299086
Train Epoch: 109 [38336/60000 (64%)]	Loss: 2.300288
Train Epoch: 109 [44736/60000 (75%)]	Loss: 2.298413
Train Epoch: 109 [51136/60000 (85%)]	Loss: 2.299664
Train Epoch: 109 [57536/60000 (96%)]	Loss: 2.299673

Test set: Average loss: 2.3013, Accuracy: 967/10000 (10%)

Train Epoch: 110 [6336/60000 (11%)]	Loss: 2.298901
Train Epoch: 110 [12736/60000 (21%)]	Loss: 2.299405
Train Epoch: 110 [19136/60000 (32%)]	Loss: 2.299316
Train Epoch: 110 [25536/60000 (43%)]	Loss: 2.299923
Train Epoch: 110 [31936/60000 (53%)]	Loss: 2.299334
Train Epoch: 110 [38336/60000 (64%)]	Loss: 2.300433
Train Epoch: 110 [44736/60000 (75%)]	Loss: 2.299604
Train Epoch: 110 [51136/60000 (85%)]	Loss: 2.299593
Train Epoch: 110 [57536/60000 (96%)]	Loss: 2.301263

Test set: Average loss: 2.3007, Accuracy: 968/10000 (10%)

Train Epoch: 111 [6336/60000 (11%)]	Loss: 2.302060
Train Epoch: 111 [12736/60000 (21%)]	Loss: 2.301723
Train Epoch: 111 [19136/60000 (32%)]	Loss: 2.302583
Train Epoch: 111 [25536/60000 (43%)]	Loss: 2.299060
Train Epoch: 111 [31936/60000 (53%)]	Loss: 2.301142
Train Epoch: 111 [38336/60000 (64%)]	Loss: 2.302177
Train Epoch: 111 [44736/60000 (75%)]	Loss: 2.300815
Train Epoch: 111 [51136/60000 (85%)]	Loss: 2.299521
Train Epoch: 111 [57536/60000 (96%)]	Loss: 2.297318

Test set: Average loss: 2.3007, Accuracy: 968/10000 (10%)

Train Epoch: 112 [6336/60000 (11%)]	Loss: 2.300412
Train Epoch: 112 [12736/60000 (21%)]	Loss: 2.301805
Train Epoch: 112 [19136/60000 (32%)]	Loss: 2.299579
Train Epoch: 112 [25536/60000 (43%)]	Loss: 2.300951
Train Epoch: 112 [31936/60000 (53%)]	Loss: 2.300428
Train Epoch: 112 [38336/60000 (64%)]	Loss: 2.299783
Train Epoch: 112 [44736/60000 (75%)]	Loss: 2.301285
Train Epoch: 112 [51136/60000 (85%)]	Loss: 2.299081
Train Epoch: 112 [57536/60000 (96%)]	Loss: 2.299368

Test set: Average loss: 2.3009, Accuracy: 968/10000 (10%)

Train Epoch: 113 [6336/60000 (11%)]	Loss: 2.299441
Train Epoch: 113 [12736/60000 (21%)]	Loss: 2.301425
Train Epoch: 113 [19136/60000 (32%)]	Loss: 2.299693
Train Epoch: 113 [25536/60000 (43%)]	Loss: 2.299965
Train Epoch: 113 [31936/60000 (53%)]	Loss: 2.302278
Train Epoch: 113 [38336/60000 (64%)]	Loss: 2.301199
Train Epoch: 113 [44736/60000 (75%)]	Loss: 2.302476
Train Epoch: 113 [51136/60000 (85%)]	Loss: 2.300408
Train Epoch: 113 [57536/60000 (96%)]	Loss: 2.301638

Test set: Average loss: 2.3007, Accuracy: 968/10000 (10%)

Train Epoch: 114 [6336/60000 (11%)]	Loss: 2.302911
Train Epoch: 114 [12736/60000 (21%)]	Loss: 2.298954
Train Epoch: 114 [19136/60000 (32%)]	Loss: 2.302031
Train Epoch: 114 [25536/60000 (43%)]	Loss: 2.301215
Train Epoch: 114 [31936/60000 (53%)]	Loss: 2.299874
Train Epoch: 114 [38336/60000 (64%)]	Loss: 2.301402
Train Epoch: 114 [44736/60000 (75%)]	Loss: 2.300874
Train Epoch: 114 [51136/60000 (85%)]	Loss: 2.302024
Train Epoch: 114 [57536/60000 (96%)]	Loss: 2.302397

Test set: Average loss: 2.3007, Accuracy: 965/10000 (10%)

Train Epoch: 115 [6336/60000 (11%)]	Loss: 2.302036
Train Epoch: 115 [12736/60000 (21%)]	Loss: 2.300116
Train Epoch: 115 [19136/60000 (32%)]	Loss: 2.300111
Train Epoch: 115 [25536/60000 (43%)]	Loss: 2.302272
Train Epoch: 115 [31936/60000 (53%)]	Loss: 2.301237
Train Epoch: 115 [38336/60000 (64%)]	Loss: 2.300096
Train Epoch: 115 [44736/60000 (75%)]	Loss: 2.300043
Train Epoch: 115 [51136/60000 (85%)]	Loss: 2.301465
Train Epoch: 115 [57536/60000 (96%)]	Loss: 2.300953

Test set: Average loss: 2.3007, Accuracy: 967/10000 (10%)

Train Epoch: 116 [6336/60000 (11%)]	Loss: 2.300281
Train Epoch: 116 [12736/60000 (21%)]	Loss: 2.299897
Train Epoch: 116 [19136/60000 (32%)]	Loss: 2.300491
Train Epoch: 116 [25536/60000 (43%)]	Loss: 2.300789
Train Epoch: 116 [31936/60000 (53%)]	Loss: 2.301998
Train Epoch: 116 [38336/60000 (64%)]	Loss: 2.299274
Train Epoch: 116 [44736/60000 (75%)]	Loss: 2.298398
Train Epoch: 116 [51136/60000 (85%)]	Loss: 2.299580
Train Epoch: 116 [57536/60000 (96%)]	Loss: 2.301852

Test set: Average loss: 2.3006, Accuracy: 968/10000 (10%)

Train Epoch: 117 [6336/60000 (11%)]	Loss: 2.299582
Train Epoch: 117 [12736/60000 (21%)]	Loss: 2.301912
Train Epoch: 117 [19136/60000 (32%)]	Loss: 2.302063
Train Epoch: 117 [25536/60000 (43%)]	Loss: 2.300154
Train Epoch: 117 [31936/60000 (53%)]	Loss: 2.301321
Train Epoch: 117 [38336/60000 (64%)]	Loss: 2.301845
Train Epoch: 117 [44736/60000 (75%)]	Loss: 2.300706
Train Epoch: 117 [51136/60000 (85%)]	Loss: 2.300694
Train Epoch: 117 [57536/60000 (96%)]	Loss: 2.299336

Test set: Average loss: 2.3006, Accuracy: 967/10000 (10%)

Train Epoch: 118 [6336/60000 (11%)]	Loss: 2.300900
Train Epoch: 118 [12736/60000 (21%)]	Loss: 2.298861
Train Epoch: 118 [19136/60000 (32%)]	Loss: 2.300904
Train Epoch: 118 [25536/60000 (43%)]	Loss: 2.299824
Train Epoch: 118 [31936/60000 (53%)]	Loss: 2.301261
Train Epoch: 118 [38336/60000 (64%)]	Loss: 2.301144
Train Epoch: 118 [44736/60000 (75%)]	Loss: 2.298648
Train Epoch: 118 [51136/60000 (85%)]	Loss: 2.298032
Train Epoch: 118 [57536/60000 (96%)]	Loss: 2.301304

Test set: Average loss: 2.3007, Accuracy: 969/10000 (10%)

Train Epoch: 119 [6336/60000 (11%)]	Loss: 2.299887
Train Epoch: 119 [12736/60000 (21%)]	Loss: 2.301342
Train Epoch: 119 [19136/60000 (32%)]	Loss: 2.299194
Train Epoch: 119 [25536/60000 (43%)]	Loss: 2.300093
Train Epoch: 119 [31936/60000 (53%)]	Loss: 2.300078
Train Epoch: 119 [38336/60000 (64%)]	Loss: 2.299592
Train Epoch: 119 [44736/60000 (75%)]	Loss: 2.300959
Train Epoch: 119 [51136/60000 (85%)]	Loss: 2.300306
Train Epoch: 119 [57536/60000 (96%)]	Loss: 2.300891

Test set: Average loss: 2.3007, Accuracy: 967/10000 (10%)

Train Epoch: 120 [6336/60000 (11%)]	Loss: 2.298792
Train Epoch: 120 [12736/60000 (21%)]	Loss: 2.299098
Train Epoch: 120 [19136/60000 (32%)]	Loss: 2.301385
Train Epoch: 120 [25536/60000 (43%)]	Loss: 2.299686
Train Epoch: 120 [31936/60000 (53%)]	Loss: 2.300738
Train Epoch: 120 [38336/60000 (64%)]	Loss: 2.300720
Train Epoch: 120 [44736/60000 (75%)]	Loss: 2.301673
Train Epoch: 120 [51136/60000 (85%)]	Loss: 2.299223
Train Epoch: 120 [57536/60000 (96%)]	Loss: 2.299939

Test set: Average loss: 2.3007, Accuracy: 971/10000 (10%)

Train Epoch: 121 [6336/60000 (11%)]	Loss: 2.301040
Train Epoch: 121 [12736/60000 (21%)]	Loss: 2.300667
Train Epoch: 121 [19136/60000 (32%)]	Loss: 2.298463
Train Epoch: 121 [25536/60000 (43%)]	Loss: 2.300153
Train Epoch: 121 [31936/60000 (53%)]	Loss: 2.302652
Train Epoch: 121 [38336/60000 (64%)]	Loss: 2.301056
Train Epoch: 121 [44736/60000 (75%)]	Loss: 2.301929
Train Epoch: 121 [51136/60000 (85%)]	Loss: 2.301627
Train Epoch: 121 [57536/60000 (96%)]	Loss: 2.299783

Test set: Average loss: 2.3006, Accuracy: 970/10000 (10%)

Train Epoch: 122 [6336/60000 (11%)]	Loss: 2.299365
Train Epoch: 122 [12736/60000 (21%)]	Loss: 2.301035
Train Epoch: 122 [19136/60000 (32%)]	Loss: 2.300732
Train Epoch: 122 [25536/60000 (43%)]	Loss: 2.299263
Train Epoch: 122 [31936/60000 (53%)]	Loss: 2.298316
Train Epoch: 122 [38336/60000 (64%)]	Loss: 2.302283
Train Epoch: 122 [44736/60000 (75%)]	Loss: 2.300598
Train Epoch: 122 [51136/60000 (85%)]	Loss: 2.301109
Train Epoch: 122 [57536/60000 (96%)]	Loss: 2.303306

Test set: Average loss: 2.3006, Accuracy: 972/10000 (10%)

Train Epoch: 123 [6336/60000 (11%)]	Loss: 2.299792
Train Epoch: 123 [12736/60000 (21%)]	Loss: 2.300189
Train Epoch: 123 [19136/60000 (32%)]	Loss: 2.299891
Train Epoch: 123 [25536/60000 (43%)]	Loss: 2.300764
Train Epoch: 123 [31936/60000 (53%)]	Loss: 2.300538
Train Epoch: 123 [38336/60000 (64%)]	Loss: 2.300545
Train Epoch: 123 [44736/60000 (75%)]	Loss: 2.299942
Train Epoch: 123 [51136/60000 (85%)]	Loss: 2.299908
Train Epoch: 123 [57536/60000 (96%)]	Loss: 2.300223

Test set: Average loss: 2.3007, Accuracy: 970/10000 (10%)

Train Epoch: 124 [6336/60000 (11%)]	Loss: 2.302296
Train Epoch: 124 [12736/60000 (21%)]	Loss: 2.298454
Train Epoch: 124 [19136/60000 (32%)]	Loss: 2.300757
Train Epoch: 124 [25536/60000 (43%)]	Loss: 2.299789
Train Epoch: 124 [31936/60000 (53%)]	Loss: 2.300061
Train Epoch: 124 [38336/60000 (64%)]	Loss: 2.299947
Train Epoch: 124 [44736/60000 (75%)]	Loss: 2.300122
Train Epoch: 124 [51136/60000 (85%)]	Loss: 2.301010
Train Epoch: 124 [57536/60000 (96%)]	Loss: 2.300580

Test set: Average loss: 2.3010, Accuracy: 972/10000 (10%)

Train Epoch: 125 [6336/60000 (11%)]	Loss: 2.300874
Train Epoch: 125 [12736/60000 (21%)]	Loss: 2.300585
Train Epoch: 125 [19136/60000 (32%)]	Loss: 2.300757
Train Epoch: 125 [25536/60000 (43%)]	Loss: 2.301455
Train Epoch: 125 [31936/60000 (53%)]	Loss: 2.301431
Train Epoch: 125 [38336/60000 (64%)]	Loss: 2.300188
Train Epoch: 125 [44736/60000 (75%)]	Loss: 2.302112
Train Epoch: 125 [51136/60000 (85%)]	Loss: 2.300645
Train Epoch: 125 [57536/60000 (96%)]	Loss: 2.300042

Test set: Average loss: 2.3007, Accuracy: 971/10000 (10%)

Train Epoch: 126 [6336/60000 (11%)]	Loss: 2.299791
Train Epoch: 126 [12736/60000 (21%)]	Loss: 2.301002
Train Epoch: 126 [19136/60000 (32%)]	Loss: 2.300936
Train Epoch: 126 [25536/60000 (43%)]	Loss: 2.299877
Train Epoch: 126 [31936/60000 (53%)]	Loss: 2.302250
Train Epoch: 126 [38336/60000 (64%)]	Loss: 2.300182
Train Epoch: 126 [44736/60000 (75%)]	Loss: 2.299702
Train Epoch: 126 [51136/60000 (85%)]	Loss: 2.301711
Train Epoch: 126 [57536/60000 (96%)]	Loss: 2.299265

Test set: Average loss: 2.3007, Accuracy: 967/10000 (10%)

Train Epoch: 127 [6336/60000 (11%)]	Loss: 2.301115
Train Epoch: 127 [12736/60000 (21%)]	Loss: 2.299711
Train Epoch: 127 [19136/60000 (32%)]	Loss: 2.300986
Train Epoch: 127 [25536/60000 (43%)]	Loss: 2.300957
Train Epoch: 127 [31936/60000 (53%)]	Loss: 2.299848
Train Epoch: 127 [38336/60000 (64%)]	Loss: 2.300480
Train Epoch: 127 [44736/60000 (75%)]	Loss: 2.301944
Train Epoch: 127 [51136/60000 (85%)]	Loss: 2.300975
Train Epoch: 127 [57536/60000 (96%)]	Loss: 2.300782

Test set: Average loss: 2.3006, Accuracy: 969/10000 (10%)

Train Epoch: 128 [6336/60000 (11%)]	Loss: 2.299021
Train Epoch: 128 [12736/60000 (21%)]	Loss: 2.301063
Train Epoch: 128 [19136/60000 (32%)]	Loss: 2.301398
Train Epoch: 128 [25536/60000 (43%)]	Loss: 2.301586
Train Epoch: 128 [31936/60000 (53%)]	Loss: 2.300781
Train Epoch: 128 [38336/60000 (64%)]	Loss: 2.301868
Train Epoch: 128 [44736/60000 (75%)]	Loss: 2.300158
Train Epoch: 128 [51136/60000 (85%)]	Loss: 2.298656
Train Epoch: 128 [57536/60000 (96%)]	Loss: 2.298684

Test set: Average loss: 2.3006, Accuracy: 970/10000 (10%)

Train Epoch: 129 [6336/60000 (11%)]	Loss: 2.302603
Train Epoch: 129 [12736/60000 (21%)]	Loss: 2.300770
Train Epoch: 129 [19136/60000 (32%)]	Loss: 2.300632
Train Epoch: 129 [25536/60000 (43%)]	Loss: 2.300057
Train Epoch: 129 [31936/60000 (53%)]	Loss: 2.300565
Train Epoch: 129 [38336/60000 (64%)]	Loss: 2.301355
Train Epoch: 129 [44736/60000 (75%)]	Loss: 2.301657
Train Epoch: 129 [51136/60000 (85%)]	Loss: 2.301751
Train Epoch: 129 [57536/60000 (96%)]	Loss: 2.301509

Test set: Average loss: 2.3007, Accuracy: 969/10000 (10%)

Train Epoch: 130 [6336/60000 (11%)]	Loss: 2.300623
Train Epoch: 130 [12736/60000 (21%)]	Loss: 2.299578
Train Epoch: 130 [19136/60000 (32%)]	Loss: 2.299798
Train Epoch: 130 [25536/60000 (43%)]	Loss: 2.300723
Train Epoch: 130 [31936/60000 (53%)]	Loss: 2.302213
Train Epoch: 130 [38336/60000 (64%)]	Loss: 2.300236
Train Epoch: 130 [44736/60000 (75%)]	Loss: 2.301208
Train Epoch: 130 [51136/60000 (85%)]	Loss: 2.300426
Train Epoch: 130 [57536/60000 (96%)]	Loss: 2.300009

Test set: Average loss: 2.3007, Accuracy: 969/10000 (10%)

Train Epoch: 131 [6336/60000 (11%)]	Loss: 2.300492
Train Epoch: 131 [12736/60000 (21%)]	Loss: 2.301218
Train Epoch: 131 [19136/60000 (32%)]	Loss: 2.299677
Train Epoch: 131 [25536/60000 (43%)]	Loss: 2.300051
Train Epoch: 131 [31936/60000 (53%)]	Loss: 2.300115
Train Epoch: 131 [38336/60000 (64%)]	Loss: 2.300636
Train Epoch: 131 [44736/60000 (75%)]	Loss: 2.301594
Train Epoch: 131 [51136/60000 (85%)]	Loss: 2.301923
Train Epoch: 131 [57536/60000 (96%)]	Loss: 2.300540

Test set: Average loss: 2.3006, Accuracy: 972/10000 (10%)

Train Epoch: 132 [6336/60000 (11%)]	Loss: 2.301548
Train Epoch: 132 [12736/60000 (21%)]	Loss: 2.300256
Train Epoch: 132 [19136/60000 (32%)]	Loss: 2.298557
Train Epoch: 132 [25536/60000 (43%)]	Loss: 2.301404
Train Epoch: 132 [31936/60000 (53%)]	Loss: 2.300954
Train Epoch: 132 [38336/60000 (64%)]	Loss: 2.301340
Train Epoch: 132 [44736/60000 (75%)]	Loss: 2.299984
Train Epoch: 132 [51136/60000 (85%)]	Loss: 2.302369
Train Epoch: 132 [57536/60000 (96%)]	Loss: 2.301288

Test set: Average loss: 2.3006, Accuracy: 970/10000 (10%)

Train Epoch: 133 [6336/60000 (11%)]	Loss: 2.301419
Train Epoch: 133 [12736/60000 (21%)]	Loss: 2.299523
Train Epoch: 133 [19136/60000 (32%)]	Loss: 2.299696
Train Epoch: 133 [25536/60000 (43%)]	Loss: 2.298807
Train Epoch: 133 [31936/60000 (53%)]	Loss: 2.300059
Train Epoch: 133 [38336/60000 (64%)]	Loss: 2.301038
Train Epoch: 133 [44736/60000 (75%)]	Loss: 2.301142
Train Epoch: 133 [51136/60000 (85%)]	Loss: 2.300153
Train Epoch: 133 [57536/60000 (96%)]	Loss: 2.300270

Test set: Average loss: 2.3006, Accuracy: 969/10000 (10%)

Train Epoch: 134 [6336/60000 (11%)]	Loss: 2.301596
Train Epoch: 134 [12736/60000 (21%)]	Loss: 2.301143
Train Epoch: 134 [19136/60000 (32%)]	Loss: 2.301138
Train Epoch: 134 [25536/60000 (43%)]	Loss: 2.298149
Train Epoch: 134 [31936/60000 (53%)]	Loss: 2.302481
Train Epoch: 134 [38336/60000 (64%)]	Loss: 2.300352
Train Epoch: 134 [44736/60000 (75%)]	Loss: 2.299621
Train Epoch: 134 [51136/60000 (85%)]	Loss: 2.300678
Train Epoch: 134 [57536/60000 (96%)]	Loss: 2.300179

Test set: Average loss: 2.3006, Accuracy: 970/10000 (10%)

Train Epoch: 135 [6336/60000 (11%)]	Loss: 2.300073
Train Epoch: 135 [12736/60000 (21%)]	Loss: 2.300354
Train Epoch: 135 [19136/60000 (32%)]	Loss: 2.299803
Train Epoch: 135 [25536/60000 (43%)]	Loss: 2.300799
Train Epoch: 135 [31936/60000 (53%)]	Loss: 2.300752
Train Epoch: 135 [38336/60000 (64%)]	Loss: 2.300940
Train Epoch: 135 [44736/60000 (75%)]	Loss: 2.301020
Train Epoch: 135 [51136/60000 (85%)]	Loss: 2.301057
Train Epoch: 135 [57536/60000 (96%)]	Loss: 2.300461

Test set: Average loss: 2.3006, Accuracy: 970/10000 (10%)

Train Epoch: 136 [6336/60000 (11%)]	Loss: 2.302003
Train Epoch: 136 [12736/60000 (21%)]	Loss: 2.299756
Train Epoch: 136 [19136/60000 (32%)]	Loss: 2.299798
Train Epoch: 136 [25536/60000 (43%)]	Loss: 2.299645
Train Epoch: 136 [31936/60000 (53%)]	Loss: 2.299520
Train Epoch: 136 [38336/60000 (64%)]	Loss: 2.300846
Train Epoch: 136 [44736/60000 (75%)]	Loss: 2.301822
Train Epoch: 136 [51136/60000 (85%)]	Loss: 2.301441
Train Epoch: 136 [57536/60000 (96%)]	Loss: 2.301740

Test set: Average loss: 2.3007, Accuracy: 972/10000 (10%)

Train Epoch: 137 [6336/60000 (11%)]	Loss: 2.299948
Train Epoch: 137 [12736/60000 (21%)]	Loss: 2.300777
Train Epoch: 137 [19136/60000 (32%)]	Loss: 2.299946
Train Epoch: 137 [25536/60000 (43%)]	Loss: 2.299242
Train Epoch: 137 [31936/60000 (53%)]	Loss: 2.299796
Train Epoch: 137 [38336/60000 (64%)]	Loss: 2.300041
Train Epoch: 137 [44736/60000 (75%)]	Loss: 2.300437
Train Epoch: 137 [51136/60000 (85%)]	Loss: 2.299363
Train Epoch: 137 [57536/60000 (96%)]	Loss: 2.300710

Test set: Average loss: 2.3007, Accuracy: 972/10000 (10%)

Train Epoch: 138 [6336/60000 (11%)]	Loss: 2.301002
Train Epoch: 138 [12736/60000 (21%)]	Loss: 2.302397
Train Epoch: 138 [19136/60000 (32%)]	Loss: 2.302182
Train Epoch: 138 [25536/60000 (43%)]	Loss: 2.301575
Train Epoch: 138 [31936/60000 (53%)]	Loss: 2.301382
Train Epoch: 138 [38336/60000 (64%)]	Loss: 2.300461
Train Epoch: 138 [44736/60000 (75%)]	Loss: 2.300307
Train Epoch: 138 [51136/60000 (85%)]	Loss: 2.300060
Train Epoch: 138 [57536/60000 (96%)]	Loss: 2.300238

Test set: Average loss: 2.3006, Accuracy: 972/10000 (10%)

Train Epoch: 139 [6336/60000 (11%)]	Loss: 2.298717
Train Epoch: 139 [12736/60000 (21%)]	Loss: 2.299642
Train Epoch: 139 [19136/60000 (32%)]	Loss: 2.301155
Train Epoch: 139 [25536/60000 (43%)]	Loss: 2.299455
Train Epoch: 139 [31936/60000 (53%)]	Loss: 2.299487
Train Epoch: 139 [38336/60000 (64%)]	Loss: 2.301021
Train Epoch: 139 [44736/60000 (75%)]	Loss: 2.299447
Train Epoch: 139 [51136/60000 (85%)]	Loss: 2.300256
Train Epoch: 139 [57536/60000 (96%)]	Loss: 2.299546

Test set: Average loss: 2.3007, Accuracy: 970/10000 (10%)

Train Epoch: 140 [6336/60000 (11%)]	Loss: 2.301937
Train Epoch: 140 [12736/60000 (21%)]	Loss: 2.299272
Train Epoch: 140 [19136/60000 (32%)]	Loss: 2.301755
Train Epoch: 140 [25536/60000 (43%)]	Loss: 2.299531
Train Epoch: 140 [31936/60000 (53%)]	Loss: 2.301929
Train Epoch: 140 [38336/60000 (64%)]	Loss: 2.300878
Train Epoch: 140 [44736/60000 (75%)]	Loss: 2.301440
Train Epoch: 140 [51136/60000 (85%)]	Loss: 2.300419
Train Epoch: 140 [57536/60000 (96%)]	Loss: 2.298416

Test set: Average loss: 2.3006, Accuracy: 972/10000 (10%)

Train Epoch: 141 [6336/60000 (11%)]	Loss: 2.301599
Train Epoch: 141 [12736/60000 (21%)]	Loss: 2.300019
Train Epoch: 141 [19136/60000 (32%)]	Loss: 2.299291
Train Epoch: 141 [25536/60000 (43%)]	Loss: 2.298844
Train Epoch: 141 [31936/60000 (53%)]	Loss: 2.300869
Train Epoch: 141 [38336/60000 (64%)]	Loss: 2.301094
Train Epoch: 141 [44736/60000 (75%)]	Loss: 2.300436
Train Epoch: 141 [51136/60000 (85%)]	Loss: 2.300095
Train Epoch: 141 [57536/60000 (96%)]	Loss: 2.301228

Test set: Average loss: 2.3006, Accuracy: 973/10000 (10%)

Train Epoch: 142 [6336/60000 (11%)]	Loss: 2.301743
Train Epoch: 142 [12736/60000 (21%)]	Loss: 2.301984
Train Epoch: 142 [19136/60000 (32%)]	Loss: 2.301666
Train Epoch: 142 [25536/60000 (43%)]	Loss: 2.299954
Train Epoch: 142 [31936/60000 (53%)]	Loss: 2.299128
Train Epoch: 142 [38336/60000 (64%)]	Loss: 2.299753
Train Epoch: 142 [44736/60000 (75%)]	Loss: 2.299699
Train Epoch: 142 [51136/60000 (85%)]	Loss: 2.301552
Train Epoch: 142 [57536/60000 (96%)]	Loss: 2.301690

Test set: Average loss: 2.3007, Accuracy: 971/10000 (10%)

Train Epoch: 143 [6336/60000 (11%)]	Loss: 2.300743
Train Epoch: 143 [12736/60000 (21%)]	Loss: 2.303118
Train Epoch: 143 [19136/60000 (32%)]	Loss: 2.302154
Train Epoch: 143 [25536/60000 (43%)]	Loss: 2.301599
Train Epoch: 143 [31936/60000 (53%)]	Loss: 2.298814
Train Epoch: 143 [38336/60000 (64%)]	Loss: 2.299870
Train Epoch: 143 [44736/60000 (75%)]	Loss: 2.301443
Train Epoch: 143 [51136/60000 (85%)]	Loss: 2.300539
Train Epoch: 143 [57536/60000 (96%)]	Loss: 2.300498

Test set: Average loss: 2.3006, Accuracy: 972/10000 (10%)

Train Epoch: 144 [6336/60000 (11%)]	Loss: 2.301286
Train Epoch: 144 [12736/60000 (21%)]	Loss: 2.301399
Train Epoch: 144 [19136/60000 (32%)]	Loss: 2.300696
Train Epoch: 144 [25536/60000 (43%)]	Loss: 2.299297
Train Epoch: 144 [31936/60000 (53%)]	Loss: 2.301664
Train Epoch: 144 [38336/60000 (64%)]	Loss: 2.299962
Train Epoch: 144 [44736/60000 (75%)]	Loss: 2.302690
Train Epoch: 144 [51136/60000 (85%)]	Loss: 2.298205
Train Epoch: 144 [57536/60000 (96%)]	Loss: 2.300616

Test set: Average loss: 2.3007, Accuracy: 971/10000 (10%)

Train Epoch: 145 [6336/60000 (11%)]	Loss: 2.300139
Train Epoch: 145 [12736/60000 (21%)]	Loss: 2.302780
Train Epoch: 145 [19136/60000 (32%)]	Loss: 2.300580
Train Epoch: 145 [25536/60000 (43%)]	Loss: 2.300289
Train Epoch: 145 [31936/60000 (53%)]	Loss: 2.301212
Train Epoch: 145 [38336/60000 (64%)]	Loss: 2.301337
Train Epoch: 145 [44736/60000 (75%)]	Loss: 2.300788
Train Epoch: 145 [51136/60000 (85%)]	Loss: 2.299440
Train Epoch: 145 [57536/60000 (96%)]	Loss: 2.300306

Test set: Average loss: 2.3007, Accuracy: 970/10000 (10%)

Train Epoch: 146 [6336/60000 (11%)]	Loss: 2.302135
Train Epoch: 146 [12736/60000 (21%)]	Loss: 2.300871
Train Epoch: 146 [19136/60000 (32%)]	Loss: 2.300216
Train Epoch: 146 [25536/60000 (43%)]	Loss: 2.301220
Train Epoch: 146 [31936/60000 (53%)]	Loss: 2.301776
Train Epoch: 146 [38336/60000 (64%)]	Loss: 2.299951
Train Epoch: 146 [44736/60000 (75%)]	Loss: 2.300564
Train Epoch: 146 [51136/60000 (85%)]	Loss: 2.299377
Train Epoch: 146 [57536/60000 (96%)]	Loss: 2.302341

Test set: Average loss: 2.3007, Accuracy: 971/10000 (10%)

Train Epoch: 147 [6336/60000 (11%)]	Loss: 2.301001
Train Epoch: 147 [12736/60000 (21%)]	Loss: 2.300093
Train Epoch: 147 [19136/60000 (32%)]	Loss: 2.300444
Train Epoch: 147 [25536/60000 (43%)]	Loss: 2.300302
Train Epoch: 147 [31936/60000 (53%)]	Loss: 2.299131
Train Epoch: 147 [38336/60000 (64%)]	Loss: 2.303373
Train Epoch: 147 [44736/60000 (75%)]	Loss: 2.300293
Train Epoch: 147 [51136/60000 (85%)]	Loss: 2.299251
Train Epoch: 147 [57536/60000 (96%)]	Loss: 2.301478

Test set: Average loss: 2.3007, Accuracy: 972/10000 (10%)

Train Epoch: 148 [6336/60000 (11%)]	Loss: 2.301961
Train Epoch: 148 [12736/60000 (21%)]	Loss: 2.300446
Train Epoch: 148 [19136/60000 (32%)]	Loss: 2.299974
Train Epoch: 148 [25536/60000 (43%)]	Loss: 2.300233
Train Epoch: 148 [31936/60000 (53%)]	Loss: 2.300250
Train Epoch: 148 [38336/60000 (64%)]	Loss: 2.301487
Train Epoch: 148 [44736/60000 (75%)]	Loss: 2.300725
Train Epoch: 148 [51136/60000 (85%)]	Loss: 2.299149
Train Epoch: 148 [57536/60000 (96%)]	Loss: 2.300556

Test set: Average loss: 2.3007, Accuracy: 970/10000 (10%)

Train Epoch: 149 [6336/60000 (11%)]	Loss: 2.301678
Train Epoch: 149 [12736/60000 (21%)]	Loss: 2.300324
Train Epoch: 149 [19136/60000 (32%)]	Loss: 2.301472
Train Epoch: 149 [25536/60000 (43%)]	Loss: 2.301159
Train Epoch: 149 [31936/60000 (53%)]	Loss: 2.300156
Train Epoch: 149 [38336/60000 (64%)]	Loss: 2.300120
Train Epoch: 149 [44736/60000 (75%)]	Loss: 2.299823
Train Epoch: 149 [51136/60000 (85%)]	Loss: 2.301042
Train Epoch: 149 [57536/60000 (96%)]	Loss: 2.300909

Test set: Average loss: 2.3006, Accuracy: 971/10000 (10%)

Train Epoch: 150 [6336/60000 (11%)]	Loss: 2.300991
Train Epoch: 150 [12736/60000 (21%)]	Loss: 2.300911
Train Epoch: 150 [19136/60000 (32%)]	Loss: 2.300396
Train Epoch: 150 [25536/60000 (43%)]	Loss: 2.300228
Train Epoch: 150 [31936/60000 (53%)]	Loss: 2.299651
Train Epoch: 150 [38336/60000 (64%)]	Loss: 2.299815
Train Epoch: 150 [44736/60000 (75%)]	Loss: 2.301386
Train Epoch: 150 [51136/60000 (85%)]	Loss: 2.301863
Train Epoch: 150 [57536/60000 (96%)]	Loss: 2.300115

Test set: Average loss: 2.3007, Accuracy: 971/10000 (10%)

Namespace(batch_size=64, bias=None, data='../data', device=0, epochs=150, hidden_size=500, load_weights='./paper/lenet5/lenet5_e50_h500.pt', log_interval=100, lr=0.01, model='redlenet5', momentum=0.9, no_cuda=False, r=5, save_model=None, save_results=True, seed=1, sparsity=0.95, use_relu=True, wd=0.0005)


Total time spent pruning/training: 34.37 minutes
Total number of parameters in model: 300170
Number of parameters in pruned model: 17431
