Namespace(batch_size=64, bias=None, data='../data', device=0, epochs=10, hidden_size=500, load_weights='./paper/lenet5/lenet5_e50_h500.pt', log_interval=100, lr=0.01, model='redlenet5', momentum=0.9, no_cuda=False, r=5, save_model=None, save_results=True, seed=1, sparsity=0.9, use_relu=True, wd=0.0005) 

Training a RedLeNet5 network ...
Train Epoch: 1 [6336/60000 (11%)]	Loss: 2.302731
Train Epoch: 1 [12736/60000 (21%)]	Loss: 2.302595
Train Epoch: 1 [19136/60000 (32%)]	Loss: 2.302692
Train Epoch: 1 [25536/60000 (43%)]	Loss: 2.302631
Train Epoch: 1 [31936/60000 (53%)]	Loss: 2.303065
Train Epoch: 1 [38336/60000 (64%)]	Loss: 2.303061
Train Epoch: 1 [44736/60000 (75%)]	Loss: 2.302755
Train Epoch: 1 [51136/60000 (85%)]	Loss: 2.302637
Train Epoch: 1 [57536/60000 (96%)]	Loss: 2.302173

Test set: Average loss: 2.3024, Accuracy: 1027/10000 (10%)

Train Epoch: 2 [6336/60000 (11%)]	Loss: 2.302538
Train Epoch: 2 [12736/60000 (21%)]	Loss: 2.302485
Train Epoch: 2 [19136/60000 (32%)]	Loss: 2.302259
Train Epoch: 2 [25536/60000 (43%)]	Loss: 2.302102
Train Epoch: 2 [31936/60000 (53%)]	Loss: 2.302543
Train Epoch: 2 [38336/60000 (64%)]	Loss: 2.302426
Train Epoch: 2 [44736/60000 (75%)]	Loss: 2.302331
Train Epoch: 2 [51136/60000 (85%)]	Loss: 2.302364
Train Epoch: 2 [57536/60000 (96%)]	Loss: 2.302217

Test set: Average loss: 2.3021, Accuracy: 1014/10000 (10%)

Train Epoch: 3 [6336/60000 (11%)]	Loss: 2.302206
Train Epoch: 3 [12736/60000 (21%)]	Loss: 2.302048
Train Epoch: 3 [19136/60000 (32%)]	Loss: 2.301385
Train Epoch: 3 [25536/60000 (43%)]	Loss: 2.301597
Train Epoch: 3 [31936/60000 (53%)]	Loss: 2.301667
Train Epoch: 3 [38336/60000 (64%)]	Loss: 2.301568
Train Epoch: 3 [44736/60000 (75%)]	Loss: 2.302244
Train Epoch: 3 [51136/60000 (85%)]	Loss: 2.301574
Train Epoch: 3 [57536/60000 (96%)]	Loss: 2.304213

Test set: Average loss: 2.3016, Accuracy: 1093/10000 (11%)

Train Epoch: 4 [6336/60000 (11%)]	Loss: 2.301922
Train Epoch: 4 [12736/60000 (21%)]	Loss: 2.301634
Train Epoch: 4 [19136/60000 (32%)]	Loss: 2.301182
Train Epoch: 4 [25536/60000 (43%)]	Loss: 2.301133
Train Epoch: 4 [31936/60000 (53%)]	Loss: 2.303143
Train Epoch: 4 [38336/60000 (64%)]	Loss: 2.301660
Train Epoch: 4 [44736/60000 (75%)]	Loss: 2.301487
Train Epoch: 4 [51136/60000 (85%)]	Loss: 2.301070
Train Epoch: 4 [57536/60000 (96%)]	Loss: 2.300665

Test set: Average loss: 2.3010, Accuracy: 999/10000 (10%)

Train Epoch: 5 [6336/60000 (11%)]	Loss: 2.300236
Train Epoch: 5 [12736/60000 (21%)]	Loss: 2.300526
Train Epoch: 5 [19136/60000 (32%)]	Loss: 2.300865
Train Epoch: 5 [25536/60000 (43%)]	Loss: 2.299652
Train Epoch: 5 [31936/60000 (53%)]	Loss: 2.300628
Train Epoch: 5 [38336/60000 (64%)]	Loss: 2.301362
Train Epoch: 5 [44736/60000 (75%)]	Loss: 2.299209
Train Epoch: 5 [51136/60000 (85%)]	Loss: 2.300694
Train Epoch: 5 [57536/60000 (96%)]	Loss: 2.300037

Test set: Average loss: 2.2992, Accuracy: 1202/10000 (12%)

Train Epoch: 6 [6336/60000 (11%)]	Loss: 2.297357
Train Epoch: 6 [12736/60000 (21%)]	Loss: 2.299322
Train Epoch: 6 [19136/60000 (32%)]	Loss: 2.299256
Train Epoch: 6 [25536/60000 (43%)]	Loss: 2.298421
Train Epoch: 6 [31936/60000 (53%)]	Loss: 2.295319
Train Epoch: 6 [38336/60000 (64%)]	Loss: 2.296767
Train Epoch: 6 [44736/60000 (75%)]	Loss: 2.298221
Train Epoch: 6 [51136/60000 (85%)]	Loss: 2.299412
Train Epoch: 6 [57536/60000 (96%)]	Loss: 2.298292

Test set: Average loss: 2.2982, Accuracy: 1193/10000 (12%)

Train Epoch: 7 [6336/60000 (11%)]	Loss: 2.300943
Train Epoch: 7 [12736/60000 (21%)]	Loss: 2.298918
Train Epoch: 7 [19136/60000 (32%)]	Loss: 2.300221
Train Epoch: 7 [25536/60000 (43%)]	Loss: 2.295858
Train Epoch: 7 [31936/60000 (53%)]	Loss: 2.297821
Train Epoch: 7 [38336/60000 (64%)]	Loss: 2.294928
Train Epoch: 7 [44736/60000 (75%)]	Loss: 2.296846
Train Epoch: 7 [51136/60000 (85%)]	Loss: 2.297965
Train Epoch: 7 [57536/60000 (96%)]	Loss: 2.297197

Test set: Average loss: 2.2968, Accuracy: 1262/10000 (13%)

Train Epoch: 8 [6336/60000 (11%)]	Loss: 2.296013
Train Epoch: 8 [12736/60000 (21%)]	Loss: 2.294564
Train Epoch: 8 [19136/60000 (32%)]	Loss: 2.296988
Train Epoch: 8 [25536/60000 (43%)]	Loss: 2.297094
Train Epoch: 8 [31936/60000 (53%)]	Loss: 2.295216
Train Epoch: 8 [38336/60000 (64%)]	Loss: 2.300486
Train Epoch: 8 [44736/60000 (75%)]	Loss: 2.294218
Train Epoch: 8 [51136/60000 (85%)]	Loss: 2.295242
Train Epoch: 8 [57536/60000 (96%)]	Loss: 2.299063

Test set: Average loss: 2.2966, Accuracy: 1264/10000 (13%)

Train Epoch: 9 [6336/60000 (11%)]	Loss: 2.299273
Train Epoch: 9 [12736/60000 (21%)]	Loss: 2.297395
Train Epoch: 9 [19136/60000 (32%)]	Loss: 2.302033
Train Epoch: 9 [25536/60000 (43%)]	Loss: 2.298334
Train Epoch: 9 [31936/60000 (53%)]	Loss: 2.293102
Train Epoch: 9 [38336/60000 (64%)]	Loss: 2.292604
Train Epoch: 9 [44736/60000 (75%)]	Loss: 2.295285
Train Epoch: 9 [51136/60000 (85%)]	Loss: 2.295822
Train Epoch: 9 [57536/60000 (96%)]	Loss: 2.295014

Test set: Average loss: 2.2966, Accuracy: 1230/10000 (12%)

Train Epoch: 10 [6336/60000 (11%)]	Loss: 2.301170
Train Epoch: 10 [12736/60000 (21%)]	Loss: 2.295751
Train Epoch: 10 [19136/60000 (32%)]	Loss: 2.297616
Train Epoch: 10 [25536/60000 (43%)]	Loss: 2.296669
Train Epoch: 10 [31936/60000 (53%)]	Loss: 2.295032
Train Epoch: 10 [38336/60000 (64%)]	Loss: 2.296303
Train Epoch: 10 [44736/60000 (75%)]	Loss: 2.296316
Train Epoch: 10 [51136/60000 (85%)]	Loss: 2.295139
Train Epoch: 10 [57536/60000 (96%)]	Loss: 2.301450

Test set: Average loss: 2.2968, Accuracy: 1238/10000 (12%)

Namespace(batch_size=64, bias=None, data='../data', device=0, epochs=10, hidden_size=500, load_weights='./paper/lenet5/lenet5_e50_h500.pt', log_interval=100, lr=0.01, model='redlenet5', momentum=0.9, no_cuda=False, r=5, save_model=None, save_results=True, seed=1, sparsity=0.9, use_relu=True, wd=0.0005)


Total time spent pruning/training: 1.07 minutes
Total number of parameters in model: 300170
Number of parameters in pruned model: 32312
