Namespace(batch_size=64, bias=None, data='../data', device=0, epochs=7, hidden_size=500, load_weights='./paper/lenet5/lenet5_e50_h500.pt', log_interval=100, lr=0.01, model='redlenet5', momentum=0.9, no_cuda=False, r=5, save_model=None, save_results=True, seed=1, sparsity=0.95, use_relu=False, wd=0.0005) 

Training a RedLeNet5 network ...
Train Epoch: 1 [6336/60000 (11%)]	Loss: 2.302802
Train Epoch: 1 [12736/60000 (21%)]	Loss: 2.302557
Train Epoch: 1 [19136/60000 (32%)]	Loss: 2.302423
Train Epoch: 1 [25536/60000 (43%)]	Loss: 2.302541
Train Epoch: 1 [31936/60000 (53%)]	Loss: 2.302331
Train Epoch: 1 [38336/60000 (64%)]	Loss: 2.302153
Train Epoch: 1 [44736/60000 (75%)]	Loss: 2.302072
Train Epoch: 1 [51136/60000 (85%)]	Loss: 2.301841
Train Epoch: 1 [57536/60000 (96%)]	Loss: 2.302134

Test set: Average loss: 2.3018, Accuracy: 1288/10000 (13%)

Train Epoch: 2 [6336/60000 (11%)]	Loss: 2.301819
Train Epoch: 2 [12736/60000 (21%)]	Loss: 2.302068
Train Epoch: 2 [19136/60000 (32%)]	Loss: 2.301053
Train Epoch: 2 [25536/60000 (43%)]	Loss: 2.299750
Train Epoch: 2 [31936/60000 (53%)]	Loss: 2.299919
Train Epoch: 2 [38336/60000 (64%)]	Loss: 2.299333
Train Epoch: 2 [44736/60000 (75%)]	Loss: 2.298944
Train Epoch: 2 [51136/60000 (85%)]	Loss: 2.298003
Train Epoch: 2 [57536/60000 (96%)]	Loss: 2.299838

Test set: Average loss: 2.2989, Accuracy: 1508/10000 (15%)

Train Epoch: 3 [6336/60000 (11%)]	Loss: 2.299473
Train Epoch: 3 [12736/60000 (21%)]	Loss: 2.298649
Train Epoch: 3 [19136/60000 (32%)]	Loss: 2.298299
Train Epoch: 3 [25536/60000 (43%)]	Loss: 2.296619
Train Epoch: 3 [31936/60000 (53%)]	Loss: 2.297821
Train Epoch: 3 [38336/60000 (64%)]	Loss: 2.296789
Train Epoch: 3 [44736/60000 (75%)]	Loss: 2.296859
Train Epoch: 3 [51136/60000 (85%)]	Loss: 2.292637
Train Epoch: 3 [57536/60000 (96%)]	Loss: 2.295166

Test set: Average loss: 2.2941, Accuracy: 883/10000 (9%)

Train Epoch: 4 [6336/60000 (11%)]	Loss: 2.291322
Train Epoch: 4 [12736/60000 (21%)]	Loss: 2.298652
Train Epoch: 4 [19136/60000 (32%)]	Loss: 2.298260
Train Epoch: 4 [25536/60000 (43%)]	Loss: 2.296576
Train Epoch: 4 [31936/60000 (53%)]	Loss: 2.295904
Train Epoch: 4 [38336/60000 (64%)]	Loss: 2.301075
Train Epoch: 4 [44736/60000 (75%)]	Loss: 2.296970
Train Epoch: 4 [51136/60000 (85%)]	Loss: 2.292390
Train Epoch: 4 [57536/60000 (96%)]	Loss: 2.294947

Test set: Average loss: 2.2924, Accuracy: 883/10000 (9%)

Train Epoch: 5 [6336/60000 (11%)]	Loss: 2.286431
Train Epoch: 5 [12736/60000 (21%)]	Loss: 2.296287
Train Epoch: 5 [19136/60000 (32%)]	Loss: 2.289104
Train Epoch: 5 [25536/60000 (43%)]	Loss: 2.296032
Train Epoch: 5 [31936/60000 (53%)]	Loss: 2.292606
Train Epoch: 5 [38336/60000 (64%)]	Loss: 2.294492
Train Epoch: 5 [44736/60000 (75%)]	Loss: 2.291626
Train Epoch: 5 [51136/60000 (85%)]	Loss: 2.296049
Train Epoch: 5 [57536/60000 (96%)]	Loss: 2.294956

Test set: Average loss: 2.2917, Accuracy: 889/10000 (9%)

Train Epoch: 6 [6336/60000 (11%)]	Loss: 2.294069
Train Epoch: 6 [12736/60000 (21%)]	Loss: 2.292387
Train Epoch: 6 [19136/60000 (32%)]	Loss: 2.287179
Train Epoch: 6 [25536/60000 (43%)]	Loss: 2.295152
Train Epoch: 6 [31936/60000 (53%)]	Loss: 2.291826
Train Epoch: 6 [38336/60000 (64%)]	Loss: 2.291995
Train Epoch: 6 [44736/60000 (75%)]	Loss: 2.292324
Train Epoch: 6 [51136/60000 (85%)]	Loss: 2.296867
Train Epoch: 6 [57536/60000 (96%)]	Loss: 2.287215

Test set: Average loss: 2.2917, Accuracy: 889/10000 (9%)

Train Epoch: 7 [6336/60000 (11%)]	Loss: 2.293859
Train Epoch: 7 [12736/60000 (21%)]	Loss: 2.291700
Train Epoch: 7 [19136/60000 (32%)]	Loss: 2.286365
Train Epoch: 7 [25536/60000 (43%)]	Loss: 2.284543
Train Epoch: 7 [31936/60000 (53%)]	Loss: 2.293870
Train Epoch: 7 [38336/60000 (64%)]	Loss: 2.291442
Train Epoch: 7 [44736/60000 (75%)]	Loss: 2.300750
Train Epoch: 7 [51136/60000 (85%)]	Loss: 2.284287
Train Epoch: 7 [57536/60000 (96%)]	Loss: 2.288347

Test set: Average loss: 2.2915, Accuracy: 888/10000 (9%)

Namespace(batch_size=64, bias=None, data='../data', device=0, epochs=7, hidden_size=500, load_weights='./paper/lenet5/lenet5_e50_h500.pt', log_interval=100, lr=0.01, model='redlenet5', momentum=0.9, no_cuda=False, r=5, save_model=None, save_results=True, seed=1, sparsity=0.95, use_relu=False, wd=0.0005)


Total time spent pruning/training: 0.76 minutes
Total number of parameters in model: 300170
Number of parameters in pruned model: 17431
