Namespace(batch_size=64, bias=None, data='../data', device=0, epochs=150, hidden_size=500, load_weights='./paper/lenet5/lenet5_e50_h500.pt', log_interval=100, lr=0.01, model='redlenet5', momentum=0.9, no_cuda=False, r=5, save_model=None, save_results=True, seed=1, sparsity=0.02, use_relu=False, wd=0.0005) 

Training a RedLeNet5 network ...
Train Epoch: 1 [6336/60000 (11%)]	Loss: 1.589047
Train Epoch: 1 [12736/60000 (21%)]	Loss: 1.203286
Train Epoch: 1 [19136/60000 (32%)]	Loss: 0.767450
Train Epoch: 1 [25536/60000 (43%)]	Loss: 0.981925
Train Epoch: 1 [31936/60000 (53%)]	Loss: 1.849517
Train Epoch: 1 [38336/60000 (64%)]	Loss: 1.697098
Train Epoch: 1 [44736/60000 (75%)]	Loss: 1.336214
Train Epoch: 1 [51136/60000 (85%)]	Loss: 1.568365
Train Epoch: 1 [57536/60000 (96%)]	Loss: 1.212293

Test set: Average loss: 1.8664, Accuracy: 5650/10000 (56%)

Train Epoch: 2 [6336/60000 (11%)]	Loss: 1.875541
Train Epoch: 2 [12736/60000 (21%)]	Loss: 2.914555
Train Epoch: 2 [19136/60000 (32%)]	Loss: 2.051211
Train Epoch: 2 [25536/60000 (43%)]	Loss: 4.635237
Train Epoch: 2 [31936/60000 (53%)]	Loss: 3.173002
Train Epoch: 2 [38336/60000 (64%)]	Loss: 3.438448
Train Epoch: 2 [44736/60000 (75%)]	Loss: 2.381601
Train Epoch: 2 [51136/60000 (85%)]	Loss: 3.586697
Train Epoch: 2 [57536/60000 (96%)]	Loss: 3.088940

Test set: Average loss: 4.3445, Accuracy: 3856/10000 (39%)

Train Epoch: 3 [6336/60000 (11%)]	Loss: 4.322931
Train Epoch: 3 [12736/60000 (21%)]	Loss: 4.420788
Train Epoch: 3 [19136/60000 (32%)]	Loss: 4.003420
Train Epoch: 3 [25536/60000 (43%)]	Loss: 5.313515
Train Epoch: 3 [31936/60000 (53%)]	Loss: 4.792927
Train Epoch: 3 [38336/60000 (64%)]	Loss: 4.670281
Train Epoch: 3 [44736/60000 (75%)]	Loss: 4.578157
Train Epoch: 3 [51136/60000 (85%)]	Loss: 4.244148
Train Epoch: 3 [57536/60000 (96%)]	Loss: 4.202345

Test set: Average loss: 5.2473, Accuracy: 3117/10000 (31%)

Train Epoch: 4 [6336/60000 (11%)]	Loss: 5.421183
Train Epoch: 4 [12736/60000 (21%)]	Loss: 8.163911
Train Epoch: 4 [19136/60000 (32%)]	Loss: 5.206295
Train Epoch: 4 [25536/60000 (43%)]	Loss: 4.061675
Train Epoch: 4 [31936/60000 (53%)]	Loss: 6.026873
Train Epoch: 4 [38336/60000 (64%)]	Loss: 6.836696
Train Epoch: 4 [44736/60000 (75%)]	Loss: 6.114338
Train Epoch: 4 [51136/60000 (85%)]	Loss: 5.700149
Train Epoch: 4 [57536/60000 (96%)]	Loss: 6.384943

Test set: Average loss: 6.6720, Accuracy: 2168/10000 (22%)

Train Epoch: 5 [6336/60000 (11%)]	Loss: 6.539276
Train Epoch: 5 [12736/60000 (21%)]	Loss: 5.960830
Train Epoch: 5 [19136/60000 (32%)]	Loss: 6.373580
Train Epoch: 5 [25536/60000 (43%)]	Loss: 7.741891
Train Epoch: 5 [31936/60000 (53%)]	Loss: 7.302789
Train Epoch: 5 [38336/60000 (64%)]	Loss: 9.038958
Train Epoch: 5 [44736/60000 (75%)]	Loss: 7.532635
Train Epoch: 5 [51136/60000 (85%)]	Loss: 8.190067
Train Epoch: 5 [57536/60000 (96%)]	Loss: 8.271044

Test set: Average loss: 8.4037, Accuracy: 1997/10000 (20%)

Train Epoch: 6 [6336/60000 (11%)]	Loss: 7.805030
Train Epoch: 6 [12736/60000 (21%)]	Loss: 6.981616
Train Epoch: 6 [19136/60000 (32%)]	Loss: 9.052721
Train Epoch: 6 [25536/60000 (43%)]	Loss: 9.499721
Train Epoch: 6 [31936/60000 (53%)]	Loss: 7.257926
Train Epoch: 6 [38336/60000 (64%)]	Loss: 9.297584
Train Epoch: 6 [44736/60000 (75%)]	Loss: 8.896224
Train Epoch: 6 [51136/60000 (85%)]	Loss: 9.138252
Train Epoch: 6 [57536/60000 (96%)]	Loss: 8.185272

Test set: Average loss: 9.0620, Accuracy: 1643/10000 (16%)

Train Epoch: 7 [6336/60000 (11%)]	Loss: 8.280000
Train Epoch: 7 [12736/60000 (21%)]	Loss: 9.779020
Train Epoch: 7 [19136/60000 (32%)]	Loss: 9.523044
Train Epoch: 7 [25536/60000 (43%)]	Loss: 7.946252
Train Epoch: 7 [31936/60000 (53%)]	Loss: 8.895068
Train Epoch: 7 [38336/60000 (64%)]	Loss: 9.595322
Train Epoch: 7 [44736/60000 (75%)]	Loss: 10.061021
Train Epoch: 7 [51136/60000 (85%)]	Loss: 9.788214
Train Epoch: 7 [57536/60000 (96%)]	Loss: 9.273623

Test set: Average loss: 9.4828, Accuracy: 1572/10000 (16%)

Train Epoch: 8 [6336/60000 (11%)]	Loss: 8.050669
Train Epoch: 8 [12736/60000 (21%)]	Loss: 7.920958
Train Epoch: 8 [19136/60000 (32%)]	Loss: 8.082822
Train Epoch: 8 [25536/60000 (43%)]	Loss: 8.701618
Train Epoch: 8 [31936/60000 (53%)]	Loss: 7.376447
Train Epoch: 8 [38336/60000 (64%)]	Loss: 9.840596
Train Epoch: 8 [44736/60000 (75%)]	Loss: 9.642567
Train Epoch: 8 [51136/60000 (85%)]	Loss: 8.494990
Train Epoch: 8 [57536/60000 (96%)]	Loss: 9.353656

Test set: Average loss: 9.3367, Accuracy: 1487/10000 (15%)

Train Epoch: 9 [6336/60000 (11%)]	Loss: 10.417785
Train Epoch: 9 [12736/60000 (21%)]	Loss: 10.073313
Train Epoch: 9 [19136/60000 (32%)]	Loss: 9.259014
Train Epoch: 9 [25536/60000 (43%)]	Loss: 12.364132
Train Epoch: 9 [31936/60000 (53%)]	Loss: 9.602641
Train Epoch: 9 [38336/60000 (64%)]	Loss: 10.714766
Train Epoch: 9 [44736/60000 (75%)]	Loss: 10.751155
Train Epoch: 9 [51136/60000 (85%)]	Loss: 9.441255
Train Epoch: 9 [57536/60000 (96%)]	Loss: 9.273180

Test set: Average loss: 9.8260, Accuracy: 1457/10000 (15%)

Train Epoch: 10 [6336/60000 (11%)]	Loss: 10.249665
Train Epoch: 10 [12736/60000 (21%)]	Loss: 10.137737
Train Epoch: 10 [19136/60000 (32%)]	Loss: 8.525279
Train Epoch: 10 [25536/60000 (43%)]	Loss: 11.097597
Train Epoch: 10 [31936/60000 (53%)]	Loss: 11.507967
Train Epoch: 10 [38336/60000 (64%)]	Loss: 11.732693
Train Epoch: 10 [44736/60000 (75%)]	Loss: 8.749422
Train Epoch: 10 [51136/60000 (85%)]	Loss: 9.554544
Train Epoch: 10 [57536/60000 (96%)]	Loss: 8.731446

Test set: Average loss: 10.2142, Accuracy: 1542/10000 (15%)

Train Epoch: 11 [6336/60000 (11%)]	Loss: 12.728869
Train Epoch: 11 [12736/60000 (21%)]	Loss: 10.373817
Train Epoch: 11 [19136/60000 (32%)]	Loss: 8.956776
Train Epoch: 11 [25536/60000 (43%)]	Loss: 8.013641
Train Epoch: 11 [31936/60000 (53%)]	Loss: 11.067651
Train Epoch: 11 [38336/60000 (64%)]	Loss: 10.264849
Train Epoch: 11 [44736/60000 (75%)]	Loss: 10.466489
Train Epoch: 11 [51136/60000 (85%)]	Loss: 10.930021
Train Epoch: 11 [57536/60000 (96%)]	Loss: 10.972378

Test set: Average loss: 10.4799, Accuracy: 1396/10000 (14%)

Train Epoch: 12 [6336/60000 (11%)]	Loss: 11.110705
Train Epoch: 12 [12736/60000 (21%)]	Loss: 9.580699
Train Epoch: 12 [19136/60000 (32%)]	Loss: 10.317454
Train Epoch: 12 [25536/60000 (43%)]	Loss: 9.423277
Train Epoch: 12 [31936/60000 (53%)]	Loss: 8.783549
Train Epoch: 12 [38336/60000 (64%)]	Loss: 9.849614
Train Epoch: 12 [44736/60000 (75%)]	Loss: 8.716158
Train Epoch: 12 [51136/60000 (85%)]	Loss: 10.069094
Train Epoch: 12 [57536/60000 (96%)]	Loss: 12.487622

Test set: Average loss: 11.3407, Accuracy: 1246/10000 (12%)

Train Epoch: 13 [6336/60000 (11%)]	Loss: 11.798132
Train Epoch: 13 [12736/60000 (21%)]	Loss: 12.048545
Train Epoch: 13 [19136/60000 (32%)]	Loss: 8.979257
Train Epoch: 13 [25536/60000 (43%)]	Loss: 12.716593
Train Epoch: 13 [31936/60000 (53%)]	Loss: 9.934746
Train Epoch: 13 [38336/60000 (64%)]	Loss: 9.118006
Train Epoch: 13 [44736/60000 (75%)]	Loss: 10.642220
Train Epoch: 13 [51136/60000 (85%)]	Loss: 9.706452
Train Epoch: 13 [57536/60000 (96%)]	Loss: 10.163378

Test set: Average loss: 11.2303, Accuracy: 1324/10000 (13%)

Train Epoch: 14 [6336/60000 (11%)]	Loss: 11.086848
Train Epoch: 14 [12736/60000 (21%)]	Loss: 10.263510
Train Epoch: 14 [19136/60000 (32%)]	Loss: 12.214088
Train Epoch: 14 [25536/60000 (43%)]	Loss: 12.224703
Train Epoch: 14 [31936/60000 (53%)]	Loss: 11.300159
Train Epoch: 14 [38336/60000 (64%)]	Loss: 11.106427
Train Epoch: 14 [44736/60000 (75%)]	Loss: 11.164826
Train Epoch: 14 [51136/60000 (85%)]	Loss: 10.402189
Train Epoch: 14 [57536/60000 (96%)]	Loss: 12.163374

Test set: Average loss: 11.5467, Accuracy: 1129/10000 (11%)

Train Epoch: 15 [6336/60000 (11%)]	Loss: 11.496236
Train Epoch: 15 [12736/60000 (21%)]	Loss: 12.266913
Train Epoch: 15 [19136/60000 (32%)]	Loss: 11.531701
Train Epoch: 15 [25536/60000 (43%)]	Loss: 14.344667
Train Epoch: 15 [31936/60000 (53%)]	Loss: 11.434718
Train Epoch: 15 [38336/60000 (64%)]	Loss: 10.798199
Train Epoch: 15 [44736/60000 (75%)]	Loss: 12.761279
Train Epoch: 15 [51136/60000 (85%)]	Loss: 10.156426
Train Epoch: 15 [57536/60000 (96%)]	Loss: 10.974470

Test set: Average loss: 11.4218, Accuracy: 1189/10000 (12%)

Train Epoch: 16 [6336/60000 (11%)]	Loss: 12.700580
Train Epoch: 16 [12736/60000 (21%)]	Loss: 11.925660
Train Epoch: 16 [19136/60000 (32%)]	Loss: 13.008000
Train Epoch: 16 [25536/60000 (43%)]	Loss: 10.361678
Train Epoch: 16 [31936/60000 (53%)]	Loss: 12.988349
Train Epoch: 16 [38336/60000 (64%)]	Loss: 11.809025
Train Epoch: 16 [44736/60000 (75%)]	Loss: 9.504503
Train Epoch: 16 [51136/60000 (85%)]	Loss: 12.204576
Train Epoch: 16 [57536/60000 (96%)]	Loss: 11.461100

Test set: Average loss: 10.8801, Accuracy: 1225/10000 (12%)

Train Epoch: 17 [6336/60000 (11%)]	Loss: 10.347113
Train Epoch: 17 [12736/60000 (21%)]	Loss: 12.785628
Train Epoch: 17 [19136/60000 (32%)]	Loss: 10.463689
Train Epoch: 17 [25536/60000 (43%)]	Loss: 9.555173
Train Epoch: 17 [31936/60000 (53%)]	Loss: 9.605200
Train Epoch: 17 [38336/60000 (64%)]	Loss: 12.305344
Train Epoch: 17 [44736/60000 (75%)]	Loss: 12.318088
Train Epoch: 17 [51136/60000 (85%)]	Loss: 10.830551
Train Epoch: 17 [57536/60000 (96%)]	Loss: 10.540651

Test set: Average loss: 11.5170, Accuracy: 1249/10000 (12%)

Train Epoch: 18 [6336/60000 (11%)]	Loss: 12.137951
Train Epoch: 18 [12736/60000 (21%)]	Loss: 12.384128
Train Epoch: 18 [19136/60000 (32%)]	Loss: 11.096625
Train Epoch: 18 [25536/60000 (43%)]	Loss: 11.750513
Train Epoch: 18 [31936/60000 (53%)]	Loss: 10.719763
Train Epoch: 18 [38336/60000 (64%)]	Loss: 8.762836
Train Epoch: 18 [44736/60000 (75%)]	Loss: 11.697551
Train Epoch: 18 [51136/60000 (85%)]	Loss: 11.206965
Train Epoch: 18 [57536/60000 (96%)]	Loss: 10.497423

Test set: Average loss: 11.3114, Accuracy: 1044/10000 (10%)

Train Epoch: 19 [6336/60000 (11%)]	Loss: 12.443107
Train Epoch: 19 [12736/60000 (21%)]	Loss: 9.843079
Train Epoch: 19 [19136/60000 (32%)]	Loss: 12.085948
Train Epoch: 19 [25536/60000 (43%)]	Loss: 10.952361
Train Epoch: 19 [31936/60000 (53%)]	Loss: 11.083895
Train Epoch: 19 [38336/60000 (64%)]	Loss: 11.735936
Train Epoch: 19 [44736/60000 (75%)]	Loss: 12.692896
Train Epoch: 19 [51136/60000 (85%)]	Loss: 10.793210
Train Epoch: 19 [57536/60000 (96%)]	Loss: 10.762812

Test set: Average loss: 11.7288, Accuracy: 1231/10000 (12%)

Train Epoch: 20 [6336/60000 (11%)]	Loss: 11.467583
Train Epoch: 20 [12736/60000 (21%)]	Loss: 11.503092
Train Epoch: 20 [19136/60000 (32%)]	Loss: 11.884603
Train Epoch: 20 [25536/60000 (43%)]	Loss: 9.822588
Train Epoch: 20 [31936/60000 (53%)]	Loss: 11.958491
Train Epoch: 20 [38336/60000 (64%)]	Loss: 12.096787
Train Epoch: 20 [44736/60000 (75%)]	Loss: 12.282860
Train Epoch: 20 [51136/60000 (85%)]	Loss: 11.965801
Train Epoch: 20 [57536/60000 (96%)]	Loss: 12.504658

Test set: Average loss: 11.5958, Accuracy: 1212/10000 (12%)

Train Epoch: 21 [6336/60000 (11%)]	Loss: 11.232930
Train Epoch: 21 [12736/60000 (21%)]	Loss: 14.146420
Train Epoch: 21 [19136/60000 (32%)]	Loss: 13.288096
Train Epoch: 21 [25536/60000 (43%)]	Loss: 11.835487
Train Epoch: 21 [31936/60000 (53%)]	Loss: 11.519862
Train Epoch: 21 [38336/60000 (64%)]	Loss: 10.591695
Train Epoch: 21 [44736/60000 (75%)]	Loss: 10.768968
Train Epoch: 21 [51136/60000 (85%)]	Loss: 10.590644
Train Epoch: 21 [57536/60000 (96%)]	Loss: 12.074036

Test set: Average loss: 11.7639, Accuracy: 1243/10000 (12%)

Train Epoch: 22 [6336/60000 (11%)]	Loss: 12.680757
Train Epoch: 22 [12736/60000 (21%)]	Loss: 13.126802
Train Epoch: 22 [19136/60000 (32%)]	Loss: 13.066926
Train Epoch: 22 [25536/60000 (43%)]	Loss: 11.655994
Train Epoch: 22 [31936/60000 (53%)]	Loss: 12.878152
Train Epoch: 22 [38336/60000 (64%)]	Loss: 13.469820
Train Epoch: 22 [44736/60000 (75%)]	Loss: 12.309992
Train Epoch: 22 [51136/60000 (85%)]	Loss: 11.945329
Train Epoch: 22 [57536/60000 (96%)]	Loss: 11.679376

Test set: Average loss: 11.5583, Accuracy: 1177/10000 (12%)

Train Epoch: 23 [6336/60000 (11%)]	Loss: 11.369595
Train Epoch: 23 [12736/60000 (21%)]	Loss: 11.924133
Train Epoch: 23 [19136/60000 (32%)]	Loss: 12.114149
Train Epoch: 23 [25536/60000 (43%)]	Loss: 11.027209
Train Epoch: 23 [31936/60000 (53%)]	Loss: 12.815773
Train Epoch: 23 [38336/60000 (64%)]	Loss: 12.241354
Train Epoch: 23 [44736/60000 (75%)]	Loss: 12.683266
Train Epoch: 23 [51136/60000 (85%)]	Loss: 13.057552
Train Epoch: 23 [57536/60000 (96%)]	Loss: 10.518986

Test set: Average loss: 12.3170, Accuracy: 1102/10000 (11%)

Train Epoch: 24 [6336/60000 (11%)]	Loss: 13.001533
Train Epoch: 24 [12736/60000 (21%)]	Loss: 11.998122
Train Epoch: 24 [19136/60000 (32%)]	Loss: 11.493255
Train Epoch: 24 [25536/60000 (43%)]	Loss: 12.123539
Train Epoch: 24 [31936/60000 (53%)]	Loss: 10.322971
Train Epoch: 24 [38336/60000 (64%)]	Loss: 13.007062
Train Epoch: 24 [44736/60000 (75%)]	Loss: 10.301614
Train Epoch: 24 [51136/60000 (85%)]	Loss: 11.123633
Train Epoch: 24 [57536/60000 (96%)]	Loss: 9.365016

Test set: Average loss: 12.5451, Accuracy: 1165/10000 (12%)

Train Epoch: 25 [6336/60000 (11%)]	Loss: 11.468273
Train Epoch: 25 [12736/60000 (21%)]	Loss: 13.805394
Train Epoch: 25 [19136/60000 (32%)]	Loss: 11.093512
Train Epoch: 25 [25536/60000 (43%)]	Loss: 12.416064
Train Epoch: 25 [31936/60000 (53%)]	Loss: 11.293022
Train Epoch: 25 [38336/60000 (64%)]	Loss: 8.306403
Train Epoch: 25 [44736/60000 (75%)]	Loss: 11.397277
Train Epoch: 25 [51136/60000 (85%)]	Loss: 11.941887
Train Epoch: 25 [57536/60000 (96%)]	Loss: 11.213626

Test set: Average loss: 12.4150, Accuracy: 1157/10000 (12%)

Train Epoch: 26 [6336/60000 (11%)]	Loss: 13.984876
Train Epoch: 26 [12736/60000 (21%)]	Loss: 9.957427
Train Epoch: 26 [19136/60000 (32%)]	Loss: 12.165583
Train Epoch: 26 [25536/60000 (43%)]	Loss: 11.582016
Train Epoch: 26 [31936/60000 (53%)]	Loss: 10.787215
Train Epoch: 26 [38336/60000 (64%)]	Loss: 11.798425
Train Epoch: 26 [44736/60000 (75%)]	Loss: 12.937289
Train Epoch: 26 [51136/60000 (85%)]	Loss: 12.764683
Train Epoch: 26 [57536/60000 (96%)]	Loss: 10.426725

Test set: Average loss: 12.5695, Accuracy: 1002/10000 (10%)

Train Epoch: 27 [6336/60000 (11%)]	Loss: 13.125887
Train Epoch: 27 [12736/60000 (21%)]	Loss: 12.348216
Train Epoch: 27 [19136/60000 (32%)]	Loss: 14.854808
Train Epoch: 27 [25536/60000 (43%)]	Loss: 13.115486
Train Epoch: 27 [31936/60000 (53%)]	Loss: 11.120034
Train Epoch: 27 [38336/60000 (64%)]	Loss: 10.778722
Train Epoch: 27 [44736/60000 (75%)]	Loss: 10.663980
Train Epoch: 27 [51136/60000 (85%)]	Loss: 11.888890
Train Epoch: 27 [57536/60000 (96%)]	Loss: 12.441765

Test set: Average loss: 12.5059, Accuracy: 1034/10000 (10%)

Train Epoch: 28 [6336/60000 (11%)]	Loss: 13.900662
Train Epoch: 28 [12736/60000 (21%)]	Loss: 12.448828
Train Epoch: 28 [19136/60000 (32%)]	Loss: 11.750435
Train Epoch: 28 [25536/60000 (43%)]	Loss: 10.190225
Train Epoch: 28 [31936/60000 (53%)]	Loss: 12.576880
Train Epoch: 28 [38336/60000 (64%)]	Loss: 10.338576
Train Epoch: 28 [44736/60000 (75%)]	Loss: 13.478758
Train Epoch: 28 [51136/60000 (85%)]	Loss: 13.581416
Train Epoch: 28 [57536/60000 (96%)]	Loss: 11.033103

Test set: Average loss: 12.9644, Accuracy: 1257/10000 (13%)

Train Epoch: 29 [6336/60000 (11%)]	Loss: 12.691119
Train Epoch: 29 [12736/60000 (21%)]	Loss: 12.502962
Train Epoch: 29 [19136/60000 (32%)]	Loss: 14.166570
Train Epoch: 29 [25536/60000 (43%)]	Loss: 11.952665
Train Epoch: 29 [31936/60000 (53%)]	Loss: 12.901134
Train Epoch: 29 [38336/60000 (64%)]	Loss: 14.075143
Train Epoch: 29 [44736/60000 (75%)]	Loss: 11.855191
Train Epoch: 29 [51136/60000 (85%)]	Loss: 13.650675
Train Epoch: 29 [57536/60000 (96%)]	Loss: 11.852247

Test set: Average loss: 13.0495, Accuracy: 1141/10000 (11%)

Train Epoch: 30 [6336/60000 (11%)]	Loss: 11.831014
Train Epoch: 30 [12736/60000 (21%)]	Loss: 14.551923
Train Epoch: 30 [19136/60000 (32%)]	Loss: 12.350640
Train Epoch: 30 [25536/60000 (43%)]	Loss: 14.742549
Train Epoch: 30 [31936/60000 (53%)]	Loss: 12.320910
Train Epoch: 30 [38336/60000 (64%)]	Loss: 11.835562
Train Epoch: 30 [44736/60000 (75%)]	Loss: 11.830461
Train Epoch: 30 [51136/60000 (85%)]	Loss: 11.852996
Train Epoch: 30 [57536/60000 (96%)]	Loss: 13.114070

Test set: Average loss: 12.6623, Accuracy: 1177/10000 (12%)

Train Epoch: 31 [6336/60000 (11%)]	Loss: 11.700788
Train Epoch: 31 [12736/60000 (21%)]	Loss: 12.513456
Train Epoch: 31 [19136/60000 (32%)]	Loss: 11.137538
Train Epoch: 31 [25536/60000 (43%)]	Loss: 13.520076
Train Epoch: 31 [31936/60000 (53%)]	Loss: 13.576594
Train Epoch: 31 [38336/60000 (64%)]	Loss: 11.959459
Train Epoch: 31 [44736/60000 (75%)]	Loss: 12.596894
Train Epoch: 31 [51136/60000 (85%)]	Loss: 13.423492
Train Epoch: 31 [57536/60000 (96%)]	Loss: 11.883908

Test set: Average loss: 12.6427, Accuracy: 1105/10000 (11%)

Train Epoch: 32 [6336/60000 (11%)]	Loss: 10.428380
Train Epoch: 32 [12736/60000 (21%)]	Loss: 12.206734
Train Epoch: 32 [19136/60000 (32%)]	Loss: 11.063382
Train Epoch: 32 [25536/60000 (43%)]	Loss: 11.516602
Train Epoch: 32 [31936/60000 (53%)]	Loss: 11.817067
Train Epoch: 32 [38336/60000 (64%)]	Loss: 12.705211
Train Epoch: 32 [44736/60000 (75%)]	Loss: 13.245174
Train Epoch: 32 [51136/60000 (85%)]	Loss: 11.331628
Train Epoch: 32 [57536/60000 (96%)]	Loss: 11.142894

Test set: Average loss: 12.2771, Accuracy: 1223/10000 (12%)

Train Epoch: 33 [6336/60000 (11%)]	Loss: 12.756567
Train Epoch: 33 [12736/60000 (21%)]	Loss: 9.888723
Train Epoch: 33 [19136/60000 (32%)]	Loss: 11.742614
Train Epoch: 33 [25536/60000 (43%)]	Loss: 11.537407
Train Epoch: 33 [31936/60000 (53%)]	Loss: 12.250763
Train Epoch: 33 [38336/60000 (64%)]	Loss: 12.048751
Train Epoch: 33 [44736/60000 (75%)]	Loss: 13.147321
Train Epoch: 33 [51136/60000 (85%)]	Loss: 12.273615
Train Epoch: 33 [57536/60000 (96%)]	Loss: 13.513595

Test set: Average loss: 12.7497, Accuracy: 1149/10000 (11%)

Train Epoch: 34 [6336/60000 (11%)]	Loss: 13.184944
Train Epoch: 34 [12736/60000 (21%)]	Loss: 12.427763
Train Epoch: 34 [19136/60000 (32%)]	Loss: 13.185143
Train Epoch: 34 [25536/60000 (43%)]	Loss: 9.906983
Train Epoch: 34 [31936/60000 (53%)]	Loss: 12.291657
Train Epoch: 34 [38336/60000 (64%)]	Loss: 11.027075
Train Epoch: 34 [44736/60000 (75%)]	Loss: 13.689311
Train Epoch: 34 [51136/60000 (85%)]	Loss: 11.083668
Train Epoch: 34 [57536/60000 (96%)]	Loss: 13.800107

Test set: Average loss: 12.8983, Accuracy: 1106/10000 (11%)

Train Epoch: 35 [6336/60000 (11%)]	Loss: 13.249958
Train Epoch: 35 [12736/60000 (21%)]	Loss: 10.640572
Train Epoch: 35 [19136/60000 (32%)]	Loss: 16.131947
Train Epoch: 35 [25536/60000 (43%)]	Loss: 13.357213
Train Epoch: 35 [31936/60000 (53%)]	Loss: 11.659065
Train Epoch: 35 [38336/60000 (64%)]	Loss: 11.189333
Train Epoch: 35 [44736/60000 (75%)]	Loss: 11.817078
Train Epoch: 35 [51136/60000 (85%)]	Loss: 15.293198
Train Epoch: 35 [57536/60000 (96%)]	Loss: 10.722357

Test set: Average loss: 12.6429, Accuracy: 1112/10000 (11%)

Train Epoch: 36 [6336/60000 (11%)]	Loss: 15.010997
Train Epoch: 36 [12736/60000 (21%)]	Loss: 14.821924
Train Epoch: 36 [19136/60000 (32%)]	Loss: 14.382399
Train Epoch: 36 [25536/60000 (43%)]	Loss: 12.702416
Train Epoch: 36 [31936/60000 (53%)]	Loss: 15.746943
Train Epoch: 36 [38336/60000 (64%)]	Loss: 11.790818
Train Epoch: 36 [44736/60000 (75%)]	Loss: 12.292813
Train Epoch: 36 [51136/60000 (85%)]	Loss: 11.288968
Train Epoch: 36 [57536/60000 (96%)]	Loss: 11.557349

Test set: Average loss: 12.7398, Accuracy: 1202/10000 (12%)

Train Epoch: 37 [6336/60000 (11%)]	Loss: 13.937807
Train Epoch: 37 [12736/60000 (21%)]	Loss: 11.025907
Train Epoch: 37 [19136/60000 (32%)]	Loss: 13.595398
Train Epoch: 37 [25536/60000 (43%)]	Loss: 12.244971
Train Epoch: 37 [31936/60000 (53%)]	Loss: 13.583993
Train Epoch: 37 [38336/60000 (64%)]	Loss: 12.889837
Train Epoch: 37 [44736/60000 (75%)]	Loss: 13.237993
Train Epoch: 37 [51136/60000 (85%)]	Loss: 11.315313
Train Epoch: 37 [57536/60000 (96%)]	Loss: 11.610937

Test set: Average loss: 12.4040, Accuracy: 1068/10000 (11%)

Train Epoch: 38 [6336/60000 (11%)]	Loss: 11.944023
Train Epoch: 38 [12736/60000 (21%)]	Loss: 14.160038
Train Epoch: 38 [19136/60000 (32%)]	Loss: 10.963284
Train Epoch: 38 [25536/60000 (43%)]	Loss: 12.909101
Train Epoch: 38 [31936/60000 (53%)]	Loss: 12.752107
Train Epoch: 38 [38336/60000 (64%)]	Loss: 13.952403
Train Epoch: 38 [44736/60000 (75%)]	Loss: 13.337606
Train Epoch: 38 [51136/60000 (85%)]	Loss: 11.182510
Train Epoch: 38 [57536/60000 (96%)]	Loss: 10.987938

Test set: Average loss: 13.0767, Accuracy: 1042/10000 (10%)

Train Epoch: 39 [6336/60000 (11%)]	Loss: 10.381786
Train Epoch: 39 [12736/60000 (21%)]	Loss: 13.040285
Train Epoch: 39 [19136/60000 (32%)]	Loss: 12.342658
Train Epoch: 39 [25536/60000 (43%)]	Loss: 13.275719
Train Epoch: 39 [31936/60000 (53%)]	Loss: 14.845771
Train Epoch: 39 [38336/60000 (64%)]	Loss: 10.760833
Train Epoch: 39 [44736/60000 (75%)]	Loss: 14.319417
Train Epoch: 39 [51136/60000 (85%)]	Loss: 15.543063
Train Epoch: 39 [57536/60000 (96%)]	Loss: 13.153355

Test set: Average loss: 13.2423, Accuracy: 1059/10000 (11%)

Train Epoch: 40 [6336/60000 (11%)]	Loss: 14.594357
Train Epoch: 40 [12736/60000 (21%)]	Loss: 12.348362
Train Epoch: 40 [19136/60000 (32%)]	Loss: 11.514097
Train Epoch: 40 [25536/60000 (43%)]	Loss: 12.958556
Train Epoch: 40 [31936/60000 (53%)]	Loss: 11.320249
Train Epoch: 40 [38336/60000 (64%)]	Loss: 13.687281
Train Epoch: 40 [44736/60000 (75%)]	Loss: 14.317599
Train Epoch: 40 [51136/60000 (85%)]	Loss: 12.017089
Train Epoch: 40 [57536/60000 (96%)]	Loss: 15.318551

Test set: Average loss: 13.0244, Accuracy: 1040/10000 (10%)

Train Epoch: 41 [6336/60000 (11%)]	Loss: 10.872438
Train Epoch: 41 [12736/60000 (21%)]	Loss: 12.981668
Train Epoch: 41 [19136/60000 (32%)]	Loss: 13.189035
Train Epoch: 41 [25536/60000 (43%)]	Loss: 11.614183
Train Epoch: 41 [31936/60000 (53%)]	Loss: 15.282951
Train Epoch: 41 [38336/60000 (64%)]	Loss: 10.929692
Train Epoch: 41 [44736/60000 (75%)]	Loss: 12.743270
Train Epoch: 41 [51136/60000 (85%)]	Loss: 10.643534
Train Epoch: 41 [57536/60000 (96%)]	Loss: 12.560665

Test set: Average loss: 12.8098, Accuracy: 1000/10000 (10%)

Train Epoch: 42 [6336/60000 (11%)]	Loss: 13.509191
Train Epoch: 42 [12736/60000 (21%)]	Loss: 13.406844
Train Epoch: 42 [19136/60000 (32%)]	Loss: 15.356333
Train Epoch: 42 [25536/60000 (43%)]	Loss: 14.866577
Train Epoch: 42 [31936/60000 (53%)]	Loss: 8.884193
Train Epoch: 42 [38336/60000 (64%)]	Loss: 13.932241
Train Epoch: 42 [44736/60000 (75%)]	Loss: 12.655885
Train Epoch: 42 [51136/60000 (85%)]	Loss: 12.790923
Train Epoch: 42 [57536/60000 (96%)]	Loss: 13.631458

Test set: Average loss: 12.8813, Accuracy: 1021/10000 (10%)

Train Epoch: 43 [6336/60000 (11%)]	Loss: 13.676625
Train Epoch: 43 [12736/60000 (21%)]	Loss: 14.279321
Train Epoch: 43 [19136/60000 (32%)]	Loss: 11.227592
Train Epoch: 43 [25536/60000 (43%)]	Loss: 12.359473
Train Epoch: 43 [31936/60000 (53%)]	Loss: 11.492257
Train Epoch: 43 [38336/60000 (64%)]	Loss: 12.947444
Train Epoch: 43 [44736/60000 (75%)]	Loss: 12.283946
Train Epoch: 43 [51136/60000 (85%)]	Loss: 10.676013
Train Epoch: 43 [57536/60000 (96%)]	Loss: 10.411926

Test set: Average loss: 12.7682, Accuracy: 1038/10000 (10%)

Train Epoch: 44 [6336/60000 (11%)]	Loss: 15.484434
Train Epoch: 44 [12736/60000 (21%)]	Loss: 14.160681
Train Epoch: 44 [19136/60000 (32%)]	Loss: 12.791900
Train Epoch: 44 [25536/60000 (43%)]	Loss: 13.829972
Train Epoch: 44 [31936/60000 (53%)]	Loss: 10.666214
Train Epoch: 44 [38336/60000 (64%)]	Loss: 12.450573
Train Epoch: 44 [44736/60000 (75%)]	Loss: 15.595898
Train Epoch: 44 [51136/60000 (85%)]	Loss: 15.522043
Train Epoch: 44 [57536/60000 (96%)]	Loss: 11.254647

Test set: Average loss: 13.1848, Accuracy: 947/10000 (9%)

Train Epoch: 45 [6336/60000 (11%)]	Loss: 13.184007
Train Epoch: 45 [12736/60000 (21%)]	Loss: 11.689555
Train Epoch: 45 [19136/60000 (32%)]	Loss: 12.003400
Train Epoch: 45 [25536/60000 (43%)]	Loss: 15.628298
Train Epoch: 45 [31936/60000 (53%)]	Loss: 11.468395
Train Epoch: 45 [38336/60000 (64%)]	Loss: 11.383627
Train Epoch: 45 [44736/60000 (75%)]	Loss: 14.274010
Train Epoch: 45 [51136/60000 (85%)]	Loss: 14.853939
Train Epoch: 45 [57536/60000 (96%)]	Loss: 10.718314

Test set: Average loss: 13.0668, Accuracy: 945/10000 (9%)

Train Epoch: 46 [6336/60000 (11%)]	Loss: 12.883739
Train Epoch: 46 [12736/60000 (21%)]	Loss: 12.142232
Train Epoch: 46 [19136/60000 (32%)]	Loss: 9.831883
Train Epoch: 46 [25536/60000 (43%)]	Loss: 12.992356
Train Epoch: 46 [31936/60000 (53%)]	Loss: 13.658662
Train Epoch: 46 [38336/60000 (64%)]	Loss: 12.917903
Train Epoch: 46 [44736/60000 (75%)]	Loss: 12.530997
Train Epoch: 46 [51136/60000 (85%)]	Loss: 14.490265
Train Epoch: 46 [57536/60000 (96%)]	Loss: 11.953654

Test set: Average loss: 12.9370, Accuracy: 1106/10000 (11%)

Train Epoch: 47 [6336/60000 (11%)]	Loss: 11.981111
Train Epoch: 47 [12736/60000 (21%)]	Loss: 15.801243
Train Epoch: 47 [19136/60000 (32%)]	Loss: 12.543572
Train Epoch: 47 [25536/60000 (43%)]	Loss: 13.250165
Train Epoch: 47 [31936/60000 (53%)]	Loss: 12.708610
Train Epoch: 47 [38336/60000 (64%)]	Loss: 10.046644
Train Epoch: 47 [44736/60000 (75%)]	Loss: 14.259910
Train Epoch: 47 [51136/60000 (85%)]	Loss: 12.269640
Train Epoch: 47 [57536/60000 (96%)]	Loss: 13.570630

Test set: Average loss: 13.1252, Accuracy: 984/10000 (10%)

Train Epoch: 48 [6336/60000 (11%)]	Loss: 13.398798
Train Epoch: 48 [12736/60000 (21%)]	Loss: 12.694855
Train Epoch: 48 [19136/60000 (32%)]	Loss: 11.396165
Train Epoch: 48 [25536/60000 (43%)]	Loss: 13.833648
Train Epoch: 48 [31936/60000 (53%)]	Loss: 14.183098
Train Epoch: 48 [38336/60000 (64%)]	Loss: 11.729440
Train Epoch: 48 [44736/60000 (75%)]	Loss: 14.014819
Train Epoch: 48 [51136/60000 (85%)]	Loss: 12.044800
Train Epoch: 48 [57536/60000 (96%)]	Loss: 13.453232

Test set: Average loss: 13.3709, Accuracy: 998/10000 (10%)

Train Epoch: 49 [6336/60000 (11%)]	Loss: 11.820255
Train Epoch: 49 [12736/60000 (21%)]	Loss: 12.769010
Train Epoch: 49 [19136/60000 (32%)]	Loss: 13.163401
Train Epoch: 49 [25536/60000 (43%)]	Loss: 13.015133
Train Epoch: 49 [31936/60000 (53%)]	Loss: 13.724339
Train Epoch: 49 [38336/60000 (64%)]	Loss: 11.833735
Train Epoch: 49 [44736/60000 (75%)]	Loss: 13.251812
Train Epoch: 49 [51136/60000 (85%)]	Loss: 12.786650
Train Epoch: 49 [57536/60000 (96%)]	Loss: 13.697464

Test set: Average loss: 12.5580, Accuracy: 1076/10000 (11%)

Train Epoch: 50 [6336/60000 (11%)]	Loss: 8.328636
Train Epoch: 50 [12736/60000 (21%)]	Loss: 11.758515
Train Epoch: 50 [19136/60000 (32%)]	Loss: 13.860080
Train Epoch: 50 [25536/60000 (43%)]	Loss: 15.594782
Train Epoch: 50 [31936/60000 (53%)]	Loss: 12.409577
Train Epoch: 50 [38336/60000 (64%)]	Loss: 12.895817
Train Epoch: 50 [44736/60000 (75%)]	Loss: 11.642942
Train Epoch: 50 [51136/60000 (85%)]	Loss: 13.510350
Train Epoch: 50 [57536/60000 (96%)]	Loss: 11.484902

Test set: Average loss: 13.4529, Accuracy: 1006/10000 (10%)

Train Epoch: 51 [6336/60000 (11%)]	Loss: 13.223410
Train Epoch: 51 [12736/60000 (21%)]	Loss: 13.599497
Train Epoch: 51 [19136/60000 (32%)]	Loss: 14.382210
Train Epoch: 51 [25536/60000 (43%)]	Loss: 10.827716
Train Epoch: 51 [31936/60000 (53%)]	Loss: 12.635359
Train Epoch: 51 [38336/60000 (64%)]	Loss: 13.560892
Train Epoch: 51 [44736/60000 (75%)]	Loss: 13.181066
Train Epoch: 51 [51136/60000 (85%)]	Loss: 14.193872
Train Epoch: 51 [57536/60000 (96%)]	Loss: 11.971431

Test set: Average loss: 13.3624, Accuracy: 1018/10000 (10%)

Train Epoch: 52 [6336/60000 (11%)]	Loss: 13.472821
Train Epoch: 52 [12736/60000 (21%)]	Loss: 10.962423
Train Epoch: 52 [19136/60000 (32%)]	Loss: 9.400007
Train Epoch: 52 [25536/60000 (43%)]	Loss: 13.427949
Train Epoch: 52 [31936/60000 (53%)]	Loss: 13.138353
Train Epoch: 52 [38336/60000 (64%)]	Loss: 14.160679
Train Epoch: 52 [44736/60000 (75%)]	Loss: 14.147379
Train Epoch: 52 [51136/60000 (85%)]	Loss: 10.783903
Train Epoch: 52 [57536/60000 (96%)]	Loss: 15.663465

Test set: Average loss: 13.6812, Accuracy: 1034/10000 (10%)

Train Epoch: 53 [6336/60000 (11%)]	Loss: 14.552613
Train Epoch: 53 [12736/60000 (21%)]	Loss: 10.705651
Train Epoch: 53 [19136/60000 (32%)]	Loss: 14.466269
Train Epoch: 53 [25536/60000 (43%)]	Loss: 11.873161
Train Epoch: 53 [31936/60000 (53%)]	Loss: 10.927935
Train Epoch: 53 [38336/60000 (64%)]	Loss: 15.343348
Train Epoch: 53 [44736/60000 (75%)]	Loss: 12.257491
Train Epoch: 53 [51136/60000 (85%)]	Loss: 13.624297
Train Epoch: 53 [57536/60000 (96%)]	Loss: 12.038597

Test set: Average loss: 12.5030, Accuracy: 1172/10000 (12%)

Train Epoch: 54 [6336/60000 (11%)]	Loss: 13.537799
Train Epoch: 54 [12736/60000 (21%)]	Loss: 14.434650
Train Epoch: 54 [19136/60000 (32%)]	Loss: 12.262040
Train Epoch: 54 [25536/60000 (43%)]	Loss: 11.278946
Train Epoch: 54 [31936/60000 (53%)]	Loss: 12.662807
Train Epoch: 54 [38336/60000 (64%)]	Loss: 14.889873
Train Epoch: 54 [44736/60000 (75%)]	Loss: 14.022267
Train Epoch: 54 [51136/60000 (85%)]	Loss: 15.323335
Train Epoch: 54 [57536/60000 (96%)]	Loss: 12.755753

Test set: Average loss: 13.3742, Accuracy: 980/10000 (10%)

Train Epoch: 55 [6336/60000 (11%)]	Loss: 13.180737
Train Epoch: 55 [12736/60000 (21%)]	Loss: 12.890125
Train Epoch: 55 [19136/60000 (32%)]	Loss: 13.695930
Train Epoch: 55 [25536/60000 (43%)]	Loss: 13.782830
Train Epoch: 55 [31936/60000 (53%)]	Loss: 12.768672
Train Epoch: 55 [38336/60000 (64%)]	Loss: 14.118196
Train Epoch: 55 [44736/60000 (75%)]	Loss: 11.559841
Train Epoch: 55 [51136/60000 (85%)]	Loss: 13.459673
Train Epoch: 55 [57536/60000 (96%)]	Loss: 12.580885

Test set: Average loss: 13.3206, Accuracy: 1025/10000 (10%)

Train Epoch: 56 [6336/60000 (11%)]	Loss: 14.514856
Train Epoch: 56 [12736/60000 (21%)]	Loss: 14.474045
Train Epoch: 56 [19136/60000 (32%)]	Loss: 15.249376
Train Epoch: 56 [25536/60000 (43%)]	Loss: 12.887200
Train Epoch: 56 [31936/60000 (53%)]	Loss: 11.556272
Train Epoch: 56 [38336/60000 (64%)]	Loss: 13.130912
Train Epoch: 56 [44736/60000 (75%)]	Loss: 13.065931
Train Epoch: 56 [51136/60000 (85%)]	Loss: 9.507721
Train Epoch: 56 [57536/60000 (96%)]	Loss: 11.805584

Test set: Average loss: 13.8353, Accuracy: 975/10000 (10%)

Train Epoch: 57 [6336/60000 (11%)]	Loss: 12.047905
Train Epoch: 57 [12736/60000 (21%)]	Loss: 11.128057
Train Epoch: 57 [19136/60000 (32%)]	Loss: 13.505144
Train Epoch: 57 [25536/60000 (43%)]	Loss: 13.451348
Train Epoch: 57 [31936/60000 (53%)]	Loss: 10.951313
Train Epoch: 57 [38336/60000 (64%)]	Loss: 14.627394
Train Epoch: 57 [44736/60000 (75%)]	Loss: 14.508218
Train Epoch: 57 [51136/60000 (85%)]	Loss: 10.635986
Train Epoch: 57 [57536/60000 (96%)]	Loss: 12.264581

Test set: Average loss: 13.5284, Accuracy: 988/10000 (10%)

Train Epoch: 58 [6336/60000 (11%)]	Loss: 11.828292
Train Epoch: 58 [12736/60000 (21%)]	Loss: 14.578543
Train Epoch: 58 [19136/60000 (32%)]	Loss: 10.859988
Train Epoch: 58 [25536/60000 (43%)]	Loss: 11.413060
Train Epoch: 58 [31936/60000 (53%)]	Loss: 12.867963
Train Epoch: 58 [38336/60000 (64%)]	Loss: 13.158406
Train Epoch: 58 [44736/60000 (75%)]	Loss: 15.981098
Train Epoch: 58 [51136/60000 (85%)]	Loss: 11.746877
Train Epoch: 58 [57536/60000 (96%)]	Loss: 15.340443

Test set: Average loss: 13.0769, Accuracy: 972/10000 (10%)

Train Epoch: 59 [6336/60000 (11%)]	Loss: 12.926136
Train Epoch: 59 [12736/60000 (21%)]	Loss: 14.993499
Train Epoch: 59 [19136/60000 (32%)]	Loss: 13.187708
Train Epoch: 59 [25536/60000 (43%)]	Loss: 11.737881
Train Epoch: 59 [31936/60000 (53%)]	Loss: 13.482583
Train Epoch: 59 [38336/60000 (64%)]	Loss: 13.910915
Train Epoch: 59 [44736/60000 (75%)]	Loss: 12.535880
Train Epoch: 59 [51136/60000 (85%)]	Loss: 10.856940
Train Epoch: 59 [57536/60000 (96%)]	Loss: 13.722208

Test set: Average loss: 13.6092, Accuracy: 1076/10000 (11%)

Train Epoch: 60 [6336/60000 (11%)]	Loss: 12.349046
Train Epoch: 60 [12736/60000 (21%)]	Loss: 12.895285
Train Epoch: 60 [19136/60000 (32%)]	Loss: 10.170704
Train Epoch: 60 [25536/60000 (43%)]	Loss: 12.802685
Train Epoch: 60 [31936/60000 (53%)]	Loss: 14.049898
Train Epoch: 60 [38336/60000 (64%)]	Loss: 15.558926
Train Epoch: 60 [44736/60000 (75%)]	Loss: 12.989964
Train Epoch: 60 [51136/60000 (85%)]	Loss: 10.834134
Train Epoch: 60 [57536/60000 (96%)]	Loss: 12.091296

Test set: Average loss: 13.6335, Accuracy: 941/10000 (9%)

Train Epoch: 61 [6336/60000 (11%)]	Loss: 13.061022
Train Epoch: 61 [12736/60000 (21%)]	Loss: 14.315385
Train Epoch: 61 [19136/60000 (32%)]	Loss: 14.833036
Train Epoch: 61 [25536/60000 (43%)]	Loss: 14.560848
Train Epoch: 61 [31936/60000 (53%)]	Loss: 11.402812
Train Epoch: 61 [38336/60000 (64%)]	Loss: 13.022953
Train Epoch: 61 [44736/60000 (75%)]	Loss: 12.996222
Train Epoch: 61 [51136/60000 (85%)]	Loss: 14.344029
Train Epoch: 61 [57536/60000 (96%)]	Loss: 12.641038

Test set: Average loss: 13.3960, Accuracy: 1076/10000 (11%)

Train Epoch: 62 [6336/60000 (11%)]	Loss: 13.293387
Train Epoch: 62 [12736/60000 (21%)]	Loss: 14.025784
Train Epoch: 62 [19136/60000 (32%)]	Loss: 14.191802
Train Epoch: 62 [25536/60000 (43%)]	Loss: 12.806973
Train Epoch: 62 [31936/60000 (53%)]	Loss: 10.543157
Train Epoch: 62 [38336/60000 (64%)]	Loss: 13.940866
Train Epoch: 62 [44736/60000 (75%)]	Loss: 12.787900
Train Epoch: 62 [51136/60000 (85%)]	Loss: 12.000945
Train Epoch: 62 [57536/60000 (96%)]	Loss: 15.832415

Test set: Average loss: 13.4918, Accuracy: 919/10000 (9%)

Train Epoch: 63 [6336/60000 (11%)]	Loss: 12.960082
Train Epoch: 63 [12736/60000 (21%)]	Loss: 12.685549
Train Epoch: 63 [19136/60000 (32%)]	Loss: 13.114155
Train Epoch: 63 [25536/60000 (43%)]	Loss: 12.130002
Train Epoch: 63 [31936/60000 (53%)]	Loss: 13.807716
Train Epoch: 63 [38336/60000 (64%)]	Loss: 15.768142
Train Epoch: 63 [44736/60000 (75%)]	Loss: 10.359210
Train Epoch: 63 [51136/60000 (85%)]	Loss: 11.410041
Train Epoch: 63 [57536/60000 (96%)]	Loss: 12.007909

Test set: Average loss: 13.6109, Accuracy: 977/10000 (10%)

Train Epoch: 64 [6336/60000 (11%)]	Loss: 13.644655
Train Epoch: 64 [12736/60000 (21%)]	Loss: 15.005415
Train Epoch: 64 [19136/60000 (32%)]	Loss: 13.172607
Train Epoch: 64 [25536/60000 (43%)]	Loss: 12.724452
Train Epoch: 64 [31936/60000 (53%)]	Loss: 12.656743
Train Epoch: 64 [38336/60000 (64%)]	Loss: 12.372716
Train Epoch: 64 [44736/60000 (75%)]	Loss: 15.737923
Train Epoch: 64 [51136/60000 (85%)]	Loss: 11.908694
Train Epoch: 64 [57536/60000 (96%)]	Loss: 13.583366

Test set: Average loss: 13.4928, Accuracy: 1036/10000 (10%)

Train Epoch: 65 [6336/60000 (11%)]	Loss: 14.140274
Train Epoch: 65 [12736/60000 (21%)]	Loss: 15.248378
Train Epoch: 65 [19136/60000 (32%)]	Loss: 14.213477
Train Epoch: 65 [25536/60000 (43%)]	Loss: 13.218207
Train Epoch: 65 [31936/60000 (53%)]	Loss: 14.972174
Train Epoch: 65 [38336/60000 (64%)]	Loss: 12.285383
Train Epoch: 65 [44736/60000 (75%)]	Loss: 11.822686
Train Epoch: 65 [51136/60000 (85%)]	Loss: 13.039365
Train Epoch: 65 [57536/60000 (96%)]	Loss: 14.879043

Test set: Average loss: 13.0742, Accuracy: 1105/10000 (11%)

Train Epoch: 66 [6336/60000 (11%)]	Loss: 13.229396
Train Epoch: 66 [12736/60000 (21%)]	Loss: 14.450691
Train Epoch: 66 [19136/60000 (32%)]	Loss: 13.211703
Train Epoch: 66 [25536/60000 (43%)]	Loss: 14.100221
Train Epoch: 66 [31936/60000 (53%)]	Loss: 13.876064
Train Epoch: 66 [38336/60000 (64%)]	Loss: 11.183283
Train Epoch: 66 [44736/60000 (75%)]	Loss: 13.406161
Train Epoch: 66 [51136/60000 (85%)]	Loss: 12.424127
Train Epoch: 66 [57536/60000 (96%)]	Loss: 13.641743

Test set: Average loss: 13.7480, Accuracy: 981/10000 (10%)

Train Epoch: 67 [6336/60000 (11%)]	Loss: 14.856763
Train Epoch: 67 [12736/60000 (21%)]	Loss: 11.837013
Train Epoch: 67 [19136/60000 (32%)]	Loss: 12.531451
Train Epoch: 67 [25536/60000 (43%)]	Loss: 12.380498
Train Epoch: 67 [31936/60000 (53%)]	Loss: 13.870665
Train Epoch: 67 [38336/60000 (64%)]	Loss: 16.697920
Train Epoch: 67 [44736/60000 (75%)]	Loss: 13.532292
Train Epoch: 67 [51136/60000 (85%)]	Loss: 12.050342
Train Epoch: 67 [57536/60000 (96%)]	Loss: 12.968680

Test set: Average loss: 14.0342, Accuracy: 1038/10000 (10%)

Train Epoch: 68 [6336/60000 (11%)]	Loss: 15.499250
Train Epoch: 68 [12736/60000 (21%)]	Loss: 13.967851
Train Epoch: 68 [19136/60000 (32%)]	Loss: 12.051044
Train Epoch: 68 [25536/60000 (43%)]	Loss: 14.233790
Train Epoch: 68 [31936/60000 (53%)]	Loss: 14.322496
Train Epoch: 68 [38336/60000 (64%)]	Loss: 13.095016
Train Epoch: 68 [44736/60000 (75%)]	Loss: 13.735244
Train Epoch: 68 [51136/60000 (85%)]	Loss: 10.801456
Train Epoch: 68 [57536/60000 (96%)]	Loss: 14.542952

Test set: Average loss: 13.4462, Accuracy: 1008/10000 (10%)

Train Epoch: 69 [6336/60000 (11%)]	Loss: 14.041328
Train Epoch: 69 [12736/60000 (21%)]	Loss: 11.263085
Train Epoch: 69 [19136/60000 (32%)]	Loss: 11.674474
Train Epoch: 69 [25536/60000 (43%)]	Loss: 12.427004
Train Epoch: 69 [31936/60000 (53%)]	Loss: 13.317210
Train Epoch: 69 [38336/60000 (64%)]	Loss: 14.623269
Train Epoch: 69 [44736/60000 (75%)]	Loss: 12.072333
Train Epoch: 69 [51136/60000 (85%)]	Loss: 14.791340
Train Epoch: 69 [57536/60000 (96%)]	Loss: 14.464849

Test set: Average loss: 13.9049, Accuracy: 997/10000 (10%)

Train Epoch: 70 [6336/60000 (11%)]	Loss: 13.939800
Train Epoch: 70 [12736/60000 (21%)]	Loss: 13.559831
Train Epoch: 70 [19136/60000 (32%)]	Loss: 13.721217
Train Epoch: 70 [25536/60000 (43%)]	Loss: 12.932294
Train Epoch: 70 [31936/60000 (53%)]	Loss: 12.359479
Train Epoch: 70 [38336/60000 (64%)]	Loss: 11.533679
Train Epoch: 70 [44736/60000 (75%)]	Loss: 12.859445
Train Epoch: 70 [51136/60000 (85%)]	Loss: 15.646243
Train Epoch: 70 [57536/60000 (96%)]	Loss: 13.102572

Test set: Average loss: 13.8536, Accuracy: 1022/10000 (10%)

Train Epoch: 71 [6336/60000 (11%)]	Loss: 13.692425
Train Epoch: 71 [12736/60000 (21%)]	Loss: 10.688431
Train Epoch: 71 [19136/60000 (32%)]	Loss: 12.591516
Train Epoch: 71 [25536/60000 (43%)]	Loss: 13.016848
Train Epoch: 71 [31936/60000 (53%)]	Loss: 13.111151
Train Epoch: 71 [38336/60000 (64%)]	Loss: 15.636039
Train Epoch: 71 [44736/60000 (75%)]	Loss: 13.123119
Train Epoch: 71 [51136/60000 (85%)]	Loss: 12.918874
Train Epoch: 71 [57536/60000 (96%)]	Loss: 13.092340

Test set: Average loss: 13.4995, Accuracy: 1090/10000 (11%)

Train Epoch: 72 [6336/60000 (11%)]	Loss: 14.096027
Train Epoch: 72 [12736/60000 (21%)]	Loss: 13.032989
Train Epoch: 72 [19136/60000 (32%)]	Loss: 12.639881
Train Epoch: 72 [25536/60000 (43%)]	Loss: 16.208086
Train Epoch: 72 [31936/60000 (53%)]	Loss: 11.941170
Train Epoch: 72 [38336/60000 (64%)]	Loss: 9.571511
Train Epoch: 72 [44736/60000 (75%)]	Loss: 14.096756
Train Epoch: 72 [51136/60000 (85%)]	Loss: 13.625473
Train Epoch: 72 [57536/60000 (96%)]	Loss: 16.195795

Test set: Average loss: 13.2556, Accuracy: 1150/10000 (12%)

Train Epoch: 73 [6336/60000 (11%)]	Loss: 13.926822
Train Epoch: 73 [12736/60000 (21%)]	Loss: 13.618703
Train Epoch: 73 [19136/60000 (32%)]	Loss: 14.215112
Train Epoch: 73 [25536/60000 (43%)]	Loss: 12.541262
Train Epoch: 73 [31936/60000 (53%)]	Loss: 12.252642
Train Epoch: 73 [38336/60000 (64%)]	Loss: 13.936974
Train Epoch: 73 [44736/60000 (75%)]	Loss: 15.975139
Train Epoch: 73 [51136/60000 (85%)]	Loss: 14.589759
Train Epoch: 73 [57536/60000 (96%)]	Loss: 11.677151

Test set: Average loss: 13.1637, Accuracy: 1020/10000 (10%)

Train Epoch: 74 [6336/60000 (11%)]	Loss: 13.047510
Train Epoch: 74 [12736/60000 (21%)]	Loss: 12.976190
Train Epoch: 74 [19136/60000 (32%)]	Loss: 14.600852
Train Epoch: 74 [25536/60000 (43%)]	Loss: 14.036615
Train Epoch: 74 [31936/60000 (53%)]	Loss: 13.677618
Train Epoch: 74 [38336/60000 (64%)]	Loss: 11.374094
Train Epoch: 74 [44736/60000 (75%)]	Loss: 13.887409
Train Epoch: 74 [51136/60000 (85%)]	Loss: 10.216314
Train Epoch: 74 [57536/60000 (96%)]	Loss: 12.762697

Test set: Average loss: 13.7330, Accuracy: 1045/10000 (10%)

Train Epoch: 75 [6336/60000 (11%)]	Loss: 11.091669
Train Epoch: 75 [12736/60000 (21%)]	Loss: 14.752341
Train Epoch: 75 [19136/60000 (32%)]	Loss: 13.890587
Train Epoch: 75 [25536/60000 (43%)]	Loss: 10.645027
Train Epoch: 75 [31936/60000 (53%)]	Loss: 12.621297
Train Epoch: 75 [38336/60000 (64%)]	Loss: 13.067790
Train Epoch: 75 [44736/60000 (75%)]	Loss: 14.784213
Train Epoch: 75 [51136/60000 (85%)]	Loss: 13.770843
Train Epoch: 75 [57536/60000 (96%)]	Loss: 13.117861

Test set: Average loss: 13.5081, Accuracy: 1088/10000 (11%)

Train Epoch: 76 [6336/60000 (11%)]	Loss: 13.560652
Train Epoch: 76 [12736/60000 (21%)]	Loss: 14.812256
Train Epoch: 76 [19136/60000 (32%)]	Loss: 14.977480
Train Epoch: 76 [25536/60000 (43%)]	Loss: 13.861313
Train Epoch: 76 [31936/60000 (53%)]	Loss: 11.565524
Train Epoch: 76 [38336/60000 (64%)]	Loss: 12.027041
Train Epoch: 76 [44736/60000 (75%)]	Loss: 13.320391
Train Epoch: 76 [51136/60000 (85%)]	Loss: 13.104283
Train Epoch: 76 [57536/60000 (96%)]	Loss: 13.577971

Test set: Average loss: 13.1645, Accuracy: 1036/10000 (10%)

Train Epoch: 77 [6336/60000 (11%)]	Loss: 12.239637
Train Epoch: 77 [12736/60000 (21%)]	Loss: 11.871403
Train Epoch: 77 [19136/60000 (32%)]	Loss: 8.512652
Train Epoch: 77 [25536/60000 (43%)]	Loss: 11.638327
Train Epoch: 77 [31936/60000 (53%)]	Loss: 13.581644
Train Epoch: 77 [38336/60000 (64%)]	Loss: 12.208266
Train Epoch: 77 [44736/60000 (75%)]	Loss: 14.073657
Train Epoch: 77 [51136/60000 (85%)]	Loss: 12.044426
Train Epoch: 77 [57536/60000 (96%)]	Loss: 12.062948

Test set: Average loss: 12.8551, Accuracy: 1052/10000 (11%)

Train Epoch: 78 [6336/60000 (11%)]	Loss: 13.346446
Train Epoch: 78 [12736/60000 (21%)]	Loss: 13.246895
Train Epoch: 78 [19136/60000 (32%)]	Loss: 11.545097
Train Epoch: 78 [25536/60000 (43%)]	Loss: 11.397718
Train Epoch: 78 [31936/60000 (53%)]	Loss: 12.914204
Train Epoch: 78 [38336/60000 (64%)]	Loss: 13.697359
Train Epoch: 78 [44736/60000 (75%)]	Loss: 13.309139
Train Epoch: 78 [51136/60000 (85%)]	Loss: 13.265827
Train Epoch: 78 [57536/60000 (96%)]	Loss: 14.594547

Test set: Average loss: 13.2255, Accuracy: 952/10000 (10%)

Train Epoch: 79 [6336/60000 (11%)]	Loss: 12.320501
Train Epoch: 79 [12736/60000 (21%)]	Loss: 12.302670
Train Epoch: 79 [19136/60000 (32%)]	Loss: 15.544277
Train Epoch: 79 [25536/60000 (43%)]	Loss: 15.208368
Train Epoch: 79 [31936/60000 (53%)]	Loss: 11.562251
Train Epoch: 79 [38336/60000 (64%)]	Loss: 12.022577
Train Epoch: 79 [44736/60000 (75%)]	Loss: 14.464252
Train Epoch: 79 [51136/60000 (85%)]	Loss: 12.427924
Train Epoch: 79 [57536/60000 (96%)]	Loss: 13.036529

Test set: Average loss: 13.7018, Accuracy: 991/10000 (10%)

Train Epoch: 80 [6336/60000 (11%)]	Loss: 13.690792
Train Epoch: 80 [12736/60000 (21%)]	Loss: 14.205476
Train Epoch: 80 [19136/60000 (32%)]	Loss: 15.493196
Train Epoch: 80 [25536/60000 (43%)]	Loss: 12.951307
Train Epoch: 80 [31936/60000 (53%)]	Loss: 14.478127
Train Epoch: 80 [38336/60000 (64%)]	Loss: 13.371517
Train Epoch: 80 [44736/60000 (75%)]	Loss: 14.079627
Train Epoch: 80 [51136/60000 (85%)]	Loss: 11.446630
Train Epoch: 80 [57536/60000 (96%)]	Loss: 13.291327

Test set: Average loss: 13.5841, Accuracy: 1001/10000 (10%)

Train Epoch: 81 [6336/60000 (11%)]	Loss: 12.574542
Train Epoch: 81 [12736/60000 (21%)]	Loss: 13.489918
Train Epoch: 81 [19136/60000 (32%)]	Loss: 13.304144
Train Epoch: 81 [25536/60000 (43%)]	Loss: 13.028595
Train Epoch: 81 [31936/60000 (53%)]	Loss: 12.507025
Train Epoch: 81 [38336/60000 (64%)]	Loss: 13.795569
Train Epoch: 81 [44736/60000 (75%)]	Loss: 13.609517
Train Epoch: 81 [51136/60000 (85%)]	Loss: 11.227632
Train Epoch: 81 [57536/60000 (96%)]	Loss: 14.056876

Test set: Average loss: 14.0227, Accuracy: 994/10000 (10%)

Train Epoch: 82 [6336/60000 (11%)]	Loss: 13.710269
Train Epoch: 82 [12736/60000 (21%)]	Loss: 12.394356
Train Epoch: 82 [19136/60000 (32%)]	Loss: 11.775032
Train Epoch: 82 [25536/60000 (43%)]	Loss: 13.813222
Train Epoch: 82 [31936/60000 (53%)]	Loss: 11.866934
Train Epoch: 82 [38336/60000 (64%)]	Loss: 15.075829
Train Epoch: 82 [44736/60000 (75%)]	Loss: 13.319614
Train Epoch: 82 [51136/60000 (85%)]	Loss: 13.863907
Train Epoch: 82 [57536/60000 (96%)]	Loss: 14.688394

Test set: Average loss: 13.8789, Accuracy: 961/10000 (10%)

Train Epoch: 83 [6336/60000 (11%)]	Loss: 10.322798
Train Epoch: 83 [12736/60000 (21%)]	Loss: 13.837455
Train Epoch: 83 [19136/60000 (32%)]	Loss: 12.381873
Train Epoch: 83 [25536/60000 (43%)]	Loss: 11.590502
Train Epoch: 83 [31936/60000 (53%)]	Loss: 12.724807
Train Epoch: 83 [38336/60000 (64%)]	Loss: 16.885180
Train Epoch: 83 [44736/60000 (75%)]	Loss: 13.646297
Train Epoch: 83 [51136/60000 (85%)]	Loss: 13.358965
Train Epoch: 83 [57536/60000 (96%)]	Loss: 12.182310

Test set: Average loss: 13.1584, Accuracy: 1007/10000 (10%)

Train Epoch: 84 [6336/60000 (11%)]	Loss: 9.733503
Train Epoch: 84 [12736/60000 (21%)]	Loss: 11.942557
Train Epoch: 84 [19136/60000 (32%)]	Loss: 11.073991
Train Epoch: 84 [25536/60000 (43%)]	Loss: 12.432284
Train Epoch: 84 [31936/60000 (53%)]	Loss: 13.576933
Train Epoch: 84 [38336/60000 (64%)]	Loss: 15.228573
Train Epoch: 84 [44736/60000 (75%)]	Loss: 11.242620
Train Epoch: 84 [51136/60000 (85%)]	Loss: 13.418872
Train Epoch: 84 [57536/60000 (96%)]	Loss: 15.382211

Test set: Average loss: 12.8062, Accuracy: 949/10000 (9%)

Train Epoch: 85 [6336/60000 (11%)]	Loss: 11.897162
Train Epoch: 85 [12736/60000 (21%)]	Loss: 12.712083
Train Epoch: 85 [19136/60000 (32%)]	Loss: 13.728655
Train Epoch: 85 [25536/60000 (43%)]	Loss: 15.943901
Train Epoch: 85 [31936/60000 (53%)]	Loss: 12.895446
Train Epoch: 85 [38336/60000 (64%)]	Loss: 12.676033
Train Epoch: 85 [44736/60000 (75%)]	Loss: 15.151108
Train Epoch: 85 [51136/60000 (85%)]	Loss: 11.834283
Train Epoch: 85 [57536/60000 (96%)]	Loss: 14.965438

Test set: Average loss: 13.6496, Accuracy: 1048/10000 (10%)

Train Epoch: 86 [6336/60000 (11%)]	Loss: 12.953403
Train Epoch: 86 [12736/60000 (21%)]	Loss: 15.043964
Train Epoch: 86 [19136/60000 (32%)]	Loss: 12.733350
Train Epoch: 86 [25536/60000 (43%)]	Loss: 13.911240
Train Epoch: 86 [31936/60000 (53%)]	Loss: 14.499782
Train Epoch: 86 [38336/60000 (64%)]	Loss: 16.066914
Train Epoch: 86 [44736/60000 (75%)]	Loss: 14.921266
Train Epoch: 86 [51136/60000 (85%)]	Loss: 13.796785
Train Epoch: 86 [57536/60000 (96%)]	Loss: 13.080347

Test set: Average loss: 13.3383, Accuracy: 1077/10000 (11%)

Train Epoch: 87 [6336/60000 (11%)]	Loss: 13.215000
Train Epoch: 87 [12736/60000 (21%)]	Loss: 12.336313
Train Epoch: 87 [19136/60000 (32%)]	Loss: 13.328305
Train Epoch: 87 [25536/60000 (43%)]	Loss: 16.378189
Train Epoch: 87 [31936/60000 (53%)]	Loss: 15.148595
Train Epoch: 87 [38336/60000 (64%)]	Loss: 13.522333
Train Epoch: 87 [44736/60000 (75%)]	Loss: 12.028173
Train Epoch: 87 [51136/60000 (85%)]	Loss: 13.467994
Train Epoch: 87 [57536/60000 (96%)]	Loss: 13.966803

Test set: Average loss: 13.4947, Accuracy: 1027/10000 (10%)

Train Epoch: 88 [6336/60000 (11%)]	Loss: 11.518702
Train Epoch: 88 [12736/60000 (21%)]	Loss: 14.188098
Train Epoch: 88 [19136/60000 (32%)]	Loss: 13.092182
Train Epoch: 88 [25536/60000 (43%)]	Loss: 15.083218
Train Epoch: 88 [31936/60000 (53%)]	Loss: 11.015329
Train Epoch: 88 [38336/60000 (64%)]	Loss: 13.407806
Train Epoch: 88 [44736/60000 (75%)]	Loss: 13.898119
Train Epoch: 88 [51136/60000 (85%)]	Loss: 13.179849
Train Epoch: 88 [57536/60000 (96%)]	Loss: 11.397724

Test set: Average loss: 13.4465, Accuracy: 1067/10000 (11%)

Train Epoch: 89 [6336/60000 (11%)]	Loss: 15.006747
Train Epoch: 89 [12736/60000 (21%)]	Loss: 13.829297
Train Epoch: 89 [19136/60000 (32%)]	Loss: 12.928105
Train Epoch: 89 [25536/60000 (43%)]	Loss: 12.331920
Train Epoch: 89 [31936/60000 (53%)]	Loss: 12.384038
Train Epoch: 89 [38336/60000 (64%)]	Loss: 11.612276
Train Epoch: 89 [44736/60000 (75%)]	Loss: 15.530962
Train Epoch: 89 [51136/60000 (85%)]	Loss: 13.756783
Train Epoch: 89 [57536/60000 (96%)]	Loss: 13.428437

Test set: Average loss: 13.4387, Accuracy: 1000/10000 (10%)

Train Epoch: 90 [6336/60000 (11%)]	Loss: 11.591726
Train Epoch: 90 [12736/60000 (21%)]	Loss: 16.077972
Train Epoch: 90 [19136/60000 (32%)]	Loss: 12.810584
Train Epoch: 90 [25536/60000 (43%)]	Loss: 14.198463
Train Epoch: 90 [31936/60000 (53%)]	Loss: 15.035371
Train Epoch: 90 [38336/60000 (64%)]	Loss: 12.788655
Train Epoch: 90 [44736/60000 (75%)]	Loss: 15.694592
Train Epoch: 90 [51136/60000 (85%)]	Loss: 14.697239
Train Epoch: 90 [57536/60000 (96%)]	Loss: 12.178663

Test set: Average loss: 13.2963, Accuracy: 1001/10000 (10%)

Train Epoch: 91 [6336/60000 (11%)]	Loss: 13.368529
Train Epoch: 91 [12736/60000 (21%)]	Loss: 13.840908
Train Epoch: 91 [19136/60000 (32%)]	Loss: 12.532269
Train Epoch: 91 [25536/60000 (43%)]	Loss: 12.107925
Train Epoch: 91 [31936/60000 (53%)]	Loss: 12.427073
Train Epoch: 91 [38336/60000 (64%)]	Loss: 12.958570
Train Epoch: 91 [44736/60000 (75%)]	Loss: 13.761747
Train Epoch: 91 [51136/60000 (85%)]	Loss: 12.913889
Train Epoch: 91 [57536/60000 (96%)]	Loss: 14.959193

Test set: Average loss: 12.2956, Accuracy: 1130/10000 (11%)

Train Epoch: 92 [6336/60000 (11%)]	Loss: 12.322126
Train Epoch: 92 [12736/60000 (21%)]	Loss: 10.846999
Train Epoch: 92 [19136/60000 (32%)]	Loss: 14.619013
Train Epoch: 92 [25536/60000 (43%)]	Loss: 13.797899
Train Epoch: 92 [31936/60000 (53%)]	Loss: 14.713064
Train Epoch: 92 [38336/60000 (64%)]	Loss: 10.329231
Train Epoch: 92 [44736/60000 (75%)]	Loss: 14.096265
Train Epoch: 92 [51136/60000 (85%)]	Loss: 12.276380
Train Epoch: 92 [57536/60000 (96%)]	Loss: 13.503337

Test set: Average loss: 13.5916, Accuracy: 988/10000 (10%)

Train Epoch: 93 [6336/60000 (11%)]	Loss: 13.617384
Train Epoch: 93 [12736/60000 (21%)]	Loss: 13.660164
Train Epoch: 93 [19136/60000 (32%)]	Loss: 11.092447
Train Epoch: 93 [25536/60000 (43%)]	Loss: 15.474111
Train Epoch: 93 [31936/60000 (53%)]	Loss: 13.030105
Train Epoch: 93 [38336/60000 (64%)]	Loss: 14.050866
Train Epoch: 93 [44736/60000 (75%)]	Loss: 14.353809
Train Epoch: 93 [51136/60000 (85%)]	Loss: 14.044234
Train Epoch: 93 [57536/60000 (96%)]	Loss: 13.365299

Test set: Average loss: 13.8034, Accuracy: 936/10000 (9%)

Train Epoch: 94 [6336/60000 (11%)]	Loss: 14.177437
Train Epoch: 94 [12736/60000 (21%)]	Loss: 13.711761
Train Epoch: 94 [19136/60000 (32%)]	Loss: 12.114459
Train Epoch: 94 [25536/60000 (43%)]	Loss: 14.850894
Train Epoch: 94 [31936/60000 (53%)]	Loss: 10.988976
Train Epoch: 94 [38336/60000 (64%)]	Loss: 11.364645
Train Epoch: 94 [44736/60000 (75%)]	Loss: 13.568603
Train Epoch: 94 [51136/60000 (85%)]	Loss: 14.555370
Train Epoch: 94 [57536/60000 (96%)]	Loss: 13.220334

Test set: Average loss: 13.9503, Accuracy: 972/10000 (10%)

Train Epoch: 95 [6336/60000 (11%)]	Loss: 12.178733
Train Epoch: 95 [12736/60000 (21%)]	Loss: 10.446012
Train Epoch: 95 [19136/60000 (32%)]	Loss: 14.478555
Train Epoch: 95 [25536/60000 (43%)]	Loss: 14.919936
Train Epoch: 95 [31936/60000 (53%)]	Loss: 12.088850
Train Epoch: 95 [38336/60000 (64%)]	Loss: 14.042313
Train Epoch: 95 [44736/60000 (75%)]	Loss: 13.754364
Train Epoch: 95 [51136/60000 (85%)]	Loss: 12.769912
Train Epoch: 95 [57536/60000 (96%)]	Loss: 12.616625

Test set: Average loss: 13.4846, Accuracy: 1117/10000 (11%)

Train Epoch: 96 [6336/60000 (11%)]	Loss: 13.185698
Train Epoch: 96 [12736/60000 (21%)]	Loss: 12.964421
Train Epoch: 96 [19136/60000 (32%)]	Loss: 12.626390
Train Epoch: 96 [25536/60000 (43%)]	Loss: 13.745490
Train Epoch: 96 [31936/60000 (53%)]	Loss: 12.210201
Train Epoch: 96 [38336/60000 (64%)]	Loss: 11.972378
Train Epoch: 96 [44736/60000 (75%)]	Loss: 13.072739
Train Epoch: 96 [51136/60000 (85%)]	Loss: 13.730300
Train Epoch: 96 [57536/60000 (96%)]	Loss: 11.608720

Test set: Average loss: 13.2028, Accuracy: 1122/10000 (11%)

Train Epoch: 97 [6336/60000 (11%)]	Loss: 12.661813
Train Epoch: 97 [12736/60000 (21%)]	Loss: 11.987128
Train Epoch: 97 [19136/60000 (32%)]	Loss: 11.442716
Train Epoch: 97 [25536/60000 (43%)]	Loss: 13.096048
Train Epoch: 97 [31936/60000 (53%)]	Loss: 16.242630
Train Epoch: 97 [38336/60000 (64%)]	Loss: 12.595228
Train Epoch: 97 [44736/60000 (75%)]	Loss: 11.542346
Train Epoch: 97 [51136/60000 (85%)]	Loss: 13.091824
Train Epoch: 97 [57536/60000 (96%)]	Loss: 14.113962

Test set: Average loss: 13.0476, Accuracy: 1110/10000 (11%)

Train Epoch: 98 [6336/60000 (11%)]	Loss: 15.207637
Train Epoch: 98 [12736/60000 (21%)]	Loss: 12.626581
Train Epoch: 98 [19136/60000 (32%)]	Loss: 13.639773
Train Epoch: 98 [25536/60000 (43%)]	Loss: 12.745944
Train Epoch: 98 [31936/60000 (53%)]	Loss: 14.137354
Train Epoch: 98 [38336/60000 (64%)]	Loss: 12.087236
Train Epoch: 98 [44736/60000 (75%)]	Loss: 12.485581
Train Epoch: 98 [51136/60000 (85%)]	Loss: 14.464596
Train Epoch: 98 [57536/60000 (96%)]	Loss: 12.052146

Test set: Average loss: 12.8894, Accuracy: 1175/10000 (12%)

Train Epoch: 99 [6336/60000 (11%)]	Loss: 11.753321
Train Epoch: 99 [12736/60000 (21%)]	Loss: 11.323246
Train Epoch: 99 [19136/60000 (32%)]	Loss: 11.351112
Train Epoch: 99 [25536/60000 (43%)]	Loss: 14.432074
Train Epoch: 99 [31936/60000 (53%)]	Loss: 12.972273
Train Epoch: 99 [38336/60000 (64%)]	Loss: 13.636282
Train Epoch: 99 [44736/60000 (75%)]	Loss: 13.428724
Train Epoch: 99 [51136/60000 (85%)]	Loss: 10.489212
Train Epoch: 99 [57536/60000 (96%)]	Loss: 12.682067

Test set: Average loss: 13.4698, Accuracy: 1005/10000 (10%)

Train Epoch: 100 [6336/60000 (11%)]	Loss: 12.710631
Train Epoch: 100 [12736/60000 (21%)]	Loss: 12.494516
Train Epoch: 100 [19136/60000 (32%)]	Loss: 13.047042
Train Epoch: 100 [25536/60000 (43%)]	Loss: 12.341282
Train Epoch: 100 [31936/60000 (53%)]	Loss: 11.895254
Train Epoch: 100 [38336/60000 (64%)]	Loss: 14.537825
Train Epoch: 100 [44736/60000 (75%)]	Loss: 12.536864
Train Epoch: 100 [51136/60000 (85%)]	Loss: 13.976999
Train Epoch: 100 [57536/60000 (96%)]	Loss: 14.516182

Test set: Average loss: 14.0873, Accuracy: 971/10000 (10%)

Train Epoch: 101 [6336/60000 (11%)]	Loss: 14.841724
Train Epoch: 101 [12736/60000 (21%)]	Loss: 12.781130
Train Epoch: 101 [19136/60000 (32%)]	Loss: 12.482935
Train Epoch: 101 [25536/60000 (43%)]	Loss: 12.843701
Train Epoch: 101 [31936/60000 (53%)]	Loss: 15.234137
Train Epoch: 101 [38336/60000 (64%)]	Loss: 12.474853
Train Epoch: 101 [44736/60000 (75%)]	Loss: 12.726368
Train Epoch: 101 [51136/60000 (85%)]	Loss: 12.024863
Train Epoch: 101 [57536/60000 (96%)]	Loss: 17.207191

Test set: Average loss: 13.9691, Accuracy: 986/10000 (10%)

Train Epoch: 102 [6336/60000 (11%)]	Loss: 14.748225
Train Epoch: 102 [12736/60000 (21%)]	Loss: 12.931135
Train Epoch: 102 [19136/60000 (32%)]	Loss: 13.656807
Train Epoch: 102 [25536/60000 (43%)]	Loss: 16.851229
Train Epoch: 102 [31936/60000 (53%)]	Loss: 12.267836
Train Epoch: 102 [38336/60000 (64%)]	Loss: 11.269395
Train Epoch: 102 [44736/60000 (75%)]	Loss: 12.827079
Train Epoch: 102 [51136/60000 (85%)]	Loss: 11.920718
Train Epoch: 102 [57536/60000 (96%)]	Loss: 14.426738

Test set: Average loss: 13.7361, Accuracy: 1026/10000 (10%)

Train Epoch: 103 [6336/60000 (11%)]	Loss: 11.878716
Train Epoch: 103 [12736/60000 (21%)]	Loss: 13.201660
Train Epoch: 103 [19136/60000 (32%)]	Loss: 14.907364
Train Epoch: 103 [25536/60000 (43%)]	Loss: 12.644333
Train Epoch: 103 [31936/60000 (53%)]	Loss: 15.684501
Train Epoch: 103 [38336/60000 (64%)]	Loss: 14.487040
Train Epoch: 103 [44736/60000 (75%)]	Loss: 14.095042
Train Epoch: 103 [51136/60000 (85%)]	Loss: 13.754525
Train Epoch: 103 [57536/60000 (96%)]	Loss: 13.435566

Test set: Average loss: 13.2076, Accuracy: 991/10000 (10%)

Train Epoch: 104 [6336/60000 (11%)]	Loss: 13.888694
Train Epoch: 104 [12736/60000 (21%)]	Loss: 13.532297
Train Epoch: 104 [19136/60000 (32%)]	Loss: 12.993730
Train Epoch: 104 [25536/60000 (43%)]	Loss: 14.860765
Train Epoch: 104 [31936/60000 (53%)]	Loss: 12.687656
Train Epoch: 104 [38336/60000 (64%)]	Loss: 13.227899
Train Epoch: 104 [44736/60000 (75%)]	Loss: 14.269483
Train Epoch: 104 [51136/60000 (85%)]	Loss: 13.455955
Train Epoch: 104 [57536/60000 (96%)]	Loss: 12.500417

Test set: Average loss: 13.4843, Accuracy: 948/10000 (9%)

Train Epoch: 105 [6336/60000 (11%)]	Loss: 13.305698
Train Epoch: 105 [12736/60000 (21%)]	Loss: 14.257004
Train Epoch: 105 [19136/60000 (32%)]	Loss: 12.086672
Train Epoch: 105 [25536/60000 (43%)]	Loss: 13.492783
Train Epoch: 105 [31936/60000 (53%)]	Loss: 13.141064
Train Epoch: 105 [38336/60000 (64%)]	Loss: 12.999063
Train Epoch: 105 [44736/60000 (75%)]	Loss: 16.513309
Train Epoch: 105 [51136/60000 (85%)]	Loss: 12.620647
Train Epoch: 105 [57536/60000 (96%)]	Loss: 16.573153

Test set: Average loss: 13.8473, Accuracy: 1015/10000 (10%)

Train Epoch: 106 [6336/60000 (11%)]	Loss: 14.569425
Train Epoch: 106 [12736/60000 (21%)]	Loss: 11.699748
Train Epoch: 106 [19136/60000 (32%)]	Loss: 14.704077
Train Epoch: 106 [25536/60000 (43%)]	Loss: 14.360002
Train Epoch: 106 [31936/60000 (53%)]	Loss: 12.377100
Train Epoch: 106 [38336/60000 (64%)]	Loss: 13.640706
Train Epoch: 106 [44736/60000 (75%)]	Loss: 15.096516
Train Epoch: 106 [51136/60000 (85%)]	Loss: 13.352627
Train Epoch: 106 [57536/60000 (96%)]	Loss: 15.531100

Test set: Average loss: 13.8723, Accuracy: 1060/10000 (11%)

Train Epoch: 107 [6336/60000 (11%)]	Loss: 13.195568
Train Epoch: 107 [12736/60000 (21%)]	Loss: 13.631680
Train Epoch: 107 [19136/60000 (32%)]	Loss: 13.993958
Train Epoch: 107 [25536/60000 (43%)]	Loss: 13.969777
Train Epoch: 107 [31936/60000 (53%)]	Loss: 14.359013
Train Epoch: 107 [38336/60000 (64%)]	Loss: 15.566031
Train Epoch: 107 [44736/60000 (75%)]	Loss: 14.695442
Train Epoch: 107 [51136/60000 (85%)]	Loss: 13.511003
Train Epoch: 107 [57536/60000 (96%)]	Loss: 13.899543

Test set: Average loss: 14.2492, Accuracy: 947/10000 (9%)

Train Epoch: 108 [6336/60000 (11%)]	Loss: 12.234093
Train Epoch: 108 [12736/60000 (21%)]	Loss: 11.918731
Train Epoch: 108 [19136/60000 (32%)]	Loss: 11.129776
Train Epoch: 108 [25536/60000 (43%)]	Loss: 12.901220
Train Epoch: 108 [31936/60000 (53%)]	Loss: 14.246737
Train Epoch: 108 [38336/60000 (64%)]	Loss: 12.673872
Train Epoch: 108 [44736/60000 (75%)]	Loss: 14.835632
Train Epoch: 108 [51136/60000 (85%)]	Loss: 10.648259
Train Epoch: 108 [57536/60000 (96%)]	Loss: 16.020878

Test set: Average loss: 13.8526, Accuracy: 979/10000 (10%)

Train Epoch: 109 [6336/60000 (11%)]	Loss: 12.005212
Train Epoch: 109 [12736/60000 (21%)]	Loss: 14.307007
Train Epoch: 109 [19136/60000 (32%)]	Loss: 11.647711
Train Epoch: 109 [25536/60000 (43%)]	Loss: 13.046766
Train Epoch: 109 [31936/60000 (53%)]	Loss: 12.332056
Train Epoch: 109 [38336/60000 (64%)]	Loss: 13.122948
Train Epoch: 109 [44736/60000 (75%)]	Loss: 14.546671
Train Epoch: 109 [51136/60000 (85%)]	Loss: 14.154760
Train Epoch: 109 [57536/60000 (96%)]	Loss: 11.317212

Test set: Average loss: 13.9059, Accuracy: 1004/10000 (10%)

Train Epoch: 110 [6336/60000 (11%)]	Loss: 13.634651
Train Epoch: 110 [12736/60000 (21%)]	Loss: 14.569110
Train Epoch: 110 [19136/60000 (32%)]	Loss: 12.658661
Train Epoch: 110 [25536/60000 (43%)]	Loss: 13.232115
Train Epoch: 110 [31936/60000 (53%)]	Loss: 14.720732
Train Epoch: 110 [38336/60000 (64%)]	Loss: 14.634286
Train Epoch: 110 [44736/60000 (75%)]	Loss: 13.314760
Train Epoch: 110 [51136/60000 (85%)]	Loss: 13.192677
Train Epoch: 110 [57536/60000 (96%)]	Loss: 12.325661

Test set: Average loss: 13.0982, Accuracy: 1126/10000 (11%)

Train Epoch: 111 [6336/60000 (11%)]	Loss: 9.872350
Train Epoch: 111 [12736/60000 (21%)]	Loss: 12.423724
Train Epoch: 111 [19136/60000 (32%)]	Loss: 12.109476
Train Epoch: 111 [25536/60000 (43%)]	Loss: 15.201270
Train Epoch: 111 [31936/60000 (53%)]	Loss: 13.785809
Train Epoch: 111 [38336/60000 (64%)]	Loss: 9.423120
Train Epoch: 111 [44736/60000 (75%)]	Loss: 16.495428
Train Epoch: 111 [51136/60000 (85%)]	Loss: 13.198853
Train Epoch: 111 [57536/60000 (96%)]	Loss: 14.887312

Test set: Average loss: 14.1532, Accuracy: 982/10000 (10%)

Train Epoch: 112 [6336/60000 (11%)]	Loss: 11.284730
Train Epoch: 112 [12736/60000 (21%)]	Loss: 13.318147
Train Epoch: 112 [19136/60000 (32%)]	Loss: 14.220484
Train Epoch: 112 [25536/60000 (43%)]	Loss: 12.530786
Train Epoch: 112 [31936/60000 (53%)]	Loss: 13.728020
Train Epoch: 112 [38336/60000 (64%)]	Loss: 14.898900
Train Epoch: 112 [44736/60000 (75%)]	Loss: 11.649553
Train Epoch: 112 [51136/60000 (85%)]	Loss: 15.305286
Train Epoch: 112 [57536/60000 (96%)]	Loss: 13.393740

Test set: Average loss: 14.3352, Accuracy: 990/10000 (10%)

Train Epoch: 113 [6336/60000 (11%)]	Loss: 13.552843
Train Epoch: 113 [12736/60000 (21%)]	Loss: 12.273131
Train Epoch: 113 [19136/60000 (32%)]	Loss: 12.435753
Train Epoch: 113 [25536/60000 (43%)]	Loss: 14.668158
Train Epoch: 113 [31936/60000 (53%)]	Loss: 11.387446
Train Epoch: 113 [38336/60000 (64%)]	Loss: 14.008363
Train Epoch: 113 [44736/60000 (75%)]	Loss: 12.264617
Train Epoch: 113 [51136/60000 (85%)]	Loss: 13.504074
Train Epoch: 113 [57536/60000 (96%)]	Loss: 15.551552

Test set: Average loss: 13.7695, Accuracy: 957/10000 (10%)

Train Epoch: 114 [6336/60000 (11%)]	Loss: 11.818779
Train Epoch: 114 [12736/60000 (21%)]	Loss: 15.417420
Train Epoch: 114 [19136/60000 (32%)]	Loss: 12.765054
Train Epoch: 114 [25536/60000 (43%)]	Loss: 12.493241
Train Epoch: 114 [31936/60000 (53%)]	Loss: 12.625618
Train Epoch: 114 [38336/60000 (64%)]	Loss: 11.766177
Train Epoch: 114 [44736/60000 (75%)]	Loss: 13.216839
Train Epoch: 114 [51136/60000 (85%)]	Loss: 12.274377
Train Epoch: 114 [57536/60000 (96%)]	Loss: 12.181549

Test set: Average loss: 13.6936, Accuracy: 990/10000 (10%)

Train Epoch: 115 [6336/60000 (11%)]	Loss: 11.651814
Train Epoch: 115 [12736/60000 (21%)]	Loss: 14.113383
Train Epoch: 115 [19136/60000 (32%)]	Loss: 13.905725
Train Epoch: 115 [25536/60000 (43%)]	Loss: 13.905509
Train Epoch: 115 [31936/60000 (53%)]	Loss: 13.459796
Train Epoch: 115 [38336/60000 (64%)]	Loss: 14.144397
Train Epoch: 115 [44736/60000 (75%)]	Loss: 14.080715
Train Epoch: 115 [51136/60000 (85%)]	Loss: 13.788791
Train Epoch: 115 [57536/60000 (96%)]	Loss: 13.521718

Test set: Average loss: 13.6446, Accuracy: 1005/10000 (10%)

Train Epoch: 116 [6336/60000 (11%)]	Loss: 13.362627
Train Epoch: 116 [12736/60000 (21%)]	Loss: 12.282208
Train Epoch: 116 [19136/60000 (32%)]	Loss: 11.995432
Train Epoch: 116 [25536/60000 (43%)]	Loss: 12.542113
Train Epoch: 116 [31936/60000 (53%)]	Loss: 10.577948
Train Epoch: 116 [38336/60000 (64%)]	Loss: 14.374144
Train Epoch: 116 [44736/60000 (75%)]	Loss: 14.618111
Train Epoch: 116 [51136/60000 (85%)]	Loss: 15.029481
Train Epoch: 116 [57536/60000 (96%)]	Loss: 12.503751

Test set: Average loss: 13.4672, Accuracy: 975/10000 (10%)

Train Epoch: 117 [6336/60000 (11%)]	Loss: 16.437458
Train Epoch: 117 [12736/60000 (21%)]	Loss: 12.220977
Train Epoch: 117 [19136/60000 (32%)]	Loss: 10.819755
Train Epoch: 117 [25536/60000 (43%)]	Loss: 12.119253
Train Epoch: 117 [31936/60000 (53%)]	Loss: 16.053919
Train Epoch: 117 [38336/60000 (64%)]	Loss: 11.240956
Train Epoch: 117 [44736/60000 (75%)]	Loss: 12.810848
Train Epoch: 117 [51136/60000 (85%)]	Loss: 13.307409
Train Epoch: 117 [57536/60000 (96%)]	Loss: 14.849567

Test set: Average loss: 13.7152, Accuracy: 1098/10000 (11%)

Train Epoch: 118 [6336/60000 (11%)]	Loss: 13.952570
Train Epoch: 118 [12736/60000 (21%)]	Loss: 12.999681
Train Epoch: 118 [19136/60000 (32%)]	Loss: 11.842035
Train Epoch: 118 [25536/60000 (43%)]	Loss: 14.682780
Train Epoch: 118 [31936/60000 (53%)]	Loss: 13.529490
Train Epoch: 118 [38336/60000 (64%)]	Loss: 14.914212
Train Epoch: 118 [44736/60000 (75%)]	Loss: 15.791027
Train Epoch: 118 [51136/60000 (85%)]	Loss: 15.582668
Train Epoch: 118 [57536/60000 (96%)]	Loss: 12.584770

Test set: Average loss: 14.0120, Accuracy: 927/10000 (9%)

Train Epoch: 119 [6336/60000 (11%)]	Loss: 11.759831
Train Epoch: 119 [12736/60000 (21%)]	Loss: 13.408244
Train Epoch: 119 [19136/60000 (32%)]	Loss: 14.182444
Train Epoch: 119 [25536/60000 (43%)]	Loss: 13.750875
Train Epoch: 119 [31936/60000 (53%)]	Loss: 15.113872
Train Epoch: 119 [38336/60000 (64%)]	Loss: 12.426068
Train Epoch: 119 [44736/60000 (75%)]	Loss: 14.288863
Train Epoch: 119 [51136/60000 (85%)]	Loss: 13.966566
Train Epoch: 119 [57536/60000 (96%)]	Loss: 14.769436

Test set: Average loss: 13.9717, Accuracy: 998/10000 (10%)

Train Epoch: 120 [6336/60000 (11%)]	Loss: 14.983944
Train Epoch: 120 [12736/60000 (21%)]	Loss: 13.909302
Train Epoch: 120 [19136/60000 (32%)]	Loss: 12.802349
Train Epoch: 120 [25536/60000 (43%)]	Loss: 13.874566
Train Epoch: 120 [31936/60000 (53%)]	Loss: 14.959962
Train Epoch: 120 [38336/60000 (64%)]	Loss: 14.257236
Train Epoch: 120 [44736/60000 (75%)]	Loss: 10.560659
Train Epoch: 120 [51136/60000 (85%)]	Loss: 14.848784
Train Epoch: 120 [57536/60000 (96%)]	Loss: 14.760206

Test set: Average loss: 13.7085, Accuracy: 958/10000 (10%)

Train Epoch: 121 [6336/60000 (11%)]	Loss: 12.378497
Train Epoch: 121 [12736/60000 (21%)]	Loss: 12.716376
Train Epoch: 121 [19136/60000 (32%)]	Loss: 14.609122
Train Epoch: 121 [25536/60000 (43%)]	Loss: 13.248249
Train Epoch: 121 [31936/60000 (53%)]	Loss: 11.880186
Train Epoch: 121 [38336/60000 (64%)]	Loss: 13.199233
Train Epoch: 121 [44736/60000 (75%)]	Loss: 13.200116
Train Epoch: 121 [51136/60000 (85%)]	Loss: 12.689044
Train Epoch: 121 [57536/60000 (96%)]	Loss: 13.415847

Test set: Average loss: 13.6565, Accuracy: 1159/10000 (12%)

Train Epoch: 122 [6336/60000 (11%)]	Loss: 14.665757
Train Epoch: 122 [12736/60000 (21%)]	Loss: 14.453277
Train Epoch: 122 [19136/60000 (32%)]	Loss: 14.828734
Train Epoch: 122 [25536/60000 (43%)]	Loss: 12.493184
Train Epoch: 122 [31936/60000 (53%)]	Loss: 12.989361
Train Epoch: 122 [38336/60000 (64%)]	Loss: 14.587420
Train Epoch: 122 [44736/60000 (75%)]	Loss: 12.796512
Train Epoch: 122 [51136/60000 (85%)]	Loss: 10.676060
Train Epoch: 122 [57536/60000 (96%)]	Loss: 11.688997

Test set: Average loss: 13.6344, Accuracy: 948/10000 (9%)

Train Epoch: 123 [6336/60000 (11%)]	Loss: 14.578218
Train Epoch: 123 [12736/60000 (21%)]	Loss: 13.213861
Train Epoch: 123 [19136/60000 (32%)]	Loss: 13.207791
Train Epoch: 123 [25536/60000 (43%)]	Loss: 13.570874
Train Epoch: 123 [31936/60000 (53%)]	Loss: 12.527532
Train Epoch: 123 [38336/60000 (64%)]	Loss: 13.302454
Train Epoch: 123 [44736/60000 (75%)]	Loss: 14.129993
Train Epoch: 123 [51136/60000 (85%)]	Loss: 11.430525
Train Epoch: 123 [57536/60000 (96%)]	Loss: 14.071002

Test set: Average loss: 13.5203, Accuracy: 1180/10000 (12%)

Train Epoch: 124 [6336/60000 (11%)]	Loss: 11.277102
Train Epoch: 124 [12736/60000 (21%)]	Loss: 15.643970
Train Epoch: 124 [19136/60000 (32%)]	Loss: 13.689190
Train Epoch: 124 [25536/60000 (43%)]	Loss: 14.380577
Train Epoch: 124 [31936/60000 (53%)]	Loss: 14.108904
Train Epoch: 124 [38336/60000 (64%)]	Loss: 13.980342
Train Epoch: 124 [44736/60000 (75%)]	Loss: 12.736686
Train Epoch: 124 [51136/60000 (85%)]	Loss: 15.378165
Train Epoch: 124 [57536/60000 (96%)]	Loss: 12.164733

Test set: Average loss: 13.1286, Accuracy: 1023/10000 (10%)

Train Epoch: 125 [6336/60000 (11%)]	Loss: 14.444923
Train Epoch: 125 [12736/60000 (21%)]	Loss: 13.185578
Train Epoch: 125 [19136/60000 (32%)]	Loss: 14.714329
Train Epoch: 125 [25536/60000 (43%)]	Loss: 11.865834
Train Epoch: 125 [31936/60000 (53%)]	Loss: 12.734480
Train Epoch: 125 [38336/60000 (64%)]	Loss: 13.848730
Train Epoch: 125 [44736/60000 (75%)]	Loss: 13.014308
Train Epoch: 125 [51136/60000 (85%)]	Loss: 11.004169
Train Epoch: 125 [57536/60000 (96%)]	Loss: 13.559393

Test set: Average loss: 13.8280, Accuracy: 1084/10000 (11%)

Train Epoch: 126 [6336/60000 (11%)]	Loss: 14.686584
Train Epoch: 126 [12736/60000 (21%)]	Loss: 15.448317
Train Epoch: 126 [19136/60000 (32%)]	Loss: 14.271792
Train Epoch: 126 [25536/60000 (43%)]	Loss: 14.083881
Train Epoch: 126 [31936/60000 (53%)]	Loss: 13.032829
Train Epoch: 126 [38336/60000 (64%)]	Loss: 12.587564
Train Epoch: 126 [44736/60000 (75%)]	Loss: 14.523287
Train Epoch: 126 [51136/60000 (85%)]	Loss: 13.775281
Train Epoch: 126 [57536/60000 (96%)]	Loss: 12.300369

Test set: Average loss: 13.9382, Accuracy: 998/10000 (10%)

Train Epoch: 127 [6336/60000 (11%)]	Loss: 12.034586
Train Epoch: 127 [12736/60000 (21%)]	Loss: 15.195719
Train Epoch: 127 [19136/60000 (32%)]	Loss: 12.295144
Train Epoch: 127 [25536/60000 (43%)]	Loss: 15.138511
Train Epoch: 127 [31936/60000 (53%)]	Loss: 12.834985
Train Epoch: 127 [38336/60000 (64%)]	Loss: 12.203283
Train Epoch: 127 [44736/60000 (75%)]	Loss: 12.515931
Train Epoch: 127 [51136/60000 (85%)]	Loss: 12.608270
Train Epoch: 127 [57536/60000 (96%)]	Loss: 14.626112

Test set: Average loss: 13.4254, Accuracy: 917/10000 (9%)

Train Epoch: 128 [6336/60000 (11%)]	Loss: 12.565720
Train Epoch: 128 [12736/60000 (21%)]	Loss: 11.458407
Train Epoch: 128 [19136/60000 (32%)]	Loss: 11.769486
Train Epoch: 128 [25536/60000 (43%)]	Loss: 14.177469
Train Epoch: 128 [31936/60000 (53%)]	Loss: 12.625819
Train Epoch: 128 [38336/60000 (64%)]	Loss: 11.574229
Train Epoch: 128 [44736/60000 (75%)]	Loss: 14.445291
Train Epoch: 128 [51136/60000 (85%)]	Loss: 15.211324
Train Epoch: 128 [57536/60000 (96%)]	Loss: 16.316191

Test set: Average loss: 13.5634, Accuracy: 983/10000 (10%)

Train Epoch: 129 [6336/60000 (11%)]	Loss: 12.882781
Train Epoch: 129 [12736/60000 (21%)]	Loss: 14.361411
Train Epoch: 129 [19136/60000 (32%)]	Loss: 12.799528
Train Epoch: 129 [25536/60000 (43%)]	Loss: 14.715404
Train Epoch: 129 [31936/60000 (53%)]	Loss: 13.308470
Train Epoch: 129 [38336/60000 (64%)]	Loss: 13.440515
Train Epoch: 129 [44736/60000 (75%)]	Loss: 12.094501
Train Epoch: 129 [51136/60000 (85%)]	Loss: 11.479961
Train Epoch: 129 [57536/60000 (96%)]	Loss: 12.994841

Test set: Average loss: 13.6874, Accuracy: 981/10000 (10%)

Train Epoch: 130 [6336/60000 (11%)]	Loss: 14.326206
Train Epoch: 130 [12736/60000 (21%)]	Loss: 15.336586
Train Epoch: 130 [19136/60000 (32%)]	Loss: 13.959044
Train Epoch: 130 [25536/60000 (43%)]	Loss: 13.663448
Train Epoch: 130 [31936/60000 (53%)]	Loss: 10.947698
Train Epoch: 130 [38336/60000 (64%)]	Loss: 13.529879
Train Epoch: 130 [44736/60000 (75%)]	Loss: 12.803488
Train Epoch: 130 [51136/60000 (85%)]	Loss: 15.414033
Train Epoch: 130 [57536/60000 (96%)]	Loss: 14.500373

Test set: Average loss: 13.0291, Accuracy: 914/10000 (9%)

Train Epoch: 131 [6336/60000 (11%)]	Loss: 12.637080
Train Epoch: 131 [12736/60000 (21%)]	Loss: 10.943003
Train Epoch: 131 [19136/60000 (32%)]	Loss: 12.793993
Train Epoch: 131 [25536/60000 (43%)]	Loss: 15.917692
Train Epoch: 131 [31936/60000 (53%)]	Loss: 12.792953
Train Epoch: 131 [38336/60000 (64%)]	Loss: 14.352728
Train Epoch: 131 [44736/60000 (75%)]	Loss: 11.717512
Train Epoch: 131 [51136/60000 (85%)]	Loss: 14.274755
Train Epoch: 131 [57536/60000 (96%)]	Loss: 12.552891

Test set: Average loss: 13.6830, Accuracy: 854/10000 (9%)

Train Epoch: 132 [6336/60000 (11%)]	Loss: 13.956435
Train Epoch: 132 [12736/60000 (21%)]	Loss: 12.612764
Train Epoch: 132 [19136/60000 (32%)]	Loss: 14.144428
Train Epoch: 132 [25536/60000 (43%)]	Loss: 11.470520
Train Epoch: 132 [31936/60000 (53%)]	Loss: 13.830703
Train Epoch: 132 [38336/60000 (64%)]	Loss: 12.994358
Train Epoch: 132 [44736/60000 (75%)]	Loss: 15.107772
Train Epoch: 132 [51136/60000 (85%)]	Loss: 11.458865
Train Epoch: 132 [57536/60000 (96%)]	Loss: 15.059698

Test set: Average loss: 12.9702, Accuracy: 1116/10000 (11%)

Train Epoch: 133 [6336/60000 (11%)]	Loss: 12.982223
Train Epoch: 133 [12736/60000 (21%)]	Loss: 16.699968
Train Epoch: 133 [19136/60000 (32%)]	Loss: 14.517724
Train Epoch: 133 [25536/60000 (43%)]	Loss: 12.987596
Train Epoch: 133 [31936/60000 (53%)]	Loss: 13.439814
Train Epoch: 133 [38336/60000 (64%)]	Loss: 13.269187
Train Epoch: 133 [44736/60000 (75%)]	Loss: 13.826832
Train Epoch: 133 [51136/60000 (85%)]	Loss: 13.925549
Train Epoch: 133 [57536/60000 (96%)]	Loss: 13.079598

Test set: Average loss: 13.7829, Accuracy: 917/10000 (9%)

Train Epoch: 134 [6336/60000 (11%)]	Loss: 12.407554
Train Epoch: 134 [12736/60000 (21%)]	Loss: 13.497407
Train Epoch: 134 [19136/60000 (32%)]	Loss: 15.819100
Train Epoch: 134 [25536/60000 (43%)]	Loss: 15.695235
Train Epoch: 134 [31936/60000 (53%)]	Loss: 11.193341
Train Epoch: 134 [38336/60000 (64%)]	Loss: 13.475550
Train Epoch: 134 [44736/60000 (75%)]	Loss: 13.817945
Train Epoch: 134 [51136/60000 (85%)]	Loss: 14.032759
Train Epoch: 134 [57536/60000 (96%)]	Loss: 10.778668

Test set: Average loss: 14.0863, Accuracy: 964/10000 (10%)

Train Epoch: 135 [6336/60000 (11%)]	Loss: 13.839850
Train Epoch: 135 [12736/60000 (21%)]	Loss: 13.332786
Train Epoch: 135 [19136/60000 (32%)]	Loss: 13.853055
Train Epoch: 135 [25536/60000 (43%)]	Loss: 13.838946
Train Epoch: 135 [31936/60000 (53%)]	Loss: 12.554023
Train Epoch: 135 [38336/60000 (64%)]	Loss: 12.638749
Train Epoch: 135 [44736/60000 (75%)]	Loss: 12.423413
Train Epoch: 135 [51136/60000 (85%)]	Loss: 13.183935
Train Epoch: 135 [57536/60000 (96%)]	Loss: 14.705853

Test set: Average loss: 13.5220, Accuracy: 1139/10000 (11%)

Train Epoch: 136 [6336/60000 (11%)]	Loss: 11.985930
Train Epoch: 136 [12736/60000 (21%)]	Loss: 12.577095
Train Epoch: 136 [19136/60000 (32%)]	Loss: 14.744861
Train Epoch: 136 [25536/60000 (43%)]	Loss: 12.991927
Train Epoch: 136 [31936/60000 (53%)]	Loss: 10.948116
Train Epoch: 136 [38336/60000 (64%)]	Loss: 13.142537
Train Epoch: 136 [44736/60000 (75%)]	Loss: 11.702515
Train Epoch: 136 [51136/60000 (85%)]	Loss: 13.584841
Train Epoch: 136 [57536/60000 (96%)]	Loss: 13.584455

Test set: Average loss: 13.7727, Accuracy: 1195/10000 (12%)

Train Epoch: 137 [6336/60000 (11%)]	Loss: 12.214340
Train Epoch: 137 [12736/60000 (21%)]	Loss: 13.672805
Train Epoch: 137 [19136/60000 (32%)]	Loss: 13.084241
Train Epoch: 137 [25536/60000 (43%)]	Loss: 12.033921
Train Epoch: 137 [31936/60000 (53%)]	Loss: 13.047178
Train Epoch: 137 [38336/60000 (64%)]	Loss: 11.797055
Train Epoch: 137 [44736/60000 (75%)]	Loss: 15.297811
Train Epoch: 137 [51136/60000 (85%)]	Loss: 15.303391
Train Epoch: 137 [57536/60000 (96%)]	Loss: 12.971865

Test set: Average loss: 14.0290, Accuracy: 949/10000 (9%)

Train Epoch: 138 [6336/60000 (11%)]	Loss: 12.552247
Train Epoch: 138 [12736/60000 (21%)]	Loss: 12.198639
Train Epoch: 138 [19136/60000 (32%)]	Loss: 13.096663
Train Epoch: 138 [25536/60000 (43%)]	Loss: 10.078167
Train Epoch: 138 [31936/60000 (53%)]	Loss: 11.873432
Train Epoch: 138 [38336/60000 (64%)]	Loss: 13.622335
Train Epoch: 138 [44736/60000 (75%)]	Loss: 14.310404
Train Epoch: 138 [51136/60000 (85%)]	Loss: 16.412218
Train Epoch: 138 [57536/60000 (96%)]	Loss: 15.354879

Test set: Average loss: 13.3190, Accuracy: 1022/10000 (10%)

Train Epoch: 139 [6336/60000 (11%)]	Loss: 14.186075
Train Epoch: 139 [12736/60000 (21%)]	Loss: 14.005638
Train Epoch: 139 [19136/60000 (32%)]	Loss: 13.530193
Train Epoch: 139 [25536/60000 (43%)]	Loss: 13.322310
Train Epoch: 139 [31936/60000 (53%)]	Loss: 15.036621
Train Epoch: 139 [38336/60000 (64%)]	Loss: 13.887072
Train Epoch: 139 [44736/60000 (75%)]	Loss: 15.151886
Train Epoch: 139 [51136/60000 (85%)]	Loss: 12.137623
Train Epoch: 139 [57536/60000 (96%)]	Loss: 15.572738

Test set: Average loss: 13.4958, Accuracy: 1004/10000 (10%)

Train Epoch: 140 [6336/60000 (11%)]	Loss: 13.512541
Train Epoch: 140 [12736/60000 (21%)]	Loss: 14.445326
Train Epoch: 140 [19136/60000 (32%)]	Loss: 12.238118
Train Epoch: 140 [25536/60000 (43%)]	Loss: 11.588841
Train Epoch: 140 [31936/60000 (53%)]	Loss: 14.406816
Train Epoch: 140 [38336/60000 (64%)]	Loss: 13.214927
Train Epoch: 140 [44736/60000 (75%)]	Loss: 13.749105
Train Epoch: 140 [51136/60000 (85%)]	Loss: 11.597010
Train Epoch: 140 [57536/60000 (96%)]	Loss: 15.948972

Test set: Average loss: 13.9918, Accuracy: 1028/10000 (10%)

Train Epoch: 141 [6336/60000 (11%)]	Loss: 12.003232
Train Epoch: 141 [12736/60000 (21%)]	Loss: 13.688244
Train Epoch: 141 [19136/60000 (32%)]	Loss: 14.804867
Train Epoch: 141 [25536/60000 (43%)]	Loss: 11.791142
Train Epoch: 141 [31936/60000 (53%)]	Loss: 11.960682
Train Epoch: 141 [38336/60000 (64%)]	Loss: 14.241741
Train Epoch: 141 [44736/60000 (75%)]	Loss: 10.719282
Train Epoch: 141 [51136/60000 (85%)]	Loss: 13.322019
Train Epoch: 141 [57536/60000 (96%)]	Loss: 12.959241

Test set: Average loss: 13.8393, Accuracy: 1024/10000 (10%)

Train Epoch: 142 [6336/60000 (11%)]	Loss: 13.132871
Train Epoch: 142 [12736/60000 (21%)]	Loss: 9.423174
Train Epoch: 142 [19136/60000 (32%)]	Loss: 16.747263
Train Epoch: 142 [25536/60000 (43%)]	Loss: 12.387798
Train Epoch: 142 [31936/60000 (53%)]	Loss: 13.298766
Train Epoch: 142 [38336/60000 (64%)]	Loss: 13.129046
Train Epoch: 142 [44736/60000 (75%)]	Loss: 13.792757
Train Epoch: 142 [51136/60000 (85%)]	Loss: 12.231448
Train Epoch: 142 [57536/60000 (96%)]	Loss: 16.132082

Test set: Average loss: 13.5335, Accuracy: 993/10000 (10%)

Train Epoch: 143 [6336/60000 (11%)]	Loss: 13.629708
Train Epoch: 143 [12736/60000 (21%)]	Loss: 11.682697
Train Epoch: 143 [19136/60000 (32%)]	Loss: 13.065889
Train Epoch: 143 [25536/60000 (43%)]	Loss: 11.712021
Train Epoch: 143 [31936/60000 (53%)]	Loss: 14.286915
Train Epoch: 143 [38336/60000 (64%)]	Loss: 13.301116
Train Epoch: 143 [44736/60000 (75%)]	Loss: 13.963011
Train Epoch: 143 [51136/60000 (85%)]	Loss: 11.575555
Train Epoch: 143 [57536/60000 (96%)]	Loss: 13.394300

Test set: Average loss: 13.7022, Accuracy: 1037/10000 (10%)

Train Epoch: 144 [6336/60000 (11%)]	Loss: 12.526411
Train Epoch: 144 [12736/60000 (21%)]	Loss: 11.331455
Train Epoch: 144 [19136/60000 (32%)]	Loss: 12.187831
Train Epoch: 144 [25536/60000 (43%)]	Loss: 14.069047
Train Epoch: 144 [31936/60000 (53%)]	Loss: 13.173731
Train Epoch: 144 [38336/60000 (64%)]	Loss: 15.541230
Train Epoch: 144 [44736/60000 (75%)]	Loss: 11.615874
Train Epoch: 144 [51136/60000 (85%)]	Loss: 13.815866
Train Epoch: 144 [57536/60000 (96%)]	Loss: 12.822069

Test set: Average loss: 13.5914, Accuracy: 962/10000 (10%)

Train Epoch: 145 [6336/60000 (11%)]	Loss: 13.917145
Train Epoch: 145 [12736/60000 (21%)]	Loss: 10.938311
Train Epoch: 145 [19136/60000 (32%)]	Loss: 12.324291
Train Epoch: 145 [25536/60000 (43%)]	Loss: 13.427254
Train Epoch: 145 [31936/60000 (53%)]	Loss: 12.081779
Train Epoch: 145 [38336/60000 (64%)]	Loss: 12.326294
Train Epoch: 145 [44736/60000 (75%)]	Loss: 12.587138
Train Epoch: 145 [51136/60000 (85%)]	Loss: 14.019453
Train Epoch: 145 [57536/60000 (96%)]	Loss: 12.189345

Test set: Average loss: 14.1770, Accuracy: 938/10000 (9%)

Train Epoch: 146 [6336/60000 (11%)]	Loss: 11.772389
Train Epoch: 146 [12736/60000 (21%)]	Loss: 11.290963
Train Epoch: 146 [19136/60000 (32%)]	Loss: 12.530105
Train Epoch: 146 [25536/60000 (43%)]	Loss: 12.774584
Train Epoch: 146 [31936/60000 (53%)]	Loss: 12.062247
Train Epoch: 146 [38336/60000 (64%)]	Loss: 14.131428
Train Epoch: 146 [44736/60000 (75%)]	Loss: 14.326095
Train Epoch: 146 [51136/60000 (85%)]	Loss: 13.774644
Train Epoch: 146 [57536/60000 (96%)]	Loss: 12.063906

Test set: Average loss: 13.8803, Accuracy: 1013/10000 (10%)

Train Epoch: 147 [6336/60000 (11%)]	Loss: 14.857732
Train Epoch: 147 [12736/60000 (21%)]	Loss: 14.310040
Train Epoch: 147 [19136/60000 (32%)]	Loss: 11.227526
Train Epoch: 147 [25536/60000 (43%)]	Loss: 14.513235
Train Epoch: 147 [31936/60000 (53%)]	Loss: 14.039176
Train Epoch: 147 [38336/60000 (64%)]	Loss: 13.073436
Train Epoch: 147 [44736/60000 (75%)]	Loss: 14.667429
Train Epoch: 147 [51136/60000 (85%)]	Loss: 14.947067
Train Epoch: 147 [57536/60000 (96%)]	Loss: 13.225247

Test set: Average loss: 13.3510, Accuracy: 996/10000 (10%)

Train Epoch: 148 [6336/60000 (11%)]	Loss: 14.285622
Train Epoch: 148 [12736/60000 (21%)]	Loss: 11.789139
Train Epoch: 148 [19136/60000 (32%)]	Loss: 14.277277
Train Epoch: 148 [25536/60000 (43%)]	Loss: 15.463005
Train Epoch: 148 [31936/60000 (53%)]	Loss: 13.092614
Train Epoch: 148 [38336/60000 (64%)]	Loss: 12.378603
Train Epoch: 148 [44736/60000 (75%)]	Loss: 13.563348
Train Epoch: 148 [51136/60000 (85%)]	Loss: 14.181564
Train Epoch: 148 [57536/60000 (96%)]	Loss: 12.460591

Test set: Average loss: 13.2680, Accuracy: 1011/10000 (10%)

Train Epoch: 149 [6336/60000 (11%)]	Loss: 14.004149
Train Epoch: 149 [12736/60000 (21%)]	Loss: 13.300304
Train Epoch: 149 [19136/60000 (32%)]	Loss: 12.520003
Train Epoch: 149 [25536/60000 (43%)]	Loss: 14.036408
Train Epoch: 149 [31936/60000 (53%)]	Loss: 14.018235
Train Epoch: 149 [38336/60000 (64%)]	Loss: 12.089158
Train Epoch: 149 [44736/60000 (75%)]	Loss: 13.485973
Train Epoch: 149 [51136/60000 (85%)]	Loss: 13.498658
Train Epoch: 149 [57536/60000 (96%)]	Loss: 13.859899

Test set: Average loss: 13.7400, Accuracy: 1058/10000 (11%)

Train Epoch: 150 [6336/60000 (11%)]	Loss: 12.832692
Train Epoch: 150 [12736/60000 (21%)]	Loss: 13.602609
Train Epoch: 150 [19136/60000 (32%)]	Loss: 12.349960
Train Epoch: 150 [25536/60000 (43%)]	Loss: 11.483744
Train Epoch: 150 [31936/60000 (53%)]	Loss: 15.352916
Train Epoch: 150 [38336/60000 (64%)]	Loss: 14.061220
Train Epoch: 150 [44736/60000 (75%)]	Loss: 9.956732
Train Epoch: 150 [51136/60000 (85%)]	Loss: 14.038292
Train Epoch: 150 [57536/60000 (96%)]	Loss: 14.570683

Test set: Average loss: 13.4381, Accuracy: 980/10000 (10%)

Namespace(batch_size=64, bias=None, data='../data', device=0, epochs=150, hidden_size=500, load_weights='./paper/lenet5/lenet5_e50_h500.pt', log_interval=100, lr=0.01, model='redlenet5', momentum=0.9, no_cuda=False, r=5, save_model=None, save_results=True, seed=1, sparsity=0.02, use_relu=False, wd=0.0005)


Total time spent pruning/training: 31.93 minutes
Total number of parameters in model: 300170
Number of parameters in pruned model: 294218
