Namespace(batch_size=64, bias=None, data='../data', device=0, epochs=150, hidden_size=500, load_weights='./paper/lenet5/lenet5_e50_h500.pt', log_interval=100, lr=0.01, model='redlenet5', momentum=0.9, no_cuda=False, r=5, save_model=None, save_results=True, seed=1, sparsity=0.5, use_relu=True, wd=0.0005) 

Training a RedLeNet5 network ...
Train Epoch: 1 [6336/60000 (11%)]	Loss: 1.928482
Train Epoch: 1 [12736/60000 (21%)]	Loss: 1.544259
Train Epoch: 1 [19136/60000 (32%)]	Loss: 0.911311
Train Epoch: 1 [25536/60000 (43%)]	Loss: 0.696201
Train Epoch: 1 [31936/60000 (53%)]	Loss: 0.851145
Train Epoch: 1 [38336/60000 (64%)]	Loss: 0.988208
Train Epoch: 1 [44736/60000 (75%)]	Loss: 0.712000
Train Epoch: 1 [51136/60000 (85%)]	Loss: 0.769431
Train Epoch: 1 [57536/60000 (96%)]	Loss: 0.587024

Test set: Average loss: 0.5910, Accuracy: 8313/10000 (83%)

Train Epoch: 2 [6336/60000 (11%)]	Loss: 0.567878
Train Epoch: 2 [12736/60000 (21%)]	Loss: 0.423047
Train Epoch: 2 [19136/60000 (32%)]	Loss: 0.523660
Train Epoch: 2 [25536/60000 (43%)]	Loss: 0.521435
Train Epoch: 2 [31936/60000 (53%)]	Loss: 0.611553
Train Epoch: 2 [38336/60000 (64%)]	Loss: 0.652162
Train Epoch: 2 [44736/60000 (75%)]	Loss: 0.302171
Train Epoch: 2 [51136/60000 (85%)]	Loss: 0.485110
Train Epoch: 2 [57536/60000 (96%)]	Loss: 0.478390

Test set: Average loss: 0.4548, Accuracy: 8711/10000 (87%)

Train Epoch: 3 [6336/60000 (11%)]	Loss: 0.550801
Train Epoch: 3 [12736/60000 (21%)]	Loss: 0.436706
Train Epoch: 3 [19136/60000 (32%)]	Loss: 0.373032
Train Epoch: 3 [25536/60000 (43%)]	Loss: 0.309767
Train Epoch: 3 [31936/60000 (53%)]	Loss: 0.456067
Train Epoch: 3 [38336/60000 (64%)]	Loss: 0.438760
Train Epoch: 3 [44736/60000 (75%)]	Loss: 0.401213
Train Epoch: 3 [51136/60000 (85%)]	Loss: 0.347319
Train Epoch: 3 [57536/60000 (96%)]	Loss: 0.509079

Test set: Average loss: 0.4089, Accuracy: 8853/10000 (89%)

Train Epoch: 4 [6336/60000 (11%)]	Loss: 0.515838
Train Epoch: 4 [12736/60000 (21%)]	Loss: 0.384479
Train Epoch: 4 [19136/60000 (32%)]	Loss: 0.374400
Train Epoch: 4 [25536/60000 (43%)]	Loss: 0.385311
Train Epoch: 4 [31936/60000 (53%)]	Loss: 0.389628
Train Epoch: 4 [38336/60000 (64%)]	Loss: 0.426581
Train Epoch: 4 [44736/60000 (75%)]	Loss: 0.285324
Train Epoch: 4 [51136/60000 (85%)]	Loss: 0.409194
Train Epoch: 4 [57536/60000 (96%)]	Loss: 0.428316

Test set: Average loss: 0.3437, Accuracy: 9091/10000 (91%)

Train Epoch: 5 [6336/60000 (11%)]	Loss: 0.353528
Train Epoch: 5 [12736/60000 (21%)]	Loss: 0.420024
Train Epoch: 5 [19136/60000 (32%)]	Loss: 0.422466
Train Epoch: 5 [25536/60000 (43%)]	Loss: 0.380479
Train Epoch: 5 [31936/60000 (53%)]	Loss: 0.606723
Train Epoch: 5 [38336/60000 (64%)]	Loss: 0.223702
Train Epoch: 5 [44736/60000 (75%)]	Loss: 0.424813
Train Epoch: 5 [51136/60000 (85%)]	Loss: 0.306063
Train Epoch: 5 [57536/60000 (96%)]	Loss: 0.383482

Test set: Average loss: 0.3404, Accuracy: 9058/10000 (91%)

Train Epoch: 6 [6336/60000 (11%)]	Loss: 0.302056
Train Epoch: 6 [12736/60000 (21%)]	Loss: 0.266774
Train Epoch: 6 [19136/60000 (32%)]	Loss: 0.285061
Train Epoch: 6 [25536/60000 (43%)]	Loss: 0.421243
Train Epoch: 6 [31936/60000 (53%)]	Loss: 0.435303
Train Epoch: 6 [38336/60000 (64%)]	Loss: 0.468030
Train Epoch: 6 [44736/60000 (75%)]	Loss: 0.267971
Train Epoch: 6 [51136/60000 (85%)]	Loss: 0.388706
Train Epoch: 6 [57536/60000 (96%)]	Loss: 0.422338

Test set: Average loss: 0.3661, Accuracy: 8976/10000 (90%)

Train Epoch: 7 [6336/60000 (11%)]	Loss: 0.350022
Train Epoch: 7 [12736/60000 (21%)]	Loss: 0.303897
Train Epoch: 7 [19136/60000 (32%)]	Loss: 0.442231
Train Epoch: 7 [25536/60000 (43%)]	Loss: 0.295006
Train Epoch: 7 [31936/60000 (53%)]	Loss: 0.412899
Train Epoch: 7 [38336/60000 (64%)]	Loss: 0.184909
Train Epoch: 7 [44736/60000 (75%)]	Loss: 0.348624
Train Epoch: 7 [51136/60000 (85%)]	Loss: 0.396133
Train Epoch: 7 [57536/60000 (96%)]	Loss: 0.269183

Test set: Average loss: 0.3401, Accuracy: 8992/10000 (90%)

Train Epoch: 8 [6336/60000 (11%)]	Loss: 0.276908
Train Epoch: 8 [12736/60000 (21%)]	Loss: 0.429414
Train Epoch: 8 [19136/60000 (32%)]	Loss: 0.459844
Train Epoch: 8 [25536/60000 (43%)]	Loss: 0.324839
Train Epoch: 8 [31936/60000 (53%)]	Loss: 0.210228
Train Epoch: 8 [38336/60000 (64%)]	Loss: 0.418834
Train Epoch: 8 [44736/60000 (75%)]	Loss: 0.147746
Train Epoch: 8 [51136/60000 (85%)]	Loss: 0.371674
Train Epoch: 8 [57536/60000 (96%)]	Loss: 0.383288

Test set: Average loss: 0.3279, Accuracy: 9043/10000 (90%)

Train Epoch: 9 [6336/60000 (11%)]	Loss: 0.277183
Train Epoch: 9 [12736/60000 (21%)]	Loss: 0.355581
Train Epoch: 9 [19136/60000 (32%)]	Loss: 0.359204
Train Epoch: 9 [25536/60000 (43%)]	Loss: 0.239932
Train Epoch: 9 [31936/60000 (53%)]	Loss: 0.207890
Train Epoch: 9 [38336/60000 (64%)]	Loss: 0.208674
Train Epoch: 9 [44736/60000 (75%)]	Loss: 0.417555
Train Epoch: 9 [51136/60000 (85%)]	Loss: 0.407126
Train Epoch: 9 [57536/60000 (96%)]	Loss: 0.342487

Test set: Average loss: 0.3107, Accuracy: 9159/10000 (92%)

Train Epoch: 10 [6336/60000 (11%)]	Loss: 0.160978
Train Epoch: 10 [12736/60000 (21%)]	Loss: 0.360423
Train Epoch: 10 [19136/60000 (32%)]	Loss: 0.264710
Train Epoch: 10 [25536/60000 (43%)]	Loss: 0.325197
Train Epoch: 10 [31936/60000 (53%)]	Loss: 0.399159
Train Epoch: 10 [38336/60000 (64%)]	Loss: 0.309157
Train Epoch: 10 [44736/60000 (75%)]	Loss: 0.289985
Train Epoch: 10 [51136/60000 (85%)]	Loss: 0.207669
Train Epoch: 10 [57536/60000 (96%)]	Loss: 0.264196

Test set: Average loss: 0.2916, Accuracy: 9179/10000 (92%)

Train Epoch: 11 [6336/60000 (11%)]	Loss: 0.202976
Train Epoch: 11 [12736/60000 (21%)]	Loss: 0.202908
Train Epoch: 11 [19136/60000 (32%)]	Loss: 0.356532
Train Epoch: 11 [25536/60000 (43%)]	Loss: 0.223966
Train Epoch: 11 [31936/60000 (53%)]	Loss: 0.255889
Train Epoch: 11 [38336/60000 (64%)]	Loss: 0.237369
Train Epoch: 11 [44736/60000 (75%)]	Loss: 0.201316
Train Epoch: 11 [51136/60000 (85%)]	Loss: 0.272886
Train Epoch: 11 [57536/60000 (96%)]	Loss: 0.419978

Test set: Average loss: 0.2834, Accuracy: 9215/10000 (92%)

Train Epoch: 12 [6336/60000 (11%)]	Loss: 0.298629
Train Epoch: 12 [12736/60000 (21%)]	Loss: 0.263801
Train Epoch: 12 [19136/60000 (32%)]	Loss: 0.388810
Train Epoch: 12 [25536/60000 (43%)]	Loss: 0.334076
Train Epoch: 12 [31936/60000 (53%)]	Loss: 0.255444
Train Epoch: 12 [38336/60000 (64%)]	Loss: 0.281548
Train Epoch: 12 [44736/60000 (75%)]	Loss: 0.329505
Train Epoch: 12 [51136/60000 (85%)]	Loss: 0.284164
Train Epoch: 12 [57536/60000 (96%)]	Loss: 0.304892

Test set: Average loss: 0.2731, Accuracy: 9275/10000 (93%)

Train Epoch: 13 [6336/60000 (11%)]	Loss: 0.284965
Train Epoch: 13 [12736/60000 (21%)]	Loss: 0.240092
Train Epoch: 13 [19136/60000 (32%)]	Loss: 0.208160
Train Epoch: 13 [25536/60000 (43%)]	Loss: 0.267795
Train Epoch: 13 [31936/60000 (53%)]	Loss: 0.443584
Train Epoch: 13 [38336/60000 (64%)]	Loss: 0.140749
Train Epoch: 13 [44736/60000 (75%)]	Loss: 0.347064
Train Epoch: 13 [51136/60000 (85%)]	Loss: 0.420164
Train Epoch: 13 [57536/60000 (96%)]	Loss: 0.324686

Test set: Average loss: 0.2577, Accuracy: 9324/10000 (93%)

Train Epoch: 14 [6336/60000 (11%)]	Loss: 0.203760
Train Epoch: 14 [12736/60000 (21%)]	Loss: 0.167812
Train Epoch: 14 [19136/60000 (32%)]	Loss: 0.384041
Train Epoch: 14 [25536/60000 (43%)]	Loss: 0.235575
Train Epoch: 14 [31936/60000 (53%)]	Loss: 0.420682
Train Epoch: 14 [38336/60000 (64%)]	Loss: 0.325748
Train Epoch: 14 [44736/60000 (75%)]	Loss: 0.131862
Train Epoch: 14 [51136/60000 (85%)]	Loss: 0.255506
Train Epoch: 14 [57536/60000 (96%)]	Loss: 0.365946

Test set: Average loss: 0.2498, Accuracy: 9320/10000 (93%)

Train Epoch: 15 [6336/60000 (11%)]	Loss: 0.249425
Train Epoch: 15 [12736/60000 (21%)]	Loss: 0.212542
Train Epoch: 15 [19136/60000 (32%)]	Loss: 0.231271
Train Epoch: 15 [25536/60000 (43%)]	Loss: 0.329730
Train Epoch: 15 [31936/60000 (53%)]	Loss: 0.242640
Train Epoch: 15 [38336/60000 (64%)]	Loss: 0.303722
Train Epoch: 15 [44736/60000 (75%)]	Loss: 0.335293
Train Epoch: 15 [51136/60000 (85%)]	Loss: 0.271568
Train Epoch: 15 [57536/60000 (96%)]	Loss: 0.183942

Test set: Average loss: 0.2529, Accuracy: 9312/10000 (93%)

Train Epoch: 16 [6336/60000 (11%)]	Loss: 0.400432
Train Epoch: 16 [12736/60000 (21%)]	Loss: 0.297216
Train Epoch: 16 [19136/60000 (32%)]	Loss: 0.172938
Train Epoch: 16 [25536/60000 (43%)]	Loss: 0.182991
Train Epoch: 16 [31936/60000 (53%)]	Loss: 0.279226
Train Epoch: 16 [38336/60000 (64%)]	Loss: 0.279259
Train Epoch: 16 [44736/60000 (75%)]	Loss: 0.191529
Train Epoch: 16 [51136/60000 (85%)]	Loss: 0.286443
Train Epoch: 16 [57536/60000 (96%)]	Loss: 0.232077

Test set: Average loss: 0.2461, Accuracy: 9366/10000 (94%)

Train Epoch: 17 [6336/60000 (11%)]	Loss: 0.454664
Train Epoch: 17 [12736/60000 (21%)]	Loss: 0.340698
Train Epoch: 17 [19136/60000 (32%)]	Loss: 0.284325
Train Epoch: 17 [25536/60000 (43%)]	Loss: 0.189805
Train Epoch: 17 [31936/60000 (53%)]	Loss: 0.233994
Train Epoch: 17 [38336/60000 (64%)]	Loss: 0.175755
Train Epoch: 17 [44736/60000 (75%)]	Loss: 0.350201
Train Epoch: 17 [51136/60000 (85%)]	Loss: 0.151792
Train Epoch: 17 [57536/60000 (96%)]	Loss: 0.336571

Test set: Average loss: 0.2326, Accuracy: 9348/10000 (93%)

Train Epoch: 18 [6336/60000 (11%)]	Loss: 0.185237
Train Epoch: 18 [12736/60000 (21%)]	Loss: 0.278615
Train Epoch: 18 [19136/60000 (32%)]	Loss: 0.219110
Train Epoch: 18 [25536/60000 (43%)]	Loss: 0.147645
Train Epoch: 18 [31936/60000 (53%)]	Loss: 0.224234
Train Epoch: 18 [38336/60000 (64%)]	Loss: 0.317628
Train Epoch: 18 [44736/60000 (75%)]	Loss: 0.261031
Train Epoch: 18 [51136/60000 (85%)]	Loss: 0.167135
Train Epoch: 18 [57536/60000 (96%)]	Loss: 0.275782

Test set: Average loss: 0.2329, Accuracy: 9379/10000 (94%)

Train Epoch: 19 [6336/60000 (11%)]	Loss: 0.204630
Train Epoch: 19 [12736/60000 (21%)]	Loss: 0.261145
Train Epoch: 19 [19136/60000 (32%)]	Loss: 0.176563
Train Epoch: 19 [25536/60000 (43%)]	Loss: 0.213497
Train Epoch: 19 [31936/60000 (53%)]	Loss: 0.300986
Train Epoch: 19 [38336/60000 (64%)]	Loss: 0.190655
Train Epoch: 19 [44736/60000 (75%)]	Loss: 0.227160
Train Epoch: 19 [51136/60000 (85%)]	Loss: 0.168244
Train Epoch: 19 [57536/60000 (96%)]	Loss: 0.351829

Test set: Average loss: 0.2245, Accuracy: 9400/10000 (94%)

Train Epoch: 20 [6336/60000 (11%)]	Loss: 0.165785
Train Epoch: 20 [12736/60000 (21%)]	Loss: 0.175862
Train Epoch: 20 [19136/60000 (32%)]	Loss: 0.248558
Train Epoch: 20 [25536/60000 (43%)]	Loss: 0.552972
Train Epoch: 20 [31936/60000 (53%)]	Loss: 0.239577
Train Epoch: 20 [38336/60000 (64%)]	Loss: 0.225370
Train Epoch: 20 [44736/60000 (75%)]	Loss: 0.355061
Train Epoch: 20 [51136/60000 (85%)]	Loss: 0.360215
Train Epoch: 20 [57536/60000 (96%)]	Loss: 0.271395

Test set: Average loss: 0.2340, Accuracy: 9354/10000 (94%)

Train Epoch: 21 [6336/60000 (11%)]	Loss: 0.217360
Train Epoch: 21 [12736/60000 (21%)]	Loss: 0.150163
Train Epoch: 21 [19136/60000 (32%)]	Loss: 0.236254
Train Epoch: 21 [25536/60000 (43%)]	Loss: 0.279641
Train Epoch: 21 [31936/60000 (53%)]	Loss: 0.306255
Train Epoch: 21 [38336/60000 (64%)]	Loss: 0.152646
Train Epoch: 21 [44736/60000 (75%)]	Loss: 0.415746
Train Epoch: 21 [51136/60000 (85%)]	Loss: 0.300469
Train Epoch: 21 [57536/60000 (96%)]	Loss: 0.225902

Test set: Average loss: 0.2478, Accuracy: 9292/10000 (93%)

Train Epoch: 22 [6336/60000 (11%)]	Loss: 0.220842
Train Epoch: 22 [12736/60000 (21%)]	Loss: 0.244020
Train Epoch: 22 [19136/60000 (32%)]	Loss: 0.269395
Train Epoch: 22 [25536/60000 (43%)]	Loss: 0.213190
Train Epoch: 22 [31936/60000 (53%)]	Loss: 0.293628
Train Epoch: 22 [38336/60000 (64%)]	Loss: 0.292827
Train Epoch: 22 [44736/60000 (75%)]	Loss: 0.124083
Train Epoch: 22 [51136/60000 (85%)]	Loss: 0.180855
Train Epoch: 22 [57536/60000 (96%)]	Loss: 0.329687

Test set: Average loss: 0.2148, Accuracy: 9438/10000 (94%)

Train Epoch: 23 [6336/60000 (11%)]	Loss: 0.119469
Train Epoch: 23 [12736/60000 (21%)]	Loss: 0.258590
Train Epoch: 23 [19136/60000 (32%)]	Loss: 0.147164
Train Epoch: 23 [25536/60000 (43%)]	Loss: 0.361950
Train Epoch: 23 [31936/60000 (53%)]	Loss: 0.211828
Train Epoch: 23 [38336/60000 (64%)]	Loss: 0.220635
Train Epoch: 23 [44736/60000 (75%)]	Loss: 0.172385
Train Epoch: 23 [51136/60000 (85%)]	Loss: 0.254972
Train Epoch: 23 [57536/60000 (96%)]	Loss: 0.125073

Test set: Average loss: 0.2292, Accuracy: 9361/10000 (94%)

Train Epoch: 24 [6336/60000 (11%)]	Loss: 0.229930
Train Epoch: 24 [12736/60000 (21%)]	Loss: 0.221160
Train Epoch: 24 [19136/60000 (32%)]	Loss: 0.256577
Train Epoch: 24 [25536/60000 (43%)]	Loss: 0.174920
Train Epoch: 24 [31936/60000 (53%)]	Loss: 0.252394
Train Epoch: 24 [38336/60000 (64%)]	Loss: 0.184703
Train Epoch: 24 [44736/60000 (75%)]	Loss: 0.297024
Train Epoch: 24 [51136/60000 (85%)]	Loss: 0.237195
Train Epoch: 24 [57536/60000 (96%)]	Loss: 0.204236

Test set: Average loss: 0.2374, Accuracy: 9330/10000 (93%)

Train Epoch: 25 [6336/60000 (11%)]	Loss: 0.118549
Train Epoch: 25 [12736/60000 (21%)]	Loss: 0.267787
Train Epoch: 25 [19136/60000 (32%)]	Loss: 0.190454
Train Epoch: 25 [25536/60000 (43%)]	Loss: 0.275881
Train Epoch: 25 [31936/60000 (53%)]	Loss: 0.288100
Train Epoch: 25 [38336/60000 (64%)]	Loss: 0.393189
Train Epoch: 25 [44736/60000 (75%)]	Loss: 0.246079
Train Epoch: 25 [51136/60000 (85%)]	Loss: 0.204976
Train Epoch: 25 [57536/60000 (96%)]	Loss: 0.249187

Test set: Average loss: 0.2610, Accuracy: 9269/10000 (93%)

Train Epoch: 26 [6336/60000 (11%)]	Loss: 0.106599
Train Epoch: 26 [12736/60000 (21%)]	Loss: 0.179848
Train Epoch: 26 [19136/60000 (32%)]	Loss: 0.239090
Train Epoch: 26 [25536/60000 (43%)]	Loss: 0.192781
Train Epoch: 26 [31936/60000 (53%)]	Loss: 0.204867
Train Epoch: 26 [38336/60000 (64%)]	Loss: 0.286976
Train Epoch: 26 [44736/60000 (75%)]	Loss: 0.230000
Train Epoch: 26 [51136/60000 (85%)]	Loss: 0.311294
Train Epoch: 26 [57536/60000 (96%)]	Loss: 0.362254

Test set: Average loss: 0.2229, Accuracy: 9387/10000 (94%)

Train Epoch: 27 [6336/60000 (11%)]	Loss: 0.311249
Train Epoch: 27 [12736/60000 (21%)]	Loss: 0.234175
Train Epoch: 27 [19136/60000 (32%)]	Loss: 0.319427
Train Epoch: 27 [25536/60000 (43%)]	Loss: 0.219626
Train Epoch: 27 [31936/60000 (53%)]	Loss: 0.194741
Train Epoch: 27 [38336/60000 (64%)]	Loss: 0.181176
Train Epoch: 27 [44736/60000 (75%)]	Loss: 0.158720
Train Epoch: 27 [51136/60000 (85%)]	Loss: 0.195130
Train Epoch: 27 [57536/60000 (96%)]	Loss: 0.242519

Test set: Average loss: 0.2259, Accuracy: 9371/10000 (94%)

Train Epoch: 28 [6336/60000 (11%)]	Loss: 0.377471
Train Epoch: 28 [12736/60000 (21%)]	Loss: 0.146502
Train Epoch: 28 [19136/60000 (32%)]	Loss: 0.373809
Train Epoch: 28 [25536/60000 (43%)]	Loss: 0.181782
Train Epoch: 28 [31936/60000 (53%)]	Loss: 0.258148
Train Epoch: 28 [38336/60000 (64%)]	Loss: 0.247484
Train Epoch: 28 [44736/60000 (75%)]	Loss: 0.224934
Train Epoch: 28 [51136/60000 (85%)]	Loss: 0.255382
Train Epoch: 28 [57536/60000 (96%)]	Loss: 0.220020

Test set: Average loss: 0.2474, Accuracy: 9313/10000 (93%)

Train Epoch: 29 [6336/60000 (11%)]	Loss: 0.445329
Train Epoch: 29 [12736/60000 (21%)]	Loss: 0.231534
Train Epoch: 29 [19136/60000 (32%)]	Loss: 0.240901
Train Epoch: 29 [25536/60000 (43%)]	Loss: 0.214280
Train Epoch: 29 [31936/60000 (53%)]	Loss: 0.188381
Train Epoch: 29 [38336/60000 (64%)]	Loss: 0.253939
Train Epoch: 29 [44736/60000 (75%)]	Loss: 0.193757
Train Epoch: 29 [51136/60000 (85%)]	Loss: 0.249124
Train Epoch: 29 [57536/60000 (96%)]	Loss: 0.238862

Test set: Average loss: 0.2177, Accuracy: 9369/10000 (94%)

Train Epoch: 30 [6336/60000 (11%)]	Loss: 0.235427
Train Epoch: 30 [12736/60000 (21%)]	Loss: 0.226174
Train Epoch: 30 [19136/60000 (32%)]	Loss: 0.209023
Train Epoch: 30 [25536/60000 (43%)]	Loss: 0.184239
Train Epoch: 30 [31936/60000 (53%)]	Loss: 0.122710
Train Epoch: 30 [38336/60000 (64%)]	Loss: 0.248251
Train Epoch: 30 [44736/60000 (75%)]	Loss: 0.141474
Train Epoch: 30 [51136/60000 (85%)]	Loss: 0.264198
Train Epoch: 30 [57536/60000 (96%)]	Loss: 0.134726

Test set: Average loss: 0.2205, Accuracy: 9402/10000 (94%)

Train Epoch: 31 [6336/60000 (11%)]	Loss: 0.281786
Train Epoch: 31 [12736/60000 (21%)]	Loss: 0.231301
Train Epoch: 31 [19136/60000 (32%)]	Loss: 0.127632
Train Epoch: 31 [25536/60000 (43%)]	Loss: 0.260011
Train Epoch: 31 [31936/60000 (53%)]	Loss: 0.219872
Train Epoch: 31 [38336/60000 (64%)]	Loss: 0.305251
Train Epoch: 31 [44736/60000 (75%)]	Loss: 0.199014
Train Epoch: 31 [51136/60000 (85%)]	Loss: 0.222486
Train Epoch: 31 [57536/60000 (96%)]	Loss: 0.226898

Test set: Average loss: 0.2030, Accuracy: 9462/10000 (95%)

Train Epoch: 32 [6336/60000 (11%)]	Loss: 0.248519
Train Epoch: 32 [12736/60000 (21%)]	Loss: 0.303754
Train Epoch: 32 [19136/60000 (32%)]	Loss: 0.261428
Train Epoch: 32 [25536/60000 (43%)]	Loss: 0.158855
Train Epoch: 32 [31936/60000 (53%)]	Loss: 0.348501
Train Epoch: 32 [38336/60000 (64%)]	Loss: 0.283297
Train Epoch: 32 [44736/60000 (75%)]	Loss: 0.163898
Train Epoch: 32 [51136/60000 (85%)]	Loss: 0.386852
Train Epoch: 32 [57536/60000 (96%)]	Loss: 0.213774

Test set: Average loss: 0.1956, Accuracy: 9516/10000 (95%)

Train Epoch: 33 [6336/60000 (11%)]	Loss: 0.228656
Train Epoch: 33 [12736/60000 (21%)]	Loss: 0.196144
Train Epoch: 33 [19136/60000 (32%)]	Loss: 0.223074
Train Epoch: 33 [25536/60000 (43%)]	Loss: 0.189510
Train Epoch: 33 [31936/60000 (53%)]	Loss: 0.185679
Train Epoch: 33 [38336/60000 (64%)]	Loss: 0.188265
Train Epoch: 33 [44736/60000 (75%)]	Loss: 0.213122
Train Epoch: 33 [51136/60000 (85%)]	Loss: 0.264806
Train Epoch: 33 [57536/60000 (96%)]	Loss: 0.316691

Test set: Average loss: 0.2144, Accuracy: 9428/10000 (94%)

Train Epoch: 34 [6336/60000 (11%)]	Loss: 0.169322
Train Epoch: 34 [12736/60000 (21%)]	Loss: 0.305214
Train Epoch: 34 [19136/60000 (32%)]	Loss: 0.237914
Train Epoch: 34 [25536/60000 (43%)]	Loss: 0.156694
Train Epoch: 34 [31936/60000 (53%)]	Loss: 0.181599
Train Epoch: 34 [38336/60000 (64%)]	Loss: 0.183926
Train Epoch: 34 [44736/60000 (75%)]	Loss: 0.122173
Train Epoch: 34 [51136/60000 (85%)]	Loss: 0.146738
Train Epoch: 34 [57536/60000 (96%)]	Loss: 0.232671

Test set: Average loss: 0.1947, Accuracy: 9470/10000 (95%)

Train Epoch: 35 [6336/60000 (11%)]	Loss: 0.158561
Train Epoch: 35 [12736/60000 (21%)]	Loss: 0.170518
Train Epoch: 35 [19136/60000 (32%)]	Loss: 0.176883
Train Epoch: 35 [25536/60000 (43%)]	Loss: 0.235532
Train Epoch: 35 [31936/60000 (53%)]	Loss: 0.149597
Train Epoch: 35 [38336/60000 (64%)]	Loss: 0.226657
Train Epoch: 35 [44736/60000 (75%)]	Loss: 0.186830
Train Epoch: 35 [51136/60000 (85%)]	Loss: 0.262197
Train Epoch: 35 [57536/60000 (96%)]	Loss: 0.143092

Test set: Average loss: 0.2234, Accuracy: 9399/10000 (94%)

Train Epoch: 36 [6336/60000 (11%)]	Loss: 0.196116
Train Epoch: 36 [12736/60000 (21%)]	Loss: 0.195882
Train Epoch: 36 [19136/60000 (32%)]	Loss: 0.334658
Train Epoch: 36 [25536/60000 (43%)]	Loss: 0.112275
Train Epoch: 36 [31936/60000 (53%)]	Loss: 0.170375
Train Epoch: 36 [38336/60000 (64%)]	Loss: 0.347963
Train Epoch: 36 [44736/60000 (75%)]	Loss: 0.270656
Train Epoch: 36 [51136/60000 (85%)]	Loss: 0.255502
Train Epoch: 36 [57536/60000 (96%)]	Loss: 0.120026

Test set: Average loss: 0.2044, Accuracy: 9438/10000 (94%)

Train Epoch: 37 [6336/60000 (11%)]	Loss: 0.152508
Train Epoch: 37 [12736/60000 (21%)]	Loss: 0.166294
Train Epoch: 37 [19136/60000 (32%)]	Loss: 0.209624
Train Epoch: 37 [25536/60000 (43%)]	Loss: 0.154617
Train Epoch: 37 [31936/60000 (53%)]	Loss: 0.185622
Train Epoch: 37 [38336/60000 (64%)]	Loss: 0.195918
Train Epoch: 37 [44736/60000 (75%)]	Loss: 0.224408
Train Epoch: 37 [51136/60000 (85%)]	Loss: 0.288524
Train Epoch: 37 [57536/60000 (96%)]	Loss: 0.154284

Test set: Average loss: 0.2027, Accuracy: 9448/10000 (94%)

Train Epoch: 38 [6336/60000 (11%)]	Loss: 0.076159
Train Epoch: 38 [12736/60000 (21%)]	Loss: 0.135917
Train Epoch: 38 [19136/60000 (32%)]	Loss: 0.183824
Train Epoch: 38 [25536/60000 (43%)]	Loss: 0.164423
Train Epoch: 38 [31936/60000 (53%)]	Loss: 0.275317
Train Epoch: 38 [38336/60000 (64%)]	Loss: 0.112782
Train Epoch: 38 [44736/60000 (75%)]	Loss: 0.162664
Train Epoch: 38 [51136/60000 (85%)]	Loss: 0.159956
Train Epoch: 38 [57536/60000 (96%)]	Loss: 0.403330

Test set: Average loss: 0.2079, Accuracy: 9442/10000 (94%)

Train Epoch: 39 [6336/60000 (11%)]	Loss: 0.165125
Train Epoch: 39 [12736/60000 (21%)]	Loss: 0.170148
Train Epoch: 39 [19136/60000 (32%)]	Loss: 0.155076
Train Epoch: 39 [25536/60000 (43%)]	Loss: 0.203109
Train Epoch: 39 [31936/60000 (53%)]	Loss: 0.202292
Train Epoch: 39 [38336/60000 (64%)]	Loss: 0.228346
Train Epoch: 39 [44736/60000 (75%)]	Loss: 0.101920
Train Epoch: 39 [51136/60000 (85%)]	Loss: 0.197832
Train Epoch: 39 [57536/60000 (96%)]	Loss: 0.261389

Test set: Average loss: 0.2115, Accuracy: 9429/10000 (94%)

Train Epoch: 40 [6336/60000 (11%)]	Loss: 0.196417
Train Epoch: 40 [12736/60000 (21%)]	Loss: 0.261242
Train Epoch: 40 [19136/60000 (32%)]	Loss: 0.330278
Train Epoch: 40 [25536/60000 (43%)]	Loss: 0.263195
Train Epoch: 40 [31936/60000 (53%)]	Loss: 0.286069
Train Epoch: 40 [38336/60000 (64%)]	Loss: 0.207823
Train Epoch: 40 [44736/60000 (75%)]	Loss: 0.165003
Train Epoch: 40 [51136/60000 (85%)]	Loss: 0.157179
Train Epoch: 40 [57536/60000 (96%)]	Loss: 0.256392

Test set: Average loss: 0.1951, Accuracy: 9477/10000 (95%)

Train Epoch: 41 [6336/60000 (11%)]	Loss: 0.351128
Train Epoch: 41 [12736/60000 (21%)]	Loss: 0.257495
Train Epoch: 41 [19136/60000 (32%)]	Loss: 0.106520
Train Epoch: 41 [25536/60000 (43%)]	Loss: 0.122493
Train Epoch: 41 [31936/60000 (53%)]	Loss: 0.251788
Train Epoch: 41 [38336/60000 (64%)]	Loss: 0.279716
Train Epoch: 41 [44736/60000 (75%)]	Loss: 0.196458
Train Epoch: 41 [51136/60000 (85%)]	Loss: 0.321782
Train Epoch: 41 [57536/60000 (96%)]	Loss: 0.174043

Test set: Average loss: 0.2038, Accuracy: 9464/10000 (95%)

Train Epoch: 42 [6336/60000 (11%)]	Loss: 0.172096
Train Epoch: 42 [12736/60000 (21%)]	Loss: 0.242725
Train Epoch: 42 [19136/60000 (32%)]	Loss: 0.334940
Train Epoch: 42 [25536/60000 (43%)]	Loss: 0.239357
Train Epoch: 42 [31936/60000 (53%)]	Loss: 0.261741
Train Epoch: 42 [38336/60000 (64%)]	Loss: 0.152604
Train Epoch: 42 [44736/60000 (75%)]	Loss: 0.275441
Train Epoch: 42 [51136/60000 (85%)]	Loss: 0.406640
Train Epoch: 42 [57536/60000 (96%)]	Loss: 0.220334

Test set: Average loss: 0.2150, Accuracy: 9408/10000 (94%)

Train Epoch: 43 [6336/60000 (11%)]	Loss: 0.186432
Train Epoch: 43 [12736/60000 (21%)]	Loss: 0.267608
Train Epoch: 43 [19136/60000 (32%)]	Loss: 0.263233
Train Epoch: 43 [25536/60000 (43%)]	Loss: 0.134592
Train Epoch: 43 [31936/60000 (53%)]	Loss: 0.163013
Train Epoch: 43 [38336/60000 (64%)]	Loss: 0.266135
Train Epoch: 43 [44736/60000 (75%)]	Loss: 0.092532
Train Epoch: 43 [51136/60000 (85%)]	Loss: 0.190569
Train Epoch: 43 [57536/60000 (96%)]	Loss: 0.296194

Test set: Average loss: 0.2010, Accuracy: 9457/10000 (95%)

Train Epoch: 44 [6336/60000 (11%)]	Loss: 0.287996
Train Epoch: 44 [12736/60000 (21%)]	Loss: 0.127921
Train Epoch: 44 [19136/60000 (32%)]	Loss: 0.208420
Train Epoch: 44 [25536/60000 (43%)]	Loss: 0.311394
Train Epoch: 44 [31936/60000 (53%)]	Loss: 0.362477
Train Epoch: 44 [38336/60000 (64%)]	Loss: 0.211546
Train Epoch: 44 [44736/60000 (75%)]	Loss: 0.167585
Train Epoch: 44 [51136/60000 (85%)]	Loss: 0.229010
Train Epoch: 44 [57536/60000 (96%)]	Loss: 0.304658

Test set: Average loss: 0.2104, Accuracy: 9433/10000 (94%)

Train Epoch: 45 [6336/60000 (11%)]	Loss: 0.381355
Train Epoch: 45 [12736/60000 (21%)]	Loss: 0.430498
Train Epoch: 45 [19136/60000 (32%)]	Loss: 0.441183
Train Epoch: 45 [25536/60000 (43%)]	Loss: 0.197964
Train Epoch: 45 [31936/60000 (53%)]	Loss: 0.300831
Train Epoch: 45 [38336/60000 (64%)]	Loss: 0.252450
Train Epoch: 45 [44736/60000 (75%)]	Loss: 0.160204
Train Epoch: 45 [51136/60000 (85%)]	Loss: 0.150039
Train Epoch: 45 [57536/60000 (96%)]	Loss: 0.196940

Test set: Average loss: 0.2031, Accuracy: 9477/10000 (95%)

Train Epoch: 46 [6336/60000 (11%)]	Loss: 0.216630
Train Epoch: 46 [12736/60000 (21%)]	Loss: 0.212248
Train Epoch: 46 [19136/60000 (32%)]	Loss: 0.183178
Train Epoch: 46 [25536/60000 (43%)]	Loss: 0.126556
Train Epoch: 46 [31936/60000 (53%)]	Loss: 0.139623
Train Epoch: 46 [38336/60000 (64%)]	Loss: 0.199774
Train Epoch: 46 [44736/60000 (75%)]	Loss: 0.232564
Train Epoch: 46 [51136/60000 (85%)]	Loss: 0.139795
Train Epoch: 46 [57536/60000 (96%)]	Loss: 0.300513

Test set: Average loss: 0.2311, Accuracy: 9397/10000 (94%)

Train Epoch: 47 [6336/60000 (11%)]	Loss: 0.179389
Train Epoch: 47 [12736/60000 (21%)]	Loss: 0.194809
Train Epoch: 47 [19136/60000 (32%)]	Loss: 0.077053
Train Epoch: 47 [25536/60000 (43%)]	Loss: 0.159433
Train Epoch: 47 [31936/60000 (53%)]	Loss: 0.298269
Train Epoch: 47 [38336/60000 (64%)]	Loss: 0.253685
Train Epoch: 47 [44736/60000 (75%)]	Loss: 0.150432
Train Epoch: 47 [51136/60000 (85%)]	Loss: 0.183155
Train Epoch: 47 [57536/60000 (96%)]	Loss: 0.196605

Test set: Average loss: 0.2315, Accuracy: 9353/10000 (94%)

Train Epoch: 48 [6336/60000 (11%)]	Loss: 0.206766
Train Epoch: 48 [12736/60000 (21%)]	Loss: 0.251451
Train Epoch: 48 [19136/60000 (32%)]	Loss: 0.166935
Train Epoch: 48 [25536/60000 (43%)]	Loss: 0.264373
Train Epoch: 48 [31936/60000 (53%)]	Loss: 0.222547
Train Epoch: 48 [38336/60000 (64%)]	Loss: 0.339753
Train Epoch: 48 [44736/60000 (75%)]	Loss: 0.236124
Train Epoch: 48 [51136/60000 (85%)]	Loss: 0.213839
Train Epoch: 48 [57536/60000 (96%)]	Loss: 0.213149

Test set: Average loss: 0.2064, Accuracy: 9432/10000 (94%)

Train Epoch: 49 [6336/60000 (11%)]	Loss: 0.272038
Train Epoch: 49 [12736/60000 (21%)]	Loss: 0.232383
Train Epoch: 49 [19136/60000 (32%)]	Loss: 0.179003
Train Epoch: 49 [25536/60000 (43%)]	Loss: 0.303031
Train Epoch: 49 [31936/60000 (53%)]	Loss: 0.115243
Train Epoch: 49 [38336/60000 (64%)]	Loss: 0.215505
Train Epoch: 49 [44736/60000 (75%)]	Loss: 0.120985
Train Epoch: 49 [51136/60000 (85%)]	Loss: 0.195826
Train Epoch: 49 [57536/60000 (96%)]	Loss: 0.250031

Test set: Average loss: 0.1939, Accuracy: 9453/10000 (95%)

Train Epoch: 50 [6336/60000 (11%)]	Loss: 0.218491
Train Epoch: 50 [12736/60000 (21%)]	Loss: 0.163023
Train Epoch: 50 [19136/60000 (32%)]	Loss: 0.270212
Train Epoch: 50 [25536/60000 (43%)]	Loss: 0.240901
Train Epoch: 50 [31936/60000 (53%)]	Loss: 0.235025
Train Epoch: 50 [38336/60000 (64%)]	Loss: 0.333671
Train Epoch: 50 [44736/60000 (75%)]	Loss: 0.154707
Train Epoch: 50 [51136/60000 (85%)]	Loss: 0.238058
Train Epoch: 50 [57536/60000 (96%)]	Loss: 0.202885

Test set: Average loss: 0.2036, Accuracy: 9467/10000 (95%)

Train Epoch: 51 [6336/60000 (11%)]	Loss: 0.251476
Train Epoch: 51 [12736/60000 (21%)]	Loss: 0.135816
Train Epoch: 51 [19136/60000 (32%)]	Loss: 0.188171
Train Epoch: 51 [25536/60000 (43%)]	Loss: 0.320173
Train Epoch: 51 [31936/60000 (53%)]	Loss: 0.245788
Train Epoch: 51 [38336/60000 (64%)]	Loss: 0.202167
Train Epoch: 51 [44736/60000 (75%)]	Loss: 0.216653
Train Epoch: 51 [51136/60000 (85%)]	Loss: 0.160211
Train Epoch: 51 [57536/60000 (96%)]	Loss: 0.232399

Test set: Average loss: 0.1985, Accuracy: 9480/10000 (95%)

Train Epoch: 52 [6336/60000 (11%)]	Loss: 0.271061
Train Epoch: 52 [12736/60000 (21%)]	Loss: 0.179942
Train Epoch: 52 [19136/60000 (32%)]	Loss: 0.143667
Train Epoch: 52 [25536/60000 (43%)]	Loss: 0.138761
Train Epoch: 52 [31936/60000 (53%)]	Loss: 0.131296
Train Epoch: 52 [38336/60000 (64%)]	Loss: 0.239640
Train Epoch: 52 [44736/60000 (75%)]	Loss: 0.277166
Train Epoch: 52 [51136/60000 (85%)]	Loss: 0.221902
Train Epoch: 52 [57536/60000 (96%)]	Loss: 0.217898

Test set: Average loss: 0.2174, Accuracy: 9424/10000 (94%)

Train Epoch: 53 [6336/60000 (11%)]	Loss: 0.140717
Train Epoch: 53 [12736/60000 (21%)]	Loss: 0.245663
Train Epoch: 53 [19136/60000 (32%)]	Loss: 0.255001
Train Epoch: 53 [25536/60000 (43%)]	Loss: 0.299787
Train Epoch: 53 [31936/60000 (53%)]	Loss: 0.328140
Train Epoch: 53 [38336/60000 (64%)]	Loss: 0.191983
Train Epoch: 53 [44736/60000 (75%)]	Loss: 0.321520
Train Epoch: 53 [51136/60000 (85%)]	Loss: 0.153806
Train Epoch: 53 [57536/60000 (96%)]	Loss: 0.292688

Test set: Average loss: 0.2084, Accuracy: 9465/10000 (95%)

Train Epoch: 54 [6336/60000 (11%)]	Loss: 0.173436
Train Epoch: 54 [12736/60000 (21%)]	Loss: 0.081112
Train Epoch: 54 [19136/60000 (32%)]	Loss: 0.129927
Train Epoch: 54 [25536/60000 (43%)]	Loss: 0.333785
Train Epoch: 54 [31936/60000 (53%)]	Loss: 0.184291
Train Epoch: 54 [38336/60000 (64%)]	Loss: 0.178291
Train Epoch: 54 [44736/60000 (75%)]	Loss: 0.222569
Train Epoch: 54 [51136/60000 (85%)]	Loss: 0.260731
Train Epoch: 54 [57536/60000 (96%)]	Loss: 0.201007

Test set: Average loss: 0.2201, Accuracy: 9409/10000 (94%)

Train Epoch: 55 [6336/60000 (11%)]	Loss: 0.108308
Train Epoch: 55 [12736/60000 (21%)]	Loss: 0.180699
Train Epoch: 55 [19136/60000 (32%)]	Loss: 0.272807
Train Epoch: 55 [25536/60000 (43%)]	Loss: 0.272548
Train Epoch: 55 [31936/60000 (53%)]	Loss: 0.131772
Train Epoch: 55 [38336/60000 (64%)]	Loss: 0.329453
Train Epoch: 55 [44736/60000 (75%)]	Loss: 0.266665
Train Epoch: 55 [51136/60000 (85%)]	Loss: 0.137690
Train Epoch: 55 [57536/60000 (96%)]	Loss: 0.171470

Test set: Average loss: 0.2016, Accuracy: 9459/10000 (95%)

Train Epoch: 56 [6336/60000 (11%)]	Loss: 0.237573
Train Epoch: 56 [12736/60000 (21%)]	Loss: 0.155562
Train Epoch: 56 [19136/60000 (32%)]	Loss: 0.385167
Train Epoch: 56 [25536/60000 (43%)]	Loss: 0.212472
Train Epoch: 56 [31936/60000 (53%)]	Loss: 0.278065
Train Epoch: 56 [38336/60000 (64%)]	Loss: 0.171318
Train Epoch: 56 [44736/60000 (75%)]	Loss: 0.261624
Train Epoch: 56 [51136/60000 (85%)]	Loss: 0.223576
Train Epoch: 56 [57536/60000 (96%)]	Loss: 0.178773

Test set: Average loss: 0.2178, Accuracy: 9372/10000 (94%)

Train Epoch: 57 [6336/60000 (11%)]	Loss: 0.258418
Train Epoch: 57 [12736/60000 (21%)]	Loss: 0.203156
Train Epoch: 57 [19136/60000 (32%)]	Loss: 0.177522
Train Epoch: 57 [25536/60000 (43%)]	Loss: 0.136246
Train Epoch: 57 [31936/60000 (53%)]	Loss: 0.219830
Train Epoch: 57 [38336/60000 (64%)]	Loss: 0.139900
Train Epoch: 57 [44736/60000 (75%)]	Loss: 0.205579
Train Epoch: 57 [51136/60000 (85%)]	Loss: 0.248588
Train Epoch: 57 [57536/60000 (96%)]	Loss: 0.222393

Test set: Average loss: 0.1908, Accuracy: 9521/10000 (95%)

Train Epoch: 58 [6336/60000 (11%)]	Loss: 0.155400
Train Epoch: 58 [12736/60000 (21%)]	Loss: 0.247422
Train Epoch: 58 [19136/60000 (32%)]	Loss: 0.158599
Train Epoch: 58 [25536/60000 (43%)]	Loss: 0.187553
Train Epoch: 58 [31936/60000 (53%)]	Loss: 0.201944
Train Epoch: 58 [38336/60000 (64%)]	Loss: 0.220001
Train Epoch: 58 [44736/60000 (75%)]	Loss: 0.117421
Train Epoch: 58 [51136/60000 (85%)]	Loss: 0.239936
Train Epoch: 58 [57536/60000 (96%)]	Loss: 0.274000

Test set: Average loss: 0.2107, Accuracy: 9463/10000 (95%)

Train Epoch: 59 [6336/60000 (11%)]	Loss: 0.177034
Train Epoch: 59 [12736/60000 (21%)]	Loss: 0.168989
Train Epoch: 59 [19136/60000 (32%)]	Loss: 0.157844
Train Epoch: 59 [25536/60000 (43%)]	Loss: 0.216809
Train Epoch: 59 [31936/60000 (53%)]	Loss: 0.240045
Train Epoch: 59 [38336/60000 (64%)]	Loss: 0.316058
Train Epoch: 59 [44736/60000 (75%)]	Loss: 0.121715
Train Epoch: 59 [51136/60000 (85%)]	Loss: 0.170802
Train Epoch: 59 [57536/60000 (96%)]	Loss: 0.247352

Test set: Average loss: 0.2041, Accuracy: 9483/10000 (95%)

Train Epoch: 60 [6336/60000 (11%)]	Loss: 0.207543
Train Epoch: 60 [12736/60000 (21%)]	Loss: 0.254293
Train Epoch: 60 [19136/60000 (32%)]	Loss: 0.203639
Train Epoch: 60 [25536/60000 (43%)]	Loss: 0.249232
Train Epoch: 60 [31936/60000 (53%)]	Loss: 0.252453
Train Epoch: 60 [38336/60000 (64%)]	Loss: 0.209663
Train Epoch: 60 [44736/60000 (75%)]	Loss: 0.238485
Train Epoch: 60 [51136/60000 (85%)]	Loss: 0.190083
Train Epoch: 60 [57536/60000 (96%)]	Loss: 0.184806

Test set: Average loss: 0.2345, Accuracy: 9384/10000 (94%)

Train Epoch: 61 [6336/60000 (11%)]	Loss: 0.310221
Train Epoch: 61 [12736/60000 (21%)]	Loss: 0.219299
Train Epoch: 61 [19136/60000 (32%)]	Loss: 0.205283
Train Epoch: 61 [25536/60000 (43%)]	Loss: 0.167924
Train Epoch: 61 [31936/60000 (53%)]	Loss: 0.381200
Train Epoch: 61 [38336/60000 (64%)]	Loss: 0.152329
Train Epoch: 61 [44736/60000 (75%)]	Loss: 0.106721
Train Epoch: 61 [51136/60000 (85%)]	Loss: 0.215671
Train Epoch: 61 [57536/60000 (96%)]	Loss: 0.174532

Test set: Average loss: 0.2215, Accuracy: 9375/10000 (94%)

Train Epoch: 62 [6336/60000 (11%)]	Loss: 0.329564
Train Epoch: 62 [12736/60000 (21%)]	Loss: 0.228923
Train Epoch: 62 [19136/60000 (32%)]	Loss: 0.389311
Train Epoch: 62 [25536/60000 (43%)]	Loss: 0.297227
Train Epoch: 62 [31936/60000 (53%)]	Loss: 0.365921
Train Epoch: 62 [38336/60000 (64%)]	Loss: 0.331486
Train Epoch: 62 [44736/60000 (75%)]	Loss: 0.309300
Train Epoch: 62 [51136/60000 (85%)]	Loss: 0.160048
Train Epoch: 62 [57536/60000 (96%)]	Loss: 0.423394

Test set: Average loss: 0.1999, Accuracy: 9483/10000 (95%)

Train Epoch: 63 [6336/60000 (11%)]	Loss: 0.077034
Train Epoch: 63 [12736/60000 (21%)]	Loss: 0.245761
Train Epoch: 63 [19136/60000 (32%)]	Loss: 0.138227
Train Epoch: 63 [25536/60000 (43%)]	Loss: 0.269761
Train Epoch: 63 [31936/60000 (53%)]	Loss: 0.160968
Train Epoch: 63 [38336/60000 (64%)]	Loss: 0.289857
Train Epoch: 63 [44736/60000 (75%)]	Loss: 0.200807
Train Epoch: 63 [51136/60000 (85%)]	Loss: 0.285125
Train Epoch: 63 [57536/60000 (96%)]	Loss: 0.254033

Test set: Average loss: 0.2255, Accuracy: 9370/10000 (94%)

Train Epoch: 64 [6336/60000 (11%)]	Loss: 0.185485
Train Epoch: 64 [12736/60000 (21%)]	Loss: 0.279972
Train Epoch: 64 [19136/60000 (32%)]	Loss: 0.283331
Train Epoch: 64 [25536/60000 (43%)]	Loss: 0.216057
Train Epoch: 64 [31936/60000 (53%)]	Loss: 0.237191
Train Epoch: 64 [38336/60000 (64%)]	Loss: 0.260882
Train Epoch: 64 [44736/60000 (75%)]	Loss: 0.338160
Train Epoch: 64 [51136/60000 (85%)]	Loss: 0.199065
Train Epoch: 64 [57536/60000 (96%)]	Loss: 0.226024

Test set: Average loss: 0.2164, Accuracy: 9431/10000 (94%)

Train Epoch: 65 [6336/60000 (11%)]	Loss: 0.218124
Train Epoch: 65 [12736/60000 (21%)]	Loss: 0.182126
Train Epoch: 65 [19136/60000 (32%)]	Loss: 0.212644
Train Epoch: 65 [25536/60000 (43%)]	Loss: 0.161147
Train Epoch: 65 [31936/60000 (53%)]	Loss: 0.350549
Train Epoch: 65 [38336/60000 (64%)]	Loss: 0.185615
Train Epoch: 65 [44736/60000 (75%)]	Loss: 0.328164
Train Epoch: 65 [51136/60000 (85%)]	Loss: 0.214238
Train Epoch: 65 [57536/60000 (96%)]	Loss: 0.239290

Test set: Average loss: 0.2093, Accuracy: 9449/10000 (94%)

Train Epoch: 66 [6336/60000 (11%)]	Loss: 0.339017
Train Epoch: 66 [12736/60000 (21%)]	Loss: 0.098925
Train Epoch: 66 [19136/60000 (32%)]	Loss: 0.179463
Train Epoch: 66 [25536/60000 (43%)]	Loss: 0.279744
Train Epoch: 66 [31936/60000 (53%)]	Loss: 0.169112
Train Epoch: 66 [38336/60000 (64%)]	Loss: 0.255113
Train Epoch: 66 [44736/60000 (75%)]	Loss: 0.049097
Train Epoch: 66 [51136/60000 (85%)]	Loss: 0.144960
Train Epoch: 66 [57536/60000 (96%)]	Loss: 0.233995

Test set: Average loss: 0.1963, Accuracy: 9500/10000 (95%)

Train Epoch: 67 [6336/60000 (11%)]	Loss: 0.193768
Train Epoch: 67 [12736/60000 (21%)]	Loss: 0.403003
Train Epoch: 67 [19136/60000 (32%)]	Loss: 0.338587
Train Epoch: 67 [25536/60000 (43%)]	Loss: 0.316225
Train Epoch: 67 [31936/60000 (53%)]	Loss: 0.189858
Train Epoch: 67 [38336/60000 (64%)]	Loss: 0.325523
Train Epoch: 67 [44736/60000 (75%)]	Loss: 0.197174
Train Epoch: 67 [51136/60000 (85%)]	Loss: 0.195777
Train Epoch: 67 [57536/60000 (96%)]	Loss: 0.219028

Test set: Average loss: 0.2004, Accuracy: 9487/10000 (95%)

Train Epoch: 68 [6336/60000 (11%)]	Loss: 0.321843
Train Epoch: 68 [12736/60000 (21%)]	Loss: 0.150646
Train Epoch: 68 [19136/60000 (32%)]	Loss: 0.183271
Train Epoch: 68 [25536/60000 (43%)]	Loss: 0.170514
Train Epoch: 68 [31936/60000 (53%)]	Loss: 0.268605
Train Epoch: 68 [38336/60000 (64%)]	Loss: 0.149889
Train Epoch: 68 [44736/60000 (75%)]	Loss: 0.150618
Train Epoch: 68 [51136/60000 (85%)]	Loss: 0.219364
Train Epoch: 68 [57536/60000 (96%)]	Loss: 0.243222

Test set: Average loss: 0.2039, Accuracy: 9475/10000 (95%)

Train Epoch: 69 [6336/60000 (11%)]	Loss: 0.224516
Train Epoch: 69 [12736/60000 (21%)]	Loss: 0.267004
Train Epoch: 69 [19136/60000 (32%)]	Loss: 0.251483
Train Epoch: 69 [25536/60000 (43%)]	Loss: 0.245561
Train Epoch: 69 [31936/60000 (53%)]	Loss: 0.218884
Train Epoch: 69 [38336/60000 (64%)]	Loss: 0.227088
Train Epoch: 69 [44736/60000 (75%)]	Loss: 0.146455
Train Epoch: 69 [51136/60000 (85%)]	Loss: 0.176326
Train Epoch: 69 [57536/60000 (96%)]	Loss: 0.308624

Test set: Average loss: 0.2092, Accuracy: 9462/10000 (95%)

Train Epoch: 70 [6336/60000 (11%)]	Loss: 0.177323
Train Epoch: 70 [12736/60000 (21%)]	Loss: 0.162318
Train Epoch: 70 [19136/60000 (32%)]	Loss: 0.117145
Train Epoch: 70 [25536/60000 (43%)]	Loss: 0.421166
Train Epoch: 70 [31936/60000 (53%)]	Loss: 0.157384
Train Epoch: 70 [38336/60000 (64%)]	Loss: 0.193065
Train Epoch: 70 [44736/60000 (75%)]	Loss: 0.269793
Train Epoch: 70 [51136/60000 (85%)]	Loss: 0.158045
Train Epoch: 70 [57536/60000 (96%)]	Loss: 0.195033

Test set: Average loss: 0.2026, Accuracy: 9498/10000 (95%)

Train Epoch: 71 [6336/60000 (11%)]	Loss: 0.386286
Train Epoch: 71 [12736/60000 (21%)]	Loss: 0.175231
Train Epoch: 71 [19136/60000 (32%)]	Loss: 0.205250
Train Epoch: 71 [25536/60000 (43%)]	Loss: 0.230368
Train Epoch: 71 [31936/60000 (53%)]	Loss: 0.322987
Train Epoch: 71 [38336/60000 (64%)]	Loss: 0.207147
Train Epoch: 71 [44736/60000 (75%)]	Loss: 0.229008
Train Epoch: 71 [51136/60000 (85%)]	Loss: 0.230802
Train Epoch: 71 [57536/60000 (96%)]	Loss: 0.237667

Test set: Average loss: 0.2125, Accuracy: 9408/10000 (94%)

Train Epoch: 72 [6336/60000 (11%)]	Loss: 0.239297
Train Epoch: 72 [12736/60000 (21%)]	Loss: 0.159057
Train Epoch: 72 [19136/60000 (32%)]	Loss: 0.288613
Train Epoch: 72 [25536/60000 (43%)]	Loss: 0.462784
Train Epoch: 72 [31936/60000 (53%)]	Loss: 0.169358
Train Epoch: 72 [38336/60000 (64%)]	Loss: 0.127639
Train Epoch: 72 [44736/60000 (75%)]	Loss: 0.141178
Train Epoch: 72 [51136/60000 (85%)]	Loss: 0.306868
Train Epoch: 72 [57536/60000 (96%)]	Loss: 0.303293

Test set: Average loss: 0.2030, Accuracy: 9458/10000 (95%)

Train Epoch: 73 [6336/60000 (11%)]	Loss: 0.153530
Train Epoch: 73 [12736/60000 (21%)]	Loss: 0.192203
Train Epoch: 73 [19136/60000 (32%)]	Loss: 0.237066
Train Epoch: 73 [25536/60000 (43%)]	Loss: 0.128659
Train Epoch: 73 [31936/60000 (53%)]	Loss: 0.136698
Train Epoch: 73 [38336/60000 (64%)]	Loss: 0.200465
Train Epoch: 73 [44736/60000 (75%)]	Loss: 0.246497
Train Epoch: 73 [51136/60000 (85%)]	Loss: 0.212516
Train Epoch: 73 [57536/60000 (96%)]	Loss: 0.326720

Test set: Average loss: 0.2115, Accuracy: 9451/10000 (95%)

Train Epoch: 74 [6336/60000 (11%)]	Loss: 0.177378
Train Epoch: 74 [12736/60000 (21%)]	Loss: 0.309284
Train Epoch: 74 [19136/60000 (32%)]	Loss: 0.222204
Train Epoch: 74 [25536/60000 (43%)]	Loss: 0.176894
Train Epoch: 74 [31936/60000 (53%)]	Loss: 0.192014
Train Epoch: 74 [38336/60000 (64%)]	Loss: 0.091011
Train Epoch: 74 [44736/60000 (75%)]	Loss: 0.185679
Train Epoch: 74 [51136/60000 (85%)]	Loss: 0.209389
Train Epoch: 74 [57536/60000 (96%)]	Loss: 0.193430

Test set: Average loss: 0.2558, Accuracy: 9239/10000 (92%)

Train Epoch: 75 [6336/60000 (11%)]	Loss: 0.223701
Train Epoch: 75 [12736/60000 (21%)]	Loss: 0.204656
Train Epoch: 75 [19136/60000 (32%)]	Loss: 0.362801
Train Epoch: 75 [25536/60000 (43%)]	Loss: 0.266281
Train Epoch: 75 [31936/60000 (53%)]	Loss: 0.231604
Train Epoch: 75 [38336/60000 (64%)]	Loss: 0.147242
Train Epoch: 75 [44736/60000 (75%)]	Loss: 0.146292
Train Epoch: 75 [51136/60000 (85%)]	Loss: 0.283852
Train Epoch: 75 [57536/60000 (96%)]	Loss: 0.277235

Test set: Average loss: 0.2065, Accuracy: 9458/10000 (95%)

Train Epoch: 76 [6336/60000 (11%)]	Loss: 0.111350
Train Epoch: 76 [12736/60000 (21%)]	Loss: 0.362295
Train Epoch: 76 [19136/60000 (32%)]	Loss: 0.305055
Train Epoch: 76 [25536/60000 (43%)]	Loss: 0.226919
Train Epoch: 76 [31936/60000 (53%)]	Loss: 0.198986
Train Epoch: 76 [38336/60000 (64%)]	Loss: 0.158386
Train Epoch: 76 [44736/60000 (75%)]	Loss: 0.161157
Train Epoch: 76 [51136/60000 (85%)]	Loss: 0.202474
Train Epoch: 76 [57536/60000 (96%)]	Loss: 0.140426

Test set: Average loss: 0.2122, Accuracy: 9443/10000 (94%)

Train Epoch: 77 [6336/60000 (11%)]	Loss: 0.274216
Train Epoch: 77 [12736/60000 (21%)]	Loss: 0.197419
Train Epoch: 77 [19136/60000 (32%)]	Loss: 0.222190
Train Epoch: 77 [25536/60000 (43%)]	Loss: 0.143019
Train Epoch: 77 [31936/60000 (53%)]	Loss: 0.223543
Train Epoch: 77 [38336/60000 (64%)]	Loss: 0.330270
Train Epoch: 77 [44736/60000 (75%)]	Loss: 0.297926
Train Epoch: 77 [51136/60000 (85%)]	Loss: 0.216221
Train Epoch: 77 [57536/60000 (96%)]	Loss: 0.160511

Test set: Average loss: 0.2220, Accuracy: 9405/10000 (94%)

Train Epoch: 78 [6336/60000 (11%)]	Loss: 0.217008
Train Epoch: 78 [12736/60000 (21%)]	Loss: 0.247914
Train Epoch: 78 [19136/60000 (32%)]	Loss: 0.288296
Train Epoch: 78 [25536/60000 (43%)]	Loss: 0.198345
Train Epoch: 78 [31936/60000 (53%)]	Loss: 0.194063
Train Epoch: 78 [38336/60000 (64%)]	Loss: 0.140016
Train Epoch: 78 [44736/60000 (75%)]	Loss: 0.295672
Train Epoch: 78 [51136/60000 (85%)]	Loss: 0.303392
Train Epoch: 78 [57536/60000 (96%)]	Loss: 0.161428

Test set: Average loss: 0.2179, Accuracy: 9395/10000 (94%)

Train Epoch: 79 [6336/60000 (11%)]	Loss: 0.130964
Train Epoch: 79 [12736/60000 (21%)]	Loss: 0.346322
Train Epoch: 79 [19136/60000 (32%)]	Loss: 0.221293
Train Epoch: 79 [25536/60000 (43%)]	Loss: 0.303488
Train Epoch: 79 [31936/60000 (53%)]	Loss: 0.263320
Train Epoch: 79 [38336/60000 (64%)]	Loss: 0.154568
Train Epoch: 79 [44736/60000 (75%)]	Loss: 0.137829
Train Epoch: 79 [51136/60000 (85%)]	Loss: 0.282901
Train Epoch: 79 [57536/60000 (96%)]	Loss: 0.299388

Test set: Average loss: 0.2211, Accuracy: 9416/10000 (94%)

Train Epoch: 80 [6336/60000 (11%)]	Loss: 0.211642
Train Epoch: 80 [12736/60000 (21%)]	Loss: 0.317038
Train Epoch: 80 [19136/60000 (32%)]	Loss: 0.337776
Train Epoch: 80 [25536/60000 (43%)]	Loss: 0.118517
Train Epoch: 80 [31936/60000 (53%)]	Loss: 0.111532
Train Epoch: 80 [38336/60000 (64%)]	Loss: 0.305910
Train Epoch: 80 [44736/60000 (75%)]	Loss: 0.226860
Train Epoch: 80 [51136/60000 (85%)]	Loss: 0.258687
Train Epoch: 80 [57536/60000 (96%)]	Loss: 0.244044

Test set: Average loss: 0.2277, Accuracy: 9406/10000 (94%)

Train Epoch: 81 [6336/60000 (11%)]	Loss: 0.154427
Train Epoch: 81 [12736/60000 (21%)]	Loss: 0.172552
Train Epoch: 81 [19136/60000 (32%)]	Loss: 0.218071
Train Epoch: 81 [25536/60000 (43%)]	Loss: 0.206921
Train Epoch: 81 [31936/60000 (53%)]	Loss: 0.132737
Train Epoch: 81 [38336/60000 (64%)]	Loss: 0.393012
Train Epoch: 81 [44736/60000 (75%)]	Loss: 0.249187
Train Epoch: 81 [51136/60000 (85%)]	Loss: 0.211974
Train Epoch: 81 [57536/60000 (96%)]	Loss: 0.197525

Test set: Average loss: 0.2024, Accuracy: 9477/10000 (95%)

Train Epoch: 82 [6336/60000 (11%)]	Loss: 0.228430
Train Epoch: 82 [12736/60000 (21%)]	Loss: 0.365972
Train Epoch: 82 [19136/60000 (32%)]	Loss: 0.229447
Train Epoch: 82 [25536/60000 (43%)]	Loss: 0.213713
Train Epoch: 82 [31936/60000 (53%)]	Loss: 0.117795
Train Epoch: 82 [38336/60000 (64%)]	Loss: 0.167685
Train Epoch: 82 [44736/60000 (75%)]	Loss: 0.211463
Train Epoch: 82 [51136/60000 (85%)]	Loss: 0.114844
Train Epoch: 82 [57536/60000 (96%)]	Loss: 0.205132

Test set: Average loss: 0.2062, Accuracy: 9479/10000 (95%)

Train Epoch: 83 [6336/60000 (11%)]	Loss: 0.138037
Train Epoch: 83 [12736/60000 (21%)]	Loss: 0.157037
Train Epoch: 83 [19136/60000 (32%)]	Loss: 0.245344
Train Epoch: 83 [25536/60000 (43%)]	Loss: 0.158063
Train Epoch: 83 [31936/60000 (53%)]	Loss: 0.379884
Train Epoch: 83 [38336/60000 (64%)]	Loss: 0.206688
Train Epoch: 83 [44736/60000 (75%)]	Loss: 0.249816
Train Epoch: 83 [51136/60000 (85%)]	Loss: 0.224845
Train Epoch: 83 [57536/60000 (96%)]	Loss: 0.387977

Test set: Average loss: 0.1958, Accuracy: 9488/10000 (95%)

Train Epoch: 84 [6336/60000 (11%)]	Loss: 0.256947
Train Epoch: 84 [12736/60000 (21%)]	Loss: 0.146893
Train Epoch: 84 [19136/60000 (32%)]	Loss: 0.303674
Train Epoch: 84 [25536/60000 (43%)]	Loss: 0.169063
Train Epoch: 84 [31936/60000 (53%)]	Loss: 0.182205
Train Epoch: 84 [38336/60000 (64%)]	Loss: 0.191685
Train Epoch: 84 [44736/60000 (75%)]	Loss: 0.138442
Train Epoch: 84 [51136/60000 (85%)]	Loss: 0.312990
Train Epoch: 84 [57536/60000 (96%)]	Loss: 0.169445

Test set: Average loss: 0.2275, Accuracy: 9395/10000 (94%)

Train Epoch: 85 [6336/60000 (11%)]	Loss: 0.217840
Train Epoch: 85 [12736/60000 (21%)]	Loss: 0.475264
Train Epoch: 85 [19136/60000 (32%)]	Loss: 0.254209
Train Epoch: 85 [25536/60000 (43%)]	Loss: 0.181200
Train Epoch: 85 [31936/60000 (53%)]	Loss: 0.166146
Train Epoch: 85 [38336/60000 (64%)]	Loss: 0.259083
Train Epoch: 85 [44736/60000 (75%)]	Loss: 0.295211
Train Epoch: 85 [51136/60000 (85%)]	Loss: 0.162210
Train Epoch: 85 [57536/60000 (96%)]	Loss: 0.219229

Test set: Average loss: 0.2023, Accuracy: 9494/10000 (95%)

Train Epoch: 86 [6336/60000 (11%)]	Loss: 0.219539
Train Epoch: 86 [12736/60000 (21%)]	Loss: 0.330119
Train Epoch: 86 [19136/60000 (32%)]	Loss: 0.136637
Train Epoch: 86 [25536/60000 (43%)]	Loss: 0.198702
Train Epoch: 86 [31936/60000 (53%)]	Loss: 0.285350
Train Epoch: 86 [38336/60000 (64%)]	Loss: 0.211437
Train Epoch: 86 [44736/60000 (75%)]	Loss: 0.213896
Train Epoch: 86 [51136/60000 (85%)]	Loss: 0.318662
Train Epoch: 86 [57536/60000 (96%)]	Loss: 0.200209

Test set: Average loss: 0.2060, Accuracy: 9453/10000 (95%)

Train Epoch: 87 [6336/60000 (11%)]	Loss: 0.205526
Train Epoch: 87 [12736/60000 (21%)]	Loss: 0.249748
Train Epoch: 87 [19136/60000 (32%)]	Loss: 0.415649
Train Epoch: 87 [25536/60000 (43%)]	Loss: 0.172516
Train Epoch: 87 [31936/60000 (53%)]	Loss: 0.149548
Train Epoch: 87 [38336/60000 (64%)]	Loss: 0.304699
Train Epoch: 87 [44736/60000 (75%)]	Loss: 0.309751
Train Epoch: 87 [51136/60000 (85%)]	Loss: 0.135452
Train Epoch: 87 [57536/60000 (96%)]	Loss: 0.226619

Test set: Average loss: 0.2038, Accuracy: 9495/10000 (95%)

Train Epoch: 88 [6336/60000 (11%)]	Loss: 0.204075
Train Epoch: 88 [12736/60000 (21%)]	Loss: 0.213228
Train Epoch: 88 [19136/60000 (32%)]	Loss: 0.203102
Train Epoch: 88 [25536/60000 (43%)]	Loss: 0.303262
Train Epoch: 88 [31936/60000 (53%)]	Loss: 0.228279
Train Epoch: 88 [38336/60000 (64%)]	Loss: 0.370243
Train Epoch: 88 [44736/60000 (75%)]	Loss: 0.449054
Train Epoch: 88 [51136/60000 (85%)]	Loss: 0.149579
Train Epoch: 88 [57536/60000 (96%)]	Loss: 0.193245

Test set: Average loss: 0.2093, Accuracy: 9456/10000 (95%)

Train Epoch: 89 [6336/60000 (11%)]	Loss: 0.303283
Train Epoch: 89 [12736/60000 (21%)]	Loss: 0.271215
Train Epoch: 89 [19136/60000 (32%)]	Loss: 0.141733
Train Epoch: 89 [25536/60000 (43%)]	Loss: 0.159740
Train Epoch: 89 [31936/60000 (53%)]	Loss: 0.312560
Train Epoch: 89 [38336/60000 (64%)]	Loss: 0.277178
Train Epoch: 89 [44736/60000 (75%)]	Loss: 0.261128
Train Epoch: 89 [51136/60000 (85%)]	Loss: 0.194035
Train Epoch: 89 [57536/60000 (96%)]	Loss: 0.302011

Test set: Average loss: 0.2282, Accuracy: 9375/10000 (94%)

Train Epoch: 90 [6336/60000 (11%)]	Loss: 0.214315
Train Epoch: 90 [12736/60000 (21%)]	Loss: 0.244761
Train Epoch: 90 [19136/60000 (32%)]	Loss: 0.268127
Train Epoch: 90 [25536/60000 (43%)]	Loss: 0.216957
Train Epoch: 90 [31936/60000 (53%)]	Loss: 0.463625
Train Epoch: 90 [38336/60000 (64%)]	Loss: 0.204806
Train Epoch: 90 [44736/60000 (75%)]	Loss: 0.307905
Train Epoch: 90 [51136/60000 (85%)]	Loss: 0.186985
Train Epoch: 90 [57536/60000 (96%)]	Loss: 0.237768

Test set: Average loss: 0.1939, Accuracy: 9522/10000 (95%)

Train Epoch: 91 [6336/60000 (11%)]	Loss: 0.213594
Train Epoch: 91 [12736/60000 (21%)]	Loss: 0.281993
Train Epoch: 91 [19136/60000 (32%)]	Loss: 0.239926
Train Epoch: 91 [25536/60000 (43%)]	Loss: 0.133403
Train Epoch: 91 [31936/60000 (53%)]	Loss: 0.161946
Train Epoch: 91 [38336/60000 (64%)]	Loss: 0.079695
Train Epoch: 91 [44736/60000 (75%)]	Loss: 0.246530
Train Epoch: 91 [51136/60000 (85%)]	Loss: 0.119589
Train Epoch: 91 [57536/60000 (96%)]	Loss: 0.225815

Test set: Average loss: 0.2090, Accuracy: 9456/10000 (95%)

Train Epoch: 92 [6336/60000 (11%)]	Loss: 0.215448
Train Epoch: 92 [12736/60000 (21%)]	Loss: 0.120441
Train Epoch: 92 [19136/60000 (32%)]	Loss: 0.088080
Train Epoch: 92 [25536/60000 (43%)]	Loss: 0.203081
Train Epoch: 92 [31936/60000 (53%)]	Loss: 0.240414
Train Epoch: 92 [38336/60000 (64%)]	Loss: 0.280558
Train Epoch: 92 [44736/60000 (75%)]	Loss: 0.163749
Train Epoch: 92 [51136/60000 (85%)]	Loss: 0.198971
Train Epoch: 92 [57536/60000 (96%)]	Loss: 0.385777

Test set: Average loss: 0.2156, Accuracy: 9419/10000 (94%)

Train Epoch: 93 [6336/60000 (11%)]	Loss: 0.117320
Train Epoch: 93 [12736/60000 (21%)]	Loss: 0.192570
Train Epoch: 93 [19136/60000 (32%)]	Loss: 0.230728
Train Epoch: 93 [25536/60000 (43%)]	Loss: 0.149101
Train Epoch: 93 [31936/60000 (53%)]	Loss: 0.245264
Train Epoch: 93 [38336/60000 (64%)]	Loss: 0.185960
Train Epoch: 93 [44736/60000 (75%)]	Loss: 0.128287
Train Epoch: 93 [51136/60000 (85%)]	Loss: 0.276301
Train Epoch: 93 [57536/60000 (96%)]	Loss: 0.201479

Test set: Average loss: 0.2162, Accuracy: 9411/10000 (94%)

Train Epoch: 94 [6336/60000 (11%)]	Loss: 0.298226
Train Epoch: 94 [12736/60000 (21%)]	Loss: 0.189831
Train Epoch: 94 [19136/60000 (32%)]	Loss: 0.208893
Train Epoch: 94 [25536/60000 (43%)]	Loss: 0.135270
Train Epoch: 94 [31936/60000 (53%)]	Loss: 0.272476
Train Epoch: 94 [38336/60000 (64%)]	Loss: 0.218595
Train Epoch: 94 [44736/60000 (75%)]	Loss: 0.152495
Train Epoch: 94 [51136/60000 (85%)]	Loss: 0.207727
Train Epoch: 94 [57536/60000 (96%)]	Loss: 0.108147

Test set: Average loss: 0.1895, Accuracy: 9507/10000 (95%)

Train Epoch: 95 [6336/60000 (11%)]	Loss: 0.245050
Train Epoch: 95 [12736/60000 (21%)]	Loss: 0.162252
Train Epoch: 95 [19136/60000 (32%)]	Loss: 0.209945
Train Epoch: 95 [25536/60000 (43%)]	Loss: 0.180162
Train Epoch: 95 [31936/60000 (53%)]	Loss: 0.208758
Train Epoch: 95 [38336/60000 (64%)]	Loss: 0.203527
Train Epoch: 95 [44736/60000 (75%)]	Loss: 0.238531
Train Epoch: 95 [51136/60000 (85%)]	Loss: 0.304216
Train Epoch: 95 [57536/60000 (96%)]	Loss: 0.179394

Test set: Average loss: 0.2306, Accuracy: 9325/10000 (93%)

Train Epoch: 96 [6336/60000 (11%)]	Loss: 0.208247
Train Epoch: 96 [12736/60000 (21%)]	Loss: 0.178505
Train Epoch: 96 [19136/60000 (32%)]	Loss: 0.187808
Train Epoch: 96 [25536/60000 (43%)]	Loss: 0.295727
Train Epoch: 96 [31936/60000 (53%)]	Loss: 0.160857
Train Epoch: 96 [38336/60000 (64%)]	Loss: 0.180874
Train Epoch: 96 [44736/60000 (75%)]	Loss: 0.186117
Train Epoch: 96 [51136/60000 (85%)]	Loss: 0.164765
Train Epoch: 96 [57536/60000 (96%)]	Loss: 0.154637

Test set: Average loss: 0.2152, Accuracy: 9395/10000 (94%)

Train Epoch: 97 [6336/60000 (11%)]	Loss: 0.265539
Train Epoch: 97 [12736/60000 (21%)]	Loss: 0.307181
Train Epoch: 97 [19136/60000 (32%)]	Loss: 0.196662
Train Epoch: 97 [25536/60000 (43%)]	Loss: 0.348629
Train Epoch: 97 [31936/60000 (53%)]	Loss: 0.169388
Train Epoch: 97 [38336/60000 (64%)]	Loss: 0.146929
Train Epoch: 97 [44736/60000 (75%)]	Loss: 0.275309
Train Epoch: 97 [51136/60000 (85%)]	Loss: 0.161638
Train Epoch: 97 [57536/60000 (96%)]	Loss: 0.379858

Test set: Average loss: 0.2010, Accuracy: 9469/10000 (95%)

Train Epoch: 98 [6336/60000 (11%)]	Loss: 0.203543
Train Epoch: 98 [12736/60000 (21%)]	Loss: 0.297765
Train Epoch: 98 [19136/60000 (32%)]	Loss: 0.235386
Train Epoch: 98 [25536/60000 (43%)]	Loss: 0.222187
Train Epoch: 98 [31936/60000 (53%)]	Loss: 0.302757
Train Epoch: 98 [38336/60000 (64%)]	Loss: 0.202629
Train Epoch: 98 [44736/60000 (75%)]	Loss: 0.486532
Train Epoch: 98 [51136/60000 (85%)]	Loss: 0.124234
Train Epoch: 98 [57536/60000 (96%)]	Loss: 0.149406

Test set: Average loss: 0.1930, Accuracy: 9521/10000 (95%)

Train Epoch: 99 [6336/60000 (11%)]	Loss: 0.365053
Train Epoch: 99 [12736/60000 (21%)]	Loss: 0.284344
Train Epoch: 99 [19136/60000 (32%)]	Loss: 0.256787
Train Epoch: 99 [25536/60000 (43%)]	Loss: 0.205170
Train Epoch: 99 [31936/60000 (53%)]	Loss: 0.289763
Train Epoch: 99 [38336/60000 (64%)]	Loss: 0.240170
Train Epoch: 99 [44736/60000 (75%)]	Loss: 0.148304
Train Epoch: 99 [51136/60000 (85%)]	Loss: 0.193907
Train Epoch: 99 [57536/60000 (96%)]	Loss: 0.185220

Test set: Average loss: 0.1953, Accuracy: 9505/10000 (95%)

Train Epoch: 100 [6336/60000 (11%)]	Loss: 0.249398
Train Epoch: 100 [12736/60000 (21%)]	Loss: 0.252171
Train Epoch: 100 [19136/60000 (32%)]	Loss: 0.181944
Train Epoch: 100 [25536/60000 (43%)]	Loss: 0.455387
Train Epoch: 100 [31936/60000 (53%)]	Loss: 0.231407
Train Epoch: 100 [38336/60000 (64%)]	Loss: 0.296554
Train Epoch: 100 [44736/60000 (75%)]	Loss: 0.275765
Train Epoch: 100 [51136/60000 (85%)]	Loss: 0.165975
Train Epoch: 100 [57536/60000 (96%)]	Loss: 0.142370

Test set: Average loss: 0.2048, Accuracy: 9469/10000 (95%)

Train Epoch: 101 [6336/60000 (11%)]	Loss: 0.290078
Train Epoch: 101 [12736/60000 (21%)]	Loss: 0.212430
Train Epoch: 101 [19136/60000 (32%)]	Loss: 0.226140
Train Epoch: 101 [25536/60000 (43%)]	Loss: 0.301277
Train Epoch: 101 [31936/60000 (53%)]	Loss: 0.227650
Train Epoch: 101 [38336/60000 (64%)]	Loss: 0.139725
Train Epoch: 101 [44736/60000 (75%)]	Loss: 0.096516
Train Epoch: 101 [51136/60000 (85%)]	Loss: 0.179398
Train Epoch: 101 [57536/60000 (96%)]	Loss: 0.159769

Test set: Average loss: 0.2048, Accuracy: 9478/10000 (95%)

Train Epoch: 102 [6336/60000 (11%)]	Loss: 0.138189
Train Epoch: 102 [12736/60000 (21%)]	Loss: 0.211992
Train Epoch: 102 [19136/60000 (32%)]	Loss: 0.200167
Train Epoch: 102 [25536/60000 (43%)]	Loss: 0.268977
Train Epoch: 102 [31936/60000 (53%)]	Loss: 0.301807
Train Epoch: 102 [38336/60000 (64%)]	Loss: 0.313231
Train Epoch: 102 [44736/60000 (75%)]	Loss: 0.147082
Train Epoch: 102 [51136/60000 (85%)]	Loss: 0.151335
Train Epoch: 102 [57536/60000 (96%)]	Loss: 0.190032

Test set: Average loss: 0.2021, Accuracy: 9458/10000 (95%)

Train Epoch: 103 [6336/60000 (11%)]	Loss: 0.257217
Train Epoch: 103 [12736/60000 (21%)]	Loss: 0.247734
Train Epoch: 103 [19136/60000 (32%)]	Loss: 0.185617
Train Epoch: 103 [25536/60000 (43%)]	Loss: 0.137044
Train Epoch: 103 [31936/60000 (53%)]	Loss: 0.176394
Train Epoch: 103 [38336/60000 (64%)]	Loss: 0.164049
Train Epoch: 103 [44736/60000 (75%)]	Loss: 0.161699
Train Epoch: 103 [51136/60000 (85%)]	Loss: 0.256290
Train Epoch: 103 [57536/60000 (96%)]	Loss: 0.107328

Test set: Average loss: 0.1915, Accuracy: 9540/10000 (95%)

Train Epoch: 104 [6336/60000 (11%)]	Loss: 0.134041
Train Epoch: 104 [12736/60000 (21%)]	Loss: 0.177477
Train Epoch: 104 [19136/60000 (32%)]	Loss: 0.337822
Train Epoch: 104 [25536/60000 (43%)]	Loss: 0.295898
Train Epoch: 104 [31936/60000 (53%)]	Loss: 0.213161
Train Epoch: 104 [38336/60000 (64%)]	Loss: 0.236444
Train Epoch: 104 [44736/60000 (75%)]	Loss: 0.343230
Train Epoch: 104 [51136/60000 (85%)]	Loss: 0.183634
Train Epoch: 104 [57536/60000 (96%)]	Loss: 0.182489

Test set: Average loss: 0.2489, Accuracy: 9262/10000 (93%)

Train Epoch: 105 [6336/60000 (11%)]	Loss: 0.183776
Train Epoch: 105 [12736/60000 (21%)]	Loss: 0.366966
Train Epoch: 105 [19136/60000 (32%)]	Loss: 0.217201
Train Epoch: 105 [25536/60000 (43%)]	Loss: 0.255106
Train Epoch: 105 [31936/60000 (53%)]	Loss: 0.230271
Train Epoch: 105 [38336/60000 (64%)]	Loss: 0.240588
Train Epoch: 105 [44736/60000 (75%)]	Loss: 0.128590
Train Epoch: 105 [51136/60000 (85%)]	Loss: 0.265896
Train Epoch: 105 [57536/60000 (96%)]	Loss: 0.231487

Test set: Average loss: 0.1890, Accuracy: 9516/10000 (95%)

Train Epoch: 106 [6336/60000 (11%)]	Loss: 0.272844
Train Epoch: 106 [12736/60000 (21%)]	Loss: 0.305345
Train Epoch: 106 [19136/60000 (32%)]	Loss: 0.093980
Train Epoch: 106 [25536/60000 (43%)]	Loss: 0.188623
Train Epoch: 106 [31936/60000 (53%)]	Loss: 0.174618
Train Epoch: 106 [38336/60000 (64%)]	Loss: 0.242006
Train Epoch: 106 [44736/60000 (75%)]	Loss: 0.164989
Train Epoch: 106 [51136/60000 (85%)]	Loss: 0.132612
Train Epoch: 106 [57536/60000 (96%)]	Loss: 0.182142

Test set: Average loss: 0.1919, Accuracy: 9476/10000 (95%)

Train Epoch: 107 [6336/60000 (11%)]	Loss: 0.088709
Train Epoch: 107 [12736/60000 (21%)]	Loss: 0.188513
Train Epoch: 107 [19136/60000 (32%)]	Loss: 0.218441
Train Epoch: 107 [25536/60000 (43%)]	Loss: 0.341574
Train Epoch: 107 [31936/60000 (53%)]	Loss: 0.224868
Train Epoch: 107 [38336/60000 (64%)]	Loss: 0.172131
Train Epoch: 107 [44736/60000 (75%)]	Loss: 0.171391
Train Epoch: 107 [51136/60000 (85%)]	Loss: 0.220389
Train Epoch: 107 [57536/60000 (96%)]	Loss: 0.626626

Test set: Average loss: 0.1950, Accuracy: 9522/10000 (95%)

Train Epoch: 108 [6336/60000 (11%)]	Loss: 0.305250
Train Epoch: 108 [12736/60000 (21%)]	Loss: 0.164952
Train Epoch: 108 [19136/60000 (32%)]	Loss: 0.123565
Train Epoch: 108 [25536/60000 (43%)]	Loss: 0.197820
Train Epoch: 108 [31936/60000 (53%)]	Loss: 0.126410
Train Epoch: 108 [38336/60000 (64%)]	Loss: 0.118118
Train Epoch: 108 [44736/60000 (75%)]	Loss: 0.217187
Train Epoch: 108 [51136/60000 (85%)]	Loss: 0.209822
Train Epoch: 108 [57536/60000 (96%)]	Loss: 0.244666

Test set: Average loss: 0.1965, Accuracy: 9506/10000 (95%)

Train Epoch: 109 [6336/60000 (11%)]	Loss: 0.270476
Train Epoch: 109 [12736/60000 (21%)]	Loss: 0.217391
Train Epoch: 109 [19136/60000 (32%)]	Loss: 0.168409
Train Epoch: 109 [25536/60000 (43%)]	Loss: 0.139865
Train Epoch: 109 [31936/60000 (53%)]	Loss: 0.314070
Train Epoch: 109 [38336/60000 (64%)]	Loss: 0.197215
Train Epoch: 109 [44736/60000 (75%)]	Loss: 0.239785
Train Epoch: 109 [51136/60000 (85%)]	Loss: 0.163515
Train Epoch: 109 [57536/60000 (96%)]	Loss: 0.273283

Test set: Average loss: 0.2022, Accuracy: 9458/10000 (95%)

Train Epoch: 110 [6336/60000 (11%)]	Loss: 0.175776
Train Epoch: 110 [12736/60000 (21%)]	Loss: 0.217902
Train Epoch: 110 [19136/60000 (32%)]	Loss: 0.167073
Train Epoch: 110 [25536/60000 (43%)]	Loss: 0.196345
Train Epoch: 110 [31936/60000 (53%)]	Loss: 0.183929
Train Epoch: 110 [38336/60000 (64%)]	Loss: 0.250908
Train Epoch: 110 [44736/60000 (75%)]	Loss: 0.253361
Train Epoch: 110 [51136/60000 (85%)]	Loss: 0.194101
Train Epoch: 110 [57536/60000 (96%)]	Loss: 0.249346

Test set: Average loss: 0.2178, Accuracy: 9372/10000 (94%)

Train Epoch: 111 [6336/60000 (11%)]	Loss: 0.257084
Train Epoch: 111 [12736/60000 (21%)]	Loss: 0.196381
Train Epoch: 111 [19136/60000 (32%)]	Loss: 0.194122
Train Epoch: 111 [25536/60000 (43%)]	Loss: 0.256858
Train Epoch: 111 [31936/60000 (53%)]	Loss: 0.174246
Train Epoch: 111 [38336/60000 (64%)]	Loss: 0.207794
Train Epoch: 111 [44736/60000 (75%)]	Loss: 0.174124
Train Epoch: 111 [51136/60000 (85%)]	Loss: 0.277686
Train Epoch: 111 [57536/60000 (96%)]	Loss: 0.140377

Test set: Average loss: 0.1931, Accuracy: 9505/10000 (95%)

Train Epoch: 112 [6336/60000 (11%)]	Loss: 0.155452
Train Epoch: 112 [12736/60000 (21%)]	Loss: 0.310795
Train Epoch: 112 [19136/60000 (32%)]	Loss: 0.197476
Train Epoch: 112 [25536/60000 (43%)]	Loss: 0.236642
Train Epoch: 112 [31936/60000 (53%)]	Loss: 0.150398
Train Epoch: 112 [38336/60000 (64%)]	Loss: 0.161407
Train Epoch: 112 [44736/60000 (75%)]	Loss: 0.201533
Train Epoch: 112 [51136/60000 (85%)]	Loss: 0.253315
Train Epoch: 112 [57536/60000 (96%)]	Loss: 0.172833

Test set: Average loss: 0.2079, Accuracy: 9443/10000 (94%)

Train Epoch: 113 [6336/60000 (11%)]	Loss: 0.157983
Train Epoch: 113 [12736/60000 (21%)]	Loss: 0.178511
Train Epoch: 113 [19136/60000 (32%)]	Loss: 0.219740
Train Epoch: 113 [25536/60000 (43%)]	Loss: 0.130968
Train Epoch: 113 [31936/60000 (53%)]	Loss: 0.221454
Train Epoch: 113 [38336/60000 (64%)]	Loss: 0.149869
Train Epoch: 113 [44736/60000 (75%)]	Loss: 0.181710
Train Epoch: 113 [51136/60000 (85%)]	Loss: 0.196151
Train Epoch: 113 [57536/60000 (96%)]	Loss: 0.146824

Test set: Average loss: 0.2052, Accuracy: 9469/10000 (95%)

Train Epoch: 114 [6336/60000 (11%)]	Loss: 0.179225
Train Epoch: 114 [12736/60000 (21%)]	Loss: 0.276006
Train Epoch: 114 [19136/60000 (32%)]	Loss: 0.146611
Train Epoch: 114 [25536/60000 (43%)]	Loss: 0.173350
Train Epoch: 114 [31936/60000 (53%)]	Loss: 0.267105
Train Epoch: 114 [38336/60000 (64%)]	Loss: 0.279275
Train Epoch: 114 [44736/60000 (75%)]	Loss: 0.286209
Train Epoch: 114 [51136/60000 (85%)]	Loss: 0.343917
Train Epoch: 114 [57536/60000 (96%)]	Loss: 0.151424

Test set: Average loss: 0.1974, Accuracy: 9445/10000 (94%)

Train Epoch: 115 [6336/60000 (11%)]	Loss: 0.213990
Train Epoch: 115 [12736/60000 (21%)]	Loss: 0.128359
Train Epoch: 115 [19136/60000 (32%)]	Loss: 0.118868
Train Epoch: 115 [25536/60000 (43%)]	Loss: 0.312871
Train Epoch: 115 [31936/60000 (53%)]	Loss: 0.160735
Train Epoch: 115 [38336/60000 (64%)]	Loss: 0.153716
Train Epoch: 115 [44736/60000 (75%)]	Loss: 0.154804
Train Epoch: 115 [51136/60000 (85%)]	Loss: 0.248669
Train Epoch: 115 [57536/60000 (96%)]	Loss: 0.175746

Test set: Average loss: 0.1977, Accuracy: 9479/10000 (95%)

Train Epoch: 116 [6336/60000 (11%)]	Loss: 0.160401
Train Epoch: 116 [12736/60000 (21%)]	Loss: 0.135523
Train Epoch: 116 [19136/60000 (32%)]	Loss: 0.251873
Train Epoch: 116 [25536/60000 (43%)]	Loss: 0.238585
Train Epoch: 116 [31936/60000 (53%)]	Loss: 0.240966
Train Epoch: 116 [38336/60000 (64%)]	Loss: 0.126282
Train Epoch: 116 [44736/60000 (75%)]	Loss: 0.165919
Train Epoch: 116 [51136/60000 (85%)]	Loss: 0.171920
Train Epoch: 116 [57536/60000 (96%)]	Loss: 0.312794

Test set: Average loss: 0.1974, Accuracy: 9471/10000 (95%)

Train Epoch: 117 [6336/60000 (11%)]	Loss: 0.193069
Train Epoch: 117 [12736/60000 (21%)]	Loss: 0.266166
Train Epoch: 117 [19136/60000 (32%)]	Loss: 0.154841
Train Epoch: 117 [25536/60000 (43%)]	Loss: 0.187218
Train Epoch: 117 [31936/60000 (53%)]	Loss: 0.207163
Train Epoch: 117 [38336/60000 (64%)]	Loss: 0.100482
Train Epoch: 117 [44736/60000 (75%)]	Loss: 0.162291
Train Epoch: 117 [51136/60000 (85%)]	Loss: 0.197926
Train Epoch: 117 [57536/60000 (96%)]	Loss: 0.283322

Test set: Average loss: 0.1865, Accuracy: 9521/10000 (95%)

Train Epoch: 118 [6336/60000 (11%)]	Loss: 0.220770
Train Epoch: 118 [12736/60000 (21%)]	Loss: 0.353530
Train Epoch: 118 [19136/60000 (32%)]	Loss: 0.179283
Train Epoch: 118 [25536/60000 (43%)]	Loss: 0.163274
Train Epoch: 118 [31936/60000 (53%)]	Loss: 0.204116
Train Epoch: 118 [38336/60000 (64%)]	Loss: 0.195671
Train Epoch: 118 [44736/60000 (75%)]	Loss: 0.159443
Train Epoch: 118 [51136/60000 (85%)]	Loss: 0.330954
Train Epoch: 118 [57536/60000 (96%)]	Loss: 0.261288

Test set: Average loss: 0.1881, Accuracy: 9527/10000 (95%)

Train Epoch: 119 [6336/60000 (11%)]	Loss: 0.117314
Train Epoch: 119 [12736/60000 (21%)]	Loss: 0.211597
Train Epoch: 119 [19136/60000 (32%)]	Loss: 0.179498
Train Epoch: 119 [25536/60000 (43%)]	Loss: 0.230159
Train Epoch: 119 [31936/60000 (53%)]	Loss: 0.220494
Train Epoch: 119 [38336/60000 (64%)]	Loss: 0.087337
Train Epoch: 119 [44736/60000 (75%)]	Loss: 0.221747
Train Epoch: 119 [51136/60000 (85%)]	Loss: 0.212546
Train Epoch: 119 [57536/60000 (96%)]	Loss: 0.167075

Test set: Average loss: 0.2001, Accuracy: 9472/10000 (95%)

Train Epoch: 120 [6336/60000 (11%)]	Loss: 0.189656
Train Epoch: 120 [12736/60000 (21%)]	Loss: 0.192354
Train Epoch: 120 [19136/60000 (32%)]	Loss: 0.220308
Train Epoch: 120 [25536/60000 (43%)]	Loss: 0.171247
Train Epoch: 120 [31936/60000 (53%)]	Loss: 0.153615
Train Epoch: 120 [38336/60000 (64%)]	Loss: 0.171373
Train Epoch: 120 [44736/60000 (75%)]	Loss: 0.281697
Train Epoch: 120 [51136/60000 (85%)]	Loss: 0.211497
Train Epoch: 120 [57536/60000 (96%)]	Loss: 0.238740

Test set: Average loss: 0.1935, Accuracy: 9522/10000 (95%)

Train Epoch: 121 [6336/60000 (11%)]	Loss: 0.170809
Train Epoch: 121 [12736/60000 (21%)]	Loss: 0.294666
Train Epoch: 121 [19136/60000 (32%)]	Loss: 0.209668
Train Epoch: 121 [25536/60000 (43%)]	Loss: 0.110471
Train Epoch: 121 [31936/60000 (53%)]	Loss: 0.184217
Train Epoch: 121 [38336/60000 (64%)]	Loss: 0.294108
Train Epoch: 121 [44736/60000 (75%)]	Loss: 0.177661
Train Epoch: 121 [51136/60000 (85%)]	Loss: 0.202206
Train Epoch: 121 [57536/60000 (96%)]	Loss: 0.186684

Test set: Average loss: 0.1935, Accuracy: 9501/10000 (95%)

Train Epoch: 122 [6336/60000 (11%)]	Loss: 0.194492
Train Epoch: 122 [12736/60000 (21%)]	Loss: 0.312259
Train Epoch: 122 [19136/60000 (32%)]	Loss: 0.155558
Train Epoch: 122 [25536/60000 (43%)]	Loss: 0.154192
Train Epoch: 122 [31936/60000 (53%)]	Loss: 0.151691
Train Epoch: 122 [38336/60000 (64%)]	Loss: 0.266817
Train Epoch: 122 [44736/60000 (75%)]	Loss: 0.139475
Train Epoch: 122 [51136/60000 (85%)]	Loss: 0.095405
Train Epoch: 122 [57536/60000 (96%)]	Loss: 0.161647

Test set: Average loss: 0.1901, Accuracy: 9528/10000 (95%)

Train Epoch: 123 [6336/60000 (11%)]	Loss: 0.268716
Train Epoch: 123 [12736/60000 (21%)]	Loss: 0.198780
Train Epoch: 123 [19136/60000 (32%)]	Loss: 0.147307
Train Epoch: 123 [25536/60000 (43%)]	Loss: 0.215995
Train Epoch: 123 [31936/60000 (53%)]	Loss: 0.187051
Train Epoch: 123 [38336/60000 (64%)]	Loss: 0.145567
Train Epoch: 123 [44736/60000 (75%)]	Loss: 0.263519
Train Epoch: 123 [51136/60000 (85%)]	Loss: 0.174468
Train Epoch: 123 [57536/60000 (96%)]	Loss: 0.244758

Test set: Average loss: 0.1901, Accuracy: 9495/10000 (95%)

Train Epoch: 124 [6336/60000 (11%)]	Loss: 0.198696
Train Epoch: 124 [12736/60000 (21%)]	Loss: 0.124108
Train Epoch: 124 [19136/60000 (32%)]	Loss: 0.345662
Train Epoch: 124 [25536/60000 (43%)]	Loss: 0.166803
Train Epoch: 124 [31936/60000 (53%)]	Loss: 0.163753
Train Epoch: 124 [38336/60000 (64%)]	Loss: 0.358239
Train Epoch: 124 [44736/60000 (75%)]	Loss: 0.245143
Train Epoch: 124 [51136/60000 (85%)]	Loss: 0.138964
Train Epoch: 124 [57536/60000 (96%)]	Loss: 0.311098

Test set: Average loss: 0.1897, Accuracy: 9538/10000 (95%)

Train Epoch: 125 [6336/60000 (11%)]	Loss: 0.240228
Train Epoch: 125 [12736/60000 (21%)]	Loss: 0.122998
Train Epoch: 125 [19136/60000 (32%)]	Loss: 0.150689
Train Epoch: 125 [25536/60000 (43%)]	Loss: 0.224913
Train Epoch: 125 [31936/60000 (53%)]	Loss: 0.208535
Train Epoch: 125 [38336/60000 (64%)]	Loss: 0.245512
Train Epoch: 125 [44736/60000 (75%)]	Loss: 0.274120
Train Epoch: 125 [51136/60000 (85%)]	Loss: 0.258084
Train Epoch: 125 [57536/60000 (96%)]	Loss: 0.246436

Test set: Average loss: 0.2078, Accuracy: 9466/10000 (95%)

Train Epoch: 126 [6336/60000 (11%)]	Loss: 0.302126
Train Epoch: 126 [12736/60000 (21%)]	Loss: 0.244685
Train Epoch: 126 [19136/60000 (32%)]	Loss: 0.236771
Train Epoch: 126 [25536/60000 (43%)]	Loss: 0.149466
Train Epoch: 126 [31936/60000 (53%)]	Loss: 0.183179
Train Epoch: 126 [38336/60000 (64%)]	Loss: 0.137639
Train Epoch: 126 [44736/60000 (75%)]	Loss: 0.138929
Train Epoch: 126 [51136/60000 (85%)]	Loss: 0.129758
Train Epoch: 126 [57536/60000 (96%)]	Loss: 0.274178

Test set: Average loss: 0.1940, Accuracy: 9491/10000 (95%)

Train Epoch: 127 [6336/60000 (11%)]	Loss: 0.114154
Train Epoch: 127 [12736/60000 (21%)]	Loss: 0.240709
Train Epoch: 127 [19136/60000 (32%)]	Loss: 0.120944
Train Epoch: 127 [25536/60000 (43%)]	Loss: 0.183087
Train Epoch: 127 [31936/60000 (53%)]	Loss: 0.275162
Train Epoch: 127 [38336/60000 (64%)]	Loss: 0.209462
Train Epoch: 127 [44736/60000 (75%)]	Loss: 0.146729
Train Epoch: 127 [51136/60000 (85%)]	Loss: 0.200928
Train Epoch: 127 [57536/60000 (96%)]	Loss: 0.144092

Test set: Average loss: 0.1943, Accuracy: 9478/10000 (95%)

Train Epoch: 128 [6336/60000 (11%)]	Loss: 0.165782
Train Epoch: 128 [12736/60000 (21%)]	Loss: 0.164493
Train Epoch: 128 [19136/60000 (32%)]	Loss: 0.286632
Train Epoch: 128 [25536/60000 (43%)]	Loss: 0.220876
Train Epoch: 128 [31936/60000 (53%)]	Loss: 0.130146
Train Epoch: 128 [38336/60000 (64%)]	Loss: 0.179774
Train Epoch: 128 [44736/60000 (75%)]	Loss: 0.222965
Train Epoch: 128 [51136/60000 (85%)]	Loss: 0.282995
Train Epoch: 128 [57536/60000 (96%)]	Loss: 0.241602

Test set: Average loss: 0.1827, Accuracy: 9551/10000 (96%)

Train Epoch: 129 [6336/60000 (11%)]	Loss: 0.206015
Train Epoch: 129 [12736/60000 (21%)]	Loss: 0.196980
Train Epoch: 129 [19136/60000 (32%)]	Loss: 0.204079
Train Epoch: 129 [25536/60000 (43%)]	Loss: 0.374377
Train Epoch: 129 [31936/60000 (53%)]	Loss: 0.106502
Train Epoch: 129 [38336/60000 (64%)]	Loss: 0.105750
Train Epoch: 129 [44736/60000 (75%)]	Loss: 0.121993
Train Epoch: 129 [51136/60000 (85%)]	Loss: 0.164058
Train Epoch: 129 [57536/60000 (96%)]	Loss: 0.260533

Test set: Average loss: 0.1859, Accuracy: 9510/10000 (95%)

Train Epoch: 130 [6336/60000 (11%)]	Loss: 0.181259
Train Epoch: 130 [12736/60000 (21%)]	Loss: 0.189756
Train Epoch: 130 [19136/60000 (32%)]	Loss: 0.245915
Train Epoch: 130 [25536/60000 (43%)]	Loss: 0.177440
Train Epoch: 130 [31936/60000 (53%)]	Loss: 0.207979
Train Epoch: 130 [38336/60000 (64%)]	Loss: 0.257798
Train Epoch: 130 [44736/60000 (75%)]	Loss: 0.259027
Train Epoch: 130 [51136/60000 (85%)]	Loss: 0.353438
Train Epoch: 130 [57536/60000 (96%)]	Loss: 0.185958

Test set: Average loss: 0.1873, Accuracy: 9538/10000 (95%)

Train Epoch: 131 [6336/60000 (11%)]	Loss: 0.205290
Train Epoch: 131 [12736/60000 (21%)]	Loss: 0.238881
Train Epoch: 131 [19136/60000 (32%)]	Loss: 0.170637
Train Epoch: 131 [25536/60000 (43%)]	Loss: 0.194988
Train Epoch: 131 [31936/60000 (53%)]	Loss: 0.237552
Train Epoch: 131 [38336/60000 (64%)]	Loss: 0.305740
Train Epoch: 131 [44736/60000 (75%)]	Loss: 0.174522
Train Epoch: 131 [51136/60000 (85%)]	Loss: 0.171237
Train Epoch: 131 [57536/60000 (96%)]	Loss: 0.097176

Test set: Average loss: 0.1873, Accuracy: 9522/10000 (95%)

Train Epoch: 132 [6336/60000 (11%)]	Loss: 0.244148
Train Epoch: 132 [12736/60000 (21%)]	Loss: 0.216288
Train Epoch: 132 [19136/60000 (32%)]	Loss: 0.176664
Train Epoch: 132 [25536/60000 (43%)]	Loss: 0.162788
Train Epoch: 132 [31936/60000 (53%)]	Loss: 0.262874
Train Epoch: 132 [38336/60000 (64%)]	Loss: 0.281519
Train Epoch: 132 [44736/60000 (75%)]	Loss: 0.166795
Train Epoch: 132 [51136/60000 (85%)]	Loss: 0.148616
Train Epoch: 132 [57536/60000 (96%)]	Loss: 0.312553

Test set: Average loss: 0.1982, Accuracy: 9451/10000 (95%)

Train Epoch: 133 [6336/60000 (11%)]	Loss: 0.186688
Train Epoch: 133 [12736/60000 (21%)]	Loss: 0.154093
Train Epoch: 133 [19136/60000 (32%)]	Loss: 0.228936
Train Epoch: 133 [25536/60000 (43%)]	Loss: 0.241077
Train Epoch: 133 [31936/60000 (53%)]	Loss: 0.300602
Train Epoch: 133 [38336/60000 (64%)]	Loss: 0.220779
Train Epoch: 133 [44736/60000 (75%)]	Loss: 0.208505
Train Epoch: 133 [51136/60000 (85%)]	Loss: 0.143728
Train Epoch: 133 [57536/60000 (96%)]	Loss: 0.289839

Test set: Average loss: 0.1821, Accuracy: 9554/10000 (96%)

Train Epoch: 134 [6336/60000 (11%)]	Loss: 0.224842
Train Epoch: 134 [12736/60000 (21%)]	Loss: 0.141091
Train Epoch: 134 [19136/60000 (32%)]	Loss: 0.204376
Train Epoch: 134 [25536/60000 (43%)]	Loss: 0.154115
Train Epoch: 134 [31936/60000 (53%)]	Loss: 0.283106
Train Epoch: 134 [38336/60000 (64%)]	Loss: 0.268766
Train Epoch: 134 [44736/60000 (75%)]	Loss: 0.190247
Train Epoch: 134 [51136/60000 (85%)]	Loss: 0.171810
Train Epoch: 134 [57536/60000 (96%)]	Loss: 0.118363

Test set: Average loss: 0.1893, Accuracy: 9516/10000 (95%)

Train Epoch: 135 [6336/60000 (11%)]	Loss: 0.133326
Train Epoch: 135 [12736/60000 (21%)]	Loss: 0.136877
Train Epoch: 135 [19136/60000 (32%)]	Loss: 0.116653
Train Epoch: 135 [25536/60000 (43%)]	Loss: 0.268697
Train Epoch: 135 [31936/60000 (53%)]	Loss: 0.173288
Train Epoch: 135 [38336/60000 (64%)]	Loss: 0.253560
Train Epoch: 135 [44736/60000 (75%)]	Loss: 0.202632
Train Epoch: 135 [51136/60000 (85%)]	Loss: 0.179168
Train Epoch: 135 [57536/60000 (96%)]	Loss: 0.201937

Test set: Average loss: 0.1829, Accuracy: 9527/10000 (95%)

Train Epoch: 136 [6336/60000 (11%)]	Loss: 0.144378
Train Epoch: 136 [12736/60000 (21%)]	Loss: 0.226044
Train Epoch: 136 [19136/60000 (32%)]	Loss: 0.205965
Train Epoch: 136 [25536/60000 (43%)]	Loss: 0.192214
Train Epoch: 136 [31936/60000 (53%)]	Loss: 0.250047
Train Epoch: 136 [38336/60000 (64%)]	Loss: 0.214378
Train Epoch: 136 [44736/60000 (75%)]	Loss: 0.127455
Train Epoch: 136 [51136/60000 (85%)]	Loss: 0.109754
Train Epoch: 136 [57536/60000 (96%)]	Loss: 0.160253

Test set: Average loss: 0.2070, Accuracy: 9416/10000 (94%)

Train Epoch: 137 [6336/60000 (11%)]	Loss: 0.212617
Train Epoch: 137 [12736/60000 (21%)]	Loss: 0.198755
Train Epoch: 137 [19136/60000 (32%)]	Loss: 0.195749
Train Epoch: 137 [25536/60000 (43%)]	Loss: 0.150499
Train Epoch: 137 [31936/60000 (53%)]	Loss: 0.164236
Train Epoch: 137 [38336/60000 (64%)]	Loss: 0.248300
Train Epoch: 137 [44736/60000 (75%)]	Loss: 0.266172
Train Epoch: 137 [51136/60000 (85%)]	Loss: 0.219827
Train Epoch: 137 [57536/60000 (96%)]	Loss: 0.133126

Test set: Average loss: 0.1942, Accuracy: 9494/10000 (95%)

Train Epoch: 138 [6336/60000 (11%)]	Loss: 0.237974
Train Epoch: 138 [12736/60000 (21%)]	Loss: 0.247663
Train Epoch: 138 [19136/60000 (32%)]	Loss: 0.231452
Train Epoch: 138 [25536/60000 (43%)]	Loss: 0.207605
Train Epoch: 138 [31936/60000 (53%)]	Loss: 0.221494
Train Epoch: 138 [38336/60000 (64%)]	Loss: 0.184474
Train Epoch: 138 [44736/60000 (75%)]	Loss: 0.271925
Train Epoch: 138 [51136/60000 (85%)]	Loss: 0.142421
Train Epoch: 138 [57536/60000 (96%)]	Loss: 0.150775

Test set: Average loss: 0.1964, Accuracy: 9519/10000 (95%)

Train Epoch: 139 [6336/60000 (11%)]	Loss: 0.232972
Train Epoch: 139 [12736/60000 (21%)]	Loss: 0.124952
Train Epoch: 139 [19136/60000 (32%)]	Loss: 0.333087
Train Epoch: 139 [25536/60000 (43%)]	Loss: 0.220085
Train Epoch: 139 [31936/60000 (53%)]	Loss: 0.206762
Train Epoch: 139 [38336/60000 (64%)]	Loss: 0.180977
Train Epoch: 139 [44736/60000 (75%)]	Loss: 0.191593
Train Epoch: 139 [51136/60000 (85%)]	Loss: 0.081883
Train Epoch: 139 [57536/60000 (96%)]	Loss: 0.148048

Test set: Average loss: 0.1936, Accuracy: 9510/10000 (95%)

Train Epoch: 140 [6336/60000 (11%)]	Loss: 0.139371
Train Epoch: 140 [12736/60000 (21%)]	Loss: 0.131464
Train Epoch: 140 [19136/60000 (32%)]	Loss: 0.137258
Train Epoch: 140 [25536/60000 (43%)]	Loss: 0.189429
Train Epoch: 140 [31936/60000 (53%)]	Loss: 0.333327
Train Epoch: 140 [38336/60000 (64%)]	Loss: 0.119895
Train Epoch: 140 [44736/60000 (75%)]	Loss: 0.238636
Train Epoch: 140 [51136/60000 (85%)]	Loss: 0.281485
Train Epoch: 140 [57536/60000 (96%)]	Loss: 0.193124

Test set: Average loss: 0.1857, Accuracy: 9530/10000 (95%)

Train Epoch: 141 [6336/60000 (11%)]	Loss: 0.152976
Train Epoch: 141 [12736/60000 (21%)]	Loss: 0.237362
Train Epoch: 141 [19136/60000 (32%)]	Loss: 0.232690
Train Epoch: 141 [25536/60000 (43%)]	Loss: 0.144463
Train Epoch: 141 [31936/60000 (53%)]	Loss: 0.123004
Train Epoch: 141 [38336/60000 (64%)]	Loss: 0.316729
Train Epoch: 141 [44736/60000 (75%)]	Loss: 0.119012
Train Epoch: 141 [51136/60000 (85%)]	Loss: 0.206985
Train Epoch: 141 [57536/60000 (96%)]	Loss: 0.220018

Test set: Average loss: 0.1801, Accuracy: 9566/10000 (96%)

Train Epoch: 142 [6336/60000 (11%)]	Loss: 0.234334
Train Epoch: 142 [12736/60000 (21%)]	Loss: 0.130747
Train Epoch: 142 [19136/60000 (32%)]	Loss: 0.143068
Train Epoch: 142 [25536/60000 (43%)]	Loss: 0.210550
Train Epoch: 142 [31936/60000 (53%)]	Loss: 0.323064
Train Epoch: 142 [38336/60000 (64%)]	Loss: 0.193521
Train Epoch: 142 [44736/60000 (75%)]	Loss: 0.109937
Train Epoch: 142 [51136/60000 (85%)]	Loss: 0.205759
Train Epoch: 142 [57536/60000 (96%)]	Loss: 0.184968

Test set: Average loss: 0.1901, Accuracy: 9524/10000 (95%)

Train Epoch: 143 [6336/60000 (11%)]	Loss: 0.126233
Train Epoch: 143 [12736/60000 (21%)]	Loss: 0.437495
Train Epoch: 143 [19136/60000 (32%)]	Loss: 0.152955
Train Epoch: 143 [25536/60000 (43%)]	Loss: 0.209588
Train Epoch: 143 [31936/60000 (53%)]	Loss: 0.138271
Train Epoch: 143 [38336/60000 (64%)]	Loss: 0.236393
Train Epoch: 143 [44736/60000 (75%)]	Loss: 0.203292
Train Epoch: 143 [51136/60000 (85%)]	Loss: 0.162391
Train Epoch: 143 [57536/60000 (96%)]	Loss: 0.171067

Test set: Average loss: 0.1912, Accuracy: 9498/10000 (95%)

Train Epoch: 144 [6336/60000 (11%)]	Loss: 0.141628
Train Epoch: 144 [12736/60000 (21%)]	Loss: 0.197672
Train Epoch: 144 [19136/60000 (32%)]	Loss: 0.270279
Train Epoch: 144 [25536/60000 (43%)]	Loss: 0.152440
Train Epoch: 144 [31936/60000 (53%)]	Loss: 0.271890
Train Epoch: 144 [38336/60000 (64%)]	Loss: 0.222402
Train Epoch: 144 [44736/60000 (75%)]	Loss: 0.232422
Train Epoch: 144 [51136/60000 (85%)]	Loss: 0.148997
Train Epoch: 144 [57536/60000 (96%)]	Loss: 0.237301

Test set: Average loss: 0.2008, Accuracy: 9463/10000 (95%)

Train Epoch: 145 [6336/60000 (11%)]	Loss: 0.327919
Train Epoch: 145 [12736/60000 (21%)]	Loss: 0.214701
Train Epoch: 145 [19136/60000 (32%)]	Loss: 0.251242
Train Epoch: 145 [25536/60000 (43%)]	Loss: 0.315045
Train Epoch: 145 [31936/60000 (53%)]	Loss: 0.219878
Train Epoch: 145 [38336/60000 (64%)]	Loss: 0.196745
Train Epoch: 145 [44736/60000 (75%)]	Loss: 0.315398
Train Epoch: 145 [51136/60000 (85%)]	Loss: 0.295626
Train Epoch: 145 [57536/60000 (96%)]	Loss: 0.147383

Test set: Average loss: 0.1873, Accuracy: 9538/10000 (95%)

Train Epoch: 146 [6336/60000 (11%)]	Loss: 0.138053
Train Epoch: 146 [12736/60000 (21%)]	Loss: 0.303686
Train Epoch: 146 [19136/60000 (32%)]	Loss: 0.162133
Train Epoch: 146 [25536/60000 (43%)]	Loss: 0.192843
Train Epoch: 146 [31936/60000 (53%)]	Loss: 0.179839
Train Epoch: 146 [38336/60000 (64%)]	Loss: 0.188680
Train Epoch: 146 [44736/60000 (75%)]	Loss: 0.162313
Train Epoch: 146 [51136/60000 (85%)]	Loss: 0.162500
Train Epoch: 146 [57536/60000 (96%)]	Loss: 0.248926

Test set: Average loss: 0.1912, Accuracy: 9533/10000 (95%)

Train Epoch: 147 [6336/60000 (11%)]	Loss: 0.252411
Train Epoch: 147 [12736/60000 (21%)]	Loss: 0.146262
Train Epoch: 147 [19136/60000 (32%)]	Loss: 0.143465
Train Epoch: 147 [25536/60000 (43%)]	Loss: 0.135564
Train Epoch: 147 [31936/60000 (53%)]	Loss: 0.284570
Train Epoch: 147 [38336/60000 (64%)]	Loss: 0.332642
Train Epoch: 147 [44736/60000 (75%)]	Loss: 0.188226
Train Epoch: 147 [51136/60000 (85%)]	Loss: 0.150321
Train Epoch: 147 [57536/60000 (96%)]	Loss: 0.328866

Test set: Average loss: 0.1897, Accuracy: 9527/10000 (95%)

Train Epoch: 148 [6336/60000 (11%)]	Loss: 0.188928
Train Epoch: 148 [12736/60000 (21%)]	Loss: 0.125350
Train Epoch: 148 [19136/60000 (32%)]	Loss: 0.171175
Train Epoch: 148 [25536/60000 (43%)]	Loss: 0.158798
Train Epoch: 148 [31936/60000 (53%)]	Loss: 0.174640
Train Epoch: 148 [38336/60000 (64%)]	Loss: 0.218093
Train Epoch: 148 [44736/60000 (75%)]	Loss: 0.146822
Train Epoch: 148 [51136/60000 (85%)]	Loss: 0.172921
Train Epoch: 148 [57536/60000 (96%)]	Loss: 0.165489

Test set: Average loss: 0.1856, Accuracy: 9509/10000 (95%)

Train Epoch: 149 [6336/60000 (11%)]	Loss: 0.136851
Train Epoch: 149 [12736/60000 (21%)]	Loss: 0.046630
Train Epoch: 149 [19136/60000 (32%)]	Loss: 0.162905
Train Epoch: 149 [25536/60000 (43%)]	Loss: 0.211003
Train Epoch: 149 [31936/60000 (53%)]	Loss: 0.214680
Train Epoch: 149 [38336/60000 (64%)]	Loss: 0.210658
Train Epoch: 149 [44736/60000 (75%)]	Loss: 0.181661
Train Epoch: 149 [51136/60000 (85%)]	Loss: 0.186726
Train Epoch: 149 [57536/60000 (96%)]	Loss: 0.134323

Test set: Average loss: 0.1862, Accuracy: 9528/10000 (95%)

Train Epoch: 150 [6336/60000 (11%)]	Loss: 0.124614
Train Epoch: 150 [12736/60000 (21%)]	Loss: 0.203569
Train Epoch: 150 [19136/60000 (32%)]	Loss: 0.205225
Train Epoch: 150 [25536/60000 (43%)]	Loss: 0.151645
Train Epoch: 150 [31936/60000 (53%)]	Loss: 0.150038
Train Epoch: 150 [38336/60000 (64%)]	Loss: 0.306030
Train Epoch: 150 [44736/60000 (75%)]	Loss: 0.089135
Train Epoch: 150 [51136/60000 (85%)]	Loss: 0.191840
Train Epoch: 150 [57536/60000 (96%)]	Loss: 0.266915

Test set: Average loss: 0.1834, Accuracy: 9532/10000 (95%)

Namespace(batch_size=64, bias=None, data='../data', device=0, epochs=150, hidden_size=500, load_weights='./paper/lenet5/lenet5_e50_h500.pt', log_interval=100, lr=0.01, model='redlenet5', momentum=0.9, no_cuda=False, r=5, save_model=None, save_results=True, seed=1, sparsity=0.5, use_relu=True, wd=0.0005)


Total time spent pruning/training: 28.49 minutes
Total number of parameters in model: 300170
Number of parameters in pruned model: 151360
