Namespace(batch_size=64, bias=None, data='../data', device=0, epochs=12, hidden_size=500, load_weights='./paper/lenet5/lenet5_e50_h500.pt', log_interval=100, lr=0.01, model='redlenet5', momentum=0.9, no_cuda=False, r=5, save_model=None, save_results=True, seed=1, sparsity=0.75, use_relu=True, wd=0.0005) 

Training a RedLeNet5 network ...
Train Epoch: 1 [6336/60000 (11%)]	Loss: 2.271229
Train Epoch: 1 [12736/60000 (21%)]	Loss: 2.265860
Train Epoch: 1 [19136/60000 (32%)]	Loss: 2.209345
Train Epoch: 1 [25536/60000 (43%)]	Loss: 2.018531
Train Epoch: 1 [31936/60000 (53%)]	Loss: 2.022893
Train Epoch: 1 [38336/60000 (64%)]	Loss: 2.026596
Train Epoch: 1 [44736/60000 (75%)]	Loss: 1.932613
Train Epoch: 1 [51136/60000 (85%)]	Loss: 1.849635
Train Epoch: 1 [57536/60000 (96%)]	Loss: 1.666542

Test set: Average loss: 1.7784, Accuracy: 4378/10000 (44%)

Train Epoch: 2 [6336/60000 (11%)]	Loss: 1.761575
Train Epoch: 2 [12736/60000 (21%)]	Loss: 1.683699
Train Epoch: 2 [19136/60000 (32%)]	Loss: 1.640091
Train Epoch: 2 [25536/60000 (43%)]	Loss: 1.728332
Train Epoch: 2 [31936/60000 (53%)]	Loss: 1.697369
Train Epoch: 2 [38336/60000 (64%)]	Loss: 1.727307
Train Epoch: 2 [44736/60000 (75%)]	Loss: 1.535780
Train Epoch: 2 [51136/60000 (85%)]	Loss: 1.636527
Train Epoch: 2 [57536/60000 (96%)]	Loss: 1.712767

Test set: Average loss: 1.6105, Accuracy: 5162/10000 (52%)

Train Epoch: 3 [6336/60000 (11%)]	Loss: 1.656250
Train Epoch: 3 [12736/60000 (21%)]	Loss: 1.582926
Train Epoch: 3 [19136/60000 (32%)]	Loss: 1.529895
Train Epoch: 3 [25536/60000 (43%)]	Loss: 1.528193
Train Epoch: 3 [31936/60000 (53%)]	Loss: 1.598109
Train Epoch: 3 [38336/60000 (64%)]	Loss: 1.568405
Train Epoch: 3 [44736/60000 (75%)]	Loss: 1.550242
Train Epoch: 3 [51136/60000 (85%)]	Loss: 1.654581
Train Epoch: 3 [57536/60000 (96%)]	Loss: 1.553450

Test set: Average loss: 1.5593, Accuracy: 5232/10000 (52%)

Train Epoch: 4 [6336/60000 (11%)]	Loss: 1.650021
Train Epoch: 4 [12736/60000 (21%)]	Loss: 1.616484
Train Epoch: 4 [19136/60000 (32%)]	Loss: 1.522657
Train Epoch: 4 [25536/60000 (43%)]	Loss: 1.544594
Train Epoch: 4 [31936/60000 (53%)]	Loss: 1.517880
Train Epoch: 4 [38336/60000 (64%)]	Loss: 1.525549
Train Epoch: 4 [44736/60000 (75%)]	Loss: 1.436877
Train Epoch: 4 [51136/60000 (85%)]	Loss: 1.543955
Train Epoch: 4 [57536/60000 (96%)]	Loss: 1.635464

Test set: Average loss: 1.4987, Accuracy: 6079/10000 (61%)

Train Epoch: 5 [6336/60000 (11%)]	Loss: 1.450460
Train Epoch: 5 [12736/60000 (21%)]	Loss: 1.496643
Train Epoch: 5 [19136/60000 (32%)]	Loss: 1.448610
Train Epoch: 5 [25536/60000 (43%)]	Loss: 1.431557
Train Epoch: 5 [31936/60000 (53%)]	Loss: 1.724048
Train Epoch: 5 [38336/60000 (64%)]	Loss: 1.404735
Train Epoch: 5 [44736/60000 (75%)]	Loss: 1.456350
Train Epoch: 5 [51136/60000 (85%)]	Loss: 1.444691
Train Epoch: 5 [57536/60000 (96%)]	Loss: 1.528100

Test set: Average loss: 1.4806, Accuracy: 6084/10000 (61%)

Train Epoch: 6 [6336/60000 (11%)]	Loss: 1.438528
Train Epoch: 6 [12736/60000 (21%)]	Loss: 1.406895
Train Epoch: 6 [19136/60000 (32%)]	Loss: 1.446510
Train Epoch: 6 [25536/60000 (43%)]	Loss: 1.390414
Train Epoch: 6 [31936/60000 (53%)]	Loss: 1.623537
Train Epoch: 6 [38336/60000 (64%)]	Loss: 1.553246
Train Epoch: 6 [44736/60000 (75%)]	Loss: 1.457967
Train Epoch: 6 [51136/60000 (85%)]	Loss: 1.501389
Train Epoch: 6 [57536/60000 (96%)]	Loss: 1.492584

Test set: Average loss: 1.4461, Accuracy: 6119/10000 (61%)

Train Epoch: 7 [6336/60000 (11%)]	Loss: 1.404454
Train Epoch: 7 [12736/60000 (21%)]	Loss: 1.499276
Train Epoch: 7 [19136/60000 (32%)]	Loss: 1.514965
Train Epoch: 7 [25536/60000 (43%)]	Loss: 1.267991
Train Epoch: 7 [31936/60000 (53%)]	Loss: 1.507889
Train Epoch: 7 [38336/60000 (64%)]	Loss: 1.460121
Train Epoch: 7 [44736/60000 (75%)]	Loss: 1.599489
Train Epoch: 7 [51136/60000 (85%)]	Loss: 1.473011
Train Epoch: 7 [57536/60000 (96%)]	Loss: 1.512718

Test set: Average loss: 1.4334, Accuracy: 5846/10000 (58%)

Train Epoch: 8 [6336/60000 (11%)]	Loss: 1.339067
Train Epoch: 8 [12736/60000 (21%)]	Loss: 1.365157
Train Epoch: 8 [19136/60000 (32%)]	Loss: 1.457171
Train Epoch: 8 [25536/60000 (43%)]	Loss: 1.394657
Train Epoch: 8 [31936/60000 (53%)]	Loss: 1.340981
Train Epoch: 8 [38336/60000 (64%)]	Loss: 1.379213
Train Epoch: 8 [44736/60000 (75%)]	Loss: 1.384170
Train Epoch: 8 [51136/60000 (85%)]	Loss: 1.407785
Train Epoch: 8 [57536/60000 (96%)]	Loss: 1.359588

Test set: Average loss: 1.3996, Accuracy: 6221/10000 (62%)

Train Epoch: 9 [6336/60000 (11%)]	Loss: 1.348736
Train Epoch: 9 [12736/60000 (21%)]	Loss: 1.436302
Train Epoch: 9 [19136/60000 (32%)]	Loss: 1.539433
Train Epoch: 9 [25536/60000 (43%)]	Loss: 1.468478
Train Epoch: 9 [31936/60000 (53%)]	Loss: 1.281300
Train Epoch: 9 [38336/60000 (64%)]	Loss: 1.395123
Train Epoch: 9 [44736/60000 (75%)]	Loss: 1.544343
Train Epoch: 9 [51136/60000 (85%)]	Loss: 1.480233
Train Epoch: 9 [57536/60000 (96%)]	Loss: 1.397230

Test set: Average loss: 1.3729, Accuracy: 6447/10000 (64%)

Train Epoch: 10 [6336/60000 (11%)]	Loss: 1.335683
Train Epoch: 10 [12736/60000 (21%)]	Loss: 1.355030
Train Epoch: 10 [19136/60000 (32%)]	Loss: 1.298436
Train Epoch: 10 [25536/60000 (43%)]	Loss: 1.572517
Train Epoch: 10 [31936/60000 (53%)]	Loss: 1.425992
Train Epoch: 10 [38336/60000 (64%)]	Loss: 1.418595
Train Epoch: 10 [44736/60000 (75%)]	Loss: 1.362646
Train Epoch: 10 [51136/60000 (85%)]	Loss: 1.364209
Train Epoch: 10 [57536/60000 (96%)]	Loss: 1.361947

Test set: Average loss: 1.3783, Accuracy: 6441/10000 (64%)

Train Epoch: 11 [6336/60000 (11%)]	Loss: 1.260893
Train Epoch: 11 [12736/60000 (21%)]	Loss: 1.424187
Train Epoch: 11 [19136/60000 (32%)]	Loss: 1.348106
Train Epoch: 11 [25536/60000 (43%)]	Loss: 1.399582
Train Epoch: 11 [31936/60000 (53%)]	Loss: 1.409680
Train Epoch: 11 [38336/60000 (64%)]	Loss: 1.361109
Train Epoch: 11 [44736/60000 (75%)]	Loss: 1.332668
Train Epoch: 11 [51136/60000 (85%)]	Loss: 1.391330
Train Epoch: 11 [57536/60000 (96%)]	Loss: 1.501948

Test set: Average loss: 1.3962, Accuracy: 5582/10000 (56%)

Train Epoch: 12 [6336/60000 (11%)]	Loss: 1.338983
Train Epoch: 12 [12736/60000 (21%)]	Loss: 1.304635
Train Epoch: 12 [19136/60000 (32%)]	Loss: 1.338372
Train Epoch: 12 [25536/60000 (43%)]	Loss: 1.341989
Train Epoch: 12 [31936/60000 (53%)]	Loss: 1.336146
Train Epoch: 12 [38336/60000 (64%)]	Loss: 1.363563
Train Epoch: 12 [44736/60000 (75%)]	Loss: 1.300009
Train Epoch: 12 [51136/60000 (85%)]	Loss: 1.386455
Train Epoch: 12 [57536/60000 (96%)]	Loss: 1.348350

Test set: Average loss: 1.3688, Accuracy: 6370/10000 (64%)

Namespace(batch_size=64, bias=None, data='../data', device=0, epochs=12, hidden_size=500, load_weights='./paper/lenet5/lenet5_e50_h500.pt', log_interval=100, lr=0.01, model='redlenet5', momentum=0.9, no_cuda=False, r=5, save_model=None, save_results=True, seed=1, sparsity=0.75, use_relu=True, wd=0.0005)


Total time spent pruning/training: 1.32 minutes
Total number of parameters in model: 300170
Number of parameters in pruned model: 76955
