Namespace(batch_size=64, bias=None, data='../data', device=0, epochs=6, hidden_size=500, load_weights='./paper/lenet5/lenet5_e50_h500.pt', log_interval=100, lr=0.01, model='redlenet5', momentum=0.9, no_cuda=False, r=5, save_model=None, save_results=True, seed=1, sparsity=0.025, use_relu=True, wd=0.0005) 

Training a RedLeNet5 network ...
Train Epoch: 1 [6336/60000 (11%)]	Loss: 1.121334
Train Epoch: 1 [12736/60000 (21%)]	Loss: 1.106087
Train Epoch: 1 [19136/60000 (32%)]	Loss: 0.776698
Train Epoch: 1 [25536/60000 (43%)]	Loss: 0.472237
Train Epoch: 1 [31936/60000 (53%)]	Loss: 0.802008
Train Epoch: 1 [38336/60000 (64%)]	Loss: 0.781766
Train Epoch: 1 [44736/60000 (75%)]	Loss: 0.677500
Train Epoch: 1 [51136/60000 (85%)]	Loss: 0.612609
Train Epoch: 1 [57536/60000 (96%)]	Loss: 0.618207

Test set: Average loss: 0.5544, Accuracy: 8327/10000 (83%)

Train Epoch: 2 [6336/60000 (11%)]	Loss: 0.644437
Train Epoch: 2 [12736/60000 (21%)]	Loss: 0.460134
Train Epoch: 2 [19136/60000 (32%)]	Loss: 0.462074
Train Epoch: 2 [25536/60000 (43%)]	Loss: 0.600445
Train Epoch: 2 [31936/60000 (53%)]	Loss: 0.571920
Train Epoch: 2 [38336/60000 (64%)]	Loss: 0.703785
Train Epoch: 2 [44736/60000 (75%)]	Loss: 0.352231
Train Epoch: 2 [51136/60000 (85%)]	Loss: 0.549852
Train Epoch: 2 [57536/60000 (96%)]	Loss: 0.590242

Test set: Average loss: 0.4086, Accuracy: 8830/10000 (88%)

Train Epoch: 3 [6336/60000 (11%)]	Loss: 0.478812
Train Epoch: 3 [12736/60000 (21%)]	Loss: 0.380149
Train Epoch: 3 [19136/60000 (32%)]	Loss: 0.354336
Train Epoch: 3 [25536/60000 (43%)]	Loss: 0.293682
Train Epoch: 3 [31936/60000 (53%)]	Loss: 0.514335
Train Epoch: 3 [38336/60000 (64%)]	Loss: 0.454774
Train Epoch: 3 [44736/60000 (75%)]	Loss: 0.455787
Train Epoch: 3 [51136/60000 (85%)]	Loss: 0.363985
Train Epoch: 3 [57536/60000 (96%)]	Loss: 0.410064

Test set: Average loss: 0.4024, Accuracy: 8746/10000 (87%)

Train Epoch: 4 [6336/60000 (11%)]	Loss: 0.531003
Train Epoch: 4 [12736/60000 (21%)]	Loss: 0.366491
Train Epoch: 4 [19136/60000 (32%)]	Loss: 0.743380
Train Epoch: 4 [25536/60000 (43%)]	Loss: 0.439142
Train Epoch: 4 [31936/60000 (53%)]	Loss: 0.469290
Train Epoch: 4 [38336/60000 (64%)]	Loss: 0.462152
Train Epoch: 4 [44736/60000 (75%)]	Loss: 0.522266
Train Epoch: 4 [51136/60000 (85%)]	Loss: 0.287611
Train Epoch: 4 [57536/60000 (96%)]	Loss: 0.548913

Test set: Average loss: 0.3573, Accuracy: 8945/10000 (89%)

Train Epoch: 5 [6336/60000 (11%)]	Loss: 0.290109
Train Epoch: 5 [12736/60000 (21%)]	Loss: 0.332471
Train Epoch: 5 [19136/60000 (32%)]	Loss: 0.295272
Train Epoch: 5 [25536/60000 (43%)]	Loss: 0.248835
Train Epoch: 5 [31936/60000 (53%)]	Loss: 0.529358
Train Epoch: 5 [38336/60000 (64%)]	Loss: 0.199570
Train Epoch: 5 [44736/60000 (75%)]	Loss: 0.432394
Train Epoch: 5 [51136/60000 (85%)]	Loss: 0.259963
Train Epoch: 5 [57536/60000 (96%)]	Loss: 0.324057

Test set: Average loss: 0.3128, Accuracy: 9034/10000 (90%)

Train Epoch: 6 [6336/60000 (11%)]	Loss: 0.336605
Train Epoch: 6 [12736/60000 (21%)]	Loss: 0.156404
Train Epoch: 6 [19136/60000 (32%)]	Loss: 0.163958
Train Epoch: 6 [25536/60000 (43%)]	Loss: 0.286961
Train Epoch: 6 [31936/60000 (53%)]	Loss: 0.282814
Train Epoch: 6 [38336/60000 (64%)]	Loss: 0.376886
Train Epoch: 6 [44736/60000 (75%)]	Loss: 0.237392
Train Epoch: 6 [51136/60000 (85%)]	Loss: 0.284416
Train Epoch: 6 [57536/60000 (96%)]	Loss: 0.325424

Test set: Average loss: 0.2415, Accuracy: 9253/10000 (93%)

Namespace(batch_size=64, bias=None, data='../data', device=0, epochs=6, hidden_size=500, load_weights='./paper/lenet5/lenet5_e50_h500.pt', log_interval=100, lr=0.01, model='redlenet5', momentum=0.9, no_cuda=False, r=5, save_model=None, save_results=True, seed=1, sparsity=0.025, use_relu=True, wd=0.0005)


Total time spent pruning/training: 0.73 minutes
Total number of parameters in model: 300170
Number of parameters in pruned model: 292730
