Namespace(batch_size=64, bias=None, data='../data', device=0, epochs=5, hidden_size=500, load_weights='./paper/lenet5/lenet5_e50_h500.pt', log_interval=100, lr=0.01, model='redlenet5', momentum=0.9, no_cuda=False, r=5, save_model=None, save_results=True, seed=1, sparsity=0.9, use_relu=True, wd=0.0005) 

Training a RedLeNet5 network ...
Train Epoch: 1 [6336/60000 (11%)]	Loss: 2.302731
Train Epoch: 1 [12736/60000 (21%)]	Loss: 2.302595
Train Epoch: 1 [19136/60000 (32%)]	Loss: 2.302692
Train Epoch: 1 [25536/60000 (43%)]	Loss: 2.302631
Train Epoch: 1 [31936/60000 (53%)]	Loss: 2.303065
Train Epoch: 1 [38336/60000 (64%)]	Loss: 2.303061
Train Epoch: 1 [44736/60000 (75%)]	Loss: 2.302755
Train Epoch: 1 [51136/60000 (85%)]	Loss: 2.302637
Train Epoch: 1 [57536/60000 (96%)]	Loss: 2.302173

Test set: Average loss: 2.3024, Accuracy: 1027/10000 (10%)

Train Epoch: 2 [6336/60000 (11%)]	Loss: 2.302538
Train Epoch: 2 [12736/60000 (21%)]	Loss: 2.302485
Train Epoch: 2 [19136/60000 (32%)]	Loss: 2.302259
Train Epoch: 2 [25536/60000 (43%)]	Loss: 2.302102
Train Epoch: 2 [31936/60000 (53%)]	Loss: 2.302539
Train Epoch: 2 [38336/60000 (64%)]	Loss: 2.302426
Train Epoch: 2 [44736/60000 (75%)]	Loss: 2.302344
Train Epoch: 2 [51136/60000 (85%)]	Loss: 2.302364
Train Epoch: 2 [57536/60000 (96%)]	Loss: 2.302216

Test set: Average loss: 2.3024, Accuracy: 1017/10000 (10%)

Train Epoch: 3 [6336/60000 (11%)]	Loss: 2.302400
Train Epoch: 3 [12736/60000 (21%)]	Loss: 2.302092
Train Epoch: 3 [19136/60000 (32%)]	Loss: 2.301542
Train Epoch: 3 [25536/60000 (43%)]	Loss: 2.301753
Train Epoch: 3 [31936/60000 (53%)]	Loss: 2.301751
Train Epoch: 3 [38336/60000 (64%)]	Loss: 2.301746
Train Epoch: 3 [44736/60000 (75%)]	Loss: 2.302239
Train Epoch: 3 [51136/60000 (85%)]	Loss: 2.301580
Train Epoch: 3 [57536/60000 (96%)]	Loss: 2.303476

Test set: Average loss: 2.3020, Accuracy: 1031/10000 (10%)

Train Epoch: 4 [6336/60000 (11%)]	Loss: 2.302678
Train Epoch: 4 [12736/60000 (21%)]	Loss: 2.301665
Train Epoch: 4 [19136/60000 (32%)]	Loss: 2.301868
Train Epoch: 4 [25536/60000 (43%)]	Loss: 2.302106
Train Epoch: 4 [31936/60000 (53%)]	Loss: 2.302655
Train Epoch: 4 [38336/60000 (64%)]	Loss: 2.302272
Train Epoch: 4 [44736/60000 (75%)]	Loss: 2.301782
Train Epoch: 4 [51136/60000 (85%)]	Loss: 2.301175
Train Epoch: 4 [57536/60000 (96%)]	Loss: 2.300708

Test set: Average loss: 2.3015, Accuracy: 1043/10000 (10%)

Train Epoch: 5 [6336/60000 (11%)]	Loss: 2.300613
Train Epoch: 5 [12736/60000 (21%)]	Loss: 2.300972
Train Epoch: 5 [19136/60000 (32%)]	Loss: 2.301230
Train Epoch: 5 [25536/60000 (43%)]	Loss: 2.301582
Train Epoch: 5 [31936/60000 (53%)]	Loss: 2.302356
Train Epoch: 5 [38336/60000 (64%)]	Loss: 2.301873
Train Epoch: 5 [44736/60000 (75%)]	Loss: 2.301851
Train Epoch: 5 [51136/60000 (85%)]	Loss: 2.302055
Train Epoch: 5 [57536/60000 (96%)]	Loss: 2.302778

Test set: Average loss: 2.3015, Accuracy: 1097/10000 (11%)

Namespace(batch_size=64, bias=None, data='../data', device=0, epochs=5, hidden_size=500, load_weights='./paper/lenet5/lenet5_e50_h500.pt', log_interval=100, lr=0.01, model='redlenet5', momentum=0.9, no_cuda=False, r=5, save_model=None, save_results=True, seed=1, sparsity=0.9, use_relu=True, wd=0.0005)


Total time spent pruning/training: 0.63 minutes
Total number of parameters in model: 300170
Number of parameters in pruned model: 32312
