Namespace(batch_size=64, bias=None, data='../data', device=0, epochs=7, hidden_size=500, load_weights='./paper/lenet5/lenet5_e50_h500.pt', log_interval=100, lr=0.01, model='redlenet5', momentum=0.9, no_cuda=False, r=5, save_model=None, save_results=True, seed=1, sparsity=0.75, use_relu=True, wd=0.0005) 

Training a RedLeNet5 network ...
Train Epoch: 1 [6336/60000 (11%)]	Loss: 2.271229
Train Epoch: 1 [12736/60000 (21%)]	Loss: 2.265860
Train Epoch: 1 [19136/60000 (32%)]	Loss: 2.209345
Train Epoch: 1 [25536/60000 (43%)]	Loss: 2.018531
Train Epoch: 1 [31936/60000 (53%)]	Loss: 2.022893
Train Epoch: 1 [38336/60000 (64%)]	Loss: 2.026596
Train Epoch: 1 [44736/60000 (75%)]	Loss: 1.932613
Train Epoch: 1 [51136/60000 (85%)]	Loss: 1.849635
Train Epoch: 1 [57536/60000 (96%)]	Loss: 1.666542

Test set: Average loss: 1.7784, Accuracy: 4378/10000 (44%)

Train Epoch: 2 [6336/60000 (11%)]	Loss: 1.787204
Train Epoch: 2 [12736/60000 (21%)]	Loss: 1.694860
Train Epoch: 2 [19136/60000 (32%)]	Loss: 1.636559
Train Epoch: 2 [25536/60000 (43%)]	Loss: 1.688265
Train Epoch: 2 [31936/60000 (53%)]	Loss: 1.698891
Train Epoch: 2 [38336/60000 (64%)]	Loss: 1.731936
Train Epoch: 2 [44736/60000 (75%)]	Loss: 1.535430
Train Epoch: 2 [51136/60000 (85%)]	Loss: 1.680390
Train Epoch: 2 [57536/60000 (96%)]	Loss: 1.728082

Test set: Average loss: 1.6161, Accuracy: 5202/10000 (52%)

Train Epoch: 3 [6336/60000 (11%)]	Loss: 1.679019
Train Epoch: 3 [12736/60000 (21%)]	Loss: 1.600052
Train Epoch: 3 [19136/60000 (32%)]	Loss: 1.536083
Train Epoch: 3 [25536/60000 (43%)]	Loss: 1.537606
Train Epoch: 3 [31936/60000 (53%)]	Loss: 1.643401
Train Epoch: 3 [38336/60000 (64%)]	Loss: 1.588151
Train Epoch: 3 [44736/60000 (75%)]	Loss: 1.542706
Train Epoch: 3 [51136/60000 (85%)]	Loss: 1.683019
Train Epoch: 3 [57536/60000 (96%)]	Loss: 1.547074

Test set: Average loss: 1.5463, Accuracy: 5402/10000 (54%)

Train Epoch: 4 [6336/60000 (11%)]	Loss: 1.633720
Train Epoch: 4 [12736/60000 (21%)]	Loss: 1.619678
Train Epoch: 4 [19136/60000 (32%)]	Loss: 1.522830
Train Epoch: 4 [25536/60000 (43%)]	Loss: 1.564746
Train Epoch: 4 [31936/60000 (53%)]	Loss: 1.521216
Train Epoch: 4 [38336/60000 (64%)]	Loss: 1.552714
Train Epoch: 4 [44736/60000 (75%)]	Loss: 1.447119
Train Epoch: 4 [51136/60000 (85%)]	Loss: 1.565226
Train Epoch: 4 [57536/60000 (96%)]	Loss: 1.704662

Test set: Average loss: 1.5159, Accuracy: 5980/10000 (60%)

Train Epoch: 5 [6336/60000 (11%)]	Loss: 1.470056
Train Epoch: 5 [12736/60000 (21%)]	Loss: 1.563196
Train Epoch: 5 [19136/60000 (32%)]	Loss: 1.436547
Train Epoch: 5 [25536/60000 (43%)]	Loss: 1.456811
Train Epoch: 5 [31936/60000 (53%)]	Loss: 1.730847
Train Epoch: 5 [38336/60000 (64%)]	Loss: 1.419022
Train Epoch: 5 [44736/60000 (75%)]	Loss: 1.490827
Train Epoch: 5 [51136/60000 (85%)]	Loss: 1.501553
Train Epoch: 5 [57536/60000 (96%)]	Loss: 1.600811

Test set: Average loss: 1.5222, Accuracy: 5581/10000 (56%)

Train Epoch: 6 [6336/60000 (11%)]	Loss: 1.448056
Train Epoch: 6 [12736/60000 (21%)]	Loss: 1.412140
Train Epoch: 6 [19136/60000 (32%)]	Loss: 1.503300
Train Epoch: 6 [25536/60000 (43%)]	Loss: 1.463749
Train Epoch: 6 [31936/60000 (53%)]	Loss: 1.629057
Train Epoch: 6 [38336/60000 (64%)]	Loss: 1.560766
Train Epoch: 6 [44736/60000 (75%)]	Loss: 1.496745
Train Epoch: 6 [51136/60000 (85%)]	Loss: 1.539104
Train Epoch: 6 [57536/60000 (96%)]	Loss: 1.556156

Test set: Average loss: 1.4822, Accuracy: 5980/10000 (60%)

Train Epoch: 7 [6336/60000 (11%)]	Loss: 1.443086
Train Epoch: 7 [12736/60000 (21%)]	Loss: 1.573911
Train Epoch: 7 [19136/60000 (32%)]	Loss: 1.560896
Train Epoch: 7 [25536/60000 (43%)]	Loss: 1.382093
Train Epoch: 7 [31936/60000 (53%)]	Loss: 1.548907
Train Epoch: 7 [38336/60000 (64%)]	Loss: 1.499802
Train Epoch: 7 [44736/60000 (75%)]	Loss: 1.664950
Train Epoch: 7 [51136/60000 (85%)]	Loss: 1.560250
Train Epoch: 7 [57536/60000 (96%)]	Loss: 1.556295

Test set: Average loss: 1.4906, Accuracy: 5514/10000 (55%)

Namespace(batch_size=64, bias=None, data='../data', device=0, epochs=7, hidden_size=500, load_weights='./paper/lenet5/lenet5_e50_h500.pt', log_interval=100, lr=0.01, model='redlenet5', momentum=0.9, no_cuda=False, r=5, save_model=None, save_results=True, seed=1, sparsity=0.75, use_relu=True, wd=0.0005)


Total time spent pruning/training: 0.75 minutes
Total number of parameters in model: 300170
Number of parameters in pruned model: 76955
