Namespace(batch_size=64, bias=None, data='../data', device=0, epochs=19, hidden_size=500, load_weights='./paper/lenet5/lenet5_e50_h500.pt', log_interval=100, lr=0.01, model='redlenet5', momentum=0.9, no_cuda=False, r=5, save_model=None, save_results=True, seed=1, sparsity=0.025, use_relu=True, wd=0.0005) 

Training a RedLeNet5 network ...
Train Epoch: 1 [6336/60000 (11%)]	Loss: 1.121334
Train Epoch: 1 [12736/60000 (21%)]	Loss: 1.106087
Train Epoch: 1 [19136/60000 (32%)]	Loss: 0.776698
Train Epoch: 1 [25536/60000 (43%)]	Loss: 0.472237
Train Epoch: 1 [31936/60000 (53%)]	Loss: 0.802008
Train Epoch: 1 [38336/60000 (64%)]	Loss: 0.781766
Train Epoch: 1 [44736/60000 (75%)]	Loss: 0.677500
Train Epoch: 1 [51136/60000 (85%)]	Loss: 0.612609
Train Epoch: 1 [57536/60000 (96%)]	Loss: 0.618207

Test set: Average loss: 0.5544, Accuracy: 8327/10000 (83%)

Train Epoch: 2 [6336/60000 (11%)]	Loss: 0.465921
Train Epoch: 2 [12736/60000 (21%)]	Loss: 0.421800
Train Epoch: 2 [19136/60000 (32%)]	Loss: 0.478632
Train Epoch: 2 [25536/60000 (43%)]	Loss: 0.675303
Train Epoch: 2 [31936/60000 (53%)]	Loss: 0.672939
Train Epoch: 2 [38336/60000 (64%)]	Loss: 0.672567
Train Epoch: 2 [44736/60000 (75%)]	Loss: 0.524422
Train Epoch: 2 [51136/60000 (85%)]	Loss: 0.604200
Train Epoch: 2 [57536/60000 (96%)]	Loss: 0.584869

Test set: Average loss: 0.4873, Accuracy: 8421/10000 (84%)

Train Epoch: 3 [6336/60000 (11%)]	Loss: 0.546102
Train Epoch: 3 [12736/60000 (21%)]	Loss: 0.567865
Train Epoch: 3 [19136/60000 (32%)]	Loss: 0.325124
Train Epoch: 3 [25536/60000 (43%)]	Loss: 0.447514
Train Epoch: 3 [31936/60000 (53%)]	Loss: 0.397351
Train Epoch: 3 [38336/60000 (64%)]	Loss: 0.502371
Train Epoch: 3 [44736/60000 (75%)]	Loss: 0.642782
Train Epoch: 3 [51136/60000 (85%)]	Loss: 0.427220
Train Epoch: 3 [57536/60000 (96%)]	Loss: 0.643024

Test set: Average loss: 0.4332, Accuracy: 8659/10000 (87%)

Train Epoch: 4 [6336/60000 (11%)]	Loss: 0.575360
Train Epoch: 4 [12736/60000 (21%)]	Loss: 0.536067
Train Epoch: 4 [19136/60000 (32%)]	Loss: 0.661439
Train Epoch: 4 [25536/60000 (43%)]	Loss: 0.520545
Train Epoch: 4 [31936/60000 (53%)]	Loss: 0.865062
Train Epoch: 4 [38336/60000 (64%)]	Loss: 0.541577
Train Epoch: 4 [44736/60000 (75%)]	Loss: 0.773775
Train Epoch: 4 [51136/60000 (85%)]	Loss: 0.447490
Train Epoch: 4 [57536/60000 (96%)]	Loss: 0.799341

Test set: Average loss: 0.4898, Accuracy: 8388/10000 (84%)

Train Epoch: 5 [6336/60000 (11%)]	Loss: 0.672724
Train Epoch: 5 [12736/60000 (21%)]	Loss: 0.476372
Train Epoch: 5 [19136/60000 (32%)]	Loss: 0.560211
Train Epoch: 5 [25536/60000 (43%)]	Loss: 0.578259
Train Epoch: 5 [31936/60000 (53%)]	Loss: 0.581675
Train Epoch: 5 [38336/60000 (64%)]	Loss: 0.530828
Train Epoch: 5 [44736/60000 (75%)]	Loss: 0.508952
Train Epoch: 5 [51136/60000 (85%)]	Loss: 0.547650
Train Epoch: 5 [57536/60000 (96%)]	Loss: 0.476607

Test set: Average loss: 0.4891, Accuracy: 8488/10000 (85%)

Train Epoch: 6 [6336/60000 (11%)]	Loss: 0.447887
Train Epoch: 6 [12736/60000 (21%)]	Loss: 0.421606
Train Epoch: 6 [19136/60000 (32%)]	Loss: 0.568323
Train Epoch: 6 [25536/60000 (43%)]	Loss: 0.666918
Train Epoch: 6 [31936/60000 (53%)]	Loss: 0.710313
Train Epoch: 6 [38336/60000 (64%)]	Loss: 0.704554
Train Epoch: 6 [44736/60000 (75%)]	Loss: 0.564463
Train Epoch: 6 [51136/60000 (85%)]	Loss: 0.793139
Train Epoch: 6 [57536/60000 (96%)]	Loss: 0.548424

Test set: Average loss: 0.5518, Accuracy: 8193/10000 (82%)

Train Epoch: 7 [6336/60000 (11%)]	Loss: 0.585328
Train Epoch: 7 [12736/60000 (21%)]	Loss: 0.942603
Train Epoch: 7 [19136/60000 (32%)]	Loss: 1.043523
Train Epoch: 7 [25536/60000 (43%)]	Loss: 0.478844
Train Epoch: 7 [31936/60000 (53%)]	Loss: 0.565794
Train Epoch: 7 [38336/60000 (64%)]	Loss: 0.688219
Train Epoch: 7 [44736/60000 (75%)]	Loss: 0.909180
Train Epoch: 7 [51136/60000 (85%)]	Loss: 0.688070
Train Epoch: 7 [57536/60000 (96%)]	Loss: 0.645290

Test set: Average loss: 0.9085, Accuracy: 7247/10000 (72%)

Train Epoch: 8 [6336/60000 (11%)]	Loss: 0.699523
Train Epoch: 8 [12736/60000 (21%)]	Loss: 0.700135
Train Epoch: 8 [19136/60000 (32%)]	Loss: 0.533792
Train Epoch: 8 [25536/60000 (43%)]	Loss: 0.807770
Train Epoch: 8 [31936/60000 (53%)]	Loss: 0.416385
Train Epoch: 8 [38336/60000 (64%)]	Loss: 0.719349
Train Epoch: 8 [44736/60000 (75%)]	Loss: 0.584929
Train Epoch: 8 [51136/60000 (85%)]	Loss: 0.914856
Train Epoch: 8 [57536/60000 (96%)]	Loss: 0.475058

Test set: Average loss: 0.9889, Accuracy: 6522/10000 (65%)

Train Epoch: 9 [6336/60000 (11%)]	Loss: 0.773064
Train Epoch: 9 [12736/60000 (21%)]	Loss: 1.013353
Train Epoch: 9 [19136/60000 (32%)]	Loss: 0.679937
Train Epoch: 9 [25536/60000 (43%)]	Loss: 0.457220
Train Epoch: 9 [31936/60000 (53%)]	Loss: 0.424085
Train Epoch: 9 [38336/60000 (64%)]	Loss: 1.091694
Train Epoch: 9 [44736/60000 (75%)]	Loss: 0.736621
Train Epoch: 9 [51136/60000 (85%)]	Loss: 1.165903
Train Epoch: 9 [57536/60000 (96%)]	Loss: 0.957087

Test set: Average loss: 0.6077, Accuracy: 8089/10000 (81%)

Train Epoch: 10 [6336/60000 (11%)]	Loss: 0.662633
Train Epoch: 10 [12736/60000 (21%)]	Loss: 0.761309
Train Epoch: 10 [19136/60000 (32%)]	Loss: 0.679767
Train Epoch: 10 [25536/60000 (43%)]	Loss: 1.067150
Train Epoch: 10 [31936/60000 (53%)]	Loss: 0.709720
Train Epoch: 10 [38336/60000 (64%)]	Loss: 0.939718
Train Epoch: 10 [44736/60000 (75%)]	Loss: 0.769665
Train Epoch: 10 [51136/60000 (85%)]	Loss: 0.486770
Train Epoch: 10 [57536/60000 (96%)]	Loss: 0.659880

Test set: Average loss: 0.8145, Accuracy: 7387/10000 (74%)

Train Epoch: 11 [6336/60000 (11%)]	Loss: 0.471193
Train Epoch: 11 [12736/60000 (21%)]	Loss: 0.843732
Train Epoch: 11 [19136/60000 (32%)]	Loss: 0.731883
Train Epoch: 11 [25536/60000 (43%)]	Loss: 0.601663
Train Epoch: 11 [31936/60000 (53%)]	Loss: 0.504854
Train Epoch: 11 [38336/60000 (64%)]	Loss: 0.603044
Train Epoch: 11 [44736/60000 (75%)]	Loss: 0.555062
Train Epoch: 11 [51136/60000 (85%)]	Loss: 0.827056
Train Epoch: 11 [57536/60000 (96%)]	Loss: 1.259215

Test set: Average loss: 0.8299, Accuracy: 7186/10000 (72%)

Train Epoch: 12 [6336/60000 (11%)]	Loss: 0.838258
Train Epoch: 12 [12736/60000 (21%)]	Loss: 0.612297
Train Epoch: 12 [19136/60000 (32%)]	Loss: 1.051135
Train Epoch: 12 [25536/60000 (43%)]	Loss: 1.056917
Train Epoch: 12 [31936/60000 (53%)]	Loss: 2.016520
Train Epoch: 12 [38336/60000 (64%)]	Loss: 0.469779
Train Epoch: 12 [44736/60000 (75%)]	Loss: 0.784040
Train Epoch: 12 [51136/60000 (85%)]	Loss: 0.503267
Train Epoch: 12 [57536/60000 (96%)]	Loss: 0.657443

Test set: Average loss: 0.9949, Accuracy: 6834/10000 (68%)

Train Epoch: 13 [6336/60000 (11%)]	Loss: 1.086594
Train Epoch: 13 [12736/60000 (21%)]	Loss: 0.919834
Train Epoch: 13 [19136/60000 (32%)]	Loss: 1.012866
Train Epoch: 13 [25536/60000 (43%)]	Loss: 0.880418
Train Epoch: 13 [31936/60000 (53%)]	Loss: 0.898274
Train Epoch: 13 [38336/60000 (64%)]	Loss: 0.772763
Train Epoch: 13 [44736/60000 (75%)]	Loss: 0.965890
Train Epoch: 13 [51136/60000 (85%)]	Loss: 0.921263
Train Epoch: 13 [57536/60000 (96%)]	Loss: 0.735659

Test set: Average loss: 0.8478, Accuracy: 7213/10000 (72%)

Train Epoch: 14 [6336/60000 (11%)]	Loss: 0.652409
Train Epoch: 14 [12736/60000 (21%)]	Loss: 0.840337
Train Epoch: 14 [19136/60000 (32%)]	Loss: 1.070370
Train Epoch: 14 [25536/60000 (43%)]	Loss: 1.091097
Train Epoch: 14 [31936/60000 (53%)]	Loss: 0.883891
Train Epoch: 14 [38336/60000 (64%)]	Loss: 1.234325
Train Epoch: 14 [44736/60000 (75%)]	Loss: 0.856096
Train Epoch: 14 [51136/60000 (85%)]	Loss: 0.988977
Train Epoch: 14 [57536/60000 (96%)]	Loss: 0.861390

Test set: Average loss: 0.9225, Accuracy: 7145/10000 (71%)

Train Epoch: 15 [6336/60000 (11%)]	Loss: 0.849360
Train Epoch: 15 [12736/60000 (21%)]	Loss: 0.804132
Train Epoch: 15 [19136/60000 (32%)]	Loss: 0.947774
Train Epoch: 15 [25536/60000 (43%)]	Loss: 0.685953
Train Epoch: 15 [31936/60000 (53%)]	Loss: 0.984552
Train Epoch: 15 [38336/60000 (64%)]	Loss: 0.866907
Train Epoch: 15 [44736/60000 (75%)]	Loss: 0.839064
Train Epoch: 15 [51136/60000 (85%)]	Loss: 1.479386
Train Epoch: 15 [57536/60000 (96%)]	Loss: 0.876389

Test set: Average loss: 0.8602, Accuracy: 7128/10000 (71%)

Train Epoch: 16 [6336/60000 (11%)]	Loss: 0.886857
Train Epoch: 16 [12736/60000 (21%)]	Loss: 0.867742
Train Epoch: 16 [19136/60000 (32%)]	Loss: 0.761858
Train Epoch: 16 [25536/60000 (43%)]	Loss: 0.738677
Train Epoch: 16 [31936/60000 (53%)]	Loss: 1.098846
Train Epoch: 16 [38336/60000 (64%)]	Loss: 0.748698
Train Epoch: 16 [44736/60000 (75%)]	Loss: 0.800910
Train Epoch: 16 [51136/60000 (85%)]	Loss: 0.871934
Train Epoch: 16 [57536/60000 (96%)]	Loss: 0.847332

Test set: Average loss: 0.9334, Accuracy: 7064/10000 (71%)

Train Epoch: 17 [6336/60000 (11%)]	Loss: 1.109376
Train Epoch: 17 [12736/60000 (21%)]	Loss: 0.877734
Train Epoch: 17 [19136/60000 (32%)]	Loss: 1.042575
Train Epoch: 17 [25536/60000 (43%)]	Loss: 0.682317
Train Epoch: 17 [31936/60000 (53%)]	Loss: 0.877429
Train Epoch: 17 [38336/60000 (64%)]	Loss: 1.483588
Train Epoch: 17 [44736/60000 (75%)]	Loss: 1.139568
Train Epoch: 17 [51136/60000 (85%)]	Loss: 0.802142
Train Epoch: 17 [57536/60000 (96%)]	Loss: 1.069953

Test set: Average loss: 1.0705, Accuracy: 6455/10000 (65%)

Train Epoch: 18 [6336/60000 (11%)]	Loss: 0.624272
Train Epoch: 18 [12736/60000 (21%)]	Loss: 0.916544
Train Epoch: 18 [19136/60000 (32%)]	Loss: 0.844185
Train Epoch: 18 [25536/60000 (43%)]	Loss: 0.858309
Train Epoch: 18 [31936/60000 (53%)]	Loss: 0.885330
Train Epoch: 18 [38336/60000 (64%)]	Loss: 0.985650
Train Epoch: 18 [44736/60000 (75%)]	Loss: 1.110977
Train Epoch: 18 [51136/60000 (85%)]	Loss: 0.715718
Train Epoch: 18 [57536/60000 (96%)]	Loss: 0.860954

Test set: Average loss: 1.4043, Accuracy: 6212/10000 (62%)

Train Epoch: 19 [6336/60000 (11%)]	Loss: 0.463601
Train Epoch: 19 [12736/60000 (21%)]	Loss: 1.004465
Train Epoch: 19 [19136/60000 (32%)]	Loss: 0.615442
Train Epoch: 19 [25536/60000 (43%)]	Loss: 0.827824
Train Epoch: 19 [31936/60000 (53%)]	Loss: 1.167603
Train Epoch: 19 [38336/60000 (64%)]	Loss: 0.697779
Train Epoch: 19 [44736/60000 (75%)]	Loss: 0.844257
Train Epoch: 19 [51136/60000 (85%)]	Loss: 0.904375
Train Epoch: 19 [57536/60000 (96%)]	Loss: 0.915703

Test set: Average loss: 1.3940, Accuracy: 5768/10000 (58%)

Namespace(batch_size=64, bias=None, data='../data', device=0, epochs=19, hidden_size=500, load_weights='./paper/lenet5/lenet5_e50_h500.pt', log_interval=100, lr=0.01, model='redlenet5', momentum=0.9, no_cuda=False, r=5, save_model=None, save_results=True, seed=1, sparsity=0.025, use_relu=True, wd=0.0005)


Total time spent pruning/training: 2.10 minutes
Total number of parameters in model: 300170
Number of parameters in pruned model: 292730
