Namespace(batch_size=64, bias=None, data='../data', device=0, epochs=100, hidden_size=500, load_weights='../base3/lenet5/lenet5_e100_h500.pt', log_interval=100, lr=0.01, milestones=[5, 7], model='redlenet5', momentum=0.9, no_cuda=False, r=5, save_model=None, save_results=True, scheduler='cosine', seed=1, sparsity=0.95, use_relu=False, wd=0.0005) 

Training a RedLeNet5 network ...
Train Epoch: 1 [0/60000 (0%)]	Loss: 2.302824
Train Epoch: 1 [6400/60000 (11%)]	Loss: 2.302666
Train Epoch: 1 [12800/60000 (21%)]	Loss: 2.302500
Train Epoch: 1 [19200/60000 (32%)]	Loss: 2.302546
Train Epoch: 1 [25600/60000 (43%)]	Loss: 2.302471
Train Epoch: 1 [32000/60000 (53%)]	Loss: 2.302248
Train Epoch: 1 [38400/60000 (64%)]	Loss: 2.302166
Train Epoch: 1 [44800/60000 (75%)]	Loss: 2.302313
Train Epoch: 1 [51200/60000 (85%)]	Loss: 2.301817
Train Epoch: 1 [57600/60000 (96%)]	Loss: 2.302553

Test set: Average loss: 2.3018, Accuracy: 1288/10000 (13%)

Train Epoch: 2 [0/60000 (0%)]	Loss: 2.301898
Train Epoch: 2 [6400/60000 (11%)]	Loss: 2.302228
Train Epoch: 2 [12800/60000 (21%)]	Loss: 2.301389
Train Epoch: 2 [19200/60000 (32%)]	Loss: 2.301797
Train Epoch: 2 [25600/60000 (43%)]	Loss: 2.299779
Train Epoch: 2 [32000/60000 (53%)]	Loss: 2.298143
Train Epoch: 2 [38400/60000 (64%)]	Loss: 2.299893
Train Epoch: 2 [44800/60000 (75%)]	Loss: 2.300111
Train Epoch: 2 [51200/60000 (85%)]	Loss: 2.299810
Train Epoch: 2 [57600/60000 (96%)]	Loss: 2.300686

Test set: Average loss: 2.2989, Accuracy: 1508/10000 (15%)

Train Epoch: 3 [0/60000 (0%)]	Loss: 2.298644
Train Epoch: 3 [6400/60000 (11%)]	Loss: 2.297855
Train Epoch: 3 [12800/60000 (21%)]	Loss: 2.296281
Train Epoch: 3 [19200/60000 (32%)]	Loss: 2.297324
Train Epoch: 3 [25600/60000 (43%)]	Loss: 2.297519
Train Epoch: 3 [32000/60000 (53%)]	Loss: 2.296602
Train Epoch: 3 [38400/60000 (64%)]	Loss: 2.296304
Train Epoch: 3 [44800/60000 (75%)]	Loss: 2.290652
Train Epoch: 3 [51200/60000 (85%)]	Loss: 2.288766
Train Epoch: 3 [57600/60000 (96%)]	Loss: 2.289455

Test set: Average loss: 2.2935, Accuracy: 882/10000 (9%)

Train Epoch: 4 [0/60000 (0%)]	Loss: 2.295240
Train Epoch: 4 [6400/60000 (11%)]	Loss: 2.297214
Train Epoch: 4 [12800/60000 (21%)]	Loss: 2.297530
Train Epoch: 4 [19200/60000 (32%)]	Loss: 2.291258
Train Epoch: 4 [25600/60000 (43%)]	Loss: 2.293899
Train Epoch: 4 [32000/60000 (53%)]	Loss: 2.292322
Train Epoch: 4 [38400/60000 (64%)]	Loss: 2.293930
Train Epoch: 4 [44800/60000 (75%)]	Loss: 2.296674
Train Epoch: 4 [51200/60000 (85%)]	Loss: 2.292051
Train Epoch: 4 [57600/60000 (96%)]	Loss: 2.290794

Test set: Average loss: 2.2914, Accuracy: 888/10000 (9%)

Train Epoch: 5 [0/60000 (0%)]	Loss: 2.285030
Train Epoch: 5 [6400/60000 (11%)]	Loss: 2.293288
Train Epoch: 5 [12800/60000 (21%)]	Loss: 2.289716
Train Epoch: 5 [19200/60000 (32%)]	Loss: 2.298000
Train Epoch: 5 [25600/60000 (43%)]	Loss: 2.287788
Train Epoch: 5 [32000/60000 (53%)]	Loss: 2.297935
Train Epoch: 5 [38400/60000 (64%)]	Loss: 2.296319
Train Epoch: 5 [44800/60000 (75%)]	Loss: 2.293543
Train Epoch: 5 [51200/60000 (85%)]	Loss: 2.296305
Train Epoch: 5 [57600/60000 (96%)]	Loss: 2.284940

Test set: Average loss: 2.2871, Accuracy: 885/10000 (9%)

Train Epoch: 6 [0/60000 (0%)]	Loss: 2.292259
Train Epoch: 6 [6400/60000 (11%)]	Loss: 2.283059
Train Epoch: 6 [12800/60000 (21%)]	Loss: 2.282744
Train Epoch: 6 [19200/60000 (32%)]	Loss: 2.278648
Train Epoch: 6 [25600/60000 (43%)]	Loss: 2.296815
Train Epoch: 6 [32000/60000 (53%)]	Loss: 2.288031
Train Epoch: 6 [38400/60000 (64%)]	Loss: 2.281381
Train Epoch: 6 [44800/60000 (75%)]	Loss: 2.280333
Train Epoch: 6 [51200/60000 (85%)]	Loss: 2.288199
Train Epoch: 6 [57600/60000 (96%)]	Loss: 2.282810

Test set: Average loss: 2.2838, Accuracy: 896/10000 (9%)

Train Epoch: 7 [0/60000 (0%)]	Loss: 2.271839
Train Epoch: 7 [6400/60000 (11%)]	Loss: 2.290115
Train Epoch: 7 [12800/60000 (21%)]	Loss: 2.291234
Train Epoch: 7 [19200/60000 (32%)]	Loss: 2.285086
Train Epoch: 7 [25600/60000 (43%)]	Loss: 2.282594
Train Epoch: 7 [32000/60000 (53%)]	Loss: 2.275888
Train Epoch: 7 [38400/60000 (64%)]	Loss: 2.287145
Train Epoch: 7 [44800/60000 (75%)]	Loss: 2.279614
Train Epoch: 7 [51200/60000 (85%)]	Loss: 2.285366
Train Epoch: 7 [57600/60000 (96%)]	Loss: 2.277365

Test set: Average loss: 2.2784, Accuracy: 915/10000 (9%)

Train Epoch: 8 [0/60000 (0%)]	Loss: 2.277828
Train Epoch: 8 [6400/60000 (11%)]	Loss: 2.278762
Train Epoch: 8 [12800/60000 (21%)]	Loss: 2.269835
Train Epoch: 8 [19200/60000 (32%)]	Loss: 2.269425
Train Epoch: 8 [25600/60000 (43%)]	Loss: 2.292282
Train Epoch: 8 [32000/60000 (53%)]	Loss: 2.278577
Train Epoch: 8 [38400/60000 (64%)]	Loss: 2.271171
Train Epoch: 8 [44800/60000 (75%)]	Loss: 2.276825
Train Epoch: 8 [51200/60000 (85%)]	Loss: 2.267864
Train Epoch: 8 [57600/60000 (96%)]	Loss: 2.273716

Test set: Average loss: 2.2669, Accuracy: 1168/10000 (12%)

Train Epoch: 9 [0/60000 (0%)]	Loss: 2.269121
Train Epoch: 9 [6400/60000 (11%)]	Loss: 2.262092
Train Epoch: 9 [12800/60000 (21%)]	Loss: 2.256827
Train Epoch: 9 [19200/60000 (32%)]	Loss: 2.282013
Train Epoch: 9 [25600/60000 (43%)]	Loss: 2.280786
Train Epoch: 9 [32000/60000 (53%)]	Loss: 2.258939
Train Epoch: 9 [38400/60000 (64%)]	Loss: 2.264477
Train Epoch: 9 [44800/60000 (75%)]	Loss: 2.254240
Train Epoch: 9 [51200/60000 (85%)]	Loss: 2.257619
Train Epoch: 9 [57600/60000 (96%)]	Loss: 2.247964

Test set: Average loss: 2.2577, Accuracy: 1320/10000 (13%)

Train Epoch: 10 [0/60000 (0%)]	Loss: 2.244828
Train Epoch: 10 [6400/60000 (11%)]	Loss: 2.268318
Train Epoch: 10 [12800/60000 (21%)]	Loss: 2.272173
Train Epoch: 10 [19200/60000 (32%)]	Loss: 2.248538
Train Epoch: 10 [25600/60000 (43%)]	Loss: 2.254051
Train Epoch: 10 [32000/60000 (53%)]	Loss: 2.260781
Train Epoch: 10 [38400/60000 (64%)]	Loss: 2.257621
Train Epoch: 10 [44800/60000 (75%)]	Loss: 2.250141
Train Epoch: 10 [51200/60000 (85%)]	Loss: 2.247495
Train Epoch: 10 [57600/60000 (96%)]	Loss: 2.239216

Test set: Average loss: 2.2479, Accuracy: 1862/10000 (19%)

Train Epoch: 11 [0/60000 (0%)]	Loss: 2.246351
Train Epoch: 11 [6400/60000 (11%)]	Loss: 2.243455
Train Epoch: 11 [12800/60000 (21%)]	Loss: 2.244623
Train Epoch: 11 [19200/60000 (32%)]	Loss: 2.234836
Train Epoch: 11 [25600/60000 (43%)]	Loss: 2.251349
Train Epoch: 11 [32000/60000 (53%)]	Loss: 2.260492
Train Epoch: 11 [38400/60000 (64%)]	Loss: 2.210353
Train Epoch: 11 [44800/60000 (75%)]	Loss: 2.251709
Train Epoch: 11 [51200/60000 (85%)]	Loss: 2.261029
Train Epoch: 11 [57600/60000 (96%)]	Loss: 2.233040

Test set: Average loss: 2.2366, Accuracy: 1267/10000 (13%)

Train Epoch: 12 [0/60000 (0%)]	Loss: 2.248015
Train Epoch: 12 [6400/60000 (11%)]	Loss: 2.228808
Train Epoch: 12 [12800/60000 (21%)]	Loss: 2.208397
Train Epoch: 12 [19200/60000 (32%)]	Loss: 2.247800
Train Epoch: 12 [25600/60000 (43%)]	Loss: 2.221175
Train Epoch: 12 [32000/60000 (53%)]	Loss: 2.247991
Train Epoch: 12 [38400/60000 (64%)]	Loss: 2.231501
Train Epoch: 12 [44800/60000 (75%)]	Loss: 2.222962
Train Epoch: 12 [51200/60000 (85%)]	Loss: 2.244237
Train Epoch: 12 [57600/60000 (96%)]	Loss: 2.207468

Test set: Average loss: 2.2209, Accuracy: 1960/10000 (20%)

Train Epoch: 13 [0/60000 (0%)]	Loss: 2.240846
Train Epoch: 13 [6400/60000 (11%)]	Loss: 2.223851
Train Epoch: 13 [12800/60000 (21%)]	Loss: 2.196855
Train Epoch: 13 [19200/60000 (32%)]	Loss: 2.196846
Train Epoch: 13 [25600/60000 (43%)]	Loss: 2.189185
Train Epoch: 13 [32000/60000 (53%)]	Loss: 2.205170
Train Epoch: 13 [38400/60000 (64%)]	Loss: 2.111932
Train Epoch: 13 [44800/60000 (75%)]	Loss: 2.094266
Train Epoch: 13 [51200/60000 (85%)]	Loss: 2.104934
Train Epoch: 13 [57600/60000 (96%)]	Loss: 2.086121

Test set: Average loss: 2.0985, Accuracy: 1767/10000 (18%)

Train Epoch: 14 [0/60000 (0%)]	Loss: 2.115053
Train Epoch: 14 [6400/60000 (11%)]	Loss: 2.088420
Train Epoch: 14 [12800/60000 (21%)]	Loss: 2.047420
Train Epoch: 14 [19200/60000 (32%)]	Loss: 2.099472
Train Epoch: 14 [25600/60000 (43%)]	Loss: 2.064233
Train Epoch: 14 [32000/60000 (53%)]	Loss: 1.985791
Train Epoch: 14 [38400/60000 (64%)]	Loss: 2.063496
Train Epoch: 14 [44800/60000 (75%)]	Loss: 2.052431
Train Epoch: 14 [51200/60000 (85%)]	Loss: 2.047757
Train Epoch: 14 [57600/60000 (96%)]	Loss: 2.019359

Test set: Average loss: 2.0410, Accuracy: 1799/10000 (18%)

Train Epoch: 15 [0/60000 (0%)]	Loss: 2.041942
Train Epoch: 15 [6400/60000 (11%)]	Loss: 1.978706
Train Epoch: 15 [12800/60000 (21%)]	Loss: 2.029538
Train Epoch: 15 [19200/60000 (32%)]	Loss: 1.990128
Train Epoch: 15 [25600/60000 (43%)]	Loss: 1.924729
Train Epoch: 15 [32000/60000 (53%)]	Loss: 1.984357
Train Epoch: 15 [38400/60000 (64%)]	Loss: 2.029490
Train Epoch: 15 [44800/60000 (75%)]	Loss: 1.905881
Train Epoch: 15 [51200/60000 (85%)]	Loss: 2.000359
Train Epoch: 15 [57600/60000 (96%)]	Loss: 1.952179

Test set: Average loss: 1.9737, Accuracy: 2267/10000 (23%)

Train Epoch: 16 [0/60000 (0%)]	Loss: 2.056003
Train Epoch: 16 [6400/60000 (11%)]	Loss: 2.017177
Train Epoch: 16 [12800/60000 (21%)]	Loss: 1.856173
Train Epoch: 16 [19200/60000 (32%)]	Loss: 1.886242
Train Epoch: 16 [25600/60000 (43%)]	Loss: 1.910006
Train Epoch: 16 [32000/60000 (53%)]	Loss: 1.969565
Train Epoch: 16 [38400/60000 (64%)]	Loss: 1.985778
Train Epoch: 16 [44800/60000 (75%)]	Loss: 1.879603
Train Epoch: 16 [51200/60000 (85%)]	Loss: 1.892700
Train Epoch: 16 [57600/60000 (96%)]	Loss: 1.902860

Test set: Average loss: 1.9119, Accuracy: 2598/10000 (26%)

Train Epoch: 17 [0/60000 (0%)]	Loss: 1.899848
Train Epoch: 17 [6400/60000 (11%)]	Loss: 1.834841
Train Epoch: 17 [12800/60000 (21%)]	Loss: 1.949939
Train Epoch: 17 [19200/60000 (32%)]	Loss: 1.882442
Train Epoch: 17 [25600/60000 (43%)]	Loss: 2.008658
Train Epoch: 17 [32000/60000 (53%)]	Loss: 1.871389
Train Epoch: 17 [38400/60000 (64%)]	Loss: 1.823407
Train Epoch: 17 [44800/60000 (75%)]	Loss: 1.953645
Train Epoch: 17 [51200/60000 (85%)]	Loss: 1.885821
Train Epoch: 17 [57600/60000 (96%)]	Loss: 1.915048

Test set: Average loss: 1.9007, Accuracy: 2449/10000 (24%)

Train Epoch: 18 [0/60000 (0%)]	Loss: 1.847713
Train Epoch: 18 [6400/60000 (11%)]	Loss: 1.854728
Train Epoch: 18 [12800/60000 (21%)]	Loss: 1.947134
Train Epoch: 18 [19200/60000 (32%)]	Loss: 1.929754
Train Epoch: 18 [25600/60000 (43%)]	Loss: 1.806769
Train Epoch: 18 [32000/60000 (53%)]	Loss: 1.802532
Train Epoch: 18 [38400/60000 (64%)]	Loss: 1.858992
Train Epoch: 18 [44800/60000 (75%)]	Loss: 1.835128
Train Epoch: 18 [51200/60000 (85%)]	Loss: 1.810710
Train Epoch: 18 [57600/60000 (96%)]	Loss: 1.827983

Test set: Average loss: 1.8453, Accuracy: 2912/10000 (29%)

Train Epoch: 19 [0/60000 (0%)]	Loss: 1.852788
Train Epoch: 19 [6400/60000 (11%)]	Loss: 1.995103
Train Epoch: 19 [12800/60000 (21%)]	Loss: 1.844641
Train Epoch: 19 [19200/60000 (32%)]	Loss: 1.779905
Train Epoch: 19 [25600/60000 (43%)]	Loss: 1.824680
Train Epoch: 19 [32000/60000 (53%)]	Loss: 1.880909
Train Epoch: 19 [38400/60000 (64%)]	Loss: 1.861147
Train Epoch: 19 [44800/60000 (75%)]	Loss: 1.844764
Train Epoch: 19 [51200/60000 (85%)]	Loss: 1.796494
Train Epoch: 19 [57600/60000 (96%)]	Loss: 1.728726

Test set: Average loss: 1.7656, Accuracy: 3398/10000 (34%)

Train Epoch: 20 [0/60000 (0%)]	Loss: 1.794317
Train Epoch: 20 [6400/60000 (11%)]	Loss: 1.787959
Train Epoch: 20 [12800/60000 (21%)]	Loss: 1.716975
Train Epoch: 20 [19200/60000 (32%)]	Loss: 1.741315
Train Epoch: 20 [25600/60000 (43%)]	Loss: 1.718066
Train Epoch: 20 [32000/60000 (53%)]	Loss: 1.747374
Train Epoch: 20 [38400/60000 (64%)]	Loss: 1.784769
Train Epoch: 20 [44800/60000 (75%)]	Loss: 1.753095
Train Epoch: 20 [51200/60000 (85%)]	Loss: 1.685626
Train Epoch: 20 [57600/60000 (96%)]	Loss: 1.702500

Test set: Average loss: 1.7364, Accuracy: 3437/10000 (34%)

Train Epoch: 21 [0/60000 (0%)]	Loss: 1.682087
Train Epoch: 21 [6400/60000 (11%)]	Loss: 1.667208
Train Epoch: 21 [12800/60000 (21%)]	Loss: 1.735942
Train Epoch: 21 [19200/60000 (32%)]	Loss: 1.912033
Train Epoch: 21 [25600/60000 (43%)]	Loss: 1.808824
Train Epoch: 21 [32000/60000 (53%)]	Loss: 1.713085
Train Epoch: 21 [38400/60000 (64%)]	Loss: 1.730656
Train Epoch: 21 [44800/60000 (75%)]	Loss: 1.801471
Train Epoch: 21 [51200/60000 (85%)]	Loss: 1.655226
Train Epoch: 21 [57600/60000 (96%)]	Loss: 1.761663

Test set: Average loss: 1.7197, Accuracy: 3753/10000 (38%)

Train Epoch: 22 [0/60000 (0%)]	Loss: 1.785872
Train Epoch: 22 [6400/60000 (11%)]	Loss: 1.698552
Train Epoch: 22 [12800/60000 (21%)]	Loss: 1.676158
Train Epoch: 22 [19200/60000 (32%)]	Loss: 1.659625
Train Epoch: 22 [25600/60000 (43%)]	Loss: 1.671157
Train Epoch: 22 [32000/60000 (53%)]	Loss: 1.846678
Train Epoch: 22 [38400/60000 (64%)]	Loss: 1.634305
Train Epoch: 22 [44800/60000 (75%)]	Loss: 1.754453
Train Epoch: 22 [51200/60000 (85%)]	Loss: 1.772599
Train Epoch: 22 [57600/60000 (96%)]	Loss: 1.716175

Test set: Average loss: 1.6814, Accuracy: 3646/10000 (36%)

Train Epoch: 23 [0/60000 (0%)]	Loss: 1.594300
Train Epoch: 23 [6400/60000 (11%)]	Loss: 1.728323
Train Epoch: 23 [12800/60000 (21%)]	Loss: 1.727138
Train Epoch: 23 [19200/60000 (32%)]	Loss: 1.704396
Train Epoch: 23 [25600/60000 (43%)]	Loss: 1.659322
Train Epoch: 23 [32000/60000 (53%)]	Loss: 1.659341
Train Epoch: 23 [38400/60000 (64%)]	Loss: 1.674698
Train Epoch: 23 [44800/60000 (75%)]	Loss: 1.717222
Train Epoch: 23 [51200/60000 (85%)]	Loss: 1.687216
Train Epoch: 23 [57600/60000 (96%)]	Loss: 1.607017

Test set: Average loss: 1.6447, Accuracy: 3686/10000 (37%)

Train Epoch: 24 [0/60000 (0%)]	Loss: 1.654649
Train Epoch: 24 [6400/60000 (11%)]	Loss: 1.656743
Train Epoch: 24 [12800/60000 (21%)]	Loss: 1.728997
Train Epoch: 24 [19200/60000 (32%)]	Loss: 1.605718
Train Epoch: 24 [25600/60000 (43%)]	Loss: 1.563890
Train Epoch: 24 [32000/60000 (53%)]	Loss: 1.591370
Train Epoch: 24 [38400/60000 (64%)]	Loss: 1.634427
Train Epoch: 24 [44800/60000 (75%)]	Loss: 1.591884
Train Epoch: 24 [51200/60000 (85%)]	Loss: 1.545182
Train Epoch: 24 [57600/60000 (96%)]	Loss: 1.610245

Test set: Average loss: 1.6334, Accuracy: 4323/10000 (43%)

Train Epoch: 25 [0/60000 (0%)]	Loss: 1.589343
Train Epoch: 25 [6400/60000 (11%)]	Loss: 1.693984
Train Epoch: 25 [12800/60000 (21%)]	Loss: 1.542434
Train Epoch: 25 [19200/60000 (32%)]	Loss: 1.671106
Train Epoch: 25 [25600/60000 (43%)]	Loss: 1.700624
Train Epoch: 25 [32000/60000 (53%)]	Loss: 1.560488
Train Epoch: 25 [38400/60000 (64%)]	Loss: 1.701156
Train Epoch: 25 [44800/60000 (75%)]	Loss: 1.614253
Train Epoch: 25 [51200/60000 (85%)]	Loss: 1.628293
Train Epoch: 25 [57600/60000 (96%)]	Loss: 1.459357

Test set: Average loss: 1.5962, Accuracy: 5401/10000 (54%)

Train Epoch: 26 [0/60000 (0%)]	Loss: 1.675283
Train Epoch: 26 [6400/60000 (11%)]	Loss: 1.614947
Train Epoch: 26 [12800/60000 (21%)]	Loss: 1.599788
Train Epoch: 26 [19200/60000 (32%)]	Loss: 1.676950
Train Epoch: 26 [25600/60000 (43%)]	Loss: 1.594802
Train Epoch: 26 [32000/60000 (53%)]	Loss: 1.586773
Train Epoch: 26 [38400/60000 (64%)]	Loss: 1.643110
Train Epoch: 26 [44800/60000 (75%)]	Loss: 1.639304
Train Epoch: 26 [51200/60000 (85%)]	Loss: 1.688827
Train Epoch: 26 [57600/60000 (96%)]	Loss: 1.553432

Test set: Average loss: 1.5633, Accuracy: 5649/10000 (56%)

Train Epoch: 27 [0/60000 (0%)]	Loss: 1.552582
Train Epoch: 27 [6400/60000 (11%)]	Loss: 1.643865
Train Epoch: 27 [12800/60000 (21%)]	Loss: 1.745820
Train Epoch: 27 [19200/60000 (32%)]	Loss: 1.580147
Train Epoch: 27 [25600/60000 (43%)]	Loss: 1.590959
Train Epoch: 27 [32000/60000 (53%)]	Loss: 1.534757
Train Epoch: 27 [38400/60000 (64%)]	Loss: 1.593652
Train Epoch: 27 [44800/60000 (75%)]	Loss: 1.561888
Train Epoch: 27 [51200/60000 (85%)]	Loss: 1.564074
Train Epoch: 27 [57600/60000 (96%)]	Loss: 1.687734

Test set: Average loss: 1.5598, Accuracy: 5304/10000 (53%)

Train Epoch: 28 [0/60000 (0%)]	Loss: 1.550027
Train Epoch: 28 [6400/60000 (11%)]	Loss: 1.589926
Train Epoch: 28 [12800/60000 (21%)]	Loss: 1.563384
Train Epoch: 28 [19200/60000 (32%)]	Loss: 1.546570
Train Epoch: 28 [25600/60000 (43%)]	Loss: 1.559051
Train Epoch: 28 [32000/60000 (53%)]	Loss: 1.561201
Train Epoch: 28 [38400/60000 (64%)]	Loss: 1.555906
Train Epoch: 28 [44800/60000 (75%)]	Loss: 1.554550
Train Epoch: 28 [51200/60000 (85%)]	Loss: 1.558110
Train Epoch: 28 [57600/60000 (96%)]	Loss: 1.549028

Test set: Average loss: 1.5577, Accuracy: 5243/10000 (52%)

Train Epoch: 29 [0/60000 (0%)]	Loss: 1.551589
Train Epoch: 29 [6400/60000 (11%)]	Loss: 1.600727
Train Epoch: 29 [12800/60000 (21%)]	Loss: 1.584760
Train Epoch: 29 [19200/60000 (32%)]	Loss: 1.479197
Train Epoch: 29 [25600/60000 (43%)]	Loss: 1.549102
Train Epoch: 29 [32000/60000 (53%)]	Loss: 1.491134
Train Epoch: 29 [38400/60000 (64%)]	Loss: 1.715466
Train Epoch: 29 [44800/60000 (75%)]	Loss: 1.564122
Train Epoch: 29 [51200/60000 (85%)]	Loss: 1.571406
Train Epoch: 29 [57600/60000 (96%)]	Loss: 1.596025

Test set: Average loss: 1.5501, Accuracy: 5118/10000 (51%)

Train Epoch: 30 [0/60000 (0%)]	Loss: 1.596725
Train Epoch: 30 [6400/60000 (11%)]	Loss: 1.533496
Train Epoch: 30 [12800/60000 (21%)]	Loss: 1.569580
Train Epoch: 30 [19200/60000 (32%)]	Loss: 1.515887
Train Epoch: 30 [25600/60000 (43%)]	Loss: 1.635058
Train Epoch: 30 [32000/60000 (53%)]	Loss: 1.522482
Train Epoch: 30 [38400/60000 (64%)]	Loss: 1.536244
Train Epoch: 30 [44800/60000 (75%)]	Loss: 1.702405
Train Epoch: 30 [51200/60000 (85%)]	Loss: 1.539727
Train Epoch: 30 [57600/60000 (96%)]	Loss: 1.495271

Test set: Average loss: 1.5376, Accuracy: 5273/10000 (53%)

Train Epoch: 31 [0/60000 (0%)]	Loss: 1.536829
Train Epoch: 31 [6400/60000 (11%)]	Loss: 1.517017
Train Epoch: 31 [12800/60000 (21%)]	Loss: 1.653309
Train Epoch: 31 [19200/60000 (32%)]	Loss: 1.649559
Train Epoch: 31 [25600/60000 (43%)]	Loss: 1.642165
Train Epoch: 31 [32000/60000 (53%)]	Loss: 1.557093
Train Epoch: 31 [38400/60000 (64%)]	Loss: 1.506858
Train Epoch: 31 [44800/60000 (75%)]	Loss: 1.469243
Train Epoch: 31 [51200/60000 (85%)]	Loss: 1.522699
Train Epoch: 31 [57600/60000 (96%)]	Loss: 1.519462

Test set: Average loss: 1.5267, Accuracy: 5750/10000 (58%)

Train Epoch: 32 [0/60000 (0%)]	Loss: 1.469754
Train Epoch: 32 [6400/60000 (11%)]	Loss: 1.506328
Train Epoch: 32 [12800/60000 (21%)]	Loss: 1.553795
Train Epoch: 32 [19200/60000 (32%)]	Loss: 1.514874
Train Epoch: 32 [25600/60000 (43%)]	Loss: 1.518497
Train Epoch: 32 [32000/60000 (53%)]	Loss: 1.532327
Train Epoch: 32 [38400/60000 (64%)]	Loss: 1.497681
Train Epoch: 32 [44800/60000 (75%)]	Loss: 1.542863
Train Epoch: 32 [51200/60000 (85%)]	Loss: 1.498047
Train Epoch: 32 [57600/60000 (96%)]	Loss: 1.644906

Test set: Average loss: 1.5230, Accuracy: 5704/10000 (57%)

Train Epoch: 33 [0/60000 (0%)]	Loss: 1.501841
Train Epoch: 33 [6400/60000 (11%)]	Loss: 1.579458
Train Epoch: 33 [12800/60000 (21%)]	Loss: 1.541362
Train Epoch: 33 [19200/60000 (32%)]	Loss: 1.521550
Train Epoch: 33 [25600/60000 (43%)]	Loss: 1.517252
Train Epoch: 33 [32000/60000 (53%)]	Loss: 1.491697
Train Epoch: 33 [38400/60000 (64%)]	Loss: 1.518693
Train Epoch: 33 [44800/60000 (75%)]	Loss: 1.574301
Train Epoch: 33 [51200/60000 (85%)]	Loss: 1.489483
Train Epoch: 33 [57600/60000 (96%)]	Loss: 1.685044

Test set: Average loss: 1.5146, Accuracy: 5547/10000 (55%)

Train Epoch: 34 [0/60000 (0%)]	Loss: 1.551238
Train Epoch: 34 [6400/60000 (11%)]	Loss: 1.518808
Train Epoch: 34 [12800/60000 (21%)]	Loss: 1.587130
Train Epoch: 34 [19200/60000 (32%)]	Loss: 1.588743
Train Epoch: 34 [25600/60000 (43%)]	Loss: 1.587552
Train Epoch: 34 [32000/60000 (53%)]	Loss: 1.452045
Train Epoch: 34 [38400/60000 (64%)]	Loss: 1.528093
Train Epoch: 34 [44800/60000 (75%)]	Loss: 1.546389
Train Epoch: 34 [51200/60000 (85%)]	Loss: 1.621196
Train Epoch: 34 [57600/60000 (96%)]	Loss: 1.608390

Test set: Average loss: 1.5039, Accuracy: 5716/10000 (57%)

Train Epoch: 35 [0/60000 (0%)]	Loss: 1.410766
Train Epoch: 35 [6400/60000 (11%)]	Loss: 1.513507
Train Epoch: 35 [12800/60000 (21%)]	Loss: 1.448284
Train Epoch: 35 [19200/60000 (32%)]	Loss: 1.619341
Train Epoch: 35 [25600/60000 (43%)]	Loss: 1.468944
Train Epoch: 35 [32000/60000 (53%)]	Loss: 1.498229
Train Epoch: 35 [38400/60000 (64%)]	Loss: 1.484145
Train Epoch: 35 [44800/60000 (75%)]	Loss: 1.483794
Train Epoch: 35 [51200/60000 (85%)]	Loss: 1.491152
Train Epoch: 35 [57600/60000 (96%)]	Loss: 1.549627

Test set: Average loss: 1.5082, Accuracy: 5667/10000 (57%)

Train Epoch: 36 [0/60000 (0%)]	Loss: 1.582412
Train Epoch: 36 [6400/60000 (11%)]	Loss: 1.571075
Train Epoch: 36 [12800/60000 (21%)]	Loss: 1.552652
Train Epoch: 36 [19200/60000 (32%)]	Loss: 1.537303
Train Epoch: 36 [25600/60000 (43%)]	Loss: 1.446582
Train Epoch: 36 [32000/60000 (53%)]	Loss: 1.479496
Train Epoch: 36 [38400/60000 (64%)]	Loss: 1.520593
Train Epoch: 36 [44800/60000 (75%)]	Loss: 1.557468
Train Epoch: 36 [51200/60000 (85%)]	Loss: 1.453447
Train Epoch: 36 [57600/60000 (96%)]	Loss: 1.526259

Test set: Average loss: 1.5032, Accuracy: 5736/10000 (57%)

Train Epoch: 37 [0/60000 (0%)]	Loss: 1.500080
Train Epoch: 37 [6400/60000 (11%)]	Loss: 1.555663
Train Epoch: 37 [12800/60000 (21%)]	Loss: 1.509495
Train Epoch: 37 [19200/60000 (32%)]	Loss: 1.464848
Train Epoch: 37 [25600/60000 (43%)]	Loss: 1.599378
Train Epoch: 37 [32000/60000 (53%)]	Loss: 1.566695
Train Epoch: 37 [38400/60000 (64%)]	Loss: 1.470187
Train Epoch: 37 [44800/60000 (75%)]	Loss: 1.469267
Train Epoch: 37 [51200/60000 (85%)]	Loss: 1.524018
Train Epoch: 37 [57600/60000 (96%)]	Loss: 1.483517

Test set: Average loss: 1.5023, Accuracy: 5656/10000 (57%)

Train Epoch: 38 [0/60000 (0%)]	Loss: 1.578277
Train Epoch: 38 [6400/60000 (11%)]	Loss: 1.495421
Train Epoch: 38 [12800/60000 (21%)]	Loss: 1.538031
Train Epoch: 38 [19200/60000 (32%)]	Loss: 1.583971
Train Epoch: 38 [25600/60000 (43%)]	Loss: 1.434630
Train Epoch: 38 [32000/60000 (53%)]	Loss: 1.468522
Train Epoch: 38 [38400/60000 (64%)]	Loss: 1.418995
Train Epoch: 38 [44800/60000 (75%)]	Loss: 1.501464
Train Epoch: 38 [51200/60000 (85%)]	Loss: 1.566090
Train Epoch: 38 [57600/60000 (96%)]	Loss: 1.484309

Test set: Average loss: 1.5049, Accuracy: 5730/10000 (57%)

Train Epoch: 39 [0/60000 (0%)]	Loss: 1.581602
Train Epoch: 39 [6400/60000 (11%)]	Loss: 1.558147
Train Epoch: 39 [12800/60000 (21%)]	Loss: 1.672704
Train Epoch: 39 [19200/60000 (32%)]	Loss: 1.492117
Train Epoch: 39 [25600/60000 (43%)]	Loss: 1.752740
Train Epoch: 39 [32000/60000 (53%)]	Loss: 1.565159
Train Epoch: 39 [38400/60000 (64%)]	Loss: 1.547293
Train Epoch: 39 [44800/60000 (75%)]	Loss: 1.553177
Train Epoch: 39 [51200/60000 (85%)]	Loss: 1.513875
Train Epoch: 39 [57600/60000 (96%)]	Loss: 1.559317

Test set: Average loss: 1.5053, Accuracy: 5697/10000 (57%)

Train Epoch: 40 [0/60000 (0%)]	Loss: 1.531709
Train Epoch: 40 [6400/60000 (11%)]	Loss: 1.492937
Train Epoch: 40 [12800/60000 (21%)]	Loss: 1.498325
Train Epoch: 40 [19200/60000 (32%)]	Loss: 1.545395
Train Epoch: 40 [25600/60000 (43%)]	Loss: 1.488522
Train Epoch: 40 [32000/60000 (53%)]	Loss: 1.522045
Train Epoch: 40 [38400/60000 (64%)]	Loss: 1.540896
Train Epoch: 40 [44800/60000 (75%)]	Loss: 1.410945
Train Epoch: 40 [51200/60000 (85%)]	Loss: 1.630230
Train Epoch: 40 [57600/60000 (96%)]	Loss: 1.580455

Test set: Average loss: 1.5000, Accuracy: 5635/10000 (56%)

Train Epoch: 41 [0/60000 (0%)]	Loss: 1.569410
Train Epoch: 41 [6400/60000 (11%)]	Loss: 1.578748
Train Epoch: 41 [12800/60000 (21%)]	Loss: 1.439617
Train Epoch: 41 [19200/60000 (32%)]	Loss: 1.525147
Train Epoch: 41 [25600/60000 (43%)]	Loss: 1.539396
Train Epoch: 41 [32000/60000 (53%)]	Loss: 1.500252
Train Epoch: 41 [38400/60000 (64%)]	Loss: 1.579919
Train Epoch: 41 [44800/60000 (75%)]	Loss: 1.599230
Train Epoch: 41 [51200/60000 (85%)]	Loss: 1.440145
Train Epoch: 41 [57600/60000 (96%)]	Loss: 1.436860

Test set: Average loss: 1.5062, Accuracy: 5932/10000 (59%)

Train Epoch: 42 [0/60000 (0%)]	Loss: 1.465820
Train Epoch: 42 [6400/60000 (11%)]	Loss: 1.552396
Train Epoch: 42 [12800/60000 (21%)]	Loss: 1.554988
Train Epoch: 42 [19200/60000 (32%)]	Loss: 1.538268
Train Epoch: 42 [25600/60000 (43%)]	Loss: 1.514902
Train Epoch: 42 [32000/60000 (53%)]	Loss: 1.596821
Train Epoch: 42 [38400/60000 (64%)]	Loss: 1.542056
Train Epoch: 42 [44800/60000 (75%)]	Loss: 1.570389
Train Epoch: 42 [51200/60000 (85%)]	Loss: 1.558885
Train Epoch: 42 [57600/60000 (96%)]	Loss: 1.542758

Test set: Average loss: 1.5032, Accuracy: 5675/10000 (57%)

Train Epoch: 43 [0/60000 (0%)]	Loss: 1.505682
Train Epoch: 43 [6400/60000 (11%)]	Loss: 1.570362
Train Epoch: 43 [12800/60000 (21%)]	Loss: 1.446562
Train Epoch: 43 [19200/60000 (32%)]	Loss: 1.491428
Train Epoch: 43 [25600/60000 (43%)]	Loss: 1.622554
Train Epoch: 43 [32000/60000 (53%)]	Loss: 1.604816
Train Epoch: 43 [38400/60000 (64%)]	Loss: 1.606910
Train Epoch: 43 [44800/60000 (75%)]	Loss: 1.447894
Train Epoch: 43 [51200/60000 (85%)]	Loss: 1.572112
Train Epoch: 43 [57600/60000 (96%)]	Loss: 1.546111

Test set: Average loss: 1.5144, Accuracy: 5969/10000 (60%)

Train Epoch: 44 [0/60000 (0%)]	Loss: 1.558858
Train Epoch: 44 [6400/60000 (11%)]	Loss: 1.408895
Train Epoch: 44 [12800/60000 (21%)]	Loss: 1.495450
Train Epoch: 44 [19200/60000 (32%)]	Loss: 1.563982
Train Epoch: 44 [25600/60000 (43%)]	Loss: 1.624566
Train Epoch: 44 [32000/60000 (53%)]	Loss: 1.541500
Train Epoch: 44 [38400/60000 (64%)]	Loss: 1.547681
Train Epoch: 44 [44800/60000 (75%)]	Loss: 1.393530
Train Epoch: 44 [51200/60000 (85%)]	Loss: 1.427046
Train Epoch: 44 [57600/60000 (96%)]	Loss: 1.542819

Test set: Average loss: 1.5019, Accuracy: 5940/10000 (59%)

Train Epoch: 45 [0/60000 (0%)]	Loss: 1.561356
Train Epoch: 45 [6400/60000 (11%)]	Loss: 1.480745
Train Epoch: 45 [12800/60000 (21%)]	Loss: 1.554752
Train Epoch: 45 [19200/60000 (32%)]	Loss: 1.509674
Train Epoch: 45 [25600/60000 (43%)]	Loss: 1.528545
Train Epoch: 45 [32000/60000 (53%)]	Loss: 1.451348
Train Epoch: 45 [38400/60000 (64%)]	Loss: 1.585717
Train Epoch: 45 [44800/60000 (75%)]	Loss: 1.474091
Train Epoch: 45 [51200/60000 (85%)]	Loss: 1.569250
Train Epoch: 45 [57600/60000 (96%)]	Loss: 1.633293

Test set: Average loss: 1.5080, Accuracy: 5896/10000 (59%)

Train Epoch: 46 [0/60000 (0%)]	Loss: 1.503905
Train Epoch: 46 [6400/60000 (11%)]	Loss: 1.579429
Train Epoch: 46 [12800/60000 (21%)]	Loss: 1.405717
Train Epoch: 46 [19200/60000 (32%)]	Loss: 1.433904
Train Epoch: 46 [25600/60000 (43%)]	Loss: 1.578934
Train Epoch: 46 [32000/60000 (53%)]	Loss: 1.504790
Train Epoch: 46 [38400/60000 (64%)]	Loss: 1.500947
Train Epoch: 46 [44800/60000 (75%)]	Loss: 1.422931
Train Epoch: 46 [51200/60000 (85%)]	Loss: 1.474831
Train Epoch: 46 [57600/60000 (96%)]	Loss: 1.513895

Test set: Average loss: 1.4874, Accuracy: 5772/10000 (58%)

Train Epoch: 47 [0/60000 (0%)]	Loss: 1.512209
Train Epoch: 47 [6400/60000 (11%)]	Loss: 1.453084
Train Epoch: 47 [12800/60000 (21%)]	Loss: 1.503008
Train Epoch: 47 [19200/60000 (32%)]	Loss: 1.585050
Train Epoch: 47 [25600/60000 (43%)]	Loss: 1.456127
Train Epoch: 47 [32000/60000 (53%)]	Loss: 1.458733
Train Epoch: 47 [38400/60000 (64%)]	Loss: 1.447980
Train Epoch: 47 [44800/60000 (75%)]	Loss: 1.660918
Train Epoch: 47 [51200/60000 (85%)]	Loss: 1.480436
Train Epoch: 47 [57600/60000 (96%)]	Loss: 1.381434

Test set: Average loss: 1.4878, Accuracy: 5698/10000 (57%)

Train Epoch: 48 [0/60000 (0%)]	Loss: 1.569630
Train Epoch: 48 [6400/60000 (11%)]	Loss: 1.608870
Train Epoch: 48 [12800/60000 (21%)]	Loss: 1.434530
Train Epoch: 48 [19200/60000 (32%)]	Loss: 1.417435
Train Epoch: 48 [25600/60000 (43%)]	Loss: 1.501868
Train Epoch: 48 [32000/60000 (53%)]	Loss: 1.499165
Train Epoch: 48 [38400/60000 (64%)]	Loss: 1.500475
Train Epoch: 48 [44800/60000 (75%)]	Loss: 1.475904
Train Epoch: 48 [51200/60000 (85%)]	Loss: 1.614169
Train Epoch: 48 [57600/60000 (96%)]	Loss: 1.567144

Test set: Average loss: 1.4857, Accuracy: 5766/10000 (58%)

Train Epoch: 49 [0/60000 (0%)]	Loss: 1.527358
Train Epoch: 49 [6400/60000 (11%)]	Loss: 1.469026
Train Epoch: 49 [12800/60000 (21%)]	Loss: 1.585254
Train Epoch: 49 [19200/60000 (32%)]	Loss: 1.414147
Train Epoch: 49 [25600/60000 (43%)]	Loss: 1.520946
Train Epoch: 49 [32000/60000 (53%)]	Loss: 1.504965
Train Epoch: 49 [38400/60000 (64%)]	Loss: 1.463202
Train Epoch: 49 [44800/60000 (75%)]	Loss: 1.474242
Train Epoch: 49 [51200/60000 (85%)]	Loss: 1.509508
Train Epoch: 49 [57600/60000 (96%)]	Loss: 1.515082

Test set: Average loss: 1.4984, Accuracy: 5559/10000 (56%)

Train Epoch: 50 [0/60000 (0%)]	Loss: 1.576857
Train Epoch: 50 [6400/60000 (11%)]	Loss: 1.559735
Train Epoch: 50 [12800/60000 (21%)]	Loss: 1.475190
Train Epoch: 50 [19200/60000 (32%)]	Loss: 1.619514
Train Epoch: 50 [25600/60000 (43%)]	Loss: 1.507952
Train Epoch: 50 [32000/60000 (53%)]	Loss: 1.502990
Train Epoch: 50 [38400/60000 (64%)]	Loss: 1.422147
Train Epoch: 50 [44800/60000 (75%)]	Loss: 1.644381
Train Epoch: 50 [51200/60000 (85%)]	Loss: 1.424629
Train Epoch: 50 [57600/60000 (96%)]	Loss: 1.530926

Test set: Average loss: 1.4930, Accuracy: 5560/10000 (56%)

Train Epoch: 51 [0/60000 (0%)]	Loss: 1.406738
Train Epoch: 51 [6400/60000 (11%)]	Loss: 1.442469
Train Epoch: 51 [12800/60000 (21%)]	Loss: 1.540063
Train Epoch: 51 [19200/60000 (32%)]	Loss: 1.471685
Train Epoch: 51 [25600/60000 (43%)]	Loss: 1.626877
Train Epoch: 51 [32000/60000 (53%)]	Loss: 1.551382
Train Epoch: 51 [38400/60000 (64%)]	Loss: 1.505210
Train Epoch: 51 [44800/60000 (75%)]	Loss: 1.643063
Train Epoch: 51 [51200/60000 (85%)]	Loss: 1.589513
Train Epoch: 51 [57600/60000 (96%)]	Loss: 1.566887

Test set: Average loss: 1.4810, Accuracy: 5749/10000 (57%)

Train Epoch: 52 [0/60000 (0%)]	Loss: 1.448655
Train Epoch: 52 [6400/60000 (11%)]	Loss: 1.400715
Train Epoch: 52 [12800/60000 (21%)]	Loss: 1.503251
Train Epoch: 52 [19200/60000 (32%)]	Loss: 1.464601
Train Epoch: 52 [25600/60000 (43%)]	Loss: 1.451650
Train Epoch: 52 [32000/60000 (53%)]	Loss: 1.427782
Train Epoch: 52 [38400/60000 (64%)]	Loss: 1.490866
Train Epoch: 52 [44800/60000 (75%)]	Loss: 1.516885
Train Epoch: 52 [51200/60000 (85%)]	Loss: 1.496251
Train Epoch: 52 [57600/60000 (96%)]	Loss: 1.573510

Test set: Average loss: 1.4877, Accuracy: 5752/10000 (58%)

Train Epoch: 53 [0/60000 (0%)]	Loss: 1.517095
Train Epoch: 53 [6400/60000 (11%)]	Loss: 1.485443
Train Epoch: 53 [12800/60000 (21%)]	Loss: 1.472256
Train Epoch: 53 [19200/60000 (32%)]	Loss: 1.469056
Train Epoch: 53 [25600/60000 (43%)]	Loss: 1.626465
Train Epoch: 53 [32000/60000 (53%)]	Loss: 1.500095
Train Epoch: 53 [38400/60000 (64%)]	Loss: 1.466353
Train Epoch: 53 [44800/60000 (75%)]	Loss: 1.555300
Train Epoch: 53 [51200/60000 (85%)]	Loss: 1.472109
Train Epoch: 53 [57600/60000 (96%)]	Loss: 1.581362

Test set: Average loss: 1.4789, Accuracy: 5856/10000 (59%)

Train Epoch: 54 [0/60000 (0%)]	Loss: 1.433992
Train Epoch: 54 [6400/60000 (11%)]	Loss: 1.564184
Train Epoch: 54 [12800/60000 (21%)]	Loss: 1.530486
Train Epoch: 54 [19200/60000 (32%)]	Loss: 1.508966
Train Epoch: 54 [25600/60000 (43%)]	Loss: 1.553166
Train Epoch: 54 [32000/60000 (53%)]	Loss: 1.571545
Train Epoch: 54 [38400/60000 (64%)]	Loss: 1.556926
Train Epoch: 54 [44800/60000 (75%)]	Loss: 1.513492
Train Epoch: 54 [51200/60000 (85%)]	Loss: 1.473187
Train Epoch: 54 [57600/60000 (96%)]	Loss: 1.619063

Test set: Average loss: 1.4757, Accuracy: 5870/10000 (59%)

Train Epoch: 55 [0/60000 (0%)]	Loss: 1.552946
Train Epoch: 55 [6400/60000 (11%)]	Loss: 1.612296
Train Epoch: 55 [12800/60000 (21%)]	Loss: 1.429193
Train Epoch: 55 [19200/60000 (32%)]	Loss: 1.586274
Train Epoch: 55 [25600/60000 (43%)]	Loss: 1.491863
Train Epoch: 55 [32000/60000 (53%)]	Loss: 1.513208
Train Epoch: 55 [38400/60000 (64%)]	Loss: 1.511206
Train Epoch: 55 [44800/60000 (75%)]	Loss: 1.480524
Train Epoch: 55 [51200/60000 (85%)]	Loss: 1.604944
Train Epoch: 55 [57600/60000 (96%)]	Loss: 1.520884

Test set: Average loss: 1.4756, Accuracy: 5745/10000 (57%)

Train Epoch: 56 [0/60000 (0%)]	Loss: 1.477113
Train Epoch: 56 [6400/60000 (11%)]	Loss: 1.531446
Train Epoch: 56 [12800/60000 (21%)]	Loss: 1.391711
Train Epoch: 56 [19200/60000 (32%)]	Loss: 1.438526
Train Epoch: 56 [25600/60000 (43%)]	Loss: 1.607274
Train Epoch: 56 [32000/60000 (53%)]	Loss: 1.626323
Train Epoch: 56 [38400/60000 (64%)]	Loss: 1.484864
Train Epoch: 56 [44800/60000 (75%)]	Loss: 1.498950
Train Epoch: 56 [51200/60000 (85%)]	Loss: 1.484331
Train Epoch: 56 [57600/60000 (96%)]	Loss: 1.482754

Test set: Average loss: 1.4761, Accuracy: 5692/10000 (57%)

Train Epoch: 57 [0/60000 (0%)]	Loss: 1.472795
Train Epoch: 57 [6400/60000 (11%)]	Loss: 1.601887
Train Epoch: 57 [12800/60000 (21%)]	Loss: 1.442059
Train Epoch: 57 [19200/60000 (32%)]	Loss: 1.452508
Train Epoch: 57 [25600/60000 (43%)]	Loss: 1.589880
Train Epoch: 57 [32000/60000 (53%)]	Loss: 1.490480
Train Epoch: 57 [38400/60000 (64%)]	Loss: 1.522515
Train Epoch: 57 [44800/60000 (75%)]	Loss: 1.423839
Train Epoch: 57 [51200/60000 (85%)]	Loss: 1.493923
Train Epoch: 57 [57600/60000 (96%)]	Loss: 1.412768

Test set: Average loss: 1.4818, Accuracy: 5921/10000 (59%)

Train Epoch: 58 [0/60000 (0%)]	Loss: 1.491362
Train Epoch: 58 [6400/60000 (11%)]	Loss: 1.481994
Train Epoch: 58 [12800/60000 (21%)]	Loss: 1.411020
Train Epoch: 58 [19200/60000 (32%)]	Loss: 1.574179
Train Epoch: 58 [25600/60000 (43%)]	Loss: 1.557516
Train Epoch: 58 [32000/60000 (53%)]	Loss: 1.482947
Train Epoch: 58 [38400/60000 (64%)]	Loss: 1.540960
Train Epoch: 58 [44800/60000 (75%)]	Loss: 1.477708
Train Epoch: 58 [51200/60000 (85%)]	Loss: 1.513603
Train Epoch: 58 [57600/60000 (96%)]	Loss: 1.484383

Test set: Average loss: 1.4831, Accuracy: 5753/10000 (58%)

Train Epoch: 59 [0/60000 (0%)]	Loss: 1.421021
Train Epoch: 59 [6400/60000 (11%)]	Loss: 1.412818
Train Epoch: 59 [12800/60000 (21%)]	Loss: 1.450632
Train Epoch: 59 [19200/60000 (32%)]	Loss: 1.534273
Train Epoch: 59 [25600/60000 (43%)]	Loss: 1.601327
Train Epoch: 59 [32000/60000 (53%)]	Loss: 1.496511
Train Epoch: 59 [38400/60000 (64%)]	Loss: 1.498727
Train Epoch: 59 [44800/60000 (75%)]	Loss: 1.372334
Train Epoch: 59 [51200/60000 (85%)]	Loss: 1.494694
Train Epoch: 59 [57600/60000 (96%)]	Loss: 1.650777

Test set: Average loss: 1.4728, Accuracy: 5623/10000 (56%)

Train Epoch: 60 [0/60000 (0%)]	Loss: 1.516518
Train Epoch: 60 [6400/60000 (11%)]	Loss: 1.427166
Train Epoch: 60 [12800/60000 (21%)]	Loss: 1.588945
Train Epoch: 60 [19200/60000 (32%)]	Loss: 1.437511
Train Epoch: 60 [25600/60000 (43%)]	Loss: 1.530493
Train Epoch: 60 [32000/60000 (53%)]	Loss: 1.386017
Train Epoch: 60 [38400/60000 (64%)]	Loss: 1.447806
Train Epoch: 60 [44800/60000 (75%)]	Loss: 1.443620
Train Epoch: 60 [51200/60000 (85%)]	Loss: 1.590291
Train Epoch: 60 [57600/60000 (96%)]	Loss: 1.421126

Test set: Average loss: 1.4771, Accuracy: 5838/10000 (58%)

Train Epoch: 61 [0/60000 (0%)]	Loss: 1.358271
Train Epoch: 61 [6400/60000 (11%)]	Loss: 1.432587
Train Epoch: 61 [12800/60000 (21%)]	Loss: 1.425131
Train Epoch: 61 [19200/60000 (32%)]	Loss: 1.573786
Train Epoch: 61 [25600/60000 (43%)]	Loss: 1.444728
Train Epoch: 61 [32000/60000 (53%)]	Loss: 1.493069
Train Epoch: 61 [38400/60000 (64%)]	Loss: 1.567538
Train Epoch: 61 [44800/60000 (75%)]	Loss: 1.442544
Train Epoch: 61 [51200/60000 (85%)]	Loss: 1.546063
Train Epoch: 61 [57600/60000 (96%)]	Loss: 1.462805

Test set: Average loss: 1.4809, Accuracy: 5924/10000 (59%)

Train Epoch: 62 [0/60000 (0%)]	Loss: 1.434207
Train Epoch: 62 [6400/60000 (11%)]	Loss: 1.460149
Train Epoch: 62 [12800/60000 (21%)]	Loss: 1.510003
Train Epoch: 62 [19200/60000 (32%)]	Loss: 1.438439
Train Epoch: 62 [25600/60000 (43%)]	Loss: 1.440866
Train Epoch: 62 [32000/60000 (53%)]	Loss: 1.452966
Train Epoch: 62 [38400/60000 (64%)]	Loss: 1.533374
Train Epoch: 62 [44800/60000 (75%)]	Loss: 1.654458
Train Epoch: 62 [51200/60000 (85%)]	Loss: 1.468750
Train Epoch: 62 [57600/60000 (96%)]	Loss: 1.521447

Test set: Average loss: 1.4977, Accuracy: 5571/10000 (56%)

Train Epoch: 63 [0/60000 (0%)]	Loss: 1.433095
Train Epoch: 63 [6400/60000 (11%)]	Loss: 1.538197
Train Epoch: 63 [12800/60000 (21%)]	Loss: 1.475653
Train Epoch: 63 [19200/60000 (32%)]	Loss: 1.496972
Train Epoch: 63 [25600/60000 (43%)]	Loss: 1.547822
Train Epoch: 63 [32000/60000 (53%)]	Loss: 1.674340
Train Epoch: 63 [38400/60000 (64%)]	Loss: 1.514291
Train Epoch: 63 [44800/60000 (75%)]	Loss: 1.518107
Train Epoch: 63 [51200/60000 (85%)]	Loss: 1.464077
Train Epoch: 63 [57600/60000 (96%)]	Loss: 1.334374

Test set: Average loss: 1.4820, Accuracy: 5788/10000 (58%)

Train Epoch: 64 [0/60000 (0%)]	Loss: 1.542101
Train Epoch: 64 [6400/60000 (11%)]	Loss: 1.585711
Train Epoch: 64 [12800/60000 (21%)]	Loss: 1.543551
Train Epoch: 64 [19200/60000 (32%)]	Loss: 1.565945
Train Epoch: 64 [25600/60000 (43%)]	Loss: 1.523386
Train Epoch: 64 [32000/60000 (53%)]	Loss: 1.504358
Train Epoch: 64 [38400/60000 (64%)]	Loss: 1.513601
Train Epoch: 64 [44800/60000 (75%)]	Loss: 1.457542
Train Epoch: 64 [51200/60000 (85%)]	Loss: 1.404566
Train Epoch: 64 [57600/60000 (96%)]	Loss: 1.540332

Test set: Average loss: 1.4771, Accuracy: 5984/10000 (60%)

Train Epoch: 65 [0/60000 (0%)]	Loss: 1.545535
Train Epoch: 65 [6400/60000 (11%)]	Loss: 1.517887
Train Epoch: 65 [12800/60000 (21%)]	Loss: 1.456686
Train Epoch: 65 [19200/60000 (32%)]	Loss: 1.495428
Train Epoch: 65 [25600/60000 (43%)]	Loss: 1.536493
Train Epoch: 65 [32000/60000 (53%)]	Loss: 1.437036
Train Epoch: 65 [38400/60000 (64%)]	Loss: 1.416086
Train Epoch: 65 [44800/60000 (75%)]	Loss: 1.431999
Train Epoch: 65 [51200/60000 (85%)]	Loss: 1.514210
Train Epoch: 65 [57600/60000 (96%)]	Loss: 1.531971

Test set: Average loss: 1.4944, Accuracy: 5177/10000 (52%)

Train Epoch: 66 [0/60000 (0%)]	Loss: 1.576272
Train Epoch: 66 [6400/60000 (11%)]	Loss: 1.469340
Train Epoch: 66 [12800/60000 (21%)]	Loss: 1.435764
Train Epoch: 66 [19200/60000 (32%)]	Loss: 1.516696
Train Epoch: 66 [25600/60000 (43%)]	Loss: 1.540595
Train Epoch: 66 [32000/60000 (53%)]	Loss: 1.488340
Train Epoch: 66 [38400/60000 (64%)]	Loss: 1.449317
Train Epoch: 66 [44800/60000 (75%)]	Loss: 1.478649
Train Epoch: 66 [51200/60000 (85%)]	Loss: 1.497361
Train Epoch: 66 [57600/60000 (96%)]	Loss: 1.536511

Test set: Average loss: 1.4848, Accuracy: 5680/10000 (57%)

Train Epoch: 67 [0/60000 (0%)]	Loss: 1.530356
Train Epoch: 67 [6400/60000 (11%)]	Loss: 1.431784
Train Epoch: 67 [12800/60000 (21%)]	Loss: 1.565618
Train Epoch: 67 [19200/60000 (32%)]	Loss: 1.477853
Train Epoch: 67 [25600/60000 (43%)]	Loss: 1.410598
Train Epoch: 67 [32000/60000 (53%)]	Loss: 1.482464
Train Epoch: 67 [38400/60000 (64%)]	Loss: 1.476164
Train Epoch: 67 [44800/60000 (75%)]	Loss: 1.608673
Train Epoch: 67 [51200/60000 (85%)]	Loss: 1.496068
Train Epoch: 67 [57600/60000 (96%)]	Loss: 1.485200

Test set: Average loss: 1.4776, Accuracy: 5621/10000 (56%)

Train Epoch: 68 [0/60000 (0%)]	Loss: 1.588037
Train Epoch: 68 [6400/60000 (11%)]	Loss: 1.421127
Train Epoch: 68 [12800/60000 (21%)]	Loss: 1.463781
Train Epoch: 68 [19200/60000 (32%)]	Loss: 1.487376
Train Epoch: 68 [25600/60000 (43%)]	Loss: 1.442904
Train Epoch: 68 [32000/60000 (53%)]	Loss: 1.461091
Train Epoch: 68 [38400/60000 (64%)]	Loss: 1.490079
Train Epoch: 68 [44800/60000 (75%)]	Loss: 1.528578
Train Epoch: 68 [51200/60000 (85%)]	Loss: 1.477208
Train Epoch: 68 [57600/60000 (96%)]	Loss: 1.573232

Test set: Average loss: 1.4823, Accuracy: 5604/10000 (56%)

Train Epoch: 69 [0/60000 (0%)]	Loss: 1.354486
Train Epoch: 69 [6400/60000 (11%)]	Loss: 1.653028
Train Epoch: 69 [12800/60000 (21%)]	Loss: 1.431566
Train Epoch: 69 [19200/60000 (32%)]	Loss: 1.534676
Train Epoch: 69 [25600/60000 (43%)]	Loss: 1.556311
Train Epoch: 69 [32000/60000 (53%)]	Loss: 1.586044
Train Epoch: 69 [38400/60000 (64%)]	Loss: 1.507797
Train Epoch: 69 [44800/60000 (75%)]	Loss: 1.448031
Train Epoch: 69 [51200/60000 (85%)]	Loss: 1.657266
Train Epoch: 69 [57600/60000 (96%)]	Loss: 1.511085

Test set: Average loss: 1.4747, Accuracy: 5881/10000 (59%)

Train Epoch: 70 [0/60000 (0%)]	Loss: 1.523005
Train Epoch: 70 [6400/60000 (11%)]	Loss: 1.490659
Train Epoch: 70 [12800/60000 (21%)]	Loss: 1.476619
Train Epoch: 70 [19200/60000 (32%)]	Loss: 1.541540
Train Epoch: 70 [25600/60000 (43%)]	Loss: 1.564101
Train Epoch: 70 [32000/60000 (53%)]	Loss: 1.640483
Train Epoch: 70 [38400/60000 (64%)]	Loss: 1.502242
Train Epoch: 70 [44800/60000 (75%)]	Loss: 1.568638
Train Epoch: 70 [51200/60000 (85%)]	Loss: 1.570925
Train Epoch: 70 [57600/60000 (96%)]	Loss: 1.531186

Test set: Average loss: 1.4779, Accuracy: 5862/10000 (59%)

Train Epoch: 71 [0/60000 (0%)]	Loss: 1.549733
Train Epoch: 71 [6400/60000 (11%)]	Loss: 1.574616
Train Epoch: 71 [12800/60000 (21%)]	Loss: 1.525671
Train Epoch: 71 [19200/60000 (32%)]	Loss: 1.574277
Train Epoch: 71 [25600/60000 (43%)]	Loss: 1.542174
Train Epoch: 71 [32000/60000 (53%)]	Loss: 1.561446
Train Epoch: 71 [38400/60000 (64%)]	Loss: 1.504360
Train Epoch: 71 [44800/60000 (75%)]	Loss: 1.513842
Train Epoch: 71 [51200/60000 (85%)]	Loss: 1.506909
Train Epoch: 71 [57600/60000 (96%)]	Loss: 1.553102

Test set: Average loss: 1.4746, Accuracy: 5843/10000 (58%)

Train Epoch: 72 [0/60000 (0%)]	Loss: 1.542920
Train Epoch: 72 [6400/60000 (11%)]	Loss: 1.488551
Train Epoch: 72 [12800/60000 (21%)]	Loss: 1.397195
Train Epoch: 72 [19200/60000 (32%)]	Loss: 1.664950
Train Epoch: 72 [25600/60000 (43%)]	Loss: 1.529914
Train Epoch: 72 [32000/60000 (53%)]	Loss: 1.423160
Train Epoch: 72 [38400/60000 (64%)]	Loss: 1.522539
Train Epoch: 72 [44800/60000 (75%)]	Loss: 1.535530
Train Epoch: 72 [51200/60000 (85%)]	Loss: 1.495904
Train Epoch: 72 [57600/60000 (96%)]	Loss: 1.639300

Test set: Average loss: 1.4774, Accuracy: 5908/10000 (59%)

Train Epoch: 73 [0/60000 (0%)]	Loss: 1.417929
Train Epoch: 73 [6400/60000 (11%)]	Loss: 1.543778
Train Epoch: 73 [12800/60000 (21%)]	Loss: 1.486240
Train Epoch: 73 [19200/60000 (32%)]	Loss: 1.468842
Train Epoch: 73 [25600/60000 (43%)]	Loss: 1.398337
Train Epoch: 73 [32000/60000 (53%)]	Loss: 1.479267
Train Epoch: 73 [38400/60000 (64%)]	Loss: 1.365151
Train Epoch: 73 [44800/60000 (75%)]	Loss: 1.597561
Train Epoch: 73 [51200/60000 (85%)]	Loss: 1.521707
Train Epoch: 73 [57600/60000 (96%)]	Loss: 1.644202

Test set: Average loss: 1.4855, Accuracy: 5446/10000 (54%)

Train Epoch: 74 [0/60000 (0%)]	Loss: 1.499316
Train Epoch: 74 [6400/60000 (11%)]	Loss: 1.461783
Train Epoch: 74 [12800/60000 (21%)]	Loss: 1.432114
Train Epoch: 74 [19200/60000 (32%)]	Loss: 1.427518
Train Epoch: 74 [25600/60000 (43%)]	Loss: 1.382735
Train Epoch: 74 [32000/60000 (53%)]	Loss: 1.564181
Train Epoch: 74 [38400/60000 (64%)]	Loss: 1.524758
Train Epoch: 74 [44800/60000 (75%)]	Loss: 1.515244
Train Epoch: 74 [51200/60000 (85%)]	Loss: 1.512970
Train Epoch: 74 [57600/60000 (96%)]	Loss: 1.525681

Test set: Average loss: 1.4759, Accuracy: 5681/10000 (57%)

Train Epoch: 75 [0/60000 (0%)]	Loss: 1.591301
Train Epoch: 75 [6400/60000 (11%)]	Loss: 1.538138
Train Epoch: 75 [12800/60000 (21%)]	Loss: 1.403906
Train Epoch: 75 [19200/60000 (32%)]	Loss: 1.490298
Train Epoch: 75 [25600/60000 (43%)]	Loss: 1.438997
Train Epoch: 75 [32000/60000 (53%)]	Loss: 1.498473
Train Epoch: 75 [38400/60000 (64%)]	Loss: 1.420993
Train Epoch: 75 [44800/60000 (75%)]	Loss: 1.460506
Train Epoch: 75 [51200/60000 (85%)]	Loss: 1.589746
Train Epoch: 75 [57600/60000 (96%)]	Loss: 1.560074

Test set: Average loss: 1.5008, Accuracy: 5435/10000 (54%)

Train Epoch: 76 [0/60000 (0%)]	Loss: 1.407737
Train Epoch: 76 [6400/60000 (11%)]	Loss: 1.478119
Train Epoch: 76 [12800/60000 (21%)]	Loss: 1.311086
Train Epoch: 76 [19200/60000 (32%)]	Loss: 1.513633
Train Epoch: 76 [25600/60000 (43%)]	Loss: 1.501291
Train Epoch: 76 [32000/60000 (53%)]	Loss: 1.450687
Train Epoch: 76 [38400/60000 (64%)]	Loss: 1.560153
Train Epoch: 76 [44800/60000 (75%)]	Loss: 1.544552
Train Epoch: 76 [51200/60000 (85%)]	Loss: 1.298302
Train Epoch: 76 [57600/60000 (96%)]	Loss: 1.408313

Test set: Average loss: 1.4760, Accuracy: 5990/10000 (60%)

Train Epoch: 77 [0/60000 (0%)]	Loss: 1.463814
Train Epoch: 77 [6400/60000 (11%)]	Loss: 1.516468
Train Epoch: 77 [12800/60000 (21%)]	Loss: 1.563638
Train Epoch: 77 [19200/60000 (32%)]	Loss: 1.403485
Train Epoch: 77 [25600/60000 (43%)]	Loss: 1.428442
Train Epoch: 77 [32000/60000 (53%)]	Loss: 1.422202
Train Epoch: 77 [38400/60000 (64%)]	Loss: 1.455082
Train Epoch: 77 [44800/60000 (75%)]	Loss: 1.521874
Train Epoch: 77 [51200/60000 (85%)]	Loss: 1.396577
Train Epoch: 77 [57600/60000 (96%)]	Loss: 1.421080

Test set: Average loss: 1.4781, Accuracy: 5763/10000 (58%)

Train Epoch: 78 [0/60000 (0%)]	Loss: 1.422367
Train Epoch: 78 [6400/60000 (11%)]	Loss: 1.677145
Train Epoch: 78 [12800/60000 (21%)]	Loss: 1.556871
Train Epoch: 78 [19200/60000 (32%)]	Loss: 1.508001
Train Epoch: 78 [25600/60000 (43%)]	Loss: 1.606893
Train Epoch: 78 [32000/60000 (53%)]	Loss: 1.597151
Train Epoch: 78 [38400/60000 (64%)]	Loss: 1.462720
Train Epoch: 78 [44800/60000 (75%)]	Loss: 1.392423
Train Epoch: 78 [51200/60000 (85%)]	Loss: 1.448585
Train Epoch: 78 [57600/60000 (96%)]	Loss: 1.343445

Test set: Average loss: 1.4873, Accuracy: 5433/10000 (54%)

Train Epoch: 79 [0/60000 (0%)]	Loss: 1.552283
Train Epoch: 79 [6400/60000 (11%)]	Loss: 1.492405
Train Epoch: 79 [12800/60000 (21%)]	Loss: 1.560000
Train Epoch: 79 [19200/60000 (32%)]	Loss: 1.479591
Train Epoch: 79 [25600/60000 (43%)]	Loss: 1.322801
Train Epoch: 79 [32000/60000 (53%)]	Loss: 1.487219
Train Epoch: 79 [38400/60000 (64%)]	Loss: 1.590825
Train Epoch: 79 [44800/60000 (75%)]	Loss: 1.502285
Train Epoch: 79 [51200/60000 (85%)]	Loss: 1.494219
Train Epoch: 79 [57600/60000 (96%)]	Loss: 1.605201

Test set: Average loss: 1.4738, Accuracy: 5838/10000 (58%)

Train Epoch: 80 [0/60000 (0%)]	Loss: 1.439707
Train Epoch: 80 [6400/60000 (11%)]	Loss: 1.431514
Train Epoch: 80 [12800/60000 (21%)]	Loss: 1.538634
Train Epoch: 80 [19200/60000 (32%)]	Loss: 1.442282
Train Epoch: 80 [25600/60000 (43%)]	Loss: 1.530814
Train Epoch: 80 [32000/60000 (53%)]	Loss: 1.462016
Train Epoch: 80 [38400/60000 (64%)]	Loss: 1.415796
Train Epoch: 80 [44800/60000 (75%)]	Loss: 1.406074
Train Epoch: 80 [51200/60000 (85%)]	Loss: 1.464649
Train Epoch: 80 [57600/60000 (96%)]	Loss: 1.528965

Test set: Average loss: 1.4751, Accuracy: 5786/10000 (58%)

Train Epoch: 81 [0/60000 (0%)]	Loss: 1.416362
Train Epoch: 81 [6400/60000 (11%)]	Loss: 1.473387
Train Epoch: 81 [12800/60000 (21%)]	Loss: 1.564177
Train Epoch: 81 [19200/60000 (32%)]	Loss: 1.496692
Train Epoch: 81 [25600/60000 (43%)]	Loss: 1.410666
Train Epoch: 81 [32000/60000 (53%)]	Loss: 1.522880
Train Epoch: 81 [38400/60000 (64%)]	Loss: 1.464884
Train Epoch: 81 [44800/60000 (75%)]	Loss: 1.470675
Train Epoch: 81 [51200/60000 (85%)]	Loss: 1.357834
Train Epoch: 81 [57600/60000 (96%)]	Loss: 1.450346

Test set: Average loss: 1.4792, Accuracy: 5884/10000 (59%)

Train Epoch: 82 [0/60000 (0%)]	Loss: 1.488420
Train Epoch: 82 [6400/60000 (11%)]	Loss: 1.532114
Train Epoch: 82 [12800/60000 (21%)]	Loss: 1.545685
Train Epoch: 82 [19200/60000 (32%)]	Loss: 1.480153
Train Epoch: 82 [25600/60000 (43%)]	Loss: 1.574245
Train Epoch: 82 [32000/60000 (53%)]	Loss: 1.601650
Train Epoch: 82 [38400/60000 (64%)]	Loss: 1.502964
Train Epoch: 82 [44800/60000 (75%)]	Loss: 1.506435
Train Epoch: 82 [51200/60000 (85%)]	Loss: 1.589039
Train Epoch: 82 [57600/60000 (96%)]	Loss: 1.446279

Test set: Average loss: 1.4786, Accuracy: 5672/10000 (57%)

Train Epoch: 83 [0/60000 (0%)]	Loss: 1.567221
Train Epoch: 83 [6400/60000 (11%)]	Loss: 1.472821
Train Epoch: 83 [12800/60000 (21%)]	Loss: 1.501136
Train Epoch: 83 [19200/60000 (32%)]	Loss: 1.550454
Train Epoch: 83 [25600/60000 (43%)]	Loss: 1.478801
Train Epoch: 83 [32000/60000 (53%)]	Loss: 1.532689
Train Epoch: 83 [38400/60000 (64%)]	Loss: 1.516443
Train Epoch: 83 [44800/60000 (75%)]	Loss: 1.454866
Train Epoch: 83 [51200/60000 (85%)]	Loss: 1.575112
Train Epoch: 83 [57600/60000 (96%)]	Loss: 1.430828

Test set: Average loss: 1.4811, Accuracy: 5633/10000 (56%)

Train Epoch: 84 [0/60000 (0%)]	Loss: 1.566141
Train Epoch: 84 [6400/60000 (11%)]	Loss: 1.515852
Train Epoch: 84 [12800/60000 (21%)]	Loss: 1.409441
Train Epoch: 84 [19200/60000 (32%)]	Loss: 1.488100
Train Epoch: 84 [25600/60000 (43%)]	Loss: 1.547377
Train Epoch: 84 [32000/60000 (53%)]	Loss: 1.492511
Train Epoch: 84 [38400/60000 (64%)]	Loss: 1.481677
Train Epoch: 84 [44800/60000 (75%)]	Loss: 1.468317
Train Epoch: 84 [51200/60000 (85%)]	Loss: 1.450921
Train Epoch: 84 [57600/60000 (96%)]	Loss: 1.518049

Test set: Average loss: 1.4813, Accuracy: 5637/10000 (56%)

Train Epoch: 85 [0/60000 (0%)]	Loss: 1.445243
Train Epoch: 85 [6400/60000 (11%)]	Loss: 1.419360
Train Epoch: 85 [12800/60000 (21%)]	Loss: 1.550847
Train Epoch: 85 [19200/60000 (32%)]	Loss: 1.426761
Train Epoch: 85 [25600/60000 (43%)]	Loss: 1.534180
Train Epoch: 85 [32000/60000 (53%)]	Loss: 1.474877
Train Epoch: 85 [38400/60000 (64%)]	Loss: 1.555280
Train Epoch: 85 [44800/60000 (75%)]	Loss: 1.482017
Train Epoch: 85 [51200/60000 (85%)]	Loss: 1.527438
Train Epoch: 85 [57600/60000 (96%)]	Loss: 1.543118

Test set: Average loss: 1.4780, Accuracy: 5889/10000 (59%)

Train Epoch: 86 [0/60000 (0%)]	Loss: 1.426945
Train Epoch: 86 [6400/60000 (11%)]	Loss: 1.494619
Train Epoch: 86 [12800/60000 (21%)]	Loss: 1.594420
Train Epoch: 86 [19200/60000 (32%)]	Loss: 1.582658
Train Epoch: 86 [25600/60000 (43%)]	Loss: 1.528182
Train Epoch: 86 [32000/60000 (53%)]	Loss: 1.345826
Train Epoch: 86 [38400/60000 (64%)]	Loss: 1.469010
Train Epoch: 86 [44800/60000 (75%)]	Loss: 1.442793
Train Epoch: 86 [51200/60000 (85%)]	Loss: 1.493576
Train Epoch: 86 [57600/60000 (96%)]	Loss: 1.427880

Test set: Average loss: 1.4782, Accuracy: 5585/10000 (56%)

Train Epoch: 87 [0/60000 (0%)]	Loss: 1.384071
Train Epoch: 87 [6400/60000 (11%)]	Loss: 1.524057
Train Epoch: 87 [12800/60000 (21%)]	Loss: 1.443455
Train Epoch: 87 [19200/60000 (32%)]	Loss: 1.395174
Train Epoch: 87 [25600/60000 (43%)]	Loss: 1.636445
Train Epoch: 87 [32000/60000 (53%)]	Loss: 1.445224
Train Epoch: 87 [38400/60000 (64%)]	Loss: 1.433067
Train Epoch: 87 [44800/60000 (75%)]	Loss: 1.488680
Train Epoch: 87 [51200/60000 (85%)]	Loss: 1.500844
Train Epoch: 87 [57600/60000 (96%)]	Loss: 1.469769

Test set: Average loss: 1.4890, Accuracy: 5516/10000 (55%)

Train Epoch: 88 [0/60000 (0%)]	Loss: 1.530463
Train Epoch: 88 [6400/60000 (11%)]	Loss: 1.498062
Train Epoch: 88 [12800/60000 (21%)]	Loss: 1.460233
Train Epoch: 88 [19200/60000 (32%)]	Loss: 1.367513
Train Epoch: 88 [25600/60000 (43%)]	Loss: 1.535423
Train Epoch: 88 [32000/60000 (53%)]	Loss: 1.633455
Train Epoch: 88 [38400/60000 (64%)]	Loss: 1.402455
Train Epoch: 88 [44800/60000 (75%)]	Loss: 1.495522
Train Epoch: 88 [51200/60000 (85%)]	Loss: 1.504789
Train Epoch: 88 [57600/60000 (96%)]	Loss: 1.548438

Test set: Average loss: 1.4763, Accuracy: 5715/10000 (57%)

Train Epoch: 89 [0/60000 (0%)]	Loss: 1.511786
Train Epoch: 89 [6400/60000 (11%)]	Loss: 1.508826
Train Epoch: 89 [12800/60000 (21%)]	Loss: 1.496382
Train Epoch: 89 [19200/60000 (32%)]	Loss: 1.558872
Train Epoch: 89 [25600/60000 (43%)]	Loss: 1.603559
Train Epoch: 89 [32000/60000 (53%)]	Loss: 1.360373
Train Epoch: 89 [38400/60000 (64%)]	Loss: 1.356590
Train Epoch: 89 [44800/60000 (75%)]	Loss: 1.562338
Train Epoch: 89 [51200/60000 (85%)]	Loss: 1.484079
Train Epoch: 89 [57600/60000 (96%)]	Loss: 1.426994

Test set: Average loss: 1.4886, Accuracy: 5543/10000 (55%)

Train Epoch: 90 [0/60000 (0%)]	Loss: 1.506559
Train Epoch: 90 [6400/60000 (11%)]	Loss: 1.500490
Train Epoch: 90 [12800/60000 (21%)]	Loss: 1.487233
Train Epoch: 90 [19200/60000 (32%)]	Loss: 1.513082
Train Epoch: 90 [25600/60000 (43%)]	Loss: 1.456385
Train Epoch: 90 [32000/60000 (53%)]	Loss: 1.505335
Train Epoch: 90 [38400/60000 (64%)]	Loss: 1.495855
Train Epoch: 90 [44800/60000 (75%)]	Loss: 1.423611
Train Epoch: 90 [51200/60000 (85%)]	Loss: 1.565427
Train Epoch: 90 [57600/60000 (96%)]	Loss: 1.478028

Test set: Average loss: 1.4776, Accuracy: 5742/10000 (57%)

Train Epoch: 91 [0/60000 (0%)]	Loss: 1.350927
Train Epoch: 91 [6400/60000 (11%)]	Loss: 1.587718
Train Epoch: 91 [12800/60000 (21%)]	Loss: 1.548718
Train Epoch: 91 [19200/60000 (32%)]	Loss: 1.510795
Train Epoch: 91 [25600/60000 (43%)]	Loss: 1.561163
Train Epoch: 91 [32000/60000 (53%)]	Loss: 1.497652
Train Epoch: 91 [38400/60000 (64%)]	Loss: 1.444546
Train Epoch: 91 [44800/60000 (75%)]	Loss: 1.377138
Train Epoch: 91 [51200/60000 (85%)]	Loss: 1.503559
Train Epoch: 91 [57600/60000 (96%)]	Loss: 1.476860

Test set: Average loss: 1.4726, Accuracy: 5760/10000 (58%)

Train Epoch: 92 [0/60000 (0%)]	Loss: 1.428824
Train Epoch: 92 [6400/60000 (11%)]	Loss: 1.502113
Train Epoch: 92 [12800/60000 (21%)]	Loss: 1.488893
Train Epoch: 92 [19200/60000 (32%)]	Loss: 1.407164
Train Epoch: 92 [25600/60000 (43%)]	Loss: 1.473181
Train Epoch: 92 [32000/60000 (53%)]	Loss: 1.448961
Train Epoch: 92 [38400/60000 (64%)]	Loss: 1.484499
Train Epoch: 92 [44800/60000 (75%)]	Loss: 1.440372
Train Epoch: 92 [51200/60000 (85%)]	Loss: 1.429646
Train Epoch: 92 [57600/60000 (96%)]	Loss: 1.502166

Test set: Average loss: 1.4748, Accuracy: 5756/10000 (58%)

Train Epoch: 93 [0/60000 (0%)]	Loss: 1.487963
Train Epoch: 93 [6400/60000 (11%)]	Loss: 1.520172
Train Epoch: 93 [12800/60000 (21%)]	Loss: 1.442431
Train Epoch: 93 [19200/60000 (32%)]	Loss: 1.450333
Train Epoch: 93 [25600/60000 (43%)]	Loss: 1.584122
Train Epoch: 93 [32000/60000 (53%)]	Loss: 1.449134
Train Epoch: 93 [38400/60000 (64%)]	Loss: 1.454943
Train Epoch: 93 [44800/60000 (75%)]	Loss: 1.471069
Train Epoch: 93 [51200/60000 (85%)]	Loss: 1.515860
Train Epoch: 93 [57600/60000 (96%)]	Loss: 1.598598

Test set: Average loss: 1.4764, Accuracy: 6003/10000 (60%)

Train Epoch: 94 [0/60000 (0%)]	Loss: 1.386007
Train Epoch: 94 [6400/60000 (11%)]	Loss: 1.519455
Train Epoch: 94 [12800/60000 (21%)]	Loss: 1.524336
Train Epoch: 94 [19200/60000 (32%)]	Loss: 1.436191
Train Epoch: 94 [25600/60000 (43%)]	Loss: 1.513921
Train Epoch: 94 [32000/60000 (53%)]	Loss: 1.462667
Train Epoch: 94 [38400/60000 (64%)]	Loss: 1.470895
Train Epoch: 94 [44800/60000 (75%)]	Loss: 1.448870
Train Epoch: 94 [51200/60000 (85%)]	Loss: 1.483282
Train Epoch: 94 [57600/60000 (96%)]	Loss: 1.554807

Test set: Average loss: 1.4907, Accuracy: 5760/10000 (58%)

Train Epoch: 95 [0/60000 (0%)]	Loss: 1.572373
Train Epoch: 95 [6400/60000 (11%)]	Loss: 1.396598
Train Epoch: 95 [12800/60000 (21%)]	Loss: 1.470050
Train Epoch: 95 [19200/60000 (32%)]	Loss: 1.462955
Train Epoch: 95 [25600/60000 (43%)]	Loss: 1.496993
Train Epoch: 95 [32000/60000 (53%)]	Loss: 1.507364
Train Epoch: 95 [38400/60000 (64%)]	Loss: 1.650548
Train Epoch: 95 [44800/60000 (75%)]	Loss: 1.462782
Train Epoch: 95 [51200/60000 (85%)]	Loss: 1.427203
Train Epoch: 95 [57600/60000 (96%)]	Loss: 1.570038

Test set: Average loss: 1.4782, Accuracy: 5744/10000 (57%)

Train Epoch: 96 [0/60000 (0%)]	Loss: 1.458371
Train Epoch: 96 [6400/60000 (11%)]	Loss: 1.512760
Train Epoch: 96 [12800/60000 (21%)]	Loss: 1.528752
Train Epoch: 96 [19200/60000 (32%)]	Loss: 1.548468
Train Epoch: 96 [25600/60000 (43%)]	Loss: 1.499250
Train Epoch: 96 [32000/60000 (53%)]	Loss: 1.425498
Train Epoch: 96 [38400/60000 (64%)]	Loss: 1.581207
Train Epoch: 96 [44800/60000 (75%)]	Loss: 1.542445
Train Epoch: 96 [51200/60000 (85%)]	Loss: 1.599685
Train Epoch: 96 [57600/60000 (96%)]	Loss: 1.426367

Test set: Average loss: 1.4706, Accuracy: 5726/10000 (57%)

Train Epoch: 97 [0/60000 (0%)]	Loss: 1.420265
Train Epoch: 97 [6400/60000 (11%)]	Loss: 1.538952
Train Epoch: 97 [12800/60000 (21%)]	Loss: 1.466103
Train Epoch: 97 [19200/60000 (32%)]	Loss: 1.432554
Train Epoch: 97 [25600/60000 (43%)]	Loss: 1.534449
Train Epoch: 97 [32000/60000 (53%)]	Loss: 1.535766
Train Epoch: 97 [38400/60000 (64%)]	Loss: 1.450820
Train Epoch: 97 [44800/60000 (75%)]	Loss: 1.446085
Train Epoch: 97 [51200/60000 (85%)]	Loss: 1.467755
Train Epoch: 97 [57600/60000 (96%)]	Loss: 1.646568

Test set: Average loss: 1.4780, Accuracy: 5631/10000 (56%)

Train Epoch: 98 [0/60000 (0%)]	Loss: 1.498767
Train Epoch: 98 [6400/60000 (11%)]	Loss: 1.465736
Train Epoch: 98 [12800/60000 (21%)]	Loss: 1.437273
Train Epoch: 98 [19200/60000 (32%)]	Loss: 1.567534
Train Epoch: 98 [25600/60000 (43%)]	Loss: 1.516247
Train Epoch: 98 [32000/60000 (53%)]	Loss: 1.447809
Train Epoch: 98 [38400/60000 (64%)]	Loss: 1.504579
Train Epoch: 98 [44800/60000 (75%)]	Loss: 1.575145
Train Epoch: 98 [51200/60000 (85%)]	Loss: 1.400728
Train Epoch: 98 [57600/60000 (96%)]	Loss: 1.637362

Test set: Average loss: 1.4754, Accuracy: 5753/10000 (58%)

Train Epoch: 99 [0/60000 (0%)]	Loss: 1.509266
Train Epoch: 99 [6400/60000 (11%)]	Loss: 1.450652
Train Epoch: 99 [12800/60000 (21%)]	Loss: 1.515067
Train Epoch: 99 [19200/60000 (32%)]	Loss: 1.551087
Train Epoch: 99 [25600/60000 (43%)]	Loss: 1.542436
Train Epoch: 99 [32000/60000 (53%)]	Loss: 1.397583
Train Epoch: 99 [38400/60000 (64%)]	Loss: 1.459238
Train Epoch: 99 [44800/60000 (75%)]	Loss: 1.406510
Train Epoch: 99 [51200/60000 (85%)]	Loss: 1.519545
Train Epoch: 99 [57600/60000 (96%)]	Loss: 1.518812

Test set: Average loss: 1.4737, Accuracy: 5945/10000 (59%)

Train Epoch: 100 [0/60000 (0%)]	Loss: 1.370670
Train Epoch: 100 [6400/60000 (11%)]	Loss: 1.343406
Train Epoch: 100 [12800/60000 (21%)]	Loss: 1.530028
Train Epoch: 100 [19200/60000 (32%)]	Loss: 1.469759
Train Epoch: 100 [25600/60000 (43%)]	Loss: 1.427161
Train Epoch: 100 [32000/60000 (53%)]	Loss: 1.554648
Train Epoch: 100 [38400/60000 (64%)]	Loss: 1.478806
Train Epoch: 100 [44800/60000 (75%)]	Loss: 1.522617
Train Epoch: 100 [51200/60000 (85%)]	Loss: 1.497934
Train Epoch: 100 [57600/60000 (96%)]	Loss: 1.441446

Test set: Average loss: 1.4710, Accuracy: 5751/10000 (58%)

Namespace(batch_size=64, bias=None, data='../data', device=0, epochs=100, hidden_size=500, load_weights='../base3/lenet5/lenet5_e100_h500.pt', log_interval=100, lr=0.01, milestones=[5, 7], model='redlenet5', momentum=0.9, no_cuda=False, r=5, save_model=None, save_results=True, scheduler='cosine', seed=1, sparsity=0.95, use_relu=False, wd=0.0005)


Total time spent pruning/training: 26.26 minutes
Total number of parameters in model: 300170
Number of parameters in pruned model: 17431
