Namespace(batch_size=64, bias=None, data='../data', device=0, epochs=14, hidden_size=500, load_weights='./paper/lenet5/lenet5_e50_h500.pt', log_interval=100, lr=0.01, model='redlenet5', momentum=0.9, no_cuda=False, r=5, save_model=None, save_results=True, seed=1, sparsity=0.01, use_relu=True, wd=0.0005) 

Training a RedLeNet5 network ...
Train Epoch: 1 [6336/60000 (11%)]	Loss: 1.396015
Train Epoch: 1 [12736/60000 (21%)]	Loss: 1.270766
Train Epoch: 1 [19136/60000 (32%)]	Loss: 1.052264
Train Epoch: 1 [25536/60000 (43%)]	Loss: 0.893844
Train Epoch: 1 [31936/60000 (53%)]	Loss: 1.157898
Train Epoch: 1 [38336/60000 (64%)]	Loss: 1.269513
Train Epoch: 1 [44736/60000 (75%)]	Loss: 1.202220
Train Epoch: 1 [51136/60000 (85%)]	Loss: 1.477897
Train Epoch: 1 [57536/60000 (96%)]	Loss: 1.403238

Test set: Average loss: 1.5957, Accuracy: 4974/10000 (50%)

Train Epoch: 2 [6336/60000 (11%)]	Loss: 1.485909
Train Epoch: 2 [12736/60000 (21%)]	Loss: 1.825964
Train Epoch: 2 [19136/60000 (32%)]	Loss: 1.963394
Train Epoch: 2 [25536/60000 (43%)]	Loss: 2.071254
Train Epoch: 2 [31936/60000 (53%)]	Loss: 2.467940
Train Epoch: 2 [38336/60000 (64%)]	Loss: 2.572653
Train Epoch: 2 [44736/60000 (75%)]	Loss: 2.751624
Train Epoch: 2 [51136/60000 (85%)]	Loss: 3.070874
Train Epoch: 2 [57536/60000 (96%)]	Loss: 3.494815

Test set: Average loss: 3.3172, Accuracy: 2006/10000 (20%)

Train Epoch: 3 [6336/60000 (11%)]	Loss: 3.455919
Train Epoch: 3 [12736/60000 (21%)]	Loss: 4.378246
Train Epoch: 3 [19136/60000 (32%)]	Loss: 4.467056
Train Epoch: 3 [25536/60000 (43%)]	Loss: 4.647935
Train Epoch: 3 [31936/60000 (53%)]	Loss: 4.263651
Train Epoch: 3 [38336/60000 (64%)]	Loss: 4.626464
Train Epoch: 3 [44736/60000 (75%)]	Loss: 5.228183
Train Epoch: 3 [51136/60000 (85%)]	Loss: 4.902641
Train Epoch: 3 [57536/60000 (96%)]	Loss: 5.627510

Test set: Average loss: 5.9735, Accuracy: 1527/10000 (15%)

Train Epoch: 4 [6336/60000 (11%)]	Loss: 5.538395
Train Epoch: 4 [12736/60000 (21%)]	Loss: 5.815316
Train Epoch: 4 [19136/60000 (32%)]	Loss: 6.548026
Train Epoch: 4 [25536/60000 (43%)]	Loss: 4.889772
Train Epoch: 4 [31936/60000 (53%)]	Loss: 5.548720
Train Epoch: 4 [38336/60000 (64%)]	Loss: 5.309097
Train Epoch: 4 [44736/60000 (75%)]	Loss: 7.052003
Train Epoch: 4 [51136/60000 (85%)]	Loss: 6.779278
Train Epoch: 4 [57536/60000 (96%)]	Loss: 5.550244

Test set: Average loss: 6.5099, Accuracy: 1449/10000 (14%)

Train Epoch: 5 [6336/60000 (11%)]	Loss: 6.244153
Train Epoch: 5 [12736/60000 (21%)]	Loss: 6.748832
Train Epoch: 5 [19136/60000 (32%)]	Loss: 7.365131
Train Epoch: 5 [25536/60000 (43%)]	Loss: 6.473843
Train Epoch: 5 [31936/60000 (53%)]	Loss: 6.635036
Train Epoch: 5 [38336/60000 (64%)]	Loss: 7.338869
Train Epoch: 5 [44736/60000 (75%)]	Loss: 6.959794
Train Epoch: 5 [51136/60000 (85%)]	Loss: 6.394027
Train Epoch: 5 [57536/60000 (96%)]	Loss: 7.508962

Test set: Average loss: 6.9759, Accuracy: 1231/10000 (12%)

Train Epoch: 6 [6336/60000 (11%)]	Loss: 8.428579
Train Epoch: 6 [12736/60000 (21%)]	Loss: 7.797112
Train Epoch: 6 [19136/60000 (32%)]	Loss: 6.512765
Train Epoch: 6 [25536/60000 (43%)]	Loss: 7.080377
Train Epoch: 6 [31936/60000 (53%)]	Loss: 7.971200
Train Epoch: 6 [38336/60000 (64%)]	Loss: 7.010134
Train Epoch: 6 [44736/60000 (75%)]	Loss: 6.987405
Train Epoch: 6 [51136/60000 (85%)]	Loss: 7.316895
Train Epoch: 6 [57536/60000 (96%)]	Loss: 6.305051

Test set: Average loss: 7.6088, Accuracy: 1348/10000 (13%)

Train Epoch: 7 [6336/60000 (11%)]	Loss: 6.966660
Train Epoch: 7 [12736/60000 (21%)]	Loss: 6.955307
Train Epoch: 7 [19136/60000 (32%)]	Loss: 6.926006
Train Epoch: 7 [25536/60000 (43%)]	Loss: 7.718172
Train Epoch: 7 [31936/60000 (53%)]	Loss: 8.078002
Train Epoch: 7 [38336/60000 (64%)]	Loss: 7.785246
Train Epoch: 7 [44736/60000 (75%)]	Loss: 7.553933
Train Epoch: 7 [51136/60000 (85%)]	Loss: 6.508801
Train Epoch: 7 [57536/60000 (96%)]	Loss: 7.234434

Test set: Average loss: 7.8789, Accuracy: 1322/10000 (13%)

Train Epoch: 8 [6336/60000 (11%)]	Loss: 7.334929
Train Epoch: 8 [12736/60000 (21%)]	Loss: 8.612685
Train Epoch: 8 [19136/60000 (32%)]	Loss: 8.327744
Train Epoch: 8 [25536/60000 (43%)]	Loss: 7.883268
Train Epoch: 8 [31936/60000 (53%)]	Loss: 8.554428
Train Epoch: 8 [38336/60000 (64%)]	Loss: 7.579833
Train Epoch: 8 [44736/60000 (75%)]	Loss: 9.546989
Train Epoch: 8 [51136/60000 (85%)]	Loss: 8.532557
Train Epoch: 8 [57536/60000 (96%)]	Loss: 6.761912

Test set: Average loss: 7.7629, Accuracy: 1398/10000 (14%)

Train Epoch: 9 [6336/60000 (11%)]	Loss: 6.727395
Train Epoch: 9 [12736/60000 (21%)]	Loss: 8.094539
Train Epoch: 9 [19136/60000 (32%)]	Loss: 5.843292
Train Epoch: 9 [25536/60000 (43%)]	Loss: 6.875174
Train Epoch: 9 [31936/60000 (53%)]	Loss: 9.965427
Train Epoch: 9 [38336/60000 (64%)]	Loss: 7.988051
Train Epoch: 9 [44736/60000 (75%)]	Loss: 7.800549
Train Epoch: 9 [51136/60000 (85%)]	Loss: 8.562110
Train Epoch: 9 [57536/60000 (96%)]	Loss: 7.450726

Test set: Average loss: 8.0346, Accuracy: 1263/10000 (13%)

Train Epoch: 10 [6336/60000 (11%)]	Loss: 7.589141
Train Epoch: 10 [12736/60000 (21%)]	Loss: 7.273736
Train Epoch: 10 [19136/60000 (32%)]	Loss: 8.053558
Train Epoch: 10 [25536/60000 (43%)]	Loss: 7.105825
Train Epoch: 10 [31936/60000 (53%)]	Loss: 7.347496
Train Epoch: 10 [38336/60000 (64%)]	Loss: 8.198658
Train Epoch: 10 [44736/60000 (75%)]	Loss: 8.295390
Train Epoch: 10 [51136/60000 (85%)]	Loss: 9.186429
Train Epoch: 10 [57536/60000 (96%)]	Loss: 8.198494

Test set: Average loss: 7.6597, Accuracy: 1282/10000 (13%)

Train Epoch: 11 [6336/60000 (11%)]	Loss: 9.204412
Train Epoch: 11 [12736/60000 (21%)]	Loss: 7.890440
Train Epoch: 11 [19136/60000 (32%)]	Loss: 6.812395
Train Epoch: 11 [25536/60000 (43%)]	Loss: 7.763462
Train Epoch: 11 [31936/60000 (53%)]	Loss: 7.505313
Train Epoch: 11 [38336/60000 (64%)]	Loss: 6.980476
Train Epoch: 11 [44736/60000 (75%)]	Loss: 8.937039
Train Epoch: 11 [51136/60000 (85%)]	Loss: 9.108905
Train Epoch: 11 [57536/60000 (96%)]	Loss: 7.694691

Test set: Average loss: 8.1408, Accuracy: 1267/10000 (13%)

Train Epoch: 12 [6336/60000 (11%)]	Loss: 7.347719
Train Epoch: 12 [12736/60000 (21%)]	Loss: 5.209510
Train Epoch: 12 [19136/60000 (32%)]	Loss: 7.722906
Train Epoch: 12 [25536/60000 (43%)]	Loss: 9.474528
Train Epoch: 12 [31936/60000 (53%)]	Loss: 8.672346
Train Epoch: 12 [38336/60000 (64%)]	Loss: 8.436223
Train Epoch: 12 [44736/60000 (75%)]	Loss: 8.098346
Train Epoch: 12 [51136/60000 (85%)]	Loss: 7.547981
Train Epoch: 12 [57536/60000 (96%)]	Loss: 8.929375

Test set: Average loss: 7.9969, Accuracy: 1377/10000 (14%)

Train Epoch: 13 [6336/60000 (11%)]	Loss: 6.931116
Train Epoch: 13 [12736/60000 (21%)]	Loss: 8.219831
Train Epoch: 13 [19136/60000 (32%)]	Loss: 8.417961
Train Epoch: 13 [25536/60000 (43%)]	Loss: 7.760101
Train Epoch: 13 [31936/60000 (53%)]	Loss: 6.867331
Train Epoch: 13 [38336/60000 (64%)]	Loss: 8.937305
Train Epoch: 13 [44736/60000 (75%)]	Loss: 8.482261
Train Epoch: 13 [51136/60000 (85%)]	Loss: 7.548557
Train Epoch: 13 [57536/60000 (96%)]	Loss: 9.433808

Test set: Average loss: 8.1739, Accuracy: 1269/10000 (13%)

Train Epoch: 14 [6336/60000 (11%)]	Loss: 8.282210
Train Epoch: 14 [12736/60000 (21%)]	Loss: 9.191114
Train Epoch: 14 [19136/60000 (32%)]	Loss: 9.173316
Train Epoch: 14 [25536/60000 (43%)]	Loss: 6.766269
Train Epoch: 14 [31936/60000 (53%)]	Loss: 7.920383
Train Epoch: 14 [38336/60000 (64%)]	Loss: 8.200006
Train Epoch: 14 [44736/60000 (75%)]	Loss: 7.950837
Train Epoch: 14 [51136/60000 (85%)]	Loss: 7.996694
Train Epoch: 14 [57536/60000 (96%)]	Loss: 7.228012

Test set: Average loss: 7.7882, Accuracy: 1362/10000 (14%)

Namespace(batch_size=64, bias=None, data='../data', device=0, epochs=14, hidden_size=500, load_weights='./paper/lenet5/lenet5_e50_h500.pt', log_interval=100, lr=0.01, model='redlenet5', momentum=0.9, no_cuda=False, r=5, save_model=None, save_results=True, seed=1, sparsity=0.01, use_relu=True, wd=0.0005)


Total time spent pruning/training: 1.53 minutes
Total number of parameters in model: 300170
Number of parameters in pruned model: 297194
