Namespace(batch_size=64, bias=None, data='../data', device=1, epochs=30, hidden_size=500, load_weights='../base2/lenet5/lenet5_e50_h500.pt', log_interval=100, lr=0.01, milestones=[5, 7], model='redlenet5', momentum=0.9, no_cuda=False, r=5, save_model=None, save_results=True, scheduler='cosine', seed=1, sparsity=0.01, use_relu=False, wd=0.0005) 

Training a RedLeNet5 network ...
Train Epoch: 1 [0/60000 (0%)]	Loss: 15.795362
Train Epoch: 1 [6400/60000 (11%)]	Loss: 3.239714
Train Epoch: 1 [12800/60000 (21%)]	Loss: 4.905318
Train Epoch: 1 [19200/60000 (32%)]	Loss: 5.355029
Train Epoch: 1 [25600/60000 (43%)]	Loss: 5.438933
Train Epoch: 1 [32000/60000 (53%)]	Loss: 7.168293
Train Epoch: 1 [38400/60000 (64%)]	Loss: 8.519483
Train Epoch: 1 [44800/60000 (75%)]	Loss: 7.094635
Train Epoch: 1 [51200/60000 (85%)]	Loss: 8.947137
Train Epoch: 1 [57600/60000 (96%)]	Loss: 8.316613

Test set: Average loss: 8.4094, Accuracy: 1536/10000 (15%)

Train Epoch: 2 [0/60000 (0%)]	Loss: 8.858416
Train Epoch: 2 [6400/60000 (11%)]	Loss: 8.767510
Train Epoch: 2 [12800/60000 (21%)]	Loss: 9.645050
Train Epoch: 2 [19200/60000 (32%)]	Loss: 10.340322
Train Epoch: 2 [25600/60000 (43%)]	Loss: 10.385987
Train Epoch: 2 [32000/60000 (53%)]	Loss: 9.804751
Train Epoch: 2 [38400/60000 (64%)]	Loss: 10.878444
Train Epoch: 2 [44800/60000 (75%)]	Loss: 11.237165
Train Epoch: 2 [51200/60000 (85%)]	Loss: 12.179214
Train Epoch: 2 [57600/60000 (96%)]	Loss: 8.822919

Test set: Average loss: 11.2818, Accuracy: 1160/10000 (12%)

Train Epoch: 3 [0/60000 (0%)]	Loss: 10.530155
Train Epoch: 3 [6400/60000 (11%)]	Loss: 10.397352
Train Epoch: 3 [12800/60000 (21%)]	Loss: 11.730121
Train Epoch: 3 [19200/60000 (32%)]	Loss: 11.427461
Train Epoch: 3 [25600/60000 (43%)]	Loss: 10.543404
Train Epoch: 3 [32000/60000 (53%)]	Loss: 14.347933
Train Epoch: 3 [38400/60000 (64%)]	Loss: 12.163009
Train Epoch: 3 [44800/60000 (75%)]	Loss: 10.386769
Train Epoch: 3 [51200/60000 (85%)]	Loss: 9.723961
Train Epoch: 3 [57600/60000 (96%)]	Loss: 10.293222

Test set: Average loss: 11.7304, Accuracy: 1246/10000 (12%)

Train Epoch: 4 [0/60000 (0%)]	Loss: 11.249447
Train Epoch: 4 [6400/60000 (11%)]	Loss: 11.052858
Train Epoch: 4 [12800/60000 (21%)]	Loss: 13.497923
Train Epoch: 4 [19200/60000 (32%)]	Loss: 12.650857
Train Epoch: 4 [25600/60000 (43%)]	Loss: 11.730844
Train Epoch: 4 [32000/60000 (53%)]	Loss: 12.184914
Train Epoch: 4 [38400/60000 (64%)]	Loss: 14.415494
Train Epoch: 4 [44800/60000 (75%)]	Loss: 11.828136
Train Epoch: 4 [51200/60000 (85%)]	Loss: 12.148174
Train Epoch: 4 [57600/60000 (96%)]	Loss: 11.681963

Test set: Average loss: 13.1525, Accuracy: 1052/10000 (11%)

Train Epoch: 5 [0/60000 (0%)]	Loss: 10.527278
Train Epoch: 5 [6400/60000 (11%)]	Loss: 12.643024
Train Epoch: 5 [12800/60000 (21%)]	Loss: 10.593649
Train Epoch: 5 [19200/60000 (32%)]	Loss: 14.215206
Train Epoch: 5 [25600/60000 (43%)]	Loss: 13.599815
Train Epoch: 5 [32000/60000 (53%)]	Loss: 12.025750
Train Epoch: 5 [38400/60000 (64%)]	Loss: 13.297936
Train Epoch: 5 [44800/60000 (75%)]	Loss: 14.495955
Train Epoch: 5 [51200/60000 (85%)]	Loss: 11.708601
Train Epoch: 5 [57600/60000 (96%)]	Loss: 13.970985

Test set: Average loss: 12.4215, Accuracy: 1187/10000 (12%)

Train Epoch: 6 [0/60000 (0%)]	Loss: 13.410981
Train Epoch: 6 [6400/60000 (11%)]	Loss: 13.295897
Train Epoch: 6 [12800/60000 (21%)]	Loss: 12.486427
Train Epoch: 6 [19200/60000 (32%)]	Loss: 10.528150
Train Epoch: 6 [25600/60000 (43%)]	Loss: 13.496023
Train Epoch: 6 [32000/60000 (53%)]	Loss: 11.658868
Train Epoch: 6 [38400/60000 (64%)]	Loss: 11.543531
Train Epoch: 6 [44800/60000 (75%)]	Loss: 12.477090
Train Epoch: 6 [51200/60000 (85%)]	Loss: 15.000360
Train Epoch: 6 [57600/60000 (96%)]	Loss: 11.372703

Test set: Average loss: 13.4326, Accuracy: 1039/10000 (10%)

Train Epoch: 7 [0/60000 (0%)]	Loss: 12.971058
Train Epoch: 7 [6400/60000 (11%)]	Loss: 13.864957
Train Epoch: 7 [12800/60000 (21%)]	Loss: 13.808073
Train Epoch: 7 [19200/60000 (32%)]	Loss: 13.412704
Train Epoch: 7 [25600/60000 (43%)]	Loss: 12.168097
Train Epoch: 7 [32000/60000 (53%)]	Loss: 14.552709
Train Epoch: 7 [38400/60000 (64%)]	Loss: 14.264737
Train Epoch: 7 [44800/60000 (75%)]	Loss: 14.678143
Train Epoch: 7 [51200/60000 (85%)]	Loss: 14.291889
Train Epoch: 7 [57600/60000 (96%)]	Loss: 14.772639

Test set: Average loss: 13.3113, Accuracy: 1012/10000 (10%)

Train Epoch: 8 [0/60000 (0%)]	Loss: 11.720991
Train Epoch: 8 [6400/60000 (11%)]	Loss: 15.257936
Train Epoch: 8 [12800/60000 (21%)]	Loss: 12.496888
Train Epoch: 8 [19200/60000 (32%)]	Loss: 12.812370
Train Epoch: 8 [25600/60000 (43%)]	Loss: 14.048114
Train Epoch: 8 [32000/60000 (53%)]	Loss: 12.199545
Train Epoch: 8 [38400/60000 (64%)]	Loss: 12.687630
Train Epoch: 8 [44800/60000 (75%)]	Loss: 15.794034
Train Epoch: 8 [51200/60000 (85%)]	Loss: 11.770917
Train Epoch: 8 [57600/60000 (96%)]	Loss: 12.423353

Test set: Average loss: 13.9192, Accuracy: 995/10000 (10%)

Train Epoch: 9 [0/60000 (0%)]	Loss: 13.275742
Train Epoch: 9 [6400/60000 (11%)]	Loss: 14.705621
Train Epoch: 9 [12800/60000 (21%)]	Loss: 11.819573
Train Epoch: 9 [19200/60000 (32%)]	Loss: 14.032385
Train Epoch: 9 [25600/60000 (43%)]	Loss: 12.730145
Train Epoch: 9 [32000/60000 (53%)]	Loss: 14.051792
Train Epoch: 9 [38400/60000 (64%)]	Loss: 11.891110
Train Epoch: 9 [44800/60000 (75%)]	Loss: 12.347835
Train Epoch: 9 [51200/60000 (85%)]	Loss: 13.016434
Train Epoch: 9 [57600/60000 (96%)]	Loss: 11.549460

Test set: Average loss: 13.6900, Accuracy: 975/10000 (10%)

Train Epoch: 10 [0/60000 (0%)]	Loss: 12.887079
Train Epoch: 10 [6400/60000 (11%)]	Loss: 13.247671
Train Epoch: 10 [12800/60000 (21%)]	Loss: 12.749784
Train Epoch: 10 [19200/60000 (32%)]	Loss: 15.054571
Train Epoch: 10 [25600/60000 (43%)]	Loss: 13.989824
Train Epoch: 10 [32000/60000 (53%)]	Loss: 13.383636
Train Epoch: 10 [38400/60000 (64%)]	Loss: 9.942095
Train Epoch: 10 [44800/60000 (75%)]	Loss: 12.522151
Train Epoch: 10 [51200/60000 (85%)]	Loss: 14.207436
Train Epoch: 10 [57600/60000 (96%)]	Loss: 15.066088

Test set: Average loss: 13.0304, Accuracy: 1108/10000 (11%)

Train Epoch: 11 [0/60000 (0%)]	Loss: 12.372765
Train Epoch: 11 [6400/60000 (11%)]	Loss: 16.015564
Train Epoch: 11 [12800/60000 (21%)]	Loss: 11.419410
Train Epoch: 11 [19200/60000 (32%)]	Loss: 15.359490
Train Epoch: 11 [25600/60000 (43%)]	Loss: 12.060349
Train Epoch: 11 [32000/60000 (53%)]	Loss: 13.546295
Train Epoch: 11 [38400/60000 (64%)]	Loss: 12.315394
Train Epoch: 11 [44800/60000 (75%)]	Loss: 12.296543
Train Epoch: 11 [51200/60000 (85%)]	Loss: 12.981415
Train Epoch: 11 [57600/60000 (96%)]	Loss: 14.874892

Test set: Average loss: 13.4492, Accuracy: 976/10000 (10%)

Train Epoch: 12 [0/60000 (0%)]	Loss: 13.879900
Train Epoch: 12 [6400/60000 (11%)]	Loss: 13.366617
Train Epoch: 12 [12800/60000 (21%)]	Loss: 11.999821
Train Epoch: 12 [19200/60000 (32%)]	Loss: 14.279992
Train Epoch: 12 [25600/60000 (43%)]	Loss: 13.672516
Train Epoch: 12 [32000/60000 (53%)]	Loss: 13.776700
Train Epoch: 12 [38400/60000 (64%)]	Loss: 14.065907
Train Epoch: 12 [44800/60000 (75%)]	Loss: 14.910992
Train Epoch: 12 [51200/60000 (85%)]	Loss: 12.485377
Train Epoch: 12 [57600/60000 (96%)]	Loss: 11.780418

Test set: Average loss: 13.8935, Accuracy: 988/10000 (10%)

Train Epoch: 13 [0/60000 (0%)]	Loss: 11.770922
Train Epoch: 13 [6400/60000 (11%)]	Loss: 15.185758
Train Epoch: 13 [12800/60000 (21%)]	Loss: 12.579070
Train Epoch: 13 [19200/60000 (32%)]	Loss: 12.252110
Train Epoch: 13 [25600/60000 (43%)]	Loss: 12.579785
Train Epoch: 13 [32000/60000 (53%)]	Loss: 10.540310
Train Epoch: 13 [38400/60000 (64%)]	Loss: 14.634890
Train Epoch: 13 [44800/60000 (75%)]	Loss: 11.665480
Train Epoch: 13 [51200/60000 (85%)]	Loss: 14.946378
Train Epoch: 13 [57600/60000 (96%)]	Loss: 13.184639

Test set: Average loss: 14.0750, Accuracy: 1040/10000 (10%)

Train Epoch: 14 [0/60000 (0%)]	Loss: 15.408079
Train Epoch: 14 [6400/60000 (11%)]	Loss: 13.962270
Train Epoch: 14 [12800/60000 (21%)]	Loss: 13.547705
Train Epoch: 14 [19200/60000 (32%)]	Loss: 13.009896
Train Epoch: 14 [25600/60000 (43%)]	Loss: 13.278841
Train Epoch: 14 [32000/60000 (53%)]	Loss: 13.340386
Train Epoch: 14 [38400/60000 (64%)]	Loss: 16.231836
Train Epoch: 14 [44800/60000 (75%)]	Loss: 13.060230
Train Epoch: 14 [51200/60000 (85%)]	Loss: 13.915287
Train Epoch: 14 [57600/60000 (96%)]	Loss: 12.108082

Test set: Average loss: 13.9851, Accuracy: 972/10000 (10%)

Train Epoch: 15 [0/60000 (0%)]	Loss: 14.951263
Train Epoch: 15 [6400/60000 (11%)]	Loss: 13.826585
Train Epoch: 15 [12800/60000 (21%)]	Loss: 14.299461
Train Epoch: 15 [19200/60000 (32%)]	Loss: 12.550528
Train Epoch: 15 [25600/60000 (43%)]	Loss: 14.426666
Train Epoch: 15 [32000/60000 (53%)]	Loss: 12.674413
Train Epoch: 15 [38400/60000 (64%)]	Loss: 12.705368
Train Epoch: 15 [44800/60000 (75%)]	Loss: 14.620114
Train Epoch: 15 [51200/60000 (85%)]	Loss: 13.958862
Train Epoch: 15 [57600/60000 (96%)]	Loss: 15.302206

Test set: Average loss: 14.1995, Accuracy: 952/10000 (10%)

Train Epoch: 16 [0/60000 (0%)]	Loss: 11.081741
Train Epoch: 16 [6400/60000 (11%)]	Loss: 16.559464
Train Epoch: 16 [12800/60000 (21%)]	Loss: 14.512184
Train Epoch: 16 [19200/60000 (32%)]	Loss: 15.301699
Train Epoch: 16 [25600/60000 (43%)]	Loss: 12.365461
Train Epoch: 16 [32000/60000 (53%)]	Loss: 12.217832
Train Epoch: 16 [38400/60000 (64%)]	Loss: 13.498116
Train Epoch: 16 [44800/60000 (75%)]	Loss: 15.009376
Train Epoch: 16 [51200/60000 (85%)]	Loss: 11.770689
Train Epoch: 16 [57600/60000 (96%)]	Loss: 13.621471

Test set: Average loss: 14.3792, Accuracy: 989/10000 (10%)

Train Epoch: 17 [0/60000 (0%)]	Loss: 14.078978
Train Epoch: 17 [6400/60000 (11%)]	Loss: 14.806941
Train Epoch: 17 [12800/60000 (21%)]	Loss: 12.770461
Train Epoch: 17 [19200/60000 (32%)]	Loss: 13.390173
Train Epoch: 17 [25600/60000 (43%)]	Loss: 14.071911
Train Epoch: 17 [32000/60000 (53%)]	Loss: 11.862100
Train Epoch: 17 [38400/60000 (64%)]	Loss: 13.978138
Train Epoch: 17 [44800/60000 (75%)]	Loss: 11.494099
Train Epoch: 17 [51200/60000 (85%)]	Loss: 15.026087
Train Epoch: 17 [57600/60000 (96%)]	Loss: 12.662084

Test set: Average loss: 14.1708, Accuracy: 1038/10000 (10%)

Train Epoch: 18 [0/60000 (0%)]	Loss: 12.408916
Train Epoch: 18 [6400/60000 (11%)]	Loss: 14.186141
Train Epoch: 18 [12800/60000 (21%)]	Loss: 14.583689
Train Epoch: 18 [19200/60000 (32%)]	Loss: 13.122088
Train Epoch: 18 [25600/60000 (43%)]	Loss: 13.116328
Train Epoch: 18 [32000/60000 (53%)]	Loss: 11.954805
Train Epoch: 18 [38400/60000 (64%)]	Loss: 17.341961
Train Epoch: 18 [44800/60000 (75%)]	Loss: 14.253019
Train Epoch: 18 [51200/60000 (85%)]	Loss: 11.735082
Train Epoch: 18 [57600/60000 (96%)]	Loss: 14.910648

Test set: Average loss: 13.9879, Accuracy: 951/10000 (10%)

Train Epoch: 19 [0/60000 (0%)]	Loss: 13.499769
Train Epoch: 19 [6400/60000 (11%)]	Loss: 14.181879
Train Epoch: 19 [12800/60000 (21%)]	Loss: 14.492447
Train Epoch: 19 [19200/60000 (32%)]	Loss: 14.011662
Train Epoch: 19 [25600/60000 (43%)]	Loss: 13.261829
Train Epoch: 19 [32000/60000 (53%)]	Loss: 15.322140
Train Epoch: 19 [38400/60000 (64%)]	Loss: 13.215959
Train Epoch: 19 [44800/60000 (75%)]	Loss: 15.119320
Train Epoch: 19 [51200/60000 (85%)]	Loss: 11.913549
Train Epoch: 19 [57600/60000 (96%)]	Loss: 14.727026

Test set: Average loss: 14.2890, Accuracy: 1014/10000 (10%)

Train Epoch: 20 [0/60000 (0%)]	Loss: 15.164151
Train Epoch: 20 [6400/60000 (11%)]	Loss: 14.231897
Train Epoch: 20 [12800/60000 (21%)]	Loss: 13.780664
Train Epoch: 20 [19200/60000 (32%)]	Loss: 12.381472
Train Epoch: 20 [25600/60000 (43%)]	Loss: 13.599832
Train Epoch: 20 [32000/60000 (53%)]	Loss: 11.199263
Train Epoch: 20 [38400/60000 (64%)]	Loss: 14.146198
Train Epoch: 20 [44800/60000 (75%)]	Loss: 12.732256
Train Epoch: 20 [51200/60000 (85%)]	Loss: 12.120096
Train Epoch: 20 [57600/60000 (96%)]	Loss: 14.360547

Test set: Average loss: 13.9953, Accuracy: 943/10000 (9%)

Train Epoch: 21 [0/60000 (0%)]	Loss: 13.602555
Train Epoch: 21 [6400/60000 (11%)]	Loss: 14.401502
Train Epoch: 21 [12800/60000 (21%)]	Loss: 15.520984
Train Epoch: 21 [19200/60000 (32%)]	Loss: 12.025393
Train Epoch: 21 [25600/60000 (43%)]	Loss: 13.461972
Train Epoch: 21 [32000/60000 (53%)]	Loss: 14.446033
Train Epoch: 21 [38400/60000 (64%)]	Loss: 13.616009
Train Epoch: 21 [44800/60000 (75%)]	Loss: 12.050898
Train Epoch: 21 [51200/60000 (85%)]	Loss: 14.973841
Train Epoch: 21 [57600/60000 (96%)]	Loss: 14.000523

Test set: Average loss: 14.4925, Accuracy: 937/10000 (9%)

Train Epoch: 22 [0/60000 (0%)]	Loss: 12.493873
Train Epoch: 22 [6400/60000 (11%)]	Loss: 12.876975
Train Epoch: 22 [12800/60000 (21%)]	Loss: 11.695532
Train Epoch: 22 [19200/60000 (32%)]	Loss: 14.224655
Train Epoch: 22 [25600/60000 (43%)]	Loss: 14.243601
Train Epoch: 22 [32000/60000 (53%)]	Loss: 13.254397
Train Epoch: 22 [38400/60000 (64%)]	Loss: 13.948719
Train Epoch: 22 [44800/60000 (75%)]	Loss: 16.041666
Train Epoch: 22 [51200/60000 (85%)]	Loss: 14.929968
Train Epoch: 22 [57600/60000 (96%)]	Loss: 12.405979

Test set: Average loss: 13.9556, Accuracy: 936/10000 (9%)

Train Epoch: 23 [0/60000 (0%)]	Loss: 14.915428
Train Epoch: 23 [6400/60000 (11%)]	Loss: 11.841455
Train Epoch: 23 [12800/60000 (21%)]	Loss: 13.306936
Train Epoch: 23 [19200/60000 (32%)]	Loss: 13.809245
Train Epoch: 23 [25600/60000 (43%)]	Loss: 13.642177
Train Epoch: 23 [32000/60000 (53%)]	Loss: 14.569137
Train Epoch: 23 [38400/60000 (64%)]	Loss: 13.652611
Train Epoch: 23 [44800/60000 (75%)]	Loss: 16.816395
Train Epoch: 23 [51200/60000 (85%)]	Loss: 13.846651
Train Epoch: 23 [57600/60000 (96%)]	Loss: 15.106797

Test set: Average loss: 13.9555, Accuracy: 1072/10000 (11%)

Train Epoch: 24 [0/60000 (0%)]	Loss: 15.290561
Train Epoch: 24 [6400/60000 (11%)]	Loss: 14.790300
Train Epoch: 24 [12800/60000 (21%)]	Loss: 14.871543
Train Epoch: 24 [19200/60000 (32%)]	Loss: 15.651890
Train Epoch: 24 [25600/60000 (43%)]	Loss: 13.715293
Train Epoch: 24 [32000/60000 (53%)]	Loss: 11.058092
Train Epoch: 24 [38400/60000 (64%)]	Loss: 15.330902
Train Epoch: 24 [44800/60000 (75%)]	Loss: 16.292757
Train Epoch: 24 [51200/60000 (85%)]	Loss: 13.828159
Train Epoch: 24 [57600/60000 (96%)]	Loss: 11.710611

Test set: Average loss: 14.1776, Accuracy: 942/10000 (9%)

Train Epoch: 25 [0/60000 (0%)]	Loss: 17.209181
Train Epoch: 25 [6400/60000 (11%)]	Loss: 15.267386
Train Epoch: 25 [12800/60000 (21%)]	Loss: 13.847785
Train Epoch: 25 [19200/60000 (32%)]	Loss: 12.583228
Train Epoch: 25 [25600/60000 (43%)]	Loss: 13.967363
Train Epoch: 25 [32000/60000 (53%)]	Loss: 13.571078
Train Epoch: 25 [38400/60000 (64%)]	Loss: 10.864676
Train Epoch: 25 [44800/60000 (75%)]	Loss: 11.830536
Train Epoch: 25 [51200/60000 (85%)]	Loss: 12.781003
Train Epoch: 25 [57600/60000 (96%)]	Loss: 13.470448

Test set: Average loss: 14.0164, Accuracy: 1014/10000 (10%)

Train Epoch: 26 [0/60000 (0%)]	Loss: 14.917892
Train Epoch: 26 [6400/60000 (11%)]	Loss: 12.442541
Train Epoch: 26 [12800/60000 (21%)]	Loss: 14.546185
Train Epoch: 26 [19200/60000 (32%)]	Loss: 16.835724
Train Epoch: 26 [25600/60000 (43%)]	Loss: 12.493368
Train Epoch: 26 [32000/60000 (53%)]	Loss: 13.293019
Train Epoch: 26 [38400/60000 (64%)]	Loss: 12.448504
Train Epoch: 26 [44800/60000 (75%)]	Loss: 14.686444
Train Epoch: 26 [51200/60000 (85%)]	Loss: 15.641687
Train Epoch: 26 [57600/60000 (96%)]	Loss: 15.441115

Test set: Average loss: 14.4259, Accuracy: 902/10000 (9%)

Train Epoch: 27 [0/60000 (0%)]	Loss: 14.428754
Train Epoch: 27 [6400/60000 (11%)]	Loss: 13.673710
Train Epoch: 27 [12800/60000 (21%)]	Loss: 13.757659
Train Epoch: 27 [19200/60000 (32%)]	Loss: 15.280191
Train Epoch: 27 [25600/60000 (43%)]	Loss: 14.596624
Train Epoch: 27 [32000/60000 (53%)]	Loss: 14.751605
Train Epoch: 27 [38400/60000 (64%)]	Loss: 11.681144
Train Epoch: 27 [44800/60000 (75%)]	Loss: 17.211332
Train Epoch: 27 [51200/60000 (85%)]	Loss: 14.131442
Train Epoch: 27 [57600/60000 (96%)]	Loss: 13.974433

Test set: Average loss: 14.1534, Accuracy: 1019/10000 (10%)

Train Epoch: 28 [0/60000 (0%)]	Loss: 14.807856
Train Epoch: 28 [6400/60000 (11%)]	Loss: 14.054734
Train Epoch: 28 [12800/60000 (21%)]	Loss: 15.848237
Train Epoch: 28 [19200/60000 (32%)]	Loss: 10.957892
Train Epoch: 28 [25600/60000 (43%)]	Loss: 15.462877
Train Epoch: 28 [32000/60000 (53%)]	Loss: 13.393736
Train Epoch: 28 [38400/60000 (64%)]	Loss: 13.692110
Train Epoch: 28 [44800/60000 (75%)]	Loss: 15.936376
Train Epoch: 28 [51200/60000 (85%)]	Loss: 11.912411
Train Epoch: 28 [57600/60000 (96%)]	Loss: 13.587366

Test set: Average loss: 14.0856, Accuracy: 964/10000 (10%)

Train Epoch: 29 [0/60000 (0%)]	Loss: 14.155248
Train Epoch: 29 [6400/60000 (11%)]	Loss: 14.616798
Train Epoch: 29 [12800/60000 (21%)]	Loss: 12.988632
Train Epoch: 29 [19200/60000 (32%)]	Loss: 13.819036
Train Epoch: 29 [25600/60000 (43%)]	Loss: 11.939698
Train Epoch: 29 [32000/60000 (53%)]	Loss: 13.622940
Train Epoch: 29 [38400/60000 (64%)]	Loss: 13.723640
Train Epoch: 29 [44800/60000 (75%)]	Loss: 13.321437
Train Epoch: 29 [51200/60000 (85%)]	Loss: 13.859484
Train Epoch: 29 [57600/60000 (96%)]	Loss: 15.485779

Test set: Average loss: 14.3393, Accuracy: 990/10000 (10%)

Train Epoch: 30 [0/60000 (0%)]	Loss: 13.239468
Train Epoch: 30 [6400/60000 (11%)]	Loss: 14.135371
Train Epoch: 30 [12800/60000 (21%)]	Loss: 12.517909
Train Epoch: 30 [19200/60000 (32%)]	Loss: 14.090355
Train Epoch: 30 [25600/60000 (43%)]	Loss: 11.970819
Train Epoch: 30 [32000/60000 (53%)]	Loss: 16.033020
Train Epoch: 30 [38400/60000 (64%)]	Loss: 16.176910
Train Epoch: 30 [44800/60000 (75%)]	Loss: 13.752731
Train Epoch: 30 [51200/60000 (85%)]	Loss: 16.132988
Train Epoch: 30 [57600/60000 (96%)]	Loss: 16.314766

Test set: Average loss: 14.5764, Accuracy: 973/10000 (10%)

Namespace(batch_size=64, bias=None, data='../data', device=1, epochs=30, hidden_size=500, load_weights='../base2/lenet5/lenet5_e50_h500.pt', log_interval=100, lr=0.01, milestones=[5, 7], model='redlenet5', momentum=0.9, no_cuda=False, r=5, save_model=None, save_results=True, scheduler='cosine', seed=1, sparsity=0.01, use_relu=False, wd=0.0005)


Total time spent pruning/training: 3.35 minutes
Total number of parameters in model: 300170
Number of parameters in pruned model: 297194
