Namespace(batch_size=64, bias=None, data='../data', device=0, epochs=8, hidden_size=500, load_weights='./paper/lenet5/lenet5_e50_h500.pt', log_interval=100, lr=0.01, model='redlenet5', momentum=0.9, no_cuda=False, r=5, save_model=None, save_results=True, seed=1, sparsity=0.75, use_relu=True, wd=0.0005) 

Training a RedLeNet5 network ...
Train Epoch: 1 [6336/60000 (11%)]	Loss: 2.271229
Train Epoch: 1 [12736/60000 (21%)]	Loss: 2.265860
Train Epoch: 1 [19136/60000 (32%)]	Loss: 2.209345
Train Epoch: 1 [25536/60000 (43%)]	Loss: 2.018531
Train Epoch: 1 [31936/60000 (53%)]	Loss: 2.022893
Train Epoch: 1 [38336/60000 (64%)]	Loss: 2.026596
Train Epoch: 1 [44736/60000 (75%)]	Loss: 1.932613
Train Epoch: 1 [51136/60000 (85%)]	Loss: 1.849635
Train Epoch: 1 [57536/60000 (96%)]	Loss: 1.666542

Test set: Average loss: 1.7784, Accuracy: 4378/10000 (44%)

Train Epoch: 2 [6336/60000 (11%)]	Loss: 1.775255
Train Epoch: 2 [12736/60000 (21%)]	Loss: 1.701478
Train Epoch: 2 [19136/60000 (32%)]	Loss: 1.658750
Train Epoch: 2 [25536/60000 (43%)]	Loss: 1.704788
Train Epoch: 2 [31936/60000 (53%)]	Loss: 1.696995
Train Epoch: 2 [38336/60000 (64%)]	Loss: 1.734061
Train Epoch: 2 [44736/60000 (75%)]	Loss: 1.566893
Train Epoch: 2 [51136/60000 (85%)]	Loss: 1.668549
Train Epoch: 2 [57536/60000 (96%)]	Loss: 1.719835

Test set: Average loss: 1.6151, Accuracy: 5244/10000 (52%)

Train Epoch: 3 [6336/60000 (11%)]	Loss: 1.676418
Train Epoch: 3 [12736/60000 (21%)]	Loss: 1.606117
Train Epoch: 3 [19136/60000 (32%)]	Loss: 1.538754
Train Epoch: 3 [25536/60000 (43%)]	Loss: 1.526659
Train Epoch: 3 [31936/60000 (53%)]	Loss: 1.599295
Train Epoch: 3 [38336/60000 (64%)]	Loss: 1.570436
Train Epoch: 3 [44736/60000 (75%)]	Loss: 1.543649
Train Epoch: 3 [51136/60000 (85%)]	Loss: 1.661036
Train Epoch: 3 [57536/60000 (96%)]	Loss: 1.569722

Test set: Average loss: 1.5410, Accuracy: 5565/10000 (56%)

Train Epoch: 4 [6336/60000 (11%)]	Loss: 1.648970
Train Epoch: 4 [12736/60000 (21%)]	Loss: 1.617571
Train Epoch: 4 [19136/60000 (32%)]	Loss: 1.557489
Train Epoch: 4 [25536/60000 (43%)]	Loss: 1.564788
Train Epoch: 4 [31936/60000 (53%)]	Loss: 1.511360
Train Epoch: 4 [38336/60000 (64%)]	Loss: 1.530917
Train Epoch: 4 [44736/60000 (75%)]	Loss: 1.443883
Train Epoch: 4 [51136/60000 (85%)]	Loss: 1.559812
Train Epoch: 4 [57536/60000 (96%)]	Loss: 1.658506

Test set: Average loss: 1.5138, Accuracy: 5912/10000 (59%)

Train Epoch: 5 [6336/60000 (11%)]	Loss: 1.474281
Train Epoch: 5 [12736/60000 (21%)]	Loss: 1.574051
Train Epoch: 5 [19136/60000 (32%)]	Loss: 1.430465
Train Epoch: 5 [25536/60000 (43%)]	Loss: 1.463100
Train Epoch: 5 [31936/60000 (53%)]	Loss: 1.730889
Train Epoch: 5 [38336/60000 (64%)]	Loss: 1.401262
Train Epoch: 5 [44736/60000 (75%)]	Loss: 1.489523
Train Epoch: 5 [51136/60000 (85%)]	Loss: 1.454671
Train Epoch: 5 [57536/60000 (96%)]	Loss: 1.583606

Test set: Average loss: 1.4883, Accuracy: 5704/10000 (57%)

Train Epoch: 6 [6336/60000 (11%)]	Loss: 1.472816
Train Epoch: 6 [12736/60000 (21%)]	Loss: 1.421965
Train Epoch: 6 [19136/60000 (32%)]	Loss: 1.431354
Train Epoch: 6 [25536/60000 (43%)]	Loss: 1.426520
Train Epoch: 6 [31936/60000 (53%)]	Loss: 1.622751
Train Epoch: 6 [38336/60000 (64%)]	Loss: 1.535849
Train Epoch: 6 [44736/60000 (75%)]	Loss: 1.484672
Train Epoch: 6 [51136/60000 (85%)]	Loss: 1.515845
Train Epoch: 6 [57536/60000 (96%)]	Loss: 1.530169

Test set: Average loss: 1.4746, Accuracy: 5892/10000 (59%)

Train Epoch: 7 [6336/60000 (11%)]	Loss: 1.439522
Train Epoch: 7 [12736/60000 (21%)]	Loss: 1.529845
Train Epoch: 7 [19136/60000 (32%)]	Loss: 1.550295
Train Epoch: 7 [25536/60000 (43%)]	Loss: 1.320079
Train Epoch: 7 [31936/60000 (53%)]	Loss: 1.537559
Train Epoch: 7 [38336/60000 (64%)]	Loss: 1.482866
Train Epoch: 7 [44736/60000 (75%)]	Loss: 1.655334
Train Epoch: 7 [51136/60000 (85%)]	Loss: 1.577344
Train Epoch: 7 [57536/60000 (96%)]	Loss: 1.529479

Test set: Average loss: 1.4996, Accuracy: 5338/10000 (53%)

Train Epoch: 8 [6336/60000 (11%)]	Loss: 1.398636
Train Epoch: 8 [12736/60000 (21%)]	Loss: 1.435629
Train Epoch: 8 [19136/60000 (32%)]	Loss: 1.428786
Train Epoch: 8 [25536/60000 (43%)]	Loss: 1.423555
Train Epoch: 8 [31936/60000 (53%)]	Loss: 1.443475
Train Epoch: 8 [38336/60000 (64%)]	Loss: 1.475556
Train Epoch: 8 [44736/60000 (75%)]	Loss: 1.468624
Train Epoch: 8 [51136/60000 (85%)]	Loss: 1.468432
Train Epoch: 8 [57536/60000 (96%)]	Loss: 1.479414

Test set: Average loss: 1.4624, Accuracy: 6110/10000 (61%)

Namespace(batch_size=64, bias=None, data='../data', device=0, epochs=8, hidden_size=500, load_weights='./paper/lenet5/lenet5_e50_h500.pt', log_interval=100, lr=0.01, model='redlenet5', momentum=0.9, no_cuda=False, r=5, save_model=None, save_results=True, seed=1, sparsity=0.75, use_relu=True, wd=0.0005)


Total time spent pruning/training: 0.86 minutes
Total number of parameters in model: 300170
Number of parameters in pruned model: 76955
