Namespace(batch_size=64, bias=None, data='../data', device=0, epochs=5, hidden_size=500, load_weights='./paper/lenet5/lenet5_e50_h500.pt', log_interval=100, lr=0.01, model='redlenet5', momentum=0.9, no_cuda=False, r=5, save_model=None, save_results=True, seed=1, sparsity=0.1, use_relu=True, wd=0.0005) 

Training a RedLeNet5 network ...
Train Epoch: 1 [6336/60000 (11%)]	Loss: 1.186467
Train Epoch: 1 [12736/60000 (21%)]	Loss: 0.967764
Train Epoch: 1 [19136/60000 (32%)]	Loss: 0.472087
Train Epoch: 1 [25536/60000 (43%)]	Loss: 0.512141
Train Epoch: 1 [31936/60000 (53%)]	Loss: 0.611271
Train Epoch: 1 [38336/60000 (64%)]	Loss: 0.665722
Train Epoch: 1 [44736/60000 (75%)]	Loss: 0.427091
Train Epoch: 1 [51136/60000 (85%)]	Loss: 0.373887
Train Epoch: 1 [57536/60000 (96%)]	Loss: 0.407097

Test set: Average loss: 0.3480, Accuracy: 8962/10000 (90%)

Train Epoch: 2 [6336/60000 (11%)]	Loss: 0.450059
Train Epoch: 2 [12736/60000 (21%)]	Loss: 0.242679
Train Epoch: 2 [19136/60000 (32%)]	Loss: 0.325621
Train Epoch: 2 [25536/60000 (43%)]	Loss: 0.350461
Train Epoch: 2 [31936/60000 (53%)]	Loss: 0.570783
Train Epoch: 2 [38336/60000 (64%)]	Loss: 0.392707
Train Epoch: 2 [44736/60000 (75%)]	Loss: 0.277322
Train Epoch: 2 [51136/60000 (85%)]	Loss: 0.391958
Train Epoch: 2 [57536/60000 (96%)]	Loss: 0.287690

Test set: Average loss: 0.3031, Accuracy: 9050/10000 (90%)

Train Epoch: 3 [6336/60000 (11%)]	Loss: 0.364611
Train Epoch: 3 [12736/60000 (21%)]	Loss: 0.322941
Train Epoch: 3 [19136/60000 (32%)]	Loss: 0.275875
Train Epoch: 3 [25536/60000 (43%)]	Loss: 0.150485
Train Epoch: 3 [31936/60000 (53%)]	Loss: 0.289385
Train Epoch: 3 [38336/60000 (64%)]	Loss: 0.197554
Train Epoch: 3 [44736/60000 (75%)]	Loss: 0.191373
Train Epoch: 3 [51136/60000 (85%)]	Loss: 0.196507
Train Epoch: 3 [57536/60000 (96%)]	Loss: 0.270426

Test set: Average loss: 0.2392, Accuracy: 9264/10000 (93%)

Train Epoch: 4 [6336/60000 (11%)]	Loss: 0.447282
Train Epoch: 4 [12736/60000 (21%)]	Loss: 0.200682
Train Epoch: 4 [19136/60000 (32%)]	Loss: 0.334575
Train Epoch: 4 [25536/60000 (43%)]	Loss: 0.359730
Train Epoch: 4 [31936/60000 (53%)]	Loss: 0.234753
Train Epoch: 4 [38336/60000 (64%)]	Loss: 0.284839
Train Epoch: 4 [44736/60000 (75%)]	Loss: 0.309449
Train Epoch: 4 [51136/60000 (85%)]	Loss: 0.260036
Train Epoch: 4 [57536/60000 (96%)]	Loss: 0.351030

Test set: Average loss: 0.2199, Accuracy: 9372/10000 (94%)

Train Epoch: 5 [6336/60000 (11%)]	Loss: 0.117404
Train Epoch: 5 [12736/60000 (21%)]	Loss: 0.240810
Train Epoch: 5 [19136/60000 (32%)]	Loss: 0.197848
Train Epoch: 5 [25536/60000 (43%)]	Loss: 0.210995
Train Epoch: 5 [31936/60000 (53%)]	Loss: 0.230880
Train Epoch: 5 [38336/60000 (64%)]	Loss: 0.117858
Train Epoch: 5 [44736/60000 (75%)]	Loss: 0.224249
Train Epoch: 5 [51136/60000 (85%)]	Loss: 0.154498
Train Epoch: 5 [57536/60000 (96%)]	Loss: 0.214046

Test set: Average loss: 0.2234, Accuracy: 9308/10000 (93%)

Namespace(batch_size=64, bias=None, data='../data', device=0, epochs=5, hidden_size=500, load_weights='./paper/lenet5/lenet5_e50_h500.pt', log_interval=100, lr=0.01, model='redlenet5', momentum=0.9, no_cuda=False, r=5, save_model=None, save_results=True, seed=1, sparsity=0.1, use_relu=True, wd=0.0005)


Total time spent pruning/training: 0.63 minutes
Total number of parameters in model: 300170
Number of parameters in pruned model: 270408
