Namespace(batch_size=64, bias=None, data='../data', device=0, epochs=12, hidden_size=500, load_weights='./paper/lenet5/lenet5_e50_h500.pt', log_interval=100, lr=0.01, model='redlenet5', momentum=0.9, no_cuda=False, r=5, save_model=None, save_results=True, seed=1, sparsity=0.05, use_relu=False, wd=0.0005) 

Training a RedLeNet5 network ...
Train Epoch: 1 [6336/60000 (11%)]	Loss: 0.717540
Train Epoch: 1 [12736/60000 (21%)]	Loss: 0.876394
Train Epoch: 1 [19136/60000 (32%)]	Loss: 0.276962
Train Epoch: 1 [25536/60000 (43%)]	Loss: 0.636609
Train Epoch: 1 [31936/60000 (53%)]	Loss: 0.487225
Train Epoch: 1 [38336/60000 (64%)]	Loss: 0.421520
Train Epoch: 1 [44736/60000 (75%)]	Loss: 0.696223
Train Epoch: 1 [51136/60000 (85%)]	Loss: 0.425990
Train Epoch: 1 [57536/60000 (96%)]	Loss: 0.485505

Test set: Average loss: 0.3849, Accuracy: 8755/10000 (88%)

Train Epoch: 2 [6336/60000 (11%)]	Loss: 0.396603
Train Epoch: 2 [12736/60000 (21%)]	Loss: 0.190664
Train Epoch: 2 [19136/60000 (32%)]	Loss: 0.418713
Train Epoch: 2 [25536/60000 (43%)]	Loss: 0.449541
Train Epoch: 2 [31936/60000 (53%)]	Loss: 0.604296
Train Epoch: 2 [38336/60000 (64%)]	Loss: 0.725536
Train Epoch: 2 [44736/60000 (75%)]	Loss: 0.177885
Train Epoch: 2 [51136/60000 (85%)]	Loss: 0.370220
Train Epoch: 2 [57536/60000 (96%)]	Loss: 0.526934

Test set: Average loss: 0.3594, Accuracy: 8870/10000 (89%)

Train Epoch: 3 [6336/60000 (11%)]	Loss: 0.732580
Train Epoch: 3 [12736/60000 (21%)]	Loss: 0.462297
Train Epoch: 3 [19136/60000 (32%)]	Loss: 0.450037
Train Epoch: 3 [25536/60000 (43%)]	Loss: 0.174355
Train Epoch: 3 [31936/60000 (53%)]	Loss: 0.274321
Train Epoch: 3 [38336/60000 (64%)]	Loss: 0.473209
Train Epoch: 3 [44736/60000 (75%)]	Loss: 0.342185
Train Epoch: 3 [51136/60000 (85%)]	Loss: 0.211465
Train Epoch: 3 [57536/60000 (96%)]	Loss: 0.362522

Test set: Average loss: 0.3999, Accuracy: 8740/10000 (87%)

Train Epoch: 4 [6336/60000 (11%)]	Loss: 0.534453
Train Epoch: 4 [12736/60000 (21%)]	Loss: 0.281262
Train Epoch: 4 [19136/60000 (32%)]	Loss: 0.368171
Train Epoch: 4 [25536/60000 (43%)]	Loss: 0.278241
Train Epoch: 4 [31936/60000 (53%)]	Loss: 0.341392
Train Epoch: 4 [38336/60000 (64%)]	Loss: 0.301688
Train Epoch: 4 [44736/60000 (75%)]	Loss: 0.295121
Train Epoch: 4 [51136/60000 (85%)]	Loss: 0.138610
Train Epoch: 4 [57536/60000 (96%)]	Loss: 0.412980

Test set: Average loss: 0.3284, Accuracy: 8995/10000 (90%)

Train Epoch: 5 [6336/60000 (11%)]	Loss: 0.347291
Train Epoch: 5 [12736/60000 (21%)]	Loss: 0.462963
Train Epoch: 5 [19136/60000 (32%)]	Loss: 0.215342
Train Epoch: 5 [25536/60000 (43%)]	Loss: 0.252440
Train Epoch: 5 [31936/60000 (53%)]	Loss: 0.358795
Train Epoch: 5 [38336/60000 (64%)]	Loss: 0.302435
Train Epoch: 5 [44736/60000 (75%)]	Loss: 0.240397
Train Epoch: 5 [51136/60000 (85%)]	Loss: 0.197082
Train Epoch: 5 [57536/60000 (96%)]	Loss: 0.317088

Test set: Average loss: 0.3530, Accuracy: 8881/10000 (89%)

Train Epoch: 6 [6336/60000 (11%)]	Loss: 0.251514
Train Epoch: 6 [12736/60000 (21%)]	Loss: 0.283924
Train Epoch: 6 [19136/60000 (32%)]	Loss: 0.192281
Train Epoch: 6 [25536/60000 (43%)]	Loss: 0.272906
Train Epoch: 6 [31936/60000 (53%)]	Loss: 0.340034
Train Epoch: 6 [38336/60000 (64%)]	Loss: 0.353317
Train Epoch: 6 [44736/60000 (75%)]	Loss: 0.133924
Train Epoch: 6 [51136/60000 (85%)]	Loss: 0.232632
Train Epoch: 6 [57536/60000 (96%)]	Loss: 0.258802

Test set: Average loss: 0.3186, Accuracy: 8987/10000 (90%)

Train Epoch: 7 [6336/60000 (11%)]	Loss: 0.221380
Train Epoch: 7 [12736/60000 (21%)]	Loss: 0.274551
Train Epoch: 7 [19136/60000 (32%)]	Loss: 0.326969
Train Epoch: 7 [25536/60000 (43%)]	Loss: 0.212535
Train Epoch: 7 [31936/60000 (53%)]	Loss: 0.253782
Train Epoch: 7 [38336/60000 (64%)]	Loss: 0.173518
Train Epoch: 7 [44736/60000 (75%)]	Loss: 0.373816
Train Epoch: 7 [51136/60000 (85%)]	Loss: 0.372419
Train Epoch: 7 [57536/60000 (96%)]	Loss: 0.166021

Test set: Average loss: 0.1933, Accuracy: 9392/10000 (94%)

Train Epoch: 8 [6336/60000 (11%)]	Loss: 0.224423
Train Epoch: 8 [12736/60000 (21%)]	Loss: 0.550365
Train Epoch: 8 [19136/60000 (32%)]	Loss: 0.426678
Train Epoch: 8 [25536/60000 (43%)]	Loss: 0.216977
Train Epoch: 8 [31936/60000 (53%)]	Loss: 0.072848
Train Epoch: 8 [38336/60000 (64%)]	Loss: 0.276217
Train Epoch: 8 [44736/60000 (75%)]	Loss: 0.118449
Train Epoch: 8 [51136/60000 (85%)]	Loss: 0.311522
Train Epoch: 8 [57536/60000 (96%)]	Loss: 0.192092

Test set: Average loss: 0.2090, Accuracy: 9345/10000 (93%)

Train Epoch: 9 [6336/60000 (11%)]	Loss: 0.202854
Train Epoch: 9 [12736/60000 (21%)]	Loss: 0.172666
Train Epoch: 9 [19136/60000 (32%)]	Loss: 0.199328
Train Epoch: 9 [25536/60000 (43%)]	Loss: 0.204206
Train Epoch: 9 [31936/60000 (53%)]	Loss: 0.068578
Train Epoch: 9 [38336/60000 (64%)]	Loss: 0.121865
Train Epoch: 9 [44736/60000 (75%)]	Loss: 0.384071
Train Epoch: 9 [51136/60000 (85%)]	Loss: 0.259811
Train Epoch: 9 [57536/60000 (96%)]	Loss: 0.163099

Test set: Average loss: 0.1744, Accuracy: 9450/10000 (94%)

Train Epoch: 10 [6336/60000 (11%)]	Loss: 0.031213
Train Epoch: 10 [12736/60000 (21%)]	Loss: 0.193348
Train Epoch: 10 [19136/60000 (32%)]	Loss: 0.057057
Train Epoch: 10 [25536/60000 (43%)]	Loss: 0.143831
Train Epoch: 10 [31936/60000 (53%)]	Loss: 0.195295
Train Epoch: 10 [38336/60000 (64%)]	Loss: 0.153143
Train Epoch: 10 [44736/60000 (75%)]	Loss: 0.106310
Train Epoch: 10 [51136/60000 (85%)]	Loss: 0.129028
Train Epoch: 10 [57536/60000 (96%)]	Loss: 0.138697

Test set: Average loss: 0.1880, Accuracy: 9423/10000 (94%)

Train Epoch: 11 [6336/60000 (11%)]	Loss: 0.025268
Train Epoch: 11 [12736/60000 (21%)]	Loss: 0.060324
Train Epoch: 11 [19136/60000 (32%)]	Loss: 0.110802
Train Epoch: 11 [25536/60000 (43%)]	Loss: 0.072621
Train Epoch: 11 [31936/60000 (53%)]	Loss: 0.136181
Train Epoch: 11 [38336/60000 (64%)]	Loss: 0.243957
Train Epoch: 11 [44736/60000 (75%)]	Loss: 0.160412
Train Epoch: 11 [51136/60000 (85%)]	Loss: 0.094242
Train Epoch: 11 [57536/60000 (96%)]	Loss: 0.195457

Test set: Average loss: 0.1529, Accuracy: 9515/10000 (95%)

Train Epoch: 12 [6336/60000 (11%)]	Loss: 0.167732
Train Epoch: 12 [12736/60000 (21%)]	Loss: 0.192975
Train Epoch: 12 [19136/60000 (32%)]	Loss: 0.176915
Train Epoch: 12 [25536/60000 (43%)]	Loss: 0.107003
Train Epoch: 12 [31936/60000 (53%)]	Loss: 0.046146
Train Epoch: 12 [38336/60000 (64%)]	Loss: 0.054153
Train Epoch: 12 [44736/60000 (75%)]	Loss: 0.081175
Train Epoch: 12 [51136/60000 (85%)]	Loss: 0.113450
Train Epoch: 12 [57536/60000 (96%)]	Loss: 0.103669

Test set: Average loss: 0.1339, Accuracy: 9559/10000 (96%)

Namespace(batch_size=64, bias=None, data='../data', device=0, epochs=12, hidden_size=500, load_weights='./paper/lenet5/lenet5_e50_h500.pt', log_interval=100, lr=0.01, model='redlenet5', momentum=0.9, no_cuda=False, r=5, save_model=None, save_results=True, seed=1, sparsity=0.05, use_relu=False, wd=0.0005)


Total time spent pruning/training: 1.34 minutes
Total number of parameters in model: 300170
Number of parameters in pruned model: 285289
