Namespace(batch_size=64, bias=None, data='../data', device=0, epochs=8, hidden_size=500, load_weights='./paper/lenet5/lenet5_e50_h500.pt', log_interval=100, lr=0.01, model='redlenet5', momentum=0.9, no_cuda=False, r=5, save_model=None, save_results=True, seed=1, sparsity=0.9, use_relu=True, wd=0.0005) 

Training a RedLeNet5 network ...
Train Epoch: 1 [6336/60000 (11%)]	Loss: 2.302731
Train Epoch: 1 [12736/60000 (21%)]	Loss: 2.302595
Train Epoch: 1 [19136/60000 (32%)]	Loss: 2.302692
Train Epoch: 1 [25536/60000 (43%)]	Loss: 2.302631
Train Epoch: 1 [31936/60000 (53%)]	Loss: 2.303065
Train Epoch: 1 [38336/60000 (64%)]	Loss: 2.303061
Train Epoch: 1 [44736/60000 (75%)]	Loss: 2.302755
Train Epoch: 1 [51136/60000 (85%)]	Loss: 2.302637
Train Epoch: 1 [57536/60000 (96%)]	Loss: 2.302173

Test set: Average loss: 2.3024, Accuracy: 1027/10000 (10%)

Train Epoch: 2 [6336/60000 (11%)]	Loss: 2.302538
Train Epoch: 2 [12736/60000 (21%)]	Loss: 2.302485
Train Epoch: 2 [19136/60000 (32%)]	Loss: 2.302259
Train Epoch: 2 [25536/60000 (43%)]	Loss: 2.302102
Train Epoch: 2 [31936/60000 (53%)]	Loss: 2.302543
Train Epoch: 2 [38336/60000 (64%)]	Loss: 2.302426
Train Epoch: 2 [44736/60000 (75%)]	Loss: 2.302331
Train Epoch: 2 [51136/60000 (85%)]	Loss: 2.302364
Train Epoch: 2 [57536/60000 (96%)]	Loss: 2.302217

Test set: Average loss: 2.3024, Accuracy: 1017/10000 (10%)

Train Epoch: 3 [6336/60000 (11%)]	Loss: 2.302197
Train Epoch: 3 [12736/60000 (21%)]	Loss: 2.302025
Train Epoch: 3 [19136/60000 (32%)]	Loss: 2.301528
Train Epoch: 3 [25536/60000 (43%)]	Loss: 2.301629
Train Epoch: 3 [31936/60000 (53%)]	Loss: 2.301595
Train Epoch: 3 [38336/60000 (64%)]	Loss: 2.301440
Train Epoch: 3 [44736/60000 (75%)]	Loss: 2.302259
Train Epoch: 3 [51136/60000 (85%)]	Loss: 2.301614
Train Epoch: 3 [57536/60000 (96%)]	Loss: 2.304272

Test set: Average loss: 2.3016, Accuracy: 1053/10000 (11%)

Train Epoch: 4 [6336/60000 (11%)]	Loss: 2.301918
Train Epoch: 4 [12736/60000 (21%)]	Loss: 2.301566
Train Epoch: 4 [19136/60000 (32%)]	Loss: 2.301381
Train Epoch: 4 [25536/60000 (43%)]	Loss: 2.301183
Train Epoch: 4 [31936/60000 (53%)]	Loss: 2.302589
Train Epoch: 4 [38336/60000 (64%)]	Loss: 2.301812
Train Epoch: 4 [44736/60000 (75%)]	Loss: 2.301436
Train Epoch: 4 [51136/60000 (85%)]	Loss: 2.301197
Train Epoch: 4 [57536/60000 (96%)]	Loss: 2.300747

Test set: Average loss: 2.3011, Accuracy: 1290/10000 (13%)

Train Epoch: 5 [6336/60000 (11%)]	Loss: 2.300540
Train Epoch: 5 [12736/60000 (21%)]	Loss: 2.300835
Train Epoch: 5 [19136/60000 (32%)]	Loss: 2.301054
Train Epoch: 5 [25536/60000 (43%)]	Loss: 2.301007
Train Epoch: 5 [31936/60000 (53%)]	Loss: 2.301474
Train Epoch: 5 [38336/60000 (64%)]	Loss: 2.301456
Train Epoch: 5 [44736/60000 (75%)]	Loss: 2.300363
Train Epoch: 5 [51136/60000 (85%)]	Loss: 2.301139
Train Epoch: 5 [57536/60000 (96%)]	Loss: 2.300456

Test set: Average loss: 2.2998, Accuracy: 1252/10000 (13%)

Train Epoch: 6 [6336/60000 (11%)]	Loss: 2.297778
Train Epoch: 6 [12736/60000 (21%)]	Loss: 2.299858
Train Epoch: 6 [19136/60000 (32%)]	Loss: 2.300441
Train Epoch: 6 [25536/60000 (43%)]	Loss: 2.299795
Train Epoch: 6 [31936/60000 (53%)]	Loss: 2.298305
Train Epoch: 6 [38336/60000 (64%)]	Loss: 2.297537
Train Epoch: 6 [44736/60000 (75%)]	Loss: 2.300212
Train Epoch: 6 [51136/60000 (85%)]	Loss: 2.300113
Train Epoch: 6 [57536/60000 (96%)]	Loss: 2.298786

Test set: Average loss: 2.2992, Accuracy: 1202/10000 (12%)

Train Epoch: 7 [6336/60000 (11%)]	Loss: 2.301660
Train Epoch: 7 [12736/60000 (21%)]	Loss: 2.298717
Train Epoch: 7 [19136/60000 (32%)]	Loss: 2.301355
Train Epoch: 7 [25536/60000 (43%)]	Loss: 2.296931
Train Epoch: 7 [31936/60000 (53%)]	Loss: 2.299021
Train Epoch: 7 [38336/60000 (64%)]	Loss: 2.297242
Train Epoch: 7 [44736/60000 (75%)]	Loss: 2.298871
Train Epoch: 7 [51136/60000 (85%)]	Loss: 2.299230
Train Epoch: 7 [57536/60000 (96%)]	Loss: 2.298189

Test set: Average loss: 2.2988, Accuracy: 1189/10000 (12%)

Train Epoch: 8 [6336/60000 (11%)]	Loss: 2.299607
Train Epoch: 8 [12736/60000 (21%)]	Loss: 2.297546
Train Epoch: 8 [19136/60000 (32%)]	Loss: 2.298235
Train Epoch: 8 [25536/60000 (43%)]	Loss: 2.298037
Train Epoch: 8 [31936/60000 (53%)]	Loss: 2.296940
Train Epoch: 8 [38336/60000 (64%)]	Loss: 2.302437
Train Epoch: 8 [44736/60000 (75%)]	Loss: 2.297033
Train Epoch: 8 [51136/60000 (85%)]	Loss: 2.296522
Train Epoch: 8 [57536/60000 (96%)]	Loss: 2.299532

Test set: Average loss: 2.2987, Accuracy: 1189/10000 (12%)

Namespace(batch_size=64, bias=None, data='../data', device=0, epochs=8, hidden_size=500, load_weights='./paper/lenet5/lenet5_e50_h500.pt', log_interval=100, lr=0.01, model='redlenet5', momentum=0.9, no_cuda=False, r=5, save_model=None, save_results=True, seed=1, sparsity=0.9, use_relu=True, wd=0.0005)


Total time spent pruning/training: 0.86 minutes
Total number of parameters in model: 300170
Number of parameters in pruned model: 32312
