Namespace(batch_size=64, bias=None, data='../data', device=0, epochs=100, hidden_size=500, load_weights='../base3/lenet5/lenet5_e100_h500.pt', log_interval=100, lr=0.01, milestones=[5, 7], model='redlenet5', momentum=0.9, no_cuda=False, r=5, save_model=None, save_results=True, scheduler='cosine', seed=1, sparsity=0.9, use_relu=True, wd=0.0005) 

Training a RedLeNet5 network ...
Train Epoch: 1 [0/60000 (0%)]	Loss: 2.302907
Train Epoch: 1 [6400/60000 (11%)]	Loss: 2.302489
Train Epoch: 1 [12800/60000 (21%)]	Loss: 2.302579
Train Epoch: 1 [19200/60000 (32%)]	Loss: 2.302643
Train Epoch: 1 [25600/60000 (43%)]	Loss: 2.302601
Train Epoch: 1 [32000/60000 (53%)]	Loss: 2.302234
Train Epoch: 1 [38400/60000 (64%)]	Loss: 2.302983
Train Epoch: 1 [44800/60000 (75%)]	Loss: 2.302307
Train Epoch: 1 [51200/60000 (85%)]	Loss: 2.302444
Train Epoch: 1 [57600/60000 (96%)]	Loss: 2.302417

Test set: Average loss: 2.3024, Accuracy: 1027/10000 (10%)

Train Epoch: 2 [0/60000 (0%)]	Loss: 2.302545
Train Epoch: 2 [6400/60000 (11%)]	Loss: 2.302465
Train Epoch: 2 [12800/60000 (21%)]	Loss: 2.302463
Train Epoch: 2 [19200/60000 (32%)]	Loss: 2.302340
Train Epoch: 2 [25600/60000 (43%)]	Loss: 2.302400
Train Epoch: 2 [32000/60000 (53%)]	Loss: 2.302161
Train Epoch: 2 [38400/60000 (64%)]	Loss: 2.302281
Train Epoch: 2 [44800/60000 (75%)]	Loss: 2.302473
Train Epoch: 2 [51200/60000 (85%)]	Loss: 2.302482
Train Epoch: 2 [57600/60000 (96%)]	Loss: 2.301605

Test set: Average loss: 2.3021, Accuracy: 1019/10000 (10%)

Train Epoch: 3 [0/60000 (0%)]	Loss: 2.301802
Train Epoch: 3 [6400/60000 (11%)]	Loss: 2.302875
Train Epoch: 3 [12800/60000 (21%)]	Loss: 2.302376
Train Epoch: 3 [19200/60000 (32%)]	Loss: 2.302209
Train Epoch: 3 [25600/60000 (43%)]	Loss: 2.302432
Train Epoch: 3 [32000/60000 (53%)]	Loss: 2.301942
Train Epoch: 3 [38400/60000 (64%)]	Loss: 2.302533
Train Epoch: 3 [44800/60000 (75%)]	Loss: 2.302216
Train Epoch: 3 [51200/60000 (85%)]	Loss: 2.302485
Train Epoch: 3 [57600/60000 (96%)]	Loss: 2.302238

Test set: Average loss: 2.3023, Accuracy: 1120/10000 (11%)

Train Epoch: 4 [0/60000 (0%)]	Loss: 2.302026
Train Epoch: 4 [6400/60000 (11%)]	Loss: 2.301928
Train Epoch: 4 [12800/60000 (21%)]	Loss: 2.302129
Train Epoch: 4 [19200/60000 (32%)]	Loss: 2.302569
Train Epoch: 4 [25600/60000 (43%)]	Loss: 2.302177
Train Epoch: 4 [32000/60000 (53%)]	Loss: 2.301881
Train Epoch: 4 [38400/60000 (64%)]	Loss: 2.302205
Train Epoch: 4 [44800/60000 (75%)]	Loss: 2.302021
Train Epoch: 4 [51200/60000 (85%)]	Loss: 2.302304
Train Epoch: 4 [57600/60000 (96%)]	Loss: 2.301789

Test set: Average loss: 2.3017, Accuracy: 1176/10000 (12%)

Train Epoch: 5 [0/60000 (0%)]	Loss: 2.301884
Train Epoch: 5 [6400/60000 (11%)]	Loss: 2.301920
Train Epoch: 5 [12800/60000 (21%)]	Loss: 2.302285
Train Epoch: 5 [19200/60000 (32%)]	Loss: 2.300902
Train Epoch: 5 [25600/60000 (43%)]	Loss: 2.299964
Train Epoch: 5 [32000/60000 (53%)]	Loss: 2.301348
Train Epoch: 5 [38400/60000 (64%)]	Loss: 2.300951
Train Epoch: 5 [44800/60000 (75%)]	Loss: 2.300046
Train Epoch: 5 [51200/60000 (85%)]	Loss: 2.301332
Train Epoch: 5 [57600/60000 (96%)]	Loss: 2.299209

Test set: Average loss: 2.2990, Accuracy: 1127/10000 (11%)

Train Epoch: 6 [0/60000 (0%)]	Loss: 2.298142
Train Epoch: 6 [6400/60000 (11%)]	Loss: 2.298176
Train Epoch: 6 [12800/60000 (21%)]	Loss: 2.297419
Train Epoch: 6 [19200/60000 (32%)]	Loss: 2.300676
Train Epoch: 6 [25600/60000 (43%)]	Loss: 2.297840
Train Epoch: 6 [32000/60000 (53%)]	Loss: 2.299063
Train Epoch: 6 [38400/60000 (64%)]	Loss: 2.300946
Train Epoch: 6 [44800/60000 (75%)]	Loss: 2.299143
Train Epoch: 6 [51200/60000 (85%)]	Loss: 2.299034
Train Epoch: 6 [57600/60000 (96%)]	Loss: 2.293749

Test set: Average loss: 2.2960, Accuracy: 1211/10000 (12%)

Train Epoch: 7 [0/60000 (0%)]	Loss: 2.293409
Train Epoch: 7 [6400/60000 (11%)]	Loss: 2.293236
Train Epoch: 7 [12800/60000 (21%)]	Loss: 2.293317
Train Epoch: 7 [19200/60000 (32%)]	Loss: 2.296608
Train Epoch: 7 [25600/60000 (43%)]	Loss: 2.293826
Train Epoch: 7 [32000/60000 (53%)]	Loss: 2.291881
Train Epoch: 7 [38400/60000 (64%)]	Loss: 2.293822
Train Epoch: 7 [44800/60000 (75%)]	Loss: 2.291408
Train Epoch: 7 [51200/60000 (85%)]	Loss: 2.292991
Train Epoch: 7 [57600/60000 (96%)]	Loss: 2.291731

Test set: Average loss: 2.2925, Accuracy: 1615/10000 (16%)

Train Epoch: 8 [0/60000 (0%)]	Loss: 2.289253
Train Epoch: 8 [6400/60000 (11%)]	Loss: 2.290860
Train Epoch: 8 [12800/60000 (21%)]	Loss: 2.288999
Train Epoch: 8 [19200/60000 (32%)]	Loss: 2.285892
Train Epoch: 8 [25600/60000 (43%)]	Loss: 2.284605
Train Epoch: 8 [32000/60000 (53%)]	Loss: 2.286753
Train Epoch: 8 [38400/60000 (64%)]	Loss: 2.290512
Train Epoch: 8 [44800/60000 (75%)]	Loss: 2.283913
Train Epoch: 8 [51200/60000 (85%)]	Loss: 2.288964
Train Epoch: 8 [57600/60000 (96%)]	Loss: 2.287146

Test set: Average loss: 2.2889, Accuracy: 1381/10000 (14%)

Train Epoch: 9 [0/60000 (0%)]	Loss: 2.284121
Train Epoch: 9 [6400/60000 (11%)]	Loss: 2.285828
Train Epoch: 9 [12800/60000 (21%)]	Loss: 2.281873
Train Epoch: 9 [19200/60000 (32%)]	Loss: 2.296953
Train Epoch: 9 [25600/60000 (43%)]	Loss: 2.285622
Train Epoch: 9 [32000/60000 (53%)]	Loss: 2.289068
Train Epoch: 9 [38400/60000 (64%)]	Loss: 2.286855
Train Epoch: 9 [44800/60000 (75%)]	Loss: 2.290869
Train Epoch: 9 [51200/60000 (85%)]	Loss: 2.289235
Train Epoch: 9 [57600/60000 (96%)]	Loss: 2.289556

Test set: Average loss: 2.2882, Accuracy: 1334/10000 (13%)

Train Epoch: 10 [0/60000 (0%)]	Loss: 2.290750
Train Epoch: 10 [6400/60000 (11%)]	Loss: 2.292606
Train Epoch: 10 [12800/60000 (21%)]	Loss: 2.284524
Train Epoch: 10 [19200/60000 (32%)]	Loss: 2.292260
Train Epoch: 10 [25600/60000 (43%)]	Loss: 2.284355
Train Epoch: 10 [32000/60000 (53%)]	Loss: 2.284729
Train Epoch: 10 [38400/60000 (64%)]	Loss: 2.288361
Train Epoch: 10 [44800/60000 (75%)]	Loss: 2.283814
Train Epoch: 10 [51200/60000 (85%)]	Loss: 2.288604
Train Epoch: 10 [57600/60000 (96%)]	Loss: 2.280556

Test set: Average loss: 2.2865, Accuracy: 1365/10000 (14%)

Train Epoch: 11 [0/60000 (0%)]	Loss: 2.291600
Train Epoch: 11 [6400/60000 (11%)]	Loss: 2.275435
Train Epoch: 11 [12800/60000 (21%)]	Loss: 2.284759
Train Epoch: 11 [19200/60000 (32%)]	Loss: 2.289286
Train Epoch: 11 [25600/60000 (43%)]	Loss: 2.292242
Train Epoch: 11 [32000/60000 (53%)]	Loss: 2.289571
Train Epoch: 11 [38400/60000 (64%)]	Loss: 2.288237
Train Epoch: 11 [44800/60000 (75%)]	Loss: 2.287957
Train Epoch: 11 [51200/60000 (85%)]	Loss: 2.282548
Train Epoch: 11 [57600/60000 (96%)]	Loss: 2.283548

Test set: Average loss: 2.2853, Accuracy: 1442/10000 (14%)

Train Epoch: 12 [0/60000 (0%)]	Loss: 2.293558
Train Epoch: 12 [6400/60000 (11%)]	Loss: 2.280733
Train Epoch: 12 [12800/60000 (21%)]	Loss: 2.282095
Train Epoch: 12 [19200/60000 (32%)]	Loss: 2.284039
Train Epoch: 12 [25600/60000 (43%)]	Loss: 2.294614
Train Epoch: 12 [32000/60000 (53%)]	Loss: 2.280533
Train Epoch: 12 [38400/60000 (64%)]	Loss: 2.296308
Train Epoch: 12 [44800/60000 (75%)]	Loss: 2.282824
Train Epoch: 12 [51200/60000 (85%)]	Loss: 2.287902
Train Epoch: 12 [57600/60000 (96%)]	Loss: 2.291351

Test set: Average loss: 2.2837, Accuracy: 1608/10000 (16%)

Train Epoch: 13 [0/60000 (0%)]	Loss: 2.271048
Train Epoch: 13 [6400/60000 (11%)]	Loss: 2.286145
Train Epoch: 13 [12800/60000 (21%)]	Loss: 2.279690
Train Epoch: 13 [19200/60000 (32%)]	Loss: 2.282921
Train Epoch: 13 [25600/60000 (43%)]	Loss: 2.286406
Train Epoch: 13 [32000/60000 (53%)]	Loss: 2.273813
Train Epoch: 13 [38400/60000 (64%)]	Loss: 2.275294
Train Epoch: 13 [44800/60000 (75%)]	Loss: 2.265893
Train Epoch: 13 [51200/60000 (85%)]	Loss: 2.272059
Train Epoch: 13 [57600/60000 (96%)]	Loss: 2.275476

Test set: Average loss: 2.2716, Accuracy: 2121/10000 (21%)

Train Epoch: 14 [0/60000 (0%)]	Loss: 2.274095
Train Epoch: 14 [6400/60000 (11%)]	Loss: 2.277705
Train Epoch: 14 [12800/60000 (21%)]	Loss: 2.280865
Train Epoch: 14 [19200/60000 (32%)]	Loss: 2.272332
Train Epoch: 14 [25600/60000 (43%)]	Loss: 2.262908
Train Epoch: 14 [32000/60000 (53%)]	Loss: 2.256931
Train Epoch: 14 [38400/60000 (64%)]	Loss: 2.261297
Train Epoch: 14 [44800/60000 (75%)]	Loss: 2.274979
Train Epoch: 14 [51200/60000 (85%)]	Loss: 2.269221
Train Epoch: 14 [57600/60000 (96%)]	Loss: 2.261855

Test set: Average loss: 2.2649, Accuracy: 2189/10000 (22%)

Train Epoch: 15 [0/60000 (0%)]	Loss: 2.245515
Train Epoch: 15 [6400/60000 (11%)]	Loss: 2.265136
Train Epoch: 15 [12800/60000 (21%)]	Loss: 2.268644
Train Epoch: 15 [19200/60000 (32%)]	Loss: 2.258757
Train Epoch: 15 [25600/60000 (43%)]	Loss: 2.249103
Train Epoch: 15 [32000/60000 (53%)]	Loss: 2.268552
Train Epoch: 15 [38400/60000 (64%)]	Loss: 2.249694
Train Epoch: 15 [44800/60000 (75%)]	Loss: 2.266831
Train Epoch: 15 [51200/60000 (85%)]	Loss: 2.271958
Train Epoch: 15 [57600/60000 (96%)]	Loss: 2.265433

Test set: Average loss: 2.2631, Accuracy: 2206/10000 (22%)

Train Epoch: 16 [0/60000 (0%)]	Loss: 2.277056
Train Epoch: 16 [6400/60000 (11%)]	Loss: 2.258069
Train Epoch: 16 [12800/60000 (21%)]	Loss: 2.255464
Train Epoch: 16 [19200/60000 (32%)]	Loss: 2.235109
Train Epoch: 16 [25600/60000 (43%)]	Loss: 2.256287
Train Epoch: 16 [32000/60000 (53%)]	Loss: 2.251699
Train Epoch: 16 [38400/60000 (64%)]	Loss: 2.261521
Train Epoch: 16 [44800/60000 (75%)]	Loss: 2.225567
Train Epoch: 16 [51200/60000 (85%)]	Loss: 2.270808
Train Epoch: 16 [57600/60000 (96%)]	Loss: 2.266090

Test set: Average loss: 2.2617, Accuracy: 2217/10000 (22%)

Train Epoch: 17 [0/60000 (0%)]	Loss: 2.265975
Train Epoch: 17 [6400/60000 (11%)]	Loss: 2.263104
Train Epoch: 17 [12800/60000 (21%)]	Loss: 2.274119
Train Epoch: 17 [19200/60000 (32%)]	Loss: 2.278031
Train Epoch: 17 [25600/60000 (43%)]	Loss: 2.262585
Train Epoch: 17 [32000/60000 (53%)]	Loss: 2.261235
Train Epoch: 17 [38400/60000 (64%)]	Loss: 2.255023
Train Epoch: 17 [44800/60000 (75%)]	Loss: 2.264138
Train Epoch: 17 [51200/60000 (85%)]	Loss: 2.275415
Train Epoch: 17 [57600/60000 (96%)]	Loss: 2.268243

Test set: Average loss: 2.2607, Accuracy: 2305/10000 (23%)

Train Epoch: 18 [0/60000 (0%)]	Loss: 2.275863
Train Epoch: 18 [6400/60000 (11%)]	Loss: 2.255142
Train Epoch: 18 [12800/60000 (21%)]	Loss: 2.267837
Train Epoch: 18 [19200/60000 (32%)]	Loss: 2.244727
Train Epoch: 18 [25600/60000 (43%)]	Loss: 2.246911
Train Epoch: 18 [32000/60000 (53%)]	Loss: 2.253594
Train Epoch: 18 [38400/60000 (64%)]	Loss: 2.256621
Train Epoch: 18 [44800/60000 (75%)]	Loss: 2.237074
Train Epoch: 18 [51200/60000 (85%)]	Loss: 2.255271
Train Epoch: 18 [57600/60000 (96%)]	Loss: 2.282423

Test set: Average loss: 2.2594, Accuracy: 2293/10000 (23%)

Train Epoch: 19 [0/60000 (0%)]	Loss: 2.252225
Train Epoch: 19 [6400/60000 (11%)]	Loss: 2.265160
Train Epoch: 19 [12800/60000 (21%)]	Loss: 2.270062
Train Epoch: 19 [19200/60000 (32%)]	Loss: 2.262878
Train Epoch: 19 [25600/60000 (43%)]	Loss: 2.261875
Train Epoch: 19 [32000/60000 (53%)]	Loss: 2.259764
Train Epoch: 19 [38400/60000 (64%)]	Loss: 2.261474
Train Epoch: 19 [44800/60000 (75%)]	Loss: 2.259294
Train Epoch: 19 [51200/60000 (85%)]	Loss: 2.255532
Train Epoch: 19 [57600/60000 (96%)]	Loss: 2.245667

Test set: Average loss: 2.2578, Accuracy: 2242/10000 (22%)

Train Epoch: 20 [0/60000 (0%)]	Loss: 2.266460
Train Epoch: 20 [6400/60000 (11%)]	Loss: 2.260491
Train Epoch: 20 [12800/60000 (21%)]	Loss: 2.241443
Train Epoch: 20 [19200/60000 (32%)]	Loss: 2.252471
Train Epoch: 20 [25600/60000 (43%)]	Loss: 2.266229
Train Epoch: 20 [32000/60000 (53%)]	Loss: 2.245733
Train Epoch: 20 [38400/60000 (64%)]	Loss: 2.262882
Train Epoch: 20 [44800/60000 (75%)]	Loss: 2.260143
Train Epoch: 20 [51200/60000 (85%)]	Loss: 2.244507
Train Epoch: 20 [57600/60000 (96%)]	Loss: 2.250630

Test set: Average loss: 2.2579, Accuracy: 2267/10000 (23%)

Train Epoch: 21 [0/60000 (0%)]	Loss: 2.258514
Train Epoch: 21 [6400/60000 (11%)]	Loss: 2.255514
Train Epoch: 21 [12800/60000 (21%)]	Loss: 2.262595
Train Epoch: 21 [19200/60000 (32%)]	Loss: 2.255498
Train Epoch: 21 [25600/60000 (43%)]	Loss: 2.274467
Train Epoch: 21 [32000/60000 (53%)]	Loss: 2.248655
Train Epoch: 21 [38400/60000 (64%)]	Loss: 2.251116
Train Epoch: 21 [44800/60000 (75%)]	Loss: 2.257174
Train Epoch: 21 [51200/60000 (85%)]	Loss: 2.240977
Train Epoch: 21 [57600/60000 (96%)]	Loss: 2.269532

Test set: Average loss: 2.2576, Accuracy: 2311/10000 (23%)

Train Epoch: 22 [0/60000 (0%)]	Loss: 2.266041
Train Epoch: 22 [6400/60000 (11%)]	Loss: 2.251459
Train Epoch: 22 [12800/60000 (21%)]	Loss: 2.251215
Train Epoch: 22 [19200/60000 (32%)]	Loss: 2.272117
Train Epoch: 22 [25600/60000 (43%)]	Loss: 2.265218
Train Epoch: 22 [32000/60000 (53%)]	Loss: 2.244774
Train Epoch: 22 [38400/60000 (64%)]	Loss: 2.235251
Train Epoch: 22 [44800/60000 (75%)]	Loss: 2.248729
Train Epoch: 22 [51200/60000 (85%)]	Loss: 2.249919
Train Epoch: 22 [57600/60000 (96%)]	Loss: 2.250361

Test set: Average loss: 2.2562, Accuracy: 2292/10000 (23%)

Train Epoch: 23 [0/60000 (0%)]	Loss: 2.267583
Train Epoch: 23 [6400/60000 (11%)]	Loss: 2.240182
Train Epoch: 23 [12800/60000 (21%)]	Loss: 2.249589
Train Epoch: 23 [19200/60000 (32%)]	Loss: 2.261183
Train Epoch: 23 [25600/60000 (43%)]	Loss: 2.261284
Train Epoch: 23 [32000/60000 (53%)]	Loss: 2.266717
Train Epoch: 23 [38400/60000 (64%)]	Loss: 2.255205
Train Epoch: 23 [44800/60000 (75%)]	Loss: 2.248249
Train Epoch: 23 [51200/60000 (85%)]	Loss: 2.273664
Train Epoch: 23 [57600/60000 (96%)]	Loss: 2.249385

Test set: Average loss: 2.2558, Accuracy: 2217/10000 (22%)

Train Epoch: 24 [0/60000 (0%)]	Loss: 2.254089
Train Epoch: 24 [6400/60000 (11%)]	Loss: 2.243521
Train Epoch: 24 [12800/60000 (21%)]	Loss: 2.244182
Train Epoch: 24 [19200/60000 (32%)]	Loss: 2.257197
Train Epoch: 24 [25600/60000 (43%)]	Loss: 2.265105
Train Epoch: 24 [32000/60000 (53%)]	Loss: 2.260093
Train Epoch: 24 [38400/60000 (64%)]	Loss: 2.253272
Train Epoch: 24 [44800/60000 (75%)]	Loss: 2.271097
Train Epoch: 24 [51200/60000 (85%)]	Loss: 2.260997
Train Epoch: 24 [57600/60000 (96%)]	Loss: 2.275115

Test set: Average loss: 2.2551, Accuracy: 2361/10000 (24%)

Train Epoch: 25 [0/60000 (0%)]	Loss: 2.259950
Train Epoch: 25 [6400/60000 (11%)]	Loss: 2.268240
Train Epoch: 25 [12800/60000 (21%)]	Loss: 2.244865
Train Epoch: 25 [19200/60000 (32%)]	Loss: 2.252527
Train Epoch: 25 [25600/60000 (43%)]	Loss: 2.269662
Train Epoch: 25 [32000/60000 (53%)]	Loss: 2.261521
Train Epoch: 25 [38400/60000 (64%)]	Loss: 2.273305
Train Epoch: 25 [44800/60000 (75%)]	Loss: 2.261660
Train Epoch: 25 [51200/60000 (85%)]	Loss: 2.258356
Train Epoch: 25 [57600/60000 (96%)]	Loss: 2.242815

Test set: Average loss: 2.2546, Accuracy: 2349/10000 (23%)

Train Epoch: 26 [0/60000 (0%)]	Loss: 2.276918
Train Epoch: 26 [6400/60000 (11%)]	Loss: 2.257174
Train Epoch: 26 [12800/60000 (21%)]	Loss: 2.254974
Train Epoch: 26 [19200/60000 (32%)]	Loss: 2.243716
Train Epoch: 26 [25600/60000 (43%)]	Loss: 2.259264
Train Epoch: 26 [32000/60000 (53%)]	Loss: 2.255375
Train Epoch: 26 [38400/60000 (64%)]	Loss: 2.255509
Train Epoch: 26 [44800/60000 (75%)]	Loss: 2.258007
Train Epoch: 26 [51200/60000 (85%)]	Loss: 2.256533
Train Epoch: 26 [57600/60000 (96%)]	Loss: 2.240005

Test set: Average loss: 2.2542, Accuracy: 2340/10000 (23%)

Train Epoch: 27 [0/60000 (0%)]	Loss: 2.248070
Train Epoch: 27 [6400/60000 (11%)]	Loss: 2.252026
Train Epoch: 27 [12800/60000 (21%)]	Loss: 2.280243
Train Epoch: 27 [19200/60000 (32%)]	Loss: 2.256238
Train Epoch: 27 [25600/60000 (43%)]	Loss: 2.278680
Train Epoch: 27 [32000/60000 (53%)]	Loss: 2.269315
Train Epoch: 27 [38400/60000 (64%)]	Loss: 2.274595
Train Epoch: 27 [44800/60000 (75%)]	Loss: 2.261942
Train Epoch: 27 [51200/60000 (85%)]	Loss: 2.239694
Train Epoch: 27 [57600/60000 (96%)]	Loss: 2.245144

Test set: Average loss: 2.2544, Accuracy: 2253/10000 (23%)

Train Epoch: 28 [0/60000 (0%)]	Loss: 2.279372
Train Epoch: 28 [6400/60000 (11%)]	Loss: 2.258630
Train Epoch: 28 [12800/60000 (21%)]	Loss: 2.250980
Train Epoch: 28 [19200/60000 (32%)]	Loss: 2.242666
Train Epoch: 28 [25600/60000 (43%)]	Loss: 2.266514
Train Epoch: 28 [32000/60000 (53%)]	Loss: 2.245247
Train Epoch: 28 [38400/60000 (64%)]	Loss: 2.254881
Train Epoch: 28 [44800/60000 (75%)]	Loss: 2.249283
Train Epoch: 28 [51200/60000 (85%)]	Loss: 2.255919
Train Epoch: 28 [57600/60000 (96%)]	Loss: 2.260165

Test set: Average loss: 2.2535, Accuracy: 2334/10000 (23%)

Train Epoch: 29 [0/60000 (0%)]	Loss: 2.269350
Train Epoch: 29 [6400/60000 (11%)]	Loss: 2.271816
Train Epoch: 29 [12800/60000 (21%)]	Loss: 2.268640
Train Epoch: 29 [19200/60000 (32%)]	Loss: 2.240098
Train Epoch: 29 [25600/60000 (43%)]	Loss: 2.248288
Train Epoch: 29 [32000/60000 (53%)]	Loss: 2.255472
Train Epoch: 29 [38400/60000 (64%)]	Loss: 2.281306
Train Epoch: 29 [44800/60000 (75%)]	Loss: 2.250784
Train Epoch: 29 [51200/60000 (85%)]	Loss: 2.248295
Train Epoch: 29 [57600/60000 (96%)]	Loss: 2.271971

Test set: Average loss: 2.2535, Accuracy: 2331/10000 (23%)

Train Epoch: 30 [0/60000 (0%)]	Loss: 2.250675
Train Epoch: 30 [6400/60000 (11%)]	Loss: 2.245719
Train Epoch: 30 [12800/60000 (21%)]	Loss: 2.271821
Train Epoch: 30 [19200/60000 (32%)]	Loss: 2.230709
Train Epoch: 30 [25600/60000 (43%)]	Loss: 2.263061
Train Epoch: 30 [32000/60000 (53%)]	Loss: 2.254685
Train Epoch: 30 [38400/60000 (64%)]	Loss: 2.241885
Train Epoch: 30 [44800/60000 (75%)]	Loss: 2.251568
Train Epoch: 30 [51200/60000 (85%)]	Loss: 2.254470
Train Epoch: 30 [57600/60000 (96%)]	Loss: 2.243164

Test set: Average loss: 2.2517, Accuracy: 2246/10000 (22%)

Train Epoch: 31 [0/60000 (0%)]	Loss: 2.261264
Train Epoch: 31 [6400/60000 (11%)]	Loss: 2.252934
Train Epoch: 31 [12800/60000 (21%)]	Loss: 2.253207
Train Epoch: 31 [19200/60000 (32%)]	Loss: 2.240588
Train Epoch: 31 [25600/60000 (43%)]	Loss: 2.258966
Train Epoch: 31 [32000/60000 (53%)]	Loss: 2.276041
Train Epoch: 31 [38400/60000 (64%)]	Loss: 2.248895
Train Epoch: 31 [44800/60000 (75%)]	Loss: 2.240869
Train Epoch: 31 [51200/60000 (85%)]	Loss: 2.249991
Train Epoch: 31 [57600/60000 (96%)]	Loss: 2.240522

Test set: Average loss: 2.2512, Accuracy: 2141/10000 (21%)

Train Epoch: 32 [0/60000 (0%)]	Loss: 2.252169
Train Epoch: 32 [6400/60000 (11%)]	Loss: 2.258980
Train Epoch: 32 [12800/60000 (21%)]	Loss: 2.257286
Train Epoch: 32 [19200/60000 (32%)]	Loss: 2.251989
Train Epoch: 32 [25600/60000 (43%)]	Loss: 2.237639
Train Epoch: 32 [32000/60000 (53%)]	Loss: 2.243556
Train Epoch: 32 [38400/60000 (64%)]	Loss: 2.247000
Train Epoch: 32 [44800/60000 (75%)]	Loss: 2.252589
Train Epoch: 32 [51200/60000 (85%)]	Loss: 2.237690
Train Epoch: 32 [57600/60000 (96%)]	Loss: 2.259022

Test set: Average loss: 2.2497, Accuracy: 2267/10000 (23%)

Train Epoch: 33 [0/60000 (0%)]	Loss: 2.244070
Train Epoch: 33 [6400/60000 (11%)]	Loss: 2.253043
Train Epoch: 33 [12800/60000 (21%)]	Loss: 2.264083
Train Epoch: 33 [19200/60000 (32%)]	Loss: 2.239129
Train Epoch: 33 [25600/60000 (43%)]	Loss: 2.254353
Train Epoch: 33 [32000/60000 (53%)]	Loss: 2.272754
Train Epoch: 33 [38400/60000 (64%)]	Loss: 2.239628
Train Epoch: 33 [44800/60000 (75%)]	Loss: 2.248687
Train Epoch: 33 [51200/60000 (85%)]	Loss: 2.252384
Train Epoch: 33 [57600/60000 (96%)]	Loss: 2.260699

Test set: Average loss: 2.2499, Accuracy: 2378/10000 (24%)

Train Epoch: 34 [0/60000 (0%)]	Loss: 2.233226
Train Epoch: 34 [6400/60000 (11%)]	Loss: 2.270650
Train Epoch: 34 [12800/60000 (21%)]	Loss: 2.263723
Train Epoch: 34 [19200/60000 (32%)]	Loss: 2.252691
Train Epoch: 34 [25600/60000 (43%)]	Loss: 2.254018
Train Epoch: 34 [32000/60000 (53%)]	Loss: 2.219060
Train Epoch: 34 [38400/60000 (64%)]	Loss: 2.249395
Train Epoch: 34 [44800/60000 (75%)]	Loss: 2.226332
Train Epoch: 34 [51200/60000 (85%)]	Loss: 2.237264
Train Epoch: 34 [57600/60000 (96%)]	Loss: 2.239597

Test set: Average loss: 2.2424, Accuracy: 2371/10000 (24%)

Train Epoch: 35 [0/60000 (0%)]	Loss: 2.219633
Train Epoch: 35 [6400/60000 (11%)]	Loss: 2.237304
Train Epoch: 35 [12800/60000 (21%)]	Loss: 2.236817
Train Epoch: 35 [19200/60000 (32%)]	Loss: 2.260198
Train Epoch: 35 [25600/60000 (43%)]	Loss: 2.247717
Train Epoch: 35 [32000/60000 (53%)]	Loss: 2.208376
Train Epoch: 35 [38400/60000 (64%)]	Loss: 2.254460
Train Epoch: 35 [44800/60000 (75%)]	Loss: 2.240514
Train Epoch: 35 [51200/60000 (85%)]	Loss: 2.240523
Train Epoch: 35 [57600/60000 (96%)]	Loss: 2.249181

Test set: Average loss: 2.2414, Accuracy: 2326/10000 (23%)

Train Epoch: 36 [0/60000 (0%)]	Loss: 2.266217
Train Epoch: 36 [6400/60000 (11%)]	Loss: 2.273322
Train Epoch: 36 [12800/60000 (21%)]	Loss: 2.234511
Train Epoch: 36 [19200/60000 (32%)]	Loss: 2.249200
Train Epoch: 36 [25600/60000 (43%)]	Loss: 2.229013
Train Epoch: 36 [32000/60000 (53%)]	Loss: 2.225149
Train Epoch: 36 [38400/60000 (64%)]	Loss: 2.248307
Train Epoch: 36 [44800/60000 (75%)]	Loss: 2.227451
Train Epoch: 36 [51200/60000 (85%)]	Loss: 2.229660
Train Epoch: 36 [57600/60000 (96%)]	Loss: 2.228182

Test set: Average loss: 2.2405, Accuracy: 2517/10000 (25%)

Train Epoch: 37 [0/60000 (0%)]	Loss: 2.252379
Train Epoch: 37 [6400/60000 (11%)]	Loss: 2.226119
Train Epoch: 37 [12800/60000 (21%)]	Loss: 2.216502
Train Epoch: 37 [19200/60000 (32%)]	Loss: 2.245306
Train Epoch: 37 [25600/60000 (43%)]	Loss: 2.240046
Train Epoch: 37 [32000/60000 (53%)]	Loss: 2.237792
Train Epoch: 37 [38400/60000 (64%)]	Loss: 2.202493
Train Epoch: 37 [44800/60000 (75%)]	Loss: 2.233981
Train Epoch: 37 [51200/60000 (85%)]	Loss: 2.231398
Train Epoch: 37 [57600/60000 (96%)]	Loss: 2.241058

Test set: Average loss: 2.2393, Accuracy: 2284/10000 (23%)

Train Epoch: 38 [0/60000 (0%)]	Loss: 2.256657
Train Epoch: 38 [6400/60000 (11%)]	Loss: 2.250869
Train Epoch: 38 [12800/60000 (21%)]	Loss: 2.245230
Train Epoch: 38 [19200/60000 (32%)]	Loss: 2.213194
Train Epoch: 38 [25600/60000 (43%)]	Loss: 2.257541
Train Epoch: 38 [32000/60000 (53%)]	Loss: 2.240019
Train Epoch: 38 [38400/60000 (64%)]	Loss: 2.221329
Train Epoch: 38 [44800/60000 (75%)]	Loss: 2.259657
Train Epoch: 38 [51200/60000 (85%)]	Loss: 2.251915
Train Epoch: 38 [57600/60000 (96%)]	Loss: 2.234239

Test set: Average loss: 2.2386, Accuracy: 2134/10000 (21%)

Train Epoch: 39 [0/60000 (0%)]	Loss: 2.261745
Train Epoch: 39 [6400/60000 (11%)]	Loss: 2.231709
Train Epoch: 39 [12800/60000 (21%)]	Loss: 2.246506
Train Epoch: 39 [19200/60000 (32%)]	Loss: 2.241605
Train Epoch: 39 [25600/60000 (43%)]	Loss: 2.267010
Train Epoch: 39 [32000/60000 (53%)]	Loss: 2.228866
Train Epoch: 39 [38400/60000 (64%)]	Loss: 2.224616
Train Epoch: 39 [44800/60000 (75%)]	Loss: 2.259089
Train Epoch: 39 [51200/60000 (85%)]	Loss: 2.226922
Train Epoch: 39 [57600/60000 (96%)]	Loss: 2.235241

Test set: Average loss: 2.2378, Accuracy: 2345/10000 (23%)

Train Epoch: 40 [0/60000 (0%)]	Loss: 2.238139
Train Epoch: 40 [6400/60000 (11%)]	Loss: 2.231551
Train Epoch: 40 [12800/60000 (21%)]	Loss: 2.233090
Train Epoch: 40 [19200/60000 (32%)]	Loss: 2.258263
Train Epoch: 40 [25600/60000 (43%)]	Loss: 2.239128
Train Epoch: 40 [32000/60000 (53%)]	Loss: 2.246644
Train Epoch: 40 [38400/60000 (64%)]	Loss: 2.244954
Train Epoch: 40 [44800/60000 (75%)]	Loss: 2.229883
Train Epoch: 40 [51200/60000 (85%)]	Loss: 2.248896
Train Epoch: 40 [57600/60000 (96%)]	Loss: 2.251023

Test set: Average loss: 2.2373, Accuracy: 2515/10000 (25%)

Train Epoch: 41 [0/60000 (0%)]	Loss: 2.232674
Train Epoch: 41 [6400/60000 (11%)]	Loss: 2.249502
Train Epoch: 41 [12800/60000 (21%)]	Loss: 2.212493
Train Epoch: 41 [19200/60000 (32%)]	Loss: 2.246139
Train Epoch: 41 [25600/60000 (43%)]	Loss: 2.242133
Train Epoch: 41 [32000/60000 (53%)]	Loss: 2.223988
Train Epoch: 41 [38400/60000 (64%)]	Loss: 2.237084
Train Epoch: 41 [44800/60000 (75%)]	Loss: 2.230863
Train Epoch: 41 [51200/60000 (85%)]	Loss: 2.235617
Train Epoch: 41 [57600/60000 (96%)]	Loss: 2.237796

Test set: Average loss: 2.2385, Accuracy: 2495/10000 (25%)

Train Epoch: 42 [0/60000 (0%)]	Loss: 2.225970
Train Epoch: 42 [6400/60000 (11%)]	Loss: 2.229807
Train Epoch: 42 [12800/60000 (21%)]	Loss: 2.258386
Train Epoch: 42 [19200/60000 (32%)]	Loss: 2.245375
Train Epoch: 42 [25600/60000 (43%)]	Loss: 2.264894
Train Epoch: 42 [32000/60000 (53%)]	Loss: 2.242265
Train Epoch: 42 [38400/60000 (64%)]	Loss: 2.242110
Train Epoch: 42 [44800/60000 (75%)]	Loss: 2.238123
Train Epoch: 42 [51200/60000 (85%)]	Loss: 2.238284
Train Epoch: 42 [57600/60000 (96%)]	Loss: 2.236157

Test set: Average loss: 2.2366, Accuracy: 2569/10000 (26%)

Train Epoch: 43 [0/60000 (0%)]	Loss: 2.231536
Train Epoch: 43 [6400/60000 (11%)]	Loss: 2.265406
Train Epoch: 43 [12800/60000 (21%)]	Loss: 2.224003
Train Epoch: 43 [19200/60000 (32%)]	Loss: 2.223472
Train Epoch: 43 [25600/60000 (43%)]	Loss: 2.261663
Train Epoch: 43 [32000/60000 (53%)]	Loss: 2.239395
Train Epoch: 43 [38400/60000 (64%)]	Loss: 2.248208
Train Epoch: 43 [44800/60000 (75%)]	Loss: 2.238766
Train Epoch: 43 [51200/60000 (85%)]	Loss: 2.219898
Train Epoch: 43 [57600/60000 (96%)]	Loss: 2.252033

Test set: Average loss: 2.2372, Accuracy: 2138/10000 (21%)

Train Epoch: 44 [0/60000 (0%)]	Loss: 2.248435
Train Epoch: 44 [6400/60000 (11%)]	Loss: 2.249781
Train Epoch: 44 [12800/60000 (21%)]	Loss: 2.239186
Train Epoch: 44 [19200/60000 (32%)]	Loss: 2.238997
Train Epoch: 44 [25600/60000 (43%)]	Loss: 2.255880
Train Epoch: 44 [32000/60000 (53%)]	Loss: 2.215697
Train Epoch: 44 [38400/60000 (64%)]	Loss: 2.234333
Train Epoch: 44 [44800/60000 (75%)]	Loss: 2.225384
Train Epoch: 44 [51200/60000 (85%)]	Loss: 2.222610
Train Epoch: 44 [57600/60000 (96%)]	Loss: 2.246319

Test set: Average loss: 2.2371, Accuracy: 2249/10000 (22%)

Train Epoch: 45 [0/60000 (0%)]	Loss: 2.226801
Train Epoch: 45 [6400/60000 (11%)]	Loss: 2.242491
Train Epoch: 45 [12800/60000 (21%)]	Loss: 2.236690
Train Epoch: 45 [19200/60000 (32%)]	Loss: 2.239814
Train Epoch: 45 [25600/60000 (43%)]	Loss: 2.246924
Train Epoch: 45 [32000/60000 (53%)]	Loss: 2.219870
Train Epoch: 45 [38400/60000 (64%)]	Loss: 2.235302
Train Epoch: 45 [44800/60000 (75%)]	Loss: 2.237390
Train Epoch: 45 [51200/60000 (85%)]	Loss: 2.231791
Train Epoch: 45 [57600/60000 (96%)]	Loss: 2.225961

Test set: Average loss: 2.2366, Accuracy: 2579/10000 (26%)

Train Epoch: 46 [0/60000 (0%)]	Loss: 2.230258
Train Epoch: 46 [6400/60000 (11%)]	Loss: 2.242642
Train Epoch: 46 [12800/60000 (21%)]	Loss: 2.238000
Train Epoch: 46 [19200/60000 (32%)]	Loss: 2.228824
Train Epoch: 46 [25600/60000 (43%)]	Loss: 2.253198
Train Epoch: 46 [32000/60000 (53%)]	Loss: 2.251926
Train Epoch: 46 [38400/60000 (64%)]	Loss: 2.227072
Train Epoch: 46 [44800/60000 (75%)]	Loss: 2.254880
Train Epoch: 46 [51200/60000 (85%)]	Loss: 2.237258
Train Epoch: 46 [57600/60000 (96%)]	Loss: 2.246634

Test set: Average loss: 2.2356, Accuracy: 2571/10000 (26%)

Train Epoch: 47 [0/60000 (0%)]	Loss: 2.224587
Train Epoch: 47 [6400/60000 (11%)]	Loss: 2.235573
Train Epoch: 47 [12800/60000 (21%)]	Loss: 2.246164
Train Epoch: 47 [19200/60000 (32%)]	Loss: 2.261712
Train Epoch: 47 [25600/60000 (43%)]	Loss: 2.235564
Train Epoch: 47 [32000/60000 (53%)]	Loss: 2.234194
Train Epoch: 47 [38400/60000 (64%)]	Loss: 2.225154
Train Epoch: 47 [44800/60000 (75%)]	Loss: 2.224629
Train Epoch: 47 [51200/60000 (85%)]	Loss: 2.244039
Train Epoch: 47 [57600/60000 (96%)]	Loss: 2.226168

Test set: Average loss: 2.2362, Accuracy: 2035/10000 (20%)

Train Epoch: 48 [0/60000 (0%)]	Loss: 2.255872
Train Epoch: 48 [6400/60000 (11%)]	Loss: 2.239190
Train Epoch: 48 [12800/60000 (21%)]	Loss: 2.239266
Train Epoch: 48 [19200/60000 (32%)]	Loss: 2.233219
Train Epoch: 48 [25600/60000 (43%)]	Loss: 2.237137
Train Epoch: 48 [32000/60000 (53%)]	Loss: 2.229697
Train Epoch: 48 [38400/60000 (64%)]	Loss: 2.245003
Train Epoch: 48 [44800/60000 (75%)]	Loss: 2.248481
Train Epoch: 48 [51200/60000 (85%)]	Loss: 2.247186
Train Epoch: 48 [57600/60000 (96%)]	Loss: 2.238311

Test set: Average loss: 2.2361, Accuracy: 2463/10000 (25%)

Train Epoch: 49 [0/60000 (0%)]	Loss: 2.245314
Train Epoch: 49 [6400/60000 (11%)]	Loss: 2.217491
Train Epoch: 49 [12800/60000 (21%)]	Loss: 2.242683
Train Epoch: 49 [19200/60000 (32%)]	Loss: 2.216913
Train Epoch: 49 [25600/60000 (43%)]	Loss: 2.236755
Train Epoch: 49 [32000/60000 (53%)]	Loss: 2.244317
Train Epoch: 49 [38400/60000 (64%)]	Loss: 2.230998
Train Epoch: 49 [44800/60000 (75%)]	Loss: 2.222956
Train Epoch: 49 [51200/60000 (85%)]	Loss: 2.243987
Train Epoch: 49 [57600/60000 (96%)]	Loss: 2.223861

Test set: Average loss: 2.2346, Accuracy: 2348/10000 (23%)

Train Epoch: 50 [0/60000 (0%)]	Loss: 2.238824
Train Epoch: 50 [6400/60000 (11%)]	Loss: 2.240911
Train Epoch: 50 [12800/60000 (21%)]	Loss: 2.229629
Train Epoch: 50 [19200/60000 (32%)]	Loss: 2.262532
Train Epoch: 50 [25600/60000 (43%)]	Loss: 2.227763
Train Epoch: 50 [32000/60000 (53%)]	Loss: 2.244705
Train Epoch: 50 [38400/60000 (64%)]	Loss: 2.226043
Train Epoch: 50 [44800/60000 (75%)]	Loss: 2.228723
Train Epoch: 50 [51200/60000 (85%)]	Loss: 2.222733
Train Epoch: 50 [57600/60000 (96%)]	Loss: 2.241466

Test set: Average loss: 2.2345, Accuracy: 2325/10000 (23%)

Train Epoch: 51 [0/60000 (0%)]	Loss: 2.250808
Train Epoch: 51 [6400/60000 (11%)]	Loss: 2.233468
Train Epoch: 51 [12800/60000 (21%)]	Loss: 2.235889
Train Epoch: 51 [19200/60000 (32%)]	Loss: 2.235332
Train Epoch: 51 [25600/60000 (43%)]	Loss: 2.246079
Train Epoch: 51 [32000/60000 (53%)]	Loss: 2.241316
Train Epoch: 51 [38400/60000 (64%)]	Loss: 2.227457
Train Epoch: 51 [44800/60000 (75%)]	Loss: 2.235542
Train Epoch: 51 [51200/60000 (85%)]	Loss: 2.262126
Train Epoch: 51 [57600/60000 (96%)]	Loss: 2.250173

Test set: Average loss: 2.2352, Accuracy: 2260/10000 (23%)

Train Epoch: 52 [0/60000 (0%)]	Loss: 2.229721
Train Epoch: 52 [6400/60000 (11%)]	Loss: 2.238370
Train Epoch: 52 [12800/60000 (21%)]	Loss: 2.228704
Train Epoch: 52 [19200/60000 (32%)]	Loss: 2.221591
Train Epoch: 52 [25600/60000 (43%)]	Loss: 2.230449
Train Epoch: 52 [32000/60000 (53%)]	Loss: 2.204297
Train Epoch: 52 [38400/60000 (64%)]	Loss: 2.218067
Train Epoch: 52 [44800/60000 (75%)]	Loss: 2.228720
Train Epoch: 52 [51200/60000 (85%)]	Loss: 2.248810
Train Epoch: 52 [57600/60000 (96%)]	Loss: 2.256649

Test set: Average loss: 2.2352, Accuracy: 2543/10000 (25%)

Train Epoch: 53 [0/60000 (0%)]	Loss: 2.230191
Train Epoch: 53 [6400/60000 (11%)]	Loss: 2.250569
Train Epoch: 53 [12800/60000 (21%)]	Loss: 2.242965
Train Epoch: 53 [19200/60000 (32%)]	Loss: 2.228924
Train Epoch: 53 [25600/60000 (43%)]	Loss: 2.255806
Train Epoch: 53 [32000/60000 (53%)]	Loss: 2.255385
Train Epoch: 53 [38400/60000 (64%)]	Loss: 2.229705
Train Epoch: 53 [44800/60000 (75%)]	Loss: 2.233284
Train Epoch: 53 [51200/60000 (85%)]	Loss: 2.224139
Train Epoch: 53 [57600/60000 (96%)]	Loss: 2.256236

Test set: Average loss: 2.2344, Accuracy: 2302/10000 (23%)

Train Epoch: 54 [0/60000 (0%)]	Loss: 2.209134
Train Epoch: 54 [6400/60000 (11%)]	Loss: 2.243043
Train Epoch: 54 [12800/60000 (21%)]	Loss: 2.250621
Train Epoch: 54 [19200/60000 (32%)]	Loss: 2.227890
Train Epoch: 54 [25600/60000 (43%)]	Loss: 2.262475
Train Epoch: 54 [32000/60000 (53%)]	Loss: 2.248566
Train Epoch: 54 [38400/60000 (64%)]	Loss: 2.225048
Train Epoch: 54 [44800/60000 (75%)]	Loss: 2.228478
Train Epoch: 54 [51200/60000 (85%)]	Loss: 2.239451
Train Epoch: 54 [57600/60000 (96%)]	Loss: 2.259570

Test set: Average loss: 2.2359, Accuracy: 2507/10000 (25%)

Train Epoch: 55 [0/60000 (0%)]	Loss: 2.246334
Train Epoch: 55 [6400/60000 (11%)]	Loss: 2.236387
Train Epoch: 55 [12800/60000 (21%)]	Loss: 2.241182
Train Epoch: 55 [19200/60000 (32%)]	Loss: 2.246776
Train Epoch: 55 [25600/60000 (43%)]	Loss: 2.239049
Train Epoch: 55 [32000/60000 (53%)]	Loss: 2.222409
Train Epoch: 55 [38400/60000 (64%)]	Loss: 2.249217
Train Epoch: 55 [44800/60000 (75%)]	Loss: 2.230116
Train Epoch: 55 [51200/60000 (85%)]	Loss: 2.229151
Train Epoch: 55 [57600/60000 (96%)]	Loss: 2.241571

Test set: Average loss: 2.2350, Accuracy: 2545/10000 (25%)

Train Epoch: 56 [0/60000 (0%)]	Loss: 2.223579
Train Epoch: 56 [6400/60000 (11%)]	Loss: 2.227201
Train Epoch: 56 [12800/60000 (21%)]	Loss: 2.212237
Train Epoch: 56 [19200/60000 (32%)]	Loss: 2.235726
Train Epoch: 56 [25600/60000 (43%)]	Loss: 2.252345
Train Epoch: 56 [32000/60000 (53%)]	Loss: 2.252935
Train Epoch: 56 [38400/60000 (64%)]	Loss: 2.253602
Train Epoch: 56 [44800/60000 (75%)]	Loss: 2.219758
Train Epoch: 56 [51200/60000 (85%)]	Loss: 2.248940
Train Epoch: 56 [57600/60000 (96%)]	Loss: 2.209626

Test set: Average loss: 2.2340, Accuracy: 2354/10000 (24%)

Train Epoch: 57 [0/60000 (0%)]	Loss: 2.233202
Train Epoch: 57 [6400/60000 (11%)]	Loss: 2.250325
Train Epoch: 57 [12800/60000 (21%)]	Loss: 2.235086
Train Epoch: 57 [19200/60000 (32%)]	Loss: 2.242466
Train Epoch: 57 [25600/60000 (43%)]	Loss: 2.247736
Train Epoch: 57 [32000/60000 (53%)]	Loss: 2.249599
Train Epoch: 57 [38400/60000 (64%)]	Loss: 2.245257
Train Epoch: 57 [44800/60000 (75%)]	Loss: 2.239501
Train Epoch: 57 [51200/60000 (85%)]	Loss: 2.246466
Train Epoch: 57 [57600/60000 (96%)]	Loss: 2.235525

Test set: Average loss: 2.2342, Accuracy: 2495/10000 (25%)

Train Epoch: 58 [0/60000 (0%)]	Loss: 2.223477
Train Epoch: 58 [6400/60000 (11%)]	Loss: 2.246256
Train Epoch: 58 [12800/60000 (21%)]	Loss: 2.224377
Train Epoch: 58 [19200/60000 (32%)]	Loss: 2.253680
Train Epoch: 58 [25600/60000 (43%)]	Loss: 2.236865
Train Epoch: 58 [32000/60000 (53%)]	Loss: 2.232621
Train Epoch: 58 [38400/60000 (64%)]	Loss: 2.240949
Train Epoch: 58 [44800/60000 (75%)]	Loss: 2.240750
Train Epoch: 58 [51200/60000 (85%)]	Loss: 2.239116
Train Epoch: 58 [57600/60000 (96%)]	Loss: 2.249110

Test set: Average loss: 2.2341, Accuracy: 2299/10000 (23%)

Train Epoch: 59 [0/60000 (0%)]	Loss: 2.245531
Train Epoch: 59 [6400/60000 (11%)]	Loss: 2.210245
Train Epoch: 59 [12800/60000 (21%)]	Loss: 2.222591
Train Epoch: 59 [19200/60000 (32%)]	Loss: 2.233206
Train Epoch: 59 [25600/60000 (43%)]	Loss: 2.228128
Train Epoch: 59 [32000/60000 (53%)]	Loss: 2.228448
Train Epoch: 59 [38400/60000 (64%)]	Loss: 2.235673
Train Epoch: 59 [44800/60000 (75%)]	Loss: 2.222268
Train Epoch: 59 [51200/60000 (85%)]	Loss: 2.251670
Train Epoch: 59 [57600/60000 (96%)]	Loss: 2.253489

Test set: Average loss: 2.2355, Accuracy: 2233/10000 (22%)

Train Epoch: 60 [0/60000 (0%)]	Loss: 2.224585
Train Epoch: 60 [6400/60000 (11%)]	Loss: 2.244478
Train Epoch: 60 [12800/60000 (21%)]	Loss: 2.225054
Train Epoch: 60 [19200/60000 (32%)]	Loss: 2.234123
Train Epoch: 60 [25600/60000 (43%)]	Loss: 2.254243
Train Epoch: 60 [32000/60000 (53%)]	Loss: 2.205894
Train Epoch: 60 [38400/60000 (64%)]	Loss: 2.231112
Train Epoch: 60 [44800/60000 (75%)]	Loss: 2.225403
Train Epoch: 60 [51200/60000 (85%)]	Loss: 2.236763
Train Epoch: 60 [57600/60000 (96%)]	Loss: 2.236033

Test set: Average loss: 2.2367, Accuracy: 2563/10000 (26%)

Train Epoch: 61 [0/60000 (0%)]	Loss: 2.225761
Train Epoch: 61 [6400/60000 (11%)]	Loss: 2.212220
Train Epoch: 61 [12800/60000 (21%)]	Loss: 2.221519
Train Epoch: 61 [19200/60000 (32%)]	Loss: 2.246587
Train Epoch: 61 [25600/60000 (43%)]	Loss: 2.225133
Train Epoch: 61 [32000/60000 (53%)]	Loss: 2.231244
Train Epoch: 61 [38400/60000 (64%)]	Loss: 2.244395
Train Epoch: 61 [44800/60000 (75%)]	Loss: 2.240482
Train Epoch: 61 [51200/60000 (85%)]	Loss: 2.219051
Train Epoch: 61 [57600/60000 (96%)]	Loss: 2.240757

Test set: Average loss: 2.2359, Accuracy: 2507/10000 (25%)

Train Epoch: 62 [0/60000 (0%)]	Loss: 2.235459
Train Epoch: 62 [6400/60000 (11%)]	Loss: 2.245067
Train Epoch: 62 [12800/60000 (21%)]	Loss: 2.233379
Train Epoch: 62 [19200/60000 (32%)]	Loss: 2.225840
Train Epoch: 62 [25600/60000 (43%)]	Loss: 2.222339
Train Epoch: 62 [32000/60000 (53%)]	Loss: 2.228699
Train Epoch: 62 [38400/60000 (64%)]	Loss: 2.257866
Train Epoch: 62 [44800/60000 (75%)]	Loss: 2.248836
Train Epoch: 62 [51200/60000 (85%)]	Loss: 2.239498
Train Epoch: 62 [57600/60000 (96%)]	Loss: 2.231448

Test set: Average loss: 2.2341, Accuracy: 2307/10000 (23%)

Train Epoch: 63 [0/60000 (0%)]	Loss: 2.226368
Train Epoch: 63 [6400/60000 (11%)]	Loss: 2.230991
Train Epoch: 63 [12800/60000 (21%)]	Loss: 2.242732
Train Epoch: 63 [19200/60000 (32%)]	Loss: 2.221715
Train Epoch: 63 [25600/60000 (43%)]	Loss: 2.236127
Train Epoch: 63 [32000/60000 (53%)]	Loss: 2.265326
Train Epoch: 63 [38400/60000 (64%)]	Loss: 2.237694
Train Epoch: 63 [44800/60000 (75%)]	Loss: 2.237590
Train Epoch: 63 [51200/60000 (85%)]	Loss: 2.228632
Train Epoch: 63 [57600/60000 (96%)]	Loss: 2.219434

Test set: Average loss: 2.2341, Accuracy: 2522/10000 (25%)

Train Epoch: 64 [0/60000 (0%)]	Loss: 2.243887
Train Epoch: 64 [6400/60000 (11%)]	Loss: 2.231451
Train Epoch: 64 [12800/60000 (21%)]	Loss: 2.244090
Train Epoch: 64 [19200/60000 (32%)]	Loss: 2.249096
Train Epoch: 64 [25600/60000 (43%)]	Loss: 2.245156
Train Epoch: 64 [32000/60000 (53%)]	Loss: 2.232757
Train Epoch: 64 [38400/60000 (64%)]	Loss: 2.236976
Train Epoch: 64 [44800/60000 (75%)]	Loss: 2.229551
Train Epoch: 64 [51200/60000 (85%)]	Loss: 2.223394
Train Epoch: 64 [57600/60000 (96%)]	Loss: 2.238482

Test set: Average loss: 2.2341, Accuracy: 2474/10000 (25%)

Train Epoch: 65 [0/60000 (0%)]	Loss: 2.238249
Train Epoch: 65 [6400/60000 (11%)]	Loss: 2.242410
Train Epoch: 65 [12800/60000 (21%)]	Loss: 2.229880
Train Epoch: 65 [19200/60000 (32%)]	Loss: 2.238541
Train Epoch: 65 [25600/60000 (43%)]	Loss: 2.240938
Train Epoch: 65 [32000/60000 (53%)]	Loss: 2.225687
Train Epoch: 65 [38400/60000 (64%)]	Loss: 2.238344
Train Epoch: 65 [44800/60000 (75%)]	Loss: 2.221165
Train Epoch: 65 [51200/60000 (85%)]	Loss: 2.238550
Train Epoch: 65 [57600/60000 (96%)]	Loss: 2.223069

Test set: Average loss: 2.2341, Accuracy: 2498/10000 (25%)

Train Epoch: 66 [0/60000 (0%)]	Loss: 2.252827
Train Epoch: 66 [6400/60000 (11%)]	Loss: 2.242195
Train Epoch: 66 [12800/60000 (21%)]	Loss: 2.211704
Train Epoch: 66 [19200/60000 (32%)]	Loss: 2.217347
Train Epoch: 66 [25600/60000 (43%)]	Loss: 2.230340
Train Epoch: 66 [32000/60000 (53%)]	Loss: 2.221063
Train Epoch: 66 [38400/60000 (64%)]	Loss: 2.247297
Train Epoch: 66 [44800/60000 (75%)]	Loss: 2.247005
Train Epoch: 66 [51200/60000 (85%)]	Loss: 2.240003
Train Epoch: 66 [57600/60000 (96%)]	Loss: 2.222859

Test set: Average loss: 2.2345, Accuracy: 2612/10000 (26%)

Train Epoch: 67 [0/60000 (0%)]	Loss: 2.246924
Train Epoch: 67 [6400/60000 (11%)]	Loss: 2.226313
Train Epoch: 67 [12800/60000 (21%)]	Loss: 2.238124
Train Epoch: 67 [19200/60000 (32%)]	Loss: 2.227368
Train Epoch: 67 [25600/60000 (43%)]	Loss: 2.245939
Train Epoch: 67 [32000/60000 (53%)]	Loss: 2.248760
Train Epoch: 67 [38400/60000 (64%)]	Loss: 2.240194
Train Epoch: 67 [44800/60000 (75%)]	Loss: 2.249554
Train Epoch: 67 [51200/60000 (85%)]	Loss: 2.253889
Train Epoch: 67 [57600/60000 (96%)]	Loss: 2.229973

Test set: Average loss: 2.2344, Accuracy: 2399/10000 (24%)

Train Epoch: 68 [0/60000 (0%)]	Loss: 2.267541
Train Epoch: 68 [6400/60000 (11%)]	Loss: 2.224689
Train Epoch: 68 [12800/60000 (21%)]	Loss: 2.234965
Train Epoch: 68 [19200/60000 (32%)]	Loss: 2.230205
Train Epoch: 68 [25600/60000 (43%)]	Loss: 2.237211
Train Epoch: 68 [32000/60000 (53%)]	Loss: 2.237910
Train Epoch: 68 [38400/60000 (64%)]	Loss: 2.237592
Train Epoch: 68 [44800/60000 (75%)]	Loss: 2.241000
Train Epoch: 68 [51200/60000 (85%)]	Loss: 2.229580
Train Epoch: 68 [57600/60000 (96%)]	Loss: 2.246249

Test set: Average loss: 2.2354, Accuracy: 2350/10000 (24%)

Train Epoch: 69 [0/60000 (0%)]	Loss: 2.230994
Train Epoch: 69 [6400/60000 (11%)]	Loss: 2.244042
Train Epoch: 69 [12800/60000 (21%)]	Loss: 2.227396
Train Epoch: 69 [19200/60000 (32%)]	Loss: 2.227433
Train Epoch: 69 [25600/60000 (43%)]	Loss: 2.234518
Train Epoch: 69 [32000/60000 (53%)]	Loss: 2.230726
Train Epoch: 69 [38400/60000 (64%)]	Loss: 2.229305
Train Epoch: 69 [44800/60000 (75%)]	Loss: 2.226473
Train Epoch: 69 [51200/60000 (85%)]	Loss: 2.262240
Train Epoch: 69 [57600/60000 (96%)]	Loss: 2.226322

Test set: Average loss: 2.2340, Accuracy: 2307/10000 (23%)

Train Epoch: 70 [0/60000 (0%)]	Loss: 2.249732
Train Epoch: 70 [6400/60000 (11%)]	Loss: 2.245354
Train Epoch: 70 [12800/60000 (21%)]	Loss: 2.222094
Train Epoch: 70 [19200/60000 (32%)]	Loss: 2.252720
Train Epoch: 70 [25600/60000 (43%)]	Loss: 2.225389
Train Epoch: 70 [32000/60000 (53%)]	Loss: 2.242520
Train Epoch: 70 [38400/60000 (64%)]	Loss: 2.247948
Train Epoch: 70 [44800/60000 (75%)]	Loss: 2.221117
Train Epoch: 70 [51200/60000 (85%)]	Loss: 2.243612
Train Epoch: 70 [57600/60000 (96%)]	Loss: 2.235594

Test set: Average loss: 2.2345, Accuracy: 2572/10000 (26%)

Train Epoch: 71 [0/60000 (0%)]	Loss: 2.242672
Train Epoch: 71 [6400/60000 (11%)]	Loss: 2.246375
Train Epoch: 71 [12800/60000 (21%)]	Loss: 2.233428
Train Epoch: 71 [19200/60000 (32%)]	Loss: 2.242361
Train Epoch: 71 [25600/60000 (43%)]	Loss: 2.229215
Train Epoch: 71 [32000/60000 (53%)]	Loss: 2.238024
Train Epoch: 71 [38400/60000 (64%)]	Loss: 2.246042
Train Epoch: 71 [44800/60000 (75%)]	Loss: 2.243395
Train Epoch: 71 [51200/60000 (85%)]	Loss: 2.217285
Train Epoch: 71 [57600/60000 (96%)]	Loss: 2.249254

Test set: Average loss: 2.2340, Accuracy: 2474/10000 (25%)

Train Epoch: 72 [0/60000 (0%)]	Loss: 2.222976
Train Epoch: 72 [6400/60000 (11%)]	Loss: 2.243421
Train Epoch: 72 [12800/60000 (21%)]	Loss: 2.221627
Train Epoch: 72 [19200/60000 (32%)]	Loss: 2.267136
Train Epoch: 72 [25600/60000 (43%)]	Loss: 2.245797
Train Epoch: 72 [32000/60000 (53%)]	Loss: 2.234327
Train Epoch: 72 [38400/60000 (64%)]	Loss: 2.227466
Train Epoch: 72 [44800/60000 (75%)]	Loss: 2.246852
Train Epoch: 72 [51200/60000 (85%)]	Loss: 2.233247
Train Epoch: 72 [57600/60000 (96%)]	Loss: 2.244403

Test set: Average loss: 2.2341, Accuracy: 2340/10000 (23%)

Train Epoch: 73 [0/60000 (0%)]	Loss: 2.235872
Train Epoch: 73 [6400/60000 (11%)]	Loss: 2.253645
Train Epoch: 73 [12800/60000 (21%)]	Loss: 2.233945
Train Epoch: 73 [19200/60000 (32%)]	Loss: 2.222627
Train Epoch: 73 [25600/60000 (43%)]	Loss: 2.239995
Train Epoch: 73 [32000/60000 (53%)]	Loss: 2.238229
Train Epoch: 73 [38400/60000 (64%)]	Loss: 2.218536
Train Epoch: 73 [44800/60000 (75%)]	Loss: 2.266113
Train Epoch: 73 [51200/60000 (85%)]	Loss: 2.245808
Train Epoch: 73 [57600/60000 (96%)]	Loss: 2.242175

Test set: Average loss: 2.2340, Accuracy: 2525/10000 (25%)

Train Epoch: 74 [0/60000 (0%)]	Loss: 2.244195
Train Epoch: 74 [6400/60000 (11%)]	Loss: 2.245356
Train Epoch: 74 [12800/60000 (21%)]	Loss: 2.216363
Train Epoch: 74 [19200/60000 (32%)]	Loss: 2.220036
Train Epoch: 74 [25600/60000 (43%)]	Loss: 2.236493
Train Epoch: 74 [32000/60000 (53%)]	Loss: 2.256343
Train Epoch: 74 [38400/60000 (64%)]	Loss: 2.242626
Train Epoch: 74 [44800/60000 (75%)]	Loss: 2.239313
Train Epoch: 74 [51200/60000 (85%)]	Loss: 2.227359
Train Epoch: 74 [57600/60000 (96%)]	Loss: 2.222493

Test set: Average loss: 2.2337, Accuracy: 2495/10000 (25%)

Train Epoch: 75 [0/60000 (0%)]	Loss: 2.236898
Train Epoch: 75 [6400/60000 (11%)]	Loss: 2.225763
Train Epoch: 75 [12800/60000 (21%)]	Loss: 2.225158
Train Epoch: 75 [19200/60000 (32%)]	Loss: 2.231047
Train Epoch: 75 [25600/60000 (43%)]	Loss: 2.234176
Train Epoch: 75 [32000/60000 (53%)]	Loss: 2.244049
Train Epoch: 75 [38400/60000 (64%)]	Loss: 2.215913
Train Epoch: 75 [44800/60000 (75%)]	Loss: 2.241545
Train Epoch: 75 [51200/60000 (85%)]	Loss: 2.226914
Train Epoch: 75 [57600/60000 (96%)]	Loss: 2.233741

Test set: Average loss: 2.2345, Accuracy: 2394/10000 (24%)

Train Epoch: 76 [0/60000 (0%)]	Loss: 2.242990
Train Epoch: 76 [6400/60000 (11%)]	Loss: 2.224932
Train Epoch: 76 [12800/60000 (21%)]	Loss: 2.221888
Train Epoch: 76 [19200/60000 (32%)]	Loss: 2.218826
Train Epoch: 76 [25600/60000 (43%)]	Loss: 2.230859
Train Epoch: 76 [32000/60000 (53%)]	Loss: 2.219446
Train Epoch: 76 [38400/60000 (64%)]	Loss: 2.243390
Train Epoch: 76 [44800/60000 (75%)]	Loss: 2.233956
Train Epoch: 76 [51200/60000 (85%)]	Loss: 2.222156
Train Epoch: 76 [57600/60000 (96%)]	Loss: 2.239163

Test set: Average loss: 2.2340, Accuracy: 2527/10000 (25%)

Train Epoch: 77 [0/60000 (0%)]	Loss: 2.239714
Train Epoch: 77 [6400/60000 (11%)]	Loss: 2.224427
Train Epoch: 77 [12800/60000 (21%)]	Loss: 2.216336
Train Epoch: 77 [19200/60000 (32%)]	Loss: 2.218768
Train Epoch: 77 [25600/60000 (43%)]	Loss: 2.238535
Train Epoch: 77 [32000/60000 (53%)]	Loss: 2.238269
Train Epoch: 77 [38400/60000 (64%)]	Loss: 2.254982
Train Epoch: 77 [44800/60000 (75%)]	Loss: 2.250815
Train Epoch: 77 [51200/60000 (85%)]	Loss: 2.217664
Train Epoch: 77 [57600/60000 (96%)]	Loss: 2.221172

Test set: Average loss: 2.2339, Accuracy: 2481/10000 (25%)

Train Epoch: 78 [0/60000 (0%)]	Loss: 2.228377
Train Epoch: 78 [6400/60000 (11%)]	Loss: 2.248039
Train Epoch: 78 [12800/60000 (21%)]	Loss: 2.244126
Train Epoch: 78 [19200/60000 (32%)]	Loss: 2.245570
Train Epoch: 78 [25600/60000 (43%)]	Loss: 2.253201
Train Epoch: 78 [32000/60000 (53%)]	Loss: 2.241405
Train Epoch: 78 [38400/60000 (64%)]	Loss: 2.228709
Train Epoch: 78 [44800/60000 (75%)]	Loss: 2.229111
Train Epoch: 78 [51200/60000 (85%)]	Loss: 2.243012
Train Epoch: 78 [57600/60000 (96%)]	Loss: 2.209251

Test set: Average loss: 2.2343, Accuracy: 2546/10000 (25%)

Train Epoch: 79 [0/60000 (0%)]	Loss: 2.218315
Train Epoch: 79 [6400/60000 (11%)]	Loss: 2.255302
Train Epoch: 79 [12800/60000 (21%)]	Loss: 2.226053
Train Epoch: 79 [19200/60000 (32%)]	Loss: 2.229831
Train Epoch: 79 [25600/60000 (43%)]	Loss: 2.217620
Train Epoch: 79 [32000/60000 (53%)]	Loss: 2.225191
Train Epoch: 79 [38400/60000 (64%)]	Loss: 2.231577
Train Epoch: 79 [44800/60000 (75%)]	Loss: 2.210608
Train Epoch: 79 [51200/60000 (85%)]	Loss: 2.232517
Train Epoch: 79 [57600/60000 (96%)]	Loss: 2.234287

Test set: Average loss: 2.2342, Accuracy: 2352/10000 (24%)

Train Epoch: 80 [0/60000 (0%)]	Loss: 2.223551
Train Epoch: 80 [6400/60000 (11%)]	Loss: 2.244848
Train Epoch: 80 [12800/60000 (21%)]	Loss: 2.231027
Train Epoch: 80 [19200/60000 (32%)]	Loss: 2.231637
Train Epoch: 80 [25600/60000 (43%)]	Loss: 2.223804
Train Epoch: 80 [32000/60000 (53%)]	Loss: 2.258206
Train Epoch: 80 [38400/60000 (64%)]	Loss: 2.257172
Train Epoch: 80 [44800/60000 (75%)]	Loss: 2.244964
Train Epoch: 80 [51200/60000 (85%)]	Loss: 2.222620
Train Epoch: 80 [57600/60000 (96%)]	Loss: 2.242231

Test set: Average loss: 2.2339, Accuracy: 2514/10000 (25%)

Train Epoch: 81 [0/60000 (0%)]	Loss: 2.241263
Train Epoch: 81 [6400/60000 (11%)]	Loss: 2.236896
Train Epoch: 81 [12800/60000 (21%)]	Loss: 2.236282
Train Epoch: 81 [19200/60000 (32%)]	Loss: 2.229160
Train Epoch: 81 [25600/60000 (43%)]	Loss: 2.249896
Train Epoch: 81 [32000/60000 (53%)]	Loss: 2.238296
Train Epoch: 81 [38400/60000 (64%)]	Loss: 2.230679
Train Epoch: 81 [44800/60000 (75%)]	Loss: 2.227417
Train Epoch: 81 [51200/60000 (85%)]	Loss: 2.243422
Train Epoch: 81 [57600/60000 (96%)]	Loss: 2.227472

Test set: Average loss: 2.2336, Accuracy: 2511/10000 (25%)

Train Epoch: 82 [0/60000 (0%)]	Loss: 2.228184
Train Epoch: 82 [6400/60000 (11%)]	Loss: 2.236901
Train Epoch: 82 [12800/60000 (21%)]	Loss: 2.221290
Train Epoch: 82 [19200/60000 (32%)]	Loss: 2.249518
Train Epoch: 82 [25600/60000 (43%)]	Loss: 2.228439
Train Epoch: 82 [32000/60000 (53%)]	Loss: 2.228682
Train Epoch: 82 [38400/60000 (64%)]	Loss: 2.236979
Train Epoch: 82 [44800/60000 (75%)]	Loss: 2.231825
Train Epoch: 82 [51200/60000 (85%)]	Loss: 2.225965
Train Epoch: 82 [57600/60000 (96%)]	Loss: 2.226933

Test set: Average loss: 2.2345, Accuracy: 2531/10000 (25%)

Train Epoch: 83 [0/60000 (0%)]	Loss: 2.260332
Train Epoch: 83 [6400/60000 (11%)]	Loss: 2.258829
Train Epoch: 83 [12800/60000 (21%)]	Loss: 2.238748
Train Epoch: 83 [19200/60000 (32%)]	Loss: 2.228296
Train Epoch: 83 [25600/60000 (43%)]	Loss: 2.244840
Train Epoch: 83 [32000/60000 (53%)]	Loss: 2.230381
Train Epoch: 83 [38400/60000 (64%)]	Loss: 2.249908
Train Epoch: 83 [44800/60000 (75%)]	Loss: 2.227671
Train Epoch: 83 [51200/60000 (85%)]	Loss: 2.261963
Train Epoch: 83 [57600/60000 (96%)]	Loss: 2.231584

Test set: Average loss: 2.2344, Accuracy: 2297/10000 (23%)

Train Epoch: 84 [0/60000 (0%)]	Loss: 2.236571
Train Epoch: 84 [6400/60000 (11%)]	Loss: 2.244220
Train Epoch: 84 [12800/60000 (21%)]	Loss: 2.220761
Train Epoch: 84 [19200/60000 (32%)]	Loss: 2.248889
Train Epoch: 84 [25600/60000 (43%)]	Loss: 2.221845
Train Epoch: 84 [32000/60000 (53%)]	Loss: 2.213598
Train Epoch: 84 [38400/60000 (64%)]	Loss: 2.238444
Train Epoch: 84 [44800/60000 (75%)]	Loss: 2.227942
Train Epoch: 84 [51200/60000 (85%)]	Loss: 2.209174
Train Epoch: 84 [57600/60000 (96%)]	Loss: 2.219421

Test set: Average loss: 2.2338, Accuracy: 2531/10000 (25%)

Train Epoch: 85 [0/60000 (0%)]	Loss: 2.236228
Train Epoch: 85 [6400/60000 (11%)]	Loss: 2.226159
Train Epoch: 85 [12800/60000 (21%)]	Loss: 2.232375
Train Epoch: 85 [19200/60000 (32%)]	Loss: 2.232603
Train Epoch: 85 [25600/60000 (43%)]	Loss: 2.237803
Train Epoch: 85 [32000/60000 (53%)]	Loss: 2.227138
Train Epoch: 85 [38400/60000 (64%)]	Loss: 2.238769
Train Epoch: 85 [44800/60000 (75%)]	Loss: 2.237386
Train Epoch: 85 [51200/60000 (85%)]	Loss: 2.228167
Train Epoch: 85 [57600/60000 (96%)]	Loss: 2.234182

Test set: Average loss: 2.2339, Accuracy: 2485/10000 (25%)

Train Epoch: 86 [0/60000 (0%)]	Loss: 2.226295
Train Epoch: 86 [6400/60000 (11%)]	Loss: 2.229873
Train Epoch: 86 [12800/60000 (21%)]	Loss: 2.239654
Train Epoch: 86 [19200/60000 (32%)]	Loss: 2.245606
Train Epoch: 86 [25600/60000 (43%)]	Loss: 2.260206
Train Epoch: 86 [32000/60000 (53%)]	Loss: 2.222657
Train Epoch: 86 [38400/60000 (64%)]	Loss: 2.247770
Train Epoch: 86 [44800/60000 (75%)]	Loss: 2.219090
Train Epoch: 86 [51200/60000 (85%)]	Loss: 2.220793
Train Epoch: 86 [57600/60000 (96%)]	Loss: 2.216583

Test set: Average loss: 2.2339, Accuracy: 2495/10000 (25%)

Train Epoch: 87 [0/60000 (0%)]	Loss: 2.236661
Train Epoch: 87 [6400/60000 (11%)]	Loss: 2.254227
Train Epoch: 87 [12800/60000 (21%)]	Loss: 2.222186
Train Epoch: 87 [19200/60000 (32%)]	Loss: 2.232881
Train Epoch: 87 [25600/60000 (43%)]	Loss: 2.251632
Train Epoch: 87 [32000/60000 (53%)]	Loss: 2.246643
Train Epoch: 87 [38400/60000 (64%)]	Loss: 2.224680
Train Epoch: 87 [44800/60000 (75%)]	Loss: 2.251908
Train Epoch: 87 [51200/60000 (85%)]	Loss: 2.235241
Train Epoch: 87 [57600/60000 (96%)]	Loss: 2.221963

Test set: Average loss: 2.2345, Accuracy: 2303/10000 (23%)

Train Epoch: 88 [0/60000 (0%)]	Loss: 2.210990
Train Epoch: 88 [6400/60000 (11%)]	Loss: 2.220472
Train Epoch: 88 [12800/60000 (21%)]	Loss: 2.221259
Train Epoch: 88 [19200/60000 (32%)]	Loss: 2.215069
Train Epoch: 88 [25600/60000 (43%)]	Loss: 2.244762
Train Epoch: 88 [32000/60000 (53%)]	Loss: 2.245466
Train Epoch: 88 [38400/60000 (64%)]	Loss: 2.223627
Train Epoch: 88 [44800/60000 (75%)]	Loss: 2.216114
Train Epoch: 88 [51200/60000 (85%)]	Loss: 2.248655
Train Epoch: 88 [57600/60000 (96%)]	Loss: 2.220647

Test set: Average loss: 2.2337, Accuracy: 2494/10000 (25%)

Train Epoch: 89 [0/60000 (0%)]	Loss: 2.233981
Train Epoch: 89 [6400/60000 (11%)]	Loss: 2.231697
Train Epoch: 89 [12800/60000 (21%)]	Loss: 2.217103
Train Epoch: 89 [19200/60000 (32%)]	Loss: 2.238466
Train Epoch: 89 [25600/60000 (43%)]	Loss: 2.226892
Train Epoch: 89 [32000/60000 (53%)]	Loss: 2.222157
Train Epoch: 89 [38400/60000 (64%)]	Loss: 2.244805
Train Epoch: 89 [44800/60000 (75%)]	Loss: 2.246887
Train Epoch: 89 [51200/60000 (85%)]	Loss: 2.223761
Train Epoch: 89 [57600/60000 (96%)]	Loss: 2.206204

Test set: Average loss: 2.2337, Accuracy: 2349/10000 (23%)

Train Epoch: 90 [0/60000 (0%)]	Loss: 2.244199
Train Epoch: 90 [6400/60000 (11%)]	Loss: 2.215775
Train Epoch: 90 [12800/60000 (21%)]	Loss: 2.236337
Train Epoch: 90 [19200/60000 (32%)]	Loss: 2.243447
Train Epoch: 90 [25600/60000 (43%)]	Loss: 2.217984
Train Epoch: 90 [32000/60000 (53%)]	Loss: 2.243140
Train Epoch: 90 [38400/60000 (64%)]	Loss: 2.229356
Train Epoch: 90 [44800/60000 (75%)]	Loss: 2.228182
Train Epoch: 90 [51200/60000 (85%)]	Loss: 2.241488
Train Epoch: 90 [57600/60000 (96%)]	Loss: 2.227119

Test set: Average loss: 2.2340, Accuracy: 2504/10000 (25%)

Train Epoch: 91 [0/60000 (0%)]	Loss: 2.201058
Train Epoch: 91 [6400/60000 (11%)]	Loss: 2.231030
Train Epoch: 91 [12800/60000 (21%)]	Loss: 2.247936
Train Epoch: 91 [19200/60000 (32%)]	Loss: 2.262729
Train Epoch: 91 [25600/60000 (43%)]	Loss: 2.226969
Train Epoch: 91 [32000/60000 (53%)]	Loss: 2.245473
Train Epoch: 91 [38400/60000 (64%)]	Loss: 2.230561
Train Epoch: 91 [44800/60000 (75%)]	Loss: 2.237820
Train Epoch: 91 [51200/60000 (85%)]	Loss: 2.226629
Train Epoch: 91 [57600/60000 (96%)]	Loss: 2.251717

Test set: Average loss: 2.2339, Accuracy: 2461/10000 (25%)

Train Epoch: 92 [0/60000 (0%)]	Loss: 2.221341
Train Epoch: 92 [6400/60000 (11%)]	Loss: 2.236054
Train Epoch: 92 [12800/60000 (21%)]	Loss: 2.235516
Train Epoch: 92 [19200/60000 (32%)]	Loss: 2.249196
Train Epoch: 92 [25600/60000 (43%)]	Loss: 2.235833
Train Epoch: 92 [32000/60000 (53%)]	Loss: 2.250654
Train Epoch: 92 [38400/60000 (64%)]	Loss: 2.239616
Train Epoch: 92 [44800/60000 (75%)]	Loss: 2.236882
Train Epoch: 92 [51200/60000 (85%)]	Loss: 2.226515
Train Epoch: 92 [57600/60000 (96%)]	Loss: 2.236492

Test set: Average loss: 2.2343, Accuracy: 2291/10000 (23%)

Train Epoch: 93 [0/60000 (0%)]	Loss: 2.230810
Train Epoch: 93 [6400/60000 (11%)]	Loss: 2.249768
Train Epoch: 93 [12800/60000 (21%)]	Loss: 2.231959
Train Epoch: 93 [19200/60000 (32%)]	Loss: 2.235865
Train Epoch: 93 [25600/60000 (43%)]	Loss: 2.252779
Train Epoch: 93 [32000/60000 (53%)]	Loss: 2.234355
Train Epoch: 93 [38400/60000 (64%)]	Loss: 2.236780
Train Epoch: 93 [44800/60000 (75%)]	Loss: 2.205698
Train Epoch: 93 [51200/60000 (85%)]	Loss: 2.225636
Train Epoch: 93 [57600/60000 (96%)]	Loss: 2.233538

Test set: Average loss: 2.2341, Accuracy: 2509/10000 (25%)

Train Epoch: 94 [0/60000 (0%)]	Loss: 2.218866
Train Epoch: 94 [6400/60000 (11%)]	Loss: 2.237144
Train Epoch: 94 [12800/60000 (21%)]	Loss: 2.240770
Train Epoch: 94 [19200/60000 (32%)]	Loss: 2.243182
Train Epoch: 94 [25600/60000 (43%)]	Loss: 2.229576
Train Epoch: 94 [32000/60000 (53%)]	Loss: 2.237850
Train Epoch: 94 [38400/60000 (64%)]	Loss: 2.220922
Train Epoch: 94 [44800/60000 (75%)]	Loss: 2.233436
Train Epoch: 94 [51200/60000 (85%)]	Loss: 2.232950
Train Epoch: 94 [57600/60000 (96%)]	Loss: 2.250929

Test set: Average loss: 2.2338, Accuracy: 2518/10000 (25%)

Train Epoch: 95 [0/60000 (0%)]	Loss: 2.237893
Train Epoch: 95 [6400/60000 (11%)]	Loss: 2.229300
Train Epoch: 95 [12800/60000 (21%)]	Loss: 2.212386
Train Epoch: 95 [19200/60000 (32%)]	Loss: 2.229880
Train Epoch: 95 [25600/60000 (43%)]	Loss: 2.237336
Train Epoch: 95 [32000/60000 (53%)]	Loss: 2.253691
Train Epoch: 95 [38400/60000 (64%)]	Loss: 2.255213
Train Epoch: 95 [44800/60000 (75%)]	Loss: 2.234723
Train Epoch: 95 [51200/60000 (85%)]	Loss: 2.214721
Train Epoch: 95 [57600/60000 (96%)]	Loss: 2.236380

Test set: Average loss: 2.2341, Accuracy: 2564/10000 (26%)

Train Epoch: 96 [0/60000 (0%)]	Loss: 2.218422
Train Epoch: 96 [6400/60000 (11%)]	Loss: 2.230640
Train Epoch: 96 [12800/60000 (21%)]	Loss: 2.225263
Train Epoch: 96 [19200/60000 (32%)]	Loss: 2.222002
Train Epoch: 96 [25600/60000 (43%)]	Loss: 2.241012
Train Epoch: 96 [32000/60000 (53%)]	Loss: 2.228494
Train Epoch: 96 [38400/60000 (64%)]	Loss: 2.230906
Train Epoch: 96 [44800/60000 (75%)]	Loss: 2.229446
Train Epoch: 96 [51200/60000 (85%)]	Loss: 2.236598
Train Epoch: 96 [57600/60000 (96%)]	Loss: 2.234349

Test set: Average loss: 2.2338, Accuracy: 2513/10000 (25%)

Train Epoch: 97 [0/60000 (0%)]	Loss: 2.245883
Train Epoch: 97 [6400/60000 (11%)]	Loss: 2.250567
Train Epoch: 97 [12800/60000 (21%)]	Loss: 2.245937
Train Epoch: 97 [19200/60000 (32%)]	Loss: 2.245585
Train Epoch: 97 [25600/60000 (43%)]	Loss: 2.230893
Train Epoch: 97 [32000/60000 (53%)]	Loss: 2.228521
Train Epoch: 97 [38400/60000 (64%)]	Loss: 2.204160
Train Epoch: 97 [44800/60000 (75%)]	Loss: 2.249037
Train Epoch: 97 [51200/60000 (85%)]	Loss: 2.225959
Train Epoch: 97 [57600/60000 (96%)]	Loss: 2.239673

Test set: Average loss: 2.2340, Accuracy: 2457/10000 (25%)

Train Epoch: 98 [0/60000 (0%)]	Loss: 2.231934
Train Epoch: 98 [6400/60000 (11%)]	Loss: 2.230648
Train Epoch: 98 [12800/60000 (21%)]	Loss: 2.251497
Train Epoch: 98 [19200/60000 (32%)]	Loss: 2.250609
Train Epoch: 98 [25600/60000 (43%)]	Loss: 2.223735
Train Epoch: 98 [32000/60000 (53%)]	Loss: 2.268792
Train Epoch: 98 [38400/60000 (64%)]	Loss: 2.228328
Train Epoch: 98 [44800/60000 (75%)]	Loss: 2.248862
Train Epoch: 98 [51200/60000 (85%)]	Loss: 2.225212
Train Epoch: 98 [57600/60000 (96%)]	Loss: 2.230568

Test set: Average loss: 2.2343, Accuracy: 2314/10000 (23%)

Train Epoch: 99 [0/60000 (0%)]	Loss: 2.239044
Train Epoch: 99 [6400/60000 (11%)]	Loss: 2.232588
Train Epoch: 99 [12800/60000 (21%)]	Loss: 2.221287
Train Epoch: 99 [19200/60000 (32%)]	Loss: 2.250063
Train Epoch: 99 [25600/60000 (43%)]	Loss: 2.226882
Train Epoch: 99 [32000/60000 (53%)]	Loss: 2.233153
Train Epoch: 99 [38400/60000 (64%)]	Loss: 2.232177
Train Epoch: 99 [44800/60000 (75%)]	Loss: 2.245214
Train Epoch: 99 [51200/60000 (85%)]	Loss: 2.244991
Train Epoch: 99 [57600/60000 (96%)]	Loss: 2.230120

Test set: Average loss: 2.2343, Accuracy: 2525/10000 (25%)

Train Epoch: 100 [0/60000 (0%)]	Loss: 2.223692
Train Epoch: 100 [6400/60000 (11%)]	Loss: 2.218472
Train Epoch: 100 [12800/60000 (21%)]	Loss: 2.223529
Train Epoch: 100 [19200/60000 (32%)]	Loss: 2.241356
Train Epoch: 100 [25600/60000 (43%)]	Loss: 2.230535
Train Epoch: 100 [32000/60000 (53%)]	Loss: 2.227616
Train Epoch: 100 [38400/60000 (64%)]	Loss: 2.245372
Train Epoch: 100 [44800/60000 (75%)]	Loss: 2.228885
Train Epoch: 100 [51200/60000 (85%)]	Loss: 2.231455
Train Epoch: 100 [57600/60000 (96%)]	Loss: 2.238957

Test set: Average loss: 2.2338, Accuracy: 2520/10000 (25%)

Namespace(batch_size=64, bias=None, data='../data', device=0, epochs=100, hidden_size=500, load_weights='../base3/lenet5/lenet5_e100_h500.pt', log_interval=100, lr=0.01, milestones=[5, 7], model='redlenet5', momentum=0.9, no_cuda=False, r=5, save_model=None, save_results=True, scheduler='cosine', seed=1, sparsity=0.9, use_relu=True, wd=0.0005)


Total time spent pruning/training: 26.17 minutes
Total number of parameters in model: 300170
Number of parameters in pruned model: 32312
