Namespace(batch_size=64, bias=None, data='../data', device=0, epochs=5, hidden_size=500, load_weights='./paper/lenet5/lenet5_e50_h500.pt', log_interval=100, lr=0.01, model='redlenet5', momentum=0.9, no_cuda=False, r=5, save_model=None, save_results=True, seed=1, sparsity=0.02, use_relu=False, wd=0.0005) 

Training a RedLeNet5 network ...
Train Epoch: 1 [6336/60000 (11%)]	Loss: 1.589047
Train Epoch: 1 [12736/60000 (21%)]	Loss: 1.203286
Train Epoch: 1 [19136/60000 (32%)]	Loss: 0.767450
Train Epoch: 1 [25536/60000 (43%)]	Loss: 0.981925
Train Epoch: 1 [31936/60000 (53%)]	Loss: 1.849517
Train Epoch: 1 [38336/60000 (64%)]	Loss: 1.697098
Train Epoch: 1 [44736/60000 (75%)]	Loss: 1.336214
Train Epoch: 1 [51136/60000 (85%)]	Loss: 1.568365
Train Epoch: 1 [57536/60000 (96%)]	Loss: 1.212293

Test set: Average loss: 1.8664, Accuracy: 5650/10000 (56%)

Train Epoch: 2 [6336/60000 (11%)]	Loss: 1.535345
Train Epoch: 2 [12736/60000 (21%)]	Loss: 1.873280
Train Epoch: 2 [19136/60000 (32%)]	Loss: 1.248576
Train Epoch: 2 [25536/60000 (43%)]	Loss: 2.630849
Train Epoch: 2 [31936/60000 (53%)]	Loss: 3.251225
Train Epoch: 2 [38336/60000 (64%)]	Loss: 2.875138
Train Epoch: 2 [44736/60000 (75%)]	Loss: 3.238047
Train Epoch: 2 [51136/60000 (85%)]	Loss: 3.315031
Train Epoch: 2 [57536/60000 (96%)]	Loss: 3.752802

Test set: Average loss: 3.5640, Accuracy: 3891/10000 (39%)

Train Epoch: 3 [6336/60000 (11%)]	Loss: 4.110137
Train Epoch: 3 [12736/60000 (21%)]	Loss: 3.685323
Train Epoch: 3 [19136/60000 (32%)]	Loss: 3.209787
Train Epoch: 3 [25536/60000 (43%)]	Loss: 5.478386
Train Epoch: 3 [31936/60000 (53%)]	Loss: 4.311759
Train Epoch: 3 [38336/60000 (64%)]	Loss: 5.271930
Train Epoch: 3 [44736/60000 (75%)]	Loss: 5.362239
Train Epoch: 3 [51136/60000 (85%)]	Loss: 5.975029
Train Epoch: 3 [57536/60000 (96%)]	Loss: 3.861125

Test set: Average loss: 4.7013, Accuracy: 3011/10000 (30%)

Train Epoch: 4 [6336/60000 (11%)]	Loss: 4.761673
Train Epoch: 4 [12736/60000 (21%)]	Loss: 5.022038
Train Epoch: 4 [19136/60000 (32%)]	Loss: 5.560259
Train Epoch: 4 [25536/60000 (43%)]	Loss: 3.509766
Train Epoch: 4 [31936/60000 (53%)]	Loss: 4.525638
Train Epoch: 4 [38336/60000 (64%)]	Loss: 4.082160
Train Epoch: 4 [44736/60000 (75%)]	Loss: 4.162798
Train Epoch: 4 [51136/60000 (85%)]	Loss: 3.985187
Train Epoch: 4 [57536/60000 (96%)]	Loss: 4.912164

Test set: Average loss: 5.3163, Accuracy: 2817/10000 (28%)

Train Epoch: 5 [6336/60000 (11%)]	Loss: 4.059444
Train Epoch: 5 [12736/60000 (21%)]	Loss: 4.735426
Train Epoch: 5 [19136/60000 (32%)]	Loss: 4.710352
Train Epoch: 5 [25536/60000 (43%)]	Loss: 4.809038
Train Epoch: 5 [31936/60000 (53%)]	Loss: 5.628782
Train Epoch: 5 [38336/60000 (64%)]	Loss: 5.280703
Train Epoch: 5 [44736/60000 (75%)]	Loss: 4.795746
Train Epoch: 5 [51136/60000 (85%)]	Loss: 5.109634
Train Epoch: 5 [57536/60000 (96%)]	Loss: 5.478348

Test set: Average loss: 5.4721, Accuracy: 2635/10000 (26%)

Namespace(batch_size=64, bias=None, data='../data', device=0, epochs=5, hidden_size=500, load_weights='./paper/lenet5/lenet5_e50_h500.pt', log_interval=100, lr=0.01, model='redlenet5', momentum=0.9, no_cuda=False, r=5, save_model=None, save_results=True, seed=1, sparsity=0.02, use_relu=False, wd=0.0005)


Total time spent pruning/training: 0.61 minutes
Total number of parameters in model: 300170
Number of parameters in pruned model: 294218
