Namespace(batch_size=64, bias=None, data='../data', device=0, epochs=11, hidden_size=500, load_weights='./paper/lenet5/lenet5_e50_h500.pt', log_interval=100, lr=0.01, model='redlenet5', momentum=0.9, no_cuda=False, r=5, save_model=None, save_results=True, seed=1, sparsity=0.5, use_relu=False, wd=0.0005) 

Training a RedLeNet5 network ...
Train Epoch: 1 [6336/60000 (11%)]	Loss: 0.808892
Train Epoch: 1 [12736/60000 (21%)]	Loss: 0.667127
Train Epoch: 1 [19136/60000 (32%)]	Loss: 0.301484
Train Epoch: 1 [25536/60000 (43%)]	Loss: 0.275722
Train Epoch: 1 [31936/60000 (53%)]	Loss: 0.547520
Train Epoch: 1 [38336/60000 (64%)]	Loss: 0.478064
Train Epoch: 1 [44736/60000 (75%)]	Loss: 0.255593
Train Epoch: 1 [51136/60000 (85%)]	Loss: 0.337418
Train Epoch: 1 [57536/60000 (96%)]	Loss: 0.228134

Test set: Average loss: 0.2878, Accuracy: 9127/10000 (91%)

Train Epoch: 2 [6336/60000 (11%)]	Loss: 0.353620
Train Epoch: 2 [12736/60000 (21%)]	Loss: 0.161281
Train Epoch: 2 [19136/60000 (32%)]	Loss: 0.270414
Train Epoch: 2 [25536/60000 (43%)]	Loss: 0.258542
Train Epoch: 2 [31936/60000 (53%)]	Loss: 0.388909
Train Epoch: 2 [38336/60000 (64%)]	Loss: 0.407831
Train Epoch: 2 [44736/60000 (75%)]	Loss: 0.082566
Train Epoch: 2 [51136/60000 (85%)]	Loss: 0.285843
Train Epoch: 2 [57536/60000 (96%)]	Loss: 0.231073

Test set: Average loss: 0.1981, Accuracy: 9402/10000 (94%)

Train Epoch: 3 [6336/60000 (11%)]	Loss: 0.246598
Train Epoch: 3 [12736/60000 (21%)]	Loss: 0.298681
Train Epoch: 3 [19136/60000 (32%)]	Loss: 0.180332
Train Epoch: 3 [25536/60000 (43%)]	Loss: 0.073415
Train Epoch: 3 [31936/60000 (53%)]	Loss: 0.232558
Train Epoch: 3 [38336/60000 (64%)]	Loss: 0.273305
Train Epoch: 3 [44736/60000 (75%)]	Loss: 0.119591
Train Epoch: 3 [51136/60000 (85%)]	Loss: 0.111469
Train Epoch: 3 [57536/60000 (96%)]	Loss: 0.204550

Test set: Average loss: 0.2148, Accuracy: 9341/10000 (93%)

Train Epoch: 4 [6336/60000 (11%)]	Loss: 0.244432
Train Epoch: 4 [12736/60000 (21%)]	Loss: 0.133257
Train Epoch: 4 [19136/60000 (32%)]	Loss: 0.247322
Train Epoch: 4 [25536/60000 (43%)]	Loss: 0.390496
Train Epoch: 4 [31936/60000 (53%)]	Loss: 0.130161
Train Epoch: 4 [38336/60000 (64%)]	Loss: 0.172016
Train Epoch: 4 [44736/60000 (75%)]	Loss: 0.237247
Train Epoch: 4 [51136/60000 (85%)]	Loss: 0.199181
Train Epoch: 4 [57536/60000 (96%)]	Loss: 0.332805

Test set: Average loss: 0.1625, Accuracy: 9483/10000 (95%)

Train Epoch: 5 [6336/60000 (11%)]	Loss: 0.090713
Train Epoch: 5 [12736/60000 (21%)]	Loss: 0.232478
Train Epoch: 5 [19136/60000 (32%)]	Loss: 0.143537
Train Epoch: 5 [25536/60000 (43%)]	Loss: 0.162790
Train Epoch: 5 [31936/60000 (53%)]	Loss: 0.246044
Train Epoch: 5 [38336/60000 (64%)]	Loss: 0.164122
Train Epoch: 5 [44736/60000 (75%)]	Loss: 0.121522
Train Epoch: 5 [51136/60000 (85%)]	Loss: 0.151886
Train Epoch: 5 [57536/60000 (96%)]	Loss: 0.192240

Test set: Average loss: 0.1502, Accuracy: 9544/10000 (95%)

Train Epoch: 6 [6336/60000 (11%)]	Loss: 0.180813
Train Epoch: 6 [12736/60000 (21%)]	Loss: 0.136832
Train Epoch: 6 [19136/60000 (32%)]	Loss: 0.195514
Train Epoch: 6 [25536/60000 (43%)]	Loss: 0.160802
Train Epoch: 6 [31936/60000 (53%)]	Loss: 0.187603
Train Epoch: 6 [38336/60000 (64%)]	Loss: 0.195753
Train Epoch: 6 [44736/60000 (75%)]	Loss: 0.161522
Train Epoch: 6 [51136/60000 (85%)]	Loss: 0.128318
Train Epoch: 6 [57536/60000 (96%)]	Loss: 0.172631

Test set: Average loss: 0.1673, Accuracy: 9483/10000 (95%)

Train Epoch: 7 [6336/60000 (11%)]	Loss: 0.286727
Train Epoch: 7 [12736/60000 (21%)]	Loss: 0.132410
Train Epoch: 7 [19136/60000 (32%)]	Loss: 0.208438
Train Epoch: 7 [25536/60000 (43%)]	Loss: 0.154603
Train Epoch: 7 [31936/60000 (53%)]	Loss: 0.185190
Train Epoch: 7 [38336/60000 (64%)]	Loss: 0.016193
Train Epoch: 7 [44736/60000 (75%)]	Loss: 0.153968
Train Epoch: 7 [51136/60000 (85%)]	Loss: 0.187936
Train Epoch: 7 [57536/60000 (96%)]	Loss: 0.167367

Test set: Average loss: 0.1317, Accuracy: 9610/10000 (96%)

Train Epoch: 8 [6336/60000 (11%)]	Loss: 0.103983
Train Epoch: 8 [12736/60000 (21%)]	Loss: 0.322143
Train Epoch: 8 [19136/60000 (32%)]	Loss: 0.284826
Train Epoch: 8 [25536/60000 (43%)]	Loss: 0.152751
Train Epoch: 8 [31936/60000 (53%)]	Loss: 0.055209
Train Epoch: 8 [38336/60000 (64%)]	Loss: 0.172821
Train Epoch: 8 [44736/60000 (75%)]	Loss: 0.058040
Train Epoch: 8 [51136/60000 (85%)]	Loss: 0.175477
Train Epoch: 8 [57536/60000 (96%)]	Loss: 0.207792

Test set: Average loss: 0.1568, Accuracy: 9513/10000 (95%)

Train Epoch: 9 [6336/60000 (11%)]	Loss: 0.063601
Train Epoch: 9 [12736/60000 (21%)]	Loss: 0.165631
Train Epoch: 9 [19136/60000 (32%)]	Loss: 0.119948
Train Epoch: 9 [25536/60000 (43%)]	Loss: 0.085614
Train Epoch: 9 [31936/60000 (53%)]	Loss: 0.063185
Train Epoch: 9 [38336/60000 (64%)]	Loss: 0.079597
Train Epoch: 9 [44736/60000 (75%)]	Loss: 0.226856
Train Epoch: 9 [51136/60000 (85%)]	Loss: 0.275556
Train Epoch: 9 [57536/60000 (96%)]	Loss: 0.094569

Test set: Average loss: 0.1309, Accuracy: 9594/10000 (96%)

Train Epoch: 10 [6336/60000 (11%)]	Loss: 0.047538
Train Epoch: 10 [12736/60000 (21%)]	Loss: 0.174936
Train Epoch: 10 [19136/60000 (32%)]	Loss: 0.102045
Train Epoch: 10 [25536/60000 (43%)]	Loss: 0.078889
Train Epoch: 10 [31936/60000 (53%)]	Loss: 0.154761
Train Epoch: 10 [38336/60000 (64%)]	Loss: 0.096765
Train Epoch: 10 [44736/60000 (75%)]	Loss: 0.130779
Train Epoch: 10 [51136/60000 (85%)]	Loss: 0.119149
Train Epoch: 10 [57536/60000 (96%)]	Loss: 0.091105

Test set: Average loss: 0.1272, Accuracy: 9607/10000 (96%)

Train Epoch: 11 [6336/60000 (11%)]	Loss: 0.047164
Train Epoch: 11 [12736/60000 (21%)]	Loss: 0.065034
Train Epoch: 11 [19136/60000 (32%)]	Loss: 0.259728
Train Epoch: 11 [25536/60000 (43%)]	Loss: 0.049131
Train Epoch: 11 [31936/60000 (53%)]	Loss: 0.052223
Train Epoch: 11 [38336/60000 (64%)]	Loss: 0.217634
Train Epoch: 11 [44736/60000 (75%)]	Loss: 0.039119
Train Epoch: 11 [51136/60000 (85%)]	Loss: 0.112755
Train Epoch: 11 [57536/60000 (96%)]	Loss: 0.182192

Test set: Average loss: 0.1198, Accuracy: 9624/10000 (96%)

Namespace(batch_size=64, bias=None, data='../data', device=0, epochs=11, hidden_size=500, load_weights='./paper/lenet5/lenet5_e50_h500.pt', log_interval=100, lr=0.01, model='redlenet5', momentum=0.9, no_cuda=False, r=5, save_model=None, save_results=True, seed=1, sparsity=0.5, use_relu=False, wd=0.0005)


Total time spent pruning/training: 1.18 minutes
Total number of parameters in model: 300170
Number of parameters in pruned model: 151360
