Namespace(batch_size=64, bias=None, data='../data', device=1, epochs=10, hidden_size=500, load_weights=None, log_interval=100, lr=0.1, model='redfc4', momentum=0.9, no_cuda=False, r=5, save_model=None, save_results=True, seed=1, sparsity=0.95, use_relu=True, wd=0.0005) 

Pruning a Four-Layer Fully Connected Redundant Network ...
Train Epoch: 1 [6336/60000 (11%)]	Loss: 2.302583
Train Epoch: 1 [12736/60000 (21%)]	Loss: 2.302449
Train Epoch: 1 [19136/60000 (32%)]	Loss: 2.302224
Train Epoch: 1 [25536/60000 (43%)]	Loss: 2.302287
Train Epoch: 1 [31936/60000 (53%)]	Loss: 2.301998
Train Epoch: 1 [38336/60000 (64%)]	Loss: 2.299843
Train Epoch: 1 [44736/60000 (75%)]	Loss: 2.300602
Train Epoch: 1 [51136/60000 (85%)]	Loss: 2.295126
Train Epoch: 1 [57536/60000 (96%)]	Loss: 2.287957

Test set: Average loss: 2.2887, Accuracy: 1160/10000 (12%)

Train Epoch: 2 [6336/60000 (11%)]	Loss: 2.275890
Train Epoch: 2 [12736/60000 (21%)]	Loss: 2.284092
Train Epoch: 2 [19136/60000 (32%)]	Loss: 2.294420
Train Epoch: 2 [25536/60000 (43%)]	Loss: 2.248758
Train Epoch: 2 [31936/60000 (53%)]	Loss: 2.236514
Train Epoch: 2 [38336/60000 (64%)]	Loss: 2.257656
Train Epoch: 2 [44736/60000 (75%)]	Loss: 2.245578
Train Epoch: 2 [51136/60000 (85%)]	Loss: 2.197791
Train Epoch: 2 [57536/60000 (96%)]	Loss: 2.152613

Test set: Average loss: 2.1739, Accuracy: 1731/10000 (17%)

Train Epoch: 3 [6336/60000 (11%)]	Loss: 2.125280
Train Epoch: 3 [12736/60000 (21%)]	Loss: 2.036433
Train Epoch: 3 [19136/60000 (32%)]	Loss: 2.097800
Train Epoch: 3 [25536/60000 (43%)]	Loss: 2.039194
Train Epoch: 3 [31936/60000 (53%)]	Loss: 2.036226
Train Epoch: 3 [38336/60000 (64%)]	Loss: 2.057799
Train Epoch: 3 [44736/60000 (75%)]	Loss: 2.050849
Train Epoch: 3 [51136/60000 (85%)]	Loss: 2.043109
Train Epoch: 3 [57536/60000 (96%)]	Loss: 2.017132

Test set: Average loss: 2.0103, Accuracy: 2826/10000 (28%)

Train Epoch: 4 [6336/60000 (11%)]	Loss: 1.980725
Train Epoch: 4 [12736/60000 (21%)]	Loss: 2.041080
Train Epoch: 4 [19136/60000 (32%)]	Loss: 1.974804
Train Epoch: 4 [25536/60000 (43%)]	Loss: 1.985892
Train Epoch: 4 [31936/60000 (53%)]	Loss: 2.001066
Train Epoch: 4 [38336/60000 (64%)]	Loss: 1.961029
Train Epoch: 4 [44736/60000 (75%)]	Loss: 1.970343
Train Epoch: 4 [51136/60000 (85%)]	Loss: 1.974599
Train Epoch: 4 [57536/60000 (96%)]	Loss: 1.931070

Test set: Average loss: 1.9686, Accuracy: 3380/10000 (34%)

Train Epoch: 5 [6336/60000 (11%)]	Loss: 1.980739
Train Epoch: 5 [12736/60000 (21%)]	Loss: 2.004662
Train Epoch: 5 [19136/60000 (32%)]	Loss: 1.878236
Train Epoch: 5 [25536/60000 (43%)]	Loss: 1.884347
Train Epoch: 5 [31936/60000 (53%)]	Loss: 1.884491
Train Epoch: 5 [38336/60000 (64%)]	Loss: 1.981779
Train Epoch: 5 [44736/60000 (75%)]	Loss: 1.894599
Train Epoch: 5 [51136/60000 (85%)]	Loss: 1.927263
Train Epoch: 5 [57536/60000 (96%)]	Loss: 1.980348

Test set: Average loss: 1.9143, Accuracy: 3514/10000 (35%)

Train Epoch: 6 [6336/60000 (11%)]	Loss: 1.928733
Train Epoch: 6 [12736/60000 (21%)]	Loss: 1.898281
Train Epoch: 6 [19136/60000 (32%)]	Loss: 1.904566
Train Epoch: 6 [25536/60000 (43%)]	Loss: 1.925327
Train Epoch: 6 [31936/60000 (53%)]	Loss: 1.896304
Train Epoch: 6 [38336/60000 (64%)]	Loss: 1.947035
Train Epoch: 6 [44736/60000 (75%)]	Loss: 1.918336
Train Epoch: 6 [51136/60000 (85%)]	Loss: 1.923249
Train Epoch: 6 [57536/60000 (96%)]	Loss: 1.944030

Test set: Average loss: 1.9109, Accuracy: 3531/10000 (35%)

Train Epoch: 7 [6336/60000 (11%)]	Loss: 1.896798
Train Epoch: 7 [12736/60000 (21%)]	Loss: 1.913523
Train Epoch: 7 [19136/60000 (32%)]	Loss: 1.936141
Train Epoch: 7 [25536/60000 (43%)]	Loss: 1.883577
Train Epoch: 7 [31936/60000 (53%)]	Loss: 1.920773
Train Epoch: 7 [38336/60000 (64%)]	Loss: 1.960617
Train Epoch: 7 [44736/60000 (75%)]	Loss: 1.865534
Train Epoch: 7 [51136/60000 (85%)]	Loss: 1.944764
Train Epoch: 7 [57536/60000 (96%)]	Loss: 1.919804

Test set: Average loss: 1.9010, Accuracy: 3748/10000 (37%)

Train Epoch: 8 [6336/60000 (11%)]	Loss: 1.877365
Train Epoch: 8 [12736/60000 (21%)]	Loss: 1.931264
Train Epoch: 8 [19136/60000 (32%)]	Loss: 1.876815
Train Epoch: 8 [25536/60000 (43%)]	Loss: 1.929743
Train Epoch: 8 [31936/60000 (53%)]	Loss: 1.881915
Train Epoch: 8 [38336/60000 (64%)]	Loss: 1.914674
Train Epoch: 8 [44736/60000 (75%)]	Loss: 1.883540
Train Epoch: 8 [51136/60000 (85%)]	Loss: 1.938985
Train Epoch: 8 [57536/60000 (96%)]	Loss: 1.877457

Test set: Average loss: 1.8937, Accuracy: 3867/10000 (39%)

Train Epoch: 9 [6336/60000 (11%)]	Loss: 1.952219
Train Epoch: 9 [12736/60000 (21%)]	Loss: 1.890074
Train Epoch: 9 [19136/60000 (32%)]	Loss: 1.893018
Train Epoch: 9 [25536/60000 (43%)]	Loss: 1.940836
Train Epoch: 9 [31936/60000 (53%)]	Loss: 1.964442
Train Epoch: 9 [38336/60000 (64%)]	Loss: 1.915128
Train Epoch: 9 [44736/60000 (75%)]	Loss: 1.937366
Train Epoch: 9 [51136/60000 (85%)]	Loss: 1.841022
Train Epoch: 9 [57536/60000 (96%)]	Loss: 1.874751

Test set: Average loss: 1.8878, Accuracy: 3847/10000 (38%)

Train Epoch: 10 [6336/60000 (11%)]	Loss: 1.854198
Train Epoch: 10 [12736/60000 (21%)]	Loss: 1.910113
Train Epoch: 10 [19136/60000 (32%)]	Loss: 1.894635
Train Epoch: 10 [25536/60000 (43%)]	Loss: 1.945039
Train Epoch: 10 [31936/60000 (53%)]	Loss: 1.885219
Train Epoch: 10 [38336/60000 (64%)]	Loss: 1.887392
Train Epoch: 10 [44736/60000 (75%)]	Loss: 1.970619
Train Epoch: 10 [51136/60000 (85%)]	Loss: 1.882954
Train Epoch: 10 [57536/60000 (96%)]	Loss: 1.845319

Test set: Average loss: 1.8848, Accuracy: 3794/10000 (38%)

Namespace(batch_size=64, bias=None, data='../data', device=1, epochs=10, hidden_size=500, load_weights=None, log_interval=100, lr=0.1, model='redfc4', momentum=0.9, no_cuda=False, r=5, save_model=None, save_results=True, seed=1, sparsity=0.95, use_relu=True, wd=0.0005)


Total time spent pruning/training: 2.02 minutes
Total number of parameters in model: 4496420
Number of parameters in pruned model: 224821
