Namespace(batch_size=64, bias=None, data='../data', device=1, epochs=14, hidden_size=500, load_weights=None, log_interval=100, lr=0.1, model='redfc4', momentum=0.9, no_cuda=False, r=5, save_model=None, save_results=True, seed=1, sparsity=0.01, use_relu=False, wd=0.0005) 

Pruning a Four-Layer Fully Connected Redundant Network ...
Train Epoch: 1 [6336/60000 (11%)]	Loss: 31.911699
Train Epoch: 1 [12736/60000 (21%)]	Loss: 61.911823
Train Epoch: 1 [19136/60000 (32%)]	Loss: 91.175339
Train Epoch: 1 [25536/60000 (43%)]	Loss: 93.368652
Train Epoch: 1 [31936/60000 (53%)]	Loss: 97.209946
Train Epoch: 1 [38336/60000 (64%)]	Loss: 109.680611
Train Epoch: 1 [44736/60000 (75%)]	Loss: 124.418159
Train Epoch: 1 [51136/60000 (85%)]	Loss: 113.008614
Train Epoch: 1 [57536/60000 (96%)]	Loss: 135.440491

Test set: Average loss: 126.7376, Accuracy: 1154/10000 (12%)

Train Epoch: 2 [6336/60000 (11%)]	Loss: 115.469490
Train Epoch: 2 [12736/60000 (21%)]	Loss: 129.810593
Train Epoch: 2 [19136/60000 (32%)]	Loss: 134.034576
Train Epoch: 2 [25536/60000 (43%)]	Loss: 134.018005
Train Epoch: 2 [31936/60000 (53%)]	Loss: 119.628326
Train Epoch: 2 [38336/60000 (64%)]	Loss: 155.323074
Train Epoch: 2 [44736/60000 (75%)]	Loss: 136.616211
Train Epoch: 2 [51136/60000 (85%)]	Loss: 155.676254
Train Epoch: 2 [57536/60000 (96%)]	Loss: 154.822495

Test set: Average loss: 143.4951, Accuracy: 1154/10000 (12%)

Train Epoch: 3 [6336/60000 (11%)]	Loss: 124.734894
Train Epoch: 3 [12736/60000 (21%)]	Loss: 148.189011
Train Epoch: 3 [19136/60000 (32%)]	Loss: 157.600174
Train Epoch: 3 [25536/60000 (43%)]	Loss: 162.991531
Train Epoch: 3 [31936/60000 (53%)]	Loss: 126.667519
Train Epoch: 3 [38336/60000 (64%)]	Loss: 137.214905
Train Epoch: 3 [44736/60000 (75%)]	Loss: 143.413773
Train Epoch: 3 [51136/60000 (85%)]	Loss: 145.476898
Train Epoch: 3 [57536/60000 (96%)]	Loss: 145.936127

Test set: Average loss: 149.1383, Accuracy: 1047/10000 (10%)

Train Epoch: 4 [6336/60000 (11%)]	Loss: 132.389008
Train Epoch: 4 [12736/60000 (21%)]	Loss: 189.343750
Train Epoch: 4 [19136/60000 (32%)]	Loss: 157.659058
Train Epoch: 4 [25536/60000 (43%)]	Loss: 157.621185
Train Epoch: 4 [31936/60000 (53%)]	Loss: 152.977951
Train Epoch: 4 [38336/60000 (64%)]	Loss: 164.006943
Train Epoch: 4 [44736/60000 (75%)]	Loss: 142.482010
Train Epoch: 4 [51136/60000 (85%)]	Loss: 156.247391
Train Epoch: 4 [57536/60000 (96%)]	Loss: 124.194221

Test set: Average loss: 147.1045, Accuracy: 1116/10000 (11%)

Train Epoch: 5 [6336/60000 (11%)]	Loss: 164.108948
Train Epoch: 5 [12736/60000 (21%)]	Loss: 157.825378
Train Epoch: 5 [19136/60000 (32%)]	Loss: 145.329697
Train Epoch: 5 [25536/60000 (43%)]	Loss: 151.912659
Train Epoch: 5 [31936/60000 (53%)]	Loss: 163.841888
Train Epoch: 5 [38336/60000 (64%)]	Loss: 146.151810
Train Epoch: 5 [44736/60000 (75%)]	Loss: 165.260406
Train Epoch: 5 [51136/60000 (85%)]	Loss: 145.947693
Train Epoch: 5 [57536/60000 (96%)]	Loss: 166.792984

Test set: Average loss: 153.2497, Accuracy: 1094/10000 (11%)

Train Epoch: 6 [6336/60000 (11%)]	Loss: 140.275497
Train Epoch: 6 [12736/60000 (21%)]	Loss: 138.611603
Train Epoch: 6 [19136/60000 (32%)]	Loss: 173.726105
Train Epoch: 6 [25536/60000 (43%)]	Loss: 154.185547
Train Epoch: 6 [31936/60000 (53%)]	Loss: 175.824463
Train Epoch: 6 [38336/60000 (64%)]	Loss: 152.941269
Train Epoch: 6 [44736/60000 (75%)]	Loss: 151.321625
Train Epoch: 6 [51136/60000 (85%)]	Loss: 166.265869
Train Epoch: 6 [57536/60000 (96%)]	Loss: 164.409485

Test set: Average loss: 154.1769, Accuracy: 1084/10000 (11%)

Train Epoch: 7 [6336/60000 (11%)]	Loss: 157.610336
Train Epoch: 7 [12736/60000 (21%)]	Loss: 162.455841
Train Epoch: 7 [19136/60000 (32%)]	Loss: 170.238312
Train Epoch: 7 [25536/60000 (43%)]	Loss: 150.814774
Train Epoch: 7 [31936/60000 (53%)]	Loss: 166.674866
Train Epoch: 7 [38336/60000 (64%)]	Loss: 169.225708
Train Epoch: 7 [44736/60000 (75%)]	Loss: 154.676361
Train Epoch: 7 [51136/60000 (85%)]	Loss: 147.147491
Train Epoch: 7 [57536/60000 (96%)]	Loss: 176.040573

Test set: Average loss: 152.7606, Accuracy: 1104/10000 (11%)

Train Epoch: 8 [6336/60000 (11%)]	Loss: 151.026932
Train Epoch: 8 [12736/60000 (21%)]	Loss: 142.793625
Train Epoch: 8 [19136/60000 (32%)]	Loss: 168.684570
Train Epoch: 8 [25536/60000 (43%)]	Loss: 152.491058
Train Epoch: 8 [31936/60000 (53%)]	Loss: 151.259689
Train Epoch: 8 [38336/60000 (64%)]	Loss: 147.157730
Train Epoch: 8 [44736/60000 (75%)]	Loss: 153.326797
Train Epoch: 8 [51136/60000 (85%)]	Loss: 154.998795
Train Epoch: 8 [57536/60000 (96%)]	Loss: 148.019119

Test set: Average loss: 161.2630, Accuracy: 1092/10000 (11%)

Train Epoch: 9 [6336/60000 (11%)]	Loss: 152.377335
Train Epoch: 9 [12736/60000 (21%)]	Loss: 160.796677
Train Epoch: 9 [19136/60000 (32%)]	Loss: 164.240250
Train Epoch: 9 [25536/60000 (43%)]	Loss: 145.737366
Train Epoch: 9 [31936/60000 (53%)]	Loss: 159.531631
Train Epoch: 9 [38336/60000 (64%)]	Loss: 162.928360
Train Epoch: 9 [44736/60000 (75%)]	Loss: 162.281143
Train Epoch: 9 [51136/60000 (85%)]	Loss: 162.496368
Train Epoch: 9 [57536/60000 (96%)]	Loss: 186.347855

Test set: Average loss: 156.7865, Accuracy: 1061/10000 (11%)

Train Epoch: 10 [6336/60000 (11%)]	Loss: 162.241592
Train Epoch: 10 [12736/60000 (21%)]	Loss: 154.291565
Train Epoch: 10 [19136/60000 (32%)]	Loss: 161.202484
Train Epoch: 10 [25536/60000 (43%)]	Loss: 165.905884
Train Epoch: 10 [31936/60000 (53%)]	Loss: 198.226364
Train Epoch: 10 [38336/60000 (64%)]	Loss: 161.889252
Train Epoch: 10 [44736/60000 (75%)]	Loss: 172.995270
Train Epoch: 10 [51136/60000 (85%)]	Loss: 182.932541
Train Epoch: 10 [57536/60000 (96%)]	Loss: 155.396896

Test set: Average loss: 153.2688, Accuracy: 1045/10000 (10%)

Train Epoch: 11 [6336/60000 (11%)]	Loss: 150.994736
Train Epoch: 11 [12736/60000 (21%)]	Loss: 162.443741
Train Epoch: 11 [19136/60000 (32%)]	Loss: 178.340698
Train Epoch: 11 [25536/60000 (43%)]	Loss: 134.022034
Train Epoch: 11 [31936/60000 (53%)]	Loss: 165.972214
Train Epoch: 11 [38336/60000 (64%)]	Loss: 149.269806
Train Epoch: 11 [44736/60000 (75%)]	Loss: 154.052521
Train Epoch: 11 [51136/60000 (85%)]	Loss: 169.972504
Train Epoch: 11 [57536/60000 (96%)]	Loss: 167.767014

Test set: Average loss: 159.1823, Accuracy: 1064/10000 (11%)

Train Epoch: 12 [6336/60000 (11%)]	Loss: 148.760590
Train Epoch: 12 [12736/60000 (21%)]	Loss: 165.602737
Train Epoch: 12 [19136/60000 (32%)]	Loss: 174.846375
Train Epoch: 12 [25536/60000 (43%)]	Loss: 167.407196
Train Epoch: 12 [31936/60000 (53%)]	Loss: 152.077164
Train Epoch: 12 [38336/60000 (64%)]	Loss: 170.715485
Train Epoch: 12 [44736/60000 (75%)]	Loss: 158.287979
Train Epoch: 12 [51136/60000 (85%)]	Loss: 172.095261
Train Epoch: 12 [57536/60000 (96%)]	Loss: 151.246063

Test set: Average loss: 155.6614, Accuracy: 1055/10000 (11%)

Train Epoch: 13 [6336/60000 (11%)]	Loss: 164.436157
Train Epoch: 13 [12736/60000 (21%)]	Loss: 149.562851
Train Epoch: 13 [19136/60000 (32%)]	Loss: 189.172256
Train Epoch: 13 [25536/60000 (43%)]	Loss: 166.246292
Train Epoch: 13 [31936/60000 (53%)]	Loss: 171.579224
Train Epoch: 13 [38336/60000 (64%)]	Loss: 158.672180
Train Epoch: 13 [44736/60000 (75%)]	Loss: 160.850067
Train Epoch: 13 [51136/60000 (85%)]	Loss: 144.782883
Train Epoch: 13 [57536/60000 (96%)]	Loss: 156.427643

Test set: Average loss: 163.7086, Accuracy: 1082/10000 (11%)

Train Epoch: 14 [6336/60000 (11%)]	Loss: 187.778915
Train Epoch: 14 [12736/60000 (21%)]	Loss: 131.815475
Train Epoch: 14 [19136/60000 (32%)]	Loss: 180.568161
Train Epoch: 14 [25536/60000 (43%)]	Loss: 150.755127
Train Epoch: 14 [31936/60000 (53%)]	Loss: 167.348343
Train Epoch: 14 [38336/60000 (64%)]	Loss: 144.501953
Train Epoch: 14 [44736/60000 (75%)]	Loss: 161.674316
Train Epoch: 14 [51136/60000 (85%)]	Loss: 175.081909
Train Epoch: 14 [57536/60000 (96%)]	Loss: 142.427612

Test set: Average loss: 163.9346, Accuracy: 1060/10000 (11%)

Namespace(batch_size=64, bias=None, data='../data', device=1, epochs=14, hidden_size=500, load_weights=None, log_interval=100, lr=0.1, model='redfc4', momentum=0.9, no_cuda=False, r=5, save_model=None, save_results=True, seed=1, sparsity=0.01, use_relu=False, wd=0.0005)


Total time spent pruning/training: 2.80 minutes
Total number of parameters in model: 4496420
Number of parameters in pruned model: 4451455
