Namespace(batch_size=64, bias=None, data='../data', device=1, epochs=17, hidden_size=500, load_weights=None, log_interval=100, lr=0.1, model='redfc4', momentum=0.9, no_cuda=False, r=5, save_model=None, save_results=True, seed=1, sparsity=0.01, use_relu=True, wd=0.0005) 

Pruning a Four-Layer Fully Connected Redundant Network ...
Train Epoch: 1 [6336/60000 (11%)]	Loss: 4.100196
Train Epoch: 1 [12736/60000 (21%)]	Loss: 6.280535
Train Epoch: 1 [19136/60000 (32%)]	Loss: 8.182125
Train Epoch: 1 [25536/60000 (43%)]	Loss: 11.816093
Train Epoch: 1 [31936/60000 (53%)]	Loss: 9.195341
Train Epoch: 1 [38336/60000 (64%)]	Loss: 10.442177
Train Epoch: 1 [44736/60000 (75%)]	Loss: 14.871454
Train Epoch: 1 [51136/60000 (85%)]	Loss: 17.012016
Train Epoch: 1 [57536/60000 (96%)]	Loss: 19.724110

Test set: Average loss: 18.5289, Accuracy: 2239/10000 (22%)

Train Epoch: 2 [6336/60000 (11%)]	Loss: 16.908146
Train Epoch: 2 [12736/60000 (21%)]	Loss: 21.824514
Train Epoch: 2 [19136/60000 (32%)]	Loss: 23.059044
Train Epoch: 2 [25536/60000 (43%)]	Loss: 22.366623
Train Epoch: 2 [31936/60000 (53%)]	Loss: 21.721407
Train Epoch: 2 [38336/60000 (64%)]	Loss: 23.745443
Train Epoch: 2 [44736/60000 (75%)]	Loss: 27.174610
Train Epoch: 2 [51136/60000 (85%)]	Loss: 24.961424
Train Epoch: 2 [57536/60000 (96%)]	Loss: 26.147934

Test set: Average loss: 26.5477, Accuracy: 1673/10000 (17%)

Train Epoch: 3 [6336/60000 (11%)]	Loss: 21.644451
Train Epoch: 3 [12736/60000 (21%)]	Loss: 25.910568
Train Epoch: 3 [19136/60000 (32%)]	Loss: 24.451277
Train Epoch: 3 [25536/60000 (43%)]	Loss: 23.475748
Train Epoch: 3 [31936/60000 (53%)]	Loss: 27.640158
Train Epoch: 3 [38336/60000 (64%)]	Loss: 29.762571
Train Epoch: 3 [44736/60000 (75%)]	Loss: 27.309772
Train Epoch: 3 [51136/60000 (85%)]	Loss: 23.040520
Train Epoch: 3 [57536/60000 (96%)]	Loss: 28.006184

Test set: Average loss: 29.3626, Accuracy: 1428/10000 (14%)

Train Epoch: 4 [6336/60000 (11%)]	Loss: 26.902960
Train Epoch: 4 [12736/60000 (21%)]	Loss: 32.786907
Train Epoch: 4 [19136/60000 (32%)]	Loss: 33.324776
Train Epoch: 4 [25536/60000 (43%)]	Loss: 31.840586
Train Epoch: 4 [31936/60000 (53%)]	Loss: 32.284592
Train Epoch: 4 [38336/60000 (64%)]	Loss: 27.344145
Train Epoch: 4 [44736/60000 (75%)]	Loss: 30.466927
Train Epoch: 4 [51136/60000 (85%)]	Loss: 26.098949
Train Epoch: 4 [57536/60000 (96%)]	Loss: 22.321611

Test set: Average loss: 31.0169, Accuracy: 1479/10000 (15%)

Train Epoch: 5 [6336/60000 (11%)]	Loss: 31.922529
Train Epoch: 5 [12736/60000 (21%)]	Loss: 28.336929
Train Epoch: 5 [19136/60000 (32%)]	Loss: 29.020357
Train Epoch: 5 [25536/60000 (43%)]	Loss: 29.936169
Train Epoch: 5 [31936/60000 (53%)]	Loss: 32.467842
Train Epoch: 5 [38336/60000 (64%)]	Loss: 29.882082
Train Epoch: 5 [44736/60000 (75%)]	Loss: 33.670311
Train Epoch: 5 [51136/60000 (85%)]	Loss: 30.984596
Train Epoch: 5 [57536/60000 (96%)]	Loss: 35.820850

Test set: Average loss: 32.3866, Accuracy: 1454/10000 (15%)

Train Epoch: 6 [6336/60000 (11%)]	Loss: 30.823072
Train Epoch: 6 [12736/60000 (21%)]	Loss: 33.898796
Train Epoch: 6 [19136/60000 (32%)]	Loss: 34.837914
Train Epoch: 6 [25536/60000 (43%)]	Loss: 28.060486
Train Epoch: 6 [31936/60000 (53%)]	Loss: 33.016136
Train Epoch: 6 [38336/60000 (64%)]	Loss: 30.953655
Train Epoch: 6 [44736/60000 (75%)]	Loss: 37.424747
Train Epoch: 6 [51136/60000 (85%)]	Loss: 36.119995
Train Epoch: 6 [57536/60000 (96%)]	Loss: 36.137222

Test set: Average loss: 33.0661, Accuracy: 1473/10000 (15%)

Train Epoch: 7 [6336/60000 (11%)]	Loss: 32.057438
Train Epoch: 7 [12736/60000 (21%)]	Loss: 27.343510
Train Epoch: 7 [19136/60000 (32%)]	Loss: 31.350800
Train Epoch: 7 [25536/60000 (43%)]	Loss: 35.302681
Train Epoch: 7 [31936/60000 (53%)]	Loss: 39.793186
Train Epoch: 7 [38336/60000 (64%)]	Loss: 30.779148
Train Epoch: 7 [44736/60000 (75%)]	Loss: 34.727989
Train Epoch: 7 [51136/60000 (85%)]	Loss: 31.367332
Train Epoch: 7 [57536/60000 (96%)]	Loss: 34.204765

Test set: Average loss: 33.3637, Accuracy: 1434/10000 (14%)

Train Epoch: 8 [6336/60000 (11%)]	Loss: 36.306133
Train Epoch: 8 [12736/60000 (21%)]	Loss: 25.662439
Train Epoch: 8 [19136/60000 (32%)]	Loss: 35.882095
Train Epoch: 8 [25536/60000 (43%)]	Loss: 31.489082
Train Epoch: 8 [31936/60000 (53%)]	Loss: 29.876244
Train Epoch: 8 [38336/60000 (64%)]	Loss: 37.161556
Train Epoch: 8 [44736/60000 (75%)]	Loss: 32.956604
Train Epoch: 8 [51136/60000 (85%)]	Loss: 34.620293
Train Epoch: 8 [57536/60000 (96%)]	Loss: 34.029812

Test set: Average loss: 34.6233, Accuracy: 1456/10000 (15%)

Train Epoch: 9 [6336/60000 (11%)]	Loss: 35.987961
Train Epoch: 9 [12736/60000 (21%)]	Loss: 33.762447
Train Epoch: 9 [19136/60000 (32%)]	Loss: 38.386532
Train Epoch: 9 [25536/60000 (43%)]	Loss: 28.703922
Train Epoch: 9 [31936/60000 (53%)]	Loss: 31.993164
Train Epoch: 9 [38336/60000 (64%)]	Loss: 35.567768
Train Epoch: 9 [44736/60000 (75%)]	Loss: 31.994545
Train Epoch: 9 [51136/60000 (85%)]	Loss: 31.374290
Train Epoch: 9 [57536/60000 (96%)]	Loss: 38.470894

Test set: Average loss: 34.5313, Accuracy: 1403/10000 (14%)

Train Epoch: 10 [6336/60000 (11%)]	Loss: 36.964035
Train Epoch: 10 [12736/60000 (21%)]	Loss: 35.211037
Train Epoch: 10 [19136/60000 (32%)]	Loss: 36.784611
Train Epoch: 10 [25536/60000 (43%)]	Loss: 30.147993
Train Epoch: 10 [31936/60000 (53%)]	Loss: 37.501251
Train Epoch: 10 [38336/60000 (64%)]	Loss: 33.594547
Train Epoch: 10 [44736/60000 (75%)]	Loss: 39.804993
Train Epoch: 10 [51136/60000 (85%)]	Loss: 36.625526
Train Epoch: 10 [57536/60000 (96%)]	Loss: 32.670975

Test set: Average loss: 34.8534, Accuracy: 1408/10000 (14%)

Train Epoch: 11 [6336/60000 (11%)]	Loss: 36.193298
Train Epoch: 11 [12736/60000 (21%)]	Loss: 38.022564
Train Epoch: 11 [19136/60000 (32%)]	Loss: 33.886330
Train Epoch: 11 [25536/60000 (43%)]	Loss: 34.823101
Train Epoch: 11 [31936/60000 (53%)]	Loss: 32.264896
Train Epoch: 11 [38336/60000 (64%)]	Loss: 34.372475
Train Epoch: 11 [44736/60000 (75%)]	Loss: 34.421673
Train Epoch: 11 [51136/60000 (85%)]	Loss: 35.553318
Train Epoch: 11 [57536/60000 (96%)]	Loss: 38.958618

Test set: Average loss: 34.8757, Accuracy: 1439/10000 (14%)

Train Epoch: 12 [6336/60000 (11%)]	Loss: 34.876404
Train Epoch: 12 [12736/60000 (21%)]	Loss: 27.827421
Train Epoch: 12 [19136/60000 (32%)]	Loss: 36.845539
Train Epoch: 12 [25536/60000 (43%)]	Loss: 34.926205
Train Epoch: 12 [31936/60000 (53%)]	Loss: 32.573322
Train Epoch: 12 [38336/60000 (64%)]	Loss: 35.937214
Train Epoch: 12 [44736/60000 (75%)]	Loss: 36.430721
Train Epoch: 12 [51136/60000 (85%)]	Loss: 33.960796
Train Epoch: 12 [57536/60000 (96%)]	Loss: 35.101929

Test set: Average loss: 34.5669, Accuracy: 1457/10000 (15%)

Train Epoch: 13 [6336/60000 (11%)]	Loss: 35.946861
Train Epoch: 13 [12736/60000 (21%)]	Loss: 36.140808
Train Epoch: 13 [19136/60000 (32%)]	Loss: 39.092449
Train Epoch: 13 [25536/60000 (43%)]	Loss: 42.171703
Train Epoch: 13 [31936/60000 (53%)]	Loss: 37.353252
Train Epoch: 13 [38336/60000 (64%)]	Loss: 36.780582
Train Epoch: 13 [44736/60000 (75%)]	Loss: 31.523726
Train Epoch: 13 [51136/60000 (85%)]	Loss: 38.728535
Train Epoch: 13 [57536/60000 (96%)]	Loss: 33.510719

Test set: Average loss: 34.5535, Accuracy: 1454/10000 (15%)

Train Epoch: 14 [6336/60000 (11%)]	Loss: 36.649311
Train Epoch: 14 [12736/60000 (21%)]	Loss: 33.156750
Train Epoch: 14 [19136/60000 (32%)]	Loss: 32.976952
Train Epoch: 14 [25536/60000 (43%)]	Loss: 29.312523
Train Epoch: 14 [31936/60000 (53%)]	Loss: 36.169518
Train Epoch: 14 [38336/60000 (64%)]	Loss: 29.838037
Train Epoch: 14 [44736/60000 (75%)]	Loss: 36.877697
Train Epoch: 14 [51136/60000 (85%)]	Loss: 33.528477
Train Epoch: 14 [57536/60000 (96%)]	Loss: 38.715572

Test set: Average loss: 34.9319, Accuracy: 1482/10000 (15%)

Train Epoch: 15 [6336/60000 (11%)]	Loss: 34.766472
Train Epoch: 15 [12736/60000 (21%)]	Loss: 35.404301
Train Epoch: 15 [19136/60000 (32%)]	Loss: 35.894722
Train Epoch: 15 [25536/60000 (43%)]	Loss: 34.565716
Train Epoch: 15 [31936/60000 (53%)]	Loss: 33.659294
Train Epoch: 15 [38336/60000 (64%)]	Loss: 33.563137
Train Epoch: 15 [44736/60000 (75%)]	Loss: 38.209351
Train Epoch: 15 [51136/60000 (85%)]	Loss: 30.697491
Train Epoch: 15 [57536/60000 (96%)]	Loss: 32.656216

Test set: Average loss: 33.9480, Accuracy: 1458/10000 (15%)

Train Epoch: 16 [6336/60000 (11%)]	Loss: 38.259262
Train Epoch: 16 [12736/60000 (21%)]	Loss: 29.211346
Train Epoch: 16 [19136/60000 (32%)]	Loss: 33.393059
Train Epoch: 16 [25536/60000 (43%)]	Loss: 30.808016
Train Epoch: 16 [31936/60000 (53%)]	Loss: 35.085903
Train Epoch: 16 [38336/60000 (64%)]	Loss: 33.699825
Train Epoch: 16 [44736/60000 (75%)]	Loss: 36.849010
Train Epoch: 16 [51136/60000 (85%)]	Loss: 35.782188
Train Epoch: 16 [57536/60000 (96%)]	Loss: 29.441481

Test set: Average loss: 33.1738, Accuracy: 1474/10000 (15%)

Train Epoch: 17 [6336/60000 (11%)]	Loss: 36.391937
Train Epoch: 17 [12736/60000 (21%)]	Loss: 32.697723
Train Epoch: 17 [19136/60000 (32%)]	Loss: 32.424484
Train Epoch: 17 [25536/60000 (43%)]	Loss: 35.374306
Train Epoch: 17 [31936/60000 (53%)]	Loss: 36.018440
Train Epoch: 17 [38336/60000 (64%)]	Loss: 36.197330
Train Epoch: 17 [44736/60000 (75%)]	Loss: 36.083557
Train Epoch: 17 [51136/60000 (85%)]	Loss: 33.979229
Train Epoch: 17 [57536/60000 (96%)]	Loss: 36.254005

Test set: Average loss: 33.1880, Accuracy: 1430/10000 (14%)

Namespace(batch_size=64, bias=None, data='../data', device=1, epochs=17, hidden_size=500, load_weights=None, log_interval=100, lr=0.1, model='redfc4', momentum=0.9, no_cuda=False, r=5, save_model=None, save_results=True, seed=1, sparsity=0.01, use_relu=True, wd=0.0005)


Total time spent pruning/training: 3.40 minutes
Total number of parameters in model: 4496420
Number of parameters in pruned model: 4451455
