Namespace(batch_size=64, bias=None, data='../data', device=1, epochs=18, hidden_size=500, load_weights=None, log_interval=100, lr=0.1, model='redfc4', momentum=0.9, no_cuda=False, r=5, save_model=None, save_results=True, seed=1, sparsity=0.975, use_relu=False, wd=0.0005) 

Pruning a Four-Layer Fully Connected Redundant Network ...
Train Epoch: 1 [6336/60000 (11%)]	Loss: 2.302585
Train Epoch: 1 [12736/60000 (21%)]	Loss: 2.302585
Train Epoch: 1 [19136/60000 (32%)]	Loss: 2.302585
Train Epoch: 1 [25536/60000 (43%)]	Loss: 2.302585
Train Epoch: 1 [31936/60000 (53%)]	Loss: 2.302585
Train Epoch: 1 [38336/60000 (64%)]	Loss: 2.302585
Train Epoch: 1 [44736/60000 (75%)]	Loss: 2.302585
Train Epoch: 1 [51136/60000 (85%)]	Loss: 2.302585
Train Epoch: 1 [57536/60000 (96%)]	Loss: 2.302585

Test set: Average loss: 2.3026, Accuracy: 1100/10000 (11%)

Train Epoch: 2 [6336/60000 (11%)]	Loss: 2.302585
Train Epoch: 2 [12736/60000 (21%)]	Loss: 2.302585
Train Epoch: 2 [19136/60000 (32%)]	Loss: 2.302585
Train Epoch: 2 [25536/60000 (43%)]	Loss: 2.302585
Train Epoch: 2 [31936/60000 (53%)]	Loss: 2.302585
Train Epoch: 2 [38336/60000 (64%)]	Loss: 2.302585
Train Epoch: 2 [44736/60000 (75%)]	Loss: 2.302585
Train Epoch: 2 [51136/60000 (85%)]	Loss: 2.302585
Train Epoch: 2 [57536/60000 (96%)]	Loss: 2.302585

Test set: Average loss: 2.3026, Accuracy: 1100/10000 (11%)

Train Epoch: 3 [6336/60000 (11%)]	Loss: 2.302585
Train Epoch: 3 [12736/60000 (21%)]	Loss: 2.302585
Train Epoch: 3 [19136/60000 (32%)]	Loss: 2.302585
Train Epoch: 3 [25536/60000 (43%)]	Loss: 2.302585
Train Epoch: 3 [31936/60000 (53%)]	Loss: 2.302585
Train Epoch: 3 [38336/60000 (64%)]	Loss: 2.302586
Train Epoch: 3 [44736/60000 (75%)]	Loss: 2.302585
Train Epoch: 3 [51136/60000 (85%)]	Loss: 2.302585
Train Epoch: 3 [57536/60000 (96%)]	Loss: 2.302585

Test set: Average loss: 2.3026, Accuracy: 1100/10000 (11%)

Train Epoch: 4 [6336/60000 (11%)]	Loss: 2.302585
Train Epoch: 4 [12736/60000 (21%)]	Loss: 2.302585
Train Epoch: 4 [19136/60000 (32%)]	Loss: 2.302585
Train Epoch: 4 [25536/60000 (43%)]	Loss: 2.302585
Train Epoch: 4 [31936/60000 (53%)]	Loss: 2.302585
Train Epoch: 4 [38336/60000 (64%)]	Loss: 2.302585
Train Epoch: 4 [44736/60000 (75%)]	Loss: 2.302584
Train Epoch: 4 [51136/60000 (85%)]	Loss: 2.302518
Train Epoch: 4 [57536/60000 (96%)]	Loss: 2.302529

Test set: Average loss: 2.3025, Accuracy: 1065/10000 (11%)

Train Epoch: 5 [6336/60000 (11%)]	Loss: 2.302509
Train Epoch: 5 [12736/60000 (21%)]	Loss: 2.302564
Train Epoch: 5 [19136/60000 (32%)]	Loss: 2.302186
Train Epoch: 5 [25536/60000 (43%)]	Loss: 2.302429
Train Epoch: 5 [31936/60000 (53%)]	Loss: 2.302079
Train Epoch: 5 [38336/60000 (64%)]	Loss: 2.302289
Train Epoch: 5 [44736/60000 (75%)]	Loss: 2.302290
Train Epoch: 5 [51136/60000 (85%)]	Loss: 2.302287
Train Epoch: 5 [57536/60000 (96%)]	Loss: 2.302385

Test set: Average loss: 2.3019, Accuracy: 1013/10000 (10%)

Train Epoch: 6 [6336/60000 (11%)]	Loss: 2.301897
Train Epoch: 6 [12736/60000 (21%)]	Loss: 2.301636
Train Epoch: 6 [19136/60000 (32%)]	Loss: 2.298886
Train Epoch: 6 [25536/60000 (43%)]	Loss: 2.293419
Train Epoch: 6 [31936/60000 (53%)]	Loss: 2.290045
Train Epoch: 6 [38336/60000 (64%)]	Loss: 2.277568
Train Epoch: 6 [44736/60000 (75%)]	Loss: 2.242910
Train Epoch: 6 [51136/60000 (85%)]	Loss: 2.187553
Train Epoch: 6 [57536/60000 (96%)]	Loss: 2.138305

Test set: Average loss: 2.0359, Accuracy: 2198/10000 (22%)

Train Epoch: 7 [6336/60000 (11%)]	Loss: 1.948829
Train Epoch: 7 [12736/60000 (21%)]	Loss: 1.758222
Train Epoch: 7 [19136/60000 (32%)]	Loss: 1.810669
Train Epoch: 7 [25536/60000 (43%)]	Loss: 1.540235
Train Epoch: 7 [31936/60000 (53%)]	Loss: 1.337668
Train Epoch: 7 [38336/60000 (64%)]	Loss: 1.596523
Train Epoch: 7 [44736/60000 (75%)]	Loss: 1.380195
Train Epoch: 7 [51136/60000 (85%)]	Loss: 1.432616
Train Epoch: 7 [57536/60000 (96%)]	Loss: 1.356874

Test set: Average loss: 1.3721, Accuracy: 5594/10000 (56%)

Train Epoch: 8 [6336/60000 (11%)]	Loss: 1.388519
Train Epoch: 8 [12736/60000 (21%)]	Loss: 1.153659
Train Epoch: 8 [19136/60000 (32%)]	Loss: 1.188908
Train Epoch: 8 [25536/60000 (43%)]	Loss: 1.192222
Train Epoch: 8 [31936/60000 (53%)]	Loss: 1.255894
Train Epoch: 8 [38336/60000 (64%)]	Loss: 1.171842
Train Epoch: 8 [44736/60000 (75%)]	Loss: 1.284581
Train Epoch: 8 [51136/60000 (85%)]	Loss: 1.210791
Train Epoch: 8 [57536/60000 (96%)]	Loss: 1.166178

Test set: Average loss: 1.2011, Accuracy: 6657/10000 (67%)

Train Epoch: 9 [6336/60000 (11%)]	Loss: 1.251350
Train Epoch: 9 [12736/60000 (21%)]	Loss: 1.244339
Train Epoch: 9 [19136/60000 (32%)]	Loss: 1.166570
Train Epoch: 9 [25536/60000 (43%)]	Loss: 1.328174
Train Epoch: 9 [31936/60000 (53%)]	Loss: 1.412755
Train Epoch: 9 [38336/60000 (64%)]	Loss: 1.322110
Train Epoch: 9 [44736/60000 (75%)]	Loss: 1.338313
Train Epoch: 9 [51136/60000 (85%)]	Loss: 1.182845
Train Epoch: 9 [57536/60000 (96%)]	Loss: 1.291497

Test set: Average loss: 1.3364, Accuracy: 6176/10000 (62%)

Train Epoch: 10 [6336/60000 (11%)]	Loss: 1.265046
Train Epoch: 10 [12736/60000 (21%)]	Loss: 1.114571
Train Epoch: 10 [19136/60000 (32%)]	Loss: 1.153923
Train Epoch: 10 [25536/60000 (43%)]	Loss: 1.293161
Train Epoch: 10 [31936/60000 (53%)]	Loss: 1.235299
Train Epoch: 10 [38336/60000 (64%)]	Loss: 1.336324
Train Epoch: 10 [44736/60000 (75%)]	Loss: 1.212860
Train Epoch: 10 [51136/60000 (85%)]	Loss: 1.218056
Train Epoch: 10 [57536/60000 (96%)]	Loss: 1.152213

Test set: Average loss: 1.2692, Accuracy: 6163/10000 (62%)

Train Epoch: 11 [6336/60000 (11%)]	Loss: 1.116093
Train Epoch: 11 [12736/60000 (21%)]	Loss: 1.225140
Train Epoch: 11 [19136/60000 (32%)]	Loss: 1.038722
Train Epoch: 11 [25536/60000 (43%)]	Loss: 1.360709
Train Epoch: 11 [31936/60000 (53%)]	Loss: 1.253350
Train Epoch: 11 [38336/60000 (64%)]	Loss: 1.185729
Train Epoch: 11 [44736/60000 (75%)]	Loss: 1.184329
Train Epoch: 11 [51136/60000 (85%)]	Loss: 1.259738
Train Epoch: 11 [57536/60000 (96%)]	Loss: 1.163136

Test set: Average loss: 1.2761, Accuracy: 6132/10000 (61%)

Train Epoch: 12 [6336/60000 (11%)]	Loss: 1.316885
Train Epoch: 12 [12736/60000 (21%)]	Loss: 1.301899
Train Epoch: 12 [19136/60000 (32%)]	Loss: 1.012143
Train Epoch: 12 [25536/60000 (43%)]	Loss: 1.161211
Train Epoch: 12 [31936/60000 (53%)]	Loss: 1.197607
Train Epoch: 12 [38336/60000 (64%)]	Loss: 1.038098
Train Epoch: 12 [44736/60000 (75%)]	Loss: 1.254076
Train Epoch: 12 [51136/60000 (85%)]	Loss: 1.224936
Train Epoch: 12 [57536/60000 (96%)]	Loss: 1.482796

Test set: Average loss: 1.2026, Accuracy: 6489/10000 (65%)

Train Epoch: 13 [6336/60000 (11%)]	Loss: 1.212853
Train Epoch: 13 [12736/60000 (21%)]	Loss: 1.124383
Train Epoch: 13 [19136/60000 (32%)]	Loss: 1.299444
Train Epoch: 13 [25536/60000 (43%)]	Loss: 1.157610
Train Epoch: 13 [31936/60000 (53%)]	Loss: 1.190153
Train Epoch: 13 [38336/60000 (64%)]	Loss: 1.080886
Train Epoch: 13 [44736/60000 (75%)]	Loss: 1.126596
Train Epoch: 13 [51136/60000 (85%)]	Loss: 0.984397
Train Epoch: 13 [57536/60000 (96%)]	Loss: 1.349118

Test set: Average loss: 1.1395, Accuracy: 6655/10000 (67%)

Train Epoch: 14 [6336/60000 (11%)]	Loss: 1.336324
Train Epoch: 14 [12736/60000 (21%)]	Loss: 1.174480
Train Epoch: 14 [19136/60000 (32%)]	Loss: 1.157265
Train Epoch: 14 [25536/60000 (43%)]	Loss: 1.104102
Train Epoch: 14 [31936/60000 (53%)]	Loss: 1.252473
Train Epoch: 14 [38336/60000 (64%)]	Loss: 1.165153
Train Epoch: 14 [44736/60000 (75%)]	Loss: 1.140010
Train Epoch: 14 [51136/60000 (85%)]	Loss: 1.205195
Train Epoch: 14 [57536/60000 (96%)]	Loss: 1.292684

Test set: Average loss: 1.0866, Accuracy: 6535/10000 (65%)

Train Epoch: 15 [6336/60000 (11%)]	Loss: 1.242069
Train Epoch: 15 [12736/60000 (21%)]	Loss: 0.943042
Train Epoch: 15 [19136/60000 (32%)]	Loss: 1.142439
Train Epoch: 15 [25536/60000 (43%)]	Loss: 1.159175
Train Epoch: 15 [31936/60000 (53%)]	Loss: 1.082822
Train Epoch: 15 [38336/60000 (64%)]	Loss: 1.197667
Train Epoch: 15 [44736/60000 (75%)]	Loss: 1.157794
Train Epoch: 15 [51136/60000 (85%)]	Loss: 0.982595
Train Epoch: 15 [57536/60000 (96%)]	Loss: 1.155529

Test set: Average loss: 1.0623, Accuracy: 6812/10000 (68%)

Train Epoch: 16 [6336/60000 (11%)]	Loss: 0.928582
Train Epoch: 16 [12736/60000 (21%)]	Loss: 1.001868
Train Epoch: 16 [19136/60000 (32%)]	Loss: 1.069868
Train Epoch: 16 [25536/60000 (43%)]	Loss: 0.943580
Train Epoch: 16 [31936/60000 (53%)]	Loss: 1.138230
Train Epoch: 16 [38336/60000 (64%)]	Loss: 0.990804
Train Epoch: 16 [44736/60000 (75%)]	Loss: 0.902442
Train Epoch: 16 [51136/60000 (85%)]	Loss: 1.054100
Train Epoch: 16 [57536/60000 (96%)]	Loss: 1.155642

Test set: Average loss: 0.9544, Accuracy: 7415/10000 (74%)

Train Epoch: 17 [6336/60000 (11%)]	Loss: 0.971109
Train Epoch: 17 [12736/60000 (21%)]	Loss: 1.090583
Train Epoch: 17 [19136/60000 (32%)]	Loss: 0.924729
Train Epoch: 17 [25536/60000 (43%)]	Loss: 0.988228
Train Epoch: 17 [31936/60000 (53%)]	Loss: 0.781746
Train Epoch: 17 [38336/60000 (64%)]	Loss: 0.916166
Train Epoch: 17 [44736/60000 (75%)]	Loss: 0.985864
Train Epoch: 17 [51136/60000 (85%)]	Loss: 1.057818
Train Epoch: 17 [57536/60000 (96%)]	Loss: 1.069425

Test set: Average loss: 0.9141, Accuracy: 7336/10000 (73%)

Train Epoch: 18 [6336/60000 (11%)]	Loss: 0.869033
Train Epoch: 18 [12736/60000 (21%)]	Loss: 0.835940
Train Epoch: 18 [19136/60000 (32%)]	Loss: 0.759801
Train Epoch: 18 [25536/60000 (43%)]	Loss: 0.910285
Train Epoch: 18 [31936/60000 (53%)]	Loss: 0.673374
Train Epoch: 18 [38336/60000 (64%)]	Loss: 0.716008
Train Epoch: 18 [44736/60000 (75%)]	Loss: 0.908603
Train Epoch: 18 [51136/60000 (85%)]	Loss: 0.811660
Train Epoch: 18 [57536/60000 (96%)]	Loss: 0.764257

Test set: Average loss: 0.8322, Accuracy: 7528/10000 (75%)

Namespace(batch_size=64, bias=None, data='../data', device=1, epochs=18, hidden_size=500, load_weights=None, log_interval=100, lr=0.1, model='redfc4', momentum=0.9, no_cuda=False, r=5, save_model=None, save_results=True, seed=1, sparsity=0.975, use_relu=False, wd=0.0005)


Total time spent pruning/training: 3.59 minutes
Total number of parameters in model: 4496420
Number of parameters in pruned model: 112410
