Namespace(batch_size=64, bias=None, data='../data', device=1, epochs=8, hidden_size=500, load_weights=None, log_interval=100, lr=0.1, model='redfc4', momentum=0.9, no_cuda=False, r=5, save_model=None, save_results=True, seed=1, sparsity=0.01, use_relu=False, wd=0.0005) 

Pruning a Four-Layer Fully Connected Redundant Network ...
Train Epoch: 1 [6336/60000 (11%)]	Loss: 31.911699
Train Epoch: 1 [12736/60000 (21%)]	Loss: 61.911823
Train Epoch: 1 [19136/60000 (32%)]	Loss: 91.175339
Train Epoch: 1 [25536/60000 (43%)]	Loss: 93.368652
Train Epoch: 1 [31936/60000 (53%)]	Loss: 97.209946
Train Epoch: 1 [38336/60000 (64%)]	Loss: 109.680611
Train Epoch: 1 [44736/60000 (75%)]	Loss: 124.418159
Train Epoch: 1 [51136/60000 (85%)]	Loss: 113.008614
Train Epoch: 1 [57536/60000 (96%)]	Loss: 135.440491

Test set: Average loss: 126.7376, Accuracy: 1154/10000 (12%)

Train Epoch: 2 [6336/60000 (11%)]	Loss: 111.518051
Train Epoch: 2 [12736/60000 (21%)]	Loss: 124.170006
Train Epoch: 2 [19136/60000 (32%)]	Loss: 130.345123
Train Epoch: 2 [25536/60000 (43%)]	Loss: 138.048798
Train Epoch: 2 [31936/60000 (53%)]	Loss: 126.255821
Train Epoch: 2 [38336/60000 (64%)]	Loss: 148.618393
Train Epoch: 2 [44736/60000 (75%)]	Loss: 135.296967
Train Epoch: 2 [51136/60000 (85%)]	Loss: 152.904358
Train Epoch: 2 [57536/60000 (96%)]	Loss: 155.009506

Test set: Average loss: 138.5164, Accuracy: 1137/10000 (11%)

Train Epoch: 3 [6336/60000 (11%)]	Loss: 123.729874
Train Epoch: 3 [12736/60000 (21%)]	Loss: 148.783386
Train Epoch: 3 [19136/60000 (32%)]	Loss: 157.895630
Train Epoch: 3 [25536/60000 (43%)]	Loss: 161.929169
Train Epoch: 3 [31936/60000 (53%)]	Loss: 138.196732
Train Epoch: 3 [38336/60000 (64%)]	Loss: 141.486725
Train Epoch: 3 [44736/60000 (75%)]	Loss: 146.489639
Train Epoch: 3 [51136/60000 (85%)]	Loss: 144.347763
Train Epoch: 3 [57536/60000 (96%)]	Loss: 138.558563

Test set: Average loss: 150.6799, Accuracy: 1093/10000 (11%)

Train Epoch: 4 [6336/60000 (11%)]	Loss: 132.968613
Train Epoch: 4 [12736/60000 (21%)]	Loss: 187.973511
Train Epoch: 4 [19136/60000 (32%)]	Loss: 147.197342
Train Epoch: 4 [25536/60000 (43%)]	Loss: 162.384964
Train Epoch: 4 [31936/60000 (53%)]	Loss: 155.368317
Train Epoch: 4 [38336/60000 (64%)]	Loss: 172.024979
Train Epoch: 4 [44736/60000 (75%)]	Loss: 134.265305
Train Epoch: 4 [51136/60000 (85%)]	Loss: 152.338684
Train Epoch: 4 [57536/60000 (96%)]	Loss: 124.316246

Test set: Average loss: 149.4285, Accuracy: 1090/10000 (11%)

Train Epoch: 5 [6336/60000 (11%)]	Loss: 165.518036
Train Epoch: 5 [12736/60000 (21%)]	Loss: 150.584610
Train Epoch: 5 [19136/60000 (32%)]	Loss: 146.307709
Train Epoch: 5 [25536/60000 (43%)]	Loss: 154.433350
Train Epoch: 5 [31936/60000 (53%)]	Loss: 162.309555
Train Epoch: 5 [38336/60000 (64%)]	Loss: 144.064774
Train Epoch: 5 [44736/60000 (75%)]	Loss: 161.253250
Train Epoch: 5 [51136/60000 (85%)]	Loss: 144.796783
Train Epoch: 5 [57536/60000 (96%)]	Loss: 163.602341

Test set: Average loss: 150.8792, Accuracy: 1082/10000 (11%)

Train Epoch: 6 [6336/60000 (11%)]	Loss: 141.717163
Train Epoch: 6 [12736/60000 (21%)]	Loss: 134.595398
Train Epoch: 6 [19136/60000 (32%)]	Loss: 174.352142
Train Epoch: 6 [25536/60000 (43%)]	Loss: 152.666855
Train Epoch: 6 [31936/60000 (53%)]	Loss: 175.384384
Train Epoch: 6 [38336/60000 (64%)]	Loss: 156.965210
Train Epoch: 6 [44736/60000 (75%)]	Loss: 152.239136
Train Epoch: 6 [51136/60000 (85%)]	Loss: 158.648117
Train Epoch: 6 [57536/60000 (96%)]	Loss: 159.225357

Test set: Average loss: 152.0255, Accuracy: 1093/10000 (11%)

Train Epoch: 7 [6336/60000 (11%)]	Loss: 152.086761
Train Epoch: 7 [12736/60000 (21%)]	Loss: 154.276642
Train Epoch: 7 [19136/60000 (32%)]	Loss: 158.504410
Train Epoch: 7 [25536/60000 (43%)]	Loss: 146.961975
Train Epoch: 7 [31936/60000 (53%)]	Loss: 155.856079
Train Epoch: 7 [38336/60000 (64%)]	Loss: 161.973755
Train Epoch: 7 [44736/60000 (75%)]	Loss: 153.066696
Train Epoch: 7 [51136/60000 (85%)]	Loss: 148.100388
Train Epoch: 7 [57536/60000 (96%)]	Loss: 174.127380

Test set: Average loss: 155.3215, Accuracy: 1081/10000 (11%)

Train Epoch: 8 [6336/60000 (11%)]	Loss: 150.076187
Train Epoch: 8 [12736/60000 (21%)]	Loss: 138.924683
Train Epoch: 8 [19136/60000 (32%)]	Loss: 168.473083
Train Epoch: 8 [25536/60000 (43%)]	Loss: 146.706757
Train Epoch: 8 [31936/60000 (53%)]	Loss: 147.996155
Train Epoch: 8 [38336/60000 (64%)]	Loss: 146.416794
Train Epoch: 8 [44736/60000 (75%)]	Loss: 143.229843
Train Epoch: 8 [51136/60000 (85%)]	Loss: 150.896515
Train Epoch: 8 [57536/60000 (96%)]	Loss: 137.947098

Test set: Average loss: 159.0609, Accuracy: 1074/10000 (11%)

Namespace(batch_size=64, bias=None, data='../data', device=1, epochs=8, hidden_size=500, load_weights=None, log_interval=100, lr=0.1, model='redfc4', momentum=0.9, no_cuda=False, r=5, save_model=None, save_results=True, seed=1, sparsity=0.01, use_relu=False, wd=0.0005)


Total time spent pruning/training: 1.60 minutes
Total number of parameters in model: 4496420
Number of parameters in pruned model: 4451455
