Namespace(batch_size=64, bias=None, data='../data', device=1, epochs=18, hidden_size=500, load_weights=None, log_interval=100, lr=0.1, model='redfc4', momentum=0.9, no_cuda=False, r=5, save_model=None, save_results=True, seed=1, sparsity=0.5, use_relu=False, wd=0.0005) 

Pruning a Four-Layer Fully Connected Redundant Network ...
Train Epoch: 1 [6336/60000 (11%)]	Loss: 0.432786
Train Epoch: 1 [12736/60000 (21%)]	Loss: 0.340270
Train Epoch: 1 [19136/60000 (32%)]	Loss: 0.342410
Train Epoch: 1 [25536/60000 (43%)]	Loss: 0.431611
Train Epoch: 1 [31936/60000 (53%)]	Loss: 0.210044
Train Epoch: 1 [38336/60000 (64%)]	Loss: 0.298713
Train Epoch: 1 [44736/60000 (75%)]	Loss: 0.115251
Train Epoch: 1 [51136/60000 (85%)]	Loss: 0.325849
Train Epoch: 1 [57536/60000 (96%)]	Loss: 0.142148

Test set: Average loss: 0.2157, Accuracy: 9338/10000 (93%)

Train Epoch: 2 [6336/60000 (11%)]	Loss: 0.195896
Train Epoch: 2 [12736/60000 (21%)]	Loss: 0.114093
Train Epoch: 2 [19136/60000 (32%)]	Loss: 0.275322
Train Epoch: 2 [25536/60000 (43%)]	Loss: 0.069461
Train Epoch: 2 [31936/60000 (53%)]	Loss: 0.121059
Train Epoch: 2 [38336/60000 (64%)]	Loss: 0.345492
Train Epoch: 2 [44736/60000 (75%)]	Loss: 0.240926
Train Epoch: 2 [51136/60000 (85%)]	Loss: 0.261219
Train Epoch: 2 [57536/60000 (96%)]	Loss: 0.228622

Test set: Average loss: 0.1863, Accuracy: 9429/10000 (94%)

Train Epoch: 3 [6336/60000 (11%)]	Loss: 0.233756
Train Epoch: 3 [12736/60000 (21%)]	Loss: 0.157230
Train Epoch: 3 [19136/60000 (32%)]	Loss: 0.005529
Train Epoch: 3 [25536/60000 (43%)]	Loss: 0.118687
Train Epoch: 3 [31936/60000 (53%)]	Loss: 0.132784
Train Epoch: 3 [38336/60000 (64%)]	Loss: 0.158171
Train Epoch: 3 [44736/60000 (75%)]	Loss: 0.121692
Train Epoch: 3 [51136/60000 (85%)]	Loss: 0.145361
Train Epoch: 3 [57536/60000 (96%)]	Loss: 0.142392

Test set: Average loss: 0.2015, Accuracy: 9369/10000 (94%)

Train Epoch: 4 [6336/60000 (11%)]	Loss: 0.140900
Train Epoch: 4 [12736/60000 (21%)]	Loss: 0.182602
Train Epoch: 4 [19136/60000 (32%)]	Loss: 0.270947
Train Epoch: 4 [25536/60000 (43%)]	Loss: 0.341166
Train Epoch: 4 [31936/60000 (53%)]	Loss: 0.183581
Train Epoch: 4 [38336/60000 (64%)]	Loss: 0.214620
Train Epoch: 4 [44736/60000 (75%)]	Loss: 0.106135
Train Epoch: 4 [51136/60000 (85%)]	Loss: 0.183282
Train Epoch: 4 [57536/60000 (96%)]	Loss: 0.099156

Test set: Average loss: 0.2038, Accuracy: 9378/10000 (94%)

Train Epoch: 5 [6336/60000 (11%)]	Loss: 0.302084
Train Epoch: 5 [12736/60000 (21%)]	Loss: 0.084639
Train Epoch: 5 [19136/60000 (32%)]	Loss: 0.240733
Train Epoch: 5 [25536/60000 (43%)]	Loss: 0.054166
Train Epoch: 5 [31936/60000 (53%)]	Loss: 0.292396
Train Epoch: 5 [38336/60000 (64%)]	Loss: 0.209472
Train Epoch: 5 [44736/60000 (75%)]	Loss: 0.319990
Train Epoch: 5 [51136/60000 (85%)]	Loss: 0.133483
Train Epoch: 5 [57536/60000 (96%)]	Loss: 0.217568

Test set: Average loss: 0.3002, Accuracy: 9059/10000 (91%)

Train Epoch: 6 [6336/60000 (11%)]	Loss: 0.047688
Train Epoch: 6 [12736/60000 (21%)]	Loss: 0.141010
Train Epoch: 6 [19136/60000 (32%)]	Loss: 0.409138
Train Epoch: 6 [25536/60000 (43%)]	Loss: 0.533721
Train Epoch: 6 [31936/60000 (53%)]	Loss: 0.494776
Train Epoch: 6 [38336/60000 (64%)]	Loss: 0.241330
Train Epoch: 6 [44736/60000 (75%)]	Loss: 0.256565
Train Epoch: 6 [51136/60000 (85%)]	Loss: 0.207829
Train Epoch: 6 [57536/60000 (96%)]	Loss: 0.184577

Test set: Average loss: 0.3149, Accuracy: 9050/10000 (90%)

Train Epoch: 7 [6336/60000 (11%)]	Loss: 0.147568
Train Epoch: 7 [12736/60000 (21%)]	Loss: 0.237079
Train Epoch: 7 [19136/60000 (32%)]	Loss: 0.357993
Train Epoch: 7 [25536/60000 (43%)]	Loss: 0.376509
Train Epoch: 7 [31936/60000 (53%)]	Loss: 0.224192
Train Epoch: 7 [38336/60000 (64%)]	Loss: 0.271688
Train Epoch: 7 [44736/60000 (75%)]	Loss: 0.333631
Train Epoch: 7 [51136/60000 (85%)]	Loss: 0.331802
Train Epoch: 7 [57536/60000 (96%)]	Loss: 0.167144

Test set: Average loss: 0.3987, Accuracy: 8700/10000 (87%)

Train Epoch: 8 [6336/60000 (11%)]	Loss: 0.191784
Train Epoch: 8 [12736/60000 (21%)]	Loss: 0.175445
Train Epoch: 8 [19136/60000 (32%)]	Loss: 0.180432
Train Epoch: 8 [25536/60000 (43%)]	Loss: 0.292856
Train Epoch: 8 [31936/60000 (53%)]	Loss: 0.317524
Train Epoch: 8 [38336/60000 (64%)]	Loss: 0.363610
Train Epoch: 8 [44736/60000 (75%)]	Loss: 0.325888
Train Epoch: 8 [51136/60000 (85%)]	Loss: 0.228615
Train Epoch: 8 [57536/60000 (96%)]	Loss: 0.130466

Test set: Average loss: 0.2643, Accuracy: 9208/10000 (92%)

Train Epoch: 9 [6336/60000 (11%)]	Loss: 0.212495
Train Epoch: 9 [12736/60000 (21%)]	Loss: 0.317909
Train Epoch: 9 [19136/60000 (32%)]	Loss: 0.401434
Train Epoch: 9 [25536/60000 (43%)]	Loss: 0.513004
Train Epoch: 9 [31936/60000 (53%)]	Loss: 0.204645
Train Epoch: 9 [38336/60000 (64%)]	Loss: 0.422872
Train Epoch: 9 [44736/60000 (75%)]	Loss: 0.169317
Train Epoch: 9 [51136/60000 (85%)]	Loss: 0.152872
Train Epoch: 9 [57536/60000 (96%)]	Loss: 0.223467

Test set: Average loss: 0.3263, Accuracy: 9063/10000 (91%)

Train Epoch: 10 [6336/60000 (11%)]	Loss: 0.224872
Train Epoch: 10 [12736/60000 (21%)]	Loss: 0.209833
Train Epoch: 10 [19136/60000 (32%)]	Loss: 0.243441
Train Epoch: 10 [25536/60000 (43%)]	Loss: 0.361287
Train Epoch: 10 [31936/60000 (53%)]	Loss: 0.302640
Train Epoch: 10 [38336/60000 (64%)]	Loss: 0.198322
Train Epoch: 10 [44736/60000 (75%)]	Loss: 0.251479
Train Epoch: 10 [51136/60000 (85%)]	Loss: 0.323143
Train Epoch: 10 [57536/60000 (96%)]	Loss: 0.163596

Test set: Average loss: 0.2744, Accuracy: 9139/10000 (91%)

Train Epoch: 11 [6336/60000 (11%)]	Loss: 0.177481
Train Epoch: 11 [12736/60000 (21%)]	Loss: 0.094524
Train Epoch: 11 [19136/60000 (32%)]	Loss: 0.115357
Train Epoch: 11 [25536/60000 (43%)]	Loss: 0.097210
Train Epoch: 11 [31936/60000 (53%)]	Loss: 0.393762
Train Epoch: 11 [38336/60000 (64%)]	Loss: 0.213525
Train Epoch: 11 [44736/60000 (75%)]	Loss: 0.360547
Train Epoch: 11 [51136/60000 (85%)]	Loss: 0.108252
Train Epoch: 11 [57536/60000 (96%)]	Loss: 0.066082

Test set: Average loss: 0.2520, Accuracy: 9257/10000 (93%)

Train Epoch: 12 [6336/60000 (11%)]	Loss: 0.296020
Train Epoch: 12 [12736/60000 (21%)]	Loss: 0.261147
Train Epoch: 12 [19136/60000 (32%)]	Loss: 0.126023
Train Epoch: 12 [25536/60000 (43%)]	Loss: 0.095695
Train Epoch: 12 [31936/60000 (53%)]	Loss: 0.384219
Train Epoch: 12 [38336/60000 (64%)]	Loss: 0.407186
Train Epoch: 12 [44736/60000 (75%)]	Loss: 0.277003
Train Epoch: 12 [51136/60000 (85%)]	Loss: 0.068182
Train Epoch: 12 [57536/60000 (96%)]	Loss: 0.375240

Test set: Average loss: 0.2130, Accuracy: 9382/10000 (94%)

Train Epoch: 13 [6336/60000 (11%)]	Loss: 0.109191
Train Epoch: 13 [12736/60000 (21%)]	Loss: 0.247583
Train Epoch: 13 [19136/60000 (32%)]	Loss: 0.214989
Train Epoch: 13 [25536/60000 (43%)]	Loss: 0.129818
Train Epoch: 13 [31936/60000 (53%)]	Loss: 0.085776
Train Epoch: 13 [38336/60000 (64%)]	Loss: 0.099954
Train Epoch: 13 [44736/60000 (75%)]	Loss: 0.122126
Train Epoch: 13 [51136/60000 (85%)]	Loss: 0.069208
Train Epoch: 13 [57536/60000 (96%)]	Loss: 0.240523

Test set: Average loss: 0.1895, Accuracy: 9416/10000 (94%)

Train Epoch: 14 [6336/60000 (11%)]	Loss: 0.308147
Train Epoch: 14 [12736/60000 (21%)]	Loss: 0.156323
Train Epoch: 14 [19136/60000 (32%)]	Loss: 0.291258
Train Epoch: 14 [25536/60000 (43%)]	Loss: 0.168294
Train Epoch: 14 [31936/60000 (53%)]	Loss: 0.201260
Train Epoch: 14 [38336/60000 (64%)]	Loss: 0.125188
Train Epoch: 14 [44736/60000 (75%)]	Loss: 0.197487
Train Epoch: 14 [51136/60000 (85%)]	Loss: 0.098678
Train Epoch: 14 [57536/60000 (96%)]	Loss: 0.169498

Test set: Average loss: 0.1506, Accuracy: 9540/10000 (95%)

Train Epoch: 15 [6336/60000 (11%)]	Loss: 0.043681
Train Epoch: 15 [12736/60000 (21%)]	Loss: 0.079367
Train Epoch: 15 [19136/60000 (32%)]	Loss: 0.159923
Train Epoch: 15 [25536/60000 (43%)]	Loss: 0.049731
Train Epoch: 15 [31936/60000 (53%)]	Loss: 0.212565
Train Epoch: 15 [38336/60000 (64%)]	Loss: 0.236121
Train Epoch: 15 [44736/60000 (75%)]	Loss: 0.119289
Train Epoch: 15 [51136/60000 (85%)]	Loss: 0.052617
Train Epoch: 15 [57536/60000 (96%)]	Loss: 0.130046

Test set: Average loss: 0.1100, Accuracy: 9645/10000 (96%)

Train Epoch: 16 [6336/60000 (11%)]	Loss: 0.011716
Train Epoch: 16 [12736/60000 (21%)]	Loss: 0.043730
Train Epoch: 16 [19136/60000 (32%)]	Loss: 0.113646
Train Epoch: 16 [25536/60000 (43%)]	Loss: 0.055848
Train Epoch: 16 [31936/60000 (53%)]	Loss: 0.088411
Train Epoch: 16 [38336/60000 (64%)]	Loss: 0.074356
Train Epoch: 16 [44736/60000 (75%)]	Loss: 0.045980
Train Epoch: 16 [51136/60000 (85%)]	Loss: 0.082032
Train Epoch: 16 [57536/60000 (96%)]	Loss: 0.056056

Test set: Average loss: 0.1013, Accuracy: 9720/10000 (97%)

Train Epoch: 17 [6336/60000 (11%)]	Loss: 0.025735
Train Epoch: 17 [12736/60000 (21%)]	Loss: 0.058833
Train Epoch: 17 [19136/60000 (32%)]	Loss: 0.035169
Train Epoch: 17 [25536/60000 (43%)]	Loss: 0.072285
Train Epoch: 17 [31936/60000 (53%)]	Loss: 0.024199
Train Epoch: 17 [38336/60000 (64%)]	Loss: 0.037646
Train Epoch: 17 [44736/60000 (75%)]	Loss: 0.041846
Train Epoch: 17 [51136/60000 (85%)]	Loss: 0.060707
Train Epoch: 17 [57536/60000 (96%)]	Loss: 0.014172

Test set: Average loss: 0.0821, Accuracy: 9754/10000 (98%)

Train Epoch: 18 [6336/60000 (11%)]	Loss: 0.018720
Train Epoch: 18 [12736/60000 (21%)]	Loss: 0.017252
Train Epoch: 18 [19136/60000 (32%)]	Loss: 0.031740
Train Epoch: 18 [25536/60000 (43%)]	Loss: 0.073587
Train Epoch: 18 [31936/60000 (53%)]	Loss: 0.000932
Train Epoch: 18 [38336/60000 (64%)]	Loss: 0.008810
Train Epoch: 18 [44736/60000 (75%)]	Loss: 0.104814
Train Epoch: 18 [51136/60000 (85%)]	Loss: 0.029720
Train Epoch: 18 [57536/60000 (96%)]	Loss: 0.001210

Test set: Average loss: 0.0722, Accuracy: 9793/10000 (98%)

Namespace(batch_size=64, bias=None, data='../data', device=1, epochs=18, hidden_size=500, load_weights=None, log_interval=100, lr=0.1, model='redfc4', momentum=0.9, no_cuda=False, r=5, save_model=None, save_results=True, seed=1, sparsity=0.5, use_relu=False, wd=0.0005)


Total time spent pruning/training: 3.58 minutes
Total number of parameters in model: 4496420
Number of parameters in pruned model: 2248210
