Namespace(batch_size=64, bias=None, data='../data', device=1, epochs=16, hidden_size=500, load_weights=None, log_interval=100, lr=0.1, model='redfc4', momentum=0.9, no_cuda=False, r=5, save_model=None, save_results=True, seed=1, sparsity=0.9, use_relu=False, wd=0.0005) 

Pruning a Four-Layer Fully Connected Redundant Network ...
Train Epoch: 1 [6336/60000 (11%)]	Loss: 1.913958
Train Epoch: 1 [12736/60000 (21%)]	Loss: 0.817320
Train Epoch: 1 [19136/60000 (32%)]	Loss: 0.377304
Train Epoch: 1 [25536/60000 (43%)]	Loss: 0.623030
Train Epoch: 1 [31936/60000 (53%)]	Loss: 0.357349
Train Epoch: 1 [38336/60000 (64%)]	Loss: 0.364885
Train Epoch: 1 [44736/60000 (75%)]	Loss: 0.281615
Train Epoch: 1 [51136/60000 (85%)]	Loss: 0.378537
Train Epoch: 1 [57536/60000 (96%)]	Loss: 0.531738

Test set: Average loss: 0.3071, Accuracy: 9072/10000 (91%)

Train Epoch: 2 [6336/60000 (11%)]	Loss: 0.343756
Train Epoch: 2 [12736/60000 (21%)]	Loss: 0.198821
Train Epoch: 2 [19136/60000 (32%)]	Loss: 0.280041
Train Epoch: 2 [25536/60000 (43%)]	Loss: 0.173316
Train Epoch: 2 [31936/60000 (53%)]	Loss: 0.238995
Train Epoch: 2 [38336/60000 (64%)]	Loss: 0.316902
Train Epoch: 2 [44736/60000 (75%)]	Loss: 0.312516
Train Epoch: 2 [51136/60000 (85%)]	Loss: 0.198563
Train Epoch: 2 [57536/60000 (96%)]	Loss: 0.285295

Test set: Average loss: 0.2613, Accuracy: 9168/10000 (92%)

Train Epoch: 3 [6336/60000 (11%)]	Loss: 0.225076
Train Epoch: 3 [12736/60000 (21%)]	Loss: 0.305375
Train Epoch: 3 [19136/60000 (32%)]	Loss: 0.077941
Train Epoch: 3 [25536/60000 (43%)]	Loss: 0.188713
Train Epoch: 3 [31936/60000 (53%)]	Loss: 0.131344
Train Epoch: 3 [38336/60000 (64%)]	Loss: 0.149047
Train Epoch: 3 [44736/60000 (75%)]	Loss: 0.253818
Train Epoch: 3 [51136/60000 (85%)]	Loss: 0.095403
Train Epoch: 3 [57536/60000 (96%)]	Loss: 0.147265

Test set: Average loss: 0.2240, Accuracy: 9279/10000 (93%)

Train Epoch: 4 [6336/60000 (11%)]	Loss: 0.238553
Train Epoch: 4 [12736/60000 (21%)]	Loss: 0.211129
Train Epoch: 4 [19136/60000 (32%)]	Loss: 0.356139
Train Epoch: 4 [25536/60000 (43%)]	Loss: 0.422668
Train Epoch: 4 [31936/60000 (53%)]	Loss: 0.333179
Train Epoch: 4 [38336/60000 (64%)]	Loss: 0.382865
Train Epoch: 4 [44736/60000 (75%)]	Loss: 0.249818
Train Epoch: 4 [51136/60000 (85%)]	Loss: 0.152485
Train Epoch: 4 [57536/60000 (96%)]	Loss: 0.139459

Test set: Average loss: 0.3701, Accuracy: 8828/10000 (88%)

Train Epoch: 5 [6336/60000 (11%)]	Loss: 0.337357
Train Epoch: 5 [12736/60000 (21%)]	Loss: 0.196380
Train Epoch: 5 [19136/60000 (32%)]	Loss: 0.208644
Train Epoch: 5 [25536/60000 (43%)]	Loss: 0.132060
Train Epoch: 5 [31936/60000 (53%)]	Loss: 0.347049
Train Epoch: 5 [38336/60000 (64%)]	Loss: 0.320601
Train Epoch: 5 [44736/60000 (75%)]	Loss: 0.192463
Train Epoch: 5 [51136/60000 (85%)]	Loss: 0.218187
Train Epoch: 5 [57536/60000 (96%)]	Loss: 0.431503

Test set: Average loss: 0.2284, Accuracy: 9279/10000 (93%)

Train Epoch: 6 [6336/60000 (11%)]	Loss: 0.140570
Train Epoch: 6 [12736/60000 (21%)]	Loss: 0.232987
Train Epoch: 6 [19136/60000 (32%)]	Loss: 0.216529
Train Epoch: 6 [25536/60000 (43%)]	Loss: 0.275713
Train Epoch: 6 [31936/60000 (53%)]	Loss: 0.511010
Train Epoch: 6 [38336/60000 (64%)]	Loss: 0.170588
Train Epoch: 6 [44736/60000 (75%)]	Loss: 0.184432
Train Epoch: 6 [51136/60000 (85%)]	Loss: 0.329895
Train Epoch: 6 [57536/60000 (96%)]	Loss: 0.242792

Test set: Average loss: 0.2230, Accuracy: 9295/10000 (93%)

Train Epoch: 7 [6336/60000 (11%)]	Loss: 0.198988
Train Epoch: 7 [12736/60000 (21%)]	Loss: 0.212968
Train Epoch: 7 [19136/60000 (32%)]	Loss: 0.235774
Train Epoch: 7 [25536/60000 (43%)]	Loss: 0.328102
Train Epoch: 7 [31936/60000 (53%)]	Loss: 0.296008
Train Epoch: 7 [38336/60000 (64%)]	Loss: 0.352118
Train Epoch: 7 [44736/60000 (75%)]	Loss: 0.325083
Train Epoch: 7 [51136/60000 (85%)]	Loss: 0.483618
Train Epoch: 7 [57536/60000 (96%)]	Loss: 0.195412

Test set: Average loss: 0.2868, Accuracy: 9091/10000 (91%)

Train Epoch: 8 [6336/60000 (11%)]	Loss: 0.134316
Train Epoch: 8 [12736/60000 (21%)]	Loss: 0.265744
Train Epoch: 8 [19136/60000 (32%)]	Loss: 0.239647
Train Epoch: 8 [25536/60000 (43%)]	Loss: 0.198056
Train Epoch: 8 [31936/60000 (53%)]	Loss: 0.460163
Train Epoch: 8 [38336/60000 (64%)]	Loss: 0.326758
Train Epoch: 8 [44736/60000 (75%)]	Loss: 0.219389
Train Epoch: 8 [51136/60000 (85%)]	Loss: 0.149343
Train Epoch: 8 [57536/60000 (96%)]	Loss: 0.138992

Test set: Average loss: 0.2595, Accuracy: 9210/10000 (92%)

Train Epoch: 9 [6336/60000 (11%)]	Loss: 0.199404
Train Epoch: 9 [12736/60000 (21%)]	Loss: 0.323830
Train Epoch: 9 [19136/60000 (32%)]	Loss: 0.371832
Train Epoch: 9 [25536/60000 (43%)]	Loss: 0.270580
Train Epoch: 9 [31936/60000 (53%)]	Loss: 0.160198
Train Epoch: 9 [38336/60000 (64%)]	Loss: 0.336263
Train Epoch: 9 [44736/60000 (75%)]	Loss: 0.294338
Train Epoch: 9 [51136/60000 (85%)]	Loss: 0.174867
Train Epoch: 9 [57536/60000 (96%)]	Loss: 0.160077

Test set: Average loss: 0.2444, Accuracy: 9215/10000 (92%)

Train Epoch: 10 [6336/60000 (11%)]	Loss: 0.100636
Train Epoch: 10 [12736/60000 (21%)]	Loss: 0.256806
Train Epoch: 10 [19136/60000 (32%)]	Loss: 0.121677
Train Epoch: 10 [25536/60000 (43%)]	Loss: 0.403490
Train Epoch: 10 [31936/60000 (53%)]	Loss: 0.197011
Train Epoch: 10 [38336/60000 (64%)]	Loss: 0.302665
Train Epoch: 10 [44736/60000 (75%)]	Loss: 0.268812
Train Epoch: 10 [51136/60000 (85%)]	Loss: 0.279852
Train Epoch: 10 [57536/60000 (96%)]	Loss: 0.271441

Test set: Average loss: 0.2357, Accuracy: 9289/10000 (93%)

Train Epoch: 11 [6336/60000 (11%)]	Loss: 0.148422
Train Epoch: 11 [12736/60000 (21%)]	Loss: 0.094137
Train Epoch: 11 [19136/60000 (32%)]	Loss: 0.146347
Train Epoch: 11 [25536/60000 (43%)]	Loss: 0.249784
Train Epoch: 11 [31936/60000 (53%)]	Loss: 0.447330
Train Epoch: 11 [38336/60000 (64%)]	Loss: 0.204716
Train Epoch: 11 [44736/60000 (75%)]	Loss: 0.356898
Train Epoch: 11 [51136/60000 (85%)]	Loss: 0.156418
Train Epoch: 11 [57536/60000 (96%)]	Loss: 0.126255

Test set: Average loss: 0.2135, Accuracy: 9330/10000 (93%)

Train Epoch: 12 [6336/60000 (11%)]	Loss: 0.274287
Train Epoch: 12 [12736/60000 (21%)]	Loss: 0.193382
Train Epoch: 12 [19136/60000 (32%)]	Loss: 0.131557
Train Epoch: 12 [25536/60000 (43%)]	Loss: 0.142333
Train Epoch: 12 [31936/60000 (53%)]	Loss: 0.202311
Train Epoch: 12 [38336/60000 (64%)]	Loss: 0.100893
Train Epoch: 12 [44736/60000 (75%)]	Loss: 0.366407
Train Epoch: 12 [51136/60000 (85%)]	Loss: 0.052296
Train Epoch: 12 [57536/60000 (96%)]	Loss: 0.326359

Test set: Average loss: 0.2174, Accuracy: 9313/10000 (93%)

Train Epoch: 13 [6336/60000 (11%)]	Loss: 0.150632
Train Epoch: 13 [12736/60000 (21%)]	Loss: 0.191341
Train Epoch: 13 [19136/60000 (32%)]	Loss: 0.095061
Train Epoch: 13 [25536/60000 (43%)]	Loss: 0.153947
Train Epoch: 13 [31936/60000 (53%)]	Loss: 0.184965
Train Epoch: 13 [38336/60000 (64%)]	Loss: 0.116968
Train Epoch: 13 [44736/60000 (75%)]	Loss: 0.035689
Train Epoch: 13 [51136/60000 (85%)]	Loss: 0.145942
Train Epoch: 13 [57536/60000 (96%)]	Loss: 0.240165

Test set: Average loss: 0.1530, Accuracy: 9521/10000 (95%)

Train Epoch: 14 [6336/60000 (11%)]	Loss: 0.137165
Train Epoch: 14 [12736/60000 (21%)]	Loss: 0.114495
Train Epoch: 14 [19136/60000 (32%)]	Loss: 0.132707
Train Epoch: 14 [25536/60000 (43%)]	Loss: 0.169021
Train Epoch: 14 [31936/60000 (53%)]	Loss: 0.210011
Train Epoch: 14 [38336/60000 (64%)]	Loss: 0.181549
Train Epoch: 14 [44736/60000 (75%)]	Loss: 0.181242
Train Epoch: 14 [51136/60000 (85%)]	Loss: 0.081402
Train Epoch: 14 [57536/60000 (96%)]	Loss: 0.134416

Test set: Average loss: 0.1373, Accuracy: 9556/10000 (96%)

Train Epoch: 15 [6336/60000 (11%)]	Loss: 0.096880
Train Epoch: 15 [12736/60000 (21%)]	Loss: 0.059555
Train Epoch: 15 [19136/60000 (32%)]	Loss: 0.125648
Train Epoch: 15 [25536/60000 (43%)]	Loss: 0.113809
Train Epoch: 15 [31936/60000 (53%)]	Loss: 0.076507
Train Epoch: 15 [38336/60000 (64%)]	Loss: 0.382461
Train Epoch: 15 [44736/60000 (75%)]	Loss: 0.116082
Train Epoch: 15 [51136/60000 (85%)]	Loss: 0.087154
Train Epoch: 15 [57536/60000 (96%)]	Loss: 0.148843

Test set: Average loss: 0.1131, Accuracy: 9640/10000 (96%)

Train Epoch: 16 [6336/60000 (11%)]	Loss: 0.015265
Train Epoch: 16 [12736/60000 (21%)]	Loss: 0.145021
Train Epoch: 16 [19136/60000 (32%)]	Loss: 0.097574
Train Epoch: 16 [25536/60000 (43%)]	Loss: 0.092261
Train Epoch: 16 [31936/60000 (53%)]	Loss: 0.106691
Train Epoch: 16 [38336/60000 (64%)]	Loss: 0.072447
Train Epoch: 16 [44736/60000 (75%)]	Loss: 0.066165
Train Epoch: 16 [51136/60000 (85%)]	Loss: 0.033142
Train Epoch: 16 [57536/60000 (96%)]	Loss: 0.031625

Test set: Average loss: 0.0961, Accuracy: 9689/10000 (97%)

Namespace(batch_size=64, bias=None, data='../data', device=1, epochs=16, hidden_size=500, load_weights=None, log_interval=100, lr=0.1, model='redfc4', momentum=0.9, no_cuda=False, r=5, save_model=None, save_results=True, seed=1, sparsity=0.9, use_relu=False, wd=0.0005)


Total time spent pruning/training: 3.18 minutes
Total number of parameters in model: 4496420
Number of parameters in pruned model: 449641
