Namespace(batch_size=64, bias=None, data='../data', device=1, epochs=9, hidden_size=500, load_weights=None, log_interval=100, lr=0.1, model='redfc4', momentum=0.9, no_cuda=False, r=5, save_model=None, save_results=True, seed=1, sparsity=0.975, use_relu=False, wd=0.0005) 

Pruning a Four-Layer Fully Connected Redundant Network ...
Train Epoch: 1 [6336/60000 (11%)]	Loss: 2.302585
Train Epoch: 1 [12736/60000 (21%)]	Loss: 2.302585
Train Epoch: 1 [19136/60000 (32%)]	Loss: 2.302585
Train Epoch: 1 [25536/60000 (43%)]	Loss: 2.302585
Train Epoch: 1 [31936/60000 (53%)]	Loss: 2.302585
Train Epoch: 1 [38336/60000 (64%)]	Loss: 2.302585
Train Epoch: 1 [44736/60000 (75%)]	Loss: 2.302585
Train Epoch: 1 [51136/60000 (85%)]	Loss: 2.302585
Train Epoch: 1 [57536/60000 (96%)]	Loss: 2.302585

Test set: Average loss: 2.3026, Accuracy: 1100/10000 (11%)

Train Epoch: 2 [6336/60000 (11%)]	Loss: 2.302585
Train Epoch: 2 [12736/60000 (21%)]	Loss: 2.302585
Train Epoch: 2 [19136/60000 (32%)]	Loss: 2.302585
Train Epoch: 2 [25536/60000 (43%)]	Loss: 2.302585
Train Epoch: 2 [31936/60000 (53%)]	Loss: 2.302585
Train Epoch: 2 [38336/60000 (64%)]	Loss: 2.302585
Train Epoch: 2 [44736/60000 (75%)]	Loss: 2.302585
Train Epoch: 2 [51136/60000 (85%)]	Loss: 2.302585
Train Epoch: 2 [57536/60000 (96%)]	Loss: 2.302585

Test set: Average loss: 2.3026, Accuracy: 1100/10000 (11%)

Train Epoch: 3 [6336/60000 (11%)]	Loss: 2.302585
Train Epoch: 3 [12736/60000 (21%)]	Loss: 2.302585
Train Epoch: 3 [19136/60000 (32%)]	Loss: 2.302585
Train Epoch: 3 [25536/60000 (43%)]	Loss: 2.302585
Train Epoch: 3 [31936/60000 (53%)]	Loss: 2.302585
Train Epoch: 3 [38336/60000 (64%)]	Loss: 2.302586
Train Epoch: 3 [44736/60000 (75%)]	Loss: 2.302585
Train Epoch: 3 [51136/60000 (85%)]	Loss: 2.302585
Train Epoch: 3 [57536/60000 (96%)]	Loss: 2.302585

Test set: Average loss: 2.3026, Accuracy: 1100/10000 (11%)

Train Epoch: 4 [6336/60000 (11%)]	Loss: 2.302585
Train Epoch: 4 [12736/60000 (21%)]	Loss: 2.302585
Train Epoch: 4 [19136/60000 (32%)]	Loss: 2.302585
Train Epoch: 4 [25536/60000 (43%)]	Loss: 2.302585
Train Epoch: 4 [31936/60000 (53%)]	Loss: 2.302585
Train Epoch: 4 [38336/60000 (64%)]	Loss: 2.302585
Train Epoch: 4 [44736/60000 (75%)]	Loss: 2.302585
Train Epoch: 4 [51136/60000 (85%)]	Loss: 2.302585
Train Epoch: 4 [57536/60000 (96%)]	Loss: 2.302585

Test set: Average loss: 2.3026, Accuracy: 1121/10000 (11%)

Train Epoch: 5 [6336/60000 (11%)]	Loss: 2.302565
Train Epoch: 5 [12736/60000 (21%)]	Loss: 2.302561
Train Epoch: 5 [19136/60000 (32%)]	Loss: 2.302511
Train Epoch: 5 [25536/60000 (43%)]	Loss: 2.302543
Train Epoch: 5 [31936/60000 (53%)]	Loss: 2.302352
Train Epoch: 5 [38336/60000 (64%)]	Loss: 2.302419
Train Epoch: 5 [44736/60000 (75%)]	Loss: 2.302460
Train Epoch: 5 [51136/60000 (85%)]	Loss: 2.302384
Train Epoch: 5 [57536/60000 (96%)]	Loss: 2.302524

Test set: Average loss: 2.3023, Accuracy: 1047/10000 (10%)

Train Epoch: 6 [6336/60000 (11%)]	Loss: 2.302275
Train Epoch: 6 [12736/60000 (21%)]	Loss: 2.302252
Train Epoch: 6 [19136/60000 (32%)]	Loss: 2.302300
Train Epoch: 6 [25536/60000 (43%)]	Loss: 2.302299
Train Epoch: 6 [31936/60000 (53%)]	Loss: 2.302483
Train Epoch: 6 [38336/60000 (64%)]	Loss: 2.302303
Train Epoch: 6 [44736/60000 (75%)]	Loss: 2.301769
Train Epoch: 6 [51136/60000 (85%)]	Loss: 2.302103
Train Epoch: 6 [57536/60000 (96%)]	Loss: 2.302497

Test set: Average loss: 2.3021, Accuracy: 1015/10000 (10%)

Train Epoch: 7 [6336/60000 (11%)]	Loss: 2.302104
Train Epoch: 7 [12736/60000 (21%)]	Loss: 2.301952
Train Epoch: 7 [19136/60000 (32%)]	Loss: 2.302328
Train Epoch: 7 [25536/60000 (43%)]	Loss: 2.301685
Train Epoch: 7 [31936/60000 (53%)]	Loss: 2.301915
Train Epoch: 7 [38336/60000 (64%)]	Loss: 2.302112
Train Epoch: 7 [44736/60000 (75%)]	Loss: 2.301686
Train Epoch: 7 [51136/60000 (85%)]	Loss: 2.301675
Train Epoch: 7 [57536/60000 (96%)]	Loss: 2.301999

Test set: Average loss: 2.3019, Accuracy: 1014/10000 (10%)

Train Epoch: 8 [6336/60000 (11%)]	Loss: 2.301734
Train Epoch: 8 [12736/60000 (21%)]	Loss: 2.301072
Train Epoch: 8 [19136/60000 (32%)]	Loss: 2.301435
Train Epoch: 8 [25536/60000 (43%)]	Loss: 2.301894
Train Epoch: 8 [31936/60000 (53%)]	Loss: 2.301677
Train Epoch: 8 [38336/60000 (64%)]	Loss: 2.299975
Train Epoch: 8 [44736/60000 (75%)]	Loss: 2.301312
Train Epoch: 8 [51136/60000 (85%)]	Loss: 2.302649
Train Epoch: 8 [57536/60000 (96%)]	Loss: 2.300883

Test set: Average loss: 2.3015, Accuracy: 1010/10000 (10%)

Train Epoch: 9 [6336/60000 (11%)]	Loss: 2.301728
Train Epoch: 9 [12736/60000 (21%)]	Loss: 2.300514
Train Epoch: 9 [19136/60000 (32%)]	Loss: 2.301757
Train Epoch: 9 [25536/60000 (43%)]	Loss: 2.301987
Train Epoch: 9 [31936/60000 (53%)]	Loss: 2.299935
Train Epoch: 9 [38336/60000 (64%)]	Loss: 2.301729
Train Epoch: 9 [44736/60000 (75%)]	Loss: 2.301580
Train Epoch: 9 [51136/60000 (85%)]	Loss: 2.302829
Train Epoch: 9 [57536/60000 (96%)]	Loss: 2.300220

Test set: Average loss: 2.3006, Accuracy: 1023/10000 (10%)

Namespace(batch_size=64, bias=None, data='../data', device=1, epochs=9, hidden_size=500, load_weights=None, log_interval=100, lr=0.1, model='redfc4', momentum=0.9, no_cuda=False, r=5, save_model=None, save_results=True, seed=1, sparsity=0.975, use_relu=False, wd=0.0005)


Total time spent pruning/training: 1.81 minutes
Total number of parameters in model: 4496420
Number of parameters in pruned model: 112410
