Namespace(batch_size=64, bias=None, data='../data', device=1, epochs=10, hidden_size=500, load_weights=None, log_interval=100, lr=0.1, model='redfc4', momentum=0.9, no_cuda=False, r=5, save_model=None, save_results=True, seed=1, sparsity=0.9, use_relu=True, wd=0.0005) 

Pruning a Four-Layer Fully Connected Redundant Network ...
Train Epoch: 1 [6336/60000 (11%)]	Loss: 2.289122
Train Epoch: 1 [12736/60000 (21%)]	Loss: 2.147004
Train Epoch: 1 [19136/60000 (32%)]	Loss: 1.863841
Train Epoch: 1 [25536/60000 (43%)]	Loss: 1.630867
Train Epoch: 1 [31936/60000 (53%)]	Loss: 1.389572
Train Epoch: 1 [38336/60000 (64%)]	Loss: 1.312210
Train Epoch: 1 [44736/60000 (75%)]	Loss: 1.253644
Train Epoch: 1 [51136/60000 (85%)]	Loss: 1.326354
Train Epoch: 1 [57536/60000 (96%)]	Loss: 1.322239

Test set: Average loss: 1.1150, Accuracy: 6762/10000 (68%)

Train Epoch: 2 [6336/60000 (11%)]	Loss: 1.175120
Train Epoch: 2 [12736/60000 (21%)]	Loss: 0.972927
Train Epoch: 2 [19136/60000 (32%)]	Loss: 1.152066
Train Epoch: 2 [25536/60000 (43%)]	Loss: 0.881474
Train Epoch: 2 [31936/60000 (53%)]	Loss: 0.877051
Train Epoch: 2 [38336/60000 (64%)]	Loss: 0.917252
Train Epoch: 2 [44736/60000 (75%)]	Loss: 1.030584
Train Epoch: 2 [51136/60000 (85%)]	Loss: 0.907768
Train Epoch: 2 [57536/60000 (96%)]	Loss: 0.896884

Test set: Average loss: 0.8803, Accuracy: 7392/10000 (74%)

Train Epoch: 3 [6336/60000 (11%)]	Loss: 1.005743
Train Epoch: 3 [12736/60000 (21%)]	Loss: 0.810199
Train Epoch: 3 [19136/60000 (32%)]	Loss: 0.651149
Train Epoch: 3 [25536/60000 (43%)]	Loss: 0.953948
Train Epoch: 3 [31936/60000 (53%)]	Loss: 0.749731
Train Epoch: 3 [38336/60000 (64%)]	Loss: 0.897013
Train Epoch: 3 [44736/60000 (75%)]	Loss: 0.803350
Train Epoch: 3 [51136/60000 (85%)]	Loss: 0.821272
Train Epoch: 3 [57536/60000 (96%)]	Loss: 0.819263

Test set: Average loss: 0.8733, Accuracy: 7389/10000 (74%)

Train Epoch: 4 [6336/60000 (11%)]	Loss: 0.915915
Train Epoch: 4 [12736/60000 (21%)]	Loss: 0.894292
Train Epoch: 4 [19136/60000 (32%)]	Loss: 0.877176
Train Epoch: 4 [25536/60000 (43%)]	Loss: 0.977959
Train Epoch: 4 [31936/60000 (53%)]	Loss: 0.993907
Train Epoch: 4 [38336/60000 (64%)]	Loss: 0.907056
Train Epoch: 4 [44736/60000 (75%)]	Loss: 0.908268
Train Epoch: 4 [51136/60000 (85%)]	Loss: 0.946171
Train Epoch: 4 [57536/60000 (96%)]	Loss: 0.683475

Test set: Average loss: 0.8632, Accuracy: 7657/10000 (77%)

Train Epoch: 5 [6336/60000 (11%)]	Loss: 1.065544
Train Epoch: 5 [12736/60000 (21%)]	Loss: 0.897356
Train Epoch: 5 [19136/60000 (32%)]	Loss: 0.704102
Train Epoch: 5 [25536/60000 (43%)]	Loss: 0.752930
Train Epoch: 5 [31936/60000 (53%)]	Loss: 0.937198
Train Epoch: 5 [38336/60000 (64%)]	Loss: 0.953194
Train Epoch: 5 [44736/60000 (75%)]	Loss: 0.806032
Train Epoch: 5 [51136/60000 (85%)]	Loss: 0.833499
Train Epoch: 5 [57536/60000 (96%)]	Loss: 0.970103

Test set: Average loss: 0.9067, Accuracy: 7113/10000 (71%)

Train Epoch: 6 [6336/60000 (11%)]	Loss: 0.810494
Train Epoch: 6 [12736/60000 (21%)]	Loss: 0.771372
Train Epoch: 6 [19136/60000 (32%)]	Loss: 0.943205
Train Epoch: 6 [25536/60000 (43%)]	Loss: 0.930330
Train Epoch: 6 [31936/60000 (53%)]	Loss: 0.815345
Train Epoch: 6 [38336/60000 (64%)]	Loss: 0.798194
Train Epoch: 6 [44736/60000 (75%)]	Loss: 0.827764
Train Epoch: 6 [51136/60000 (85%)]	Loss: 0.743890
Train Epoch: 6 [57536/60000 (96%)]	Loss: 0.721040

Test set: Average loss: 0.8060, Accuracy: 7787/10000 (78%)

Train Epoch: 7 [6336/60000 (11%)]	Loss: 0.839610
Train Epoch: 7 [12736/60000 (21%)]	Loss: 0.710630
Train Epoch: 7 [19136/60000 (32%)]	Loss: 0.807861
Train Epoch: 7 [25536/60000 (43%)]	Loss: 0.803535
Train Epoch: 7 [31936/60000 (53%)]	Loss: 0.716994
Train Epoch: 7 [38336/60000 (64%)]	Loss: 0.948850
Train Epoch: 7 [44736/60000 (75%)]	Loss: 0.706301
Train Epoch: 7 [51136/60000 (85%)]	Loss: 0.853486
Train Epoch: 7 [57536/60000 (96%)]	Loss: 0.911629

Test set: Average loss: 0.7866, Accuracy: 7817/10000 (78%)

Train Epoch: 8 [6336/60000 (11%)]	Loss: 0.750952
Train Epoch: 8 [12736/60000 (21%)]	Loss: 0.742598
Train Epoch: 8 [19136/60000 (32%)]	Loss: 0.728330
Train Epoch: 8 [25536/60000 (43%)]	Loss: 0.678478
Train Epoch: 8 [31936/60000 (53%)]	Loss: 0.838706
Train Epoch: 8 [38336/60000 (64%)]	Loss: 0.670604
Train Epoch: 8 [44736/60000 (75%)]	Loss: 0.812776
Train Epoch: 8 [51136/60000 (85%)]	Loss: 0.814213
Train Epoch: 8 [57536/60000 (96%)]	Loss: 0.709945

Test set: Average loss: 0.7301, Accuracy: 7902/10000 (79%)

Train Epoch: 9 [6336/60000 (11%)]	Loss: 0.674988
Train Epoch: 9 [12736/60000 (21%)]	Loss: 0.706919
Train Epoch: 9 [19136/60000 (32%)]	Loss: 0.757984
Train Epoch: 9 [25536/60000 (43%)]	Loss: 0.798765
Train Epoch: 9 [31936/60000 (53%)]	Loss: 0.749080
Train Epoch: 9 [38336/60000 (64%)]	Loss: 0.752795
Train Epoch: 9 [44736/60000 (75%)]	Loss: 0.751511
Train Epoch: 9 [51136/60000 (85%)]	Loss: 0.633891
Train Epoch: 9 [57536/60000 (96%)]	Loss: 0.547092

Test set: Average loss: 0.6884, Accuracy: 8152/10000 (82%)

Train Epoch: 10 [6336/60000 (11%)]	Loss: 0.644575
Train Epoch: 10 [12736/60000 (21%)]	Loss: 0.674113
Train Epoch: 10 [19136/60000 (32%)]	Loss: 0.586694
Train Epoch: 10 [25536/60000 (43%)]	Loss: 0.940798
Train Epoch: 10 [31936/60000 (53%)]	Loss: 0.738869
Train Epoch: 10 [38336/60000 (64%)]	Loss: 0.864702
Train Epoch: 10 [44736/60000 (75%)]	Loss: 0.747487
Train Epoch: 10 [51136/60000 (85%)]	Loss: 0.746322
Train Epoch: 10 [57536/60000 (96%)]	Loss: 0.696573

Test set: Average loss: 0.6963, Accuracy: 7990/10000 (80%)

Namespace(batch_size=64, bias=None, data='../data', device=1, epochs=10, hidden_size=500, load_weights=None, log_interval=100, lr=0.1, model='redfc4', momentum=0.9, no_cuda=False, r=5, save_model=None, save_results=True, seed=1, sparsity=0.9, use_relu=True, wd=0.0005)


Total time spent pruning/training: 2.02 minutes
Total number of parameters in model: 4496420
Number of parameters in pruned model: 449641
