Namespace(batch_size=64, bias=None, data='../data', device=1, epochs=15, hidden_size=500, load_weights=None, log_interval=100, lr=0.1, model='redfc4', momentum=0.9, no_cuda=False, r=5, save_model=None, save_results=True, seed=1, sparsity=0.9, use_relu=False, wd=0.0005) 

Pruning a Four-Layer Fully Connected Redundant Network ...
Train Epoch: 1 [6336/60000 (11%)]	Loss: 1.913958
Train Epoch: 1 [12736/60000 (21%)]	Loss: 0.817320
Train Epoch: 1 [19136/60000 (32%)]	Loss: 0.377304
Train Epoch: 1 [25536/60000 (43%)]	Loss: 0.623030
Train Epoch: 1 [31936/60000 (53%)]	Loss: 0.357349
Train Epoch: 1 [38336/60000 (64%)]	Loss: 0.364885
Train Epoch: 1 [44736/60000 (75%)]	Loss: 0.281615
Train Epoch: 1 [51136/60000 (85%)]	Loss: 0.378537
Train Epoch: 1 [57536/60000 (96%)]	Loss: 0.531738

Test set: Average loss: 0.3071, Accuracy: 9072/10000 (91%)

Train Epoch: 2 [6336/60000 (11%)]	Loss: 0.354302
Train Epoch: 2 [12736/60000 (21%)]	Loss: 0.147153
Train Epoch: 2 [19136/60000 (32%)]	Loss: 0.230939
Train Epoch: 2 [25536/60000 (43%)]	Loss: 0.221071
Train Epoch: 2 [31936/60000 (53%)]	Loss: 0.187141
Train Epoch: 2 [38336/60000 (64%)]	Loss: 0.307201
Train Epoch: 2 [44736/60000 (75%)]	Loss: 0.301009
Train Epoch: 2 [51136/60000 (85%)]	Loss: 0.181683
Train Epoch: 2 [57536/60000 (96%)]	Loss: 0.266657

Test set: Average loss: 0.2480, Accuracy: 9236/10000 (92%)

Train Epoch: 3 [6336/60000 (11%)]	Loss: 0.313463
Train Epoch: 3 [12736/60000 (21%)]	Loss: 0.208935
Train Epoch: 3 [19136/60000 (32%)]	Loss: 0.092495
Train Epoch: 3 [25536/60000 (43%)]	Loss: 0.151492
Train Epoch: 3 [31936/60000 (53%)]	Loss: 0.192716
Train Epoch: 3 [38336/60000 (64%)]	Loss: 0.182706
Train Epoch: 3 [44736/60000 (75%)]	Loss: 0.276073
Train Epoch: 3 [51136/60000 (85%)]	Loss: 0.093108
Train Epoch: 3 [57536/60000 (96%)]	Loss: 0.251556

Test set: Average loss: 0.2385, Accuracy: 9255/10000 (93%)

Train Epoch: 4 [6336/60000 (11%)]	Loss: 0.301098
Train Epoch: 4 [12736/60000 (21%)]	Loss: 0.215634
Train Epoch: 4 [19136/60000 (32%)]	Loss: 0.278889
Train Epoch: 4 [25536/60000 (43%)]	Loss: 0.356598
Train Epoch: 4 [31936/60000 (53%)]	Loss: 0.345690
Train Epoch: 4 [38336/60000 (64%)]	Loss: 0.227055
Train Epoch: 4 [44736/60000 (75%)]	Loss: 0.223293
Train Epoch: 4 [51136/60000 (85%)]	Loss: 0.273787
Train Epoch: 4 [57536/60000 (96%)]	Loss: 0.140144

Test set: Average loss: 0.2220, Accuracy: 9323/10000 (93%)

Train Epoch: 5 [6336/60000 (11%)]	Loss: 0.521378
Train Epoch: 5 [12736/60000 (21%)]	Loss: 0.184260
Train Epoch: 5 [19136/60000 (32%)]	Loss: 0.247230
Train Epoch: 5 [25536/60000 (43%)]	Loss: 0.153836
Train Epoch: 5 [31936/60000 (53%)]	Loss: 0.288241
Train Epoch: 5 [38336/60000 (64%)]	Loss: 0.280793
Train Epoch: 5 [44736/60000 (75%)]	Loss: 0.184398
Train Epoch: 5 [51136/60000 (85%)]	Loss: 0.196568
Train Epoch: 5 [57536/60000 (96%)]	Loss: 0.325434

Test set: Average loss: 0.2389, Accuracy: 9194/10000 (92%)

Train Epoch: 6 [6336/60000 (11%)]	Loss: 0.111721
Train Epoch: 6 [12736/60000 (21%)]	Loss: 0.147946
Train Epoch: 6 [19136/60000 (32%)]	Loss: 0.233726
Train Epoch: 6 [25536/60000 (43%)]	Loss: 0.299141
Train Epoch: 6 [31936/60000 (53%)]	Loss: 0.458535
Train Epoch: 6 [38336/60000 (64%)]	Loss: 0.188813
Train Epoch: 6 [44736/60000 (75%)]	Loss: 0.223218
Train Epoch: 6 [51136/60000 (85%)]	Loss: 0.332509
Train Epoch: 6 [57536/60000 (96%)]	Loss: 0.334261

Test set: Average loss: 0.2754, Accuracy: 9158/10000 (92%)

Train Epoch: 7 [6336/60000 (11%)]	Loss: 0.118067
Train Epoch: 7 [12736/60000 (21%)]	Loss: 0.149106
Train Epoch: 7 [19136/60000 (32%)]	Loss: 0.175722
Train Epoch: 7 [25536/60000 (43%)]	Loss: 0.357450
Train Epoch: 7 [31936/60000 (53%)]	Loss: 0.221569
Train Epoch: 7 [38336/60000 (64%)]	Loss: 0.294540
Train Epoch: 7 [44736/60000 (75%)]	Loss: 0.204331
Train Epoch: 7 [51136/60000 (85%)]	Loss: 0.235371
Train Epoch: 7 [57536/60000 (96%)]	Loss: 0.355439

Test set: Average loss: 0.2395, Accuracy: 9242/10000 (92%)

Train Epoch: 8 [6336/60000 (11%)]	Loss: 0.164971
Train Epoch: 8 [12736/60000 (21%)]	Loss: 0.252620
Train Epoch: 8 [19136/60000 (32%)]	Loss: 0.263560
Train Epoch: 8 [25536/60000 (43%)]	Loss: 0.235256
Train Epoch: 8 [31936/60000 (53%)]	Loss: 0.209595
Train Epoch: 8 [38336/60000 (64%)]	Loss: 0.343486
Train Epoch: 8 [44736/60000 (75%)]	Loss: 0.304317
Train Epoch: 8 [51136/60000 (85%)]	Loss: 0.209329
Train Epoch: 8 [57536/60000 (96%)]	Loss: 0.188909

Test set: Average loss: 0.2265, Accuracy: 9278/10000 (93%)

Train Epoch: 9 [6336/60000 (11%)]	Loss: 0.223337
Train Epoch: 9 [12736/60000 (21%)]	Loss: 0.289283
Train Epoch: 9 [19136/60000 (32%)]	Loss: 0.352022
Train Epoch: 9 [25536/60000 (43%)]	Loss: 0.344338
Train Epoch: 9 [31936/60000 (53%)]	Loss: 0.153974
Train Epoch: 9 [38336/60000 (64%)]	Loss: 0.240068
Train Epoch: 9 [44736/60000 (75%)]	Loss: 0.268779
Train Epoch: 9 [51136/60000 (85%)]	Loss: 0.167950
Train Epoch: 9 [57536/60000 (96%)]	Loss: 0.233117

Test set: Average loss: 0.2371, Accuracy: 9239/10000 (92%)

Train Epoch: 10 [6336/60000 (11%)]	Loss: 0.099841
Train Epoch: 10 [12736/60000 (21%)]	Loss: 0.187789
Train Epoch: 10 [19136/60000 (32%)]	Loss: 0.112437
Train Epoch: 10 [25536/60000 (43%)]	Loss: 0.365329
Train Epoch: 10 [31936/60000 (53%)]	Loss: 0.125643
Train Epoch: 10 [38336/60000 (64%)]	Loss: 0.117347
Train Epoch: 10 [44736/60000 (75%)]	Loss: 0.229763
Train Epoch: 10 [51136/60000 (85%)]	Loss: 0.284174
Train Epoch: 10 [57536/60000 (96%)]	Loss: 0.145530

Test set: Average loss: 0.2173, Accuracy: 9341/10000 (93%)

Train Epoch: 11 [6336/60000 (11%)]	Loss: 0.063020
Train Epoch: 11 [12736/60000 (21%)]	Loss: 0.075113
Train Epoch: 11 [19136/60000 (32%)]	Loss: 0.071508
Train Epoch: 11 [25536/60000 (43%)]	Loss: 0.103918
Train Epoch: 11 [31936/60000 (53%)]	Loss: 0.444763
Train Epoch: 11 [38336/60000 (64%)]	Loss: 0.101053
Train Epoch: 11 [44736/60000 (75%)]	Loss: 0.231322
Train Epoch: 11 [51136/60000 (85%)]	Loss: 0.211182
Train Epoch: 11 [57536/60000 (96%)]	Loss: 0.123852

Test set: Average loss: 0.1676, Accuracy: 9477/10000 (95%)

Train Epoch: 12 [6336/60000 (11%)]	Loss: 0.156726
Train Epoch: 12 [12736/60000 (21%)]	Loss: 0.127828
Train Epoch: 12 [19136/60000 (32%)]	Loss: 0.189746
Train Epoch: 12 [25536/60000 (43%)]	Loss: 0.086671
Train Epoch: 12 [31936/60000 (53%)]	Loss: 0.212191
Train Epoch: 12 [38336/60000 (64%)]	Loss: 0.131529
Train Epoch: 12 [44736/60000 (75%)]	Loss: 0.294575
Train Epoch: 12 [51136/60000 (85%)]	Loss: 0.052597
Train Epoch: 12 [57536/60000 (96%)]	Loss: 0.385449

Test set: Average loss: 0.1707, Accuracy: 9475/10000 (95%)

Train Epoch: 13 [6336/60000 (11%)]	Loss: 0.163421
Train Epoch: 13 [12736/60000 (21%)]	Loss: 0.240887
Train Epoch: 13 [19136/60000 (32%)]	Loss: 0.110630
Train Epoch: 13 [25536/60000 (43%)]	Loss: 0.146936
Train Epoch: 13 [31936/60000 (53%)]	Loss: 0.094155
Train Epoch: 13 [38336/60000 (64%)]	Loss: 0.101337
Train Epoch: 13 [44736/60000 (75%)]	Loss: 0.076930
Train Epoch: 13 [51136/60000 (85%)]	Loss: 0.107264
Train Epoch: 13 [57536/60000 (96%)]	Loss: 0.163964

Test set: Average loss: 0.1467, Accuracy: 9529/10000 (95%)

Train Epoch: 14 [6336/60000 (11%)]	Loss: 0.069313
Train Epoch: 14 [12736/60000 (21%)]	Loss: 0.125439
Train Epoch: 14 [19136/60000 (32%)]	Loss: 0.210164
Train Epoch: 14 [25536/60000 (43%)]	Loss: 0.123860
Train Epoch: 14 [31936/60000 (53%)]	Loss: 0.133946
Train Epoch: 14 [38336/60000 (64%)]	Loss: 0.099951
Train Epoch: 14 [44736/60000 (75%)]	Loss: 0.162556
Train Epoch: 14 [51136/60000 (85%)]	Loss: 0.039520
Train Epoch: 14 [57536/60000 (96%)]	Loss: 0.107702

Test set: Average loss: 0.1117, Accuracy: 9647/10000 (96%)

Train Epoch: 15 [6336/60000 (11%)]	Loss: 0.055012
Train Epoch: 15 [12736/60000 (21%)]	Loss: 0.038987
Train Epoch: 15 [19136/60000 (32%)]	Loss: 0.073666
Train Epoch: 15 [25536/60000 (43%)]	Loss: 0.078228
Train Epoch: 15 [31936/60000 (53%)]	Loss: 0.028145
Train Epoch: 15 [38336/60000 (64%)]	Loss: 0.296550
Train Epoch: 15 [44736/60000 (75%)]	Loss: 0.068393
Train Epoch: 15 [51136/60000 (85%)]	Loss: 0.029830
Train Epoch: 15 [57536/60000 (96%)]	Loss: 0.068661

Test set: Average loss: 0.0992, Accuracy: 9683/10000 (97%)

Namespace(batch_size=64, bias=None, data='../data', device=1, epochs=15, hidden_size=500, load_weights=None, log_interval=100, lr=0.1, model='redfc4', momentum=0.9, no_cuda=False, r=5, save_model=None, save_results=True, seed=1, sparsity=0.9, use_relu=False, wd=0.0005)


Total time spent pruning/training: 2.98 minutes
Total number of parameters in model: 4496420
Number of parameters in pruned model: 449641
