Namespace(batch_size=64, bias=None, data='../data', device=1, epochs=7, hidden_size=500, load_weights=None, log_interval=100, lr=0.1, model='redfc4', momentum=0.9, no_cuda=False, r=5, save_model=None, save_results=True, seed=1, sparsity=0.05, use_relu=False, wd=0.0005) 

Pruning a Four-Layer Fully Connected Redundant Network ...
Train Epoch: 1 [6336/60000 (11%)]	Loss: 7.931054
Train Epoch: 1 [12736/60000 (21%)]	Loss: 4.265900
Train Epoch: 1 [19136/60000 (32%)]	Loss: 4.155206
Train Epoch: 1 [25536/60000 (43%)]	Loss: 3.430566
Train Epoch: 1 [31936/60000 (53%)]	Loss: 7.702818
Train Epoch: 1 [38336/60000 (64%)]	Loss: 6.903853
Train Epoch: 1 [44736/60000 (75%)]	Loss: 7.440998
Train Epoch: 1 [51136/60000 (85%)]	Loss: 8.445874
Train Epoch: 1 [57536/60000 (96%)]	Loss: 7.460360

Test set: Average loss: 9.1489, Accuracy: 7426/10000 (74%)

Train Epoch: 2 [6336/60000 (11%)]	Loss: 16.415424
Train Epoch: 2 [12736/60000 (21%)]	Loss: 13.535004
Train Epoch: 2 [19136/60000 (32%)]	Loss: 16.469002
Train Epoch: 2 [25536/60000 (43%)]	Loss: 6.075093
Train Epoch: 2 [31936/60000 (53%)]	Loss: 3.927181
Train Epoch: 2 [38336/60000 (64%)]	Loss: 16.766323
Train Epoch: 2 [44736/60000 (75%)]	Loss: 13.565212
Train Epoch: 2 [51136/60000 (85%)]	Loss: 15.713493
Train Epoch: 2 [57536/60000 (96%)]	Loss: 8.213096

Test set: Average loss: 26.3861, Accuracy: 5708/10000 (57%)

Train Epoch: 3 [6336/60000 (11%)]	Loss: 22.046413
Train Epoch: 3 [12736/60000 (21%)]	Loss: 12.787372
Train Epoch: 3 [19136/60000 (32%)]	Loss: 10.502710
Train Epoch: 3 [25536/60000 (43%)]	Loss: 16.775537
Train Epoch: 3 [31936/60000 (53%)]	Loss: 8.463963
Train Epoch: 3 [38336/60000 (64%)]	Loss: 17.138250
Train Epoch: 3 [44736/60000 (75%)]	Loss: 18.362715
Train Epoch: 3 [51136/60000 (85%)]	Loss: 14.004035
Train Epoch: 3 [57536/60000 (96%)]	Loss: 19.556410

Test set: Average loss: 20.9392, Accuracy: 6049/10000 (60%)

Train Epoch: 4 [6336/60000 (11%)]	Loss: 19.711729
Train Epoch: 4 [12736/60000 (21%)]	Loss: 22.356974
Train Epoch: 4 [19136/60000 (32%)]	Loss: 16.581470
Train Epoch: 4 [25536/60000 (43%)]	Loss: 16.210489
Train Epoch: 4 [31936/60000 (53%)]	Loss: 19.222544
Train Epoch: 4 [38336/60000 (64%)]	Loss: 15.190348
Train Epoch: 4 [44736/60000 (75%)]	Loss: 8.294137
Train Epoch: 4 [51136/60000 (85%)]	Loss: 10.974518
Train Epoch: 4 [57536/60000 (96%)]	Loss: 18.521450

Test set: Average loss: 18.1472, Accuracy: 6551/10000 (66%)

Train Epoch: 5 [6336/60000 (11%)]	Loss: 19.726110
Train Epoch: 5 [12736/60000 (21%)]	Loss: 24.286978
Train Epoch: 5 [19136/60000 (32%)]	Loss: 15.440078
Train Epoch: 5 [25536/60000 (43%)]	Loss: 19.571491
Train Epoch: 5 [31936/60000 (53%)]	Loss: 19.815502
Train Epoch: 5 [38336/60000 (64%)]	Loss: 17.031525
Train Epoch: 5 [44736/60000 (75%)]	Loss: 15.146825
Train Epoch: 5 [51136/60000 (85%)]	Loss: 19.371632
Train Epoch: 5 [57536/60000 (96%)]	Loss: 15.749971

Test set: Average loss: 20.4263, Accuracy: 6018/10000 (60%)

Train Epoch: 6 [6336/60000 (11%)]	Loss: 16.469620
Train Epoch: 6 [12736/60000 (21%)]	Loss: 20.525230
Train Epoch: 6 [19136/60000 (32%)]	Loss: 17.828003
Train Epoch: 6 [25536/60000 (43%)]	Loss: 21.818275
Train Epoch: 6 [31936/60000 (53%)]	Loss: 21.731201
Train Epoch: 6 [38336/60000 (64%)]	Loss: 13.885358
Train Epoch: 6 [44736/60000 (75%)]	Loss: 21.947834
Train Epoch: 6 [51136/60000 (85%)]	Loss: 15.162429
Train Epoch: 6 [57536/60000 (96%)]	Loss: 17.962328

Test set: Average loss: 18.4618, Accuracy: 6466/10000 (65%)

Train Epoch: 7 [6336/60000 (11%)]	Loss: 11.985601
Train Epoch: 7 [12736/60000 (21%)]	Loss: 9.549965
Train Epoch: 7 [19136/60000 (32%)]	Loss: 11.421118
Train Epoch: 7 [25536/60000 (43%)]	Loss: 9.306890
Train Epoch: 7 [31936/60000 (53%)]	Loss: 17.650375
Train Epoch: 7 [38336/60000 (64%)]	Loss: 15.941769
Train Epoch: 7 [44736/60000 (75%)]	Loss: 12.487762
Train Epoch: 7 [51136/60000 (85%)]	Loss: 12.787997
Train Epoch: 7 [57536/60000 (96%)]	Loss: 26.241400

Test set: Average loss: 17.6630, Accuracy: 6626/10000 (66%)

Namespace(batch_size=64, bias=None, data='../data', device=1, epochs=7, hidden_size=500, load_weights=None, log_interval=100, lr=0.1, model='redfc4', momentum=0.9, no_cuda=False, r=5, save_model=None, save_results=True, seed=1, sparsity=0.05, use_relu=False, wd=0.0005)


Total time spent pruning/training: 1.40 minutes
Total number of parameters in model: 4496420
Number of parameters in pruned model: 4271599
