Namespace(batch_size=64, bias=None, data='../data', device=1, epochs=16, hidden_size=500, load_weights=None, log_interval=100, lr=0.1, model='redfc4', momentum=0.9, no_cuda=False, r=5, save_model=None, save_results=True, seed=1, sparsity=0.5, use_relu=False, wd=0.0005) 

Pruning a Four-Layer Fully Connected Redundant Network ...
Train Epoch: 1 [6336/60000 (11%)]	Loss: 0.432786
Train Epoch: 1 [12736/60000 (21%)]	Loss: 0.340270
Train Epoch: 1 [19136/60000 (32%)]	Loss: 0.342410
Train Epoch: 1 [25536/60000 (43%)]	Loss: 0.431611
Train Epoch: 1 [31936/60000 (53%)]	Loss: 0.210044
Train Epoch: 1 [38336/60000 (64%)]	Loss: 0.298713
Train Epoch: 1 [44736/60000 (75%)]	Loss: 0.115251
Train Epoch: 1 [51136/60000 (85%)]	Loss: 0.325849
Train Epoch: 1 [57536/60000 (96%)]	Loss: 0.142148

Test set: Average loss: 0.2157, Accuracy: 9338/10000 (93%)

Train Epoch: 2 [6336/60000 (11%)]	Loss: 0.406694
Train Epoch: 2 [12736/60000 (21%)]	Loss: 0.111399
Train Epoch: 2 [19136/60000 (32%)]	Loss: 0.143760
Train Epoch: 2 [25536/60000 (43%)]	Loss: 0.088001
Train Epoch: 2 [31936/60000 (53%)]	Loss: 0.156119
Train Epoch: 2 [38336/60000 (64%)]	Loss: 0.240849
Train Epoch: 2 [44736/60000 (75%)]	Loss: 0.421516
Train Epoch: 2 [51136/60000 (85%)]	Loss: 0.131293
Train Epoch: 2 [57536/60000 (96%)]	Loss: 0.167888

Test set: Average loss: 0.1924, Accuracy: 9426/10000 (94%)

Train Epoch: 3 [6336/60000 (11%)]	Loss: 0.131627
Train Epoch: 3 [12736/60000 (21%)]	Loss: 0.161124
Train Epoch: 3 [19136/60000 (32%)]	Loss: 0.008043
Train Epoch: 3 [25536/60000 (43%)]	Loss: 0.118366
Train Epoch: 3 [31936/60000 (53%)]	Loss: 0.054032
Train Epoch: 3 [38336/60000 (64%)]	Loss: 0.140575
Train Epoch: 3 [44736/60000 (75%)]	Loss: 0.178676
Train Epoch: 3 [51136/60000 (85%)]	Loss: 0.132897
Train Epoch: 3 [57536/60000 (96%)]	Loss: 0.263214

Test set: Average loss: 0.2007, Accuracy: 9366/10000 (94%)

Train Epoch: 4 [6336/60000 (11%)]	Loss: 0.065532
Train Epoch: 4 [12736/60000 (21%)]	Loss: 0.218290
Train Epoch: 4 [19136/60000 (32%)]	Loss: 0.378192
Train Epoch: 4 [25536/60000 (43%)]	Loss: 0.417204
Train Epoch: 4 [31936/60000 (53%)]	Loss: 0.096830
Train Epoch: 4 [38336/60000 (64%)]	Loss: 0.176952
Train Epoch: 4 [44736/60000 (75%)]	Loss: 0.115500
Train Epoch: 4 [51136/60000 (85%)]	Loss: 0.088437
Train Epoch: 4 [57536/60000 (96%)]	Loss: 0.145920

Test set: Average loss: 0.1981, Accuracy: 9364/10000 (94%)

Train Epoch: 5 [6336/60000 (11%)]	Loss: 0.362997
Train Epoch: 5 [12736/60000 (21%)]	Loss: 0.069831
Train Epoch: 5 [19136/60000 (32%)]	Loss: 0.220487
Train Epoch: 5 [25536/60000 (43%)]	Loss: 0.152751
Train Epoch: 5 [31936/60000 (53%)]	Loss: 0.189827
Train Epoch: 5 [38336/60000 (64%)]	Loss: 0.284697
Train Epoch: 5 [44736/60000 (75%)]	Loss: 0.285929
Train Epoch: 5 [51136/60000 (85%)]	Loss: 0.132664
Train Epoch: 5 [57536/60000 (96%)]	Loss: 0.209658

Test set: Average loss: 0.2796, Accuracy: 9174/10000 (92%)

Train Epoch: 6 [6336/60000 (11%)]	Loss: 0.127975
Train Epoch: 6 [12736/60000 (21%)]	Loss: 0.122336
Train Epoch: 6 [19136/60000 (32%)]	Loss: 0.200093
Train Epoch: 6 [25536/60000 (43%)]	Loss: 0.469926
Train Epoch: 6 [31936/60000 (53%)]	Loss: 0.353328
Train Epoch: 6 [38336/60000 (64%)]	Loss: 0.133585
Train Epoch: 6 [44736/60000 (75%)]	Loss: 0.487037
Train Epoch: 6 [51136/60000 (85%)]	Loss: 0.269908
Train Epoch: 6 [57536/60000 (96%)]	Loss: 0.166398

Test set: Average loss: 0.3269, Accuracy: 9014/10000 (90%)

Train Epoch: 7 [6336/60000 (11%)]	Loss: 0.112702
Train Epoch: 7 [12736/60000 (21%)]	Loss: 0.125551
Train Epoch: 7 [19136/60000 (32%)]	Loss: 0.263803
Train Epoch: 7 [25536/60000 (43%)]	Loss: 0.326269
Train Epoch: 7 [31936/60000 (53%)]	Loss: 0.214558
Train Epoch: 7 [38336/60000 (64%)]	Loss: 0.285821
Train Epoch: 7 [44736/60000 (75%)]	Loss: 0.294007
Train Epoch: 7 [51136/60000 (85%)]	Loss: 0.251947
Train Epoch: 7 [57536/60000 (96%)]	Loss: 0.212584

Test set: Average loss: 0.2773, Accuracy: 9146/10000 (91%)

Train Epoch: 8 [6336/60000 (11%)]	Loss: 0.054500
Train Epoch: 8 [12736/60000 (21%)]	Loss: 0.285989
Train Epoch: 8 [19136/60000 (32%)]	Loss: 0.223977
Train Epoch: 8 [25536/60000 (43%)]	Loss: 0.187934
Train Epoch: 8 [31936/60000 (53%)]	Loss: 0.425892
Train Epoch: 8 [38336/60000 (64%)]	Loss: 0.362796
Train Epoch: 8 [44736/60000 (75%)]	Loss: 0.168239
Train Epoch: 8 [51136/60000 (85%)]	Loss: 0.157822
Train Epoch: 8 [57536/60000 (96%)]	Loss: 0.070276

Test set: Average loss: 0.2131, Accuracy: 9411/10000 (94%)

Train Epoch: 9 [6336/60000 (11%)]	Loss: 0.095332
Train Epoch: 9 [12736/60000 (21%)]	Loss: 0.239976
Train Epoch: 9 [19136/60000 (32%)]	Loss: 0.471805
Train Epoch: 9 [25536/60000 (43%)]	Loss: 0.242137
Train Epoch: 9 [31936/60000 (53%)]	Loss: 0.138217
Train Epoch: 9 [38336/60000 (64%)]	Loss: 0.347112
Train Epoch: 9 [44736/60000 (75%)]	Loss: 0.230594
Train Epoch: 9 [51136/60000 (85%)]	Loss: 0.094610
Train Epoch: 9 [57536/60000 (96%)]	Loss: 0.133781

Test set: Average loss: 0.2432, Accuracy: 9292/10000 (93%)

Train Epoch: 10 [6336/60000 (11%)]	Loss: 0.127873
Train Epoch: 10 [12736/60000 (21%)]	Loss: 0.162428
Train Epoch: 10 [19136/60000 (32%)]	Loss: 0.074834
Train Epoch: 10 [25536/60000 (43%)]	Loss: 0.283083
Train Epoch: 10 [31936/60000 (53%)]	Loss: 0.162749
Train Epoch: 10 [38336/60000 (64%)]	Loss: 0.046685
Train Epoch: 10 [44736/60000 (75%)]	Loss: 0.193444
Train Epoch: 10 [51136/60000 (85%)]	Loss: 0.183419
Train Epoch: 10 [57536/60000 (96%)]	Loss: 0.247057

Test set: Average loss: 0.1815, Accuracy: 9454/10000 (95%)

Train Epoch: 11 [6336/60000 (11%)]	Loss: 0.072182
Train Epoch: 11 [12736/60000 (21%)]	Loss: 0.033789
Train Epoch: 11 [19136/60000 (32%)]	Loss: 0.110408
Train Epoch: 11 [25536/60000 (43%)]	Loss: 0.164651
Train Epoch: 11 [31936/60000 (53%)]	Loss: 0.380045
Train Epoch: 11 [38336/60000 (64%)]	Loss: 0.061491
Train Epoch: 11 [44736/60000 (75%)]	Loss: 0.199764
Train Epoch: 11 [51136/60000 (85%)]	Loss: 0.081201
Train Epoch: 11 [57536/60000 (96%)]	Loss: 0.055180

Test set: Average loss: 0.1687, Accuracy: 9466/10000 (95%)

Train Epoch: 12 [6336/60000 (11%)]	Loss: 0.175407
Train Epoch: 12 [12736/60000 (21%)]	Loss: 0.232939
Train Epoch: 12 [19136/60000 (32%)]	Loss: 0.127698
Train Epoch: 12 [25536/60000 (43%)]	Loss: 0.081741
Train Epoch: 12 [31936/60000 (53%)]	Loss: 0.320488
Train Epoch: 12 [38336/60000 (64%)]	Loss: 0.194511
Train Epoch: 12 [44736/60000 (75%)]	Loss: 0.339675
Train Epoch: 12 [51136/60000 (85%)]	Loss: 0.075803
Train Epoch: 12 [57536/60000 (96%)]	Loss: 0.336903

Test set: Average loss: 0.1905, Accuracy: 9396/10000 (94%)

Train Epoch: 13 [6336/60000 (11%)]	Loss: 0.022844
Train Epoch: 13 [12736/60000 (21%)]	Loss: 0.230365
Train Epoch: 13 [19136/60000 (32%)]	Loss: 0.094617
Train Epoch: 13 [25536/60000 (43%)]	Loss: 0.017741
Train Epoch: 13 [31936/60000 (53%)]	Loss: 0.050597
Train Epoch: 13 [38336/60000 (64%)]	Loss: 0.037764
Train Epoch: 13 [44736/60000 (75%)]	Loss: 0.033922
Train Epoch: 13 [51136/60000 (85%)]	Loss: 0.045957
Train Epoch: 13 [57536/60000 (96%)]	Loss: 0.071155

Test set: Average loss: 0.1031, Accuracy: 9691/10000 (97%)

Train Epoch: 14 [6336/60000 (11%)]	Loss: 0.057272
Train Epoch: 14 [12736/60000 (21%)]	Loss: 0.025667
Train Epoch: 14 [19136/60000 (32%)]	Loss: 0.059969
Train Epoch: 14 [25536/60000 (43%)]	Loss: 0.217197
Train Epoch: 14 [31936/60000 (53%)]	Loss: 0.097902
Train Epoch: 14 [38336/60000 (64%)]	Loss: 0.086274
Train Epoch: 14 [44736/60000 (75%)]	Loss: 0.140755
Train Epoch: 14 [51136/60000 (85%)]	Loss: 0.028095
Train Epoch: 14 [57536/60000 (96%)]	Loss: 0.054585

Test set: Average loss: 0.1004, Accuracy: 9718/10000 (97%)

Train Epoch: 15 [6336/60000 (11%)]	Loss: 0.035764
Train Epoch: 15 [12736/60000 (21%)]	Loss: 0.051979
Train Epoch: 15 [19136/60000 (32%)]	Loss: 0.087768
Train Epoch: 15 [25536/60000 (43%)]	Loss: 0.017833
Train Epoch: 15 [31936/60000 (53%)]	Loss: 0.034913
Train Epoch: 15 [38336/60000 (64%)]	Loss: 0.203005
Train Epoch: 15 [44736/60000 (75%)]	Loss: 0.010461
Train Epoch: 15 [51136/60000 (85%)]	Loss: 0.002563
Train Epoch: 15 [57536/60000 (96%)]	Loss: 0.023803

Test set: Average loss: 0.0765, Accuracy: 9776/10000 (98%)

Train Epoch: 16 [6336/60000 (11%)]	Loss: 0.001403
Train Epoch: 16 [12736/60000 (21%)]	Loss: 0.023146
Train Epoch: 16 [19136/60000 (32%)]	Loss: 0.027238
Train Epoch: 16 [25536/60000 (43%)]	Loss: 0.003426
Train Epoch: 16 [31936/60000 (53%)]	Loss: 0.050821
Train Epoch: 16 [38336/60000 (64%)]	Loss: 0.008114
Train Epoch: 16 [44736/60000 (75%)]	Loss: 0.028215
Train Epoch: 16 [51136/60000 (85%)]	Loss: 0.005752
Train Epoch: 16 [57536/60000 (96%)]	Loss: 0.003618

Test set: Average loss: 0.0710, Accuracy: 9800/10000 (98%)

Namespace(batch_size=64, bias=None, data='../data', device=1, epochs=16, hidden_size=500, load_weights=None, log_interval=100, lr=0.1, model='redfc4', momentum=0.9, no_cuda=False, r=5, save_model=None, save_results=True, seed=1, sparsity=0.5, use_relu=False, wd=0.0005)


Total time spent pruning/training: 3.17 minutes
Total number of parameters in model: 4496420
Number of parameters in pruned model: 2248210
