Namespace(batch_size=64, bias=None, data='../data', device=1, epochs=12, hidden_size=500, load_weights=None, log_interval=100, lr=0.1, model='redfc4', momentum=0.9, no_cuda=False, r=5, save_model=None, save_results=True, seed=1, sparsity=0.5, use_relu=True, wd=0.0005) 

Pruning a Four-Layer Fully Connected Redundant Network ...
Train Epoch: 1 [6336/60000 (11%)]	Loss: 0.579354
Train Epoch: 1 [12736/60000 (21%)]	Loss: 0.361615
Train Epoch: 1 [19136/60000 (32%)]	Loss: 0.294225
Train Epoch: 1 [25536/60000 (43%)]	Loss: 0.529803
Train Epoch: 1 [31936/60000 (53%)]	Loss: 0.144529
Train Epoch: 1 [38336/60000 (64%)]	Loss: 0.373440
Train Epoch: 1 [44736/60000 (75%)]	Loss: 0.109743
Train Epoch: 1 [51136/60000 (85%)]	Loss: 0.421380
Train Epoch: 1 [57536/60000 (96%)]	Loss: 0.254875

Test set: Average loss: 0.2252, Accuracy: 9266/10000 (93%)

Train Epoch: 2 [6336/60000 (11%)]	Loss: 0.244585
Train Epoch: 2 [12736/60000 (21%)]	Loss: 0.074731
Train Epoch: 2 [19136/60000 (32%)]	Loss: 0.215715
Train Epoch: 2 [25536/60000 (43%)]	Loss: 0.113281
Train Epoch: 2 [31936/60000 (53%)]	Loss: 0.202563
Train Epoch: 2 [38336/60000 (64%)]	Loss: 0.259668
Train Epoch: 2 [44736/60000 (75%)]	Loss: 0.241439
Train Epoch: 2 [51136/60000 (85%)]	Loss: 0.215934
Train Epoch: 2 [57536/60000 (96%)]	Loss: 0.142958

Test set: Average loss: 0.1783, Accuracy: 9448/10000 (94%)

Train Epoch: 3 [6336/60000 (11%)]	Loss: 0.193682
Train Epoch: 3 [12736/60000 (21%)]	Loss: 0.118106
Train Epoch: 3 [19136/60000 (32%)]	Loss: 0.022848
Train Epoch: 3 [25536/60000 (43%)]	Loss: 0.238736
Train Epoch: 3 [31936/60000 (53%)]	Loss: 0.072748
Train Epoch: 3 [38336/60000 (64%)]	Loss: 0.121023
Train Epoch: 3 [44736/60000 (75%)]	Loss: 0.234511
Train Epoch: 3 [51136/60000 (85%)]	Loss: 0.088039
Train Epoch: 3 [57536/60000 (96%)]	Loss: 0.276203

Test set: Average loss: 0.1876, Accuracy: 9402/10000 (94%)

Train Epoch: 4 [6336/60000 (11%)]	Loss: 0.083907
Train Epoch: 4 [12736/60000 (21%)]	Loss: 0.186077
Train Epoch: 4 [19136/60000 (32%)]	Loss: 0.292942
Train Epoch: 4 [25536/60000 (43%)]	Loss: 0.205912
Train Epoch: 4 [31936/60000 (53%)]	Loss: 0.172040
Train Epoch: 4 [38336/60000 (64%)]	Loss: 0.219936
Train Epoch: 4 [44736/60000 (75%)]	Loss: 0.165884
Train Epoch: 4 [51136/60000 (85%)]	Loss: 0.074984
Train Epoch: 4 [57536/60000 (96%)]	Loss: 0.142859

Test set: Average loss: 0.1575, Accuracy: 9526/10000 (95%)

Train Epoch: 5 [6336/60000 (11%)]	Loss: 0.331005
Train Epoch: 5 [12736/60000 (21%)]	Loss: 0.077250
Train Epoch: 5 [19136/60000 (32%)]	Loss: 0.194305
Train Epoch: 5 [25536/60000 (43%)]	Loss: 0.071905
Train Epoch: 5 [31936/60000 (53%)]	Loss: 0.270070
Train Epoch: 5 [38336/60000 (64%)]	Loss: 0.216782
Train Epoch: 5 [44736/60000 (75%)]	Loss: 0.156543
Train Epoch: 5 [51136/60000 (85%)]	Loss: 0.069339
Train Epoch: 5 [57536/60000 (96%)]	Loss: 0.159467

Test set: Average loss: 0.1865, Accuracy: 9413/10000 (94%)

Train Epoch: 6 [6336/60000 (11%)]	Loss: 0.090879
Train Epoch: 6 [12736/60000 (21%)]	Loss: 0.141003
Train Epoch: 6 [19136/60000 (32%)]	Loss: 0.243709
Train Epoch: 6 [25536/60000 (43%)]	Loss: 0.178253
Train Epoch: 6 [31936/60000 (53%)]	Loss: 0.220969
Train Epoch: 6 [38336/60000 (64%)]	Loss: 0.060454
Train Epoch: 6 [44736/60000 (75%)]	Loss: 0.188978
Train Epoch: 6 [51136/60000 (85%)]	Loss: 0.192784
Train Epoch: 6 [57536/60000 (96%)]	Loss: 0.223644

Test set: Average loss: 0.1600, Accuracy: 9503/10000 (95%)

Train Epoch: 7 [6336/60000 (11%)]	Loss: 0.073076
Train Epoch: 7 [12736/60000 (21%)]	Loss: 0.054504
Train Epoch: 7 [19136/60000 (32%)]	Loss: 0.114170
Train Epoch: 7 [25536/60000 (43%)]	Loss: 0.131329
Train Epoch: 7 [31936/60000 (53%)]	Loss: 0.096680
Train Epoch: 7 [38336/60000 (64%)]	Loss: 0.179672
Train Epoch: 7 [44736/60000 (75%)]	Loss: 0.055611
Train Epoch: 7 [51136/60000 (85%)]	Loss: 0.141972
Train Epoch: 7 [57536/60000 (96%)]	Loss: 0.150653

Test set: Average loss: 0.1432, Accuracy: 9542/10000 (95%)

Train Epoch: 8 [6336/60000 (11%)]	Loss: 0.017669
Train Epoch: 8 [12736/60000 (21%)]	Loss: 0.129915
Train Epoch: 8 [19136/60000 (32%)]	Loss: 0.163968
Train Epoch: 8 [25536/60000 (43%)]	Loss: 0.134593
Train Epoch: 8 [31936/60000 (53%)]	Loss: 0.063192
Train Epoch: 8 [38336/60000 (64%)]	Loss: 0.132929
Train Epoch: 8 [44736/60000 (75%)]	Loss: 0.075744
Train Epoch: 8 [51136/60000 (85%)]	Loss: 0.054407
Train Epoch: 8 [57536/60000 (96%)]	Loss: 0.129439

Test set: Average loss: 0.1253, Accuracy: 9600/10000 (96%)

Train Epoch: 9 [6336/60000 (11%)]	Loss: 0.034712
Train Epoch: 9 [12736/60000 (21%)]	Loss: 0.135410
Train Epoch: 9 [19136/60000 (32%)]	Loss: 0.121007
Train Epoch: 9 [25536/60000 (43%)]	Loss: 0.070620
Train Epoch: 9 [31936/60000 (53%)]	Loss: 0.027079
Train Epoch: 9 [38336/60000 (64%)]	Loss: 0.113329
Train Epoch: 9 [44736/60000 (75%)]	Loss: 0.027714
Train Epoch: 9 [51136/60000 (85%)]	Loss: 0.050248
Train Epoch: 9 [57536/60000 (96%)]	Loss: 0.155997

Test set: Average loss: 0.1217, Accuracy: 9619/10000 (96%)

Train Epoch: 10 [6336/60000 (11%)]	Loss: 0.037361
Train Epoch: 10 [12736/60000 (21%)]	Loss: 0.047611
Train Epoch: 10 [19136/60000 (32%)]	Loss: 0.025464
Train Epoch: 10 [25536/60000 (43%)]	Loss: 0.116643
Train Epoch: 10 [31936/60000 (53%)]	Loss: 0.023492
Train Epoch: 10 [38336/60000 (64%)]	Loss: 0.035107
Train Epoch: 10 [44736/60000 (75%)]	Loss: 0.152384
Train Epoch: 10 [51136/60000 (85%)]	Loss: 0.035460
Train Epoch: 10 [57536/60000 (96%)]	Loss: 0.031709

Test set: Average loss: 0.0891, Accuracy: 9727/10000 (97%)

Train Epoch: 11 [6336/60000 (11%)]	Loss: 0.068759
Train Epoch: 11 [12736/60000 (21%)]	Loss: 0.023292
Train Epoch: 11 [19136/60000 (32%)]	Loss: 0.017848
Train Epoch: 11 [25536/60000 (43%)]	Loss: 0.035628
Train Epoch: 11 [31936/60000 (53%)]	Loss: 0.239984
Train Epoch: 11 [38336/60000 (64%)]	Loss: 0.009248
Train Epoch: 11 [44736/60000 (75%)]	Loss: 0.095382
Train Epoch: 11 [51136/60000 (85%)]	Loss: 0.073531
Train Epoch: 11 [57536/60000 (96%)]	Loss: 0.061451

Test set: Average loss: 0.0816, Accuracy: 9757/10000 (98%)

Train Epoch: 12 [6336/60000 (11%)]	Loss: 0.061587
Train Epoch: 12 [12736/60000 (21%)]	Loss: 0.020123
Train Epoch: 12 [19136/60000 (32%)]	Loss: 0.053480
Train Epoch: 12 [25536/60000 (43%)]	Loss: 0.015018
Train Epoch: 12 [31936/60000 (53%)]	Loss: 0.097869
Train Epoch: 12 [38336/60000 (64%)]	Loss: 0.034935
Train Epoch: 12 [44736/60000 (75%)]	Loss: 0.035294
Train Epoch: 12 [51136/60000 (85%)]	Loss: 0.006393
Train Epoch: 12 [57536/60000 (96%)]	Loss: 0.104975

Test set: Average loss: 0.0786, Accuracy: 9757/10000 (98%)

Namespace(batch_size=64, bias=None, data='../data', device=1, epochs=12, hidden_size=500, load_weights=None, log_interval=100, lr=0.1, model='redfc4', momentum=0.9, no_cuda=False, r=5, save_model=None, save_results=True, seed=1, sparsity=0.5, use_relu=True, wd=0.0005)


Total time spent pruning/training: 2.43 minutes
Total number of parameters in model: 4496420
Number of parameters in pruned model: 2248210
