Namespace(batch_size=64, bias=None, data='../data', device=1, epochs=14, hidden_size=500, load_weights=None, log_interval=100, lr=0.1, model='redfc4', momentum=0.9, no_cuda=False, r=5, save_model=None, save_results=True, seed=1, sparsity=0.975, use_relu=False, wd=0.0005) 

Pruning a Four-Layer Fully Connected Redundant Network ...
Train Epoch: 1 [6336/60000 (11%)]	Loss: 2.302585
Train Epoch: 1 [12736/60000 (21%)]	Loss: 2.302585
Train Epoch: 1 [19136/60000 (32%)]	Loss: 2.302585
Train Epoch: 1 [25536/60000 (43%)]	Loss: 2.302585
Train Epoch: 1 [31936/60000 (53%)]	Loss: 2.302585
Train Epoch: 1 [38336/60000 (64%)]	Loss: 2.302585
Train Epoch: 1 [44736/60000 (75%)]	Loss: 2.302585
Train Epoch: 1 [51136/60000 (85%)]	Loss: 2.302585
Train Epoch: 1 [57536/60000 (96%)]	Loss: 2.302585

Test set: Average loss: 2.3026, Accuracy: 1100/10000 (11%)

Train Epoch: 2 [6336/60000 (11%)]	Loss: 2.302585
Train Epoch: 2 [12736/60000 (21%)]	Loss: 2.302585
Train Epoch: 2 [19136/60000 (32%)]	Loss: 2.302585
Train Epoch: 2 [25536/60000 (43%)]	Loss: 2.302585
Train Epoch: 2 [31936/60000 (53%)]	Loss: 2.302585
Train Epoch: 2 [38336/60000 (64%)]	Loss: 2.302585
Train Epoch: 2 [44736/60000 (75%)]	Loss: 2.302585
Train Epoch: 2 [51136/60000 (85%)]	Loss: 2.302585
Train Epoch: 2 [57536/60000 (96%)]	Loss: 2.302585

Test set: Average loss: 2.3026, Accuracy: 1100/10000 (11%)

Train Epoch: 3 [6336/60000 (11%)]	Loss: 2.302585
Train Epoch: 3 [12736/60000 (21%)]	Loss: 2.302585
Train Epoch: 3 [19136/60000 (32%)]	Loss: 2.302585
Train Epoch: 3 [25536/60000 (43%)]	Loss: 2.302585
Train Epoch: 3 [31936/60000 (53%)]	Loss: 2.302585
Train Epoch: 3 [38336/60000 (64%)]	Loss: 2.302586
Train Epoch: 3 [44736/60000 (75%)]	Loss: 2.302585
Train Epoch: 3 [51136/60000 (85%)]	Loss: 2.302585
Train Epoch: 3 [57536/60000 (96%)]	Loss: 2.302585

Test set: Average loss: 2.3026, Accuracy: 1100/10000 (11%)

Train Epoch: 4 [6336/60000 (11%)]	Loss: 2.302585
Train Epoch: 4 [12736/60000 (21%)]	Loss: 2.302585
Train Epoch: 4 [19136/60000 (32%)]	Loss: 2.302585
Train Epoch: 4 [25536/60000 (43%)]	Loss: 2.302585
Train Epoch: 4 [31936/60000 (53%)]	Loss: 2.302585
Train Epoch: 4 [38336/60000 (64%)]	Loss: 2.302585
Train Epoch: 4 [44736/60000 (75%)]	Loss: 2.302583
Train Epoch: 4 [51136/60000 (85%)]	Loss: 2.302542
Train Epoch: 4 [57536/60000 (96%)]	Loss: 2.302552

Test set: Average loss: 2.3025, Accuracy: 1068/10000 (11%)

Train Epoch: 5 [6336/60000 (11%)]	Loss: 2.302530
Train Epoch: 5 [12736/60000 (21%)]	Loss: 2.302572
Train Epoch: 5 [19136/60000 (32%)]	Loss: 2.302186
Train Epoch: 5 [25536/60000 (43%)]	Loss: 2.302425
Train Epoch: 5 [31936/60000 (53%)]	Loss: 2.302212
Train Epoch: 5 [38336/60000 (64%)]	Loss: 2.302349
Train Epoch: 5 [44736/60000 (75%)]	Loss: 2.302361
Train Epoch: 5 [51136/60000 (85%)]	Loss: 2.302327
Train Epoch: 5 [57536/60000 (96%)]	Loss: 2.302517

Test set: Average loss: 2.3021, Accuracy: 1014/10000 (10%)

Train Epoch: 6 [6336/60000 (11%)]	Loss: 2.301913
Train Epoch: 6 [12736/60000 (21%)]	Loss: 2.301802
Train Epoch: 6 [19136/60000 (32%)]	Loss: 2.301998
Train Epoch: 6 [25536/60000 (43%)]	Loss: 2.300602
Train Epoch: 6 [31936/60000 (53%)]	Loss: 2.295957
Train Epoch: 6 [38336/60000 (64%)]	Loss: 2.293559
Train Epoch: 6 [44736/60000 (75%)]	Loss: 2.290211
Train Epoch: 6 [51136/60000 (85%)]	Loss: 2.260493
Train Epoch: 6 [57536/60000 (96%)]	Loss: 2.257732

Test set: Average loss: 2.2391, Accuracy: 1376/10000 (14%)

Train Epoch: 7 [6336/60000 (11%)]	Loss: 2.192970
Train Epoch: 7 [12736/60000 (21%)]	Loss: 2.098336
Train Epoch: 7 [19136/60000 (32%)]	Loss: 2.076247
Train Epoch: 7 [25536/60000 (43%)]	Loss: 1.943604
Train Epoch: 7 [31936/60000 (53%)]	Loss: 1.814844
Train Epoch: 7 [38336/60000 (64%)]	Loss: 1.785728
Train Epoch: 7 [44736/60000 (75%)]	Loss: 1.589532
Train Epoch: 7 [51136/60000 (85%)]	Loss: 1.439289
Train Epoch: 7 [57536/60000 (96%)]	Loss: 1.460085

Test set: Average loss: 1.3428, Accuracy: 6110/10000 (61%)

Train Epoch: 8 [6336/60000 (11%)]	Loss: 1.423932
Train Epoch: 8 [12736/60000 (21%)]	Loss: 1.218104
Train Epoch: 8 [19136/60000 (32%)]	Loss: 1.283756
Train Epoch: 8 [25536/60000 (43%)]	Loss: 1.334630
Train Epoch: 8 [31936/60000 (53%)]	Loss: 1.327552
Train Epoch: 8 [38336/60000 (64%)]	Loss: 1.203887
Train Epoch: 8 [44736/60000 (75%)]	Loss: 1.291680
Train Epoch: 8 [51136/60000 (85%)]	Loss: 1.219456
Train Epoch: 8 [57536/60000 (96%)]	Loss: 1.109546

Test set: Average loss: 1.2016, Accuracy: 6489/10000 (65%)

Train Epoch: 9 [6336/60000 (11%)]	Loss: 1.190448
Train Epoch: 9 [12736/60000 (21%)]	Loss: 1.206705
Train Epoch: 9 [19136/60000 (32%)]	Loss: 1.147028
Train Epoch: 9 [25536/60000 (43%)]	Loss: 1.289304
Train Epoch: 9 [31936/60000 (53%)]	Loss: 1.124687
Train Epoch: 9 [38336/60000 (64%)]	Loss: 1.332865
Train Epoch: 9 [44736/60000 (75%)]	Loss: 1.172663
Train Epoch: 9 [51136/60000 (85%)]	Loss: 1.023363
Train Epoch: 9 [57536/60000 (96%)]	Loss: 1.126529

Test set: Average loss: 1.2157, Accuracy: 6491/10000 (65%)

Train Epoch: 10 [6336/60000 (11%)]	Loss: 1.126089
Train Epoch: 10 [12736/60000 (21%)]	Loss: 1.049805
Train Epoch: 10 [19136/60000 (32%)]	Loss: 0.988815
Train Epoch: 10 [25536/60000 (43%)]	Loss: 1.349900
Train Epoch: 10 [31936/60000 (53%)]	Loss: 1.251815
Train Epoch: 10 [38336/60000 (64%)]	Loss: 1.260994
Train Epoch: 10 [44736/60000 (75%)]	Loss: 1.220483
Train Epoch: 10 [51136/60000 (85%)]	Loss: 1.160599
Train Epoch: 10 [57536/60000 (96%)]	Loss: 0.981321

Test set: Average loss: 1.1609, Accuracy: 6597/10000 (66%)

Train Epoch: 11 [6336/60000 (11%)]	Loss: 0.924690
Train Epoch: 11 [12736/60000 (21%)]	Loss: 1.007421
Train Epoch: 11 [19136/60000 (32%)]	Loss: 0.967053
Train Epoch: 11 [25536/60000 (43%)]	Loss: 1.239668
Train Epoch: 11 [31936/60000 (53%)]	Loss: 1.160087
Train Epoch: 11 [38336/60000 (64%)]	Loss: 1.205067
Train Epoch: 11 [44736/60000 (75%)]	Loss: 1.021227
Train Epoch: 11 [51136/60000 (85%)]	Loss: 1.138174
Train Epoch: 11 [57536/60000 (96%)]	Loss: 1.006944

Test set: Average loss: 1.0536, Accuracy: 6819/10000 (68%)

Train Epoch: 12 [6336/60000 (11%)]	Loss: 1.152324
Train Epoch: 12 [12736/60000 (21%)]	Loss: 1.002486
Train Epoch: 12 [19136/60000 (32%)]	Loss: 0.911829
Train Epoch: 12 [25536/60000 (43%)]	Loss: 1.129048
Train Epoch: 12 [31936/60000 (53%)]	Loss: 1.035879
Train Epoch: 12 [38336/60000 (64%)]	Loss: 0.886804
Train Epoch: 12 [44736/60000 (75%)]	Loss: 1.018666
Train Epoch: 12 [51136/60000 (85%)]	Loss: 0.902454
Train Epoch: 12 [57536/60000 (96%)]	Loss: 1.253479

Test set: Average loss: 0.9784, Accuracy: 7012/10000 (70%)

Train Epoch: 13 [6336/60000 (11%)]	Loss: 0.992565
Train Epoch: 13 [12736/60000 (21%)]	Loss: 1.049996
Train Epoch: 13 [19136/60000 (32%)]	Loss: 1.001849
Train Epoch: 13 [25536/60000 (43%)]	Loss: 0.897495
Train Epoch: 13 [31936/60000 (53%)]	Loss: 1.038439
Train Epoch: 13 [38336/60000 (64%)]	Loss: 0.799584
Train Epoch: 13 [44736/60000 (75%)]	Loss: 0.915009
Train Epoch: 13 [51136/60000 (85%)]	Loss: 0.807087
Train Epoch: 13 [57536/60000 (96%)]	Loss: 0.998074

Test set: Average loss: 0.9044, Accuracy: 7486/10000 (75%)

Train Epoch: 14 [6336/60000 (11%)]	Loss: 1.098019
Train Epoch: 14 [12736/60000 (21%)]	Loss: 0.935481
Train Epoch: 14 [19136/60000 (32%)]	Loss: 1.046765
Train Epoch: 14 [25536/60000 (43%)]	Loss: 0.977309
Train Epoch: 14 [31936/60000 (53%)]	Loss: 0.902008
Train Epoch: 14 [38336/60000 (64%)]	Loss: 1.047926
Train Epoch: 14 [44736/60000 (75%)]	Loss: 0.984684
Train Epoch: 14 [51136/60000 (85%)]	Loss: 0.864127
Train Epoch: 14 [57536/60000 (96%)]	Loss: 0.997838

Test set: Average loss: 0.8998, Accuracy: 7480/10000 (75%)

Namespace(batch_size=64, bias=None, data='../data', device=1, epochs=14, hidden_size=500, load_weights=None, log_interval=100, lr=0.1, model='redfc4', momentum=0.9, no_cuda=False, r=5, save_model=None, save_results=True, seed=1, sparsity=0.975, use_relu=False, wd=0.0005)


Total time spent pruning/training: 2.82 minutes
Total number of parameters in model: 4496420
Number of parameters in pruned model: 112410
