Namespace(batch_size=64, bias=None, data='../data', device=1, epochs=13, hidden_size=500, load_weights=None, log_interval=100, lr=0.1, model='redfc4', momentum=0.9, no_cuda=False, r=5, save_model=None, save_results=True, seed=1, sparsity=0.025, use_relu=False, wd=0.0005) 

Pruning a Four-Layer Fully Connected Redundant Network ...
Train Epoch: 1 [6336/60000 (11%)]	Loss: 11.195581
Train Epoch: 1 [12736/60000 (21%)]	Loss: 11.993148
Train Epoch: 1 [19136/60000 (32%)]	Loss: 18.973293
Train Epoch: 1 [25536/60000 (43%)]	Loss: 13.737168
Train Epoch: 1 [31936/60000 (53%)]	Loss: 21.636826
Train Epoch: 1 [38336/60000 (64%)]	Loss: 23.369637
Train Epoch: 1 [44736/60000 (75%)]	Loss: 18.424709
Train Epoch: 1 [51136/60000 (85%)]	Loss: 25.789642
Train Epoch: 1 [57536/60000 (96%)]	Loss: 34.440708

Test set: Average loss: 33.2640, Accuracy: 5096/10000 (51%)

Train Epoch: 2 [6336/60000 (11%)]	Loss: 52.742043
Train Epoch: 2 [12736/60000 (21%)]	Loss: 27.377934
Train Epoch: 2 [19136/60000 (32%)]	Loss: 42.498703
Train Epoch: 2 [25536/60000 (43%)]	Loss: 39.162083
Train Epoch: 2 [31936/60000 (53%)]	Loss: 33.036274
Train Epoch: 2 [38336/60000 (64%)]	Loss: 42.620789
Train Epoch: 2 [44736/60000 (75%)]	Loss: 42.199295
Train Epoch: 2 [51136/60000 (85%)]	Loss: 49.024265
Train Epoch: 2 [57536/60000 (96%)]	Loss: 44.225685

Test set: Average loss: 47.4137, Accuracy: 3870/10000 (39%)

Train Epoch: 3 [6336/60000 (11%)]	Loss: 45.838146
Train Epoch: 3 [12736/60000 (21%)]	Loss: 50.722115
Train Epoch: 3 [19136/60000 (32%)]	Loss: 54.957039
Train Epoch: 3 [25536/60000 (43%)]	Loss: 53.669678
Train Epoch: 3 [31936/60000 (53%)]	Loss: 38.945873
Train Epoch: 3 [38336/60000 (64%)]	Loss: 47.318737
Train Epoch: 3 [44736/60000 (75%)]	Loss: 54.422684
Train Epoch: 3 [51136/60000 (85%)]	Loss: 51.591396
Train Epoch: 3 [57536/60000 (96%)]	Loss: 55.520096

Test set: Average loss: 56.4786, Accuracy: 3312/10000 (33%)

Train Epoch: 4 [6336/60000 (11%)]	Loss: 52.723221
Train Epoch: 4 [12736/60000 (21%)]	Loss: 74.231239
Train Epoch: 4 [19136/60000 (32%)]	Loss: 44.313477
Train Epoch: 4 [25536/60000 (43%)]	Loss: 63.000340
Train Epoch: 4 [31936/60000 (53%)]	Loss: 59.511669
Train Epoch: 4 [38336/60000 (64%)]	Loss: 69.863243
Train Epoch: 4 [44736/60000 (75%)]	Loss: 54.678551
Train Epoch: 4 [51136/60000 (85%)]	Loss: 59.049423
Train Epoch: 4 [57536/60000 (96%)]	Loss: 42.649094

Test set: Average loss: 61.1040, Accuracy: 2900/10000 (29%)

Train Epoch: 5 [6336/60000 (11%)]	Loss: 72.830696
Train Epoch: 5 [12736/60000 (21%)]	Loss: 67.765625
Train Epoch: 5 [19136/60000 (32%)]	Loss: 74.225082
Train Epoch: 5 [25536/60000 (43%)]	Loss: 64.415474
Train Epoch: 5 [31936/60000 (53%)]	Loss: 63.268681
Train Epoch: 5 [38336/60000 (64%)]	Loss: 59.472847
Train Epoch: 5 [44736/60000 (75%)]	Loss: 62.290710
Train Epoch: 5 [51136/60000 (85%)]	Loss: 63.114491
Train Epoch: 5 [57536/60000 (96%)]	Loss: 69.700424

Test set: Average loss: 62.0966, Accuracy: 2665/10000 (27%)

Train Epoch: 6 [6336/60000 (11%)]	Loss: 57.753365
Train Epoch: 6 [12736/60000 (21%)]	Loss: 58.573063
Train Epoch: 6 [19136/60000 (32%)]	Loss: 81.343750
Train Epoch: 6 [25536/60000 (43%)]	Loss: 75.507790
Train Epoch: 6 [31936/60000 (53%)]	Loss: 74.672585
Train Epoch: 6 [38336/60000 (64%)]	Loss: 74.679832
Train Epoch: 6 [44736/60000 (75%)]	Loss: 77.132240
Train Epoch: 6 [51136/60000 (85%)]	Loss: 68.359947
Train Epoch: 6 [57536/60000 (96%)]	Loss: 64.744438

Test set: Average loss: 66.1730, Accuracy: 2877/10000 (29%)

Train Epoch: 7 [6336/60000 (11%)]	Loss: 65.473572
Train Epoch: 7 [12736/60000 (21%)]	Loss: 74.162560
Train Epoch: 7 [19136/60000 (32%)]	Loss: 76.988960
Train Epoch: 7 [25536/60000 (43%)]	Loss: 66.350639
Train Epoch: 7 [31936/60000 (53%)]	Loss: 57.701298
Train Epoch: 7 [38336/60000 (64%)]	Loss: 81.303307
Train Epoch: 7 [44736/60000 (75%)]	Loss: 61.715439
Train Epoch: 7 [51136/60000 (85%)]	Loss: 68.889160
Train Epoch: 7 [57536/60000 (96%)]	Loss: 79.857895

Test set: Average loss: 69.4124, Accuracy: 2491/10000 (25%)

Train Epoch: 8 [6336/60000 (11%)]	Loss: 74.041321
Train Epoch: 8 [12736/60000 (21%)]	Loss: 58.699902
Train Epoch: 8 [19136/60000 (32%)]	Loss: 71.467003
Train Epoch: 8 [25536/60000 (43%)]	Loss: 66.597412
Train Epoch: 8 [31936/60000 (53%)]	Loss: 69.189980
Train Epoch: 8 [38336/60000 (64%)]	Loss: 61.824955
Train Epoch: 8 [44736/60000 (75%)]	Loss: 75.017159
Train Epoch: 8 [51136/60000 (85%)]	Loss: 65.434601
Train Epoch: 8 [57536/60000 (96%)]	Loss: 66.429840

Test set: Average loss: 70.8479, Accuracy: 2264/10000 (23%)

Train Epoch: 9 [6336/60000 (11%)]	Loss: 64.329147
Train Epoch: 9 [12736/60000 (21%)]	Loss: 60.542648
Train Epoch: 9 [19136/60000 (32%)]	Loss: 80.867020
Train Epoch: 9 [25536/60000 (43%)]	Loss: 63.270210
Train Epoch: 9 [31936/60000 (53%)]	Loss: 64.107727
Train Epoch: 9 [38336/60000 (64%)]	Loss: 66.576218
Train Epoch: 9 [44736/60000 (75%)]	Loss: 65.723961
Train Epoch: 9 [51136/60000 (85%)]	Loss: 70.023895
Train Epoch: 9 [57536/60000 (96%)]	Loss: 74.487328

Test set: Average loss: 74.2620, Accuracy: 2121/10000 (21%)

Train Epoch: 10 [6336/60000 (11%)]	Loss: 72.668449
Train Epoch: 10 [12736/60000 (21%)]	Loss: 72.250671
Train Epoch: 10 [19136/60000 (32%)]	Loss: 65.245903
Train Epoch: 10 [25536/60000 (43%)]	Loss: 75.561653
Train Epoch: 10 [31936/60000 (53%)]	Loss: 95.537056
Train Epoch: 10 [38336/60000 (64%)]	Loss: 67.694145
Train Epoch: 10 [44736/60000 (75%)]	Loss: 72.562309
Train Epoch: 10 [51136/60000 (85%)]	Loss: 84.544777
Train Epoch: 10 [57536/60000 (96%)]	Loss: 66.671684

Test set: Average loss: 72.2907, Accuracy: 2229/10000 (22%)

Train Epoch: 11 [6336/60000 (11%)]	Loss: 69.702026
Train Epoch: 11 [12736/60000 (21%)]	Loss: 66.093796
Train Epoch: 11 [19136/60000 (32%)]	Loss: 75.492058
Train Epoch: 11 [25536/60000 (43%)]	Loss: 64.338478
Train Epoch: 11 [31936/60000 (53%)]	Loss: 59.646240
Train Epoch: 11 [38336/60000 (64%)]	Loss: 61.783829
Train Epoch: 11 [44736/60000 (75%)]	Loss: 70.724228
Train Epoch: 11 [51136/60000 (85%)]	Loss: 80.343178
Train Epoch: 11 [57536/60000 (96%)]	Loss: 69.163719

Test set: Average loss: 73.5584, Accuracy: 2014/10000 (20%)

Train Epoch: 12 [6336/60000 (11%)]	Loss: 65.060570
Train Epoch: 12 [12736/60000 (21%)]	Loss: 76.856766
Train Epoch: 12 [19136/60000 (32%)]	Loss: 86.284607
Train Epoch: 12 [25536/60000 (43%)]	Loss: 78.580879
Train Epoch: 12 [31936/60000 (53%)]	Loss: 63.894768
Train Epoch: 12 [38336/60000 (64%)]	Loss: 59.658020
Train Epoch: 12 [44736/60000 (75%)]	Loss: 70.214539
Train Epoch: 12 [51136/60000 (85%)]	Loss: 81.739021
Train Epoch: 12 [57536/60000 (96%)]	Loss: 68.553833

Test set: Average loss: 68.6284, Accuracy: 2335/10000 (23%)

Train Epoch: 13 [6336/60000 (11%)]	Loss: 70.896461
Train Epoch: 13 [12736/60000 (21%)]	Loss: 59.059246
Train Epoch: 13 [19136/60000 (32%)]	Loss: 95.821983
Train Epoch: 13 [25536/60000 (43%)]	Loss: 62.563019
Train Epoch: 13 [31936/60000 (53%)]	Loss: 68.194550
Train Epoch: 13 [38336/60000 (64%)]	Loss: 63.031979
Train Epoch: 13 [44736/60000 (75%)]	Loss: 69.014946
Train Epoch: 13 [51136/60000 (85%)]	Loss: 51.151707
Train Epoch: 13 [57536/60000 (96%)]	Loss: 69.921677

Test set: Average loss: 70.8102, Accuracy: 2589/10000 (26%)

Namespace(batch_size=64, bias=None, data='../data', device=1, epochs=13, hidden_size=500, load_weights=None, log_interval=100, lr=0.1, model='redfc4', momentum=0.9, no_cuda=False, r=5, save_model=None, save_results=True, seed=1, sparsity=0.025, use_relu=False, wd=0.0005)


Total time spent pruning/training: 2.60 minutes
Total number of parameters in model: 4496420
Number of parameters in pruned model: 4384009
