Namespace(batch_size=64, bias=None, data='../data', device=1, epochs=8, hidden_size=500, load_weights=None, log_interval=100, lr=0.1, model='redfc4', momentum=0.9, no_cuda=False, r=5, save_model=None, save_results=True, seed=1, sparsity=0.9, use_relu=True, wd=0.0005) 

Pruning a Four-Layer Fully Connected Redundant Network ...
Train Epoch: 1 [6336/60000 (11%)]	Loss: 2.289122
Train Epoch: 1 [12736/60000 (21%)]	Loss: 2.147004
Train Epoch: 1 [19136/60000 (32%)]	Loss: 1.863841
Train Epoch: 1 [25536/60000 (43%)]	Loss: 1.630867
Train Epoch: 1 [31936/60000 (53%)]	Loss: 1.389572
Train Epoch: 1 [38336/60000 (64%)]	Loss: 1.312210
Train Epoch: 1 [44736/60000 (75%)]	Loss: 1.253644
Train Epoch: 1 [51136/60000 (85%)]	Loss: 1.326354
Train Epoch: 1 [57536/60000 (96%)]	Loss: 1.322239

Test set: Average loss: 1.1150, Accuracy: 6762/10000 (68%)

Train Epoch: 2 [6336/60000 (11%)]	Loss: 1.175064
Train Epoch: 2 [12736/60000 (21%)]	Loss: 1.004725
Train Epoch: 2 [19136/60000 (32%)]	Loss: 1.104130
Train Epoch: 2 [25536/60000 (43%)]	Loss: 0.899522
Train Epoch: 2 [31936/60000 (53%)]	Loss: 0.916150
Train Epoch: 2 [38336/60000 (64%)]	Loss: 0.931027
Train Epoch: 2 [44736/60000 (75%)]	Loss: 1.085196
Train Epoch: 2 [51136/60000 (85%)]	Loss: 0.855053
Train Epoch: 2 [57536/60000 (96%)]	Loss: 0.999417

Test set: Average loss: 0.8898, Accuracy: 7502/10000 (75%)

Train Epoch: 3 [6336/60000 (11%)]	Loss: 1.139336
Train Epoch: 3 [12736/60000 (21%)]	Loss: 0.844759
Train Epoch: 3 [19136/60000 (32%)]	Loss: 0.699172
Train Epoch: 3 [25536/60000 (43%)]	Loss: 0.917959
Train Epoch: 3 [31936/60000 (53%)]	Loss: 0.744612
Train Epoch: 3 [38336/60000 (64%)]	Loss: 0.874722
Train Epoch: 3 [44736/60000 (75%)]	Loss: 0.817160
Train Epoch: 3 [51136/60000 (85%)]	Loss: 0.801886
Train Epoch: 3 [57536/60000 (96%)]	Loss: 0.785087

Test set: Average loss: 1.0302, Accuracy: 6674/10000 (67%)

Train Epoch: 4 [6336/60000 (11%)]	Loss: 0.913799
Train Epoch: 4 [12736/60000 (21%)]	Loss: 0.875596
Train Epoch: 4 [19136/60000 (32%)]	Loss: 0.830313
Train Epoch: 4 [25536/60000 (43%)]	Loss: 0.891714
Train Epoch: 4 [31936/60000 (53%)]	Loss: 0.997554
Train Epoch: 4 [38336/60000 (64%)]	Loss: 0.918399
Train Epoch: 4 [44736/60000 (75%)]	Loss: 0.928444
Train Epoch: 4 [51136/60000 (85%)]	Loss: 0.978711
Train Epoch: 4 [57536/60000 (96%)]	Loss: 0.704008

Test set: Average loss: 0.8290, Accuracy: 7694/10000 (77%)

Train Epoch: 5 [6336/60000 (11%)]	Loss: 1.015485
Train Epoch: 5 [12736/60000 (21%)]	Loss: 0.869831
Train Epoch: 5 [19136/60000 (32%)]	Loss: 0.728724
Train Epoch: 5 [25536/60000 (43%)]	Loss: 0.691139
Train Epoch: 5 [31936/60000 (53%)]	Loss: 0.804673
Train Epoch: 5 [38336/60000 (64%)]	Loss: 1.000951
Train Epoch: 5 [44736/60000 (75%)]	Loss: 0.751494
Train Epoch: 5 [51136/60000 (85%)]	Loss: 0.796751
Train Epoch: 5 [57536/60000 (96%)]	Loss: 0.944061

Test set: Average loss: 0.8503, Accuracy: 7536/10000 (75%)

Train Epoch: 6 [6336/60000 (11%)]	Loss: 0.792766
Train Epoch: 6 [12736/60000 (21%)]	Loss: 0.811190
Train Epoch: 6 [19136/60000 (32%)]	Loss: 0.814489
Train Epoch: 6 [25536/60000 (43%)]	Loss: 0.891174
Train Epoch: 6 [31936/60000 (53%)]	Loss: 0.762681
Train Epoch: 6 [38336/60000 (64%)]	Loss: 0.754205
Train Epoch: 6 [44736/60000 (75%)]	Loss: 0.819890
Train Epoch: 6 [51136/60000 (85%)]	Loss: 0.717854
Train Epoch: 6 [57536/60000 (96%)]	Loss: 0.668981

Test set: Average loss: 0.7566, Accuracy: 7751/10000 (78%)

Train Epoch: 7 [6336/60000 (11%)]	Loss: 0.773056
Train Epoch: 7 [12736/60000 (21%)]	Loss: 0.633793
Train Epoch: 7 [19136/60000 (32%)]	Loss: 0.745584
Train Epoch: 7 [25536/60000 (43%)]	Loss: 0.766214
Train Epoch: 7 [31936/60000 (53%)]	Loss: 0.727046
Train Epoch: 7 [38336/60000 (64%)]	Loss: 0.887110
Train Epoch: 7 [44736/60000 (75%)]	Loss: 0.638442
Train Epoch: 7 [51136/60000 (85%)]	Loss: 0.753287
Train Epoch: 7 [57536/60000 (96%)]	Loss: 0.798502

Test set: Average loss: 0.7118, Accuracy: 8059/10000 (81%)

Train Epoch: 8 [6336/60000 (11%)]	Loss: 0.714202
Train Epoch: 8 [12736/60000 (21%)]	Loss: 0.616277
Train Epoch: 8 [19136/60000 (32%)]	Loss: 0.736101
Train Epoch: 8 [25536/60000 (43%)]	Loss: 0.680741
Train Epoch: 8 [31936/60000 (53%)]	Loss: 0.819710
Train Epoch: 8 [38336/60000 (64%)]	Loss: 0.678289
Train Epoch: 8 [44736/60000 (75%)]	Loss: 0.777253
Train Epoch: 8 [51136/60000 (85%)]	Loss: 0.755458
Train Epoch: 8 [57536/60000 (96%)]	Loss: 0.669107

Test set: Average loss: 0.7139, Accuracy: 8057/10000 (81%)

Namespace(batch_size=64, bias=None, data='../data', device=1, epochs=8, hidden_size=500, load_weights=None, log_interval=100, lr=0.1, model='redfc4', momentum=0.9, no_cuda=False, r=5, save_model=None, save_results=True, seed=1, sparsity=0.9, use_relu=True, wd=0.0005)


Total time spent pruning/training: 1.61 minutes
Total number of parameters in model: 4496420
Number of parameters in pruned model: 449641
