Namespace(batch_size=64, bias=None, data='../data', device=1, epochs=16, hidden_size=500, load_weights=None, log_interval=100, lr=0.1, model='redfc4', momentum=0.9, no_cuda=False, r=5, save_model=None, save_results=True, seed=1, sparsity=0.01, use_relu=False, wd=0.0005) 

Pruning a Four-Layer Fully Connected Redundant Network ...
Train Epoch: 1 [6336/60000 (11%)]	Loss: 31.911699
Train Epoch: 1 [12736/60000 (21%)]	Loss: 61.911823
Train Epoch: 1 [19136/60000 (32%)]	Loss: 91.175339
Train Epoch: 1 [25536/60000 (43%)]	Loss: 93.368652
Train Epoch: 1 [31936/60000 (53%)]	Loss: 97.209946
Train Epoch: 1 [38336/60000 (64%)]	Loss: 109.680611
Train Epoch: 1 [44736/60000 (75%)]	Loss: 124.418159
Train Epoch: 1 [51136/60000 (85%)]	Loss: 113.008614
Train Epoch: 1 [57536/60000 (96%)]	Loss: 135.440491

Test set: Average loss: 126.7376, Accuracy: 1154/10000 (12%)

Train Epoch: 2 [6336/60000 (11%)]	Loss: 112.962273
Train Epoch: 2 [12736/60000 (21%)]	Loss: 131.421188
Train Epoch: 2 [19136/60000 (32%)]	Loss: 130.181839
Train Epoch: 2 [25536/60000 (43%)]	Loss: 129.530914
Train Epoch: 2 [31936/60000 (53%)]	Loss: 126.919182
Train Epoch: 2 [38336/60000 (64%)]	Loss: 145.931717
Train Epoch: 2 [44736/60000 (75%)]	Loss: 138.325851
Train Epoch: 2 [51136/60000 (85%)]	Loss: 154.618271
Train Epoch: 2 [57536/60000 (96%)]	Loss: 152.979828

Test set: Average loss: 138.0925, Accuracy: 1178/10000 (12%)

Train Epoch: 3 [6336/60000 (11%)]	Loss: 125.341072
Train Epoch: 3 [12736/60000 (21%)]	Loss: 148.466309
Train Epoch: 3 [19136/60000 (32%)]	Loss: 156.556763
Train Epoch: 3 [25536/60000 (43%)]	Loss: 164.543716
Train Epoch: 3 [31936/60000 (53%)]	Loss: 141.691452
Train Epoch: 3 [38336/60000 (64%)]	Loss: 143.139297
Train Epoch: 3 [44736/60000 (75%)]	Loss: 143.984116
Train Epoch: 3 [51136/60000 (85%)]	Loss: 143.962463
Train Epoch: 3 [57536/60000 (96%)]	Loss: 142.190079

Test set: Average loss: 147.1814, Accuracy: 1086/10000 (11%)

Train Epoch: 4 [6336/60000 (11%)]	Loss: 138.090668
Train Epoch: 4 [12736/60000 (21%)]	Loss: 184.570419
Train Epoch: 4 [19136/60000 (32%)]	Loss: 152.594620
Train Epoch: 4 [25536/60000 (43%)]	Loss: 161.801865
Train Epoch: 4 [31936/60000 (53%)]	Loss: 153.472565
Train Epoch: 4 [38336/60000 (64%)]	Loss: 171.319321
Train Epoch: 4 [44736/60000 (75%)]	Loss: 142.140808
Train Epoch: 4 [51136/60000 (85%)]	Loss: 156.830917
Train Epoch: 4 [57536/60000 (96%)]	Loss: 127.366150

Test set: Average loss: 155.1428, Accuracy: 1075/10000 (11%)

Train Epoch: 5 [6336/60000 (11%)]	Loss: 161.925827
Train Epoch: 5 [12736/60000 (21%)]	Loss: 150.025696
Train Epoch: 5 [19136/60000 (32%)]	Loss: 145.179443
Train Epoch: 5 [25536/60000 (43%)]	Loss: 151.422852
Train Epoch: 5 [31936/60000 (53%)]	Loss: 165.182968
Train Epoch: 5 [38336/60000 (64%)]	Loss: 140.320404
Train Epoch: 5 [44736/60000 (75%)]	Loss: 162.464386
Train Epoch: 5 [51136/60000 (85%)]	Loss: 151.604935
Train Epoch: 5 [57536/60000 (96%)]	Loss: 169.934174

Test set: Average loss: 152.0854, Accuracy: 1078/10000 (11%)

Train Epoch: 6 [6336/60000 (11%)]	Loss: 137.128006
Train Epoch: 6 [12736/60000 (21%)]	Loss: 140.389557
Train Epoch: 6 [19136/60000 (32%)]	Loss: 171.753769
Train Epoch: 6 [25536/60000 (43%)]	Loss: 151.385910
Train Epoch: 6 [31936/60000 (53%)]	Loss: 180.929031
Train Epoch: 6 [38336/60000 (64%)]	Loss: 150.036133
Train Epoch: 6 [44736/60000 (75%)]	Loss: 150.317657
Train Epoch: 6 [51136/60000 (85%)]	Loss: 165.199539
Train Epoch: 6 [57536/60000 (96%)]	Loss: 167.700836

Test set: Average loss: 159.5140, Accuracy: 1064/10000 (11%)

Train Epoch: 7 [6336/60000 (11%)]	Loss: 159.106873
Train Epoch: 7 [12736/60000 (21%)]	Loss: 156.546127
Train Epoch: 7 [19136/60000 (32%)]	Loss: 167.601471
Train Epoch: 7 [25536/60000 (43%)]	Loss: 139.761353
Train Epoch: 7 [31936/60000 (53%)]	Loss: 165.528458
Train Epoch: 7 [38336/60000 (64%)]	Loss: 172.663986
Train Epoch: 7 [44736/60000 (75%)]	Loss: 157.722260
Train Epoch: 7 [51136/60000 (85%)]	Loss: 147.910950
Train Epoch: 7 [57536/60000 (96%)]	Loss: 179.991333

Test set: Average loss: 160.0118, Accuracy: 1081/10000 (11%)

Train Epoch: 8 [6336/60000 (11%)]	Loss: 151.664459
Train Epoch: 8 [12736/60000 (21%)]	Loss: 139.466492
Train Epoch: 8 [19136/60000 (32%)]	Loss: 163.699524
Train Epoch: 8 [25536/60000 (43%)]	Loss: 153.006454
Train Epoch: 8 [31936/60000 (53%)]	Loss: 151.500824
Train Epoch: 8 [38336/60000 (64%)]	Loss: 152.047043
Train Epoch: 8 [44736/60000 (75%)]	Loss: 151.255035
Train Epoch: 8 [51136/60000 (85%)]	Loss: 157.937012
Train Epoch: 8 [57536/60000 (96%)]	Loss: 146.938644

Test set: Average loss: 161.4238, Accuracy: 1101/10000 (11%)

Train Epoch: 9 [6336/60000 (11%)]	Loss: 154.770874
Train Epoch: 9 [12736/60000 (21%)]	Loss: 157.391037
Train Epoch: 9 [19136/60000 (32%)]	Loss: 165.337341
Train Epoch: 9 [25536/60000 (43%)]	Loss: 148.807877
Train Epoch: 9 [31936/60000 (53%)]	Loss: 161.746796
Train Epoch: 9 [38336/60000 (64%)]	Loss: 163.782852
Train Epoch: 9 [44736/60000 (75%)]	Loss: 160.301437
Train Epoch: 9 [51136/60000 (85%)]	Loss: 170.462463
Train Epoch: 9 [57536/60000 (96%)]	Loss: 174.548706

Test set: Average loss: 158.9278, Accuracy: 1062/10000 (11%)

Train Epoch: 10 [6336/60000 (11%)]	Loss: 160.035660
Train Epoch: 10 [12736/60000 (21%)]	Loss: 152.240936
Train Epoch: 10 [19136/60000 (32%)]	Loss: 163.095169
Train Epoch: 10 [25536/60000 (43%)]	Loss: 170.467117
Train Epoch: 10 [31936/60000 (53%)]	Loss: 199.343521
Train Epoch: 10 [38336/60000 (64%)]	Loss: 161.393829
Train Epoch: 10 [44736/60000 (75%)]	Loss: 166.048233
Train Epoch: 10 [51136/60000 (85%)]	Loss: 185.010834
Train Epoch: 10 [57536/60000 (96%)]	Loss: 155.463348

Test set: Average loss: 154.9276, Accuracy: 1066/10000 (11%)

Train Epoch: 11 [6336/60000 (11%)]	Loss: 149.682327
Train Epoch: 11 [12736/60000 (21%)]	Loss: 155.645264
Train Epoch: 11 [19136/60000 (32%)]	Loss: 179.034332
Train Epoch: 11 [25536/60000 (43%)]	Loss: 134.394211
Train Epoch: 11 [31936/60000 (53%)]	Loss: 164.681915
Train Epoch: 11 [38336/60000 (64%)]	Loss: 154.759323
Train Epoch: 11 [44736/60000 (75%)]	Loss: 153.550552
Train Epoch: 11 [51136/60000 (85%)]	Loss: 167.912689
Train Epoch: 11 [57536/60000 (96%)]	Loss: 171.954605

Test set: Average loss: 154.2858, Accuracy: 1055/10000 (11%)

Train Epoch: 12 [6336/60000 (11%)]	Loss: 145.383224
Train Epoch: 12 [12736/60000 (21%)]	Loss: 165.378876
Train Epoch: 12 [19136/60000 (32%)]	Loss: 177.986176
Train Epoch: 12 [25536/60000 (43%)]	Loss: 164.658661
Train Epoch: 12 [31936/60000 (53%)]	Loss: 155.565735
Train Epoch: 12 [38336/60000 (64%)]	Loss: 168.274124
Train Epoch: 12 [44736/60000 (75%)]	Loss: 153.446472
Train Epoch: 12 [51136/60000 (85%)]	Loss: 171.807205
Train Epoch: 12 [57536/60000 (96%)]	Loss: 149.514236

Test set: Average loss: 157.9275, Accuracy: 1060/10000 (11%)

Train Epoch: 13 [6336/60000 (11%)]	Loss: 158.143784
Train Epoch: 13 [12736/60000 (21%)]	Loss: 148.286362
Train Epoch: 13 [19136/60000 (32%)]	Loss: 192.657455
Train Epoch: 13 [25536/60000 (43%)]	Loss: 162.804184
Train Epoch: 13 [31936/60000 (53%)]	Loss: 167.646729
Train Epoch: 13 [38336/60000 (64%)]	Loss: 157.491821
Train Epoch: 13 [44736/60000 (75%)]	Loss: 161.146652
Train Epoch: 13 [51136/60000 (85%)]	Loss: 145.062027
Train Epoch: 13 [57536/60000 (96%)]	Loss: 155.669891

Test set: Average loss: 162.4155, Accuracy: 1075/10000 (11%)

Train Epoch: 14 [6336/60000 (11%)]	Loss: 192.681213
Train Epoch: 14 [12736/60000 (21%)]	Loss: 133.553055
Train Epoch: 14 [19136/60000 (32%)]	Loss: 179.545959
Train Epoch: 14 [25536/60000 (43%)]	Loss: 151.114990
Train Epoch: 14 [31936/60000 (53%)]	Loss: 170.842392
Train Epoch: 14 [38336/60000 (64%)]	Loss: 146.807236
Train Epoch: 14 [44736/60000 (75%)]	Loss: 163.456299
Train Epoch: 14 [51136/60000 (85%)]	Loss: 178.469482
Train Epoch: 14 [57536/60000 (96%)]	Loss: 144.562531

Test set: Average loss: 162.4998, Accuracy: 1072/10000 (11%)

Train Epoch: 15 [6336/60000 (11%)]	Loss: 168.778061
Train Epoch: 15 [12736/60000 (21%)]	Loss: 157.212662
Train Epoch: 15 [19136/60000 (32%)]	Loss: 179.246643
Train Epoch: 15 [25536/60000 (43%)]	Loss: 163.771912
Train Epoch: 15 [31936/60000 (53%)]	Loss: 200.413437
Train Epoch: 15 [38336/60000 (64%)]	Loss: 173.833420
Train Epoch: 15 [44736/60000 (75%)]	Loss: 191.696213
Train Epoch: 15 [51136/60000 (85%)]	Loss: 153.632492
Train Epoch: 15 [57536/60000 (96%)]	Loss: 136.326431

Test set: Average loss: 160.4083, Accuracy: 1117/10000 (11%)

Train Epoch: 16 [6336/60000 (11%)]	Loss: 157.571854
Train Epoch: 16 [12736/60000 (21%)]	Loss: 172.027573
Train Epoch: 16 [19136/60000 (32%)]	Loss: 180.027969
Train Epoch: 16 [25536/60000 (43%)]	Loss: 164.192352
Train Epoch: 16 [31936/60000 (53%)]	Loss: 166.206589
Train Epoch: 16 [38336/60000 (64%)]	Loss: 150.101639
Train Epoch: 16 [44736/60000 (75%)]	Loss: 149.430374
Train Epoch: 16 [51136/60000 (85%)]	Loss: 158.513794
Train Epoch: 16 [57536/60000 (96%)]	Loss: 145.393921

Test set: Average loss: 161.4722, Accuracy: 1085/10000 (11%)

Namespace(batch_size=64, bias=None, data='../data', device=1, epochs=16, hidden_size=500, load_weights=None, log_interval=100, lr=0.1, model='redfc4', momentum=0.9, no_cuda=False, r=5, save_model=None, save_results=True, seed=1, sparsity=0.01, use_relu=False, wd=0.0005)


Total time spent pruning/training: 3.17 minutes
Total number of parameters in model: 4496420
Number of parameters in pruned model: 4451455
