Namespace(batch_size=64, bias=None, data='../data', device=1, epochs=10, hidden_size=500, load_weights=None, log_interval=100, lr=0.1, model='redfc4', momentum=0.9, no_cuda=False, r=5, save_model=None, save_results=True, seed=1, sparsity=0.05, use_relu=True, wd=0.0005) 

Pruning a Four-Layer Fully Connected Redundant Network ...
Train Epoch: 1 [6336/60000 (11%)]	Loss: 0.882387
Train Epoch: 1 [12736/60000 (21%)]	Loss: 0.633579
Train Epoch: 1 [19136/60000 (32%)]	Loss: 0.388350
Train Epoch: 1 [25536/60000 (43%)]	Loss: 0.669397
Train Epoch: 1 [31936/60000 (53%)]	Loss: 0.435292
Train Epoch: 1 [38336/60000 (64%)]	Loss: 0.469264
Train Epoch: 1 [44736/60000 (75%)]	Loss: 0.316151
Train Epoch: 1 [51136/60000 (85%)]	Loss: 0.631530
Train Epoch: 1 [57536/60000 (96%)]	Loss: 0.426363

Test set: Average loss: 0.3549, Accuracy: 8888/10000 (89%)

Train Epoch: 2 [6336/60000 (11%)]	Loss: 0.424880
Train Epoch: 2 [12736/60000 (21%)]	Loss: 0.149003
Train Epoch: 2 [19136/60000 (32%)]	Loss: 0.365740
Train Epoch: 2 [25536/60000 (43%)]	Loss: 0.277071
Train Epoch: 2 [31936/60000 (53%)]	Loss: 0.298719
Train Epoch: 2 [38336/60000 (64%)]	Loss: 0.602188
Train Epoch: 2 [44736/60000 (75%)]	Loss: 0.481247
Train Epoch: 2 [51136/60000 (85%)]	Loss: 0.528608
Train Epoch: 2 [57536/60000 (96%)]	Loss: 0.325905

Test set: Average loss: 0.4088, Accuracy: 8715/10000 (87%)

Train Epoch: 3 [6336/60000 (11%)]	Loss: 0.541827
Train Epoch: 3 [12736/60000 (21%)]	Loss: 0.242810
Train Epoch: 3 [19136/60000 (32%)]	Loss: 0.282408
Train Epoch: 3 [25536/60000 (43%)]	Loss: 0.310056
Train Epoch: 3 [31936/60000 (53%)]	Loss: 0.355121
Train Epoch: 3 [38336/60000 (64%)]	Loss: 0.289124
Train Epoch: 3 [44736/60000 (75%)]	Loss: 0.475739
Train Epoch: 3 [51136/60000 (85%)]	Loss: 0.273014
Train Epoch: 3 [57536/60000 (96%)]	Loss: 0.338199

Test set: Average loss: 0.5138, Accuracy: 8437/10000 (84%)

Train Epoch: 4 [6336/60000 (11%)]	Loss: 0.263187
Train Epoch: 4 [12736/60000 (21%)]	Loss: 0.534762
Train Epoch: 4 [19136/60000 (32%)]	Loss: 0.747285
Train Epoch: 4 [25536/60000 (43%)]	Loss: 0.383935
Train Epoch: 4 [31936/60000 (53%)]	Loss: 0.714868
Train Epoch: 4 [38336/60000 (64%)]	Loss: 0.270536
Train Epoch: 4 [44736/60000 (75%)]	Loss: 0.337251
Train Epoch: 4 [51136/60000 (85%)]	Loss: 0.377041
Train Epoch: 4 [57536/60000 (96%)]	Loss: 0.287038

Test set: Average loss: 0.5504, Accuracy: 8293/10000 (83%)

Train Epoch: 5 [6336/60000 (11%)]	Loss: 0.972701
Train Epoch: 5 [12736/60000 (21%)]	Loss: 0.585617
Train Epoch: 5 [19136/60000 (32%)]	Loss: 0.667078
Train Epoch: 5 [25536/60000 (43%)]	Loss: 0.371349
Train Epoch: 5 [31936/60000 (53%)]	Loss: 0.670876
Train Epoch: 5 [38336/60000 (64%)]	Loss: 1.544924
Train Epoch: 5 [44736/60000 (75%)]	Loss: 0.742506
Train Epoch: 5 [51136/60000 (85%)]	Loss: 0.733653
Train Epoch: 5 [57536/60000 (96%)]	Loss: 1.094809

Test set: Average loss: 0.9153, Accuracy: 7927/10000 (79%)

Train Epoch: 6 [6336/60000 (11%)]	Loss: 0.428780
Train Epoch: 6 [12736/60000 (21%)]	Loss: 0.895917
Train Epoch: 6 [19136/60000 (32%)]	Loss: 1.369568
Train Epoch: 6 [25536/60000 (43%)]	Loss: 1.228295
Train Epoch: 6 [31936/60000 (53%)]	Loss: 1.179253
Train Epoch: 6 [38336/60000 (64%)]	Loss: 0.460881
Train Epoch: 6 [44736/60000 (75%)]	Loss: 0.965279
Train Epoch: 6 [51136/60000 (85%)]	Loss: 1.706495
Train Epoch: 6 [57536/60000 (96%)]	Loss: 0.570586

Test set: Average loss: 1.7025, Accuracy: 6959/10000 (70%)

Train Epoch: 7 [6336/60000 (11%)]	Loss: 1.475819
Train Epoch: 7 [12736/60000 (21%)]	Loss: 1.277093
Train Epoch: 7 [19136/60000 (32%)]	Loss: 0.571756
Train Epoch: 7 [25536/60000 (43%)]	Loss: 0.831758
Train Epoch: 7 [31936/60000 (53%)]	Loss: 0.937287
Train Epoch: 7 [38336/60000 (64%)]	Loss: 1.387336
Train Epoch: 7 [44736/60000 (75%)]	Loss: 0.711379
Train Epoch: 7 [51136/60000 (85%)]	Loss: 1.086524
Train Epoch: 7 [57536/60000 (96%)]	Loss: 1.283084

Test set: Average loss: 1.2228, Accuracy: 7551/10000 (76%)

Train Epoch: 8 [6336/60000 (11%)]	Loss: 0.696431
Train Epoch: 8 [12736/60000 (21%)]	Loss: 0.249411
Train Epoch: 8 [19136/60000 (32%)]	Loss: 0.451926
Train Epoch: 8 [25536/60000 (43%)]	Loss: 1.009971
Train Epoch: 8 [31936/60000 (53%)]	Loss: 0.561502
Train Epoch: 8 [38336/60000 (64%)]	Loss: 0.953908
Train Epoch: 8 [44736/60000 (75%)]	Loss: 0.608009
Train Epoch: 8 [51136/60000 (85%)]	Loss: 1.022927
Train Epoch: 8 [57536/60000 (96%)]	Loss: 0.781839

Test set: Average loss: 1.0994, Accuracy: 7887/10000 (79%)

Train Epoch: 9 [6336/60000 (11%)]	Loss: 0.728486
Train Epoch: 9 [12736/60000 (21%)]	Loss: 0.761674
Train Epoch: 9 [19136/60000 (32%)]	Loss: 1.107498
Train Epoch: 9 [25536/60000 (43%)]	Loss: 1.176879
Train Epoch: 9 [31936/60000 (53%)]	Loss: 0.817622
Train Epoch: 9 [38336/60000 (64%)]	Loss: 0.853593
Train Epoch: 9 [44736/60000 (75%)]	Loss: 0.797024
Train Epoch: 9 [51136/60000 (85%)]	Loss: 0.893245
Train Epoch: 9 [57536/60000 (96%)]	Loss: 0.750432

Test set: Average loss: 1.2436, Accuracy: 7664/10000 (77%)

Train Epoch: 10 [6336/60000 (11%)]	Loss: 0.340753
Train Epoch: 10 [12736/60000 (21%)]	Loss: 0.551055
Train Epoch: 10 [19136/60000 (32%)]	Loss: 0.304062
Train Epoch: 10 [25536/60000 (43%)]	Loss: 0.563297
Train Epoch: 10 [31936/60000 (53%)]	Loss: 0.241748
Train Epoch: 10 [38336/60000 (64%)]	Loss: 0.337423
Train Epoch: 10 [44736/60000 (75%)]	Loss: 0.408739
Train Epoch: 10 [51136/60000 (85%)]	Loss: 0.529056
Train Epoch: 10 [57536/60000 (96%)]	Loss: 0.298351

Test set: Average loss: 0.3746, Accuracy: 8815/10000 (88%)

Namespace(batch_size=64, bias=None, data='../data', device=1, epochs=10, hidden_size=500, load_weights=None, log_interval=100, lr=0.1, model='redfc4', momentum=0.9, no_cuda=False, r=5, save_model=None, save_results=True, seed=1, sparsity=0.05, use_relu=True, wd=0.0005)


Total time spent pruning/training: 2.02 minutes
Total number of parameters in model: 4496420
Number of parameters in pruned model: 4271599
