Namespace(batch_size=64, bias=None, data='../data', device=1, epochs=16, hidden_size=500, load_weights=None, log_interval=100, lr=0.1, model='redfc4', momentum=0.9, no_cuda=False, r=5, save_model=None, save_results=True, seed=1, sparsity=0.9, use_relu=True, wd=0.0005) 

Pruning a Four-Layer Fully Connected Redundant Network ...
Train Epoch: 1 [6336/60000 (11%)]	Loss: 2.289122
Train Epoch: 1 [12736/60000 (21%)]	Loss: 2.147004
Train Epoch: 1 [19136/60000 (32%)]	Loss: 1.863841
Train Epoch: 1 [25536/60000 (43%)]	Loss: 1.630867
Train Epoch: 1 [31936/60000 (53%)]	Loss: 1.389572
Train Epoch: 1 [38336/60000 (64%)]	Loss: 1.312210
Train Epoch: 1 [44736/60000 (75%)]	Loss: 1.253644
Train Epoch: 1 [51136/60000 (85%)]	Loss: 1.326354
Train Epoch: 1 [57536/60000 (96%)]	Loss: 1.322239

Test set: Average loss: 1.1150, Accuracy: 6762/10000 (68%)

Train Epoch: 2 [6336/60000 (11%)]	Loss: 1.149451
Train Epoch: 2 [12736/60000 (21%)]	Loss: 0.925313
Train Epoch: 2 [19136/60000 (32%)]	Loss: 1.152874
Train Epoch: 2 [25536/60000 (43%)]	Loss: 0.878126
Train Epoch: 2 [31936/60000 (53%)]	Loss: 0.925741
Train Epoch: 2 [38336/60000 (64%)]	Loss: 0.978665
Train Epoch: 2 [44736/60000 (75%)]	Loss: 1.051741
Train Epoch: 2 [51136/60000 (85%)]	Loss: 0.891141
Train Epoch: 2 [57536/60000 (96%)]	Loss: 0.902390

Test set: Average loss: 0.8638, Accuracy: 7663/10000 (77%)

Train Epoch: 3 [6336/60000 (11%)]	Loss: 1.110914
Train Epoch: 3 [12736/60000 (21%)]	Loss: 0.874073
Train Epoch: 3 [19136/60000 (32%)]	Loss: 0.703349
Train Epoch: 3 [25536/60000 (43%)]	Loss: 0.949551
Train Epoch: 3 [31936/60000 (53%)]	Loss: 0.702009
Train Epoch: 3 [38336/60000 (64%)]	Loss: 0.893624
Train Epoch: 3 [44736/60000 (75%)]	Loss: 0.760302
Train Epoch: 3 [51136/60000 (85%)]	Loss: 0.752565
Train Epoch: 3 [57536/60000 (96%)]	Loss: 0.806783

Test set: Average loss: 0.8772, Accuracy: 7579/10000 (76%)

Train Epoch: 4 [6336/60000 (11%)]	Loss: 0.933702
Train Epoch: 4 [12736/60000 (21%)]	Loss: 0.929542
Train Epoch: 4 [19136/60000 (32%)]	Loss: 0.861074
Train Epoch: 4 [25536/60000 (43%)]	Loss: 0.998197
Train Epoch: 4 [31936/60000 (53%)]	Loss: 1.017990
Train Epoch: 4 [38336/60000 (64%)]	Loss: 0.762896
Train Epoch: 4 [44736/60000 (75%)]	Loss: 0.935508
Train Epoch: 4 [51136/60000 (85%)]	Loss: 0.979243
Train Epoch: 4 [57536/60000 (96%)]	Loss: 0.694844

Test set: Average loss: 0.8209, Accuracy: 7681/10000 (77%)

Train Epoch: 5 [6336/60000 (11%)]	Loss: 1.092907
Train Epoch: 5 [12736/60000 (21%)]	Loss: 0.951539
Train Epoch: 5 [19136/60000 (32%)]	Loss: 0.850390
Train Epoch: 5 [25536/60000 (43%)]	Loss: 0.796183
Train Epoch: 5 [31936/60000 (53%)]	Loss: 0.940537
Train Epoch: 5 [38336/60000 (64%)]	Loss: 1.024822
Train Epoch: 5 [44736/60000 (75%)]	Loss: 0.832145
Train Epoch: 5 [51136/60000 (85%)]	Loss: 0.833777
Train Epoch: 5 [57536/60000 (96%)]	Loss: 1.010026

Test set: Average loss: 0.9395, Accuracy: 7138/10000 (71%)

Train Epoch: 6 [6336/60000 (11%)]	Loss: 0.904768
Train Epoch: 6 [12736/60000 (21%)]	Loss: 0.863569
Train Epoch: 6 [19136/60000 (32%)]	Loss: 0.897965
Train Epoch: 6 [25536/60000 (43%)]	Loss: 0.944188
Train Epoch: 6 [31936/60000 (53%)]	Loss: 0.912153
Train Epoch: 6 [38336/60000 (64%)]	Loss: 0.848756
Train Epoch: 6 [44736/60000 (75%)]	Loss: 0.794470
Train Epoch: 6 [51136/60000 (85%)]	Loss: 0.810470
Train Epoch: 6 [57536/60000 (96%)]	Loss: 0.840277

Test set: Average loss: 0.9259, Accuracy: 7441/10000 (74%)

Train Epoch: 7 [6336/60000 (11%)]	Loss: 0.893524
Train Epoch: 7 [12736/60000 (21%)]	Loss: 0.723647
Train Epoch: 7 [19136/60000 (32%)]	Loss: 0.904723
Train Epoch: 7 [25536/60000 (43%)]	Loss: 0.800560
Train Epoch: 7 [31936/60000 (53%)]	Loss: 0.754619
Train Epoch: 7 [38336/60000 (64%)]	Loss: 1.089788
Train Epoch: 7 [44736/60000 (75%)]	Loss: 0.998929
Train Epoch: 7 [51136/60000 (85%)]	Loss: 0.941010
Train Epoch: 7 [57536/60000 (96%)]	Loss: 1.040811

Test set: Average loss: 0.9107, Accuracy: 7332/10000 (73%)

Train Epoch: 8 [6336/60000 (11%)]	Loss: 0.969784
Train Epoch: 8 [12736/60000 (21%)]	Loss: 0.799793
Train Epoch: 8 [19136/60000 (32%)]	Loss: 0.853058
Train Epoch: 8 [25536/60000 (43%)]	Loss: 0.772525
Train Epoch: 8 [31936/60000 (53%)]	Loss: 1.018093
Train Epoch: 8 [38336/60000 (64%)]	Loss: 0.845755
Train Epoch: 8 [44736/60000 (75%)]	Loss: 0.955125
Train Epoch: 8 [51136/60000 (85%)]	Loss: 0.984166
Train Epoch: 8 [57536/60000 (96%)]	Loss: 0.893916

Test set: Average loss: 0.9549, Accuracy: 7309/10000 (73%)

Train Epoch: 9 [6336/60000 (11%)]	Loss: 0.843979
Train Epoch: 9 [12736/60000 (21%)]	Loss: 0.932758
Train Epoch: 9 [19136/60000 (32%)]	Loss: 0.870713
Train Epoch: 9 [25536/60000 (43%)]	Loss: 1.028295
Train Epoch: 9 [31936/60000 (53%)]	Loss: 0.900419
Train Epoch: 9 [38336/60000 (64%)]	Loss: 0.887270
Train Epoch: 9 [44736/60000 (75%)]	Loss: 0.904251
Train Epoch: 9 [51136/60000 (85%)]	Loss: 0.918293
Train Epoch: 9 [57536/60000 (96%)]	Loss: 0.814447

Test set: Average loss: 0.9326, Accuracy: 7588/10000 (76%)

Train Epoch: 10 [6336/60000 (11%)]	Loss: 0.857713
Train Epoch: 10 [12736/60000 (21%)]	Loss: 0.876928
Train Epoch: 10 [19136/60000 (32%)]	Loss: 0.965670
Train Epoch: 10 [25536/60000 (43%)]	Loss: 1.025745
Train Epoch: 10 [31936/60000 (53%)]	Loss: 0.960360
Train Epoch: 10 [38336/60000 (64%)]	Loss: 1.004446
Train Epoch: 10 [44736/60000 (75%)]	Loss: 0.967452
Train Epoch: 10 [51136/60000 (85%)]	Loss: 1.015786
Train Epoch: 10 [57536/60000 (96%)]	Loss: 0.909524

Test set: Average loss: 0.8686, Accuracy: 7493/10000 (75%)

Train Epoch: 11 [6336/60000 (11%)]	Loss: 0.946169
Train Epoch: 11 [12736/60000 (21%)]	Loss: 0.729780
Train Epoch: 11 [19136/60000 (32%)]	Loss: 0.718019
Train Epoch: 11 [25536/60000 (43%)]	Loss: 0.998290
Train Epoch: 11 [31936/60000 (53%)]	Loss: 1.018571
Train Epoch: 11 [38336/60000 (64%)]	Loss: 0.774496
Train Epoch: 11 [44736/60000 (75%)]	Loss: 0.800456
Train Epoch: 11 [51136/60000 (85%)]	Loss: 0.932087
Train Epoch: 11 [57536/60000 (96%)]	Loss: 0.845781

Test set: Average loss: 0.9173, Accuracy: 7210/10000 (72%)

Train Epoch: 12 [6336/60000 (11%)]	Loss: 0.942716
Train Epoch: 12 [12736/60000 (21%)]	Loss: 0.943262
Train Epoch: 12 [19136/60000 (32%)]	Loss: 0.801599
Train Epoch: 12 [25536/60000 (43%)]	Loss: 0.710538
Train Epoch: 12 [31936/60000 (53%)]	Loss: 0.745537
Train Epoch: 12 [38336/60000 (64%)]	Loss: 0.692142
Train Epoch: 12 [44736/60000 (75%)]	Loss: 0.921254
Train Epoch: 12 [51136/60000 (85%)]	Loss: 0.660494
Train Epoch: 12 [57536/60000 (96%)]	Loss: 1.044790

Test set: Average loss: 0.8333, Accuracy: 7706/10000 (77%)

Train Epoch: 13 [6336/60000 (11%)]	Loss: 0.776305
Train Epoch: 13 [12736/60000 (21%)]	Loss: 0.932200
Train Epoch: 13 [19136/60000 (32%)]	Loss: 0.883632
Train Epoch: 13 [25536/60000 (43%)]	Loss: 0.878396
Train Epoch: 13 [31936/60000 (53%)]	Loss: 0.956517
Train Epoch: 13 [38336/60000 (64%)]	Loss: 0.792763
Train Epoch: 13 [44736/60000 (75%)]	Loss: 0.852292
Train Epoch: 13 [51136/60000 (85%)]	Loss: 0.820087
Train Epoch: 13 [57536/60000 (96%)]	Loss: 0.828286

Test set: Average loss: 0.8213, Accuracy: 7479/10000 (75%)

Train Epoch: 14 [6336/60000 (11%)]	Loss: 0.912522
Train Epoch: 14 [12736/60000 (21%)]	Loss: 0.758851
Train Epoch: 14 [19136/60000 (32%)]	Loss: 0.741546
Train Epoch: 14 [25536/60000 (43%)]	Loss: 0.846660
Train Epoch: 14 [31936/60000 (53%)]	Loss: 0.808482
Train Epoch: 14 [38336/60000 (64%)]	Loss: 0.791978
Train Epoch: 14 [44736/60000 (75%)]	Loss: 0.774906
Train Epoch: 14 [51136/60000 (85%)]	Loss: 0.627105
Train Epoch: 14 [57536/60000 (96%)]	Loss: 0.827380

Test set: Average loss: 0.7438, Accuracy: 7813/10000 (78%)

Train Epoch: 15 [6336/60000 (11%)]	Loss: 0.818346
Train Epoch: 15 [12736/60000 (21%)]	Loss: 0.675379
Train Epoch: 15 [19136/60000 (32%)]	Loss: 0.716880
Train Epoch: 15 [25536/60000 (43%)]	Loss: 0.733707
Train Epoch: 15 [31936/60000 (53%)]	Loss: 0.705215
Train Epoch: 15 [38336/60000 (64%)]	Loss: 0.829430
Train Epoch: 15 [44736/60000 (75%)]	Loss: 0.790282
Train Epoch: 15 [51136/60000 (85%)]	Loss: 0.661039
Train Epoch: 15 [57536/60000 (96%)]	Loss: 0.867250

Test set: Average loss: 0.6772, Accuracy: 8051/10000 (81%)

Train Epoch: 16 [6336/60000 (11%)]	Loss: 0.626321
Train Epoch: 16 [12736/60000 (21%)]	Loss: 0.717860
Train Epoch: 16 [19136/60000 (32%)]	Loss: 0.692713
Train Epoch: 16 [25536/60000 (43%)]	Loss: 0.643781
Train Epoch: 16 [31936/60000 (53%)]	Loss: 0.719835
Train Epoch: 16 [38336/60000 (64%)]	Loss: 0.666336
Train Epoch: 16 [44736/60000 (75%)]	Loss: 0.637969
Train Epoch: 16 [51136/60000 (85%)]	Loss: 0.626680
Train Epoch: 16 [57536/60000 (96%)]	Loss: 0.595913

Test set: Average loss: 0.6767, Accuracy: 8081/10000 (81%)

Namespace(batch_size=64, bias=None, data='../data', device=1, epochs=16, hidden_size=500, load_weights=None, log_interval=100, lr=0.1, model='redfc4', momentum=0.9, no_cuda=False, r=5, save_model=None, save_results=True, seed=1, sparsity=0.9, use_relu=True, wd=0.0005)


Total time spent pruning/training: 3.20 minutes
Total number of parameters in model: 4496420
Number of parameters in pruned model: 449641
