Namespace(batch_size=64, bias=None, data='../data', device=0, epochs=50, hidden_size=500, load_weights=None, log_interval=100, lr=0.1, milestones=[5, 7], model='redfc4', momentum=0.9, no_cuda=False, r=5, save_model=None, save_results=True, scheduler='cosine', seed=1, sparsity=0.02, use_relu=True, wd=0.0005) 

Pruning a Four-Layer Fully Connected Redundant Network ...
Train Epoch: 1 [0/60000 (0%)]	Loss: 41.569954
Train Epoch: 1 [6400/60000 (11%)]	Loss: 1.631027
Train Epoch: 1 [12800/60000 (21%)]	Loss: 1.485603
Train Epoch: 1 [19200/60000 (32%)]	Loss: 2.469604
Train Epoch: 1 [25600/60000 (43%)]	Loss: 2.969110
Train Epoch: 1 [32000/60000 (53%)]	Loss: 6.587962
Train Epoch: 1 [38400/60000 (64%)]	Loss: 2.395302
Train Epoch: 1 [44800/60000 (75%)]	Loss: 1.509322
Train Epoch: 1 [51200/60000 (85%)]	Loss: 2.564103
Train Epoch: 1 [57600/60000 (96%)]	Loss: 2.775864

Test set: Average loss: 2.9785, Accuracy: 7085/10000 (71%)

Train Epoch: 2 [0/60000 (0%)]	Loss: 3.527151
Train Epoch: 2 [6400/60000 (11%)]	Loss: 4.600338
Train Epoch: 2 [12800/60000 (21%)]	Loss: 4.285647
Train Epoch: 2 [19200/60000 (32%)]	Loss: 5.898012
Train Epoch: 2 [25600/60000 (43%)]	Loss: 7.842252
Train Epoch: 2 [32000/60000 (53%)]	Loss: 4.282820
Train Epoch: 2 [38400/60000 (64%)]	Loss: 7.385417
Train Epoch: 2 [44800/60000 (75%)]	Loss: 6.872321
Train Epoch: 2 [51200/60000 (85%)]	Loss: 8.408654
Train Epoch: 2 [57600/60000 (96%)]	Loss: 6.622046

Test set: Average loss: 9.7244, Accuracy: 4388/10000 (44%)

Train Epoch: 3 [0/60000 (0%)]	Loss: 8.259780
Train Epoch: 3 [6400/60000 (11%)]	Loss: 6.530209
Train Epoch: 3 [12800/60000 (21%)]	Loss: 8.634205
Train Epoch: 3 [19200/60000 (32%)]	Loss: 9.904598
Train Epoch: 3 [25600/60000 (43%)]	Loss: 8.183270
Train Epoch: 3 [32000/60000 (53%)]	Loss: 10.811276
Train Epoch: 3 [38400/60000 (64%)]	Loss: 12.539967
Train Epoch: 3 [44800/60000 (75%)]	Loss: 10.455547
Train Epoch: 3 [51200/60000 (85%)]	Loss: 7.865774
Train Epoch: 3 [57600/60000 (96%)]	Loss: 14.602843

Test set: Average loss: 13.9706, Accuracy: 3030/10000 (30%)

Train Epoch: 4 [0/60000 (0%)]	Loss: 13.531309
Train Epoch: 4 [6400/60000 (11%)]	Loss: 13.360601
Train Epoch: 4 [12800/60000 (21%)]	Loss: 10.974190
Train Epoch: 4 [19200/60000 (32%)]	Loss: 13.554255
Train Epoch: 4 [25600/60000 (43%)]	Loss: 16.648163
Train Epoch: 4 [32000/60000 (53%)]	Loss: 14.560592
Train Epoch: 4 [38400/60000 (64%)]	Loss: 17.213087
Train Epoch: 4 [44800/60000 (75%)]	Loss: 19.557121
Train Epoch: 4 [51200/60000 (85%)]	Loss: 16.460379
Train Epoch: 4 [57600/60000 (96%)]	Loss: 18.140312

Test set: Average loss: 18.5028, Accuracy: 2013/10000 (20%)

Train Epoch: 5 [0/60000 (0%)]	Loss: 16.603054
Train Epoch: 5 [6400/60000 (11%)]	Loss: 14.141575
Train Epoch: 5 [12800/60000 (21%)]	Loss: 17.130886
Train Epoch: 5 [19200/60000 (32%)]	Loss: 16.311544
Train Epoch: 5 [25600/60000 (43%)]	Loss: 15.230012
Train Epoch: 5 [32000/60000 (53%)]	Loss: 21.720530
Train Epoch: 5 [38400/60000 (64%)]	Loss: 22.322361
Train Epoch: 5 [44800/60000 (75%)]	Loss: 20.767036
Train Epoch: 5 [51200/60000 (85%)]	Loss: 19.258530
Train Epoch: 5 [57600/60000 (96%)]	Loss: 21.711937

Test set: Average loss: 20.5547, Accuracy: 1879/10000 (19%)

Train Epoch: 6 [0/60000 (0%)]	Loss: 19.430328
Train Epoch: 6 [6400/60000 (11%)]	Loss: 19.076969
Train Epoch: 6 [12800/60000 (21%)]	Loss: 21.749451
Train Epoch: 6 [19200/60000 (32%)]	Loss: 24.357302
Train Epoch: 6 [25600/60000 (43%)]	Loss: 24.233074
Train Epoch: 6 [32000/60000 (53%)]	Loss: 21.805071
Train Epoch: 6 [38400/60000 (64%)]	Loss: 21.682299
Train Epoch: 6 [44800/60000 (75%)]	Loss: 25.702948
Train Epoch: 6 [51200/60000 (85%)]	Loss: 25.904804
Train Epoch: 6 [57600/60000 (96%)]	Loss: 20.934214

Test set: Average loss: 22.6637, Accuracy: 1783/10000 (18%)

Train Epoch: 7 [0/60000 (0%)]	Loss: 20.074562
Train Epoch: 7 [6400/60000 (11%)]	Loss: 24.322060
Train Epoch: 7 [12800/60000 (21%)]	Loss: 22.872849
Train Epoch: 7 [19200/60000 (32%)]	Loss: 24.809048
Train Epoch: 7 [25600/60000 (43%)]	Loss: 21.880644
Train Epoch: 7 [32000/60000 (53%)]	Loss: 23.044643
Train Epoch: 7 [38400/60000 (64%)]	Loss: 27.579727
Train Epoch: 7 [44800/60000 (75%)]	Loss: 20.935259
Train Epoch: 7 [51200/60000 (85%)]	Loss: 23.973339
Train Epoch: 7 [57600/60000 (96%)]	Loss: 24.119829

Test set: Average loss: 23.9262, Accuracy: 1615/10000 (16%)

Train Epoch: 8 [0/60000 (0%)]	Loss: 22.337952
Train Epoch: 8 [6400/60000 (11%)]	Loss: 24.396852
Train Epoch: 8 [12800/60000 (21%)]	Loss: 24.350061
Train Epoch: 8 [19200/60000 (32%)]	Loss: 24.121855
Train Epoch: 8 [25600/60000 (43%)]	Loss: 30.277977
Train Epoch: 8 [32000/60000 (53%)]	Loss: 25.794544
Train Epoch: 8 [38400/60000 (64%)]	Loss: 25.587620
Train Epoch: 8 [44800/60000 (75%)]	Loss: 26.052719
Train Epoch: 8 [51200/60000 (85%)]	Loss: 26.372469
Train Epoch: 8 [57600/60000 (96%)]	Loss: 26.360504

Test set: Average loss: 26.9481, Accuracy: 1622/10000 (16%)

Train Epoch: 9 [0/60000 (0%)]	Loss: 33.188400
Train Epoch: 9 [6400/60000 (11%)]	Loss: 25.842243
Train Epoch: 9 [12800/60000 (21%)]	Loss: 31.281904
Train Epoch: 9 [19200/60000 (32%)]	Loss: 27.391581
Train Epoch: 9 [25600/60000 (43%)]	Loss: 33.158207
Train Epoch: 9 [32000/60000 (53%)]	Loss: 23.478445
Train Epoch: 9 [38400/60000 (64%)]	Loss: 24.562243
Train Epoch: 9 [44800/60000 (75%)]	Loss: 28.793816
Train Epoch: 9 [51200/60000 (85%)]	Loss: 25.657711
Train Epoch: 9 [57600/60000 (96%)]	Loss: 28.723640

Test set: Average loss: 28.4157, Accuracy: 1554/10000 (16%)

Train Epoch: 10 [0/60000 (0%)]	Loss: 24.005371
Train Epoch: 10 [6400/60000 (11%)]	Loss: 32.974361
Train Epoch: 10 [12800/60000 (21%)]	Loss: 27.709692
Train Epoch: 10 [19200/60000 (32%)]	Loss: 28.150522
Train Epoch: 10 [25600/60000 (43%)]	Loss: 24.353760
Train Epoch: 10 [32000/60000 (53%)]	Loss: 32.685516
Train Epoch: 10 [38400/60000 (64%)]	Loss: 24.872662
Train Epoch: 10 [44800/60000 (75%)]	Loss: 28.772352
Train Epoch: 10 [51200/60000 (85%)]	Loss: 29.929455
Train Epoch: 10 [57600/60000 (96%)]	Loss: 30.780682

Test set: Average loss: 29.6376, Accuracy: 1506/10000 (15%)

Train Epoch: 11 [0/60000 (0%)]	Loss: 25.578041
Train Epoch: 11 [6400/60000 (11%)]	Loss: 26.976526
Train Epoch: 11 [12800/60000 (21%)]	Loss: 26.279606
Train Epoch: 11 [19200/60000 (32%)]	Loss: 30.139956
Train Epoch: 11 [25600/60000 (43%)]	Loss: 28.160725
Train Epoch: 11 [32000/60000 (53%)]	Loss: 37.786102
Train Epoch: 11 [38400/60000 (64%)]	Loss: 27.389214
Train Epoch: 11 [44800/60000 (75%)]	Loss: 27.035931
Train Epoch: 11 [51200/60000 (85%)]	Loss: 25.717552
Train Epoch: 11 [57600/60000 (96%)]	Loss: 30.019409

Test set: Average loss: 31.4567, Accuracy: 1517/10000 (15%)

Train Epoch: 12 [0/60000 (0%)]	Loss: 24.930164
Train Epoch: 12 [6400/60000 (11%)]	Loss: 30.378633
Train Epoch: 12 [12800/60000 (21%)]	Loss: 30.931057
Train Epoch: 12 [19200/60000 (32%)]	Loss: 25.405418
Train Epoch: 12 [25600/60000 (43%)]	Loss: 29.532442
Train Epoch: 12 [32000/60000 (53%)]	Loss: 27.713743
Train Epoch: 12 [38400/60000 (64%)]	Loss: 29.558804
Train Epoch: 12 [44800/60000 (75%)]	Loss: 36.134354
Train Epoch: 12 [51200/60000 (85%)]	Loss: 30.417953
Train Epoch: 12 [57600/60000 (96%)]	Loss: 38.743347

Test set: Average loss: 31.8060, Accuracy: 1484/10000 (15%)

Train Epoch: 13 [0/60000 (0%)]	Loss: 29.930838
Train Epoch: 13 [6400/60000 (11%)]	Loss: 30.109324
Train Epoch: 13 [12800/60000 (21%)]	Loss: 30.783844
Train Epoch: 13 [19200/60000 (32%)]	Loss: 37.984295
Train Epoch: 13 [25600/60000 (43%)]	Loss: 34.147701
Train Epoch: 13 [32000/60000 (53%)]	Loss: 36.183468
Train Epoch: 13 [38400/60000 (64%)]	Loss: 34.800434
Train Epoch: 13 [44800/60000 (75%)]	Loss: 32.262466
Train Epoch: 13 [51200/60000 (85%)]	Loss: 37.226093
Train Epoch: 13 [57600/60000 (96%)]	Loss: 33.875538

Test set: Average loss: 33.1621, Accuracy: 1488/10000 (15%)

Train Epoch: 14 [0/60000 (0%)]	Loss: 31.120905
Train Epoch: 14 [6400/60000 (11%)]	Loss: 29.966843
Train Epoch: 14 [12800/60000 (21%)]	Loss: 38.535362
Train Epoch: 14 [19200/60000 (32%)]	Loss: 33.627796
Train Epoch: 14 [25600/60000 (43%)]	Loss: 31.814293
Train Epoch: 14 [32000/60000 (53%)]	Loss: 31.882248
Train Epoch: 14 [38400/60000 (64%)]	Loss: 34.178253
Train Epoch: 14 [44800/60000 (75%)]	Loss: 31.581017
Train Epoch: 14 [51200/60000 (85%)]	Loss: 32.991753
Train Epoch: 14 [57600/60000 (96%)]	Loss: 31.014088

Test set: Average loss: 34.1800, Accuracy: 1461/10000 (15%)

Train Epoch: 15 [0/60000 (0%)]	Loss: 31.453171
Train Epoch: 15 [6400/60000 (11%)]	Loss: 32.297302
Train Epoch: 15 [12800/60000 (21%)]	Loss: 32.891705
Train Epoch: 15 [19200/60000 (32%)]	Loss: 34.204777
Train Epoch: 15 [25600/60000 (43%)]	Loss: 29.193016
Train Epoch: 15 [32000/60000 (53%)]	Loss: 36.079899
Train Epoch: 15 [38400/60000 (64%)]	Loss: 30.586624
Train Epoch: 15 [44800/60000 (75%)]	Loss: 35.685242
Train Epoch: 15 [51200/60000 (85%)]	Loss: 40.762295
Train Epoch: 15 [57600/60000 (96%)]	Loss: 37.931576

Test set: Average loss: 34.6644, Accuracy: 1453/10000 (15%)

Train Epoch: 16 [0/60000 (0%)]	Loss: 31.214062
Train Epoch: 16 [6400/60000 (11%)]	Loss: 28.407513
Train Epoch: 16 [12800/60000 (21%)]	Loss: 31.658529
Train Epoch: 16 [19200/60000 (32%)]	Loss: 31.699743
Train Epoch: 16 [25600/60000 (43%)]	Loss: 33.054218
Train Epoch: 16 [32000/60000 (53%)]	Loss: 36.724464
Train Epoch: 16 [38400/60000 (64%)]	Loss: 28.657173
Train Epoch: 16 [44800/60000 (75%)]	Loss: 28.640148
Train Epoch: 16 [51200/60000 (85%)]	Loss: 34.320122
Train Epoch: 16 [57600/60000 (96%)]	Loss: 35.813187

Test set: Average loss: 35.3671, Accuracy: 1440/10000 (14%)

Train Epoch: 17 [0/60000 (0%)]	Loss: 29.948837
Train Epoch: 17 [6400/60000 (11%)]	Loss: 39.696182
Train Epoch: 17 [12800/60000 (21%)]	Loss: 32.255741
Train Epoch: 17 [19200/60000 (32%)]	Loss: 37.072903
Train Epoch: 17 [25600/60000 (43%)]	Loss: 42.266495
Train Epoch: 17 [32000/60000 (53%)]	Loss: 29.491142
Train Epoch: 17 [38400/60000 (64%)]	Loss: 37.003460
Train Epoch: 17 [44800/60000 (75%)]	Loss: 30.049166
Train Epoch: 17 [51200/60000 (85%)]	Loss: 32.454937
Train Epoch: 17 [57600/60000 (96%)]	Loss: 38.798786

Test set: Average loss: 35.9094, Accuracy: 1440/10000 (14%)

Train Epoch: 18 [0/60000 (0%)]	Loss: 41.070614
Train Epoch: 18 [6400/60000 (11%)]	Loss: 38.761482
Train Epoch: 18 [12800/60000 (21%)]	Loss: 33.194782
Train Epoch: 18 [19200/60000 (32%)]	Loss: 36.390514
Train Epoch: 18 [25600/60000 (43%)]	Loss: 35.700394
Train Epoch: 18 [32000/60000 (53%)]	Loss: 38.381454
Train Epoch: 18 [38400/60000 (64%)]	Loss: 37.268791
Train Epoch: 18 [44800/60000 (75%)]	Loss: 30.668041
Train Epoch: 18 [51200/60000 (85%)]	Loss: 43.751556
Train Epoch: 18 [57600/60000 (96%)]	Loss: 42.235821

Test set: Average loss: 35.9612, Accuracy: 1424/10000 (14%)

Train Epoch: 19 [0/60000 (0%)]	Loss: 37.078629
Train Epoch: 19 [6400/60000 (11%)]	Loss: 34.084244
Train Epoch: 19 [12800/60000 (21%)]	Loss: 32.229687
Train Epoch: 19 [19200/60000 (32%)]	Loss: 39.903259
Train Epoch: 19 [25600/60000 (43%)]	Loss: 36.511669
Train Epoch: 19 [32000/60000 (53%)]	Loss: 35.232967
Train Epoch: 19 [38400/60000 (64%)]	Loss: 46.194500
Train Epoch: 19 [44800/60000 (75%)]	Loss: 35.171169
Train Epoch: 19 [51200/60000 (85%)]	Loss: 36.013470
Train Epoch: 19 [57600/60000 (96%)]	Loss: 39.024586

Test set: Average loss: 36.6230, Accuracy: 1434/10000 (14%)

Train Epoch: 20 [0/60000 (0%)]	Loss: 36.165852
Train Epoch: 20 [6400/60000 (11%)]	Loss: 35.244099
Train Epoch: 20 [12800/60000 (21%)]	Loss: 34.989017
Train Epoch: 20 [19200/60000 (32%)]	Loss: 39.802719
Train Epoch: 20 [25600/60000 (43%)]	Loss: 32.077003
Train Epoch: 20 [32000/60000 (53%)]	Loss: 29.428118
Train Epoch: 20 [38400/60000 (64%)]	Loss: 34.184425
Train Epoch: 20 [44800/60000 (75%)]	Loss: 38.993126
Train Epoch: 20 [51200/60000 (85%)]	Loss: 35.242386
Train Epoch: 20 [57600/60000 (96%)]	Loss: 37.426853

Test set: Average loss: 36.5111, Accuracy: 1438/10000 (14%)

Train Epoch: 21 [0/60000 (0%)]	Loss: 33.675926
Train Epoch: 21 [6400/60000 (11%)]	Loss: 38.141499
Train Epoch: 21 [12800/60000 (21%)]	Loss: 37.586018
Train Epoch: 21 [19200/60000 (32%)]	Loss: 36.053047
Train Epoch: 21 [25600/60000 (43%)]	Loss: 39.125431
Train Epoch: 21 [32000/60000 (53%)]	Loss: 33.772743
Train Epoch: 21 [38400/60000 (64%)]	Loss: 33.382755
Train Epoch: 21 [44800/60000 (75%)]	Loss: 33.544830
Train Epoch: 21 [51200/60000 (85%)]	Loss: 42.171402
Train Epoch: 21 [57600/60000 (96%)]	Loss: 33.182632

Test set: Average loss: 36.9824, Accuracy: 1429/10000 (14%)

Train Epoch: 22 [0/60000 (0%)]	Loss: 34.135067
Train Epoch: 22 [6400/60000 (11%)]	Loss: 36.248650
Train Epoch: 22 [12800/60000 (21%)]	Loss: 39.216621
Train Epoch: 22 [19200/60000 (32%)]	Loss: 35.022976
Train Epoch: 22 [25600/60000 (43%)]	Loss: 37.286678
Train Epoch: 22 [32000/60000 (53%)]	Loss: 34.294052
Train Epoch: 22 [38400/60000 (64%)]	Loss: 32.222137
Train Epoch: 22 [44800/60000 (75%)]	Loss: 32.906799
Train Epoch: 22 [51200/60000 (85%)]	Loss: 43.129913
Train Epoch: 22 [57600/60000 (96%)]	Loss: 32.742371

Test set: Average loss: 37.0991, Accuracy: 1430/10000 (14%)

Train Epoch: 23 [0/60000 (0%)]	Loss: 36.705048
Train Epoch: 23 [6400/60000 (11%)]	Loss: 34.875656
Train Epoch: 23 [12800/60000 (21%)]	Loss: 34.009579
Train Epoch: 23 [19200/60000 (32%)]	Loss: 35.871616
Train Epoch: 23 [25600/60000 (43%)]	Loss: 28.304268
Train Epoch: 23 [32000/60000 (53%)]	Loss: 38.694603
Train Epoch: 23 [38400/60000 (64%)]	Loss: 30.658953
Train Epoch: 23 [44800/60000 (75%)]	Loss: 36.220482
Train Epoch: 23 [51200/60000 (85%)]	Loss: 38.143909
Train Epoch: 23 [57600/60000 (96%)]	Loss: 37.129757

Test set: Average loss: 37.3221, Accuracy: 1433/10000 (14%)

Train Epoch: 24 [0/60000 (0%)]	Loss: 41.848770
Train Epoch: 24 [6400/60000 (11%)]	Loss: 43.299294
Train Epoch: 24 [12800/60000 (21%)]	Loss: 34.530220
Train Epoch: 24 [19200/60000 (32%)]	Loss: 30.002346
Train Epoch: 24 [25600/60000 (43%)]	Loss: 39.561363
Train Epoch: 24 [32000/60000 (53%)]	Loss: 36.209698
Train Epoch: 24 [38400/60000 (64%)]	Loss: 34.394035
Train Epoch: 24 [44800/60000 (75%)]	Loss: 36.075211
Train Epoch: 24 [51200/60000 (85%)]	Loss: 36.239880
Train Epoch: 24 [57600/60000 (96%)]	Loss: 34.733635

Test set: Average loss: 37.3658, Accuracy: 1428/10000 (14%)

Train Epoch: 25 [0/60000 (0%)]	Loss: 41.603447
Train Epoch: 25 [6400/60000 (11%)]	Loss: 40.354424
Train Epoch: 25 [12800/60000 (21%)]	Loss: 39.989258
Train Epoch: 25 [19200/60000 (32%)]	Loss: 37.256828
Train Epoch: 25 [25600/60000 (43%)]	Loss: 38.588646
Train Epoch: 25 [32000/60000 (53%)]	Loss: 36.631165
Train Epoch: 25 [38400/60000 (64%)]	Loss: 42.322750
Train Epoch: 25 [44800/60000 (75%)]	Loss: 35.732155
Train Epoch: 25 [51200/60000 (85%)]	Loss: 37.554443
Train Epoch: 25 [57600/60000 (96%)]	Loss: 32.585342

Test set: Average loss: 37.5633, Accuracy: 1421/10000 (14%)

Train Epoch: 26 [0/60000 (0%)]	Loss: 34.332294
Train Epoch: 26 [6400/60000 (11%)]	Loss: 38.296337
Train Epoch: 26 [12800/60000 (21%)]	Loss: 39.597698
Train Epoch: 26 [19200/60000 (32%)]	Loss: 38.223572
Train Epoch: 26 [25600/60000 (43%)]	Loss: 36.897392
Train Epoch: 26 [32000/60000 (53%)]	Loss: 43.159462
Train Epoch: 26 [38400/60000 (64%)]	Loss: 45.294991
Train Epoch: 26 [44800/60000 (75%)]	Loss: 37.841686
Train Epoch: 26 [51200/60000 (85%)]	Loss: 32.914715
Train Epoch: 26 [57600/60000 (96%)]	Loss: 41.244270

Test set: Average loss: 37.4894, Accuracy: 1417/10000 (14%)

Train Epoch: 27 [0/60000 (0%)]	Loss: 38.302956
Train Epoch: 27 [6400/60000 (11%)]	Loss: 33.570389
Train Epoch: 27 [12800/60000 (21%)]	Loss: 32.316559
Train Epoch: 27 [19200/60000 (32%)]	Loss: 33.325344
Train Epoch: 27 [25600/60000 (43%)]	Loss: 35.346981
Train Epoch: 27 [32000/60000 (53%)]	Loss: 34.118027
Train Epoch: 27 [38400/60000 (64%)]	Loss: 33.939903
Train Epoch: 27 [44800/60000 (75%)]	Loss: 41.438850
Train Epoch: 27 [51200/60000 (85%)]	Loss: 36.276325
Train Epoch: 27 [57600/60000 (96%)]	Loss: 36.526070

Test set: Average loss: 37.5809, Accuracy: 1431/10000 (14%)

Train Epoch: 28 [0/60000 (0%)]	Loss: 36.049740
Train Epoch: 28 [6400/60000 (11%)]	Loss: 42.475719
Train Epoch: 28 [12800/60000 (21%)]	Loss: 36.364773
Train Epoch: 28 [19200/60000 (32%)]	Loss: 38.343315
Train Epoch: 28 [25600/60000 (43%)]	Loss: 40.827888
Train Epoch: 28 [32000/60000 (53%)]	Loss: 40.193577
Train Epoch: 28 [38400/60000 (64%)]	Loss: 34.308422
Train Epoch: 28 [44800/60000 (75%)]	Loss: 41.007580
Train Epoch: 28 [51200/60000 (85%)]	Loss: 36.665726
Train Epoch: 28 [57600/60000 (96%)]	Loss: 38.966885

Test set: Average loss: 37.6475, Accuracy: 1421/10000 (14%)

Train Epoch: 29 [0/60000 (0%)]	Loss: 37.479118
Train Epoch: 29 [6400/60000 (11%)]	Loss: 34.419334
Train Epoch: 29 [12800/60000 (21%)]	Loss: 45.370022
Train Epoch: 29 [19200/60000 (32%)]	Loss: 42.693790
Train Epoch: 29 [25600/60000 (43%)]	Loss: 38.630386
Train Epoch: 29 [32000/60000 (53%)]	Loss: 35.509758
Train Epoch: 29 [38400/60000 (64%)]	Loss: 39.620773
Train Epoch: 29 [44800/60000 (75%)]	Loss: 37.154339
Train Epoch: 29 [51200/60000 (85%)]	Loss: 29.584663
Train Epoch: 29 [57600/60000 (96%)]	Loss: 44.402241

Test set: Average loss: 37.5632, Accuracy: 1431/10000 (14%)

Train Epoch: 30 [0/60000 (0%)]	Loss: 38.946918
Train Epoch: 30 [6400/60000 (11%)]	Loss: 37.847763
Train Epoch: 30 [12800/60000 (21%)]	Loss: 44.594894
Train Epoch: 30 [19200/60000 (32%)]	Loss: 36.020130
Train Epoch: 30 [25600/60000 (43%)]	Loss: 39.419453
Train Epoch: 30 [32000/60000 (53%)]	Loss: 32.993755
Train Epoch: 30 [38400/60000 (64%)]	Loss: 42.221176
Train Epoch: 30 [44800/60000 (75%)]	Loss: 43.554649
Train Epoch: 30 [51200/60000 (85%)]	Loss: 35.836765
Train Epoch: 30 [57600/60000 (96%)]	Loss: 37.760921

Test set: Average loss: 37.7186, Accuracy: 1420/10000 (14%)

Train Epoch: 31 [0/60000 (0%)]	Loss: 33.867275
Train Epoch: 31 [6400/60000 (11%)]	Loss: 35.954922
Train Epoch: 31 [12800/60000 (21%)]	Loss: 43.894993
Train Epoch: 31 [19200/60000 (32%)]	Loss: 31.720053
Train Epoch: 31 [25600/60000 (43%)]	Loss: 39.847969
Train Epoch: 31 [32000/60000 (53%)]	Loss: 35.647514
Train Epoch: 31 [38400/60000 (64%)]	Loss: 38.281990
Train Epoch: 31 [44800/60000 (75%)]	Loss: 34.786682
Train Epoch: 31 [51200/60000 (85%)]	Loss: 41.696594
Train Epoch: 31 [57600/60000 (96%)]	Loss: 35.156567

Test set: Average loss: 37.8177, Accuracy: 1420/10000 (14%)

Train Epoch: 32 [0/60000 (0%)]	Loss: 45.824257
Train Epoch: 32 [6400/60000 (11%)]	Loss: 37.091976
Train Epoch: 32 [12800/60000 (21%)]	Loss: 36.819305
Train Epoch: 32 [19200/60000 (32%)]	Loss: 44.620670
Train Epoch: 32 [25600/60000 (43%)]	Loss: 32.601772
Train Epoch: 32 [32000/60000 (53%)]	Loss: 35.357315
Train Epoch: 32 [38400/60000 (64%)]	Loss: 38.988987
Train Epoch: 32 [44800/60000 (75%)]	Loss: 35.143452
Train Epoch: 32 [51200/60000 (85%)]	Loss: 34.340981
Train Epoch: 32 [57600/60000 (96%)]	Loss: 40.203732

Test set: Average loss: 37.7923, Accuracy: 1422/10000 (14%)

Train Epoch: 33 [0/60000 (0%)]	Loss: 39.496399
Train Epoch: 33 [6400/60000 (11%)]	Loss: 39.014835
Train Epoch: 33 [12800/60000 (21%)]	Loss: 39.153580
Train Epoch: 33 [19200/60000 (32%)]	Loss: 43.012596
Train Epoch: 33 [25600/60000 (43%)]	Loss: 35.108795
Train Epoch: 33 [32000/60000 (53%)]	Loss: 32.615700
Train Epoch: 33 [38400/60000 (64%)]	Loss: 39.186199
Train Epoch: 33 [44800/60000 (75%)]	Loss: 35.464157
Train Epoch: 33 [51200/60000 (85%)]	Loss: 40.623116
Train Epoch: 33 [57600/60000 (96%)]	Loss: 41.631718

Test set: Average loss: 37.7746, Accuracy: 1417/10000 (14%)

Train Epoch: 34 [0/60000 (0%)]	Loss: 39.800098
Train Epoch: 34 [6400/60000 (11%)]	Loss: 40.963890
Train Epoch: 34 [12800/60000 (21%)]	Loss: 37.340664
Train Epoch: 34 [19200/60000 (32%)]	Loss: 39.410213
Train Epoch: 34 [25600/60000 (43%)]	Loss: 36.154533
Train Epoch: 34 [32000/60000 (53%)]	Loss: 41.383221
Train Epoch: 34 [38400/60000 (64%)]	Loss: 35.037537
Train Epoch: 34 [44800/60000 (75%)]	Loss: 31.635849
Train Epoch: 34 [51200/60000 (85%)]	Loss: 39.578243
Train Epoch: 34 [57600/60000 (96%)]	Loss: 38.041904

Test set: Average loss: 37.8030, Accuracy: 1420/10000 (14%)

Train Epoch: 35 [0/60000 (0%)]	Loss: 39.619537
Train Epoch: 35 [6400/60000 (11%)]	Loss: 39.010399
Train Epoch: 35 [12800/60000 (21%)]	Loss: 40.714169
Train Epoch: 35 [19200/60000 (32%)]	Loss: 36.982800
Train Epoch: 35 [25600/60000 (43%)]	Loss: 41.930054
Train Epoch: 35 [32000/60000 (53%)]	Loss: 35.798912
Train Epoch: 35 [38400/60000 (64%)]	Loss: 36.985256
Train Epoch: 35 [44800/60000 (75%)]	Loss: 36.544460
Train Epoch: 35 [51200/60000 (85%)]	Loss: 33.140755
Train Epoch: 35 [57600/60000 (96%)]	Loss: 38.772556

Test set: Average loss: 37.8051, Accuracy: 1417/10000 (14%)

Train Epoch: 36 [0/60000 (0%)]	Loss: 35.557980
Train Epoch: 36 [6400/60000 (11%)]	Loss: 34.036758
Train Epoch: 36 [12800/60000 (21%)]	Loss: 35.308628
Train Epoch: 36 [19200/60000 (32%)]	Loss: 46.636063
Train Epoch: 36 [25600/60000 (43%)]	Loss: 42.736584
Train Epoch: 36 [32000/60000 (53%)]	Loss: 37.304733
Train Epoch: 36 [38400/60000 (64%)]	Loss: 38.243988
Train Epoch: 36 [44800/60000 (75%)]	Loss: 41.362560
Train Epoch: 36 [51200/60000 (85%)]	Loss: 38.512096
Train Epoch: 36 [57600/60000 (96%)]	Loss: 34.869125

Test set: Average loss: 37.7633, Accuracy: 1423/10000 (14%)

Train Epoch: 37 [0/60000 (0%)]	Loss: 31.838305
Train Epoch: 37 [6400/60000 (11%)]	Loss: 29.185251
Train Epoch: 37 [12800/60000 (21%)]	Loss: 41.302608
Train Epoch: 37 [19200/60000 (32%)]	Loss: 40.052376
Train Epoch: 37 [25600/60000 (43%)]	Loss: 38.303650
Train Epoch: 37 [32000/60000 (53%)]	Loss: 42.647907
Train Epoch: 37 [38400/60000 (64%)]	Loss: 38.222736
Train Epoch: 37 [44800/60000 (75%)]	Loss: 30.110096
Train Epoch: 37 [51200/60000 (85%)]	Loss: 38.922161
Train Epoch: 37 [57600/60000 (96%)]	Loss: 34.586502

Test set: Average loss: 37.7733, Accuracy: 1416/10000 (14%)

Train Epoch: 38 [0/60000 (0%)]	Loss: 30.499111
Train Epoch: 38 [6400/60000 (11%)]	Loss: 34.933975
Train Epoch: 38 [12800/60000 (21%)]	Loss: 41.025620
Train Epoch: 38 [19200/60000 (32%)]	Loss: 40.299961
Train Epoch: 38 [25600/60000 (43%)]	Loss: 32.852989
Train Epoch: 38 [32000/60000 (53%)]	Loss: 37.141850
Train Epoch: 38 [38400/60000 (64%)]	Loss: 38.853703
Train Epoch: 38 [44800/60000 (75%)]	Loss: 43.533875
Train Epoch: 38 [51200/60000 (85%)]	Loss: 34.726467
Train Epoch: 38 [57600/60000 (96%)]	Loss: 39.598919

Test set: Average loss: 37.7673, Accuracy: 1418/10000 (14%)

Train Epoch: 39 [0/60000 (0%)]	Loss: 37.922791
Train Epoch: 39 [6400/60000 (11%)]	Loss: 29.327469
Train Epoch: 39 [12800/60000 (21%)]	Loss: 40.142460
Train Epoch: 39 [19200/60000 (32%)]	Loss: 40.183636
Train Epoch: 39 [25600/60000 (43%)]	Loss: 40.251934
Train Epoch: 39 [32000/60000 (53%)]	Loss: 33.415356
Train Epoch: 39 [38400/60000 (64%)]	Loss: 43.076870
Train Epoch: 39 [44800/60000 (75%)]	Loss: 37.383369
Train Epoch: 39 [51200/60000 (85%)]	Loss: 38.293125
Train Epoch: 39 [57600/60000 (96%)]	Loss: 32.005035

Test set: Average loss: 37.8410, Accuracy: 1419/10000 (14%)

Train Epoch: 40 [0/60000 (0%)]	Loss: 33.638287
Train Epoch: 40 [6400/60000 (11%)]	Loss: 43.233063
Train Epoch: 40 [12800/60000 (21%)]	Loss: 35.810051
Train Epoch: 40 [19200/60000 (32%)]	Loss: 28.920500
Train Epoch: 40 [25600/60000 (43%)]	Loss: 31.010448
Train Epoch: 40 [32000/60000 (53%)]	Loss: 41.331867
Train Epoch: 40 [38400/60000 (64%)]	Loss: 38.786541
Train Epoch: 40 [44800/60000 (75%)]	Loss: 37.553673
Train Epoch: 40 [51200/60000 (85%)]	Loss: 41.392689
Train Epoch: 40 [57600/60000 (96%)]	Loss: 40.870213

Test set: Average loss: 37.6611, Accuracy: 1422/10000 (14%)

Train Epoch: 41 [0/60000 (0%)]	Loss: 38.057133
Train Epoch: 41 [6400/60000 (11%)]	Loss: 30.217764
Train Epoch: 41 [12800/60000 (21%)]	Loss: 39.153419
Train Epoch: 41 [19200/60000 (32%)]	Loss: 40.498665
Train Epoch: 41 [25600/60000 (43%)]	Loss: 37.999321
Train Epoch: 41 [32000/60000 (53%)]	Loss: 40.304798
Train Epoch: 41 [38400/60000 (64%)]	Loss: 40.156559
Train Epoch: 41 [44800/60000 (75%)]	Loss: 45.364807
Train Epoch: 41 [51200/60000 (85%)]	Loss: 42.812992
Train Epoch: 41 [57600/60000 (96%)]	Loss: 34.106003

Test set: Average loss: 37.6669, Accuracy: 1423/10000 (14%)

Train Epoch: 42 [0/60000 (0%)]	Loss: 40.594810
Train Epoch: 42 [6400/60000 (11%)]	Loss: 36.891315
Train Epoch: 42 [12800/60000 (21%)]	Loss: 34.498672
Train Epoch: 42 [19200/60000 (32%)]	Loss: 36.915279
Train Epoch: 42 [25600/60000 (43%)]	Loss: 30.376335
Train Epoch: 42 [32000/60000 (53%)]	Loss: 36.131683
Train Epoch: 42 [38400/60000 (64%)]	Loss: 37.881073
Train Epoch: 42 [44800/60000 (75%)]	Loss: 34.528797
Train Epoch: 42 [51200/60000 (85%)]	Loss: 35.648533
Train Epoch: 42 [57600/60000 (96%)]	Loss: 32.369808

Test set: Average loss: 37.5831, Accuracy: 1427/10000 (14%)

Train Epoch: 43 [0/60000 (0%)]	Loss: 46.400524
Train Epoch: 43 [6400/60000 (11%)]	Loss: 33.878452
Train Epoch: 43 [12800/60000 (21%)]	Loss: 43.175526
Train Epoch: 43 [19200/60000 (32%)]	Loss: 39.108517
Train Epoch: 43 [25600/60000 (43%)]	Loss: 40.071751
Train Epoch: 43 [32000/60000 (53%)]	Loss: 28.040895
Train Epoch: 43 [38400/60000 (64%)]	Loss: 42.067242
Train Epoch: 43 [44800/60000 (75%)]	Loss: 36.304497
Train Epoch: 43 [51200/60000 (85%)]	Loss: 44.869293
Train Epoch: 43 [57600/60000 (96%)]	Loss: 41.832531

Test set: Average loss: 37.5640, Accuracy: 1427/10000 (14%)

Train Epoch: 44 [0/60000 (0%)]	Loss: 36.506069
Train Epoch: 44 [6400/60000 (11%)]	Loss: 35.953636
Train Epoch: 44 [12800/60000 (21%)]	Loss: 30.799900
Train Epoch: 44 [19200/60000 (32%)]	Loss: 38.723080
Train Epoch: 44 [25600/60000 (43%)]	Loss: 38.245335
Train Epoch: 44 [32000/60000 (53%)]	Loss: 34.606037
Train Epoch: 44 [38400/60000 (64%)]	Loss: 34.202999
Train Epoch: 44 [44800/60000 (75%)]	Loss: 35.543495
Train Epoch: 44 [51200/60000 (85%)]	Loss: 40.270321
Train Epoch: 44 [57600/60000 (96%)]	Loss: 36.645466

Test set: Average loss: 37.4342, Accuracy: 1427/10000 (14%)

Train Epoch: 45 [0/60000 (0%)]	Loss: 39.289734
Train Epoch: 45 [6400/60000 (11%)]	Loss: 31.529655
Train Epoch: 45 [12800/60000 (21%)]	Loss: 38.312359
Train Epoch: 45 [19200/60000 (32%)]	Loss: 33.816807
Train Epoch: 45 [25600/60000 (43%)]	Loss: 28.523872
Train Epoch: 45 [32000/60000 (53%)]	Loss: 31.930857
Train Epoch: 45 [38400/60000 (64%)]	Loss: 41.035305
Train Epoch: 45 [44800/60000 (75%)]	Loss: 34.837269
Train Epoch: 45 [51200/60000 (85%)]	Loss: 32.428009
Train Epoch: 45 [57600/60000 (96%)]	Loss: 28.273804

Test set: Average loss: 37.2960, Accuracy: 1427/10000 (14%)

Train Epoch: 46 [0/60000 (0%)]	Loss: 41.592312
Train Epoch: 46 [6400/60000 (11%)]	Loss: 38.109783
Train Epoch: 46 [12800/60000 (21%)]	Loss: 34.418072
Train Epoch: 46 [19200/60000 (32%)]	Loss: 38.265797
Train Epoch: 46 [25600/60000 (43%)]	Loss: 34.472404
Train Epoch: 46 [32000/60000 (53%)]	Loss: 39.521309
Train Epoch: 46 [38400/60000 (64%)]	Loss: 37.625057
Train Epoch: 46 [44800/60000 (75%)]	Loss: 34.994263
Train Epoch: 46 [51200/60000 (85%)]	Loss: 40.143539
Train Epoch: 46 [57600/60000 (96%)]	Loss: 37.309998

Test set: Average loss: 37.1775, Accuracy: 1431/10000 (14%)

Train Epoch: 47 [0/60000 (0%)]	Loss: 35.795860
Train Epoch: 47 [6400/60000 (11%)]	Loss: 34.722134
Train Epoch: 47 [12800/60000 (21%)]	Loss: 31.953869
Train Epoch: 47 [19200/60000 (32%)]	Loss: 31.906521
Train Epoch: 47 [25600/60000 (43%)]	Loss: 34.162006
Train Epoch: 47 [32000/60000 (53%)]	Loss: 29.936916
Train Epoch: 47 [38400/60000 (64%)]	Loss: 33.238407
Train Epoch: 47 [44800/60000 (75%)]	Loss: 34.931549
Train Epoch: 47 [51200/60000 (85%)]	Loss: 44.530102
Train Epoch: 47 [57600/60000 (96%)]	Loss: 34.917480

Test set: Average loss: 36.8136, Accuracy: 1431/10000 (14%)

Train Epoch: 48 [0/60000 (0%)]	Loss: 33.717850
Train Epoch: 48 [6400/60000 (11%)]	Loss: 33.965000
Train Epoch: 48 [12800/60000 (21%)]	Loss: 37.007416
Train Epoch: 48 [19200/60000 (32%)]	Loss: 39.133301
Train Epoch: 48 [25600/60000 (43%)]	Loss: 33.024334
Train Epoch: 48 [32000/60000 (53%)]	Loss: 43.232059
Train Epoch: 48 [38400/60000 (64%)]	Loss: 38.028919
Train Epoch: 48 [44800/60000 (75%)]	Loss: 41.137119
Train Epoch: 48 [51200/60000 (85%)]	Loss: 38.458447
Train Epoch: 48 [57600/60000 (96%)]	Loss: 35.980572

Test set: Average loss: 36.1983, Accuracy: 1439/10000 (14%)

Train Epoch: 49 [0/60000 (0%)]	Loss: 34.400772
Train Epoch: 49 [6400/60000 (11%)]	Loss: 32.087994
Train Epoch: 49 [12800/60000 (21%)]	Loss: 37.106884
Train Epoch: 49 [19200/60000 (32%)]	Loss: 41.809338
Train Epoch: 49 [25600/60000 (43%)]	Loss: 36.114655
Train Epoch: 49 [32000/60000 (53%)]	Loss: 30.183498
Train Epoch: 49 [38400/60000 (64%)]	Loss: 30.312012
Train Epoch: 49 [44800/60000 (75%)]	Loss: 35.439770
Train Epoch: 49 [51200/60000 (85%)]	Loss: 36.802818
Train Epoch: 49 [57600/60000 (96%)]	Loss: 31.783226

Test set: Average loss: 34.7611, Accuracy: 1458/10000 (15%)

Train Epoch: 50 [0/60000 (0%)]	Loss: 31.500921
Train Epoch: 50 [6400/60000 (11%)]	Loss: 31.560593
Train Epoch: 50 [12800/60000 (21%)]	Loss: 32.050934
Train Epoch: 50 [19200/60000 (32%)]	Loss: 30.410971
Train Epoch: 50 [25600/60000 (43%)]	Loss: 26.867870
Train Epoch: 50 [32000/60000 (53%)]	Loss: 28.857370
Train Epoch: 50 [38400/60000 (64%)]	Loss: 31.788855
Train Epoch: 50 [44800/60000 (75%)]	Loss: 35.105759
Train Epoch: 50 [51200/60000 (85%)]	Loss: 33.944767
Train Epoch: 50 [57600/60000 (96%)]	Loss: 30.763723

Test set: Average loss: 31.6830, Accuracy: 1477/10000 (15%)

Namespace(batch_size=64, bias=None, data='../data', device=0, epochs=50, hidden_size=500, load_weights=None, log_interval=100, lr=0.1, milestones=[5, 7], model='redfc4', momentum=0.9, no_cuda=False, r=5, save_model=None, save_results=True, scheduler='cosine', seed=1, sparsity=0.02, use_relu=True, wd=0.0005)


Total time spent pruning/training: 13.85 minutes
Total number of parameters in model: 4496420
Number of parameters in pruned model: 4406491
