Namespace(batch_size=64, bias=None, data='../data', device=1, epochs=9, hidden_size=500, load_weights=None, log_interval=100, lr=0.1, model='redfc4', momentum=0.9, no_cuda=False, r=5, save_model=None, save_results=True, seed=1, sparsity=0.95, use_relu=True, wd=0.0005) 

Pruning a Four-Layer Fully Connected Redundant Network ...
Train Epoch: 1 [6336/60000 (11%)]	Loss: 2.302583
Train Epoch: 1 [12736/60000 (21%)]	Loss: 2.302449
Train Epoch: 1 [19136/60000 (32%)]	Loss: 2.302224
Train Epoch: 1 [25536/60000 (43%)]	Loss: 2.302287
Train Epoch: 1 [31936/60000 (53%)]	Loss: 2.301998
Train Epoch: 1 [38336/60000 (64%)]	Loss: 2.299843
Train Epoch: 1 [44736/60000 (75%)]	Loss: 2.300602
Train Epoch: 1 [51136/60000 (85%)]	Loss: 2.295126
Train Epoch: 1 [57536/60000 (96%)]	Loss: 2.287957

Test set: Average loss: 2.2887, Accuracy: 1160/10000 (12%)

Train Epoch: 2 [6336/60000 (11%)]	Loss: 2.275890
Train Epoch: 2 [12736/60000 (21%)]	Loss: 2.284632
Train Epoch: 2 [19136/60000 (32%)]	Loss: 2.294257
Train Epoch: 2 [25536/60000 (43%)]	Loss: 2.247217
Train Epoch: 2 [31936/60000 (53%)]	Loss: 2.236537
Train Epoch: 2 [38336/60000 (64%)]	Loss: 2.257196
Train Epoch: 2 [44736/60000 (75%)]	Loss: 2.246531
Train Epoch: 2 [51136/60000 (85%)]	Loss: 2.197567
Train Epoch: 2 [57536/60000 (96%)]	Loss: 2.139282

Test set: Average loss: 2.1637, Accuracy: 1784/10000 (18%)

Train Epoch: 3 [6336/60000 (11%)]	Loss: 2.121213
Train Epoch: 3 [12736/60000 (21%)]	Loss: 2.044726
Train Epoch: 3 [19136/60000 (32%)]	Loss: 2.100334
Train Epoch: 3 [25536/60000 (43%)]	Loss: 2.043470
Train Epoch: 3 [31936/60000 (53%)]	Loss: 2.043320
Train Epoch: 3 [38336/60000 (64%)]	Loss: 2.058621
Train Epoch: 3 [44736/60000 (75%)]	Loss: 2.054135
Train Epoch: 3 [51136/60000 (85%)]	Loss: 2.022871
Train Epoch: 3 [57536/60000 (96%)]	Loss: 2.021523

Test set: Average loss: 2.0191, Accuracy: 2714/10000 (27%)

Train Epoch: 4 [6336/60000 (11%)]	Loss: 1.995399
Train Epoch: 4 [12736/60000 (21%)]	Loss: 2.042551
Train Epoch: 4 [19136/60000 (32%)]	Loss: 1.966591
Train Epoch: 4 [25536/60000 (43%)]	Loss: 1.987292
Train Epoch: 4 [31936/60000 (53%)]	Loss: 2.010438
Train Epoch: 4 [38336/60000 (64%)]	Loss: 1.949028
Train Epoch: 4 [44736/60000 (75%)]	Loss: 1.979760
Train Epoch: 4 [51136/60000 (85%)]	Loss: 1.985422
Train Epoch: 4 [57536/60000 (96%)]	Loss: 1.932888

Test set: Average loss: 1.9677, Accuracy: 3140/10000 (31%)

Train Epoch: 5 [6336/60000 (11%)]	Loss: 1.995822
Train Epoch: 5 [12736/60000 (21%)]	Loss: 2.045617
Train Epoch: 5 [19136/60000 (32%)]	Loss: 1.914960
Train Epoch: 5 [25536/60000 (43%)]	Loss: 1.918411
Train Epoch: 5 [31936/60000 (53%)]	Loss: 1.914505
Train Epoch: 5 [38336/60000 (64%)]	Loss: 1.985823
Train Epoch: 5 [44736/60000 (75%)]	Loss: 1.888540
Train Epoch: 5 [51136/60000 (85%)]	Loss: 1.913535
Train Epoch: 5 [57536/60000 (96%)]	Loss: 1.954554

Test set: Average loss: 1.9186, Accuracy: 3714/10000 (37%)

Train Epoch: 6 [6336/60000 (11%)]	Loss: 1.913858
Train Epoch: 6 [12736/60000 (21%)]	Loss: 1.879421
Train Epoch: 6 [19136/60000 (32%)]	Loss: 1.905241
Train Epoch: 6 [25536/60000 (43%)]	Loss: 1.919171
Train Epoch: 6 [31936/60000 (53%)]	Loss: 1.906054
Train Epoch: 6 [38336/60000 (64%)]	Loss: 1.904569
Train Epoch: 6 [44736/60000 (75%)]	Loss: 1.910619
Train Epoch: 6 [51136/60000 (85%)]	Loss: 1.937468
Train Epoch: 6 [57536/60000 (96%)]	Loss: 1.943725

Test set: Average loss: 1.9041, Accuracy: 3473/10000 (35%)

Train Epoch: 7 [6336/60000 (11%)]	Loss: 1.890339
Train Epoch: 7 [12736/60000 (21%)]	Loss: 1.900424
Train Epoch: 7 [19136/60000 (32%)]	Loss: 1.921887
Train Epoch: 7 [25536/60000 (43%)]	Loss: 1.871647
Train Epoch: 7 [31936/60000 (53%)]	Loss: 1.899096
Train Epoch: 7 [38336/60000 (64%)]	Loss: 1.941918
Train Epoch: 7 [44736/60000 (75%)]	Loss: 1.855053
Train Epoch: 7 [51136/60000 (85%)]	Loss: 1.896202
Train Epoch: 7 [57536/60000 (96%)]	Loss: 1.906590

Test set: Average loss: 1.8970, Accuracy: 4003/10000 (40%)

Train Epoch: 8 [6336/60000 (11%)]	Loss: 1.873588
Train Epoch: 8 [12736/60000 (21%)]	Loss: 1.914389
Train Epoch: 8 [19136/60000 (32%)]	Loss: 1.871147
Train Epoch: 8 [25536/60000 (43%)]	Loss: 1.911242
Train Epoch: 8 [31936/60000 (53%)]	Loss: 1.881419
Train Epoch: 8 [38336/60000 (64%)]	Loss: 1.909376
Train Epoch: 8 [44736/60000 (75%)]	Loss: 1.861703
Train Epoch: 8 [51136/60000 (85%)]	Loss: 1.914960
Train Epoch: 8 [57536/60000 (96%)]	Loss: 1.886838

Test set: Average loss: 1.8938, Accuracy: 4197/10000 (42%)

Train Epoch: 9 [6336/60000 (11%)]	Loss: 1.935766
Train Epoch: 9 [12736/60000 (21%)]	Loss: 1.884620
Train Epoch: 9 [19136/60000 (32%)]	Loss: 1.899874
Train Epoch: 9 [25536/60000 (43%)]	Loss: 1.932168
Train Epoch: 9 [31936/60000 (53%)]	Loss: 1.972250
Train Epoch: 9 [38336/60000 (64%)]	Loss: 1.902421
Train Epoch: 9 [44736/60000 (75%)]	Loss: 1.949275
Train Epoch: 9 [51136/60000 (85%)]	Loss: 1.861483
Train Epoch: 9 [57536/60000 (96%)]	Loss: 1.892176

Test set: Average loss: 1.8894, Accuracy: 4036/10000 (40%)

Namespace(batch_size=64, bias=None, data='../data', device=1, epochs=9, hidden_size=500, load_weights=None, log_interval=100, lr=0.1, model='redfc4', momentum=0.9, no_cuda=False, r=5, save_model=None, save_results=True, seed=1, sparsity=0.95, use_relu=True, wd=0.0005)


Total time spent pruning/training: 1.81 minutes
Total number of parameters in model: 4496420
Number of parameters in pruned model: 224821
