Namespace(batch_size=64, bias=None, data='../data', device=1, epochs=20, hidden_size=500, load_weights=None, log_interval=100, lr=0.1, model='redfc4', momentum=0.9, no_cuda=False, r=5, save_model=None, save_results=True, seed=1, sparsity=0.9, use_relu=False, wd=0.0005) 

Pruning a Four-Layer Fully Connected Redundant Network ...
Train Epoch: 1 [6336/60000 (11%)]	Loss: 1.913958
Train Epoch: 1 [12736/60000 (21%)]	Loss: 0.817320
Train Epoch: 1 [19136/60000 (32%)]	Loss: 0.377304
Train Epoch: 1 [25536/60000 (43%)]	Loss: 0.623030
Train Epoch: 1 [31936/60000 (53%)]	Loss: 0.357349
Train Epoch: 1 [38336/60000 (64%)]	Loss: 0.364885
Train Epoch: 1 [44736/60000 (75%)]	Loss: 0.281615
Train Epoch: 1 [51136/60000 (85%)]	Loss: 0.378537
Train Epoch: 1 [57536/60000 (96%)]	Loss: 0.531738

Test set: Average loss: 0.3071, Accuracy: 9072/10000 (91%)

Train Epoch: 2 [6336/60000 (11%)]	Loss: 0.277883
Train Epoch: 2 [12736/60000 (21%)]	Loss: 0.226155
Train Epoch: 2 [19136/60000 (32%)]	Loss: 0.264184
Train Epoch: 2 [25536/60000 (43%)]	Loss: 0.243024
Train Epoch: 2 [31936/60000 (53%)]	Loss: 0.187521
Train Epoch: 2 [38336/60000 (64%)]	Loss: 0.334071
Train Epoch: 2 [44736/60000 (75%)]	Loss: 0.268584
Train Epoch: 2 [51136/60000 (85%)]	Loss: 0.227267
Train Epoch: 2 [57536/60000 (96%)]	Loss: 0.242904

Test set: Average loss: 0.2392, Accuracy: 9251/10000 (93%)

Train Epoch: 3 [6336/60000 (11%)]	Loss: 0.150528
Train Epoch: 3 [12736/60000 (21%)]	Loss: 0.193878
Train Epoch: 3 [19136/60000 (32%)]	Loss: 0.128287
Train Epoch: 3 [25536/60000 (43%)]	Loss: 0.273464
Train Epoch: 3 [31936/60000 (53%)]	Loss: 0.146183
Train Epoch: 3 [38336/60000 (64%)]	Loss: 0.287135
Train Epoch: 3 [44736/60000 (75%)]	Loss: 0.278114
Train Epoch: 3 [51136/60000 (85%)]	Loss: 0.126787
Train Epoch: 3 [57536/60000 (96%)]	Loss: 0.196627

Test set: Average loss: 0.2555, Accuracy: 9207/10000 (92%)

Train Epoch: 4 [6336/60000 (11%)]	Loss: 0.291066
Train Epoch: 4 [12736/60000 (21%)]	Loss: 0.250482
Train Epoch: 4 [19136/60000 (32%)]	Loss: 0.373042
Train Epoch: 4 [25536/60000 (43%)]	Loss: 0.507239
Train Epoch: 4 [31936/60000 (53%)]	Loss: 0.368338
Train Epoch: 4 [38336/60000 (64%)]	Loss: 0.338497
Train Epoch: 4 [44736/60000 (75%)]	Loss: 0.192544
Train Epoch: 4 [51136/60000 (85%)]	Loss: 0.193913
Train Epoch: 4 [57536/60000 (96%)]	Loss: 0.129192

Test set: Average loss: 0.2713, Accuracy: 9168/10000 (92%)

Train Epoch: 5 [6336/60000 (11%)]	Loss: 0.523310
Train Epoch: 5 [12736/60000 (21%)]	Loss: 0.178113
Train Epoch: 5 [19136/60000 (32%)]	Loss: 0.182511
Train Epoch: 5 [25536/60000 (43%)]	Loss: 0.073351
Train Epoch: 5 [31936/60000 (53%)]	Loss: 0.317040
Train Epoch: 5 [38336/60000 (64%)]	Loss: 0.314548
Train Epoch: 5 [44736/60000 (75%)]	Loss: 0.137492
Train Epoch: 5 [51136/60000 (85%)]	Loss: 0.232171
Train Epoch: 5 [57536/60000 (96%)]	Loss: 0.281050

Test set: Average loss: 0.3375, Accuracy: 8865/10000 (89%)

Train Epoch: 6 [6336/60000 (11%)]	Loss: 0.126888
Train Epoch: 6 [12736/60000 (21%)]	Loss: 0.282788
Train Epoch: 6 [19136/60000 (32%)]	Loss: 0.336316
Train Epoch: 6 [25536/60000 (43%)]	Loss: 0.265232
Train Epoch: 6 [31936/60000 (53%)]	Loss: 0.382721
Train Epoch: 6 [38336/60000 (64%)]	Loss: 0.173701
Train Epoch: 6 [44736/60000 (75%)]	Loss: 0.260116
Train Epoch: 6 [51136/60000 (85%)]	Loss: 0.344046
Train Epoch: 6 [57536/60000 (96%)]	Loss: 0.232768

Test set: Average loss: 0.3010, Accuracy: 9039/10000 (90%)

Train Epoch: 7 [6336/60000 (11%)]	Loss: 0.162857
Train Epoch: 7 [12736/60000 (21%)]	Loss: 0.176244
Train Epoch: 7 [19136/60000 (32%)]	Loss: 0.258835
Train Epoch: 7 [25536/60000 (43%)]	Loss: 0.248913
Train Epoch: 7 [31936/60000 (53%)]	Loss: 0.264891
Train Epoch: 7 [38336/60000 (64%)]	Loss: 0.393024
Train Epoch: 7 [44736/60000 (75%)]	Loss: 0.327166
Train Epoch: 7 [51136/60000 (85%)]	Loss: 0.322263
Train Epoch: 7 [57536/60000 (96%)]	Loss: 0.239167

Test set: Average loss: 0.3952, Accuracy: 8708/10000 (87%)

Train Epoch: 8 [6336/60000 (11%)]	Loss: 0.118749
Train Epoch: 8 [12736/60000 (21%)]	Loss: 0.249414
Train Epoch: 8 [19136/60000 (32%)]	Loss: 0.228024
Train Epoch: 8 [25536/60000 (43%)]	Loss: 0.286050
Train Epoch: 8 [31936/60000 (53%)]	Loss: 0.218500
Train Epoch: 8 [38336/60000 (64%)]	Loss: 0.557546
Train Epoch: 8 [44736/60000 (75%)]	Loss: 0.328355
Train Epoch: 8 [51136/60000 (85%)]	Loss: 0.217814
Train Epoch: 8 [57536/60000 (96%)]	Loss: 0.228651

Test set: Average loss: 0.2787, Accuracy: 9125/10000 (91%)

Train Epoch: 9 [6336/60000 (11%)]	Loss: 0.364703
Train Epoch: 9 [12736/60000 (21%)]	Loss: 0.403089
Train Epoch: 9 [19136/60000 (32%)]	Loss: 0.488191
Train Epoch: 9 [25536/60000 (43%)]	Loss: 0.444591
Train Epoch: 9 [31936/60000 (53%)]	Loss: 0.194007
Train Epoch: 9 [38336/60000 (64%)]	Loss: 0.305983
Train Epoch: 9 [44736/60000 (75%)]	Loss: 0.297503
Train Epoch: 9 [51136/60000 (85%)]	Loss: 0.255921
Train Epoch: 9 [57536/60000 (96%)]	Loss: 0.328277

Test set: Average loss: 0.3479, Accuracy: 8887/10000 (89%)

Train Epoch: 10 [6336/60000 (11%)]	Loss: 0.440408
Train Epoch: 10 [12736/60000 (21%)]	Loss: 0.207275
Train Epoch: 10 [19136/60000 (32%)]	Loss: 0.259041
Train Epoch: 10 [25536/60000 (43%)]	Loss: 0.456638
Train Epoch: 10 [31936/60000 (53%)]	Loss: 0.199892
Train Epoch: 10 [38336/60000 (64%)]	Loss: 0.281825
Train Epoch: 10 [44736/60000 (75%)]	Loss: 0.341333
Train Epoch: 10 [51136/60000 (85%)]	Loss: 0.348329
Train Epoch: 10 [57536/60000 (96%)]	Loss: 0.441798

Test set: Average loss: 0.3415, Accuracy: 8949/10000 (89%)

Train Epoch: 11 [6336/60000 (11%)]	Loss: 0.222582
Train Epoch: 11 [12736/60000 (21%)]	Loss: 0.203677
Train Epoch: 11 [19136/60000 (32%)]	Loss: 0.267973
Train Epoch: 11 [25536/60000 (43%)]	Loss: 0.368686
Train Epoch: 11 [31936/60000 (53%)]	Loss: 0.493628
Train Epoch: 11 [38336/60000 (64%)]	Loss: 0.181514
Train Epoch: 11 [44736/60000 (75%)]	Loss: 0.371119
Train Epoch: 11 [51136/60000 (85%)]	Loss: 0.326419
Train Epoch: 11 [57536/60000 (96%)]	Loss: 0.240107

Test set: Average loss: 0.3228, Accuracy: 8920/10000 (89%)

Train Epoch: 12 [6336/60000 (11%)]	Loss: 0.488889
Train Epoch: 12 [12736/60000 (21%)]	Loss: 0.305451
Train Epoch: 12 [19136/60000 (32%)]	Loss: 0.192833
Train Epoch: 12 [25536/60000 (43%)]	Loss: 0.349476
Train Epoch: 12 [31936/60000 (53%)]	Loss: 0.300581
Train Epoch: 12 [38336/60000 (64%)]	Loss: 0.182962
Train Epoch: 12 [44736/60000 (75%)]	Loss: 0.414211
Train Epoch: 12 [51136/60000 (85%)]	Loss: 0.109173
Train Epoch: 12 [57536/60000 (96%)]	Loss: 0.452022

Test set: Average loss: 0.3269, Accuracy: 8946/10000 (89%)

Train Epoch: 13 [6336/60000 (11%)]	Loss: 0.298734
Train Epoch: 13 [12736/60000 (21%)]	Loss: 0.365948
Train Epoch: 13 [19136/60000 (32%)]	Loss: 0.304794
Train Epoch: 13 [25536/60000 (43%)]	Loss: 0.326446
Train Epoch: 13 [31936/60000 (53%)]	Loss: 0.314583
Train Epoch: 13 [38336/60000 (64%)]	Loss: 0.286157
Train Epoch: 13 [44736/60000 (75%)]	Loss: 0.162366
Train Epoch: 13 [51136/60000 (85%)]	Loss: 0.233676
Train Epoch: 13 [57536/60000 (96%)]	Loss: 0.532902

Test set: Average loss: 0.2767, Accuracy: 9138/10000 (91%)

Train Epoch: 14 [6336/60000 (11%)]	Loss: 0.287236
Train Epoch: 14 [12736/60000 (21%)]	Loss: 0.428462
Train Epoch: 14 [19136/60000 (32%)]	Loss: 0.376122
Train Epoch: 14 [25536/60000 (43%)]	Loss: 0.344232
Train Epoch: 14 [31936/60000 (53%)]	Loss: 0.370569
Train Epoch: 14 [38336/60000 (64%)]	Loss: 0.201732
Train Epoch: 14 [44736/60000 (75%)]	Loss: 0.420961
Train Epoch: 14 [51136/60000 (85%)]	Loss: 0.110153
Train Epoch: 14 [57536/60000 (96%)]	Loss: 0.295479

Test set: Average loss: 0.2626, Accuracy: 9178/10000 (92%)

Train Epoch: 15 [6336/60000 (11%)]	Loss: 0.296834
Train Epoch: 15 [12736/60000 (21%)]	Loss: 0.213043
Train Epoch: 15 [19136/60000 (32%)]	Loss: 0.266618
Train Epoch: 15 [25536/60000 (43%)]	Loss: 0.259851
Train Epoch: 15 [31936/60000 (53%)]	Loss: 0.306503
Train Epoch: 15 [38336/60000 (64%)]	Loss: 0.464394
Train Epoch: 15 [44736/60000 (75%)]	Loss: 0.364873
Train Epoch: 15 [51136/60000 (85%)]	Loss: 0.299884
Train Epoch: 15 [57536/60000 (96%)]	Loss: 0.437675

Test set: Average loss: 0.2798, Accuracy: 9090/10000 (91%)

Train Epoch: 16 [6336/60000 (11%)]	Loss: 0.085386
Train Epoch: 16 [12736/60000 (21%)]	Loss: 0.342773
Train Epoch: 16 [19136/60000 (32%)]	Loss: 0.362763
Train Epoch: 16 [25536/60000 (43%)]	Loss: 0.291394
Train Epoch: 16 [31936/60000 (53%)]	Loss: 0.334558
Train Epoch: 16 [38336/60000 (64%)]	Loss: 0.176771
Train Epoch: 16 [44736/60000 (75%)]	Loss: 0.097125
Train Epoch: 16 [51136/60000 (85%)]	Loss: 0.254428
Train Epoch: 16 [57536/60000 (96%)]	Loss: 0.163152

Test set: Average loss: 0.2105, Accuracy: 9339/10000 (93%)

Train Epoch: 17 [6336/60000 (11%)]	Loss: 0.153026
Train Epoch: 17 [12736/60000 (21%)]	Loss: 0.207763
Train Epoch: 17 [19136/60000 (32%)]	Loss: 0.162499
Train Epoch: 17 [25536/60000 (43%)]	Loss: 0.230034
Train Epoch: 17 [31936/60000 (53%)]	Loss: 0.112683
Train Epoch: 17 [38336/60000 (64%)]	Loss: 0.174333
Train Epoch: 17 [44736/60000 (75%)]	Loss: 0.095837
Train Epoch: 17 [51136/60000 (85%)]	Loss: 0.210209
Train Epoch: 17 [57536/60000 (96%)]	Loss: 0.089172

Test set: Average loss: 0.2034, Accuracy: 9381/10000 (94%)

Train Epoch: 18 [6336/60000 (11%)]	Loss: 0.201595
Train Epoch: 18 [12736/60000 (21%)]	Loss: 0.202177
Train Epoch: 18 [19136/60000 (32%)]	Loss: 0.190968
Train Epoch: 18 [25536/60000 (43%)]	Loss: 0.223738
Train Epoch: 18 [31936/60000 (53%)]	Loss: 0.134187
Train Epoch: 18 [38336/60000 (64%)]	Loss: 0.033020
Train Epoch: 18 [44736/60000 (75%)]	Loss: 0.121077
Train Epoch: 18 [51136/60000 (85%)]	Loss: 0.201574
Train Epoch: 18 [57536/60000 (96%)]	Loss: 0.054568

Test set: Average loss: 0.1575, Accuracy: 9485/10000 (95%)

Train Epoch: 19 [6336/60000 (11%)]	Loss: 0.223918
Train Epoch: 19 [12736/60000 (21%)]	Loss: 0.136335
Train Epoch: 19 [19136/60000 (32%)]	Loss: 0.193462
Train Epoch: 19 [25536/60000 (43%)]	Loss: 0.187579
Train Epoch: 19 [31936/60000 (53%)]	Loss: 0.114108
Train Epoch: 19 [38336/60000 (64%)]	Loss: 0.114420
Train Epoch: 19 [44736/60000 (75%)]	Loss: 0.048632
Train Epoch: 19 [51136/60000 (85%)]	Loss: 0.171422
Train Epoch: 19 [57536/60000 (96%)]	Loss: 0.063191

Test set: Average loss: 0.1196, Accuracy: 9625/10000 (96%)

Train Epoch: 20 [6336/60000 (11%)]	Loss: 0.077830
Train Epoch: 20 [12736/60000 (21%)]	Loss: 0.177601
Train Epoch: 20 [19136/60000 (32%)]	Loss: 0.238229
Train Epoch: 20 [25536/60000 (43%)]	Loss: 0.059386
Train Epoch: 20 [31936/60000 (53%)]	Loss: 0.248221
Train Epoch: 20 [38336/60000 (64%)]	Loss: 0.301867
Train Epoch: 20 [44736/60000 (75%)]	Loss: 0.092149
Train Epoch: 20 [51136/60000 (85%)]	Loss: 0.052296
Train Epoch: 20 [57536/60000 (96%)]	Loss: 0.035687

Test set: Average loss: 0.0997, Accuracy: 9688/10000 (97%)

Namespace(batch_size=64, bias=None, data='../data', device=1, epochs=20, hidden_size=500, load_weights=None, log_interval=100, lr=0.1, model='redfc4', momentum=0.9, no_cuda=False, r=5, save_model=None, save_results=True, seed=1, sparsity=0.9, use_relu=False, wd=0.0005)


Total time spent pruning/training: 3.97 minutes
Total number of parameters in model: 4496420
Number of parameters in pruned model: 449641
