Namespace(batch_size=64, bias=None, data='../data', device=0, epochs=50, hidden_size=500, load_weights=None, log_interval=100, lr=0.1, milestones=[5, 7], model='redfc4', momentum=0.9, no_cuda=False, r=5, save_model=None, save_results=True, scheduler='cosine', seed=1, sparsity=0.1, use_relu=False, wd=0.0005) 

Pruning a Four-Layer Fully Connected Redundant Network ...
Train Epoch: 1 [0/60000 (0%)]	Loss: 133.833588
Train Epoch: 1 [6400/60000 (11%)]	Loss: 2.041510
Train Epoch: 1 [12800/60000 (21%)]	Loss: 1.405925
Train Epoch: 1 [19200/60000 (32%)]	Loss: 1.224897
Train Epoch: 1 [25600/60000 (43%)]	Loss: 0.963675
Train Epoch: 1 [32000/60000 (53%)]	Loss: 0.628414
Train Epoch: 1 [38400/60000 (64%)]	Loss: 0.755137
Train Epoch: 1 [44800/60000 (75%)]	Loss: 0.580199
Train Epoch: 1 [51200/60000 (85%)]	Loss: 0.554433
Train Epoch: 1 [57600/60000 (96%)]	Loss: 0.242251

Test set: Average loss: 0.4926, Accuracy: 8775/10000 (88%)

Train Epoch: 2 [0/60000 (0%)]	Loss: 0.420251
Train Epoch: 2 [6400/60000 (11%)]	Loss: 0.821744
Train Epoch: 2 [12800/60000 (21%)]	Loss: 0.586891
Train Epoch: 2 [19200/60000 (32%)]	Loss: 0.333415
Train Epoch: 2 [25600/60000 (43%)]	Loss: 0.564419
Train Epoch: 2 [32000/60000 (53%)]	Loss: 0.530618
Train Epoch: 2 [38400/60000 (64%)]	Loss: 0.329174
Train Epoch: 2 [44800/60000 (75%)]	Loss: 0.503959
Train Epoch: 2 [51200/60000 (85%)]	Loss: 0.365131
Train Epoch: 2 [57600/60000 (96%)]	Loss: 0.262085

Test set: Average loss: 0.4920, Accuracy: 8680/10000 (87%)

Train Epoch: 3 [0/60000 (0%)]	Loss: 0.494340
Train Epoch: 3 [6400/60000 (11%)]	Loss: 0.556072
Train Epoch: 3 [12800/60000 (21%)]	Loss: 0.718007
Train Epoch: 3 [19200/60000 (32%)]	Loss: 0.735811
Train Epoch: 3 [25600/60000 (43%)]	Loss: 0.480612
Train Epoch: 3 [32000/60000 (53%)]	Loss: 1.060516
Train Epoch: 3 [38400/60000 (64%)]	Loss: 0.773660
Train Epoch: 3 [44800/60000 (75%)]	Loss: 0.459251
Train Epoch: 3 [51200/60000 (85%)]	Loss: 0.453610
Train Epoch: 3 [57600/60000 (96%)]	Loss: 1.115503

Test set: Average loss: 0.6138, Accuracy: 8183/10000 (82%)

Train Epoch: 4 [0/60000 (0%)]	Loss: 0.649141
Train Epoch: 4 [6400/60000 (11%)]	Loss: 0.554487
Train Epoch: 4 [12800/60000 (21%)]	Loss: 0.672625
Train Epoch: 4 [19200/60000 (32%)]	Loss: 0.515769
Train Epoch: 4 [25600/60000 (43%)]	Loss: 0.862578
Train Epoch: 4 [32000/60000 (53%)]	Loss: 0.494942
Train Epoch: 4 [38400/60000 (64%)]	Loss: 0.983122
Train Epoch: 4 [44800/60000 (75%)]	Loss: 1.175918
Train Epoch: 4 [51200/60000 (85%)]	Loss: 1.512398
Train Epoch: 4 [57600/60000 (96%)]	Loss: 2.776963

Test set: Average loss: 2.3928, Accuracy: 6976/10000 (70%)

Train Epoch: 5 [0/60000 (0%)]	Loss: 2.338705
Train Epoch: 5 [6400/60000 (11%)]	Loss: 5.861940
Train Epoch: 5 [12800/60000 (21%)]	Loss: 7.160597
Train Epoch: 5 [19200/60000 (32%)]	Loss: 7.075541
Train Epoch: 5 [25600/60000 (43%)]	Loss: 3.232669
Train Epoch: 5 [32000/60000 (53%)]	Loss: 5.768707
Train Epoch: 5 [38400/60000 (64%)]	Loss: 3.978699
Train Epoch: 5 [44800/60000 (75%)]	Loss: 10.161928
Train Epoch: 5 [51200/60000 (85%)]	Loss: 7.241109
Train Epoch: 5 [57600/60000 (96%)]	Loss: 8.245455

Test set: Average loss: 8.0758, Accuracy: 7460/10000 (75%)

Train Epoch: 6 [0/60000 (0%)]	Loss: 8.993660
Train Epoch: 6 [6400/60000 (11%)]	Loss: 5.867735
Train Epoch: 6 [12800/60000 (21%)]	Loss: 12.600530
Train Epoch: 6 [19200/60000 (32%)]	Loss: 8.433798
Train Epoch: 6 [25600/60000 (43%)]	Loss: 9.677914
Train Epoch: 6 [32000/60000 (53%)]	Loss: 10.530259
Train Epoch: 6 [38400/60000 (64%)]	Loss: 5.827112
Train Epoch: 6 [44800/60000 (75%)]	Loss: 11.398951
Train Epoch: 6 [51200/60000 (85%)]	Loss: 15.086319
Train Epoch: 6 [57600/60000 (96%)]	Loss: 12.544100

Test set: Average loss: 12.5339, Accuracy: 6560/10000 (66%)

Train Epoch: 7 [0/60000 (0%)]	Loss: 12.217127
Train Epoch: 7 [6400/60000 (11%)]	Loss: 16.985785
Train Epoch: 7 [12800/60000 (21%)]	Loss: 12.995826
Train Epoch: 7 [19200/60000 (32%)]	Loss: 14.389986
Train Epoch: 7 [25600/60000 (43%)]	Loss: 7.240235
Train Epoch: 7 [32000/60000 (53%)]	Loss: 8.345524
Train Epoch: 7 [38400/60000 (64%)]	Loss: 7.155309
Train Epoch: 7 [44800/60000 (75%)]	Loss: 15.159516
Train Epoch: 7 [51200/60000 (85%)]	Loss: 19.560129
Train Epoch: 7 [57600/60000 (96%)]	Loss: 6.977019

Test set: Average loss: 16.3043, Accuracy: 5986/10000 (60%)

Train Epoch: 8 [0/60000 (0%)]	Loss: 15.318734
Train Epoch: 8 [6400/60000 (11%)]	Loss: 14.348560
Train Epoch: 8 [12800/60000 (21%)]	Loss: 9.214458
Train Epoch: 8 [19200/60000 (32%)]	Loss: 9.037974
Train Epoch: 8 [25600/60000 (43%)]	Loss: 8.245486
Train Epoch: 8 [32000/60000 (53%)]	Loss: 11.578633
Train Epoch: 8 [38400/60000 (64%)]	Loss: 9.387125
Train Epoch: 8 [44800/60000 (75%)]	Loss: 10.306277
Train Epoch: 8 [51200/60000 (85%)]	Loss: 12.732900
Train Epoch: 8 [57600/60000 (96%)]	Loss: 10.303053

Test set: Average loss: 24.0156, Accuracy: 4838/10000 (48%)

Train Epoch: 9 [0/60000 (0%)]	Loss: 27.384869
Train Epoch: 9 [6400/60000 (11%)]	Loss: 11.815370
Train Epoch: 9 [12800/60000 (21%)]	Loss: 9.974081
Train Epoch: 9 [19200/60000 (32%)]	Loss: 15.157047
Train Epoch: 9 [25600/60000 (43%)]	Loss: 17.946346
Train Epoch: 9 [32000/60000 (53%)]	Loss: 18.362282
Train Epoch: 9 [38400/60000 (64%)]	Loss: 7.401514
Train Epoch: 9 [44800/60000 (75%)]	Loss: 11.366426
Train Epoch: 9 [51200/60000 (85%)]	Loss: 17.100510
Train Epoch: 9 [57600/60000 (96%)]	Loss: 15.226884

Test set: Average loss: 19.3652, Accuracy: 5572/10000 (56%)

Train Epoch: 10 [0/60000 (0%)]	Loss: 12.349676
Train Epoch: 10 [6400/60000 (11%)]	Loss: 21.388845
Train Epoch: 10 [12800/60000 (21%)]	Loss: 11.159965
Train Epoch: 10 [19200/60000 (32%)]	Loss: 26.157858
Train Epoch: 10 [25600/60000 (43%)]	Loss: 17.305696
Train Epoch: 10 [32000/60000 (53%)]	Loss: 10.632385
Train Epoch: 10 [38400/60000 (64%)]	Loss: 15.895597
Train Epoch: 10 [44800/60000 (75%)]	Loss: 14.229431
Train Epoch: 10 [51200/60000 (85%)]	Loss: 20.658768
Train Epoch: 10 [57600/60000 (96%)]	Loss: 19.669796

Test set: Average loss: 23.9182, Accuracy: 5157/10000 (52%)

Train Epoch: 11 [0/60000 (0%)]	Loss: 18.021000
Train Epoch: 11 [6400/60000 (11%)]	Loss: 22.523249
Train Epoch: 11 [12800/60000 (21%)]	Loss: 28.939653
Train Epoch: 11 [19200/60000 (32%)]	Loss: 19.635666
Train Epoch: 11 [25600/60000 (43%)]	Loss: 11.262256
Train Epoch: 11 [32000/60000 (53%)]	Loss: 17.708401
Train Epoch: 11 [38400/60000 (64%)]	Loss: 22.571697
Train Epoch: 11 [44800/60000 (75%)]	Loss: 14.228269
Train Epoch: 11 [51200/60000 (85%)]	Loss: 25.896915
Train Epoch: 11 [57600/60000 (96%)]	Loss: 19.369549

Test set: Average loss: 23.1584, Accuracy: 5003/10000 (50%)

Train Epoch: 12 [0/60000 (0%)]	Loss: 26.857006
Train Epoch: 12 [6400/60000 (11%)]	Loss: 23.522095
Train Epoch: 12 [12800/60000 (21%)]	Loss: 24.124544
Train Epoch: 12 [19200/60000 (32%)]	Loss: 21.344608
Train Epoch: 12 [25600/60000 (43%)]	Loss: 21.966030
Train Epoch: 12 [32000/60000 (53%)]	Loss: 25.606222
Train Epoch: 12 [38400/60000 (64%)]	Loss: 20.317806
Train Epoch: 12 [44800/60000 (75%)]	Loss: 23.111797
Train Epoch: 12 [51200/60000 (85%)]	Loss: 27.950602
Train Epoch: 12 [57600/60000 (96%)]	Loss: 23.058771

Test set: Average loss: 28.3792, Accuracy: 4431/10000 (44%)

Train Epoch: 13 [0/60000 (0%)]	Loss: 33.709187
Train Epoch: 13 [6400/60000 (11%)]	Loss: 28.713802
Train Epoch: 13 [12800/60000 (21%)]	Loss: 29.330927
Train Epoch: 13 [19200/60000 (32%)]	Loss: 22.354177
Train Epoch: 13 [25600/60000 (43%)]	Loss: 21.528532
Train Epoch: 13 [32000/60000 (53%)]	Loss: 27.631014
Train Epoch: 13 [38400/60000 (64%)]	Loss: 28.839811
Train Epoch: 13 [44800/60000 (75%)]	Loss: 19.348232
Train Epoch: 13 [51200/60000 (85%)]	Loss: 25.474102
Train Epoch: 13 [57600/60000 (96%)]	Loss: 23.625862

Test set: Average loss: 35.2132, Accuracy: 4195/10000 (42%)

Train Epoch: 14 [0/60000 (0%)]	Loss: 32.729691
Train Epoch: 14 [6400/60000 (11%)]	Loss: 24.154455
Train Epoch: 14 [12800/60000 (21%)]	Loss: 40.290916
Train Epoch: 14 [19200/60000 (32%)]	Loss: 27.766253
Train Epoch: 14 [25600/60000 (43%)]	Loss: 27.203600
Train Epoch: 14 [32000/60000 (53%)]	Loss: 33.252842
Train Epoch: 14 [38400/60000 (64%)]	Loss: 32.090157
Train Epoch: 14 [44800/60000 (75%)]	Loss: 32.642670
Train Epoch: 14 [51200/60000 (85%)]	Loss: 37.315994
Train Epoch: 14 [57600/60000 (96%)]	Loss: 36.898125

Test set: Average loss: 33.3398, Accuracy: 4070/10000 (41%)

Train Epoch: 15 [0/60000 (0%)]	Loss: 33.722946
Train Epoch: 15 [6400/60000 (11%)]	Loss: 39.485050
Train Epoch: 15 [12800/60000 (21%)]	Loss: 38.256615
Train Epoch: 15 [19200/60000 (32%)]	Loss: 26.452692
Train Epoch: 15 [25600/60000 (43%)]	Loss: 30.421926
Train Epoch: 15 [32000/60000 (53%)]	Loss: 37.277229
Train Epoch: 15 [38400/60000 (64%)]	Loss: 34.815216
Train Epoch: 15 [44800/60000 (75%)]	Loss: 33.527794
Train Epoch: 15 [51200/60000 (85%)]	Loss: 30.806801
Train Epoch: 15 [57600/60000 (96%)]	Loss: 39.569263

Test set: Average loss: 38.6509, Accuracy: 3710/10000 (37%)

Train Epoch: 16 [0/60000 (0%)]	Loss: 52.315445
Train Epoch: 16 [6400/60000 (11%)]	Loss: 26.072632
Train Epoch: 16 [12800/60000 (21%)]	Loss: 28.387283
Train Epoch: 16 [19200/60000 (32%)]	Loss: 29.664774
Train Epoch: 16 [25600/60000 (43%)]	Loss: 37.173229
Train Epoch: 16 [32000/60000 (53%)]	Loss: 37.412086
Train Epoch: 16 [38400/60000 (64%)]	Loss: 35.299511
Train Epoch: 16 [44800/60000 (75%)]	Loss: 35.334480
Train Epoch: 16 [51200/60000 (85%)]	Loss: 36.157825
Train Epoch: 16 [57600/60000 (96%)]	Loss: 41.307041

Test set: Average loss: 39.1698, Accuracy: 3451/10000 (35%)

Train Epoch: 17 [0/60000 (0%)]	Loss: 41.566483
Train Epoch: 17 [6400/60000 (11%)]	Loss: 45.600266
Train Epoch: 17 [12800/60000 (21%)]	Loss: 35.979305
Train Epoch: 17 [19200/60000 (32%)]	Loss: 44.491673
Train Epoch: 17 [25600/60000 (43%)]	Loss: 41.722256
Train Epoch: 17 [32000/60000 (53%)]	Loss: 32.938522
Train Epoch: 17 [38400/60000 (64%)]	Loss: 43.243134
Train Epoch: 17 [44800/60000 (75%)]	Loss: 39.038162
Train Epoch: 17 [51200/60000 (85%)]	Loss: 34.410465
Train Epoch: 17 [57600/60000 (96%)]	Loss: 49.316830

Test set: Average loss: 43.1329, Accuracy: 2900/10000 (29%)

Train Epoch: 18 [0/60000 (0%)]	Loss: 40.949551
Train Epoch: 18 [6400/60000 (11%)]	Loss: 50.430389
Train Epoch: 18 [12800/60000 (21%)]	Loss: 44.410500
Train Epoch: 18 [19200/60000 (32%)]	Loss: 37.097385
Train Epoch: 18 [25600/60000 (43%)]	Loss: 52.910618
Train Epoch: 18 [32000/60000 (53%)]	Loss: 46.680538
Train Epoch: 18 [38400/60000 (64%)]	Loss: 48.992592
Train Epoch: 18 [44800/60000 (75%)]	Loss: 44.889248
Train Epoch: 18 [51200/60000 (85%)]	Loss: 55.969376
Train Epoch: 18 [57600/60000 (96%)]	Loss: 44.945324

Test set: Average loss: 42.9415, Accuracy: 2922/10000 (29%)

Train Epoch: 19 [0/60000 (0%)]	Loss: 30.528049
Train Epoch: 19 [6400/60000 (11%)]	Loss: 57.237953
Train Epoch: 19 [12800/60000 (21%)]	Loss: 52.772911
Train Epoch: 19 [19200/60000 (32%)]	Loss: 50.681599
Train Epoch: 19 [25600/60000 (43%)]	Loss: 46.424782
Train Epoch: 19 [32000/60000 (53%)]	Loss: 44.156883
Train Epoch: 19 [38400/60000 (64%)]	Loss: 50.663277
Train Epoch: 19 [44800/60000 (75%)]	Loss: 45.175404
Train Epoch: 19 [51200/60000 (85%)]	Loss: 54.067684
Train Epoch: 19 [57600/60000 (96%)]	Loss: 49.937714

Test set: Average loss: 50.1777, Accuracy: 2689/10000 (27%)

Train Epoch: 20 [0/60000 (0%)]	Loss: 47.992870
Train Epoch: 20 [6400/60000 (11%)]	Loss: 50.758499
Train Epoch: 20 [12800/60000 (21%)]	Loss: 54.703648
Train Epoch: 20 [19200/60000 (32%)]	Loss: 50.605904
Train Epoch: 20 [25600/60000 (43%)]	Loss: 49.747990
Train Epoch: 20 [32000/60000 (53%)]	Loss: 38.599262
Train Epoch: 20 [38400/60000 (64%)]	Loss: 55.277607
Train Epoch: 20 [44800/60000 (75%)]	Loss: 55.555141
Train Epoch: 20 [51200/60000 (85%)]	Loss: 57.374321
Train Epoch: 20 [57600/60000 (96%)]	Loss: 54.351704

Test set: Average loss: 49.0743, Accuracy: 2837/10000 (28%)

Train Epoch: 21 [0/60000 (0%)]	Loss: 45.130775
Train Epoch: 21 [6400/60000 (11%)]	Loss: 44.671474
Train Epoch: 21 [12800/60000 (21%)]	Loss: 49.657486
Train Epoch: 21 [19200/60000 (32%)]	Loss: 59.439545
Train Epoch: 21 [25600/60000 (43%)]	Loss: 38.667450
Train Epoch: 21 [32000/60000 (53%)]	Loss: 47.513138
Train Epoch: 21 [38400/60000 (64%)]	Loss: 49.302658
Train Epoch: 21 [44800/60000 (75%)]	Loss: 51.448669
Train Epoch: 21 [51200/60000 (85%)]	Loss: 36.004383
Train Epoch: 21 [57600/60000 (96%)]	Loss: 48.070396

Test set: Average loss: 53.3212, Accuracy: 2276/10000 (23%)

Train Epoch: 22 [0/60000 (0%)]	Loss: 58.911118
Train Epoch: 22 [6400/60000 (11%)]	Loss: 53.210026
Train Epoch: 22 [12800/60000 (21%)]	Loss: 54.737152
Train Epoch: 22 [19200/60000 (32%)]	Loss: 61.469101
Train Epoch: 22 [25600/60000 (43%)]	Loss: 42.411194
Train Epoch: 22 [32000/60000 (53%)]	Loss: 56.100864
Train Epoch: 22 [38400/60000 (64%)]	Loss: 50.490650
Train Epoch: 22 [44800/60000 (75%)]	Loss: 66.217888
Train Epoch: 22 [51200/60000 (85%)]	Loss: 57.209454
Train Epoch: 22 [57600/60000 (96%)]	Loss: 47.230267

Test set: Average loss: 54.1275, Accuracy: 2225/10000 (22%)

Train Epoch: 23 [0/60000 (0%)]	Loss: 52.684715
Train Epoch: 23 [6400/60000 (11%)]	Loss: 54.291386
Train Epoch: 23 [12800/60000 (21%)]	Loss: 40.624569
Train Epoch: 23 [19200/60000 (32%)]	Loss: 51.816624
Train Epoch: 23 [25600/60000 (43%)]	Loss: 53.931316
Train Epoch: 23 [32000/60000 (53%)]	Loss: 50.347130
Train Epoch: 23 [38400/60000 (64%)]	Loss: 47.647751
Train Epoch: 23 [44800/60000 (75%)]	Loss: 44.155006
Train Epoch: 23 [51200/60000 (85%)]	Loss: 51.536968
Train Epoch: 23 [57600/60000 (96%)]	Loss: 62.624809

Test set: Average loss: 57.8014, Accuracy: 2230/10000 (22%)

Train Epoch: 24 [0/60000 (0%)]	Loss: 54.305660
Train Epoch: 24 [6400/60000 (11%)]	Loss: 46.770847
Train Epoch: 24 [12800/60000 (21%)]	Loss: 57.854099
Train Epoch: 24 [19200/60000 (32%)]	Loss: 48.651554
Train Epoch: 24 [25600/60000 (43%)]	Loss: 46.589138
Train Epoch: 24 [32000/60000 (53%)]	Loss: 56.142399
Train Epoch: 24 [38400/60000 (64%)]	Loss: 46.925755
Train Epoch: 24 [44800/60000 (75%)]	Loss: 49.291988
Train Epoch: 24 [51200/60000 (85%)]	Loss: 52.637333
Train Epoch: 24 [57600/60000 (96%)]	Loss: 65.769753

Test set: Average loss: 53.6542, Accuracy: 2367/10000 (24%)

Train Epoch: 25 [0/60000 (0%)]	Loss: 49.132019
Train Epoch: 25 [6400/60000 (11%)]	Loss: 52.026127
Train Epoch: 25 [12800/60000 (21%)]	Loss: 46.347775
Train Epoch: 25 [19200/60000 (32%)]	Loss: 56.292713
Train Epoch: 25 [25600/60000 (43%)]	Loss: 67.709892
Train Epoch: 25 [32000/60000 (53%)]	Loss: 51.506935
Train Epoch: 25 [38400/60000 (64%)]	Loss: 63.441792
Train Epoch: 25 [44800/60000 (75%)]	Loss: 62.791180
Train Epoch: 25 [51200/60000 (85%)]	Loss: 66.840683
Train Epoch: 25 [57600/60000 (96%)]	Loss: 50.842285

Test set: Average loss: 57.8451, Accuracy: 2169/10000 (22%)

Train Epoch: 26 [0/60000 (0%)]	Loss: 57.978882
Train Epoch: 26 [6400/60000 (11%)]	Loss: 54.121552
Train Epoch: 26 [12800/60000 (21%)]	Loss: 59.331116
Train Epoch: 26 [19200/60000 (32%)]	Loss: 50.698044
Train Epoch: 26 [25600/60000 (43%)]	Loss: 49.366135
Train Epoch: 26 [32000/60000 (53%)]	Loss: 60.004093
Train Epoch: 26 [38400/60000 (64%)]	Loss: 60.911747
Train Epoch: 26 [44800/60000 (75%)]	Loss: 52.810982
Train Epoch: 26 [51200/60000 (85%)]	Loss: 51.322220
Train Epoch: 26 [57600/60000 (96%)]	Loss: 61.977131

Test set: Average loss: 62.6544, Accuracy: 2143/10000 (21%)

Train Epoch: 27 [0/60000 (0%)]	Loss: 60.440460
Train Epoch: 27 [6400/60000 (11%)]	Loss: 57.652828
Train Epoch: 27 [12800/60000 (21%)]	Loss: 49.511040
Train Epoch: 27 [19200/60000 (32%)]	Loss: 56.697655
Train Epoch: 27 [25600/60000 (43%)]	Loss: 44.104305
Train Epoch: 27 [32000/60000 (53%)]	Loss: 61.237400
Train Epoch: 27 [38400/60000 (64%)]	Loss: 54.869621
Train Epoch: 27 [44800/60000 (75%)]	Loss: 53.096657
Train Epoch: 27 [51200/60000 (85%)]	Loss: 55.351025
Train Epoch: 27 [57600/60000 (96%)]	Loss: 65.044106

Test set: Average loss: 52.9637, Accuracy: 2374/10000 (24%)

Train Epoch: 28 [0/60000 (0%)]	Loss: 49.687443
Train Epoch: 28 [6400/60000 (11%)]	Loss: 55.027985
Train Epoch: 28 [12800/60000 (21%)]	Loss: 51.905560
Train Epoch: 28 [19200/60000 (32%)]	Loss: 53.601723
Train Epoch: 28 [25600/60000 (43%)]	Loss: 42.486469
Train Epoch: 28 [32000/60000 (53%)]	Loss: 60.337715
Train Epoch: 28 [38400/60000 (64%)]	Loss: 60.678432
Train Epoch: 28 [44800/60000 (75%)]	Loss: 57.032867
Train Epoch: 28 [51200/60000 (85%)]	Loss: 49.882919
Train Epoch: 28 [57600/60000 (96%)]	Loss: 54.448555

Test set: Average loss: 57.4280, Accuracy: 2284/10000 (23%)

Train Epoch: 29 [0/60000 (0%)]	Loss: 50.458199
Train Epoch: 29 [6400/60000 (11%)]	Loss: 52.537491
Train Epoch: 29 [12800/60000 (21%)]	Loss: 55.697598
Train Epoch: 29 [19200/60000 (32%)]	Loss: 50.319584
Train Epoch: 29 [25600/60000 (43%)]	Loss: 58.299225
Train Epoch: 29 [32000/60000 (53%)]	Loss: 65.824387
Train Epoch: 29 [38400/60000 (64%)]	Loss: 48.646301
Train Epoch: 29 [44800/60000 (75%)]	Loss: 55.967129
Train Epoch: 29 [51200/60000 (85%)]	Loss: 52.695400
Train Epoch: 29 [57600/60000 (96%)]	Loss: 60.375801

Test set: Average loss: 56.1568, Accuracy: 2084/10000 (21%)

Train Epoch: 30 [0/60000 (0%)]	Loss: 61.022415
Train Epoch: 30 [6400/60000 (11%)]	Loss: 63.731838
Train Epoch: 30 [12800/60000 (21%)]	Loss: 53.082825
Train Epoch: 30 [19200/60000 (32%)]	Loss: 48.700199
Train Epoch: 30 [25600/60000 (43%)]	Loss: 61.226349
Train Epoch: 30 [32000/60000 (53%)]	Loss: 73.380379
Train Epoch: 30 [38400/60000 (64%)]	Loss: 56.609352
Train Epoch: 30 [44800/60000 (75%)]	Loss: 64.779976
Train Epoch: 30 [51200/60000 (85%)]	Loss: 51.599243
Train Epoch: 30 [57600/60000 (96%)]	Loss: 65.203232

Test set: Average loss: 59.6428, Accuracy: 1997/10000 (20%)

Train Epoch: 31 [0/60000 (0%)]	Loss: 58.138054
Train Epoch: 31 [6400/60000 (11%)]	Loss: 60.391090
Train Epoch: 31 [12800/60000 (21%)]	Loss: 58.976501
Train Epoch: 31 [19200/60000 (32%)]	Loss: 52.954914
Train Epoch: 31 [25600/60000 (43%)]	Loss: 54.965050
Train Epoch: 31 [32000/60000 (53%)]	Loss: 51.568504
Train Epoch: 31 [38400/60000 (64%)]	Loss: 54.229473
Train Epoch: 31 [44800/60000 (75%)]	Loss: 57.320953
Train Epoch: 31 [51200/60000 (85%)]	Loss: 64.034531
Train Epoch: 31 [57600/60000 (96%)]	Loss: 36.813690

Test set: Average loss: 61.5460, Accuracy: 2175/10000 (22%)

Train Epoch: 32 [0/60000 (0%)]	Loss: 67.613411
Train Epoch: 32 [6400/60000 (11%)]	Loss: 56.714924
Train Epoch: 32 [12800/60000 (21%)]	Loss: 57.991005
Train Epoch: 32 [19200/60000 (32%)]	Loss: 66.469009
Train Epoch: 32 [25600/60000 (43%)]	Loss: 52.111656
Train Epoch: 32 [32000/60000 (53%)]	Loss: 63.167160
Train Epoch: 32 [38400/60000 (64%)]	Loss: 61.268333
Train Epoch: 32 [44800/60000 (75%)]	Loss: 47.192638
Train Epoch: 32 [51200/60000 (85%)]	Loss: 54.423786
Train Epoch: 32 [57600/60000 (96%)]	Loss: 52.134560

Test set: Average loss: 62.3584, Accuracy: 2171/10000 (22%)

Train Epoch: 33 [0/60000 (0%)]	Loss: 47.287567
Train Epoch: 33 [6400/60000 (11%)]	Loss: 49.428112
Train Epoch: 33 [12800/60000 (21%)]	Loss: 62.540871
Train Epoch: 33 [19200/60000 (32%)]	Loss: 52.948837
Train Epoch: 33 [25600/60000 (43%)]	Loss: 67.287781
Train Epoch: 33 [32000/60000 (53%)]	Loss: 43.510792
Train Epoch: 33 [38400/60000 (64%)]	Loss: 63.091866
Train Epoch: 33 [44800/60000 (75%)]	Loss: 55.544231
Train Epoch: 33 [51200/60000 (85%)]	Loss: 49.544163
Train Epoch: 33 [57600/60000 (96%)]	Loss: 58.327923

Test set: Average loss: 59.0188, Accuracy: 2162/10000 (22%)

Train Epoch: 34 [0/60000 (0%)]	Loss: 73.992310
Train Epoch: 34 [6400/60000 (11%)]	Loss: 67.201431
Train Epoch: 34 [12800/60000 (21%)]	Loss: 55.223358
Train Epoch: 34 [19200/60000 (32%)]	Loss: 60.761406
Train Epoch: 34 [25600/60000 (43%)]	Loss: 56.547771
Train Epoch: 34 [32000/60000 (53%)]	Loss: 54.966686
Train Epoch: 34 [38400/60000 (64%)]	Loss: 55.865059
Train Epoch: 34 [44800/60000 (75%)]	Loss: 51.237801
Train Epoch: 34 [51200/60000 (85%)]	Loss: 50.103142
Train Epoch: 34 [57600/60000 (96%)]	Loss: 51.761772

Test set: Average loss: 57.5673, Accuracy: 2132/10000 (21%)

Train Epoch: 35 [0/60000 (0%)]	Loss: 55.147308
Train Epoch: 35 [6400/60000 (11%)]	Loss: 63.995392
Train Epoch: 35 [12800/60000 (21%)]	Loss: 51.451420
Train Epoch: 35 [19200/60000 (32%)]	Loss: 53.321003
Train Epoch: 35 [25600/60000 (43%)]	Loss: 55.723957
Train Epoch: 35 [32000/60000 (53%)]	Loss: 73.355507
Train Epoch: 35 [38400/60000 (64%)]	Loss: 61.152359
Train Epoch: 35 [44800/60000 (75%)]	Loss: 56.528122
Train Epoch: 35 [51200/60000 (85%)]	Loss: 67.514915
Train Epoch: 35 [57600/60000 (96%)]	Loss: 53.641834

Test set: Average loss: 58.2085, Accuracy: 2258/10000 (23%)

Train Epoch: 36 [0/60000 (0%)]	Loss: 69.558228
Train Epoch: 36 [6400/60000 (11%)]	Loss: 59.891937
Train Epoch: 36 [12800/60000 (21%)]	Loss: 60.187477
Train Epoch: 36 [19200/60000 (32%)]	Loss: 42.057583
Train Epoch: 36 [25600/60000 (43%)]	Loss: 62.166393
Train Epoch: 36 [32000/60000 (53%)]	Loss: 54.407372
Train Epoch: 36 [38400/60000 (64%)]	Loss: 50.481354
Train Epoch: 36 [44800/60000 (75%)]	Loss: 50.562630
Train Epoch: 36 [51200/60000 (85%)]	Loss: 57.156525
Train Epoch: 36 [57600/60000 (96%)]	Loss: 65.493805

Test set: Average loss: 55.8030, Accuracy: 2567/10000 (26%)

Train Epoch: 37 [0/60000 (0%)]	Loss: 51.990925
Train Epoch: 37 [6400/60000 (11%)]	Loss: 54.856514
Train Epoch: 37 [12800/60000 (21%)]	Loss: 51.111069
Train Epoch: 37 [19200/60000 (32%)]	Loss: 55.641621
Train Epoch: 37 [25600/60000 (43%)]	Loss: 55.740742
Train Epoch: 37 [32000/60000 (53%)]	Loss: 61.831463
Train Epoch: 37 [38400/60000 (64%)]	Loss: 40.035366
Train Epoch: 37 [44800/60000 (75%)]	Loss: 58.630753
Train Epoch: 37 [51200/60000 (85%)]	Loss: 52.150360
Train Epoch: 37 [57600/60000 (96%)]	Loss: 44.104816

Test set: Average loss: 59.6484, Accuracy: 1922/10000 (19%)

Train Epoch: 38 [0/60000 (0%)]	Loss: 53.178272
Train Epoch: 38 [6400/60000 (11%)]	Loss: 60.512424
Train Epoch: 38 [12800/60000 (21%)]	Loss: 66.983452
Train Epoch: 38 [19200/60000 (32%)]	Loss: 60.813499
Train Epoch: 38 [25600/60000 (43%)]	Loss: 53.098480
Train Epoch: 38 [32000/60000 (53%)]	Loss: 66.631454
Train Epoch: 38 [38400/60000 (64%)]	Loss: 56.774780
Train Epoch: 38 [44800/60000 (75%)]	Loss: 60.401752
Train Epoch: 38 [51200/60000 (85%)]	Loss: 44.696743
Train Epoch: 38 [57600/60000 (96%)]	Loss: 59.556259

Test set: Average loss: 57.9946, Accuracy: 2416/10000 (24%)

Train Epoch: 39 [0/60000 (0%)]	Loss: 51.139591
Train Epoch: 39 [6400/60000 (11%)]	Loss: 59.113647
Train Epoch: 39 [12800/60000 (21%)]	Loss: 50.816051
Train Epoch: 39 [19200/60000 (32%)]	Loss: 56.236881
Train Epoch: 39 [25600/60000 (43%)]	Loss: 47.543266
Train Epoch: 39 [32000/60000 (53%)]	Loss: 59.213509
Train Epoch: 39 [38400/60000 (64%)]	Loss: 66.000206
Train Epoch: 39 [44800/60000 (75%)]	Loss: 58.850353
Train Epoch: 39 [51200/60000 (85%)]	Loss: 58.101948
Train Epoch: 39 [57600/60000 (96%)]	Loss: 45.535198

Test set: Average loss: 56.5205, Accuracy: 2254/10000 (23%)

Train Epoch: 40 [0/60000 (0%)]	Loss: 56.381313
Train Epoch: 40 [6400/60000 (11%)]	Loss: 57.235405
Train Epoch: 40 [12800/60000 (21%)]	Loss: 53.733746
Train Epoch: 40 [19200/60000 (32%)]	Loss: 62.827530
Train Epoch: 40 [25600/60000 (43%)]	Loss: 60.151421
Train Epoch: 40 [32000/60000 (53%)]	Loss: 48.508141
Train Epoch: 40 [38400/60000 (64%)]	Loss: 55.887390
Train Epoch: 40 [44800/60000 (75%)]	Loss: 66.892792
Train Epoch: 40 [51200/60000 (85%)]	Loss: 66.712555
Train Epoch: 40 [57600/60000 (96%)]	Loss: 57.347652

Test set: Average loss: 54.7121, Accuracy: 2272/10000 (23%)

Train Epoch: 41 [0/60000 (0%)]	Loss: 56.515156
Train Epoch: 41 [6400/60000 (11%)]	Loss: 44.384243
Train Epoch: 41 [12800/60000 (21%)]	Loss: 64.216141
Train Epoch: 41 [19200/60000 (32%)]	Loss: 64.432228
Train Epoch: 41 [25600/60000 (43%)]	Loss: 51.241764
Train Epoch: 41 [32000/60000 (53%)]	Loss: 64.424492
Train Epoch: 41 [38400/60000 (64%)]	Loss: 66.120155
Train Epoch: 41 [44800/60000 (75%)]	Loss: 53.847511
Train Epoch: 41 [51200/60000 (85%)]	Loss: 53.736019
Train Epoch: 41 [57600/60000 (96%)]	Loss: 57.763943

Test set: Average loss: 57.1056, Accuracy: 2120/10000 (21%)

Train Epoch: 42 [0/60000 (0%)]	Loss: 62.480633
Train Epoch: 42 [6400/60000 (11%)]	Loss: 58.513584
Train Epoch: 42 [12800/60000 (21%)]	Loss: 51.560062
Train Epoch: 42 [19200/60000 (32%)]	Loss: 51.857254
Train Epoch: 42 [25600/60000 (43%)]	Loss: 48.775322
Train Epoch: 42 [32000/60000 (53%)]	Loss: 62.808212
Train Epoch: 42 [38400/60000 (64%)]	Loss: 47.303093
Train Epoch: 42 [44800/60000 (75%)]	Loss: 51.241188
Train Epoch: 42 [51200/60000 (85%)]	Loss: 62.011791
Train Epoch: 42 [57600/60000 (96%)]	Loss: 48.787800

Test set: Average loss: 54.6656, Accuracy: 2292/10000 (23%)

Train Epoch: 43 [0/60000 (0%)]	Loss: 54.337070
Train Epoch: 43 [6400/60000 (11%)]	Loss: 50.552258
Train Epoch: 43 [12800/60000 (21%)]	Loss: 61.858330
Train Epoch: 43 [19200/60000 (32%)]	Loss: 49.271835
Train Epoch: 43 [25600/60000 (43%)]	Loss: 31.867887
Train Epoch: 43 [32000/60000 (53%)]	Loss: 47.212597
Train Epoch: 43 [38400/60000 (64%)]	Loss: 56.026333
Train Epoch: 43 [44800/60000 (75%)]	Loss: 58.372280
Train Epoch: 43 [51200/60000 (85%)]	Loss: 46.760166
Train Epoch: 43 [57600/60000 (96%)]	Loss: 76.692184

Test set: Average loss: 56.2706, Accuracy: 2549/10000 (25%)

Train Epoch: 44 [0/60000 (0%)]	Loss: 52.102036
Train Epoch: 44 [6400/60000 (11%)]	Loss: 50.376347
Train Epoch: 44 [12800/60000 (21%)]	Loss: 48.457493
Train Epoch: 44 [19200/60000 (32%)]	Loss: 53.063896
Train Epoch: 44 [25600/60000 (43%)]	Loss: 50.707809
Train Epoch: 44 [32000/60000 (53%)]	Loss: 51.590015
Train Epoch: 44 [38400/60000 (64%)]	Loss: 54.692886
Train Epoch: 44 [44800/60000 (75%)]	Loss: 60.289558
Train Epoch: 44 [51200/60000 (85%)]	Loss: 61.262474
Train Epoch: 44 [57600/60000 (96%)]	Loss: 37.897675

Test set: Average loss: 54.2467, Accuracy: 2447/10000 (24%)

Train Epoch: 45 [0/60000 (0%)]	Loss: 58.939457
Train Epoch: 45 [6400/60000 (11%)]	Loss: 43.551567
Train Epoch: 45 [12800/60000 (21%)]	Loss: 66.677872
Train Epoch: 45 [19200/60000 (32%)]	Loss: 48.836143
Train Epoch: 45 [25600/60000 (43%)]	Loss: 37.409225
Train Epoch: 45 [32000/60000 (53%)]	Loss: 50.538223
Train Epoch: 45 [38400/60000 (64%)]	Loss: 69.807549
Train Epoch: 45 [44800/60000 (75%)]	Loss: 53.587212
Train Epoch: 45 [51200/60000 (85%)]	Loss: 52.798687
Train Epoch: 45 [57600/60000 (96%)]	Loss: 46.959175

Test set: Average loss: 54.9439, Accuracy: 2343/10000 (23%)

Train Epoch: 46 [0/60000 (0%)]	Loss: 51.042267
Train Epoch: 46 [6400/60000 (11%)]	Loss: 52.365379
Train Epoch: 46 [12800/60000 (21%)]	Loss: 60.751972
Train Epoch: 46 [19200/60000 (32%)]	Loss: 55.851624
Train Epoch: 46 [25600/60000 (43%)]	Loss: 39.675980
Train Epoch: 46 [32000/60000 (53%)]	Loss: 50.730862
Train Epoch: 46 [38400/60000 (64%)]	Loss: 42.451168
Train Epoch: 46 [44800/60000 (75%)]	Loss: 52.372490
Train Epoch: 46 [51200/60000 (85%)]	Loss: 56.586349
Train Epoch: 46 [57600/60000 (96%)]	Loss: 44.137104

Test set: Average loss: 52.7967, Accuracy: 2559/10000 (26%)

Train Epoch: 47 [0/60000 (0%)]	Loss: 66.879265
Train Epoch: 47 [6400/60000 (11%)]	Loss: 37.240723
Train Epoch: 47 [12800/60000 (21%)]	Loss: 43.138401
Train Epoch: 47 [19200/60000 (32%)]	Loss: 45.062649
Train Epoch: 47 [25600/60000 (43%)]	Loss: 50.109711
Train Epoch: 47 [32000/60000 (53%)]	Loss: 49.023048
Train Epoch: 47 [38400/60000 (64%)]	Loss: 48.180779
Train Epoch: 47 [44800/60000 (75%)]	Loss: 38.879467
Train Epoch: 47 [51200/60000 (85%)]	Loss: 41.919804
Train Epoch: 47 [57600/60000 (96%)]	Loss: 44.277946

Test set: Average loss: 50.1908, Accuracy: 2840/10000 (28%)

Train Epoch: 48 [0/60000 (0%)]	Loss: 45.869804
Train Epoch: 48 [6400/60000 (11%)]	Loss: 47.422901
Train Epoch: 48 [12800/60000 (21%)]	Loss: 40.806896
Train Epoch: 48 [19200/60000 (32%)]	Loss: 43.474339
Train Epoch: 48 [25600/60000 (43%)]	Loss: 44.479351
Train Epoch: 48 [32000/60000 (53%)]	Loss: 39.317917
Train Epoch: 48 [38400/60000 (64%)]	Loss: 45.340202
Train Epoch: 48 [44800/60000 (75%)]	Loss: 45.850018
Train Epoch: 48 [51200/60000 (85%)]	Loss: 48.861588
Train Epoch: 48 [57600/60000 (96%)]	Loss: 52.954067

Test set: Average loss: 45.5487, Accuracy: 2928/10000 (29%)

Train Epoch: 49 [0/60000 (0%)]	Loss: 42.884769
Train Epoch: 49 [6400/60000 (11%)]	Loss: 40.322277
Train Epoch: 49 [12800/60000 (21%)]	Loss: 43.324837
Train Epoch: 49 [19200/60000 (32%)]	Loss: 35.109055
Train Epoch: 49 [25600/60000 (43%)]	Loss: 36.030403
Train Epoch: 49 [32000/60000 (53%)]	Loss: 36.591713
Train Epoch: 49 [38400/60000 (64%)]	Loss: 30.464262
Train Epoch: 49 [44800/60000 (75%)]	Loss: 34.964912
Train Epoch: 49 [51200/60000 (85%)]	Loss: 48.409668
Train Epoch: 49 [57600/60000 (96%)]	Loss: 29.997799

Test set: Average loss: 41.0562, Accuracy: 3287/10000 (33%)

Train Epoch: 50 [0/60000 (0%)]	Loss: 34.996773
Train Epoch: 50 [6400/60000 (11%)]	Loss: 24.390696
Train Epoch: 50 [12800/60000 (21%)]	Loss: 23.684824
Train Epoch: 50 [19200/60000 (32%)]	Loss: 17.629623
Train Epoch: 50 [25600/60000 (43%)]	Loss: 23.057682
Train Epoch: 50 [32000/60000 (53%)]	Loss: 25.055487
Train Epoch: 50 [38400/60000 (64%)]	Loss: 14.923537
Train Epoch: 50 [44800/60000 (75%)]	Loss: 20.496023
Train Epoch: 50 [51200/60000 (85%)]	Loss: 17.934853
Train Epoch: 50 [57600/60000 (96%)]	Loss: 28.405247

Test set: Average loss: 26.9773, Accuracy: 4744/10000 (47%)

Namespace(batch_size=64, bias=None, data='../data', device=0, epochs=50, hidden_size=500, load_weights=None, log_interval=100, lr=0.1, milestones=[5, 7], model='redfc4', momentum=0.9, no_cuda=False, r=5, save_model=None, save_results=True, scheduler='cosine', seed=1, sparsity=0.1, use_relu=False, wd=0.0005)


Total time spent pruning/training: 13.56 minutes
Total number of parameters in model: 4496420
Number of parameters in pruned model: 4046778
