Namespace(batch_size=64, bias=None, data='../data', device=1, epochs=11, hidden_size=500, load_weights=None, log_interval=100, lr=0.1, model='redfc4', momentum=0.9, no_cuda=False, r=5, save_model=None, save_results=True, seed=1, sparsity=0.9, use_relu=False, wd=0.0005) 

Pruning a Four-Layer Fully Connected Redundant Network ...
Train Epoch: 1 [6336/60000 (11%)]	Loss: 1.913958
Train Epoch: 1 [12736/60000 (21%)]	Loss: 0.817320
Train Epoch: 1 [19136/60000 (32%)]	Loss: 0.377304
Train Epoch: 1 [25536/60000 (43%)]	Loss: 0.623030
Train Epoch: 1 [31936/60000 (53%)]	Loss: 0.357349
Train Epoch: 1 [38336/60000 (64%)]	Loss: 0.364885
Train Epoch: 1 [44736/60000 (75%)]	Loss: 0.281615
Train Epoch: 1 [51136/60000 (85%)]	Loss: 0.378537
Train Epoch: 1 [57536/60000 (96%)]	Loss: 0.531738

Test set: Average loss: 0.3071, Accuracy: 9072/10000 (91%)

Train Epoch: 2 [6336/60000 (11%)]	Loss: 0.334996
Train Epoch: 2 [12736/60000 (21%)]	Loss: 0.225598
Train Epoch: 2 [19136/60000 (32%)]	Loss: 0.233954
Train Epoch: 2 [25536/60000 (43%)]	Loss: 0.211925
Train Epoch: 2 [31936/60000 (53%)]	Loss: 0.169924
Train Epoch: 2 [38336/60000 (64%)]	Loss: 0.447360
Train Epoch: 2 [44736/60000 (75%)]	Loss: 0.234402
Train Epoch: 2 [51136/60000 (85%)]	Loss: 0.266332
Train Epoch: 2 [57536/60000 (96%)]	Loss: 0.251137

Test set: Average loss: 0.2261, Accuracy: 9292/10000 (93%)

Train Epoch: 3 [6336/60000 (11%)]	Loss: 0.185049
Train Epoch: 3 [12736/60000 (21%)]	Loss: 0.171271
Train Epoch: 3 [19136/60000 (32%)]	Loss: 0.063994
Train Epoch: 3 [25536/60000 (43%)]	Loss: 0.224405
Train Epoch: 3 [31936/60000 (53%)]	Loss: 0.141934
Train Epoch: 3 [38336/60000 (64%)]	Loss: 0.217970
Train Epoch: 3 [44736/60000 (75%)]	Loss: 0.297819
Train Epoch: 3 [51136/60000 (85%)]	Loss: 0.127389
Train Epoch: 3 [57536/60000 (96%)]	Loss: 0.205639

Test set: Average loss: 0.2694, Accuracy: 9126/10000 (91%)

Train Epoch: 4 [6336/60000 (11%)]	Loss: 0.216031
Train Epoch: 4 [12736/60000 (21%)]	Loss: 0.196764
Train Epoch: 4 [19136/60000 (32%)]	Loss: 0.409368
Train Epoch: 4 [25536/60000 (43%)]	Loss: 0.382199
Train Epoch: 4 [31936/60000 (53%)]	Loss: 0.293739
Train Epoch: 4 [38336/60000 (64%)]	Loss: 0.378230
Train Epoch: 4 [44736/60000 (75%)]	Loss: 0.303892
Train Epoch: 4 [51136/60000 (85%)]	Loss: 0.195949
Train Epoch: 4 [57536/60000 (96%)]	Loss: 0.102152

Test set: Average loss: 0.2135, Accuracy: 9318/10000 (93%)

Train Epoch: 5 [6336/60000 (11%)]	Loss: 0.333890
Train Epoch: 5 [12736/60000 (21%)]	Loss: 0.095098
Train Epoch: 5 [19136/60000 (32%)]	Loss: 0.133930
Train Epoch: 5 [25536/60000 (43%)]	Loss: 0.081631
Train Epoch: 5 [31936/60000 (53%)]	Loss: 0.273443
Train Epoch: 5 [38336/60000 (64%)]	Loss: 0.231986
Train Epoch: 5 [44736/60000 (75%)]	Loss: 0.230261
Train Epoch: 5 [51136/60000 (85%)]	Loss: 0.188044
Train Epoch: 5 [57536/60000 (96%)]	Loss: 0.295315

Test set: Average loss: 0.2571, Accuracy: 9177/10000 (92%)

Train Epoch: 6 [6336/60000 (11%)]	Loss: 0.093760
Train Epoch: 6 [12736/60000 (21%)]	Loss: 0.172767
Train Epoch: 6 [19136/60000 (32%)]	Loss: 0.142186
Train Epoch: 6 [25536/60000 (43%)]	Loss: 0.315165
Train Epoch: 6 [31936/60000 (53%)]	Loss: 0.339100
Train Epoch: 6 [38336/60000 (64%)]	Loss: 0.126008
Train Epoch: 6 [44736/60000 (75%)]	Loss: 0.297271
Train Epoch: 6 [51136/60000 (85%)]	Loss: 0.311469
Train Epoch: 6 [57536/60000 (96%)]	Loss: 0.205345

Test set: Average loss: 0.2022, Accuracy: 9366/10000 (94%)

Train Epoch: 7 [6336/60000 (11%)]	Loss: 0.056811
Train Epoch: 7 [12736/60000 (21%)]	Loss: 0.070930
Train Epoch: 7 [19136/60000 (32%)]	Loss: 0.119282
Train Epoch: 7 [25536/60000 (43%)]	Loss: 0.186072
Train Epoch: 7 [31936/60000 (53%)]	Loss: 0.198331
Train Epoch: 7 [38336/60000 (64%)]	Loss: 0.181565
Train Epoch: 7 [44736/60000 (75%)]	Loss: 0.225523
Train Epoch: 7 [51136/60000 (85%)]	Loss: 0.206589
Train Epoch: 7 [57536/60000 (96%)]	Loss: 0.249072

Test set: Average loss: 0.1681, Accuracy: 9447/10000 (94%)

Train Epoch: 8 [6336/60000 (11%)]	Loss: 0.069533
Train Epoch: 8 [12736/60000 (21%)]	Loss: 0.133387
Train Epoch: 8 [19136/60000 (32%)]	Loss: 0.190180
Train Epoch: 8 [25536/60000 (43%)]	Loss: 0.103789
Train Epoch: 8 [31936/60000 (53%)]	Loss: 0.067691
Train Epoch: 8 [38336/60000 (64%)]	Loss: 0.285131
Train Epoch: 8 [44736/60000 (75%)]	Loss: 0.154847
Train Epoch: 8 [51136/60000 (85%)]	Loss: 0.053374
Train Epoch: 8 [57536/60000 (96%)]	Loss: 0.126489

Test set: Average loss: 0.1793, Accuracy: 9453/10000 (95%)

Train Epoch: 9 [6336/60000 (11%)]	Loss: 0.061660
Train Epoch: 9 [12736/60000 (21%)]	Loss: 0.149391
Train Epoch: 9 [19136/60000 (32%)]	Loss: 0.312127
Train Epoch: 9 [25536/60000 (43%)]	Loss: 0.114376
Train Epoch: 9 [31936/60000 (53%)]	Loss: 0.041688
Train Epoch: 9 [38336/60000 (64%)]	Loss: 0.188614
Train Epoch: 9 [44736/60000 (75%)]	Loss: 0.154351
Train Epoch: 9 [51136/60000 (85%)]	Loss: 0.062898
Train Epoch: 9 [57536/60000 (96%)]	Loss: 0.106309

Test set: Average loss: 0.1401, Accuracy: 9565/10000 (96%)

Train Epoch: 10 [6336/60000 (11%)]	Loss: 0.100900
Train Epoch: 10 [12736/60000 (21%)]	Loss: 0.101465
Train Epoch: 10 [19136/60000 (32%)]	Loss: 0.080445
Train Epoch: 10 [25536/60000 (43%)]	Loss: 0.260314
Train Epoch: 10 [31936/60000 (53%)]	Loss: 0.068476
Train Epoch: 10 [38336/60000 (64%)]	Loss: 0.023453
Train Epoch: 10 [44736/60000 (75%)]	Loss: 0.122383
Train Epoch: 10 [51136/60000 (85%)]	Loss: 0.134713
Train Epoch: 10 [57536/60000 (96%)]	Loss: 0.080749

Test set: Average loss: 0.1094, Accuracy: 9663/10000 (97%)

Train Epoch: 11 [6336/60000 (11%)]	Loss: 0.054783
Train Epoch: 11 [12736/60000 (21%)]	Loss: 0.039651
Train Epoch: 11 [19136/60000 (32%)]	Loss: 0.020167
Train Epoch: 11 [25536/60000 (43%)]	Loss: 0.053719
Train Epoch: 11 [31936/60000 (53%)]	Loss: 0.183896
Train Epoch: 11 [38336/60000 (64%)]	Loss: 0.032173
Train Epoch: 11 [44736/60000 (75%)]	Loss: 0.094364
Train Epoch: 11 [51136/60000 (85%)]	Loss: 0.042068
Train Epoch: 11 [57536/60000 (96%)]	Loss: 0.036677

Test set: Average loss: 0.0921, Accuracy: 9717/10000 (97%)

Namespace(batch_size=64, bias=None, data='../data', device=1, epochs=11, hidden_size=500, load_weights=None, log_interval=100, lr=0.1, model='redfc4', momentum=0.9, no_cuda=False, r=5, save_model=None, save_results=True, seed=1, sparsity=0.9, use_relu=False, wd=0.0005)


Total time spent pruning/training: 2.21 minutes
Total number of parameters in model: 4496420
Number of parameters in pruned model: 449641
