Namespace(batch_size=64, bias=None, data='../data', device=0, epochs=50, hidden_size=500, load_weights=None, log_interval=100, lr=0.1, milestones=[5, 7], model='redfc4', momentum=0.9, no_cuda=False, r=5, save_model=None, save_results=True, scheduler='cosine', seed=1, sparsity=0.95, use_relu=True, wd=0.0005) 

Pruning a Four-Layer Fully Connected Redundant Network ...
Train Epoch: 1 [0/60000 (0%)]	Loss: 2.302582
Train Epoch: 1 [6400/60000 (11%)]	Loss: 2.302585
Train Epoch: 1 [12800/60000 (21%)]	Loss: 2.302530
Train Epoch: 1 [19200/60000 (32%)]	Loss: 2.302481
Train Epoch: 1 [25600/60000 (43%)]	Loss: 2.302307
Train Epoch: 1 [32000/60000 (53%)]	Loss: 2.301478
Train Epoch: 1 [38400/60000 (64%)]	Loss: 2.301756
Train Epoch: 1 [44800/60000 (75%)]	Loss: 2.296470
Train Epoch: 1 [51200/60000 (85%)]	Loss: 2.294228
Train Epoch: 1 [57600/60000 (96%)]	Loss: 2.292484

Test set: Average loss: 2.2887, Accuracy: 1160/10000 (12%)

Train Epoch: 2 [0/60000 (0%)]	Loss: 2.292522
Train Epoch: 2 [6400/60000 (11%)]	Loss: 2.292263
Train Epoch: 2 [12800/60000 (21%)]	Loss: 2.275783
Train Epoch: 2 [19200/60000 (32%)]	Loss: 2.292307
Train Epoch: 2 [25600/60000 (43%)]	Loss: 2.239500
Train Epoch: 2 [32000/60000 (53%)]	Loss: 2.253791
Train Epoch: 2 [38400/60000 (64%)]	Loss: 2.184863
Train Epoch: 2 [44800/60000 (75%)]	Loss: 2.267981
Train Epoch: 2 [51200/60000 (85%)]	Loss: 2.187354
Train Epoch: 2 [57600/60000 (96%)]	Loss: 2.155499

Test set: Average loss: 2.1729, Accuracy: 1879/10000 (19%)

Train Epoch: 3 [0/60000 (0%)]	Loss: 2.176015
Train Epoch: 3 [6400/60000 (11%)]	Loss: 2.113329
Train Epoch: 3 [12800/60000 (21%)]	Loss: 2.100498
Train Epoch: 3 [19200/60000 (32%)]	Loss: 2.101349
Train Epoch: 3 [25600/60000 (43%)]	Loss: 2.044412
Train Epoch: 3 [32000/60000 (53%)]	Loss: 2.056619
Train Epoch: 3 [38400/60000 (64%)]	Loss: 2.050144
Train Epoch: 3 [44800/60000 (75%)]	Loss: 2.028479
Train Epoch: 3 [51200/60000 (85%)]	Loss: 1.981108
Train Epoch: 3 [57600/60000 (96%)]	Loss: 2.004945

Test set: Average loss: 2.0144, Accuracy: 3045/10000 (30%)

Train Epoch: 4 [0/60000 (0%)]	Loss: 2.045161
Train Epoch: 4 [6400/60000 (11%)]	Loss: 2.049978
Train Epoch: 4 [12800/60000 (21%)]	Loss: 1.994019
Train Epoch: 4 [19200/60000 (32%)]	Loss: 1.962004
Train Epoch: 4 [25600/60000 (43%)]	Loss: 1.982636
Train Epoch: 4 [32000/60000 (53%)]	Loss: 2.035033
Train Epoch: 4 [38400/60000 (64%)]	Loss: 1.942328
Train Epoch: 4 [44800/60000 (75%)]	Loss: 1.975887
Train Epoch: 4 [51200/60000 (85%)]	Loss: 1.921128
Train Epoch: 4 [57600/60000 (96%)]	Loss: 1.954582

Test set: Average loss: 1.9300, Accuracy: 3378/10000 (34%)

Train Epoch: 5 [0/60000 (0%)]	Loss: 1.946396
Train Epoch: 5 [6400/60000 (11%)]	Loss: 1.973866
Train Epoch: 5 [12800/60000 (21%)]	Loss: 1.942493
Train Epoch: 5 [19200/60000 (32%)]	Loss: 1.891156
Train Epoch: 5 [25600/60000 (43%)]	Loss: 1.964657
Train Epoch: 5 [32000/60000 (53%)]	Loss: 1.950431
Train Epoch: 5 [38400/60000 (64%)]	Loss: 1.932807
Train Epoch: 5 [44800/60000 (75%)]	Loss: 1.935429
Train Epoch: 5 [51200/60000 (85%)]	Loss: 1.959501
Train Epoch: 5 [57600/60000 (96%)]	Loss: 1.920866

Test set: Average loss: 1.9226, Accuracy: 3477/10000 (35%)

Train Epoch: 6 [0/60000 (0%)]	Loss: 1.902134
Train Epoch: 6 [6400/60000 (11%)]	Loss: 1.893448
Train Epoch: 6 [12800/60000 (21%)]	Loss: 1.939333
Train Epoch: 6 [19200/60000 (32%)]	Loss: 1.977122
Train Epoch: 6 [25600/60000 (43%)]	Loss: 1.890351
Train Epoch: 6 [32000/60000 (53%)]	Loss: 1.951622
Train Epoch: 6 [38400/60000 (64%)]	Loss: 1.940317
Train Epoch: 6 [44800/60000 (75%)]	Loss: 1.958560
Train Epoch: 6 [51200/60000 (85%)]	Loss: 1.942316
Train Epoch: 6 [57600/60000 (96%)]	Loss: 2.003405

Test set: Average loss: 1.9169, Accuracy: 4250/10000 (42%)

Train Epoch: 7 [0/60000 (0%)]	Loss: 1.886272
Train Epoch: 7 [6400/60000 (11%)]	Loss: 1.883399
Train Epoch: 7 [12800/60000 (21%)]	Loss: 1.995365
Train Epoch: 7 [19200/60000 (32%)]	Loss: 1.908116
Train Epoch: 7 [25600/60000 (43%)]	Loss: 1.977617
Train Epoch: 7 [32000/60000 (53%)]	Loss: 1.885440
Train Epoch: 7 [38400/60000 (64%)]	Loss: 1.913861
Train Epoch: 7 [44800/60000 (75%)]	Loss: 2.029649
Train Epoch: 7 [51200/60000 (85%)]	Loss: 1.971063
Train Epoch: 7 [57600/60000 (96%)]	Loss: 1.999747

Test set: Average loss: 1.9498, Accuracy: 3259/10000 (33%)

Train Epoch: 8 [0/60000 (0%)]	Loss: 1.927873
Train Epoch: 8 [6400/60000 (11%)]	Loss: 1.966884
Train Epoch: 8 [12800/60000 (21%)]	Loss: 1.884764
Train Epoch: 8 [19200/60000 (32%)]	Loss: 1.829068
Train Epoch: 8 [25600/60000 (43%)]	Loss: 1.976551
Train Epoch: 8 [32000/60000 (53%)]	Loss: 1.966420
Train Epoch: 8 [38400/60000 (64%)]	Loss: 2.073976
Train Epoch: 8 [44800/60000 (75%)]	Loss: 1.952377
Train Epoch: 8 [51200/60000 (85%)]	Loss: 2.024737
Train Epoch: 8 [57600/60000 (96%)]	Loss: 1.977677

Test set: Average loss: 1.9527, Accuracy: 3958/10000 (40%)

Train Epoch: 9 [0/60000 (0%)]	Loss: 1.965069
Train Epoch: 9 [6400/60000 (11%)]	Loss: 1.956366
Train Epoch: 9 [12800/60000 (21%)]	Loss: 2.013153
Train Epoch: 9 [19200/60000 (32%)]	Loss: 2.040735
Train Epoch: 9 [25600/60000 (43%)]	Loss: 1.983622
Train Epoch: 9 [32000/60000 (53%)]	Loss: 1.985627
Train Epoch: 9 [38400/60000 (64%)]	Loss: 2.002948
Train Epoch: 9 [44800/60000 (75%)]	Loss: 2.005218
Train Epoch: 9 [51200/60000 (85%)]	Loss: 2.012401
Train Epoch: 9 [57600/60000 (96%)]	Loss: 2.003568

Test set: Average loss: 1.9889, Accuracy: 3466/10000 (35%)

Train Epoch: 10 [0/60000 (0%)]	Loss: 1.912035
Train Epoch: 10 [6400/60000 (11%)]	Loss: 2.015191
Train Epoch: 10 [12800/60000 (21%)]	Loss: 1.981388
Train Epoch: 10 [19200/60000 (32%)]	Loss: 1.962771
Train Epoch: 10 [25600/60000 (43%)]	Loss: 2.073663
Train Epoch: 10 [32000/60000 (53%)]	Loss: 2.025575
Train Epoch: 10 [38400/60000 (64%)]	Loss: 1.966286
Train Epoch: 10 [44800/60000 (75%)]	Loss: 2.085179
Train Epoch: 10 [51200/60000 (85%)]	Loss: 2.023853
Train Epoch: 10 [57600/60000 (96%)]	Loss: 2.046161

Test set: Average loss: 2.0231, Accuracy: 3039/10000 (30%)

Train Epoch: 11 [0/60000 (0%)]	Loss: 1.990630
Train Epoch: 11 [6400/60000 (11%)]	Loss: 2.034843
Train Epoch: 11 [12800/60000 (21%)]	Loss: 2.051315
Train Epoch: 11 [19200/60000 (32%)]	Loss: 2.052100
Train Epoch: 11 [25600/60000 (43%)]	Loss: 2.062084
Train Epoch: 11 [32000/60000 (53%)]	Loss: 2.098126
Train Epoch: 11 [38400/60000 (64%)]	Loss: 2.084596
Train Epoch: 11 [44800/60000 (75%)]	Loss: 2.076476
Train Epoch: 11 [51200/60000 (85%)]	Loss: 2.062037
Train Epoch: 11 [57600/60000 (96%)]	Loss: 2.095174

Test set: Average loss: 2.0767, Accuracy: 2116/10000 (21%)

Train Epoch: 12 [0/60000 (0%)]	Loss: 2.050551
Train Epoch: 12 [6400/60000 (11%)]	Loss: 2.038467
Train Epoch: 12 [12800/60000 (21%)]	Loss: 2.097557
Train Epoch: 12 [19200/60000 (32%)]	Loss: 2.107304
Train Epoch: 12 [25600/60000 (43%)]	Loss: 2.129954
Train Epoch: 12 [32000/60000 (53%)]	Loss: 2.088150
Train Epoch: 12 [38400/60000 (64%)]	Loss: 2.129036
Train Epoch: 12 [44800/60000 (75%)]	Loss: 2.111004
Train Epoch: 12 [51200/60000 (85%)]	Loss: 2.117588
Train Epoch: 12 [57600/60000 (96%)]	Loss: 2.106638

Test set: Average loss: 2.1048, Accuracy: 2337/10000 (23%)

Train Epoch: 13 [0/60000 (0%)]	Loss: 2.163068
Train Epoch: 13 [6400/60000 (11%)]	Loss: 2.132457
Train Epoch: 13 [12800/60000 (21%)]	Loss: 2.102629
Train Epoch: 13 [19200/60000 (32%)]	Loss: 2.180967
Train Epoch: 13 [25600/60000 (43%)]	Loss: 2.109511
Train Epoch: 13 [32000/60000 (53%)]	Loss: 2.122127
Train Epoch: 13 [38400/60000 (64%)]	Loss: 2.115150
Train Epoch: 13 [44800/60000 (75%)]	Loss: 2.102495
Train Epoch: 13 [51200/60000 (85%)]	Loss: 2.129337
Train Epoch: 13 [57600/60000 (96%)]	Loss: 2.119314

Test set: Average loss: 2.1442, Accuracy: 2744/10000 (27%)

Train Epoch: 14 [0/60000 (0%)]	Loss: 2.157356
Train Epoch: 14 [6400/60000 (11%)]	Loss: 2.163717
Train Epoch: 14 [12800/60000 (21%)]	Loss: 2.172369
Train Epoch: 14 [19200/60000 (32%)]	Loss: 2.133317
Train Epoch: 14 [25600/60000 (43%)]	Loss: 2.115296
Train Epoch: 14 [32000/60000 (53%)]	Loss: 2.170682
Train Epoch: 14 [38400/60000 (64%)]	Loss: 2.179976
Train Epoch: 14 [44800/60000 (75%)]	Loss: 2.166732
Train Epoch: 14 [51200/60000 (85%)]	Loss: 2.155786
Train Epoch: 14 [57600/60000 (96%)]	Loss: 2.157017

Test set: Average loss: 2.1549, Accuracy: 3218/10000 (32%)

Train Epoch: 15 [0/60000 (0%)]	Loss: 2.174495
Train Epoch: 15 [6400/60000 (11%)]	Loss: 2.190994
Train Epoch: 15 [12800/60000 (21%)]	Loss: 2.144941
Train Epoch: 15 [19200/60000 (32%)]	Loss: 2.187675
Train Epoch: 15 [25600/60000 (43%)]	Loss: 2.196583
Train Epoch: 15 [32000/60000 (53%)]	Loss: 2.201432
Train Epoch: 15 [38400/60000 (64%)]	Loss: 2.179371
Train Epoch: 15 [44800/60000 (75%)]	Loss: 2.194107
Train Epoch: 15 [51200/60000 (85%)]	Loss: 2.194233
Train Epoch: 15 [57600/60000 (96%)]	Loss: 2.176920

Test set: Average loss: 2.1783, Accuracy: 1897/10000 (19%)

Train Epoch: 16 [0/60000 (0%)]	Loss: 2.193470
Train Epoch: 16 [6400/60000 (11%)]	Loss: 2.200294
Train Epoch: 16 [12800/60000 (21%)]	Loss: 2.180390
Train Epoch: 16 [19200/60000 (32%)]	Loss: 2.178225
Train Epoch: 16 [25600/60000 (43%)]	Loss: 2.222315
Train Epoch: 16 [32000/60000 (53%)]	Loss: 2.195968
Train Epoch: 16 [38400/60000 (64%)]	Loss: 2.183355
Train Epoch: 16 [44800/60000 (75%)]	Loss: 2.199515
Train Epoch: 16 [51200/60000 (85%)]	Loss: 2.225631
Train Epoch: 16 [57600/60000 (96%)]	Loss: 2.225180

Test set: Average loss: 2.2038, Accuracy: 2292/10000 (23%)

Train Epoch: 17 [0/60000 (0%)]	Loss: 2.194199
Train Epoch: 17 [6400/60000 (11%)]	Loss: 2.206242
Train Epoch: 17 [12800/60000 (21%)]	Loss: 2.215641
Train Epoch: 17 [19200/60000 (32%)]	Loss: 2.199500
Train Epoch: 17 [25600/60000 (43%)]	Loss: 2.212088
Train Epoch: 17 [32000/60000 (53%)]	Loss: 2.212716
Train Epoch: 17 [38400/60000 (64%)]	Loss: 2.251750
Train Epoch: 17 [44800/60000 (75%)]	Loss: 2.215810
Train Epoch: 17 [51200/60000 (85%)]	Loss: 2.198670
Train Epoch: 17 [57600/60000 (96%)]	Loss: 2.245881

Test set: Average loss: 2.2205, Accuracy: 2891/10000 (29%)

Train Epoch: 18 [0/60000 (0%)]	Loss: 2.236850
Train Epoch: 18 [6400/60000 (11%)]	Loss: 2.211968
Train Epoch: 18 [12800/60000 (21%)]	Loss: 2.224334
Train Epoch: 18 [19200/60000 (32%)]	Loss: 2.237247
Train Epoch: 18 [25600/60000 (43%)]	Loss: 2.216625
Train Epoch: 18 [32000/60000 (53%)]	Loss: 2.231396
Train Epoch: 18 [38400/60000 (64%)]	Loss: 2.255092
Train Epoch: 18 [44800/60000 (75%)]	Loss: 2.232831
Train Epoch: 18 [51200/60000 (85%)]	Loss: 2.247735
Train Epoch: 18 [57600/60000 (96%)]	Loss: 2.228748

Test set: Average loss: 2.2320, Accuracy: 2426/10000 (24%)

Train Epoch: 19 [0/60000 (0%)]	Loss: 2.232491
Train Epoch: 19 [6400/60000 (11%)]	Loss: 2.238976
Train Epoch: 19 [12800/60000 (21%)]	Loss: 2.224690
Train Epoch: 19 [19200/60000 (32%)]	Loss: 2.226623
Train Epoch: 19 [25600/60000 (43%)]	Loss: 2.241698
Train Epoch: 19 [32000/60000 (53%)]	Loss: 2.227970
Train Epoch: 19 [38400/60000 (64%)]	Loss: 2.229016
Train Epoch: 19 [44800/60000 (75%)]	Loss: 2.239305
Train Epoch: 19 [51200/60000 (85%)]	Loss: 2.267330
Train Epoch: 19 [57600/60000 (96%)]	Loss: 2.246405

Test set: Average loss: 2.2390, Accuracy: 2227/10000 (22%)

Train Epoch: 20 [0/60000 (0%)]	Loss: 2.247412
Train Epoch: 20 [6400/60000 (11%)]	Loss: 2.247039
Train Epoch: 20 [12800/60000 (21%)]	Loss: 2.230779
Train Epoch: 20 [19200/60000 (32%)]	Loss: 2.262462
Train Epoch: 20 [25600/60000 (43%)]	Loss: 2.234548
Train Epoch: 20 [32000/60000 (53%)]	Loss: 2.244651
Train Epoch: 20 [38400/60000 (64%)]	Loss: 2.249391
Train Epoch: 20 [44800/60000 (75%)]	Loss: 2.257944
Train Epoch: 20 [51200/60000 (85%)]	Loss: 2.239472
Train Epoch: 20 [57600/60000 (96%)]	Loss: 2.237093

Test set: Average loss: 2.2461, Accuracy: 1401/10000 (14%)

Train Epoch: 21 [0/60000 (0%)]	Loss: 2.231142
Train Epoch: 21 [6400/60000 (11%)]	Loss: 2.237802
Train Epoch: 21 [12800/60000 (21%)]	Loss: 2.251992
Train Epoch: 21 [19200/60000 (32%)]	Loss: 2.239553
Train Epoch: 21 [25600/60000 (43%)]	Loss: 2.244536
Train Epoch: 21 [32000/60000 (53%)]	Loss: 2.244475
Train Epoch: 21 [38400/60000 (64%)]	Loss: 2.271343
Train Epoch: 21 [44800/60000 (75%)]	Loss: 2.260608
Train Epoch: 21 [51200/60000 (85%)]	Loss: 2.258157
Train Epoch: 21 [57600/60000 (96%)]	Loss: 2.249273

Test set: Average loss: 2.2562, Accuracy: 1459/10000 (15%)

Train Epoch: 22 [0/60000 (0%)]	Loss: 2.252104
Train Epoch: 22 [6400/60000 (11%)]	Loss: 2.228933
Train Epoch: 22 [12800/60000 (21%)]	Loss: 2.258120
Train Epoch: 22 [19200/60000 (32%)]	Loss: 2.279116
Train Epoch: 22 [25600/60000 (43%)]	Loss: 2.268861
Train Epoch: 22 [32000/60000 (53%)]	Loss: 2.225298
Train Epoch: 22 [38400/60000 (64%)]	Loss: 2.265244
Train Epoch: 22 [44800/60000 (75%)]	Loss: 2.227331
Train Epoch: 22 [51200/60000 (85%)]	Loss: 2.268670
Train Epoch: 22 [57600/60000 (96%)]	Loss: 2.251798

Test set: Average loss: 2.2539, Accuracy: 1584/10000 (16%)

Train Epoch: 23 [0/60000 (0%)]	Loss: 2.255879
Train Epoch: 23 [6400/60000 (11%)]	Loss: 2.265572
Train Epoch: 23 [12800/60000 (21%)]	Loss: 2.253348
Train Epoch: 23 [19200/60000 (32%)]	Loss: 2.258859
Train Epoch: 23 [25600/60000 (43%)]	Loss: 2.231915
Train Epoch: 23 [32000/60000 (53%)]	Loss: 2.262283
Train Epoch: 23 [38400/60000 (64%)]	Loss: 2.246319
Train Epoch: 23 [44800/60000 (75%)]	Loss: 2.252725
Train Epoch: 23 [51200/60000 (85%)]	Loss: 2.254995
Train Epoch: 23 [57600/60000 (96%)]	Loss: 2.236892

Test set: Average loss: 2.2574, Accuracy: 1625/10000 (16%)

Train Epoch: 24 [0/60000 (0%)]	Loss: 2.283906
Train Epoch: 24 [6400/60000 (11%)]	Loss: 2.247483
Train Epoch: 24 [12800/60000 (21%)]	Loss: 2.240340
Train Epoch: 24 [19200/60000 (32%)]	Loss: 2.274441
Train Epoch: 24 [25600/60000 (43%)]	Loss: 2.279910
Train Epoch: 24 [32000/60000 (53%)]	Loss: 2.248157
Train Epoch: 24 [38400/60000 (64%)]	Loss: 2.261019
Train Epoch: 24 [44800/60000 (75%)]	Loss: 2.265678
Train Epoch: 24 [51200/60000 (85%)]	Loss: 2.273180
Train Epoch: 24 [57600/60000 (96%)]	Loss: 2.262969

Test set: Average loss: 2.2606, Accuracy: 1484/10000 (15%)

Train Epoch: 25 [0/60000 (0%)]	Loss: 2.263094
Train Epoch: 25 [6400/60000 (11%)]	Loss: 2.276506
Train Epoch: 25 [12800/60000 (21%)]	Loss: 2.260087
Train Epoch: 25 [19200/60000 (32%)]	Loss: 2.259490
Train Epoch: 25 [25600/60000 (43%)]	Loss: 2.276893
Train Epoch: 25 [32000/60000 (53%)]	Loss: 2.236189
Train Epoch: 25 [38400/60000 (64%)]	Loss: 2.259069
Train Epoch: 25 [44800/60000 (75%)]	Loss: 2.273754
Train Epoch: 25 [51200/60000 (85%)]	Loss: 2.275664
Train Epoch: 25 [57600/60000 (96%)]	Loss: 2.260014

Test set: Average loss: 2.2609, Accuracy: 1538/10000 (15%)

Train Epoch: 26 [0/60000 (0%)]	Loss: 2.278769
Train Epoch: 26 [6400/60000 (11%)]	Loss: 2.260516
Train Epoch: 26 [12800/60000 (21%)]	Loss: 2.290017
Train Epoch: 26 [19200/60000 (32%)]	Loss: 2.247173
Train Epoch: 26 [25600/60000 (43%)]	Loss: 2.244020
Train Epoch: 26 [32000/60000 (53%)]	Loss: 2.277765
Train Epoch: 26 [38400/60000 (64%)]	Loss: 2.252231
Train Epoch: 26 [44800/60000 (75%)]	Loss: 2.263165
Train Epoch: 26 [51200/60000 (85%)]	Loss: 2.270042
Train Epoch: 26 [57600/60000 (96%)]	Loss: 2.253211

Test set: Average loss: 2.2611, Accuracy: 1606/10000 (16%)

Train Epoch: 27 [0/60000 (0%)]	Loss: 2.272554
Train Epoch: 27 [6400/60000 (11%)]	Loss: 2.239756
Train Epoch: 27 [12800/60000 (21%)]	Loss: 2.246300
Train Epoch: 27 [19200/60000 (32%)]	Loss: 2.245857
Train Epoch: 27 [25600/60000 (43%)]	Loss: 2.253833
Train Epoch: 27 [32000/60000 (53%)]	Loss: 2.273357
Train Epoch: 27 [38400/60000 (64%)]	Loss: 2.282127
Train Epoch: 27 [44800/60000 (75%)]	Loss: 2.284052
Train Epoch: 27 [51200/60000 (85%)]	Loss: 2.271140
Train Epoch: 27 [57600/60000 (96%)]	Loss: 2.263157

Test set: Average loss: 2.2607, Accuracy: 1373/10000 (14%)

Train Epoch: 28 [0/60000 (0%)]	Loss: 2.267495
Train Epoch: 28 [6400/60000 (11%)]	Loss: 2.259641
Train Epoch: 28 [12800/60000 (21%)]	Loss: 2.247520
Train Epoch: 28 [19200/60000 (32%)]	Loss: 2.264072
Train Epoch: 28 [25600/60000 (43%)]	Loss: 2.266496
Train Epoch: 28 [32000/60000 (53%)]	Loss: 2.254125
Train Epoch: 28 [38400/60000 (64%)]	Loss: 2.234800
Train Epoch: 28 [44800/60000 (75%)]	Loss: 2.239039
Train Epoch: 28 [51200/60000 (85%)]	Loss: 2.254510
Train Epoch: 28 [57600/60000 (96%)]	Loss: 2.278224

Test set: Average loss: 2.2597, Accuracy: 1611/10000 (16%)

Train Epoch: 29 [0/60000 (0%)]	Loss: 2.265433
Train Epoch: 29 [6400/60000 (11%)]	Loss: 2.251533
Train Epoch: 29 [12800/60000 (21%)]	Loss: 2.283312
Train Epoch: 29 [19200/60000 (32%)]	Loss: 2.271266
Train Epoch: 29 [25600/60000 (43%)]	Loss: 2.248018
Train Epoch: 29 [32000/60000 (53%)]	Loss: 2.249143
Train Epoch: 29 [38400/60000 (64%)]	Loss: 2.244436
Train Epoch: 29 [44800/60000 (75%)]	Loss: 2.267563
Train Epoch: 29 [51200/60000 (85%)]	Loss: 2.246872
Train Epoch: 29 [57600/60000 (96%)]	Loss: 2.261706

Test set: Average loss: 2.2581, Accuracy: 1553/10000 (16%)

Train Epoch: 30 [0/60000 (0%)]	Loss: 2.280401
Train Epoch: 30 [6400/60000 (11%)]	Loss: 2.266177
Train Epoch: 30 [12800/60000 (21%)]	Loss: 2.254176
Train Epoch: 30 [19200/60000 (32%)]	Loss: 2.262187
Train Epoch: 30 [25600/60000 (43%)]	Loss: 2.253679
Train Epoch: 30 [32000/60000 (53%)]	Loss: 2.246325
Train Epoch: 30 [38400/60000 (64%)]	Loss: 2.258496
Train Epoch: 30 [44800/60000 (75%)]	Loss: 2.265162
Train Epoch: 30 [51200/60000 (85%)]	Loss: 2.253127
Train Epoch: 30 [57600/60000 (96%)]	Loss: 2.267953

Test set: Average loss: 2.2589, Accuracy: 1528/10000 (15%)

Train Epoch: 31 [0/60000 (0%)]	Loss: 2.281713
Train Epoch: 31 [6400/60000 (11%)]	Loss: 2.258170
Train Epoch: 31 [12800/60000 (21%)]	Loss: 2.231992
Train Epoch: 31 [19200/60000 (32%)]	Loss: 2.258741
Train Epoch: 31 [25600/60000 (43%)]	Loss: 2.262508
Train Epoch: 31 [32000/60000 (53%)]	Loss: 2.273651
Train Epoch: 31 [38400/60000 (64%)]	Loss: 2.256634
Train Epoch: 31 [44800/60000 (75%)]	Loss: 2.219140
Train Epoch: 31 [51200/60000 (85%)]	Loss: 2.278113
Train Epoch: 31 [57600/60000 (96%)]	Loss: 2.265090

Test set: Average loss: 2.2646, Accuracy: 1579/10000 (16%)

Train Epoch: 32 [0/60000 (0%)]	Loss: 2.312294
Train Epoch: 32 [6400/60000 (11%)]	Loss: 2.271273
Train Epoch: 32 [12800/60000 (21%)]	Loss: 2.297242
Train Epoch: 32 [19200/60000 (32%)]	Loss: 2.279010
Train Epoch: 32 [25600/60000 (43%)]	Loss: 2.229062
Train Epoch: 32 [32000/60000 (53%)]	Loss: 2.279380
Train Epoch: 32 [38400/60000 (64%)]	Loss: 2.274803
Train Epoch: 32 [44800/60000 (75%)]	Loss: 2.247757
Train Epoch: 32 [51200/60000 (85%)]	Loss: 2.258652
Train Epoch: 32 [57600/60000 (96%)]	Loss: 2.262669

Test set: Average loss: 2.2803, Accuracy: 1301/10000 (13%)

Train Epoch: 33 [0/60000 (0%)]	Loss: 2.288409
Train Epoch: 33 [6400/60000 (11%)]	Loss: 2.302283
Train Epoch: 33 [12800/60000 (21%)]	Loss: 2.286599
Train Epoch: 33 [19200/60000 (32%)]	Loss: 2.319107
Train Epoch: 33 [25600/60000 (43%)]	Loss: 2.280188
Train Epoch: 33 [32000/60000 (53%)]	Loss: 2.271970
Train Epoch: 33 [38400/60000 (64%)]	Loss: 2.300410
Train Epoch: 33 [44800/60000 (75%)]	Loss: 2.283185
Train Epoch: 33 [51200/60000 (85%)]	Loss: 2.317370
Train Epoch: 33 [57600/60000 (96%)]	Loss: 2.245862

Test set: Average loss: 2.2751, Accuracy: 1386/10000 (14%)

Train Epoch: 34 [0/60000 (0%)]	Loss: 2.301074
Train Epoch: 34 [6400/60000 (11%)]	Loss: 2.306159
Train Epoch: 34 [12800/60000 (21%)]	Loss: 2.268729
Train Epoch: 34 [19200/60000 (32%)]	Loss: 2.272326
Train Epoch: 34 [25600/60000 (43%)]	Loss: 2.236998
Train Epoch: 34 [32000/60000 (53%)]	Loss: 2.252658
Train Epoch: 34 [38400/60000 (64%)]	Loss: 2.275773
Train Epoch: 34 [44800/60000 (75%)]	Loss: 2.279837
Train Epoch: 34 [51200/60000 (85%)]	Loss: 2.254379
Train Epoch: 34 [57600/60000 (96%)]	Loss: 2.262676

Test set: Average loss: 2.2730, Accuracy: 1463/10000 (15%)

Train Epoch: 35 [0/60000 (0%)]	Loss: 2.302911
Train Epoch: 35 [6400/60000 (11%)]	Loss: 2.282036
Train Epoch: 35 [12800/60000 (21%)]	Loss: 2.264012
Train Epoch: 35 [19200/60000 (32%)]	Loss: 2.251585
Train Epoch: 35 [25600/60000 (43%)]	Loss: 2.212358
Train Epoch: 35 [32000/60000 (53%)]	Loss: 2.223376
Train Epoch: 35 [38400/60000 (64%)]	Loss: 2.292105
Train Epoch: 35 [44800/60000 (75%)]	Loss: 2.242718
Train Epoch: 35 [51200/60000 (85%)]	Loss: 2.299948
Train Epoch: 35 [57600/60000 (96%)]	Loss: 2.251015

Test set: Average loss: 2.2694, Accuracy: 1539/10000 (15%)

Train Epoch: 36 [0/60000 (0%)]	Loss: 2.265794
Train Epoch: 36 [6400/60000 (11%)]	Loss: 2.274800
Train Epoch: 36 [12800/60000 (21%)]	Loss: 2.291412
Train Epoch: 36 [19200/60000 (32%)]	Loss: 2.266693
Train Epoch: 36 [25600/60000 (43%)]	Loss: 2.222964
Train Epoch: 36 [32000/60000 (53%)]	Loss: 2.299545
Train Epoch: 36 [38400/60000 (64%)]	Loss: 2.273401
Train Epoch: 36 [44800/60000 (75%)]	Loss: 2.245367
Train Epoch: 36 [51200/60000 (85%)]	Loss: 2.291252
Train Epoch: 36 [57600/60000 (96%)]	Loss: 2.265641

Test set: Average loss: 2.2658, Accuracy: 1602/10000 (16%)

Train Epoch: 37 [0/60000 (0%)]	Loss: 2.230314
Train Epoch: 37 [6400/60000 (11%)]	Loss: 2.280189
Train Epoch: 37 [12800/60000 (21%)]	Loss: 2.283378
Train Epoch: 37 [19200/60000 (32%)]	Loss: 2.282587
Train Epoch: 37 [25600/60000 (43%)]	Loss: 2.280376
Train Epoch: 37 [32000/60000 (53%)]	Loss: 2.280703
Train Epoch: 37 [38400/60000 (64%)]	Loss: 2.286657
Train Epoch: 37 [44800/60000 (75%)]	Loss: 2.242039
Train Epoch: 37 [51200/60000 (85%)]	Loss: 2.241902
Train Epoch: 37 [57600/60000 (96%)]	Loss: 2.233754

Test set: Average loss: 2.2612, Accuracy: 1654/10000 (17%)

Train Epoch: 38 [0/60000 (0%)]	Loss: 2.268000
Train Epoch: 38 [6400/60000 (11%)]	Loss: 2.238854
Train Epoch: 38 [12800/60000 (21%)]	Loss: 2.266711
Train Epoch: 38 [19200/60000 (32%)]	Loss: 2.258778
Train Epoch: 38 [25600/60000 (43%)]	Loss: 2.262368
Train Epoch: 38 [32000/60000 (53%)]	Loss: 2.267419
Train Epoch: 38 [38400/60000 (64%)]	Loss: 2.254086
Train Epoch: 38 [44800/60000 (75%)]	Loss: 2.260217
Train Epoch: 38 [51200/60000 (85%)]	Loss: 2.289940
Train Epoch: 38 [57600/60000 (96%)]	Loss: 2.258370

Test set: Average loss: 2.2605, Accuracy: 1674/10000 (17%)

Train Epoch: 39 [0/60000 (0%)]	Loss: 2.272498
Train Epoch: 39 [6400/60000 (11%)]	Loss: 2.229970
Train Epoch: 39 [12800/60000 (21%)]	Loss: 2.245250
Train Epoch: 39 [19200/60000 (32%)]	Loss: 2.235921
Train Epoch: 39 [25600/60000 (43%)]	Loss: 2.260764
Train Epoch: 39 [32000/60000 (53%)]	Loss: 2.218751
Train Epoch: 39 [38400/60000 (64%)]	Loss: 2.252695
Train Epoch: 39 [44800/60000 (75%)]	Loss: 2.281195
Train Epoch: 39 [51200/60000 (85%)]	Loss: 2.265522
Train Epoch: 39 [57600/60000 (96%)]	Loss: 2.257706

Test set: Average loss: 2.2610, Accuracy: 1677/10000 (17%)

Train Epoch: 40 [0/60000 (0%)]	Loss: 2.267160
Train Epoch: 40 [6400/60000 (11%)]	Loss: 2.253407
Train Epoch: 40 [12800/60000 (21%)]	Loss: 2.226041
Train Epoch: 40 [19200/60000 (32%)]	Loss: 2.242465
Train Epoch: 40 [25600/60000 (43%)]	Loss: 2.258890
Train Epoch: 40 [32000/60000 (53%)]	Loss: 2.254734
Train Epoch: 40 [38400/60000 (64%)]	Loss: 2.247083
Train Epoch: 40 [44800/60000 (75%)]	Loss: 2.263796
Train Epoch: 40 [51200/60000 (85%)]	Loss: 2.267168
Train Epoch: 40 [57600/60000 (96%)]	Loss: 2.306070

Test set: Average loss: 2.2576, Accuracy: 1563/10000 (16%)

Train Epoch: 41 [0/60000 (0%)]	Loss: 2.269317
Train Epoch: 41 [6400/60000 (11%)]	Loss: 2.277486
Train Epoch: 41 [12800/60000 (21%)]	Loss: 2.256617
Train Epoch: 41 [19200/60000 (32%)]	Loss: 2.277141
Train Epoch: 41 [25600/60000 (43%)]	Loss: 2.260493
Train Epoch: 41 [32000/60000 (53%)]	Loss: 2.225807
Train Epoch: 41 [38400/60000 (64%)]	Loss: 2.231359
Train Epoch: 41 [44800/60000 (75%)]	Loss: 2.280762
Train Epoch: 41 [51200/60000 (85%)]	Loss: 2.266596
Train Epoch: 41 [57600/60000 (96%)]	Loss: 2.258712

Test set: Average loss: 2.2577, Accuracy: 1632/10000 (16%)

Train Epoch: 42 [0/60000 (0%)]	Loss: 2.239788
Train Epoch: 42 [6400/60000 (11%)]	Loss: 2.239015
Train Epoch: 42 [12800/60000 (21%)]	Loss: 2.276923
Train Epoch: 42 [19200/60000 (32%)]	Loss: 2.275237
Train Epoch: 42 [25600/60000 (43%)]	Loss: 2.262968
Train Epoch: 42 [32000/60000 (53%)]	Loss: 2.237803
Train Epoch: 42 [38400/60000 (64%)]	Loss: 2.252738
Train Epoch: 42 [44800/60000 (75%)]	Loss: 2.264651
Train Epoch: 42 [51200/60000 (85%)]	Loss: 2.244237
Train Epoch: 42 [57600/60000 (96%)]	Loss: 2.262202

Test set: Average loss: 2.2552, Accuracy: 1762/10000 (18%)

Train Epoch: 43 [0/60000 (0%)]	Loss: 2.287263
Train Epoch: 43 [6400/60000 (11%)]	Loss: 2.289107
Train Epoch: 43 [12800/60000 (21%)]	Loss: 2.228676
Train Epoch: 43 [19200/60000 (32%)]	Loss: 2.291775
Train Epoch: 43 [25600/60000 (43%)]	Loss: 2.253749
Train Epoch: 43 [32000/60000 (53%)]	Loss: 2.248231
Train Epoch: 43 [38400/60000 (64%)]	Loss: 2.259489
Train Epoch: 43 [44800/60000 (75%)]	Loss: 2.286416
Train Epoch: 43 [51200/60000 (85%)]	Loss: 2.270014
Train Epoch: 43 [57600/60000 (96%)]	Loss: 2.257535

Test set: Average loss: 2.2507, Accuracy: 1806/10000 (18%)

Train Epoch: 44 [0/60000 (0%)]	Loss: 2.242492
Train Epoch: 44 [6400/60000 (11%)]	Loss: 2.225546
Train Epoch: 44 [12800/60000 (21%)]	Loss: 2.212635
Train Epoch: 44 [19200/60000 (32%)]	Loss: 2.244313
Train Epoch: 44 [25600/60000 (43%)]	Loss: 2.251365
Train Epoch: 44 [32000/60000 (53%)]	Loss: 2.255853
Train Epoch: 44 [38400/60000 (64%)]	Loss: 2.242496
Train Epoch: 44 [44800/60000 (75%)]	Loss: 2.270314
Train Epoch: 44 [51200/60000 (85%)]	Loss: 2.240393
Train Epoch: 44 [57600/60000 (96%)]	Loss: 2.255225

Test set: Average loss: 2.2498, Accuracy: 1800/10000 (18%)

Train Epoch: 45 [0/60000 (0%)]	Loss: 2.284560
Train Epoch: 45 [6400/60000 (11%)]	Loss: 2.269124
Train Epoch: 45 [12800/60000 (21%)]	Loss: 2.255896
Train Epoch: 45 [19200/60000 (32%)]	Loss: 2.271954
Train Epoch: 45 [25600/60000 (43%)]	Loss: 2.234096
Train Epoch: 45 [32000/60000 (53%)]	Loss: 2.214622
Train Epoch: 45 [38400/60000 (64%)]	Loss: 2.270655
Train Epoch: 45 [44800/60000 (75%)]	Loss: 2.237421
Train Epoch: 45 [51200/60000 (85%)]	Loss: 2.240917
Train Epoch: 45 [57600/60000 (96%)]	Loss: 2.231324

Test set: Average loss: 2.2434, Accuracy: 1908/10000 (19%)

Train Epoch: 46 [0/60000 (0%)]	Loss: 2.257206
Train Epoch: 46 [6400/60000 (11%)]	Loss: 2.239630
Train Epoch: 46 [12800/60000 (21%)]	Loss: 2.205579
Train Epoch: 46 [19200/60000 (32%)]	Loss: 2.275616
Train Epoch: 46 [25600/60000 (43%)]	Loss: 2.252393
Train Epoch: 46 [32000/60000 (53%)]	Loss: 2.263535
Train Epoch: 46 [38400/60000 (64%)]	Loss: 2.235890
Train Epoch: 46 [44800/60000 (75%)]	Loss: 2.212873
Train Epoch: 46 [51200/60000 (85%)]	Loss: 2.232110
Train Epoch: 46 [57600/60000 (96%)]	Loss: 2.239279

Test set: Average loss: 2.2379, Accuracy: 2047/10000 (20%)

Train Epoch: 47 [0/60000 (0%)]	Loss: 2.216891
Train Epoch: 47 [6400/60000 (11%)]	Loss: 2.248919
Train Epoch: 47 [12800/60000 (21%)]	Loss: 2.214197
Train Epoch: 47 [19200/60000 (32%)]	Loss: 2.204040
Train Epoch: 47 [25600/60000 (43%)]	Loss: 2.214895
Train Epoch: 47 [32000/60000 (53%)]	Loss: 2.233253
Train Epoch: 47 [38400/60000 (64%)]	Loss: 2.217067
Train Epoch: 47 [44800/60000 (75%)]	Loss: 2.251468
Train Epoch: 47 [51200/60000 (85%)]	Loss: 2.255447
Train Epoch: 47 [57600/60000 (96%)]	Loss: 2.236836

Test set: Average loss: 2.2269, Accuracy: 2293/10000 (23%)

Train Epoch: 48 [0/60000 (0%)]	Loss: 2.233788
Train Epoch: 48 [6400/60000 (11%)]	Loss: 2.209833
Train Epoch: 48 [12800/60000 (21%)]	Loss: 2.240915
Train Epoch: 48 [19200/60000 (32%)]	Loss: 2.226505
Train Epoch: 48 [25600/60000 (43%)]	Loss: 2.234795
Train Epoch: 48 [32000/60000 (53%)]	Loss: 2.247614
Train Epoch: 48 [38400/60000 (64%)]	Loss: 2.253073
Train Epoch: 48 [44800/60000 (75%)]	Loss: 2.260001
Train Epoch: 48 [51200/60000 (85%)]	Loss: 2.229239
Train Epoch: 48 [57600/60000 (96%)]	Loss: 2.226797

Test set: Average loss: 2.2136, Accuracy: 2382/10000 (24%)

Train Epoch: 49 [0/60000 (0%)]	Loss: 2.238234
Train Epoch: 49 [6400/60000 (11%)]	Loss: 2.191921
Train Epoch: 49 [12800/60000 (21%)]	Loss: 2.202807
Train Epoch: 49 [19200/60000 (32%)]	Loss: 2.189006
Train Epoch: 49 [25600/60000 (43%)]	Loss: 2.188730
Train Epoch: 49 [32000/60000 (53%)]	Loss: 2.166830
Train Epoch: 49 [38400/60000 (64%)]	Loss: 2.186430
Train Epoch: 49 [44800/60000 (75%)]	Loss: 2.219728
Train Epoch: 49 [51200/60000 (85%)]	Loss: 2.194225
Train Epoch: 49 [57600/60000 (96%)]	Loss: 2.199924

Test set: Average loss: 2.1875, Accuracy: 2678/10000 (27%)

Train Epoch: 50 [0/60000 (0%)]	Loss: 2.206128
Train Epoch: 50 [6400/60000 (11%)]	Loss: 2.137509
Train Epoch: 50 [12800/60000 (21%)]	Loss: 2.103233
Train Epoch: 50 [19200/60000 (32%)]	Loss: 2.148144
Train Epoch: 50 [25600/60000 (43%)]	Loss: 2.134301
Train Epoch: 50 [32000/60000 (53%)]	Loss: 2.108410
Train Epoch: 50 [38400/60000 (64%)]	Loss: 2.117188
Train Epoch: 50 [44800/60000 (75%)]	Loss: 2.151747
Train Epoch: 50 [51200/60000 (85%)]	Loss: 2.170347
Train Epoch: 50 [57600/60000 (96%)]	Loss: 2.110041

Test set: Average loss: 2.1269, Accuracy: 3164/10000 (32%)

Namespace(batch_size=64, bias=None, data='../data', device=0, epochs=50, hidden_size=500, load_weights=None, log_interval=100, lr=0.1, milestones=[5, 7], model='redfc4', momentum=0.9, no_cuda=False, r=5, save_model=None, save_results=True, scheduler='cosine', seed=1, sparsity=0.95, use_relu=True, wd=0.0005)


Total time spent pruning/training: 11.46 minutes
Total number of parameters in model: 4496420
Number of parameters in pruned model: 224821
